<?xml version="1.0" encoding="UTF-8" ?>
<testsuite failures="2" time="25.163" errors="0" skipped="0" tests="2" name="com.aad.ws.resource.AppResourceTest">
  <properties>
    <property name="java.runtime.name" value="Java(TM) SE Runtime Environment"/>
    <property name="sun.boot.library.path" value="C:\Program Files\Java\jdk1.7.0_11\jre\bin"/>
    <property name="java.vm.version" value="23.6-b04"/>
    <property name="java.vm.vendor" value="Oracle Corporation"/>
    <property name="java.vendor.url" value="http://java.oracle.com/"/>
    <property name="path.separator" value=";"/>
    <property name="guice.disable.misplaced.annotation.check" value="true"/>
    <property name="java.vm.name" value="Java HotSpot(TM) Client VM"/>
    <property name="file.encoding.pkg" value="sun.io"/>
    <property name="user.script" value=""/>
    <property name="user.country" value="US"/>
    <property name="sun.java.launcher" value="SUN_STANDARD"/>
    <property name="sun.os.patch.level" value="Service Pack 1"/>
    <property name="java.vm.specification.name" value="Java Virtual Machine Specification"/>
    <property name="user.dir" value="C:\Users\MConstantinides\git\aad-webservice"/>
    <property name="java.runtime.version" value="1.7.0_11-b21"/>
    <property name="java.awt.graphicsenv" value="sun.awt.Win32GraphicsEnvironment"/>
    <property name="java.endorsed.dirs" value="C:\Program Files\Java\jdk1.7.0_11\jre\lib\endorsed"/>
    <property name="os.arch" value="x86"/>
    <property name="java.io.tmpdir" value="C:\Users\MCONST~1\AppData\Local\Temp\"/>
    <property name="line.separator" value="
"/>
    <property name="java.vm.specification.vendor" value="Oracle Corporation"/>
    <property name="user.variant" value=""/>
    <property name="os.name" value="Windows 7"/>
    <property name="classworlds.conf" value="C:\Users\MConstantinides\apache-maven-3.0.4-bin\apache-maven-3.0.4\bin\..\bin\m2.conf"/>
    <property name="sun.jnu.encoding" value="Cp1252"/>
    <property name="java.library.path" value="C:\Program Files\Java\jdk1.7.0_11\bin;C:\Windows\Sun\Java\bin;C:\Windows\system32;C:\Windows;C:\Program Files\Common Files\Microsoft Shared\Windows Live;C:\Windows\system32;C:\Windows;C:\Windows\System32\Wbem;C:\Windows\System32\WindowsPowerShell\v1.0\;C:\Program Files\Windows Live\Shared;C:\Program Files\Microsoft SQL Server\100\Tools\Binn\;C:\Program Files\Microsoft SQL Server\100\DTS\Binn\;C:\Program Files\Microsoft SQL Server\100\Tools\Binn\VSShell\Common7\IDE\;C:\Program Files\Microsoft Visual Studio 9.0\Common7\IDE\PrivateAssemblies\;C:\Program Files\Java\jdk1.7.0_11\bin;C:\Users\MConstantinides\apache-maven-3.0.4-bin\apache-maven-3.0.4\bin;."/>
    <property name="java.specification.name" value="Java Platform API Specification"/>
    <property name="java.class.version" value="51.0"/>
    <property name="sun.management.compiler" value="HotSpot Client Compiler"/>
    <property name="os.version" value="6.1"/>
    <property name="user.home" value="C:\Users\MConstantinides"/>
    <property name="user.timezone" value="Europe/London"/>
    <property name="java.awt.printerjob" value="sun.awt.windows.WPrinterJob"/>
    <property name="java.specification.version" value="1.7"/>
    <property name="file.encoding" value="Cp1252"/>
    <property name="user.name" value="MConstantinides"/>
    <property name="java.class.path" value="C:\Users\MConstantinides\apache-maven-3.0.4-bin\apache-maven-3.0.4\bin\..\boot\plexus-classworlds-2.4.jar"/>
    <property name="java.vm.specification.version" value="1.7"/>
    <property name="sun.arch.data.model" value="32"/>
    <property name="java.home" value="C:\Program Files\Java\jdk1.7.0_11\jre"/>
    <property name="sun.java.command" value="org.codehaus.plexus.classworlds.launcher.Launcher clean verify"/>
    <property name="java.specification.vendor" value="Oracle Corporation"/>
    <property name="user.language" value="en"/>
    <property name="awt.toolkit" value="sun.awt.windows.WToolkit"/>
    <property name="java.vm.info" value="mixed mode, sharing"/>
    <property name="java.version" value="1.7.0_11"/>
    <property name="java.ext.dirs" value="C:\Program Files\Java\jdk1.7.0_11\jre\lib\ext;C:\Windows\Sun\Java\lib\ext"/>
    <property name="sun.boot.class.path" value="C:\Program Files\Java\jdk1.7.0_11\jre\lib\resources.jar;C:\Program Files\Java\jdk1.7.0_11\jre\lib\rt.jar;C:\Program Files\Java\jdk1.7.0_11\jre\lib\sunrsasign.jar;C:\Program Files\Java\jdk1.7.0_11\jre\lib\jsse.jar;C:\Program Files\Java\jdk1.7.0_11\jre\lib\jce.jar;C:\Program Files\Java\jdk1.7.0_11\jre\lib\charsets.jar;C:\Program Files\Java\jdk1.7.0_11\jre\lib\jfr.jar;C:\Program Files\Java\jdk1.7.0_11\jre\classes"/>
    <property name="java.vendor" value="Oracle Corporation"/>
    <property name="maven.home" value="C:\Users\MConstantinides\apache-maven-3.0.4-bin\apache-maven-3.0.4\bin\.."/>
    <property name="file.separator" value="\"/>
    <property name="java.vendor.url.bug" value="http://bugreport.sun.com/bugreport/"/>
    <property name="sun.cpu.endian" value="little"/>
    <property name="sun.io.unicode.encoding" value="UnicodeLittle"/>
    <property name="sun.desktop" value="windows"/>
    <property name="sun.cpu.isalist" value="pentium_pro+mmx pentium_pro pentium+mmx pentium i486 i386 i86"/>
  </properties>
  <testcase time="8.783" classname="Description" name="testGetApplicationDetails">
    <failure message="Expected status code &lt;200&gt; doesn&apos;t match actual status code &lt;500&gt;." type="java.lang.AssertionError">java.lang.AssertionError: Expected status code &lt;200&gt; doesn&apos;t match actual status code &lt;500&gt;.
	at sun.reflect.NativeConstructorAccessorImpl.newInstance0(Native Method)
	at sun.reflect.NativeConstructorAccessorImpl.newInstance(NativeConstructorAccessorImpl.java:57)
	at sun.reflect.DelegatingConstructorAccessorImpl.newInstance(DelegatingConstructorAccessorImpl.java:45)
	at java.lang.reflect.Constructor.newInstance(Constructor.java:525)
	at org.codehaus.groovy.reflection.CachedConstructor.invoke(CachedConstructor.java:77)
	at org.codehaus.groovy.runtime.callsite.ConstructorSite$ConstructorSiteNoUnwrapNoCoerce.callConstructor(ConstructorSite.java:102)
	at org.codehaus.groovy.runtime.callsite.CallSiteArray.defaultCallConstructor(CallSiteArray.java:54)
	at org.codehaus.groovy.runtime.callsite.AbstractCallSite.callConstructor(AbstractCallSite.java:182)
	at org.codehaus.groovy.runtime.callsite.AbstractCallSite.callConstructor(AbstractCallSite.java:190)
	at com.jayway.restassured.internal.ResponseSpecificationImpl$HamcrestAssertionClosure.validateHeadersAndCookies(ResponseSpecificationImpl.groovy:386)
	at com.jayway.restassured.internal.ResponseSpecificationImpl$HamcrestAssertionClosure.this$2$validateHeadersAndCookies(ResponseSpecificationImpl.groovy)
	at com.jayway.restassured.internal.ResponseSpecificationImpl$HamcrestAssertionClosure$this$2$validateHeadersAndCookies.callCurrent(Unknown Source)
	at org.codehaus.groovy.runtime.callsite.CallSiteArray.defaultCallCurrent(CallSiteArray.java:46)
	at org.codehaus.groovy.runtime.callsite.AbstractCallSite.callCurrent(AbstractCallSite.java:133)
	at org.codehaus.groovy.runtime.callsite.AbstractCallSite.callCurrent(AbstractCallSite.java:141)
	at com.jayway.restassured.internal.ResponseSpecificationImpl$HamcrestAssertionClosure.validate(ResponseSpecificationImpl.groovy:355)
	at com.jayway.restassured.internal.ResponseSpecificationImpl$HamcrestAssertionClosure$validate.call(Unknown Source)
	at org.codehaus.groovy.runtime.callsite.CallSiteArray.defaultCall(CallSiteArray.java:42)
	at org.codehaus.groovy.runtime.callsite.AbstractCallSite.call(AbstractCallSite.java:108)
	at org.codehaus.groovy.runtime.callsite.AbstractCallSite.call(AbstractCallSite.java:116)
	at com.jayway.restassured.internal.RequestSpecificationImpl.invokeFilterChain(RequestSpecificationImpl.groovy:659)
	at com.jayway.restassured.internal.RequestSpecificationImpl$invokeFilterChain.callCurrent(Unknown Source)
	at org.codehaus.groovy.runtime.callsite.CallSiteArray.defaultCallCurrent(CallSiteArray.java:46)
	at org.codehaus.groovy.runtime.callsite.AbstractCallSite.callCurrent(AbstractCallSite.java:133)
	at org.codehaus.groovy.runtime.callsite.AbstractCallSite.callCurrent(AbstractCallSite.java:149)
	at com.jayway.restassured.internal.RequestSpecificationImpl.applyPathParamsAndSendRequest(RequestSpecificationImpl.groovy:1037)
	at com.jayway.restassured.internal.RequestSpecificationImpl.this$2$applyPathParamsAndSendRequest(RequestSpecificationImpl.groovy)
	at com.jayway.restassured.internal.RequestSpecificationImpl$this$2$applyPathParamsAndSendRequest.callCurrent(Unknown Source)
	at org.codehaus.groovy.runtime.callsite.CallSiteArray.defaultCallCurrent(CallSiteArray.java:46)
	at org.codehaus.groovy.runtime.callsite.AbstractCallSite.callCurrent(AbstractCallSite.java:133)
	at org.codehaus.groovy.runtime.callsite.AbstractCallSite.callCurrent(AbstractCallSite.java:149)
	at com.jayway.restassured.internal.RequestSpecificationImpl.get(RequestSpecificationImpl.groovy:123)
	at com.jayway.restassured.specification.RequestSender$get.call(Unknown Source)
	at org.codehaus.groovy.runtime.callsite.CallSiteArray.defaultCall(CallSiteArray.java:42)
	at org.codehaus.groovy.runtime.callsite.AbstractCallSite.call(AbstractCallSite.java:108)
	at org.codehaus.groovy.runtime.callsite.AbstractCallSite.call(AbstractCallSite.java:120)
	at com.jayway.restassured.internal.ResponseSpecificationImpl.get(ResponseSpecificationImpl.groovy:217)
	at com.aad.ws.resource.AppResourceTest.testGetApplicationDetails(AppResourceTest.java:52)
</failure>
    <system-out>2013-02-06 13:51:50,051 AAD-WS DEBUG SingleClientConnManager:212 - Get connection for route HttpRoute[{}-&gt;http://localhost:9999]
2013-02-06 13:51:50,062 AAD-WS DEBUG DefaultClientConnectionOperator:145 - Connecting to localhost:9999
2013-02-06 13:51:50,100 AAD-WS DEBUG RequestAddCookies:132 - CookieSpec selected: best-match
2013-02-06 13:51:50,122 AAD-WS DEBUG RequestAuthCache:75 - Auth cache not set in the context
2013-02-06 13:51:50,123 AAD-WS DEBUG DefaultHttpClient:645 - Attempt 1 to execute request
2013-02-06 13:51:50,124 AAD-WS DEBUG DefaultClientConnection:264 - Sending request: GET /aad-ws/api/application/1 HTTP/1.1
2013-02-06 13:51:50,133 AAD-WS DEBUG wire:63 - &gt;&gt; &quot;GET /aad-ws/api/application/1 HTTP/1.1[\r][\n]&quot;
2013-02-06 13:51:50,136 AAD-WS DEBUG wire:63 - &gt;&gt; &quot;Accept: */*[\r][\n]&quot;
2013-02-06 13:51:50,136 AAD-WS DEBUG wire:63 - &gt;&gt; &quot;Host: localhost:9999[\r][\n]&quot;
2013-02-06 13:51:50,137 AAD-WS DEBUG wire:63 - &gt;&gt; &quot;Connection: Keep-Alive[\r][\n]&quot;
2013-02-06 13:51:50,138 AAD-WS DEBUG wire:63 - &gt;&gt; &quot;Accept-Encoding: gzip,deflate[\r][\n]&quot;
2013-02-06 13:51:50,139 AAD-WS DEBUG wire:63 - &gt;&gt; &quot;[\r][\n]&quot;
2013-02-06 13:51:50,139 AAD-WS DEBUG headers:268 - &gt;&gt; GET /aad-ws/api/application/1 HTTP/1.1
2013-02-06 13:51:50,140 AAD-WS DEBUG headers:271 - &gt;&gt; Accept: */*
2013-02-06 13:51:50,140 AAD-WS DEBUG headers:271 - &gt;&gt; Host: localhost:9999
2013-02-06 13:51:50,141 AAD-WS DEBUG headers:271 - &gt;&gt; Connection: Keep-Alive
2013-02-06 13:51:50,144 AAD-WS DEBUG headers:271 - &gt;&gt; Accept-Encoding: gzip,deflate
2013-02-06 13:51:55,940 AAD-WS DEBUG wire:63 - &lt;&lt; &quot;HTTP/1.1 500 Internal Server Error[\r][\n]&quot;
2013-02-06 13:51:55,967 AAD-WS DEBUG wire:63 - &lt;&lt; &quot;Server: Apache-Coyote/1.1[\r][\n]&quot;
2013-02-06 13:51:55,968 AAD-WS DEBUG wire:63 - &lt;&lt; &quot;Content-Type: text/html;charset=utf-8[\r][\n]&quot;
2013-02-06 13:51:55,969 AAD-WS DEBUG wire:63 - &lt;&lt; &quot;Transfer-Encoding: chunked[\r][\n]&quot;
2013-02-06 13:51:55,969 AAD-WS DEBUG wire:63 - &lt;&lt; &quot;Date: Wed, 06 Feb 2013 13:51:55 GMT[\r][\n]&quot;
2013-02-06 13:51:55,970 AAD-WS DEBUG wire:63 - &lt;&lt; &quot;Connection: close[\r][\n]&quot;
2013-02-06 13:51:55,970 AAD-WS DEBUG wire:63 - &lt;&lt; &quot;[\r][\n]&quot;
2013-02-06 13:51:55,972 AAD-WS DEBUG DefaultClientConnection:249 - Receiving response: HTTP/1.1 500 Internal Server Error
2013-02-06 13:51:55,973 AAD-WS DEBUG headers:252 - &lt;&lt; HTTP/1.1 500 Internal Server Error
2013-02-06 13:51:55,973 AAD-WS DEBUG headers:255 - &lt;&lt; Server: Apache-Coyote/1.1
2013-02-06 13:51:55,974 AAD-WS DEBUG headers:255 - &lt;&lt; Content-Type: text/html;charset=utf-8
2013-02-06 13:51:55,974 AAD-WS DEBUG headers:255 - &lt;&lt; Transfer-Encoding: chunked
2013-02-06 13:51:55,975 AAD-WS DEBUG headers:255 - &lt;&lt; Date: Wed, 06 Feb 2013 13:51:55 GMT
2013-02-06 13:51:55,975 AAD-WS DEBUG headers:255 - &lt;&lt; Connection: close
2013-02-06 13:51:56,057 AAD-WS DEBUG RequestSpecificationImpl$RestAssuredHttpBuilder:472 - Parsing response as: text/html;charset=utf-8
2013-02-06 13:51:56,058 AAD-WS DEBUG RequestSpecificationImpl$RestAssuredHttpBuilder:475 - Parsed data to instance of: class org.apache.http.conn.EofSensorInputStream
</system-out>
  </testcase>
  <testcase time="16.38" classname="Description" name="testStoreApp">
    <failure message="Expected status code &lt;201&gt; doesn&apos;t match actual status code &lt;400&gt;." type="java.lang.AssertionError">java.lang.AssertionError: Expected status code &lt;201&gt; doesn&apos;t match actual status code &lt;400&gt;.
	at sun.reflect.NativeConstructorAccessorImpl.newInstance0(Native Method)
	at sun.reflect.NativeConstructorAccessorImpl.newInstance(NativeConstructorAccessorImpl.java:57)
	at sun.reflect.DelegatingConstructorAccessorImpl.newInstance(DelegatingConstructorAccessorImpl.java:45)
	at java.lang.reflect.Constructor.newInstance(Constructor.java:525)
	at org.codehaus.groovy.reflection.CachedConstructor.invoke(CachedConstructor.java:77)
	at org.codehaus.groovy.runtime.callsite.ConstructorSite$ConstructorSiteNoUnwrapNoCoerce.callConstructor(ConstructorSite.java:102)
	at org.codehaus.groovy.runtime.callsite.AbstractCallSite.callConstructor(AbstractCallSite.java:190)
	at com.jayway.restassured.internal.ResponseSpecificationImpl$HamcrestAssertionClosure.validateHeadersAndCookies(ResponseSpecificationImpl.groovy:386)
	at com.jayway.restassured.internal.ResponseSpecificationImpl$HamcrestAssertionClosure.this$2$validateHeadersAndCookies(ResponseSpecificationImpl.groovy)
	at com.jayway.restassured.internal.ResponseSpecificationImpl$HamcrestAssertionClosure$this$2$validateHeadersAndCookies.callCurrent(Unknown Source)
	at com.jayway.restassured.internal.ResponseSpecificationImpl$HamcrestAssertionClosure.validate(ResponseSpecificationImpl.groovy:355)
	at com.jayway.restassured.internal.ResponseSpecificationImpl$HamcrestAssertionClosure$validate.call(Unknown Source)
	at com.jayway.restassured.internal.RequestSpecificationImpl.invokeFilterChain(RequestSpecificationImpl.groovy:659)
	at com.jayway.restassured.internal.RequestSpecificationImpl$invokeFilterChain.callCurrent(Unknown Source)
	at com.jayway.restassured.internal.RequestSpecificationImpl.applyPathParamsAndSendRequest(RequestSpecificationImpl.groovy:1037)
	at com.jayway.restassured.internal.RequestSpecificationImpl.this$2$applyPathParamsAndSendRequest(RequestSpecificationImpl.groovy)
	at com.jayway.restassured.internal.RequestSpecificationImpl$this$2$applyPathParamsAndSendRequest.callCurrent(Unknown Source)
	at org.codehaus.groovy.runtime.callsite.CallSiteArray.defaultCallCurrent(CallSiteArray.java:46)
	at org.codehaus.groovy.runtime.callsite.AbstractCallSite.callCurrent(AbstractCallSite.java:133)
	at org.codehaus.groovy.runtime.callsite.AbstractCallSite.callCurrent(AbstractCallSite.java:149)
	at com.jayway.restassured.internal.RequestSpecificationImpl.post(RequestSpecificationImpl.groovy:127)
	at com.jayway.restassured.specification.RequestSender$post.call(Unknown Source)
	at org.codehaus.groovy.runtime.callsite.CallSiteArray.defaultCall(CallSiteArray.java:42)
	at org.codehaus.groovy.runtime.callsite.AbstractCallSite.call(AbstractCallSite.java:108)
	at org.codehaus.groovy.runtime.callsite.AbstractCallSite.call(AbstractCallSite.java:120)
	at com.jayway.restassured.internal.ResponseSpecificationImpl.post(ResponseSpecificationImpl.groovy:221)
	at com.aad.ws.resource.AppResourceTest.testStoreApp(AppResourceTest.java:38)
</failure>
    <system-out>*********************** Integration test ***********************
2013-02-06 13:51:56,327 AAD-WS DEBUG SingleClientConnManager:212 - Get connection for route HttpRoute[{}-&gt;http://localhost:9999]
2013-02-06 13:51:56,328 AAD-WS DEBUG DefaultClientConnectionOperator:145 - Connecting to localhost:9999
2013-02-06 13:51:56,331 AAD-WS DEBUG RequestAddCookies:132 - CookieSpec selected: best-match
2013-02-06 13:51:56,331 AAD-WS DEBUG RequestAuthCache:75 - Auth cache not set in the context
2013-02-06 13:51:56,332 AAD-WS DEBUG DefaultHttpClient:645 - Attempt 1 to execute request
2013-02-06 13:51:56,333 AAD-WS DEBUG DefaultClientConnection:264 - Sending request: POST /aad-ws/api/application/upload HTTP/1.1
2013-02-06 13:51:56,333 AAD-WS DEBUG wire:63 - &gt;&gt; &quot;POST /aad-ws/api/application/upload HTTP/1.1[\r][\n]&quot;
2013-02-06 13:51:56,334 AAD-WS DEBUG wire:63 - &gt;&gt; &quot;Accept: */*[\r][\n]&quot;
2013-02-06 13:51:56,334 AAD-WS DEBUG wire:63 - &gt;&gt; &quot;Content-Length: 590103[\r][\n]&quot;
2013-02-06 13:51:56,335 AAD-WS DEBUG wire:63 - &gt;&gt; &quot;Content-Type: multipart/form-data; boundary=5nCOd6JbypWHwDrDLJZTTdBHmeQGyktZtFakuz[\r][\n]&quot;
2013-02-06 13:51:56,335 AAD-WS DEBUG wire:63 - &gt;&gt; &quot;Host: localhost:9999[\r][\n]&quot;
2013-02-06 13:51:56,336 AAD-WS DEBUG wire:63 - &gt;&gt; &quot;Connection: Keep-Alive[\r][\n]&quot;
2013-02-06 13:51:56,336 AAD-WS DEBUG wire:63 - &gt;&gt; &quot;Accept-Encoding: gzip,deflate[\r][\n]&quot;
2013-02-06 13:51:56,337 AAD-WS DEBUG wire:63 - &gt;&gt; &quot;[\r][\n]&quot;
2013-02-06 13:51:56,337 AAD-WS DEBUG headers:268 - &gt;&gt; POST /aad-ws/api/application/upload HTTP/1.1
2013-02-06 13:51:56,338 AAD-WS DEBUG headers:271 - &gt;&gt; Accept: */*
2013-02-06 13:51:56,338 AAD-WS DEBUG headers:271 - &gt;&gt; Content-Length: 590103
2013-02-06 13:51:56,339 AAD-WS DEBUG headers:271 - &gt;&gt; Content-Type: multipart/form-data; boundary=5nCOd6JbypWHwDrDLJZTTdBHmeQGyktZtFakuz
2013-02-06 13:51:56,339 AAD-WS DEBUG headers:271 - &gt;&gt; Host: localhost:9999
2013-02-06 13:51:56,339 AAD-WS DEBUG headers:271 - &gt;&gt; Connection: Keep-Alive
2013-02-06 13:51:56,340 AAD-WS DEBUG headers:271 - &gt;&gt; Accept-Encoding: gzip,deflate
2013-02-06 13:51:56,341 AAD-WS DEBUG wire:77 - &gt;&gt; &quot;--&quot;
2013-02-06 13:51:56,342 AAD-WS DEBUG wire:77 - &gt;&gt; &quot;5nCOd6JbypWHwDrDLJZTTdBHmeQGyktZtFakuz&quot;
2013-02-06 13:51:56,342 AAD-WS DEBUG wire:63 - &gt;&gt; &quot;[\r][\n]&quot;
2013-02-06 13:51:56,342 AAD-WS DEBUG wire:77 - &gt;&gt; &quot;Content-Disposition&quot;
2013-02-06 13:51:56,343 AAD-WS DEBUG wire:77 - &gt;&gt; &quot;: &quot;
2013-02-06 13:51:56,344 AAD-WS DEBUG wire:77 - &gt;&gt; &quot;form-data; name=&quot;file&quot;; filename=&quot;jhall.jar&quot;&quot;
2013-02-06 13:51:56,344 AAD-WS DEBUG wire:63 - &gt;&gt; &quot;[\r][\n]&quot;
2013-02-06 13:51:56,345 AAD-WS DEBUG wire:77 - &gt;&gt; &quot;Content-Type&quot;
2013-02-06 13:51:56,346 AAD-WS DEBUG wire:77 - &gt;&gt; &quot;: &quot;
2013-02-06 13:51:56,346 AAD-WS DEBUG wire:77 - &gt;&gt; &quot;application/octet-stream&quot;
2013-02-06 13:51:56,346 AAD-WS DEBUG wire:63 - &gt;&gt; &quot;[\r][\n]&quot;
2013-02-06 13:51:56,347 AAD-WS DEBUG wire:63 - &gt;&gt; &quot;[\r][\n]&quot;
2013-02-06 13:51:56,367 AAD-WS DEBUG wire:63 - &gt;&gt; &quot;PK[0x3][0x4][0x14][0x0][0x8][0x0][0x8][0x0]0}D5[0x0][0x0][0x0][0x0][0x0][0x0][0x0][0x0][0x0][0x0][0x0][0x0][0x14][0x0][0x0][0x0]META-INF/MANIFEST.MF[0xbd]}I[0x93][0xa3]h[0xd2][0xe6][0xbd][0xcd][0xfa]?[0xd4]![0xf]3[0xc6]t[0x81][0x90][0x90]D[0x9b][0xcd][0x81]}[0x11][0x8][0xb1]K\[0xda][0x10][0xfb][0x8e][0xd8][0xe1][0xd7][0x8f][0x14][0x91][0x99][0x95][0x99][0x1][\n]&quot;
2013-02-06 13:51:56,369 AAD-WS DEBUG wire:63 - &gt;&gt; &quot;Uu}s[0xa8][0xc][0xa1][0x88]z[0xe1]][0xdc][0xfd]q[0xf7][0xc7][0x1d][0xd1][0xce]#[0xdf][0xab][0x9b][0x19]^UGE[0xfe][0xef][0xdf]V[0xbf]C[0xff][0xfc][0x7]54^[0xfe][0xb8][0xfe][0xd7][0xd1][0xce][0xbc][0xff][0x16][0xdb][0x9d]=[0xfc][0x1e]zi[0xf9][0xcf][0xa8][0xa5][0xe7]D~[0xe4][0xd8][0xcd][0xe3][0xf7][0x86][0x97][0xbb]E[0xf5][0xef][0xdf][0xd4]6[0xff]M[0x8c][0x9c][0xaa][0xa8][0xc7][0xba][0xf1][0xb2][0xfa][0xff][0xfc][0xc6][0xe5][0xce]o[0xff][0xfc][0x7][0x97][0x95][0xa9][0x97]yy[0xf3][0xe3][0x9f][0xff][0x8b]s[0xff][0xfd][0x9b]Sd[0xbf][0xd7][0xf7][0xff][0xeb][0x9f][0xff] *[0xcf]n&lt;[0xf7]_[0xf8][0xf8][0xb8][0xfd][0xe6]w[0xe8][0xb7][0xff][0xf5][0xeb]p[0x8f][0xd1]~[0xff][0xdf][0xb][0xc3]-[0xdf][0xfd][0xd7]g[0xfd]:G[0xf8]~[0x8b][0x99][0xb1][0xfe][0xf8][0xed][0xa0][0xf5]?[0xff][0xf1][0xcf][0xfc]0y[0xf0]1y[0x10][0xb7][0x9d][0x4]s[0x1e][0xfe]E[0x8b]2O[0x88][0xee]w[0xcb][0xbd][0xea]w&apos;[0xb5][0xeb][0xfa]~;[0x16][[0xfd][0x8b][0x8c][0x82][0xfb][0x82][0xfe][0xfb]7[0xd6]f[0xdb][0xee][0xa0][0xaa]zr\m[0xf3][0xaa][0xe6][0xe3]$[0x9][0xcf]V[0x4]r[0xc9][0xff][0x9d][0x1d][0xbc]Lm[0x1f][0xc][0x9a][0x4][0x8c]2[0xfb]&gt;[0x4][0xa8]zv[0xe5][0x84][0xa2][0xe7][0xfe][0x1e]D[0xfe]/[0x83]o*[0x93]cl([0xdf];[0x7]n&apos; [0x97][0x88][0xbf]uG[0x9e]&lt;[0xad][0xb1][0xfa][0x87][0xc1][0xef]K[0xc][0xde][0x97][0x18]|[0xdc][0xe4][0xfd][0x1e][0xf5][0xdb][0x98][0xe0][0xb1][0xc8]s/[0xb8][0xcf][0xbb][0xf3][0xb8][0xbc][0xf1][0x2][0xaf]b[0x1e][0xf3][0xb0][0x9b]b~.[0xbb]h[0xc7][0xaa]y[0x8][0x9f]IK[0xe0][0xa3][0xc3][0xae][0x12][0x3][0x96][0x3]`[0xfa]x[0x85]^[0xb9][0xdd][0xfb]L[0xa8][0xbc][0x8b][0xaa]&quot;[0xac][0xf8][0xec]M[0xf4][0xcc], [0xe][0xdf]W[0xf5][0x1][0x96][0xf9]x[0x8d]3[0xde]M/#[0x91].[0x83][0x97][0xe6][0xe4][\r][\r]Y8[0xdf]&apos;[0xc2]zv9{[0x1f][0xc7]9[0x1b]&amp;)[0x9f][0xb7]PG^o#2[0xe][0x87][0xa9][0xcc][0xad][0x89][0xec][0x9f][0xdf]&apos;[0xba][0x9f][0x17][0xf0]dW[0xb5]WQ[0xdd][0xd2]$[0x1a][0x1a][0x14][0x90]x[0xcd][[0xae]{[0xb2][0x86][0x83][0xc1][0x88][0xc5]-\]R[0xbd][0xd9][0xbc]2[0x9]!j&lt;[0xb1][0xa8][0xca][0xf0]?^&gt;;&gt;[0xbf][0xf7]d[0x9][0x1a][0xc2][0xe3][0xde][0x91][0x1a][0x90][0x82]o[0xb9]n[0x85]XXe[0xd2][0xfe][0xc9][0xa9]b[0xef][0x9f][0x8e]v[0x17][0x5][0x8f][0x85][0xd1][0xb9][0xd9][0x91]e[0x11]S[0x1d][0x90][0xbc][0xc0][0xee]qu[0xb1]k[0xf2][0xe0][0x9d]N0f;[0xb6][0xf5][0xfc]H[0xbd]-[0x8b][0x11]y=[0xd6][0xdb][0x95]G[0x14]YY[0xe4]K[0xab]c[0x9d]2;[0xf][0xc0][0x1a][0xc9][0xf1][0x2][0xdf][0xd8][0xdd]x[0x8c]%,[0xf1]v[0xd4]A[0x9f]z[0xda][0xee][0x8a][0xea][0xbe]&amp;[0xf5][0xb1]p[0xbd][0xd9]!MVm[0xaf][0xa2][0xe6][0xc][0xcd][0xae]?!v[0xa7]n[0xb7][0xea])l[0x9d] *[0x9e],[0xc8][0xd5][0xae]#[0xe7][0x9b][0xa0][0x9d][0xaa][0xe8][0xfe][0xbc][0x1f][0x85][0xcc]lCFhcCN[0x4][0xd3][0x87]q.[0xce]O[0x18][0x98][gx[0x85][0xcd][0xf][0xcd]?[0xd6][0x99][0xcb]]o[0xf8][0xbe][0xd8][0xb3][0xcf]\[0xd2]C[0x98][0x7][0x9]Hq&apos;[0x1][0x99][0xf8][0xa3][0xdb][0xdb][0xbb][0xb3]z+[0xda]T[0xbe][0xf][0xcc][0xdf][0x7][0xfc][0x17][0xee][0xd9]wU[0xa4]U[0xad][0xf7][0xc2][0xa9][0xb9][0x1f][0xfb][0xf6]!V[0xf]}T[0xcf][0xde][0xf1][0xb0][0xc3]+[0xea]D[0xa7][0xdb][\n]&quot;
2013-02-06 13:51:56,370 AAD-WS DEBUG wire:63 - &gt;&gt; &quot;GEK[0xee].[0xfe][0x5]P.[0xc7][0xb2][0xe8][0x16][0x16][0xfe][0x87]U[0xc2][0x1f][0xff]2iQ[0xd7]v5~v[0x8a][0x6][0x9][0xa0][0xfb][0x12][0x94]{[0xca]G[0xd7]5[0x98]C1[0x83][0x17]t[0xdd][0x8][0xdb][0x97]4[0x5][0xde]T[0x9e]GFN[0xf3]8G[0xb6][0xb3][0xb4][0x80][0xa3]fT #[0xfb]x[0xbc]-[0xdb]RZ[0x93][0x99][0xc5]Y )[0x9][0xd8]f~:[0xde]C`[0xdf][0xc4]@[0xf5][0x9a]e[0xe9]5[0xc5][0x13]u[0x14]k[0x0]`wb[0x89][0xea][0x1b][0x80][0x3]-0o[0xd9]5xy[0xf5]0I9w[0xb7]@D[[0xd5][0xf7]g[0xff]x[0xa6][0xc4]q[0xd7][\r]i[0xcf][0xf2]Mt[0x4]Z[0xef][0x86][0x9b][0x97][0xd3][0xc6][0x9a][0xba][0x10][0x95]?[0x97]2[0xa2][0xad][0x9b]&quot;;D[0xcd][0x97][0xf7]O[0xdf][0xf6]}v.[0xb7][0xba] F\Ew[0xd5]&gt;9[0xc5][0xb4]S[0x99][0x3][0x90][0xcb]&apos;[0xc6][0x1d][0x83][0xf9][0xb9]4[0xf7][0xe7][0x1f][0x9a][0xaf][0xca]Z[0x93][0x88][0xc7]&lt;4;[0x98][0x1d]\[0xcd]*[0xdb][0xe8][0x11][0xa7][0x15]F9[0xe2]Z[0x8b][0x1b][0xb6][0x8]D\[0xd2][0xb5][0xf4]\[0xcd][0xbd]M[0xe3]&gt;[0xe8][0xa9]*J[0xaf]j&quot;[0xaf][0xfe]Bee3R[0xf9]}&quot;[0xcb][0xf6]G[0xb8][0xd9][0xb5]p[0x15]h[0xad][0x10][0xcf][0x80][0x87][0xae]&lt;[0xd5][0x8a][0x93]s[0x83][0x95][0xae][0xfe][0xca][0xa9]&quot;=[0xdf]n[0xd3][0xe6][0x9b][0x19][\n]&quot;
2013-02-06 13:51:56,372 AAD-WS DEBUG wire:63 - &gt;&gt; &quot;[0xa2]|^[0x97][0xec][0xae][0x8a][0xe4][0xb4][0x89]sl[0xa1][0xe0]&lt;[0xa8]=[0xbb]W[0x2]d[0xc3][0xaf][0xe0]R|v[0xac][0xb4][0xfb][0xb2]=[0x8e][0x96]x[0xd7]Q[0xe9][0xf2][0xe1]r[0xb8][0xc4]%[0xc1]M%[0x88][0xbd][0xc][0x9e][0xc9]=[0xe8][0xd8]X[0xb0]6[0xdb][0xa6]w^[0x99][0xc4]WC[0x8d]U[0x95]=[0xce][0x8e][0x1f]^v[0x93][\n]&quot;
2013-02-06 13:51:56,372 AAD-WS DEBUG wire:63 - &gt;&gt; &quot;[0xb6][0xfb]5[0xd0]a[0xf9][0x84][0x90]V[0xc][0xd8][0x82][0xcc]rt)[0xbf] [0x14]O[0xb1][0x8c][0xa6]&quot;[0x80].[0xed]n[0xec][0x9e]v[0xac][0xb4][0x19][0x8e]P[0xb6]:[0xcb][0x85]S[0xe5][0xb][0xf2][0xf6][0xf5][0xf8][0xcc][0xe]V[0x85][0x0][0xe1][0xa7][0xf1][0xf5]d[0xc8][0xfc]uK[0xe8][0xe]+[0xba][0xc3]*[0xe0][0xaa][0xdd][0xc2][0xc1][0xfc][0x15][0x18])^Z[0xd8][0xee][0xef]e[0x1e][0xfc][0xaa]W[0xfb][0xc6][0x14][0xd4]\g[0xd8]j[0xda][0xf8]&quot;[0x8b]{[0xb4][0xba][0x92][0x84][0x89][0xf8][0xc9][0x84][0xcd][0xae][0x0]{[0x9f]~Q[0x8d][0x9f]l!}[0xc2] [0xb1]S[0xe2][0x1b][0xe0]Q[0xe0]h[0xe9]-hn[0xed][0xbe][0xd2][0xe0]k[0xff][0xe7][0xa5][0x97]~[0xd3]o[0xf3]{[0x19][0x1][0x0]&quot;[0x89][0xdb][0xd5]U[0xb4][0xa9][0xeb][0xca]e[0xb1]&amp;k[0xa8][0xfc]&lt;^[0xaf][0xb]3[0xf9]*[0xbc][0xdf][0xd5]s[0xad]Q[0xf3][\n]&quot;
2013-02-06 13:51:56,372 AAD-WS DEBUG wire:63 - &gt;&gt; &quot;[0x1a][0xbb]R[0xb8]g[0xa9][0xdb][0xe8]L[0xdb]+:[0xdc]S [0x8f]4{4[0x17][0xc1][0x17][0xd0][0xcf][0x9b][0x81]{3[0x97][0xac][0x9d][0xbb][0xa9]W}[0xe1][0xd9][0xb7]K[0xfb][0x9a][0xce][0x8b][0x14][[0xf2][0xb0][0xc5][\n]&quot;
2013-02-06 13:51:56,373 AAD-WS DEBUG wire:63 - &gt;&gt; &quot;[0x81][0xcf][0xdb][0xa1]t,[0xc9][0xbe][0xc4][0x83]+S[0x12][0xfb][0xfa][0xf9][0x8a]}=[0xf4]D[0x91];^[0xd9][0x8][0xc5];[0x84][0x9f][0xbd][0xc5]z[0xb4]2a[0x8][0x84][0x9d]~[0xd6]h[0xf3][0xc][0x80]L[0x12][0xc4][0x84][0x7]O[0xc9]_S[0xda][0xe5]w[0xdd][0xf4][0xcb][0x8d][0xb2]F[0xc4][0x3][0x6]L6[0x7][0x97]UJ[0xb1]sU[0xc2][0xc9][0x86][0xe1][0x10][0xa1][0xd8]+s[0x91][[0xaf][0x1a][0x9f]h[0x1f][0xa9][0x8e]/C[0xc5]`[0xe4][0xc1]^[0xc7][0x17][0x80][0xb2]`[0xce][0x8c]c^V[0xd4][0x17]vf[0xc9]4|[0xbd]T&lt;[0xdb]}[0x97][0xed][0xfe][0xe3][0xb7][0x8f][0xd0][0xf]qKi&lt;[0xa2][0xb8][0xb5][0x1a]o{[0x1][0xc6][0xf]4e[0x80][0x98][0x8a][0x19][0xce][0xab]+[0xf8][0xf0][0x8c]f[0xcc][0x9d]\cX?[0x8]RwS[0xfa][0xbe][0x95][0xf6][0x6][0xbe]9`[0[0x1e][0xd6][0x9f][0xa3][0xb3]7[0xdc][0xf1]3[0x9a][0xd2][0xb9]/[0xf7][0xcf]j[0x1f][0xe5][0x81]YT[0xc9][0x82][0xb6]Ji[0xc4][0xdc][0x86]{[0x82][0xbf][0x8][0xb4][0xc0]IdE[0xc0][0xa8]Q[0xe4][0x82]&apos;[0xbd]d-[0xd4];[0x6][0xb1]3[0xd2][0xbb][0xff]AYyu[0xbd]`[0x93][0xb8][0xce]R[0xc6]1?[0x92][0xe9][0xb6][0xed][0xb7][0xed][0xc8][0xf8]\[0xea][0x1d]D[0xc8][0x97][0x17] [0xd5]}[0xac][0xa2][0xad][0x9c][0xfb]b[0xdd]Ou[0xdd][0xd8]yS[0xff]g[\n]&quot;
2013-02-06 13:51:56,373 AAD-WS DEBUG wire:63 - &gt;&gt; &quot;[0xe7][0xc5]_[0xa5]c[0xe7]L[0xed]p[0x95][0xba]b[0xd3][0xe1][0xba][0x15]u[0x8d][0xa1][0xa4][0xdd][0x98]]^[0x99][0x1][0x1b]5[0xea]}[0xb5][0xbc]E[0xd0],[0xc6]%[0x92]g[0xc5][0xfe],qp[0x9e][0xec][0xcf][0x97]3[0xea]y[0x80]y[0xb4][0xc2][0x85][\r][0xff][0x9][0x14]|Y[0xcd][0xe]j[0xd0]%[0x1c][0x86]g[0xe]R[0xe5]Q[0xbc][0x9c][0xcf][0xee]H[0x83]m&apos;3[0x82][0xb8][0xb0][0xd7]_[0xcd][0xf2][0xaf][0xea]wv[0xf0]b[0xbc][0xa6][0x85],[0xef]Kh[0x14]-[0xd1]X[0x9f]r[0xa3][0x95]4[0x8e][0xec][0x8d][0x17]p[0xd3]G[0xb5]u[0xba][0x1f][0xda][0xbb][0xd1]kK-[0xbc]o[0xb6];{KRRw[0xe7][0x15]s[0xcb][0x15][0x11][0x5][0xc5]k[0x3]_[0xb3][0xb8][\n]&quot;
2013-02-06 13:51:56,374 AAD-WS DEBUG wire:63 - &gt;&gt; &quot;[0xa7][0x96][0x81]^[0xb4]S[0xdf][0x1d]x[0xa1][0xe8]gd[0xa3][0x1a][0x8e])%[0xe0][0xfa].[0xb]([\r][0xea][0xae][0x95]{[0xf6]][0xc3][0xe6]c[0x1a][0x9a][0x1f]_[0xf4][0xaa]`~?[0xb7][0xf2]N[0xb].[0xc4]9[0x92]%}[0xdc][0xdc]&amp;[0x14]L%[0xf][0x83]7[0x93][0xf2][0x92]f&quot;[0x9e][0x9f][0xf4]}[0x0][0xb4]M@6F[0x8d][0xa2][0xeb]|[0x9f]_[0xec][0xa2][0x14][0xcc][0xca]5[0xcd][0x5]c[0xf4]Q=[0xfc][0xe0]&gt;[0xcc][0xac][0x4]91[0xad]6[0xe1][0x5][0x1c][0x5]0[0xec][0xc7][0x4][0x91]:!g[0x9e],[0xbc]x)[0x9a][0xc1]j[0xa2][0xf0][0xa6]&apos;[0xbc][0xea][0xa1][0x0][0x1f][0x97][0xef]n:a[0xa7][0xe9][0xf5][0xae][0x98][0xbe][0x88]^ccw[0xcd][0xe7],[0x1a][0x11][0xdc][0xb4]&amp;[0xbe][0xaf][0x5][0xbc]Q[0x90]}[0xdf][0x6]`[0x86][0xf7][0xd6]~[0xc8] [0xef]%[0x9d]A[0xb7]i[0xfa][0xdd]wY[0x90][0x8f][0xde][0x9a]t&lt;[0x95][0x8c][0x1a]X[0x87][0x1c]_[0x10]([0x14]f[0x85]K^W[0xe7][0x5][0x85][0xf1]vb[0xdf]N)[0xb6][0xfc][0xe0]|[0x99]L&apos;[0xde][0x84][0x8b][0x1d]C[0xb9][0x8a][0xee][0x15][0xc6][0x8a])B[0xdb]![0xc6][0xfd]+[0xf][0xfe]y[0xb8]d[0xdc]&amp;[0xf5][0x1]M[0xc1]V[0xa2]v[0x3]1[0xaa][0xc4][0xd4][0x8][0xb7][0xb1]+[\r][0xea]e[0xf3]J[0xe6][0xe4]g[0xb6][0xb5]`[0x9c][0x8b]=FZ[0x84]]&quot;[0xde][0xca][0x12]a[0xb5][0x8d][0xaf][0x1][0xc6][0xe7][0xdb][0x97][0xc0][0xf1][0xa7]G`[0xde]Y%O[0xfa]6[0xad]}`R[0x19]l[0x8d][0x9d]&apos;[0xd7][0xd8]@2[0x95][0xdc][0xfb][0x17][0x94][0xca][0xea]?[0xf0][0xec]][0xba][0xf2]*[0x91][0x12][0x8e][0xba]4)[0x7][0x1a]8Q[0x5][0xbe]j[0xbc][0xa1][0xd4][0xb9]g![0x9b][0x1f]l[0xe0][0x1f]A[0x90][0x1f][0xec][0xa0][0xe2]eE[0xe7][0xfd]q0[0xe6][0xec][0xfa][0xc6][0xa0][0xd0][0xa4]!&quot;}-[0x93][0xe6][0xee]$[0x19]n[0x9a][0xeb][0x96][0x90]:[0xc9]B[0x8]r[0xce]D[0xc5][0xf6][0xec][0xac]j[0x8f]M[0x1][0xf9]b[0x83][0x0][0xe6][0xc]!+%7[0x94][0xc1]B[0x88][0xc8][0x9][0xea]O[0xb][0xcc][0xbc][0xbb][0x84][0xc5][0xd8][0xb1][0xed][0xb3]C{[0x19]QNE[0xfd][0xa8][0xca]p[0xd1][0xcf][0xf1]a[0xc1][0x9d]!T[0xf6][0xb][0x19][0xd5][0xf7][0xd5][0x1b][0x1f][CWE[0xa6][0xbe][0xcd]fvx[[0xd0];[0x1e][0xbc]]r[0x1a]U[0x94][0xb3][0xaa];[0x89][0x8b]G+%[0xae][0xcb][0x5][0xed]K[0xa7]v#.[0xc8]H[0x1][0xe6][0x2]oG[0xfd]@+[0x2]r[0xb0][0xe8][0x1c]=o[0xb][0xa4][0x1b][0x81][0xeb][0xdf][0xa4][0xc0][0x84](O[0x9e]+0[0xa3][0xf7]{[0x8d][0xd0]dl[0xd2][0xe0][0xf1] [0xed]){m[0xc9][0xb9],:[0xc3][0xb3]`[0xd5][0xc7][0xa3]5;8[0x8c][0xe][0xfb]f[0x13]H#3[0xf2];[0x8d][0x8e][0x8d][0x80][0xa7]2![0xf5][[0xe9]%[0xfb][0xf2][0xf9][0xfc][0xee][0xda][0xc7]}&gt;?[0xa8][0x84][0xbb]tR[0xce]aA[0xf3]t[0xac]n[0x9b]|[0xf4][0xc2][0xf5]Q[0x85][0xa4][0x5][0x17][0xf4]W)z[0xb7][0xc6][0x9f][0xc5][0xaf][0xb0][0x1e][0xdb]![0xb9][0x80];[0xa8]A[0x2][0xc2][0xf1][0xd8][0xc9][0xa5]}J[0xc5][0xa9][0xb][0x16][0x94][0xf4][0x1f])[0x81][0xf9][0x93]Q[0xb7][0x83][0xa5]G9[0xdd]d[0x8]r9[0x9d][0xc8][0xac][0x83][0x10][0x1b]BM[0x81][0x9a][0x1f][0xef][0xb1]+z[0x13][0xa5][0xd1]CI[0xce][0xe]y[0x91][[0xa6]/[0x13][0xb3][0xed][0xc4]l{[0xa9]!P[0xb6][0xa9][0xd0][0xe9][0x87]HZ[0x10][0x8c]SQ[0xb6][0xf3][0xe7][0xd6]uH?[0x1a][0xcf][[0x18][0xd8][0xb7][0xc2]9[0xc3][0x89]2[0x10][0xb0][0xe8]H3[0xe6]3x[0xfe][0x3][0xc4]y[0x83][0xfd][0x1f][0x1d]qD][0xef]p[0xd9][0xcd][\n]&quot;
2013-02-06 13:51:56,380 AAD-WS DEBUG wire:63 - &gt;&gt; &quot;z[0x94][0xba]t[0xaf][0xb1][0xa5][0x8e]l4GX9[0xc6][0xeb]#[0xed]f^[0xf7]@0[0x0][0xa7][0xd0][0xf6]f[0xd1];3c[0xa6][0x2]q[0xb4][0xb5][0xee][0xb2]D[0xa6].[0xe8][0xb5][0xb7][0xb3]~G[0xaf][0xcf]O[0xb9],_[0xe4][0x13][0xe0][0xc3][0x3]OV[0x95]Z[0xef]G[0xe7]&amp;[0xa1]u[0xb1]V[0xb8]ga[0xd9]_[0x11][0xda][0x97][0xaf][0xb8][0xf6][0xed][0xe2][0x99][0x93]o[0xe][0xac]i[0x90][0x87][0x84]o[0x8a][0x16][0xe7]6[0x7][0xa8][0xd6][0xa3]i[0xb5][0xb3][0x19][0xf5]%[0xd3][0xfd][0x7][0xde][0x98][0xb7];[0xae][0xa5][0x18]lK[0xbb][0x98][0x80][0xe6][0x8e][0xc3][0xe3][0xee][0x96]t[0xf9][0x8d][0xb][0xc3][0xf9][0xc2][0xd1][0xfb][0x18]CX[0x88][0xfe]e[0xc1][0x1a][0x3][0x87]rMs[0xec][0x8e][0xe6][0x8a][0xf6]hG5[[0x98][0xe9]1|[0xd1][0xab][0xfb] [0x8b]_[0xde][0xbf]yx[0x17]5][0xb4][0xf9][0x3][0x91][0xdf][0xd5][0xc1][0x8c][0xd7][0x5][0xc8][0xb7]][0x92]z^[0xba][0x9e][0xd0][0xfa][0x92][0x93][0x97][0xfd][0xd1]&apos;`_[0xbb]p[0x9f]d[0x10][0x1e])[0x8a]/[0xdf][0xaf][0xde][0xf5][0xcf][0xbc]e[0xb][0xc4][0x2][0x3][0x8f]WH[0x15]1[0x80]N[0x8e][0x9d][0x90][0xb9]L=[0xac][0xab][0xa6][0xff][0xab][0xb3][0x9b][0xdf][0xa0]P[0xbc][0xa6][0x94]m[0x86][0x89]g[0xeb]&apos;[0xba]g+[0xb]([0x4]([0x13][oA[0xa5][0xbd]9[0xbe]?)[0x88]/[0x9b]y[0xdf][0x94]GI1e[0xb7][0x85][0xc6][0x1c][0xbd]@[0x82][0xd9][0xba]?[0x9a][0x18][0xee]C[0xd1][0xe7][0x98][0xed]m[\n]&quot;
2013-02-06 13:51:56,381 AAD-WS DEBUG wire:63 - &gt;&gt; &quot;?[0xca][0xca][0x82][0xa6][0xd4][0xba][0x1d][0x9a][0xac][0x9a]=[0xb6][0xa6]z[0xbb]6[0x81][0x96][0xb1]2[0x97][0x97][0xed][0x96]_08[0xdf]C[0xa4][0xf3][0xf6]+[0x8b][0x19][0xff][0x16]z[0x8c][0x94][0x10][0x91]x[0xba][0xcb]vXeNL)[0xe8][0xc2]p[0xdf]U[0x11][0xa3][0x1d][0xde][0xd1][0xe5]3Ys[0xf4][#[0xfa][0xcd]0[0x1e]A[0xa6][0xa6]Pz[0xe3][0xd2][0xfa]v&lt;Y[0xfd]za[0xf8]7[0xa5][0xf9][0xe5][0xed][0xdf][0xef]9-[0xcc][0xb5][0xcb]f[0xe1][0xd4]X]d[0xb9][0x82]q[\n]&quot;
2013-02-06 13:51:56,382 AAD-WS DEBUG wire:63 - &gt;&gt; &quot;t[0x90][0xf]/4[0xb7][0xa5][0xcf]W[0xb1][0xe7]W[0x84][0xf9][0x82][0x83][0xfa]~[0x1a][0x9f][0x86]`e[0xba]R[0x84]P[0x9][0xf4][0x8d]X[0xb7]T[0xa3]$[0xfd][0xd4]K[0xb0][0x9e][0xa5]Kp[0xe8]k\wv0[0xe4]*y{[0x1][0x88])[0x9f][0x1e]&quot;[0xcf][0x8d][0xd7][0x97][0xc6][0xae][0x10][0xe2]F[0xc3][0xcf][0x16][0xfb]&apos;L[0xff]][0x92][0xe6][0xb2][0xd3][0xa9][0xc2]W[0x15]5[0xd9]=[0x94][0x0][0xca][0xca][0xa8][0x1a][0x10][0xa4][0xcd][0x1a]8[0x9f]^[0xb4][0xd5][0x9f][0xef][0xe7][0x86][0xd8][0xee]F-,[0xf6][0xb0][0xc6][0xa2]VTHb4[0xd0][0xe5][0xd1]O[0x95][0x5];[0xfd][0x1e]4~b[0xa9][0xb3]`&quot;}[0xae][0xc1]yx[[0xdc]0[\r]c7[0xe7][0x15][0xbd][0xf1][0xa2]`[0xb3][0xa0][0xd4]~[\n]&quot;
2013-02-06 13:51:56,382 AAD-WS DEBUG wire:63 - &gt;&gt; &quot;[0xfb]a[0xa3] L[0xef][0xff][0xcd]/80[0x1e]XBR[0xcc]z[0xbb][0xd7][0xa7][0xbc][0x88]Vm[0xe9]#[0xa2][0x10]([0xc8][0x82][0xb][0x8d][0x95][0xa5][0x97][0xbb][0xcb][0x1e][\n]&quot;
2013-02-06 13:51:56,383 AAD-WS DEBUG wire:63 - &gt;&gt; &quot;][0xf0]&amp;[0xb8][0x6]lSFt[0x19][0xea][0x92]h[0x8a].[0x18][0xa3][0x0][0xff][0x92][0xed][0xf8][0x8a][0xc6][0xe6]S[0xd8][0x8d]|3[0xce]W[0xc4][0xa1][0xd8]|85[0xd7]b[0xea][0xd5]t[0x93]Jj[0xf9]7[0x81]=[0xae][0x8e]r[0xf7][0xae][0xdd][0xbd][0xe1][0xc9]v8[0x94][0xe7][0xae][0xdb][0xcc][0xbe]$-[0xc7][0xac][0xce]#[0x2][0x6]&gt;[0xc5][0xc7][0xba]--[0xac][0xd8]]e[0xbd][0xa9][0xf8][0xfb][0xcf]&apos;[0xca][0xfd][0x1c][0xaa][0xc7]B++[0xb1][0xdb][0x15]\[0xc1][0xaf][0xf6][0xe0][0x8d]B[0x2][0xed][0xe6][0x86][0xcf][0x12][0xa1][0x1f][0x82]:[0x8f][0xdd][0x9e]9[0xf8][0x4][0x80][0x81][0xfb][0x8a][0xbf][0x18]r[0x90][0x4][0xd4][0xf1],[0x13][0xe9][0x81][0xd4][0x92][0x83]t[0xe5][0xfe][0x9e][0xa5]S[0x9b]1[0xbd]C[0x8f][0xdf][0x9e],[0xdc][0xca]r[0x0]6[0xf3][0xd1]$[0xbf][0xc6]5[0xe6]W[0xbb]x[0xb4][0xc3]l:D[0xb7][0xbf][0x10][0xc9][0xa0][0xf2]fA[0x0][0xb7]Ma[0x1b][0xdc][0xa0][0x1d][0xfd]:[0xbe][0x2].[0xcb][0x13][0x9e]g[0x80][0xf4][0xd6][0x7][0x9f]&apos;z[0x17][0x2]roY[0xc0][0xe7][0xa9][0x4][0x2]m[0x8][0xd7]5[0xd5][0xad]r1b[0x8e][0xf1][0xdc][0xbd][0x6]l[0x93]![0x96][0xfd][0x5][0xa5][0xf5]m[0xab][0x16][0xb8][0x8][0x4][0x92][0xef][0xaa][0xa9]k[0xf9][0x8c]9*t[0xd5][0xd6][0x85][0xb5];[0xda][0xb6][0xc0]|fp~[0xa2][\r]|[0x4][0xbf][0x17]kspoB[0x1][0xac]Z[0x99][0xd0][0xc9]u[0xc6]fJ[0xc0]h\[0xa8][0xbf][0xc4]cQ0[0x9a][0x8e][0xd2]o[0xc0]Q[0xca]W[0xf0]B&lt;i[0x1d]l[0xbc][0xc2] s[0xf3][0xa0]s[0x7][\r]&quot;&quot;[0xf6][0xb4]=O[0x9d]A[0x9d]_r:[0x95]va[0x9d][0x3]][0xab]@[0x9d][0xdc][0xa0]77[0xe1][0x8f][0xfb]K[0xe3][0xad]= [0xde][0x9a]8[0xf8][0xc4][0xd2]|[0x1a][0xc0][0xd5][0xf][0x1c][0xe]_[0x1b][0x8c][0xd1]Zn[0xb7][0xc6][0xce][0x84][0x16]h[0x1a]{pdv[0x1][0xb8][0xfd][0x14]r[0x9e][0x1f][0xd2]&gt;o[0xd6]|R[0x95][0xdb][0xd8][0xc7]w[0xa4][0xb7][0x9b][0x84][0x8d]pA[0xa9];h[0xf9]/[0x2]+DQ[0x8e]O[0xc4][0xb][0xda]&quot;[0xdd][0x85][0x1e][0x95][0xfe][0xa4]e[0xe4]*[0xab][0xc9][0xdd]5rt[0xda]K[0xa8][0x85][0xb8][0xc1][0xd7][0xe5]~[0xa8][0xf2];z[0xfb]1[0x7][0xfd][0xe5][0xa7][0xef][0xde][0xd2]C[0xf3][0x81][0xe8][0xe3][0xe8][0xac][0xe2][0xa6][0xd4][0xb7]j[0xea][0x14][0x91][0xde][0xe]&amp;k[0x82][0xb1]&amp;[0xc5][0xb][0x80][0xf4][0xab][0xe9][0xff][0xf2]C[0x80][0xfd]~[0xf9][0xcc][0x9c][0xd2]\{M[0xa3][0xfd][0x80][0x86][0xc8]~G[[0xe2][0xf5]&lt;[0x81][0x98][0xa8]sg[0xf6]%[0xc5][0xf5]&gt;[0x83]y=.n[0x87][0xb1][0xc9][0xd6]:H[0x93][0x88][0xa7][0xaf] [0xc9][0xb0][0x1d][0xb4][0x9c][0xec][0xeb]B[0xaa][0x81][0xdc][0x9f] [0xf4][0xbc][0xa2][0x13][0xbd]&quot;[0x8c]d[0x1c][0xe5][0xdd][0xdd]y[0xb]![0xb0][0xcb]mw[0xe6][0xc0][0xf1][0xf4]S[0x16][0xcd][0xc7][0xad][0xf9][0xc3][0xf7][0x98]G^[[0x82][0xd8][0xef]B_[0xde][0x90][0x1][[0xb9]k[0xd4][0xc8][0xfb][0xd2][0x6][0xb5]F^[0xf0][0xa3][0xb8][0xbc][0xb3][0xd3][0xc8][0xfd][0xfe][0xf4][0xf][0xb3]D[\r][0xf][0x8f]vQg[0xab][0xfb][0x81][0xd4]Bs}dk [0xf3][0x8f][0xa2][0x89][0xca][0xec][0x19]ho[0xc4]K[0xd9][\r][0xd5]s[0x8a][0xdc][0xb5][0xab][0xf1]q[0xa7][0xbb]2[0x9d][0xd7][0x17][0x0][0xa8][0xaf]Ze[0xdf][0xa7]]\[0x8b][\r][0xd4]%[0xe1]~[0xbf]&quot;[0x8]/[0xbe]-[0xc4]![0xbf][0xfa][0x83][0xc6]c2v[0xe3]-y[0x83][0xed]5&gt;[0xb][\n]&quot;
2013-02-06 13:51:56,384 AAD-WS DEBUG wire:63 - &gt;&gt; &quot;&apos;[0xf][0x6][0x16]9e[0x8d][0xc1][0x80]H[0x98]f[0xb7][0xea][0xf2][0x5]K[0xad][0xe7]w[0x99][0xfb][0xc][0xe0][0x1c]h[0xa9]u[0x84][0x81]qJ[0xd6]7Y[0xd7][0x97][0xda][0x9b][0xab]O[0xba]~+[0x8a]WN$[0x9e][0x16]N&quot;[0xda][0xf9]}[\n]&quot;
2013-02-06 13:51:56,384 AAD-WS DEBUG wire:77 - &gt;&gt; &quot;[0xd5][0xdd][0x86][0xde][0xff][0xf8][0xe][0xdc][0xe7][0xe3])[0x3][0xdb]M[0xb7]K&amp;+M[0xd5][0xf5]Z~Xm[0xd6]fEQ[0xc7][0x16]z[0x9]J}n[0xb4][0x1f][0xf7][0xbf][0x1b][0x89][0xdf]*[0xbb][0xc][0x9f]h[0x96][0x1e][0x12][0xfd]l[0x8a]ahh[0x81][0xab][0x8a][0xc1]zb[0x1e]([0xb2][0xf2]/[0xf6][0xb][0xe4][0x82][0xf9][0x14][0x97]V[0xd9]y[0xed][0x17][0xd5][0xfc][0xc1][0xee]2[0xf2][0xc6][0x11]e[0xb6]K[0x8d][0xd0][0xb0][0xc5]S[0xbd][0x3][0xda][0xa6]8^[0xad]%[0xf][0xee]sGw[0xfe][0xe4]A&quot;[0x3]n`[0xa4]wS[0xbe]9[0x84][0x4]8[0xa0][0x15]T[0xea][0x4][0xc1][0xd2]/[0xad][0xf0][0xf3]p[0x18][0x8c]4[0x89][0xb9][0x86][0xeb]-&quot;
2013-02-06 13:51:56,386 AAD-WS DEBUG wire:63 - &gt;&gt; &quot;[0xca]h*]k[0x1][0xb1]!O[0xc][0x9a][0x1f][0x98][0x5]Dg[0xde][0xd1]g[0xd1][0x9f]*[0xaf][0xfe][0xc6][0xfd]][0xf0][0xcf][0x95][0xaa][0xdd]g9[0x4][0xa4]y [0xd8]T[0xc4][0xa9][0xde][0xa1][0xe0][0xe][0x93][0xc][0xf4]K&amp;[0xeb][0xa3][0xbe][0x9e]W)[0x93]~[0xd0]n}[0x13][0xb0][0xa1][0x9e][0xa2][0xa1][0x9a][0x9b][0xb7]hD[0xc9][0xc1]T[0x17][0x88]F[0xdf][0x98]kO[0xb5]H\[0xa0][0xdc]u[0xda][0x15][0xe6]Q&gt;[0xdf][0x10]5[0x98]:[0xb0][0xa9][0x1][0xe][0xda][0xd9][0xb][0x86][0xfb][0xa3]W[0xf7][0xbe][0xa3][0xf3][0xf9][0xca][0x83][0x9d][0xb3]M[0x1d][0x1d]]#SG[0xf3][0x94][0xe9][0xf4][0x94]m[0xb7][0xe4]5j^[0xda][0xc5]7[0xfb][0xb6][0x4][0xc6]l!7[0xda]u[0x7]![0xb9][0x17][0xae][0xd0][0x88]t&lt;[0x89][0xab][0x85][0xfd]^[0xdb],[0x98][0xb8][0x1f][0xdc]s[0xb1]hk[0xcf][0xc]=/}[0xea]@[0xc7]x[0xab][0xc8][0x81][0x86][0x1e][0x86]Q\3[0xa6][0xbf][0x97][0x94][0xd5][0x8e]]U;$[0xf9][0x13][0xb0]l[0xfe][0x8][0x8a][0xe3][0x9e][0x89]Pg[0xab]H=[0xaa]cjv#[0xa6][0xf5][0x99][\n]&quot;
2013-02-06 13:51:56,387 AAD-WS DEBUG wire:63 - &gt;&gt; &quot;@[0xe8]%[0xc8][0xad][0x14]w[0xb8][0x17][0xa5][0xe9][0xc2][0x83][0xd3][0x87][0x3][0x95][0xb0][0x8c][0xe7]g[0x0][0x9d]Ex[0xb7][0xb9][0xdd]&amp;^&gt;m[0x1b]y[0xc1][0x9b][0xfe][0xf1]h[0xcf][0x93]r`\[0xdb]G[0xf4]n{[0x95][0xa2]u[0xe1]G[0xfd][0x1e][0xd1][0x3][0xae][0xe0][0xa0][0xe6][0xa5]d[0xdb]G[0x92][0xe6][0x82][0xdc]w[0xf8]uS[0xfa][0x15][0xbb][0x9f]T[0xc8][0xd6]y[0xd4]Ya[0xfa][0x18][0x1f][0xeb][0x9b][0xf3][0xd2][0x92][0xff][0xec][0x8a]&lt;[0xae][0x1e][0x1f][0xde]4[0xfb]&lt;N[0xd2]O7[0xd4])[0x12][0xf8]x[0xc2][0xf6]Wf[0x1b]h[0xbb][0x9d][0xdc][0xb8][0xec][0xb4][0xb4]Pz^[0xb7]eYT[0x8d][0xe7]J[0xe5]#[\r]z_[0xb0][0xe7]&quot;[0x6][0xf6]W[0x99][0xf2][0xec][0x98][0x97][0x8c][0xf1][\n]&quot;
2013-02-06 13:51:56,388 AAD-WS DEBUG wire:63 - &gt;&gt; &quot;5[0xd6][0x8e][\r][0x9]DSk[0xcb]X@3[0x81]5[0xc2]KS[0xe5]n[0xfb][0xbc]ja[0xc3]/i[0x11][0x1][0xf5]PW0[0xcb][0xaf]H[0xa5].o[0xe9]Z[0xcd]xe[0x95]/[0xe8][0x1d][0xed][0xe][0xbc][0x17]2S[0x15]ti7[0xab][0x14]jH$[0xa4][0xea]3[0x17][0x9e][0x1d]T[0x0]}[0xdb](&gt;[0xcf][0xdd][0xbf][0x87]b[0x8a][0xfc].S[0xcd];[0xb2]x[0x4]j[0x9d][0xaa]HS[0xad]8[0x15]u[0xf4]}[0x99][0x1e][0xc9][0xc7]_[0xd3][0xc6][0xec][0x1][0x4][0x19][0xfa]jG[0x95][0xce]b[0xb7][0xbd][0xa5][0xab][0x19][0xc1][0xb1].\[0xbe][0x94][0x2] [0xf1][0xbb][0xd5]l&gt;[0xb1][0xdc][0xb0][0xc4][0x99][0xe4]z[0xa7]p[0xd8][0xf1] q[0x85][0xba][0xcf][0xf0][0xca][0x92][0xfa][0xb2][0xb6][0xff]\[0x0]}[0xde][0xc1]-[0x0][0x1f][0x9d][0xca]#[0x1a]i[0xae][0x11][0x85]0[0xbd]3[0xae][0x12][0x98]^[0xc2][0xed][0xb]t,[0xb2]pNo)[0xd4][0xd9][0xa1][0xaf]:[0x6][0xca]k[0x3][0xb4][0xec]*[0x8]#;8[0x7][0xd4]a[0xbf]I[0xc2][[0xb5][0x80][0xc4]~F[0xf0]_[0x1e][0x97]O[0x80][0x84][0x98][0xa0]:[0xd3]2j[0xe1][0xdd][0xc4]h[0x83]s[0x92][0xe][0xd6]\[0xe2]7[0xb5][0xb8]0[0xfc][0xbb]2[0x9d][0x97]a[0x86][0x8][0xdc]3S[0x0][0x92]BV[0xb5]U[0xc1][0xe7]3[0x94][0xa3][0xa0])[0x83][0xee][0x82][0xa9][0xfa][0xb9][0xe6]c[0x91]J)MVc[0x9e]m[0x92][0x9c]B[0xf][0xcf][0xf9]S[0xcc][0xb5][0xe7]*[0x0]@[\r]\`[0xd7]|[0x8d][0xef][0xcc]gR[0x94][0x8b]Ohz[0x9d][0xaf]H[0xd4][[0x17][0xb1][0xdf][0xc4]%[0xb4][0xb9][0x85][0xfa][0xe1]s[0xcb]7{[0xca]y[0x96]r[0xa3][0xfb]Z[0x9f][0xec][0x5][0xb2][0x9e][0xc7][0x91][0xce]4[0xd0][0x1b][0x83][0xc5][0x12][0x91]&amp;H[0xa7][0x2][0xb1][0x88][0xdb][0x9e][0x88][0xf3]3[0xca][0xdc][0x87]8[0xd2]ciN}[0xcf]&gt;[0xe5])l[0x0]7o[0xf0]85[0xed]-[0xbb]&quot;[0x92][0xfd][0xc5][0x8f]o[0x9c] [0x1d]_r[0xeb][0xfe]P[0xbe][0xcf][0x15]oC[0xa2]%p[0x93][0xd7][0xc8][0x95][0xe6][0x89]il[0x8c][0xdd]*[0xd2][0x18]X[0xef][0xe2][0x97]H[0xff][0xa2][0x97][0xdd]O[0xf5]3[0x3][0xbb][0x81]z[0xbe][0xd2]HqR[0x7]fk[0xe3]Q[0x93][0xb4]l@6G[0xb4]XH[0xf8]i[0xf7][0x7]_t[0xe8]$[0xa5][0xcb][0xc6][0xbc]R[0x84][0xb5][0xc9][0xc3]z`[0x9c]$[0xb]q&apos;[0x3]F[0xd8][0x97]jt[0x96][0x1d][0xf5]F[0x85]m[0xf3][0x8e]rm&quot;[0xda]C[0xa6][0x84][0xef][0xbd][0xec]b[0xc4]R[0x0][0xb4][0xb][0x9e][0xe2][0x83][0xb2][0xf0][0xd5]I[0x99][0x87]E[0xe]k[0xbb][0x9c]&lt;m[0x88][0x8c][0x1f][0xc5]4[0xeb][0x93][0x96][0x89][0xec][0xf5]jP[0x9f][0x1b][0xea]7[0x1d]$[0x8e]x[0xeb][0xfb]w+[0xe3][0xfe][0xc1][0xfe][0xfc][0x98][0x9]([0x18][0x88]8[0x9e]{[0xb4]KY&gt;[0xeb][0x15]G@[0xc][0x1][0x1c][0xdb][0xaa][0x16]_Y[0x8b]oL[0xc3]yj[0x12][0x13][0xa3][0xfb]Z[0xaf]%[0xce][0x96][0xa7][0xbe][0xf7]4[0xae][0x91][0x95]][0x8f]+[0xf0]K.[0xdc][0xaf][0x5]][0xf3][0xc1][0xaa][0x14][0xcf][0x8e]@[0xc6][0xa1][0xec]jHW[0x80]$[0xaa][0x16]2[0xd2]`r[0xd1][0x16]$[0xff]#F[0x9f][0x1d][0xd7]W[0xe][0x1b][0xa8][0x81]tn+[0x6][0xc2][0xc4][0x90][0xe9][0xbe][0x10][0x13][0xab];[0xe4]K[0xa4][0x9d][0xe5]0[0xcf]&lt;[0xdf],&gt;a[0x1c]w[0x92][0xd6]W&gt;[0xe0][0xc6]h[0x8d][0xe0][0xa1]Mlu[0x1b]&quot;[0x17][0x0][0xef][0x8c][0xd7]2[0xaf][0xb0][[0x9b]ur[[0xf7]:[0xce][0x90]N[0x0]k[0xb9][0x92]([0xcb][0xd2][0xb5]m[0xb9][0x5][0xaf]n[0x8e][0xf4][0x13][0xce]?u}[0x1a][0x3]O[0xd6]q_S[0xd8][0xd4][0x13][0xf7][0xbd][0x3][0xf][0xf5].[0x1e]%u)[0xe7]Wd[0xde][0x13]K[0xa5][0x98][0x87]^[0xa6]A[0x9b]U[0xda][0xd1][0xe9][0x98]I2P[0x1b]l[0xa8][0xd5]$[0xbe]L&lt;[0xfe]F[0x10][0x9e]Q[0xa3][0x3]t[0x11][0xf4][0xf8][0xc8][0xb4][0x91]{Ae[0xa2][0x1d]7X[0x8e]6tY[0xe1][0xb][0xa6][0xeb][0xa5][0xf8][0xe0][0x9b][0xb1][0xfc][0xc1][0xd3][0x98]MS_[0xc1][0xbd][0xdf]!y[0xb5][0xdd][0x19]#[0xc2]A[0xa8]l[0x96][0xeb]t[0xd2],[0xed][0xfc][0xc4][0xc1][0xfb][0xc3]k|[0xf0][0xdd]S[0xef]t[0xc7]N[0xf3][0xb8][0x9a]?[0x0][0xab]F[0xe9][0xf1]k}G[0xbc]a[0xdc][0x18][0x16])d[0xc]*[0xd5][0xaf][0xbb][0xbc][0xdf][0xbe]z[0xe3][0xe3][0x8d]Dh[0xe7][0xc1][0xf3]zV[0x8]H[0x8e]P[0xb2][0xc9][0x18]!W[0xa6][0x9c][0xde]CJ[0xa7][0xf5][0xe5][0xa5][0xf1][0xe0][0xd7][0xf9]Xt[0xe1][0xb4][0xf3][0xf2][0xb6]G[0x8][0x13][0xa5][0x81]S4a[0x2]E[0xd4][0xa5]~[0xe8]q{[0x9d]^[0xba][0xed][0xc2][0xe8]s[0xa7][0xd6][0x9e]r[0xf7][0x9c][0xad][0xe0][0x8d][0x1c][0x16][0xc3][0xee][0xa2][0x1f][0xf0]b5![0xc0][0x99][0x3]N[0x18][0xf4]R[0xa0][0xfc][0x1b][0x95][0xfe][0x13][0x96]l[0xcc]76Y[0xba][0xd2])[0xdd][0x93]M[0x92][0x9e]1[0x87][0xb7]#i[0x8a],[0xea]5[0xce][0xf6][0xe7]a[0xa4][0xea].J[0xf7][0xd3][0xb6](M[0x87][0xcb]U[0xa3]L[0xbc][0xdc]L[0xfd][0xb6][0xd1][0xec]$[0xe]D[0xc6]V[0x92]u[0x10]-@[0xaa][0xb7][0xfb]-[0x82]*[0x1d]n[0x6][0xc7]Q[0xd1][0xcb][0xee][0x84][0xc1][0xfb]kZ[0xe3][0xd6][0xe0][0xb0][0xb0][0xa5][0xbd]F[0xe2][0xf9]|BZ[0xd4]|[0x96][0xcc][0xaa][0x91][0xdd][0xd6][0x1f]aD[0xb9][0x9d]`[0xa1]gSzOw[0xae]N:[0x16][0xb1]@dP[0xbd][0xaa]K[0xbd][0xb7][0x90]7^[0x15]K[0x15][0x2]E&quot;^[0x12][0xf8]b[0x1c]&quot;[0x11]b[0x98][0xe3])e[0xc][0xa7]h][0xd3][0xb8]|N[0xf1][0xf8][0xc0]i[0xfd][0xa8]x[0x1a]n7pfl[0x94][0xe1][0xa3] [0xc9]J[0x90]}Ad:[0x8e][0xef][0xcf][0xb][0x89][0x89]_D[0x5][0xf3][0xef].[0x8f]V[0xdd][0xd7][0xe8]nJ[0xe6][0xa3][0xea]~[0x2][0xde]0[0x6][0xa3]y[0x15][0x1e][0xd2][0xd8]Za[0xc9][0xa4]t8[0xe]z[0xb][[0xfd][0x13]**[0xe7]=[0xb9][0xd6]&lt;&gt;[0xdc][0xb9]:[0xb3]Zie[0x10][0xd0]x`[0xf2][0xb2]ow[0xb].[0xee][0xdb]&amp;/[0x82][0xad][0xee][0xd8]QZ[0xb2]A[0x8e]l[0xc3][0x1b][0xa3][0xdd]%[0xda]i[0x7][0x84][0x98]+[[0xb]k[0xf1]S[0xd8]|vH[0x8a]Vn[0x87][0x89][0x86][0x8b][0xba][0xa4][0xf8][0x8c]e[0xdd]q[0x85][0x8f][0x97][0x0];h/[0xa1][0xda][0xaf][0xec]2[0xa6]*[0xda][0xf2]9[0xb8] [0xb8]Q[0x8f][0x88][0xda]4[0x93][0xaa][0xdb]f![0x92][0x99]@Ph[0xb6]T[/[0xdd][0xe8][0xa7][0xb2][0xdc]/o[0xfd][0x9][0xde][0xd6]j[0xf6]^[0xa8]F[0x1a][0xe3]-[0x85]z[0x8f]7n[0x91]![0x0][0xe2][0xd6]=[0xf1]=Nq[0xcf][0x81][0xd8][0xeb][0xd5]?_[0xa4]k[0xfc][0xc8][0xba];[0xcd][0xbb][0xc0][0xcd][0xc3][0x7][0xf4][0x16]y[0xc4][0x9a][0xe2][0xfa]t[0xd3][0xd6]Za[0xd0]Gu[0x84][0x14]~[0xa4][0xc7][0xcf]M[0xf2][0xb2][0xd1][0xfc][0xfe][0xe5][0x3][0x98]/[0x19]M[0xc6][0x1a][0x10][0xd1]3&amp;R[0xb8]m[0xa5][0xda][0xf][0xda][0xd3][0x1a][0xa1][0xe9][0xcc]p[0xa5][0x85][0xb8][0xc7][0xaf][0xb7]~3[0xa2][0xf3]l%[0xe8][0xa2][0x9b]+[0x18]&lt;[0xa6][0x8][0xe] [0xe4]v[0x83][0xf8]f3T[0xc8]~[0xcc]^[0x96][0xf8]?[0xe8][0xf8]s&quot;[0xcf]x[0xaa][0xca][0xde][0x14]69[0x91]#sC[0x90]$[0x8b][0xf7][0xd6][0xa4][0x9d][0xab][0x97]B[0x11][0xd8][0x96][0xbb] =A[0xbb]j[0x99][0xaa][0x6]r$[0xc3]K[0x96][0x93][0x80][0x9d]x[0xfc]I[0xdd]K[0xb7][0xcd][0x92][0x95][0xfc][0xd5][0xeb][0xfc];[0xd1][0xd2][0x9c][0x5]^@[0xd3]i[0x9c][0xdd]0[0xa5]p[0xc7][0x8c][0x1c]uEDN[0x16][0xaf][0x89][0xb0]Y2[0xc6][0x82][0x1a][0xa7][0x8b][0xaa][0xb7]+[0xf7][0xd5]^[0x1b][0xbd][0x9c][&lt;[0xe9][0xc2][0x9b][0xa9][0xca][0x4][0xd1][0xd3]&amp;U[0xb8]Z[0xaa]#c/4[0x1][0xf8][0xf9][0xd0]~[0x1a][0x9c]K[0x8f][0xdb]R[0x8d][0xcf]i[0xba]S[0x15]7&gt;[0x9d][0xa5][0xc3][0x15]#[0xdc][0xc]&gt;,[0xe5]3[0xdd][0x82][0x1f][0xe5]c[0x86]=P[0xd5]Z&gt;[0xf6][0xae]Q[0x0][0xc7]A^UU)[0xd4][0xfb][0xf4],^6[0xeb][0x85][0x83][0xfa][0xdd][0x88]K[0xf7][0xbe]}[0xf1],[0xd9]{[0xde][0xec][0xd4][0xf3]uP[0xf8][0xdc][0xb0][0xed]k[0x11]K[0x87]|[0xe3][0x91][0xb1][0x9f][0xad][0x9f][0xe1][0xe2][0xb9][0xc2][0xa6][0x5][0x1a][0xcc][0xde][0xca][0x13]\[0xf1][0x11][0x9a][0xe8][0xfb][0x9d]g(&apos;[0xce][0xce][0xb6]H[0xd3]w[0xdc][0xc2]1[0xfd][0x91][0x95][0x84][0xb7]Q[0xba][0xe4][0xad]v[\n]&quot;
2013-02-06 13:51:56,389 AAD-WS DEBUG wire:63 - &gt;&gt; &quot;[0x9a][0xe8])[0xcf]g[0xf0][0xf1]j[0x8f]6[0xe3]K[0x1b][0x94][0x12]J[0xcf]Z[0x92][0xe2][0x1f]2[0xe0][0xef]4[0xad]o_&lt;eky[0xad][0x82][0xd6][0xa4][0x99]&apos;JVE[0x82]CQ[0xbc][0x85]3&lt;[0xb2]c7[0xb]&amp;pF[0x14][0x16][0xf8][0xd6],C[0x8e][0xa1]G[0xdd][0xc]g[0x0]Y[0xcc][0x80]#&gt;[0xc2][0xfb].z[0xad][0x1a][0xf6]sHu[0x97][0x9b][0xec]9[0x8f]^Tx[0xa1]N[0xc7][0xc2][0xb7][0xd7]WQ[0xc8]$[0xf7][0x0]l[0xa2]SV[0x8a]K&lt;[0xfa][0xf7][0xe0][0xf2][0x17][0xad][0xfa]^[0xa4][0xbf]4[0xb4][0xc4]3x{[0xd0][0x1a][0x81]du[0x87]V1[0xfb][0x8][0xe8]8[0x1b][0x1d][0xf0][0xdd]K[0xc4][0xb1][0x1f]S[0xb6][0xf3][0xdb][0x82][0x82][0xa8][0xcc][0xd7][0xe6]Z[0x8b].I[0xc5][0xed][0xce]#lr[0xa7]|[0x9d][0xd0]/[0xa5][0x13]T&apos;[0xf4][0xb2]yB[0xb9]R!+[0xb8][0xd1]V[0xca][0x86][0xcb][0xb6][0xd9]ZR[0x3][0xc4][0x94]=[0x94]i[0xe]/y[0x8][0xf8][0xd8]xou[0xf9][0x9f][0x16][0x8d][0x86][0x5]R[0x96][0x14][0xc4][0x95][0xe2]x[0xda][0xb2][0x7][0xf5][0xbc]^[0x9f]D[0xb8][0x7][0xd4][0xd3]K[0xdc][0xa0]7:[0xd6][0xdd]gs[0x96][0xef] W[0x94][0x96][0xde][0xfa][0x91][0xc8][0x89][0xe8]`[0xb2][0xad]p[0xc3]HE[0xdc]O[0xe][0xf6]7[0x1d][0xb1][0xfb]ax[0xee][0x86]\[0xa5][0x89][0xe7][0xac]K1[0xac][0xb6][0x11]*[0x10]&lt;}[0xdc][0xf1][0xd7]TU|[0xe7][0xb5][0xec]R[0xd4][0xbc][0xc7][0xad][0xe6]C[0xfe][0x17][0xd3]-[0xe0]![0x8][0x92][0xa3][0x17]A[0xa3]A[0x8e]I[0x95][0xf0]-~[0x95][0x17]0[0xc2][b[0xfc]C[0xf7][0x92]y[0xe9][0x1c][0x8e][0xd0][0x85][0xe]CD[0xcc][0xb4]l[0x88][0xd2]1+z[0x1f]6(n[0xf7]9[0xfe][0xf8][0xff][0xc0][0xe][0xd4][0xbc][0xac],*[0xfb]y[0xa4]T[0xdc]8e[0xd3][\n]&quot;
2013-02-06 13:51:56,390 AAD-WS DEBUG wire:63 - &gt;&gt; &quot;L[0xf1]N[0x3]$[0xdf][0xe1][0xf6][0x9e]:[0xa2][0xba][0x9d][0xd2]/Ro[0xe7]c[0x1e][0xf6][0xdd][0xf8][0xfe][0xe0][0xa6][0xcd][0xe4]{v[0xab][0xd3][0xe5]j[0xdd]vd[0xab][0xf];[0xb8][0xa0][0xd4][0xeb]-[0xe6][0xc]3X[0x1d][0x17][0x16][0xef][0xf]4[0xee]G[0xc1][0xe2]|4[0x9e][0xe2][0xc2]0[0xf3]$[0xbd][0xd8][0xe2][0xc][0x96]DM[0xa9][0xb3]\[0xb5]E[0xdb][0xe7][0xc3]~[0xc6][0xa9][0x2]o =][0xf3][0x91][0x86]`%:[0xc1]f[E[0xc6]Y[0xdf] [0xa4][0xb3][0xb0]No[0xe7][0xe8][0xfb][0x9a]|[0xc1][0x9c][0x87][0xc]F[0xd7][0xd4][0xfb][0xf9][0x17][0xf3][0xd4]b[0xa0][0x9d]x[0xe3][0xbc]v[0xea]CH[0x1d]u![0xf2][0x98][0xd6][0x3][0xe9][0x10][0x1e]^[0xa8]3[0x14][0xec]&lt;[0xa0][0xde][0x1b][0x95][0xcd][0xe][0xae]J[0x94]TaH[0x9b]H[0xdd].,[0x0][0xb5][0x95]:[0xa1]b[0x14][0x84]Z[0x88][0xc9][0xbd]7[0xbd]x[0xcb][0xcc]|[0x3]U[0x8f][0x9f][0xf3][0xd9][0x1f][0xa6]YEX[0x98][0xa6][0xdd][0xa9][0xad][0x9a][0xb5]o[0xdf]&apos;[0x99]F[[0xca][0x89][0x17][0xc2][0xa0]o[0xab][0xf1]S6e[0xde][0x90][0x9b][0xfc][0x9e]P[0xf6][0xb6][0x80][0xb5][0xfc][0xce][0xad][0x86][0x12][0xab]}[0x1f][0xe3]C[0xcc]w[0x9e]q[0xb7]&gt;s[0xe6]W?[0xe5][0x9b][0xde][0x97][0xa8]4[0xf1][0x1d][0x97][0xa2][0x83][0x16][0xeb][0xbb][0xfa]:[0xea][0xa4][0xf9]&apos;i[0x11][0xff]e%[0xf7][0x13])[0xb1][0x83][0xe7]:[0xb7]vIeu[0xbe]4[0xcc][0xb9][0x87]U[0x8c][0xf0][0x85][0xd1][0x97][0xa2]p[0xdd][0x84][0xe6][0xc2]q[0x16][0xed]([0xf][0x1][0xce][0xbb][0xd8]Xl[0xdc]b&amp;+[0xac][0xf8]$[0xd3][0x8a]B[0xb7]a[0xad][0xed][0xa8]US[0xbf]T[0xdd][0xf9]K[0xdb][0x8e]/[0xdf][0x92][0xc5][0xea]#[0xd7]&gt;&quot;[0xae]1[0xb8][0xf1][0xa8]K[0x89][0xed]vYZ)[0xa4][0x85]:[0xdd]xFh,|[0xb1]][0xde]W[0x97]a[0x6]R[0xe7][0xc2][0x8d][0x8d][0xb4][0xb][0x9a][0xc6][0xdd][0x96]i[0xd6][0x16][0xda]0[0xc]{[0x0]Okga[0xe8]o[0xfc][0xc9][0xaf]?[0x9f][0xd0][0xc9][0xb]$ l[0x11][0xce]M}{[0xf7]g[0x98]=[0x1b][0xe9][0xeb]U[0x97][0x1d]P[0xee][0xc5][0x1e][0x1][0xaf]u[0x1e]Q[0x8c][0xc3][0xa5][0x94][0xc][0xde][0xa5]`[0x17][0x19][0xab]B[0xc1]R[[0xdb]t*[0x94],[0x95][0xf]\[0xeb][0xa6][0xba][0xbb][0x0][0x9f]d[0x8a]c[0xb][0xe9][0xce]Y~[0xd8][0x86][0xfe][0xe5]vX[0xb][0x85]HI[0xab][0x1d]-0[0xe2]k[0xd9][0x9f][0x97][0xf0][0xa8][0xf6]p[0xf6][0x83]gT[0xf9]8[0xad][0x89][0x95][0x1]*[0xab][0xc3][0x81][0xa9][0xdd][0x1a][0x85][0x83]&lt;^[0xe9][0xa7][0xe4]E[0xef][0xed][0xd7][0xec][0xed][0x83][0xfa]&amp;[0x14][0x8b]9/[0xf2][0xda][0xc2]m[0xb3]&gt;f[0x5]Va[0x8e]Xb[0x17]WLir[0xa8][0xb5][0x97][0xfb][0x19]|mA[0xf4]Q[0x15][0xa0][0x81][0xe4]_[0x15][0xf1][0xc2][0xe9][0xab][0x1a]WV`+[0x8d][0xe][0x8]c= -[0x9c][0xb5][0x9f][0xb]2[0x16]uXKN[0xeb][0xf5][0x16][0x1a][0xf7][0xc7][0x15]K[0xaa][0xdd]V[0xc5][0xae][0x9a]55[0xb5][0xbf][0xe4]@3[0xe3][0xcf]x[0x2]r[0xbd][0xb2][0xf7][0x13][0xb6][0x7][0xc4][0xfc][0xb6]J[0xb6][0xa3][0xc][0xa0][0xda][0xd6][0x13]V[0xe9][0x8b][0x85]n[0xf3][0xfc][0xe9][0xb6]yrO[0xaf]#[0xf4]&amp;SSt[0xed]m[0xf3]h[0x9a][0x92][0x9d]Y[0xdd][0x8][0xf6]*[0x1f][0x9e]U[0xa6][0xfd] 0[/[0x81][0x8f][0x84][0xdd][0xaf][0xe2][0xfe]v[0x9a][0x86]O[0xb8]v[0x11][0xdb][0x1e][0x80][0xeb]&gt;[0xb4][0x9a]6[\r][0x9c]$[0xad]K[0x9f][0x16]j[0xeb][0x1c]_[0x17][0x14][0xee][0xf][0xad]C[0xbf]r[0xe5][0xdf][0xaf][0x9e][0xc6]5|[0x8c]NU[[0xb1]}A[0xb5]1[0xdc][0xca][0x86][0xe3][0x8a][0x13][[0x1a]N^[0xe3][0xac]}.[0x9f]DhW[0xf6][0x9b][0xbf][0xe8]U[0xcf][0xa8][0xa9][0x1b][0xa7][0xd1][0x9]`g[0xd6][0x1][0x7][0xc3][0x1c][0x81][0xd6]&gt;[0xbe]9[0xa1][0x2]:[0xbd][0x18][0x99];[0xbe][0xf5][0x1a][0xfd]EN[0xe7][0x85][0xb3][0xbd][0xad]6[0x93]6E63[\r]L[0x80][0x14][0xd9]Q&lt;[0xdf][0xf]~2[0xfd]9[0xca][0xc2]&apos;[0xd4]![0xfb]vm[0xf1][0xe4]|[0xdb][0xa9]=[0x90]l[0xe3][0x98][0xb6] [0xe2]b#[0xce][0xe6][0x93]f[0xa3][0xbf][0x84][[0xdf][0xb8][0x87]_[0x19][0xb7][0xf3][0xcc][0xee][\r]z[0xec]FC[0xd1]&quot;[0xa7][0xa6]P[0xe2]v[0xce]51[0xcd][0xd1]#[0xb8]ZX[0xb9][0xaf][0xa4][0xeb]o[0xfd][0xf7][0x16][0xba]x[0x1d]K[0xa8][0x19]0B2[0xf0][0xb1][0xec]Z[0x0][0xce]V[0x86] l[0xb5][0x96][0xfc][0x84][0x18][0xf0][0x81][0xd8]1[0x1f][0x4][0xae][0xf7][[0xc7][0x15]r[0x83][0xe1][0xd6][0x97][0x81]&quot;[0xf][0x82]s@![0x91]#[0xab][0xc3][0xd3][0xb2][0x2]s[0x9f][0xd5][0xdf][0x89]t[0xb1]66[0x93][0xe7][0xc5]*[0x19]o[0xa5]3T[0xdc][0xed][0xd1]P[0x9e]*eA[0xa2]~[0xaa][0xec][0x9d][0x1d][0xd2][0x88]/;5[0xa9]0I[0xb9][0xab][\r]G[0xf3][0xba].[0x8e]xH[0xd8][0xc]K [0xff][0x13]sy[0xb4][0xb][0xe0][0x9a][0xf6][0xa7][0xd4][0x92][0xc1][0xae]*[0x8]X$[0xc2]c)[0x9a][0xae][0xf8]W|[0xeb][0x5][0xae]t[0x96][0xb8][0x0][0xe2][0xd9][0x98][0x16][0x18][0x8a].[0xed]7f[0xc0]Fd:[0xc9][0xdd][0x93]g[0xfe][0xa4][0xba][0x3][0xeb][0xb6][0xc7][0xa8]BU[0xe2]V[0x88]UF[0x18]I[0xad]C[0x1e][0x3][0xb6][0xc8][0xf5]yj[0xf2][0x1b][0x95][0xed]-[0x97][0xf0][0xc][0x5][0xad]+f[0x84][0xea]Cjoa[0xb5][0xd7]v^[0xc1][0xbb]nMq[0xbd][0xb2]p\[0xbe]o[0xdd]b[0xda][0xa8][0x97]][0xaa]V[0x0][0x9e][0xde][0x83][0xf6][0x1a][0xda][0x9f][0x8][I[0x91]r[0x18][0x1a]k[0x81]J[0xf3][0xca][0x9]\`Hj[0xb9]L[0xf7][0xde][0x9a]8[0x1c][0xfd][0xc]3*[0x1e]T[0xc7][0xa1][0xbb]i[0xd6]s[0xa8][0xfb][0xb1][0x95][0xe5]&lt;5-Z_E[0x83][0xb1]V[0xfb]B[0x1][0xcc][0xc2][0x9]wZ[0xda]5[0xde]E[0x87][0x97]Z[0xde][0xfe][0x14][0xfa]~[0xdd]V[0xc]g(.K5[0xb7]0=[0x5]%[0xb2][0xbe][0x90][0x95]cx[0xe0][0x88]c[0xb]Q][0xdc]v9[0xf2][0xb9][0x95][&apos;[0xe8]E8l&amp;[0xab][0xc3]!$[0x80][0xf5]][0xc4][0xb0][0x10]t[0x11][0xfb][0xf6]%[0xfb][0xf3][0x16][0xd1]{[0x1e][0xae][0xf2]D[0x85][0xb2][0xc0][0xb][0xbf][0xc9]N[0xc7]X1[0xf6][0xc5][0x9][0x9][[0xd0][0xc2][0xbc][0xa5][0xc2][0xd8][0xf9][0x1a][0x84][0x1f][0xc3][0xf6]_[0xc];m=^[0xb0][0xaf][0xb][0xa5]h[\n]&quot;
2013-02-06 13:51:56,391 AAD-WS DEBUG wire:63 - &gt;&gt; &quot; D[0x93]#[0xb1][0x17][0xcf]&quot;P[0xd1][0xb3][0x8f]8F9g[0xad];[0xa7][0x9f][0xf3]B[0xfe][0xa7]&quot;[0xe0]On[0xf1][0x97][0xdb][0xf0][0xf9][0xbf][0x87][0xc1][0x9f][0x1e][0xa4][0xfd]j+%[0x95]4M[0xd9]Q!#[0xfb]X[0x1e][0xcd]Vp&lt;[0xe7][0x9a]=[0xf3]i&gt;[0xcd][0x0][0x16][0x8f][0xa8][0xfe][0xf3]~E0y&gt;[0xb4][0xf9][0xa6][0xdd]97f[0xd8]M&apos;[0x93] [0xb4]=[0x87][0xd9][\n]&quot;
2013-02-06 13:51:56,392 AAD-WS DEBUG wire:63 - &gt;&gt; &quot;[0xf0][0x12][0x8f][0xfe][0x85][0xf2][0xd9]G?[0xf8][0x87];[0x92]&gt;[0xd1][0xf2][0xfa]M=[0xc5][0xb7]c[0xba][0x89][0xe3]s[0xab]xp@[0xa9]#|[\r][0xd9][0xdb][0xee][0x85][0xde][0xb6]O[0xb4]d[0xd5]8+[0xf0][0xea][0x19][0x18][0xd4]a[0x13]=H[0xde][0xa1]k[0xac]h[0x8f]E[0xd7][0x85][0xac][0xc2][0xf][0xc9][0x8b]&apos;\[0x86][0x9a][0xf4][0x92])Zu[0x14][0xba]1[0x1a][0xb4]_[\r][0xa6].[0xdf][0xd1][0xc5][0xb0][0xa9]_[0xcc][0xe6]|[0xd2][0xb1]X[0xbe]1{-g[0xeb][0xa6][0xdd][0xe1]&lt;[0x9c][0xb7][0xad]\[0x19]\[0xae][0x9d][0xb3][0xdd][0xb3][0x10][0xd0][0xaf][0x1][0xb2][0xf9][0xca][0x86][0x1d]t8[0xe0]r[0xbd][0xd6][0x9c]J[0xef][0x81][0xd4][0xe9][0xe0][0xbe][0xab][0x83][0x86]A^[0xec]J[0xfd][0xb6][0xdb][0x9f][0xa7][0xec][0xb2]U[0xac][0xc1][0xe][0x19][0xc6]p[0xa9]x[0xbc][0xc6]m[0xa9]5[0xd4][0x8]i[0xb0][0xd4][0xed][0xf0]I[0xb7][0x83][0xf9][0xdc][0xe9][0xa9][0xa0]$[0x9f]&lt;D[0x16][0x98]f%[0xa4]*0E[0xb5]E[\n]&quot;
2013-02-06 13:51:56,393 AAD-WS DEBUG wire:77 - &gt;&gt; &quot;[0xa5][0x8e][0xfd],[0xea][0xfa]$]}[0x11]n.[0xe9][0x9a][0x82][0x85][0xe3][0x94]t[0xe5][0x1c][0x12][0xcf]o9u%[0x98][0xe3][0xb][0xc4][0xcf][0x1f][0xfa]c~y[0xef]o&quot;
2013-02-06 13:51:56,393 AAD-WS DEBUG wire:63 - &gt;&gt; &quot;h,0[0xa3]&lt;[0x92]89[0xb1][0x15][0xa1]M[0xc0][0xc8]&gt;M[0x3][0xc2][0xde][0xd7][0xb1][0x12]8[0xee][0x17]&lt;[0xef][0xb7]z[0xbd][0xcf][0xd9][0x93]h[0xc5][0x9a][0x90][0x9][0xe0]=][0xe5]e[0x97]Wpy[0xd2][0xbb][0xb3][0x98]][0xd2][0xbf]I[0x90][0xef][0xbb][0xef]=[0xcf]s[0xd5][0x18]VM[0x11]]`.b[0xf0]n}[0xb6][0xdb][0xa3]!mP[0xa9]%_V[0xf2][0xef]MPf[0xb6][0xbb]HP)?S[0xc0][0x99]Kd#[0xe3]7`[0xcf][0xef][0x1a][0xb5][0xeb][0xe4][0xe0][0xa5]&amp;4_[0xe5][0xfa][0xfb][0x97][0xcf][0xa0][0x1b][0xd7]m8[0xaf][0x8b]X[0xa8]__[0xda]l[0xcf][0xaf].[0x86][0x82][0x8a][0x6]x9.[0xe0][0xa0][0x99][0x1a][0xb4][0xed]|[0x8]VJe[0x81][0xb2]F[0xc8]S[0x81][0x88][0xad][0xa4][0x82][0xde]u[0xd4]9 [0xd3]%p[0xfc]j[0x13][0x9f][0x9f][0xb0][0xca][0xa3][0xec]q[0x1e][0x17]I[0xd7][0x14][0x14][0x8e][0x7][0xd1][0x4])[0x8]aXW]7[0x1c]L[0xf4][0xdc][0xe6]yw[0xa2]O[0x1a][0x93]ooN[0xe8][0xae]][0xfc]&lt;[0x10]&apos;Q[0xe1]ZYCG?[0x8a]A[0x8f]x[0xe9][0xe4][0xfd][0x1a][0xb8][0xfc]z[0xfd]$n[0xb9][0xad][0x1a][0xae]-pS`T[0x83][0xeb][\n]&quot;
2013-02-06 13:51:56,394 AAD-WS DEBUG wire:63 - &gt;&gt; &quot;w[0xb8]B[0xa0]&lt;1[0xd4]az[0xe6]*[0xfd][0xda]F[0xe0][0x9d]V[0xf2]1tY[0x18][0x10]c[0x99]gW[0xc][0xb6][0xd5]N[0xc4][0xdd].[0xa6][0xb9]r[0xe0][0xc9]$^8i[0x9f][0x19][0x8b][0xeb][0xca][0xbd]a[0x87][0xe8][0x96][0xfa]@[0xeb]&quot;[0x8e][0xbe]V[0x1]K[0xcf][0xdd][\r][0xf5][0xc]V[0x88][0xe9]/h-[0x9a][0xf5]%[0xa5][0xf0][0xd4][0xc9][0xe6][0xd3][0xa9][0xb5][0x90][0x86][0x80][0xd2][0xf1]l[0x88][0xdc]iA[0x9f][0xbf][0x90];[0xf1]Y[0xc9]9[0x12]g[0xa8][0xce][0xa1][0xcb]hbM[0xee]P#tRC[0xb4]Z[0x90][0xe3][0x19][0x1][0x98]/[0xef][0xb4][0xc9][0xb1]&gt;[0xf0][0x98][0xcf][0xc5][0x2]L[0x14][0xed]M[0x1a][0x9c][0xed][0xe1]6[0xa6][0x9a][0xbd][0x10][0xfe][0xfa][0xda][0x1][0xf0][0xcb][0xe3][0xe7]g[0xb9]p![0xd3]e;[0xd3][0xb3][0xf6][0xd0][0xd3][0x1b][0x8f][0xd5][0xab]s[0xc4][0xf6][0x1c]&gt;[0xd9][0xd5]K[0xae][0xe2]r[0xad][0x85]&lt;[0xc0][0xbb][0x11][0xd5][0xf2]=[0xb][0xb5][0xf6][0x80][0xe8][0x17][0xb6]?[0x9d][0xc7][0xf3][0xda][0x19][0x17]v[0xf0]#[0xf7]w^[0xd1][0xc4][0xd5][0x1d][0xe0][0xcb][0xe7][0xb5][0xea]A[0xed][0xd6][0x90][0xeb][0xb6][0xda][0xca][0x1e][\r][0x9d][0x9e][0x6][0xe6][0x9e][0x3][0xf1]y[0xf]WT[0xc5][0xea][0x6][0xf7][0xaa]k[0xf7][0x16] [0xf]S[0x88]q[0xc0][0xc5][0xd5][0xa1][[0xfc][0x1a]x][0xae])JRStr&gt;[0xa4][0x0]AGp)[0x1f]V[0x7]b+[0xdf]U[[0xf4][0xdc]]y[0xb3][0x9a][0xec][0x1b]I[0xee][0x9]~[0xa3][0x90]`(#[0xf6]bG[0x97]utB[0xd6][0xf1][0xd8][0x8c]xqb[0xf2][0xdb]K[0x9d][0xd3])[0xd2][0xa4][0xb7][0xb8][0xdc]/fo[0x5][0xe8][0xeb]#x[0xe2][0x15][0xa7]@[0x84][0x95][0x1e][0x11][0x15][0xe7]E[0x9b]&lt;[0x13][0x11][0xfd]Op[0xb1][0x9c][0x5][0xdb][0xec]EkS&gt;[0xc2][0xa7][0xe8][0x12][0xe4][0xb4][0xd9][0x1b][0xf8]I?[0xf3]r[0xc6]ZO[0x1b]q,[0x6]Y0[0xeb]zw[0xd9]Zm[0xb8][0xc6][0x7][0xa6][0xed][0xf]L[0x9c][0x6][0xc8]*[\r][0xbc]%[0xe][0xff][0x8f]bt[0xff][0xa9]|}t[0xbc]}D[0xd1][0xe6][0xe3].{[0xb7][0x11][0x9c][0x1d][0x81]n)[0x99][0xd8][0xb5][0xaa]x[0xb][0x18][0xbe]=[0x90][0xc4]&apos;[0xbd]f[0xbe][0xbf][0xfe][0xe1][0x13]V[0xc6][0xd1]n[0xec]R[0xde][0x5][0x94]1[0xc1][0xb4][0xd7][0x88]|[0x9d][0xac][0x84][0x9b][0x16][0xee][0xf8][0xd7][0xe8][0x1f][0x1f][0xeb]a[0x1f]/k[0xa8]r;}[0x93]c[0xf5].v[0xf7][0x89][0xdd]M[0xe1][0xcc][0xbd]of[0xb4][0xc6]4B[0x2]Vx[0x4];DD[0xc5]H[0xb5][0xbf][0x1a][0x88][-x[0x5][0xcb]p[0x9a][0xc5][0xe8][0xa0][0xbe]#yzwK0[0x9f][0xb7][0x9][0x6][\r][0xa9][0xdd][0xe1]bbO[0x93][0xaa]?ro[0x8b][0xe5][0x86][0xc]X[0xad][0xef][0xab]`[0xb7]c[0xb4]U[0xd4][0xe]XM\[0x9d]Q[0xba][0xd9];;[0xfd][0x8b][0xad][0xdc][0xe7]Q[0x9]d[0xbb]%[0xba][0xcd][0x8c][0x1b]0[0xf5][0xb7][0xb3][0xa3][0x81][0x18][0x9c][0xa0][0xfa][0xde][0xaf][0x9e][0x94]P[0xcd][0xeb][0x99]@P[0x99]* [0x11]B[0xce][0xae][0xdb]&lt;[0x19]n[0x94][0xb8][0xd6]7rc[0xc3][0xcf][0x9b]j[0xcc][0xf6][0xe1][0x99][0xb7][0xfd]~5[0xb6][[0xcf]U[0x0][0xf3]X[0xd8][0x9a][0xb8][0xb2]C[\r][0x92]&lt;s7.x[0xf9][0xdf][0xca][0xd2][0x9e]v[0xaa][0xb][0xd9][0xd5][0x5][0xb4][0xca][0xad][0xd4][0x0][0xa1]KCZhZ[0xcd]f[0xea][0xe0][0xf4][0xcf][0xb0][0x9b][0x17]3[0xfa][0xe7][0x9e]c[0xa2]+[0xd6][0xec][0x92]K[0xab][0x8f][0x86]]^3ght2[0xb4][0x16][0xac][0xde][0x9c]j[0xa9][0xda]yt[0xc1](\[0xe2]B[0x15][0x7][0x1e][0x1c][0xb6]Hn`O[0xc4][0xf9][0xde][0xd3][0xcf][0x97][0xa5]2[0xbd][0xaf]=[0xbb][0xbe]&quot;[0xe2][0xfb][0xe5][0xb3][0x95][0xd9][0x87]~[0x1b]W[0xe7][0x92]&amp;[0x8e][0xc]xr[0x98]P`[0xee][0x1f]*B[0xea][0x17]L[0xd4][0xdc][0xa3][0x97][0xf3]1!?[0xd6][0xf8]}&apos;[0x2][0x91][0x83][0xd1]Q@[0x3]F[0xb8]&gt;[0xee][0x8e]H[0xcf]a[0xcf]k[0xd5][0xe6][0x95][0xfb][0xbc]R&apos;[0xa8][0xe9][0xb2][0xc5][0x81][0xc]Z[0xef][[0xb6][0xb0]&apos;[0xe][0xee][0xd8][0x11][0xae][0xf1][0xeb][0xb][0xc][0xef]w[0xbb][0xf4][0xe5][0xfd][0x87]x_[0xab][0xc8]ypr[0x16][0x88]L[0xdd][0xe1][0x12][0xda]~z&gt;[0xf6][0xbe]&apos;2ry[0x4][0xa9][0xbe][0x90][0xc]w[0xf7]B;[0x99]%d[\r][0xee][0xf8]A[0x8c][0xc2])/l [\n]&quot;
2013-02-06 13:51:56,395 AAD-WS DEBUG wire:63 - &gt;&gt; &quot;[0xe0][0x14](z[0xb1][0xbd]n[0xbc][0x95][0xfd]R5[0xdf][0xaf][0xc8]z^f[0xb9][0x81][0xbd][0x9f]Na[0xcd][0x94][0xbc]qavj=[0xa0][0xed]&gt;[0x17][0xc4][0xee][0xb2]`L~[0x8d] [0xc5]Y[0xbc]K[0x91]J[0xed][0xa1][0xd1][0xb8][0x82]]jb[0x97][0xe4][0x0]^[0xf0][0xfe]q[0x2]Ow[0xd7][0xf1][0x8e][0xb9][0xff]u[0xb7]h[0xa9][0xe7][0xfe][0xfb][0xb7]fI[0xf].&apos;[0x1d]?:[0x83][0x96][0x7][0x2][0x15][0xe2][0x1e][0xf5][0xd8][0xeb]N[0xa3][0xf][0x14][0xc8][0xf9][0x90][0x0][0xdd]T[0xa1][0xaf]{h[0xc8][0xbc]8[0xd5][0x9d][0xc3][0xfa][0x9d][0x15][0xa0][0xbe]k[0x4][0xb6][0x13]z[0xf4]e[0xdb][[0xda]jz9[0x88][0xf8][0xa8][0xbf][0x9b]yf[0x9f]3z[0xb3]G.[0x18][0xe9][0xc0][0x9d]~&lt;[0xfa][0xb7][0x83][0xad][0x88].[0xc1][[0xaf][0x15][0xce][0xff][0xc0][0xd4][0xfc][0xf2]vAz[0xb5]SE[0xe5][0x12][0x88][0xe7]W[0xa9][0xc1][0xe9]X[0xcd]j`][0xad]V[0xf5][0xc1][0x8c][0xd5][0xcd][0xd6][0xaa][0xca][0xe1]93[0xf4]C8c[0x1e][0xc9][0x93][0x9b][0xfa][0xb4]:[0x98]-[0x96][0x80][0xbc][0x91][0x99][0xe4]fm[0x97][[0xc1]=3[0xdb][0x17][0xbb]2[0xbc]Gb[0x16][0xce]d[0xbc]&gt;[0xae][0xe][0xa0]uj[0xa5][0xa4][0x87][0xd6][0x90][0x8d]wZ[\r][0x1]y[0xea]8[0xb][0x1b][0xfc]Co[0x92]w[0xf0][0xfd][0xac]o[0xe8]v-[0x86][0x9c]mS[0xda]1/[0x8b][0xa3]&apos;[0xf0][0xdd][0x9a][0xa0]V67[0xad]^[0x12][0xab][0xcf]C%X[0xe5]}[0xf2][0xee][0x83][0xad][0x15][0x91][0xdb][0xad][0xb6]I[0xa6]KQ[0xb8]D[0x8b][0xfb]QvR[0xcd][0xfe][0xd6][0xfd]YJ[0xfb]\7[0xbc][0xad]amY[0xeb]*[0xf9][0xf6]Z[0x8a][0xeb][0x89][0x9d][0x14][0x0][0x87][0xa6][0xbc][0xe9][0x9e]w[0x9d][0xfa]^U[0xb4][0x94][0x2]5[0xcd]i[0x83]e[0x80]J*[0xa1][0xe7][0x97][0x4][[0xf][0xee][0x1d][0xd6][0xe][0x87][0x83][0xbc]T[0x1a][0xf6]Q[0xee][0xe6]7[0x9c]G,[0x9c]=[0x5]l/[0xc3][0xfb][0x14][0xdc][0xa8][_Ktf4J[0xf1]%[0xf2][0xd3][0xc][0x1c][0xfc][0xfe][0xe9][0x87]:[0xfa]y8[0x8][0xe2][0xae][0xba][0x91][0x96][0x13]G[0xd8]:[0xed][0xf]i[0xb9][0xb6][0x93][0xbd][0xc2][0x82][0xec][0x2][0x9b][0xef][0xa7]t[0xd1]&lt;[0xe][0xba][0xfb][0xb5]k[0x8e][0xb6]&lt;[0xd2][0xc5][0x83][0xd0][0xae]CC[0xb6][0x18][0xe2]|[0xa0][0xe4][0x17][0xd1][0xf3][0x1f]U[0x5][0xcb][0x4][0x15][0xa5][0xf2][0x85]c[0x2]_[0xcb][0x95]`(P[0xd7]#[0xd6][0x88]^[0xb2][0xc4][0x10][0xeb][0x85][0xa4][0xc1]7J[0xee]r[0xf9][0xe1][0xa8][0x88][0x8e][0xea][0x84][0x99] [0xee][0x90]HY[0x93]v#[0xed]M[0xe1][0x88]q[0xb]@[0xe5][0xbb][\r]~[0xc2]kCDFhO[0x17][0xbc][0xdd][0x94][0xa7][0x9b]w&amp;5[0x9f][0xbe]^[0x7]|[0x15][0xdb][0xb][0x87][0xe6][0xe1][0xa8]p[0xe4]&lt;[0xf1]RC;(b6[0xb5]+[0xf4]9[0xe8][0xfb][0x16][0xd7][0x82][0x86][0xd0][0x10][0xf2][0xb8]0[0xd6]7Z[0xd9][0xa7][0xbe][0xf8][0xc8][[0xe][0xbd]9[0xc3]a~$r[0x6][0xea]3[0xab]i[0x81][0xd1]@[0xa6]%\[0xb9][0x94]=[0x9a][0xf]_[0x8e][0xae]%n[\r][0x8][0xc6][0xa8][0x1c][0xc7][0xf3][0xb8][0xdf][0x17][0xb4]f[0x4]Ey[0xda][0xbf][0xa8]._[0x89][0x5]mOJ[0x11]P[0x19][0xa8][0x1d]Y[0xc2][0xce][0xf7][0xd5]M[0xda]K;[0x9f][0xda]{[0xf8][0xe7][0x9][0xdc]o[0xc6][0xeb]=[0xf7]9?[0x89][0x12][0x0]][0xfd]p%93p[0x14]e[0xcd][0xf2][0xab][0xe0][0xe2][0xe][0x8e][0x88]l[0xff]&amp;[0xea][0x1a][0x1b][0xb9][0xee]#|[0x99]?[0xeb][0xee][0xdf][0x95]~[0x17][0xb1]R[0xc2]m[0xe4][0xb5][0xce]T[0xe1]a#[0xae][0xb][0x18]u[0x93][0x97]j~x#[0xd8][0xb7][0x6][0xe8][0xee][0xbc][0xd3]&gt;j[0x13]{[0xd9]@[0xa1]?rj[0xcc][0xb1]}[0x99]l[0xbd][0x9]E[\r]?yn[0xb0][0x97][0xdf][0xda]v_[0xe1][0xc5]N[0xab][0x7][0xdc]6[0xd7][0xe9][0xaa][0xde][0xa7][0xe3][0x1e][0xb6][0xe5][0x12][0xf6];|[0x8f][0xa0][0x9b]\y[0x99][0x8][0xff][0x8d][0x8d]9[0xc3][0x82][0xdf]E[0xfd]$[0x4][0xf9][0xe][0x86]R[0x93][0xdd]sT[0xea]3&lt;X[0x8]T[0xb1][0xf8][0xee][0xa9][0xd2]~+[0x89]{[0xf6][0x16][0x1c]][0xeb][0x4][0x88]nL[0x1a][0xde]^[0xe][0x83]]H[\n]&quot;
2013-02-06 13:51:56,396 AAD-WS DEBUG wire:63 - &gt;&gt; &quot;[0x1d][0xf][0xeb][0x15][0xdf][0xbc][0xd0][0x8d][0xf6][0x9c][0xa5]O:d[0xe4][0x17].[0x96][0xb5][0xad]5[0xc]([0xc9][0xf7]Gd[0x12]&amp;@1[0xab]u[0xe9][0xfe]M[0x7][\r][0xcb][0x9d][0xb0]x[0xc4][0xc9][0x9f][0xcc][0x8f][0x96]P!L[0xf9][0xe6]X[0x97]&quot;4[0xb2][0x1][0x9a]Q[0x1e][0xb][0x84];4y)BqJ[0xed]([0xf4][0xab][0xfe]D[0x8b][0x9b]h[0x1c][0xa9][0x1a]H$[0xbb][0xbd][0xe5][0x92][0xdb][0x9d][0xd8][0xba]S[0xea]7[0xab]U[0xf7]y[0x97][0xf4]7*[0xd4]3[0xa4]s[0xb6][0xf0]^l[0x8c][0xed]F[0xaf][0x9c]^[0xbc]o[0x13]x[0xd4][0xcd][0xe3][0xf9][0xea]6/[0x85][0xe6][0xbf][0xbf][0x1a]yv[0xf0][0xd3][0xe1][0xea]&amp;:[0xd6][0x9f]][0xfa][0xd6][0xd5][0xdb][0x1d][0xaf][0xb5]np[0xd8][0xd1][0xe7][0x17][0xea];g:[0xde][0xbf][0xf2][0x9a]9[0xde][0xb8][0x15]{$[0x99]d[0xbd][0xb][\n]&quot;
2013-02-06 13:51:56,396 AAD-WS DEBUG wire:63 - &gt;&gt; &quot;0[0xd9] [0xaa]*[0x10][0xc2][0xc1][0x1b][0xb0][0x17]X5s2[0xf9]I[0xcb]![0xc2][0xa6][0xce][0x8a][0xa6]%[0x19]_[0xa4][0x87][0xce]?M[0xa3][0x91][0x1][0x2]p&amp;[0xe2][0x17][0x1b][0x16]?[0xd5][0xa7][0x19][0xb1][0x91][0xfb][0xb4][0x6]#[0xab]f[0xf1][0x8e][0x13]E[0xd8][0x2][0xbc][0x9e]*Q[0xf4][0x19][0x11][0xe3][0xc7][0xd1][0x1f][0xae][0xc6]G[0xfc][0x7][0x2]{([0x97]C[0xac][0x8d][0x8c][0x96][0xac]T[0x1f][0xa0]&apos;[0xb]7[0xc4][0xdd]u[0xf8][0x9b][0xba]k[0xbe][0xd5]G&lt;[0xc0][0xd4]r[0x89][0xc4]T[0xe5]7[0xb7][0x9c][0xe2][0xa4]&lt;d[0x8e]r[0xda][0x8][0xe5][0xdd][0xd5]Q[0xa6]K[0xb0][0xf4][0xa6][0xb5][0xb7][0x8d]y&quot;[0x8e]C[0x3] [0x1d]p[0xbe][0xa4]a[0xc][0xd7][0x1b]0[0xae][0x11][0xf5][0xb8][0x91][0x15][0x18]o_*[0xe3][0xfa]yR[0xf3]d[0x1]7&lt;[0xc5]T[0x13][0xb6]|[0x17]f[0xb7][0xda][0xad]4[0x84][0x85]i[0x97][0x8c][0xd1][0x97][0xee][0xb0][0x90][0xc7][0xfa]v[0xfd]-[0x9f]5[0x8f]AU[\r][0xdf][0xf6][0xc5]J[0xf0][0xd1]Ki[0xd9][0xbe].q[0xb8][0xd8]&quot;[0x0][0xb9][0xb2]_[\n]&quot;
2013-02-06 13:51:56,397 AAD-WS DEBUG wire:63 - &gt;&gt; &quot;[0x9c][0xbd][0x90][0xbd]} [0xe0][0xe7][0x8d][0x1f]T[0xfc][0xd6][0xb4][0x1d]1Az[0xee][0xa9][0xe7][0xad][0xe7][0xc0][0x97][0xfd]:M[0xb4]`|[0xc9]-[0xfa][0x11][0xb4]&gt;+(-il[0x13][0xc8][0xc7][0x16][0xb8][0x1c][0x9c]a[0xb5][0xb1][0x9b][0xde]&amp;(p[0xcd]y[0xaf]1N[0xde][0xdb][0xa6][0xb8][0xf][0x16][0xed][0xa7][0xdd]9[0xa9][0xd5][0xa5][0x9][0xa9][\n]&quot;
2013-02-06 13:51:56,397 AAD-WS DEBUG wire:63 - &gt;&gt; &quot;[0x9b][0x14]~b[0x18][0xf2]Di{[0x9d][0xd1][\n]&quot;
2013-02-06 13:51:56,398 AAD-WS DEBUG wire:63 - &gt;&gt; &quot;[0x92][0xdd][0xbf][0x90]&gt;[0xf8][0xd1][0x7][0x9e]wZ[0x8e][0xa7][0xca]&quot;/[0xb8]}[0x88],[0x8e][0xcc][0xb7]=;[0xa1][0xe7][0xc][0x1e][0x14][0xa3]_[0xc8][0xbd]}[0xf0][0xb3][0x16][0xe2]&gt;Su;[0xb8][0xc5]X[0xc6][0xc1][0xcd]L[0xa1][0xba]0[\r][0xd4]#Ki[0x18][0xa6][0x17][0x15][0xc3][0xff][0xcc][0xbb][0xff][0xde][0x97][0xc5][0xb1][0xf3]&apos;[0xc5][0x82][0xda] &quot;#[0x87][0x1b][0xbc][0xe2]$[0xb1][0x1d];[0xba][0xa4]6[0x82]d[0x1c][0xdb][0xa5][0x17][0xb8][0xff]QK[0xfd][0xf6][0xe9][0x19][0xe5][0xb1][0x91][0x91][0xaa]U;[0xc2][0xde]2[0x95][0x8][0xe8][0x7][0xe7][0x14][0xef]N[0xc0]aO[0xfc][0xc5][0xd7][0xe8][0xd2][0xf][0xba][0xf2]&lt;[0x92]n&apos;[0x81][0xb9][0xc8][0xa7][0xdd][0xc6]j[0xa6][0x6][0x13][0x7][0xcc][0xf0][0xb3][0x8b]%[0xae][0x89][0x97]D[0xe1][0xe9][0xbb]s[0xe5][0xde][0x83][0x19][0xcb][0xe8][0x8d][0xfa][0xac][0xb3]X[0xb6][0xda][0x99][0xfd][0x5][0xd1][0xa0]K![0xfc]][0x4][0xf3]&quot;[0xef][0xde]H[0x0][0xcf][0xd4])[0xe7]P[0xb5][0xd4][0x84][0x13](tM[0xc1]Y7[0xa7]Z[0xd3][0xfa][0xb6][0x10][0x94][0xe1][0xc5][0xda][0x9f]g[0xde]NR[0xaf][0xc0]h[0xbb]n.[0x82]5J[0x5]@[0xb5][0xd4][0xd1][0xc9][0x12]m[0xad]n[0x97][0x12][0xc8]w[0xe5][0xb8][0x9c][0x6][0xa9][0xf3][0xfe][0xc][[0xee][0x16][0xbc][0xd2]&apos;[0xd9].[0xeb][0x13][0xcc][0x1f][[[0x10]o[0xd6][0x9f]h[0xaf][0xe5][0xcf][0x1f]*[0xdc]+v[0xd3][0xf9][0xb2][0xc3][0x93][0x1b]a[0xd9]p[0x88]W\[0xd6]bg[0x91][0x92]_[0xa0][0xa2][0xce]t[0x80]~\&lt;y[0xc1]i|[0xa2][0xaf][0xbb][0x8b]e[0x5]8T[0x2][0xf8][\r][0xe7][0xae][0x92]6[0xd1][0xd0]a[0xe4]_dyL[0xf9][0xce][0xd7]J[0x18][0xe3][0x5][0xde]&apos;8[0xd1][0xc0]xU_$[0x1d][0xaa]D[0x97]X[0xe3]&gt;[0xf8]R.[0xfc][0xe3][0xb][0x11][0xe6][0xb][0xc8]BG[0x94][0xaf]1C+[0x98][0x12][0x8d][0xa7]u[0x18]^[0xbd][0xcb][0xd6]h8[0xf2][0xb5]f-?[0xbe]#~[0xb9]n[0x14][0xde]C[0x91])[0x94]g[0xc3][0x1c]6`}[0x18][0xe0][0xb]N[0xac]Qb[0xb8][0xf0]/[0xf6][0x14][0xfb][0x1a]j|[0xe3]i[0xb4]M[0xb3]T^r[)[0xa7]`[0xc4][0xda][0xc6][0xf1][0xe1][0xe3][0xd5][0xd5]&amp;[0xa2]h[0xfc][0xa1][0x1c][0xf7][0xb][0xe4][0x9c][0x9f][0xbb]n.[0xf7][0x9d][0xe3][0xf1]C/&amp;[0xd9][0xe8][0x1d]R[0x10][0x8a]O[0xd0][0xde][0x9f][0x10]NvY[[0xff]S[0xaf]H[0xfe][0xb6]x[0x5]l[0x1b][0xe5][0xe6][0x9f][0x95][0x8d][0xee][0xaa][0xe1]&amp;[0x15]S[0xf][0x5][0x18][0x8e]\[0xf2][0xf0][0xfe][0x1c][0xa7][0xf7]+[0xb5][0xf0][0xae]T[0x1e][0xec][0xc2][0xcf][0xc8][0xbe][0x1]X[0x8e]m[0xe5][0xde]=[0x87][0x9][0xe1]S[0xa5][0xb7][0xe4]s[\([0x8c][0x94]_[0x2]R?[0x85][0xba][0xe7]-[0xaf]vk[0xc0][0xd3]m[\r][0x95]k*1[0x99][0xc4]08Q[0xc1][0xf]uY[0xc7]/[0xc1][0xa5][0xe5]W[0xac][0xf4]7\[0xc][0xe]+[0x12][0xaa][0xb5]6?[0x89][0x95][0xd4][0x8c][0xa1]gB[0xfe][0x1]|[0xa6][0x16]_[0xaa][0x8b][0xfb][0xf2][0xc7]{Q[0xe7]1[0xe0]!Y&apos;[0xbb][0xc8][0xaa][0xd4][\r][0xcf]p[0xeb][0x8a][0xde][0x98][0x85]e[0xe9]G[0xb4]$[0x17][0xc2]7sjn[0xe1][0xed][0xd3][0xc0]f[0xbf][0x83]7[0x99]&lt;U[0xd3][0xdd][0xa7].6[0x1b]z[0xd5][0xf9][0x0][0x1e]w[0xe6][0x82][0xc][0xfd][0xda][0xc5]c[0x9e][0xe5][0xe9] M[0x84][0x8e][0xd3]q[0xbb][0x9e][0xa2][0xa1][0xd5][0xf9]D9P[0xd0][0x86][0xae][0x97][0xba][0xb5][0x5]@?[0xbd]gd)[0xd8][0x1c]9[0x6]T#[0xfb][0x84]f[0x8a][0xe0][0xb6][0xcf][0xb]5[0xb]U+[0xba][0x94][0x17]o![0xf9]=[0xb7][0x1c][0xf5]&lt;[0xa3][0x7]Q[0xdb]A[0xb8][0xb2][\r]s[0xd9][0xb3][0xa2][[0x6][0xe8]![0x98][0xf2]A[0xa5][0xd2][0xa5][0xfc][0xc2][0xc7][0x1a][0xeb]_[0xd9][0xb6][0x9f][0x17]`ka[0x93][0xbb]4[0xbe]/Sj[0xc0]l[[0xc7][0xa0][0x2][0x85][0xe0][0x8d][0xe8][0xed][0xff][0x8a][0xa9][0x99][0xa7]@![0xba]Vn[\r][0xa8][0x80][0x8e][0x7][0xf0]0[0x81]:[0xb4][0x96]][0x80]*[0xfa]%[0x12][0xcb][0xbb][0xaa][0xf9][0xe9][0xb5]ZO[0xf5]Lk:&amp;x9&quot;N[0xdd][0x83]R\[0xe1][0x5]ZND[0xa9]l[0x87][0xeb][0x82].[0xfb]!Zq[0xf0][0xc6]g[0xb1][\n]&quot;
2013-02-06 13:51:56,398 AAD-WS DEBUG wire:63 - &gt;&gt; &quot;D[0x8e][0xc8][0x94]D[0xf2][0x8b][0x90][0xb0][0xc8]*[0xb3][0xaf][0x9a]a^e[0xd5][0x9][0x90][0x5][0xd3][0xb8][0xd4][0x1b][0xeb][0xe5]u[0x2][0x1][0xba][0xc6][0x9c]Hyb&apos;[0x81].,u[0xb5][0x2][0xce]Ko[0x89][0xff][0x15][0xda][0xfc][0x97]$[0xd4][0xcf][0xfd][0x89]y[0xcc][0xa9]O[0xfa]N[0xa9][0x1d][0xb2][0xcb][0xea][0x1a][0x91][0xc1][0xbb][0xe6][0xd4]&lt;[0xe3][0xbc]v[0xe9][0x85]p[0xca]O[0xbb]6[0x1f]G[0xf3]Qn[0xad]S[0xc8][0xbe]B9[0xc1][0xde][\n]&quot;
2013-02-06 13:51:56,399 AAD-WS DEBUG wire:63 - &gt;&gt; &quot;7,X{[0xad][0x81][0xb1][0xc0][0xdf][0xf3][0x86][0xe7]G{3[0xef][0xad]H[0xfe][0x9][0xd2][0xbc][0xad][0xcc]1[0x81][0x92][0xfd]hJm[0x8b][0xf9]q[0xb7][0x95][0xec]#[0xbe][0x8d] [0xf0][0xa5]`[0xde][0x9b]5xFQ[0x80][0xcb][0x91][0xbe]([0xe2]-9[0xc8]=Tob[0xb2][0xd9][0x8b][0xec][0x8][0xec][0xb3][0xf2][0x85]M[0xf9][0xa3][0xac][0xf0]m*o[0xe2];orX[0xe1][0xe2]D+[0x9d]k[0xa0][0xc6]&gt;g[0x14][0xe][0xaa]7C[0xdb][0xf0][0xcd]qx[0xf]h[0xfc]?PK[0x7][0x8][0xad][L[0xfe][0x9a]-[0x0][0x0][0xd7][0x8f][0x0][0x0]PK[0x3][0x4][0x14][0x0][0x8][0x0][0x8][0x0]1}D5[0x0][0x0][0x0][0x0][0x0][0x0][0x0][0x0][0x0][0x0][0x0][0x0][0x14][0x0][0x0][0x0]META-INF/SUN_MICR.SF[0xad]}I[0x93][0xa3][0xc8][0xb2][0xee][0xfe][0x98][0x9d][0xff][0xd0][0x8b]Z[0xbc]g[0xb2]{[0x10]HBp[0xcd][0xde][0x2]$F[0x89]yfs[0x8d]Q[0xcc]3[0x8][0xf4][0xeb][0x9f]2k[0xe8][0xac]*P[0xd2]}[0xbb][0xcd][0xba]S[0xca][0xaa][0xe][0x88][0x8][0xf][0xf7][0xcf][0xdd]?[0xf7]P[0xe2][[0xe1]t}[0x13][0xfc][0x97][0x1e]4m\[0x16][0xff][0xfd][0x7][0xf8][0x9f][0xed][0xbf][0xff][0xa5][0xd0][0x18][0xf8]_[0xe7][0xf8][0x16][0xb4][0xdd]qN[0x11][0x87][0xcf][0xf][0xff][0xfd][0x7][0x14][0xc5][0xc1]([0x9a]tHi[0xfc][0x16][0xc]&quot;mCRh[0x86][0xd6][0x1d][0xdb][0xfe][0xbf][0xff][0xeb][0xd4][0x4]N[0x17][0xf8][0xff][0x85]Oo[0x83][0xec][0xfe][0x3][0xfe][0xf1][0x94][0xbe][0xf8][0x83][0x8b][0xbd][0xa6]l[0xa7][0xb6][0xb][0xf2][0xf6][0xf][0xa6][0xf0][0xfe][0xf3][0xff][0xfd][0xaf][0xff][0x8b]w[0xf2][0xe0][0xbf][0xff]H[0x9c][0xc1][0x19][0x81]([0xc8]*[0x0]w[0xbc][0x14][0xf3][0xba][0xe7]+|Q[0xe3]&lt;[0xb8][0xc6][0xcf][0xff][0xa1][0x8][0x9a][0xff]x[0x99][0xd3][0xb6]?[0xbd][0xd0][0xff]AvDB[0xe2][0x7][0x84][0xf5][0xa3]&lt;[0x81][\n]&quot;
2013-02-06 13:51:56,399 AAD-WS DEBUG wire:63 - &gt;&gt; &quot;8[0x97][0xc7][0xdb][0xe1][\n]&quot;
2013-02-06 13:51:56,399 AAD-WS DEBUG wire:63 - &gt;&gt; &quot;[0xef]z[0xc1][0xfa][0xb3][0x83]W[0x99][0x13][0x2][0xb7].[0x5][0xe2][0xdc]y[0xe][0x1]([0x81][0xd3]x[0x11][0x17][0xf8][0xff][0xb9][0xc5][0xe1]/[0x83]WG[0xe8][0x88][0xe2]e[0x16][0xc1]S[0x80][0xba][0xe7]&amp;[0xdb]z[0x99])[0x0]i[0x9d][0xdf]&gt;[0xc][0xee][0x95]9[0xd0][0xf6][0x5][0xf0][0xf6][0x90][0xaf][0xcf]h[0xdf][0xc7][0x4][0xf8][0xb2]([0x82][0x9b][0xd3][0xc5]C[0xc0][0x14]]p[0xb][0x1a][0xea]m[0x1e]NW[0xce][0xcf]e&quot;vI[0xc3]D[0xdb]RC[0xeb]r#&amp;U[0xf2]p[0xb5][0xb2]k[0xd9][0x89][[0xf3][0xb8][0xaf]3![0x8a]!n[0xca]&quot;[0xf][0x8a]n[0xf6]![0xb0][0xe7][0xb3]f[0xbb][0xdd][0x11]0lj[0x11][0xdb][0x89]G[0xe7][0xaa][0x86]&apos;[0xda][\r][0x88]Us[\n]&quot;
2013-02-06 13:51:56,400 AAD-WS DEBUG wire:77 - &gt;&gt; &quot;[0xc6][0xee]\z?&amp;B[0x7]N5[0xfb][0x1c]W[0x8b]z[0x81][0xcd][0x10][0x91][0x1c][0xcc][0x96][0xd1][0xf3][0xeb]i[0x12][0xb4]0p[0xda]-[0xf3][0xf2]9q^e[0x80][0xe8]4m[0xd0][0x10][0xc3][0xd2]$[0xcc][0xe6][0xd0][0xd6][0xf][0xe4]B[0xa6]]r[0xbe][0x3]G[0x87][0xc0][0xed]A[0xdd]rQ[0xe0][0xad][0x99][0xc4]5[0xee][0x2][0xae]l[0xaa][0xe8][0x82]bv[0xfc][0xa8][0xf]p[0x86]a[0x5][0x5]9[0xca]&apos;Y)[0x95][0xcb][0x9e][0x84],v[0xdb]W[0xf7][0x17]RE??[0xf1][0xce][0x10][0xdf][0xde][0x16]&quot;
2013-02-06 13:51:56,400 AAD-WS DEBUG wire:63 - &gt;&gt; &quot;FcfG[0xbe][0xe0][0xc0][0xee]^[0xd3][0x82]5[0x9]f[0x96][0xc0])oE2/a[0x88][0xf8][0xd0]&gt;_[0x16]=[0xe][0xee][0xd8][0xdd]i[0x82]S[0x99]We[0xb1][0xb4]:g[0xc5][0xda][0xc][0xf9]^[0x7][0xaa]{[0xb2]95R[0xaf]g[0xa8][0xf2][0xfc]G[0x2][0x88][0xf9][0xb7]&apos;[0x9d][0xa1]l[0x9e]k[0xd2][0xf2][0xa5][0x1f][0xcc][0xe][0xc9][0xec]&quot;[0xcc][0xbb]\[0xa4][0x13][0x9c][0xaa][0xa7][0xdd][0xb6][0x1][0xf1][0xcc][0xdd][0xc4]b[0xc0][0x13][0xdc][0x8b][0x5]q[0x9d]6[0xf6][0xbe][0x1f]4[0xb1][0x89][0x9f][0xef][0xfb][0xfb]![0x3][0xef]HF[L[0xb2][0x85]yXQ[0x98][0x80]$[0xf8]8&lt;_[0x91][\n]&quot;
2013-02-06 13:51:56,401 AAD-WS DEBUG wire:63 - &gt;&gt; &quot;^x[[0xf6]m[0x9d][0x99][0xc2][0xf][0xc6][0x1f][0x8b]=[0xff][0xce]^[0xad][0x91][0xda][0xed]$[0x94][0xa4][0xa1][0x0][0x3][0x81]3Q[0x80][0xf7][0x8f][0x0]8[0xdd][0xd7][0x8][0xc9]S[0xca][0xfb][0xb7]S[0xf4][0xa6]~[0xda][0xd9][0x7]P8}&amp;[0xdd][0xd8]&lt;xr[0x1a][0x85][0xd5][0xe][0x17]/vZ[0xe][0xde][0xb4][0x95]&gt;][0x14][0xfc][0xed][0xbf]TV[0xb6][0xad][0xd3]L[0x9f][0x9][0xcd]][0x0]$p[0xef]uQ[0xc4][0xc5]l[0xa2][0xf3][0x82]E[0xef][0x8f][0x8c][0x7][0xd7]:[0xb6]f&amp;x[0xd7][0x4][0xc1]9[0xf6][0xba]7[0xb1]q[0xbc][0xa5][0xf5][0x82][0xf][0xe5]u[0x87][0x11]2v[0xd9][0x13]6E[0xbb]L[0xee][0xc0][0x9]|hN[0xc4][0x82][0xd0][0x7]o[0xe7][0xf3]][0xea][0x95][0xa0][&gt;[0xac][0x9a]|[0xe][0xf2]G[0xfe][0x88][0xc4]J[0x9f]$&apos;[0xc][0xb7]9[0xb][0x84][0x95][0xe9][0x1d][0x99][0xb5][0xb2]#[0x14][0xcc][0xd3]f[0x9c][0xfa][0xa6]}[0xbe][0xfb][0xef]&quot;[0xb4][0x87]v[0x8f]Kv18[0x9c]c[0x82][0xea][\n]&quot;
2013-02-06 13:51:56,401 AAD-WS DEBUG wire:63 - &gt;&gt; &quot;[0xa2]2[0xd9][0x1e]6h[0x19]v[0xfb][0xcf][0xf][0xd5][0xa9]o[0xbb]2[0xbf][0xc4][0xdd][0x97][0xaf][0x9f][0xbe][0xef][0xfb][0xec]\:[0x1][0xb3]G6[0xb9]F[0xaa]jJ[0xcc][0x16][0xdd][0x9d][0xb2]D[0xe6][0xd1][0x8][0xe1][0xb1][0xf9][0xb9]t[0xcf][0xf7][0x1f][0xbb]o[0xba]Y[0x15]No[0xf3]P[0x9d][0xdb][0xfc][0x6]T&quot;[0x97][0xda]{[0xa1][0x7][0x87][\r][0xf][0x0][0xa2][0xcd]A[0x7][0xc2]2/[0xd7]&amp;[0xfd]|[0x1a][0xcf]A[0xc5][0xa6][0xac][0x82][0xa6][0x8b][0x83][0xf6][0xb][0x91]W[0xdd]D[0x14][0xcf][0x89],[0x9b][0x9b][0x9e][0xd9][\n]&quot;
2013-02-06 13:51:56,402 AAD-WS DEBUG wire:63 - &gt;&gt; &quot;i[0xbf]O7b[0xa8][0xd6][0xc8]E[0xe7][0xd5]k[0x95][0x9][0x92][0x19][0xb1][0xaf]W[0xed][0xfb][0xf9][0x8]B[0xa7][0xcf][0xba][0xef]V[0xe7][0x16][0x17][0xf3][0xaa][0xe3][0xa2]&gt;8[0xa3]qO[0xd2][0xad][0x82]&lt;[0xfc][0xa8]N[0x84][0x5][0x99]6[0x1d][0x8][0xe6][0xed][0x95]X[0xa9][0xcf]e{[0x13]-[0xee][0xa9][0x92][0xb2]e[0xe1][0x2].[0x19][0xab][0xba][0xc4][0xc1][0xe0][0xcf][0xec]F[0xd2][0x94][0x8b][0xea]9^[0xd2][0xed];[0xf5][0xb5][0x99][0xf9]6[0x89]ov[0x19]k[0x1a]g[0x9a][0x1d]_[0xd9][0xf5];[0x8f][0xc5][0xe5]c[0xac][0x9b][0xf4][0x11][0xbc][0xfb]}[\r][0x90][0x5][0xc3][0xd5][0x82][0xb6][0xe2]P[0xbc][0x84].[0x9d](0[0x14]N[0xa9][0xe9]D[0x1e][\r][0x8b][0xaa][0x11]w[0xda][0x15][0xbb][0xc][0x1d][0xcc][0x5][0x9d][0xfa]M|f[0x7][0xdb][0x9a]u[0xce]\[0x88]#[0xe4]b[0x94][0xf1][0xd0][0xb1][0x92][0xf7][0xf3]][0xc][0x1d][0xd8][0xec][0xd5]![0xfb][0x80][0x83][0xe4] +[0x1d][0xff]?Uq[0xfb]ed[0xa4]EP[0x88][0xec][0xfb][0x1e][0xee][0xbc][0xab]t[0xf4]b[0xb4][0x81][0xaa]&lt;[0xe3]n[0xa7][0x85][0xd7][0xfc]s[0x5][0xe8][0xe7][0xf4][0xcb]f[0xfa]d[0xb][0xf5][0xf3][0xae]h[0x1]2l[0xce][0x8e][0x84][0xeb][0x16]v&gt;[0x9a][0xce][0x18]8fWm[0xff][0xfa][0xe9]%[0xdf][0xf5][0xdb][0xfc]^v[0xe][0x89][0xc2][0xf4][0xa1][0x8c]&apos;[0xb6]O[0xb]J[0x15]3M[0xc9][0xeb][0x87][0x9e][0xe5][0xb]3[0xf9]vx[0xa8][0xe7]V%[0xe6][0x15][0xb4]Fh[\n]&quot;
2013-02-06 13:51:56,403 AAD-WS DEBUG wire:63 - &gt;&gt; &quot;+[0xbb][0x81][0x95][0x9a]:[0xda][0x83]9[0xd5][0x1a][0xe7][0xad][0x95];[0x9a][0xb0]b[\n]&quot;
2013-02-06 13:51:56,403 AAD-WS DEBUG wire:63 - &gt;&gt; &quot;[0xef][0xf6][0xec][0xdd]:[0xd2]N[0xe1]gA[0xf3][0x85][0xa5][0xdf][0xbf]:n6[0xa4][0xaa]4[0xb4][0xad][0x1][0xbc][0xc9][0xd9][0xd5][0xc9][0xb0][0x91][0xb9][0x8][0xf5]m&apos;j~U[0xae][0x2][0x8a][0xa7][0xb2][0xf0][0x82][0xaa][0xbb][0x96][0x9e][0xf3][0x6][0xb2][0xe7][0x1f][0x81][0xf4][0xec]x[0xa4]4[0xdc]iL[0xfd]\^[0x12][0x93][0x10]+L[0xa3][0xb3]}[0xf9][0xb7][0x94]v[0xf5]C7[0xfd][0xf2] i[0xc2]%[0x8e]T.N[0xe1]b[0x9b]C[0x82][0xcb][0x91][0x18][0xec]xWz[0xe4][0xd2][0x9a][0xb9]H}[0xd0]L/[0xb4][0x8f][0x8c]{[0xc0]t[0xb8][0xe4][0xf7][0xea][0xa1] [0xb7][0x89][0x19]d[0xac][0xdf][0x0]V[0x8][0x94][0xaf]M[0xe7]K[0xd3][0xf0][0xed][0xab][0x1c]8[0xfe][0xd7][0xb3][0xfd][0xef][0xfd][0xf1][0xdb][0x93][0xa5][0xce][0xbf][0x6]*/[0x1e][0x83][0xee][0x0][0xeb][0x87][0xb8])Lr[0xb3]=[0xee][0x15]a[0xbf]v[0x5][0xdf][0x1c][0xa1][0x19]sw[\r][0x11][0xe9]j[0xd8][0x18][0xc2]h[0xbb][0xa8]H[0xcd][0x9b]#[0xd6][0x97]4[0xd5]L[0xe6][0xf3][0xbd]y[0xc7][0x1d]?[0x83]&apos;[0x8d][0xf9][0xf2][0xfc][0xac][0xdc][0xe3][0xe2]f[0x94]M[0xba][0xa0][0xad][0x9a][0x9e][0xf5][0xc2][0xab][0xfd]0}[0xb5][0xc8][0xa9]L[0xb6]j[0xd4][0x92]O[0xd7][0x9e][0xac]sN[0x9e][0x18][0xc4][0xc9][0xcf][0xc1][0xf3]/TM[0xd0][0xb6][0xb]6i[0xcf][0xe6][0xf7]-[0x1a][0xe6][0xd6]([0xb0][0xb6][0xe5]0[0xb8][0xae]u`[0x9f]Ri[0xbb]`_[0x9f]c[0x95]}[0xe3]=[0x17][0xeb])[0xd5]m[0xe7][0x14]][0xfb]?[0x8f]hvl&lt;,[0xd0]&lt;[0xf1][0xd8]D[0x18]9[0x8f]n[0xaf][0x5][0x93][0xc6]t[0xcf]t[0xd5]e[0x95][0xe7]C[0xc7][0x9d][0xf2]\[0xad]`[0x11]#[0xd7][0x82][0x9a][0xc1][0x10][0xe9]j[0x8e]y[0xc1][0xb7]&lt;5&lt;[0xee][0x1c]\[0x90]Nto[0xe7][0xdf][0xfd][0x9b][0x5][0xfd]US[0xce][0xbb]S[0xfb][0x9d][0xdf][0x88][0x9e][0x19][0xfb]-&amp;[0x1e][0xba][0x6]5[0x1f]u[0x84][0xb6][0x1e]L#[0xf3][0x83][0xff][0x84]8[0xbe][0x80][0xf3]{:[0xb6][0xe8][0x1]q&amp;[0xad][0xa0][0xb4]GA[0x9c]Dn&apos;[0xeb][0x91][0xa0][0xab][0xe5][0xdf]R[[0xe2]Sh[0x9f]F[0xaf][0xaf][0xd4][0xe8][0xb9][0xd9][0xfe][0xec]#Q[0x13][0xf7]GM+[0xa0][0xc1][0x3][0x8f][0x1b]2[0xd8][0x8e]([0x94][0x9b]{[0x1e][0xbc]{[0xeb][0xec][0xd4][0xf][0xfd]Z[0xde]g[0xce]F&amp;[0x98]}f[0xf0]7,[0x1b][0xc2][0xb1][0xb5]qv[0xf3][0xe0]zZ[0xaf].[0x97][0x5][0x1][0xe2][0x82][0xe6]6[0xbf][0x9f][0x1a]4[0x94]L[0xfb][0xe0][0xb7][0x93][0x19][0xa6][0x9b]3[0xbe][0xcb][0x1b][0xbf]9[0xb9],[0xd2][0xae]r2O[0xaf]%[0x1d][0xb9]5[0x10][0xe5][\n]&quot;
2013-02-06 13:51:56,406 AAD-WS DEBUG wire:63 - &gt;&gt; &quot;nA[0xf0]}#[0xe][0xa6][0x99][0xae][0x1c]O?6[0xfe][0x2],[0xfa]]=|p[0x1f][0xe6][0x82][0x17][0x14][0x1a]\][0xbd][0xbf][0xdc]e[0x90][0x8a]md[0xdc][0xad]koz[0xf]i[0x15]2[0xa2]U[0xee][0xfa][0xae]&apos;[0x82][0xe6]M[0x1][0xbe]}[0xfd][0xea][0x95][0x9f][0x9c],s[0x9f][0x8a][0xe9][0xb][0x17]t[0xe][0xf6][0xd4]|[0xde][0xa2][0x11][0x19][0xba]I[0xe9][0xad][0xad][0x9d]%[0x97]s[0xe1][0x1e][0xab][0xf0][0xce]\[0xae][0x9c][0xce][0x90][0xc7][0xd7][0x80][0xf6][0xdb]+[0x90]}[0x96][0xfd][0xf0]][0x16]D[0xd8][0x8a]p[0xaf][0xe5][0xe];!I[0xd3][0x3];[0xf8]U[0x1d][0xb9][0xc3][0x9d][0x6][0xb7][0xc9][0x2][0xee]y[0x97][0xd8]w)[0xc5][0x96]_[0xdc][0xb2]y[0xcd][0xec][0x0][0xd9][0xab]@[0x1f][0xde][[0xb5]n[0x1a])O[0xdc][0xb3]#[0xdc][0xae]y[0xf1][0xcf][0xa3]#wi?x[0xf4][0x16][0xe5][0x6][0xaf][0x93][0xf0]dO&gt;\[0xf6][0xac]=N[0x8e][0xbb]z[0xf7][0xcf][0xc5][0xf9]3[0xdb][0xea][0xaa][0x8e]L[0x99][0xb7][0x8d][0x92][0xee]s[0xb1][0xdf]m[0x7][0xd9]p[0xae]`[0xcc]w[0xda][0xeb]`[0xc3]Z[0x11][0x98][0x9d][0xda]f[0xb3][0x87]i[0xf1]rB[0xec][0x91]0[0xa6]*Vxb[!t[0xf][0xe2]V[0xcc]+[0x15][0xf0][0xa0][0xd9][0xa7]d[0x9e][WL[0xf]F[0x4][0xa6]Z[0x80]J[0xe9][0xba][0xa5][0xec][0x9][0x88]=[0xf3]+m[0xe0][0x9f]1[0x8f][0xf]vP[0xe][0xf2]r[0x8][0xfe][0x14][0x8c]9[0xbb].[0xf4][0xa5]5a[0x88]v[0xa7]-[0x97][0x9][0x84][0x1c][0x1f][\n]&quot;
2013-02-06 13:51:56,407 AAD-WS DEBUG wire:63 - &gt;&gt; &quot;[0xf2][0x2][0x10]W[0xb1]_[0x90][0xb8]9[0x13][0x95]8[0xf3][0x1e] g[0xa6][0xa4][0xdf][0xdd]uX[0xe2][0xcf][0x14]?h[\n]&quot;
2013-02-06 13:51:56,407 AAD-WS DEBUG wire:63 - &gt;&gt; &quot;[0x14]P[0xc3][0xf1][0xca][0xdf][0xfe][0xfa][0x81][0x99]wg@[0xe2][0x96][0x1f][0x13][0x88][0x9b]pS[0xda]g][0x9b][0xd6][0xd4][0x0][0x18][0xe9][0x6]^[0xb0]Q&apos;[0x85][0xfe]r[0x8e][0xdb][0xe7][0xea]Mo[C6e[0xae][0xbc][0xcf]fv[0xf8][0xdd][0xa0]2a[0xe2][0xdb],[0x11]e[0x1a][0xc1]`&gt;[0x1e][0xda][0xe2][0xc3][0x1f]IvA[0xbb][0x93][0x99][0xd3]q[0xb]g[0xc4];\[0xad]BB([0xa6]*F[0x10]=0G[0xbb]&gt;[0x12][0xbd][0x87]2[0xca]:{[0xfd][0xa9][0x2][0xbb][0xc6]E[0xfa]Z[0x81][0x11][0xe0][0xb4][0xe5]]Y&gt;[\r][0x17][0x97]n[0xf6][0x15]v[0xb2][0xb6][0xfc]-[0xb7][w[0xc1][0xfb]{[0x97][0xdf][0xdf]Ekvp,[0xf6]j[0xce][0xb8]Q[0x94][0xa4]Da7[0xa4][0x99][0xa4]3[0x15]^[0xc3][0xe][0xfd][0xda][0xfa][0xae][0x9e][0xdf]S[0xfb][0xf8][0xaf][0xe7][0x17][0x9b][0x9][0x91][0x8d][0xde][0x16][0xdd]EQ[0xaa][0x9d][0x95]\[0xb7][0xbb][0x8d][0xbc][0x81][0xd2]te[0x4][0xeb][0xab]5[0xfe],~[0xc5]A[0xc7][0xf3]-y[0xba][0x91][0xb4][0xb4]W[\r][0x9b]lt[0xcb][0x9c]R[0x80][0xe8][0xe8][0x85] [0xfd][0x9f][0x19][0x80]y[0xc9][0xd0][0xe1]Cb[0x94][0x9b][0x9e][0xca][0x8f][0xaa][0x96][0x9f][e[0x9b][0xbb][0x6]B5[0xe8][0xc2]xo[0xbb][0xa2]uq[0x16][0xbf])[0xc9][0xf9][0x88]rzM[0xb4][0xb4]gw[0x1]do[0x87][0xf4][0xc1][0xc2])t[0xb7]%/Q[0x17]p[0x83]XV[0xfd][0xbc][0xdc]6[0xc4][0x95][0xad][0x3][0xeb][0xde][0xd9]C&amp;[0x6]`[0xbb][0xd3][0xd2][0xed][0x81][0xa2][0xb7]l[0xb9]2%[0xf1][0xe][0xfb]w[0xc4]9D[0x17][0xe5]8[0xab][0x82][0xe0]R[0xf4][0xc3][0x99] i[0xf8][0x1c]J[0xec]y[0x1b] [0xeb][0xf0][0xc8][0xbb][0xd7]wv[0xba]y[0xdd]C`[0xb7][0xc4][0xbb]*8[0x97][0xb2]-[0xeb][0x4][0xd8][0xad]-[0xf6][0xc7][0xfb]U[0xef][0xb2][0x5]Yx[0x97][0xf5]&apos;[0xc0]|-[0xe5][0x81][0x99][0xc1][[0x9]5[0xec]&gt;eDn[0xb]?B[0xf7]80#[0x1]q[0xab][0xa4][0xfc]O[0xfb]?o[0x7][0xe0][0xe1][0xde][0x87]YI[0xee][0x85][0xb0]([0x90]D[0xe4][0xdc][0xac]f[0x98]Cul[0xb6]/[0xf0][0xde][0x97]o[0xd0][0xfb][0xfd][0xcb][0xab][0x90][0xc1][0xb1]?[0x17]{I[0xe4][0x9]X[\n]&quot;
2013-02-06 13:51:56,407 AAD-WS DEBUG wire:63 - &gt;&gt; &quot;v[0xc6])*[0xaf]r[0x15][0x1e]w[0x99][0x18]-[0x98][0x99][0xdf]C[0x6][0xb][0xc1][0xbe]h[0x84][0xfd][0xfd][0x84][0xe6]Z[0xd0][0x1f]e[0xdb]f[0x8d][0xee]L[0xda][0x1c]&lt;[0x98][0xc9][0xab][0x14][0xc3][0xab][0xa3][0xf7][0xe5][0xeb]o[0xde][0xf0]~K[0x96]}[0xf1][0x6][0xc0][0x9f][0xa7][0xff][0xf7]G[0xb7]R[0xc5][0x1e][0xcd][0xce][0xdf][0xba][0xee][0xf3][0xef][0x6]9r[0x87][0xb7][0x9e][\r][0xc3][0xa4][0x9f].h[0xe9][0xef][\n]&quot;
2013-02-06 13:51:56,408 AAD-WS DEBUG wire:63 - &gt;&gt; &quot;[0xed]-[0x1][0xf1][0xe5][0xc7][0xb7][0xaf][0xea]fvvN[0xc2][0xa2]%Q[0xa1][0xf6][0x96][0x2][0xc7][0x9e][0x7][0xd4][\r][0xcd]C4[0x84][0xdc][0xeb][0xbf]=[0xbb][0xf9][0xfd]G![0xc7][0xdd]y[0xbb]4[0xed]E&apos;[0xf5][0xf5][0xed][0x80]?[0xcc][0xe9][0x90][0x88][0xf7]p[0xe1][0xb0][0xbd][0xfb][0xb9]?[0xe9][0x83]/[0xfb][0xd9][0x91][0xf][0x87][0xfe]zN[0x9][0x89]o[0xca][0x94][0xf2]lq[0x3][0xe][0x9b][0xb8][0xba][0xb4][0x82][0xb8][0xa0][0x11]~[0x9d][0xc2][0xc7][0xa3][0xb1][0xa0][0x18]{S`[0xf8][0x3]Q[0x7]F[0x82][0xe2][0xca][0x83][0xa1]%[0x12]Mnd[0x9][0xb][0xb]g[0xee]GDt[0xde]I[0xc]R[0xe9][0xf4][0x90][0x1c]&quot;boO[0x9c]w+[0xba]$[0xab]7[0xf8][0x8e],^[0xa1][0xca]7[0xcd]C[0xa9][0x97][0xaf]`[0xf2][0xd5]a[0xb0][0x13][0xdc][0xd4]G[0x84][0xb0]bT[0x2]O[0x93][0xe7][0xf8] o[0xdd]/[0xf8]%[[0xb0][0x86][0xef]:[0xf2][0xcb][0xfb]d[0xac]0[0xdf][0xa9][0xba][0x5][0xa9]I=[0xb6][0xbf][0x2][0x7][0x7][\r][0xf]&apos;[0xaf][0xac]J[0x1b]$P[0xdf]sA[0x83]zm[0xf1]?[0xe4][0xc]_F\[0xa5][0x9c][0xf4]![0xa2][0xb0][0xb7][0xe2][0x88][0x94][0xac][0x1f]p[0x1e][0xe0][0x12][0xb0][0x88]A[0xdc][0xc2][0x4][0xbe][0x85]q[0xe7]#[0xcf][0xfd]x[0x85]R[0xd9]D[0xcd]R[0x82][0x1e][0x10]?[\n]&quot;
2013-02-06 13:51:56,408 AAD-WS DEBUG wire:63 - &gt;&gt; &quot;W[0xce][0xc0][0xe2][\n]&quot;
2013-02-06 13:51:56,408 AAD-WS DEBUG wire:63 - &gt;&gt; &quot;2[0x17][0xa0][0xd4][0xef][0x10][0xfe][0xc7]I[0x9a]q[0xdf].[0x9][0xec][0x12][0xce][0x95][0x1])[0x9a][0xc4])9[0xbd][0xf5][0xb4][0x16]+[0x2][0x19][0x1]+[0xc5][0xef][0xf3][0xfd],[0xcf][0x0]x|D[0xa0][0x9f]ptk[0x98][0xc2]d[0x12][0xca][0xa9][0x18]H\[0x98][0xc1]O1[0xf9]/t|[0x8b][0xb2][0xe7][0xbf][0xf3][0xcb]CrA[0xc6][0xf1][0x17][0x98][0xc1][0xc0][0xce][0xdf][0xb9][0x92][0xb0]}L[0x80][0xf8]t@[0xf9][0x5]%[0xf3]5[0x0][0xfd][0xc2][0xea][0xf7][0x8]X[0x96][0xd6][\r][0xf3])[0xd0];]ejxz2[0x9b][0xe6]6t[0xe3][0x82]tcU[0x15][0x14][0xfe][0xb2][0x83][0x11]n[0xc7][0xd4][0x7].[0x4][0xc3]+[0xe1][0x91]8&amp;y[0xe7]k[0xae]f[0xb9][0xee]*/[0xef][0x1b][0xf8][0x9a][0x1d][0x9a][0xaf]K[0xe4][0xba][0xbd][\n]&quot;
2013-02-06 13:51:56,409 AAD-WS DEBUG wire:63 - &gt;&gt; &quot;[0x99][0xa5]][0xef]Wm[0x8f]D[0xe][0xf][0xcb][0xe9]![0xd1]W[0x1][0xf9][0xcf][0xb1][0x1d][0xd3][0xc6][0x85][0xff][0xd4][0xee][0xc1][0xf8]b[0xc5]bD[0x81][0xb9]0Q+[0xfe][0xb9][0xe][0xea][0xa6]d[0xdd]X[0xcb][0xd1]H[0x16][0xb9][0x85][0xd4][0xea]Se[0xbd][0xab][0xf8][0xe7][0xcf][0x17][0xca][0x9d]?[0xa4] [0xcd][0xda]WA}[0x9c][0xa7][0x87][0x99][0x8b][0xfa]D=[0xb0].[0xee][0x81][0xbf][0x14][0xc3]y[0x93][0x9f][0x19][0xc1]?[0xc6]z[0x5][0x94]O[0xdd]K[0xc0][0x0]/[0x8f]P[0xaf][0xda]TT[0xb1][0x99][0x8c][0xfd]C[0xb0]X[0xe9][0xa6],x.[0xdd][0x8b][0x85][0x3][0xc5][0x1]8[0x9b][0xdb]n[0xf][0xf8][0x84][0xcb]z[0x92]aT[0xfc][0xa3]O[0x1d]1][0x15][0x94][0xfe]9pA[0x14][0xdd][0xc2][0x1]$%[0xd8]4[0xaa];8[0xde].E[0x9a][0xb0][0x9c][0xca]Q[0x11][0x6][0x86]Z[0x91][0xbc]~[0xcc]B[0xfc][0xed]=[0xe9][0xf7]:s[0xd0][0xa4]l](F[0xeb]Y[0xd6][0x13][0x93][0x93][0xa5][0x9e][0xb4][0x95]Pl[0xab][0xde]^[0xc0]3[0xdf][0xb7]j[0xfe][0x90][0x8b]l[0xe0]K)[0xf8]4[0x8b][0x83][0x8f][0x8f]0jN[0x8e][0x8c][0xc4][0x97][0xc8][0xbd][0xbc][0xa2][0x5]|[0x90][0x84][0xaf][0xa4][0x80][0xdf][0xb1][0xee]#[0xc2][0xb6][0xee][0xb0][0xc5][0x9d][0xba][0xa9]![0xe2]\Q|-A[0xf1][0xad]M[0x8a]U[0x91][0xb][0x19]#[0xc9]8[0xfb][0x8e][0xec][0x84][0x2][0x84][0x16][0xc2]G[0xb7][0x87]|c7[0x9b][0xbd]Sp[0x97]Th[0xe8]sYd5[0x7] [0xae][0xbc]J[0xd8][0xe4]~a[0x9d][0xcb][0x10][0xc9]T[0xce]`w![0x17]0[0x16]u[0xca][0xca]|C[0x9e][0xe][0xd1][0x8d]\P[0xad][0xab][0x82][0xc0][0xe8][0xd5][0x8d][0xee][0x0][0xe][0xde][0xe9][0xe3][0xd1]Nm[0xf0]&gt;[0x0][0xe4][0xee][0x88]s][0xb7][0x90]R[0xf8])[0x8]&lt;/[0x82]w=[0xa9]k[0xee][0x86]J,\n[0xdb][0x9d][0xe][0xd4]q[0xb5]e[0x1e][0xca]f[0xa5][0x7]8[0x1b]G9[0x95][0xd5][0xf4][0xe2]x[0x9][0x8f][0xdc][0xd9][0xd3]I[0xcc]h[0xde]xdOx[0x8f]l,[0xca][0xe5]-[0xda]_[0x98][0xc7][0xb7][0xe5]~S[0xe5]O[0xf4][0xf6]1[0xe5][0xfc][0xe5][0xa7][0xdf][0xbd]g[0x83][0xe6][0x83][0xf3]([0xbf]9[0xd8]m[0x86]m[0xec][0xed][0xd3][0x9e][0x6]z[0xc2][0xba])d[0xaa][0x5][0xb5][0x10][0xb5][0xf9]f[0xfa][0xbf]|[0x8][0xd2]?[0xbf][0xbe]2[0xa7][0xfd][0xa0]0B~[0xe6][\r][0x91][0xaa][0xb2][0xbb][0x10]\Y[0xef][0xe4][0xe][0xf1][0x6][0xde][0xae][0x92][0xd9][0xaf]3[0x98][0xf7]Bj[0xb3]`[0x8a][\r][0xe1]y[0x7][0xa1][0xdb]P[0x1e]Vkx?IL[0xe6].89[0xec][0xd7][0xd7][0xfd][0x9]B[0xcf]G[0xa1][0xdd]^[0xdf]+{[0xf3]d[0xde]i[0xe5][0x8][0xf8]Q[0xb4]Kb[0xe3][0xe6][0xab][0xc5][0x2]N[0xff][0xe9]e[0x17][0xa5][\n]&quot;
2013-02-06 13:51:56,412 AAD-WS DEBUG wire:63 - &gt;&gt; &quot;[0xb3][0xab][0xd0]S[0xe2][0x1c][0xab][0xa2][0xbd][0x14][0xf2]q3[0xf6][0xd2]V[0xb0]XF[0&lt;L18Y[0xec][0xff]x[0xd9]7+D[0x8c]o[0xfe][0xea][0x92][0xc]Ewv`[0xca][0xf8][0xd8][0xf8]n[0x2]2*[0xd5][0xba][0xdd][0xce]&apos;%[0x4]F^s[0xf3][0xbe][0xe9]N%[0xf0][0xca][0xc2]w[0x9a][0xe9][0xed]IO[0xdd]9[0xaf][0x1e][0x12]D:[0xfa][0xbe][0x9d][[0x9e]B[0x16][0xda][0xd9][0x8c][0x91][0x8e][0xb2][0xb4][0x12]&gt;[\r][0xb][0xa7][0xe3][0x9b][0xfb][0xa7][0xbf]M[0xc6][0xe9][0x82]%[0xe7]o3[0xc9]9[0xe0][0x15]zOFW[0x8f][0xa5][0xe9]0[0xb6];[0x12][0xf]lo[0x9][0xdc]i[0xc5][0xf3][0x88]}[0x86]g[0xea][0xe]&lt;P[0xc2][0x6][0xb8][0xa7]g&gt;[0xe7][0xa1]KW[0xde]A[0xe6]n[0x1f][0x82]n[0x15][0xe1][0x9][0xcf]J/[0xe5][0x9c][0xe2]9[0x85][0xe6]i2[0x9f][0xf9][0x89][0xd3][0xe7][0xa3]%rQ[0xa7]Q[0x89][0xc8][0xf4][0x6]G[0xc9]P[0x8e][0x11]`[0xdf][0xc1][0xb7][0xc2][0xba][0xb0][0xff][0x90][0x8d]~{[0xfe][0xd3]&amp;[0xfc][0xd1]8U[0xf4]B[0x91][0xe0][0xe9]I[0xb8][0xe6][0x9b][0xdd][0xe9]R[0xf7][0x2][0xbe]U7[\n]&quot;
2013-02-06 13:51:56,413 AAD-WS DEBUG wire:63 - &gt;&gt; &quot;[0x87][0xf8][0x90]+s[0xc3][\n]&quot;
2013-02-06 13:51:56,413 AAD-WS DEBUG wire:63 - &gt;&gt; &quot;[0x92][0xe1]|[0x2]Km[0x9c][0xa2][\r][0xcb]f^[0xb0][0xf5][0x83][0xd9]jH[0x99][0xaa][0x92]miy[0xb9]c&quot;^[0x92]I[0x10][0xb6][0x92][0x5][0xf][0xe2]s[0xbf]v^[0xf2][0xcc]&amp;:[0x9][0x92][0x94][0xb7]u[0xe1]u&amp;[0xa6][0xb8][0xed][0x1d];[0xbb]&apos;[\n]&quot;
2013-02-06 13:51:56,413 AAD-WS DEBUG wire:63 - &gt;&gt; &quot;[0xc9]VQ[0xbe]^[0x7][0xbb]d[0xb2][0x14][0xa6];[0xd7][0x9d]`W[0xd4][[0x10][0x2][0xca].[0xca][0xaf][0xe1][0xcd]5[0x16][0xb0][0xf9][0x8c][0xd3][0xbc][0x9b][0x1d][0x19]2[0xac][0xb][\n]&quot;
2013-02-06 13:51:56,414 AAD-WS DEBUG wire:63 - &gt;&gt; &quot;[0xa7][0xc2][0xa5][0xd0][0xa7][0xe3][0x9] 2[0xc1]B[0xe9][0x13][0x9d]H[0xcc][0x2]F[0xff][0xce][0x1e]{y[0xd6]MOpR[0x14]V![0xa8]I[0xf7][0x8d]5[0x8a][0xe3]I[0xad][0x93]AP[0xc6][0x85]U7[0x9e][0xe0][0xb8][0xbc][0x8b]M[0xd0]&gt;=[0xce]w[0x92][0xc3]B[0xf8][0xc0][0xdd][0x9b]{[0x8c]N[0xf][0xa0][0xc3]Gjz[0x7][0xb7][0xc6]([0xe9]t[0xc0][0x1a][0xd4][0xea]$[0xfd][0xd7][0x1d][0x9d][0xcf]F[0x1a]\h[0xb3][0xb7]J&quot;[0x5][0xfc][0x88][0x97]&amp;)ZU[0xc3];[0x86]M[0xea][0xab][0x8][0xc4][0xef][0xe6]l[0x9]{[0xdd]|[0x0][0xed][0xd8][0xaa][0x1e][[0x9]g[0x1c][0xe9][0xec][0x8c]q[0x9][0x9d][0xfc] \[0xca][0x80]|[0xf0][0xc6][0xb9][0xb2]o[0x3]#[\n]&quot;
2013-02-06 13:51:56,414 AAD-WS DEBUG wire:63 - &gt;&gt; &quot;[0x82][0xec][0xa5][0xbf][0x9c][0xc6]}[0xb9][0xdb][0x8b]B[0x16][0xe]H[0xdf][0xa2][0x9b][0xbc][0xe0]!P[0xbd][0xf6][0xc0][0xba][0xd8][0xdd]7[0x14]6[0xef]C [0xc6]0][0x8f][0x89]v[0xf2]sq[0xba][0xdb][0x9c][0xcb][0xee][0xe8][0x83][0xd9][0x10][0xc7]U[0xc9]U[0xb9]|[0xa2][0xbb]8[0xcb][0x16]^[0xbc][0xc4]5[0x95][0x85][0x15][0x1f]3&apos;[0xea](&apos;[0xb7][0xa0]4[0xc3]A8[0xd1][0x80][0xb3][0xb0][0xad][0x1f]Ee[0x9e][0x98][0xc0][0xc3][0x16][0xd4][0xe]&gt;[0x18]&gt;[0xc1](H[0xd4]&apos;[0xb6][0xa0][0xe3]`[0xca][0xd8]U[0xc9][0x88][0xdf])[0x98][0xb][0xe7][0x1e][0xc5][0x19][0xcb][0xe9]E[0x93][0xc2]H[0x86]C[0xdd]+[0xdb][0x86][0xdd][0x19][0xd0][0x92][0xee][0xb2]j]~[0xf6]&lt;[0xde][0xbe][0xbd]}x[0xd7][0xec][0xb]&gt;5[0x8e]5[0xd9]^I[0x1c]&apos;[0xc8][\n]&quot;
2013-02-06 13:51:56,415 AAD-WS DEBUG wire:77 - &gt;&gt; &quot;CB[0xdc][0x93]T[0x8d][0xa5][0xc4][0xb9][0xb][0x0]^+[0xda][0xbe][0xaa][0xca][0xa6][0xb]|[0xa1]zKr&gt;[0x17][0xec][0xf5][0xe1][0x15][0x2]f[0xbf]q[0xfc][0x6]@[0xad][0xfe]J[0x90][[0xe6]y[0x92][0xb][0xca]sc[0xf1][0xf3]T[0xe7][0xf7]8[0xda])[0xc8]2[0xf9]i[0xfb][0x82]fa[0xc3]s[0xae][0xc9]uG[0xa9]P6[0x11][0xab][0x4][0xe4][0x8f]7[0xbf]y[0x8a]S[0xde][0x9c][0x16]4[0x9a][0xfa][0xc4][0xd9][0xb]y[0xa7][0xcd]-[0xe0]S[0x13][0xf0][0x8c][0x8e][0xbd]i[0x18][0xf7][0xb4][0xc9][0xd7]D[0xb5]E[0x9e][0xec]^[0xb9][0xb7][0x1f]#/e[0xf1]&lt;S[0xdd]Wd[0xf1][0x16][0x97][0xf5][0x9a]2[0xcb][0xd4]R,[0xdb][0xf8][0xc7]2[0xbd][0xa5][0x16][\r][0x95][0xbb][0xb2][0xd9][0x1b][0xaa][0x88]3&amp;.[0x99][0xa0]j;[0xf4]q[0x94]c[0x15][0xe]VQl[0xce][0xf8][0xd3]jv[0x9f]XnKC[0xe9][0xd0][0xc]oR&gt;[0xf2][0xf5][0xc6][0xad]Q[0x94][0xde]4[0x90]&amp;h[0x8c][0xf5][0x97][0xe4]x^%[0x11][0x99]g[0xea]^[0xc7][0x9f][0xd8]G[0xc8][0x91][0xed][0x9]s[0xa8]C[0xa0][0xc8][0xa9][0xb5][0x82]Or.=[0xf1]=A:[0x1f][0xca][0xe0][0xda]J[0xc3][0xaa]][0xd2]n[0x95][0x14][0xd8][0xcb][0xbe].[0xdb][0x8f]G`[0x0][0xd4][0x2]b[0xfa][0x19][0xb0]y[0xfb]&quot;
2013-02-06 13:51:56,415 AAD-WS DEBUG wire:63 - &gt;&gt; &quot;[0xfa][0x2]H\[0x1d]#[0xb0][0xab][0x8c][0x82][0x1f][0xdd][0xe3]q[0xe8]|[0x16]-r^[0xe2].x[0xf2]*[0xfd][0xb3]p[0x86][0xc1][0xa9][0xbd][0x9d]&amp;[0xbe];[0x1d][0xe3][0xca][0x7]k[0x8a][0xe1][0xa7][E[0xb6][0xf5][0x10]/[0xa0][0xc6][0x9f][0xb]8[0x16][0x89][0x92][0xcd][0xe3]v[0xb4][0xc5][0x0][0x9d]v[0xec][0xa6][0xba]&apos;d\[0x8f]&apos;N[0xb3]=[0xe4][0xb0][0xf0][0x92][0xdf][0xc2]9[0xf3][0xe1]md[0xb4][0xc0][0xe7][0xeb]u[0xe3]4&lt;[0xc2][0xca]b[0xeb]&lt;[0xd4][0x8a]&gt;d[0xc2][0xcf][0x19][0xfd][0xb3]R[0xce][0xd2][0x84][0x1f]?[0xd7]Zt[0x16][0xa8]x[0xa1]O[0x14][0xb6][[0x98][0xc5]%[0xe0][0xbd][0xb1]V/{;[0x4][0x1a][0x8d][0x92][0xa4][0x5][\n]&quot;
2013-02-06 13:51:56,416 AAD-WS DEBUG wire:63 - &gt;&gt; &quot;[0xd3]|[0xd8]h[0xde][0xd2]vg[0xf3][0xe1][0x4]tk\[0x12]1[0xad][0x8c]6[0xba][0xe0][0xb0][0xc7]W[0xcc][0xc6]X[0xf0][0xef]N[\n]&quot;
2013-02-06 13:51:56,417 AAD-WS DEBUG wire:63 - &gt;&gt; &quot;=O[0xa4][0xd5][0xfb][0xfa][0x98][0xf2][0x97]6[0x88][0xb1]s[0xd2][0x1e][0xf7][0xb4]P[0xf3][0x96]t[0xe2]O[0xab]L[0xf6][0x9f][0xca][0xf7][0xb5][0xe2][0xbd][0xf1][0xdd][0x9d][0xbd]l[0x82][0x1][0x8a][0xa8]~P[0x9b]3t[0xf4][\n]&quot;
2013-02-06 13:51:56,417 AAD-WS DEBUG wire:63 - &gt;&gt; &quot;$[0x96][0xda]v[0x15][0xbe][0xe3][0x82][0xfc])[0xd5][0xaf][0xc]l[0x2][0x94]ry[0xdf][0xed][0xce]OM[0xd0][0x1b][0xf1][0xa8][0x1f][0x8a]R[0xd5]&quot;([0xbf],[0x8][0xa1][0xfa]|[0xf1]E[0x87]N4{[0xe5]t[0x1f][0xee][0xfc][0x1d]h][0xc7]M[0xb5][0x1][0x9c]T[0xb4][0x3][0xa0]i[0x15][0x99]h[0xd9]/[0xf][0xb1]T[0x8f][0xa0]x[0xc0]P[0xf1]q,[0xe5][0x9a][0x94]0[0xa3][0xc2][0xad][0x18][0x16]W[0xa8][0xc]n[0xc2][0xfb]0|[0x1a][0x5][0xff]O*[0xe6][0xef][0x90][0xfd][0xd1][0xc3][0xbe][0xea][0xea]L[0xa0]d[0xf4]][0xbf][0x4][0x98][0xed]3[0xb7][0x98][0x8f][0xc1][0x5][0xe7][0xf9][0x8d][0xf2][0xf0][0xcd][\r][0x9a]G[0xa3][0x6][0xe2][0x0][0x5][0x8e][0xca][0x97][0xdd]f[\n]&quot;
2013-02-06 13:51:56,418 AAD-WS DEBUG wire:63 - &gt;&gt; &quot;iD[0xbb][0x88]$-[0x9a][0xe9][0x5]Z[0xe7][0xfc]|[0xe3][0x11][0xce]{[0xb5]*[0xa6][0xdf]$[0x84]4[0xc6]I[0xc1]\u8[0x1c][0x6][0x9][0xe3][0x85]Q[[0xc7][0xc9][0xff][0xb5]:k[0x9e][0x6]M[0x1c]R#[0xbf][0xd4][0xc4][0x8e][0xe7]s[0xae]E\[0x1][0xbe]2CJ![0xed]R[0x14][0xe9]7[0xf4]?/#5B6b[0x17][0x1][0xd9][0x8][0x93]L[0x15][0xe7][0xf][0x14]`z[0xdb][0x2][0xfd][0x85]#[0xb8][0x1c][0xd5][0x99][0x1d][0xca][0xec]!E&amp;[0x10]W[0xaa][0x94][0xbc]1[~[0xb][0x15][0x87]hgDK1[0xb5][0x19]/`^ao4[0xa8]VXs[0xb2]nq[0xb7][0xb7]h[0x17]i[0xb3][0xc7][0xb9][0xae][0xc6][0x93][0xbf]0[0xf2][0x1c][0xa5]&apos;[0x9a][0xeb]q[0xf4][0xf9][0x80]M[0x9][0xd4]U[0x13][0xcf]:[0x1a][0xc4]-&apos;[0xa5][0x96][0x94][0xf0][0xeb][0x82][0xd6][0xa3][0xcb]&lt;xa[0xa9][0xea][0x96]c[0xdd][0xad][0xd8][0x9f]2t[0x13][0xa7][0xc][0x1][0xa5][0xb6]&lt;[0x1][0xa1]%[\r][0x9f]{[0xa0][0xdf][0xf4][0xe8]w[0xfa][0xef]\1[0xd6][0xc3][0xd8][0x9c][0xd5][\r]&gt;l[0xe1][0xb8]![0xee]rx[0x8]&apos;[0xc6][0xb8]&quot;[0x4][0xb1]2[0xeb]4[0x1b][0xe]|7[0x96][0x1f]&lt;[0x8d][0xd9][0xac][0xf4]yS8[0xbb]}&amp;[0xe3][0x9e][0x98]pX[0xd2][0xcb][0xa7][0x18][0xcb][0xc7]G%[0x9e]_[0xb8][0x8e][0xfa][0xa3]ol[0xf6],[0x10][0x9d]x[0xa1]N[0x14]@[0xe][0x1c][0x6][0x1c][0x2][0xd8]?[0xb3][0x85]q[0x83]u7[0xb2]R[0x1b][0xdb]L[0xb][0x13][0x9b][0x11][0x9e][0xef][0xbf]zg[0xdb]M[0xa7][0xc8])n[0xaf][0x8b]S[0x99]{[0xd9]x[0x1a][0xf0][0x8][\r][0x18][0xbf][0xec][0x1e]A[0xad][0x1]!HQ[0x1b]k[0xbf][0x80]$g[0xd8]Vd[0xe9][0xf5][0xf3][0xe7]M*@|[0xca]@[0xae][0xa8][0xd4]D[0xbd][0xc2]D[0x86][0x0];[0xb3]lR[0xf7][0xb1][0x10][0xbb][0x9b][0x93]Zg[0xfe][0xcd][0xd9][0xf3][0xb1][0xe9][0x89][0x93][0xd8]xG:[0x84][0xef][0xa7][0xd2][0xcd]x[0xa5][0xb5]B[0xee][0xb8]J[0xdf]&apos;[0xca][0xc2][0x81][0xbd]TZ[0x16]?[0xd2][0xe3][0x80][0x9]![0x9a][0x1c]3[0xb0][0xbf]@[0xfc][0x84][0xdf][0xcb][0xfc][0x1f][0xca][0x92]=[0xb7][0xf][0xf3][0x9e][0xd2][0xb6]x[0x9a][0xce][0xae]p[0xc5][0xf][\n]&quot;
2013-02-06 13:51:56,418 AAD-WS DEBUG wire:63 - &gt;&gt; &quot;[0xde][0xa4]a[0x81][0x6][0x89][0x99][0xb]cX^7Ev\[0x10][0x8b][0xf7][0xe7]-[0x82]*I[0x14]j[0x8a][0xe7]Nm[0x8c]o[0xc][0xa0][0xba][0xf]6[0xd4][0xde][0xa3][0xa3][0x7][0xad][0xcb](~&gt;!5[0xee]&gt;[0xcb]][0xa9][0xbb][0xe][0xb5][0xce][0xf2][0xce].[0xf9]N[0xbf]%[0x84][0x19][0xe6]U[0xb5]s[0x1b][0x9a]^0[0xfc]J[0xd0][0xc]Y[0xf0][0x1e][0xe1][0xc6][0x9b]r[0x89][0xff]oT0[0xec][0xc][0x8f]:[0xc5][0xc7][0x9][0xc1][0x9d][0xa4][0xb1]M[0xc2][0xdf]M[0xe8][0xfe][0xb6][0xba] [0xe4]O[0xc6][0xea][0xef][0x8a]Gt[0xab][0x91][0xda]#S[0x96]$-le[0x12][0xc5][0x10];wxc[0xf5][0xae][0x9]D[0xbf]&lt;[0x85]N[0x3]];[0xa3][0x95][0x8c][0xb8][0x1c][0x9e][0xb0]9[0xf1][0xc6]@[0x1c][0xc4][0xf6][0xd4][0xb][0xb][0x8a][0xe5][0x97]S[0x88][0x85]OoJm[0x9e][0xcb][0xff][0xb4]R[0xf3]^t&apos;6[0x6][0xca]9P][0xdf][0x11][0xe1]n[0x15][0x9b][0x91]65O[0xb3][0x89][0x5][0xfb][0xf1][0xbe][0xc9][0x8b]`[0xb]d[0x14],9o[0xfb][0x82]w[\n]&quot;
2013-02-06 13:51:56,419 AAD-WS DEBUG wire:63 - &gt;&gt; &quot;[0xeb][0xbc][0xd1][0xd4][0xf8]N[0x8c][0xf5]8*[0xe4][0xc2]R[0xff][0x14]6[0x9f][0xa7][0xcb][0xe2][0x0][0xc5][0xdc]ZZ[0x4][0xf4][0xbd]C&amp;[0x97][0xa2][0xb6][0x11]7[0x94][0x83][0x1d][0xbb]*7[0xf1][0x8d];F5e_[0xbd][0x6][0x17][0xf][0xf4][0xcc][0x95][0xd7]m[0x8c][0xb0][0xd8][0xd5][0x8b]Z[0xbe][0xca]][0x93]([0x19]o[0xb2]V[0xf9][0x97]?[0x15][0xdd]~y[0xef][0x17][0xf0][0xbe]V[0xb3][0xcf][0xa2][0x8c]X[0xeb][0xb6][0xb1][0x97][0x91],[0xaa][0xfa][0x90]mb^VX]~[0x10][0xfe][0x17]e[0x9f]?[0xd5][0xf6]|[0x11][0xdc][0xe4]-[0xc9][0xee]u_[0xf][0xdc]&lt;|[0xb0][0x1d]Po[0xfb];c[0x15][0xbb]m[0xb5][0xc5][0xe8][0x3][0xca];:[0x82][0xc2][0xf3][0xca][0x80][0xc1][0xac][0xd1][0xfc][0xf1][0xcb]7`[0xbe]d4[0x81][0xf1]@[0xa8][0xf4][0xf5]([0xc2]xe{[\r]2[0xda][\n]&quot;
2013-02-06 13:51:56,419 AAD-WS DEBUG wire:63 - &gt;&gt; &quot;[0xc5]][0xab][0x3][0xf]~NBy[0xf4][0xbb][0x11][0x9d]&apos;&apos;m[0xc6][\r][0xff][0xd0][0xb7][0x94]4[0xd6]6\[0x4]jY@[0xc8][0x9][0xdf][0xca][0x7][0xeb]s,[0xf0]1[0xbd][0xfb]N[0xb6][0x9f]9[0xf2][0xe1]0U[0xe8]m[0x0][0x1e][0x8f][0x9][0xa0]w[0x86]N[0x1f][0x2][0x0][0xc4]6[0x1d]D[0xac][0xc2][0xd1][0xda][0x96][0xe7]AZ[0x16][0xc8][0x91][0x88]/7[0xd4]h[0xa7][0xa3][0x90]6O[0xf0]$;[0xa0][0xcd]tVC-qO[0xf5]:_[0xa0]%O?@[0x89][0x82]s[0xc1]$`W[0xde][0xb4][0x1f][0x3][0xa6]G[0xda][0xde][0xda][\n]&quot;
2013-02-06 13:51:56,420 AAD-WS DEBUG wire:63 - &gt;&gt; &quot;[0xb][0x88][0x97],[0x9b][0xbb][0xd3][0xf8]k[0x9b][[0x94][0x90][0xe7][0x84][0xd3]V[0xbe]&lt;[0xca][0xc2]D[0x93][\n]&quot;
2013-02-06 13:51:56,420 AAD-WS DEBUG wire:63 - &gt;&gt; &quot;[0xac][0x1e]#[0xb6][0xcf][0xae]l[0xfa]yt[0xfa]g[0xc1][0xfa]4[0x80]f*[0xc8][0xd3]+[0x1][0xe][0xb2]w[0xd5],5#[0xec][0xf8][0xe0] -[0xe1][0xee][0xf2][0x5]X9[0x7]&amp;[0x16][0x1c][0x3][0xb][0x2][0xa7]B&gt;&apos;}[0xc]M[0x96] [0xa6][0xa2][0xd5]t~&apos;+1[0xb1]r[0xb]&gt;[0x9e][0x8f][0x19][0xb2][0x80][0x8a]NT[0xab]1[0x89][0x85]Y[0xa3][0xe2]xz[0xbb][0xd1][0x2]f[0xf3][0xf0][0xe5][0xdd]B[0xb6]q[0xb1][0xa6]h[0x81][0x92]b[m [0xef]}[0x8d][0x1e]:[0xc][0xd4]*[0xfb][0xd2]Z0a;[0xf][0x1a]Y[0xb0] ?P[0xc2][0xf7][0xf4][0xf1][0xfb]/^%[0x8f][0xcf][0x14][0x18](f[0x11][\r][0xee][0xb5][0xd1][0xb9][0xf4]T[0xc7][0xb2][0x4]]e[0xdb][b[0x2]~$![0xe1]}[0x9c]-[0xb9][0xbf][0x4][0xb9]o[0xcf]A[0xcf][0xb2][0xba][0xe7][0x90]H[0x9f][0x1e]wgf[0xf2]&lt;[0xb1][0xb4][0x17]d[0xf4]C[0xc2][0xfb]+[0xcf][0xeb][0xfb]/^[0xd2][0xbd][0x98] [0xbd]u[0x89]q&quot;[0xf9][0x4][0xb6][0x99][0x84][0xd9][0xec][0x14][0x8b][0x1b]d[0xad]d[0x16][0xbc][0xec][0x19][0xf9][0x99][0xcf][0xd0]$[0xb4][0xe0]S0[0xd9][0xf3]w[0xb0][0x90][0x12]_q[0xfd]:[0xc7]P[0x18][0xc8]V[0xb1][0x9e]?[0x87]T[0xcf]3[0x99][0xbf]f[0xc9]_[0xc9][0x9e][0xbd][0xe5]N[0x3][0xf2][0xe9][0xb0][0xd5][0x4]:(k[0x1a]M[0x8d];[0xa1]-[0x15]j[0xbf][0x7][0x97][0xbf][0xa8][0xcd][0x8f][0x12][0xfc][0xa5][0xa1]7[0x87][0xe4][0xe2]NM([0xa5][0xea]YB[0xc3][0xf8][0xee][0xc5]Z[0xac][\r][0xf6]h[0xac][0xf2][0xf7]?[0xa6]l[0xe7][0xf3][0xfb]=[0xe1][0xa1]([0xdf][0x92][0x4]&lt;t5[0xdd][0x89]V+[0xf5]7[0xde][0xcb][0xdd]uU[0x9b]^[0x14][0xe4][0xf3]tq]%[0x10]h[0x8b]@-W[0xa8]*[0x95]1j[0xe5][0x99][0xc4][0x83]n5][0xb2]y[0xea][0x82][0xf7][0xaa][0xfb]OKB[0x8f][0xc6][0xd9][0xe9]#[0x15][0xca]|S[0x1d][0xeb]s[0xbd]w:a[0xdb]7[0xb5][0x9c][0xac][0x8a][0x94][0xbd][0xb3][0xaf][0x9e]&gt;[0x9b][0xb7][0xfc][0x84][0x83][0x93][0xc2][0xd4][0xc6][0xc4][0x8a][0xbe][0xe8][0xe0][0x8][0x13]M[0x90][0xaa]6[0xe9][0xf6]L[0x95][0xab]0[0xcb][0x8a]J9[0xa7]z[0xed][0x86]`W0v[0xe9]3[0x4][0xe][0xdc]~[0xf2][0xab][0x6][0xb]/[0x10]K[0x82]J[0xdb][0xad]r[0x84][0xf0][0xb8][0xfb][0x1a][0x8][0x9b][0xdf])[0x10]s[0x95][0xc9]p[0x82][0xf3][0x95]U0&gt;e[0x10][0xaa]8[0xd7]@[0xf5][0x84][0x98]/[0xd8]#[0xbf][0xf5]&amp;[0x99][0xcf]$[0xf][0xe0]E[0xdf][0xef][0x90][0x93][0xdc][0xfa]&quot;TF[0xaa][0xb9][0xcd][0xcc][0xeb]P[0xf2][0xd8]j[0x8c][0xf0][0x92][0xc][0xd8][0xc4][0x9][0xfa]h*h[0xab][0xde]E+[0x99][0x1a][0x9b][0xea][0x8]s[0xa8][0xa0]P_[0x95]vS[0x83][0xbc]*[0x1b][0xe7]u[0xa4][0x94]Wj[0xf9][0xc0]n[0xcf][0xe7][0xa2]8US[0x8c]$[0xba]ul.[0xbd][0x83][0x4]+s[0xfa][0xf3]1[0xf][0xe7]i[0xd8]?[0xb8]i3[0xf9][0x1e][0xf][0xb2][0xbb][0xb0][0x15]r[0xb2][0xee][0x11][0xa5]y[0x14]F [0x91]P[0xea][0x96][0x14][0xfc]Z[0xe7]?[0x15]f[0x18][0xdf][0x16][0xe7][0xa3]&quot;&quot;[0x18]@[0x97][[0x1a][0xd7]G&quot;[0xc8][0x9c]S}7[0xc][0xaa][0xb8]y[0xce][0x82][0xba][0xfa][0xc9][0x95]Z[0xe][0xd5][0x8a][0xc6][0xa4][0x1e]&amp;V[0x7][0x8c]Si[0xc]&apos;[0xde][0x9f][0x98][0x8e][0xa3][0x9f];[0xb7][0xd4]&gt;[0xe1]][0x8e]~[0xac][0xc9][0x17][0xcc]{;[0x83][0xb1][0x9b][0x5]?[0xff][0xc1]&lt;f[0x8][0x9c][0xfb][0x1d];)[0x9b][0x96][0xec][0xc8][0x9b][0xbb][0x9]U[0xac][0xb5],[0xcf]&apos;[0xee]+[0xa8][0x91]W[0xa7][0xb8][0x11]Y[0xb0][0xd8][0xc5][0x85]R[0xe][0xe6][0xe5][0xf8][0xb8][0xa3]{J[0xb0]m[0xed][0x6][0xb2]f[0xa9][0x0][0x1a]E/u[0xa4][0xf9][0xda][0xd2][0xe2]=3[0xf3][0x1d][0xb0][0xbd][0xfd][0x9c][0x17][0xa7]s[0x8b][0x8f][0x86][0xc][0xc0]=[0x1a][0xe7][0xc7][0xb7][0x82]s]Uj[0xdd]a[0xd5]W[0xfd][0x8c]~[0xca][0xa6][0xcc][0xbf][0xf4]5)$[0x96]r[0xef]xr[0xae][0xe4][0xbc][0x8b]Av:[0xda].V[0x1f]^k[0xa9][0x9f][0xbd][0x9d][0xf9] [0xfc][0xfd]`[0xc3][0xce][0x5]p[0x9c][0xad][0xb3][0xd5][0x85][0x1b]]hu[0xb7]m[0xef]V[0xf6]y[0xb5][0xc6][0xba][0xb2]l[0xf8][0x1a][0x1a][0x6][0xed][0x9d]+GS[0xac][0x96][0xc2]O[0x87][0xf2]![0xa3][0x18][0x0]_W[0xd9][0xa1][0x15][0x81][0x11][0xe7][0xf6]Z[0xc5][0x8a]:[0x96][0xb9][0xe5]&amp;[0xb0]6[\n]&quot;
2013-02-06 13:51:56,421 AAD-WS DEBUG wire:63 - &gt;&gt; &quot;[0xbf];bN,@[0x1d]$[0xd4][0xf8][0x86]Z[0xc0]p[0x9c][0x13][0x17]_#~[0xf3][0x2]J[0xb9][0xba][0x2][0xc8]E[0xc7]^[0xbb][0xfe]&gt;[0xb8][0xca][0x1d]e7[0x7]t[0x0][0xd5]Uy[0xa2]_zp|[0xf9][0x9e][0x1b]V[0xde]R[0xeb][0xb][0xba][0xd6][0xbd][0xe5][0xdd][0x83]5[0xdc][0xed]V[0xcf]b![0xd2][0xb0][0xb0][0xa5][0x87]:W[0xa9][0x5]=[0xfe][0x1b][0x8c][0xfe][0xea]}[0xcc] [0xe8]1[0xe7][0xf6][0xa6][0x91]W[0xa1]Hv@[0xf8][0xb8]?[0xf][0xe7][0xc5]p[0xb2][0x1e][0xc8][0x16][0x86][0xfe][0xce][0x8e][0xfc][0xf6][0xf3][0x5]Y[0x9c][0xbe]l[0x8e]cr[0xec][0x0][0xc6];Y&apos;[0x80]i/w;k2*WV6[0xa6]Y[0xd7]F[0xc4][0x8b][0x19]E[\r][0xaf][0x9e][0xc5]9h[0x18]6G[0x8e][0x0][0xb1][0xb2]?{[0xd3][0x12][0xd5][0x1d]s[0xdb][0xae]y[0x2][0xf2][0xcf][0x12][0xc3][0x95]w[0x83][0x86][0x8a][0xa7]![0x8c]:[0x1d][0xa0][0xfc]&amp;q[0x1b]4[0xab][0xd2]}[0xf2][0xf]1[0xdd][0xde][0xe0][0xa7][0xfa][0xe6][0xdb][0xdf]^[0x11]f[0xcf][0xa8].[0xd8][0xc5][0xf5]P[0xc5]x(R[0xaa]q[0xbf][0x1d]Y[0x9c][0xc6]H[0xf0]U[0xea][0xf4]E[0xb2][0xf6][0x8d][0xe9]v-[0x17]sf8T[0xf2]c[0x96]05LP[0xe9][0xdd][0x8c]ZQN[0x5][0x92]#[0xec]fum[0xcb][0xb7]~B[0xbf][0xab][0x82]Q;[0xdd]k[0xe] `[0xcb],[0x84][0xcb][0xee][0x9a]K[0x7][0x16][0x11][0x86]![0xbb],[0x98][0xdb][0x9f][0xcb]-[0x96]t[0x18]h&lt;Z[0xe2][0x8e][0x8e][0xee]f[0x4][0xe]NX1[0xf2][0x81][0x84][0xbd][0xb0]S[0xab][0x85][0xf3][0xfd][0xc3]j[0xbf][0xea][0x3]`4]}[0xd7][0xd9][0xae]A[0xae][0x84][0x98]][0xcb][0xc]q[0xe9][0xfe][0xde]Lk[0x93][0xe4][0xf3][0xec][0xe8][0xbe]{[0xf1]L[0xd3][0xc6][0xe2][0x86][0xba]B[0xe2][0x15][0xe3][0xcc][0x9][0xbd][0x1d]I.&gt;[0x18][0xb7][0xda]8[0xbc]r[0xfa]?[0x1c][0x98][0x15][0x8d][0x1]8D[0x80]{[0x17][0x90][0xb1]z`[0x14]~P[0xb7]&gt;[0x99][0xe1]n@g[0xde][0xc2][0xbc][0xbe][0xf1]s[0xbf][0x1d][0xf7]wi[0x1a]?![0xed][0xe1][0x1][0x89][0xd8]n[0xe0]E[0x9a][0x9c][0xec][0xcd]V[0x14]h[0x12][0xb5]+[0xf1][\n]&quot;
2013-02-06 13:51:56,422 AAD-WS DEBUG wire:63 - &gt;&gt; &quot;[0x92][0xb][0xe8][0xe6]C[0xdb][0xcf]oL[0xf8][0xaf][0xdf]^[0x7]w[0xcb]&gt;[0x1d]&quot;[0xf][0x1d][0xf4][0xde][0xac][0xec][0xc7][0xe6][0x0][0x98][0xf4][0xcd][0x1f]{W,[0xff][0x99][0xf3]y[0x8a][0x9c][0xc6]yw[0xf][0x83][0xe6][0xc5][0xae]e[0xf1]&amp;[0xd1][0xb0]&amp;[0xae]\[0xb7][0x92][0xf6][0x9b]*+[0xd4][0x16][0x9][0xea][0xca][0xdf][0xac][0x94][0x14][0xfe][0xbd]O[0xe8]/[0xe7]t[0xf6]Q[0x8a][0xbe]a@[0xc5]{:g[0x82]o[0xed][0xb6][0x1][0xda]8:[0x83][0x9f][H]E[0x11][0xfb][0xc1]P[0xf8][0x84])[0xb4][0xe5]$[0xdf][0x8f][0xf2][0xbb][0xab] [0x88][0x1f][0x95]6B[0xa7][0xf]P[0xaa]c){[0xed][0xe0][0xfd][0x12]]}[0xa7][0x1a]~#[0xd8][0xce]&gt;g[0xc7]l.c[0x90][0x84]%[0x10][0x9a][0xe7][0xcb][0xfe][0xac]B[0xc8]m[0xe7]+N[0xbb]T[0xc][0xf0][0x8d]c[0xfd][0xbd][0x99][0xde]RK[0xae]&lt;[0xc5]$[0xaf][0x5][0xbb][0xa1][0xd4][0xf7][0x83]v|[0xda][0xa1][0x9a]d[0x8e][0xb5][0xb0][U[0xc2][0xf3]Y[0xdf][0x91][0x4][\n]&quot;
2013-02-06 13:51:56,422 AAD-WS DEBUG wire:63 - &gt;&gt; &quot;[0xf7];2:[0xa4][0xd8][0xf3][0xd8][0x84]&gt;[0xa8]q[0xb8][0x1c]C\Ms[0xff][0x9b][0xba][0x9][0xcc]U[0x0][0xe7][0xe5][0xac][0xa5][0xa7]N[0x89][0x84] 2l[0x83][0xa9][0xb6][0xaf][0xf2]x[0x11][0xac]{[0xbc] c?[0xd5][0xed][0xce];[0xd7][0xbb][0xeb]46[0xac]b[0xf]U-[0x12][0xce]vsu[0xf0]+[0xad][0xe0]2[0xf6][0xa2]&quot;[0xf2][0xc5]+&amp;[0x80]=qG&apos;j[0xe3][0xbd][0xed][0xdb][\n]&quot;
2013-02-06 13:51:56,423 AAD-WS DEBUG wire:63 - &gt;&gt; &quot;[0xb4]{[0x0][0x92]fomZ[0xf8];[0xd1][0x9a][0x5]z[0xd5] [0xaa][0x90][0xab][0xc4][0xc7];[0xee][0xd5]W[0x9][0xa5]|8K|[0xed][0x8e]$[0xaf][0xc1][0xca][0xcb]RH[0xc0][0xd8]D[0x91]~[0x87][0xb8][0x7][0xe4][0x0][0x87][0x87]y%[0x12]C[0x18][0xd2][0xc]Z[0x91]J[0xf8][0x9e]:x[0x81][0x82][0x8][0xa9][0xe7]&amp;[0xab][0x18]6R[0x8f][0x9a][0xfe][0x19][0xa0][0x80][0x3][0x93]O[0x3][0xc2] [0x9f][0x95]\/f[0x89][0x1a][0xa0]3[0xf6]r[0xfe] ][0xf0]q[0xb1][0xf2][0xc2][0xc6]R)TrEY*f]#[0x81][0xf3][\n]&quot;
2013-02-06 13:51:56,423 AAD-WS DEBUG wire:63 - &gt;&gt; &quot;[0xa7][0x3][0xfa][0xd2]M(V[0xc1][0x9][0xe4][0xca][0x83][0x97]T[0x1f][0x8f]e[0xaf][0xc2][0xd9][\n]&quot;
2013-02-06 13:51:56,423 AAD-WS DEBUG wire:63 - &gt;&gt; &quot;[0x96][0xfd]O})[0xe7]9[0xe3]G[0xf9][0xe][0x8d][0xa1][0x1][0xe4]|#[0xcb][0xc6][0x6][0x1e]}[0xf5]:[0x5][0x4][0xb4]TD[0xf6]s[0x14]}[0xbd][0xad]([0xa9][0xb]#[0xd9]$[0x4][0xb5][0xa9]J[0x0][0xd9]d&quot;[0xba]w[0x84][0xfd])[0xe9][0x17]-[0x92][0xcf][0x9c]_[9[0x8][0xba][0xdf][0xdc][0x6]U[0x98][0xdb]6[0xa4]O7Sh[0x92]n[0xe4][0xa0][0xd1][0xd6][0xd7][0xf1])[0xdf][0x2]x[0xaf][0xa3]S9[0xaa][0x1f][0x98]D[0xd6]N [0xea][0x95][0xe0]x[0xf0][0xa5][0xa0]j[0xc7][0x7][0x92][0xa9][0xaf]`[0xff]o%[0x7][0x1f]3[0x0]_[0xf4]&apos;[0xb6][0xf][0xd8][0xab][0xe3].[0x14][0x9a]5[0xa7][0xc6]8n3[0xf6][0x98][0xc0]V[0xa1][0x1c][0xd5]L1[0xf7]O7[0xb5]D[0x96][0x18][0x8c]/[0x1c][0xc2][0x85][0xc8][0x8e]y[0xdd][0xf2][0xda] se[0x82]Y[0x1b]rbp%&apos;[0x95][0xb4][0xa0]Q~u[0x7][0xa4]W[0xad][0xbb][0xa9][0x1d][0xaf][0x11][0xa8][0x9a][0xf7][0xdc]N[0x17][0xb8][0xea]X:j[0xdc][0xe6]&quot;&lt;[0x92][0xb]9[0xb9]?[0xbb]V[0xbe]G[0xbd]_[\n]&quot;
2013-02-06 13:51:56,424 AAD-WS DEBUG wire:63 - &gt;&gt; &quot;[0x92]2L;[0xb6][\r][0xa7][mZ[0xc7][0x9d]N[0x99][0x99][0xb1][0x1f]![0xa9][0xb1][0xdb][0xff][0x8d][0xf2]&apos;[0xcb][0xb7] [0xfe][0xeb][0xe6]C[0xa2]Gq[0x17][0x9b][0xdc][0xab][0xed][0x8d][0xe2]t[0xfa][\n]&quot;
2013-02-06 13:51:56,424 AAD-WS DEBUG wire:63 - &gt;&gt; &quot;[0xd9]B[0x94][0xc9][0xed][0x9]Z[0xd7][0x93]lEql[0x15]x[0xf1][0x9b];[0x92][0xbd][0xd0][0xf2]b4i[0x81][0x87][0x83][0xd4]M[0xdf]Ox[0x93]0W[0x8d][0x89][0x86].[0xb][0xfb][0x15]M[0xac]_h[0xc9]10N[0x85][0xb5][0xaf]9*[0xe3][0xe9][0x2]~[0xfe][0x19]g[0xd5][0x15][0x5][0x9][0xca]B[0x1c][0xe2]C[0xae][0xe2][0x5]u[0x1][0xb8][0x86][0xf5]8z[0x89][0xec][0xe2][0xd4][0xce][0x87][0xc2][0xae][0x9e][0xcc][0x1]V[0xb][0xa0][0xfb][0xac]-[0xc2][0xba][0xf6][0xc3][0xd6][0xad]2[0xf4][0xad][0xb9][0x9][0x10][0xeb],[0x9f][0xa6][0xe9]r[0xe1][\r][0xc6][0xbb]2[0x93][0xb5][0xe0][0x9d][0xbd]G|~[0x8d][0x87][0xcd][0xa7][0xd3]K[0xcd][0x96][0x8b]{[0xc8][0x85]~[0xd8]h[0xe2]x[0xd6][0xe2]Q[0x1][0x3][0x9e]GW[0xf2][0xb1][0xde]w[0xfb][0xd3][0xec][0x1f]J_.F[0xbf][0x81][0xe3][0xbd][0xc3]qG[0xd8][0xdd]l[0x87]+[0xa8][0x7]$y[0x95]A[0x9b][0xef]e0[0x9f]*M[0xb4]v[0xef][0xa4][0x86]H[\r][0x80][0xb4]s/M[0xeb]{[0xe]S[0x86]I|x[0x15][0x6]x[0x91][0x9d][0xee]v([0x90][0x92][0x11][0xcb]Q[0xe1][0xe6][0xd1][0x9f][0xe1]&quot;a[0xe1][0xf4][0xe2]F[0xc4][0xf8][0x1a]i[0xbc][0xcb][0xe0][0x87]f[0x97]_[0xbe]6+[0xd4][0x17][0x88]P[0xa3][0xc1][0xa0][0x80][0x9e][0xfa][0xb8][0xb9][0x93][0x8c][0x91][0x12]0Z[0xa1]z[0x8f][0x1c][0x1e][0xc8][0xab]~[0x82][0x9f][0x93]%[0xf9][0xc3][0xd6][0xd8][0xd4][0x9e][0xa6]a[0xf4]0V[0xc2]=qQL:T[0x94][0xae][0xfd]C[0xdd][0xf9][0x9e][0xbb][0x1f][0xbc]Nk[0xd5][0xe3]&gt;[0xbd][0xc][0xf7]m[0xe]p[0x9e][0xde][0xdc][0x1c],tC51[0x14][0xa7]\[0xdd][0x97][0xfb]k[0x8b][0x93][0x99][0xed][0xf6]Y[0xa2][0xc2][0x90][0xc6][0x1a][0xe2]S[0x86][0xde][0x9a]@fj[0x92][0x8e]J&amp;[0x8f][0xd6]@[0xd5][0xef])[0xc7][0x1f][0xbf]|[0x5][0xdd][0x9a][0x1c]L`[0x93][0xb7][0xd1]S[0xe7][0xb8][0x9e][0xe1]T[0xfe]h[0xa2]yi[0xe9][0xb][0xf6]q[0xa6][0x98][\r][0x9e][0xf7][0x80][0xac][0xc4][0xeb][0x8b][0xf1]x[0x94][0xce]WT[0xb8][0xd5][0xb7]h[0xff][0x80]O[0xe9][0xae][0xda][0xac][0xac]\Yj[0xd1][0xf3][0x13]Vy[0xab]r[0x9c][0xcf][0xdb]([0x94]|i[0x13][0x10][0x97][0xb7]Yw[0x13]![0x2][0x8b][0xf1][0xc7]v[0xdf][0xa5][0xc3][0xeb][0xde]C[0x9f]t[0x19]O[0xb1][0xcd][0xa1]~[0xb4]&quot;[0xdc]l[0x9c][0xa9][0xb5][0x13][0x8b][0xdf][0x9e][0xe0][0xc8][0xbc]A[0xf1]_[0xa1][0x2][0xfd][0x8]\~[0xfb][0xfe]&quot;n[0xa9][0xb2][0x1a]{%ooq_X[0xad][0xa8][0x10][0xe8][0x8b][0xe7]2[0xed][0xfc]`[0x9][0xfb][0xce]6[0x9][0xf8][0xca]&quot;[0xf9]=tY[0xc2][\r]\[0xb7][0xc9]&gt;[0x90][0xfc][0xc3][0xb0][0xbd][0xe6][0x13][0x9e][0xc5]S2[0xa2][0xc3][0xf4][0x82]6[0xfa][0xc2]Xp&apos;k[0xdc][0xf2][0xa7][0x82]~[0x90]%[0x1a][0xd0][0xc9]y[0xcb]o[0xcc][0x2][0xa7][0xc3][0xf6][0xb3][0xab][0x1f][0xd6][0xf8][0xee][0x12]Y[0xef]t[0x8b]|[0x98][0x13][0xbf][0xcd]/a^[0xb6]A@[0x10][0x6]I/[0x5]wV[0xa4]J[0xc8][0x83][0xee]3[0x8f][0xb2][0xeb],[0xb1]|[0x10]{[0xe8][0xaa][0xaa][0xe4]UM [0xe2][0xb0][0xfe][0x0][0xcc]WG[0xf6][0xfe][0x89]A[0xc8]z[0x4][0xa5][\n]&quot;
2013-02-06 13:51:56,424 AAD-WS DEBUG wire:77 - &gt;&gt; &quot;[\r][0x87][0xa8][0xdd][0xc0][0xd5][0x1][0xbf]tdL-H[0xe0][0xb7]v~_[0xde]~~[0x96][0xfa][0xce][0xa5] [0xb5][0x98][0xdd][0xcd][0xe5][0xb4]8[0xd5][0x85][0x9b][0xd4][0xc1]&gt;~[0xeb][0xd1][0x1b][0xb6]*%[0xb0]\Zqr[0x19]x[0x1a]F[0xbc]4[0xf6][0xfb]X[0x92]&quot;{b[0xc0]C[0xe0][0xb3]Q[0xbc][0xb0]&quot;
2013-02-06 13:51:56,425 AAD-WS DEBUG wire:63 - &gt;&gt; &quot;[0xc6][0xbf]S}[0xe7]_[0xd8]$l[0xc4]1[[0xdf]&gt;I[0xb4][0xa0][O[0xff]G[0xc4][0x1d][0xfc][0xd8][0xe4]+[N[0xce][0x0][0xf1]y[0xf][0xf7][0xb8]w*_[0xe3]9UA[0x9c]6A%[0xb6]G[0x8b][0x90]Q[0x8f][0xb4][0xb3]pb~[0x1][0xaf][0xcb]%D){[0xf]e[0x8f][0x16]u&amp;[0xf1][0xe9][0xf4]F0[0xe2]Ak[0x81]a[0xfc]Y[0xa7],XM[0xfa][0x9d][0x13][0xf7][0x2][0xbf][\r]Xq[0xa2][0x5][0x9][0xbb][0xf0]F}$[0x5][0xe][0xa3]F`[0xea]|[0xe9][0xaf]h[0xb6][0xfd][M&gt;[0x1e]8[0x5]S[0x84][0xe5][0xbc][0xd0][0x13]6[0x8f][0xa9][0x89][0xc7]M5[0x7][0xd9][0xfb][0xfd]!e[0xc1][0xa0][0x82][0xbc][0xcb]i[0xe9][0x8e][0x93][0xf][0xa2][0xf9][0xfc])[0xa3][0x9f][0xe0][0xfd][dj~6O{[0xe5][0xea][0xa2][0xc3][0x1f]N&apos;[0xa3]f[0x9a][0xfe][0xa9][\n]&quot;
2013-02-06 13:51:56,425 AAD-WS DEBUG wire:63 - &gt;&gt; &quot;[0xf2][0xc]@Mqa[0xbf][0xe7](Q[0xde][0xbc][0xf9][0xf7]c-[0xb8][0xba][0xe0][0xee][0x1e]5[0x17][0xbd][0xf3][0xf7][0xc4]c/[0x1b][0xd8][0xbd]@[0xf8][0xa5]3[0xfb].;[0x8b]q[0x1c][0x1f][0xb3][0x5][0x17]@l[0x5][0x83][0xa4][0x8e][0xb8]^[0x8d]irx[0xbb]A[0xd2]u[0xbd][0x1]?%a([0x1c]q[0x1f]Q[0x95][0x14][0x1e]-D[0xdf]G&amp;S#[0xc6][0x1f][0xca][0x9b][0x82][0xad][0x1a][0xa6][0xfc][0xf5][0xed][0xe6][0x85][0xa6]p[0xb2][0xf7]s[0xac]&lt;[0x8f][0xdd]s[0x13][0x9e][0xa6]p[0xe][0xa7][0xf8]wf[0xb7]C[0x82]B+[0x86][0xa3]u[0x82][0xbb][0xed]][0xa3]h[0xa4][0xd6][0xb9]W[0xf0]z[0xde][0x14]9[0x19][0x13][0xe]A-PQ[0xcb]\[0xe1][0x6][0xc7][0xc6]-[0x81][0x1e][0x94]`[0xad][0xe3][0xf6]k[0xe7][0xf4]yD[0xc2][0xef]$[0xd6][0x81][0xf1][0xd3][0x96][0xb8]&gt;[0xfc][0x8]L[!F[0x8b][0xe6]Q[0xd0][0xb][0xc0][0x8a]/[0x97][0x9b]:[0x90][0xf6]4[\n]&quot;
2013-02-06 13:51:56,425 AAD-WS DEBUG wire:63 - &gt;&gt; &quot;f[0xea][0x9e][0xb8],[0xde][0x92][0x84]n[0xdc]v[0x9c][0xc][0xe8]P[0xb4]][0x0][0xa0]o[0xec][0xe5]y[0xb5][0x92][0x8e][0x14][0xb0][0x1][0xa1][0x8b][0x1c][0xd5][0x95]R[0x0]f[0x9b][0x1f]a[0xc2][0xeb][0xc2][0x8]\[0x95][0xb2][0xfc][0xb9][0xa9][0xce]|&quot;[0xb9]l[0xc5][0x9c]c)[0x92];[0x8e]&apos;[0xa2][0xe5]TF[0x11][0xdb][0xfc]`[0xec][0xc2][0x85][0x99]/:{5([0x93][0x1d][0xef][0xbe][0xc1][0x91][0xb4]H[0xc5][0x86][0xe2]f[0x16][0x95]0[0x1d][0xc0][0xe5][0xee]&apos;[0x97]+[0xfc][0x2]X[0x96][0xf2][0xf5]eL[0x97]&quot;[0xa7][0x1e][[0x85]ut[0x13][0xee]S[0xca].[0xa9]P[0x90]R~A[0xbc][0xe6][0x8e]y[0xd3][0xcf][0x9b]&quot;[0x16][0xe4]N D[0xed]S[0x15][0xc7][0xea]\[0xe0]5[0x19]&lt;[0x1f]x[0xb9][0x84][0x16][0xc0][0xc9][0xf7][0x6]\[0xdf][0x0][0xf0][0xf3][0xeb][0xab][0x95][0x91][0x94]FTj[0x80][0x94][0xc]$:[0xfa][0x6]M[0x9f][0xf5][0xdb][0xc3][0xa4]HO\[0x8]r[0xcc][0xbd]z[0xb5][0xd0]K[0x10][0x19]*[0x95][0xe1]Y[0xf8][0xe0][0xb3]G[0xdc][0xcd]n[0x9c][0x9f][0xa8][0xc3][0xdd][\n]&quot;
2013-02-06 13:51:56,426 AAD-WS DEBUG wire:63 - &gt;&gt; &quot;[0xca]U[0xad]5~[0xd1][0xe5][0xf3][0xe][0x8]2p^[0xd5][0xdd][0x1a]u[0xc][0x93]48[0x91].[0x9f]^[0x81][0xfa]1[0x81]+[0x8c][0xd1]bk[0x15][0xd5][0xe7]6[0xd5][0x16]Qo[0xc8][0x5][0x1c][0xa5]c[0x98][0x9c]=D[0xde][0xd3]8[0xb8][0x82]&amp;[0xf1][0xd5][0xb6]}[0xf9][0xfa][0x83]{n@[0xec][0xbd][0xd1]x[0x16][0x2]s[0xc1][0x81][0xbe]L[0xe7]t[0x98]j[0x84][0x93][0xd0][0x1d][0xaa][0xb3][0xb2])[0x97][0x98][0xcc][0xad]r[0xe1]~[0x5][0xd2][0xb]-[0xfa][0x7][0x86][0xd9][0xf3]&gt;[0xa2][0xe4][0x2]l[0xec][0xeb]@[0xb7][0xce][0x7][0xda][0x12][0xae]wf[0x1][0xcc][0xfc][\n]&quot;
2013-02-06 13:51:56,426 AAD-WS DEBUG wire:63 - &gt;&gt; &quot;%[0xce]6[0x16][0xb1][0xbb][0x1][0xa7][0xbc]`[0x88][0xc3]&quot;5[0x10][0xb0][0x17]:[0x83][0xda][0xbe][0xca][0xe4][0xce]f[0x13][0xf7][0xf2][0x82][0xc][0xb4]Z[0xe3][0x9c]U$[0xca][0xa7]5[0xab][0x14][0xd1]#[0xdb][0xc6][0xe]?[0xdc][0x17][0x8c][0xf0][0xc][0xf2]&lt;[0xcc][0xf3][0x16][0xe5][0xdc][0xc1][0xa7][0x87][0x2][0xa1]O/[0xdf][0xbb]\E[0xb8][0xf6][0xb1]i#[0xfa][0xe6][0x8a][0x8][0xd3]G[0xef]~[0x1e][0xd8][0x8e]y=[0xd8]Y[0xc8][0xab][0x16]c[0xef][0xfb]J[0xda][0xed]=[0xa4][0xe0]F%[0xd0][0xd7]5[0xa5][0xfd]@[0xbb][0xfc][0xf2][0xfe][0xe5][0x1c][0xb4]^[0x13]WK[0x10]}[0x9f][0x8b][0xb4][0xab][0xc3]FH%[0x87][0xba]?F[0xf4][0xd0]k[0xdb][0x8d][0x87][0xc4][0x9b][0xd5][0xf1][0x95][0xb7][0xb2][0xc0][0x99]-[0x98][0xb8]$[0xc1][0x19]l; [0x2]TH[0x99][0xe4][0x3][0xa7]d[0x1f]s[FY[0x9]J[0xbf][0x86]X[0x96],Fj[0xea]](`[0x8f]d[0xaf][0x81][0xbb][0x98][0xbb][0x11][0xfb][0x9e][0xd8]@&amp;A[0xac]dV[0xff][0xd9][0xe1][0xf2]w[0xcf]-[0xf4][0xa9]c@ln[0x88][0xac]At#[0xd0][0x91]#A[0x96][0x8b][0x1e][0xe5][0xfd]*s[0xf4]y[0x8][0x4]k[0x82]O.(xd[0xcc]p[0xb7][0x1][0xb9]amZ[0x11]&quot;[0x18][0x82][0x1d][0xad][0xf7]w[0x87][0xf4][0xb1]0[0xbf][0xf]=T[0xbe]z[\r][0xaf][0xda][0x99][0x6]l[0x94][0xa2]e[0xc]Bv[0x95]H[0x8c]x[0xf7]w[0xfb][0x1d]Pw~}{}Y[0xd8][0x8f][0xea][0xa0][0xa5][0xdc]&amp;[0xa2]qz[0xe3][0xc]w[0x97]T/V[0xa5][0xfa][0xe4][0xd3][0xa4][0xe3][0xa9][0x8f][0xef][0x8c][0x85][0xd4][0xcf][0xcc][0xb9][0x9b][0xdf][0xf0]Ksy@.z[0x87]x8d[0xb7][0xea][0xdd][0xc3][0x81]KA[0x1f][0xce]c[0xbd][0x8e][0xd5][0xfb];[0xce][0xfb][0xf1][0xe9]C=[0xfc]&lt;[0xce]cA&quot;&gt;[0xab]t~?Lw[0xdd][0xa8]![0x9a][0x89]&lt;_T[0xcc][0x83][0xb8]&amp;[0xf]4[0xf][0x8b]=;[0xd9][0xe8][0x15][0xcf]_[0x1e][0x12]t[0xa7][0xac][0x8b]q[0xd9]&amp;[0xd9][0xc5][0xa7][0xf6][0xab][0xb8][0xc3][0x1f][0xc9][0xfb][0xcb][0xcc][0x13][0xca]k[0x83][0xce]5mPn[0xc5][0xe3][0x3][0xa6]*[0xd6]:[0xba]&quot;[0xc9]5[0xf2][0x82][0x8a][0xfe]N[0xad]]D[0xf3]n[0x8a][0xfb]@[0xe0][0xb9]|[0xc]J[0x8f][0xc6]?qw|[0x87]q[0x8] =[0x16][0xec][0xfa][0xf]k[0xfb][0x82][0xb0][0xd6][0xc9]b[0xbd]?m[0x85][0xe1]q[0x19][0xe][0xf7][0x14]i[0x1c][0xa0]AT[0x13][0xdd][0x85][0xb][0x81][0x8d]7o[0x89]9[0xcf][0x8e][0x15][0xe7][0xde][0x11][0xd1][0xcf]%%[0xe5][0x8d]X[0xa9][0xa1][0xea][0x5]rTXGq[0xfb][0xba][0xcd][0xd3][0x97]O[0x9d]l[0xfa][0x90][0xda].*[0xc1][0xbd];m[0xeb]1P[0xba]G[0x85][0x8e]{[0xe6]*[0xd5][0xaf][0x82]E3i[0xa1][0xf9][0xb8][0xa4][0x9e][0xf1][0xda][0x91][0xb0]&apos;4:[0xa9],L[0x80][0xc2][0xe][0xca][0xb9][0x1][0x3]pyu[0xf5][0xf4][0xb7]|[0xe3][0xfc][0xf8]e[0xd2]AEo[0x92][0xe3][\r]D$a[0xc3]Q&lt;[0xe6][0x8c]`S[0x10][0xd7][0x95]I[0xd9]5A[0xa4]N[0x1e][0xd4]C1[0x9e]{[0x1b]J[0x8f][J[0xa4][0xef]=[0xc3][0xd4][0x1d]l[0xc8][0xff]P[0x12][0x88][0x8e]}[0xff]-.Y[0xbc]8Z[0x5][0x9]r[0x7][0x92][0xdd][0xa0][0x97][0xab][0xfe](K\[0xaa][0xe5][0x1a]G[0x87]N&quot;V[0x85]o&gt;[0xdc][0xdb][0xf5][0xbd]o[0xb9]?[0xef]*[0xc3][\n]&quot;
2013-02-06 13:51:56,426 AAD-WS DEBUG wire:63 - &gt;&gt; &quot;[0xa6][0xa9]{[0xb4][0x95]l[0xf1][0xe]=[0x8c][0xe][0x3][0xcd]G[0xa3]k\[0xa8],u[0xf8][0xe]*[0xe7][0xbd][0x1e][0xec][0xc5][0xdb][0x9f]8^8T[0xe3][0x83][0xd5]nA[0xac]2][0xba][0x9d][0xae][0xea][0xa8][0x13][0xa9][0xf1]yR[0xf5][0x17]6[0xe5][0xcc][0xfd]\Y[0xc7][0xe5][0x14]L[0xab]0[0xc9]&gt;xp[0xac][0xc0][0xdc][0xdf][0xb][0xd9]`[0xef][0xff]VW:[0x96]~c[0xeb]-[0xb6]t5[0xe2]n[0x2]`[0xea][0x12][0x99][0xc][0xba]A[0xf5])[0xdc]+[0xe2][0x16]c[0xc2][0xf4][0x93][0x86]%[0xef]O3[0xf3][0xec]E[0xeb][0xc][0xda]A[0xf2]x[0x17][0xfb][0x91]e[\n]&quot;
2013-02-06 13:51:56,427 AAD-WS DEBUG wire:63 - &gt;&gt; &quot;[0x9][0xce][0xf9]du[0xb9][0xb5][0x1d]O[0xe6][0xa7]U[0xd5])+,t[0xe1]E[0xe5][[0x0][0xfc][0xc5]Vu[0xf][0xd6]e[0xd8][0xad]u[0xc]o[0xc1]98[0x6][0x9][0xcb]4%e[0x81][0xd7]h[0x95][0xe][0x17]3&apos;.[0xde][0x1a]W[0xa2][0xc5][0x15][0xa1]a[0x18]()[0x15][0xf9][0xe0]W[0xf8][0xfd][0x91]w[0xe8][0x96]f8[0xa5][0xa1][0x17]T[0xda][0xaf][0xed][0xd4]^![0x1]A[0xa6]4;[0x82]w[0x85][0x2][0x0][0x83]n[0xee][0xed][0xa9]4[0x9c][0xe2]N[0xdd][0xf4]Ud[0xa4][0x1f][0xf7][0x15][0xcf][0xf][0xee]aE&lt;[0x9d]K[0x16][0x86][0xf7]j[\n]&quot;
2013-02-06 13:51:56,428 AAD-WS DEBUG wire:63 - &gt;&gt; &quot;[0xc6][0x13][0xfa][0x4][0xe4]G[0x99][0x2][0x96]zx[0xbd]nT[0xbf][0xe6]28[0x9]Q6v[0x0]o%[0xac][0xdb][0xde][0x1c]e[0x88]e9[0xbe]S=[\r][0x9a][0xaf][0x82][0xe4][0x1f]p[0xe1]K%Z8[0x8a]v[0xba]A-`[0x1c][0xdd][\n]&quot;
2013-02-06 13:51:56,429 AAD-WS DEBUG wire:63 - &gt;&gt; &quot;[0x85]@[0x5]&amp;[0x1a][0x95][0x96]\[0x10]][0x1][0xfe][0xe7][0xce][0xcf]&apos;[0x8d][0x89][0x9c][0x11][0x87]7*[0x8a][0xf3][0x9a][0x8e]aV[0xb4]9[0xe3][0x10]$^[0xf6][0x91][0xb8][0xee][0xd6][0x9d][0x15][0x17][0xcd][0xbc][0xd5]#[0xbc][0x81][0x9e][0xe5][0x92][0x4]2=C[0xb1][0xe5]+[0xc0]%@[0xdc][0xf3][0xa9][0x1a][0xd1][0xed][0xa9]7[0x8f][0xd6]e[0xe9]2[0xd0][0xdf]V[0xf4][0xcd]?[0x98]i[0xa4][0xec][0xdf][0x8d][0xa6][0xf4][0xd9];[0xa1][0x1a][0xde][0xb0][0xbd][0xc3][0xd9][0xce][0xb4][0xe9][0xd3]v,W[0xf1]#[0x17][0xb2]=[0xdf][0xbf][0xcf][0xfa][0xcc][0x3]:C&apos;l3f[0xe0][0xbb][0xac]oxH[\r][0xdb][0x9a][0x1e][0xae][0xdc]p8E[0xe3][0xfa][0xa9]yF\[0xf8] [0x8b][0xa4]&apos;[0x1a]zw[0xad][0xf0][0xc7][0x86]9[\r]b^[0x80]|M.[0xa0][0x85]w[0xc1]x[0xa1]ll[0x9b]:[0xf4][0xd1][0xe8][0xd6]puj[0xb0]][0xaa][0x1d][0xb9][0xba][0xdd][0xd4]p}[0xff][0x87]J[0xc1][0xde][0x11][0xf0][0xeb][0x6][0xe]PN[0x9f][0x9b]M[0xa4]S[0xc][0xe8][0x9f]sx[0xb3][0xd5][0xf6][0xf][0x9e]S[0x87][0xb3][0xf8]W[0xee][0xe5][0xfd][0xb4]0t_[0xaa]v[0x80][0x9c]][0xcd][0xd9][0xfa][0xa8][0x15][0x1d][0xcd]]`[0x1b][0xd0][0xc0]&lt;[0xf8]U[0xa5]U_[0xdb][0x9f][0xf8]o[0xf4][0xd8]O[0xfb]w[0xba][0x14]][0xa7]N[0xcf]&amp;{#[0x94][0xf6][0x81]E[0xe8][0x99]L[0xeb][0xd9][0x86][0xef]V[0x18][0xc4][0x8f][0xde][0xfc][0xbc][0xd3][0xd2][0x6]U[0xd6][0xee]0`b[0x1e]=[0xbc][0xe3][0x8a]i[0x1c]&amp;[0xea]J[0xb6]([0xb9][0x10][0xc1][0xfb][0xcd][0xcf]Z[0xba][0xa3][0x5][0x9d][0x1a]Pm[0x2]NF[0x5],h\[0x94][0xea][0x82])[0x93][0x1b][0xb5]^[0xd9][0xe8][0xfe][0xf5][\r]}[0xa9][0x8e][0xa4][0x17]u[0x8b][0x96]F1n[0xc4][0x82]GE~[0xb4][0x8a][0xc2]b[0xeb][0x15][0xd7]]([0x9e]S[0xbc]([0xfa]+[0xf0][0xbd]r!-[0x90][0xd8][0x85][0x97]JG[0x5][0xf5][0x18]7[0x8f][0x1e]@[0x9]|[0x1][0xe0][0xfc]Y[0xb2][0xfc][0xfe][0xe9]E[0x96][0xc7](*[0xd0][0xb6][0xb6][0x8e][0xa6][0x1][0x9b][0x8a][0xd7][0xe9][0x89][0x10] O#[0xb2][0x14]^[0x15][0xf7]z}[0xed]l8[0x91][0x11][0xe][0xd0]dJ[0xcb][0xa7]DHDJ[0xbb][0x9][0x1b]s[0x8c][0x9c][0xbf]sy[0xdc]S[0xf5][0x93]o[0x1c][0xe7]y[0x1a]i[0xe2]x[0x97][0xe8][0x6]&lt;[0xb2]4k[0x86][0x9c][0xd1][0xaf][0xcc][0x18]:[0xc7]{[0xf6][0xf8][0x87][0xae][0x17]{[0xea][0xca][0xe1]=[0xbb][0xff]J[0xe1][0x1c]&quot;[0xb2][0x13][0x8e][0x9e][0x96][0x8e][0x9e]dK&apos;+[0xf][0xd4]Gn[0x1a][0xf2]SK[0xad][0x13][0xb1]W[0xde][0x8e][0xb1][0xe5][0xf0][0xcc]o[0xda][0x1b][0x8d]kG[0x8a][0x3][0xc1][0x18][0x11]I[0x9c][0x97][0xfc]`a[0xf0]7}[0xbe][0x9c][0x8a][0xc8][0xef][0xde][0x16][0xdd][0xdb][0x7]J[0xa4][0x86]L[0xf3][0xb5]&apos;4b[0xa1][0xc3]1[0xb5][0x87][0xbf]e[0x97][0xdf][0xbf][0xbc][0xb8]*[0x14][0xeb]n[0x8][0x2][0xd3][0xdc][0x13]Ul+r:[0xe5][0xd9][0x15][0xb0][0xd4][0x1b][0xef]a[0xb]~[0xf5]\t;\hSB[0x93][0xb7][0x83]tz[0x9c][0x1e]Y\[0xc1][0xe1][0xd1][0x9f]b[0x8]H[0x8e]{[[0xfe][0x9b][0xf7][0xb][0xcc]G[0x6][0xc][0xf9][0xb6][0xa3][0xfd]C$D-[0x1c]o:[0xe8]8[0x8c][0xfb][0x8a][0xeb][0x8b][0xe1]/[0xdd][0x82][0xf4])}K[0xdc]B[0xf0][0xb8]=[0x9f]a[0xde][0x85]i/[0xe0]nY[0xac][0xd2][0xa6]{[0xd7][0xb0]uMW&gt;[0xde][0xe4][0xbe]\[0xff][0x89][0xba]7[0x11]=[0xdb][0xc9][\r][0x94]p[0x97][0x87]*;[0xdb][0xb5]r[0xc5]f[0xed][0x12][0xa7]g![0xd4][0xf8]N[0xc0][0xe8][0xbb]n[0xa9][0xfe][0x85][0x6][0x98]v[0x88]J[0x88]ja-o[0xe9]f#\[0xba][0xda][0x9a][0xe0]`A[0xe9][0xfe][0xdc]=s[0xb9]\[0x8a][0xb1][0xe0][0xa0][0x9f]B[0xf][0xb1][0x8a][0x96][0x90][0x8f][0xf4]M2RdT[0xd8]d![0xd8]7[0x91][0xf9]Kf[0xa8]xq[0x98][0xe0][0x84][0xd3]Z[0xe4]u[0xb7]#[0x9]]2?[0x82][\r][0xaa][0x94][0x96][0xda]P[0xfe]5[0xb2][0xee]7[0xce][0xe0]S[0xa9][0xbc][0xd1][0x6]?c[0xf1][0xee][0xf2]M[0xd3][0x1a]8[0x4][0x80][0xc0]e[0xbc][0x17]&gt;[0xcb][0xeb][0xf]Zq[0x1][0xed][0xba].i[0xfb]1[0xca]=oy[0x85]=[0x9e][0x18][0x2]&apos;[0xe4]L_2iq[0xd0][0x7]X[0xab][0x84]#B2[0xab]L[0xc1][0xf2][0xcd]([0xf7]S|([0x9]c[0xd7][0xb7][0xb2][0x86]]C)[0xcb][0xaf][0xf4][0xa9][0x84][0xf2][0x8c]X[0x99][0xa8]].x[0xfb][0xf2][0xe7][0xed][0xa5][0xf3][0xb0]U8[0xea]f[0xa2][0xec][0xb7];2[0xb]Y[0xf]t[0x8e]j[0xb7]9[0xd4] p[0xb2][0x17]&lt;[0xc1]9[0xbd][0xb3]pGt[0xc9]&gt;[0xe8]M[0xd3][0xed]![0x99][0xe]k[0x0]*h;[0xb3][0xa3][0x18][0x9f]le!&gt;[0xf4]k7[0x8e][0xf9][0x10][0x89][0xdf][0xca][0x1d][0xe8][0xc2][0xd2][0xdd]T[\n]&quot;
2013-02-06 13:51:56,430 AAD-WS DEBUG wire:63 - &gt;&gt; &quot;[0x10][0xae]z[0xe7][0xe9][0x8d][0x8d]n[0xd3]/5[0x8c][0xfa][0xbd][0xe4][0xf8]W6[0xea][0xe7][0xf5][0xc8];[0xea]\[0xef].=[\r]a[0x0][0xef][0x1a][0xe9][0xc6]&apos;;[0xdd][0xc9]S[0xf4][0x2][0xfe][0x85]ej[0xe7])&lt;U$[0x9b][0xd8][0xb9]Vv[0x96][0xa7]q[0xf7][0xa4][0x87][0xce][0xb5]4[0x82][0xa0]|[0x82][0x16]t[0xc0]7D[0xf7][0xd3]}&apos;K[0xd1][0xf3][0xc1][0xe6]v[0x11][0x1b];[0x84]j3I[0xd4]2[0xb2]1[0xe1][0xf0][0xf9]Ad[0xfd][0xeb][0xc8][0xd5][0xbc][0x19][0x9b]W[0x3][0xdc][0xa3]&lt;[0xd2][0x1b][0xba]i[0xf]Qx9[0x8b][0x82]8&gt;[0x8e]Y[0xbf][0xd9]M[0xb][0x88][0xf4][0xab][0xaa][0xf9][0xe9]~[0xad][0x97]z&amp;[0x8c]s[0xe4]L[0x8e][0xe7][\r]3[0xa8][0x15][0x80]:0[0x14][0xa9][0xe2]Y[0xd0]3[0xe3][0xaf]![0xea][0xf9][0xc1][0x8b][0xa3]n[0xed][0xc8][0xb4][0xf0]h[0x8d]G[\r][0xb0][0xd1]/[0xb4][0xf][0x11][0xf7][0xf6][0xbc][0x92][0xb0][0xb7]H[0xb][0xbd][0xe8][0xf2]%[0xe8][0x8a]\[0x83][.[0xbc]&gt;[0xcc]k[0x9f]j&apos;%8[0x9d]n[0xb]#/[0xf5][0xe8][0x16][0xec];.[0xe3][0xc8][0x91][0xc9]&apos;[0xdc]3[0xa6]0[0x99]z[0xc9][0xf4]%[0xbb]^b[0xe9]}[0x88][0xd6]\[0x82][0xe9]U[0xac][0xa6][0xa7][0xd9][0xad][0xd5]H[0xb8][0xa4]*[0xc5][0x95]&quot;[0xc9][0xad]s[0x8e]a[0xba][0x9][0x82][0xd3][0xc2][0x11][0xfd]i[0xd7][0xe6][0x81][0x13]=N[0xe1][0xe8]W7[0xd0]+[0x9b][0xab][0xce]v)[0xe2][0x8f]7[0xfd]r^[0x15][0xc2][0xfa][0x1c]j[\n]&quot;
2013-02-06 13:51:56,430 AAD-WS DEBUG wire:63 - &gt;&gt; &quot;n[0x12][0xbc]W[0xbf][0xbf]@[0x9a][0xca]][0xb8][0x9c]G[0x8e][0x11][0xe]2Q[0xc1][0xb9]z93[0x97][0xeb][0xc5][0x92][0x84][0xeb][0xaa][0x97]x[0xb7][0x6]/K[0xa8][0xac][0xc3][0x96][0xb8]b[0xb0][0x9b][0x9f][0xca][0xde][0xdf][0xb9][0xd8][0x98][0x7][0x10][0xcf]R[0xbb]l[0x5]:[0xfc][0xb3]^[0xf0]}*[0xef]zg[0xde][0xe4][0x0][0xc][0xc7][0xdf]8[0xfb][0xf6][0x0][0xf7][0xfc][0xed][0x6][0x83][0xd7]~K[0x92][0xb0][0x9f][\n]&quot;
2013-02-06 13:51:56,431 AAD-WS DEBUG wire:63 - &gt;&gt; &quot;[0xe1]W+[0xfe][0xff][0x1]PK[0x7][0x8]![0x18]![0x84][0x6].[0x0][0x0][0xc7][0x8e][0x0][0x0]PK[0x3][0x4][0x14][0x0][0x8][0x0][0x8][0x0]1}D5[0x0][0x0][0x0][0x0][0x0][0x0][0x0][0x0][0x0][0x0][0x0][0x0][0x15][0x0][0x0][0x0]META-INF/SUN_MICR.RSA[0xd5][0x97]{8[0x94][0xdb][0x1e][0xc7][0xe7][0x9d][0x19][0xe3]nh[0x84][0x8a][0xbc][0xb9][0xab][0xc1]z[0x8d][0xdb][0x88]r[0x8d][0xa2]$t!1[0x8d][0xc1][0xc8][0x98]1[0x17][0x14][0xb6]f[0x92][0xd2]N[0x91][0xe8]&amp;T[0x14]*i[0xe7]rr)[0xa7]v[0xb5][0xc9][0xa5]tUJ[0xa5]b[0xcb][0xbd][0x1b]I[0x9d]w[0x88]S[0xed][0xcb]9[0x9c]}[0x9e]g[0xcf][0xf3][0xbc][0xcf][0xbc][0xeb][0xf7][0xfb][0xad][0xb5]~[0xbf][0xb5][0xbe][0xeb][0xb3][0x9e][0x17][0x88][0x14]*[0x8][0xd2]s[0x93]\[0x93][0xde][0xcb]C[0x92][0xd8]\[0x91]B[0x1][0x10])[0xe4]a![0x8]Q[0x0]r[0x4][0xa9][0x9][0xf]VB[0x2][0x3]d[0xff][0x1d][0x7][0xe5][0x8a][0xe4][0xb6][0x3][0x11][0xd6][0x6][0x88][0xa0]|[0xac]&quot;[0xa7][0xf2][0xb9][0x86]b[0xab][0xa1]Y[0xb9]U},[0xae][0xa1][0xf2]&quot;[0x90][0x9f][\n]&quot;
2013-02-06 13:51:56,431 AAD-WS DEBUG wire:63 - &gt;&gt; &quot;[0x85][0xb0]h[0xcf][0x0]D[0x16]H[0x13]p&gt;x[0x2][0x9][0xeb][0xe3][0x85][0xa8][0x82][0xe9][0xe2][0x86][0xc]Ia%[0x83][0xcb][0xf4]b[0x86]D[0x90][0xe1][0xc5][0x11]tc[0xc4][0x12][0x98][0x8b][0x1d][0xb2]$c[0xc7]p[0x1a][0x8f][0x7]S[0xe0][0xe5][0x82][0xf5][0xe1]L:[0xbc][0x9c][0xcb]d[0xd1][0xb8][0x1b]aG[0x6][0x97][0xcf][0xc]f[0xd2]i|&amp;;[0x2][0xb6][0x17][0xf0]C[0xd9]\&amp;#[0x98][0xad]*O[0xb5][0x0][0x88])[0x15][0x8c][0xff]|U[0xe5]M[0xad][0x80][0x15]j[0xa0][0x98]S[0xcd][0xa9][0xbe]}[0x2][0xc2][0x9c][0xaf]k[0x86]$08a[\n]&quot;
2013-02-06 13:51:56,431 AAD-WS DEBUG wire:63 - &gt;&gt; &quot;[0x6][0x8][0x93][0xb1]B![0xa6]n[0xed][0x9a][0xec][0xa1]Y; [0xe5]R[0xc5]v[0xbc][0xdd][0xc3][0x8e]Ug[0xc2][0x9c][0xed]v&apos;[0xca][0xc9][0xde][0xa4][0xb4][0xb6]*5[0xf7]aWk[0xea][0xbe][0x9f][[0xe0]$Q[0xd4][0x83][0xd3][0x8c]I[0xc8]N?[0x10]S[0xa4][0x1d][0xf7][0xd4][0xd6][0xa3]t[0xe7]k\[0xfd][0x86]7[0xee]W[0x5][0x91]-[0xd4]~[0xf][0x87][0x1]A[0xbb]L[0xea][0xd5]]0{?q[0xf8][0x94]v[0x0][0xc7][0xd0]&quot;[0xaf].[0xa9][0xf3][0xec]A[0xf8][0xba]W[0xfe][0xd6]N[0xdb][0xb][0xf1][0x7]?[0xe9]8S[0xda][0xa2][0xa6][0xf7][0x12][0x8f]F[0x6][0xb9]3[0x8c][0x85][0xa1][0xce]&apos;[0xb0]8[0x8][0x3]}[0xb7]%84[0xaf]*[0xf7]i[0xf3][0x9a][0xc9]z[0x18][0xf]e[0xd2][0xa3][0xe3][0xa3][0x1f]e[0x94][0x12]w[0xbe]6P[0xf][0xd9]c[0x12]W~[0xe5]C[0xfb]@WF[0xb5][0xc6][0xee]pr[0x81]g[0x3][0xef]~^[0xad][0xd7][0xc0][0xb2][0xbb]z[0xb5]Q[0xd0]*[0xe1][0x9e]us[0x6]o[0x9e][0xfd][0xdc]yc[0xce][0xea]F[0xa6]j[0x87][0x93]z[0xd6][0xc]&apos;j[0xf2][0xda][0xb6],[0xc]qe[\n]&quot;
2013-02-06 13:51:56,432 AAD-WS DEBUG wire:63 - &gt;&gt; &quot;[0xf6]@[0xef][0xd1]Tg[0xf7][0xe7]U[0x8a]y[0xb6][0x3][0xa6]8[0x85][0xc1][0xa6][0xe1][0xae]:[0xcf][0x9d]/[0xd7][0xe7][0xbc][0xcc][0xa9][0x8d][0xaf][0xe0]f[0xd5]YXo[0xc8]YV[0xf0]9H&gt;[0x8][0x88][0xf0][0x17][0xd1][0xc7] [0x17][0x87][0x85][0xb0]XE[0xfb][0xb4]#[0xbe][0xd4][0x98][0xf6][0xe6][0xc5][0x8c]`+[\r]w[0xc1][0xa5][0xaf]3[0x96][0xf8]?[0x89][0x8][0x98][0x1]K[0xc4]bJD[0x88][0xb8]i&gt;)&quot;a[0xe9][0x99][0x81]&amp;[0xd0][0x98][0xc8]@e[0xd2][0x1]{s[0x5]&lt;&gt;[0xbc][0x8c][0xc1][0x8f]fs7 [0xf3][0x1]u&quot;[0xc0][0xd4][0x9b][0xc1]e[0xf1]`v0,[0xe0]1`[0x1a][0x1f][0xe][0xe5][0xf3]9&lt;k[0x13][0x93][0xe8][0xe8]h[0xe3]([0xb4]3[0xf][0xed]lLg[0xb3]L[0xb8][0x1c][0x1a]l@7[0x4]f[0x88]1 [0x8b];[0xe3]H[0xba]S[0xa3]O[0x16][0xea][0xc8][0xe]b[0xc0]b[0xb]3&quot;[0x4]6[0x5][0xc0][0xc]v[0xb4]GO[0xa8][0xd6][0xf7][0xda][0x14]AD[0xc]j[0x97][0xc1][0x8a] [0x8]s[0xa1][0xba][0xaf][0xfa][0x87][0xfe]-[0xaf][0x9e]Xz[0x8c][0xe2][0x14][0xad].H[0xb5][0xec][0x8c]?[0xfc]aO[0xc2][0xc][0xb9]K[0x1b][0xfa][0x1c]V[0xec]||K[0xdd][0x95][0xa4][0xdb][0xfd]O[0xfa][0xa6][0x11]OF[0xdf][0xad][0xa2][0xf9]o[0x7][0xf6]f[0xcd][0x1b][0x1d][\n]&quot;
2013-02-06 13:51:56,432 AAD-WS DEBUG wire:77 - &gt;&gt; &quot;[0xbe][0xad][0xf3][0xe0][0xfd][0xdb][0x9c][0x88][0x19]T[0x8b][0xea][0x1b][0xc7][0xa2][0xa4]fk[0xe9][0xeb][0x84][[0xa5][0xe9]?K\\&lt;k[0xc7][0x91]1][0x11]Y[0x11]tE[0x9e]4[0xe8][0x8a]^[0xe2]9[0xd8][0xd3]8&lt;[0xe0]}[0x9b]][0xdb][0xc1][0x92][0xd9][0xdd]z?([0x85][0xfe][0x93][0xd1]2[0xfd]w[[0x15]&gt;[0xb1]:[0xc][0xf]&lt;[0xdb][0xea][0x12]g[0x94][0x94][0xd0][0xb5]j[0xf7][0xe9][0x90]K[0x14][0xd3]4[0x12][0xfc][0xb1]P[[0xf9] [0xeb]R[0xa2][T([0xfe]N$[0xd9][0xce][0x87][0xed][0xf2]zc[0x9a]Fi[0xf3]:![0x9f][0xa5]C,s[0x3]Q{[0xeb][0x86][0xb5][0xe5]w[[0x8b]&quot;
2013-02-06 13:51:56,432 AAD-WS DEBUG wire:63 - &gt;&gt; &quot;[0x84]c[0x1][0x8d][*[0xe9][0x87]oh},[0x9c][0xef][0xc0][0xfc]i[0x97]uYui6q[0xdd][0xcf][0xdd]d[0xd1][0x8f][0x6]c^R[0x99][0x8f][0xca] [0xf8][0xe6]H[0xbe]Zgm[0x9f]&apos;[0xc7][0xf2]i[0xb9][0x84][0xeb][\n]&quot;
2013-02-06 13:51:56,433 AAD-WS DEBUG wire:63 - &gt;&gt; &quot;W[0xb6]U[0xf7][0xe5][0xae][0xf0]X[0xa7][0xc4][0xaa][0xf1][0xe3]qL[0x4][0xe5][0xa2]+[0x92][0x5][0xa6][0xa1]k[0xab]A[0x82][0xa0][0xcf]x)@@[0xff][0xb0][0x10][0x6]8[0x89]m0[0xde][0x16][0x88][0xf7]M60[0xc9][0x15]J[0x1a]v[0x86]$Uq`.0 H[0xcd]#[0xa0][0xfa][0x94][0xc4]B*[0xea][0xb6]{[0x0][0x11][0x8f][0xa2][0x89]G[0xbb][0x0][0xbd]\[0x9d]\[0xad][0xa4][0xf1][0xcd]F[0xa3][0xe9][0xdc][0xf0]o[0xa3]9t[0x1a][0xc5][0x18][0xb5][0x8e][0xcb]HC[0x17][0xaf][0x2][0x94]&apos;g[0xc1]a[0xa7][0xde]p@A[0xec]&amp;[0x8a]s[0xc5][0xa3]G[0x88][0x0][0x94][0x8][0xd2][0x13][0xc9]9@[0x90][0xd8][0x84][0x9e]zCq[0x88][0x12]^[0xb][0xc0]y[0xb3][0x81]:2[0x13][0xa8]MhGi\2[0x14]G{S`fe[0x84][0x18][0x99]Q&amp;&amp;S[0xc0][0xab][0xe0][0x95][0xa5][0xde]zv[0x8d]~[0xb2][0xb5][\r][0xb2][0x88][0xb]m[0xf6][0x8b])h?[0xc5][0x12][0x8]7[0x8b][0xfd][0xda][0xf8][0x8d] [0xfa][0x8]=[0x8f][0xf6][0x97][0x1f]G[0xd1][0x9f][0xde]*[0x12][0x13][0x8]+[0xb6]V[0xfd][0xc7][0x92]X[0x9f][0xf]A&gt;=vy[0xbd][0x8b][0xed]S[0xf]d%W[0x9f]1[0xd6][0xa8][0x8f][0xd1][0x1e]Q[0x9f]ALx[0x15]Zm[0xda][0xba][0xdd][0xea]q[0xdb][0xc2][[0xc9][0xa5][0xb][0xcf][0x8a]2[0x7][0xf3]|+{[0x8d][0xf5]n=[0x8e][0x83]&quot;02[0x98]&lt;[0xc2][0x1e]%Wi[0xbb][0x11]u[0xb5][0x8d]![0xda]:O[0xaa][0xee]&lt;]^&lt;[0xeb][0xad][0xc2][0xa3]&apos;[0xc6][0xc2][0xc6][0xcd][0xc7][0xc2]Wx[0xa4][0x9]|vTj[\r][0xb5]t[0xdb][0xb][0xb6][0x9b][0xd0]}[0xe2]g{[0xfb]f[0xac][0xa9]o5[0x13][0xd6][0x6][0xac]{[0xb7][0xa9][0xc][0x88]$[0x84]([0xc2][0x98]_[0x10]&amp;{[0xc3][0xbc]&amp;n[0xfb][0xc2][0xc6]t[0xee]&amp;D&quot;[0xe7]9[0xf2]=[0xc2][0xfe][0xa6][0x4][0x11][0x83][0xd1][0x2]P(`[\n]&quot;
2013-02-06 13:51:56,434 AAD-WS DEBUG wire:63 - &gt;&gt; &quot;[0x8c][0x80][\n]&quot;
2013-02-06 13:51:56,434 AAD-WS DEBUG wire:63 - &gt;&gt; &quot;P[0xc5]L[0x81][0xb1][0xf6][0xdb][0xb2]H[0xa8][0x12][0xd1][0x86][0x14]I[0x86]N[0xb]g[0x6][0xb3][0xb9][0x11]L[0x1a]2[\r]([0x8a][0x8d][0x92]$i[0xba][0x80]#[0xde][0xf2][0x8]6[0x82]Jr[0xbc]~[0xe5][0xe9]&lt;A[0x4][0xcc]b[0xd2][0xb9]l[0xde]F[0x1e][0x9f][0xc1][0xe2][0x91]af[0x4][0x1d]1[0x7][0x94][0x89]*[0xc9]N[0xcc][0x10]&amp;[0x9f][0x16][0xe]/v[0x9a]J[0xd5]H[0xbc][0x18]&lt;:[0x8d][0xc3][0x80]=[0xd6][0x87]1[0xe8][0xfc][0xc9][0xbc][0x11]%@[0x1c][0xef][0xa6],[0x15]F[0x8b][0xa2][0xf1][0xd8][0xc1][0xfc][0xc9][0x99]p0[0xd3][0x84][0xe4][0x95][0xb1][0x9a]u6[0xd3][\r][0xf4]][0xc7][0x8a][0xa5]&gt;[0xe8][0x9d][0xdc]{i[0xf7]g[0xc9][0x96][0x0][0xf7][0x12][0x6]9[0xb3][0xdb]:h[0xc0][0xd4][0x15][0xb9]]l[0x93][0xb7][0xad]d[0xff]G[0x91][0x9][0xd5][0x8f][0xbd]c[0xce]Q[0x8e]K!6y[0xae][0xa1]S [0xa7][0xf7]W[0x95][0x91][0xd5]E:q[0x1e][0x96][0xf9][0x8][0xad][0xfe][0xf8][0x99][0xd5]&amp;[0x9c][0xd3][0xce][0x91][0x9f][0xfd][0xab]T[0xa9][0xf]G[0x6][0x13][0x12]&lt;[0xae])[0xa4][0xc4]\[0xb4]~[0xe4][0xea]Y[0xe8][0x10]s!5/[0xf0]P[0xc0]k[0xe2][0x9a][0xda]*[0xf2][0x8b][0xc4][0xe5][0xa1]3/[0xc8][0xef]?[0xf0][0xba][0xdf][0xc9][0xa7][0xfd]\[0x86]mo[0x99][0x7][0xcf];9[0xd6][0xbf][0xcd]i[0x98]1[0x18][0x1f].[0xdb][0x8f][0xf8][0xce][0xbc]hd[0xd4][0xed][0x97]w[\r][0xde]r[0xfb]j\[0xf4][0xc9][0xc9][0xc7]U[0x97]r[0x99][0xf7][0x15][0x13]#[0x1e].}q[0xef]Y[0xf][0xa7]Bk[0xd9]^[0xdf][0x1][0xb9][0x9a]{[0xb1]5F[0xc7][0xce][0xd7][0xef]_[0xd9][0xb3]mx8#[0xfd][0xce][0xb]DF[0xdb][0xb1]v[0xc7][0x1a][0xec][0xbe][0xe6][0x99]:[0x1f][0xfd];[0xb]z[0xae]K[0xf][0xe]C[0xb3][0x14][0xe7][0x96][0xd9]]v&apos;[0x9c][0xde]Y\`[0xa8][0x81]?Qv[0x0]sF8[0x9][0xc9][0x4]tEb[0xc7][0xf7]Z[0x83][0x84][0xc7][0x2][0xcc][0xb7][0xc][0x92][0xdc][0xc][0xec]&amp;(G[0x5][0xe8][0xb9][0xcf][0xa5][0xe4]&quot;I&amp;_([0xe7][0xe8][0xe5]H1[0x12]+[0xca][0xe8]7[0xbc][0x9b]r[0x8d]C[0xef]C[[0xd2][0x4]:[0xe5][0x80][0xcc]W[0xc0][0x14]L[0xbe][0xa3]|d[0x82][0x10][0xa0]3[0xd9][0x6]P[0x92][0xda][0x97]&lt;[0xd9]t[0x1e][0xe7][0x9b][0xe1][0xc0][0xc2][0xa9](l[0x12][0xe5]7[0xd5][0xd0][0x98][0xb4]?[0xa8]f[0xdc]Egp[0x81][0xe6][0x4]9[0xd5][0x80][0xca][0xe6][0xdf]g[0xeb][0xf7][0xe0][0xc6]+[0x2][0x15][0x82][0xc]:)[0x1e][0x12]Yb[0xa1]Y[0x13]w[0x11][0x6]][0xe5][0xef][0x19]([0xd6]f[0x9a]t[0xfa][0xf9]~[0x87]+[0xf3][0x11][0x1b][0xe7][0xfb][0x19]K[0x85][0xb1][0xb6]%[0xf6][0xe7][0xf2][0x1f][0xd4][0x13][0xaf][0x8][0xaf][0xa9]u[0xa7][0x85][0xb9]S[0xf5][0x1a]&lt;[0x5][0xbe][0xd7][0xfa][0xcd][0x16]9[0x87][0x9e][0xa0]\P\[0xb8]u[0x80][0xb3]z([0xe5][0x94]Nh[0xa0][0x16]f[0xe0][0xb2]=[0xe5][0xe6][0x2][0xe9][0x95][0xf7][0xce]J~[0xa8][0x90]=[0xe4][0xb8][0xbe]1[0xdb]j[0x91]Y[0xb0]R[0xd4][0x90][0xaa]t[0xc9][0xf][0x9d][\r];[0xae]f[0xde]js[0xdb][0xa6][0x96][0xae][0xab][0xdd]r4[0xd1]7y[0x8e][0x9c][0x97][0xd9]X[0xc3][0xf][0x9f][0xa7][0xfb][0x4][0xb6][0xb4][0xb0][0xf9][0xf][0xc][0x9b]T[0xc2]R|:b[0x1f][0xc7]o[0xb1]n(ww3[0xd8][0xf5][0xca][0xd9]64ieE[0xd8][0xbd][0x3]*[0xd1][0xef][0xf6]z[0xfb]E[0xb1][0x8a][0x9e][0xe4][0xf6]f[0xae][0x9b][0xa5][0x99]X[0xfd][0xe6]}[0x8d]w`[0xf7][0xb3][0x90][0x9f][0xb7][0xc5]4[0xfa][0xbb][0xa5]#6k[0x8][0x8f]JX[0xbc]iz[\r][0xb4][0x12][0xd9][0x10][0x12][0x9b]c:[0x14]q[0xc6]3[)[0xb2]v[0xa5]nZc[0xf4][0xa3][0xd7][0xe]%[0xfb][0xdc]`[0xff][0xeb][0x85][0x97]mR6kz[0x16][0xe7][0x96][0xdc]W_[0x15]N[0xea][0xe6][0x12]wnpq[\r]wd[0x96][0xb9]&quot;&quot;[0xe8][\r]*[0xcb][0x1][0xf4][0x9b][0x5][0x8][0xeb][0xfe][0xa6][0x90][0xfd][0x9d][0xcb][0xe3][0xdb][0xaf][0xaf]o[0xe9][0x84][0x17]A[0x98][0xda]ksXKn6[0x10]:v[0xef][0x1b]}[0xef][0xd2]t[0xae][0xe1]vo[0xdf][0xab][0x97]e[0xde][0xfa][0xea][0xef]^[0xb8]E[0x1e],[0x84][0x1c][0x2][0xd7]m[0xcf][0xd2][0xbb][0xd3][0xe4]2\[0xe0][0xa3][0x9e]Y[0xb7]p[0x7]U[0xc3],5[0xa0][0xb9]j&gt;%*#35C[0xab][0xcc]#[0xd1]mU[0xdc]u[0xf9][0x7]u[0xfe].[0xb5][0xe]~[0x99]5[0x9f][0xe2]N[0xfe][0xb8]ioL[0xe9][0xbe][0xc3] [0xb3][0xf5][0x90][0xa8][0xf8][0x13][0x2]yj![0xeb][0xbb][0x16]t*%[0xfa][0xce][0x8c][0xf6][0xb9]c[0xde]}[0xe7]M[0xd6][0x6][0x11][0xb7],[0xa1][0xe5][0xb0]t*[0xd1][0xa9][0xfc]d[0xde]AfWN[0xdb]][0xc3].[0xf5][0xc2][0xb5][0xd3]h[0xd8][0x94][0xdc]+[0xbf][0x1e]y[0xf8][0xd2][0x8f][0xee]Lg7[0xfe]rX[0xb2][0xd9][[0xb7]&quot;t[0xf6][0x2][0x13]![0x9f][0xfc]Tr?/[0x96][0xb5][0xe0]pg[0xbe][0x9d]([0xab][0x4][0xbf][0xf5]i[0xec][0xf9][0xda][0xe6]O/[0xdc]Tw[0x1d][0xe7][0x1e]k[0xba]&lt;;W3y[0xb4][0xc5][0xa0][0xb4][0xaf][0xef]F[0x8a]ne[0x89][0xce][0xb6][0x1e]3[0xc][0xd3][0xa5][0xa7][0xb2]!}[0xf1][0x8d][0xf6][0xf0][0xee][0xcc]E[0x1d][0xd3][0xcc][0xed][0xf6][0x17][0x1c][0x92]9[0xee]z&lt;[0xbb]i}[0x98][0xf4][0xbf][0x0]PK[0x7][0x8][0x9b][0xf0]eX[0xa3][0x9][0x0][0x0][0xbb][0xe][0x0][0x0]PK[0x3][0x4][0x14][0x0][0x8][0x0][0x8][0x0][0xd5]|D5[0x0][0x0][0x0][0x0][0x0][0x0][0x0][0x0][0x0][0x0][0x0][0x0][0x9][0x0][0x4][0x0]META-INF/[0xfe][0xca][0x0][0x0][0x3][0x0]PK[0x7][0x8][0x0][0x0][0x0][0x0][0x2][0x0][0x0][0x0][0x0][0x0][0x0][0x0]PK[0x3][0x4][\n]&quot;
2013-02-06 13:51:56,435 AAD-WS DEBUG wire:63 - &gt;&gt; &quot;[0x0][0x0][0x0][0x0][0x0][0xd4]|D5[0x0][0x0][0x0][0x0][0x0][0x0][0x0][0x0][0x0][0x0][0x0][0x0][0x4][0x0][0x0][0x0]com/PK[0x3][0x4][\n]&quot;
2013-02-06 13:51:56,438 AAD-WS DEBUG wire:63 - &gt;&gt; &quot;[0x0][0x0][0x0][0x0][0x0][0xd4]|D5[0x0][0x0][0x0][0x0][0x0][0x0][0x0][0x0][0x0][0x0][0x0][0x0][0x8][0x0][0x0][0x0]com/sun/PK[0x3][0x4][\n]&quot;
2013-02-06 13:51:56,439 AAD-WS DEBUG wire:63 - &gt;&gt; &quot;[0x0][0x0][0x0][0x0][0x0][0xd4]|D5[0x0][0x0][0x0][0x0][0x0][0x0][0x0][0x0][0x0][0x0][0x0][0x0][\r][0x0][0x0][0x0]com/sun/java/PK[0x3][0x4][\n]&quot;
2013-02-06 13:51:56,439 AAD-WS DEBUG wire:63 - &gt;&gt; &quot;[0x0][0x0][0x0][0x0][0x0][0xd4]|D5[0x0][0x0][0x0][0x0][0x0][0x0][0x0][0x0][0x0][0x0][0x0][0x0][0x12][0x0][0x0][0x0]com/sun/java/help/PK[0x3][0x4][\n]&quot;
2013-02-06 13:51:56,440 AAD-WS DEBUG wire:63 - &gt;&gt; &quot;[0x0][0x0][0x0][0x0][0x0][0xd4]|D5[0x0][0x0][0x0][0x0][0x0][0x0][0x0][0x0][0x0][0x0][0x0][0x0][0x17][0x0][0x0][0x0]com/sun/java/help/impl/PK[0x3][0x4][0x14][0x0][0x8][0x0][0x8][0x0][0xd4]|D5[0x0][0x0][0x0][0x0][0x0][0x0][0x0][0x0][0x0][0x0][0x0][0x0]&amp;[0x0][0x0][0x0]com/sun/java/help/impl/XmlReader.class[0x8d]X[0x9]|[0x94][0xd5][0xb5][0xff][0x9f];[0x93][0xcc]7[0xc3][0x7]L[0x6][0x2][0x84]IH[0x10][0x85]0Y[0xd9][0xc2][0x96][0x0]I[0x4][0x9][0x86][0xa5][0x6]P[0xa0][0x8]C2[0x9]#[0x93][0x99][0x98][0x99][0xb0]U[0x91]&gt;q[0xa9][0xbe][0xd6][0x1a]Q[0xb][0xb2][0x4][0xc4][0x8e][0xad][0xa0]A`BE[0xc5][0xda][\n]&quot;
2013-02-06 13:51:56,440 AAD-WS DEBUG wire:63 - &gt;&gt; &quot;[0xd5]g][0xa9][0x1b]Xy.m[0xdd][0xd1][0xa7]O[0xfb][0xfa][\n]&quot;
2013-02-06 13:51:56,441 AAD-WS DEBUG wire:63 - &gt;&gt; &quot;=[0xe7][0xfb]f2[0x9][0x86][0xf7][0xcc][0xef]7[0xf7][0xde][0xef][0xde][0xb3][0xdd]s[0xfe][0xe7][0xdc]{[0xf3][0xdc][0xd9][0xc7][0x9e][0x4]PH[0xb3][0x1d]8[0x88]C[0xe][0xc]ELF[0x1d]2:,[0xcd]olx[0xcc][0x81]T[0x1c][0xd1][0xf0][0xb8][0xf4]OH[0xf3][0xa4][0xac][0x1c][0xd5][0xf0][0x94][0x3][0xbf][0xc5][0xd3][0xd2][0xfc]N[0x9a][0xdf]K[0xf3][0x8c][0x86]c[0xd2][0x1f][0x17][0x9a]?[0xc8][0xe8]Yi[0x9e][0xb3][0xe1]?[0x1c][0x18][0x80][0xe7]5[0xfc]Q[0xfa][0x17]lx[0xd1][0x86][0x97]lx[0xd9][0x8e]W[0xf0][0xaa][0x86][0x13][0xe][0xfc][0x9][0xaf]9[0x90][0x89][0xd7]mxC[0x98][0xdf][0xd4][0xf0][0x96][0xb0][0x9e][0xd4]pJ[0xc3][0xdb][0x1a][0xfe],[0xb3][0xef]h8[0xad][0xe1]?e[0xf8][0xae][0x86][0xf7][0xa4]_[0xc3][0x7]6[0xfc][0xc5][0x81]&quot;[0xbc][0xe3]@[0x4]G[0xec]&lt;[0xf9]Wi[0xfe]&amp;[0xcd][0x87]&quot;[0xe4]#![0xfc]X[0x9a]Ol[0xf8][0xd4][0x81][0x9]x^&gt;&gt;[0xd3][0xf0][0xb9][0x86]3[0x1a][0xbe][0x10][0xca]/[0xa5][0xf9]/i[0xbe][0x92][0xe6]ki[0xfe][[0xc8][0xbe][0xd1][0xf0][0xad][0xf4][0xd7][0xf0]?[0x1a][0xfe][0xa1][0xe1][0xe5][0xeb][0x9f]6[0x9c]u`[0x96][0xa9][0xef][0x9c][0x83]@[0xc4][0xde]!%[0x8d]E#+[0xeb][0xa5][0x14][0x8d]Ry[0x99]l6[0xd2]4[0xb2];[0xc8]A[0xbd][0x1c][0x98][0x8f][0xe7]- [0xc0][0x2][0xbc]![0xcd])h[0xa4][0xdb][0xa8][0xb7][0x3][0xaf]P[0x1f][0x7][0xf5]%[0xa7]Fi[0xac][0x82]\[0x1a][0xf5][0x13][0xf6][0xfe][0xf2][0x91][0xce];[0xa4][0x1][0xb2][0xcd]o4[0x1a]([0x9a][0x9f][0x97][0x99]A[0xd2]dH3X[0x1a][0xb7][0xf0][0xbb]e[0x94])[0xa3],[0x19][\r][0x91][0xd1][0x10][0x11][0x94][0xcd][0xee][0xa6][0x1c][0x8d][0x86][0xda][0xe8]&quot;Bjm [0x14][0xf6][0xd5][0xb1][0xe5][0x8b][0x9][0xca][0x1f]$[0xb8][0xab][0xaf][0xf1][0xae][0xf6][0x16][0xf9]CEU[0xc1][0xa6][0x96]HM[0xa4][0xd9][0xe7]m[0xbc][0xc2][0xe7][0xad][0xf3]5O&amp;X[0x9a][0xbd]k[0x8][0xe9]=[0xd1][0xf0]j[0xea][0x8a][0x96][0xfa]z_3KZRA[0xb0][0xf9][0xc3][0xe5]5[0x95]UU[0x4][0xcd][0x1f][0xae][0xf6]F[0xfc][0xc1]QL[0x12][0xaa][0xaf][0xf][0xfb]&quot;[0xac][0x90][0xe7]S[0x3][0xbe]`Cd%[0x13][0x4]}k#[0x95]+[0xbd][0xcc]J[0x95][0x4]Gx[0x8d]?R[0xbb]2[0xb4]Zd9}[0xc1][0xda]P[0x9d]?[0xd8]P[0x1e][0xe][0xfb][0x1b][0x82]b[0xac][0xcb][0xd4][0x1f][0xf0][0x6][0x1b][0x8a]X9[0xaf][0xb1][0xf2][0x94]:[0xdf][0x8a][0x96][0x6][0x82]^[0xcb][0xd6]D|[0xa6][0xc9][0x4]O[0xae]I[0x1c][0xf4]E[0x8a][0x16]\Q][0x19][\n]&quot;
2013-02-06 13:51:56,442 AAD-WS DEBUG wire:63 - &gt;&gt; &quot;[0x6]}[0xb5][0x11](8yd[0xe7].:[0xb7]g[0xad][0xc][0xd5][0xf9][0x8]}[0xab][0xfd]A[0xdf][0x9c][0x96][0xc6][0x15][0xbe][0xe6][0xf9][0xde][0x15][0x1][0x9e]qL_[[0xeb]k[0x12][0xb6][0xb0][0x8d][0x86][0x11][0x6]7[0xf8]&quot;[0xd3][0xe3]v[0xcd]h[0xe]5[0xb2][0xd8][0x88]/[0x18][0x99][0xbf][0xae][0x89][0x89][0x87][0xe7]~[0xd7][0xbe][0x91]=[0x99]&lt;[0x8c][0xa5][0xc8][0xae][0xd9]![0xe7][0x9][0x99][0xe7]m[0xf6]6[0xfa]&quot;[0xbe][0xe6]0aDn[0x8f][0xee][0xee][0xc1][0xfc][0x89]=S^[0xd0][0x9a][0xae][0xbc][0xa9][0xa5][0xfe][0xa0]?2%[0xe9][0xb0][0xff]_[0xc8]BB/[0x8e]q[0xb8][0xd6][0xef][0x9f][0xc3][0xd6]2.z[0xda][0xf8]b[0x83][0xca][0x88][0xbf]I[0xa5][0xf1]v[0xe3][0xc0][0xb0][0xe4][0x8a][0x10];O$[0xf0]a[0xe3][0xf1][0x82][0xf9]3&amp;0S[0x17][0x17][0x13][0xfa][0xe7][0xf6][0xe8][0xc1]A[0x17][0xf0][\r]K[0xed][0xcd][0x92]j[0xba][0xe0][0xa8]G[0xe3][0x98]N[0xaf][0xb]u%[0xeb][0xdd][0xd0][0xe2][0xb][0x87][0x93][0x8a][0xb5][0x96]H[0xfd][0x84]Z[0x3][0x9a]l-[0x83][0xd3][0xca][0x1a][0x18][0x83][0xb6][0xdc]%[0xbc][0x85][0x91][0xe6]&amp;[0xb8][0xed][0xdd][0xe8]m^U[0xd3][0xd2][0xd4][0x14]j[0x8e][0x8]Fy[0x96]wn[0x95]Y[0xee]r[0xab]DUJ[0xb3][0xcf][0xc0][0xbe]5[0xbc][0xca][0xdf]$[0xb3][0xb3]F[0xce]2f[0xbd]u[0xeb][0xb8]7r[0x91]5[0x96][0xd6][0x6][0xe2][0xb1]p[0xd4][0x84]Z[0x9a]k}3[0xfc][0x82][0xc1]&gt;W5[0x6][0xcc]p[0x15][0xca]Flt[0xb1]N[0x97]`[0xbb][0x8e][0x9f][0xe1][0xe][0x9d][0x86][0xd3][0x8][0x1d][0xb7][0xe2]NiZ[0x9][0x3][0xce][0xdf]k[0x85][0x91][0x9a]:[0xee][0xc2][0x16]V[0x15]a[0x8c][0x95][0xe9][0x94]K#u[0xf2][0x88][0x8c][[0xd0][0xc6][0xb9]7[0xd9]Fy:[0xe5]S[0x81]N[0x85]T$M[0xb1]N[0xa3][0xb0][0x9d][0x8d][0x8a]p[0x86][0x16][0xad]m[0xc][0xe8]4[0x9a][0x97][0xf1]s[0xd1][0x99]Oct[0xfc][0x18]QFrm[0xa8][0xb1]([0xdc][0x12],2[0xd4][0xae][0xf4][0x5][0x9a][0x8a][0xfc][0x8d]M[0x81][0xa2][0x99][0x86][0xbd][0xf3][0x4][0xe2][0x86]nVb[0xab]5[0x11][0xaf][0xd3]X[0xdc][0xc1][0x9c]IC[0xab][0x82]u[0xbe][0xb5]s[&quot;s[0xeb]+B-[0xc1][0xba]pg[0xce][0x11][0x86]$[0xa9][0xe6][0xb4][0x4][0x2][0xf3]B~N[0x95][0xe6].[0x4][0xfd][0x92][0x4][0x9d][0xb3]6[0x1a][0xa7]S[0x9][0x8d]&apos;[0x8c]7D[0xb3][0xe3][0xbe]G[0xc2][0xe5][0xd4]{[0xd9][0xdd]u9[0xa1][0xe0][0xa4][0x1c][0x1b]M[0xd0]i&quot;[0xda]t[0x9a]$n[0xcb][0xb9][0xc0].;[0x3]#[[0xdc][0xc1][0xb9][0xc4][0x8].[0x18]U[0xa2][0xd3]d[0xdc][0xc3][0x5][0xac][0xaa]fn[0xc1][0xa8][0xe2][0x92][0xb1]%[0xc5][0x5][0xb]*k[\n]&quot;
2013-02-06 13:51:56,442 AAD-WS DEBUG wire:63 - &gt;&gt; &quot;F[0xb3][0xf][0x16][0x4][0xfd][0xb5]F[0xa9]I[0x11][0xd2][0x9][0xc2][0xb7][0x99][0xf9][0xa6]/[0xa8],[0x98]5[0xcf][0x1c][0xcc][0xaa][0xaa][0xd1]q[0xb7][0x8][0xd0][0x16][0xd4][0x14][0x18][0x9][0xa3][0xe3]^[0xf9]v[0x88][0xc0][0x9][0x13][0xc6]M,[0xe0][0x84][0xc9][0xb8]`[0xb9][0xd6][0xf1]#\&apos;[0xf1][0xd9][0xa8]c[0x1d][0xd6][0xeb]TJe:~[0x81]-:[0xb6][0xca]n.Np.[0x8][0x86][0x13][0xb8]M[0xe0][0xbe][0xd3][0x87]:[0xee]3[0x0][0x13]O[0xd8][0xd4][0xce]:.[0xfa][0x97][0x8d][0xd2]q[0x13]n[0xd6]q=V[0xeb][0xd8] [0xcd][\r][0xa2]m[0x93]4[0xf][0x8].[0x1c][0xf1][0x8d]V[0xf8][0x1b]t[0xec][0x94][0xf0][0xdb][0xc5][0x5]csr[0xa7][0x8e][0xe4][0x9c][0x89][0xaf]V[0xfb]#[0x91][0x80][0xe1][0xc]Y[0xd3][0xb1][T[0xe][0xec][\n]&quot;
2013-02-06 13:51:56,443 AAD-WS DEBUG wire:63 - &gt;&gt; &quot;[0xc][0xe]L[0xd0][0x1b][0x98][0xde][0xdc][0x1c][0xe2]m[0xad][0xc1]Z[0x1b]M[0xd1]i*M[0xd3][0xa9][0x1c][0xf][0x9][0x8e][0xf9][0xbc][0xd1][0x12][0x7][0x85][0xce]g[0xc8][0xa5][0x9c]^RGt[0xfc][0x1b]n$d&apos;[0xf6]*[0xd1][0xe7][0xb0]s[0xaa][0x87]yw][0x0][0x94]6&apos;[0x14][0xc9]I8zRNN1[0xeb][0x98][0xae][0xd3][0xc]*[0xe2]*S[0x15][0x8][0xf8][0x1a][0xbc][0x81][0x9c][0xab]fW[0xe7][0x8]|[0xbd][0xb5]l[0x10][0x93][0x10]r[0x93]V[0x96]77{[0xd7]][0x10][0xc3]:]F3m[0xc4]1|[0x80]8[0xe9]][0xc][0xb8][0x88][0x9f]E[0x1a][0xf1]7[0x84][0xea][0xb8][0x1f]{[0xb8][0xd2][0xcd][0xf6][0x6][0xea]C[0xcd][0x8d][0xc][0xc1][0xae]k-[0xe2][0xdd]][0x12][0xbc][0x7][0xf0]K[0xe6][0x8f][0x84]B9[0x8d]-[0xb5]+s[0x9a]|[0xbe]U[0xde][0x95][0x1c]q[0x1d][0xf][0xe2]W:~[0xcd][0xe][0xc1]^![0xdc][0x87][0x87]u&lt;[0xc2]st9[0xa2]:[0xda]e[0xee][0x16][0x16]C[0xd5][0x92][0x13][0xbd]:Q;)[0x87][0x8b]K[0xf7][0x3]![0x91]P[0x82][0xab][0xb9]][0xbc]4[0xa0][0xe7][0xb3][0x94][0xf9]%[0xb3][0xba][0x1e][0x82]2[0xd1][0x5][0x92][0x1c][0xcf][0xdc][0x91][0x17][0xba]6x[0x9b][0x9a]|A[0xae][0x99][0xf9][0xdf][0xeb][0xe0]4+[0xd9]d[0xa9]I!s[0x86]s[0xec]|&quot;[0xb9]~[0x18][0xa1][0xa8][0xbf]@[0xe5][0xaf][0x92]s[0xa7]eE8N[0x9d][0xce][0x15][0xba][0xa7][0x3]f@nU[0xcf][0xb]V[0x1e][0xf0][0xae][0xec]\[0x12][0x9a][0xbc][0xcd][0xbe][0xf9]![0xb3][0xca][0x8b][0xd8]z[0xd6][0xbc][0xd0][0x1b]h[0xf1]u[0xb7]k]8[0xe2]c[0xe][0x8b][0xaf][0xb9][0xb9][0xeb][0x15]j[0x1e][0xb]L[0xfa][0xa2]_[0xf][0xd3][0xbc][0x97]&amp;[0xf9][\n]&quot;
2013-02-06 13:51:56,444 AAD-WS DEBUG wire:63 - &gt;&gt; &quot;[0xb0][0x9f][0xfb]6[0x99][0xf3][0xde][0xda]U[0xf3][0x19][0x86][0xa2][0xc2]wm[0x8b]7[0x10][0xae]j[0x8][0x86][0x9a]}[0x95]^9AR[0xcd][0xa9][0xf3]v&gt;w[0xc5]5[0x1c]-[0xe3]@[0xee]R-+[0x13]p[0xe6][0x93][0xd0][0x1f][0xbe]r[0xa5]?[0xe2][0xb]7[0x19][0x82][0xad][0xb9][0x95]Bk[0x9c][0xce][0xf1]{[0x9a][0x9b][0xa7].[0x1c][0x8f]TAjy[0xc4]t[0x4][0x9f][0x94]i[0xdd]3[0xb8]At[0xf4][0x8a][0x84]f[0xfa][0xd6]&amp;bd[0xf7]J[0xce][0xd4][0x86][0x9a][0xd6]%[0xef][0x1d]]m[0xad][0xea]a[0xca]8I[0xfb][0xf5][0x80]$[0xe3]L[0xae]0[0xcf]d;/[0xfb][0x3][0xe6][0xdd][0xcd][0x12]j[0x89]`[0x14][0xdf][0xd0]#[0xfc][0xd2][0xd1][0xa1]$[0x95]x[0xa4][0xa4][0x8e][0x18]=[0x17]G[0xa3][0xe7]ri[0xf4][0xd7][0xc7][0xd7]7[0xc4]{[0xae]iF[0xff][0xe3]x[0xcf][0x15][0xc5][0xe8]7[0xc5][0xbf][0xb9][0x4]r[0xef][0x90][0xdc][0xe2][0xde][\r];[0x1f][0xc1]?[0xe1][0xf9][0xdb][0xf8][0xab][0x9c]{[0xc5]}[0x96]&apos;[0x6]:[0xc]U[0x9d]w[0x1c][0xbd]xl9[0xc]k[0xbb][0xf4]y[0x87][0x91][0xd2][0xce][0x4][0x84][0xdb][0xb9]u[0xc1][0xca][0xad][0x17][0x1a]V[0xb0][0xa9][0xb5][0xe8][0xf][0x1f][0xfe][0x9d]g[0xac][0xbc][0xfe]SV[0xc1]G=[0x8f]D[0xf0]&amp;~6[0xf0][0xc3][0x1]3[0x8f] uQ[0x7]l.-[0x6];[0xb][0xb4][0xc7][0xe0]8[0xcc]*[0x8e]#[0x85][0xda]=.=[0x86][0xde][0xa5]n[0xb5][0x7]C=[0xee][0x18][0xfa][0xcc][0xf6]X[0xb8][0xeb][0x1b][0x83][0xf3]r[0x8f]+-[0x6][0xd7]Vh[0xf9][0x87][0xd1][0xaf][0x9d][0x92]6xX[0xf][0xd8]9[0x3][0xd8]![0x83][0xd9]%[0x99][0xec][0x88]a[0xec][0x84]\v@!o}[0x2][0xeb].[0xe7]-[0xcf][0xe0]M:[0xe4]&quot;[0x10][0xb7][0xe8][0x15][0xb6]&apos;[0x85][0xfb]z[0xaa][0xf6]8&apos;[0xc7][0xd0][0xbf],[0x93][0xf5][0xa6]g[0xb2]Q[0xe9][0xd6][0xba][0xdd]lS[0xa6]u9[0xdb]p[0xb9]L[0xec]@[0xfa][0x11][0xc]X[0xe4][0xe9][0xc0][0xc0]9[0x5][0xae]A1dT[0xe7][0xb5]G[0x91]7;[0x8a][0x11]s[0xa2][0x18]6[0xc9][0xfa]([0xb2][0x12][[0x1b][0x92][0xdc]Z[0xc][0xd9][0x19][0xd6][0x18]r[0xf2][0xda]Y[0x9b][0xc2]D[0x94][0xb2][0x8d][0xd2]Oc[0xc7]K)[0xdb]k[0xee][0xa3][0x2]Nn[0xef][0xe4][0xd9][0xcd][0x1c][0x92][0xbb]1[0x8][0xf7] [0x7][0[0x2][0xdb]P[0x8c][0xed][0x18][0x8f][0x1d]L[0xdf][0xc6][0x12]v[0xa1][0x8c]k[0xef]4[0xec][0xe1]}[0xfd][0x92]%[0xfc][\n]&quot;
2013-02-06 13:51:56,444 AAD-WS DEBUG wire:77 - &gt;&gt; &quot;[0xcb][0xb8][0x8c][0xd6]q[0x15][0x95]P[0xde][0x19][0xf][0xe5]P[0x18]O6[0xd8][0x8f]`[0xa8][0x18]~Q[0xd2]e[0xa9][0xc6][0xc2][0xe3]]B%[0x8c][0xad]q[0xc6]&quot;
2013-02-06 13:51:56,475 AAD-WS DEBUG wire:63 - &gt;&gt; &quot;&apos;yN0[0xb0][0x9a]c[0xaf]w2[0xbb][0x86][0xe5][0xc5]p[0xf1]V[0xe8][0xae]Kd[0xb0][0x5]v[0xd7][0xf0][0xea](f[0xb9]F[0x98][0x9f]}[0xc]J[0xd7][0x88][0xe][0xe4][0xb6][0xbb]F&amp;H&lt;L2[0x82]1[0x93][0xd7]I[0x90]/[0x4]&lt;S[0xd0]9S(3GP[0xb4][0xc8][0x93][0xd7][0x81][0xe2][0xa4][0x95]%[0xe8][0xcd][0xed][0x8b]l[0xcd]K&lt;z[\r][0xd9][0xfc][0xf6][0xbc][0x4]orP[0xdf]bG[0x9c]d[0x87][0x9d][0xc2]L[0xbc][0x8d][0xb9][0xf8]3[0x16][0xe3][0x1d][0x86][0xe1]i[0x4][0xf0]~[0x97]])[0xb9][0xa7][0xc4]w[0xd5][0x1a][0x7][0xe0][0x1c][0xde][0xcd](OZ[0xe][0x1e][0xd7][0xe]a[0xb4][0xc7]r[0x8]c&lt;y[0x87]0[0xd6][0x95][0x9f][0x1f][0xc3][0xb8]-p[0xf0]zI[0x14]#][0x85][0xc9][0xef][0xf1]Qd[0xb8]F[0xc8][0xf7]V[0xf1][0xc8][0x84]E[0xbc][0x89][0x89]Gya[0xd2][0xfe]NkGs[0x2][0x0][0x1f][0xb2][0xe6][0x8f][0xd8][0xda][0x8f]95&gt;[0xc1]@|[0xca]![0xfc][0x8c]C[0xf8]9[0x87][0xf0][0xc][0x87][0xf0][0xb][0xe][0xdb][0x97][0xa8][0xc2]W[0x98][0x8d][0xaf][0xbb][0xa5][\n]&quot;
2013-02-06 13:51:56,476 AAD-WS DEBUG wire:63 - &gt;&gt; &quot;_[0x9d][0xe2][0xc0],f[0x8b]%&gt;[0x83]\[0xf9][0x9e][0xb8][0xcb]&apos;{[0xc][0xda][0xac]QX-{[0xcf][0x8b][0xe3][0xdf][0x99][0xfb][0xde]N[0xee][0x89]q[0xee][0xa1][0xae]B[0x93];[0xdd]U[0x9a][0x10]S[0xf6][0x89]9[0xc7][0x8c]|[0xdb][0x8a][0x8b][0x99][0x12][0x17]3[0x80]#v[0x8]S&lt;[0xd6]C[0x98]*[0xce][0x9a]&amp;Myr[0xdb][0x3]$[0x87]([0x15][0xa9]dC/[0xd2][0xe0]$;[0xd2][0xc9][0xc1][0xdc][{[0x92]U([0xb2],&quot;[0xcb]z!Y}XV_[0x96][0xe5]dYi,[0xcb][0xc5][0xdc][0xf7][0xf5]$kD[0xa7][0xac][0xb][0xda]5[0x80]e[\r]dY[0x83]XV[0x6][0xcb][0x1a][0xcc][0xab][0xdb]8[0x97]LYY[0xdc][0x8b][0xac][0x14][0xcf]AL9/;([0xdb]@[0xcf][0xe][0x13]=[0xf4][0x6][0xc7][0x89][0xd1]C[0xa5][0x6]z[0x4]/[0x1e]u[0x8][0x15]I[0x1c]y,[0x8b][0x19]Il[0x82][0xb9][0xb1][0x18]*[0x17][0x95]=[0x4][0xf9][0xa3]^[0xa2][0xe2][0x1c][0xff][0xf1][0xd8][0x1][0xf3]o,[0xff]J[0xf9]W[0xc7][0xbf][0xb3][0xfc];a[0x4][0x0][0xf8][0xdc][0xe4]t[0x96][0xb6]a[0x88]9[0xe4][0x0][0xc6][0xe7][0xa6][0xb6]1[0x18]][0x97]v`[0xfa]~[0xc1][0xa0]k[0x86][0x1][0xc2][0xa4][0xa6][0xc1]Fu7[0xff][0xb2][0xf8]7U[0xdc][0x15][0xc5]-B&quot;[0xcc]i2[0xd8]*2.[0xeb][0x94]13![0xc3][0xb9][0xb6][\r]K[0x8d]Ac[0x1b][0xe6][0x1b][0x83]@[0x1b].7[0x6]9;[0x91][0x1a]e7w[0xa0]j[0xbf][0xa9]/[\r][0xe7][0x8c][0xb9]&lt;[0xd3][0x1e]O[0x8a][0xf8]&gt;[0xb1]t[0xd6]Xr[0x9a]j[0xcc][0xa5][0xfd][0xdd]s[0xe5]6\[0xc4][0xc3]a[0xb0]R&gt;[0xec]T[0x80]&gt;T[0x88][0x81]T[0x84][0xa1]T[0x8c][0xe1]4[0x1e][0xcb][0xf9][0xfd]r[0x3][0x95][0xe1]&amp;[0x9a][0x8a][0x9b][0xe9]2[0xfc][0x9c]f[0xa1][0x9d][0xe6][0xe1][0x0]-[0xc0][0xef]h![0x9e][0xa5][0xab][0xf0][0x1c]-[0xc6][0x9][0xba][0x1a][0xdf][0xd2]r[0xfc][0x83]|8G|u[0xa2][0x0][0xe9][0xd4]H})H[0xe9][0x14][0xa2][0xc1][0xd4]Dn[0x8a][0xd0][0x8]j![0xf][0xad][0xa6]bZC[0xe3]h-?[0xb2][0xae][0xe3]+[0xe5]m4[0x99]n[0xef]V-[0xf8][0xc6][0x1f][0xaf][0x16][0xe3][0xe3][0xe7]`?[0xf]c[0xa3]\&quot;[0x9d][0x17]G[[0x17][0x8c][0x19][0xa7][0x1f][0xb5]B[0xa3][0xbb][0xd0][0x9b]6[0xc3]Eww[0x13][0xc7][0xd7][0xdf][0xb8][0xb8][0xa5][0x8c]FA[0xda]([0x91][0xc6][0xbf][0x8a][0x9d][0xe8]u[0x4][0xb3][0xf8][0xb4][0xb8][0xfc][0xa8][0xc7](}[0x7][0x19]Q[0x8c]B.[0x80][0x87]P[0xed]![0x81][0x94][0x0],[0xa9]l0[0xe3][0x12]t[0x1f][0x83]y[0x1b][0xfa][0xd1]v[0xf6][0xd3][0xe][0xe4][0xd1]N[0x14]S[7[0xa5][0xbb][0x13]J[0xd5])[0xee][0x19]o[0xd4][0x1e]?[0x97]f[0xd3][0x1c][0x9a]d[0xb5][0x94][0xa4]XJR-%6K[0x89][0x16][0xa5][0xdb][0x8d][0xa0][0x95][0xaa]6hR[0xf7][0xf6][0xbb][[0xf]c[0xf6][0x16][0x8e][0x1f][0x5][0xdd][0x82][0x19][0xbb][0xb5][0xc4][0x16]E[0xff]t[0xdb][0x16][0xf4]u;[0xa7][0xb4][0xc9][0xca][0xd5][0xcc][0x9c]a=[0x6]-=e+[0x96][0x16][0x1c][0xc7]EI[0xae][0x9][0xf9]s[0xf2]-1[0xcc][0xc9]w[0xb7][0xc6]0[0xf7]JV[0x16][0xa5][0x8b][0xe3][0xcb]z[0x1][0x1f][0x88][0x93][0xac]Q[0xea][0xe7]v[0x96][0xb5]!#[0xc3]z[0x1c]vs[0xce]Z[0x92]Bs[0xd8][0xac]([0xbe])09[0xa3][0xf8][0xb4]S*[0xde]u;/[0xda][0x9][0xbb][0xdb]9[0xa2][\r]/[0xa6][0xa7]ne[ZKR[\r]EQ&lt;[0xe3]NOm[0xc3]a[0xd7]&lt;9h[0xb9]`?[0x98]/&quot;[0xed][0xb2]=Tg[0xd8][0xd3][0xf9][0xa2][0xf1][0x83]R[0xb7][0xb3]|[0x97][0x8]X[0xbc][0x7][0xe3][0xdc]N[0xef].[0xe8]n[0xe7][0xfa][0xfb]E[0xf6][0xf0]tm[0x7]nw;[0xb]v[0xc2][0xed]v[0x16][0x1b]T[0x13][0xf7][0xc8]n[0xb][\r][0x95][0xcb][0xda][0xd0][0xb8]I[0xa3]t-[0x83][0xcf][0xf3][0xf4]][0xe7][0xda]3[0xec][0xc6]qf[0xfa]K&gt;[\n]&quot;
2013-02-06 13:51:56,477 AAD-WS DEBUG wire:63 - &gt;&gt; &quot;[0xcc][0x8f][0xf1][0xfb]]#[0x84][0x86]+m[0xa9][0xeb][\n]&quot;
2013-02-06 13:51:56,477 AAD-WS DEBUG wire:63 - &gt;&gt; &quot;cd[0x18]_[0xe4][0x1a][0x19][0xff][0xb0][0xb9]&lt;[0x93][0xec][0x9e][0xc][0xbb]d[0x1f]G&quot;[\n]&quot;
2013-02-06 13:51:56,477 AAD-WS DEBUG wire:63 - &gt;&gt; &quot;G[0xdc]M[0x86]|g[0xdd][0xae][0xb3][0x91]ny[0xc2][0xe5]j[0x6][0xb7][0x8f]2[0xc0][0xe][0xc0]A[0x7][0x19]d[0x87][0xb8][0x90][0xc5]8[0xfe][0x1d][0x18]@[0x8f]![0x93][0x8e]0[0xe][0x1e][0x87][0x87][0x9e]`,[0xfc][0x16]c[0xe8]i[0x94][0xd0]3([0xa5]c[0xa8][0xa0][0xe3][0xb8][0x8c][0xfe][0x80][0xd9][0xf4],[0xe6][0xd1]s[0xa8][0xa1][0x17][0xb0][0x94]^[0x84][0x97]^[0x82][0x9f]^F[0x80]^A[0x90]^E[0x98]N`=[0xfd][0x9][0x1b][0xe9]5[0xdc]J[0xaf][0xe3]N[0xae]u[0xf7][0xd2][0x9b][0xd8]Foa7[0x9d][0xe4][0xe7][0xdf])~[0x19][0xbf][0x8d]}[0xf4][0xe][0xe][0xd2]it[0xd0][0xfb]8J[0x1f][0xe0]i[0xfa][0xb]^[0xa0][0xbf][0xe2]U[0xfa][0x1b]^[0xa7][0xf]q[0x8a]&gt;[0xc2];[0xf4]1&gt;[0xa0]O[0xf0]9}[0x8a][0xaf][0xe9][0xc][0xe7][0xe5][0x17]d[0xa1]/9[0x7][0xbf][0xa2]![0xf4]5[0x95][0xd3][0x19][0xc6][0xe0]YZH[0xe7]h1[0xd7][0xf1]%[0xca]J[0xb5]*[0x85][0x1a]T*[0xad]T[0xe][0xba]N[0xf5][0xa6][0x1b][0x94][0x93]~[0xa2][0xd2][0xe8][0xa7][0xaa]?[0xdd][0xa5][0xd2]i[0xb3][0x1a]H[0xf7][0xaa]A[0xb4]Ue[0xd2].z[0x8c][0x1e]R[0xd9][0xf4][0x88][0xca][0xe9][0x86]y~[0x88][0x9a][0x98][0xb7][0xf0][0xe1]![0x85]_[0x15]r2[0xd5]0f[0xa5]+[0x95][0xb4][0xad]q[0xef][0xe5][0xf1]h[0xc9][0xbf]1[0xad][0xa5][0xee]4l[0xdc][0xc0]0[0xf2],[0xe2]o[0xeb]r[0xce]jcy[0xea][0x16]\r[0x4][0xf3][0x17]%.r[0xb][0xf8][0x12][0xc7][0xa4][0xe7]6[0x1c][0xc6]B[0xf3]&gt;[0xd7][0x81]+[0x8f][0x8a][0x8c])&quot;,kL[0x1a]NoH[0xc3]Sm[0xf0][0x18][0xdf][0x9b],4[0xc6][0x99][0xbd][0xc1][0x99][0xba][0xb6],391u[0xc3][0xf2][0xb2][0xcc][0xd6]RKY[0x14][0xef]%[0xd8][0xce]0[0xdb]i[0xbe][0xcb]%[0xa9][0xfa]np[0xea][0xe7][0xb1][0xb1][0x9c][0xe5][0x17][0x10][0xb4]5![0xe8][[0x16]t[0xa6][\r][0xcb][0x93]T[0xb6][\r]N[0xd7][0xf9][0x82][0xf4][0xf3][0x5][0xf5]([0xda]uU][0x99]kQ[0xa6][0xd3][0xb1]~yk[0xa9]kqf[0x9a][0xe5][0x1c]OGQ[0xd0][0xd5]&apos;K[0xe4]r[0x9b][0xf0][0xe4]w|[0x13][0x85][0x9d]K[0xc][0x9b][0x98][0xc5][0xeb]c[0xf6][0xc0][0x97] [0x95][0xde]&quot;s[0xf2]Qw[0x98][0xcf][0x9a]E[0x89][0xf][0xb9][0x81]Ia[0x8d][0xd7][0xc0][0xd1]q[0xaa][0xd1]O[0xca][0xa0].[0x86][0xab][0xa7]dmCo[0xb1][0xc1][0xb5][0xcc][0xf0][0xbf]pf-[0x17][0xb6][0xe],[0xdf][0x9b][0x8c]a[0xd4][0xc]C[0xdc][0xb2][0xa7][0xd8]3[0x1b]w[0xc6][0x19][0xbd][0x9]F[0x93]RH[0xb2]v[0x9d];[0xe1][0xc9]l5[0xa0][0xc1]8Z[0xce]g[0xc3]z[0xfc]0^m[0x8f][0xf1][0xb][0xc]*[0x1f]6U[0x0]][0x15]&quot;M[0x15][0xa1][0x9f][0x9a][0x86]![0xaa][0x1c][0xc3]U[0x5][0x8a]U%F[0xab][0xe9][0x98][0xa8]f`[0x89][0x9a][0x8d][0xe5]j[0x1e][0x9a][0xd4][0xf][0xb0]Q][0x81];T[\r]Z[0xd5]|[0xdc][0xab][0x16] [0xaa][0x16][0xa2]C][0x89]g[0xd5]UxC-[0xc2]I[0xb5][0x18][0xa7][0xd5][0x12][0x9c]Q?$[0xa8][0xa5][0xe4]RW[0xd3][0xc5]j[0x19][0x8d]Q^[0x9a][0xa0]VP[0xb9][0xaa][0xa5][0xd9][0xaa][0x9e][0xd6][0xa8]kh[0xbd][\n]&quot;
2013-02-06 13:51:56,478 AAD-WS DEBUG wire:63 - &gt;&gt; &quot;[0xd0][0x6][0xd5]H[0x1b]U[0xb][0xdd][0xaa]V[0xd3].[0xb5][0x86][0x1e]Vk[0xe9][0x80]ZGT[0xeb][0xe9]e[0xf5]#:[0xa9][0xae][0xa3][0xf][0xd4][0xf5][0xf4][0x91][0xba][0x91][0xbe]Q[0x9b][0x94]C[0xdd][0xa4][0xfa][0xab][0x1b][0xd5]pu[0xb3][0xca]W[0xb7]t[0xc9][0x12][0x92][0xc4][0xc4]o3[0xbc]/[0xe3][0xe9][0xf3]&lt;[0xfb]a[0xc5][0x16][0xa4]([0x1][0xc5][0xe][0xb8][0x12][0xc7]S[0x1b]l[0xec][0xdb]Z[0x1e]V[0x1f]C[0x1f][0xe9][0xf2]2[0xb3]b[0xa8][0xdb][0x1b]&apos;[0x18][0xb3][0x8b]_[0x88]F[0xcc][0x12]A[0xb3][0x18][0x11][0xe3]`[0x1d]2[0x82]7f{\[0xea][0x94]c|[0xe1]8[0x88]i[0[0xd9]R[0xc2]%oh^[0xe6]&amp;EF[0x98]$[0x1a][0x8b][0x8d]p[0x18]8j][0xb0][0xc9]J[0xe9][0xd6][0xac][0xdd][0x18][0xd7][0xa9][0xe5][0xdc][0x9]~&gt;[0x18]|N[0x93][0x8f][0x3][0xde]I[0xd6]&apos;I[0xf6]A[0xba]5y[0x9d][0x9d][0x83]~[0x1c][0xbb];9v[0xad][0xb0][0xab][0xbb][0xe0]V[0x9b][0x91][0xad][0xee][0xe6][0xb8][0xdd][0x83]Q[0xea][0x17](U[P[0xae][0xb6]b[0xa1][0xda][0x86][0xa5]j;[0x96][0xa9][0x1d]hT;[0x11][0xe6]S[0xf0]g[0xdc]?[0xa0]v[0xe3]!u?[0xe]q[0xff],?[0x9][0xbb][0xfb]0[0x1a][0xf7]a[0x1]{Pn[0x8][0xcf]|/[0x1f][0xf6][0x92].[0x6]_[0x17][0x7]6[0x88]w[0x8e][0xa3][0xac][0x13][0xee]m[0x82][0xd5]Y[0x8b]\[0xf5][0x1d]h8[0xda]%[0x19][0xca][0xf9]\[0xbb][0xba][0xd4]mzT[0xb0][0xef][0x16][0xec][0xf3][0xc9][0xf5][0xfd]&quot;0m[0xab][0x11][0x1]V5[0xa8]&apos;[0xb7][0xef]5[0x92][0xa8][0xd3]y[0xb][0x91][0xce][0xce][0xdb][0xcb][0xce][0xdb][0xc7][0xce]{[0x98][0x9d][0xf7][0x8];[0xaf][0x9d][0x9d][0xb7][0x1f][0x85][0xea][0x0][0x3][0x9e]%[0xaa][0x18][0xaa]U[0x7];[0xf0]0[0x1a][0xd4]o[0xb0]J=[0xc6][0xe]&lt;[0x82][0xf5][0xea][0x9][0xdc][0xa0][0x9e][0xc4]fu[0x14][0xf7][0xa9][0xa7][0xb0]][0xfd][0x9e][0x1d][0xf9][0xc][0x9e]R[0xc7][0xbb]9[0xf1]A~[0xb1][0x9a]7[0xf0][0xa2][0xf8][\r]|[0xa0][0xe9][0xa5]4[0xd3]K+/[0xf0]DQ/r[0xfb]k&lt;[0x14][0xbf]T[0x15][0xc7][0xef]h[0xce]..v[0xc7][0xe0]O[0xde][0x99][0xfa][0xc8][0x9d]][0xbd][0xc9][0x9b]y[0xb]}[0xd5][0xc9]nF[0xec][0xed][0xbc][0x9c]%[0x8c][0xe8]k[0xca]q[0x98]F\s[0xbe][0x98]wY[0xcc]{[0xe8][0xa3][0xde][0xef]&amp;f[0x1f][0x1e][0x8e][0x8b][0xb9]=[0x9e]Ts[0xb3][0xed][0x9b][0xb7]![0xc5][0xbe][0xcf][0x14][0xa7]K[0x97][0x1d][0xc3][0xaa]}[0x9d][0xd5][0xef][0xa6][0x8a][0xa1][0xd9][0x9b][0xef]c[0xbb]%[0x14][0xd9][0xb7]J([0xb2][0xf7][0x19][0x1f]7[\r][0xf5][0xde][0xca]_C%[0xa6][0xd9]C}1[0x4][0xbc][0xfb][0xba][0xff][0xa3]C}[0x8c]T[0xf5][0x9]4[0xf5])[0xef][0xe8]3[0xc]R[0x9f]c[0x98]:[0x83][0x91][0xea][0xb][0x8c]U_[0xa2]D}[0x85][\n]&quot;
2013-02-06 13:51:56,479 AAD-WS DEBUG wire:63 - &gt;&gt; &quot;[0xf5]u7[0x13][0x1f]aw[0x9b]&amp;[0xce][0x8a]?[0x9e]&lt;[0xdd]@[0xd9][0xb8]7a[0xd9][0xfd][0xe8]-[0x9a]c[0x8]~7[0x2][0xa6][0x13][0xfe][0xc9]N8[0xcb][0x9a][0xcf]u[0xd3][0xd0][0xde][0xe9][0xcb][0x85]q[\r][0xc3][0xcd][0xac][0xb0][0xee]75[0xf5]65[0x85][0xa2][0x86]wYA[0x93]&lt;[0x93]V$]&lt;[0x84][0x9d][0x7][0x8b][\r]6[0x8b][0x6][0xcd]bG_[0x8b][0x3][0x19][0x16][0x1d]9[0x96][0xde][0xb8][0x84]O[0xf5][0xae]/[0xe5][[0xf8][0x96]n[0xc2]gZ[0xfc]_[0x1c]9[0x8f][0xe2][0xda]-[0xc8]|[0x14][0xcd][0x89]S*[0xdc][0xed]_0[0xe7][0x85][0xd2][0x92][0x8e]T[0xcb][0x0]d[[0x6]A[0xc3][0xfe][0xce][0xa7]e[0x96]![0x8b][0xdf]j[0x96][0x3][0xb8]6[0xc9]b@[0xcf][0xd2][0x8f][0xdb]G[0x8d][0x7][0xd6][0x81][0x1]PK[0x7][0x8][0xa5][0x8e][0xf5][0xd8]6[0x12][0x0][0x0][0x85] [0x0][0x0]PK[0x3][0x4][0x14][0x0][0x8][0x0][0x8][0x0][0xd4]|D5[0x0][0x0][0x0][0x0][0x0][0x0][0x0][0x0][0x0][0x0][0x0][0x0])[0x0][0x0][0x0]com/sun/java/help/impl/HeaderParser.class[0x8d]T[0xed]O[e[0x14][0xff]=[0xbd][0xb7][0xbd][0xf4]r[0xb7]u@[0xd1][0x8d][0x96][0x97]1Y[0xdb][[0xa9]CV[0xc6]6[\n]&quot;
2013-02-06 13:51:56,479 AAD-WS DEBUG wire:63 - &gt;&gt; &quot;[0xac][0x1b][0xae][0xae][0x82][\n]&quot;
2013-02-06 13:51:56,480 AAD-WS DEBUG wire:63 - &gt;&gt; &quot;2[0x1d][0xbe]][0xe8][0x5][0xba][0xf4][0x5]/[0xed]pf[0x99]1![0x99][0xfb]0[0xfd][0xe0][0x87][\r]pR[0xcc]f[0x97]8[0x13]L[0x1c]#[0x9a][0xf0]E[0x9d][0xd1][0xf]FM[0xfc][0xe0]_`[0xa2][0xfb][0xe4][0x1f] [0x9e][0xe7][0xb6][0xb3]0j[0x1c][\r][0xe7][0xb9][0xcf]9[0xbf][0xf3];[0xe7]9[0xe7]&lt;[0xcf][0xf][0xb9][0x6][0xa0][0x15][0xc7]eT[0xa1][0xc5][0x8e][0x9d][0xd8]&apos;[0xa1][0x96][0xaf][0x1e][0x99][0x84]WF[0x5]|\[0xa8][0x12][0xfc]|}[0x9c][0x8b]V.[0x2][0x1c][0xf0][0x4][0xff][0xda][0xcf]E[0x9b][0x8c]&apos;[0xd1].[0xe1][0x80][0x84][0xa0][0x84][0xe][0x6][0xc1][0xd0]f[0x18][0xaa][0xa2]g[0xb4][0xb3]Z [0xa1][0xa5]&amp;[0x2][0x83][0x19]#[0x9e][0x9a]8L[0xa6][0x8c]6[0xca]P32R[0xce]h;[0x12]O[0xc5]3![0x6][0xa7]g[0xab][0xd9];[0xcc] [0x86][0xd3]1[0x9d]aG4[0x9e][0xd2][0xfb][0xb3][0xc9]Q[0xdd][0x18][0xd2]F[0x13][0xa4][0xb1]Ni[0xc6]4[0xad][0x82][0x87][0xc3][0xa4][0xf1]x*vR?[0xc7][0x89]&quot;[0xde]r[0x91][0xec][0x1c]1[0xac]%[0xb2][0xe4][0xd3]R.X9[0xa7][0x83]e[0x80][0xf][0xe9]jf[0x14]Ie[0x18]j[0xcb][0x90]D[0xbc][0x11][0x6]y0[0x9d]5[0xc6][0xf4][0xbe]8?[0xcf][0xce][0x13][0xba][0x16][0xd3][0x8d]g[0xf9][0xa9][0x8c]V[0xee][0xa0][0xe0][0x11][0xb8][0x14]T[0xa3]F[0x81][0x13][0xb5][\n]&quot;
2013-02-06 13:51:56,480 AAD-WS DEBUG wire:63 - &gt;&gt; &quot;[0xea][0xf8][0xf6] :[0x15][0x1c][0x2]Ep&lt;[0xc8][0xca][0x1d][0x8e]([0xe8][0xe2][0x88][0x10][0xba][0x15]4[0xa0]IA[0xf]z[0xf9][0xb6]^[0xc2]Q[0x5]a[0x1c]c[0xa8].9[0xe]M[0x1a][0xe9][0x99]BA[0x9b][0xc7][0xd2][0xc9][0xc0]t6[0x15]0[0xad][0x93]zb*[0x10]ON%[0x2][0x1b][0xf3][0xda][0x14]t`[0xf4][0x8c]&gt;F[0xe7][0x13])x[0x92]:[0xec])[[0x87][0xca]L:&lt;[0xa9][0x19][0xbd][0x86][0xa1]QwD[0x8f]w$L[0xc5][0xf1][0x8c][0x84]#[0x11][0xde]82G[0xd3]3[0xba][0x11][0xd6]x3[0xa5][0xb3][0xbc]A[0x3][0xe3][0xbc][0x8d][0xe1][0xb2]t6[0xfd][0x8d][0xac][0x96][0x98]~``[\n]&quot;
2013-02-06 13:51:56,480 AAD-WS DEBUG wire:63 - &gt;&gt; &quot;[0xa9][0x1c][0xf6][0x9e][0xa6]:[0x96][0xb4]T}}[0x82]&apos;]a[0xce][0x8a][0xd9][0x8c][0xb2]s[0x16]A[0x13][0x8d]w[0x15]][0xe][0xb][0xfd]S[0xc1][0xc1][0xff][0xa8][0xe6]$%0*[0xeb][0xa3]$w[0xd1][0xae][0x17][0x82][0x89][0xd9][0xe5][0xbb][0x3][0xe6]So[0xc3][0xe2]s[0xc8][0xd6]o!XnC$[0x9d][0xf5]s22[0xec]&amp;Y[0xb]+[0xc9] Dt[0xc0]Nm[0xab]A&apos;[0xd1][0x1c]&quot;w[0xea]c[0x81][0xce][0xf2][0x13][0xdd]%;9[0xdc][0xf3]}[0x1][0xcb]][0xf6][0xbb][0x8f][0xaf]+[0xb0]q^[0xf3]K[0x8a][\n]&quot;
2013-02-06 13:51:56,481 AAD-WS DEBUG wire:63 - &gt;&gt; &quot;]BH[0x8][0x8a]b[0xd0]*[0x4]m[0xea]ZP[0xca]3[0xa8][0xee][0xf6]`[0x85][0xb3][0xc2][0xd1][0x95]C[0xb][0xe1]D[0xa7][0xd8]&amp;|[0x85][0x8a][0x97]T[0x97][0xdb][0x15][0xbb][0x3][0xfb][\n]&quot;
2013-02-06 13:51:56,481 AAD-WS DEBUG wire:63 - &gt;&gt; &quot;[0x8d][0x96][0x10][0xb4][0xce][\n]&quot;
2013-02-06 13:51:56,482 AAD-WS DEBUG wire:63 - &gt;&gt; &quot;[0xcc][0xdd][0x95][0xc7][0xcf][0x84][0xdc][0x93][0xc3][0x80][0xd3]6[0x87][0xee][0x2]|Vdm[0xe2]F[0xf][0x82][0xdb]8[0xdc])}[0x8c]j[0xa2]w4.[0xae][0xff][0xc5]W[0xff][0xe2][0xfa][0x1f][0x14][0x9b][0xf3]\[0x12][0xb][0x18][0xfa][0xbc]@[0x94][0x8d][0x8b][0x90]i[0xf1][0xe7][0x90][0xe4][0xcc]v2[0xe5][0xa1];[0xad]sh*[0x5][0xd9][0x92]V~[0xa3]us[\n]&quot;
2013-02-06 13:51:56,483 AAD-WS DEBUG wire:63 - &gt;&gt; &quot;y[0xfc]o[\n]&quot;
2013-02-06 13:51:56,483 AAD-WS DEBUG wire:63 - &gt;&gt; &quot;E[0xc0][0xd2]:f[0x85]u[0xb7][0xeb]:[0x8f]7[0x8f]0G[0xd1][0x9][0xeb][0xff][0x9b][0xf9]r9[0x93][0xf8]z[0xc1]8[0xb5][0xa5][0x86][0xa6][0xa5][0x90][0xee][0xa0][0xdb][0x95]C?[0xf][0xd3]Q[0xc][0xb3]{[0x3][0x97][0xea][0x16]c[0xed][0xab][0xa8]$[0xa0]o[0x93][0xba][0xa8]t[0xde][0xa7].h8eiB~A;[0xc9][0x10][0x8d]X7[\r]_[0xf][0xe9]zi[0x10][0x8f]b/][0xd3]}8[0x6][0x15][0xc7][0xe9][0xb5][0xee][0xa3][0xa7][0xf6])[0x9a][0x9b][0x13]x[0x1e][0x11][0xbc][0x80][0xa7][0xf1]&quot;N[0xe2][0x15]D[0x11][0xc3]3[0x88][0xa3][0x1f][0xef]`[0x0][0xb3]x[0xe][0x17][0x9]q[\r][0x83][0xc8]a[0x8]70[0x8c][0x9b]8[0x85]O[0x9][0xbd][0x8c][0xd3]X[0xc3][0x8][0xbe][0xc6][0xcb][0xb8]K[0x9e][0xdf][0xe3]U[0xfc][0x88][0xd7]p[0xf][0x1a][0x13]1[0xc6]$[0xc4][0x98]Lk#[0xc6]Y3&amp;[0x98][0x7]qF[0xb1][0xd9]~$Y&apos;R,[0x84]4[0xeb][0xc3][0x14][0xd3]`[0xb0][0xb][0xc8][0xb2][0x5][0xcc][0xb0][0x1c][0xde]d7p[0x8e]}[0x86][0xb7][0xd8]78[0xcf]~[0xc3][0xdb][0xec]O[0xca][0x82][0xc1][0x8d][0xfa][0xe2]e9@[0xb3][0xce]/[0x8b][0xb3]n[0x1][0xf6]:[0x87]|[0x1d]V[0xb6][0xcc][0xb]R[0xd7]&amp;[0xb4]-[0xff][[0x86][0xed]t[0xa7]@[0xc9][0xcb]x[0x17][\n]&quot;
2013-02-06 13:51:56,483 AAD-WS DEBUG wire:63 - &gt;&gt; &quot;.[0x91][0xb6][0xe1]a([0xc4]-[0x14][0x97][0x89][0xe2]=[0xa2]x[0xdf][0xa4]h,R4[0x14][0xaf][0xac][0xe4]S[0xd9][\n]&quot;
2013-02-06 13:51:56,484 AAD-WS DEBUG wire:77 - &gt;&gt; &quot;[0x94][0x92][0x93][0x8d]V[0xe0][0x3][0x13][0xdc]T[0x4][0x9f]&apos;[0xb0]Hk[0x8f][0xfa][0x1d][0xac][0xfe]e[0x95][0x1a]vJ[0x8][0xe5][0xa1][0xf2][0x98]nJ[0xbb][0xa0][0xbe][0xbf][[0xc1][0xb6]9([0x85][0x1d][0xe5][0xc3][0xa7][0xd3]!/[0xad][0xff][0xea]/E[0xf1]QR[0xc0][0x15]b[0xbd]J[0x11][0xe7]P[0x89]y8[0xb0]@[0x8f][0xc0][0x87]T[0xaa]k[0xf0][0xe3]#:[0xe5]&lt;[0x8d][0xc1][0x12]y[0xec]As1[0x93][0xf6]b&amp;[0xe][0x9f][0xea]Z[0xc5]v[0xca]|[0x15];n[0xf5][0xbb]n[0x99]Yo[0xa3][0x9f][0xa3][0x18]A6[0x8f][0xf7][0x9]in[0x92]f[0xaf][0xf9][0x8a]=[0xf6][0xf]PK[0x7][0x8]:ehhk[0x4][0x0][0x0][0xed][0x7][0x0][0x0]PK[0x3][0x4][0x14][0x0][0x8][0x0][0x8][0x0][0xd4]|D5[0x0][0x0][0x0][0x0][0x0][0x0][0x0][0x0][0x0][0x0][0x0][0x0]([0x0][0x0][0x0]com/sun/java/help/impl/LangElement.class}PMK[0xc3]@[0x14][0x9c]m[0xda][0xd4][0xd6][0xd8][0xd4]Z?Q[0xc1][0x82][0x9a][0xa6][0xd2]E&lt;*^DOA[0xf][0x96][0xde][0xb7]q[0x89])[0x9b][0xa4][0xd4][0xc4][0xdf][0xa5]`[0x11]&lt;[0xf8][0x3][0xfc]Q[0xe2][0xdb]PD[0xb4]va[0xe7][0xb1][0xf3][0xe6][0xcd][0x1b][0xf6][0xe3][0xf3][0xed][0x1d]@[0x17][U[0x94][0xd0][0xac][0xa0][0x88]U[\r]ke[0xac][0x97][0xb1][0xc1]`[0xa4]&quot;`[0xd8][0xf6][0xfc]$[0xe2][0xf]Y[0xcc][0x87][0xe2]Q[0xf0]{[0xa9]F&lt;[0x8c]F[0x8a][0xf7]Dp[0xca]`[0xaa][0xc4][0x17]J24[0xbc][0xbc][0x9f][0xa5][0xa1][0xe2]^[0xce][0xe9][0xee]Y[0x18][0x87][0xe9]9[0xc3][0xb1]3[0xcf][0xe6][0xef]h[0xbb][0xcf]P[0xbc]H[0xee][0xc8][0xd8][0xf6][0xc2]X^g[0xd1]@[0x8e]{b[0xa0]W[0x99][0x81]L{:[0xdb][0xae][0xd3][0x9e][0x9f][0xae]BJo[0x1a][0xb0]I[0xe2][0x19][0x11][0xab][0xb7]I6[0xf6][0xe5]U[0xa8]5uO[0xc4][0xc1][0xa5][0x92][0x91][0x8c][0xd3][0xae][0x16][[0xa8]b[0xd3][0x82][0x89][0xb2][0x85][0x5]T[0x18]Z[0xff][0xec][0xfb]1H6yS[0x11][0xc5]o[0x6]C[0xe9][0x13]e8[0xed]&gt;[0xf6][0xe8]{K[0xf4][0xe7][0x5][0xba]d[0x9]}[0xc8][0x95][0xd0][0x0]%[0xc1]&quot;[0xa1]E[0xaf][0x13]R[0x18]Tm[0xf7][0x15][0xcc][0xed]LPp[0x8f]&amp;0[0x9e][0x89]bX&quot;l[0x90][0x11][0xb0]Ox@[0xe3][0x87][0xa8][0xc1][0xa1]N[\r][0xf6][0xd4]`[0x87]*[0xa3]Zr_Px[0xfa][0x1e]3s[0xb2]CX[0xc7][0xf2][0xc][0xa9][0xf1][[0xca][0x9][0x1b]y[0xe0][0x95]/PK[0x7][0x8]?[0xe9][0xd2]t=[0x1][0x0][0x0]/[0x2][0x0][0x0]PK&quot;
2013-02-06 13:51:56,484 AAD-WS DEBUG wire:63 - &gt;&gt; &quot;[0x3][0x4][0x14][0x0][0x8][0x0][0x8][0x0][0xd4]|D5[0x0][0x0][0x0][0x0][0x0][0x0][0x0][0x0][0x0][0x0][0x0][0x0] [0x0][0x0][0x0]com/sun/java/help/impl/Tag.class[0x8d]P[0xcb]N[0x2]A[0x10][0xac][0x81][0xc5][0xe5]1[\n]&quot;
2013-02-06 13:51:56,485 AAD-WS DEBUG wire:63 - &gt;&gt; &quot;[0x82][0xa8][0xa0][0x1c][0xbc][0x18]X[\r][0xfb][0x1]&lt;41r&quot;j[0x2][0xe1][0xc0]m[0x81][0x9][0xe][0xd9]Wv[0x7][0x13]?[0xcb][0xc3][0xc6][0xc4][0x83][0x1f][0xe0]G[0x19]{6&amp;[0x1e][0x8c][0x89][0x97][0xaa][0xee][0x99][0xae][0xaa]N|[0xbe][0xbd][0x3][0xe8][0xa2]U[0x84][0x89]z[0x1];8[0xd4]p[0xa4][0xe1]XC[0xc3]D[0xd3][0xc4][0x9][0x83][0xe1];[0x9e]`[0xa8][0x8e]7[0xce][0x93]c[0xbb][0x8e][0xbf][0xb6]&apos;*[0x92][0xfe][0xba][0xc7][0x90][0x93][0xf1][0xad][0xbf]b`s[0x6][0x93]j/T[0xcf][0xa4]p[0x94][0x8a][0x19][0xce][0xc7][0xcb][0xc0][0xb3][0xe3][0xad]o[0xa7][0xca]G[0xe1][0x86][0xb6][0xf4]B[0xd7][0x9e]:[0xeb][0x87]([0x8]E[0xa4][0xa4][0x88][0xc9]e[0xa7]/}[0xa9][0x86][0xc][0x83][0xf6][0xef][0x90][0xff][0x99][0xcc][0xe7][0x9d][0x19][0x5][0xdf][0x4]+Z[0xb5]&lt;[0x96][0xbe][0xb8][0xdb]z[0xb][0x11]M[0x9d][0x85]K/[0xc5]I[0xb0][0x8d][0x96]b$u[0x93]&apos;iW[0xbb]q[0x94]q[0xca][0x91]G[0x81]c[0x17]{[0x1c]E[0x94]88J[0xc][0xcd][0xbf]S[0x19]*?K[0xde]/6b[0xa9][0x18][0xb2][0xed][0xce][0xc]gt6[0x93][0xae]j[0x80]iS[0xaa][0x98][0xb6]L[0x99]3[0xe5][0xa4]L[[0xa2]B[0xb8]O[0xdd][0x8][0x19][0xe4][0x88][0x9b][0xd6]+[0x98]u[0x91] c]&amp;[0xc8]Z[0xad][0x4][0x86]U7[0x12][0xe4]^RMU[0xcf]P[0x6][0xd0][0xa3][0x8c]&gt;%[0xc][0xc8]m[0x88][0x1a][0xae][0xd0][0xc0]5M[0xd4][0xe8]/[0x83][0x83]/PK[0x7][0x8]u%?[0x1e]&lt;[0x1][0x0][0x0][0xde][0x1][0x0][0x0]PK[0x3][0x4][0x14][0x0][0x8][0x0][0x8][0x0][0xd4]|D5[0x0][0x0][0x0][0x0][0x0][0x0][0x0][0x0][0x0][0x0][0x0][0x0]:[0x0][0x0][0x0]com/sun/java/help/impl/TagProperties$EmptyEnumerator.class[0x8d]RMO[0xdb]@[0x10]}[0x1b][0xd3][0x98][0x18][0x97][0x86][0x94]P&gt;[0xda][0x92][0xd2][0xa8]J@[0xc2]=p[0x3][0xf5][0x82][0x82][0x84][0x14](RP[0xa5][0xf6][0xe6][0x98]Q[0xbc][0xc8]^[[0xeb]u[0x5][0xff][0x89][0xb][0x7][0x84][0xd4]J[0xed][0xbd]?[\n]&quot;
2013-02-06 13:51:56,486 AAD-WS DEBUG wire:63 - &gt;&gt; &quot;1[0xb6][0xc2]Gs[0xca]Z[0xbb][0xb3];zo[0xe6][0xcd][0x93][0xff][0xdd][0xfd][0xfa][0x3]`[0x1b][0x1f][0x1d][0xd8]X[0xaa][0xa1][0x8a]76[0x96]g[0xb1][0xe2][0xc0][0xc2][0xaa][0x8d][0xb7]6[0xde][0xdb]X[0x17][0xa8][0x9a]Pf[0xed][0xcf][0x2][0x9f][0xfa]A[0x12]{Y[0xae][0xbc]s[0xff][0xa7][0xef][0x85][0x14][0xa5][0x9e][0x8c][0xd3][0xc8];[0xf5]G&apos;:II[0x1b]I[0xd9][0xae]@mp[0xa9]LHF[0x6][0xcc][0xde][0x93]J[0x9a]/[0x2][0xdd][0xce]t[0xf4][0xee]7[0x81][0x99][0xfd][0xe4][0x8c][0x4]^[0xf5][0xa5][0xa2][0xe3]&lt;[0x1e][0x92]&gt;[0xf5][0x87]Q[0x91][0x9][0xfd][0xec]([0xd1][0xd4][0x8b](&amp;e2[0x1][0xab][0xd3][0xfd]!0[0xa7][0xe8][0xc2][0x8c][0x93][0x2][0x8b][0x9d]n[0xbf][0xec][0x11][0xf9]j[0xe4]}[0x1d][0x9e]S`X[0x96]3Hr[0x1d][0xd0][0x81],*5[0xfe][0xeb][0xba]][0xc0]][0xb8]h[0xb9][0xa8][0xc1][0x11]h[0x95][0xfc][0xdc][0xc8][0xc8];N[0x6]y[0x10][0x8e][0x8b][0xf7].[0x2]J[0x8d]L[0x14]k[0xe9][0xc5][0xa9][0xb9][0xec][0xa9]&lt;&amp;[0xed][0x9b]D[0x17][0xf4][0xf]66[0x4]v[0xa6][0x19][0xb4]=A[0x17]p[0xf][0x95]&quot;[0xbd][0x1f][0xf9]YF&lt;Y}r[0x4][0x81][0xe6][0x93][0xaa][0x7]b)[0x85]M`[0xd7][0x9a][0x9d]gS[0xf][0x8c][0x96]jT[0xba][0xd9][0x9e]F[0xe]Z[0xfc][0x7][0xd8][0x10][0x98][0xe5][0xdd](L[0xe0]8[0x87]bY[0xbc]][0xbc][0xe4][0xf7]&lt;[0xdf]6P[0xe1][0xf]p6o!6[0xb7]nP[0xb9][0xe6][0x17][0xdb][0xc1]g[0x95]#[0xc4]&lt;[0x9f]u,[0x8c][0xf1][0xab][0x1c]9[0x8b][0x8a]u5[0x81][(;[0xbd]~[0xac]k[0x95]8[0xe7]7[0xac][0xef][0x8d][0x99][[0xbc][0xf8];[0x81]or[0xdf][0xc5][0xa2][0x12][0x9a]xW 9[[0xc5][0x1a]V[0x80]{PK[0x7][0x8]_[0xc4]}[0x9c][0xa2][0x1][0x0][0x0][0xce][0x2][0x0][0x0]PK[0x3][0x4][0x14][0x0][0x8][0x0][0x8][0x0][0xd4]|D5[0x0][0x0][0x0][0x0][0x0][0x0][0x0][0x0][0x0][0x0][0x0][0x0]*[0x0][0x0][0x0]com/sun/java/help/impl/TagProperties.class[0xbd]W]l[0x1c][0xd5][0x15][0xfe]&amp;[0xde][0xf5][0xac][0xd7]C[0xec]8qb[0x13]B[0x9c][0x10][0xcc]z[0xbc][0x4][0x2][0x9]qH)[0xc6]4[0x6][0xdb][0x9][0xd8]$1[\r][0x94][0xf5][0xe6][0xc6][0x9e][0xb0];[0xb3][0xcc][0xce][0x86][0x84][0xff][0xb6][0x14]H[0x2][0x94]H[0x10][0xf][0xd0]V[0x91][0xda]T2[0xd0][0xac]U, [0x2]Q$P_[0x8a][0xfa][0x2][0xea]C[0xab][0xf6][0xa1]U%x[0xe2][0x85][0xdf][0xef][0xcc][0xce][0xae][0xe3][0xb1]!~B+[0xdf]{[0xe7][0xde][0xf3]}[0xe7][0xe7][0x9e]sf[0xfc][0xc1][0xd7]o[0xbc][0x5][0xa0][0x1b]/F[0xd1][0x89][0xb1](.F[0xb6][0x81][0xab][0xbd][0xf2][0xa8]t[0xec][0x93]y\[0xc7]D[0x14][0xba][0x1c]w[0xc2][0x94][0xd5][0xfe][0x8]n[0x8f]&quot;[0x87]|#,[0xd8][0xb2][0xa3][0xa2][0x8][0xa3][0xa0][0xe3][0x8e]([0x9a][0x91][0x95][0x7]GV[0xc5][0x8]\[0x99]K[0x11][0x1c][0x10][0xd9];[0xa3]8[0x88][0xbc][0xf0][0xec][0x17][0xd4]![0xd1]u[0x97][0xac][0xee][0x96][0xe1][0x1e][0x1d][0xf7]Fq&gt;[0xee][0x93][0x87][0xfb]ex@[0x86][0x9f][0xcb][0xf0][0xb][0x19]~)[0x6]&gt;[0xa8][0xe3]W[0xf2][0xf0][0xa0][0xd0]&lt;[0xa4][0xe3]a[0x1d][0x8f]D[0x11][0x17][0xad][0xba](:,[0xa4]Gd8[0xaa][0xe3]Q[0x1d][0x8f]ih[0xea][0xcb][0x17][0xdc]C}V)[0xaf][0x9c][0x8c]k;[0x1a][0x8c]~[0xcb]RNo.S,[0xaa][0xa2][0x86][0x86][0x89]Lq[0xc2][0xcd][0x8c][0xe5][0x94][0x86][0xd6][0x81][0xfd][0x99][0x3][0x99]t[0xc9]5s[0xe9]m[0xd5][0xed][0x1e][\r][0x8d][0xa6]e[0xba]f&amp;7l[0xde]E)[0xad]_C}[0xd6].Y[0xee][0xfa][0xea][0xe2][0x12].[0xb6][0x88][0xd0]V[\r]u[0xb1][0xae][0x9d][0x1a]B[0xbd][0xf6]^[0xca]6[\r][0x98][0x96][0x1a]*[0xe5][0xc7][0x94]3R[0xd1][0x11][0x8a][0xf5][0xcb]y[0xe3][0xb8]rw8vA9[0xee]![\r][0x9d][0xb1][0x8a][0xe6]\[0xc6][0x1a]O[0xf][0xbb][0x8e]i[0x8d][0xf7]t[0xcd][0xdd][0xd2][0xb0]i[0x1e][0xc1][0x5]B[0xcf])[0xf8][0xea][0x86]2yq[0xbc]=[0xd6]u[0x86][0xbb][0xd5][0x8][0x99][0xb6]E[0xd9]P[0xce],[0xba][0x1a][0xda]|m[0xa6][0x9d][0xde]A[0x16][0x97]\*[0x93][0xef][0x11][0xfb][0x83]G[0xbb][0x1c][0xd3]U[0x8e]w[0xd4][0xa0]|.5#[0x16][0x8][0xa9][0x17][0xa1][0xa2][0x17]M[0x86][0x8b][0xf1][0xd4][0xcd][0xa2]wQ[0xde][0xf3][0xcd]&lt;[0xbc]][0x1d][0xa2][0x8d][0x11][0x95]Sye[0xb9][0xb2][0xcc][0xda][0x96][0x9b]1-.[[0xcf][0xc][0xc2][0xf6][0xb1][0xfd]*[0xeb][0xf6][0x8][0xa8][0xb1]*r[0xbd][0x12]&quot;F8[0x10][0xd9][0xaa][0xec][0xdc]-[0x8a][0x17]Jn [0xbe][0xfe][0xd9][0x2][0x9][0xea][0x1d][0x95][0xb7][0xf][0xd0][0xa3]p6[0xa7]2[0x92]hE[0xe5]n[0x9b]I.c|[0xd6][0xe3][0x8a]Y[0xe1]?3[0xdb][0x88][0xb7]-J,[0x8b][0xcd][0xab]&apos;[0xe2][0xda][0x95];[\r]J[0xd4]n:[0xb2]%[0x9b][0xf3][0x93]1:l[0x97][0x9c][0xac][0xba][0xd6][0x14][0x95]-#[0x99]q?[0xe7]LU[0xec][0x16][0xa4][0x81][0xcd][0xd8]*C[0x8f][0x81][0xcb][0xb1][0xd1][0xc0][0x8d][0x18][0xd6][0xd0][0x1c]$5[0xf0]#\[0xa5]a[0xe9]&lt;[0x6][0x1b][0xf8][0x9][0xb6][0x19][0x18]D/o;[0x95][0xea][0x90][0xcc]![0xa2][0xa3]PS[0xd4][0x91]J[0xe9]x[0xdc][0xc0][0xaf][0xf1][0x84][0x8e]&apos;[\r]&lt;[0x85]=[0x6][0x9e][0xc6]u[0x1a][0x96][0x7][0xf5]\][0xda][0xb7]O9[0x6][0x9e][0xc1][0xb3][0x6][0x9e][0xc3][0xf3][0xbc][0x96][0xee][0xee]n[0x3][0xb7][0xe0]V[0xd6][0xdd][0x95][0x6]^[0xc0][0x80][0x8e]c[0x6]Fp[0x93][0x81][\r][0xb8][0xcc]@?[0xae]3p=[0x6]4l[0xc8][0xda][0xf9]t[0xb1]d[0xa5]=[0xd6][0x9][0x95]+[0xa4][0xcd]|![0x97][0x9e][0xe5][0xf5][0xba]@?[0x10][0xdf][0x8f][0x1b][0x18]B[0xaf][0x81][0xed][0xd8]a[0xe0][0x6][0x19]vb[0xd8][0xc0].[0x9][0xca]O[0xb1]G[0xc3][0xba][0x85]0[0x1b][0xd8][0x8d]m[0x94][0x9d][0xf1][0xa9]W[0xee]q[0xc8]v[0x87]K[0x85][0x82][0xed][0xb8]jo[0xdf][0xc1][0xac]*H[0x89][0xf1][0xfa]g[0xc4][0xfa]-V[0x8e][0x95][0xc9][0xf5]9[0x8e][0xf4][0xa7][0xba][0xbb];[0xee]5[0xb0]I.[0xe3][\n]&quot;
2013-02-06 13:51:56,487 AAD-WS DEBUG wire:63 - &gt;&gt; &quot;l[0x9c]u[0x19][0x95][0x1c][0xa8][0xde][0xc3][0x8c][0x8e]JF-[0x9d][0xa7]VYY[0x5]y[0xca]Y[0x81][0xb2][0xa9]v[\n]&quot;
2013-02-06 13:51:56,487 AAD-WS DEBUG wire:63 - &gt;&gt; &quot;[0x16]b[0xeb][0xbc]][0x80][0xe5]d[0xa9][0x83]n_[0xa5][0x0][0x99][0xde]9e[0x8d][0xbb][0x13],[0xef]bi[0xac][0xe8]&apos;[0xe0][0xf2]X[0xff][0xbc])X[0x9f])[0x14][0x94][0xb5]WCrA[0x9d][0xad]r[0xef][0xc4]5[0xb1][0x1b][0xf][0xda][0x8e][0xea][0xab][0xd5][0xfd][0xd2]y[0xda][0x8c][0x86][0xae][0xd8][0xc0]B[0xee][0x84][0xfe]a[\r]_[0x7][0x17]C[0xc3]z[0x84][0xf8]c[0xce][0xf0][0xad][0x17][0x92]d[0xe7][0x1c][0x91]8{[0xf3][0x15][0xde][0xbc][0x82]r[0xac][0x5][0x8e][[0xf8]t[0x1][0x16]q[0x5][0xe8][0xf1]f}[\n]&quot;
2013-02-06 13:51:56,487 AAD-WS DEBUG wire:63 - &gt;&gt; &quot;[0xda][0xab]\j[0xb8][0x92]c[0x94][0x7][0xc0][0xa5][0xa8]&apos;[0x9d][0x0][0xb6][0xfa][0x80]8[0xf7][0xe5]$[0x1a][0x9f][0xc2][0xa2][0xf8][0xca]S[0xa8][0x9b][0xc1],F[0x1d][0xc7][0xcb][0xa9]z#[0x1a][0xa8]V[0x93][0x92][0xf2]qk|\C&lt;QF[0xe8]4[0xc2][0x93]5X[0xbd]gA[0x9f]&apos;[0xfe]c_&lt;I[0xe1][0x10][0xe7]f[0x11][0xaf][0x1f]J[0xbd][0xf]=y[0x2][0xa1][0xd4]d[0xc0][0xc0][0x11][0xa2]o[0xe2][0xce][0xd5][0xe8][0xf5][0x91][0x1b]h[0x84][0x9c],[0x9b][0x86]&gt;[0xda][0xdc]8[0x85][0xc8]@&lt;1[0x85][0x6][0xf2]D&apos;[0x3][0xa6][0xde]F[0x96][0xc][0x9a]0[0xc6][0xdd]k&lt;[0xb][0x84][0xe1]45[0xd7]s~ [0xd1][0xd2]X[0x86]Q[0xe3][0x19][0x8c]&apos;[0xc9][0x93]$[0xcf][0xd0][0x9][0xec]I[0xfd][0x19][0xe7]h[0x94][\r]o[0xe]%[0xdb]Ce,[0x96]e[0xb8]=\FSs[0xec][0xb7]X=[0x8d][0xe6][0xd1]),i[0xf][0xd7]5_XFK[0x19]K[[0x96]q([0xa3]us8Q=[0xc][0xc9][0xf6]r[0xe][0x82][0x93]3[0xea]#[0xf1][\n]&quot;
2013-02-06 13:51:56,488 AAD-WS DEBUG wire:63 - &gt;&gt; &quot;[\r][0xc7][0xbf]yy&amp;[0xb0][0xdd]h[0xe4][0x98][0xa7]U[0x16]?7l[0xb4][0xa2][0x80]U[0xb8][0x3]18[0xbc][0xa2]&quot;e\[0x8c][0xe2][0x0][0x5][0xdc][0xcf]o[0x10][0xf1][0xe6][0xda]y[0xbd]i[0xfb][0x81][0xbd]i[0xfb]No[0x1e][0xa6]U[0x8f][0xd0][0x9b][0xc3][0xf4][0xe6][0x8][0xbd]9Jo[0x1e][0xa5]7[0x8f]Q[0xe6]qz[0xf3][0x4][0xbd]9Bo[0x9e][0xc2]Zi[0xbf][0xbe]7[0xdb][0xbd][0xc][0x7].[0x8a][0x97][0xd1]&gt;x[0x2]m[0xc9][0xaa][0xe1]C[0x89]T&lt;[0xc5][0xd4]*[0xe3][0xdc]]I_[0xe9]f[0x94].[0xe7]G[0x1b]p[0x8c]ep[0x1c]-x[0x91][\n]&quot;
2013-02-06 13:51:56,488 AAD-WS DEBUG wire:63 - &gt;&gt; &quot;[0x8f][0xb1]h^[0xe2])[0xbb][0xab]O[0xbe][0x9e][0xb3][0xa4][0xe2][0x92][0xf8][0x9f][0xb0][0xf2]/h[0x94][0xa9][0x8c][0xf3]N[0xd6][0x9d][0xc][0xe4][0xcd]+[0xfc][0x16][0xfb][\r][0xf3][0xe6]w[0xdc]e_[0xfe]^[0xf8][0xaa][0x93][0xa1] [0xfc][0xf7][0x84][0xff][0x81][0xf0]?[0xb2]*[0x6]k[0x89][0xbb][0x89]g[0x2]o[0x9b][0x5][0x8f]NN[0xe3][0xfc]Q[0x16][0xdb][0xea]`[0xf2][0xbe]F[0x96][0xd7][0xc9]r[0x8a],Cga[0xe9][0xf8]N[0x96]7[0xc8]2M[0x96]7[0xc9][0xc2][0x97][0x83][0xcf]r[0x89]_[0xad]-[0x15][0x16]C&amp;[0x16][0xd0][0x9a][0xb9][0xa1]x[0x87][0xf8]wy[0x8d][0xef][0x11][0xc3][0xd9][0xf0]k[0xe7][0xe2]? [0xfe]C[0xe2][0xff]J&lt;_[0xcc][0xdf][0x8f]_&lt;[0xa9][0x5][0xed][0xff][0x1b][0xf1][0x1f][0x11][0xff]w[0xe2]G[0xbc]V [0xf8][0xab][0x98]$r[0xda]![0xc0][0xf7]I#i[0xcf]u[0x1d][0x13][0xff][0x14]VztL[0xfd]s[0x83]l[0x1f][0x93][0xed][0x13][0xe6][0xca]?[0xc8][0xb6][0xf3]l[0xd6]\0[0xd7][0x9a][0x12][0xff]/Z[0xf3]o[0xe2]w[0xd5][0x9a]l[0xda]O[0x8c][0xa6][\n]&quot;
2013-02-06 13:51:56,488 AAD-WS DEBUG wire:63 - &gt;&gt; &quot;&gt;Z[0xb9][0x93]u[0xc1][0xc6][0xf9]_[0x82][0xff][0xc7][0xf5][0xff]i[0xfc][0xee]Z[0xc6][0xaf][0xf5][0x95][0xd7][0xc7][0x13][0xb4]&lt;[0xd8][0xa0]?eZ[0xc6][0x9d]Q[0xdc][0xec][0xcb][0xaf][0xf2][0x95][0x85]EK[0xb0][0xc9]~N[0xbb][0xf8][0xba][0xf7]Ew[0xfb][0xd4]1&amp;[0xc6][0x85][0xa7][0xd1]9P[0xb1]oI[0xa2]b[0xe0]E[0xa7][0xa1][0x97][0x11]KL[0xe]L#[0xce][0x2]O[0xbc][0xed]q[0xac][0xe6][0xaf]kVU}[0xc1][0xaa][0xfa][0x92]9[0xf4][0x15][0x95][0x83][0xd5][0xda]&quot;j[0xe1][0xe7]L-z[0x15][0x83]Zfedr[0xb2]%[0x15][0x88][0x9e][0xa6]C[0xd7]&quot;h[0xd2][0xa2][0xe4][0xfb]Y-zk&lt;4[0xdf][0x1c]u[0xaf][0xa3][0x9b][0xe9]W[0x3]N%[0xe8][0xc4]m[0x9c][0x17][0xb1][0x97]_[0xea]EF[0xe3][0xbf]Y[0x9d]T[0x8c]o[0x1]PK[0x7][0x8][0xdb]u[0xd4][0x12][0xab][0x6][0x0][0x0][0x2][0xe][0x0][0x0]PK[0x3][0x4][0x14][0x0][0x8][0x0][0x8][0x0][0xd4]|D5[0x0][0x0][0x0][0x0][0x0][0x0][0x0][0x0][0x0][0x0][0x0][0x0]+[0x0][0x0][0x0]com/sun/java/help/impl/DocumentParser.class[0xc5]Z[0x9]|SE[0xb7]?gf[0xd2][0xdc][0xa6][0xa1][0x84]B[0x81][0x12][0x85][0x16][0x10][0xda]tC@[0x96]R[\n]&quot;
2013-02-06 13:51:56,489 AAD-WS DEBUG wire:63 - &gt;&gt; &quot;[0xa5][0xb4]P[0xa4][0x94]}W[0x9]m[0xda][0x6][0xda][0xa6][0xa4])[0x8b][0x88]([0x9b][0xb][0x88][0xa2]&quot;[0x82]`[0x1][0xc5][0xa2][0x80][0x80]BAA[0x4]EVEq[0xc1]]\[0x10][0x91]ET\?[0xfd][0xec];sonzS[0x8a][0xf2][0xbe][0xf7][0xde][0xef][0xf1][0xfb]u[0xe6][0xce][0xff][0xce][0x9c]m[0xce][0x9c]s&amp;[0x97]#[0xbd][0xb8][0x7][0x0][0x92][0xf0]u[0xb]l[0x82]_Ca#[0xfc]&amp;[0x9b][0xdf]e[0xf3]/[0xd9][0xfc]a[0x86]?[0xcd][0xf0]o[0xb][0x98][0xe1]/[0xb][0x84]@[\r][0x81][0x8][0x16]j[0x90]0dr[0xc8]e#,[0x90][0x80]&amp;3[0x86]X[0xc0][0x6][0xbf][0x9a][0xd1][0x1c]Jc[0xc5][0x2][0x11][0x18]J[0x8]Z[0x14][0xc][0x93][0xbd][0x95][0x3][0xd4][0xa8]D[0x1a][0xc8][0x5][0xe1][0x92]RC[0xd9][0xd8][0xe4][0xb0][0x91]|[0x8a][0x90]+[0x1b][0xcb][0xa6][0x89][0x5]#[0xb1][0xa9][0x5][0x9b]a[0xf3]Pz[0x8a]R[0xb0][0x85][0x5][0xed]x[0x8d][0x19][0xaf]5cK[0xb9][0xa0][0x95][0x82][0xd1]rM[0x8c]lZ[0x9b][0xb1][0x8d][0x4][0xdb]J[0xf2][0xd7][0xc9][0xa6][0x9d][0x1c][0xb6][0x97][0xef]be[0x13][0xa7][0xa0]CJ[0x14]/[0x7][0x9][0xb2]IT0I[0xf6][0xc9][0xb2][0xe9][0xa0][0xe0][0xf5][0xb2][0xef]([0x9b]NR[0xda][0xce][\n]&quot;
2013-02-06 13:51:56,489 AAD-WS DEBUG wire:63 - &gt;&gt; &quot;[0xde] [0x7]]d[0xd3]U[0xc1]n[0xb2][0xef].[0x9b][0x14]3[0xf6][0xb0]@_[0xf8]U[0xc1]T[0x5]{[0xd2]#[0xa6]I[0xbc][0x97][0x82][0xbd][0x15]LW[0xb0][0x8f][0x1c]eX`4[0xf6]U0S[0xf6]YR[0x98]~[0xf2][0xa9][0xbf]l[0xb2][0xa5][0x80][0x3][0xe4][0xac][0x1b]-p3[0xe]T0[0xc7][0x8c][0x83][0xe4][0x9b]\[0x9][0xe][0x96][0x82][0xe][0x91][0x8d]I[0xc1][0xa1]f[0x1c]F[0x93]$[0xb7][0xe1]r[0xc6][0x8][0xb9]&quot;M[0xc1][0x91][\n]&quot;
2013-02-06 13:51:56,490 AAD-WS DEBUG wire:63 - &gt;&gt; &quot;[0x8e]Rp[0xb4][0x82]c[0x14][0x1c][0xab][0xe0]8[0x5][0xc7]+x[0x93][0x82]7+x[0x8b][0x82][0x13][0x14]t*8Q[0xc1]&lt;[0x5][0xf3][0x15]t)X[0xa0]`[0xa1][0x82]E[\n]&quot;
2013-02-06 13:51:56,490 AAD-WS DEBUG wire:63 - &gt;&gt; &quot;[0xba][0x15][0x9c][0xa4][0xe0]d[0x5][0x8b][0x15],Q[0xb0]TA[0x8f][0x82]e[\n]&quot;
2013-02-06 13:51:56,490 AAD-WS DEBUG wire:63 - &gt;&gt; &quot;NQ[0xd0][0xab]`[0xb9][0x82]&gt;[0x5]+[0x14][0x9c][0xaa][0xe0]4[0x5][0xa7]+8C[0xc1][[0x15][0x9c][0xa9][0xe0]m[\n]&quot;
2013-02-06 13:51:56,490 AAD-WS DEBUG wire:63 - &gt;&gt; &quot;[0xce]R[0xf0]v[0x5]g+x[0x87][0x82]w*8G[0xc1][0xb9][\n]&quot;
2013-02-06 13:51:56,491 AAD-WS DEBUG wire:63 - &gt;&gt; &quot;[0xce]Sp[0xbe][0x82][0xb][0x14][0xbc]K[0xc1][0xbb][0x15][0xbc]G[0xc1]{[0x15]\[0xa8][0xe0]&quot;[0x5][0xef]Sp[0xb1][0x82][0xf7]+[0xf8][0x80][0x82]K[0x14]|P[0xc1][0x87][0x14]|X[0xc1][0xa5][\n]&quot;
2013-02-06 13:51:56,491 AAD-WS DEBUG wire:63 - &gt;&gt; &quot;&gt;[0xa2][0xe0]2[0xa9][0xcf][0xa3][\n]&quot;
2013-02-06 13:51:56,491 AAD-WS DEBUG wire:63 - &gt;&gt; &quot;.Wp[0x85][0x82][0x8f]I[0xd5]W*[0xb8]J[0xc1][0xc7][0xcd]Xi[0xc6][0xd5][0x8]&lt;37[0xb][0x1]3[0x10][0x1a]dxJ[0xcb]}[0xce]R[0xdf]Hgq[0x85][0xb]![0xa4][0xdc]S[0xe1][0xcd][0xa3][0x7][0xdb][0xc0]I[0xce][0xa9][0xce]d[0xb7]&apos;y[0xa8][0xcb][0x99][0xef][0xf2][0xf6] [0x17][0xf5][0xd2]SnAA[0xb9][0xcb]G[0x8b][0xb3]i[0xf2][0xc4][0x8a][0x82][0x2][0x97][0x17][0xa1][0xcd][0xc0]&lt;OIryEi[0xb2][0xba][0xa8][0xc8]U\[0x96][0xec].)+N[0x1e][0x96][0xe7],[0xed][0xa3]N[0xa2][0xf5]VWy[0x9e][0xb3][0xcc][0xd5][0xc7][0xbf](&lt;[0xdf][0x93]WQ[0xe2]*[0xf5][\r][0xf3][0xb3]lT^[0xe4][0xa9]([0xce][0xcf]p[0xe6][0x15][0xb9]t[0xc][0xc7]&quot;(4[0xc7][0xed]s[0xbb][0xca][0x11]&quot;5[0xa9]*|[0xee][0xe2][0xe4][0xfe][0xce][0xf2]&quot;[0x9f]sb[0xb1][0x8b]HG[0xe6][0xbb][\n]&quot;
2013-02-06 13:51:56,492 AAD-WS DEBUG wire:63 - &gt;&gt; &quot;[0x9c][0x15][0xc5][0xbe][0x8c]&quot;[0xa7]W[0xa3]?[0xcc]}+-gy[0x13][0xa9][0x19]G[0x8a][0x86][0x94][0xcc][0xd0] s[0xc9][0x8c][0xc]OE)[0xa9][0x10][0x92][0xea].u[0xfb][0xd2][0x10][0x9a][0xc7][0x6][0x94][0xcd].-[0xab][0xf0][\r][0xf3][0x91][0xa6]%=[0xe2]F&quot;[0x88][0xc]O&gt;-j8[0xd0]][0xea][0x1a]TQ2[0xd1][0xe5][0x1d].Y&quot;4[0x8e][0xad]k 9]![0xdb][0xa8]$[0x10][0x1c][0xf5][0x13][0xd5][0xc0]bgia2![0xee][0xd2]Bu[0x9d]%sz[0x9e][0xab][0xcc][0xe7][0xa6][0xcd]0[0xe3][0x1a][0x84]&amp;Dg[0xd8][0xe5][0xd6][0x10][0xb1]c[0xe5][0xec]F[0x85]._[0xdf]:[0xc6]k[0x12][0x1b]w9i[0x4]S[0x99][0xd3][N[0xaf]y[0xac]\[0x18][0xaa][0x8e][0x86][0xbb][0xa6][0x93]|[0xa1]y[0xce][0xe2][0xe2][0xac][0xe2][0x8a][0xf2]&quot;[0xb2]I[0xec][0xb8][0x8c][0xec]l9[0xc3]T[0xe0]GhC%y2ml[0xfd]&quot;s[0x9f][0xb3][0x10][0xa1]g=o[0xaf][0xe4][0xc][0xc3][0x9d][0x85][0x83][0xbd][0x9e]2[0x97]W[0xee]e[0x8f][0xb1][0xaa]*[0xac][0xcc][0x8d][0xd0][0xbe]&gt;&quot;[0xf5]25[0x93][0xcf][0xf8]f[0x94][0x91]B[0xdd][0xaf]jM[0xfd]T[0x1a][0xe9][0x9e][0x97][0xee]#pb[0x85][0x8f][0xe8][0xb5][0xab]O[0xcd][0xfa],[0x1a][0xe6][0xf2]z=^mH;&quot;][0x88]&lt;[0xa8][0xc0]][0x9a][0x9f]Q[0xec])w[0xa5][0x97][0x16][0x16][0xbb][0xb2]&lt;[0xde][0xc][0xdd]~&quot;6C[0xf2]lZ[0xe4],[0xcd]/v[0xf9][0xe1]\o_][0x11][0xf9][0x9e][0xfc]3[0x9c]v|tIqf[0xc0][0xd5][0xe3]b[0xaf][0xce][0x8e][0xaa][0xdb]i[0xfb]*7[0x84]6[0x9a][0xa8][0x85][0xa9]@[0xa6]z[0xde][0xe8][0xe0]I!k)[0x87][0x13]\[0x9a][0x9d]/OU[0x81][[0x9e]D[0x9b][0x4][0x86]Tx|[0xae]|][0xaf][0xd0][0xf2][0xc9][0xee][0xb2]QEni[0x1a]E[0x9e]{y[0xb2][0xe4]L[0x82][0x87]{j5[0xa5][0x8]R[0xe8]*uy[0x9d]&gt;W[0xa6][0xb4][0x8b][0xd4]Gu[0xa4][0x86]~[0x7][0xa2]H[0xe3][0xa1][0xb8]&lt;[0x5][0xfe]G[0x93]K[0xeb]-[0x9a][0xf7]f[0xb9][0xd5][0x13][0xa5][0xbb][0xf4]`)[0xbb]7Ijm[0x85]W[0xe0]-+[0xbc][0x4][0xdb][0xac][0xb0][0x7]^[0xb6][0xc2]^[0xf9][0xb4][0xf][0xb6][0x91][0xd3]\[0xc1]:93[0xb4][0x0][0xe0][0xca][0xd7][0xce]%BT=[0xe7]P{&apos;[0xc9][0xbf]*[0x9b][0x3]V[0xd8][\n]&quot;
2013-02-06 13:51:56,493 AAD-WS DEBUG wire:77 - &gt;&gt; &quot;[0xcf]Y[0xe1]s[0xc9][0xed][0x15]8d[0x85][0x17][0xe0]E+[0xec][0x84]j+[0xae][0xc5]&apos;h[0xfb][0xea]z[0x82][0x1e][0xc5]lu_X[0xf1]I)[0xe8]+[0xf0][0x8e][0x15][0xd7][0xe1]S[0x14][0xc2],V[0xac][0x82]cV[0xd8].[0xa9][0xad][0x97][0x1c][0xbe][0x83]3V[0xf8]V6[0xef][0xe2][0xd3]V[0xf8][0x86][0x9e][0xf0][0x19][0xd2][0xc]7[0xc0]63n[0xb4][0xe2]&amp;|[0xd6][0x8c][0x9b][0xad][0xb8][0x5][0xb7]Z[0xf1]9|&quot;
2013-02-06 13:51:56,495 AAD-WS DEBUG wire:63 - &gt;&gt; &quot;[0x1e][0xa1]Gt[0xb0]yRR[0xd4]-[0x8e][0x8d][0x8b][0x8e][0x89][0x89][0xc9][0x1c]:4w[0xa8]|[0x88][0xd6][0xc2]w[0x92][0xdc][0xb1][0xd8][0xa4][0xa4][0xa4][0xb8][0xe8][0x9e]=[0xa3];[0x98][0x91]Ho[0x87][0x13][0x8][0xad]tS[0xc8][0xed][0xa4][0xd0]?[0xd5][0xe5]-[0xa7][0xa0][0x13][0x88]&gt;[0xb4][0xb][0x1]c[0xe5][0x6]P+V[0xc3][0x97][0xe4]Z[0x83][0x87]fZ[0xe1]}[0xf8][0x80][0xc4][0x86]w[0x10]b[0xfe]1[0xe8][0x93][0x19]p[0x87][0x15]v[0x90][0xe2][0xf0][0xbc][0xd4]o&apos;[0xbe]`[0x85][0xf7][0xe0][0x84][0x15][0xce][0xc1]):[0xce]}s3[0x86][0x8f][0x19][0x9c]i[0xc5][0x17]q[0x97][0x15][0xbe][0x80]/[0xad]pA[0xbe][0x8][0x19]6f[0xd8][0xf0][0xcc][0x1c]+[0x9c][0x87]SV[0xf8][0x18]&gt;!h[0xf0][0x88]&gt;[0x3][0xb3]3[0xac][0xf0][0x95][0x84]~[0x84][0x1f][0xa4]yw[0x93]T[0xd3]K[0x8a][0xad]pI[0x9a][0xf5]C[0xf8][0x88]v*sz[0x99]+[0xcf]G;[0x11][0xed],[0x8d]v[0xea]&apos;[0xdc][\n]&quot;
2013-02-06 13:51:56,496 AAD-WS DEBUG wire:63 - &gt;&gt; &quot;?I[0xb6][0x17][0xa5]&quot;m[0xaf][0xe6]`![0x0]9[0xb3][0xcf][[0xe1][0xb2][0xe2]K[0xb8][0xc7][\n]&quot;
2013-02-06 13:51:56,496 AAD-WS DEBUG wire:63 - &gt;&gt; &quot;_[0xc3]i:J[0xb5][0xd4]{[0xa5][0x5][\r][0x93]i[0xd8][0xa2]~[0xde][0xd1][0xb1][0x1d][0xe3][0xac][0xf0][0xbd][0x14][0xf9]e[0xdc]K[0xf1][0xc7]0-:[0xdf]][0xe8][0xf6]Yq[0x1f][0xbe]b[0xc5]W[0xe5][0x94][0xfd][0xb8][0xd7][0x8a][0xaf]Q[0x3][0xbb]`[0xb7][0x15][0xce][0x92]fx[0x0][0xf]&quot;D[0x18][0x97][0x15][0xbb]|&gt;[0xe9][0x8d]k[0xfd]O[0xee][0xa9]3[0x8f]P+[0x1e][0x92][0xbe][0xf5])|f[0xc5][0xc3]x[0x84][0x92][0xc3][0xe5]+[0xa3]=[0xfa][0xda][0xe0]dJ:O[0xa1]H [0x1d]Xn[0xb9][0xb3][0xa4][0x8c][0x82]t![0xc5]1V,[0x83]Y[0xe9][0xc4]r[0x2]D[0x9e][0xa7]l[0x6]mIz[0xa1][0xd7]9UV[\r][0xe9][0xce]&lt;5[0x8a][0x9a][0xd2][0xf3][0xdc][0xde]&lt;[0x9][0x10]Q[0x99]8EzEI[0xb1][0xc4][0xb5][0xb0]bJ[0xcf],vS[0x1f][0x92][0x91][0xe7][0xca]w[0xd3][0x8b][0x90]L[0x9d]D[0xa6]N&quot;S#!2[0xd5][0x95]![0xd9][0xfa][0x84]l}B[0xb6]B[0xb6]6a[0x90][0x9f]UH[0xae]&gt;3W[0x9f][0x99][0xeb][0x97]&amp;W[0x97]&amp;W[[0x92][^[0xec][0x94]Y.d[0x84][0xbe]d[0x84][0xbe]d[0x84][0x9f][0xf8][0x8]m[0xe6][0x18][0x1d][0x1f][0xde]?w[0xe8] [0xea][0xcb]o[0xd5][0x14]p[0xea]+[0x9d][0xfa][0xc][0xa7][0x9f][0x99]Sg[0xe6][0xd4]Tw[0xfa]Uw[0xba][0xb4][0x95]y[0xba][0xea].[0x9d][0x84]K&apos;[0xe1][0xf2]3wi[0xcc][0xdd][0xfa][0x4][0xb7]&gt;[0xc1][0xed][0x9f][0xe0]V&apos;p[0x97]O*Q[0xaa][0x1b][0xc0][0xa3][0xcf][0xf7][0xe8][0xf3]=~[0x99]&lt;[0xba]L[0x1e][0x8d][0xb2]G7@[0x85][0xbe][0xa4]B_R[0xe1]gQ[0xa1][0xcd][0x9c][0xa1][0xe3][0xbe]&quot;[0x8f][0x97][0xe2][0x83][0x98]A[0xb8][0x15][0x8f]J?[0xee]{YL[\n]&quot;
2013-02-06 13:51:56,497 AAD-WS DEBUG wire:63 - &gt;&gt; &quot;[0xce],W[0x15][0x9c][0x10][0xd2].#[0xa3]&apos;[0x9c][0xab]$[0x90]u[0xb9][0x1c]u[0xd2][0xd4]U[0x11][0xb2][0xc2]I[0x19]#[0x9b][0x8e](u[0xa9][0xc7][0xc5][0x95][0x1f][0xed]*[0xcd][0x8f][0xf6][0x14]D[0x17][0xa8][0x9][0xaa]i0[0x97]h5[0x99][0xa5]D#\w[0x85]x[0x12]&lt;?(W[0xe4]N[0x9c]D[0x1c]([0x14][0xe9][0xe1]vDiyEY[0x99][0xc7]K\3K[0xf3]&lt;[0xf9][0xe4]3[0x86][0xa8][0x1c]R[0xec]*-[0x94][0x9b]M[0xe9][0x9d][\n]&quot;
2013-02-06 13:51:56,497 AAD-WS DEBUG wire:63 - &gt;&gt; &quot;oN[0x85][0xb7][0xf4][0xb4][0xb2]2[0x12][0x10]![0xe1][0xaa]j[0x97]@[0x1d][0xae][0xf8]&lt;z[0x9a]7[0xe5][0x15][0xbb]d^w\[0xb1][0xd8][0x8][0xd6]A[0xad]6d[0xd9]O[0xf2][0xc8][0xc3]@5[0xa4]+8[0x7][0xce]([0xf7][0xb9]J[0xa8]~pz[0xbd][0xce][0x19]Z[0x98]p[0x18][0xc5][0xd3][0x14][0xef][0x91]][0xf][0xa4][0xd6][\r][0xe1][0xc1]U59[0x9c][0xdc][0xa4]@[0x89]*[0x95][0xa7][0xe2]!p[0x13][0xa0][0x89][0x83]I[0x15][0xbd][0xba]6[0xe4]/[0x3]L[0xab][0xcb][0xe4][0xa8][0xb8]TF[0xb4]|[0xa2]f[0x8a][0xd5][0xb8][0x99][0xa9][0x14][0x96]1S[0x96][0xb9][0xd9][0xf5][0x96]{![0xae])[0x15][0xce][0xe2][0xf2]:u[0xb0]_[0xe4]8[0xba][0x9d][0xd8][0xa9]~[0xbb][0xb2][0xad][0xb9]z[0x17][0xe8]V[0xcf][0xda]z[0xa8]][0xe][0x91][0x84][0xee][0xf2][0xbe]2Ch[0x85]&quot;[0xf1]3[0xe5]kCSl[0x86]j[0xe][0x93][0xd7][0xa5]^[0xc8][0xc2][0xdc][0xe5][0x3]=[0xd3]\[0xde][0xc][0xa7][0xac][0xf7]i4[0x82][0xbc][0xc3]?[0xe2][0x85]rF[0xbb][0xfa]4[0xa8][0x8f]gh[0x1e][0x9d]=[0xfd]B([0x9f][0xd3]}Z]G[0x95][0xa5]Bl[0xd4][0x4]&quot;b`#l[0x2][0x0]+4[0x87]ga3e[0xcb]-4b4[0x12][0xb2][0x98][0x2][0xf9][0x8f][0x92][0xbe][0xda]S[0xe9][0xa3][0xf6];[0xfc][0xfd]NOU[0x96][0xda]S[0xa6]S[0xfb][0x97][0xfc][0xf3][0xa9][0xd6]S[0xfb][0xbd][0xfe][0xf1]&gt;[0xb5][0x8f]&amp;[0x1e]T[0xb0]Q[0xbb][0x9f]F[0x93]![0x84][0xb8][0x1]tu[0xec][0x0]t4[0x8a]&amp;&amp;[0xcc][0xe1][0xd8][0x6]l[0xb7]i;p[0x7][0xdf][0xe]B6&amp;[0xc7].[\n]&quot;
2013-02-06 13:51:56,498 AAD-WS DEBUG wire:63 - &gt;&gt; &quot;[0xe3][0xbb][0xc0]&lt;&amp;~[0x7](; t;XhE[0xd8]V[0x90][0x9][0xfe]5j[[0x83]B[0xed]@[0x10]b([0x84][0x89]a[0x10])[0x86]C[0xb]1[0x2]ZA[0xe]t[0x84]A[0xd0][0x5]rU[0xc6][0x7][0xfc][0x8c]g[0x92][0x82][0x92]q[0xaf]`[0x1c][0xbf][0xf]B[0x96]C[0x98]#[0x9e]8VACU[0x8e][0xf8][0xfa][0x4]p[0x80][0x85][0xda]![0xf5][0x8]0[\n]&quot;
2013-02-06 13:51:56,498 AAD-WS DEBUG wire:63 - &gt;&gt; &quot;[0xda][0xc1]hH[0x82][0xb1][0x90][0x2][0xe3]![\r]n[0xa2][0x15][0x7][0x3][0x82][0xf4][0xf6][0xb]r[0xcd][0xdf]p[0xaa][0xe5][0x12]A[0xb3][0x1]\`[0x86][0x2]h[0x8]E`[0x87]I*[0xb5]CDCR[0xeb]Go8[0xf5][0xad][0xe2][0xf]B[0xa8][0x3][0xe5][0xda]Z[0xd3]%[0xec][0x0]k][0x82]M[0xc1]Dm[0x19][0x91][0x9d][0x2][0xa1][0xe0]%%|[0xd0][0x12]*[0xe0]0[0xa1][0x82][0xe6][0x1c][0xa1][0xbf][0xa3][0xf0][0xba]_[0xd8][0xd6][0xc4]F[\n]&quot;
2013-02-06 13:51:56,499 AAD-WS DEBUG wire:63 - &gt;&gt; &quot;[0x1b][0xe2][0xb0]o[0x87][0x6][0xb5]T,*:[0x93]h[0xdd]F[0xc8][0x1b]p[0xcc]?[0xdf][0xed][0xdf][0xde]L[0xb2]l[0x83][0x15]`[0xc2]-[0x9c][0x9e][0xc2][0xab][0xa1][0xe1]j0[0xf3]*[0xb0][0xfa]G&quot;?u[0x17][0xd8][0xc6][0xec][0x80]F[0xbb] b[0x8c][0x4][0xb7]Acn[0xdf][0x1]M[0xaa]!2[0xa2])5[0xd5][0xd0]lK[0x1d]+[0xcc]%][0xe7][0x91][0xd0][0xb]H[0xac][0xbb][0xe9][0xcd][0x9b][0xf0][0x96]f[0x5]&lt;J[0x82][0xd0][0xc]l[0x13][0xd1]&lt;[0x95][0x88]EUC[0xb][0xea],[0x7][0xc8][0xba][0xd5]`O[0xad][0x2]n[0x8f]h[0xbe][0x1a]B[0xaa][0xe0][0xf][0xbb][0xad][0xdd]j[0x15][0xbe]&amp;[0xb5][0xaa][0xe6][0xbc][0xdd][0x96][0xba][0x1a][0x1a][0xcb]%[0x84]\K-[0x9]=![0xc7][0xdb][0xa0][0x95][0xd6]5[0xde][0xb3][0x6]:[0xe9][0x8f]Z[0x1f]][0xb4][0xdb][0x94][0xe3][0x87]x[0x2][0xd7]_[0xee][0x84][0x18][0xf9][0x98][0xb0][0x1d][0x1a][0xdb]m[\r]*U[0x19][0xe4][0xb][0xd9][0x8d]!zc[0xc5][0x84][0xed][0xd0][0xca]&gt;[0x82][0xc6]&amp;[0xfa][0x13]k[0xa0][0x8f][0xf4]@[0xb][0xfd]qI[0x84]UCk[0xe9][0x86][0xf4]j[0xa5][0x94]5W&gt;[0xad][0x80][0xf0][0xe7][0xa0]MD[0xdb]j[0xb8][0xae][\n]&quot;
2013-02-06 13:51:56,499 AAD-WS DEBUG wire:63 - &gt;&gt; &quot;z[0xaa].Z[0x5][0x96][0x9c][0x84][0x97][0x7]UA[0x92][0xb4][0xf2]r[0x95]A[0xb8]$&quot;[0x9]w[0xae][0x86]X[0xf5][0x99]8[0x9a]T[0x8e][0xa6][0xce][0xa4][0x13][0xd3]u[0xdc]J&amp;[0xdb]Be[0xf1][0x19]rR[0xd9][0x9f][0x83][0xf6]~#/[0x80][0x18]j[0x17][0x93];=@[0xfb][0xbb][0x4][0x1a][0xc1][0x83][0x10][0x5]K[0xc9][0xa1][0x1f]![0x83]/[0x83]Xx[0x14]:[0xc0]r:Y+[0xc8][0xa9][0x1f][0x83],XCn[0xbe][0x96][0x8e][0xf4][0x13]p[0x7]&lt;I[[0xf2]4[0xad]~[0x6][0xd6]Q [0xd9]BAd?[0x1d][0xff][0xa3]t[0xcc][0x8e]Q[0x0]y[0x8f][0x82][0xc7][0xa7][0x14]8&gt;[0xa7][0xa0][0xf1]5[0x85][0x8d]3[0x14]4[0xce]Q[0xb8][0xb8]H[0x81][0xe1][0x17][0xd8][0x8f]![0xf0][0x1a][0xb6][0x80]C[0xd8][0x9a][0xfc]P[0xf7]D)[0xd7]q}[0x8b]a*m[0xb1][0xf4][0xac][0x14]GD[0x1c]r^[\r][0xe]}[0xa3][0xeb][0xec][0xb0]jn[0xbb][0xb4][0x82][0xfa][0xa2][0xe6]l[0xad][0xe6][0xc1]G[0xf7]8[0xb9][0xd2];`[0xa3]kQ$[0xc9][0xd7][0x1c]N[0xd0]9x[0x9f]l[0xf0][0x1][0xc4][0xd1][0xa5][0xe4]z[0xba][0xc0]t[0x87]O[0xc][0xd2][0x8]x[0x9b][0xe6]k~[0xde][0x96]F[0xd2]%[0x15]G[0xfc]5[0xd7]VC|[0xdd][0x93]q[0x8a]\[0xf5]k![0xe4][0x95][0x8b][0x96][0xb]y{R{[0xba][0x87][0xa9]=]z[0xd4][0x9e].IjOU[0xbf][0xda][0x9f][0x94][0xf3][0x88][0x2]]i[0xfd][0x9c][0xc6][0x91][0xde]t[0xab]![0x17][0xdc][0x5][0x9]c(n[0x99]w@[0xe2]v[0xd2](h[0x98][0x14]&lt;[0xc][0x97]~[0x92]\[0xe7][0xd0]c[0x1c]4[0xc4][0x4]h[0x89][0x89][0x90][0x88]I[0xd0][0x11][0x93]I[0x5][0xba][0xbd][0xf9][\r]|[0x1b]m[0xbc][0x14][0xbd][0xb7]n?[0xb2][0xa9]jB[0xbb]-M5lx[0xe0][0x85]fS[0xd5][0xc6][0xf2][0x81]6[0xa3]C5\[0xef][0xdf][0x8f]:f[0xc6][0x8e][0xa0]`&apos;[0x8][0xc3][0xce]`[0xc3][0x1b][0xa0])v[0x81]([0xec][\n]&quot;
2013-02-06 13:51:56,500 AAD-WS DEBUG wire:63 - &gt;&gt; &quot;m[0xb1];$`[\n]&quot;
2013-02-06 13:51:56,500 AAD-WS DEBUG wire:63 - &gt;&gt; &quot;t[0xc3][0x1e][0xd0][0xb]S[0x83][0xcc]LwEM&amp;[0xd6][0x91]Ff[0xa2]12[0xc0]O[0xe5][0xd1][0xb0][0xa7][0x83][0x6][0x1d][0xd5][0xa3]~[\r]1[0x1f][0x94][0x18][0xd1][0xa9][0x1a]:[0xaf][0x80][0x6][0x12][0xbf]AJ[0xbd]Q&gt;uI[0xad]~[0x8a][0xd0][0xde][0xaa][0x9a]54[0xf8][0xd1][0xc6]+[0xd0][0xc7][0x14][0x13][0xa6][0x84]$Ft%.[0xcb]![0xfd]r[0xda][0xdd]ji[0x87]8[0xa2][0x4]F[0x85]TCw&quot;_I[0x1e][0xa2][0x8a]d[0xe0][0x91][0x18][0x91][0xa2][0x92][0x99][0xf0][0xb7]dL[0xff][0xc8]$[0xca][0xf4]w\[0x8c][0xb0][0xda][0x90]TH[0xd3][0x8d]s[0x2];u[0x84]R&amp;`/[0xda][0xa9][0xde][0xb4]K[0xe9][0xb4]K}[0xa0][0x15][0xf6][0x85]X[0xcc]$_[0xc9]&quot;_[0x19]@;[0x95][0x3][0xbd]q[0x10]da.[0xc][0xc6]!0[0x12][0x87][0xc3]x[0x1c][0x9]y8[\n]&quot;
2013-02-06 13:51:56,501 AAD-WS DEBUG wire:63 - &gt;&gt; &quot;[0x8a]p,[0x94][0xe1]8[0x98][0x8a][0xe3]a6:a[0xe]N[0x84][0xf9][0x98][0xf][0x8b][0xd1][0x5][0xf]c![0xac][0xc4]&quot;X[0x8b]n[0xd8][0x88][0x93]a;[0x96][0xc0].,[0x85][0xbd]X[0x6][0x7]q[\n]&quot;
2013-02-06 13:51:56,501 AAD-WS DEBUG wire:63 - &gt;&gt; &quot;[0xbc][0x8e]^x[0xf][0xcb][0xe1]c[0xac][0x80][0xaf]p*|[0x8b][0xd3][0xe0][0x12][0xce][0x80][0xdf]q&amp;&quot;[0xde][0x86]f[0x9c][0x85][0x8d]p6[0xda][0xf1]N[0x8c][0xc1]9[0xd8][0xe][0xe7]a&quot;[0xce][0xc7][0x8e]x7v[0xc3]{[0xb0]&apos;.[0xc4]&gt;x[0x1f][0xe][0xc0][0xfb]q[0x8]&gt;[0x10][0xe4]It[0xfb][0xf7][0x1f][0xa3]([0xf5]X[0x91][0x92][0xb5][0xee][0x19]&quot;[0xcf][0x15].[0xa3]i[0xdf]P&lt;R[0x1d].4[0x95][0xe]J[0x3][0x0][0xd3][0x16][0xbf][0x99]x[0x17][0x93]-U5[0xbb]-U[0xf])v[[0xcc]jx[0x8b]wQT8[0xa6][0x16]N[0xac][0xa4][0x14]L[0xb6][0xee][0xb1]1([0x4][0xa9]/[0x8c][0x9e][0x19][0xec][0xcb]][0x14][0xde]%4p[0xd6]d[0x10][0xb3]:&quot;[0x95]j[0xa0][0x98]6Y][0xda][0xb2][0xf6][0xdc]}[0xa6]?[0xce][0xb][0xc5][0x0][0xed][0x9a][0xb][0xc1][0xab]n[0xd0]&apos;E[0x86][0x9a][0xd6]@[0x8c][0xea][0xe4][0xf6]z[0xe][0xaa]*[0x8c][0xe4]]s[0x97][0xdd][0xd6]k5[A*[0xf9][0x93]rJ[0xa8][0xaa][/5[\n]&quot;
2013-02-06 13:51:56,501 AAD-WS DEBUG wire:63 - &gt;&gt; &quot;D[0xe8][0xf4][0xa2]B[0xa9][0xed]9J[0xae][0x1b][0x93]jk][0x9]v[0xbb]-[0xba][0x12]&quot;[0xed][0xb6][0xd0]Jhh[0xb7]YH[0xc9][0xad][0xe6]xT([0xa5][0xef][0x88]4[0xf5]L[0xce][0xf6][0xb3][0xa3][0x0]RE[0x89][0xd7]`[0x19]&quot;[0xd2]K.![0xe9]k[0xce][0xfa]u[0xa8][0xa6][0x2]M5[0x92]?[0xf2]P[0x16][0xa5]7[0x95][0xd0]$ [0x90]N[0xa1][0xee][0x2][0x95]g[0xad][0x96][0xbd]U[0x14]I[0x13]I[0x9][0x7]I[0xb]k[0x87]^[0xae][0x93]h/yHz[0xc9][0xd0][0xa6][0xc5][0x17][0xb9][0x17]B;[0xf8][0x91][0xc2][0xf][0xc8][0xe2] &quot;[0xbd][0x9a][0x12]5[0xe1][0x19][0x81][0xed][0x8b][0x14][0xf2][0x10]Z4[0x82][0x89][0x7]!l[0x17][0xf4]%[0xbb]e[0xe][0xb2][0xdb]z[0xae][0x86][0xdf][0x82][0xb6]_[0xf]5[0xaa][0xaa][0xb2][0xdc][0xb0]Dd[0xa5][0x84]U[0xc1][0x9][0xbb][0xad][0xf5]j[0x98]X[0xd7][0x1b][0xac]A[0xae][0x10][0x90][0xb3][0xb5][0x1a][0x82][0xa3][0xd4][0xea]EQ[0xab][0x97]Z[0xaf]xG[0x15][0xc9]*E[\n]&quot;
2013-02-06 13:51:56,502 AAD-WS DEBUG wire:63 - &gt;&gt; &quot;[0xb2]/[0xf9][0xc2][0x94][0x0][0xd9][0xcb][0xa2]z0[0xf9]J[0xe8][0xac]nf[0x92][0xba][0x99][0xb1][0xea]f[0xb6][0xf6][0x9b][0xe7][\n]&quot;
2013-02-06 13:51:56,503 AAD-WS DEBUG wire:63 - &gt;&gt; &quot;lw[0x19][0xd8]V[0x81]9[0xa2]_JXb[0x94]%*[0xac][0x1a][0xfa][0x8f][0xaa][0xfa]k[0xa9][0xd1][0x9f][0x3][0x9b][0x14][0x88]i[0xea][0xe]J[0xcf]l[0xe2]H[0xac][0x86][0xec][0xa0][0x18][0x1c]1 [0xd8][0xe0][0xf5]l[[0xf2]j[0xaa][0xd6][0x2]9[0x88]f[0xc9])[0xa2]K[0x8][0xef]b[0xae][0x82]P[0xae]&gt;[0xd4][0xd9][0xd3][0xc0][0xbe][0xe5]\[0xd1][0x19][0xd4]&lt;[0x87]kT[0xf2][0xc9]u[0xce]0[0xbd][0xb3][0x12][0x3]A[0xc]p[0xb6]#[0xe2][0xc6] [0x11][0xd5]}m[0xea]HH[0x8c][0xc]1T&amp;[0xb6][0xd4][0x8d][0xeb]W[0x3][0xaf][0xe0]W[0xca][0xcb][0xaf][0xd2][0x8c]~[0x15]zE[0xbf][0xb2][0xfc][0xa7]~e[0x91]&quot;[0x85]^[0xc9][0xaf],[0xff][0x99]_[0xa5][0xfd][0xa3]_il5[0xbf][\n]&quot;
2013-02-06 13:51:56,503 AAD-WS DEBUG wire:63 - &gt;&gt; &quot;M[0x8c]R[0xe4][0xf1][0x96]~5@[0xb5]r[0xa4]9[0xb8][0x0][0xc][0xa4]2~[0xab][0xac][0xa4][0xf0][0x5]0[0xe3][0x8b]`[0xc1]][0xd0][0x0]wS:{[0x9][0xec][0xb8][0x7]b[0xf0]e*&lt;[0xf6]RJ[0xdb]O)[0xed]5Ji[0x7]![\r][0xf]SJ;[0x2]7[0xd2]%b[0x8][0xbe]Ni[0xed][\r][0x18][0x87]oRZ;[0xe][0xc5][0xf8][0x19]x[0xf0]$x[0xf1]s[0x98][0x86]_[0xc0],[0xfc][0x12][0xe6][0xe2]W[0xb0][0x0][0xbf][0x86]Ex[0x9a]R[0xdb]7[0xb0][0xc][0xcf]B%[0x9e][0xa3][0xf4]v[0x1e][0xaa][0xf0][[0xd8][0x84][0xdf][0xc1][0xf3]x[0x11]^[0xc0][0xef]a7[0xfe]H[0xb5][0xed]%x[0xb][0x82]O[0xf0]gJo[0xbf][0xc0][0x19][0xfc][\r][0xbe][0xc3]?[0xe0]&apos;[0xfc][0x13]~[0xc5]#[0xe0]_[0x18][0x8a]5he[0x2][0x9b]0[0x13][0xda][0x19][0xc7]4[0xa6][0xe0][0x8d][0xcc][0x82]CY[0x18][0x8e]`V[0x1c][0xcd][0xc2]q[0x2]k[0x80]S[0x98][\r][0xa7][0xb1]F8[0x93]E[0xe0][0x1d][0xac][0x9][0xce]g[0x91][0xb8][0x84]5[0xc3][0x15][0xac]9[0xae]e-p=[0xb3][0xe3]Fv[\r]ne-[0xf1][0x15][0xd6][\n]&quot;
2013-02-06 13:51:56,504 AAD-WS DEBUG wire:63 - &gt;&gt; &quot;[0xf][0xb2][0xb6]x[0x84][0xc5][0xe1][0x9b][0xcc][0x81][0xc7]Y&lt;[0xbe][0xcb][0x12][0xf0]#[0x96][0x88][0x9f][0xb3]$&lt;[0xc5][0x92][0xf1]4[0xbb][0x1e][0xcf][0xb3][0x8e]x[0x91]u[0xc6][0xdf][0xd8][\r][0xf8][0x17][0xeb][0xc2],[0xac]+[0xb3][0xb1]n,[0x92]ug-X[0xf]v[0x1d]Ke[0xf1][0xac]&apos;Kfi[0xf4][0xa6]7=[0xa5][0xb3]L[0xd6][0x87][\r]`Yl0[0xeb][0xcf][0xc6][0xb3]l[0x96]G#7[0xbb][0x91]Ma[0x3][0xd9][0xad],[0x87][0xcd]b[0x83][0xd8][0x1c][0x96][0xcb][0xee][0xa6][0x19][0x8b][0xd8][0x10][0xb6][0x98][\r]c[0xf][0xb3][0xe1]l[0x19][0x1b][0xc9]V[0xb1]Ql-[0x1b][0xcd]6[0xb1][0xb1]l&apos;[0x1b][0xc7][0xf6][0x12][0x85]C[0xec]fv[0x9c][0xdd][0xc2]&gt;d[0x13][0xd8]&apos;[0xcc][0xc9][0xbe]`[0x13][0xd9]7D[0xf5][0x1c][0xcb]g[0x17]X[0x1][0xf]c[0x93]y8+[0xe1]MX)[0x8f]b[0x1e][0xde][0x96]M[0xe1][0x1d][0x99][0x8f]waSy[0x1f]6[0x9d][0xf7]c3x[0xe][0xbb][0x95][0xf]a3[0xf9]H6[0x8b][0x8f]g[0xb7][0xf3]|6[0x9b]Obwp[0xf][0xbb][0x93]Oes[0xf8]L6[0x8f][0xdf][0xc9][0xe6][0xf3][0x5]l[0x1]_[0xc8][0xee][0xe1]K[0xd8][0xbd]|[0x19][[0xc8][0x1f]c[0x8b][0xf8]*[0xb6][0x98]?[0xc1][0xee][0xe7][0x1b][0xd8][0x3]|[0x1b][[0xc2]w[0xb0][0x7][0xf9]K[0xec]a[0xbe][0x97]-[0xe5][0xaf][0xb2]e[0xfc]u[0xf6]([0x9b]-[0xe7][0x9f]P[0x8e][0xfc][0x8c]=[0xc6][0xbf]`+[0xf9]7l[0x15][0xbf][0xc0][0x1e][0xe7]?[0xb0]J~[0x89][0xad][0xe5][0xbf][0xb3]&apos;[0xf8][0x9f]l[0x9d]`[0xec])aaU[0xa2]![/&quot;[0xd9][0xd3][0xa2]9{F[0xd8][0xd9][0x6][0xd1][0x92]m[0x12]m[0xd9][0xb3]&quot;[0x8e]m[0x16]I[0xec]y[0xd1][0x99][0xed][0x13]=[0xd9]+[0xa2]/{U[0xf4]c[0x7][0xc4]`vP[0x8c]d[0x87][0xc4]DvX[0x14][0xb1]#[0xa2][0x84][0x1d][0x15]^[0xf6][0x86][0x98][0xc5][0x8e][0x89][0xb9][0xec]Mq[0x17]{K[0xdc][0xcf][0xde][0x16]K[0xd9];b[0x15]{W[0xac]e[0x1f][0x88][0xf5][0xec]#[0xb1][0x8d]},v[0xb1]O[0xc4]&gt;[0xf6][0xa9]8[0xcc]&gt;[0x13]o[0xb3][0x93][0xe2]=[0xf6][0xb9][0xf8][0x88]}!&gt;g_[0x8a]S[0xec]+q[0x9a]}-[0xce][0xb3][0xd3][0xe2]&quot;;#~f[0xdf][0x8a][0xb1][0xb3]&amp;[0x13];o[0xb2][0xb1][0xb][0xa6][0xe6][0xec];S4[0xfb][0xde][0x14][0xc7]~0][0xcf]~4uf[0x97]L[0xdd][0xd9]O[0xa6]^[0xec]gS[0x6][0xfb][0xc5][0x94][0xc9]~3[0xe5][0xb1][0x9b][\n]&quot;
2013-02-06 13:51:56,504 AAD-WS DEBUG wire:63 - &gt;&gt; &quot;X[0x8d][0xa9][0x98][0x83]i[\n]&quot;
2013-02-06 13:51:56,505 AAD-WS DEBUG wire:77 - &gt;&gt; &quot;G[0xd3]m[0x9c][0x9b][0xee][0xe5]![0xa6][0xc5]\1[0xad][0xe0][0x16][0xd3][0x93]&lt;[0xcc][0xb4][0x81][[0x83]J[0xaf]o[0xf5][0x9a][0x8a]m[0xa6][0x8b][0x85],[0xe2][0x97][0x5]jY[0x99][0xca][0xdb][0x5]B[0xab][0xc][0x18][0x16][0x7][0x95][0xb5]92b[0xb4]Y[\r][0x93]yZP4[0xa9]}[0xd9][0x83][0xa2][0x5][0x97]%[0x8e]}&apos;[0xc]Z[0x1][0xcd][0xae]}\[0x86][0x91][0xf6][0x8e][0x88]\[0x19]J[0xb5]Yz [0xb9][0xd6]f)[0xa2]p[0xb3][0x13][0x6]OH[0xab][0xaa][0xd9][0xe6]/[0x9d][0x87][0xc8][0xfe][0xda][0x7][0xd5][0x80][0xf5][0x17]Q[0x19][0xba][0x2],[0xd4][\r][[0xe]_[0xd1][0x9b][0xe1][0x7][0xc1]L|[0xe5][\r]=I[0xfb][\r]!I[0x8f]mA[0xd9] H*#[0x91]D}[0x89]$&amp;[0x9f][0xb5]bd[0xe4][0x81][0x9a]}[0xfe]&lt;B*DK[0x15][0xec][0xb5][0xda][0xd8][0x1c][0x11][0xa3][0x82][0xe4]WW[\r]2H&lt;[0x9c]r[0xe4][0xc8][0xbd]0:ED[0x89][0x3][0x10][0x1a]Eib[0xcc]F[0x99]8[0xc7][0xa6][0x98][0xa2]L[0x7][0xa0]3e[0xbc]*[0xad]F[0x8a]2E[0xd2][0xad]`[0x9c][0xac][0x11]C02$[0xca]T[\r][0xe3][0xd7][0xd4][0x9c]Q[0xb9][0xdc]T[0xcb][0xc5][0xbe][0x1c]LZ[0x95][0x15][0x8][0x9d]t[0x9]O[0xa7][0x0][0xda][0x84][0x84][0x8a][0x84]F[0xbc])4[0xe5][0xcd][0xe0][0x1a][0xde][0x1c]bx[0x14][0xb4][0xe1]v[0x88][0xe3]-![0x9e][0xb7]&quot;[0xf1][0xa2][0xa1][0x13][0x8f][0x81][0xee][0xbc]5[0xa4][0xf1]6[0xd0][0x9b][0xb7][0x85],~[0x1d][0xf4][0xe7][0xed][0xe0]F[0xde][0x1e][0x86][0xf2]X[0x18][0xc9][0xe3]`[0xc][0x8f][0x87][x[0x2][0xe4][0xf3]D([0xe0][0x1d][0xa0][0x94]_[0xf][0xb3]x&apos;[0x98][0xcf];[0xc3][0x12]~[0x3]T[0xf2][0xae][0xf0][0x14][0xef][0x6][0xcf][0xf0][0x14][0xd8][0xca]{[0xc0][0xb]&lt;[0x15]v[0xf3][0x9e][0xb0][0x9f][0xa7][0xc1]a[0xde][0xb][0xde][0xe4][0xbd][0xe1]][0x9e][0xe]&apos;x[0x6][0x9c][0xe2][0x99]p[0x9e]g[0xc1]_[0xbc][0x1f][0xdd][0xfe][0xfb]c([0xcf][0xc6]p&gt;[0x10][0x9b][0xf0][0x1c]l[0xca][0x7]a[0x14][0x1f][0x8c][0xad][0xf8][0x10]l[0xcb][0x87]b;&gt;[0x2][0x93][0xf9]([0xec][0xca][0xc7]`_&gt;[0xe][0xb3][0xf9]x[0xcc][0xe5]7[0xe3]H&gt;[0x1][0xc7][0xf1]&lt;t[0xf2]|[0xf4]P?[0x9b][0x17][0xe1]|[0xee][0xc6]{[0xf9]$\[0xc4][0x8b][0xf1][0x1]^[0x82][0xf]rO[0x90][0x1b][0x9f][0xd5]/[0xe2]![0xc5][0xda]E[0xdc][0xd4][0x97][0xae][0xda]7SR[0xbe]e[0xbb][0xba][0xc3][0xc3]#&amp;[0xec][0x82][0xd1]cl[0xad]w[0x80][0xb3][0x1a]&amp;[0x8e]R[0xa1]&lt;[0x15]jg[0x84][0xf2]U([0xcd][0x8][0xb9]T([0xd5][0x8][0x15]H[0xa8][0x11][0xac]6b[0x85][0x1a][0xf6][0xb4][0x11]+[0xd2][0xb0][0xbd]F[0xcc][0xad]a[0xfb][0x8c][0xd8]$[\r]{[0xc5][0x88]M[0xd6][0xb0]W[0x8d]X[0xb1][0x86][0xed]7b%[0x1a][0xf6][0x9a][0x11]+[0xd5][0xb0][0x3]F[0xcc][0xa3]a[0x7][0x8d]X[0x99][0x86][0x1d]2bS4[0xec][0xb0][0x11][0xf3]j[0xd8][0x11]#V[0xae]aG[0x8d][0x98]O[0xc3]^7b[0x15][0x1a][0xf6][0x86][0x11][0x9b][0xaa]a[0xc7][0x8c][0xd8]4[\r]{[0xd3][0x88]M[0xd7][0xb0][0xe3]Fl[0x86][0x86][0xbd]&quot;
2013-02-06 13:51:56,505 AAD-WS DEBUG wire:63 - &gt;&gt; &quot;m[0xc4]n[0xd5][0xb0]w[0x8c][0xd8]L[\r]{[0xd7][0x88][0xdd][0xa6]a[0xef][0x19][0xb1]Y[0x1a]v[0xc2][0x88][0xdd][0xae]a[0x1f][0x18][0xb1][0xd9][0x1a][0xf6][0xa1][0x11][0xbb]C[0xc3]&gt;2bwj[0xd8][0xc7]Fl[0x8e][0x86]}b[0xc4][0xe6]j[0xd8][0xa7]Fl[0x9e][0x86]}f[0xc4][0xe6]k[0xd8]I#[0xb6]@[0xc3]&gt;7bwi[0xd8][0x17]F[0xec]n[\r][0xfb][0xd2][0x88][0xdd][0xa3]a_[0x19][0xb1]{5[0xec][0x94][0x11][[0xa8]a_[0x1b][0xb1]E[0x1a]v[0xda][0x88][0xdd][0xa7]a[0xdf][0x18][0xb1][0xc5][0x1a]v[0xc6][0x88][0xdd][0xaf]a[0xdf][0x1a][0xb1][0x7]4[0xec][0xac][0x11][[0xa2]a[0xe7][0x8c][0xd8][0x83][0x1a]v[0xde][0x88]=[0xa4]a[0x17][0x8c][0xd8][0xc3][0x1a][0xf6][0x9d][0x11][[0xaa]a[0x17][0x8d][0xd8]#[0x1a][0xf6][0xbd][0x11][[0xa6]a?[0x18][0xb1]G5[0xec]G#[0xb6]\[0xc3].[0x19][0xb1][0x15][0x1a][0xf6][0x93][0x11]{L[0xc3]~6b+5[0xec][0x17]#[0xb6]J[0xc3]~3b[0x8f]k[0xd8][0xef]F[0xac]R[0xc3][0xfe]e[0xc4]Vk[0xd8][0x1f]Fl[0x8d][0x86][0xfd]i[0xc4][0xd6]j[0xd8][0xbf][0x8d][0xd8][0x13][0x1a][0xf6][0x97][0x11]{R[0xc3]j[0xfc]X[0xe0]G[0x18]l[\n]&quot;
2013-02-06 13:51:56,506 AAD-WS DEBUG wire:63 - &gt;&gt; &quot;[0x99][0x94]s* [0x8c]O[0x83][0x96]|:\[0xcf]g@_*[0xe2]G[0xf1][0xdb][0xa8][0xe][0xb8][0x1d]f[0xf3];[0xe0]!~&apos;T[0xf1]9[0xb0][0x8b][0xcf][0xa5][0x9c]0[0xf][0xbe][0xe2][0xf3][0xe1]W[0xbe][0x0][0xc3][0xf8]][0x14][0xf3][0xef][0xc6]N[0xfc][0x1e][0xec][0xc7][0xef][0xa5][0xd8][0xbe][0x90][0xe2][0xfa]&quot;[0x9c][0xcb][0xef][0xc3]e|1n[0xe0][0xf7][0xe3][0xcb]|[0x9][0xbe][0xc3][0x1f][0xc4]o[0xf8]C[0xf8][0x7][0x98]5[0xe4]KY[0x1b][0xfe][0x8][0xeb][0xca][0x1f]e7[0xf2][0xe5][0xec][0x16][0xbe][0x82][0x95]S[0x11]x[0x17]_I[0x85][0xdd]*[0xb6][0x99]?[0xce]^[0xe5][0x95][0xec]}[0xbe][0x9a][0x9d][0xe3]kX[\r]_[0xcb][0x1b][0xf3]&apos;x{[0xfe]$[0xef][0xc1][0xd7][0xf1]\[0xfe][0x14][0xcf][0xe3]U|[0x1a]_[0xcf][0x17][0xf2][0xa7]y%[0x86]?[0xcf]7[0xf0][0x83]|#[0xff][0x98]o[0xe2][0x17][0xf9][0xb3][0x82][0xf3][0xcd][0xa2][0x19][0xdf]&quot;[0xe2][0xf9]V[0xd1][0x8b]?&apos;[0x86][0xf1][0xe7]E![0xdf]&amp;f[0xf2][0xed][0xe2]~^-[0x9e][0xe0];[0xc5][0xe][0xfe][0x82]8[0xca]_[0x14]&apos;[0xf9].q[0x89][0xef]6[0x99][0xf9]K&amp;;[0xdf]cJ[0xe6]/[0x9b]2[0xf8]^[0xca]&lt;[0xe7][0xf4]_A[0xb1]B[0xfb][0xba][0x1]?[0xcb]_[0xb9]m[0xb7]TB+[0xbb]-[0xa5]R[0xde][0x9e]:[0xac][0x91]w[0xbf][0xee]OB[0x3]*?[0xd6][0xad][0x90][0xc5][0xd0]q[0xc7][0xff][0xf8][0xe3][0x85][0xe3][0xef][0xb3][0xc5]S[0xff][0xc3][0xcf][0x16][0x8d][0xa9]&lt;ap[0xf][0xec][0x81]}[0xd0]N[0xed][0xf7][0x7][0xbe]W[0xdc][0xc][0xcd][0xc8]u[0xe][0x92][0x10][0x87][0xa0]5[0xb][0xae][0xe3]&apos;[0xa0]+[0x1f][0x6][0xf0][0xf][0xa8][0xec][0xf8][0x10][\n]&quot;
2013-02-06 13:51:56,507 AAD-WS DEBUG wire:63 - &gt;&gt; &quot;[0xf9]I[0xb8][0x9d][0x9][0xf7][0xf0]S[0xb0][0x8a][\r]O[0xf2][0xd3][0xe4]Fg[0xe0]Y[0xfe]-T[0xf3][0xb3]Tn[0x9c][0x87]=[0xfc][0x2][0xec][0xe3][0xdf]Q[0xc9][0xf1]=[0x1c][0xe2]?[0x91]{[0xfd][0xc]&apos;[0xf9]/p[0x89][0xff][0x16]T[0x6][0x9c][0xd7]7[0x3][0xaa][0xfd]_[0xc4]&amp;[0xea][0xf7]o[0xba]A;j*[0xa7][0xb]o[0xb3]z~0?[0xe5][0xff][0x99][0xa0]}[0xd0][0xe4][0xf6];[0xb9][0xf6][0xe7][0xd9]&gt;`[0x93][0xa2]@[0x88]@[0xb0][\n]&quot;
2013-02-06 13:51:56,507 AAD-WS DEBUG wire:63 - &gt;&gt; &quot;[0x6][\r][0x5][0x87]&amp;B@[0xb4][0x8][0x81]6B[0x81]$a[0x81]N&quot;[0xc][0xba][0xb]+[0xa4][0x8a][0x6][0x90].[0xc2]!G[0xd8]`[0xb0][0x88][0x80]q[0xa2][0x9]L[0x10]M[0x83][0xb4][0xb9][0x10]p[0xad]|[0xbf]kQ}x[0xec][0xff][0xdd]q[0xf2][0x1d]u[0xbf]w[\r][\r]v[0x9c][0x8c][0xab]u[0x1c][0xf9][0x93]CMG[0xf9][0x11][0xae]&amp;A[0xfe][0xf0]P[0xd3]N[0xfe][0xf0]P[0x13][0xad]zS![0xac][0x84]J[0xf2]&amp;[0xd9][0xaf][\r]x[0xd3]XhJ[0x6]j[0x9]\[0xb4][0x83]H[0xd1][0x1e]bE,[0xf4][0x14]q[0x90])[0xe2]a[0xbc][0xe8][0x8][0x85][0xa2]3[0xcc][0x14]7[0xc0][0x1c][0xd1][0x5][0xe6][0x8b]n[0xb0]Ht[0x87][0x87]E[\n]&quot;
2013-02-06 13:51:56,507 AAD-WS DEBUG wire:63 - &gt;&gt; &quot;,[0x13][0xa9][0xb0]R[0xf4][0x84]J[0x91][0x6]kEoxJ[0xf4][0x85]M&quot;[0x13]^[0x12]YpL[0xc4][0xc0]i[0xd1]?[0xc8][0xf6][0xdf][0xe9][0xf7]&quot;8F[0xb6][0x97][0x9f]n[0xbd]Wg[0x9f][0x88][0xe6][0x1b][\r][0xf6][0xa9]&quot;[0xfb]H[0xc4]o[0x9f][0x81][0xf1]/[0xe7]h[0x13][0xae][0xc6]&gt;[0xd2][\n]&quot;
2013-02-06 13:51:56,508 AAD-WS DEBUG wire:63 - &gt;&gt; &quot;a[0xd0][0x1b]2[0xc8][\n]&quot;
2013-02-06 13:51:56,508 AAD-WS DEBUG wire:63 - &gt;&gt; &quot;[0xb2][0xcf][\n]&quot;
2013-02-06 13:51:56,509 AAD-WS DEBUG wire:63 - &gt;&gt; &quot;X![0x5][0xc2]I[0xd4]Q[0x10]&amp;[0xc6]@+1[0x16][0xda][0x89]q[0x10]&apos;n[0x82][0xe][0xe2]f[0xe8]&amp;n[0x81][0x1e][0xc2][0x9][0xbd][0xc5]D[0xc8][0x10]y[0x90]%\0@[0xb8]a[0x88][0x98][0x4]N19H[0xcb][0x8b][0xfa]g%[0xcc][0xf4]{[0xd8]a[0xff]%[0xea][0xff][0xc4][0xc3][0xf4]C[0xe4][0xbc]ZW[0xeb]f0[0xe5]z[0xd5][0xd5][0xda][0x5][0xbb]Z[0xb3]z[0x82]Q[0x86][0x83][0xee]e9[0xf2][0x3]j[0x19][0xac][0x83][0xf5]d&lt;[0xd9]o[0xa8][0xe3]B[0xb3][0xc9][0x85][0xe6][0x92][0xb][0xcd]#[0x17][0x9a]O.[0xb4][0x80]\[0xe8]nr[0xa1]{a[0xa2]X[0x8].[0xf1][0x10][0x94][0x89][0xa5]0O&lt;[0x2][0xb][0xc5]2X,[0x96][0xc3]R[0x92]d[0x95]x[0xc]V[0x8b]U[0xb0]N&lt;[0xe][0xeb]E%l [0x15]6[0x8b]u[0xf0][0xaa]x[0x1a][0xe][0x89]g[0x82][0x8c][0xfb]=[0xfc][0xe0][0xff][0xaa][0xd1][0x8f]dQ[0xbf][0xfe][0xfb][0x83]G[0x87][0x1c][0xff][0x83]z[0xcd]U?i&apos;T[0xc3][0xd3]u&gt;[0x4][0x8a]M[0x10]*6C#[0xb1][0x5][0xa2][0xc4]Vh)[0x9e]#[0xa2]?[0x6][0x88][0xc6]P/#[0x9c]I[0xfe][0x88]W[0xe7][0xc3][0xa6]x[\r][0x4][0xdd]@[0x85][0xfc][0xaf][0x9b][0xfe][0xe9][0x9][0x84][0xcb][0xf][0x94]VG[0xc4]3[0xf2]~[0xa9][0xd9]H_[0x15].[0xe5][0x13][0x87])t[0x1d]![0xa7]:J[0xc8]Op[0xc2][0xbf][0xb2][0x8b][0xff][0x8b]c[0xb][0xda][0x5][0xff][0x87][0x87][0x88][\r][0xd5][0x10][0x19][0xaf]}[0xfe][0xa7]m[0xa9][0xcb][0xfd][0x18][0x9][0xfc]&amp;!?[0xab]_s~[0xf9]/PK[0x7][0x8][0xc5][0x7]z[0x87][0xfb][0x19][0x0][0x0][0xb7]3[0x0][0x0]PK[0x3][0x4][0x14][0x0][0x8][0x0][0x8][0x0][0xd4]|D5[0x0][0x0][0x0][0x0][0x0][0x0][0x0][0x0][0x0][0x0][0x0][0x0]&apos;[0x0][0x0][0x0]com/sun/java/help/impl/ScanBuffer.class[0x8d]S[k[0x13]Q[0x10][0xfe]Nr6[0x9b][0xac][0xab]m[0xd3]6j[0xe3]%[0xd6][0xaa][0xdb]m[0xda]x[0xbf]E[[0xdb]h5P/P[0x15]j_[0xdc][0xa4][0xdb]65[0xd9][0x84]M&quot;[0xf6][0xcf][0x8][0xbe][0xfb][0xa0][0xa0][0xa9][0xa8][0xf8][0x3]|[0x17][0xf5][0xc5][0xb](([0xa8][0x8]^P[0x10]q[0xce][0xee][0xd2][0xb4]i[0x14][0x3];s[0xce][0xe4][0x9b]o[0xbe][0x99][0xe1]&lt;[0xfe]}[0xff][0x11][0x80][0x1][0xa4][0x15][0x84][0x11][0xf][0xa1][\r][0xfd][0xc2][0xc][0x8][0x93]P[0xb0][0x13][0xbb][0x14][0xec][0xc6][0x1e][0x19]{[0x15][0xc8][0x88][0x7][0xb1]O[0xf8][0xfd][0xc2][0x1c][0x8][0xe2][0xa0][0xf0][0x87][0x84]9,#[0xa9][0xa0][0x5]Gd[0x1c][0x95]1[0xc8][0xe0][0xcf]T[0xa7][0x19]|[0x93])[0x86][0x0][0x1d][0xf3][0xa6][0xc5][0xc0][0xd2][0xc]R9k[0xe4]M[\n]&quot;
2013-02-06 13:51:56,509 AAD-WS DEBUG wire:63 - &gt;&gt; &quot;[0x1e][0xc9]Y[0xb9][0x8a][0x0]j[0xbd][0x17][0x19]x[0xaa]8E[0xd1][0x96][0xb1][0x9c]e[0x9e][0xa9][0x16]2[0xa6]}[0xde][0xc8][0x8][0x9c][0xa4][0xa5][0xd3][0x2] e[0xf3][0xa6]a[0x93][0xb7][0xcd][0xb2]Y[0xa1][0x4][0xcd][\r]O[0xe7][0xab][0xe5]Y[0x6]][0x1b][0xcb][0x16][0xb][0x89]r[0xd5]J[0xcc][0x19]W[0x8d][0xc4][0xac][0x99]/%r[0x85]R&gt;q[0xbc][0x98][0xad][0x16]L[0xab]r[0xce][0xb0][0xcb][0xa6][0x9d][0x14]I~cjJ0[0xa4][0xc4]%@[0xd2]f*[0xb3][0x8e][0x10][0xd2][0x17][0xac][0x14][0xc7]+v[0xce][0x9a]a[0xe8][0xd0]z[0xc7][0x1c][0xb2][0xbc]a[0xcd]$[0xdc]h[0x92]A6[0xaf]Ul#K[0x1a]:IC3[0x84]2^[0xac][0xda]Ys4&apos;[0x1a]h_.`@[0xe0]U[0xac][0xc3]z[0x15]k[0x11]Q[0xd1][0x8e][0xe][0x15][0x9d][0x88][0xc8][0x18]Rq[0xc][0xc3]2FT[0xa4]p[0x9c]![0xd2]H=R[0x9d][0x9e]6i[0x6][0xe1][0xf1][0xac]a[0xb9][0x97]x[0x8c][0x86][0x1b];[0x1a]Sq[0x2][0xa3][0xc2][0x9c]dX[0xe5][0x4][0xa9]-/~J[0xc5]v[0xec]`hm[0xe4][0x13]2[0x86][0x19][0xb6][0xfc]er[0xf5]*[0xcb]r[0xcf]f[0xe6]L[0xd1][0xfd][0xb6][0xff][0x1a]8C[0x88][0x16][0x9e][0x1f]u[0xd7]$k[0x93])w[0x9f]K[0xc5][0xcc][0x97]+f[0x81][0x80][0x86]m[0x1b][0xf3][0xd9]bi[0xde][0xd9]gc[0xc5]d[0xba]I[0xc8][0xe1][\n]&quot;
2013-02-06 13:51:56,510 AAD-WS DEBUG wire:63 - &gt;&gt; &quot;[0x18][0xa5][0x92]i[0xd1]J[0xe3][0xda][0xca]u[0xac][0xdc][0x90][0xdb]S[0xb2][0x1][0xee]1[0xfe][0x3][0x1e]m[0xb6]n[0xef]_[0xc4][0xe8][0xc1][0x84][0xe9])[0xf9][0xe9][0xa3][0x95]B[0xfc]h[0xab][0x8e]_[0xeb][0xf8][0x10]}[0xb4]v0t[0xd1][0xe9][0x0]|t&quot;[0xac][0xbe][0x0][0xa6]Kw[0xe1][0xd3][0xdb][0x18][0x1e][0xd2][0xc1][0x9b][0xc2]T[0x8d]l[0x18][0x1c][0xe0]O[0xc1][0xf9][0x13][0x84][0xf8]3[0x84][0xf9]s[0x87]d[0x83]G2H$[0xa2]`[0xa4]N[0x12]u([0xf4][\r]t[0xae][0xf3]D [0x11][0xcf][0xb][0x8f][0xe7]%Z[0xf9]+t[0xf2][0xd7][0xc4][0xbe]qQP[0xb7]&apos;([0xa0][0xfb][0xef][0x82][0xd7]s[0x15][0x8a][0x83][0xbf][0x81][0xc4][0xdf][0x12]~[0x13]6/[0xc1][0xfb][0x1c]|[0xb4][0x9][0xfe][0x1d][0xe1][0xdf][0x13]&gt;[0x86]-[0x8b]Z[0xb9][0x83][0xef][0xd2][0xef][0x80]_Gg[0x1f]y[0xbf]_\j[0x90][0x1a]j[0xba]}[0x80][0xcc]?[0xa2][0x83][0xc2]z[0xfe][0x99]&quot;[0xdd][0xd8][0xea]q][0xa1]~D[0xdf]C&quot;][0xf0]&lt;[0xba][0x81][0x1e][0xc7][0x93][0xf1][0xcd]&gt;[0x94]N;[0xe4]q[0xbf][0x13][0xbb]G[0x1a][0xe3]b(t[0xd1]&apos;([0xe3][0x12][0xbf]L[0xe5][0xa2][0x17][0xea][0x5][0xbb][0x10][0xa0][0x82]_[0xa0][0xf2][0xaf]T[0xec][0x1b]4[0xfe][0x1d][0xfd][0xfc][0x7][0x6][0xf9]O*[0xdc][0x83]m^[0xe1][0x8d][0xe4][0xc5][0x90]$Q[0xf8][0xe6]bz@[0x4][0xf9]/[0xb2][0xf4][0xd0]&lt;h[0xd2][0x9b][0xe7][0xd6][0x7][0x90]&apos;[0x16][0x10][0xc][0x87]jP[0x84][0x84][0x1a]V[0x85]U[0xf7]L[0xad][0xaf][0xae]a[0xcd][0xad][0xe5]DbW[0xd0][0xd0][0xeb][0x11][0xf5]QT[0xc][0xae][0xfd][0x1]Z&amp;[0x4]ATdF[0xa7][0x16][0xd0][0xda][0x98][0xa8][0x90][0xd5][0xe9][0xe6]C[0xdf][0x1f]PK[0x7][0x8][0x85][0xff][0xdf]%%[0x3][0x0][0x0][0xda][0x5][0x0][0x0]PK[0x3][0x4][0x14][0x0][0x8][0x0][0x8][0x0][0xd4]|D5[0x0][0x0][0x0][0x0][0x0][0x0][0x0][0x0][0x0][0x0][0x0][0x0]-[0x0][0x0][0x0]com/sun/java/help/impl/MyBufferedReader.classeQKO[0xc2]@[0x10][0xfe][0xb6]P*P[0x1f][0xbc]E[0xf1]q[0x93]GB[0xe3][0x19][0xe3]A[0xd4][0xa4][0x9][0x8a]Q[0xe3][0xc5]S)[0x8b][0x16][0xfb] [0xa5]5[0xfa][0x9f][0xb8][0x98][0x98][0x90]x[0xf0]j[0xe2][0x8f]2[0xce][0x16][0xe1][0x80];[0xd9]ogv[0xbe][0xdd][0xf9]f[0xf7][0xfb][0xe7][0xe3][0x13]@[0x13][0xdb])$[0x90][0x15][0x90]KBF^x[0x5][0x5]E[0x5]%[0x86][0xc4][0x91][0xe5]Z[0xc1]1C[0xbe][0xda][0x19][0x1a][0xcf][0x86]fy[0xda]57[0xfa][0xdc]o[0xe9][0xb5];[0x86]x[0xdb][0xeb]s[0x86][0xf5][0x8e][0xe5][0xf2][0xcb][0xd0][0xe9]q[0xff][0xd6][0xe8][0xd9][0xb4][0x93][0xfb][0xc7][0x8f][0xe8]&gt;[0xf9][0xc]J[0xf5][0xbe][0xad][0xeb]5[0x9d]!u[0xf6]b[0xf2]Q`y[0xee]X[0xc1]&amp;[0xc5]7^[0xe8][0x9b][0xfc][0xdc][0x8a][0xee]8[0xf5][0xcc][0xd0][0xe1]npe[0xf8]c[0xee]7[0xc5][0x85]*[0x14][0xac][0x8]H[0xab](cK[0x85][0x8a]U[0x86][0x3][0xd3]s[0xb4]q[0xe8]jQ[0xcd]Gn[0x8f]4[0xcb][0x19][0xd9][0xda][0xc5][0xeb]I8[0x18]p[0x9f][0xf7]g&quot;[0x18][0x8a]sU[0xcb][0x89][0xdc]&lt;[0xa1]w[0x17][0x9a]H[0xb0][0xed][0x99]O[0xc][0xd9]Y3[0xb6][0xe1]&gt;h[0xdd][0xde][0x90][0x9b]A[0xb][0xfb][0xf4]X[0x9][0x88][0x11][0x3][0x13][0xaa][0x8][0x93][0x14][0xed]Q[0x1c][0xa3]U[0xa9]7*S[0xb0]7r[0xa9]/[0xc2][0x4][0xad][0x90][0xf3][0x11]9[0xfd]G[0xde][0x85]DF[0xb9]zc[\n]&quot;
2013-02-06 13:51:56,510 AAD-WS DEBUG wire:63 - &gt;&gt; &quot;i[0x99][ [0xa4][0xfe][0x88]![0xb8][0x87][0x88][0x93][0x1][0x99][0xfa];b_[0x90][0xa5][0x9]U[0xd8][0x99]&quot;&gt;Y[0x1c][[0x13][0x95][0xe5][0x12][0x14][0xb9][0x8c][0xa4]\[0xa1][0x18]t[0x84][0xfe][0x87][0xe6][0x6][0xf9][0x12]2[0xbf]PK[0x7][0x8]&gt;?[0xc9][0x2]Y[0x1][0x0][0x0][0xf8][0x1][0x0][0x0]PK[0x3][0x4][0x14][0x0][0x8][0x0][0x8][0x0][0xd4]|D5[0x0][0x0][0x0][0x0][0x0][0x0][0x0][0x0][0x0][0x0][0x0][0x0]&amp;[0x0][0x0][0x0]com/sun/java/help/impl/DocPConst.classM[0xd2][0xd9]n[0xd3]@[0x14][0x6][0xe0]3M[0x93]4i[0xd3][0x85][0xbd]@!i[0xe9][\n]&quot;
2013-02-06 13:51:56,511 AAD-WS DEBUG wire:63 - &gt;&gt; &quot;[0x8d][0xcb]N[0xa1]P[0xb9][0x8e]![0x96][0x1c];[0xf1]RPo[0x90][0x13],p[0xe5][0xd8]U[0x9b][0xf0]^\!q[0xc1][0x3][0xf0]P[0x88][0x86]*:[0xb2]4:[0xdf][0x1c][0xcf]?[0xe3][0xe5][0xcf][0xdf]_[0xbf][0x89][0xa8]I[0xfb]U*[0xd0][0x8b]2[0xbd],[0xd3]+A[0x15][0xbd][0xd3]5=_wZ[0x82][0x84]![0xa8]f[0xe4][0xd9][0xc5]([0xca]F[0xc7]Q:[0x8e][0xb]X[0xb1]![0xa8]h[0xb8][0xb6][0xeb]H[0xbc][0x16]Tj[0xf5]B70[0xa5]V![0xb3][0x17][0xea][0xb6]/[0xf5]VP[0xd9][0xfc]d[0xd8][0xba][0xd5][0x91]l[0x8][0x9a]n[0xeb]~[[0xd6]k[0x82]f[0xda][0xae]g[0x9d][0x1c][0xe9][0x9e][0xf4]g,[0xb4]u[0xe7][0x83][0xad]b[0xe][0xb0]C[0xc7]rB[0x95][0xb2][0x8b][0x14][0xc7][0xfc]h[[0x8e][0xea]U[0x91][0xe2]\[0xd6][0xfb][0xb2][0xe]m[[0xd6][0x84][0xc4]^h[0xfa][0x81][0xf5][0xff]`[0x87]H[0xf4]&amp;[0x89][0xef][0xa4][0xcc] [0xf4]T[0xaf][0x86][0xfc][0xc9][0x99]7[0xf1][0xcc][0xbe][0xd9][0xb1]&amp;[0x8f][0xf4][0x6]][0xdf][0xbe]&lt;[0xa8]&amp;[0xd1][0xd5][\r]uk]P![0xd0][0x8f]dY[0xc1][0xd6]&apos;[0xa6][0xe7][0xca]z[0xf][0xe1][0x7]I[0x96][0x8c][0xb0]Kak[0xfb][0x18]-#[0xff][0x12][0xb]Z[0xb0][0x93],v[0xc6][0xc3]~|[0x1e]D[0xfd][0x14]3U?[0x1f][0x9f][0xf][0xe2][0xf7][0x89][0xc4]|+[0x1f]t[0xd5][0xeb]m[0x9e]F[0xdf][0xa3]9[0xda][0xa3][0xc7][0x82][0xea][0x83]|[0xa8]][0x8c]3M[0xce]i[0xdf][0xe2][0xf4]LK[0x86]g[0xa9]6[0xb9]Y[0xd0][0xa2]j[0xa5]Q[0xf6]Us[0xfb][0xa7][0xf1]`D[\r][0x9a]&quot;y[0x94][0xeb][0xb4]L[0xd3]T[0xc4][0xcb](AST[0x86]g[0x98]+p[0x95]y[0x16][0x9e]c[0xae][0xc1][0xf3][0xcc][0xb][0xf0]&quot;[0xf3][0x12]|[0x85][0xf9]*|[0x8d]Y[0xee][0x83][0xf9]&amp;|[0x8b]y[0x19][0xd7]m[0xe6];[0xf0]][0xe6][0x15][0xf8][0x1e][0xf3]}[0xb8][0xce][0xdc][0x80]W[0x99][0xd7][0xe0][0x7][0xcc][0xeb][0xf0][0x6][0xf3]&amp;[0xbc][0xc5][0xbc][\r][0xef]0?[0x84][0x1f]1[0xef][0xc2]Mf[\r][0x95][0x90][0xdf][0x5][0xe3][0x13][0xcc][0xac]([0x13][0x15]w~[0x92][0xf8][0xa1][0xfe][0xba][0xa7][0x18]Kjr[0x16][0xe3]3[0xb5][0xec][0xf9]?PK[0x7][0x8][0x91][0xc7]P[0xe7][0xd8][0x1][0x0][0x0]][0x3][0x0][0x0]PK[0x3][0x4][0x14][0x0][0x8][0x0][0x8][0x0][0xd4]|D5[0x0][0x0][0x0][0x0][0x0][0x0][0x0][0x0][0x0][0x0][0x0][0x0]5[0x0][0x0][0x0]com/sun/java/help/impl/Parser$ParserMulticaster.class[0x9d][0x93][0xd9]k[0x13]Q[0x14][0xc6][0xbf][0x9b]e[0xd2]$[0xd3][0xc5][0xad].[0xb5][0xd5][0xba][0xb6]3i[0xc7]}k[0xf5][0xc5][0x5][0x84]V[0x5]E[0x10][0x15][0x9c]$[0x97]::[0x99][0xd4][0xc9][0xa4]**[0xa8][0xa0][0x82][\n]&quot;
2013-02-06 13:51:56,511 AAD-WS DEBUG wire:63 - &gt;&gt; &quot;*[0xa8][0xe0][0x83][0x8f][0xfa][0x1c][0xc1]][0x10]}*[0xf8]G[0x89][0xdf]MF[0x1b]L;[0x16]_[0xbe]3[0xf7][0xdc]s~[0xf7][0x9c]s[0xe7][0xfe][0xf8][0xf9][0xf9]+[0x80]a[0xec][0xcd][0xa0][0xb][0x3]ih[0x18]Tbd([0xa6][0x92]\[\n]&quot;
2013-02-06 13:51:56,512 AAD-WS DEBUG wire:63 - &gt;&gt; &quot;[0xc3][0xca]nV[0xb2]%[0x85][0xad]Y[0xa4][0xb1]M[0xc9]v%;[0x94][0xec]T[0xb2]K[0xc9][0xee][0x14][0xf6][0x8][0x8][`[0xf9][0xd8][0x5]{[0xca][0xb6][0xaa][0x81][0xe3]Z[0x7][0xa7][0xa4][0x17][0x8c]9[0x95]@z[0xd2][0x1f][0xe1]~^@[0x1b]u&lt;&apos;[0xd8]&apos;[0xb0]}`[0xce][0xc8]97[0x6]O[\n]&quot;
2013-02-06 13:51:56,512 AAD-WS DEBUG wire:63 - &gt;&gt; &quot;$[0xf6][0x97][0x8b]R[0xa0]s[0xcc][0xf1][0xe4][0x91]j)/[0xfd][0x13]v[0xde][0xa5]G[0xf3]e[0xa9]&lt;[0xc5][0x8f]ms[0x93][0x7]#[0xaa][0xcb][0xda][0xc5][0xe2]a/[0x90][0xbe]g[0xbb][0x2][0xe3][0xff]S^[0x4][0xbd][0xa3]Q[0xdd][0xcc][0x1]m[0x81]=q[0xa8]\[0xf5][0x8a][0x2][0x1b][0x7][0xc6][\n]&quot;
2013-02-06 13:51:56,513 AAD-WS DEBUG wire:77 - &gt;&gt; &quot;[0xe5][0x92]U[0xa9]zV[0x1d]p^[0xba][0x93][0x96]S[0x9a]t[0xad]c[0xb6]_[0x91]~[0x9d]Uo&gt;5[0xe9][0x84]9z[0xb1]\[0x8][0xae]N[0xca]p[0x99][0xe][0xe4][0x95][0xe0][0xf7][0x16]a%f[0x84][0xcb][0x8c][0xf4][0xfd][0xb2][0x1f].[0xe2]lR[0xe0][0xf2]?[0xe][0x9c]iu~a[0x83][0xf3][0x8c]c1[0xc7][0xcb]U[0xbf] [0xf]9[0xea][0xc6][0xb2][0x8d][0xed]a[0x95][0xa4]c1Ft,[0xc0]B[0x1d][0x8b][0x94][0xac]D[0x8f][0x8e][0x15][0xe8]IaT[0xc0][0x8a][0xe4][0xaf]k[0x98][0xf1][0xaa][0x1b]8[0x5][0x9b]g[0xf9][0x2][0xb]f[0xf1][0xe9][0x87]=V[0xb1][0xdf][0xb5]+[0x15]YQ[0x7].[0xd1][0xb1][0xc][0xcb][0x5][0xd6][0xcf][0xab]|[0x1d][0xbd][0xe8][0xd3][0xb1]J[0xc9]j%[0xfd]J[0xd6](Y[0x8b]&gt;[0x81][0xae]z[0xb6]k{[0x13][0xd6][0xd1][0xfc][0x5]Y[0x8]8[0xee][0x1]uk[0xbd][0x91]xb4&gt;B[0xde]!b[0xac][0x89][0x13][0xe0][0xcb]\[0xac][0x86]@[0xab]#[0xa1][0xea][0xe4]n7W[0x16]#[0xe2][0xb4][0x9d][0xc6][0x7][0x8][0xc3]|[0x87][0x98][0x91]{[0x87][0xf8][0x1b][0xba][0x4][0x96]R;[0xea][0xdb][0xa7][0x99]t[0x86][0xdf]gi[0xd9]_[0x98][0x1c]09A{[0xc0]4[0xde]&quot;[0xf6][0x1a]m4[0xf1][0x9a]Z[0xc4][0x1b][0x8b]XM[0x89][0xf9][0x11][0x89]q[0xe5]T[0x1f]Gr[0x8d][0xd8][0xf6][0xa1]FX[0xd2][0xa8][0xe5][0x86]&gt;&quot;Y[0xfb]sb[0x1f]R[0xd4]sh[0x87][0xcd][0xdb][0xca]s[0x12][0x5][0xe4]P[0xc4]($[0xf6]a[0x2][0xf5];[0xc]+[0xd8][0xc1][0xf3]c[0xb4][0xdd][0xc6]4[0x92]f[0xcd][0x9c]V[0xbc]/[0xd0]N[0x19][0xe6][0x7][0xa4]juq[0x91]cq[0x99]_B[0xfd]g[0x8][0x19][0x7]IP[0x8c]^[0xc3]|[0x85][0x94][0x2][0x89][0x9a][0xf1][0x1d][0xda][0xb][0xe8][0xc6]7h[0xe6]{[0xb4][0xd5][0x8c][0x19]T7[0x92][0xd4]K[0x9c][0xad][0x8f],*[0x9c]i@[0xd4][0x14]wy[0x97]!r$D[0xf6][0xa8]^[0xbf]!m~B&amp;[0x6][0xd5][0xf0][0x9f][0xc5][0xdf][0x13][0xbe][0xc6]~[0xaf][0xb3][0xb3][0x1b][0xf4][0xae][0x8a][0x2]e[0x9b]A[0xd9]V[0xd0]M[0x82]n[0x11]t[0x9b][0xde][0xd5]Q [0xbd][0x19][0xa4][0xb7][0x82][0xee][0x10]t[0x97][0xa0]{[0xf4][0xf6]G[0x81][0xda][0x9b]A[0xed][0xad][0xa0][0xfb][0x4]= [0xe8]![0xbd]k[0xa2]@[0x1d][0xcd][0xa0][0x8e]V[0xd0]#[0x82][0x1e][0x13][0xf4][0x84][0xde][0xb5]Q[0xa0][0xce]fPg+[0xe8])A[0xcf][0x8]z[0xce][\[0x87][0xf5]![0xa8]?[0x4][0xa5][\r][0xfe][0xa8]I&amp;[0xcf]\[0xba]F[0xb][0xbc]`[0xf8][0xb2][0xd9][0xc3][0x13][0xb3][0x84][0xbf][0xe4][0xf6][0x6][0xda][0x18]6b[0x13]m[0x86]^[\r]C|s[0xfa]/PK[0x7][0x8][0xe7][0xeb][0x8a].[0x12][0x3][0x0][0x0].[0x7][0x0][0x0]PK[0x3][0x4][0x14][0x0][0x8][0x0][0x8][0x0][0xd4]|D5[0x0][0x0][0x0][0x0][0x0][0x0][0x0][0x0][0x0][0x0][0x0][0x0]#[0x0][0x0][0x0]com/sun/java/help/impl/Parser.class[0x9d]V[0x8d]R[0xd3]X[0x14]&quot;
2013-02-06 13:51:56,514 AAD-WS DEBUG wire:63 - &gt;&gt; &quot;[0xfe]ni[0x1b]I[0x83][0xa2][0xb4][0xa8],[0xdd]UV[0xa5][0xb4]HD[0xf1][0x7][0x10]][0xa8][0xe2]V*[0xa2][0xe0][0xf]8[0xe3]Lh[0xaf][0x18][0xa7]M:i[0x82][0xbb]O[0xb3]&gt;[0x82][0xce][0xb8][0xd3]e[0x99][0xd9][0x7][0xd8][0x87]r&lt;&apos;[0x8d][0x16][0xdb][0x14];Ng[0xce]=[0xf7][0xdc][0xef][0xfb][0xee][0xb9]997[0xfd][0xff][0xd3][0xbf][0xff][0x1][0x98][0xc2][0x96][0x8a]a\a3[0xa3][0xe0][0xaa][0x8a]&gt;\[0xeb]G[\n]&quot;
2013-02-06 13:51:56,514 AAD-WS DEBUG wire:63 - &gt;&gt; &quot;[0xd7][0x15][0xdc]P[0x11][0xc7]l[0x2]s[0x98]g[0xef]&amp;{[0xb][0xec][0xdd]b[0xef][0xb6][0x82][0xdf]T[0xc]`[0x91]#K[0x1c][0xc9][0xb3][0xb9][0xc3][0xe6][0xae][0x8a][0x93]XfsO[0xc1][0xef][\n]&quot;
2013-02-06 13:51:56,514 AAD-WS DEBUG wire:63 - &gt;&gt; &quot;[\n]&quot;
2013-02-06 13:51:56,515 AAD-WS DEBUG wire:63 - &gt;&gt; &quot;[\n]&quot;
2013-02-06 13:51:56,515 AAD-WS DEBUG wire:63 - &gt;&gt; &quot;[0xee][0xb][0x1c]_3[0x9c][0xba]t[0x1e]x[0x15][0xd7],[0x19]uW:[0x2]Z[0xc1][0xb2][0xa4][0x93][0xaf][0x18][0xf5][0xba][0xac][0xd3][0xb4]bR[0x9c]&quot;E[0x1a][0x5][0xc6][0x8b]%[0xbb][0xaa][0xd7]=Kc[0xec][0x1a][0xfa]kY[0xa9][0xe9]f[0xb5]V[0xd1][0x9b]J[0xc5][0x0]&lt;/[0x10][0xbf]iZ[0xa6]{K`(S[0xf4][0xb1][0xa6][0xad]?[0x96]F[0x99][0x16]&apos;[0x9e][\n]&quot;
2013-02-06 13:51:56,516 AAD-WS DEBUG wire:63 - &gt;&gt; &quot;D[0xf3]vY[\n]&quot;
2013-02-06 13:51:56,516 AAD-WS DEBUG wire:63 - &gt;&gt; &quot;[0x1c]+[0x9a][0x96]\[0xf5][0xaa][0xdb][0xd2][0xd9]0[0xb6]+[0x14]9[0xd5][0x82][0x17][0xac][0x9a][0xe7][0xae][0xbb][0x8e]4[0xaa]&gt;[0xa7][0xcf]5v[0x4][0x16][0x2]@[0xc5][0xb0]vtZ5[0xad][0x9d][0xf9]nYm[0x18];k[0x8e]][0x93][0x8e]k[0xca][0xfa][0xfc][0xd6][0x16][0xab]Dj&amp;[0x9d]#L[0xa4]#[0xc2]p[0xa5]l[0x97][0xdc]?k[0x94][0xd9]lO[0x9c]p[0x95][0xd8][0xab][0x8a]WMj[0x99][0x17][0xf9]B[0xc1][0xd7][0xa5][0x94][0xab][0xd2][0xa2]g[0x9a][\n]&quot;
2013-02-06 13:51:56,516 AAD-WS DEBUG wire:63 - &gt;&gt; &quot;[0xd1]eDB:[0x8e][0xed]4[0x3]T+[0xca][0xc3]c[0xc2][0xa2]K[0x91]m[0xcf][0xa5][0x8c].[0x84]1;CD6[0xca][0xe5]o+$[0x90][0xcd][0xf4]XK[0xce]%[0xe9][0xc8][0xaa][0xbd]+[0xdb]5[0xd4]u[0xdb]sJr[0xd9][0xe4][0xca]%[0x9a][0xab]S[0xac][0xa6]a[0x14]i6g[0x4]F[0xba][0x17][0x87][0x11]c[0x1a]F[0xf0][0x93][0xc0][0xd8][0xa1][0xd9][0xdc][0xdd][0xa5][0xa3]3|EAQ[0xc3][0x3][0xac][0xf2][0xe4][0xa1][0x86][0xb5][0xa6][0xf7]H[0xc3]c[0xac][\n]&quot;
2013-02-06 13:51:56,517 AAD-WS DEBUG wire:63 - &gt;&gt; &quot;[0xc][0xb6][0x9f][0x9e][0x17]3l[0xd6]5l0[0xf6][0x9][0x9b][0xa7]l[0x9e][0xe1][0xb9][0x86]M&lt;[0x17]H[0x1f][0xba][0xb7][0xc0][0xf9].[0xeb]w[0x82][0x9a]|[0xc1][0xe9][0x87][0xea][0x9c][0xb]i[0xb7][0xe9][0x83]%|[0xb8][0xfd]F[0x96][0xdc][0xc3][0xde]f[0xbf][0x18][0xdd][0xb2]i[0xaf][0xce][0x11][0xea][0x97]e[0xdb][0xb3][0xca][0xfe][0xfb][0xfe][0xfd][0xc7][0xeb][0x8b][0xcf][0x86]%[0xd4]k[0xaf][0xd4][0xcc]`[0xbf][0x95][0x1f]T[0x9][0xd7][0xd5][0x82][0x1e]l[0x1d][0xa6][0x7]q&amp;[0xf6][0xbb][0xf2][0xf]7`iA[0xc3][0x5]S[0xd5][0xef][0xae]`[0xd2]G[0xfd]![0xf0][0xb6][0xd7][0x8e][0xe8][0xb5]qz[0xbf],[0x9b][0xed][0x85][0xb3]t[0xcf][0xf][0xd3]G[0x80][0xee]Gn[\n]&quot;
2013-02-06 13:51:56,517 AAD-WS DEBUG wire:63 - &gt;&gt; &quot;[0xf2][0x12][0xe4]S+[0x91][0xfd][0x99]fc[0x88][0xd0][0xf][0x88]gs[\r][0x88][0xf]&gt;[0xf2][0x17][0xb2][0xaa][0x1f][0x1d]G[0xc][0x19][0x1f]&amp;[0xc][0x1f]i[0xc7][0xe7][0x8]?I;[0x9d]%\[0x13][0xbf]D_[0x8e]8[0xf3][0xf6][0xd1][0xb7][0x99][0x9b]L[0xa7][0xa2][\r]D[0xe7]b[0xd9][0x8f][0x88][0xed]#[0xbe][0x99]=[0x1d]k@[0xd9][0xc3][0x91][0x8]ZZG[0xe9][0x3][0x5][0xe8]4^&quot;[0xa5]i[0xd2][0xfb][0x15][0xe7][0x2][0xbd]K[0xa4][0xc6][0xab][0xc9][0xaf][\n]&quot;
2013-02-06 13:51:56,518 AAD-WS DEBUG wire:63 - &gt;&gt; &quot;[0xb9][0xc9][0x6][0xfa][0xf7][0xa0][0x1e]Thf3[0x83]!\%[0xf6]y\[0x8][0xd8][0xd3]Ph[0xe][0xa4][0xe][0xb0]/6[0x90][0xd8][0x83][0xd6]I[0xbf][0x81]$f[0x9]&gt;[0xee]?[0x2][0xa6][0xbf][0xa4][0xe3][0xc5]h[0xbc][0x96][0x8e][0xbe]C27:3[0xa8][0xfe][0x85][0x4][0x8f][0x3][0xef][0x10][0xfd][0xb0][0x8f][0x81][0xcd][0xdc]h[0xba][0x81][0xa3]s[0xd1][0xd6][0x1][0xe9][0xc0][0xc7][0xf6]0xP[0xd8]WY[0xa0][0xd2][0xdc]&amp;[0x91][0x1e][0xd6][0x12]%[0x9a][0xa7][0xbd]&amp;[0x90][\r][0xf6][0xd2][0x9][0xc3]Y[0xc][0xb5]R[0xf5][0x85][0x8e]w&amp;[0xba][0x8c][0x13][0xb8]G[0xe4][0xdc]w[0xc9]&apos;:[0xc9][0xf7][0x89][0xbc]B[0xe4]I\[0xc][0xc8]#4[0xf2]JD[0xbc][0xff][0x8a][0x8d][0xd3][0x8][0xac][0x92][0x9d]&quot;[0xf1]&amp;n[0x82][\n]&quot;
2013-02-06 13:51:56,518 AAD-WS DEBUG wire:63 - &gt;&gt; &quot;[0xc1][0xb8][0x81],[0xef][0x92][0xfb][0x7]C#[0xd6].[0xff][0x8]|[0x8d][\n]&quot;
2013-02-06 13:51:56,518 AAD-WS DEBUG wire:63 - &gt;&gt; &quot;[0xaa][WZ2[0x84][0xf6][0x4]|[0xa3]F[0xa8]`[0x94][0x7].[0xe3][0xb4][0xbf]&quot;[0xe8][0xdf]F[\n]&quot;
2013-02-06 13:51:56,519 AAD-WS DEBUG wire:63 - &gt;&gt; &quot;[0xa7][0xa0]}[0x6]PK[0x7][0x8][0x17][0x9]Hg[0x8a][0x3][0x0][0x0][0xda][0x8][0x0][0x0]PK[0x3][0x4][0x14][0x0][0x8][0x0][0x8][0x0][0xd4]|D5[0x0][0x0][0x0][0x0][0x0][0x0][0x0][0x0][0x0][0x0][0x0][0x0]+[0x0][0x0][0x0]com/sun/java/help/impl/ParserListener.class}[0x90]An[0x2]1[0xc]E[0xbf][0x81]N[0x80]B[0x8b][0xc4][0x82][0x13]T[0xd0][\r]9@[0xd7]e[0x85][0x4][0x12]R[0xf7]a[0xb0]hP&amp;[0x19]e2[0xa8][0xbd]Z[0x17]=@[0xf][0x85][0x8]Cf[0xdb]E[0xfc][0xf4]m[0xdb][0xca][0xdf][0xe5][0xe7][0x17][0xc0][0x12][0x13][0x81][0xb1][0xc0][0x93][0xc0]3[0xa1][0x1f][0xd4]q[0xe5]j{ [0xcc][0x17][0xeb][0xdc][0x15][0xb2][0xaa][0xad]&lt;[0xa9][0xb3][0x92][0x9f]lJ[0xa9][0x8b][0xd2][0xc8][0xad][0xf2][0x15][0xfb][0xf7]3[0xdb][0xf0][0xf6][0xfa]A[0x10][0xa5]N[0x9e][0xd1][0xc1][0xe5][0xe1][0xbb][0xe4]$[0x7][0x81][0xbf]B[[0x8a][0xc3][0x8a][0xe8]Hr[0xc8][0xde];[0xdf][0x8a][0x9d][0xab]}[0xce]+m[0x98]0[0xbd][0x8f]_[0xeb]*[0xb0]e[0xbf][0xbc]-&apos;[0xbc][0xfc]{K[0xdb]L[0x98]4u[0xa3][0xec]Qn[0xf6]&apos;[0xce][0x3]a[0xd6][0xa4][0xea][0xa0][0x8d]lnn[0x9b]3[0x2][0xa1][0x13]_7~C[0xd6]#[0xf4][0xf0][0x0]Df[0x89]&quot;[0xb1][0x9f]8H[0x1c][0xde][0x18]}[0x8f]1v0[0xba][0x2]PK[0x7][0x8][0x12]seK[0xd3][0x0][0x0][0x0]I[0x1][0x0][0x0]PK[0x3][0x4][0x14][0x0][0x8][0x0][0x8][0x0][0xd4]|D5[0x0][0x0][0x0][0x0][0x0][0x0][0x0][0x0][0x0][0x0][0x0][0x0]([0x0][0x0][0x0]com/sun/java/help/impl/ParserEvent.class[0x9d]R]O[0x13]A[0x14][0xbd][0xd3]nw[0xfb][0xb1][0xb6][0xa5]@[0x15][0x5][0x14]Pi[0xb7][0xd0][0x15][0xe5][0xc5]`[0xaa][0x89][0x1f][0x9][0xa1]&quot;[0xa1][\r][0xf]~%[0xdb]vR[0x17][0xb7][0xdb]f;%[0xf2][0xe6][0x9b]o[0xfe][0x16]MlL|[0xf0][0x7][0xf8][0xa3][0x8c][0xf7][0xe][0x9b]B[0xd6][0x81][0x18]_[0xce][0x9d][0xb9][0xf7][0x9c]33[0xf7][0xce][0xaf][0xdf]?~[0x2]@[0x15]6[0xd2][0x90][0x86][0xdb])H[0xc1]*A[0x89][0xa0]L`[0x11]T[0x8][0xd6][0x8][0xd6][\r][0xa8][0x1a]`3[0x88][0xb][0xa7][0xcb]`[0xbe][0xde][0xee][0xf7][0xec][0xe1][0xc8][0xb7][0xf][0x9d]#[0xc7]~[0xc7][0xbd][0x81][0xed][0xf6][0x6][0x9e][0xdd]t[0xba][[0xc]4[0xc1]?[0x8][0x6][0x85][0xba][0xac]z[0x8e][0xdf][0xb5][0x1b]&quot;p}[0xaa][0xe9][0xc2][0x9][0xba][0x1c][0xab]Z[0xc7][0x11][0xe][0x86][0xa0][0xdf][0xc7]]r0jyn{[0xbb][0x83][0xcb][0xe1][0xf1]P[0xf0][0x1e]-[0xf5][0x7][0xae][0xef][0x8a][0x1a][0x83][0x8d][0xd2][0x19][0xaf][0x17][0xad]C[0xde][0x16][[0x17][0xdd][0xa1]|[0x80][0xce][0x8f][0xfb][0x1d][0xce] Ww}[0xbe];[0xea][0xb5]x[0xd0]tZ[0x1e]fVUf][0x95],[0xee][0xff][0x13]S[0xad][0xdd][0xf9]O[0xad][0xda]M[0xc7][0x9e]5[0xa9][0xf5][0x8b][0xa5][0xf2][0xc5][0xcd]7[0x88])[0xfb]?[0x83]T[0xc5][0x4]R[0xd2][0xea]d[0x8]D~&quot;[0xe7]@[0xab]}9[0x8a][0xc][0xae][0xf6]&amp;[0xd3][0xa0]]c2[0x90]t[0xa3]?[\n]&quot;
2013-02-06 13:51:56,519 AAD-WS DEBUG wire:63 - &gt;&gt; &quot;[0xda][0xfc][0x99]K}[0xcc][0xef]9[0xc1][0x90][0x7]O[0x8f][0xb8]/[0xaa]t[0x90][0x9]3p[0xc7][0x84][0xc][0x98]&amp;\[0x82][0xac][0x9]9[0x82]&lt;[0xc1][0x14]A[0x81]`[0x1a][0xb2][0xc][0x96][0xcf]y[0xc2][0x19]G[0x6][0xb3][0xb2]8[0x12][0xae]g[0xcb][0xcc]I[0x13]1[0xaf][0xe8]l[0xf9][0x0][0x96][0xf0][0x9f][0xa6][0xf1]W[0x1b][0x10][0xa3]+[0xe0]*F[0xb7][0x90]1[0x17][0xc6]|[0x18][0xa7][0xc2]X[0x8][0xe3][0xb4][0x8c][0x19][0xc0][0xa6][0xc1],b[0x11]w[0x15][0xcc][0xc7])kU[0xbe][0x3][0xb3][0xd6][0xc6][0x10][0xfb][0x8a][[0x6][0x97][0x11][0xb3][0xb2]t[0x17][0x12]p[0xf][0xf][0xdd][0x94][0xc2]+[0xe7][\n]&quot;
2013-02-06 13:51:56,522 AAD-WS DEBUG wire:63 - &gt;&gt; &quot;[0xe3]Qa[\r][0x85][0xf]Q[0xf8]H[\n]&quot;
2013-02-06 13:51:56,523 AAD-WS DEBUG wire:63 - &gt;&gt; &quot;[0xe7]B[0xe1]&amp;[\n]&quot;
2013-02-06 13:51:56,523 AAD-WS DEBUG wire:63 - &gt;&gt; &quot;5[0x8c][0xf9][0x89]P[0xb3][0xd6][0xc7][0x90]8U[0x17]d}[0x7][0xd5]uT?[0xc7]w[0xed]J[0x87][0xab][0xa1]C[\r][0x1d][0x12][0x18][0x8b][0x13][0x7][0x9d][0x1c][0xc]kN[0x1b]C[0xf2][0xd4][0xa7](Y/[0x11]_[0xa1][0xcf]k[0xf4]y[0x83][0xef]~[0x8b][0xd5]k0[0x1f]z-`d[0x18][0x13][0xd6]7[0x88]}[0x99]Hu[0x99][0xec] .[0xc0][0xa2][0x82][0x1a][0x8f]R[0xdf]#^WR[0xb5](5@[0xbc][0xa1][0xa4]&amp;[0xa2][0xd4]c[0xc4]%%U[0x8f]R?&quot;.+[0xa9]F[0x94][0xfa][0x9]qEIMF[0xa9][0x9f][0x11]o[0xca][0xcf]s[0xeb][0xf]PK[0x7][0x8]B[0xf1]9:[0x2][0x0][0x0]O[0x5][0x0][0x0]PK[0x3][0x4][0x14][0x0][0x8][0x0][0x8][0x0][0xd4]|D5[0x0][0x0][0x0][0x0][0x0][0x0][0x0][0x0][0x0][0x0][0x0][0x0]&gt;[0x0][0x0][0x0]com/sun/java/help/impl/JHelpPrintHandler$PageSetupThread.class[0x8d]T]O[0xd3]`[0x14]~[0xe][0x1b]t[0xab][0x1d][0xc]?[0x10]D[0x10][0xe7][0xa6]][0xb7]Q[0x14]E[0xa3][0xc6][0x1b][0x90] [0x99][0x84][0x4][0xe2][0x85]w[0xdd][0xf6]f+[0xe9][0xda][0xa6][0xed][0xfc][0xb8][0xf6]o[0xa8][0x89][0x1a]][0x8c]W$:[0x8d][0x17][0x9a]H[0xe2][0x85]?[0xca]x[0xde]1![0x4]][0xb8][0xe8]9[0xe7]}[0xce][0xd7]sz[0xde][0xf6][0xd7][0xef][0xaf][0xdf][0x0][0xcc]bA[0xc5]1L$[0xa1][0xe2][0x8c][0xca]bR[0xc5]YLI1[0xad][0xe2][0x1c]f[0xa4]u^AF[0xea][0xb][\n]&quot;
2013-02-06 13:51:56,524 AAD-WS DEBUG wire:63 - &gt;&gt; &quot;[0xb2][\n]&quot;
2013-02-06 13:51:56,525 AAD-WS DEBUG wire:63 - &gt;&gt; &quot;.[0x11]b[^[0x85]0Y[0xde][0xb2][0x1e]Y[0xa6][0xf5]82[0xfd][0xc0]v#s]J[0x11][0xac]z[0x95][[0x84][0xa1][0xa8]a[0x87][0xd9]9[0x82]Q[0xae]zM3l[0xb9]f7[0xbc]![0x1c][0xdf][0xb4][0x9b][0xbe]c[0xae][0xae][0xb0][0xd9][0xcd]Y[0xb1][0xdc][0x9a]#[0x2][0xce]Jn&lt;u[0xa3][0x86][0x88][0xec]*W[0xb8]m[0xbb]vt[0x87]P[0xd2][0x8f]^&quot;[0xff][0x80][0x10]_[0xf4]j[0x82]0R[0xb6]][0xb1][0xd6]jVD[0xb0]iU[0x1c]FbA[0xcb]e[0xa9][0xcb] u[0xc3]k[0x5]U[0xb1]lK[0xc7][0xd8][0xa1]B[0xb3][0xb2][0x93][0x86]Q[0x8c]i[0x18][0xc6][0x88][0x6][0x1d]y[0x5][0x86][0x86][0x2][0x8a][0x1a]J[0x98]U`j[0x98][0xc3]e[\r]W0O8[0xd1]e[0xe6]Xn[0xdd][0xbc][0xfb][0xa4]*[0xfc][0xc8][0xf6]\[\r]Wq[0x8d]p[0xe3][0xa8][0xe4][0xb3][0xeb]V]l[0x88][0xa8][0xe5]o6[0x2]a[0xd5]x[0x84]C[0x88]v[0xcf]uE[0xb0][0xe8]Xa(BBz[0xbf][0xed][0xdf][0x88]d([0xa2]%K4=[0x1e]5[0xae]?[0x94][0xb3][0xea]Ge@H[0xd5]E[0xb4][0xbf]G[0xc2][0x94][0x9e][0xef][0xbb][0xe6]n&lt;[0x93]\[0xf6][0x82][0xa6][0x15][0xfd];~[0xcf][0xcd][0xf1][0x13][0xff]-[0xc6]+[0xf1]9r[0xc9][0xb6][0x1c][0xaf][0xce]oM[0xef]S[0xa7][0x8f]Tx[0x90][0xd3]t[0xdf]R[0xfc]~[0xd2]~[0xe0]UE[0x18][0xee]m[0x8e]0[0xde][0xcb]9[0xb8]Q[0x8e][0xc6][0xc][0xe4][0x17][0x3][0xc][0xf0][0xa3]![0xc5][0xf2][0xb8][0xbc]![0xe0]2@[0xf][0x1f]e[0x8c][0xef][0x4][&amp;[0x9f]%2b|[0x6][0x19][0x85]O[0x18]0[0xe2][0x1d][0xc4][0xb6][0x19]&quot;[0x9c]d9[0x8c][0x18][0x9b][0xcf][0x91][0xa4][0x17][0x18][0xa6][0x97][0x8c][0x9e][0xc2]X/[0xf9][0x19][0xfb][0x6]Y_7&gt;b[0xa0][0x83]x[0xb9][0xf0][0x13][0xa5][0xc2][0xfd][0xe2][0xf]y.[0xec][0x82][0x83][0x1d][0xc]u[0xa0][0xb4][0x91]X+}A[0xb2][0xb8][0xd3][0x86]z3^[0xdc][0x99][0x88][0xdf][0xe6][0xf4]42[0xc8]![0xc1][0xba][0xc8]\$[0x9f][0xf9][0xae][0xde]m[0x9e]a[0xf][0xe8][0x15][0x12][0xf4][0x1a][0x1a][0xbd]A[0x9a][0xde]&quot;C[0xef][0x90][0xa3]6[0xc]z[0x8f][0x5][0xfa][0xc0][0xec]Ow[0xa7][0x1a][0xc7]E[0xd6]*g[0xca]A[0xe][0xf8][0x3]PK[0x7][0x8][0x19][0x81]s!G[0x2][0x0][0x0]C[0x4][0x0][0x0]PK[0x3][0x4][0x14][0x0][0x8][0x0][0x8][0x0][0xd4]|D5[0x0][0x0][0x0][0x0][0x0][0x0][0x0][0x0][0x0][0x0][0x0][0x0]*[0x0][0x0][0x0]com/sun/java/help/impl/SwingWorker$1.class[0x8d]P[0xdb]J[0xc3]@[0x10]=[0x9b]^[0xd2][0xc6]hj[0xbd][0xe0][0x15]J)X#4[0xfa][0xac][0xf8]R[0x10][0x84][0xa2]`E[0x9f][0xd3]tm[0xb6]&amp;[0x9b][0x92][0x8b]&quot;~[0x95][0xe0][0x5]|[0xf0][0x3][0xfc](q6[\n]&quot;
2013-02-06 13:51:56,525 AAD-WS DEBUG wire:63 - &gt;&gt; &quot;[\n]&quot;
2013-02-06 13:51:56,526 AAD-WS DEBUG wire:63 - &gt;&gt; &quot;&gt;[0xd4][0x85][0x99][0xd9]=;g[0xce]a[0xde]?^[0xdf][0x0]t[0xb0]i[0xa0][0x84]z[0x15]E,[0x18]X[0xc4][0x92][0x8e]e[0x1d][0xab]:[0xd6][0x18][0xca][0xa9]/[0x92][0xd6].C[0xab][0xe7]E[0xa1][0x93]d[0xd2][0x19][0xbb]7[0xae][0xe3][0xf3]`[0xe2][0x88]p[0x12]8[0xfd][!G[0x97]Q|[0xcd][0xe3]}[0x86]j[0xff]N[0xa6]&gt;O[0x85]G[0xdc][0x3]!Ez[0xc8][0xb0][0xd5][0xfe][0xf]y[0xfb][0x82][0xa1][0xd8][0x8d][0x86][0x9c][0xc1][0xea][0x9][0xc9]O[0xb2]p[0xc0][0xe3]sw[0x10][0x10]R[0x88]3I[0xb9][0xad][0x9a][0x8c]~[0x94][0xc5][0x1e]?[0x12][0xea][0xa3][0xf6]kDGM7a[0xc0]2[0xa1][0xa3][0xa2]c[0xdd][0xc4][0x6],2?][0xbe][0xb5][0xc7][0x0][0x6][0xf3]XJ[0x1e]w[0x3]7IxB[0xd3]sB[0xe0][0xca][0x91]s:[0x18]s/e[0xa8][0xff]@g[0x99][0x94]_[0xf6][0x9a][0xd3][0x5][0x18]*W[0xb4][0x8f][0xc4][0xe7]C4h[0xd5]%R+S[0xd4][0x95]U[0xaa]U[0xa8][0xa3]Q[0x18][0x98]QN[0xe8][0xd6][0xa4]w[0x8e][0xd8]/`[0xf6][0xce][0x13][0xb4][0x7]([0x97][0xb3][0x94][0x15][0x17][0xb8][0xa7]&lt;[0x7][0xeb][0xbb][0xbf]AU[0xa1][0x15][0xfb][0x11][0xda]3[\n]&quot;
2013-02-06 13:51:56,526 AAD-WS DEBUG wire:63 - &gt;&gt; &quot;[0xbb]5[0xd4]r[0x95]y[0xac][0xe4]J[0xb4][0xf2]\[0x17][0x9f]PK[0x7][0x8][0xca]m[0x9e]L&lt;[0x1][0x0][0x0][\r][0x2][0x0][0x0]PK[0x3][0x4][0x14][0x0][0x8][0x0][0x8][0x0][0xd4]|D5[0x0][0x0][0x0][0x0][0x0][0x0][0x0][0x0][0x0][0x0][0x0][0x0]:[0x0][0x0][0x0]com/sun/java/help/impl/JHelpPrintHandler$PrintThread.class[0x95]UmS[0x1b]U[0x14]~[0xe]$[0xd9]f[0xb3][0xd0][0x0][0x95][0x92]J[0xb5]*[0xd6]e[0x13]X[0xec][0x8b]U[0xc0]j[0xcb][0x8b][0x10]S[0x8a][\r][0xad][0x2][0xbe]-[0xc9][0x1d][0xb2][0x9d]d7[0xb3][0xbb][0x14][0xf8][0xe0][0x8c][0xfe][0xc][0x81][0x9f][0x99])P[0xcb][0xf4]e[0xca]LG[0x1d]G[0x9d][0xd1][0xf1][0x9f][0xf8][0xd5][0xf1][0xdc][\r]MZ`[0x1c]2[0x99]9[0xf7][0xdc][0xf3][0xf2][0xdc][0xe7][0x9e]=[0xe7][0xe6][0x97][0xef]?[0x4]0[0x88][0x82][0x82][0xb4][0x8a][0x14]2*Na [0xce][0xda][0xa0][0x14][0xa6][0x14]C[0xd2][0xf1][0xb6][0x8a]s8[0xaf][0xe0][0x82][0x8a]8.)xWE[0x2][0x97]T[0xc]cD[0xc1][0xa8]t^V[0xd1][0x81][0xf][0x14]|[0xa8][0xa2][0x1d]WT\[0xc5][0x98][0x82]q[0xe9][0x99][0x90][0x9b]I)&gt;[0x92][0x9]S[\n]&quot;
2013-02-06 13:51:56,527 AAD-WS DEBUG wire:63 - &gt;&gt; &quot;[0xa6][0x15]|L[0x88][0xac]xe[0x9f]p|1w[0xdb][0xba]c[0x99][0x8e][0x8][0xcc][0x9b]7r#[0x84][0xa8][0xed][0x14][0xc5][0x1a][0x81][0xa6][0x9][0xb1][0xa0]d[0xfb]}C[0x4]#Wp+[0xa6][0xbf][0xe2][0x98]atI[0x94][0xab][0xa6]][0xa9][0x96][0xcd][0xec][0x14][0xab][0xb3][0x9e][0xed][0x4]S[0x96]S,[0xb][0x8f][0x11][0xe2][0xf9]u&apos;([0x89][0xc0].0[0xc2][0xa8][0xed][0xd8][0xc1]e[0xc2][0x88]~t[0x88][0x17])[0xf5][0xdf]b[0xb6]cnQ0[0xdb][0x9c][0xed][0x88][0x99][0x95][0xca][0x92][0xf0][0xe6][0xac][0xa5]2[F[0x9b][0x80]]&lt;[0x88][0xdb][0xea][0xad]8,u[0xa9][0xab]yw[0xc5]+[0x88]I[[0xe2]v[0x1f]H[0x1f][0x94][0xc9][0x4][0xed]y[0xc][\r][0xaf][0xe3][0xac][0x14][0xba][0x86]WqF[0xc3]i[0xbc][0xa2][0xe1]e[0xf4]j[0xc8][0xe1][0x9a][0x82][0x19][\r][0xd7]1K[0xb8]xT[0x8e]}[0xd9][0xa9][0x89][0xa2][0x1d][0xb8][0xde][0xac][0xe5]0[0xb]m[0xdf]v[0xda]q[0x84]7V[0xb6]|_[0xf8][0xf2][0xd8]O[0x8]CM@OzV[0x85]a[0x94]=M[0xc1][\r][\r]y[0xcc][0x11][0xce]7[0x1]2k-[0x8b]Z[0xed][0xd5][0xc6]F[0xc3]M[0xdc][0xd2][0xf0])&gt;#[0xa4]B[0x10]k50[0xab]2[0xd3][0x94]1[0x93][0xae]W[0xb1][0x2]Iy^[0xc1][0x82][0x86]E|N[0xe8][\n]&quot;
2013-02-06 13:51:56,527 AAD-WS DEBUG wire:77 - &gt;&gt; &quot;[0x3][0xcb][0x96][0xb3]lN[0xac][0x15]D5[0xb0]]G[0xc3][0x17][0xf8]R[0xc3]W[0xf8]Z[0x83]%[0xcb][0xba][0x4][0x9d]p[0xe1][0xc8][0xfc][0xc2][0xcd]\[0xc9][0x13]V[0x91][0x90]xa[0x97]l[0x1c][0xf7][0xcc][0x14][0xf7]E0n[0x89][0x8a][0xcb]M[0x10][0xd1][0x17]d[0x17][0xe8]G=[0x8a][0xd0][0xb6],[0x82][0xd0]&quot;[0xbc][0xac][0xbb]D8[0xad][0xf7][0xe7][0xf6][0xdf][0xbd][0xee][0xe6][0xb9][0x18]h[0xa2]W%[0x95]N[0x19][0xb5]f[0xfa][0xab]6S[0xce][0xee]}[0xbc]v[0xa6]&lt;[0xe6]2[0xa8][0x13][0xd4][0x9a][0xe2][0xa4][0xde]8T:,[0x1e][0x91]Z~[0xc8][0xaf]^[0xfc][0xc3][0xf9][0xd5][0xdd]r[0xf2][0xb]eW&quot;[0x9e]x[0x16][0x17][0xd6][0xea][0xfa][0xd2]mQ[0x90][0xee]j[0xb3][0x13]\[0xa7][0xde][0xe8][0xe1][0xfd]3[0xf8]?|[0xe4][\r][0xe][0xb4][0xd2]s[0xd5]N[0xf8][0xb5][0xdb][0xd5]z[0xb1]W?[0xc]J[0xfa]B[0xa0]d[0xd5]s[0xb][0xc2][0xf7][0xeb]}F[0xe8][0xd1]s[0x87][0xf4]_[0x18][0x9d][0x8][0x11][0xc6]m[0xab][0xec].[0x87][0xaf][0xc3][0x2][0x17]&apos;[0xb4][0xf1][0xf0][0x14]m[0xbf][0xea][0xfa][0x2]g[0xf8]a&gt;[0xc5][0xef]w+Z[0xe4][0xc4][0xb3][0xd6]&quot;[0xc7][0x9f][0xd7]N[0xf9][0x16][0x80][0xf0][0x1a][0x10][0xfa][0xc1]m[0xff][0x6][0xef][0xfb]X3[0x10][0xb]-[0xed]F:[0xf2][0x0]4[0xdf][0x9a][0xc9]o[0xa3]e[0x83]-[0x84]7Y[0xaa][0x8c][0x2][0xba][0x8b]6[0xda][0xc][0xf3][0xce][0xee][0xe5]]a[0xbb][0xcc]K[0x19][0xdb]h5[0xd2][0x9b][0x88][0x18][0xad][0x9b][0x88][0x1a][0x99]M[0xc4][0x8c][0xc8][0x16][0x94][0x6]D7[0xa2][0xac]n#N[0x1b]h[0xa7]{[0xe8][0xa2][0x1f][0xd1]C[0xf7][0xd9][0xfb][0x16][0xf4]=[0xb8][0xa0][0xf0][0xf][0xf8][0xce][0xb8][0xb][0xce]&gt;[0x96]K?[0xc5]j[0xfa]Z[0xe6][0xc9][0xe][0xe2][0xf3][0xd2][0xb6][\r]uf[0x7][0x89]=][0x1b][0x8e][0xa4]&quot;[0x3][hK[0xef][0xa0]=[0xb4][\r][0xb0][0x88][0xd5][0x92][0x8f]o![0xf9][0x18][0x1d][0xdb][0xe8][0xdc]B[0xd7][0xf]P[0x87][0xa3][0xa9][0xe8]=[0xbc][0x94][0xde]B[0xf7][0xf7][0xe8][0xe0][0xe5]d[0xc3][0x98][0xe2][0xf8][0x9e][0xcc][0xae]4[0xc4]2[0xbb][0xa9][0xd8][0xa3][\r]D`b[0x96][0x9f][0xa1][0x13]&lt;[0xef][0x2]%^[0x93][0xb8][0x83]u&amp;[0xb7][0x8e]o[0xc2][0xb5]v[0xad][0xab]l[0x7]=[0xc0]1z[0x8][0x8d][0x1e]!I[0x8f][0xd1]KO[0xd0]O[0xbb]0[0xe9])?[0xb3]?!O?c[0x81]~[0x85]E[0xbf]A[0xd0][0xef]([0xd1][0x1f]p[0xe9]O[0x4][0xf4][0x17][0xbe][0xa5][0xbf][0xb9][0x86][0xfd][0xe1]w2[0xf0]NX[0xdd][0x8][0xff][0x9f][0x9e][0xc3]E[0xd6][0x13][0xbc][0xbe]&apos;[0xbf][0xb][0xaf][0xef][0xf3][0x89])^[0xb3][0xc0]PK[0x7][0x8]Zqk7[0xcb][0x3][0x0][0x0][0xa4][0x7][0x0][0x0]PK[0x3][0x4][0x14][0x0][0x8][0x0][0x8][0x0][0xd4]|D5[0x0][0x0][0x0][0x0][0x0][0x0][0x0][0x0][0x0][0x0][0x0][0x0]&lt;[0x0][0x0][0x0]com/sun/java/help/impl/JH&quot;
2013-02-06 13:51:56,528 AAD-WS DEBUG wire:63 - &gt;&gt; &quot;elpPrintHandler$PageTransform.class[0x8d]Q[0xdb]J[0x2]Q[0x14]][0xc7][0xf1][0xd2][0xe8][0x98]][0xed]jE[0x8][0xe9]DNO[0xbd][0x14]A(a!!([0xbd][0x8f]ztN[0x8c]G[0x99][0x19][0x8b][0xbe]*[0x82]$[0xe8][0xa1][0xf][0xe8][0xf]z[0xed][0xb5][0xbe]![0xda]3[0x18][0x86][0xbd]8[0xc3][0xec][0xd9]{[0x9f]u[0xd6]Z[0x9b][0xfd][0xf6][0xfd][0xf2][\n]&quot;
2013-02-06 13:51:56,529 AAD-WS DEBUG wire:63 - &gt;&gt; &quot;[0xa0][0x80][0xed]8&quot;XV[0x11]F[0xda][0xf]+1[0xac][0xc5][0xb0][0xc9][0x10][0xb5][0xb8][0xe8]X[0x1e][0x3]+Q[0xe1]Y[0xc2][0xcd][0x1e]2[0xe8][0x95]f[0xaf]k[0xb8][0x3]i[0xdc][0x98][0xb7][0xa6]aq[0xbb]o[0x88]n[0xdf]6.[0xcb][0x94]V[0x1d]![0xbd][0xb2])[6w[0x8e][0x19][0xd4][0xda][0xbd][0xf4],[0xee][0x89]&amp;1[0x9c][0x8])[0xbc]S[0x86][0x83][0xdc][0xf4][0x14][0xf9]k[0x86]p[0xb1][0xd7][0xe2][0xc][0xa9][0x8a][0x90][0xfc]j[0xd0]mp[0xa7]n6l[0xea][0xa8][0x1d][0xee][0x95]G[0x1e][0x95]\[0x9e]\[0xaa][0xee][0xb8][0x13][0xce][0x95][0xfc][0xdb][0xf1]Zo[0xe0]4[0xf9][0xb9][0xf0]o[0xa4][0xff])[0x14]|[0xb][0x1a][0x12][0xc8]h[0x98][0x81][0xaa]![0x8a]X[0xc][[0xc]G[0xd3]z[0xcc]V[0xcd][0xe][0xaf];[0xa6]t[0xdb]=[0xa7][0xcb][0x90][0x9c][0xa8][0xb5][0xb])[0xb9]S[0xb4]M[0xd7][0xe5].C&amp;[0xe0]3[0xef]&lt;[0xa3][0xc3]I[0xe1][0xac][0xdd][0xa6][0xb1][0xfe][0xc0]i[0x10]r[0x9d][0x9b]V[0x1d];[0xb4][0xb2][0x8][0xed]1D/y[0xa7]l[0xc1][0x1f][0x4]49[0xfc]G[0xa1]/[0x1][0x8d][0xea]$e[0xbb][0x1][0xe][0x88][0xeb][0xcf]`[0xfa][0xfe][0x10][0xa1]G[0xaa][0x18]f)F[0xe9][0xf][0xf6]N1[0x85][0xb9][0x11]&gt;Ch[0xea]&quot;[0xa2]?Ay[0x98][0x80]~P[0x9c]&apos;[0xb9]_j%[0x10][0x8b][0xea]{C(c[0xda][0xb8]/[0xc8]&gt;[0x11]a_[0x94]-[0x6]V[0x97][0xb0][0x11][0x9c][0xd0][0x96][0xb0][0x8a]u[0xe0][0x7]PK[0x7][0x8][0xa6][0xfb][0x9c][0xae]x[0x1][0x0][0x0][0x8d][0x2][0x0][0x0]PK[0x3][0x4][0x14][0x0][0x8][0x0][0x8][0x0][0xd4]|D5[0x0][0x0][0x0][0x0][0x0][0x0][0x0][0x0][0x0][0x0][0x0][0x0]:[0x0][0x0][0x0]com/sun/java/help/impl/JHelpPrintHandler$JHPrintable.class[0x95]8[0xb]x[0x14][0xe5][0xb5][0xe7][0xfc]3[0x9b][0x99][0xdd]L[0x1e],$[0xec][0xe6][0xc5][0x86] n[0x12]H[0x0][0x11]M&quot;[0x88]&lt;&quot;[0x89][0xe1]![0x1][0x4][0x15]e[0xd9]L[0x92][0x85][0xcd][0xce][0xb2];![0xa0][0xd5]&gt;[0xb4]b}bkEPPQ[0x1b]_m[0xd5][0x92][0x5]E[0xac][0xc5]{[0xab][0xb5][0xf7]Z[0xab][0xed]m[0xb5][0xb7][0xb7][0xed][0xed][0xc3]&gt;ok{[0xed][0xd5]V[0xf4][0x9e]3[0xb3][0xb3]/[0x2][0xb5][0x9b][0x8f][0xf3][0xff][0xff][0xf9][0xcf]9[0xff]y[0xfd][0xe7]?[0xc3]+[0x1f]&gt;[0xfb]&lt;[0x0][0xb4][0xe0]1[0xf][0x1c][0x80][0xe3]n[0xd8][0xf]/2[0xf8][0x17][0x6][0xff][0xca][0xe0][0x9b][0xc]^b[0xf0][0xb2][0x2][0xdf][0xf2][0x80][\n]&quot;
2013-02-06 13:51:56,529 AAD-WS DEBUG wire:63 - &gt;&gt; &quot;[0xc7]Ux[0x85][0xc7]o3[0xf8]7[0x6][0xff][0xee][0x81]W[0xe1];[0x1e]x[\r][0xbe][0xeb][0x81][0xd7][0xe1][\r][0x15][0xbe][0xc7][0x8b][0xef]3[0xf8][0xf][0x16][0xfc][0x3][0x5]~[0xc8]4o2[0xe6]-[0x16][0xf6]#[0xf][0x81][0xff]d[0xf0]c[0xf][0xd4][0xc2]1[0xd5]O[0x14][0xf8])/[0x8e]{[0xe0]g[0xf0][0xdf][0x1e][0xf8]9[0xfc][0x82][0xe9][0xe9][0x81]_[0xc1][0xdb][0x1e][0xf8]5[0xfc][0x86][0xc1]oY[0xd0][0xef]T[0xf8]=[0x8f]p[0xc3][0xff][0xc0][0x1f][0xdd][0xf0]&apos;x[0x87][0xc1][0x9f]y[0xf9][0x17][0x9e][0xfd]/[0x83]wY[0xc6]_[0x19][0xfc][0x9f][0x87]6[0xde]S[0xe1]}V[0xf7]o*[0xfc]][0x85][0xf][0x14][0xf8][0xd0][0x3]g#[0xaa]([0x14][0x94]U,[0xa2]=TTT[0x19][0xeb][0xf6][0xa0][0x7][0x8b]U[0xd4]x,)[0xc6]R,S[0xb1][0xdc][0x3]&apos;p[0x82][0x8a]^kd[0xe0][0xce][0xce]T[0x9c][0x98]Yd[0xf7]&amp;[0x15]-[0x9c][0xb][0xd6][0x8f]V[0xf0][0x86][0x85]R[0xb1][0xa2][0x80]R[0xc5]J[0x15]&apos;[0xab][0xe8]S[0xd1][0xaf]b[0x95][0x8a][0xd5]*[0xd6]X[0xb4][\n]&quot;
2013-02-06 13:51:56,530 AAD-WS DEBUG wire:63 - &gt;&gt; &quot;[0xd6]z`#N![0xcb]1[0xc0][0xa0][0x9e][0x97]SUl[0xb0]F[0x6][0xd3]T&lt;[0x83][0xc7][0xe9][0xe4];&lt;S[0xc5][0xa0][0x8a][0x8d]*6[0x91][0xc5][0xe8]V[0xb0][0x99]}[0xf6][0x1e]s[0x92]&gt;7[0xe0][0xc][0x5]g[0xaa][0xd8][0xe2][0x81]8[0xb6][0xf2]z[0x16]y[0x18]g[0xab]8[0xa7][0x18][0xcf][0xc2][0xb9][\n]&quot;
2013-02-06 13:51:56,530 AAD-WS DEBUG wire:63 - &gt;&gt; &quot;[0x9e][0xad][0xe2]&lt;[0x15][0xcf][0xe1][0xad]s=[0xd8][0x86][0xed][0x96][0x16][0xac][0xfb]{E[0xb][0x17][0xd9][0x96][0xc8][0x8b][0xca][0xd9][0x9c][0x1b][0xb0][0xc3][0x92][0xa8][0xe2]y*[0xce][0xa7]P[0xe2][0x2][0x5][0xcf][0xe7]q!kr[0x81][0x82][0x8b]x[0xb1][0x8a]Kx\[0xaa]b&apos;[0x8f][0x17][0xa6][0xc1][0xc6]|[0xe7]-s[0xe][0xb2]0[0xac][0xf1][0x9][[0xe3][0xae]\&amp;k[0xf7]5[0xec]V[0xf0]&quot;[0x5][0x97]+[0xb8]B[0xc1][0x95][0x8]Ez_[0xc4]4[0x12][0x8][0xfe][0x9e]-[0xa1][0xed][0xa1][0x1d][0xad][0xc9][0x91]Hl[0xa0][0xb5]{[0xa9][0x85]^[0x15][0x8a][0xe9][0x1d][0x8][0xd2]p&quot;[0x8a]PjQ[0xb4][0xc6]t[0xb3]u[0xed][0xea][0x1e]B[0x8b]x?B[0xb5][0x8d][\r][0x8d][0x98][0xad][0xf1]D$f[0xb6][0xae][\n]&quot;
2013-02-06 13:51:56,531 AAD-WS DEBUG wire:63 - &gt;&gt; &quot;[\r][0xe8][0x9d]Fb(d[0x12][0x89][0xbb]?[0x92]H[0x9a][0x8c]B[0xc0].[0x4]O2[0x1c][0x8a][0xea]k[0x8c][0xce][0x88]I[0x88]K[0x9]a&amp;B[0xb1]d?[0xd1]&apos;[0x11][0xbc][0xb6][0xac]a3[0x12]m][0xa7][0x87]I[0x1][0x12]Qd[0xe]F[0x92][0xd3]f!4[0xf5][0x84][0x8d][0xa1][0xd6][0xe4]p[0xac][0xd5][0xa2][0x1a][0xd4][0xa3][0xf1][0xd6][0xc8]P&lt;[0xda][0xda][0xbd][0x8c][0xa6][0xab][0xf8][0xf0]e[0xa1]X_Tg.w[0xef][0xce][0x98]9[0xa8][0x9b][0x91]0I8/[0x12][0x8b][0x98][0xb][0x10][0xb6][0x5]?[0xbe][0x88]S[0xba]#[0xdf][0xb][0xa7][0xb1][0xbe][0xeb][0xd2][0xc6]u[0x8][0xf2]b[0xa3][0x8f][0x8c]/[0xeb][0x89][0xc4][0xf4][0x15][0xc3]C[0x9b][0xf5][0xc4][0x9a][0xd0][0xe6](a[0xd4][0xa8][0x11][0xea][0xb3]=#[0x5][0x99][0xb2]|@7m[0x8a][0x95][0xfd][0x8c]OZ[0x1b][0xe4][0xb4][0xd2]x[0xc2][0x88][0xeb][0x9]s[0xe7][0xe2][0xc1]P[0x8c][0xe9][0x1b][0x82][0xf6][0xb1][0x9b]u[0xf2]][0xeb][0xaa][0xbc][0xdd][0xa5][0xdb][0xf5][0x98][0xd9]a[0xc9][0xb]&apos;[0xf4][0x90][0xa9][0xaf][0xc9]q[0xf0][0xa4]`[0xe3]x..[0xb6]t_[0xa6][0x87][0xfa]t[0xce][0x84]`[0xd6][0xa8][0xb][0x13][0xa1][0xf8]`$[0x9c][0x9c][0xb3][0xa4][0xa3][0x8b]e[0xba],J[0x84]9[0xe3][0xd0][0x9c][0xd6][0x17]l[0x87][0xa7][0xd7][0x18]N[0x84][0xf5][0xce][0x8][0x9b]_y[0x92][0xcb][[0x98]][0x83]&apos;aL[0x83]/[0xc3]W4x[0x0][0xe]j[0xf0] &lt;[0xa4][0xc1][0xc3][0xf0]%[\r]F[0xe1][0x11][\r][0x1e][0x85][0xc7][0x88][0xd7]:(J[0xe6][0xb6][0xf6][0x9a]$a`[0xd1]p?[0xab][0xee][0xeb]^fId[0xf][0xb7]8[0xfe][\r]6[0xb6][0x7]4\[0x85][0x17]3X[0xad]a/[0xae]Qp[0xad][0x86][0xeb][0xf0][0x12][0x5][0xd7]k[0xb8][0x1]/U[0xf0]2[\r]/[0xc7][0x8d][0x14][0xae]8qhx[0x5]^[0xa9][0xe1]&amp;[0xc]i[0xb8][0x19][0xc6][0x10]&amp;f[0xf]\[0xba]#[0xac][0xc7][0xcd][0x88][0x11][0xd3]0[0x8c]}[0x1a][0xea]D[0x9][0x8f][0xc3][0x13][0x1a][0x1c]b[0xc5][0x9f][0x85][0xa3][0x1a][0xf6][0xc3]a[\r][0x7][0x98][0xb1][0xbc][0xd0][0xdb][\n]&quot;
2013-02-06 13:51:56,531 AAD-WS DEBUG wire:63 - &gt;&gt; &quot;[0xe]j[0x18][0xc1]-[\n]&quot;
2013-02-06 13:51:56,532 AAD-WS DEBUG wire:63 - &gt;&gt; &quot;n[0xd5]0J[0x1c]8[0x84]1[0x5][\r][\r][0xe3][0xb8]M[0xc1][0x84][0x86]I45[0x1c]f[0xb0][0x1d]G(M[0xb6]G[0xf4][0x91][0xd5]zx[0xbe][0x86];p[0xa7][0x82]Wix5&lt;[0xa2][0xe0]&apos;4[0xbc][0x86][0x1c][0x82][0xd7]2[0xf8]$[0x83]O1[0xf8]4[0x83][0xcf][0xe0]u[0x1a]^[0x8f][0x9f][0xd5][0xf0][0x6][0xa4]`[0x15]Y[0x97]n&gt;[0x9b][0xbf][0x8b]T[\n]&quot;
2013-02-06 13:51:56,532 AAD-WS DEBUG wire:63 - &gt;&gt; &quot;t[\r][0x91][0x8d][0xec][0xa2]K&quot;}[0xe6][0xe0]|[0x4]%0b[0xcd][0x14][0xbc][0x11]![0x90][0x89][0xe2][0x80]N[0x97][0x85][0x8e]6[0xc9][0xee][0xa8]&gt;g[0xc9][0xb4]%[0xc6][0xb0][0x95][0xba]E[0xce]D[0xeb][0x8a][0xc5][0xf4][0xc4][0xe2]h([0x99][0xd4][0x93][0x14]:[0xfc][0x1c][0xdd]&lt;+[0xf8][0xac][0xb1][0x82]7![0xd4][0xe5][0xde]#S[0xdf]Aia$#[0xec][0xc0]i[0x8b]&quot;![0xca]I[0xd9][0x1e][0xca][0xe2][0x9]=[0x1e][0xe2]`[0x6]8[0x4][0x96][0xb6]7Sj[0x6][0xc2][0xc3][0x89]ezd`[0xd0]$[0xd4]-h*x[0xab][0x86][0xb7][0xe1][0xed][0xa4]E[0xdc][0xa0][0x83][0x8][0xbb][0x1b][0xef]P[0xf0][0xf3][0x1a]~[0x1][0xef][0xe4][0xe3][0x8d][0xf4][0xf1][0x1a]~[0x91][0xad]/[0xef]5C[0x9][0x93][0xe5][0xe][0xda]b[0x8]uA[0xdf][0x96][0xe1][0xa4][0xa9][0xf7]9([\r][0xef]bR[0x8f][0xc3];[0x87][0x88]jl[0xa2]4I[0xc0]4[0x2][0xa6][0x9e]4[0xd3]+J[0x89][0x98]&gt;[0x12][0xd8][0x1c]J[0xea][0x1]*)q#F[0xb7][0x8e][0xb0][0xb3][0x99][0xc6]aY[0x10][0x18][\n]&quot;
2013-02-06 13:51:56,533 AAD-WS DEBUG wire:63 - &gt;&gt; &quot;[0xed][0xb0][0xe7]-[0x81][0x2]iD[0xb6]!030[0xfb][0x9f][0xe0][0xe1][0xc3][0x1c][0x9e]R^[0xd8]n[0x9][0x18][[0x9]1%[0x7]a[0x1a]F j[0x90][0xc1]3[0x1d]Vc+[0xc2][0xb4][0xf1])[0x86][0xc9][0x82]\m[0xe6]}[0xdc][\n]&quot;
2013-02-06 13:51:56,533 AAD-WS DEBUG wire:63 - &gt;&gt; &quot;9[0x8d][0xef]V[0xa6][0xb8] [0x94][0xe4][0xad]9[0x19][0xf6]hx7[0xe7][0xf1]^[0x6][0xfb][0xf0][0x1e][0xca][0x17][0xb3][0xc5][0xaa][0xf7]Q[0xaa]K[0xe4][0xf4]{[0x19][0xa7][0x9a]-N~[0xee][0xc7][0x3][0x1a][0xde][0x87][0xf7][0xd3]K[0xd0][0xab][0x9b]V[0xcc][0xb2][0xd1][0xa7][0xf0][0xe4].*[0x2][0xe9][0x8b][0xd1]Be[0xd3][0xc6][0x6][0x1b][0x9][0xc6]I[0xf9][0xb6]([0xd4][0xd7]c[0x84]C[0x9c]r9[0x97][0xf7][0x1]&lt;H:gr[0xbd][0xd3][0xe0][0xb2][0xe6][0xea][0xd5][0x13][0x91]~[0xd6][0xfd]A[\r][0x1f][0xc2][0x87]5[0xfc][0x12][0x8e][0x12][0xda][0x8c][0x98]Q]A[0xba]Z[0x8f][0xe2]c[0xce][0xad][0xce][0xa9]?[0xf4][0x96][0x91][0xeb][0xb0]U[0xc3][0xc7][0xf1][0x9][0x5][0xbf][0xac][0xe1]W[0xf0][0xab][0x1a]&gt;[0x89]O!L[0xb6][0x9c][0xc6][0xb6][0xf4][0x19][0xe1][0xe1]![0xce][0x13]+[0xc1])[0x88][0x99][0x1d];[0xe3]![0x5][0x87][0x9d]Z[0x93]_|5x[0xe][0x8e]i[0xf8]4~[\r][0xa1]6[0xff]~^[0xd0][0xdf]O/K[0xd6][0xef]x[0x8][0xa9][0xee]x[0x1d][0xde][0x80][0x99][0xde] [0xf7][0xa6][0x90][0xc4][0x97]fv[0xc2][0xd1]H[0x9c][0xb0]G[0xf0][0x19][0xaa][0xf9][0x19]l[0xe8][0xa4][0xab][0xf1],[0x1e][0xd4][0xf0](&gt;[0x87]0[0xf7]c[0xe7]FN[0x1d][0xa6];[0x9c][0xb7][0xca]q[0xde][0xca][0xcd][[0xa8][0xba]P[0xd9].|8[0xb2][0xd4][0xf5][0xa7]|[0xe8]z&quot;[0xa4]f[0x8c][0xab]~Q([0x1e][0xd7]c}[0x8]3[0xd2][0xaf]RNd:[0x1a]OB[0xd9][0x8f]EG[0x1][0xb9][0xad][0xcb][0xe9][0xc8]U[0xd3]p[0xa2][0x9d]yGsOB[0x8]~\[0xff]P.[0x87][0xc2]a=I}[0xcd],[0xea]l*[0xc6][0xd3][0x9b]^[0xdb][0xc9][0xa7][0xe8]A[0xa8]bS[0xd2][0xdb][0xbd]C[0xb9][0xa3]J[0xb6]/[0xd3]r[0xd7][0xdc][0xe2]m[0x1b][0xe]E[0x93][0x5][0xc7]8[0xf6]R[0xf][0xe6][0xf][0xf5][0xf5][0x9d][0xca][0xb7][0xe7][0x8e][0xa3][0xda][0xa9][0x9b][0xf][0x87][0xcf][0xd2]^I::N[0x8][0xe6][0xab]h[0xf5]E#![0xee][0x1][0xcb][0xa9][0xb7]aGdn&amp;eC[0xee][0x91][0x19][0xbc][0xc5]T[0x93][0xd0][0x87][0x8c][0xed][0xfa][0xa9][0x94][0x95][0x93][0x91][0xab][0xe8]8w[0xcc]0#[0xfd];/[0x88]R[0xd3]Z[0x95][0xeb][0xc2]^[0x86]k[0xe9]1[0xa6][0xf7][0x87][0xdb]+/[0xad][0xfb][0x8c][0x11][0xea]Q[0x16];5[0x1c][0xe1][0xcc][0x9c][0xd6]&amp;[0x83]v[0xf2][0x82][0x91][0x97]XL[0xe4]g[0xef][0xc9]tt89s[0x85]u&gt;[0xd5][\r][0x8a][0xd2]Zj|[0xaa][0xd3]1r[0xf4][0x88]GC[0xfd][0xad]k[0xa8]6[0xad][0xed][0xea]([0x88]r[0xce][0x16]][0x1c][0xe2]_m[0x18][0xe6]:[0xaa]t[0x8][0xed][0xc1][0x9e][0x93]j[7[0x93][0x16]j[0x99]G[0xc1][0xbc]t[0x88][0xff][0x94][0xbd][0x19][0x85][0x87][0x8e][0xc9][0xef][0x9][0xac][0xce]s[0x9]Y[0x98][0xbb]c[0x17]YJ]B[0xae][0xb3]k/B[0xeb]8JYGvv[0xe6][0xb8],[0xd3]D[0x90]&amp;[0x15],3F[0xb9][0x91][0xb4][0xfc]N[0x17]=b[0x5]/[0xdf][0xef]it[0xae][0xdf]m[0xa6]&lt;[0xbf]g[0xe4][0x92][0xaf]Gl[0xc5][0xcb][\n]&quot;
2013-02-06 13:51:56,534 AAD-WS DEBUG wire:63 - &gt;&gt; &quot;[0xe8])+[0xa2]z?[0xd7][0xf6][0x84][0xad]~[0xd1]`[0xda][0xe][0xc9]4[0xe2][0xb4][0xdc]l[0x98][0xa6]A[0xef][0x97][0x9b][0xa8][0x17][0x19][0xc3][0xb1]&gt;bQ[0x82]][0xf4][0xe3][0x8c][0xf3]$[0xd9][0xd8]d[0xc4]*Fr[0xd0]j[0xe9]U[0xb2] [0xed][0xa6][0xea][0xe0][0x92][0xd3]T[0x8c][0xac][0xd3][0xb][)&gt;b[0x9][0xfd]X[0x9c][0xff][0x94][0x1d][0x12][0xcb][0xef]:[0x8d]|w[0xe6][0xe9]#[0xb7][0x8e][0x1b][0x6][0xca]!~&amp;[0xd7][0x18][0xcb][0xe9]+[0x84][0xae][0xc3][0xbc]`gg[0xd6][0xa3][0xbd][0x83][0xa1][0xb8][0xde]q[0xd9][0xc9][0x11][0xcc]k[0xd1]:[0xb8]w/[0x1e]b[0x1]k[0xc][[0xe8][0xe2]`W[0xa1][0x94]([0xa4][0x90][0x81][0x9e][0xa2]|[0x8c][0x9d][0xef]v[0x8][0xd8]C[0xb5][0xc1][0x1c][0x9e]B[0x7][0x12][0xbb]L[0xd4][0x1b][0xec]a=[0xc2][0xcc][0xe2][0xdb][0x8e][0xbd]^[0x92][0x9b][0xda][0xeb][0xb][0xd6]$[0xd6][0x9d]iT(u[0x82]v[0xa4]\V[0xa3]b[0xa7][0x8a][0xe3]w9hmIt[0xed][0xe9][0xc3][0xc4][0xf1]K^[0x89]M[0xd7][0xc2][0xc5][0xf4][0xde][0xd2][0xf3][0x1e],t[0x84]U[0xe9][0xc7])[0xb3]v[0x2]2[0xa7][0xdd][0x9c]xs8[0x19]c1[0xb2][0xcb][0x96][0xa4][0xfb][0x8a][0xac][0xcb][0xf2][0xe2][0xe0]lw[0x8c][0x97]jY^[0x96][0xe4][0x14]V[0x84][0xe9][0xff][0xe0]mL[0xa3]([0x88][0x3][0xb6]~[0xcb]u[0xd2]:[0x9c][0xe4][0xf2][0xdd][0x98][0xaf]gz[0x87]h&apos;[0x8d][0x87][0xa7]+K&quot;[0xd2][0x99][0x9d][0xbe][0x8b]N[0xf9][0xea][0xe4]}p[0x9e]&gt;?&lt;}[0x89][0xd0][0x88][0xf3]b[0x8f][0xe7]`*Q[0x1c]9:[0x9d][0xdf][0xc6][0xae]q[0xcd]s[0x9b][0xd9][0xe]wj[0xb0][0xe0][0xbc][0x82][0xde][0xcb][\n]&quot;
2013-02-06 13:51:56,534 AAD-WS DEBUG wire:63 - &gt;&gt; &quot;[0x88]F[0xe2]r[0xba][0xe2][0xfa][0x93][0x92][0xb8][0x90][0xc9]~[0xcc][0xed][0xe4][0xf0][0x6][0xc7][0xb9]&amp;r[0xd8][0xda]s[0xc5]C[0xd6][0xa7]w[0xe5]x[0x9f][0xde][0x8d][0xeb] [0x0][0xfb][0xe1][0x0][0x8][0xb8][0xf][0xee][0x7][0x5][0x80][0xbf][0x9e][0xad][0xff]r[0xa2][0xf]hk[0xa4]ohk[0xa4][0xcf]hk[0xa4]/ik[0xa4]oW[0x82]^[0xfe][0xe4][0x6][0x84][0xaf]Z8[0x85]fO[0xc2]S[0x4][0x9f][0xa6][0xd5]:[0x92][0xca][0x12][0xa7]7[0x1d][0x6]lj[0x1e][0x3][0xd1]4c[0xc][0xa4][0xa6][0x99]c 7[0xf9][0xe5]1p5U[0xb8][0xc6][0xa0][0xa8][0xa9][0xa2]h[0xc][0x94][0xa7][0x88][0x12][0xe1]k[0x4][0xeb][0x98][0xb][0xdf][0x7]7[0xfe][\r]J[0xf1][0xef]0[0x11]?[0x0]?[0x9e][0x80])[0xf8]![0x9c][0x81][0x1f][0xc1]T[0xfe]dN[0x9f][0xf1]0H[0xf4][0x7][0xb0][0xf1]([0xa8][0x1b][0xe][0x83][0xdb][0xeb]IAq[0xd3]![0x90]S[0xa0][0xa5][0xa0][0xe4][0x8][0x94][0xd2]BJAYO[0xf3]7[0xa1][0xac][0xd9][0xde])[0xdf][0xb][0xf2]S[0x8c][0xf7]NhJ[0x81][0x97]g[0xf6][0xc6]DZN[0x1a][0x5]u[0xf9][0x8c]#P[0x99]![0x98][0xcc][0x6]u@7,[0x87][0x8a][0xb4][0x8a]-P[0xc] [0x4][0xf8][0x85][0x4][0xf5]B[0x86]YB[0x85][0xd9][0xc2][0x3][0x1d]B[0x83]NQ[0x2][0xdd][0xa2][0x14][0x96][0x8b]2X-&amp;[0xc0][0xe5][0xc2]K\[0xd4][0xa3][0xa7]U&gt;[0x9f][0xdc][0x82]4V[0xd3][0x1][0xbe][0x97][0xa0][0x8c][0xbc][0xe3]o[0xa2]c[0xaa][0xc6][0xc0][0xc7][0xa8][0x14]T?[0x91][0xf1][0x85][0x17]d:[0xa8][0x2][0x14]Q[0x9][0xc5]b2L[0x14]~[0xa8][0x87]#[0xf0]LZX=[0x8d][0x82]F[0x17][0x9][0xa8][0xc9][0xba][0xd0][0xc3]HQ[0xb][0xb2][0xa8]#[0xcc][0xb3]p[0xd4]&amp;/[0xfa][0x3]h0[0x8d][0xa8][0xeb][0xa5][0xf3][0x8e]B-9[0xac]nyiwi[0x9b][0xab][0xb4]M)ks[0xb3][0xc5]G`J{[0xb1][0xbf][0xf8]%[0xb0]V&lt;MA[0xc0][0xf6]a[0xbd]=Lm[0xd7][0xfc][0x1a]M])h[0xd8]m[0x8f][0xd3]v[0x1f][0x81]3[0xda]K[0x9c][0x18]L[0xa7][0x18][0xf8]K[0xf2]&quot;p[0x4][0xce]l/[0xf5][0x17]K[0x92][0xbf][0xe4][0x10][0x4][0xfd][0xa5][0x87][0xa0]q[0x13][0xc3][0xa6]M[0x8c]h[0xe6][0xe9][0xc][0xb]1sS[\n]&quot;
2013-02-06 13:51:56,535 AAD-WS DEBUG wire:63 - &gt;&gt; &quot;Z[0xfc][0xc5][0x14][0x8c]V[0xe2]S[0xf6][0xc2]Z[0x96]4+}[0xde][0x9e][0x3]V[0xb8]xj[0xa1][0x8d]6[0xb7]s[0xe8]l:[0xd4][0xe7]N[0xc1][0x1c][0xef]Yv[\n]&quot;
2013-02-06 13:51:56,535 AAD-WS DEBUG wire:63 - &gt;&gt; &quot;0[0x11]/[0xe7][0xa6][0xb5][0x99]E[0xb][[0xa1][0xa3]p[0xf6][0x86][0xd2][0xd2]4I[0xda][0x2][0x9f][0xdb]8[0xc][0xf3][0xda][0xcb][0x1c]q[0xe7]0WY[0xc6][0x6][0xf9][0x18][0x9c][0xdb]^&gt;[\n]&quot;
2013-02-06 13:51:56,536 AAD-WS DEBUG wire:63 - &gt;&gt; &quot;[0x92][0xb3][0xdf]F[0xfb][0xd5])h[0xf7]v[0xd0][0xa4]1#[0x9a]Y[0xce]k[0xc][0xb7]M[0xf0]k[0xc5][0xbe][0x9][0xbb][0xfd]%[0xfe][0xf2][0x14][0xcc][0x9f]7[0xd1]a[@[0xd4][0x15][0x13][0x89]/M[0xae]ULd[0x1a][0x89][0xd8][0xcf]o[0x9f][0xe4][0x9f][0xf4][0xc],[0xa4][0x8e][0xad][0xc2]![0xbf][0x80][0xb5][0xa8][0xc8]h[0xd1][0xd8][0xa6][0xf0]jQ[0xd9]@[0x9b][0xcb]!Y[0xcc]v[0xbb]2[\n]&quot;
2013-02-06 13:51:56,536 AAD-WS DEBUG wire:63 - &gt;&gt; &quot;[0xf8]&amp;0[0xc5][0x12][0x6]K[0xc3]{[0xee][0x81]F[0x9e]u2[0xb8]0[0x9c][0xcb][0xb6],[0x9f][0x8d][0x9][0xba][0xda]*y[0xe8]fp[0x11][0x13][0xfb]x[0xd6]3[0x9][0x96][0x87][0xdb][0xaa]J[0xdb]jJ[0xdb][0xea][0xfc][0x15][0xed][0x1]r[0x82][0xaf]*[0xed]&lt;[0x9f]{+[0x85][0xa4]h[0x14]_[0xf3]k[0xbe][0xaa][0xdd]9[0x16][0xd7][0x93]i[0xf5]Y[0xd3][0xa6][0xfa][0xa7][0xda][0xa6]5[0xf8][0x3]~[\n]&quot;
2013-02-06 13:51:56,537 AAD-WS DEBUG wire:63 - &gt;&gt; &quot;[0xcb][0xca]}t&amp;[0x8d][0xab]|Uw[0xdf]KZW[0xd9][0xa7][0x8c]~4[0xea](x1[0x9b][0xde][0x90]1[0x9d][0xa7][0xab][0xdb]jx[0xe8]e[0xb0][0x86][0x15][0xac][0xf3][0xd5][0xf9]*[0xf7][0x1c][0xc0][0x85]4[0xfa]H[0x91]c4N y[0xb3]}um.[0xfa][0xe7][0xf3][0xd5][0xf8]*i[0xad][0xf8]j[0xda]*[0x1d][0xc1]k[0xf3]-[0x1f]EAT[0xcc][0xdd][0xec][0xab]a[0xf][0xd9]|Y[0xfa]u[0x5][0xf4][0xf0]zZ[0xaa]CO[0xb4][0xcc][0xe3][0xd0]_RH[0xd0]W[0xe9][0xc8]uh[0xd6][0x17][0xd2]\[0xeb][0xf3]Y[0x9a][0xcf][0xf4][0xf9]X[0xe2][0xc9]Zo([0xe4][0xe8][0xf1]U[0xfa]j[0xee][0xde]O1[0xa8][0xcc][0x8d][0xeb][0xa5][0x85]t[0xd3][0xb2]Z:4[0x97][0x15][0xc4][0xbe][0xa1]=[0xe0][0xf][0xa4][0xe0][0xf2]t[0xc]&gt;l8[\n]&quot;
2013-02-06 13:51:56,537 AAD-WS DEBUG wire:63 - &gt;&gt; &quot;[0x1b]7P[0x84][0xc5]a[0xb8][0xa2][0xbd][0xde]_o[0x7][0xfb]J{[0xa0][0xfb][0x19]r[0x4]m[0xe6][0x18][0xd5]gcTo][0xec]]#[0x94][0x16][0xd6][0x8d][0xde][0xe5]S[0xc2][0xbc]HA[0xf8][0x94],&gt;7[0xdf][0xda]&gt;g_?i[0xdf]e[0x8b][\n]&quot;
2013-02-06 13:51:56,538 AAD-WS DEBUG wire:63 - &gt;&gt; &quot;[0xa7][0xa0][0xbf][0xd1][0xe7]*[0xb][0xef][0xd9]G[0x9][0x7][0x9b]fT3[0xd9][0x0]c[0xba][0x1d][0xe6][0xc1][0xbc][0xbb]x=[0xa2][0xb3][0x11]Iox[0xb7][0xa4][0x8b][0xc1][0xd6][0xc]U[0xa3][0xb5][0xa4][0x9b]BB[0x8b]G?[0x98][0xda]N[0xf][0x80]4[0xe3]I@[0xdc][0xe5][0x9a][0xec][0xaa][0x82][0xa8]]R[0xf1]i[0x9a][0x81][0x98]JU[0xbf][0x1]&lt;[0xe2][0xc]([0x13][0xd3][0xc1]+[0xce][0x84][\n]&quot;
2013-02-06 13:51:56,538 AAD-WS DEBUG wire:77 - &gt;&gt; &quot;[0xd1][0x8]u[0xa2][0x9][0x1a]D34[0x8a][0x16]h[0x11][0xb3]`[0x81][0x98][\r]k[0xc5][0x1c][0x88][0x8a][0xb9]0,[0xce][0x86][0x3]b[0x1e]&lt;$[0xda][0xe0]q[0xd1][0xe]GE[0x7][0xbc]&quot;[0xe6][0xc3][0x9][0xb1][0x18][0xfd]b)[0xce][0x12][0x9d]8O,[0xc3]6[0xd1][0x85][0xeb][0xc5]E[0x18][0x12]+1.V[0xe1].[0xd1][0x8b]w[0x89]5x[0x9f]X[0x8b])[0xb1][0x1e][0x9f][0x11]W[0xe0]qq%[0xbe])6[0xe1]oE[0x8][0xdf][0x17][0x9b]E[0xb9][0x18][0x10][0x93][0xc5][0xa0][0x98].[0xb6][0x88][0xd9]b[0xab]8GDE[0x87][0x18][0x12][0xb][0x84]!V[0x88][0xb8][0xb8]X$[0x88]j[0xbb][0xd8]&amp;F[0xc4]Ub[0xa7][0xb8][0x9d][0xe0][0x1e]q[0xb5][0xd8]&apos;[0xae][0x11]O[0x89]k[0xc5][0x11][0xf1]I[0xf1][0x92][0xb8]N|G[0xec][0x12]?[0x10]7[0x89][0x9f][0x88][0x9b][0xc5][0xcf][0xc5]-[0xe2]mq[0xab][0xf8][0xa3][0xb8]M[0xfc]E[0xec]&quot;
2013-02-06 13:51:56,539 AAD-WS DEBUG wire:63 - &gt;&gt; &quot;[0x96]J[0xc4][0x9d]R[0x85][0xb8][[0xaa][0x16]{[0xa5])b[0x9f][0xd4] [0xee][0x91][0xe6][0x8b][0xfb][0xa5][0xa5][0xe2][0x1][0xe9]&quot;qPZ)[0x1e][0x94]z[0xc5]C[0xd2][0x90][0x18][0x95][0x92][0xe2][0x11]iD&lt;*[0xdd]![0x9e][0x94][0xf6][0x8a]C[0xd2]~1&amp;=,R[0xd2][0xa3][0xe2][0x88][0xf4][0xa2]xN[0xfa][0xb6]8&amp;}W&lt;/[0xfd]N|CzG[0x1c][0x97][0xde][0x15]/[0xca][0x9a]xY.[0x17][0xaf][0xc8][0xd5]bH[0xae][0x13][0xaf][0xca][0xcd][0xe2]uy[0x81]xC^+[0xbe]&apos;o[0x13][0xdf][0x97]o[0x14]o[0xca]w[0x88][0xb7][0xe4]G[0xc4][0x8f][0xe5][0x94][0xf8][0xa9][0xfc]u[0xf1]3[0xf9][0xb8][0xf8][0xa5][0xfc]-[0xf1]k[0xf9]U[0xf1][0x1b][0xf9][0x17][0xe2][0xf7][0xf2][0xdb][0xe2]O.[0x8f]x[0xc7]5I[0xfc][0xd9]5Y[0xbc][0xeb][0xaa][0x12]uM[0x11][0xef][0xd3]#[0xf8][0x1c][0x1c]K[0xbf][0x94][0xbf][0xa2]&apos;[0xdb]Ec[0xaa]9[0xb7][0xfc][0xf][0xd9]C[0x8c]j[\n]&quot;
2013-02-06 13:51:56,539 AAD-WS DEBUG wire:63 - &gt;&gt; &quot;[0xc][0xda][0x8a]o[0xf0]ns[0x95]{[0xe]C&quot;[0x5][0xc9]t[0xfa][0xd8][0xef][0x9e][0xe9][0x1d]~[0x6][0xb6][0xb]x[0x1]F([0x89][0xbc];[0x8][0xd4][0xc8][0x9b][0xf8][0x9][0xd8]i?8[0xfc]r[0xdb][0x95]}Es[\n]&quot;
2013-02-06 13:51:56,540 AAD-WS DEBUG wire:63 - &gt;&gt; &quot;[0xae][0x9a]I[0xe0][0xea]v[0xb9]yf[0xfa]$?[0xbd]i[0x9f][0x18]`x[0xcd][0xc0]$[0xb8]v`[0xb7][0xf7]S)[0xf8][0xb4][0xa5]M[0xfe][0x5][0xcb][0x98],[0xcd]&gt;S[0xd0][0x1d][0x89][0xf][0xa1]Z|[0x4][0xcd][0x12]B[0x9f]$[0x83]![0xb9][0xe0]6[0xa9][0x8][0xc6]$[0x8d][0xa8][0x9e][0x87][0xaf][0xdb]6[0xe3][0xcb]PB[0xad][0x0][0xe0]z[0xe7][0x1e]\G[0x9a][0xd6]f^[0x9f]Z:[0xa2][0xa8]o[0x81][0xb3]y}[0xc1]f[\n]&quot;
2013-02-06 13:51:56,540 AAD-WS DEBUG wire:63 - &gt;&gt; &quot;&gt;[0xfb][0x0][0xb8][0xe4]&apos;[0x9a]_[0x80][0x1b][0xda][0xb9]c[0xab]=[0xc][0xbb][0xfc]2[Jd7[0xbe][0x0][0x9f]K[0xc1]M[0xe][0xf3][0xcd]|[0xb1][0xc8][0xb6][2W[0xd7][0xd9][0xb9]5[0xbd]s[[0xf6]R[0xd3][0xea]v[0xfb]9pe[0xa5]mL[0xc1][0xee][0xb6]&quot;?[0xd9]|[0x7][0x83][0xcf]S[0x81][0xf7][0x15][\r][0xb4][0xa9]&gt;[0xb5][0x94][0x8a][0xf3]5[0x8e][0xb8]/p[0xf1]R[0xb3][0xc5]Kf[0x7]2[0xc3][0x9d][0xc][0xbe][0xc8][0xe0].[0x6]{|[0xea][0x80][0xe5][0xbb][0xbb][0xf9][0xb8][0xbd][0xe9][0xe3]&gt;[0xbe][0xba][0xfb][0xb2][0xea][0x92][0xb4]{|ET[0x91][0xcb]8[0x13]x[0xf3][0xde]Qv[0x8c][0x94][0xed][0xd3][0xae][0x80][0xc9][0x0]R9TJ[0x13][0xa0]V[0xf2][0xc2]Y[0xd2]$[0xe8][0x90]*`[0xbe][0xe4][0x83][0xc5]R[0x15]tK[0xb5]p[0xa9]T[0x7][0xa6]4[0x85]&quot;5[\r][0xf6]IAxLj[0x84][0xe7][0xa4]&amp;xQj[0x86][0xb7][0xa4][0x19]pB[0x9a][0x83]n[0xe9],l[0x90][0xe6][0xe2]|[0xe9]\\&amp;u[0xe0][0x1a]i&gt;[0xae][0x93][0x16][0x2][0xa7][0x1d][0x85][0x1d][0xbe][0xc1][0x9d]#u[0xc0]2[0x9c][\r]&apos;[0xe0]#p[0xc3][0xb9]([0xa1][0xb][0xfc][0xb0][0x11]^[0xc5]:[0xda][0xdb]Oc[0xf][0xc0][0xff][0x3]PK[0x7][0x8]G[0xdb][0xe2][0xd9][[0x10][0x0][0x0]g [0x0][0x0]PK[0x3][0x4][0x14][0x0][0x8][0x0][0x8][0x0][0xd4]|D5[0x0][0x0][0x0][0x0][0x0][0x0][0x0][0x0][0x0][0x0][0x0][0x0]=[0x0][0x0][0x0]com/sun/java/help/impl/JHelpPrintHandler$EmptyPrintable.class[0x8d]Q[0xc9]N[0xc3]0[0x14][0x1c][0x93][0xd0][0xd0]R[0xa0][0xec][0xfb]&quot;[0xc4]![0x14]A[0x10][0x17][0xe]E\[0x80][0xd2][0xa2][\n]&quot;
2013-02-06 13:51:56,541 AAD-WS DEBUG wire:63 - &gt;&gt; &quot;[0x90]@[0xdc][0xdd]`[0xb5]F[0x89][0x13]%.[0xcb]?q[0xe1][0x80][0x90]8[0xf0][0x1]|[0x14][0xe2]9HT*[0x1c]j[0xc9][0xf6][0x9b][0xc9]x[0xfc][0xc6][0xf9][0xfc]z[0xff][0x0][0xb0][0x83][0x95][0x2]lL[0xe6]aa[0xca][0xc1][0x8c][0x83]y[0x7][0xb][0xc]9[0xdd][0x96][0xe9][0xc6].C[0xb9][0xe1]G[0xa1][0x97]v[0x94]w[0xc7][0xef][0xb9][0xd7][0x16]A[0xec][0xc9]0[0xe][0xbc][0xb3][0x1a][0x95][0x97][0x89]T[0xba][0xc6][0xd5]m [0x92][\n]&quot;
2013-02-06 13:51:56,541 AAD-WS DEBUG wire:63 - &gt;&gt; &quot;C[0xfe][0xea]I[0xe9][0xb6][0xd0][0xd2]&apos;[0x87][0x3][0xa9][0xa4]&gt;d[0xd8]v[0xfb][0xb7][0xd8][0xbc]a[0xb0][0x8f][0xa2][[0xc1]0[0xd6][0x90]J[0x9c]w[0xc2][0xa6]H[0xae]y3 f06R[0x86]=[0xb7][0x91][0x19][0xf1][0x7][0xed][0x9d]&amp;&lt;nK?[0xad]t[0xa9]L[0xe5]][0xf2][0x96][0xa8]FI[0xc8]u[0xa5][0xbe]Yg([0x9c]&lt;[0xfa]&quot;[0xd6]2R[0xa9][0x83]E[0xc2]WQ&apos;[0xf1]EU[0x1a][0xe7][0x99]?[0x9d][0xec][0x18][0xbb]&quot;[0xf2]X*&quot;[0x7][0xc7][0xc1]2[0xc3]~[0xbf]16N[0xc2]X?e[0xcc]O[0xe7][0xa3][0xbd]D[0xb1][0xae][0x94]H[0x8e][0x2][0x9e][0xa6]&quot;e(e[0x8e][0x1]W-[0xef][0xa2]y&apos;|[\n]&quot;
2013-02-06 13:51:56,541 AAD-WS DEBUG wire:63 - &gt;&gt; &quot;9[0xd7][0x9b][0xa7]{x[0xf5][0xbf]O&quot;[0xf9][\r][0xc8]`[0xb9][0xe6]![0xdd]~[0xfb][0xc5][0x1a][0xfd]}[0x1b][0xf4][0xc2]4&apos;L^[0xda][0x87]`[0xc6][0x0][0xcd]&lt;[\n]&quot;
2013-02-06 13:51:56,542 AAD-WS DEBUG wire:63 - &gt;&gt; &quot;[0x84][0x87][0xa9]Z&apos;l[0x98]B[0xf9][\r][0xac][0xbc][0xf5][0x8a][0x81][0x17]B[0x14][0x87][0xd6][0x1c][0xed][0xb0][0x8e]i[0x1d][0xc1]([0xa9][0x8c]~[0x81][0x90]m\[0xec][0xe7][0x1e]][0x15]cT[0x9b];K[0xa4][0x1d][0xcf]n[0x9a][0xc0][0x9c][0xf1]&amp;[0xce][0xc2]4f[0x81]oPK[0x7][0x8][0x15][0x9]N[0xce]u[0x1][0x0][0x0][0xa4][0x2][0x0][0x0]PK[0x3][0x4][0x14][0x0][0x8][0x0][0x8][0x0][0xd4]|D5[0x0][0x0][0x0][0x0][0x0][0x0][0x0][0x0][0x0][0x0][0x0][0x0]9[0x0][0x0][0x0]com/sun/java/help/impl/JHelpPrintHandler$JHPageable.class[0xad]V[0xcd]S[U[0x14][0xff][0xdd][0xdc][0xc0]{[0x9][0x8f][0x8f][0xd2]/ [0xb4]FJ!y[\r]&lt;J[0xb1][0xd4][0xf2][0xa1][0x80] [0xc1][0xd0]P&gt;[0xb][0xf5][0x83]G[0xf2][0x2]a[0x92][0x97][0x98][0xbc][0x8][0x8c]3[0xae][0x1c]wN;Su[0xd4]qF;[0xea][0xb0]q[0xa1]3[\r]82S]u[0xd1][0x85][0xb][0xff][0x16]7n[0xd4]s_[0xd2][0x90][0x2]v[0xe8][0x8c][0xcc][0xe4][0x9c]s[0xef]=[0x9f][0xbf]sN[0xc2][0xe3][0xbf]y[0x8][0xa0][0x13]kn[0x9c]C[0x9f][0xb][0xcd][0xe8][0x17]d@[0x90]A[0x9][0xaf][0xba]Q[0x81][0x11]qxM[0x90]QA[0xc6][0x4]y][0x90]q[0x9]A7[0x14][0xbc]!HH[0xc2][0xa4][0x1b][0xb5][0xe8][0x93]qC[0xf0][0xb0] S2n[0xca][0x98][0x16][0xe2][0x8c][0x1b][0xaf]`V[0xc2][0x9c][0x8c]y7[0x1a][0xb0] [0xe3][0x96][0x84]E[0x9][0xb7]%[0xbc][0xc9]PiD[0xe3]V*[0xc3][0xd0][0x18]Z[0xd7][0xdf][0xd3]7[0xb5][0xec]F[0xdc]\[0xd5]&amp;F[0xed][0xeb])[0xdd]4[0xfa][0x18][0x9c][0xb9]L&quot;[0xcb]P{[0xdb][0xd6][0xd1]L[0xc3][0xd2][0xe6][0xa6]C[0xf4][0xe0]H[0xc7][0x18]&lt;[0x85][}[0xc3][0xd2][0xd2][0x99][0xb8]iiS[0xfa][0xaa]1[0x96][0xca]$u[0x8b]T\[0x9]=k[0x5][0xcd][0xa8][0xb1][0xc9][0xc0][0x82][0xc][0xb2]8[0xb][\r]z[0xb2][0xd5][0xf5][0x95][0x4][0xc9]M[0x87][0x9c]&lt;y#[0x1f][0xb2][0x99]K[\n]&quot;
2013-02-06 13:51:56,543 AAD-WS DEBUG wire:63 - &gt;&gt; &quot;[0x13][0xca][0xa1][0xd2]Z[0x8b]g[[0xbb][0x18][0xd4]P$[0x95][0xd4][0xb2]9S[0xb3][\r][0xd7][0x8c]DZ[0x8b]&apos;[0xd3][0x9]mb[0x9c]D[0xdb]z\7[0xa3][0x9]##[0x92][0x98][0xd9]2[0xad]5[0xc3][0x8a]G[0xc8]C[0xdc][0x8c][[0x83][0xc]i[0xdf][0xf1]][0xfc]&apos;8[0x7] y[0x6][0x14][0xfe]y[0x2]r$[0x15][0xa5]bkCq[0xd3][0xb8][0x91]K[0xae][0x18][0x99][0xd9]B[0xf9][0xd5][0xab][0x86][0xb5][0xaf][0xcb]p[0xde][0x17][0xf4]?[0x13]V[0xf7][0xe8]f[0xc4]H[[0xf1][0x94]I[0xa0][0xd4][0x91]u[0xc1]]8V[0xc4][0x89][0xfb][0xfc][0x4][0xb6]&quot;[0xdc][0xee][0x83]|[0xee]([0xaf]e8[0xbb]gR[0xb9]L[0xc4][0x18][0x8b][0xb][0xe5]3[0x87]P[0xe8][0x14][0xa6][\n]&quot;
2013-02-06 13:51:56,543 AAD-WS DEBUG wire:63 - &gt;&gt; &quot;M[0xed][[\n]&quot;
2013-02-06 13:51:56,543 AAD-WS DEBUG wire:63 - &gt;&gt; &quot;.![0xa0][0xe0]&quot;[0xda][0x14][0xb4][0xa3]M[0xc2][0xdb][0xc][0xbd][0xc7][0x5][0xb3]u4[0x99][0xb6][0xb6][0xca][0xd2][0xaa]9x[0xa1][0x4]M[0xd3][0xc8][0x8c][0xd0][0xa4]d[0x8d][0xac][0x8][0xf8][0x8e][0x2][0x1f][0xfc][\n]&quot;
2013-02-06 13:51:56,544 AAD-WS DEBUG wire:63 - &gt;&gt; &quot;T[0x11][0xf0][0x5]x[0x15][0xbc][0x88][0x16][0x5][0x17][0xd0][0xca][0xd0]s[0xec][0xb8][0x13][0xe3]e1[0xaa][0xca]N&quot;[0xc4][0xb2][0x82][0x97]p[0x95][0xca][0xb6][0xdd]$t[0xea][0xf3][0x8c]E[\n]&quot;
2013-02-06 13:51:56,544 AAD-WS DEBUG wire:63 - &gt;&gt; &quot;[0xab][0xc3][0xb9]X[0xcc][0xa0][0x5]i [0x3][0xc2]V[0xe8]w[0x96][0xc3][0xea]S[0xa0]cE[0x10][0x1a][0xae]j[0xff]uoi[0xe0][0x7][0x8][0xd1][0x80][0xf7][0xc9][0xbc]+[0x88][0x82]H[0xc][0xab][0xc][0x17][0xf6][0x83][0xd8][0x9a][0xe1][0x9c][0x15][0x8e][\r][0xa7]rf4[[0xea]+M[0x8b][0xb7][0xdf][0xdb]%r#[0xb][0xee][0x1d][0xf4]2\y[0x9e]Z[0x8b][0xc9]R[0x12][0xe5][0x87][0xba][0xfd][0xd0][0xe1][0x95]u#B[0xc3]v[0xf6][0x88]A+([0xd3][0x14][0xd1][0xd4][0xfa][0x8e][0x1b][0x95][0xa1][0xe3]9vJ[0xb8]~[0xf7][0xff][0xd8][0xc1]c[0xaf]`pI[0xc4][0xac][0xd4][0xd3]i[0xc3][0x8c]2[0x4]|[0xa1][0x83][0xcd][0xee][0xf3][0x1f][0xba]*[0xf4][0x9f][0xb6][0xc3]S[0xda][0x9e][0xa3]^e+U[0xb8]a8[0xe5];[0xac]&apos;[0xb6]K[0x8f]D[0x8c],}yu[0xd1][0xd7][0xd7][0xe9][0xa3]b[0xcf][0xd3]X7[0xd3][0xf][0x2][0xed]?d8[0xc4][0xa4][0xd3][0xaf][0x84]C[0xc][0xbb][0xcd]i[0xde]mN{g[0xf3][0xf6]&quot;[0xa7][0xdd][0xb0][0xb9]j[0x9f][0xeb][0xc5]r[0x92][0x8f][0xe][0x88]?&apos;I[0x9d][0xd0][0x88]v[0xd1])M[0xe7][\n]&quot;
2013-02-06 13:51:56,545 AAD-WS DEBUG wire:63 - &gt;&gt; &quot;[0xe2][0xd7][0xd4]]0[0xf5]R[0x1e][0xe][0xd5][0x91][0x7]Wy[0x1e]Nu[0xf][0x15][0x8b][0xea][0x3]8vQ[0x99][0x87]$[0xee]d5[0x90][0x87]K[0xed][0xc8][0xc3][0xad]6:[0xf3][0xa8][0xfa][0x89]l[0x19].[0x13]m[0x83][0xb][0xe0][0xb3]p[0xf1]0j[0xf8][0x14]N[0xf2][0x9b]h[0xe1][0xd3]h[0xe7]s[0x8][0xf0]y\[0xe6][0xb][0xe8][0xe5][0xb7]H[0xbb][0x1b]W(7[0x11]]T[0xe6] ^AQ[0xaa]~,[0xb9][0xaa]$[0xe][0x1e]CO1[0xdd][0x6][0xfa][0xd0].[0x16]S[0xfe][0x88][0xa0][0xe0][0xc4][0xa7][0xc9]H[0xfe][0x82]R&quot;[0xf6][0x3][0x11][0xf7]#[0xc][0xf0][0xfe]mh{P[0xec][0xb4][0xe9][0xe3][0x12][0xf7][0x9e]n[0xe1][0x9e];wQ=[0xa9].[0x92]v`[0x7]5[0xcb]T[0xcc][0x87][0x8c]y[0x84][0xc2][0xc3][0xfb][0xff][0xfc]n{)e[0xd0]B1[0xc0][0xb3][0x90]x[0xe][\n]&quot;
2013-02-06 13:51:56,545 AAD-WS DEBUG wire:63 - &gt;&gt; &quot;[0xdf][0xa0]b6[0xd1][0xc0][0xb7][0xd0][0xc3][0xdf][0xc7][0x10][0xc9][0x93][0xfc][0x3][0xd2][0xec][0xc5][0xb5]B!l[0x88][0x8a][0x17][0x85][0xfc][0xb5][0x87][0xda][0xc5]][0xd4][0xd5][0x9f][0xd8]A[0xbd]g[0x7]&apos;[0xeb]O[0x91]@[0xbe][0xb9][0x90]O[0x17]d&apos;[0xc9];8[0xf3]3[0xce]z[0xbe][0xc2][0xf9]=4,[0x16][0xad]l[0x83]FR[0xa2][0xd7]]4[0xfd]Z(jk[0x1b][0xcb]B[0x12][0xa9]s[0xe7][0xf2][0x12][0xb5][0xa7][0xfb][0x11][0x6][0xd5][0x83]e[0x8a](v[0xa5]&quot;[0x84](V[0xf4][0x8c]l[0x9c]t[0x96]~[0x83]R([0xda][0xb9]M9&lt;[0xdd]X[0x81][0x81][0xf3]&gt;N[0xa8][0xb6][0xff]&quot; w[0xed][0xdb][0xef]p[0xf1]`~[0x9e][0xa7][0x8a]([0xa6])[0xed]7[0xef]*[0xaa][0x9][0xba][0x8f][0xd1][0xc9][0xef][0xa0][0x9b][0xdf]%[0xa8][0xee]a[0x96][0x82][0x5][0xfe])[0xd6][0xf9]g[0xb8][0xc3]?[0xc7][0xf7][0xfc]K&lt;[0xa0][0xbb][0xc7][0xfc]k[0xfc][0xc1][0xbf][0xc1][0x9f][0xfc][0xdb][0xb2]f;[0xf0][0xb2]=[0xbd][0xd7]1L[0xbc][0x89][0x9a]]A[0xff][0xb2][0xc][0x91][0xac][0x10][0x9f] [0xde]L|[0x9][0xec]_PK[0x7][0x8]a[0x1]|c[0x8c][0x4][0x0][0x0]6[0x9][0x0][0x0]PK[0x3][0x4][0x14][0x0][0x8][0x0][0x8][0x0][0xd4]|D5[0x0][0x0][0x0][0x0][0x0][0x0][0x0][0x0][0x0][0x0][0x0][0x0]6[0x0][0x0][0x0]com/sun/java/help/impl/JHelpPrintHandler$JHFrame.class[0x95]SMo[0xd3]@[0x10]}[0x1b][0xa7]q[0xe2][0xb8][0xb4][\r][0xa4]P[0xbe][0xdb][0x6]H\[0x1a][0x87]3[0xa8][0x97]J%DQU[0xd1][0x8a][0xfb][0xd6]^[0x9a][0xad][0x9c]udoZ[0xfa][0xaf]@[0x82][0x80]8 $[0x90]@[0x1c][0xf8]I[0x88][0xd9][0xc8][0x9]R[0xe0][0x10]lyw[0xe6][0xcd][0x9b][0xaf][0xdd][0xf1][0x8f]_[0x1f]?[0x1]h[0xa2][0xe9][0xa0][0x84]k%[0x14][0xb1][0xe6][0xd0]r[0xdd][0xc1][\r][0xdc]4[0xd2]-[0x7][0xb7]q[0xc7][0xc1]][0xac][0xdb][0xd8][0xb0]q[0x8f][0xa1][0xa0]{2[0xad][0xb5][0x18][0xbc]n[0x10][0xf7][0xfd]t[0xa8][0xfc]S~[0xc6][0xfd][0x9e][0x88][0x6][0xbe][0xec][0xf]&quot;[0xbf][0xd3]&amp;[0xf1] [0x91]J[0xb7][0xb9][\n]&quot;
2013-02-06 13:51:56,546 AAD-WS DEBUG wire:63 - &gt;&gt; &quot;#[0x91]&lt;f([0x1d]^([0xdd][0x13]Z[0x6][0x14][0xe1][0x89]TR[0xef]0l[0xd7][0xe7][0xf][0xd1]x[0xc1][0x90][0xdf][0x8d]C[0xc1][0xb0][0xd4][0x95]J[0xec][0xf][0xfb][0xc7]&quot;9[0xe2][0xc7][0x11]!%[0x1e][0x86][0xfb][0xb1][0x96]//[0x18][0xac][0xba][0xa1][0x16][0xcf]x$C[0xae][0xc9]X&gt;[0x11][0xfa]i[0xc2][0x7]=[0x19][0xa4][0xc][0xd5]z[0xa3];N[0xc6][0xcf][0xb5]?[0x81][0xa9]@[0xe7]0[0x1e]&amp;[0x81][0xd8][0x93]&amp;[0xde][0xea]_[0xf9][0x9b][0xc6][0xc7][0xc5]&quot;*.[0x1c][0x94]][0xdc][0xc7][0x3][0x1b]u[0x17]+[0x6]i[0xa0]b[0xc3]s[0xb1][0x85][0x87]6[0xb6]]\A[0x95][0xa1]5oo[0xb5]N{/[0xe1]}[0xca]kO%[0xf7][0x99]R&quot;[0xd9][0x8d]x[0x9a][\n]&quot;
2013-02-06 13:51:56,546 AAD-WS DEBUG wire:63 - &gt;&gt; &quot;[0xaa][0xba]bb[0xbc][0xf2][0xd3]s[0xa9]N[0xfc]N[0xc6]1[0x8d]=[0x8f]c}[0xc0][0x15]ikYcS[0xd6][0xc4]D[0xcd]U[0xff]i[0xa0],[0x93]S:J[0x4][0xa9][0xf5]y+[0xa6][0xe3][0xe2]A [0xd2][0xb4][0xf6][0xa8]E[0x93][0xb0][0xf3]?[0xf7][0x98][0x15]9[0xe6][0x8c][0xcd]T[0xdf][0xf2],F[0x3]W[0xa4][0x91][0x4][0xa8]us[0xde][0xb4][0xbb]0O[0x9e][0xbe]E\&quot;}[0x89][0xa4][\r][0xe4][0xe8][0x5][0x1c][0xef]=[0x98][0xb7][0xf5][0xe][0xb9]7c[0x9f]eZ[0xb][0xb4][0xc3][0xfa]L+]Q[0xc6][0xaf][0xd1]N([0x8a][0xde][0x8][0xd6][0x8][0xf9]?l[0xc7][0xc4][0xb1][0xbe][0xc0][0xb6][0xbe][0x12]ry[0xea][0xb1][0x9e]y,[0x90][0xc7][0xc2],[0xfd][0x1b][0xf2][0xd6]wB[0xe8][0xba]3[0xfa]fF/{o[0x91][0xfb][0x80][0xc2][0x8][0xf6][0xeb][0x99][0x8a]~[0x92][0xeb]*i9\[0xa5]zL([0x9a]V[0xfa][0xcb]6[0x81][0xdf]PK[0x7][0x8][0x88]e[0xfc][0xe][0xe9][0x1][0x0][0x0][0x90][0x3][0x0][0x0]PK[0x3][0x4][0x14][0x0][0x8][0x0][0x8][0x0][0xd4]|D5[0x0][0x0][0x0][0x0][0x0][0x0][0x0][0x0][0x0][0x0][0x0][0x0];[0x0][0x0][0x0]com/sun/java/help/impl/JHelpPrintHandler$JHEditorPane.class[0x8d][0x94][0xdb]O[0x13]A[0x14][0xc6][0xbf]a[0xb][0xa5]e[0xcb][0xa5]H[0xa1][0x8][0x2][0x8a]R[0xb6][0xc0][0xe0][0x85][0x7][0x83]1Q[0xb4]Ah[\r][0x9][0xc4][0x7][0xdf][0x96][0xee][0x0]k[0xda][0xdd]fw[0x96][0xcb][0xa5][0x89]B[0xe2][0x83][0xaf]&amp;[0xfe][0x9][0xea][0x83]&amp;j|31111![0x9e][0xdd]VzA][0xda][0xf4][0x9b][0x9d]9[0xdf][0xfc][0xf6][0xec][0x9c][0xb3]}s[0xfc][0xf2][0x15][0x80]9,[0xc4][0x11][0xc3]D[0xc][0x9d][0xb8][0x18]&apos;[0xb9][0xe4][0xcb][0xa4]/[0x97][0xe3][0xb8][0x82])?[0x9a][0x89]b:[0x8a][0x19][0x86][0xe][0xb9]c[0xba][0x93][0xf3][0xc]Z[0xbe]h[0x97][0xb9][0xeb]Y[0xfc][0x89][0xbe][0xab][0xf3][0x1d]Q[0xaa]p[0xb3]\)[0xf1][0x95]e[0xba]\sLK.[0xeb][0x96]Q[0x12][0xce]&quot;Cl[0xfd][0xc0][0x92];B[0x9a]E&quot;[0xdc]2-S[0xde]f[0x98][0xcd][0x9c][0x1d]1[0xfd][0x88]![0xb2]d[0x1b][0x82][0xa1]&apos;oZ[0xe2][0xa1]W[0xde][0x14][0xce][0x86][0xbe]Y[0xa2][0x95][0xe1]m![0xef][0x1b][0xa6][0xb4][0x9d]US[0xe6]lg[0xc9][0xb6][0xa4][0xb0][0xe4][0xc6]A[0x85][0x82][0xf3][0x99]|@/[0xe9][0xd6]6_[0x97][0x4][0xdd]^[0x9c][0xe][0x96][0xf6][0xb9][0xbb]G3.[0xc5][0xbe][0xe4]&apos;[0xfb])[0xdb]^[0xdd]0[\n]&quot;
2013-02-06 13:51:56,546 AAD-WS DEBUG wire:63 - &gt;&gt; &quot;[0xb6][0xe7][0x8a][0xbc][0xe9][0x12]H8[0xc][0x13]5[0x8a][0xbe]&apos;[0xb9][0xd8]%8o2[0x4][0xf9][0xf5];[0xa2]l[0xef][0x8a][0x96][0x9d][0xa9]?[0xb0][0x82]-M[0xdb][0xaa][0x7][0xa6][0xfe][0x8e]l[0xb6][0x5][0xe0]t[0x3][0xb8][0x95][0xe2][0xe7][0x9a][0xb3][0x8b][0x9e][0xfb][0xbf]\[0x9b][0xc][0x8d][0xb9][0xb6][0xec][0xec]&amp;[0xd8][0xaa]8[0xa8]/[0x8c][0x9d]B5[0x84][0x3]P_[0x15][0xd4][0xb4]+[0xbe]n{NQ[0xe4]L[0xbf]8[0xa9]S[0xc5][0x9c][0xf3][0x91]*[0x12][0x98]U[0x11]G[0x97]J[0x1d][0xc8]U[0xcc][0xfb]r[0x15][0xd7][0xa2][0xb8][0xae][0xe2][0x6][0x92]*[0xfa][0x90]dX8k[0x8b]L[0xae],Wk[0xb8][0xa6][t[[0xb5]e[0xfa][0xc0][0xa2][0xd4][0x96]J[0xba][0xeb][\n]&quot;
2013-02-06 13:51:56,547 AAD-WS DEBUG wire:63 - &gt;&gt; &quot;[0x97]a[0xb0][0xb1][0xfe]+[0x8d]F%[0x13]&lt;[0x95]+[0xe4]=[0xdb][0xa3][0xee][0xba][0xeb]mm[0x9]G[0x18][0xd4]~[0x99][0xc7]~[0xa8][0xcb][0xad]6[[0xb5][0xf5][0x12][0xbe][0xd1][0xb1]+[0x1b][0xba]CM[0xc8]0[0xd2]p`[0x86]e[0xf0]z,8[0xad][0xcc]Y[0x9f][0x86]a[0xb4][0xe8][0x8]][0x8a][0xf4]5[0xc6][0xe9][0xf5][0x8c][0xd1][0xdb][0xcb][0x90][0xf4][0xf][0x91]F[0x15][0xfe]&apos;NW[0x9]t[0x93][0xf6][0xd0][0xec][0xe][0xda][0xe8][0xb][0xa4][0xb5]#0-[0xfb][0x2]m[0x9a]r[0x8][0xc5][0x97][0x88][0xc6][0xe][0xd1][0xfe],@[0xf4][0x92][0xa6][0xd0][0xe](o[0x11]S[0xde][0xa1][y[0x8f]~[0xe5][0x3][0x86][0x94][0x8f][0x14][0xa5]:[0xd4]p7[0x9][0xa6][0xd0]8[0xa0]=G[[0xf6][0x10][0x1d][0x85][0x99][0xd7][0x88]i[0xd9]#D[0xb]3OOPID[0x8][0xf5][0x89]P[0x9f][0x91]P[0xbe][0x10][0xea]+E[0xfa]q[0xae][0x86]I[0xd3][0xcf][0xcf][0x8a][0xd5][0xef][0xde]A#[0x94]o[0xa4][0x3][0xe1][0xb6][0xef][0xa4])[0xc][0x86][0xd9]~[0x90][0xe][0x85][0xdb]~[0x92][0xa6]1[0x1c]f[0xfb]Ez&gt;[0xdc]vL:[0x82][0xd1][0x10][[0x84][0x91]^[0x8][0xb7]Ehy,[0x8][0x8e]#[[0xab]n&apos;[0xfd]&apos;k[0xc0]oPK[0x7][0x8][0xb7][0xba]}[0xb3][0x95][0x2][0x0][0x0][0xbe][0x5][0x0][0x0]PK[0x3][0x4][0x14][0x0][0x8][0x0][0x8][0x0][0xd4]|D5[0x0][0x0][0x0][0x0][0x0][0x0][0x0][0x0][0x0][0x0][0x0][0x0].[0x0][0x0][0x0]com/sun/java/help/impl/JHelpPrintHandler.class[0x95]Y{`T[0xe5][0x95][0xff][0x1d]&amp;[0xc9][0x9d][0xc][0x97]$[0x84][0x80][0x84][0x87]F^N&amp;[0x9][0xc1]&apos;[0x18][0x14][0xe5][0x91][0x90][0x84]$[0x84]$@#[0xb6]0Ln[0xc2][0xe8]df[0x9c][0xb9][0x1]b}[0xd4][0x16]_[0x15][0xb0]j[0xb5][0xa2]V[mM[0xb5][0xd6][0x2][0xc2][0x80]M[0xeb]Bw[0x17][0xd4][0xdd][0xee][0xa3][0xdd][0xee][0xd3][0xbe][0xbb][0xdd][0xee][0xb3]n[0xf7][0xdd][0xdd][0x95][0xfe][0xce][0xbd][0x93][0xc9]d2[0xb4][0xf0]G[0xce]w[0xbf][0xf3][0x9d]s[0xbe]s[0xce]w[0xce][0xf9][0xce]7y[0xf7][0x83][0xaf][0xbd][0x5]`[0xa9]|[0xd9][0x7][0x1f][0xfe]Z[0xc1][0xdf][0xf8]0[0x84][0xf7][0x8a][0xf9][0xf5]=[0x5][0xdf]W[0xf0][0x3][0x3]?[0xf4][0xc1][0xc0]{[\n]&quot;
2013-02-06 13:51:56,547 AAD-WS DEBUG wire:63 - &gt;&gt; &quot;~d[0xe0][0xc7]J[0xf8][0x13][0x9d][0xfc]T[0x97][0xff][0xd6][0x87]R[0xfc][0xcc][0xc0][0xdf][0xe9][0xf8]s[0x5][0xaf][0xe0][0x1f][0xbc]8`[0xe0][0x1f]}[0xa8][0xc0]?)[0xc3][0xcf]|[0xf8]g[0xfc][0x8b][0x81]_[0xf8]0[0x1b][0xef][0x1b][0xf8]W[0x1f][0xe6][0xe0]}][0xf9][0xa5][0x17][0xff][0xe6]C/[0xfe]]&apos;[0xff][0xa1][0xe0]?[0x15][0xfc][0x97][0x82][0xff][0x9e][0x8a][0xff][0xc1][0xaf][0xf4][0xeb][\r][0xfc][0x9f][0xf][0x8b][0xf1][0xff][\n]&quot;
2013-02-06 13:51:56,550 AAD-WS DEBUG wire:63 - &gt;&gt; &quot;&gt;0p[0xce][0x7][0xbf][0x10][0xef][0xc7][0x7][0xfa]%[0xee][0x97]L[0x11][0x8f]![0x5]&gt;,[0xc5]{^)[0xe4](E[\n]&quot;
2013-02-06 13:51:56,551 AAD-WS DEBUG wire:77 - &gt;&gt; &quot;[0xc][0x5]^C[0x8a][0xbd][0xe2][0xf3][0xc9]T[0xbc][0xef][0x15][0x93][0xa3]LS|[0x9][0xcd][0x90]Rn&quot;e&quot;
2013-02-06 13:51:56,551 AAD-WS DEBUG wire:63 - &gt;&gt; &quot;&gt;[0x99].[0xe5][0xfa]5[0xc3][0x8b][0xc7]t[0xac][0xd0][0xb5][0x99][0x8a].3d[0x96]b.Q0[0x9b][0xda]K[0xa5][0xae][0xcd][0xf1][0xe2]IC[0xe6][0x1a]2[0xcf][0x90][0xf9][0xb4]M.[0xd5][0xa5][0xcb][0x94][0xa8][0xca]&apos;[0x97][0xcb][0x2][0x5][0x97][0x15][0xcb]BY[0xa4]`[0xb1][0x82]%[\n]&quot;
2013-02-06 13:51:56,553 AAD-WS DEBUG wire:63 - &gt;&gt; &quot;[0xae]p[0x16]Tc?[0x8d][0x94][0xea]b[0x9]H[0x8d][0x8f][0xa0][0xd6][0x90]:[0x9d],5[0xa4]^[0xe7][0xcb]|[0xd8]&amp;W[0xfa][0xe4]*[0xb9]Z[0xc1]5[0x86]\k[0xc8]u[0xc5][0xb2]\V[0xf8][0xe4]zi[0xf0]a[0x87][0xac]4[0xe4][0x6][0x1f],[0x9e][0x91][0xdc]([0xab][0x14][0xdc][0xe4][0x93][0x9b]e[0xb5][0x82]5[0xc5][0xb0]d[0xad][0xe2][0xd6][0x15][0xf2][0xb8]q[0xef][0xb9]s[0xe7][0x14][0xdf][0xa8][0xf8]&amp;[0xc5][0xaf]7[0xa4][0xd9][0x87][0x84][0xb4](h5d[0x83]!m[0x86][0xb4][0xb][0xcc][0xd6][0xe6][0xc6][0xbe][0xb0][0x1d]Kt[0x6][0xa3][0x16][0xa7]-[0xd1][0xa8][0x95]X[0x1b][0x9]&amp;[0x93]V[0xd2][0x90][0xe][0x81][0xd1][0xda][0xdc][0x94][0x8][0xe]Z[0x86]l[0xe4]a[0xb4]6w[0x6][0x7][0xac][0xe0][0xce][0x8][0xe7][0x9d][0x82][0x92][0xc6][0xc1][0xb8]=[0xdc][0x99][0x8]Gm[0x17][0xb7]I0[0x95]4[0xe3][0x88].[0xc1]4e[0xe9]I[0x4][0xa3][0xc9][0xfe]Xb[0x90][0x4][0xce]r[0xcf][0xae][0x84][0x15][0xec][0x13][0x94][0xea]j[0xb7]e[0xf][0xc5][0xc7]0[0xd3];[0xbb]Z:z[0xb6][0xaf][0xd9][0xdc][0xd3][0xb3][0xb1]c{[0xc7][0xea][0xf6]FAy[0xdb]m[0xc1][0xdd][0xc1][0xfa]H0:P[0xdf]m[0x93]`%[0x5][0xaf][0x8d]E[0x93]v0jo[0x9]F[0x86],[0xaf]t[0xb]fu[0xae]^[0xdf][0xb8][0xbd][0xbb][0xb1]gs[0xe7]D[0x1][0x97][0xb8]B[0xdb]V[0xf7]4ve[0xaf]x[0xa5][0x87]6ZQ[0xd5][0x96]{[0xcb]-42[0xae][0xfa]Y[0x89][0xd6][0xd8]N[0xc1]\w[0xe3][0xe0][0x1e][0xbb][0xde]A[0xd7]wf[0x16]W*)[0x95]o[0xa2]UA;[0x1f]if[0x91][0xa4][0x5][0xbb][0xac]H|[0xcc][0x90][0xbd][0xf5]:[0xab]om&amp;[0xe4]Z[0xb1][0xce][0xda]c}V[0x84][0x16]d[0x13]4[0x8f][0xe1]I4[0xb5]/[0x16][0x1a][0x1a][0xb4][0xa2][0xf6][0xe6][0xae]6z[0xde][0xdd],j[0xd9][0xf5][0x9c][0xab]3[0xc6][0x96]{[0xc2]v[0x84]&apos;[0xe9][0xdd][0x15][0x8c][0xf6]E[0xac]D[0x92][0xb6][0xbb][0xb4]Cv8R[0xbf][0xd5][\n]&quot;
2013-02-06 13:51:56,553 AAD-WS DEBUG wire:63 - &gt;&gt; &quot;[0xde][0xde][0x1c]L[0xee]j[0xf][0xea][0xc6][0xd3]B[0xa4][0xa2][0xfb][0x87][0xe2][0xf1]X[0x82]&amp;,Mo[0x9e][0xdc]C[0xf][0xd7][[0xbb])[0xae][0xbe][[0xbf];[0x13][0xb1][0xb8][0x95][0xb0][0x87][0xd7]f[0xd3]S@a[0x9f][0xb5]sh[0xc0][0xa3]A&apos;([0xba]![0x1c][\r][0xdb][0xab][0x4]3[0xfd][0x93][0xad][0xac][0xde]B[0x1f][0xac][0xa5]-&lt;[0xf2][0xb6]p[0xd4][0xea][0x18][0x1a][0xdc]i%z[0xd4][0xef][0x82][0x8a][0x1][0xcb]v[0xc8][0x1c][0xef]6[0xbb][0x9a][0xb]V[0xe5][0x93][0xd3][0x16][0x8a][\r][0xd6]&apos;[0x87][0xa2][0xf5][0x8e]Q[0xce]Jx0[0x1e][0xa9][0x9f][0xc4]O[0xf5][0xca][0xfb][0xc3][0x9]k[0xa2][0xee][0x82][0xeb][0xfd][0x93][0x83])[0xb][0xb3]q[0xe7]mV[0xc8][0xce][0x83]Q[0xb]*[0x83]}}[0x13][0xe5][0xb5][0x85][0x93][0xb6][0x15]Um[0x97][0xa4][0xe5][0xee][0xb4][0x18][0xea][0xf5][0xf9][0xa9][0x1c]![0xf3][0x12][0xd6]`l[0xb7]u&gt;9[0xc5][0xe1]d[0xe3]X&lt;z[0xfc][0xd5][0x1a][0x91]I[0xcb][0xce][0xa0][\n]&quot;
2013-02-06 13:51:56,554 AAD-WS DEBUG wire:63 - &gt;&gt; &quot;[0xfc][0xb7][0xa8][0x90][0xd2]`[0xc8][0xe][0xc7][0xa2][0x9d]VB[0xb3]J[0x17].[0xf3][0x8f][0x7][0xa0]{t[0xab][0x1d][0x92]F[0xfd]v6v#[0xdb]I6G4Q[0x85][0xe][0x8a]I[0xe7][0x9f][0x18]P[0xba]V[0xee][0xdf]6[0x19]i[0xf0][0xa8][0x9a][0x9d]P[0xae][0xf0]W[0xe7][0xb]f% qReVo[0x9b][0x14][0xa6]\[0xed][0xcc]J[0x9a][0xf9]i![0xe7]K[0x9b]B[0xa5]o[0xa2][0xea][0xeb][0xac]x[0xc2][\n]&quot;
2013-02-06 13:51:56,554 AAD-WS DEBUG wire:63 - &gt;&gt; &quot;[0x5]m[0xb5]tZr[0xa2][0x90]K[0xfd][0xbf]A[0x86]ce[0xd2][0x95][0xe2][0xec][0x9e][0x95][0xdd][0xf9]v[0xcf][0xce][0xef]R7[0x89]2%[0x8a][0xb9][0x94][0xb5][0xd5][0xda][0xd8]`&lt;[0x16][0x1d]s[0xae][0x99]t[0x1d][0x93][0xce][0xe3]J[0xfe]DvH[0x7]&amp;[0x90][0xce][0x9e][0xe8][0xc8][0xec][0xa4]/&apos;[0xe5][0xd6]p[0xb4]/[0xb6][0x87][0xd6][0xb8]q(X[0xec][0xcf][0x13][0x9c][0xe3]j[0xb9][0xf4]d[0x9e]I[0xe6][0x96]([0xd5]J[0x92][0x99][0xb5][0xd2][0xe][0x86][0x9d][0x0][0xbb]b[0x82][\r]it[0xb6][0x4][0x97][0x89][0x12][0xe6][0x87]X[0x92]m[0xcb][0xbd]!6[0x84][0xed][0xb4][0x1c][0xad]2[0xc3]q[0xa6][0xd2][0xb2]&lt;[0xa9]T=[0xa1][0x86][0xd8][0xd6]^[0xbb]&gt;[0xc3][0xaf]%[0x93]Jm[0x9][{[0xba][0xac][0x90][0xa0][0xde]?[0x99]X[0x17]W65e[0xa9]CRV[0xf9][0x81][0x88]E[0xf6][0xb2]x&quot;[0x16][0xb2][0x92][0xc9][0xc6][0xbd]!+[0xae][0xd1][0xad][0xee][0xcb]R&quot;[0x83]w[0x1c]=3[0x9f]~[0x9a][0x8][0xc1][0x90][\n]&quot;
2013-02-06 13:51:56,555 AAD-WS DEBUG wire:63 - &gt;&gt; &quot;Y[0xb4]l[0xd9]2[0xe6][[0xf7]p[0xd4][0xde]e[0xd9][0xe1][0xd0][0xf8][0xc2][0x95][0xba][0xc0][0xf2]s[0xc1][0xb5]&amp;o*[0xf8][0xba]cC[0x89][0x90][0xd5][0x14][0xd6][0x1a]7k[0x12][0xd3]Re1[0x91][0xc2][0x9][0x13][0xcf][0xe3];&amp;&gt;[0x87][0xa3]&amp;[0xe][0xe0][0xa0][0x89]&apos;[0xf0]i[0x13][0xcf][0xe0]Y[0x9a][0x90][0xb7]v[0x9b][0xb2]Yh[0x87][0xff]B[0xf5]S[0xd9][0x9f]7e[0xab]|[0xc8][0xc4]s[0xf8][0xac][0x89][0x97]1&quot;[0xa8][0xbd][0x98]jO[0x11][0xd2]k[0xe2]Kx[0xc5][0xc4][0xab]x[0x85][0xe9]=[0xee][0xda]5[0xb1]X[0x84]UOwy[0xdd][0x90][L[0xd9]&amp;[0xb7][0xd2][0xe2][0xcc][0x9][0xb6][[0xd1][0xa1]L[0xb6][0x98][0xf2]a[0xf9][0x8]C{r[0x1e][0x99][0xf8]2^[0xcb]n[0x9][0xd6][0xc][0xd9]v,j[0xca]v[0xd9]a[0xe2][0x88]z[0xe7]$[0xde]4[0xf1][0x6][0x8e][0x9b]8[0x8b][0xb7][\r][0x9][0x9a][0xb2]SB[0x8a]9&amp;Xq[0xa1][0xde]X[0x94][0xd3]s[0xa8]i}[0xa6]X8*[0xb8][0xe6][0xc2][0x85][0x8c][0xb7]1*[0xa0]_[0xc1][0x80]![0xbb]L[0x9][0xcb]mc[0xd6]gE[0xde][0x9a][0xa1][0xfe]~M[0xbf]2m[0x1a][0x92]Uv[0xac][0xca][0xa9]8[\r]U[0xa6][0xdc].[0x11][0x5][0x83][0xa6]D[0xd5]5fv[0xd1]d[0xa5][0xae][0xaa][0xaa]2$&amp;[0x98][0xa2][0xb4]q[0xda]K[0xda];L&lt;[0x86][0xc7]M[0x9c][0xc6]7[\r]I[0x98][0x92][0xc4][0xa8][0x89][0xaf])x[0xb][0xbf]c[0xe2]Q|[0x8a][0x1d]I[0x96][\n]&quot;
2013-02-06 13:51:56,555 AAD-WS DEBUG wire:63 - &gt;&gt; &quot;Vh([0x11][0xb6][0x87]3[0xf9]a[0xe2]+x[0xdd][0xc4][0x9f][0xe2][0xdb][0xa6][0xd8][0x1a]|O[0xe2])[0xb6][0x15][0x99]Cq[0x9a]&gt;[0x9e]E[0x6][0xb1].[0x1c][0x8c][0xc4][0x6][0xb2]1n[0xa1]1eHv+[0xd8]c[0xe2][0x1d][0xbc]k[0xc8]^S[0x86][0xe5]NC&gt;j[0xca]]r[0xb7])[0xf7]([0xb8]W[0xc1][0xc7][0x14][0xdc]&apos;[0x1f]7[0xe5][0x13][0xb2][0xcf][0x90][0xfb]My@[0x1e]4[0xe5]!y[0x98]^[0xc9]u[0x97])[0x9f][0x94][0x7][0xc7][0xe2][0xdf][0xc1];mi[,[0xd8][0xc7]x[0x96]Gd[0xbf])[0x7][0xe4][0xa0]![0x8f][0x9a][0xf2])9h[0xca]c[0x1a]ss[0xce]_|[0x4]3[0xc6]e[0xf1][0xdc]b{[0xdc][0x16][0xf5]qS[0x9e][0x90]O[0x1b][0xf2][0xa4])O1[0xc2][0xe5]3*[0xa7]|r[0xf5]1[0xe4]iS[0xe][0xc9]3[0xa6]&lt;+[0xcf][0x19][0xf2]YS[0x9e][0x97][0x17]L[0xf9][0x9c]0[0xb1]^T[0xcb]^[0x92][0xe7]L[0xf9][0x82]N[0xbf][0xa8][0xd3][0x97][0x85])6{[0x92]&gt;kb{[0xb5][0xc4][0x99][0xf2]%y[0xc5][0x94]W[0xe5][0x95][0x9][0xb6][0x8f][0xd5][0xf8][0xf9]y[0xaf][0xf2][0xf1]&amp;[0xe1][0xda][0xb][0xe][0xd3][0x89][\r][0xfe][0xb2][0x8b][0xe0]K[0x87][0xc0][0xd5][0x17][0xc1]2[0xf6]:[0x10],[0xbf]`[0xae][0x89]o[0x88][0x8b][0xc9][0xc0][0xac][0x97][0x86][0xe0][0xba][0x8b][0xca][0xfe]I[0xef][0x11][0xb7][0xd4][0xf0],[0x9c]Y[0x1b]o[0xbd][0xc4][0x18][0xca][0xc3]+k[0xbc][0xbd][0xcb]s[0xeb]f[0xa3]H[0x1e][0x1f]&quot;[0xf9][0x8a]&lt;[0xe4][0x17](`f[0xbe][0x9d][0xb6][0xa4]c;{[0xc7][[0x8c]J[0xba][0xd7][0xcd]xg[0x96]#W;[0xb3][0xe][0xe7]H&apos;[0x12]d[0x1e]TE[0xd6][0x1d]C[0xc1]H[0xf2]&lt;[0x1a][0xb0][0x11][0xad][0xc8][0xd7][0xa6][0xb8]m[0xd5][0xda][0xa1]Db[0xec]qR6&amp;~[0xbc][0xef][0xab][0xbb][0x98][0xbb][0xd4][0xe9][0xd8][0xec][0xa0][0xbe]HV^[0x4][0xdf][0xe4]f[0xf5][0x86][0x8b][0xe0][0xce][0xd3][0xeb][0x96][0xe5][0xde][0xe9]D[0xa9][0x9b][0xad][0x8][0x1d]b[0xf5][0xb5][0xd8][0xd6]`[0xd2]i[0xdf][0xb6]e[0xdf][0xfe]=[0x9][0xcb][0xd2]%uh0[0x1e][0xb7][0xa2][0xec]Xk[0xcf][0xdb](M[0xbe]![0xc8]7[0xd7][0xdf][0xf2][0x1b]V[0xbd]v[0xcc][0xc5][0xa4]+Z[0xce][0xbe][0xdc][0xd6]m[0xc1]s[0xb6][0xcd][0x13]r9[0x82]+[0xcf][0xdb][0xb][0xeb][0xf3][0xd3][0xea][0xf][0xe]E[0x9c][0xbe][0x9b][0xa1][0x94][0x1c][0xb][0xa5]b[0xa7][0xa1]O818&apos;[0xbb][0x9d]v[0xef][0xfc][0xb1][0xee][0x92][0xf7]a[0xf6]b[0xf6]B[0xf9]d[0xac]+[0xd6]mCi[0xa4]?_oZ[0x9a][0x83][0xa2][0xd9];cLX[0xda]/-|&amp;E[0xac]~[0xaa]T[0x98][0x8][0xf][0xec][0xe2][0xe8][0xb1]c&lt;=/[0xa5][0xa6]cv[0xde][0xc4][0xa6][0xbb][0x87][0xa5]9[0xbb][0xf1][0xf6][0xa5][[0xf4]nM[0xfd]Y[0x93][0x1b]t[0xe2][0xc7]T[0x9f][0x88][0xa5]b[0xb7][0x87][0x9d][0xf6][0xb8][0xcb][0x1a]`[0xb9]N[0xc]O[0xfc][0xf5]&quot;[0x93][0x8d][0xba][0xc3][0x6]kx][0xd0][0xe][0xfe][0xd6]j[0x91]&apos;b2r[0xa6]s;[0xf7]R[0x1c][0xdf]P[0xbd][0xe7][0xe2][0xf4]![0x92][0xcd][0x96]u[0x87][0xea][0xf][0xf][0x11]~9[0xa8][0x9c]WE[0x9e][\r][0x1d][0xb2][0x8c][0xdf][0xc7]Q[0xc][0x6][0xd6]Q7[0x18][0xa6]F[0xad]=-[0xce]o2Z[0x86][0xb2][0xaf][0xf4][0xe1][0xa4][0x13][0x99][0x1e]+A[0x95]f[0xba]b[0xc3]17[0xc2][0xb8][0x99][0x15][0xd4]t[0x99][0x91][0x7]M[0xf1]N0FX[0x88][0xb]C[0x91][0x98]^b3[0xf3]&gt;[0x1a][0xdc][0xa8][0xec][0xe][0xdf]I[0x8a]B?_[0x10][0xcc][0xe0][0x12]=[0xf0]p4&lt;84[0xd8][0x1d][0xf]F[0xf5][0xf5][0xdc]R[0xdd]4[0xd6][0xe7]8[0xaa][0xb5][0x7][0xed]][0xc4][0x87][0xac]pD[0x97][0xd7]U[0xaf][0xa3][0x9a][0x83][0xc1][0xbd]*[0xa4][0xb5][0xb5][0xba][0x95][0xe3][0x9e]p[0x9f][0xd2][0x94]9[0xaf]G[0x8b][0xb9][0x92][0xb0][0xfa]\q[0x9e][0xc1]0a[0xd1].[0xcb][0x8d]2#[0xfd][0xb8][0xd1]Th[0xc9][0xf3][0x10]r[0xde]6n[0x18]nue[0xf2][0x15][0xde][0xe2][0x9e]W[0xb3]#[0x3][0x97]C[0xa0][0x15][0xec][0xc6]4T[0xe2][0x1]&lt;[0xc8][0xef][0x87][0x0]L[0xc1][0xc3][0x9c]2k&gt;[0x9f][0xf3]G[0xb2][0xe6][0xfb][0xf9][0xc7][0xc7][0x83][0xf3][0xcd][0xf6][0xcf][0x19][0xd9]&quot;:#[0xdf][0x13][0xce][0xc8]&amp;[0xcf][0x19]?[0x83][0xa7][0x9d][0xf1][0x10][0xf9][0xc1][0x1d][0xf9][0xd4][0xe0]X[0xa0]o[0x3][0x8e]s[0xf8][0x1c]9[0x98][0x91][0xfb][0x2]w[0x12]}?[0x10][0xbe]H[0xcc][0xd5][0xc4]M[0xe1]X[0x1a]8[0x1]O[0xa0][0xe0]8[\n]&quot;
2013-02-06 13:51:56,556 AAD-WS DEBUG wire:63 - &gt;&gt; &quot;[0x2]5[0xc7]Qx[0xc4][0xf9][\r][0xe8]%[0xc2]r[\n]&quot;
2013-02-06 13:51:56,556 AAD-WS DEBUG wire:63 - &gt;&gt; &quot;[0x2][0xd6][0x10].G1[0xd6][0xa2][0x4][0xeb]8~[0x1]_L[0xb][0x88][0xc0][0xe3][0x8]X!mGQt[0x16]e[0xa3]0zO[0xc0][0xfb][0x6][0x8a]FPBT [0x85][0xe2]S[0xf0][0xb5][0xd5][0x9c][0xc5][0xcc]Q[0xf8]z[0xb9][0xd1]T%[\r][0xd4][0xa4]`n[0xad]9[0x9c][0xd9]i[0x1][0xbc][0x84]-[0x94][0xd6][0xca][0xaf][\r][0x98][0x89]vTa#[0x16][0xa1][0x13]u[0xd8][0x84][0xeb][0xd0]M-[0xf8][0xd6]I[0xef][0xbc][0x9c]3[0xd5]mF[0xe0][0x18][0xa6][0x9d]E[0xc1][0x11][0x1d]kj[0xeb]R([0xc9]U?[0x4][0x3]}[0x14][0xda][0xcf][0xf9][0x0]O[0x85][0xef][0x9e][0xb4][0x90][0x9b][0xb9][0xae][0xea][0xcf]s[0x85][0x94][0x6]FQ[0xaa]*[0x96][0x1d][0xc7]4G^[\n]&quot;
2013-02-06 13:51:56,557 AAD-WS DEBUG wire:63 - &gt;&gt; &quot;[0xd3]s[0xa5][0xdd]Ii[0x1f][0xc5][0xc][0xdc][0x8d][0xb9][0xb8][0x87][0xd2]^[0xcd]H[0xbb]6[0xed][0xcd][0xe9][0x13]TJ[0xa1]&lt;W[0xc4]#[0x14][0xb1][0x9f][\n]&quot;
2013-02-06 13:51:56,557 AAD-WS DEBUG wire:63 - &gt;&gt; &quot;[0x1d]D[0x19][0x8f]W[0xf4][0xa9][0x94][0x16][0xa1][0xc7]#[0x1c][0xb][0xc9]Z[0xf0]Z[0x86][0xad][0xc8]A&gt;M[0xc8]N?M[0xda]H[0xac][0xfe]Zw[0xb9][0x92][0xde][0x18][0x98][0xab][0x87]W&gt;c[0x14][0x15][0xbd][0xf3]N[0xa8][0xaf]+z[0xe7]rLaV[0xee][0xee]/[0xa1][0x90]&apos;[0xe8][0xe3][0x19]V[0xd1][0x9f][0x82][0xaf][0xe2]pZ[0xe4][0x1b]T_)[0x6][0xa4][0x9d]j_[0xd2]Qw[0x1a][0xb3][0xf]aj[0xdd])[0xcc]N[0xa1][0xb2][0x9d][0xd3]9[0xee]tN[\n]&quot;
2013-02-06 13:51:56,557 AAD-WS DEBUG wire:63 - &gt;&gt; &quot;s[0xdb]y[0xb4][0xf3][0xe][0xe1][0xc6][0xda]3[0x98]Q[&gt;?[0x85]K[0xf][0xc1]G[0xdc]e#[0xa8][0xa6][0xb][0xe5][0xc]J[0x2][0x1c][0xab]R[0xb8]|[0x4][0x97]pa[0xc1][0x19][0x94][0x5]t|[0x13][0xb][0x85]O[0xe5]E[0xe3][0x8a]50[0xb0]@E[0xa6]P[0x15][0x83][0xaf][0xc3][0x12][0x1c][0xc5],[0xaa]3[0x1f][0xc7][0xb0][0x18]&apos;P[0xcb][0xc7][0xe2][0xf5]x[0x93][0xe7]5[0x8a][0xf5][0xf8]:[0xba][0xf0][\r][0xf4][0xf2]u[0xd4][0x8f]oR[0x2]_[0x93][0x99]x[0xf6]8[0x9e][0x9a][0xe1][0xea]V2[0x8a][0xc5]z[0x9c]KR[0xb8]b|[0xb3][0x12][0xc7]mg[0xb8][0xd1]Yz[0xe4][0x1d]b[0xf9][0xe4]L[0xb][0xb8]&amp;[0x1d][0x10][0x15][0xae][0x80][0xd2]Q[0xf8]{[0x3]5&apos;P[0x9d]B W[0xc2][0x1f]R[0xc2][0xb7][0x18][0x8][0xec]H8[0xfe][$[0xd0][0xa1][0xb5][0xb9][0x12][0xbe]M[0x9][0xdf][0xa1][0x84][0xef][0x92]#E3&apos;[0xc7]@[0xe1][0xe1][0x9c][0x18][0xf8]K[0x92][0xf2][0xe1][0x9c]&amp;=[0x96]N[0x2][[0xda]\[0x97]GtH[0xa1][0xae][0x9d][0xa7][0xb2]c[0x14]K[0x99][0x8b][0xf5][0xe5][0xcb]R[0xb8][0xb2][0xf6][0xad][0x14][0xae]J[0xe1][0xea][0x93][0x98]R[0xfb][0xd6]7pM[0x9b]g[0xd5][0x8]V[0x8c]Q\[0xab][0x14][0xf3][0xb9]~[0x1d]?[0xca][0x97][0x8f][0xcd]V[0xa4]p[0xbd][0xcb]S3[0xdf]Et[0xef][0xf3][0xc8][0xfc][0xda][0xb7]&gt;[0xee][0xed][0xac][0xd4]][0x8a][0xa9][0x84][0xef]Q[0xb3][0xef][0xb1]8|[0x1f][0xd3][0xf1][0x3][0xa6][0xef][0xf]yj?[0xc2]U[0xf8]1S[0xf5]&apos;[0xd8][0x81][0x9f]&quot;[0xcc][0xef][0x4]~N.&gt;n[0xd3][0x16][0xac]&quot;[0x97][0xda]u)[0x8d]m`[0x8d][0xa0][0xd7]V:[0x91][0xc3]1[0x85][0x1b][0x8e][0xa3]A[0x17][0xe][0xe7]8[0xee][0x17][0x1c][0xdf]g[0xcd][0xfc]%[0xb1]_[0xa7][0xac])9[0x8e]K[0xe1][0xc6]\[0xc7][0xfd][0x8a]![0xe3][0xfe][0xb6][0xcd]Guz[0xf3]ut[0x9e]&apos;[0x9d][0xfe][\r]5/[0xbb][0x19][0xdb][0xd0][0xae]5[0xb0]!P[0xbe][0xaa][0xb6]fB[0xf6][0xcc]b[0xde]@X[0xe1]e[\n]&quot;
2013-02-06 13:51:56,558 AAD-WS DEBUG wire:63 - &gt;&gt; &quot;J[0xc4][0x83][0x19]R[0x80][0xb9]R[0xc8][0xd5]S[0x94][0xe8][0xaa][0xb0] ][0x2][0x9c][0xfa]v[0xd3]8[0xaf]O[0xb1]b[0xa2]P[0xa6]e[0xf4]8[0xed][0x4][0xaf]r[0xf5][0xa4][0xb9][0xaa][0xb8][0xfd][0xcd]g[0x99],&apos;[0xb1][0xfa]8n[0x1e][0xc1][0xb4][0xb6][0x80]&apos;[0x85][0xb5]5&apos;[0xb1]N[0x97]4O[\r][0x9a]&gt;[0x9d][0x15][0xd9][0x95];[0x87][0xd6]A[0xca]`H9u[0x9a][0x81][0xe9]R[0x81]Kd&amp;[0xf5][0x9a]M[0x8a][0xdf][0xc5][0xef][0xa5]wX[0x98][0xde][0xc1][0xa8][0xd1]Lm[0xcc]Ul[0x1][0x8a]d!1[0xbf][0xcf][0xb4][0x18]/[0xaf][0x9e]tymr&lt;[0xd2][0x14](_[0x9f][0xe3][0x11][0xa7][0x9e][0xc8][0x12]Zu[0x5]|[0xe2]G[0xb9]Ts[0xe5],[0xde][0xce][0x13][0xc9]M9[0x7]&quot;[0xf5],[0x80][0xef][0xe0][0xdd]4i[0x92][0xa3]*xS[0xe0][0xc][0xeb][0xe7]i4?[0xc3]br[0x1a]-[0x87][0xe0][\r][0x9c]B[0xeb]a[0x6][0xb8]S[0x8c]J[0x2]N1[0xda][0xd0]6[0x82][0xf2][0x80][[0x8f][0x2]N=jk[0xa3][0x97][0xda]s[0xee][0x13]YE[0x9d]n[0xa2]GV[0xa3]R[0xd6][0xa0]J[0xd6][0xa2]F[0xd6][0xe1]*iD[0x83][0xac]&apos;[0xc5][0x1f]0[0x8b]][0x5][0x9e][0xa5][0xb9]j[0xf0]6[0x6]OG[0x1b][0xc1][0xc6][\r]#[0xd8][0xa0][0x93][0xf6][0x9a][0xde]c[0xe8][0xac][0xe5][0xdf][0x8e][0xe3][0xe8][0xd4][0xc9]&amp;N6q[0xb2]I&apos;][0x9c]tq[0xd2][0xa5][0x93]nN[0xba]9[0xe9][0xa6]n[0xad][0x87][0xf4][0x12]4)[0xa2]gC[0xe0][0xec][0xb9][0x13][0xb9][0x19]#[0x1b][0xe8][0xb8]6L[0x93]v*[0xd9][0x81][0xcb]d#j[0xa5][0x13][0xd7][0xcb]&amp;4I[0x17][0xda][0xa5][0x1b][0x9d]\[0xef][0x95]-[0xe4][0xf8][0x16][0xfe][0xc8]UT[0x2]T[0xb3][0x98][0x98][0x17][0xa5]][0x93][0xbd][0xa3][0xee][0xc]Kr[\n]&quot;
2013-02-06 13:51:56,558 AAD-WS DEBUG wire:63 - &gt;&gt; &quot;[0x9b][0xdb]G[0xe8]*V[0xd7][0xf6][0xda][0xb3][0x94]{[0xb8][0xf6]M[0xb0]ij([0xa8],p[0xa6][0x95][0x5]G[0xb1][0x95][0xa7][0xf7][0xa1]S[0xe8]m([0xac],[0xcc] oq[0x91][0xdb][0x1a][0x8a]*y[0xfb]*[0xb]R[0xb8][0xb5][0xa1]H[0x1a][0x8c][0xca][0xa2]3([0xad],[0xaa],L[0xe1][0xc3][\r][0xde][0x11].[0x15][0x9e][0xc4]G[0x1a][0xbc][0x95][0xde][0x14][0xb6][0x9f][0xc2][0x8e][0x6]c[0x4]e[\r][0xde][0xa3][0xd8][0xa9][0x98][0x90]r[0x18]g`V[0x1a])[0xf4]q[0xf9]p[0xa5][0xa1][0xe1][0xba][0x1d][0xf7]a[0x1f][0x82]i[0xbb][0xa3][0xbc]3!!L[0x91]&gt;[0x86]l?[0xa6][0xca][0x0][0xd3]([0x8c][0xd9][0x12][0xc1]&lt;[0x19][0xc4][0xa5][0x12][0xc7][0x12][0xb9][0x83][0x87][0x94]@[0x9d][0xec][0xc6]J[0xd9][0x8b][0x9b]e[0x18]k[0xe4].[0xfa][0xe2]nl[0x96]{p[0xab][0xdc][0x87][0xed][0xb2][0xf]}r?[0xe2][0xf2] [0xf6][0xc8][0xc3][0xb8]O[0x1e][0xc1]&gt;[0xd9][0x8f][0x83]r[0x0][0x8f][0xc9][0xe3]xJ[0x9e][0xc0][0xb][0xf2]$L[0x16][0xe7]?I[0x1f][0xf0][0x19][0xa6][0xaf][0xfe]K[0xf5][0x81]QX,z[0xfd][0x1d][0x81][0x85][0x8b]R[0x18][0xa8][0xd3][0xc][0xdb]u[0xe0]$[0xc2][0x8f].[0xdc][0x12][0xb7]=t[0x1c][0xb7][0xd7][0x5][0xe8][0x85][0x88][0x83][0xab][0xc0][0xe0]I[0xc4][0x88][0x8c][0x7][0xea][0x8e][0xe1][0xf6][0x7][0x8][0xe2][0xf][0x90]M[0xb9][0xee]8[0x8d][0xc4]!,p&gt;O![0xd1]PP[0xa7][0xde]K[0xaa][0x0][0xfd][0xb0][0xc9]4[0x82][0xd9]y[0x85][0xd5][0xe5][0xc4][0x82][0xe7]5x=_A[0x89][0xe7]u,[0xf0]|[0x15][0xcb]=[0x87][0xd1][0xe8]9[0x82]N[0xf][0xf][0xc8][0xf3][0x6]B[0x9e]c[0x88]q[0x9b]}[0x9e][0x93]p~[0xe8]K[0xdb][0xb4](]=[0xf5][0x14]x[0xf6][0xa1][0x9c][0xbc].0a[0x14][0x94][0xf0][0xfb]y^3.G[0xa5]C[0xc1][0xbf]#[0x13][0xd3][0xb1]`6[0xb3][0xe1][0xcf]H[0x96][JY[0xfc]sH[0xa9][0xf1]w[0x9d][0x12][0xe6][0xc5][0x9f][0xe3]/&amp;10&amp;sk[0xef][0x18][0xc3][0x14]^_[\n]&quot;
2013-02-06 13:51:56,559 AAD-WS DEBUG wire:63 - &gt;&gt; &quot;[0xff][\n]&quot;
2013-02-06 13:51:56,559 AAD-WS DEBUG wire:77 - &gt;&gt; &quot;[0xc3][0xd0][0xae][0xd2][0x8b]=Tn[0xaf][0xd3]T[0xf9][0xd8]T[0x1]wq[0xbc][0x9b]&lt;[0xf7]p[0xbc][0x97][0xf3][0x8f]q[0xbc][0x8f][0xe3][0xc7]9~[0x82][0xa3][0x9f][0xe3]&gt;[0x8e][0x8b]9[0xde][0xf][0xfc][0x1a]PK[0x7][0x8][0xad]XTm[0xbe][0xf][0x0][0x0][0x15]![0x0][0x0]PK[0x3][0x4][0x14][0x0][0x8][0x0][0x8][0x0][0xd4]|D5[0x0][0x0][0x0][0x0][0x0][0x0][0x0][0x0][0x0][0x0][0x0][0x0]2[0x0][0x0][0x0]com/sun/java/help/impl/SwingWorker$ThreadVar.class[0x85]P]K[0x2]A[0x14]=[0xb3][0xab][0xbb][0xb9]mj[0xa6]}&lt;[0x14]!=[0xe8][0x16]N=[0x17][0xbd][0x8]A [0xf5][0xa0][0xd8][0xf3][0xb8][0xe][0xba][0xb6][0xce][0xca][0xac][0xd6][0xdf]*([0x82][0x1e][0xfa][0x1][0xfd][0xa8][0xe8][0x8e][0x9]I[0x5]=[0xcc][0x9c][0xcb][0xb9][0xe7][0x9e]{[0xb8][0xef][0x1f][0xaf]o[0x0][0x1a][0xd8][0xf1][0x90][0xc1]z[0xe]6J.[0xca].[0xb6][0x18][0x9c][0xe9]PK[0xd1]g([0xb5]F[0xe2]N[0xf0]X[0xa8][0x1][0xef][0xcc][0xb9]S[0xea][0x9e]E*[0x9a][0x9e]3Tj[0xbf][0xdb][0xf5].C[0xa6][0x99][0xf4]%C[0xa1][0x15])y5[0x1b][0xf7][0xa4][0xee][0x88]^L[0x8c]=[0x90]S[0x86]r[0xad][0xfe][0x97]m6[0x8c][0xa5][0xd0]$[0xaa][0x19][0xf][0xaf][0x9d][0xcc]t(/&quot;3Wl[0xdf]Gjp[0x93][0xe8][[0xa9][0x1b]f[0xd4][0x87][0x8b][0xbc][0x8f],[0x1c][0x17][0xdb][0xc]Ga2[0xe6][0xe9]L[0xf1][0xb9][0xed]P[0xc6][0x13][0x1e][0x8d]&apos;1_[0x1a];[0xf8][0xda][0xd3]5[0x1b]rK[0xb5][0xa9][0x94][0xd4][0xcd]X[0xa4][0xa9]Li[0xd3]w[0xb0][0xeb][0xde]H[0x86][0x14][0xb7][0xfa][0xbf]9[0xf6][0xe9]z[0x19][0xba]&amp;[0x83]eBQe[0xd3]s[0xb1]BL[0x8e][0xaa]*[0xf1][0x16][0xa1][0x17][0xbc][0x80][0x5][0x87][0xcf][0xb0][0x1e][0xe7]j[0x8f]~[0x87][0x10]&quot;
2013-02-06 13:51:56,560 AAD-WS DEBUG wire:63 - &gt;&gt; &quot;[0xe0][0xe4][0xb1][\n]&quot;
2013-02-06 13:51:56,560 AAD-WS DEBUG wire:63 - &gt;&gt; &quot;[0xa1][0xdf]%4l6x[0x82][0xf5][0xf0]CzL[0xd2]5[0xe4][0x17][0xd2]=26[0xac][0x13][0xb0]?lO[0xa8][ [0xb4]P[0xc4][0xa6][0x9]@[0xac][0x8d][\r]T[0xe0]}[0x2]PK[0x7][0x8][0xfa][0x3][0xf6][0x6]:[0x1][0x0][0x0][0x1][0x2][0x0][0x0]PK[0x3][0x4][0x14][0x0][0x8][0x0][0x8][0x0][0xd4]|D5[0x0][0x0][0x0][0x0][0x0][0x0][0x0][0x0][0x0][0x0][0x0][0x0]*[0x0][0x0][0x0]com/sun/java/help/impl/SwingWorker$2.class[0x95]T[k[0x13]A[0x14][0xfe]&amp;i[0xb2][0xee][0xba]6m[0x8c]i[0xad][0xb7]Z[0x17][0x9b][0x9b][0xdd][0xb4]^@*[0xbe][0x14][\n]&quot;
2013-02-06 13:51:56,561 AAD-WS DEBUG wire:63 - &gt;&gt; &quot;[0xc2][0xaa]`b}[0xde]l[0x86]d[0xda][0xcd]l[0xd9]K[0xd4]&apos;Q[0x4][0xfd]&apos;[0xd6][0xc7][0x82][0xad][0xc1][0x7]}[0xf7]G[0x89]g[0x92]PE[0xb]M[0x7][0xe6][0x9c][0x99][0x9d][0xef]|[0xe7]2g[0xf6][0xe7][0xaf]o[0xdf][0x1][0xac][0xe0][0x9e][0x1][0x3][0x17]u[0xe8]XP[0xe2][0x92][0x81][0xcb][0xb8][0xa2][0xc4]U%[0xae][0x19]X[0xc4]u[0x3]K[0xb8][0xa1][0xc1][0xd2][0xb0][0xac][0xa1][0xc4]0[0xdd]w}[0xab][0x1d]l[\n]&quot;
2013-02-06 13:51:56,561 AAD-WS DEBUG wire:63 - &gt;&gt; &quot;)[0xa2].o3[0x14][0x9c]m[0xb7][0xef][0xda][0xbe]+;[0xf6][0xb3]DJ[0xb7][0xe5][0xf3]u[0x6][0xbd][0xf1]Z[0xc6]][0x1e][0xb][0x8f]![0x1b]wEd[0xd5][0x19],[0xc7][0xb]zv[0x94]H{h[0xd3][0xe5][0xfe][0xae]-z[0xbb][0xbe][0xdd]x)d[0xe7]E[0x10][0xee][0xf0][0x90]l[0xb3][0xf][0x88]=~[0xc8][0xb0]^[0x9a][0xc4][0xe0][0xb8][0x0][0xca][[0xc]S[0x1b]A[0x9b]3[0xe4][0x1c]![0xf9][0x93][0xa4][0xd7][0xe2]aS[0x9d]1[0xa4][0xc3]D[0x92],)[0x90][0xd1][0x8][0x92][0xd0][0xe3][0x9b]B[0x1d][0xcc][0xfc]E[0xbb][0xa2]XM[0xcc][0xa2]h&quot;[0x87][0x19][0x13]&amp;[0xce]i([0x9b][0xa8][0xa0]j[0xa2][0x86][&amp;U[0xb0][0xae]a[0xd5][0xc4][0x1a][0x8a][0x1a]n[0x9b][0xb8][0x83][0xbb][0x94][0xe3][0xc9][0x11][k[0xc]`0[0x1f]I[0xc9][0xc3][\r][0xdf][0x8d]&quot;[0x1e][0x91][0xf3]?i&lt;mms/f[0xc8][0xff][0x9f][0x19][0xc3][0xd2][0xc9][0xe][0xa8][0xfc]^ [0xa3]8L[0x14]K[0xa1]Tv[0xfe][0xe5][0xa6]*[0x1b][0xae][0xe7][0xf1][0x88][0xee][0xa5]N7s[0xff][0xb4][0x95][0x1e][0xd3][0xc]K8&amp;ZUDz[0xb3][0x1b]r[0xb7][0xbd][0xe5]R[0x10][0xcd][0x89]H[0xcb][0x13][0x80][0xac]#V[\n]&quot;
2013-02-06 13:51:56,562 AAD-WS DEBUG wire:63 - &gt;&gt; &quot;[0xbc]v[0x1a]&lt;C[0xc6][0xf3][0xb9][0xd2][0xb][\n]&quot;
2013-02-06 13:51:56,562 AAD-WS DEBUG wire:63 - &gt;&gt; &quot;[0xfe][0xca][0x8e][0x14]j[0x84]}[0x1e][0xb]_[0xc4]B[0x15][0xff][0xac][0x90][0xfd]`[0x87];n[0xac][0xaa]7W:[0xbe][0xa7][0xe8]A[0xe8][0xf4]d[0x8][0x8e][0x14][0xf2][0xaa]#h=[\r]5[0xf2][0xaa]I[0x8e]v)[0x9a][0xb3][0xf4][0x8d][0xe1]&lt;[0xad][0x96]i[0x9f]&amp;[0x9d][0xab]|[0x5][0xab]T[0xf][0x90][0xaa][0xd4][0xe][0x90][0xde][0x87][0xea][0x82][0x2][0xc9],i[0xe0][\r][0xc9][0xb]([0x8e][0x8d]:c#[0xbb][0xf2][0x85][0xf0]4[0xf]15@f[0xf][0xe6]&apos;[0x14][0x9d]=d[0xaa]?[0x1e][0xab][0xcf][0x3]d[0xf][0xa1]}V[0x90][0xf4][0x0]g[0xf6][0xc7][0xbe][0x15]m[0x1][0xf3]C=rRD[0x86][0xe4][[0x8a][0xf0][0x1d][0xed][0xdf]ST[0x1f][0xa8][0x83]?[0x12]~n[0x18][0xf1]&lt;n[0xe][0xf3]HQ[0x8e][0xa3][0xb1]H[0x1][0x1b][0xc6]oPK[0x7][0x8][0xe1])[0xe9]7&apos;[0x2][0x0][0x0]0[0x4][0x0][0x0]PK[0x3][0x4][0x14][0x0][0x8][0x0][0x8][0x0][0xd4]|D5[0x0][0x0][0x0][0x0][0x0][0x0][0x0][0x0][0x0][0x0][0x0][0x0]([0x0][0x0][0x0]com/sun/java/help/impl/SwingWorker.class[0x95]UmS[0x1b]U[0x14]~.[0x9]lX[0x96][0x17][0x91][0x16]4[0x16][0x5]c[0xc9][0x1b][0x4][0xea]kM[0xad][0xb6][0xd8]*[0x9a]@-[0x98][0x1a][0xfd][0xe2][0xb2][0xdc][0x92][0xa5]a[0x97][0xd9][0xdd]T[0xf1][0x83]@[0xfd][0xa4][0x9f][0xd4][0x8e][0xa3][0xd3][0x99]~[0xa5]36qd[0xc6][0x8f]u[0xc6][0xbf][0xe2]P[0x9f][0xbb]I[0x13][0x1a][0xed][0x18][0xb2][0x93]{[0xee]=[0xe7]9[0xcf]=[0xe7][0xdc]sw[0xff][0xf8][0xeb][0xd7][0xdf][0x0],[0xa0]4[0x88]I[0xbc][0xa0]sxQ[0xcd]^[0xd2]1[0x8e][0x97]u[0x8c][0xe1][0x15]5;[0xab][0xc][0xaf][0xaa]e^[0xc3]9%_[0xd3]1[0x85][0xf3][0x1a]^[0xd7]a[0xe0][0x82][0x86][0x8b]:F[0xb0][0xac][0xe1]Me[0xbc][0xa4][0xe1][0xb2]r{K[0xb9][0xbd][0xad]4+jxG[0xc3][0xbb][0x1a][\n]&quot;
2013-02-06 13:51:56,563 AAD-WS DEBUG wire:63 - &gt;&gt; &quot;[0x2][0x83][0x1b][0x15]O[0x9a][%[0xd3][0x13]0V[0x1c]Gz[0xcb]U[0xd3][0xf7][0xa5]/[0xd0][0xd3][0xac][0xd6][0xa4][0xc0]xa[0xc7][0xbc]i[0xe6][0xaa][0xa6][0xb3][0x9d][[0xdb][0xdc][0x91]V[0x90][0xa7]_[0xd0][0xf1][(X[0xee]n[0xce][0xaf]9[0xb9][0x10]X[0x91][0xd5][0xbd][0x9c][0xbd][0xbb]W[0xcd][0xad]b;[0xdb][0xd7]\[0xef][0x86][0xf4][0x12][0xed]}[0xe8][0x1c][0xdb][0x96]A[0xa9]I&gt;[0x91]L[0xfd][0x17]}t[0xd9][0xdd][0xa2]u[0xb4]`;r[0xb5][0xb6][0xbb])[0xbd][\r]s[0xb3]JM[0xcc]o[0xbb][0x9e]H[0xfe][0xdb]3Ubh[0x96][0xeb][0xf8][0x81]W[0xb3][0x2][0xc2][0xaf][0xdb][0x8e][0xed]W[0xe4][0x96]@$[0x19][0x1a]m&apos;[0x90][0x9e]W[0xdb][0xa3]1[0xc2]0[0x4][0x6][0xce][0x11][0x12][0x9c]g[0xbe]~`zTD[0x93]+[\n]&quot;
2013-02-06 13:51:56,563 AAD-WS DEBUG wire:63 - &gt;&gt; &quot;[0xa9][0x9b][0x96]%}?[0xb1][0xb8][0xb8](p6[0xd9]C[0x8e][0xf9]G[0xc4][0xb3][0xbe][0xef][0x4][0x15][0x19][0xd8]V[0x87]tI[0x91]n[0xf4]D[0x9a]:nu[0xf5]u[0xb7][0xe6]Y[0xf2][0xb2][0xad][0xea]5v[0x4][0xb5][0xa0][0x8][0xc][0x9c][0xc2][0xb4][0x81]g[0x91]0[0x10][0xc7]S[0x6]R([0x1a]Hb[0xce][0xc0][0xaa][0x1a][0x9e][0xc6]3[0x6][0xd6]0&apos;0[0xdd][0xc9]f[0xe5]A[0xd1][0xe4][0xd6][0xa5]O-[0xb9][0x17][0xd8][0xae]c[0xe0][0x8a][0xf2]L+h[0xa2][0x87][0x10][0x97][0x4][0xa0][0xe0][0xef][0xf5][0x6]?[0xa3][0xb0]W[0x99]@&apos;[0x8a]f[0x92]J[0xbf].[0x90]=NU[0x94][0xcf][0x86][0x81][0xc][0xb2][0x6][0xde]WCFE=[0xfb][0xff][0x14][0xf][0xed][0xdf]&lt;[0xd3][0xee][0x9e]mn[0xc2][0xba][0xf7][U[0xa9][0xae]Ct[0xc7][0xb5][0x1d][0x81]a[0xab][0xe6]y[0xd2][0x9][0x9a]v[0x81][0xb9][0xde]N[0x9b][\r][0x93]?n[0xb3]][0xad]9[0x8e][0xba][0x1e][0xa1][0xf7]d[0xf2]Q[0x96][0x87].L+l[0xa5][0x1f][0xe2][0x9d][0xba][0xe2][0xd9][0xae]g[0x7][0xfb][0xd1][0x19][0xbe]&apos;[0xa6][0xf8][0x1e][0xea][0xe3][0xc3][0xfe][0x8]g[0xec][0x18][0xca]!$Tw@`[0x86][0xab]S[0x94]&lt;Q[0xf4][0xa7]F[0xe4][0x80][0x13][0xd6][0x93][0xe3]@[0xa8][0xcc]s[0xce][0xe]kAgC2[0xda][0xd2][0x99]{[0x88][0xdc]mc[0xf5]P{[0x11][0xfd]X[0x8e][\n]&quot;
2013-02-06 13:51:56,564 AAD-WS DEBUG wire:63 - &gt;&gt; &quot;&lt;Gje9[0x8d][0xb9][0x96][0xdf][0x13][0xe1][0x9a][0xff][0xbb]][0xf4]k[0x1c][0x93]m[0xd8][0x1b][0x94][0x8a]h[0x8a][0x91][0x88]:[0xa2][0x85][0xcc]}h[0x99]z[0x18][0x19][0xd7][0x3][0x1d][0xef][0x93][0xdc][\n]&quot;
2013-02-06 13:51:56,564 AAD-WS DEBUG wire:63 - &gt;&gt; &quot;(![0x86]kl[0xc5][0xf][0xf8][0x1e][0xfc][0x90][0xd9]~Dk[0xaa][0x9d][0xd7][0xc7][0x94][0x11][0xca][0xc4][0x1d]D[0xda][0x84][0xbf]#[0x96][0xae]C; k[0xec][0xce][0xdf][0x16][0x81]N~q@[0xec][0x4][0xab][0x15][0xc7]`k[0x87]Yr[0x3][0x92][0xc][0xd7]Y[0xaf]m[0x8c][0xa2]B[0xc4][\r]b[0xaa]D9[0xb4][0xbb]D[0xa6][0xdb][0xb1][0x97][0x11][0xe5][0x3][0xcc][0xa7][0x1b][0x18]:[0x84]Q[0xa6][0x1c].[0x1c]b[0xa4][0x9c][0xce]40Z&lt;[0xc4]X9[0xdb][0xc0]c[0xab][0xe9]C[0x8c][0x97][0xe7][0x1b]x[0xfc][0xde][0xd1]r&lt;[0xc9][0x82][0x0][0xfb][0xa4][0xf8][0xc][0xc3][0xf8][0x9c][0xc9]|[0xc1]D[0xbe]D[0x16]_[0x11][0x91]io[0xa3]N@[0x84]&apos;[0x10][0xab]c[0xa2][0xfb][0x4][0xbe]fY[0xbe][0x9][0xf1][0xd9][0x16][0xbe]H[0xbd]*[0xc2]L[0xab][0x2][0xc5][0xec]}L[0xc6][0xc7][0xf4][0x9f]0[0x1c][0x8f][0xde]F,[0x1b][0xaf][0xe3]D[0xb6][0x8e][0x93][0xdd][0xa1]|[0xcb][0xfc][0xbf]cm[0xbf]g([0xb7][0xd8]=?0[0x9c][0x1f][0xa9][0x9b][0xe7]w[0xad]/[0xa4][0x9e][0xee]4C[0x3]}[0xdd]&apos;{[0x1a]9[0xa8]_[0xc][0x8b]Xjy[0x1c][0xed]4[0xd1][0xdd]i[0xf][0x1c][0xfa]p&amp;[0x1c][0x9f]g *[0x98][0x8][0xbf]y[0x93][0xec] [0xf5]Ml[0xfe]F[0x9a][0xe2][0x1f]PK[0x7][0x8][0x11]b[0xc7]w[0x9c][0x3][0x0][0x0]g[0x7][0x0][0x0]PK[0x3][0x4][0x14][0x0][0x8][0x0][0x8][0x0][0xd4]|D5[0x0][0x0][0x0][0x0][0x0][0x0][0x0][0x0][0x0][0x0][0x0][0x0]3[0x0][0x0][0x0]com/sun/java/help/impl/CustomKit$MouseHandler.class[0x85]U[0xeb]O[0x1c]U[0x14][0xff]][0xd8]e[0x98][0xd9][0xe1]Q[0x16][0x84]A[0x8b][0x80][0xa8][0xcb][0x2][0x1d]k[0xb5][0xda]][0xac][0xc5][0x5][0xca][0xb6][0xbb][0x14][0x1]k[0xf1][0xd9]a[0xf7]v[0x19][0xdc][0x9d][0xc1][0x99]Y[0xa8]1[0x9a][0xf8][0xc1][0xf8]~%V[0xad][0x1a][0x13]5[0xa6]1[0xf1][0x8b]M[0xbb]XM*[0xc6][0x84]&amp;[0xea][0xdf]d&lt;w[0x96][0x85][0xe5]U?[0xcc][0xb9][0xf7][0x9e][0xfb];[0xe7][0xdc][0xfb];[0xe7][0x9e][0xf9][0xeb][0xdf]_o[0x2]8[0x4]O[0xc1][0x9d][0x18][0x90][0xd1][0x89]A![0x86][0x14][0xd2][0xe9][0x12][0x1e]P[0x10][0xc4]a[0x9][0xf][0x8a][0xf5][0x11]![0x1e]R [0xe1]a[0xa1]&gt;*[0xc4]#[0x12][0x1e]U[0xd0][0x80]c![0xc4][0x10][0x97]1[0x8c][0xc7]Bh[0xc1]q[0x9][0x8f][0xcb]8[0x81][0x11][0x9]O[0x8][0x9][0x81][0x1d]U0[0x86]q1;[0xe9][0xb][0x9]I[0x9])[0x9]i[0x6])St[0xc6][0xf2][0xbc][0xc0][0xd0][0x99]Z4[0x96][0x8d][0x8b][0xba][0xbb]bZ9[0xdd][0xe3][0x17]=]lp[0xcb][0x8b]3([0xb6]c[0xe6][0x12]E[0xc7][0xb5][0x1d][0x86][0x3]&gt;R7V&lt;[0xbd][0xac][0x12][0x80][0x5][0xc3][0xca]V[0x0]u[0xc3][0xa6]ez[0xc7][0x19]j#[0xfd]g[0x19][0x2][0x9];[0xcb][0x19][0x9a]R[0xa6][0xc5]&apos;[0x8b][0x85]y[0xee][0xcc][0x1a][0xf3]y[0xd2][0xa8][0x5][0xbb][0xe8][0xf2]Q[0xc7][0xc8][0xe5]x[0x96][0xa1]+[0xb2][0xe5][0x98]/S`=-[0xf6][0xc7][0xc4]4.[0x1c])&gt;&gt;m/[0xb][0xb4]2c[0x17][0x9d][0xc][0x1f]7[0x85][0xa7][0xc6]D[0xd1][0xf5][0xec][0xc2]i[0xd3];$\[0xa8][0xe8][0xc5]=*[0xe][0xa2]KE[0xf][0xba]%L[0xaa]8[0x83])[0x86][0xf6][0xea];[0x9e][0x1a][0xcb][0x9a][0x9e][0xed]L[0x19][0x16]W[0xf1]$[0xa6][0xc9][0xcd]f[0xfc])[0xdb][0xb4]&lt;[0x15]3[0x98]U[0xf1][0x94][0x10][0xbd]8[0xab][0xe2]i[0x9c]S1[0x87]g[0x18]zw[0x91][0xb5][0xe0][0x15][0xf2][0xfa][0xc4]l:5jg[0x8a][0x82]6[0x15][0xcf][0xe2]9[0x9][0xcf][0xab]x[0x1]/J[0xa0]Ce[0x90]U[0xc1]q[0x81][0xe1][0xe0].[0xf3][0x11][0xcf]s[0xcc][0xf9][0xa2][0xc7]g[0xb8]&apos;![0xa7][0xc2][0xc4]&quot;C[0xb3][0xa0][0xbc]A[0xa8][0x19][0xda][0xb7]H7[0xba]U[0xbc][0x84][0xbc][0x84][0x82][\n]&quot;
2013-02-06 13:51:56,565 AAD-WS DEBUG wire:63 - &gt;&gt; &quot;[0xb][0xb6][0x8a]%[0xbc],[0x81]h[0x1f][0xca][0xd8][0x5][0xdd]-Z[0xba]o[0xb4][0xc0][0xf3]K[0xba]YX[0xca][0xeb][0x9b][0xdc][0xf4][0xf9]|NP[0xa6][0xf2][0x9c][0xf0][0xea][0x8e]e[0xd2][0xb2][0xb8][0x93][0xc8][0x1b][0xae][0xcb][0xdd]m[0xa1][0xcf][0xcc]/[0xf2][0x8c][0xb7]q[0xe9][0x9d][0xe9]I[0xdb][0x9e]i[)[0xd3][0xf5][0xb8]%[0xdc]h[0xfb][0xe6][0x90]A[0xce]q[0xaf][0x9c]6[0x86][0xd6]Hjg[0x8]QH[0xa6]+[0xd2]R.[0x10][0xaa][0x1f][0xe2]:@V[0xe7][0xfc]E[0xb2][0xbc][0x98]c[0x8]F[0x92]IQ[0x12][0xa1]e[0x93][0xaf][0xcc][0xda]i[0xaa][0xb0]&lt;C[0xb8][0xaa][0x82][0xfc][0xc][0xc6][0x85]I[0x88]L*I![0xea]7[0xe2]nc[0xbf][0xb2]M[0x7][0x8][0x13]:[0xb1]`8F[0xc6][0xe3][0xce][0xc6][0xb][0x10]V[0xc9]=[0xcc][0xb6][0x1e]H[0xc7]~{[0xc][\r][0xe4]p3[0xbb]Dl[0xcf]^[0x7][0xa8]N\[0x2][0xc1][0xba][0xf6][0xaf][0xb0][0xbe]Y#G|[0xf8][0x92][0x8d]0t[0xef][0xf6][0xb7][\r]K[0xe7]S[0xab][0xf][0xc1]p_d7[0xf7]{[0xa6][0xa3][0xef]6[0x9e][0xab][0xfc][0xc9]U[0xf3][0xc0][0xc4][0xf4][0xd8]8[0x85][0xb8][0xdd][0xa1]6[0xe1][0xf1]rQT:G[0xb8]R[0x14][0xdb][0x9a]K[0xd3][0xe]U9IS[0xe][0xcf][0xf2][0xb][0xd4]S6[0xfb]Nk%I[0xdb][0xcd]ew+@kd[0x17]@[0x94]Q[0xf7][0xff]=[0x1d][0xea][0x8f][0xfb]_[0x87]zL&apos;uq[0x86][0xbb]P[0x8b][0x1a][0xd1]v[0xa8][0xb5][0xd7][0x88][0x97][0xea][0x8f]=[0xfe]XK[0xfb][0xd4][0x95]H[0xf6][0xd1][0xea][0x8][0xe9][0x19][0x8d]M[0xd1]U[0xb0]([0xbb][0x8e][0x1a]!j&amp;[0x15][0xc3][0xbd]$[[0x10] [0xf9][\n]&quot;
2013-02-06 13:51:56,565 AAD-WS DEBUG wire:63 - &gt;&gt; &quot;[0xc9]W![0xe3]54[0xd2][0x9c]H[0xc5][0xfd][0x1b][0xe]4[0xdf]5[0xa1][0xb7]L[0xea]|[0x8f]o[0x90][0x8c]T`[0xec][0x4]9[0x8][0x91][0xf6][0x9f][0x81][0x12][0x2]k[0x8][0xa6][0x7]K[0xa8][0xfb][0x12][0xbf][0xff][0x6]i[0x8e]T[0xf5][0xf4][0xc9][0xab]P&amp;[0x7][0x87]J[0x8][0x1d][\r][0xb4][0x5][0xbe][0xc2][0xf7][0x4]QcA-[0xf8][0x7][0x1a].[0xe3][0x92][0x16]\CC[0xac]N[0xab]k[0xb][0x94][0xd0][0x18][0x93]4[0xe9][0x6][0x9a][0x18]b[0xf5]Z[0xfd]U4[0xdf][0xc0][0x81][0x1a][0xac][0xa1]%&amp;k[0xf2]:[0xc2][0x9a]|[0x15][0xe1][\r]][0xeb][0x15][0x4]XL[0xd1][0x94]u[0xc]G[0xaf][0xa1]F[0x93]~[0xc0][0xc9][0xa8]&amp;[0x89][0xbb]^C[0xdb]-[0x84][0xa2][0x14][0xe9][0x8e][0xeb]h[0xa3]e[0xed]-[0xa8][0xd1]f[0xf5][0x17][0xb4][0x13][0xb][0x83]BQB[0xc7][0x15][0xb4][0xb][0xc3]u4[0xfb][0xc][0x9]u[[0x9][0xda][0xd6][0x8d][0xe7][0xd1]A[0xf2]M[0xd4][0xe3]-4[0xe1]mb[0xfc][0x1d][0xa2][0xe8]][0xc][0xe0]=[0x1c][0xc6][0xfb]8[0x86][0xf][0xe8]_[0xf8]![0x92][0xf8][0x8][0xd3][0xf8][0x18][0x6]&gt;![0x1a]/[0xe1]u|F[0x16][0x9f][0xd3][0xee][0x17][0xf8][0x14][0x97][0xf1]5[0xe8][0xda]$[0xc2]7X[0xc5][0xb7][0xb8][0x89][0xef][0xf0]&apos;i[0xfe][0xc6][0x8f]Dr[0xbf]Ou[0x14][0xa7]i[0xec][0xa4]&lt;vb[0x2][0xa7] ~[0xb9][0xe7][0xe9][0x4][0xe2]o{[0x1e][0xb][0xd0][0xfe][0x3]PK[0x7][0x8]w[0xa8]~lC[0x4][0x0][0x0][0xd3][0x7][0x0][0x0]PK[0x3][0x4][0x14][0x0][0x8][0x0][0x8][0x0][0xd4]|D5[0x0][0x0][0x0][0x0][0x0][0x0][0x0][0x0][0x0][0x0][0x0][0x0]&amp;[0x0][0x0][0x0]com/sun/java/help/impl/CustomKit.class[0x8d]UkS[0xdb]F[0x14]=[0xc2][0x18][0x19]#[0xc][0xa1][0x90]@[0x1e][0xd4][\r]Nc[0x1b][0xc7]r[0xfa]J[0xb]iZ[0xc2][0xa3][0x90][0xd8][0xe0]b[0x97][0x96]4[\r][0xc8][0xd2][0x82][0x95][0xca][0x12]#[0xad]![0xf4]W53[0xad][0xc9][0x94][0x99]N?[0xf7]Guzwml[0x1c]``&lt;[0xde]][0xdd]{[0xce]}[0xe9][0xde][0xd5][0xbf][0xff][0xfd][0xf5]7[0x80],[0xcc]([0xfa][0xf0]U[0x14]71[0xa3]b6[0x8a][0x10]f[0xfa]I[0xf2]X[0xc5][0xd7]B3[0x13][0xc5][0x13]|#[0xd4][0xdf][0x8a][0xd3][0x9c]8=[0x15][0xcb][0xbc][0x8a][0x5][0x15][0x8b]Q[0xc]b)[0x8a][0x18][0xbe][0x8b]`Y[0x10]V[0x84][0xe4][0x99]X[0x9e][0x8b]%[0x1f]A![0x82]U[0x15]kQ[0x8c][0xb][0x17]E[0x15][0xdf]+[0x18]X[0xab][0xbc]f&amp;[0xdf][0xb0][0xd9][0xc1]C[0x5][0xda][0x8a][0xeb]2[0xde]1[0x82][0x80][0x5][\n]&quot;
2013-02-06 13:51:56,566 AAD-WS DEBUG wire:63 - &gt;&gt; &quot;b[0xf3][0xf5][0x80]{[0xb5][0x5][0xcf][0xac][0xd7][0x98][0xcb][0x15][0xc]6[0x5]K[0x86][0xc9]=[0xff][0x90][0xf0][0x5][0xaf][0x1e][0xb0]e[0xc3][0xb5][0x1c][0xe6][0xd3]c[0xad][0xeb]1[0x91]m[0xec][0x1b][0xba]q[0xc0]u[0xb6]O|][0xa2][0xb][0x1e][0xb7]=7o[0x7][0x9c][0x91][0xaf]Y[0x5]a[0x8b]U[0xea][0xbb][\n]&quot;
2013-02-06 13:51:56,566 AAD-WS DEBUG wire:63 - &gt;&gt; &quot;[0x94][0x17][0xc2][0x81][0xe7][0x6][0xdc]p[0xf9][0x86][0xe1][0xd4]Y[0x88][\n]&quot;
2013-02-06 13:51:56,567 AAD-WS DEBUG wire:63 - &gt;&gt; &quot;[0x3][0x5]}[0x8f]m[0xd7][0xe6]O[0x14][0x84][0x92][0xa9][\r][0x5][0xbd][0xf3][0x9e][0xc5][0x14][0xc][0xe5]m[0x97][0xad][0xd6]k[0x15][0xe6][0x97][0x8d][0x8a]C[0x92][0xb0][0xe9]x.[0xed][0xa3][0xc9]T[0xd3][0xb3]c[0xb8][0xbb]z3A[0xf2][0xa3][0xda][0xc2][0xb4][0xe3]([0xb8][0x9d][0x94][0xfa]7zp`[0x13][0xe2][0xd9][0xa2]eS&gt;E[0xc3]e[0xb3][0xc2]A[0xbf][0xc5][0xda][0xd0]1[0xd3]g[0x6]g[0xb]l[0xc7][0xa8];[0xbc]S[0x89];-[0x1f]&apos;68{[0xc3][0xf5][0x13]59[0x8b][0xed]2Y[0xd4]v[0xa9][0xe2][0xe7][0x11]N![0x88]3[0x96]&lt;[0x15]v[0x89][0xfb][0x4][0x93][0xf1]D[\r][0xd3]dA[0x90][0xc8][0xe5]r[0x14]\[0xe9][0xd0][0xe5]U[0xc6]m[0x93][0x14]%[0xaf][0xee][0x9b]l[0xc9][0x16][0xd9][0xb7]^[0xd6]s[0x9b]g[0x85][0x15][\r]S[0xf8]L[0xc3]}$[0x15]&lt;0[0xbd][0x9a][0x1e][0xd4]]][0x9a][0xaf]2gO[0xb7]k{[0x8e][0xde]f$N[0xbf]G[\r][0x1f][0xe1].[0x5]|[0x19]I[0xc5][0xba][0x86][0x12][0xca][0x1a][0x1e] [0xab][0xe1][0x7]q[0xd2][0xc5])[0x7]j[0xa5][0xbb]g[0x92][0xad][0xf2][0x9a][0xa3]/[0x97][0xb][0xf9]N[0x15][0xf5]K[0x3][0xeb][0xee]@[\r][0x1b][0xf8]Q$[0xf5][0x13]%[0xbf][0xb5]U[0x9c][/-[0xae]omi[0xd8][0xc4]K[\r][0xbf][0xe0][0x95][0x86]-lk0[0xb0]M[0xe5][0xdc]a[0xdc][0xac][0xc6]Mi!n[0xb5][0x9d]^[0x97]rf[0x9d]hvN^Q[0xf6][0x8a][0xd1][0xb4][0xdf][0xe9][0xd4][0xc5]96[[0x8a]8[\n]&quot;
2013-02-06 13:51:56,568 AAD-WS DEBUG wire:63 - &gt;&gt; &quot;2[0x97][0x9a][0xed][0x9a][0xc1][0x1b][0x17][0xb4]&amp;[0x5]nX[0xd6]9#[0xa4][0xe0]~[0xf2]*[0x93]&amp;Zi[0xc2]g5o[0x9f][0x9d]ke[0x90]Z[0xb6][0xc4][0xf][0x1d]V[0xaa]2Fq&apos;[0xce][0xeb]X[0x99]`[0x7]E]{/y9JN[0x15][0x99]/[0x1a]~[0xc0]|[0x15][0x15][0x1a][0xea][0xe6][0x99][0xaa]~[0xa1][0x9b][0xae]:&amp;[0x9a]xr8[0xb0]W[0xe7]E[0xdf][0xdb]c&gt;?[0xec][0xe4]~z[0xd6][0xcf]JD[0x0][0xb7][0x2][0xc6][0xe7][0x82]C[0xd7][0xac][0xfa][0x9e]K[0x5][0xc8]{[0x86]U[0xf4]m[0xcf][0xb7][0x85][0x9d][0xde][0xe4][0x8a][0x0]]#P[0xd9][0xfb][0x95][0xb9][0xe5][0xaa][0xcf][0x82][0xaa][0xe7]X[\n]&quot;
2013-02-06 13:51:56,568 AAD-WS DEBUG wire:77 - &gt;&gt; &quot;[0xd2]W[0xf][0x8f]F[0xa7][0x8f][0xee]d[0xa0][0x87]~4Ft[0xba]I[0x83][0x98][0xa0][[0xec][0x9e][0x94]~[0x8c][0x8][0x9d]i*iM[0x91]$G[0xf7][0xbc]B[0xfb]p[0xfa][0x8]=[0xe9]c[0x84]6[0x8f][0xd0][0xfb]&apos;[0xc2]o[0xe5][0xcd][0x97][0xa6]5[0x86][0x90][0xc4][0xf5]&quot;[0xc0][0x10][0x1e][0x92]t[0x1a][0x99][0x16];N[0x16][0x5];r[0x8c]&gt;&quot;[0xaa][0xbf][0xb7]Y}R[0xfe][0x88]V[0x1a][0xce][0x16]:+[0xa3]&quot;[0x8b][0xd3][0xe9]?[0x10]n [0x92][0x9e]&gt;B[0xff][0xfb][0x9e][0xe6]([0xc2][0xa7][0xf4][0xc1][0x98]&apos;[0xa9]~!7*[0xb8][0x3][0xef]s[0xb][0xc4]]%[0xee][0x1a]Is2V[0xc1][0xdd]&amp;[0x9d][0xcc][0x81]r[0xd4][0xfe][0xc1]`[0xfe][0x18][0xb1][0xcd][0xe9][0x6][0x86][0x8e]0\[0xc8][0x8c]\K70[0xd2][0xc0][0x7][0x19][0xb5][0x81][0xd1][0xcc][0xb0][0xd5][0xc0][0xd8][0xc8][0xf5]wP2[0x9d]l&amp;[0xa1][0xd2][0xfa][0x92][0xac][0xbf][0xc2]([0x8d][0xf8]$[0xd9][0x9c][0xa2])O[0xa1]&quot;[0xbe][0x9c][0x84][0xfa][0x4][0x9f][0xb6][0xbc][0xa5]Z5[0x19][0x1c][0xb9]AF[0x8e]1N[0x85][0x99][0xe8][0x98][0x8a][0xca]4\[0x84][0xe1][0xd1][0x99][0xee][0xc8][0x16]mB&quot;[0xe8][0xff][0xb6][0xbb][0x86][0xca]o[0xe4][0xf5]s[0x82][0xf5]H[0xd8][0x1d][0x92][0x9]X8[0xfd][0xee][0xc][0x94]J[0xfd][0x85][0xf8]b[0x11][0xf4][0x91]\[0xbf]$8H[0x1f][0xc6]-B[0xdc]&amp;C1[0xda]&apos;i[0x1f][0xa7][0xfd]C[0xda]C[0xb4][0xc7][0xd1][0x8f][0x17][0xd4]&amp;?[0xf7][0xf6][0xff][0xf]PK[0x7][0x8]D [0xe2][0x88][0xfe][0x3][0x0][0x0][\r][0x8][0x0][0x0]PK[0x3][0x4][0x14][0x0][0x8][0x0][0x8][0x0][0xd4]|D5[0x0][0x0][0x0][0x0][0x0][0x0][0x0][0x0][0x0][0x0][0x0][0x0]4[0x0][0x0][0x0]com/sun/java/help/impl/CustomKit$CustomFactory.class[0x8d]T[O[0x13]Q[0x10]&quot;
2013-02-06 13:51:56,569 AAD-WS DEBUG wire:63 - &gt;&gt; &quot;[0xfe][0xe][0xd0]n/[0xb]hEE[0xb0]P[0xa0]bKK[0xb7][0x88]W[0x8a](T[0x90]K[0x81][0x87]6$&lt;n[0xcb][0x1][0x96]l[0xb7][0xcd][0xee][0xa9][0xc0]O[0xf1][0xf][0xf8]d&quot;[0xa0][0xa1]&quot;[0x89][0xd1]W[0x94]q[0xb6]5[0xb5][0xa5][0x5][0xdc]dg[0xce][0x9c]3[0xe7][0x9b][0x99]3[0x97]_[0xbf][0xbf]}[0x7][0x10][0xc3][0xaa][0x7]&gt;[0xf4]{q[0x1f]~7[0x6]0[0xe8]E[0x0]C[0x12]F[0xdc]p`T[0xc2]C[0xf]$[0xf4][0xbb][0x10][0xb2]y[0xd8]&amp;c6[0x89]x[0x10][0xc5][0xb8][0x84][0x98][0x7]][0x88][0xdb][0x10][0x13][0x12][0x1e]Ix[0xc2][0xe0][0x9c][0xd6][0xc]M[0xcc]0[0xb4][0x87][0xc2][0x1b][0xc][0x1d][0xc9][0xc2][0x16]g[0xe8]Ni[0x6]_+[0xe5][0xb3][0xdc][0xcc][0xa8]Y[0x9d]v[0x9c]9[0x93][0xab][0x82][0x16][0x93][0xa1][0xd4][0x9e][0xfa]N=P[0xac]}[0xcd][0xd8]Q[0x4]?[0x10][0xca][0xbc][0xce][0xf3][0xdc][0x10][0x89]p[0xf3][0xd1][0x86][0xc6][0xf7][0x13][0xc][0x9e]t[0xa1]d[0xe6][0xf8][0x82]fcu%K[0x96]([0xe4]W4[0x11][0xb3][0xf5]e[0xdc]B[0x8f][0x84]g2[0x9e][0xe3][0x85][0x84])[0x19][0x9]LKx)c[0x6][0xaf]$[0xbc]f[0x18]h[0x82][0xdd][0x15]y]Y[0xcc][0xac][0xa6][0x82][0x19]u[0x87][0x9c][0xaf]Py[0xc9]0[0xb8][0x99][0xd4]U[0xcb][0xe2][0x96][0x8c]Y[0xcc]1[0xdc][0xb1][0xaf]*[0xba]J[0x17][0xd3][0xc2][0xa4][0xfb]s[0xa5][0xed]mn2[0xf4]U[0x2][0xa2][0x8d][0xc0]zv[0x8f][0xe7][0x84][0xed][0xe8]D`[0xbb]`N[0x5]d$[0xf1][0xc6]&amp;[0xf3]2[0x16][0xf0]V[0xc2][0xa2][0x8c]%,3Ds[0x85][0xbc]b[0x95][0xc][0xa5][0x2][0xba][0xcb][0xf5][0xa2][0xa2][0xe5][0x8b][0xba]R[0x8b]&apos;X[0x87][0xc5][0xe0][0xad][0x93][0xec] Wd[0xdc]E/C[0xec]Z[0x98][0xea]jA[0xcd][0x89][0x82]y[0xc8][0xd0][0xd9] KH1([0x97]?[0xc9][0xfc][0x96]Fj6[0x8c]-[0xd5]@[0xbc][\r]R[0xef]eI$k;\[0xcc][\n]&quot;
2013-02-06 13:51:56,569 AAD-WS DEBUG wire:63 - &gt;&gt; &quot;z[0xac]lIp[0x8b]a([0xd4]&quot;[0xaf]5[0x85]4[0x17][0x94][0xdf][0xc1]&amp;[0x85][0xb4]8[0xd4]y[0xb2]`XB5[0x4][0xa1]t[0xae][0xa9]y^[0xbb][0xc5][0xe0]K[0xfd][0xcb]L[0xf5][0x9d][0x8][0xc6][0xa5][0x1d][0xca]p[0xbd]k[0xc][0xa3][0xa1]f[0x90]p+[0xdc][0xbe][0xcb]_[0x8b]J{}ny&gt;[0x99]a[0x8]4[0x87][0xd9]Pg[0x4][0xe4]T[0x8b]EnlQ)[0xd4][0x9b][0xae]VV[0x83][0xe9][0xfa]bK\Po[0xe1][0xe9][0x5]u[0x97](Tw[0x18]zB[0xcd]z[0xa4][0x11][0xb8][0xae][0x86][0xa8][0xe7][0xd4]\[0x8e][V0[0x1e][0x8f]3[0xdc]n[0xe5]/5[0xbc][0xff][0xaa]v[0xa6][0xf3][0x91][0xff][0xa8]3[0x9a]A7i[0xa6][0xd8]_[0x1b][0xfd][0xd4][0xcd] [0x83][0xb4][0xf2][0x13]g[0xc4][0x1d]ce[0xb0]cZP?[0x12]uV6?[0x12][0xa5]v[0xf8][0xab][0xba][0x8f]vt[0x10][0x1b]9C[0x1b][0xc3][0x9][0xda][0xcf][0xd0][0xd1][0x86][0xd5][0xe8]O8[0xde]#[0x16][0xfd][0x1][0xc7][0xda][0xf8][0x9][0x9c][0x1f]0|[0xe]i[0xb3][0xc][0x97][0xcf]}[\n]&quot;
2013-02-06 13:51:56,570 AAD-WS DEBUG wire:63 - &gt;&gt; &quot;O[0xe4][0x14][0xde]S[0xc8]_[0xd1]y[0x8e][0xae][0xcd]H[0x19][0xdd]GcDo[0x1c][0xd5][0x8c][\r][0xd0][0xfc][0x3]&gt;[0xa1][0x1b]G$[0x1f][0xa3][0x9f][0xb0][0x87][0xf1][0x99]f[0xcd][0x17][0x9a][0x10]e[0xf2][0xf8]^[0xc5][0xef]&gt;&lt; &gt;LN8[0x88][0x6][0xe1][0xa6]Q[0x19][0x85][0x2][0x17][0xc5][0x16][0xc5]$q[0x1f][0x1e][0xe3])[0xdc][0x0]PK[0x7][0x8][0xaf][0xa3]][0x8a][0xc4][0x2][0x0][0x0][0x8c][0x5][0x0][0x0]PK[0x3][0x4][0x14][0x0][0x8][0x0][0x8][0x0][0xd4]|D5[0x0][0x0][0x0][0x0][0x0][0x0][0x0][0x0][0x0][0x0][0x0][0x0]P[0x0][0x0][0x0]com/sun/java/help/impl/CustomKit$CustomDocument$CustomReader$ObjectAction1.class[0xa5]V{S[0x1b]U[0x14][0xff]]HX[0x12][0xb6][0x80][0x8]h[0xaa]E[\n]&quot;
2013-02-06 13:51:56,570 AAD-WS DEBUG wire:63 - &gt;&gt; &quot;)[0xaf][0x4]6[0xd4]W%[0x14][\r][0x8f][0xb6][0xb4][0x9] [0xa1]h[_[0x9b][0xe4]B[0x16]7[0x9b][0x98][0xbd][0xdb][0xc2][0xa7][0xf0]S[0xa8][0xdb][0xd1]`u[0xc6][0xe1][0xaf][0xfe][0xe1][0x7]pF[0xc7]qF[0xc7][0x19][0xdf][0xe3]7pzn[0x92][0x86]-[0x84][0xd0][0xe][0xd9][0xc9]}[0x9c]{[0xce][0xef][0xdc][0xf3][0xb8][0xe7][0xde][0xef][0xfe][0xff][0xfa][[0x0][0x13][0xd8][0xf1]#[0x80][0x88][0xf][0xcf]b[0xd2][0x87]a[0x9c][0xf7][0xd3][0xe8]EI{I6/+x[0xc5][0xf][0x5][0xaf][0xb6][0xe2][0x82][0xec]_[0x93][0xcd][0x94]l[0xa2]~L[0xe3][0xa2][0xf]3x[0xbd][\r]o [0xa6]`VN[0xe6][0xfc][0xe8][0xc3][0xbc][0x1f][0xb][0xb8][0xa4][0xe0][0x8a][0x1f][0xdd][0xb8][0xaa][0xe0]Z[0x1b]z[0x11]W[0x90]P[0xb0][0xc2][0xd0]&quot;[0xb2][0x86][0x1d][0x9c]T[0x90]dh[0x9f]sl[0x91][0xcf][0xcd][0xe7][0xd3]N[0x8e][[0x82]A][0xb4],^[0x9c]3u[0xdb][0xe6][0xb6][0x82]5[0xa2]TXV[0xb9][0x9e][0xe1]E[0x86][0x99]x:[0x9f][0xd3]l[0xc7][0xd2][0xb6][0xf4][0xdb][0xba][0x96][0xe5]fA3r[0x5]S[0xab][0xb0]]3D[0xf0]Q[0xcc][0xa0][&gt;[0xca][0xe0]K[0xee]X&quot;[0xcb][0x85][0x91][0xa6][0xad]L[0x1b][0x96]!f[0x18]b#&apos;[0x83][0x1d]]g[0xf0][0xcc][0xe5]3[0x9c][0xa1]#nX|[0xc9][0xc9][0xa5]xqMO[0x99]D[0xf1][0xda]B/[\n]&quot;
2013-02-06 13:51:56,571 AAD-WS DEBUG wire:63 - &gt;&gt; &quot;[0x5][0xc4][0xd3][0xbc][0xa6]o2,[0x8e][0xc4][0xa5][0x96]m[0xcd][0xbe]cX[0x9b][0x9a][0xe0][0xdb]B[0xcb][0x8a][0x9c][0xa9]]YK[0xc4][0x83][0xc4][0x12]=[0xbc][0x9e]p[0x84]D[0x8b][0x9]Q4R[0x8e][0xe0]I.[0xca]Z[0x9b][0xb9][0x95]a[0x18]&lt;[0x16]Q[0xf2][0xaa]z&amp;[0xb3][0xa2][0x17][0xf5][0x1c][0x17][0xd2][0x95][0x3]u[0x84][0xe][0xe1][0xfb][0x93]y[0xa7][0x98][0xe6][0x97][0xc]iI{[0xcd][0x1b][0x13]RR[0xc5][0x0][0xde]Rq[0x1a][0xfd]*[0xde][0xc6][\r][0x15]a[0x8c][0xab][0x18][0xc2][0xa8][0x8a]1[0x84][0x18]z[0xcb][0xbe]4u[0x2]O[0x12][0xac][0xb5]9[0xeb]ll[0xf0][0xa2][0x14][0xbb][0xc9]p[0xda][0xbd][0x9b]~[0xb7][0xe2][0x8b]*n[0xe1][0x1d][0xd9][0xbc][0xab][0xe2]=[0xbc][0xaf][0xe0][0x3][0x15]:R[\n]&quot;
2013-02-06 13:51:56,571 AAD-WS DEBUG wire:63 - &gt;&gt; &quot;[0xd2]*86[0x14]l[0xaa][0xc8][0xc2]`[0xe8]&lt;[0xa8]A[0xc5][0x16]6T|[0x8]SAN[0x85][0x85][0xbc][0x82][0x2][0xc3][0xf9]C[0x86][0xce][0xf3][\r][0xdd]1ER[0xec][0x98]&lt;S[0xb][0xea][0x82][0xc9]e[0x9f],p[0xca][0x8e]6[0xd7]L[0xc5]G [0x97][0x5][0x1f]&apos;.*lP*_=IF[0x5][0x97]S[&lt;-bia[0xe4][0xad]I[0x86]S[0x8f][0xcc][0x15][0xdc]f[0x88][0x1e][0x1d][0xf1][0x1a][0xa4][0x9c]T[0x1][0xa5][0x15][0x86]nV[0x10]([0xae][0xfb]K[0x84]~`Q{[0xc2][0xad]3L[0x9f][0xc4]X[0x5]w[0x18][0xfa][0x1a]&apos;0[0xc5][0xb0]Q[0x8e][0xd7][0xb1][0xb8][0x9c][0xbe][0xde][0x95][0xd8]j,[0xc1][0xd0][0xdc][0xf9][0xa0][0x93]4&quot;[0x5]Z[0xf4]B[0xa1]|[0xa4][0xc2][0x15]u[0xee][0xe4][0x8a][0x8e][0x1e]&quot;U2:z[0x80][0xbd][0x12][0xac]F[0xec][0xad]&quot;_[0xa1]0t[0x8f][0x1c][0xe6]#[0x8e][0xfe][0xe3]&lt;J1[0xd4][0xd3]in[0xdb][0xc1]H$[0xc2][0xd0]So[0xbf][0xeb][0xf5]Rv[0xdf][0xf0]Z[0xd6]RYt[0x8d]=K[0xb1][0xc4][0x2][0xc3]P#[0x9f][0xd5][0xd8]i[0xab]g[0x1a][0x96][0x11][0xaa];[0x9b]\[0xb8][0xe0][0x87][0x8e]qU[0x95]D[0xc1][[0x8f][0xc5][0xaf][0xd3]F[0xda]I[0x9e]*[0x85][0xcd]+[0xee]s[0xb9][0xcc][0x11][0x86][0xa9][0xad][0x13]w^:[0xb5][0xf3] [0x8d][0xce]0[0xdd]$[0xa2]z[0x8e][0xf][0xba][0xba][0xa6]g[0xe8][0xf1][0xaa][0x3][0x9d][0x13][0xb7]!6[0xc3][0xd9]*[0xde][0xd1]%[0xb4]Rt][0xc6][0xf][0xd7]1[0xbe][0x8e];[0xd6][0x15]l3[0x8c]?Q[0xc2]SI=[0x9a][0x9f][0xca][0xfd][0xf1]`[0xe8][0xa7][0xdb]?@[0xef][0x2][0x86].Y[0xd6][0xa9]?[0xb][0xf9][0xf3][0xd0][0x0][0x83]4[0xf][0xd2]h[0x10]M[0xf4][0x1]mc[0xa1]][0xb0][0xb1][0xd0][0x97]h[0xfa][0xbc],t[0x8e][0xda][0x16][0xea][0x81][0xef][0xa9][0xa5][0x8b][0xa0]*0[0x85]f[0xfa][0x80][0xde][0xd0]]4Jr[0xe1][0x12]&lt;[0x9f][0xc1]7[0x16][\n]&quot;
2013-02-06 13:51:56,572 AAD-WS DEBUG wire:63 - &gt;&gt; &quot;[0xef][0xc2][0xbb]/[0xdb]UV[0xf4][0x3]=/~D[0x7]~B[0xf]~[0xa6][0x15][0xba]K[0xaa]8[0xe3]U[0xc5][0xa7]$[0xce]&apos;h[0x95][0xfa][[0xf6][0xc5][0xdb][0xcb]J~![0xf1]_[0xa1][0xe2]7[0x1a][0xd3][0x85]T[0x15][0xfd][0x98][0xd6]Z[0xa8][0xbf][0xf5][\r][0x94][0x1b][0xbb]h[0xed][0xf2][0x95][0xe0][0xf][0x95][0xd0]V[0x82][0xfa]U[0x19][0xb0][0xfd][0x1e]:[0x9a][0xb0][0x87][0xce][0x4]M[0x9e]z8Y[\n]&quot;
2013-02-06 13:51:56,572 AAD-WS DEBUG wire:63 - &gt;&gt; &quot;[0xdf][0xc7][0xe8][0xf8]}[0x9c][0x1b][0xfb][0x2]M%t[0x95][0xf0][0xf4][0x1e][0xba][0xa7]&lt;[0x1]O[0x9]={[0xe8][0x9d][0xf2][0x6][0xbc][0xe1][0xf1]{x[0xa6][0x19][0xfb][0x1b][0x19]@+[0xb5][0xbf][0xd3][0xab][0xe7][0xf]r[0xd6][0x9f][0x88][0xe0]/\[0xc0][0xdf][0xb8][0x8c][0xf0]&amp;[0xfe][0xc5]M[0xfc]GvL[0x10]O[0x13]4[0x9c][0xa1]~[0x96]$[0x9e][0xa3][0x17][0xd5][0xf3][0xd4][0xf7][0xd1][0xe8][0x5][0xa2][\r][0xe3]:F[0xe0][0xa3]7[0xd4]e,B&gt;[0xd1][0xfa][0xb0]D[0xf4]e8[0x84][0xc2](P[0xcb]X[0xa5]~[0x86][0xf8]2[0x8]&lt;[0x0]PK[0x7][0x8]x[0xc4]T[1[0x4][0x0][0x0][0xd3][0x9][0x0][0x0]PK[0x3][0x4][0x14][0x0][0x8][0x0][0x8][0x0][0xd4]|D5[0x0][0x0][0x0][0x0][0x0][0x0][0x0][0x0][0x0][0x0][0x0][0x0]B[0x0][0x0][0x0]com/sun/java/help/impl/CustomKit$CustomDocument$CustomReader.class[0xa5]TmO[0xd3]P[0x14]~.{)+e[0xe8][0xc4][0xb7]1pb[0xd5][0xbd][0xc8][0xca]PD[0x3][0xd1][0x8c][0x19]#:[0x94][0xc0]Bb[0xe2][0x97][0xae]\[0xb6][0x92][0xad]][0xda][[0xc5][0xa5]F%[0xd1][0xc4][0x1f]`[0xe2]K[0xe2][0xff]1[0x9e]v:[0xb7]D[0x98][0xd3]6[0xbd][0xa7][0xe7][0xf4][0x9e][0xe7][0x9c][0xf3][0x9c][0xd3][0xfb][0xf1][0xfb][0xbb][0xf][0x0][\n]&quot;
2013-02-06 13:51:56,573 AAD-WS DEBUG wire:63 - &gt;&gt; &quot;[0xb8])#[0x86]d[0xc][0xa3][0x98][0x8a]![0x85]i[0x9]32[0xc2]8&apos;[0x93]%[0xed][0x9b][0xcf]K[0x98][0x95][0xa0]J[0xb8][0xcc][0x10]/{[0xae][0xb0][wl[0xc3]kqK0(k[0x96][0xc5][0x9d]rSw][0xee][0x92][0xda][0xf9][0xbe][0xc9][0xf5][0x1d][0xee]0[0x8c]?[0xaa][0xed]qC[0x94][0xc]a[0xda]V[0x91]!*[0x1a][0xa6][0xab][0xce]3[0x14]+[0x86][0xdd][0xd2]\[0xcf][0xd2][0xf6][0xf4][0xa7][0xba][0xd6][0xe0][0xcd][0xb6]f[0xb6][0xda]M[0xad][0xe3][0xff][0xc0][0x14]j[0xa4]e[0x86][0xd8][0xd6]sK4[0xb8]0[\r][0x2]Z1-S[0xdc]bX[0xcc][0xc][0x8d][0xb4][0x96][0xdd]f[0x8][0x97][0xed][0x1d][0xce]0Q1-[0xfe][0xd0]k[0xd5][0xb8]S[0xd5]kM[0xb2][0xc4][0xeb]\l[0xe8][0x8e][0xcb]W[0xbd][0xdd]][0xbf][0x86][0xc9]L[0xb6][0x12]@{[0xc2]lj[0xdb]T[0x8e][0xed]P6[0xf2][0x96][0xed]9[0x6][0xbf]k[0x6]N[0xdd]`[0x5][0xab][0x82][0x4]2[\n]&quot;
2013-02-06 13:51:56,573 AAD-WS DEBUG wire:63 - &gt;&gt; &quot;&amp;pLBN[0xc1][0x15][0xcc]1[0xdc][0x1f]2M[0xb5][0x97]I[0xb5][0x8f]G[0x1f][0xbe][0xa0]@[0xc3][0x82][0x82][0xab][0xb8][0xc6][0xb0][0xf2]?[0xd8][0x12][0x16][0x19][0xe6]|[0xcf]}[0xcd]}fZuM[0xf0]}[0xa1]5D[0xab][0xa9][0xdd][0xab][0xae]W[0xba]N[0xbe][0xf2][0xab][0xb1][0xf2]oE[0xc2]u[0x6]m[0xc8][0xc][0x18]2[0x99][0xca][0xe0][0x98]~[0xaf]$,1[0xcc][0x1c][0xbe]W[0xad][0xea]u[0x86]P[0xb0]F6J[0x9b][0xa5]u[0x86][0xf4][0x11][0xd8][0xfe]~[0xea]_i[0xe8][0xc1][0xe9]cm[0xd9][0x1f][0xa2]1[0x87][0xd7]MW[0xf8][0xb3]S[0x97]p[0x83]F[0x94]^:MbxrT[0x81]A[0x12]A@[0xf][0xe9]j[0x17][0xbb][0x13][0xbb][0xdd];[0xa4][0x89]?[0x8d][0xe8][0xec]`|[0xa2]j[0x10][0xb][0xc][0xc9][0xc3]q[0x18][0x96][0xfe][0xb1][0x8][0xa4][0xe9]h[0x89][0xd1][0x9]D[0xc9][0xfb][\n]&quot;
2013-02-06 13:51:56,574 AAD-WS DEBUG wire:63 - &gt;&gt; &quot;[0xc9][0xe3][0xf0][0xaf][0x91][0xc0]r[0x82][0xd6]I[0xd2]n#[0x82][0x10][0xc9][0xa9]\&gt;u[0x0][0x96][0xcb][0xbf][0xc1]H[0xee][0x15]B[0xef][0x11]~[0x9c];@[0xe4]-[0xa2]/[0x3][0x90][0x93][0xb4]&amp;[0xe8][0xdc][0x2]&gt;#[0x8a]O[0x18][0xc3][0x17]$[0xf1][0x95][0xf4]S8[0xfd][0x13]l[0x9a]$#[0x19][0xc9][0xbd][0x86][0xf4][0xa2][0xeb][0x16][\r][0x8c][0xdf]([0xf2][0x99] [0xfe]Y($[0x17][0xc8].[0xe3][0x12][0x1][0x8d][0xd2]-c[0x9c]laz[0x8b][0x93][0x8c][0xe1][0x2].[0x92]W[\n]&quot;
2013-02-06 13:51:56,574 AAD-WS DEBUG wire:63 - &gt;&gt; &quot;Y[0xe4]I[0x9b][0xa7][0xa7][0x8][0xf6][0x3]PK[0x7][0x8]U[0xab][0xfd][0x8f]G[0x2][0x0][0x0]T[0x5][0x0][0x0]PK[0x3][0x4][0x14][0x0][0x8][0x0][0x8][0x0][0xd4]|D5[0x0][0x0][0x0][0x0][0x0][0x0][0x0][0x0][0x0][0x0][0x0][0x0]5[0x0][0x0][0x0]com/sun/java/help/impl/CustomKit$CustomDocument.class[0x95]S[O[0x13]A[0x14][0xfe][0x6][0xca][0xe][0xdd][0xae]([0xa8][0xa8][0xe0][0xa5][0x96][0x82][0xed][0x8a]Lbb|([0xf1][0xc1][0xaa][0xb1][0xba] [0xa1]@[0xe2][0xe3]t;[0xa1][0x8b]{ivg[0x15]~[0x8a][0xff]B_ [0xd1]D1j4[0xfe]([0xe3][0xd9][0xb6][0x12][0x89]![0xda][0xdd][0xcc][0xce][0x9c][0xdb]w[0xce][0xf9][0xce][0xec][0x8f][0x9f][0xef]&gt;[0x0]X[0x82]m&quot;[0x8f][0xb][0xe3][0xb8]hb[0x1c][0x97]8f[0xb2]}[0x96][0xe3][0xb2][0x9][0x3]W8[0xae]q[0x14][0x19]&amp;[0xea]i[0xa2][0xa3][0xe0]A[0xe4][0xa6][0x81][\n]&quot;
2013-02-06 13:51:56,575 AAD-WS DEBUG wire:63 - &gt;&gt; &quot;5[0x83][0xd5][0x8]C[0x15][0xd7]}[0x99]$*![0xb1]o_W[0xb2][0xad]b[0x6]c[0xd9][0xb]=}[0x8f]a[0xbe][0xe2][0xec][0xc8][0x97]rW$[0xaf][0xbc]p[h[0xb5][0xab]EG[0x7][0xbe]h[0xea]=_5;J[0xe9]Zu[0x8b]!W[0x8f][0xda][0x8a][0xe1][0xb4][0xe3][0x85]j5[\r]Z*[0xde][0x90]-[0x9f]4[0xf9]m[0xa5][0xfb][0xa8][0x1c]%[0xaa]cM[0xc6][0x9][0xe5][0x95][0xbe][0xdf][0x92][0xee][0xb][0x86][0xbb][0x95]F[0xf5][0x84][0x14][0x8f]7V[0x9c][0x87]mOG[0xf1]SO[0x97][0x8f][0x7][0xd6][0x18][0xcc]f[0x94][0xc6][0xae]z[0xe4]ei[0x6][0xfd][0x91][0xe3]R[0x6]f[0xe1][0x14]&amp;[0xa8][0x8d]D[0xc7]J[0x6][0x16][0xe6]P[0xa6][0x1e]3[0x8b][0x8][0x95][0x16][0x9b][0xeb][0x8e][0x85]y,0,[0xbb]Q [0x92]4[0x14]=[G[0xf9]][0xe1][0x5]]_[0x1c][0xc1][0x95][0x8f][0x13]W[0xfe][0x93][0xa7],[0xcb][\r][0x8e][\n]&quot;
2013-02-06 13:51:56,577 AAD-WS DEBUG wire:63 - &gt;&gt; &quot;[0x83][0x18][0x12][0x86][0xa1]tr[0xcf][0xbf][0x9d]8[0xaa][0xc][0xb7][0x87][0xe7][0x86][0xa1]@[0xa4][0xaf][0xc5]QW[0xc5]z[0x8f]a[0xa1]?C[0xe1]K[0x82]x[0xd6][0xda]Q.[0xcd][0xec]o[0x15][0x3]O[0x94][0xbe]/[0x13][0xa2]sr[0x10]2 [0xab]7[0xe2];[0x15]g[0xc8].k[0x8d],[0xae][0xf8][0xaf]([0x86][0xb9][0xff]h[0x12]E[0xba][0xd7]yd[0xcf][0x8]-[0x9a]/[0xe8][0xbe][0xd1][0xa9]Dr[0xa6]1[0xec][0x9b][0x7]`o[0xe9][0xc4]p[0x86][0xbe]fO[0xfb][0x11]c8$[0xcd]$[0xce][\r][0xfc][0x9f] G/[0xc5][0xd9]S#[0xfb][0x18]]Y[0xfc][0x84][0xdc]k[0x14][0xec][0xc5]C[0xe4][0xf6]1[0xf6][0x1e][0xc6]s{[0xf6][0x0]|[0xf5][0xd6][0x9b]#[0xac]iB[0x1]&gt;[0x83][0xe3][0xb][0xe5][0xfd]J[0xf2]7[0xaa][0xe7];e8[0xdf][0xab]g[0x1a][0x5][0xda]g0J5^E[0xf6][0x7][0x1a][0xb4],[0xd2]M[0xe1]:[0xce]&quot;[0xff][0xb]PK[0x7][0x8]R[0xb0]&quot;q[0xf6][0x1][0x0][0x0][0xaf][0x3][0x0][0x0]PK[0x3][0x4][0x14][0x0][0x8][0x0][0x8][0x0][0xd4]|D5[0x0][0x0][0x0][0x0][0x0][0x0][0x0][0x0][0x0][0x0][0x0][0x0]2[0x0][0x0][0x0]com/sun/java/help/impl/CustomKit$ObjectView1.class[0x8d]W[0x8b][0x13][0xc7][0x11][0xfe][0xc6][0x96]t[0xf2][0xe9][0x10]F`@[0x4]&apos;[0x82][0x9a] [[\n]&quot;
2013-02-06 13:51:56,578 AAD-WS DEBUG wire:63 - &gt;&gt; &quot;[0x2][0x92][0x90]&quot;[0x13][0x13]c[0x9b]FD6[0x4][0x1b][0x13]p[0x92]r[0x96][0xd6][0xb6]@[0xbe]S[0xee]N[0xd8][0xa4]M[0x93]&amp;[0xb4][0xcd][0xab][0x8f][0xa4][0xd0][0xd6]i[0x13][0x9a]&gt;[0xe2][0xb6][0xb4][0x14][0xa7][0x8d][0x8c]CC[0xa1][0x8f][0xd0][0xe6]o[0xea]kV/d[[0xe][0xb5][0xbf][0xbd][0xbd][0x99][0xd9][0xd9]o[0xbe][0xd9][0x99][}[0xf6][0x9f][0x8f]o[0x0][0xd8][0x81][0xcf]T&lt;[0x8c]&gt;[0x15][0xf][0xe1][0xa0][0xf]_[0xc2][0xe3][\n]&quot;
2013-02-06 13:51:56,578 AAD-WS DEBUG wire:63 - &gt;&gt; &quot;[0x12]*\8[0xe4][0xc5][0x13][0xf2][0x99][0xf4][0xa1][0x1f][0x3]rvX[0xe]GT&lt;[0x89][0xa3]M[0x18][0xc4][0x90]T[0x1c]S0[0xac][0xc2][0x8f][0xe3]rxJ[0xe]&apos;[0xbc]8)[0x9f]#rxZ[0xba]}F[0xc5][0xb3][0xf8][0xb2][0x82]S[\n]&quot;
2013-02-06 13:51:56,579 AAD-WS DEBUG wire:63 - &gt;&gt; &quot;t[0x1f]6bT[\n]&quot;
2013-02-06 13:51:56,579 AAD-WS DEBUG wire:63 - &gt;&gt; &quot;S[\n]&quot;
2013-02-06 13:51:56,580 AAD-WS DEBUG wire:63 - &gt;&gt; &quot;[0xd2][0xf2])[0x14][0x8c]y1[0xae][0xa2][0x15][0x13]M[0xc8][0xe0][0xb4][0x8a][\r]8#5Y[0x15][0x93]0[0xe4]ZSE[0xe][0xcf][0xc9][0x99][0xa5][0xc2][0x86][0xa3] [0xef][0xc5]Y[0x1f][0xa6]0[0xed][0xc5]9[0x15][0xcf][0xe3]+[0xd5][0xe1][0xab]*^[0xc0][0xd7][0xe4][0xf0][0xa2][0x17]/)[0xf8][0xba][0x17]/+xE[0xc1]7[0x9][0x9e]}[0x19]#[0xe3]t[0x11]Z[0xc3][0xc9][0xd3][0xfa]Y}:fOe[0x8c][0xf1][0x98]#[0xa6][0x9d]X_VL[\n]&quot;
2013-02-06 13:51:56,580 AAD-WS DEBUG wire:63 - &gt;&gt; &quot;[0xc3][0xe9]l[0x1f]&amp;[0xb8]z[0xcc][0xb4] [0xac]Nf[0xc]1[0x90][0x9f][0x1c][0x15][0xd6][0x90]&gt;[0x9a][0x95][0x92][0x94]%tG[0xf4][0x98][0x93]9[0xd3]`k[0xc2][0xfa]p{[0xd1]WL[0x9f]rbUy&apos;[0xe1][0x9e]q[0xe1][0x1c]3[0xb2][0xa6][0x9e][0x96]K[0x8f][0x8a][0x9c]%l[0xd6][0xe8]N[0xc6]4[0x8]^[0xd6][0xf6]du[0xdb]&amp;l+[0x81][0x89]eu[0x86]2[0xe8]X[0x8c][0xa8][0xb3][0xbd]FT4c[0x87]j[0xdf]tJ[0xe4][0xe4]r[[0xc1][0xb7][0x8][0xab]l[0xe1][0x1c][0xd1]-}R8[0xc2]b?{[0xc2][0xf5][0x80],[0xf][0xb4][0xdb][0xe1]=F[0xf3][0x8e][0x18][0x14][0xa5]h[0xd5]A3o[0xa5][0xc4][0xc1][0x8c][0x8c][0xd0][0xdf][0x93][0xb7][0x1d]s[0xf2][0x89][0x8c][0xb3]C[0xae][0xd4][0xb0][0x7][0x8f]hx[0x15][0xaf])x][0xc3][0x1b]x[0x93]C^[\n]&quot;
2013-02-06 13:51:56,581 AAD-WS DEBUG wire:63 - &gt;&gt; &quot;[0xf7]@~lLX[0xd2][0xf4][0xdb]L[0xb2][0xce][0xfe][0xe3]![\r][0xdf][0xc1]w[0x15]|O[0xc3][xS[0xbe][0xbc][0xad][0xe1][0xfb][0xb8][0xa0][0xe0][0xa2][0x86][0x1f][0xe0][0x87][\n]&quot;
2013-02-06 13:51:56,581 AAD-WS DEBUG wire:77 - &gt;&gt; &quot;f4[0xfc][0x18]?[0xd1][0xf0].[0xde]#4/u[0xa9][0xe1][0x12]~[0xaa][0xe1]}[0xfc]L[0xc3][0xcf]q[0x81]SRB[0xf3][0xb][0xfc]RJ?[0xd0][0xf0]([0xba][0x14][0xcc]j[0xf8][0x15]~M[0x8],[0x8f][0x9c][0xd0][0x9e]2&apos;cv[0xde][0x88][0x15][0x95][0x13]&quot;[0x9b][0x8b]e&amp;s[0xd9][0xd8]pFLuO[0xe9][0xd6][0x9d]4j[0xf8][\r].k[0xe8][0xc6][0x1][0xc2][0xda];P[0x86]&amp;,sJfO[0xc3]&gt;t[0x96]w[0xa9]py([0xa9][0x8f][0x8a],[0xa1]a[0xff]~[0x19]9G[0xf4][[\r][0xbf][0xc3][0x15][\r][0xbf][0xc7]U[\r]s[0xf8]P[0xc1][0x1f]$[0xcc]?j[0xf8][0x8][0x5][0x5][0xf3][0x1a][0xae][0xa1]K[0xc3][0x82][0x4][0xfe][0xb1][0x86][0xeb][0xf8][0x13]aKq[0xb7]Q[0xa1][0x1b]v,a8[0x96]i[0xe7]DJ[0xe6][0xb8][0x9a]lB0SU[0x98]VhL[0xe7]&lt;[0xa5][0xa3]!1[0x1d][0xf])[0xf8]D[0xc3][\r][0xfc][0x99]s[0x92][0x9a][0x10][0xa9]3[0x8c]+d[0x1a][0xa1][0x9c]e[0xe6][0xec][0x91][0xcc]3[0xd2][0xe0][0xa6][0x86][[0xb8][0xa0][0xe1]/[0xf8][0xab][0x82][0xbf]i[0xf8];&gt;[0xd5]p[0x1b][0xff] [0xac]K[0x18]g[0xcd]T[0xf1]&lt;[0x86][0xec]|*%DZ[0xa4][0x17][0xc5]_[0x83]aM[0x8d]q[0x9][0x1]![0xba][0x2][0xbf][0xd5][0x13][0xd4]vx[0xf4]4[0x83][0x96]|[0xef]&quot;[0xf8][0x16][0xbd]i[0x9][0xc3][0x10]V[0xf1]l[0xb]&gt;[0xbc][0xf7].;[0xa6][0xd5][0xe4][0xc8]&quot;
2013-02-06 13:51:56,582 AAD-WS DEBUG wire:63 - &gt;&gt; &quot;[0x5][0x84][0xd0][0x92][0x82][0x18]0[0x9d][0x83]f[0xde]H[0xd7]`T[0xb9][0xa6][0xca]UL[0xd8]\[0xae][0xcb][0xba]5N[0xd8][0xb8][0x92][0x8e][0xeb][0x8a][0xdd]Tk[0x84][0xa1]m[0xa9][0xe7]iQ[0x11][0x11][0x1a][0xc3][0xb2][0x90]&lt;z.&apos;[0xc][0xc9][0xcc]]J[0xba][0xb6]lxu[0xeb][0xe7][0xba][0xe7][0x9a]L[0x99][0xb9]s[0xb5][0x90][0x16][0xf9]/[0xd1][0xfa]y[0xfe][0xbd][0x8e]Y[0x92]p[0xd2][0xc3][0xcb][0xed][0xd8]&quot;t[0xb7]T2[0xbb]:[0x1f][0x11][0xdb]n[0xdb][0xb9]s&apos;[0xa1][0xa5]^[0x80][0xc3][\n]&quot;
2013-02-06 13:51:56,582 AAD-WS DEBUG wire:63 - &gt;&gt; &quot;[0xfe]Ih[[0x16][0xcc][0x84]3[0x99][0x8d]=&gt;[0xd4][0x9f]l[0xab][0xc6]@h[0xaa][0x99]+=[0xc9][0xee][0xc1][0xc1]D/[0xe1][0xfe][0xe5]L[0xd7]Y[0xcd][0x80][0xb5][0xda]$[0xf1][0xba][0xbb][0x10]R[0x16][0xf1]V[0x19]#-[0xa6][0xf][0x8f]qC[0x9]&apos;[0xda][0x13][0x8c][0xc3][0xce][0x8f][0xda]er[0xd6][0x87][0x13][0x89][0xba][0xf4][0xf8][0x1c]3iN[0xf1]q[0xd5]m[0x9][0x9d][0xc9][0xca]q[0xfb][0x18]2W &quot;![0xe5][0xf5]=[0xad]^r[0x8c][0xd9][0xb7]![0xa6][0x12][0x86][0xed][0xe8]FJ,[0xcd]O[0x15][0xb6][0x8f]{[0xbd][0xac][0x83]^[0xdd][0xd1][0x9][0x9b][0xea]|[0xbe][0xa4][0xb6][0xd8][0xcd][0xfd]5[0xad]0kZ|6-Y[0xac][0xcd][0xc9][0xc5][0xf2][0xce][0xd2][0x7][0xe4][0xa0]i[0x89]qK[0x16][0x12]W~x[0xa9][0x8d][0xf4][0xe7]c[0xa6]{[0xcd]T[0xbe]T[0x1c][0xad][0xf5][0x8a][0xa1][0xa2][0xee]\[0xd4][0xc8]K[0xe0][0xa5][0xdb]z_3[0xe5][0x3][0x98][0xe4]/[0xa4]`[0x98][0xc1][0xe5]f%[0x15][0x1b][0xb7][0xd4]Up&amp;[0xe4][0xe7][0xb5][0xcc][0xa3]2fZ[0x3][0xfc]1$l[0xa8][0xdb]S%[0x15]2[0x96][0x3],O[0x18]c[0x9c][0xbb]px[0x19][0xae]2[0x84][0xd2][0xda][0x8a]eg[0xa5]).[0x16][0xf3]yawG[0xb8][0xd7][\n]&quot;
2013-02-06 13:51:56,583 AAD-WS DEBUG wire:63 - &gt;&gt; &quot;[0xcb]9[0xd7]+[0xec][0x94][0x95][0xc9][0xf1]6[0x8c]ek[0xb8]}[0xa4][0xd6][0xd3]r[0xa3]J[0xd5][0xaf]h[0xc0][0x1][0xb1][0xf7]R@[0x92][0xab][0xe3]V[0xc6][0x11][0xfd][0xc2][0x99]0[0xd3]w[0x9a][[0x9][0xba]%[0xc6][0xb2][0x1c]`[0xac][0xa4][0xad]4[0xb7]z:[0xee][0xe3][0xe3]5[0x97][0x86][0xa1]s9[0xd9]M[0xd6]U[0xd1].[0xca][0x90]&apos;[0xc3]-[0xff][0xc]o[0xbf][0xb7]Nq[0x8d][0xfc][0x9f][0xf5][0xb6]i[0xe5]zF[0x88]/y[0xf]C[0xfe][0xb9]A[0xf2][0x9e][0xc1][0xe3][0x17][0xf9]m+[0x1a][0xf8][0x1f][0xf0]tD[0xe6]As&lt;c[0xc]&lt;[0xaa]E[0xe9][0xbf][0xd8][0xfa][0xdf]|[0x11][0x8d][0xa3][0xb3]dO[\r]h[0x84][0x97]5[0xef]u[0x14][0xd0][0xb0][0x80]FB[0xf2]:\&apos;[0xe6][0xe1][0xe]x[\n]&quot;
2013-02-06 13:51:56,583 AAD-WS DEBUG wire:63 - &gt;&gt; &quot;P&quot;[0xb][0xf0][0x12][\n]&quot;
2013-02-06 13:51:56,584 AAD-WS DEBUG wire:63 - &gt;&gt; &quot;h*@[0xbd][0x6]_[0xe4]Ch[0xb]X[0xd5][0x80][0x9b][0xf0][0xf7]G[0x9b][0xe3][0x5][0xac][0xee]jm[0xb8][0x84][0x93][0xd1][0xc6][0xd6][0x2][0x9a][0xb]X[0x13]w[0x5]][0x81]@[0x1]k[0xdf]A_[0xb4][0xd5]u[0xaa][0x80]u[0xfd][0x1d][0xd1]y[0xb4][0xc4][0xdd]Aw[0x1][0xeb][0xe3][0x9e][0xa0][0xe7][0x16]6[0xcc]`{[0xd0]s[0x13][0x1b][0xe2][0x8a]|[0xdd]8[0x3]P[0xb9][0x89][0x8d][0x1d][0xb][0x8]6[0xa0]#[0xa8]0[0xf8]MA[0xe5][0xea],\[0x3][0xc]l[0xf3]UF[0xbb][0x1b][0x17][0xf1]#[0xdc]S[0x8e][0xe7][0x10][0x2][0x8c][0xde][\r][0x95]&lt;[0xd8]F[\n]&quot;
2013-02-06 13:51:56,584 AAD-WS DEBUG wire:63 - &gt;&gt; &quot;vS[0x13][0xf6][0x92][0x8a].[0xf2]!A[0x1a][0x6]i[0x15]F[0xc8][0x8f]QZ[0x8d][0xc]5[0xe3]9Z[0x83]i[\n]&quot;
2013-02-06 13:51:56,584 AAD-WS DEBUG wire:63 - &gt;&gt; &quot;[0xe0]%Z[0x8b]7[0xa8][0x5]o[0xd3]z\[0xa4]M[0x98][0xa1][0xfb][0xd8][0xdb][0xbe][\n]&quot;
2013-02-06 13:51:56,584 AAD-WS DEBUG wire:63 - &gt;&gt; &quot;[0x1f]x[0x90][0xf9][0x90]L[0xad][0xbd][0x8e][0xd6][0x13][0x81]{[0xe7]q_[0x92][0x83][0xe][0x15][0xb0]%r[0xb5]J[0xa6][0x9f][0x8d]@[0xed][0xbc]y[0x7][0xd6]P[0x84][0x17][0xf0][0x85][0x8a]G[0xe9]`[0x84][0x9f]n~n[0xa7]~F[0xbe][0xb5][0x80]/[0xc]&lt;P@[0x9b][0xe4][0xe5]S[0xa8]AW[0xa4][0x80]m[0xfd][0xd1][0xdb][0xf0]F[0xae][0xe1][0xfe][0xfe][0xe8][0x1d][0xa7][e[0x1e]h/[0x1a][0xa8][0x93][0x1d][0xef]C3=[0x8a][0x16][0xea][0xc2]fz[0xc]![0xea][0xe6]({[0xb0][0x9f][0xed]\l[0xff][0x18]o[0xc2][0x17][0xae]r[0xe][0xfb]X[0xb6][0x8a]5[0xb7]&quot;[0xc5][0xdd][0xae]a{[0xdc]5[0x8b][0xd6][0xb8][0xbb][0x92][0xc9]v[0xce][0xa4]d[0xbf][0x9c][0xc5][0xb9][0xa0]k[0x1][0x1d][0x84][0xb8][0xbb]q[0x8f]g[0x16][0xe7]+f[0x91][0xa2]Y[0x8b]gw[0x1]Q[0x9e][0x96][0x8c][0xa3]e[0xc9][0x3][0xc5][0xbc]s[0xbe][0x94][[0xf0][0xcf] )[0xf3][0xe5][0x8f]{[0xcb][0xda][0x1d][0xf1][0xa6]`[0xd3]m[0xb8][0xe6][0x82][0xbc]G,[0xae][0x6][0xd5][0x1b][0xae]K[0xfc][0xea][0xfa][0x4][0xfe][0x13][0x8d]A[0xef]`[0xdc][0x17]l[0x8a][0x4]}[0x5][0xec]&lt;[0x1e][0xd8][0xc5]ng[0xa1][0xc6][0xb5][0xc0][0x83]&lt;;[0xef][0xa1][0x16]O[0xd0]}[0xe3][0xfd][0xff]&gt;?W[0xe4][0xce][0xc7][0xfc][0x86][0xf9]j{[0x19]W8[0xe9]%rF[0xf9][0xa7][0xf]([0x9]7[0x1d][0x86][0x8f][0x8e][0xc0]OO2[0xc3]G[0x11][0xa6]![0xec][0xa2]cx[0x84][0x86]1D[0xc7][0x91][0xa6][0xa7][0x90][0xa5][0x93][0xb0]i[0x4]/[0xd0][0xd3]x[0x99][0x9e][0xc5]+t[\n]&quot;
2013-02-06 13:51:56,585 AAD-WS DEBUG wire:63 - &gt;&gt; &quot;[0xaf][0x93][0x8e][0xb7]([0xc5]i[0x17]x[0x97][0xc6][0xf1][0x1]M[0xe0]2ep[0x85]N[0xe3]#^[0x93]L[0xde][0xbb][0x87]wj@/[0xbe][0xc1][0xcf][0x0][0xcf][0x1e][0xe2][0x9f]k[0xe7]9-[0x83]|[0xf0][0xde]A[0xf0]PK[0x7][0x8]z[0xec][0x1a][0xdf]Z[0x7][0x0][0x0][0xf6][\r][0x0][0x0]PK[0x3][0x4][0x14][0x0][0x8][0x0][0x8][0x0][0xd4]|D5[0x0][0x0][0x0][0x0][0x0][0x0][0x0][0x0][0x0][0x0][0x0][0x0]/[0x0][0x0][0x0]com/sun/java/help/impl/ViewAwareComponent.classeM;[0xe][0x82]@[0x10]}[0xa3][0x8]~[0x1a];[0x13]O [\r]s[0x0]+[0xa3][0xb1]2[0xb1]0[0xa1]_[0xc9]D![0xcb].[0x81]E8[0x9b][0x85][0x7][0xf0]PF[0xd6][0xd6])^[0xde]7[0xf3][0xfe]&lt;_[0x0][0x12][0xcc]&quot;D[0x11][0xa6][0x84]E#.[0xcd][0xa5];([0xa7][0x8][0xeb][0xcd][0xa9]P[0xf][0xd5]s[0xd3][0xe5][0xe6][0xc6]Nz[0xc7]&gt;[0xdd][0xc6])a~[0xb1]m[0x9d][0xc9]1[0xd7]BXy{[0xd7][0xa9]Z[0xf6][0xb6][0xac][0xac][0x11][0xe3][0x12]?%[0xc4][0x99]-[0xb9]i[\r]{[0xc9]w[0xd1][0x15][0xe7]e[0xa5][0xf9]@X[0xfe]:Z[\r][0xbf][0xce][0xd7]B2[0x17][0x12][0x8]#[0xf8][0xa3][0x80]0F[0xe0][0x19]&amp;[0x3][0x8e][0x10]~[0x1]PK[0x7][0x8]}[0xfa][0xbf]b[0x9a][0x0][0x0][0x0][0xbf][0x0][0x0][0x0]PK[0x3][0x4][0x14][0x0][0x8][0x0][0x8][0x0][0xd4]|D5[0x0][0x0][0x0][0x0][0x0][0x0][0x0][0x0][0x0][0x0][0x0][0x0]0[0x0][0x0][0x0]com/sun/java/help/impl/JHSecondaryViewer$1.class[0x95]R[0xdb]n[0xd3]@[0x10]=[0x9b][0x96][0xa4]q[0x1c]Rh)[0x14]J[0xa1]m[0xa0][0x8e][0x3]u[0xfa][0xcc][0xe5]%*[0x2][0x14].&quot;[0xa8][0xef][0x8e]3&quot;[[0x1c][0xbb][0xb2][0xd7]-[0xfd][0x11]$[0x90]@B[0xf0][0x3]HP[0x10][0xf]|[0x0][0x1f][0x85][0x98]][0x97]Vj[0x90][0x1a]l[0xed]xg[0xf6][0x9c]3[0x97][0xf5][0xaf][0xdf]?~[0x2]X[0xc3][\r][0xb]S[0x98]/[0xa3][0x84][0x8b][0x16].aA[0x9b][0xcb][0xda],[0x9a]][0x9]WJX.aE[0xa0][0xa8][0x6]2[0xad][0xb7][0x4][0xdc]N[0x10][0xf][0xbd]4[0x8b][0xbc]-[0xc7][0xf7][0x6][0x14]n{r[0xb8][0x1d]z[0xf][0xef]w)[0x88][0xa3][0xbe][0x9f][0xec]mJ[0xda][0xa5][0xe4][0x96]@[0xb9][0xbb][0x17][0xa9][0x1])[0x19][0xb0][0xc2]m[0x19]IuW[0xe0][0xa6]3[0xbe]DcS`[0xb2][0x1d][0xf7]I[0xa0][0xd6][0x91][0x11]=[0xce][0x86]=J[0x9e][0xfb][0xbd][0x90]#[0xf6]0[0xce]Rj[0x87]2xI}[0x81]E[0xa7]c[0xf4][0xfc]][0xe5][0xd1][0xe]E[0xca]{[0xa4][0xcf]7[0xf4][0xd6][0x8][0xe5][0xf8][0x8d]HQ[0xa2][0xf1][0x95][0xdc]}%[0x95][0xf6][0xf2][0xc3][0xa7][0x9][0xa5][0xa9]v[0xab][0xc6]}F![0xf9][0xc6][0xb7][0xba]q[0x96][0x4]tO[0xea][0xc4]s#[0x85][0xae][0xe9][0xcc]6[0xaa][0xa8][0xdb][0xb0]P)[0xe1][0x9a][0x8d][0xeb]X[0xb5][0xe1][0xa0]a[0xc3]E[0x93][0x7]7n[0xd3][0xf5]u[0x1]pA[0xf][0xa2][0x88][0x92]v[0xe8]sA[0xa9][0xc0][0xb4][0xa1][0x85]~[0xf4][0xc2]{[0xd2][0xdb][0xa2]@[0x9],[0xfc][0xab][0xdd][0x8e]L[0x15]1Q`[0xc2][0xd1]M;[0xe3][0xa6][0xe5][0x1e][0xfd] [0xe0][0xf6][0xeb][0xad][0x16][0xdf][0xf3][0x8c][0xd3]8[0x1a]g;K[0xd2][0xd8]\hJ*w[0x4]f[0x9d][0x11][0x80]N[0xf8]We][0xab][0xdc][0xf9][0x9f][0xbb][0x1e][0x91][0xc3]U[0xfe]3[0xa7]x[0x16]e^g[0xf5]`[0xf5]\[0xa0][0x9f]&quot;[0xaf]*N[0xb3]_[0xe3][0xdd]2[\n]&quot;
2013-02-06 13:51:56,585 AAD-WS DEBUG wire:63 - &gt;&gt; &quot;[0xfc][0x2][0x96][0xfb][\r][0xc2]m~E[0xe1]3[0xf4][0xc][0xa7][\r][0x92][0xc7][0x89][0x8f]l[0xcf][0xb0]F[0x8e][0x9f][0xe7][0xa5][0xf1][0xe2]8[0xec]5[0xdb][0x99]C[0xd8][0xea][0x81]l[0xc5][0xfd][0x82][0xc2]wL[0xec]c[0xf2][0x88]`[0x99][0xa3]7[0xfc]}[0xcb][0x91][0xd9]CR[0xf3][0x80]T[0xd3][0xa4][0x9c]xj[0x1f][0xc5][0xe3][0xc4]w\[0xfc]{[0x8e][0x9c];[0xb9][0xa8][0xf]l[0xe7]N[0x86]}[0xe2][0xf0]ysx[0x1]K&amp;[0x8f][0xe0][0xf1][0x99][0xe7][0xf]PK[0x7][0x8][0x86]_[0xb7][0xf3][0xf1][0x1][0x0][0x0][0xf1][0x3][0x0][0x0]PK[0x3][0x4][0x14][0x0][0x8][0x0][0x8][0x0][0xd4]|D5[0x0][0x0][0x0][0x0][0x0][0x0][0x0][0x0][0x0][0x0][0x0][0x0].[0x0][0x0][0x0]com/sun/java/help/impl/JHSecondaryViewer.class[0xa5]y[0x7]`T[0xd5][0xd2][0xf0][0xcc][0xdc]M[0xf6]fs[0x3][0xe1][0x12][0x2][0x81][0xd0][0x3][0x84]l [0xa0][0xd8]B[0x91][0x84][0x10][0x9]&amp;![0x12]Z[0xc0][0xc2]&amp;[0xb9]$+[0x9b][0xdd][0xb8][0xbb][0x81]D[0x9f][0x82][0x88][0x15][0xc5][0xee][0x13][0x1b][0xf6][0xe8][0xb3]!eA[0xb1]`[0xc3][0xde][0xbb]&gt;[0xeb][0xb3]?{{[0xef][0xa9]O[0xbe][0x99]{[0xef][0x96]l[0x96]_[0xff][0xef]#d[0xce]9s[0xe6][0x9c]33gf[0xce][0xcc][0xcd]S[0xbf][0xdf][0xfb][0x0][0x0]LT [0x3][0x1d][0xb8]B@[0x8b][0xb][0xd3][0xb0]Uz^[0x1][0xc7][0xb]X)[0xc0][0xa7]b[0x9b][0xb4]~[0x1][0x1][0x1][0xed][0x2]NP1[0xe8][0xe2]6[0xe4][0xc4][0xb0][0xb][0xfa]b[0x87][0xc]V[0x9]X-[0xa0]S@[0x97][0x13]Ot[0xc1][0x0]&lt;I[0x6][0x91]U&apos;[0xbb][0xf0][0x14]\[0xe3][0xc4][0xb5]28[0xd5][0x5][0x83]q[0x9d][0xf4]N[0x13][0x82][0xf5]N&lt;[0xdd][0x5][0xc3]-&amp;[0xce][0xc8][0xc0]3[0xf1],[0x19][0x9e]-[0xbd]s[0x4]l[0x10]p[0xae][0xb][0xcf][0xc3][0x8d]2q[0xbe][0x13]/[0x90][0xc1][0x85].[0x18][0x8f][0x17]9[0xf1]b[0x19]\[0xe2][0x82]b[0xbc]Tz[0x97][0xc9]Q[0x95][0xbd].w[0xe2]&amp;[0x17]^[0x81]W[0xba][0xe0][0x0][0xbc]*[0x13][0xaf][0xc6]k[0x4][0xbd]Y[0xc5]R9[0xf7]Z[0x19]\[0xe7][0xc2][0xeb][0xf1][0x86]L[0xbc][0x11]or[0xc1]ex[0xb3][0x13][0xbb]U[0xbc][0xc5][0x85][0x13][0xf0][0xd6][0xc][0x6]Sq[0xa6][0x8a][0xe5]By[0x9b][0xb]o[0xc7];[0xa4]w[0xa7][0xac][0xbe]K[0xc5]-*[0xde][0xed][0xc2][0xad][0xb8]M[0xc6][0xdb][0x5][0xec]p[0x1c][0xce][0xea][0x95]^D[0xc0]N[0x15]w[0xb9][0xf0][0x1e][0xbc]W[0x6][0xbb]E[0x8a][0xfb]D[0x80][0xfb][0x5]&lt;[0xe0][0xc4][0x7][0x5][0xbd]G[0xc5][0x87][0xcc]V[0xc0][0xc3]N|[0xc4][0x5]K-[0xa5]&gt;[0x1a][0xdf]V[0xc0]c[0x89][0xdb][0xee]5w4[0xd7]e[0xc0]B|&lt;[0xbe][0x83][0x80]&apos;[0x4]&lt;i[0xea]V[0xc0]S.|[0x1a][0x9f]q[0xe2][0xb3].h[0xc3]V[0x1][0xcf][0x9][0xfa]y[0x1]/[0x8]xQ[0xc0]K&quot;[0xda][0xcb]N|[0xc5][0x5][0x1d][0xf8][0xaa][0xb]_[0xc3][0xd7][0x85][0xf4][\r][0x99]{3[0x83]{oe[0xf0]u[0xbf]-[0xe0][0xef].|[0x7][0xdf]Uq[0x8e],yO[0xc0][0xfb]*[0xce]U[0xf1][0x3]Q[0xd1][0x87][0x2][0xfe]![0xe0]#[0x1][0x1f][0xcb]-}[0xe2][0xc4]O]p[0x96][0x1c]&gt;[0x1e]?[0x93][0xde][0xe7][0x2][0xbe]p[0xc1]&apos;[0xf8]O[0x1]_f[0xc0][0xd7][0xf8][0x95][0x80][0xaf]U[0xac][0x16][0xcc]7[0x19][0xf0][0x1d]~+[0xe0]-[0x15]k[0x9d][0xf8][0x9d]\[0xcf][0xf7]N[0xfc][0xc1][0x89]?[0xba]`[0x13][0xfe]$|[0xfd][0x1c][0x13]4[0xa4][0xe2][0xbc]$[0x8c][0x80][0x9][0xf8][0xb7][0xad][0x89]3[0xf1]?by[0xbf][0xa8][0xf8][0xab]p[0xf6][0x9b][0xb][0xff][0x8b][0xbf][0xab][0xb8]O%P[0x9]U&quot;[0x95][0x14][0x95][0x1c]*[0xa5][0xa9][0x94][0xce][0x93][0xe4]TIU)C%[0x17][0xd3]S[0xa6][0x0][0xcd]IY=[0xf6][0xa4]&gt;*[0xf5][0xed][0x89][0xc9]V[0xa9][0x9f]JzOd[0x95]r[0xf8][0xaa]h[0x80]J[0xb9]*[\r][0x94][0xee] [0x95][0xf2][0xa4][0x1d][0xac][0xd2][0x10]i[0xf3]U[0x1a]*[0xed]0[0x95][0x86]K;B[0xa5][0x91][0xd2][0x8e]Ri[0xb4][0xb4][0x5]*[0x8d][0x91]v[0xac]J[0xe3][0xa4]-Ti[0xbc][0xb4]E*[0xb9][0xa5]-[0x8e]Z[0x1]Mp[0xb1]Q|![0xc7]N[0x14]P&quot;[0xc2]LR[0xf1]hV,Mv[0xd2][0x1]*[0x1d][0xc8][0xfa][0xa7])2&gt;H[0xa5][0x83]U:D[0xba][0x87][0xaa]t[0x98][0x93]J]|[\r][0xcf][0xc9]x[0xaa][0x93][0xa6][0xb9][0xf8][0x6][0xcc][0xc1]t[0x1]3\[0xf0][0xb3][0xec]p[0xb8][0xb4][0x7][0x9]8T[0xc0]t[0x1]3[0x5][0xcc][0xc8][0xa0]2*Wi[0x96][0x8b]*h[0xb6]J[0x95]*[0x1d][0xa1][0xd2][0x1c][0x95][0xaa]\4[0x97][0x8e]tR[0xb5][0x93]j[0x9c]T[0xeb][0xa4]y[0x8][0xe9]m][0x8b][0xbc][0xc6]j[0x84][0x81][0xd5][0xc7]{Vy:KB[0xab][0xbd][0xfe][0x96][0x92][0xb0][0xd1][0x19].[0x91][0x89][0xa9][0x8][0xd4][0x1a]B[0xc8][0xb1][0xa7][[\r]_{[0xc9][0x1c][0x6][0xf5]F[0x98][0xe7]2[0x85][0xb0],[0x1c][0xe]z[0x1b][0x99]hL[0xef]=[0xea][0xbd]m[0xed]&gt;[0xc3][0xa2][0xe8][0x8][0x1b][0xd6]*G[0xa3]&apos;d [0xf4]1[0xc9]K[0xfc]F[0xb8]d[0xe1][0xfc]j[0xc6]+[0xcd][0x81]&amp;[0x84][0x82][0xde][0xbb][0xb4][0x86][0xdb]|%s[0x16][0xd4]TW[0x4][0x9a]:[0xda][0xc][0xbf]l[0x92]V7[0xaf]na[0x1d][0x82]n[0xed][0xe2][0xf3]0q=[0x1f][0xe3]o[0xe1][0xc9][0xec][0xfa][0xd9][0xb3][0xe6][0xd5]V[0x94][0xcd]o8nqUm[0xc5][0xbc][0xc5][0xcc]juU[0xed][0x91][0xc7][0x95]/\[0xb0]`^-[0x82][0xcb][0x1c]U[0x97][0x95][0xcf][0xae]f[0xe1][0x98][0xb5]p[0xc0]_[0x17][0xc][0xb4][0x1b][0xc1]pW][0xd0]X[0xe1][0xed]D[0xc8][0x9a][0x15][0xf0][0x87][0xc2][0x1e]x[0x91][0xc7][0xd7]a[0xa8][0xc4][0x87][0xe5][0x18][0xcd][0xde]p [0xd8][0x93]R[0xa5][0xa3]x[0xc3]V[0x8f][0xbf]yVG0[0x14][0x8]&quot;[0xf4][0xb3]x[0xf2][0xac][0xe][0x97]X(f)[0xa3])[0xe0][0xf]{[0xbc]~#[0x18][0xd5][0xa6]5[0x1f]hk[0xf][0xf8]-[0x91]\[0x81][0xa0][0xb7]%[0xba][0x87][0xb6][0x8a][0xd5]o[0x4][0xe7][0x18][0xde][0x96][0xd6]0[0x2]V[0xb1][0x8][0x16]j[0xb1][0xb7]9[0xdc][0x8a][0xe0][0xb4]FKb[0xbd][0x6][0xde][0xc1][0xea][0xd5]z[0xda]X[0xbf]}[0xad]AYS[0xd8][0xbb][0xca][0x13][0x96]=[0xed][\r][0xea][0xc3]]&gt;#F\[0xc5][0x8c]E[0xd5][0x18][0xd5][0xba][0xe0][0x98]![0xa7][0xf0][0xcc][0xbc][0xb1][0xb6][0xbd][0xcd][0xdc]:i&gt;[0xdb]CU[0x5]sW[0xe5]gIf[0xf9]&lt;[0xa1][0x90][0xc1]7[0xdf]?[0xd1]&lt;j&lt;[0xed][0x5]U[0x15]rE[0xcd]FcG[0xb][0xf3][0xbe]T[0xe1][0x98][0xc]lm[0xd3][0xbc]~ox[0x6][0xdf]t[0xe1][0xf8]El[0x7][0xb3][0x2][0xcd][0xc2]g5k[0xa5][0xb6][0xa3][0xad][0xd1][0x8].[0xf0]4[\n]&quot;
2013-02-06 13:51:56,586 AAD-WS DEBUG wire:63 - &gt;&gt; &quot;g[0x99]!#,[0xd6]W[0xe1][0x9]{[0x10][0x6][0x17][0xee][0xc7]6e[0xf][0x17][0x93][0xce][0x8a]r9[0xa0][0xb0][0xb7]1[0x98]D-[0x9]D9[0x85][0xe3]S[0x99]L[0x1a]oT[0xd5][0xcc]m[0x8b][0xd5]f[0xd9]&lt;D[0xb5][0x99][0xd5][0xd2]s[0xac][0xc7][0xe6][0x13][0x14][0xac][0xb7][0xa4]@f7[0x5][\r]O[0xd8]`)W[0x96][0x9b][0x86][0xc6]&quot;[0xc7]Q[0xd5][0x9e]F[0xc3][0xc7]B[0xf2]J1&apos;#[0x18]4[0x9a]M\[0x99][0xcf][0xdb][0xe2]o3YfuU[0xb2][0xbf][0xc4]N[0xb4]/[0xb0]OK[0x12][0xa2]_[0x8c][0xa2]:[0xd0][0xe4][0x9]{[0xe5][0xa8]~-[0xbd]qq[0xd9][0xea][0xbd]&apos;[0xf6][0x90][0xcd][0x1e][0x8b].[0xf8][0xee][0xcb][0xbb],Y3cc[0xb9]{9e[0x1]_B%k[0xb4][0xd2][0xd3][0xe6][0xf5]uY[0xa7]$[0xe3][0xfa]&amp;[0xd0]Y[0xfb][0xf6]mI[0xc6]$[0xee][0xb5][0xd8]6[0xf5][0xc4][0xbd][0xa2][0xb8][0xec][0xc4][0xbd],a[0xb3][z[0xa1]4[0x9b]jV[0xc0]g[0xba]PK[0x8f]a[0x1e]&amp;F&quot;Y[0x88]0)[0x85]u[0xf5][0x88]W[0xe3][0xe3][0xce]*+[0xd8]T[0xfa]z[0x9a]D[0x8f]uFpE [0xd8]f[0xb0][0xb1][0xc]/[0x8c][0x13][0x19][0xab][0xf8][0xce]J[0xca]L[0x92][0xd9][0xd2][0xb7]L[0xd0][0xd3][0xd4]d[0x84]B[0x5][0x93]&amp;MbN[\n]&quot;
2013-02-06 13:51:56,587 AAD-WS DEBUG wire:63 - &gt;&gt; &quot;[0xc7][0xa7][0x8a][0x10][0xf5]][0xfe]p[0xab][0x11][0xf6]6[0xc5][0xc9]&apos;[0xb][0xf9][0xf4][0xc2][0xea][0xa6]@[I[0xa8][0xc3]_b[0xae]2[0xbd]L[0x2]k[0xc9][0xdc]9[0xf5][0x6][0xdf]K[0xb3]&apos;[0xd8]e[0xdd][0xdf][0xd4]T[0x1b][0xab][0xd3][0x9a]|[0xb6][0xe3][0xb9][0xea][0x3][0x1d][0xc1]&amp;[0xa3][0xd2]+[0xea][0xca][0xed][0xb5]|[0xa2],[0xd6]p[0x4][0xe][0xd5]0_[0xc0][0x14]&lt;H[0xc3][0x91]8J[0xc3][0xd1][0x2][\n]&quot;
2013-02-06 13:51:56,587 AAD-WS DEBUG wire:63 - &gt;&gt; &quot;[0x4][0x8c][0xc1]Q[0x8][0xa0][0xe1]X[0xec][0xaf][0xe1]8[0xc1][0x14][\n]&quot;
2013-02-06 13:51:56,588 AAD-WS DEBUG wire:63 - &gt;&gt; &quot;pcv[0xf5][0x19][0x1a][0xd5][0xa3][0xe8]([0xc6]F[0x95][0x9f]o%[0xc4][[0xd1][0x2][0x8d][0x16][0xd2]&quot;[\r]+xSZLK4j[0xc0][0xe3][0x10][0x8a][0xfe][0xac]p[0x5][0x93]e[0x97][0xa5][0x1a]-[0xa3][0xa3]5T1[0xc3]I[0xc7]ht,[0xf1][0x1e][0xa3][0xfe][0xf8][0xcd][0xd0]0[0x1b][0xfb]i[0xb4][0x9c]X[0xc0]&gt;[0xd8]W[0xa3]FbE[0x8f][0xfe][0x13]O[0x96][0x86][0x1a]f9[0xa9]Y#[0x83]Vh[0xd4]B[0xad][0x1a]y[0xa5]w[0xbc][0x80][0x95][0xb4][0xc2]I&gt;[0x8d][0xda]p[0xba]F~[\n]&quot;
2013-02-06 13:51:56,588 AAD-WS DEBUG wire:63 - &gt;&gt; &quot;[0xb0][0x1][0xc7][0xc3]K[0x15][0x7][0x9d][0x16]#[0xa8]Q;[0x9d] [0xcc][0x7]{[0xcc][0x96][0x7][0x2]&gt;[0xc3][0xe3][0xd7](Da[0x99][0xed][0xd0]h[0x15][0xf7]h5uj8[0xc][0x87]#[0xc]M[0x88][0xab]s[0xe5][0xdd][0xb5][0xc3][0x98][0xa5][0x10]&apos;uit&quot;[0x13][0xd3]I[0xf4][0x17]&apos;[0x9d][0xac][0xd1])[0xb4]FC[0x17]fj8[0x19][0xa7]jX[0x8c][0x93][0x9c][0xb4]V[0xa3]Si[0x9d][0x93]N[0xd3]h=[0x9d][0xae][0xd1][0x19]8[0x9d]M0[0xce][0xc5][0xec][0xce]&amp;[0xa3][0xdd][\n]&quot;
2013-02-06 13:51:56,588 AAD-WS DEBUG wire:63 - &gt;&gt; &quot;[0xc]f[0x10][0xac][0xd0][0xe8]L:K[0xa3][0xb3][0xe5]~[0x7]`&apos;[0x9d][0xa3][0xd1][0x6]:W[0xc3]\[0xc1][0xcc][0xc6][0x83][0xd8][0xb5]:[0xfc]+[0xfd][0x81][0xd5]~[0xdb][0xf1][0xb2][0xac][0xc0]6[0xb1]1[0x10]l[0x16][0xb6][0xce][0xd3]h#[0x9d][0xaf][0xd1][0x5]&quot;[0xd2][0x85][0x2].[0xa2][0x8b]5[0xba][0x84]:X[0xfe]([0xad][0xa7]ieK0[0xd0][0xe1]ov[0xd2][0xa5][0x1a]]F[0xd5][0xe8]r[0xda][0xa4][0xd1][0x15][0xa2][0xd5]+[0xe9]*[0x8d][0xae][0xa6]k8[0xca]%[0xbc][0x95][0xec][0xc7][0x1a]m[0xa6]M[0xf1]][0xd8][0x3][\r]k[0x17][0x8d][0xae][0x15][0xce][0x86]%^[0xa8][0xc5]O[0xc9][0xec][0xb6][0xf6]pW[0xb9][0xd9][0xd7][0xe8]:[0xba]^[0xc3]J&lt;[0x82][0x9f][0x8b][0xd9][0xd6]k[0xee][0xf1][0x1b][0x9][0xdc]h[0x94]K7ht#[0xdd][0xa4][0xd1][0xcd]r[0xa7][0xdd]t[0x8b][0x93]n[0xd5][0xe8]ot[0x1b]G[0xf8][0x18]7[0xf3][0x8d]&amp;N[0xe]Z|[0x86][0xdc][0xdc][0xed][0x1a][0xdd][0xc1]7Lw[\n]&quot;
2013-02-06 13:51:56,589 AAD-WS DEBUG wire:77 - &gt;&gt; &quot;[0xb8]K[0xc0][0x16][0x1]w[0xd3]VNh[0x12]9j[0xf7]yV[0x94]p[0xfe][0xe3]m*)[0x17]h[0x89][0xb1][0xb0]J[0xa3]m[0xb4][0xdd]I;4[0x8a][0xd0]N[0x8d]v[0xd1]=[0x1a][0xdd]K[0xbb]5[0xba][0x8f]}[0x8b][0xee][0x17]&quot;
2013-02-06 13:51:56,589 AAD-WS DEBUG wire:63 - &gt;&gt; &quot;[0xf0][0x0][0x8e]r[0xd2][0x83][0x1a][0xed][0x11]S[0xca][0x91][0xab][0xd0]M[0x97]+[0xd6][0xe8]![0xbe][0x1d]z[0x98][0x1e][0xd1][0xe8]Q[0xe1][0xf8]azL[0xa3][0xbd]t.[0xbb]x[0xf2]KW[0xde][0xb1]b[0x85]h[0xe1]q!y[0x82][0x9e][0xe4][0x9e][0xac]x[0x8a][0x9e][0xd6][0xe8][0x19]zV[0xa3][0xe7][0xe4][0xa8][0xe7][0x5][0xb4][0xd3][0xb][0x1a][0xbd]([0xce][0xae]%&amp;j&quot;[0xee]K[0xb6][0x9e]M\[0x8d][0xc7]g[0xc5]A[0x9e]L[0xb0][0xa5][0x1]=[0x12][0x8a]6O[0x8b]!O[0x88][0xac]~Y[0xa3]W[0xe8]U[\r][0x97][0xe2]2[0x8d]^[0xa3][0xd7]5z[0x83][0xde][0xd4][0xe8]-z[0x9b]cUg[0xe7][0x84]P[0x9b][0xc7][0xc7][0xe][0xf5]w[0xba][0xca]I[0xef]h[0xf4].[0xbd][0xc7][0xa9][0x88][0x8d][0x16][0x1b][0xb5][0xda]t&gt;[0xd1][0xdb][0xd1][0xc6][0x8][0x9f]&apos;[0xd8]b[0x98]$vO6[0xb1][0xbb][0xe9][0x8d][0xde][0x96][0x16][0xc9][0xb9][0xc8]=Y[0xb6]z[0x9f][0xe9][0xcc][\r]L[0xdc][0x84][0xc9][0xc][0xda][0xd9][0xe3]&gt;[0xa0][0xf]5[0xfa][0x7][0x9d][0xc0][0xa1]&lt;[0xae]1+&apos;[0xa9]d[0xd9]&lt;[0xe1][0x98]`[0x1a]}D[0x1f]K[0xe][0x1b][0xf0]5[0x8b][0xe3]~[0xc2][0xc][0xf0][0xa5]zY[0xe2]to[0xd8][0xe3][0xf3]6[0x89][0x13][0xb][0xb6][0xd1][0xc7]6[0xa5]Q[0xe][0xdd] [0xe4][0x9c]Br[0xd3][0xd4]%[0xee]&gt;PP*[0x7][0xb6][0x95]G[0x4]=[0xec][0xc2]y&amp;I[0x8b][0xd9][0x1f]&quot;[0xfd][0xb4][0x96][0xa0]a0[0xe1]P[0x19]d[0xf8][0xe4][\r][0xb4]([0x87][0xb][0xc2])[0xca][0xe4]dR[0xa3][0x91]2L[0xf][0x4][0x99][C[0xa3][0xd1][0xe6]6[0xed][0x9c]Th4F[0xfa][\n]&quot;
2013-02-06 13:51:56,590 AAD-WS DEBUG wire:63 - &gt;&gt; &quot;[0xe7][0x12][0x1a][0x8d]3w\[0xdd][0xea][\r]3[0xcd]xsE[0x97][0xe1][0xf3][0x5]Vk[0xe4][0x16]K[0xff][0x94]&gt;[0xd3][0xe8]s[0xfa]D[0xa3]/[0x4]4[0xd2]?[0xc5][0x1e][0xbe][0xe4][0x9c]$![0xf8][0xc4]B[0xf1]b[0xaf][0xbf]9[0xb0]Z[0x84][0x95][0x8c]p[0xba][0x18][0xd1]W[0x1a]}M[0xdf]p[\r][0xc1][0xc9]K 8[0x82]cH[0x98][0xef]|[0x4][0xbf]?A&amp;[0x91][0x94]A[0xb5][0x13]I&amp;[0xff][0x96]^f[0xef][0xed]I[0xc9][0x86][0x93][0xe8][0xe7]u[0x1]/[0x87]k[0xfa][0x8e][0xbe]O[0xf4][0xb7][\n]&quot;
2013-02-06 13:51:56,591 AAD-WS DEBUG wire:63 - &gt;&gt; &quot;/G[0xf1][0x90]y[0x3]?[0xd0][0x8f][0x1a][0xfd]$[0xc1]$;[0x81][0xc5][0xba]@{G[0xbb]F?[0xd3][0xbf][0x9c][0xf4]o[0x8d][0xfe]C[0xbf]p[0x98][h[0xc5][0xa9][0x11][0x9][0x99][0xaf][0x93]~[0xd5][0xe8]7y[0xa4][0xac][0xd5][0x13]e[0xf5]DsuTf[0xb][0xd5]K[0xe6][0x1][0x9][0x93][0x89][0xe9]\N[0x12][0xde][0xcc][0xdf][0x9c][0xf4]_[0x8d]~[0xa7]}[0x8][0x85][0xf6][0x81][0xb3][0xc3]r[0xd4]i[0xe6]F[0xf7][0x1f][0x9a]2[0xb9][0xa8][0xf6][0x86]X[0xa7][0xb2]j[0xfc]~[0xe][0x90]][0xcb]V{[0x82]F[0xac][0xca]`[0xe3][0xb1][0x3]&apos;gu[0x9][0xe1][0xcf]~[0x96]zd[0xf0][0xe2])V[0x2][0xc5][0xbd][0xc2]*[0xfe]&apos;[0x89]L[0x6][0xe3]j[0xd8][0xb7][0xc4][0xe0]s[0x12][0xd2][0x1e][0xeb][0x99]7s[0x9d]~[0x9e][0xe6][0xe6]d[0x16]G[0xed]&apos;C[0x8a]R[0x98][0xb]3$O[0xb7][0xeb][0x9f][0x9][0xff]?I[0xf][0xaf][0xcd][0xe6]Ck[0x2][0x1d]!#~[0xe6][0xc8]^g[0xf6] 0[0x97][\r][0xe8][0xf5][0xfe][[0xf5]p&amp;[0xb3][0x12][0xcd][0x1c][0xf8][0x2][0xec][0x84][0xad][0x7]aB1[0xea]d[0xea]r[0xb3][0xa8][0xcd][0x8e][0xa6]v[0xf1][0xb2]V&amp;[0xad]\[0xb3]_a[0xef]drx[0xef][0x4]D[0x8c]4Z{rq[0xa5][0xc6][0xd3][0xe5][0xc4]bw^[0xe3][0xf1][0xfc][0x2]I[0xaa][0x15]4[0xda][0x2][0xab][0xe2][0x19]KR[0x1d]d[0xd3][0x99][0x5]W9[0x7]-v[0xdd]*3Nq6[0x98][0x98][0xae]g[0xf5][0xe0][0xcc]b[0xdb]J[0xff]5[0xb9][0xcf][0xf8][0xee][0xe3]R[0xec][0x9e][0xfa]&lt;[0xd9][0xc2]b[0x9c]+[0x18].`[0x1d][0x85][0xa6][0x9][0xa5]{C[0x16]#[0x8c]]*[0xd8][0xa5][0x82]U[0xbd][0xa1](_[0x9a]][0xaf][0xd9][0xe5]rn[0x8f]t9[0x8a][0x9f][0x9a][0x18][0x1c][0x12][0xc]\[0x8c][0xa8][0xce][0x13]4[0xfb]*[0xf7]k[0xb8][0xc8][0xe4][0xe7]&quot;?v[0x85][0xa6]%[0x89]YK&gt;e[0xce][0xf2]V[0x83][0xf6]7gU[0x8f][0xf6]&apos;[0x8f]8/[0xbd]&gt;[0x85][0xe8][0xbd][0xb1]V[0x85][0xc6][0xac]52[0xbf][0xcd][0xec]TL[0xd5]s9[0xe3][0xa6][0xda][0x91]/[0x8e][0xb1][0xe4]g[0xdb][0xa9][0xc][0x6][0xda][0xc4][\r]G[0x17][0xa6]([0xaf]{[0x99]Y[0x9f]p`vg[0xd8][0x8][0xfa]=&gt;y[0xb2]X[0xcd]V[0x91][0x89]05EY[0x9c]J[0x88]d[0xd6][0xac]*[0x9e][0xbc][0xcd]v[0xa4]L[0xdc][0xc0][0xfc][0xa0][0xd1][0xd6][0xce]z^[0x10][0xd8]O[0xe1][0xcd][0x17]&gt;0[0xd1][0xb8][0xab][0x3][0x81][0x95]e[0xfe][0xe6]JC[0x94][0x9a][0xe5][0x15][0xfb][0xf6][0xf9][0xac][0xac][0xcc]t[0xf7][0x1e][0xa1]/[0xfe]]$uI/[0x5][0xa1][0xb5][0xb6][0x8e][0xad]!,E[0x98][0xd4][0x9b][0x95][0xec][0x93][0xa1][0x18]F[0xea][0xd8]X[0x19][0xdd] [0x96]V)ks[0xe2][0xdf][0xc][0xca]XE\[0xc][0xf9][0x84][0xba]G(XXU[0xe3][0xf1]{[0xcc][0xcc]A5/[0xd1],![0xb]R9V[0xa2]m[0xfa][0xcc][0x82]K[0xce]-[0x8f]%[0x94]R[0xef]%[0xd3][0x98]%ae,wemzC[0x15][0xc6][\n]&quot;
2013-02-06 13:51:56,591 AAD-WS DEBUG wire:63 - &gt;&gt; &quot;[0xb1][0x93][0xfd][0xb8][0xef]R[0xcb],[0x12][0xfc]p[0xec][0xfe][0x99][0xe9][0x19] [0xb2]L[0xc5][0xc4][0xcf]ry[0xfd][0xab][0xd8][0xd1][0x9a]M[0xe3][0xc8][0x88])[0x92]s[0xba][0x9e][0x97]`g[0xcf][0xd6][0xac][0xa5][0xf5][0xde][0xb2][0x8a][0x8f][[0x9f][0x90]r[0x92][0x82]d[0xf4]#RK[0xf4][0x11][0x11]GZ[0xc0]%[0xcf]Jo[0xe2]g[0x18][0xd9][0xcc][0xc6]F[0x9f][0xe4]D[0x9c][0xe5]D[0x12][0x92]j[0xc][0x16][0xbd])[0x14][0xf]@[0xb1]([0x9a][0x14]UmB[0xf9][0xa8]Sh=Z9[0xf2][0x81][0xc3][0x8]ri[0xed]I[0xfc][0xae][0x92]+[0x9e][0x1d][0x8]zO[0x94][0x98][0x92]810[0x81]^x[0xaf][0xb][0x84][0xbc]VV[0x9b][0xd7]cI[0xcf]9[0xea][0xf0][0xb2][0xe]{[0xe8][0xc0]L[0xf7]c[0xb6][0xbc][0xb0][0x8a]y[0x1a] /[0x8b][0xb1][0xc2][0xd3][0xe1]3[0xd5]&quot;Z:B[0x9c]~xO[0xe5][0x97]5[0x86][0xc2]AOS[0xd8]z[0xae]Mo[0x1a][0x9c]8_/pa[0xd8][0xeb][0xe3][0xc3][0xcd]Op&gt;OW[0xa0]#l[0x9e][0xc5][0xb7]lV[0xea][0xfe][0x3][0xb7]JV[0xd9]~[0x3]E[0xc2][0x95]J&amp;[0x10]_[0x1d]+[0x83][0xa6][0xfe]Y\U[0xea][0xef]o[0x1d]~S[0x89]E[0x85][0xa9][0xd6][0x8c]O[0x85][0xb4]b[0xbd][0x95]x$}T[0xb1][0xb3][0x11][0xe][0x82][0xad][0xf6][0x17]$%[0x1c]h[0x97]r [0xc0][0xea]l[0xb3]S[0xb6]d[0xf1]-[0x17][0xab][0xf1]t[0x96][0x85][0x9a][0xac]d[0x89][0x13]?[0xa3]s[0xde][\n]&quot;
2013-02-06 13:51:56,591 AAD-WS DEBUG wire:63 - &gt;&gt; &quot;q[0x93][0xe][0xb9][0x10]3[0xf2][0xe5][0x8a]U[0xa5][0x92][0xc1][0xc1][0x9d]6[0xf1][0xdf][0xd4][0xd3]*[0x87][0xcb][0x90]Qe&gt;L[0xe1]@4[0x8e][0xa6]{[0xda][0xdb][\r]q[0xcb][0xe2]TA[0xb4][0x17][0xca]*[0xe0][0xa6]Z[0x1f][0xd3][0xea][0x82]FH*[0x1][0xcb][0xfe]&amp;[0xed]w[0x83][0xd4]I[0xfc]T+[0xcd][0x89][0x17][0xd4][0x13]Uhf[0xe1]L[0x82][0x9d][0xfc][0xdb][0x95][0xf4][\n]&quot;
2013-02-06 13:51:56,592 AAD-WS DEBUG wire:63 - &gt;&gt; &quot;[0xc7][0x92]q[0xb9][0xb9][0xd5][0xd6][0x7]i[0xfb][0x99][0x8a]=I[0xa9][0x3]w[0xbf]$*3O[0x8]Ec[0xc8][0x80][0xc2][0xde][0xf6][0x16][0xa5][0xb0][0xd2][0x12][0xbd][0x97][0xf3]/[0xb2]&gt;`&amp;[0xe6]2[0x7][0xfe][0xc9][0x8f]z=[0xef]Gv1[0x93][0xaf][0xfa]VC^[0xef][0x82]TY[0x9f][0xf9]])N%&amp;f[0x9c][0xd0][0xe1][0xf1][0xb1][0xf1][0x8c][0xf8]#b[0xcb][0xbe]L[0xc5]Zi[0x91]$D[0x95][0xfb]y&gt;[0x19][0xaf][0xb2]][0x84][0x16]{E[0xb9])I[0xf8]MH[0xf7][0x19][0xfe][0x16]![0xc8][0xb4]U`m&lt;[0xea][0xf][0x15]P[0xf5]g[0x88][0x96]FU[0x1b]&lt;[0xf4][0xc2]T[0xf][0x9e]7T[0xdf][0xd1]n[0x4]CMAo;[0x8b][0x99])[0xe3][0xc6][0xe8]hL[\n]&quot;
2013-02-06 13:51:56,593 AAD-WS DEBUG wire:63 - &gt;&gt; &quot;[0xde]c[0x1e][0x94][0x90][\n]&quot;
2013-02-06 13:51:56,593 AAD-WS DEBUG wire:63 - &gt;&gt; &quot;[0x97][0xf5][0xc8]s[0xa2]Y[0xc9][0x1f][0xd8]t[0xa2][0xb]LMr[0xa2][0x14][0x8f]b[0x92][0x13][0xc9][0x17][0xe3][0x84]:57e[0xa6][0xb5][0xc8]zBm:[0xb3]X[0x95]/[0xe2]q[0xbf]I|[0xdf]-[0xb7][0x89][0xda][0xac]u[0x1b][0x3][0xb]Sy[0x8e][0xd0][0xc8][0xf9][0x15][0xde][0x10]?[0x13]][0xf2][0xf2][0xcb]_3[0xaa][0xfc][0xab][0x2]+[0xe5]5[0x1e][0xd8]#k[0x88][0xc6]m[0xf3][0x19]N[0x90][0xa7][0x8b][0x8b][0x19][0x8e]9[\n]&quot;
2013-02-06 13:51:56,593 AAD-WS DEBUG wire:63 - &gt;&gt; &quot;[0xc7]~[0xb6][0x12]k[0x85]7[0xc0]j[0x11]#[0xb]sz[0xd3]65[0xfa][0xb5][0xaf]&apos;[0x9a][0x19]l[0x97][0x91][0xcf][0x9f][0xf8][0xb5]6Z~[0xf5][0xb7][0xa2]K[0xb3][0x95][0x93]D[0xb1]9[0x85]U[0xbd]?0[0xc3]Ht`[0x1a][0x10][0xa6][0xa3][0x13][0xf2][0xb8]U1[0x3][0x80][[0x17]f[0x9a][0xad][0x86]Yf[0xdb][0x7][0xfb][0x9a]m6[0xf6][0xe3]6C&gt;_[0x99]m[0x8e][0xdd][0xe][0xb0][0xdb]\[0xb3][0x1d][0x8c][0x3][0xb9]E[0x1c]d[0xae][0xc9][0xe3][0xf1][0xe0][0x84][0xf1][0x10][0x1e][0xe7][0xe3]P[0xf3]o[0xfd][0xc3]p[0xb8][0x89][0x1b]a[0x8e]I[0xbe]W[0x9b][0xed]h[0xbb]-[0xb0][0xdb]1v;[0xd6][0xdc][0x9f][0xe4][0xdb][0xb5][0xd9][0x16][0xda][0xed]x,2[[0xb7]=_[0x8c][0x93]L&gt;&amp;[0xe3][0x1][0xb1]s[0xf][0x84]1[0xdc][0x9f][0x82][0x7]1&lt;[0x98]1;[0xc0][0x9][0xc8][0xad][0xa7]h&apos;(E[0xca][0xe]p[0x8]H[0x13][0x90].[0xc0]Y[0xa4][0xab]; C[0xba].[0x1][0x99][0xe6]X+[0xd2][0xb3]&quot;[0xd0][0xa7]h7[0xf4]mP[0xf8][0xdf]N[0xc8][0x8e]@?[0xde]B/*[0x8a]@[0x1]9;[0x0]y~@[0x3]cs#0[0xf0]n[0xf9][0xb][0x1a][0x1e][0xc2][0xb0][0x1c][0xb2][0x19]n[0x4][0x7][0xbc][\n]&quot;
2013-02-06 13:51:56,594 AAD-WS DEBUG wire:63 - &gt;&gt; &quot;[0x19][0xf0][0x1a][0xf4][0x81][0xd7][0xa1]?[0xbc][0x1][0x83][0xe0]M[0x18][0x6]o[0xc1]hx[0x1b][\n]&quot;
2013-02-06 13:51:56,594 AAD-WS DEBUG wire:63 - &gt;&gt; &quot;[0xe1][0x1d][0x98][0x8][0xe7][0xc3][0x14][0xb8][0x0]f[0xc1][0x85]p[0x4]\[0x4][0xd5]p1,[0x80]K`9[0xdc][0xcc];[0x1d][0x8a][0x87]Y&quot;`[0x15][0xa4][0xf1][0xf][0xc0][0x9b]E[0xee][0x1d]0[0xa8][0xa8]h;[0xc][0x8a]@[0xde][0x1e][0x18][0xbc][0x3][0x86][0xc8]hH[0x4][0xf2]w[0xc0]P[0xe6]iX[\r]s4[0xbc]a&apos;[0x8c][0xd8][0x1]#yf[0xe4]V[0x18][0x15][0x81][0xd1]V[0xaf] [0xd6][0x1b][0x13][0xeb][0x8d]-[0x8e][0xc0][0xb8][0x8][0x14][0xda][0xb4][0xbb]a|[0x3]cX&quot;w[0xc]Y[0xb0][0x1b][0x8a][0x5]9a&apos;L[0x8c]![0xc7][0xd8][0xc8][0x92][0x18][0x92]Y[0x9a][0xd4][0xb0][\r]&amp;[0xd7]v[0x83]&gt;[0xe1]!8`[0x13][0xa4]w[0x83]6![0x2][0x7][0xd6]Nx|[0xdf][0xb7][0x13][0xf6]B[0xfe][0x84]=p@[0x4][0xa6][0x94]:[0xf2][0x1c]{Y[0xb7]y[0x8e]{[0xe0] [0xe4][0xb]:8[0xae][0xba]ca [0xc3][0xdb]Y[0xdc];Xew[0xb2][0xba][0xee]fumeUm[0x83]Ca;[0xab]v[0x7][0xab])[0x2]Ka[0x17][0x4][0xe0]^X[0xf][0xf7][0xc1]&amp;x[0x8]n[0x82][0x87][0xe1][0x16]x[0x4][0xee][0x82]G[0x99]z/[0xec][0xe4][0xf1]nx[\n]&quot;
2013-02-06 13:51:56,595 AAD-WS DEBUG wire:63 - &gt;&gt; &quot;[0x1e][0x84][0xa7][0xe1][0x9]x[0x6][0x9e][0xe5][0x9f]7[0xe0][0x5]&gt;[0xa5][0x14][0xa7][0xda][0x96]1[0x5][0x88][0x0][0xb2][0xf5]Cv[0xc1][0xa1][0xa2][[0xad][0x8]w[0xc0]aqnt[0xbe]B[0x80][0x8f][0x99][0x9b]O[0xc0][0x5][0x9f]B_[0xf8][0x8c]g[0xa6][0xe1]t{[0x87][0x6]^/9[0x1d][0xc3][0xf2][0x1f][0xc6][0x2]rsp[0x4]J[0xab][0xdd]2[0xbe][0x7][0xa6][0x12][0xd4][0xb0][0x8e][0xa6]m[0xa9][0xe1][0xb1][0xb6][0x85][0xcd][0xb0]/[0xc][0xe7][0x9f][0xe9][0xf6][0xf6][0x83]![0x9d][0xe1][0xb7]l[0xa0][0xdf][0xf1][0xcc][0xf]&lt;[0xfe][0x91]g[0x82][0x11][0xf0][0xb]S[0xcc][0x88]1:[0x8d][0xf][0x11]F[0x7][0xe9]3LF[0xe5][0x98]]p8[0xb3]j[0xd9]j[0x12][0xc3]H[0x90][0x86][\n]&quot;
2013-02-06 13:51:56,595 AAD-WS DEBUG wire:63 - &gt;&gt; &quot;[0xf4]C[0x7][0xc]d[0xb7]G&lt;&lt;[0xc6][0xf0][0x8][0xe6]A[0x9c]A[0x15][0x6][0xb7][0xc3][0xcc]-[0xb1][0x95][0xe9][0x82][0xe7]p[0x80]83v[0xae][0xdb]VP[0xa6]^f+(#~T[0x1f][0x91][0x9c][0xfd]0[\r]s[0xd8][0xc3][0x7]0[0xb6],v[0xcc]P[0xfb][0x98]4&gt;&amp;#[0xf9][0x8c]!&lt;*[0x8f][0x9d][0x11][0xb4][0xcf][0x98][0xa1][0x97][0xf3][0x19][0xee][0xad]0+[0x2][0x15]W@.[0xaf]tm[0x82][0xbe][0x96][[0xb2][0xdb]u[0xc3]0[0x9e][0x9c]mN[0xe6][0xc8][0xa4]c3_[0x97][0xc3][0x9a][0xad][0x8c][0xb3]5[\n]&quot;
2013-02-06 13:51:56,595 AAD-WS DEBUG wire:63 - &gt;&gt; &quot;T[0xee][0x16]2[[0xe3]![0x17][0xdd]0[0x4][0x8b]a[0x14]N[0x80])X[0x2][0x87]q[0xb8][0x98]n[0x86][0x8a]Y1V[0xe7][0xd9][0xac][0x8a]R][0xb7][0x81][0xf9][0xaf]@[0x2][0x89][0xd5][0x85]|[0xf3][0xef][0xe2][0xac]9[0xe6]l[0xb]3[0xb0]E?bK[0x92][0xba][0xf][0x85][0x11]X[\n]&quot;
2013-02-06 13:51:56,596 AAD-WS DEBUG wire:63 - &gt;&gt; &quot;[0x5]8[\r][\n]&quot;
2013-02-06 13:51:56,596 AAD-WS DEBUG wire:63 - &gt;&gt; &quot;q[0x6]G[0xa0][0x8a]X[0xec][0xb9][0x82]u$[0x8b][0x97][0x16][0xe9]svAU[0x91]#[0x2]s[0x5][0x1c]Y[0xa4]WG[0xa0]F[0xba][0xb5]E[0xfa][0xbc]]P[0x17][0x81][0xa3][0xc4][0xb1][0xf6]B[0x81][0xe5]_[0xf3]#P[0xbf][0x9][0x6][0x16][0xc5]F[0xb][0xf6][0xc0][0xc2][0x8],[0xea][0x96][0xc8][0xb4][0xd8]\[0xb0][0x84][0xfd][0xbd]!.[0xf8]D[0xe0]X[0x8e][0xb3]![0x1d]+![0x13][0x8f][0x80]l[0x9c][0xc3][\n]&quot;
2013-02-06 13:51:56,597 AAD-WS DEBUG wire:63 - &gt;&gt; &quot;[0xa8]b[0x5][0xcc]e[0xde][0x8e][0x84]C[0xb1][0x6][0xaa]q[0x1e],[0xc4][0xa3][0xa0][0x1][0xe7]3[0x9f][0xb3]c|[0xde]`[0xc7][0xc8]&amp;[0x8e][0x1e]K[0x1b][0x1c][0xfc]o&apos;,[0x8b][0xc0][0xd1]EJ[0x4][0x8e][0x11]pl[0x11]k[0xf9][0xb8][0x8],[0x97][0x81][0xa7]Ho49h[0xfa]3,7w[0xf3][0x15]m[0x5]#[0x2]+[0x98][0xe1][0x96]d[0x86][0x1b][0xa0]/.[0x85][0x1c]\[0x6]yx4?T[0xc7][0xc0]X&lt;[0x16]J[0xf0]8[0x98][0x85][0x1e]X[0x8c]Mp,[0x1a][0xd0][0x88]+[0x98][0xe1]J[0x16][0xcb][0x8a][0x88]Y[0x90]%[0xab][0xe1]~[0xde][0xb2][0xb5][0x9a][0x81][0xb7][0x86][0xc1][0xf1][0xb5][0xc]Vr[0xc8][0xf1][0x95]:vC[0x1b][0x87]AiZ[0xb4][0x93].[0x9d]~k[0xf6][0xf1][0xff][0x9d][0x10](ur[0xf8])v3};[0xff][0x9e][0xc0][0xbf]A[0xfe][\r][0xe5]9[0xf3][0xd2][0xf2][0xd2][0x8b][0x1f][0x7][0xa7][0xd2][0xcd][0x11]j;[0x84][0xf7]@[0x7]O[0xac][0xda][0x5][0xab][0x17][0xcb]T[0x4]:KUFt[0x95]f[0xe4][0xa9][\r][0xdb][0xe1][0xc4][0xbc][0x8c][0xed]p[0x92][0x80][0xbf],_[0xbe][0x83][0x87]*[0xe3][0xd2][0xda][0xaf][0x80]&gt;[0xd6][0xb4][0xc3]D[0xf2]=[0x9f]l[0x12].?[0xe3]P[0xd7]@[0x97]It[0x86][0xff][0xce][0x98]*f[0xb0][0xfb][0x3][0xb6][0xb1][0xd1][0xfa][0xd9][0x97][0xda]Y%&apos;[0xb0]:Bl[0xb8]apc[0x7][0x94][0xe2]j[0xf0][0xe1]:[0xe8][0xc0][0xf5]p[0x12][0x9e][0xe][0x17][0xe0]9p[0x5]n[0x80][0x9b]p#l[0xc3][0xf3]y[0x97]91[0x87][0xaa][0xb7][0x1d]j[0x9c]~[0x8a][0xe5]PkL[0x9f][0xc9]4[0xdf]6[0x8e][0xcd][0x8c]YkbT[0xf1][0x9e][0xcc][0xf8]}[0x98][0xd1][0x8][0xaf]f&amp;[0xae]a[0x6]6s[0xec][0xb8][0x96][0xef][0xe3]:[0xbe][0x8f][0x1b][0x98][0xa2]*[0xa5][0xc7]d[0xfe][0xbf]=f[\r]{[0xcc][0xda][0x14][0x1e]s+{[0xcc]ml[0x95]w[0xb0][0xc7][0xdc][0xc5]3sc[0xdc][0x9f][0xc8][0x1e]#O][0xb9]~[0xaa]p[0xaf][0xaf][0x8b][0xc0]i[0xd3][0xf3]i3[0x1c][0xe8]V[0xf2]#[0xb0]&gt;[0x2][0xa7][0xd7][0xba][0xf3][0x1d][0xcb]#p[0x6]wK[0x1d][0xfc][0xac][0xe4][0xc9]k[0x92]S4a[0x17][0x9c])Oz[0x9e][0xc3][0xec]8[0xe3][0x82][0x8d][0xe5]G[0x18]p7[0xb]v[0x1f]hx?[0x7][0xc6][0x7][0xd8]+[0x1e][0x84]q[0xb8][0x7]&amp;[0xe1]C[0xec][0x19][0xf]C[0x19]&gt;[0xc6][0xd4]G[0xc6][0x84][0x8c][0xb0]8[0x12][0xfb][0xd7][0xed][0x86][0xb3][0xd8]|[0xce]fY[0xd3]w[0xc1]9[0x11][0xd8] ,m[0xe0][0xa1][0xd3][0x1a]F[0xe0][0xdc][0xea][0x4]E,I[0xa1][0x88]%[0x12][0x5]w[0xc1]y5[0xc5]{[0xe1]@~[0xf]6[0xd6]2[0xd7]E[0xf6][0xc6][0x13][0xb6][0xc3][0xf9][0x9][0x1b][0xf3][0xf0][0x82][0xf8][0xc6][0xdd][0xa0][0xb8][0xe3][0xba][0xb3]B[0xdb]s[0xac][0xb7][0x97][0xa0][0x2]_ao~[\r][0xea][0xf0]u[0xf6][0xe8]7[0xd8][0xa3][0xdf][0x84][0xb5][0xf8]!SV[0xa7][0xd0][0xe5][0x85][0xff]+][0xa6]Eu[0xe9]H[0xd6][0xe5][0x97][0xac][0xcb][0xaf]X[0x97]_[0xb3].[0xbf]a]~[0xcb][0xba][0xfc][0x8e]u[0xf9]=[0xeb][0xf2][0x7][0xd6][0xe5][0xcf]L][0x13][0xd3][0xe5]^[[0x97][0xe7][0xe8][0xaa][0xa8]*m[0x13][0x8c][0x8b]k5[0xad][0xa7]V[0x1d])[0xb4][0xba](A[0xa7][0x83]m[0x9d].J[0xd2][0xe9]EI:[0xbd][0xb8][0xa7]N/[0xd9][0x9f]N[0x8b][0xf8]][0x7][0xdc][0x7][\n]&quot;
2013-02-06 13:51:56,597 AAD-WS DEBUG wire:63 - &gt;&gt; &quot;[0x1f][0xe0]&quot;[0x84][0x89][0x94][0xe][0xd5][0xa4][0xc2][0x2]r[0xc1][0x12][0xca][0x84]cH[0x3][0xf]e[0xc1]Y[0x94][0xcb]+jc[0xba][0xbd][0x94]%[0x12][0xdd][0xce][0xd6]/[0xdd]%[0xa1][0x15]kw[0xc3]e[\r][0xcc][0xd4]P[0xf7]N[0xf8]+[0xe7]@[0xe9][0xa5][0x8e][0xbb]w[0xc3][0xa6][0x6][0xce][0x9a][0xae][0x10]&amp;[0x87][0x15]1[0x97]Wr[0xe4][0xb8]J[0xd2][0x1f]I.[0xd9][0x5]3[0xf8][0xfd][0x8e][0xc0][0xd5]w[0xb3]H[0x19][0x90][0xcb][0xa9][0xf9][0xe5]6[[0x7]s|[0x3][0x1a][0xe]i4[0x2][0x9c]4[0x12]2[0xa8][0x0]ri[0xc][0xe4][0xd1]X[0xc8][0xa7]&quot;[0x18]Cn[0x18]O[0xc5][0xcc][0xee]D[0x98]B%0[0x83]&amp;A[0x5][0x1d][0xc8][0xab][0xe7][0xc5]X[0xbc][0x89][0xaf]_[0xf2][0x8b][0xa3][0xf4]kl[0x16][0xed][0xf4]D[0x18][0x88][0xe6][0x10]f[0x92]b[0xb2][0x9b][0xd6][0x9b][0xdd][0xcd][0xcc][0xee][0xb5][0xa5]iyi=[0xd8][0xbd]N[0xd8][0xd5][0xd9][0x1a][0xc7][0xc4][0xd8]-[0xe5]l[0x0][0xa8][0x94][0xd9][0x9d][0xca][0xec]Ncvg[0x80]N3a[0x14][0x95]1[0xab][0xe5]PH[0x95]0[0x99][0x8e][0x80][0x83]h[0xe][0x94][0xd2]\[0x98]IG[0xc2]\[0xaa][0x86]:[0xe2]`[0x82]u1[0x96][0xe7]1[0xcb][0x92]O[0x8d][0xb3][0x93][0xd3]x[0x9a]j[0xa6][0xa3][0xe6][0xd3][0xb2][0x13][0xae][0x8f][0xc0][\r][0xcc][0xd9][0x8d]5q[0xb3][0xcc][0x95][0xcb][0xa0][0xc5]|[0x85]K`[0x0]5[0xc0]HZ[\n]&quot;
2013-02-06 13:51:56,598 AAD-WS DEBUG wire:63 - &gt;&gt; &quot;ci[0x19][0xcf][0x1e][0x95]2[0xf7][0x19][0xb9][0xb]nJ[0xca]K[0xc8][0xc3][0xa3][0xf9]QV8L[0xa4][0x99][0xf1]p[0xa4][0x95]_[0xdf]\[0xea]p[0xeb][0xdd][0x11][0xb8]e[0x13]Gv[0x7]?[0x82][0xb7]n[0x98][0xde][\r][0xcf][0xba][0xf5][0xbf]Eq[0xe][0x1b]w[0x8f][[0xbf]-[0x8a]K[0xb3]q7[0xb9][0xf5][0xdb][0xa3][0xb8]t[0x1b]w[0xa1][[0xbf]#[0x8a]s[0xda][0xb8][0x93][0xdd][0xfa][0x9d]Q[0x9c]j[0xe3][0xbc]n[0xfd].[0x13][0xd7]7[0xcf][0x91][0x1d]][0xbc][0xc0][0xad]o[0x89]&quot;[0xf5][0xbb]#[0xb0]U[0x90][0x87][0xbb][0xf5]m1[0xe4]v[0x1b]Y[0xe4][0xd6]wD [0xb2][0x9][0xf2][0xdc][\n]&quot;
2013-02-06 13:51:56,598 AAD-WS DEBUG wire:63 - &gt;&gt; &quot;+qgZ3{[0xbe][0xdc]){6Og[0xb2])[0xd8][0x94]b[0x2][0xf9]W[0xb0][0xb3]&apos;[0xd7][\r]fU[0x90]o[0x97][0x4][0xf1];[0xb8][0x87][0xef][0xe0]^^c[0x1a][0xef][0xa7][0xf0][0x5]g[0xe4][0x96]:[0xd7][0xb1][0xaa][0x81]Nb+8[0x99][0xad][0xe0][0x14][0x18]Jk[0xf8]2[0xd6][0xb2][0x5][0x9c][0xca][0xb7][0xbf][0xe]f[0xd3]iPK[0xeb][0xa1][0x81]N[0x87]F:[0x3][0xda][0xe8]LXEg[0xc1][0xa9]t6[0x9c]C[0xe7][0xc0]e[0xb4][0x1]6[0xd3][0xb9]p[0x1b][0x9d][0x7][0xdb]i#[0xec][0xa1][0xf3][0xe1]I[0xba][0x0]^[0xa3][0xb][0xe1]=[0xba][0x18]&gt;[0xa5]K[0xe1][0xb][0xba][0xc][0xbe][0xa2][0xcb][0xe1];[0xda][0x4][0xdf][0xd3][0x95][0xf0][0x1b]][0x85]}[0xe8][0x1a][0x1c]L[0x9b]q[0x4]][0xcb][0x9c][0xd4][0xc7].~[0xb4]}[0xf1][0x99][0xd6][0xc5][0xef][0xe6]X[0x90]|[0xf7]Ro-[0x88][0x99]a&apos;[0xdf][0xbd][0x4][0xac][0x99][0xca]t[0xb7]~[0x9f][0xf5]X:XCi[0xca][0xf4][0xe4]J[0xca],[0x8e][0xf2][0xed]&quot;([0xae][0x1b][0xc9]K[0x1e][0xa8]M[\n]&quot;
2013-02-06 13:51:56,599 AAD-WS DEBUG wire:77 - &gt;&gt; &quot;[0x9b][0xb4][0x15][0x88][0xb6]A&amp;m[0x87]l[0x8a][0xb0]jv[0xb1]/[0xdf][0xc3]&gt;|/[0xab]e7[0x1c]N[0xf7]1[0xf5][0xc2][0x18][0xdb][0x93]l[0xb6][0xb3]-[0xb6][0x1f][0xe4][0x82]J[0xbf]o[0x8b][0xbe]&apos;[0xce][0xbb][0x99][0x82][0xd3][0xc3]l[0xf5][0x8f]@[0x16][0xc9][0x3][0xb6]([0xb5][0xc][0xf][0xa5][0x90]!^[0x3][0x8e]I-[0xc3][0xc3],[0xc3]#[0xbd]dx[0x91]ex[0x89]ex[0x99]ex[0x95]ex[0x9d]ex[0x83]ex[0x93]ex[0x8b]&quot;
2013-02-06 13:51:56,599 AAD-WS DEBUG wire:63 - &gt;&gt; &quot;ex[0x9b][0xa9][0x17][0xef]O[0x86]GE[0x86][0x87]R[0xc8][0xf0][0x1][0xcb][0xf0]![0xcb][0xf0][0x11]c[0x97][0xc4]|[0xf0]L;[0x1c]|[0x83]5n[0xfd]1S[0x6][0x17][0x17]w5[0xdd][0xb0][0xc7][0xad]?[0x1e][0x1d][0x1b]&lt;[0xde][0xe2][0xd6][0x9f][0x88][0x8e][0x9f][0xe4][0xf1][0xb5]n[0xfd][0xa9][0xe8][0xf8]i[0x1e]_[0xe0][0xd6][0x9f][0x89][0x8e][0x9f][0xe5][0xf1]Z[0xb7][0xfe]\t[0xfc]&lt;[0x8f][0xdb][0xdd][0xfa][0xb][0xd1][0xf1][0x8b]&lt;^[0xee][0xd6]_[0x8a][0x8e]_[0xe6]q[0x9d][%:~[0x95][0xc7]3[0xdd][0xfa]k[0xd1][0xf1][0xeb]&lt;[0x9e][0xe4][0xd6][0xdf][0x88][0x8e][0xdf][0xe4][0xf1][0x8][0xb7][0xfe]Vt[0xfc]6[0x8f][0xb3][0xdd][0xfa][0xdf][0xcd][0xb1]s+[0xbc]S[0xc3][0xf9]e[0xd4][0xcb][0xe6][0xc7]na~[0xb1][0xa8][0x9f][0xc1][0xbb]q[0x95][0x9f][0x1]#Y9[0xbf][0xb2][0xca]c[0x95][0xff][0x97][0xd5][0xfd];[0xc][0xa1]}0[0x8a][0xb5][0xe2]V[0x10][0xe][0xe0]gk[0xaa][0xa2]@[0xb9][0xe2][0x80]#[0x95]4[0x98][0xaf][0xa4][0xc3]2[0xc5][0x9][0x8d][0x8a][\n]&quot;
2013-02-06 13:51:56,600 AAD-WS DEBUG wire:63 - &gt;&gt; &quot;+[0x95][0xc][0x8]*.8I[0xc9][0x84]u[0x8a][0x6][0x1b][0x94],[0xb8]H[0xe9][0x3]W*}[0xe1]z%[0x1b]nS[0xfa][0xc1]VE[0x87][0xdd]JxX[0xc9][0x81][0xa7][0x95][0x1][0xf0][0xbc]2[0x8]^V[0xf2][0xe0][0x15]e[0x8][0xbc][0xab][0xe4][0xc3][0xe7][0xca]P[0xf8]Z[0x19][0xc6][0xdc]4[0xc4][0xae]t,_[0xa8][0xbc][0xc6].6[0x8f][0xf7][0xaa]9&amp;[0xbc][0x1f][0xbf]L[0x97][0xcc]([0x5]ldc8]_[0x8a][0xcb][0xec]5k[0xec][0xd7]r[0x16][0x1b][0xa3]i[0xc9][0xce]|[0xc7]Z[0xe9]&gt;*[0xdd]4[0xb3]{S-[0x83][0xdd][0x7];[0x18]~[0xc0]z[0xe3][0xe6]C[0xb6][0x96][0xf5][0x8e][0xdf][0xed][0x0]&lt;![0x0][0x87][0xd8]$=[0xdd][0xca]A@[0xca][0xc1][0x90][0xa1][0x1c][0x2]Y[0xca]a[0x90][0xa3][0x94][0xc2] e[0x1a][0xc]U[0xa6][0xc3]h[0xa5][0x2]&amp;+[0x95]0E[0x99][0xcb]+[0x8e][0xe6][0xca][0xc2]d[0x86][0xba],[0xcf][0xc0][0xeb][0xf4][0x8f][0xa4][0xaa][0x8d]f[0x19][0x9c]F[0xc7][0xd3][0x8c]!v[0x9a][0xf1][0xbe]&lt;[0x93]{[0xb1]S[0x1a]+[0xe3][0xf8]x[0xf]|Rc[0x95][0xfb][0x93][0xec]tC[0xff][0xd4][0xca]][0xe][0x8b][0xc0]g[0x9c]a[0xf0][0xa6][0xc5][0xd6][0xe8][0xf3]n[0x98][[0xab][0xc1][0x88]n([0x93]O[0x0]{[0xa1]4[0xba][0xe6][0x9f][0xd6][0x1a][0xcd][0xca]J[0x98]$[0x9a]?[0x8]RR[0x88]b[0xae]c[0xbe][0xec][0x86][0x8c]Z[0xfd]+[0x8b][0xcd]t[0xce][0xdc]r[0x8b]w[0xc3][0xd7]B[0x96].[0x19][0xe8]N[0xf8]&amp;[0x2][0xdf]Z)[0x95][0xcc]|&apos;3Rss[0xf9][0xf6]}[0x4]~(f[0x85][0xfd][0xd8][\r][0xf7][0x9a]B[0xc0][0xb6][0xb8][0x10]?[0xed][0x81][0x9f][0xff][0xac][0x10][0xff][0xfa][0xbf][\n]&quot;
2013-02-06 13:51:56,600 AAD-WS DEBUG wire:63 - &gt;&gt; &quot;[0xf1][0xef]D!Rs[0xfa][0x9f]b6[0xa6]_[0x84][0xdd]_[0xf9]I[0xda][\n]&quot;
2013-02-06 13:51:56,601 AAD-WS DEBUG wire:63 - &gt;&gt; &quot;[0xbf][0xe9][0xff][0x8d][0xc0][0xef]w[0xf3]5-[0x85]F0`:l[0xe4][0x1a][0xf5]f.[0xde][0x87][0xe3]8,[0xe2][0xb6][0x1e][qe[0xec]C[0xca][0xcd]0[0x9e]M[0xe1]([0xb6][0xbb][0x5]P[0xa0],b[0xdf]X[0xc][0xa5][0xca]2(S[0x8e][0x86][0xa5][0xca][0xb1][0xec][0xf][0xc7][0x81][0xa1],g[0x9f]h[0x4][0xbf][0xd2][0x4][0x1d]J3lTV[0xc0]5J[0xb][0xdc][0xa0][0xb4][0xc2][0xcd][0x8a][0x17]nW[0xfc][0xb0]][0x9][0xc0][0xe3]J[0x8][0x9e]S[0xc2][0xf0][0x81][0xd2][0xc9][0xf6]2|[0xab][0x9c][0x2][0xfb][0x94]S1]Y[0x87][0xc3][0x95][0xf5]8N9[0x1d][0x8b][0x94]3p[0x92]r[0x16][0x1e][0xa8][0x9c][0x8d][0xa5][0xca]9X[0xaf][0x9c][0x8b]M[0xca]y[0xd8][0xaa]l[0xc4][0x95][0xca][0xf9]x[0x82]r[0x9]v*[0x97][0xe2][0x6][0xe5]r[0xbc]@[0xb9][0x12]/W6[0xe3][0xb5][0xca]u\[0xdb]M[0x8e][0x5][0xe8]&lt;[0xdb][0xc4]0[0xee][0xee][0xe6][[0xa4][0xdc][0x6]*[0x1e][0xcb][0xf5]/[0x99]d[0xf9]&amp;[0x11][0x80][0x83][0x1f][0x8f][0xa4]W[0x8b][0xcb][0xc1][0xe5][0xe6][0x9c][0x8a][0x1e]l[0xb4][0xe9][0x13]?[0xbd][0xe0][0xfe][0x17]4[0xc5]j[0xff]j[0xfb][0x80][0x11][0xfa][0xbe]m[0xb0][0xb6]?[0xc2]6X[0xd3][0x1f]q[0x1b][0xcc][0xea][0x8f][0xfc]Z[0xcd][0xce][0xd6]v[0xa1][0xb2][\r]([0xa9]P[0x84][0x93][0xd9][0x8d]N[0xe1]&quot;|[\r][0xf4][0x83][0xb5]0[0x10]N[0x83][0xe1][0x8c]#l[0x16]7B[0x3]K@[0xaa]=[0xc2][0x9]x#Ndi[0x7]X[0x9e][0xf5]?PK[0x7][0x8][0xfb][0x11][0x0][0xb0][0x9b][0x1b][0x0][0x0]_7[0x0][0x0]PK[0x3][0x4][0x14][0x0][0x8][0x0][0x8][0x0][0xd4]|D5[0x0][0x0][0x0][0x0][0x0][0x0][0x0][0x0][0x0][0x0][0x0][0x0]6[0x0][0x0][0x0]com/sun/java/help/impl/JHSecondaryViewerBeanInfo.class}[0x95][0xeb]R[0x13]I[0x14][0xc7][0xff][0x9d]@[0xa6]3[0x4][0x82][0xf1][0xb2][0xde]/l[0xd0][0x4]t[0x6][0xf1][0xbe][0xb8]^[0x0]#[0xb0]![0xbb]U[0xb1][0xb0](?[\r]C[0x13]z+[0x99]IM[0x6]4&gt;[0x82]O[0xe0][0x1b][0xf8][0xc1]/[0xa8]U[0x8b][0xa5][0xb5][0xbb][0x1f][0xad][0xb2][0xf6][0x11][0xf6][0x19]|[0x4][0xcb][0xd3]=[0x11](C&amp;[0xa9][0xea][0xa6][0xcf][0xf9]u[0x9f][0xd3][0xe7][0xfc][0xd3]|[0xfe][0xfa][0xe1][0x1f][0x0][0x16]~71[0x8e][0x8b][0x6].[0x19][0xb0]L$`[0x9b]Hb[0xc2][0xc4])\60[0xc9]q%[0x8d][0x93][0xb8][0xca]q[0xcd][0xa4][0xf9][0xba][0x9][0x3]78nr[0xdc][0xe2][0xf8][0x85]c[0x8a][0xe3]6[0xc7][0xaf][0x1c]w8[0xee]r[0xdc][0xe3][0xb8][0xcf]1[0xcd]1[0xc3]1[0xcb][0xf1][0xc0]@[0xc9][0xc0]C[0x3]s[0xc][0x96][wZ[0xad][0xbc][0xeb]7[0xf2][0xad][\r]/[0xff][0xa7][0xb3][0xe9][0xe4][0xd7]E[0xbd][0x99][0x97][0x8d]f=[0xbf]0W[0x15][0xae][0xef][0xad]:A{I[0x8a][0xa7]&quot;`8PV[0x8c]]w[0xbc][0x9a]=[0xa3][0xf6]N1[0xa4][0xab]m/\[0x17][0xa1]t[0x19]R[0xb7][0xa5]&apos;[0xc3];[0xc][0xc9]Bq[0x89][0xa1]o[0xc6]_[0x15][0xc][0xd9][0xb2][0xf4]De[0xa3][0xb1]&quot;[0x82]G[0xce]J[0x9d],Gj&quot;[0xfc]#[0xf0][0x9b]&quot;[0x8][0xdb][0xb3][0xa2][0xe5][0x6][0xb2][0x19][0xfa]A[0x8b]a[0xa4]P|[0x12][0xc5]X[0x11][0x8e][0xd7][0xb2][0xbb]![0x8a][0x98][0x8a][0xd2]f[0x18]-[0xec][0xc9][0xa7][0x1a][0x6][0xd2][0xab]M[0x15][0xf7]I[0xd1][0xac][0xfa][0x1b][0x81]+JR[0xc5]&gt;[0xdd]u[0xaf]i[\n]&quot;
2013-02-06 13:51:56,604 AAD-WS DEBUG wire:63 - &gt;&gt; &quot;5[0xef][0xad][0xf9][0x96][0xda]i`&gt;[0x83][0x5][0x14][0x18][0xce][0xfe]pP[0xc5][0xf]K[0xfe][0x86][0xb7][0xfa][0xe0][0x99]+[0x9a][0xa1][0xf4]=:k[0x17][0xa9][0xf8][0x1a][0x9a][0x15]k[0x11][0x14][0x4]~[0x90][0xc1]o(gp[0xe][0x8b]j[0x18]a8[0x15]{5[0x6][0x83][0xf2][\n]&quot;
2013-02-06 13:51:56,604 AAD-WS DEBUG wire:63 - &gt;&gt; &quot;[0x85][0x17]fp[0x1a]g[0x18][\n]&quot;
2013-02-06 13:51:56,604 AAD-WS DEBUG wire:63 - &gt;&gt; &quot;[0xd4][0x19][0x8b]:[0xa3][0x13][0xb3]Tg,[0xd5][0x19][0xab][0xeb][0x6][0x19]\@A[0xc5][0xa8]0$[0xe4]*[0xdd]xS[0xdb]+NC[0xd5]?Z[0xdc]wC[0xb9][0xe9][0xe8]8[0x3][0x91][0xa5][0x1a][0xb6]UE[0x86][0xa2]U[0xd9]w[0x9d][0xe8]Z[0x9d][0xdd]U[0xf9][0x9c][0xbc][0xa6][0xa4]P[0xd3][0xed][0xe8]([0x1e]-[0xe6]g[0xa9][0xb9][0xa1]x[0x16][0xd2]f5[0x95]([0xed][0x92][0xd3][0x90][0xf5]6C[0xe6][0xbb]![0xda][0xbe][0xe3],dm[0x9d]6[0xc][0xee][0xf8][0xa3][0xe8]i[0xb5][0x9e][0xf1][0xeb]*[0xaf][0x83][0xbb][0xf5][0xdc]S[0xe5][0x9]*[0x83]Me[0xb0][0xb5]W[0x95][0xc1]Ve[0xb0]{6[0x92][0xe1][0xd8][0x9e]BW[0x15],v}[0xd9][0x1f][0xfa]Je_[0xf3];[0xa5]2I[0x98][0x8b][0xa2][0xd5]rj[0xb4]8T(v[0xeb][0x8b][0xe1][0xf0]~[0xaa]#[0xb5][0x9f][0xdf][0xc7][0xde]%[0xc6][0xe2][0x12]u[0xe9]$[0xfd][0x92][0x1][0xaa][0xa6]j3[0xcd]g[0xa1]&gt;I[0xfa][0x8b]TB[0xe3][0xcf][0xb4]:G3[0xa3][0xb9]l[0x1b][0xa9]7[0x1a][0xcf][0xd3][0xa8][0x9e][0x3][0xe5][0xec][0xd3][0xe0]([0xce]Gx[0xa2]F[0x8f]@[0x92][0xe6][0xe4]p[0xf6]o[0x18][0xe5][0xf1][0xe4]G[0x18][0xcb]9[0xfe][0x16][0xe9]O[0xc8][0xe6][0xcc][0xf7][0x18]X~[0x87][0xf4]+[0xa4][0xc8][0xb2][0x8d]Lu[0xbc]O[0x3][0x83][0xbd][0x81]~[\r][0xc][0xf5][0x6]R[0x1a][0xc8][0xf6][0x6][0xc][\r][0xc][0xf7][0x6][0xb8][0x6][0xe][0xf4][0x6][0x86][0xa3][0x18][0xb9][0x18]&quot;[\n]&quot;
2013-02-06 13:51:56,605 AAD-WS DEBUG wire:63 - &gt;&gt; &quot;r0[0x86][0x88][0xa2][0x1c][0x8a]![0xd2][0x9a]8[0x1c]C[0x98][0x9a]8[0x12]C[0xc]h[0xe2][0xa7][0x18]&quot;[0xa3][0x89][0xa3]1[0xc4][0xa0]&amp;[0x8e][0xc5][0x10]C[0x9a]8[0xde][0x9b][0xd8]Zd[$[0x89]TB[0xe9][0xe4]DG4[0xb][0xc8][0xd1]8[0x8a][0x14]=[0x13][0xf4]P`[0xe]EH[0x8c][0xe1][0x5][0xfd][0x9b]y[0x8d][0x8b][0xf8][0xf][0x97][0xf0][0x5][0x16][0x1b][0x86][0xcd]&amp;1[0xc1][0x1e][0xe1]2[0xdb][0xc4]${[0x89]+[0xec][0x3][0xae][0xb2][0xff]q[0x8d]}[0xc5]u:[0xf1]&amp;iV[0x9d][0x90][0xd0][0x1a][0x9d]$[0xc9])9[0xe6][0xc6][0xde][0x83]m[0x95]?&quot;[0xb9]&lt;[0xfe][0x17][0xfa][0xb6][0xd1][0xff]o[0xa4]][0xfa]&amp;:9[0xa4][0xb4][0xe5]BG[0xeb][0x8c]2 [0xb5]b[0xec][0x1b]PK[0x7][0x8][0x8b][0xde]2[0xea]V[0x3][0x0][0x0][0xf4][0x6][0x0][0x0]PK[0x3][0x4][0x14][0x0][0x8][0x0][0x8][0x0][0xd4]|D5[0x0][0x0][0x0][0x0][0x0][0x0][0x0][0x0][0x0][0x0][0x0][0x0]1[0x0][0x0][0x0]com/sun/java/help/impl/JHelpPrintHandler1_2.class;[0xf5]o[0xd7]&gt;[0x6][0x6][0x6]=[0x6]^.[0x6]f[0x6].v[0x6]nv[0x6][0x1e]F[0x6]6[0x9b][0xcc][0xbc][0xcc][0x12];F[0x6]Q[\r][0x9f][0xac][0xc4][0xb2][0xc4][\n]&quot;
2013-02-06 13:51:56,605 AAD-WS DEBUG wire:63 - &gt;&gt; &quot;[0xfd][0x8c][0xd4][0x9c][0x2]}/[0xf] i[0xad][0x19][0xc6][0xc8][0xc0][0xe2][0x9c][0x9f][0x92][0xca][0xc8][0xc0][0xef][0x93][0x99][0x97][0xea]W[0x9a][0x9b][0x94]Z[0x14][0x92][0x98][0x94][0x3][0x14][0xe1][\n]&quot;
2013-02-06 13:51:56,606 AAD-WS DEBUG wire:63 - &gt;&gt; &quot;[0xce]/-JNu[0xcb][0x4]q$[0xc1][0x1a][0x2][0x8a]2[0xf3]J&lt;[0x12][0xf3]RrR[0x8b][0xc][0xe3][0x8d][0xf4]@[0x6][0xf2]0[0xb0]0[0xb0]22h&apos;[0xe7][0xe7][0xea][0x17][0x97][0xe6][0xe9][0x83][0xc4] vd[0xe6][0x16][0xe4][0xe8]c[0xd3][0xc7][0xc8][0xa0]A[0xac]j[0x6]E[0x6]&amp;[0xa0]w@[0x80][0x11][0x8][0x81]V[0x1]I6 O[0x9]([0xce][0x4][0xa4][0xd9][0xb4][0xb4][0xb7]30n[0x4][0xcb][0xb3][0x3]I.[0xb0][0xa8][0x6]P[0x9d]&amp;P[0x84][0x3][0xc8]fb[0xe0][0x4][0x0]PK[0x7][0x8][0x99][0xb0][0x96]|[0xc2][0x0][0x0][0x0][0x1c][0x1][0x0][0x0]PK[0x3][0x4][\n]&quot;
2013-02-06 13:51:56,606 AAD-WS DEBUG wire:63 - &gt;&gt; &quot;[0x0][0x0][0x0][0x0][0x0][0xd4]|D5[0x0][0x0][0x0][0x0][0x0][0x0][0x0][0x0][0x0][0x0][0x0][0x0][0x19][0x0][0x0][0x0]com/sun/java/help/search/PK[0x3][0x4][0x14][0x0][0x8][0x0][0x8][0x0][0xd4]|D5[0x0][0x0][0x0][0x0][0x0][0x0][0x0][0x0][0x0][0x0][0x0][0x0]$[0x0][0x0][0x0]com/sun/java/help/search/Block.class[0x8d]T]W[0x13]W[0x14][0xdd]7_3I[0x7][0x8c]A[0xa4][0x1a]@[0xb0][0xa2]!Q[0xd3][0x8a][0xd4][0x96][0xef][0xaf] [0x81][0x14][0x14]([0xad][0xa2][0xd5]![0xb9]`l[0x98][0xb0][0x92]I[0xab]kuQ[0x1e][0xfc][0x3]}[0xe4][0xd5][0x17]_[0xfa]Pm[0x89]]mW@JD[0xd3]}oR@[0xac][0xb5][0xf]s[0xce]=g[0xce]9[0xfb][0x9c]}f[0xee][0x1f][0xfd][0xf2];[0xbc][0xb8][0x4];[0x84]6[0xc][0x4]q[0x12][0x83]J[0xc])1[0xac][0xc4][0x88][0x89]d[0x88]z4[0x84]1[0x8c]{w[0x0]x[0xbf][0xad][0xd5]j[0xca][0x9c]PbR[0x89])[0x15][0x9a][\n]&quot;
2013-02-06 13:51:56,607 AAD-WS DEBUG wire:63 - &gt;&gt; &quot;b[0x1a][0xd7][\r][0xcc][0x84][0x10][0xc6][0x80][0x89][0xb4][0xd2][0xb3]J[0xcc][0x85][0x90][0xc1]&apos;[0x6][0xe6][\r],[0x8][0x4]gR[0xe3]S[0xa9][0xc5]Lj^@[0xa4][0x5][0x9a]&amp;[0x8b]N[0xd9][0xb5][0x1d]w[0xc5].T[0xa4][0x97][0x8][0xa6][0x80]?=[0xc5][0x0]e[0xf8][0x4][0x2]NesM[0x96]x[0xc8][0x97]3[0xd2]^g[0xde]m[0x1][0xdf]zIJ[0xaa][0x9c][0xed][0xda][0x2][0x9e][0xd5][0x9]f[0xe5][0xe4]Ze[0x83]qCy&apos;[0xef][0x8e][0xf0]e,[0xdd][0xbb]B5Y[0xcc]1[0xf4]X&amp;[0xef][0xc8]y]k[0xd9]^+[0xd0][0xd3]\[0x96][0xee]D[0xa1][0x98][0xfd]r[0xbe][0x81]`[0xd0]1[0xad][0xeb][0x6][0xf3][0x8e]+7di[0xdc][0xad][0x97]a[0xa7][0x16]_[0xa6][0xf][0xbc][0xfe]XZW[0xf][0x94][0xa4][0x9d]K;[0x2][0xb9]X&amp;[[0xdc]L[0x96]+N[0xf2][0xa1][0xfd][0x95][0x9d]| [0xb][[0xc9][0xb2][0xb4]K[0xd9][0x7][0xc9][0xc5][0xf1][0xe9][0xe9]|A[0xe][0xbe]9B[0xf7]1[0xd8][0xfb][0xb6][0x0][0x81]P[0xea]QVn[0xb9]y[0xd2]f[0xe0][0x86][0x80][0xf9]u)[0xef][0xca][0x85][\n]&quot;
2013-02-06 13:51:56,607 AAD-WS DEBUG wire:63 - &gt;&gt; &quot;[[0xea][0xf9][0x1f][0x1d][0xa8][0x96][c[0x19][0xfd][0xbe]`;[0x1b][0xc9]%[0xb7][0x94]w6[0xb4][0xdf][0x1c][0xca][0x16][0x1a][0xd4]yc[0xca][0x11]Z*VJY[0xa9][0x12]i[0xe8][0xe].[0xab]L[0xb]=[0xb8]f[0xe1][0xc][0xba],t[0xe3][0x94][0x85][0xb3]x[0xcf]B[0xa7]:[0x9d]C[0xbf][0x81][0x9b][0x16][0x16][0xb1]da[0x19][0x9f]ZX[0xc1]y[0xb][0x9f][0xa9][0xd3]9t[0x19][0xf8][0xdc][0xc2]-p[0x81]&apos;[0x8f][0xb6]0QY_[0xd7]K[0xd0]8[0x3],[0xbd][0x8a];[0x16][0xee][0xe2][0xb][0x3][0xf7],[0xdc]G[0xbf]@[0xe7][0xd3]#[0x10]&gt;[0xa8][0xba][0xb0][0xf6]Pf[0xc9]J[0x8b]v[0xe5][0x8b][0xc9][0xf4][0xc2]&gt;u[0x2]]oc[0x8a][0x8d][0xd4]7[0xeb]j6[0xf8][0x1][0x4][0x95]=])[0x14][0x1e][0xab][0xed][0xaf]Nh[0xca]4[0xfb]:[0xc8][0xaf][0x8f][0xaf][0xb4][0xb0][0xf4][0xb8][0xec][0xca]M[0xe6][0xcb][0x12][0x7]k[0xcd][0xfc][0xd3][0xc9][\r][0xce][0xeb]rjior[0xa3][0x1]{kK:9[0x81][0x8b][0xff][0xb6][0x97][0xd7]\u[0x9e][0x98]g[0xba][0xc5][0xba]G[0xe0]D[0xec][0xf5][0xb8][0xc1]C[0xa3][0x1f][0x2][0xe4]\[[0xca]*8[0xe8][0xe2][0xdb][0xc6][0x9f][0xcc][0xc0])[0xbc][0xcb]G[0xe0]4-[0xf][0xa2]&lt;[0xb7][0x1f][0xb2];x[0xe2]ry[0x16]j[0xe7]Zw7ln[0x9e]:[0xa4]vK[0x1d][0xa4][0xa7][0x7][0xe7])/[0xd0][0x9a][0xe5][0xed][0xe2][0xa1][0xee][0x8c][0xbf][0x84][0x88][0xfb][0xf6][0xe0][0x89]{[0xf7][0xe0][0x8d][0x8b]=[0xf8][0xe2][0xd1][0xb0][0x99][0xfb][0xcd][0xe4][0xe9][0xb9][0xae][0x13][0xa3]&lt;[0x8d][0x0]e[0x1c]&gt;V[0x8][0xb2]B3[0xbd]-H[0x10][0xff]&quot;#z[0xf7][0xeb][0x9e]eUU7[0x10][0x8f][0xee][0xc1][0x90][0x1f][0xd2][0xde]$[0xfc]x[0x9f][0x9e][0xf8]~[0xfc][0x19]j[0xf5][0xc6][0x1b][0x1d]:[0x1a][0xdc]Gy[0x95][0x9e][0x84][0x86]P[0xc1]+[0x8d][0xa6]G[0xe2]?[0xc1][0x17]}&quot;D[0xdf]q[0xd4][0xb6][0xc3][0xe6][0xa3]W[0xec][0x9d]7:[0xea][0xd6][0xf7][0xfb]8[0x1]j[0xe0][0x1a][0xe5]%\n`[0xa4]8[0xa2][0x8f][0xba];[0x1a][0xb8]?[0xf2][0xc]m*[0xb1][0xa3]]%~[0xb7][0xfc][0xc4][k[0xf][0x9b][0xdf][0xc]wD[0x9f][0xd6][0xfe]&lt;h7[0xa2][0x13]F[0xb9][0xab]1r2J[0xb6][0xc7][0xc9]Q[0x92][0x93]zt[0xc9][0x1c][0xdb]V[0x17][0xe6][0xd5]H[0xe0]g[0x18][0x89]x[0x15][0xe4][0xd6][0xaf][0xd4]p[0xa2]=[0x12][0xdc][0xde][0x85][0xe1]{[0x6][0x1f][0xf9][0xf7][0xd0][0xe]m[0xab]=$[0x8][[0xc5];[0x89][0x1f][0xf6]Q:Y[0x1f][0xbc][0xc8][0xfd][0xb8][0x8e]&amp;[0xcc][0x10]5M[0xb6]g[0xc9][0xe5][0x1c][0xae][0xf0][0x1a][0xff]@][0xc9][0x8c][0xbd][0xc2][0xa7][0x8f][0xc4][0xd5][0xb1][0xe7][0x1a][0x94]]Hp[0x10][0x15][0x96][0xd2]^&gt;[0x9e]][0x98][0x91][0xa0][0x82][0xdd]ix[0x89][0xd7]tt[0xa8][0x9b]0y]tb[0x89][0xb][&gt;[0x4][0xa1]&gt;[0xaa][0xfe][0x6]cc[0x84]P&lt;v[0xbd]@[0xf3].[0xda]_[0xe0][0xd8][0xaf][0x8][0xdf]z[0x89][0xe3][0x91]H[0x15]-[0x1c][0xb3][0xa5][0x8a][0x13]U[0xb4][0x1e][0xd4]n[0xd6]t[0xdc]![0xff]w[0xf9][0x1][0xdc]#[0xc6][0x87]z[0xb][0xaa]Z[0x87][0xae][0x5][0xf8][0xbd]?[0xa2][0xf9][0xf9][0x91]U[0xdd][0xa6][0xfc]H[0xf7][0x1f][0xff][\r]PK[0x7][0x8][0xa1]?l[0xb8][0xfd][0x3][0x0][0x0]&quot;[0x7][0x0][0x0]PK[0x3][0x4][0x14][0x0][0x8][0x0][0x8][0x0][0xd4]|D5[0x0][0x0][0x0][0x0][0x0][0x0][0x0][0x0][0x0][0x0][0x0][0x0]&amp;[0x0][0x0][0x0]com/sun/java/help/search/RAFFile.classuT[0xeb]R[0xd3]P[0x10][0xfe]Nii([0xe1]b[0xb9][0xc8]U@@[0xca][0xb5]\[0x15][0x5][0x91]r[0x93]&quot;r[0x97][0x11][0xd4][0x1f][0xa1][0x1c]J0$L[0x9a][0x8a]&gt;[0x8a]O[0xe0][0x1f][0xfd][0xe1][0x8c][0x16]Gf|[0x0][0x1f][0xca]q7T [0xb1][0xb4][0x93][0xef][0x9c]l[0xf6][0xdb][0xfd][0xb2][0xbb]&apos;[0xbf][0xff][0xfc][0xfc][0x85]&quot;[0xf4][0xe3]E[0x4]u[0x18][0xf][0xe3]a[0x4][0x1][0x8c]+x[0xc4][0xeb][0x4][0xc3]d[0x4][0xb7][0xf1]8[0x8c])[0x5]O[0x14]LG[0xa0] QB[0xa6][0x19][0xde][0xcd]2[0xcc]1[0xcc]3,0&lt;eXdH2,1&lt;cX[0xe][0xe3]y[0x18]+[0x2]E[0xb6]v [0xd0][0xb0]|[0xa4][0xbd][0xd3][0xe2][0xba][0x15][0xdf][0xd0][0xcc]}[0xeb]8[0x91]J[0xc9]LfA7[0xe4][0x84]@h_[0xee]e[0xd3][0x2]bW[0xa0]l[0xd6]23[0x8e]f:[0xdb][0x9a][0x91][0x95]E[0xa0][0x9f]@[0xf1][0xa4]n[0xea][0xce][0x14][0x5][0x8b]uo[0xb][0x4]g[0xad]})P[0xb1][0xac][0x9b]r%{[0xbc]&apos;[0xed]-m[0xcf] Km[0xec]&quot;[0x8d][0xa1][0x99][0xe9][0xf8][0xa6]c[0xeb]fzb[0x97][0x19][0x91][0xf9][0xf7])y[0xe2][0xe8][0x14];[0x8c]U[\n]&quot;
2013-02-06 13:51:56,608 AAD-WS DEBUG wire:63 - &gt;&gt; &quot;hH3[0xed][0x1c][0xba][0x1][0x97][0x4][0xca][0xd3][0xd2]a-k[0x96]n:[0xd2]&amp;E)[0xc3][0xca]P[0xc0]`F[0xca][0xb7][0xb4][0xc4][0x96]8J[0xd8][0x96][0xda]~[0xd2]t\Z[0x92][0xcc]|/P[0xc2][0xcb]B[0xd6]0&gt;[0x10]1[0xf6]j[0xc6]u[0xa5]5[0x99]d&apos;[0xe5][0xd4][0xd6][0x1d][0xe9][0xb2][0x82][0xb1]$?[0xb][0xb9][0x16][0x81][0x9a][0x2]j][0xb1][0x9b]V[0xd6]NI[0x16]$[0xa0]n$[0x16]x7[0xc0][0xae]*Z[0xd0]J[0xaf][0xe9][0xa7][0xcd]d[0xf][0xe]X[0xb6][0x92]wnU[0xb1][0x86]u[0x15][0x1b][0xd8]T[0xd1][0x88]1[0x81][0xba][0x9b][0xca]/[0x10][0xb0]O[0xa9][0xf4]6[0xc7][0xde]RQ[0x8f][0x6][0x15][0xf7][0xd0][0xa5]&quot;[0xc6][0xd0][\r][0x8a][0xd5][0x83]^[0x15]}[0xe8]W1[0xc0][0x10][0xc7] [0xef][0x86]T[0xc]cD[0xc5]([0x6][0x5]ZS[0xd6]q&lt;[0x93]5[0xe3]n[0x9e]Ci[0x9c][0xc4]3R[0xb3]S[0x87][0xf1][0xbc]$[0x81][0xca]+[0xd5][0xab]{G2E[0x5][0xa9][0xfa][0xa7]*[0xb9]z[0xd9] j[0x8e]vr&quot;M*l_[0xa1][0x2][0xfd]g[0xba]xy[0x1a]#[0xc5][0xb1].,[0x2][0xd5][0xb1][0xff][0xfd][0xc8][0xa3][0xab]@[0xc0]B=@[0x1b][0xcd]|[0x1d][0x8d]^[0x80][0xfe]T[0x11][0xda]5P[0x1d][0x9b]h[0x14][0x9b]][0xeb][0x1d][0x94]![0xc8][0xcd] K[0x1b]Y[0xda]h[0x15][0xb4][0x86]z[0xce] [0xbe][0xba]3{[0x97][0x90][0x8f][0x14][0xa8]^A[0xc][0x92][0xa5][0x5][0xed]t[0xcf][0xee][0xdb][0x8][0x81]G{[0x98][0xdd][0xcf][0x11][0xd8]9CQ4[0x98]C[0xa8][0x97][0xae][0x1c][0x8a] [0xdc]s[0xe]e[0xa7][0xb7][0xe9]#[0x94]h[0xc9]&apos;[0x84][0xa2][0x91]3[0x94]~[0x87]z[0x15];JQ)[0x2][0xe1][0x8][0x89][0x1b][0xc5][0x10][0xc6][0xd0]A[0x96] =[0xef][0xa4][0x8b]z[0x98][0xcf][0xd6]J+[0x8b]Sz[0xbe]A[0xcd][0xa1][0xec][0xcb]e[0x8c]b[0xd7]&gt;[0xee][0xe1][0xc5]n[0xe2][0x95][0xfb]y[0x93][0x1e]^[0xb7][0xeb][0xcf][0xbc][0x8e]|1[0xf2][0xbc][\n]&quot;
2013-02-06 13:51:56,609 AAD-WS DEBUG wire:77 - &gt;&gt; &quot;=[0xa6][0x11]F[0xc2][0xc3][0xa5][0x1][0xcb]s;[0xa9].\[0x99][0x12][0xe6][0xb6][0xe4]P[0xe9]&apos;[0xcf][0xf1][0xe7][0xc7]C[0xa6][0xc1][0xbc][0x14][0xec]I|[0xeb][0xb3]O[0xf0][0xa2][0x87]7p[0x13]/[0xea][0xe7]-{x4[0xfe][0x97]b[0x3][0xae]&amp;W,[0xb5][0xae][0xca]/v[0x8d][0xc4]&quot;
2013-02-06 13:51:56,609 AAD-WS DEBUG wire:63 - &gt;&gt; &quot;[0xae][0xfb][0x92][0xe][0xe5][0xc9][0xed]d[0xe3][0xe][0x96][0xba][0xe4][0xa6][0xe6][0x1c][0xaa][0xfd]y[0xb7]&lt;T:l[0x85][0xf2]6[0xe6]P[0xe3][0xcf][0xfb][0x92][0xf2][0xee]x[0xc8][0xa3]7[0x8a][0xae][0xf5][0x93]_[0x13][0xf9][0xcd]5r[0x84][0xbf] [0xf9]9[0xaf]w}q}[0xc6]/[0xa4][0x1e][0x12][0xde]w[0x8f][0xc6][0x83][0xbf]PK[0x7][0x8]&apos;[0x8e][0x8f][0xad][0x1e][0x3][0x0][0x0]g[0x6][0x0][0x0]PK[0x3][0x4][0x14][0x0][0x8][0x0][0x8][0x0][0xd4]|D5[0x0][0x0][0x0][0x0][0x0][0x0][0x0][0x0][0x0][0x0][0x0][0x0]([0x0][0x0][0x0]com/sun/java/help/search/BitBuffer.class[0x85]TYo[0x1b]U[0x14][0xfe]f&lt;^[0xe3]4N[0xd2]5[0xb6][[0xd3][0x85][0xa4]vj[0xb7][0x85][0xa4]-iS[0x92][0xb4]i[0xdd]&amp;5[0xa8][0x1b]][0xa0][0x99][0xd8][0x93][0xc6][0xc5][0xf1]X[0xf6][0xb8]IQ[0x80][0x2][0x91]@ @ x[0x0][0x9][0x89]V[0x15]y[0x81][0x7][0xa4][0x86]R[0x84]x[0xe2][0x9][0x9][0xf8][0x1b][0x88]_[0xc0][0x13][0xe1];[0xd7]K[0x92][0x16][0xc4][0xc3][0x9c]s[0xef][0xb9]s[0xbe][0xef]l[0xf7][0xfe][0xf2][0xf7][0xf]?[0xc1][0x85]=[0x18][0xf]`[0x1d][0xfa][0xfd]h[0xc5][0x1][0x11][0x7]E[0x1c][0x12][0xf1][0x8c][0x88][0x81][0x0][0xc5][0xe1][0x16][0x1c][0xc1][0xa0][0x88][0xa3][0x1]&lt;[0x8b]![0xb1][\r][0x8b][0x18][0xf1][0xe2][0x98][0x17][0xc7]5[0xf8][0xd2][0xc5][0xbc]s6[0xff][0x8a][0xa5]AKkh[0x1d][0xb1][0x8b][0x15][0xc7],:[0x17][0xcc]B[0xd5]r[0x1]4[0xc3]}f8[0xef]T[0xb8]ALC@[0xd6][0xe9][0xe2][0xf0]-G[0x8e][0xe1][0x13][0xb][0xd7]4[0xa5][0x8b][0x8e]X[0xc][\r][0x9e]k[0xe6]M3_[0xa0][0xe7][0xb5]Y[0xbb][0x9c][0x13]=U[0xb6],[0xd1][0x15]E[0xc5][0x1f][0xca]e[0xf3][0x96][0x6][0xfd][\n]&quot;
2013-02-06 13:51:56,610 AAD-WS DEBUG wire:63 - &gt;&gt; &quot;I=[0x87][0xf3][0xc]bP[0x83][0xab]g[0xf7][0x5][\r][0xc6][0x88][0x9d][0xe3]?mc[0xf9][0xa2]u[0xa6]:3i[0x95][0xcf][0x99][0x93][0x5][0xf1][0xce][0x16][0xec][0x8a][0xe8][0xd9]r[0xde][0xa1][0xde][0xd4]3v[0x83]D[0xa9][0xbc][0x9d]:f:f[0xa6][0xea][0x94][0xaa][0xce][0x80]@[0x4][0x8e][0xcf]e[0xad][0x92][0x93]g2^[0x8c]*O[0xcb],k[0xf0]O2[0xd4][0x11][0xbb]Zt[0x14][0x19][0xb9]}[0x93]y[0xa7]n[0xf0]V,g[0xb4]l[0xcf]h[0xe8][0xee][0x19][0xcb][0xda]3[0xa9]J[0xb5][0x98]R[0x4][0xd3]V[0xa1][0x94][0xaa][0x10]!;[0x9d]b[0xfa][0xc3][0xd5][0xa9])[0xab][0xac][0x88][0xfc][0xd7][0xcb][0xf6][0xec]P-[0x17][0xa3]&apos;-&amp;w[0xc5][0xb1][0xcb][0x92][0xa3]Y*YEI[0xbe]&apos;[0xad][0xe]Z[0xb2]v1k:V[0xd1][0x94][0xe0][0x3]g[0xed]j9k[0x8d][0xe6]%[0xb3]uM[0xd4][0xa4][0x10][0x6][0xb1][\r][0xb1] [0xb6] [0x14]D[0x97][0x88][0xb0][0x88][0x88][0x88]([0xb6][0x6][0xb1][0x17])/N[0x4]q[0x12][0xa9] [0xd2][0xb2]9[0x15][0xc4]i[0x8c][0x5][0x91][0x14]K[0x2]q[\r][0xdb][0xff]?[0x3][\r]!uX0[0x8b][0xd7]S[0x99][0xc9][0x1b]V[0x96]U[0xe8]l[0x94]4[0x9d]i[0x16]QC[0xc7][0xe3][0x85]f[0xed]T[0x1f][0xd2]R;[0xbf]Z[0xca] [0xac][0x1]={[0xab][0xe2]X,[0xa8]_[0xb5];k[0x97]X[0xa6]x[0xbd]k[0xab]X[0x7][0xd2][0xff]bb[0xcd][0x10][0xe3][0xa8][0xae][0xe3]L[0xf9]Y[0x86]6[0x84]8[0x8b][0xed][0xdc][0xe9][0xe8][0xe0][0xbe]s[0xd5]~=[0xf7][0x1b]V[0xed]7r[0xbf]i[0xd5]~3?VS[0xad][0xbb][0xea]:\[0xd7][0x91][0xba]fe[0xa9][0x83][0xfc]X|z&gt;[0xc1][0xd5]y[0xda]5[0xea]][0xf1][0x7][0xd0][0xe2][0xa1][0xd8][0x12][0xf4][0xb8]k[0x9].[0x11]F[0xbc]][0xc3][0x12][0xdc][0xa2]~[0xc],[0xc1][0xf3]-[0xe4][0xba]l[0xa7][0xdc][\n]&quot;
2013-02-06 13:51:56,610 AAD-WS DEBUG wire:63 - &gt;&gt; &quot;/e&apos;[0xc][0x92][0x5]H[0xd4]F[0x92][0xf5]$[0x8][0xf3]d&apos;[0xed][0x1a]v4)Fx[0x97][0x85]b[[0xfc]&gt;[0xf4]P[0xec].:[0xe3]\[0xb9]d7[0xf7][0x0][0xde]E[0xf8][0x84]L_[0x1][0xef] ,[0xb8][0xf2][0x13]d[0xb]v[0x11][0xf2]I[0x9e][0xec][0xe4]JW[0x80][0x9f][0x10][0xd0]C[0xfd][0x82][0xeb][0xc8]&quot;:[0x12][0x4][0xf2]D[0x92][0xf][0xe1][0xd3][0xb1][0xa0]k[0x11]n[\r]#wg[0xf9]O[0xb1][0xd7]6[0xc9]A[0xaf][0xe2][0xf6][0x15]r[0xfd]F([0xd6][0xef]^[0xc4][0xfa]Dt[0xc1][0xfd][0xd7][0x6][0xf7]|;[0x96]_{[0x8][0xbf][0x8e][\r][0xc6]%[0x83][0xc7]_,[0xff][0xb1][0x12]I[0x9c][0xc9][0x89]ts[0xe2][0xda][0xa9][0xb7][0xa2][0x97]r[0xf][0xfa]8[0x86][0x87][0x90][0xc2]a[0xe][0xea]8[0xf5]E[0xec]c[0x8c]|[0x19][0xe8][0xd7][0xcd][0xaf][0xa7][0x99]|_[0xbd][0xbe][0xed][0xb5][0xaa]6[0xb]l&lt;[0x9a]n[0x1f]I[0xfa][0xd1][0x82][0x3]l[0xd6]A[0x9e][0xec]&amp;Q[\r][0xa2][0xbb]^[0xbf]6I[0xc6];[0xdd][0xc8][0xe4][0xeb]&amp;[0x80]G[0x1d][0xf]P&amp;[0x9a]N[0xbb][0xea][0xbc][0xad][0xa1][0x98][0xb8])[0xaf][0xc7]\[0x8e]R[0xf6]2[0x9d][0x9a][0xcb][0xc]#[0xd0][0xa9][0x87][0xe2][0x9][0xb6]G[0xa2][0xa5][0xd6]%^j[0xe3][0xb2][0xcc][0xc3]}[0xb8][0xef][0xa1]#[0xde]0[0xb8][0xd5]Tp[0xe3][0x91]n*a|[0x8f][0xc0]Jj][0xaa]O[0xc7][0xe0][0xc3]q[0xa6]5[0xca][0xaa][0x9c]`[0xb5]N[0xf2][0xa1]N[0x93][0x8a]W[0xb9]N=DjyY[0xa3][0xf1]p[\r]v\[0xe1][0xf5]6[0x10][0xe3][0xbd]k[0xa6][0xaf]V[0xb1]q[0xe][0xc8][0x19]^[0x82][0xc]g[0xef]9[0xc2][0xed]m[0xc2][0x9d][0xae]g[0xd2]-[0xee][0x12][0xf4][0x97]h[0x95][0x99]s[0xbb][0xa7][0x1f][0xa0]E[0xcd][0xc5]%[0xc9][0xc0][0x98]`R[0xe1][0xcc][0xa3][0xc0][0xe7][0xd8][0x86][0xf3][0xbc]m[0x17][0xd8][0xd3][0x8b]&lt;[0xd9][0xd7][0x4][0xbe][0xcc]([0x5]8[0xa9]&amp;[0xd8][0x98][0xb][0xdf][0x96]2[0x11]K7r[0xc]\[0xff][0x1c][0x1b][0xd5][0x9][0xc7]zU[0xbf][0x1f][0xad][0xc7][0x15][0xde][0xc1][0xab]\[0xbf]D[0xdb]5[0xb6]w[0x82]-[0x98]T&lt;[0xfb][0xeb]&lt;[0xdf]0[0xe][0x89]$/[0xd3][0xac][0xdf]ED[0xa1]FV[0xf1]Er[0x4]^[0xc4])[0xf5][0xc3]=$[0x94][0xce][\r][0xae][0xdc][0xac]pt[0xfe][0xb6][0x84][0x11][0xae][0x85][0x11][0xad][0xfd][0xdf][0xd5][0x4][0xfa][0xaf][0x10][0xf7][0xab][0x7]b[0x8a]-[0x9b][0xe6][0x8d][0xce]3[0x9c][0x97]9[0x8b]3[0xac]n[0x91]m[0xb2][0xd9][0xc4][0x12][0x9e][0x87][0x83][0x17]Qe[0xd0]7[0xf9][0xd7][0x1c]=[0x9f]jL[0x91][0xb6][0x83])J[0xe8][0xbf][0xab][0xc1]sK[0x7]rj[0xfa]&amp;[0x12][0xdf]!xW[0xa6][0x87]&amp;[0x19][0xa0][0x9]c[0xa2][0xd6][\r][0x96]-[0xd5][0x1c][0xa2][0xc6][0xa9]t[0xbd]1[0x97][0x1a][0x1e]l[0xd7]&quot;fk[0x97][0xfa][0x88]kP[0xdd]|[0xde][0xf9][0xab]Iq[0x8f]&amp;[0x15][0xa5][0x9e][0x9b][0xbf][0x9d]Q&apos;[0xca][0xb8][0xe0][0xd2][0x92][0xaa] [0x99][0xa8]@[0xdc]Y[0xfe]u[\r][0x9c]*[0xa6][0xf0]LH[0xff]B[0xb1];[0xd8][0xac]L[0xa1]X[0xae][0xc1]l[0xe4][0xd6]\[0xd7]a[0xf5][0x9a][0xce][0xf3][0xc5]}[0x95][0xbd]{[0x9d]S[0xfc][0x6]mo[0xe2][0x14][0xde][0xe2]|[0xbc][\r][0x13][0xef] [0x8b]wy[0xfa][0x1e]&gt;[0xc2][0xfb][0xf8][0xc][0x1f][0xe0]+|[0x88][0x87][0xdc][0xfd][0x8c][0x8f][0xf1][0x1b]&gt;%[0xd2][0xd3][0xea]E[0xee][0xfb][0x7]PK[0x7][0x8][0xa4]s^|[0x19][0x5][0x0][0x0][0xeb][0x8][0x0][0x0]PK[0x3][0x4][0x14][0x0][0x8][0x0][0x8][0x0][0xd4]|D5[0x0][0x0][0x0][0x0][0x0][0x0][0x0][0x0][0x0][0x0][0x0][0x0]+[0x0][0x0][0x0]com/sun/java/help/search/BlockFactory.class;[0xf5]o[0xd7]&gt;[0x6]f[0x6]][0x6]Nv[0x6]vv[0x6][0xe]F[0x6][0xce][0xdc][0xc4][0xec]T[0xa7][0x9c][0xfc][0xe4]lF[0x6]%[\r]M[0x9f][0xe4][0xfc]\[0xfd][0xe2][0xd2]&lt;[0xfd][0xac][0xc4][0xb2]D[0xfd][0x8c][0xd4][0x9c][0x2][0xfd][0xe2][0xd4][0xc4][0xa2][0xe4][0xc]}[0xb0][0x1a]kF[0x6][0xae][0xe0][0xfc][0xd2][0xa2][0xe4]T[0xb7][0xcc][0x9c]TF[0x6]A[0xb0][0xa8][brI~Q[0xa5][0x1e]H[0xf]#[0x83]*~#[0xa0][0x8a][0x19][0x19][0x4][0xc0][0xf2]9[0x89]y[0xe9][0xfa][0xfe]IY[0xa9][0xc9]%l[0xc][0xc][0x8c][0xc]L[0xc] [0xc0][0xc8][0xc2][0x8]t&amp;[0xb][0x88][0xc5][0xc0][\n]&quot;
2013-02-06 13:51:56,611 AAD-WS DEBUG wire:63 - &gt;&gt; &quot;$[0x99][0x18][0xd8][0x0]PK[0x7][0x8][0xc8][0xbe][0x12][0xed][0x8a][0x0][0x0][0x0][0xbb][0x0][0x0][0x0]PK[0x3][0x4][0x14][0x0][0x8][0x0][0x8][0x0][0xd4]|D5[0x0][0x0][0x0][0x0][0x0][0x0][0x0][0x0][0x0][0x0][0x0][0x0];[0x0][0x0][0x0]com/sun/java/help/search/BlockManager$BlockDescriptor.class[0x8d]S[0xcb]n[0xd3]P[0x10]=[0xd7]Nl[0x12]L[0xf3][0x0]J[0xa1]&lt;J[0x9b][0xe2][0xc4]i[0xeb][0x14][0xc4][\n]&quot;
2013-02-06 13:51:56,611 AAD-WS DEBUG wire:63 - &gt;&gt; &quot;[0xc4][0x82]&quot;[0xa4]J[0x5][0x16]A]t[0xe7][0xb8][0x97][0xc6]%[0xb1]#[0xdb][0xa9][0xe0][0xb3]XD[0x95]X[0xf0][0x1]|[0x14][0xe2][0x8c][0x89]T$[0x16][0xf8].[0xce][0xcc]\[0xcf][0x9c][0x99]3[0xba][0xfe][0xf9][0xeb][0xfb][0xf][0x98][0xd8][0xc5][0xa0][0x8e][0x1a]6[0xeb][0xa8]c[0xab]F[0xaf]#[0xb0]-[0xf0]D[0xc0][0x15][0xe8][\n]&quot;
2013-02-06 13:51:56,612 AAD-WS DEBUG wire:63 - &gt;&gt; &quot;[0xf4]l[0xf4]m[0xec]*TG[0x93]$[0xfc][0xac][0xb0]q[0x14]&amp;S?[0x9b][0xc7][0xfe]yp[0x11][0xf8]c=[0x99][0xf9][0x99][0xe][0xd2]p[0xec][0xbf][0x96][0x8c][0x17][\n]&quot;
2013-02-06 13:51:56,612 AAD-WS DEBUG wire:63 - &gt;&gt; &quot;[0x95]?[0x99][0xea][0x84][0xee]49[0xfd]D3K[0xf5][0x5]o[0xe][0xe9][0xc6][0xfa]K[0xae]`[0xe5][0xe3]([0xeb][0xc][0x14][0xdc][0xff][0xf0][0xbd][0xb][0xe2][0xe0]L[0xa7][0xa4][0xad][\r][0xbf][0xc6][0xf9]X[0xe7]Q[0xc8][0xf2][0x97]Q[0x1c][0xe5][0xaf][0x14][0xbc]n[0xc9][0xfa][0xde]1{[0x1f]$[0xa7]Z[0xa1]q[0x14][0xc5][0xfa][0xfd]|:[0xd2][0xe9][0xc7]`4[0xe1]M5[0xd5][0x99][0xe6]Tf[0xb7]wlcO[0x1][\n]&quot;
2013-02-06 13:51:56,613 AAD-WS DEBUG wire:63 - &gt;&gt; &quot;[0xce]a[0x1c][0xeb][0xf4]`[0x12]d[0x99][0xce][0x14][0x86]e[0x1b][0x95]K[0xeb][0xec][0x17][0x13][0xd5][0x87][0xc9]&lt;[\r][0xf5][0xdb]H[0xa6]h[0xfd][0x9d][0xb0]&apos;[0xe5][0xe]VqG`[0xdd][0xc1]M[0xdc]rp[0x1d][0x8e][0x83][0x1b]Xq[0xd0][0x10]h[0xa2][0xe5][0xa0][0x8d][0x96][\r]_[0xe1]y[0xb9][0xc6]E[0xf0]Fga[0x1a][0xcd][0xf2]$[0xe5]:[0xfe][0xb9]i[0x16][0xc][0x93] &gt;[0xf3]?[0x8c][0xce]u[0xc8][0xcd][0xb8]%U)l[0x97][0xca][0xc4][0x6][0x1f]W[0x1d][0x80][0xc5]US[0x15]d[0xe5][0x14]V[0xd8][0xc6][0xd2]R^a[0xdb][0x85]m[0xcb][\n]&quot;
2013-02-06 13:51:56,613 AAD-WS DEBUG wire:63 - &gt;&gt; &quot;[0x18][0xdd][0x86][0x1c][0x13][0x86],[0x87][0xf1][0x1a][0xa3]!#[0x83]v[0xcb][0xbb][0x84][0xe1][0xf5][0x17]0=[0xb5]@[0xc5]3[0x17][0xa8][\n]&quot;
2013-02-06 13:51:56,614 AAD-WS DEBUG wire:63 - &gt;&gt; &quot;X[0x2][0xb6][0xc0][0xb5]o[0x5][0xe5]][0xe2]C[0xd8]DW^9[0x1b]z[0xa4][0xef][0x93]l[0x7][0xf][0xf8]l[0xf2]^[0xe1][0x1e][0xd6][0x97][\r][0x6][0xa8][0xd0][0x3][0x9a][0x9e]g[0x9e][0x90]Ox[0xa5][0xc3][0x15][0xdb][\n]&quot;
2013-02-06 13:51:56,614 AAD-WS DEBUG wire:63 - &gt;&gt; &quot;G[0x2][0xf6])[0xea])[0x5]&lt;[0xa3][0xbf][0x8a]G[0x1c]j[0xad][0xe8]d[0x14]_-[0xaf][0x9]uUc[0x15][0x9c][0xee]R[0x92][0xc1][0xa5][0x8]&gt;f[0xbe][0xc8]5p[0x9f]S[0xc9][0xa9][0xd1][0xee][0xc0][0xf8][\r]PK[0x7][0x8][0xd8][0x1c][[0xa9][0xe4][0x1][0x0][0x0][0xbe][0x3][0x0][0x0]PK[0x3][0x4][0x14][0x0][0x8][0x0][0x8][0x0][0xd4]|D5[0x0][0x0][0x0][0x0][0x0][0x0][0x0][0x0][0x0][0x0][0x0][0x0]-[0x0][0x0][0x0]com/sun/java/help/search/BlockManager$1.class;[0xf5]o[0xd7]&gt;[0x6]f[0x6]][0x6]nv[0x6]6v[0x6]NF[0x6][0xae][0xe0][0xfc][0xd2][0xa2][0xe4]T[0xb7][0xcc][0x9c]TF[0x6]A[0xa7][0x9c][0xfc][0xe4]l[0xdf][0xc4][0xbc][0xc4][0xf4][0xd4]&quot;[0xbd][0xac][0xc4][0xb2]Dv[0x6].F[0x6][0xf5][0xe4][0xfc]\[0xfd][0xe2][0xd2]&lt;}[0x90][0x88]~FjN[0x81]~qjbQr[0x86]&gt;[0xb2]z[0x15]CF[0x6][0x6]F[0x6][0x1e][0xcf][0xbc][0xbc][0xd4]&quot;[0xe7][0x9c][0xc4][0xe2][0xe2][0xd4]bF[0x6][0x1][0xb0][0x9e][0x9c][0xc4][0xbc]t}[0xff][0xa4][0xac][0xd4][0xe4][0x12]F[0x6]U[0xa2][0x8c]cP[0x0][0x1a][0xc6][0xc4][0x0][0x1]L@G[0x83]H[0x16][0x6][0xe] [0xcd][0x5][0x94]ad`[0x5]I[0x0][0x0]PK[0x7][0x8][0xf0]E[0x9c]W[0x95][0x0][0x0][0x0][0xd1][0x0][0x0][0x0]PK[0x3][0x4][0x14][0x0][0x8][0x0][0x8][0x0][0xd4]|D5[0x0][0x0][0x0][0x0][0x0][0x0][0x0][0x0][0x0][0x0][0x0][0x0]+[0x0][0x0][0x0]com/sun/java/help/search/BlockManager.class[0x9d]W[0x89]WT[0xe7][0x15][0xff]=f``x*.[0xc4]e[0x10][0x89][0x1b][0xe3][0x0][0x92]`\&quot;[0x98][0x82][0x18]Z,[0xa0][0x15]%[0x5][0xa3][0xed]0[0xf3][0xc0][0xd1][0xd9]2[0x8b][jS[0x13]IL[0x9b][0xa4]Y[0xac][0x9]I[0x1b][0x97][0xa4][0xc5]l[0x8d][0xdb][0x80][0xc6]D[0xdb][0xa6][0xb1][0xad][0xcd][0xd6]M[0xd3]6k[0xcf][0xe9][0xe9]1[0xa7]C[0xed][0xef][0xbe][0xf7]f[0x11]+C[0x9d]s[0xe6][[0xee][0xb7][0xdc]{[0xf7]~[0xbf][0xef]{[0x17][0xfe][0xf3][0xc6]YXP[0x85]/[0xec]X[0x82]X[0x1][0x16]#.[0xc5]V)[0xb6]I[0xb1]][0x8a][0x1d]R[0xec][0x94][0xe2]^;[0xbe][0x83]][0xd2][0xfa][0xae][0xb4][0xee][0xb3][0xe3]{[0xd8]mg[0xf7]~[0x91]=`[0xc7][0x1e][0xf4]I[0xeb]A[0xd9]ow![0x1e][0xc2]^[0xe9]&gt;l[0xc7][0xf7][0xf1][0x3];[0x1e][0xc1][0xa3]2[0xf9]1[0x91][0xfd][0xd0][0x86][0xc7][0xa5]~[0xc2][0x8e])xR[0xc4]O[0x15][0xb0][0xb5]O[0x8a][0x1f]I[0xb1]_[0x16]=-[0x3][0xcf]H[0xd1]o[0xc7][0xb3]xNZ?[0x96][0x81][0x9f][0xc8]n[0xcf][0xcb][0xbc][0x3]R[0x1c][0xb4][0xe1]P&gt;[0xe][0xdb][0xe1][0xc4][0xb][0xb2][0xe1][0x8b][0x5][0x1c][0xfe][0xa9][0xcc][0xf9]Y![0x6]p[0xa4][0x80][0x8b]_[0xb2][0xe1]e;nA,[0x1f][0xaf]H[0xfd][0xaa][0x14][0xb4][0xfe]5[0xfc]\[0xc][0xdd][0x86][0xa3]6[0x1c][0xb3][0xe1][0xb8][0x2](P[0x9b][0x83]A-[0xd2][0xe8]wG[0xa3]ZT[0xc1][0xb8][0xe5][0xfe][0x90]g[0xcb][\n]&quot;
2013-02-06 13:51:56,615 AAD-WS DEBUG wire:63 - &gt;&gt; &quot;-[0xea][0x89][0xf8][0xc2][0xb1]PD[0x81][0xad][0xc7][0xed]ac[0x87][0x82]y-[0x9e]P[0xa0]:[0x1a][0xf]VovouWo[0xd2][0xfc][0xe1][0xea][0xa8][0xe6][0x8e]x6U[0xaf]ihj[0xf2][0xf9][0xb5]&amp;cj[0xad][0x2]k[0xf][0xbb][\n]&quot;
2013-02-06 13:51:56,615 AAD-WS DEBUG wire:63 - &gt;&gt; &quot;ff][0xc2][0xb9][0x5][0xdd][0xa2][0xb3][0xdd][0xb7][0x93][0xb][0x94][0x95][\n]&quot;
2013-02-06 13:51:56,615 AAD-WS DEBUG wire:63 - &gt;&gt; &quot;[0xf2][0xe2]a[0xaf];&amp;[0x9d].[0xda][0x17][0xd4]-[0x8a][0xb6][0xf8][0x2][0xbe][0x18]E[0xcd][\n]&quot;
2013-02-06 13:51:56,616 AAD-WS DEBUG wire:63 - &gt;&gt; &quot;[0xc6]4[0x86][0x82][0xd1][0x98];[0x18][0xeb]p[0xfb][0xe3][0x9a][0x5]@[0xbd][0x82][0xb1][0xfa]&amp;k[0xdd][0xdd]~[0xcd][0xd8])?)P[0xb0]d[0xfd][0xf5][0xcd][0xd0]wou[0x7][0xdd][0xbd]Zd[0xf6]0[0xe7]i[0x9b][0xcd]TO[0xab]B~[0xaf][0x16][0xa5][0x9]yAm[0x9b][0xde][0xc8][0xef]NAS[0x9e]EA[0x6]0[0xcd]m[0x8d]k,[0x82][0xbc][0x82]\o&lt;[0x10][0xe0][0xea][0xb2],[0xab]ke[0xaa][0xd6][0x1d][0xef][0xa5][0xf2]:_[0xd0][0x17][0xbb]C[0xc1][0xdd][0xce][0xd1][0xf9][0xb4][0xda][0x1d]q[0x7][0xb4][0x98][0x16][0x89][0xd6]v[0x8d][0xd2][0xc8]y[0x1d]4[0xb3]1[0xe4]%[0x88][0xe3]Z|A[0xad]-[0x1e][0xe8][0xd6]&quot;:[0xb4][\n]&quot;
2013-02-06 13:51:56,616 AAD-WS DEBUG wire:63 - &gt;&gt; &quot;[0xec]wn[0xf7]h[0xe1][0x98][0x8f]![0xb0][0xe1][0x4][0x83]&apos;+[0xf5][0xe5]\[0xe4]l[0x96][0xb5][0x85][0xf1]`[0x86][0xb0]0[0xaa][0xc5]ZC^_[0x8f]O[0xf3][0xd2][0xf][0x8f]?[0x14][0xe5]6[0x16][0xa7]&gt;[0xd3][0xed][0xf1]h[0xd1][0xa8]9s[0x16][0x97]gG[0xa2][0xb0]W[0x8b][0xb5]i[0xdb][0xcc]53[0x9d][0xa3]X[0x92][0x1f]p[0x87][0xcd][0xf9][0xeb][0x9d][0xcd]7[0x98][0xb][0xd9][0xd4][0x88]?c[0xdc]^o[0xe6][0xd9]Y[0x9f]-H[0xb5]7j[0x8d]h[0x1b][0x1b][0xd1][0xe8]X{([0xa0]%[0xa1][0xe][0x84][0xb6]jkCM[0x91]P[0x90][0xe9]i[0xdf][0x16][0xf1][0xc5][0xb4][0x14][0xb6][0xa3][0xb1][0xbf] [0x9][0x14][0xf3][0xbd]2[0xdb][0x8a][0xd5][0x91][0x90][0x4][0xcf]4[0xa6][0xd8][0xd9][0xa2]O[0xf3][0xbb][0x83][0xbd][0xd5][0xed][0xb1][0x88]/[0xd8][0xab][0xcb][0xf3][0xeb]&lt;~3e[0xed][0xed][0xa1]x[0xc4][0xa3]5[0xe9][0xcc]0&gt;[0xd3][0xbd][0xf9][0xb2]TE[0x7]X[0xdc][0x89]&amp;[0x15]-R[0xb4]J[0xd1]&amp;[0xc5]*[0xac]V[0xb1][0xe]+T4b[0x85][\r]&apos;U$0[0xa8][0xa2][0x1][0xcb]U[0xc][0xe1][0x94][\r][0xa7]U[0xbc][0x81]32&apos;[0xac]b[0x19][0xee][0xb0][0xe1]M[0x15]o[0xe1][0xac][0x8a][0xaf][0xa0][0xde][0x86]s*~[0x1]ME;[0xd6][0xda][0xf0]K[0x15][0xbf][0xc2][0xdb]6[0xfc]Z[0xc5];[0xd8][0xa0][0xc2][0x8f][0x80][0x8a]f4)XxC[0xb1]P[0xb1][0x12]_[0x17][0xe3][0xcf][0xab][0xe8]A[0xaf][0x8a][0xdf][0x88][0xa1][0xbf][0x95][0xe2]wX[0xab][0xe2][0xdb][0xe2][0xd5][0x16][0xd1][0xb4][0x19][0x1b]l[0xb8][0xa0][0xe2][0xf7]xW[0xc5]&amp;[0xf8]T[0xbc][0x87][0xf7]U|[0x80][0xf]U[0xfc]A[0xfc][0xfc][0xa3]X11[0x8d]c[0xea][0xac][0x11]/m[0xab][0x16][0xd9][0x11][0xdb]D\[0xcb]D[0xbf][0xe6][0x15][0x95][0xf4][0xf6]O[0xb2][0xfd][0x9f]e[0xf5]_p[0xd1][0x86]K*&gt;[0x12][0x87][0xfe][0x8a][0xbf])[0xb8]ixH[0x96][0xc7]{z[0xb4]H[0x92][0xe6][0xcb]L[0x8f][0x96][0x96][0xa9][0xf8];&gt;[0xb6][0xe1][0x13][0x15][0x9f][0xca][0x9e][0x9f][0xe1]s[0x5]sF[0x85][0x86][0x82][0xa2][0xb4][0x92]U[0xdd][0x9b]5[0xf]S[0xaf]|t@[0xde][0x9a]t[0xd6][0x17][0xaa]n^[0x95][0xe1]l[0xf5][0xff]Im[0xbc]&amp;[0xc8][\n]&quot;
2013-02-06 13:51:56,617 AAD-WS DEBUG wire:63 - &gt;&gt; &quot;[0xcb][0xd3][0xd7][0x8][0xe9][0x85][0x17]E[0x1e][0x85][0xeb][0xd6][0xb4][0xd0]D[0xb2][0x84][0xbe]UP[0x8b]USBNP3[0xfb]L[0xd3]X[0xc8]@H[0xc1][0xa4][0xe4][0xe4][0xcc]T[0x1e][0xc9][0xa7][0xab]/?*[0xa7]Z[0x5][0xb][0x9c]W[0xab][0xec][0xca]~}[0xd6]f[0x5]=[0xa5][0x83]&apos;uK[0xf2]l[0x97]e[0xdb][0x97]H[0xf8][0xb5]`ol[0x93][0xe][0xc]o[0xd8][0xd2][0x91][0xb5][0x90]Z[0xa2]&amp;[0x9c][0x6][0xf7]+h[0x1f][0xe5]u[0x93][0x8d]&amp;S[0xa1]7n[0x19][0xf3][0xde][0x8][0x84][0xbc]=[0xbc][0x1b][0xba][0x8d]nFB[0xb5][0xef][0x88][0xc6][0xb4][0x0][0xdd]uG&quot;[0xee][0x1d][0x9e]P[0x98][0xae][0xbb]2[0x99][0xc6][0xc8]8[0xd2][0xe8][0xb5]&quot;[0xfd].[0xb2]F5M[0xbf][0x99]VJ//[0xa2][0xb9][0xbd][0xcd]L0[0xef][0x8][0xee]$[0x83][0x91][0x95]0[0xb3]_&lt;[0xd6]pD[0xdb][0xca]*[0xa8]mgF[0xe4]F[0xb4][0xa8][0xa6]? LP[0xf3]u[0x86]^[0x15][0xa7]l[0xce]([0xc][0x12][0xf][0xb2][0x9c][0xac][0x14]&apos;[0xf3][0xe5][0x12]6[0xda][0x8c][0xb9][0x16]a[0xbf][0xb8]%y[0xd4]V3[0xa3]c[0xcc]k[0xcd][0x1d][0xa0][0x8d]y[0xee]pX[0xb]zu[0xc2][0xbf][0x96][0xc1][0xaf][0x11][0x19][0xc]R[0x9b]qr3[0xb6][0xd3][0xb5][0xb2][0xe7]&apos;[0xc4]y[0x1e]J[0xe4][0x15]W1[0xd2][0x15]=[0xec][0xe1][0x88]2&gt;|[0x97][0xf0]E7[0x16]v[0xe1]q[0xb6]r[0x84][0xc2][0xf5][0x9a]t[0xaf][0xd7][0xbc][0x3]XO[0x90][0x9b][0x82][0x8f][0xa8][0xaf][0xea][0xb2][0xaf][0xf1]O[0xe][0xd7][0xdb][0xa4]c[0xbd]n1[0xfb][0xad]f[0xdd]f[0xd6][0xbc]MXO[0xc3]72[0xd6][0xaf][0xe1][0x9f][0xb7][0x83][0xde]^[0xa7][0xef]?[0x8e]c[0x1d][0xb8][0x8b][0xfd]o[0xf2][0xb5]V[0x8a]&lt;X)[0x1d]t[\r]Aq[0x15][0xd5]&apos;[0x90][0xe3][0xb2]$`[0x91][0xc2]*E[0xae]KI OZ6W[0x95][0xb4]J[0x12][0xc8]wU[0xc][0xa2][0xa0]/[0x1][0xbb]4[\n]&quot;
2013-02-06 13:51:56,617 AAD-WS DEBUG wire:77 - &gt;&gt; &quot;[0x7][0xa1][0xe]a[0x8c][0xeb]8[0xc6]J[0xaf]d[0x10][0xe3][0x12](r[0xb9]N[0xa2]h[0x10][0xe3]e[0xa4][0xea]4&amp;([0xbc][0xda]&amp;[0x1a][0xb2]I[0x5][0xfb][0x9e][0xc5][0xe4][0x92]~[0xbd]?[0xd1]2[0x88]b[0x99]&lt;q[0x10]7[0x99][0x8b]&amp;[0xb1][0xb2][0x7][0xf6]&amp;0Y[0x4][0x93][0xdf][0xc2][0x94][0x4][0xa6][0xba],g0[0xa5][0xd3][0xa5][0xc]a[0x9a][0xb1][0xdf][0x10][0x1c][0xc7] [0xf][0xce]N[0x96][0x1d](f[0xd9]D_n&apos;[0xc2]u&quot;
2013-02-06 13:51:56,618 AAD-WS DEBUG wire:63 - &gt;&gt; &quot;[0xf4]r[0x19]&amp;[0x11][0xe7][0xa9]D[0xb9][0x14][0xff][0xc2],[0xe2][0xe1]$[0x9a]UDq[0x11]ql [0x8a][0xab][0x89][0xe0]z[0xa2][0xa7][0x11][0xb9]8{[0xbb][0x88]\[0x1f][0xd1][0xda]O[0xbc][0xe][0x11][0xad][0x4]w[0xed][0xe2][0xae]V[0xea]X[0xcf][0xff][0xdd][0xd8][0xc0][0x92][0xa8][0xa1][0x9c][0xe8][0xe5][0xb0].[0xa4]yS[0x1d]5[0xd6][0x4]J[0xd2][0xa6][0xd8][0xf5][0xa1]N[0xd6]][0x94]l[0xbc][0xde]&quot;[0xcb][0xff]X[0xb4][0x81][0xf5]FJ[0xbe]5[0x82][0xa6][0xe9][0xc3][0x17][0xb9]YwS[0xc2][0xfb][0xd8][0x8]*[0xee][0xe1]G[0xa1][0x8c]4pQ~?[0x16]Z[0xea][0x6][0xe0]468[0x8f][0x12][0xa3]q[0x12][0xd3][0xfb][0x8d]([0xe9][0x9d]R[0xa2][0xbf]GQ[0x1c][0x82][0xf7][0xa1]+[0x17][0x8d]8[0xcc]H[0xab]*[0x85][0x8d]e[0xf][0xcb]^[0xc8][0x1d]3|[0x98][0xcf][0xf6][0xed][0xbc][0xfc][0xeb][0xf9][\n]&quot;
2013-02-06 13:51:56,618 AAD-WS DEBUG wire:63 - &gt;&gt; &quot;[0xc8][0xc4][0xa9][0x1b][0x1e][0xd3][0x90][0x10][0xb3]K[0xc]iL*/t9[0x86]P6[0x80][\n]&quot;
2013-02-06 13:51:56,619 AAD-WS DEBUG wire:63 - &gt;&gt; &quot;[\n]&quot;
2013-02-06 13:51:56,619 AAD-WS DEBUG wire:63 - &gt;&gt; &quot;,E[0xf5][0x87]1[0xdd][0xe5]H[0x85][0x95][0xb2][0xbc]dd[0x7][0x98]d[0x9c]zs[0xca][0xbe][0xa3])S[0xa6]qS[0xd9][0xba][0x0]a[0x8c][0xa7][0xaf][0xd3][0x10][0xc1]m[0x88][0xd1][0x94]x[0xca][0xc]&apos;[0xff]^[0x6][0xd6]0[0xe3][0xb][0x9a]-[0x9f]SO\[0x95]^u[0xba][0xb3]V[0xef][0x8b][0x98]/[0x8d][0xf1]D[0x90][0x99][0xd6]*[0x1a]-[0x95][0x16][0x11][0x9d][0xc2]LW[0xa5][0xa4]^[0xa7]9.[0x19]i[0x1a]&gt;/emk[0xa5]CR[0xb8]R[0xf2][0xb7]2[0xed][0xcd][0x10]f[\r]`[0x8a]$[0xb6]#3[0xc3][0xaf][0xe3][0xd4][0x1d][0xcc]X`&apos;[0xf9][0xe1]^~[0xfe][0xee][0xc2]l[0xdc][0x87][0x1a]~[0x9d]/[0xc6]n[0xf2][0xc2][0x3][0xcc][0xd6]&gt;f[0xe3][0x83][0xc4][0xf7]![0x6]z/]~[0x84][0xb3][0x1f][0xc5][0xfd]x[0x8c][0x92][0xc7]3[0x1c][0xcf][0x91][0xc7][0x9a][0xe9]x#r[0xf5][0xd3]=C[0x1c][0x17][0xaf][0x1d]}[0xbe]A[0xcc][0x96]^[0xd5])[0xcc][0xb9][0xcb]U[0xe5][0xa8][0xa4][0x9d][0xe9]0O[0xd0][0xa7][0xef][0xa7][0x19]Oc2[0x9e]a[0xd8][0xfb]3B[0x9b]#[0x8f];31[0xbb]([0x93][0xb9][0x82][0xdd][0xd4][0x92][0xaa][0xf6][0xaa][0x8a][0x4]J[0xa5]][0xc5]&quot;[0xb7]+[0x81][0xb9]5d[0x8a]r[0xa1][0x8b]\[0xc1][0xcf]b%z[0x96]c[0xc3][0xa2][0xf8]&lt;#s[0x80][0x9]u[0x90][0x9a][0xe][0xf1][0x90][0x1e][0xe6][0x1]}[0x81]z[0xf8][0xa2]4[0x9][0xaa][0xcd][0xd4][0xf3]%[0xb7][0xb5].[0x1b] [0x9b][0x88]&gt;[0x82]W[0xbe],[0xd9]&quot;[0x93][0x14]JV[0xe7][0x1e][0xbc][0xf2][0xcf][0xc][0xd9][0x98]3pvN[0x98]7[0x4][0xd7][0xb9][0xa4]4[0x95][0xf2]%f[0xca][0x1b][0x96]y[0x85][0xf0][0x92][0xd2]6[0xd9][0xca]z[0x90][0xe4][0x94][0xd2]D*[0x1c][0xc0]*CE[0x86]|.][0x1b][0xc0]b[0xe9][0xa6][0xa6][0xd6]d[0xc][0xce][0xcd][0x1c][0x99][[0x93][0xb1]][0xb9][0xd1][0x1e][0xe4]9p[0x18][0xcd]*[0xe6][0xbc][0xde]R[0xda][0xd3][0x18][0xad]![0x85][0x1][0x3][0xc][0xe2][0x11][0xe4][0xe3]%F[0xe7][0x8][0xe6][0xe2]e&amp;[0xc6]+[0xa4][0xb8]WIg[0xaf][0x91][0xa6]^&apos;][0x1c]e\[0x8e][0xf3],[0x9c]`[0xba][0x9c][0xc4][0xc3][0xa4][0xae]~[0x9c]b[0xef]4_[0xe2]gp[0x11]o[0xe2][0x1f]8[0x8b][0xcb]8wU[0xa2]lI[0xd1][0xcc]%[0x93]1[0x9e]r[0x18][0xce][0xd7][0xa4][0x88]A[0x9c]7[0xda][0xe2]~[0xda][0xa9][0xdc][0x1a][0x87][0xf8][0xe1][0xd0]1[0xd8]([0xcb]r[0xf][0xa0]#[0xe9][0xb1]#[0x85][0x85]c[0x18][0x16][0x8e][0x14][0x16][0x8e][0xc],F[0xd8]=[\r]G[\r][0x13][0x5]x[0x9b]P[0xbc]C[0xb6]?[0x8f][0x99][0xfc]&quot;[0xa9][0xe6][0x7][0xc9]b\ [0xcb][0xbf][0xcb]9[0xef]![0x8a][0xf7]yj&gt;[0xe0][0xc9][0xf8][0x10]O[0xf2][0xbb]C[0x91][0xcf] [0xf3]4,%[0x90][0xe2][0xe4][0xb4][0xe4]i[0xa8]8[0x89]J[0xfd]@T[0x18][0xc4]P[0x95][0xd6]5V&apos;[0x8c][0x8b]$[0x98]K[0xbc]C&gt;[0xba][0x8a][0xdf][0x82]$[0x9f]$[0xd1]Z[0xf5]4n[0xc8]$[0x96][0x86][0x14]3,[0x15][0xe4][0x8a][\n]&quot;
2013-02-06 13:51:56,620 AAD-WS DEBUG wire:63 - &gt;&gt; &quot;[0xa8][0xc0][0xb2][0x88]([0x15][0xeb]j[0xa6]Zy[0xf2]Nc~[0xe][0xf6][0xe4]*[0xc5][0xb9]}e[0xfb][0x9e][0xbb]ry8[0xd1]~[0x8c]1[0xf8][0x84]D[0xf0])[0x1f][0xe][0x9f]1[0xe6][0x9f]c![0xeb]z2Y[0xe6]i[0xe4]W[0xa1][0x19][0xbf][0x6]3~B-[0xb6]~[0x94][0x1c]G[0xf5][0x19][0xdc][0xd2]9[0x84][&apos;0[0xcb][0x16][0xf0]^^0[0x88][0xdb][0x6][0xb1]p[0xb8][0x87][0x97][0xa9][0xee]K*[0xf9]7Q[0xbd][0x87][0x17][0x88][0xb1][0xdd][0xc][0xd6][0xf2][0xb3][0x9d][0xc2][0xa2][0x13][0x18][0x9b]^[0x94][0xa7][0xf][0xcc][0xa6][0xae][0x88][0xfe][0xa4][0x88][0xa2]Vg[0x8d][0x1c][0xb2][0xef]b}[0xc9][0x14][0xd6]u[0xc8][0xf9]/PK[0x7][0x8]U$t[0xd8][0x8a][0x9][0x0][0x0][0x9b][0x14][0x0][0x0]PK[0x3][0x4][0x14][0x0][0x8][0x0][0x8][0x0][0xd4]|D5[0x0][0x0][0x0][0x0][0x0][0x0][0x0][0x0][0x0][0x0][0x0][0x0]-[0x0][0x0][0x0]com/sun/java/help/search/RAFFileFactory.class[0x95]V[W[0x13]W[0x14][0xfe][0xe][0x84]L[0x18][0x7][0x85][0xe0][0xa5][0x88]J[0xb4][0xa8]![0x1]RP[0xab][0x5][0xea]-HK[\r][0xc1][0x2][0xa2][0xc1][0xb6]:[0xc]&apos;[0xc9][0xd8]d[0x6]g&amp;^z[0xb1]W/[0xb5][0xad][0xd5][0xfa][0xd4][0xd5][0x87]&gt;u[0xf9][0xd2][0x7][0xd4][0x16]Xe[0xb5]&gt;[0xba]VTW[0xf7][0x99][0x9][0x90][0x4]XRX[0x9c]3g[0x9f][0xbd][0xf7][0xf9][0xf6][0xb7][0xf7][0xd9][0x87][0xfe][0xfd][0xf3]oT[0xa3][0x3][0x8f]d[0xb4] )aX[0xc2][0x19][0x19][0xef]bD&amp;[0xf1][0xa8][0x8c]([0xc6]jQ[0x8b][0xb3]b[0x18][0x97]pN[0xa6]yL[0xc6]y[0xa4][0x2][0x98][0x90]q[0x1][0xef][0x9][0xc9][0xfb]B[0xf2][0x81][0x8c][0x8b][0xb8]$A[0x95][0xd1][0x80]I[0x9][0x9a][0x8c]F[0x8c][0x5]0%f.[0x86][0xb4][0xd0][0xcd]H[0xc8][0x8a]Y[0x97]pY[0x98][0x91][0xb0]Y[0x9c]t[0x1e][0x1f]J[0xc8][0x89]s[0xf2][0x1][0x18]B[0xc3][0xc]`Z[0xc0][0xba]&quot;[0xc3][0x82]-[0xc1][0x91]P[0x90]pUF[0x18][0xd7][0x2][0xb8].[0xe1][0x6][0x83][0xec]d[0xf9][0x80][0xaa]9[0xa6]E[0x8b][0xb6][0x84]f[0xe6]cv[0xc1][0x88]]V[0xaf][0xaa][0xb1],[0xcf]M[0xc7]l[0xae]ZZ66rb`@[0xcf]-[0xaa][0xf6]2[0xd4][0xe7]y[0x9e][0xbe][0xe2][0xaa][0x96][0xe5][0x9]=[0xaf];[0xc]l[0x90][0xa1]f[0x8a]O[0x16]2[0xf4]=[0xc1]P[0x17]7[\r][0xdb]Q[\r]g\[0xcd][0x15]x5[0xe8][0x87]a[0x87][0x96]Sm[0xbb]U[0x1c][0xd0]jp[0xa7][0xf5][0xec]H[0x82][0xd4][0xc][0xae]9[0xba]i04$[0xdc][0xa3]s[0xaa][0x91][0x89][0xc5][0x85]&amp;[0x1d]U;z[0xc3] [0x98][0x8e][0xae]1[0xf8][0xfb]tCw[0x8e]2T[0x87][0xdb][0xc6][0x19]|qs[0x8a]3lJ[0xe8][0x6]O[0x16][0xf2][0x93][0xdc][0x1a]S&apos;s$[0xf1]k[0x16]W[0x1d][0xfa][0x88][0x86][0xff]OT[0xb5][0xba]-[0x4][0x4][0x8a][0xa0][0x84]=,[0x84]2F[0x82][0xde]6[\n]&quot;
2013-02-06 13:51:56,620 AAD-WS DEBUG wire:63 - &gt;&gt; &quot;[0xa9]1[0xc3][0x9d][0xa1][0x15][0x81][0x13][0x16][\n]&quot;
2013-02-06 13:51:56,621 AAD-WS DEBUG wire:63 - &gt;&gt; &quot;[0xbd][0xd1]^m[0xcf][0x17][0x1e][0x14]@[0xab][0xc9][0x90][0xe1]@[0x85][0xcb][0x89][0x97]c#P[0xf2][0xa9][0xeb][0x1a][0x9f][0x16][0xfc]P[0x12]?b[0x8]z[0xb1]%LM[0xcd][0x15][0xb5][0x18][0xba]+[0xd1][0xae][0xc7][0xf3][0x96]p[0x9][0xdd][0xa3][0x8e][0xa5][0x1b][0x99]^[0x81][0xd6][0xef]%[0x89]a[0xef]j[\n]&quot;
2013-02-06 13:51:56,621 AAD-WS DEBUG wire:63 - &gt;&gt; &quot;[0xab][0xa4]H[0x1e]5[0xb][0x96][0xc6]=([0x8d][0xe5][0xb4]v[\n]&quot;
2013-02-06 13:51:56,621 AAD-WS DEBUG wire:63 - &gt;&gt; &quot;u[0x5][0x1f][0xe3]4C[0xa8][0xc2]4i:[0x3]f[0xc1][0x98]Z[0x8a][0x90]a[0xd7][0xb2]J[0xd2]t[0x95][0xfa]y[0xda]S[0xb2],[0xd3][0x92][0xf0][0x89][0x82]OqS[0xc1]a[0xc][0x8a][0xe1][0x88][0x82]N[0xc4][0x14][0xb4][0xa3][0x83]a[0xff]:S-[0xe1]3[0x5][0x9f][0xe3]&amp;[0xe5]&apos;MR[0x9]_([0xf8][0x12]_)x[0x13]G[0x15]|[0x8d][0x9b][0x12]n)[0xb8][0x8d];[0x4][0xf9]e.[0x5][0x88][0xbb][0xc][+[0x89]:YH[0xa7][0xb9][0xc5][0xd0]:&lt;[0xcd][\r]&gt;[0x15][0xea][0xd7]5&apos;$N[0xb]][0xd3][0x9d][0xac][0xf7]5m[0x99][0x8e][0xa9][0x99][0xb9][0x1e][0x5][0xdf][0xe0][0x9e][0x82]oE`[0xaf][0x81][0xaa][0xa9][0xb9][0xc4][0x1d][0xd7][\n]&quot;
2013-02-06 13:51:56,622 AAD-WS DEBUG wire:63 - &gt;&gt; &quot;[0x96][0xee][0xdc]X&quot;I[0xc1][x[0x9b]a[0xa7][0xab][0xa2][0x9b]1[0x81]b[0x5][0x93][\n]&quot;
2013-02-06 13:51:56,623 AAD-WS DEBUG wire:63 - &gt;&gt; &quot;[0xbe][0xc3][0xf7]t5*[0x18]Wp[0x10][0x87][0x8a]h;[0xa9]X:[0xcb].[0xa0][0x82]wD[0x9a][0xea][0xa8]Z[0xcf]p+[0xaf][0xdb][0xb6]+[0xbc][0x8f][0x1f]$&lt;P[0x10][0xc7][0xc3]2dIs[0xb4][0xa0]e[0x87][0xb8][0x93]5[0xbd][0xec]0[0xb4][0xac][0xb1][0xbb][0x9c][0xe0]}k[0x12][0xea][0xdd][0x9e][0x12]Z[0xa4] [0x5]{[0xc4]fH-!P7B[0x9e].[0xf5][0xa1][0xe5][0xf3][0x86]&apos;/S[0x14]T[0x8b][0xbc][0xc][0xe][0x97][0x1c]+[0xa5]M+[0xa9][0xe6][0xf9][0xe2][0xbe]k2[0x96][0xb5][0xcc]k^[0xc7][0x90][0xdd][0xab]m[0xdb]j[0x86][0x16][0x9b][0xc3]m+[0xb][0x9f]A)[0xbd]b[0xc][0x1b][0x4]M[0xc5][0xc][0x96]![0xf1][0xc]H[0xc4][0xaf][0x14][0xd4][0x9c]=[0x98]1L[0x8b][0xc7]U[0x9b][0xaf]q[0xe5][0xa8][0xb3]H[0xe4][0xcb][0xbb]&gt;{[0xd6][0xe4][0xe7][0xac][0xa3][0xe7]tG[0xe7]6[0xa1]%[0x0][0xfd]\[0xa3][0xee]G[0x9c][0xef]{[0xc9]-][0xc2][0xbf]u[0x15][0xc5][0x9][0xf7][0xc2][0xab][0xd3]D[0xf3][0x14]C[0xfb][0xba]\y[0xa5]M[0xe][0x3][0x8e][0xb9][0x18][0xeb]F[0x93]&lt;[0x94][0xb6][0xf2][0xed][0x8b][0x1c][0x16][0xf9]Z[0xde][0x13][0x8d][0xd6]e[T[0x6][0xc3][0xf1]U[0xce][0xbc][0xb0][0xa2][0xc9][0x94][0xa2][0xb0]x:G[0xae]b[0x9e][0x7]r[0x17]][0xe7][0xbd][0x1f]6[0xba][0xba][0x19][0xfa][0xc2]k[0x1][W[0xd7]l^[0xdb]|[0x1c]!zx[0xa3][0xf4][0xd2][0xf9][0x10][0x10]-[0x89][0xbe][0xaa]D[0xa2]y;][0xec].z[0x1][0xbb]][0xd9][0x1][0xda][0xa7][0x9b]H[0xeb][0xd7][0xc5][0xc3]HVU[0xa2][0x99][0xd1][0xfa][\r]Z[0xb5][0xd3][0x8a][0xd1][0xac]D[0xe6][0xe0][0x8f]4[0xec][0xaf][0xff][0x3][0xd2][0x13][0xf7][0xfd][0xec][0xa1]q#[0xc4]c[0x1a][0xa5]3[0x8e]`[0x3][0xe9][0xb6][0xa1][0x17]}E[0xcb][0x83]d)~6?E[0xe0][0x5][0xea][0x16]P[0x9b][0x9a][0x83][0xfc][0xc][0x1]Z[0xcf]Tx[0xe8][0x82][0x9f][0xd0][0xd4][0xbb]6[0xd4][0xf8][0x8a][0x1e][0xf6][0xd0]J[0xf8][0x90][0xa3][0xb3][0xd8][0x10]TfQ[0xf7][0xdb][0x92][0x9d][0xdf]E[0xd5]K[0xe3]1[0x1c]/[0xea][0xef][0xa4]YHk&quot;[0xbf]C[0xaa]T=F[0xe3][0x9][0x9c][0xac]p[0xed][0x8f]4[0x97][0x5]$[0xbb][0xd2]8j[0xd0][0x8f][0xdd]4[0xf7][0xd3]Z[0xe8][0xff]J![0xd6][0xd0][0x9c]b[0xc9]Ht[0xe][0x1b][0xc2]a[0x2][0xb5][0xa9][0xc7][0xd7][0xe4][0x9b]G}[0x8f]o[0x1][\r][0xa9]&amp;[0xdf][0x8e]9[0x4][0x93][0xb]h[0xa4]@7[0x7][0xb7][0xcc]bk[0x93][0x8f][0x86]Yl[0x9b][0xc7]+[0x8f]Q[0xd3][0xe3][0xeb]x[0x81]@t[0x1e][0xdb][0x93][0xf4][0xb1]i[0x1][0xcd])rBF;[0x9f]w[0xcc][0x10][0x0][0x99][0x8e][0xea]CS[0x11]J7[0x14][0x1a][0x7][0x9][0xc0]i[0xda][0x19]&quot;vF[0xb0][\r])[0x82]&gt;Az[0x17][0x88][0xa5][0x8b][0x14][0xce]%[0xea][0xc0][0x93][0xa4][0xa1][0xe1][0x1c]8N[0xb9][0xf9]f[0x18] [0xb][0xea][0xcc]E[0xf0]?[0x13][0xc7][0x2][0xfc]i[0x96][0x88][0xcc]b[0xd7]P[0xf5]_hI&gt;E[0x88]0[0x4]w[0xcf]cO[0xea][0x19]B[0x8f][0xe1]&apos;I[0xf0][0xd5][0x8e]Y[0xb4][0xf6][0xf8][0xda][0xe7][0xb1]7[0xf1][0x18][0xb5]I[0x17]u[0xf4][0x5][0x1a][0x16][0x10]N[0xb5][0xcf][0xd1]?f[0xc1][0x8][0x5][0x13][0x9d]![0xd7][0x12][0x95]S[0x17][0xf6][0xb9][0xf3]![0xec]/[0xc2][0xee][0xa4]B[0x0][0xfd][0x9b]W[0x5][0x9b]vnA&lt;^m[0xb8]C[0xf2][0xbb][0x14][0xd2]=*[0xad][0xfb][0x94][0xb6][0x7][0xc4][0xec]C[\n]&quot;
2013-02-06 13:51:56,624 AAD-WS DEBUG wire:63 - &gt;&gt; &quot;[0xee]Q[0x19]dzo[0x8a][0xf9]ir3BO*[0xd2][0xf8][0xb]U+[0xbd][0xc][0xc5][0xc8][0xba])2[0x91]0[0x1][0x8a][0xcd]$[0x16]P-[0x18][0xf5][0xcd][0xa1][0xe6][0xb9]W[0x9][0xf4][Uf[0xbb]X[0xe5][0xc][0x9][0xb7][0xfa][0x87][0xfe][0x3]PK[0x7][0x8][0xdd][0x6][0x89][0xaf][0x8d][0x5][0x0][0x0]9[0xb][0x0][0x0]PK[0x3][0x4][0x14][0x0][0x8][0x0][0x8][0x0][0xd4]|D5[0x0][0x0][0x0][0x0][0x0][0x0][0x0][0x0][0x0][0x0][0x0][0x0]5[0x0][0x0][0x0]com/sun/java/help/search/BlockManagerParameters.class[0x85]TkW[0x1a]W[0x14][0xdd][0x17][0x90][0x81][0xc9]D[0x8d][0x1a][0x1b]_[0x95][0xd8][0x17][0x8c](I[0x9a][0x9a]V[0xa3]i|[0x86][0x6]S#1[0xad][0xf6][0x91][0xe]pEZ[0x98]a[\r]C_[0xff]$[0xff][0xc1][0xf]mW[0x82]k[0xb5]k[0xf5][0x7][0xf4]Guu[0xdf][0x1][0x5][0x9][0xac]~[0x98]s[0xce]=[0xf7][0x9c]}[0xcf]c[0xaf][0xf9][0xe7][0xdf]?[0xff]F[0x10][0xb]([0xea][0x98][0xc2][0xc7]QL[0xe2][0x13][0x1d][0xcb]XQ[0xd6]}[0x1d][0xab]X[0xd3]i=P[0xb7][0x9f]F[0xf0]P[0xe9]uu[0xb7][0x11][0xc1][0xa6][0xd2][[0x1a][0xb6]u\[0xc5]N[0x4][0x8f][0x94]N+[0xf1]Y[0x4][0x8f]#[0xc8](sMe[0xec]*[0xb1][0x13][0xc5][0x13]|[0x1e][0xc1][0x9e][0x8e][0xa7][0xd8][0xd7][0x90][0xd5][0xf0]L Xw[0xcb][0x2][0x83][0x99][0xef][0xad][0x1f][0xad][0x94]-[0xbd][0xd4][0xc1]~fE [0x9a]+;[0xf9][0x1f][0xb2][0xa5]_[0xa5][0x80]H[0xb][0x84]\[0xc7][0xf1][0x4][0x6][\n]&quot;
2013-02-06 13:51:56,624 AAD-WS DEBUG wire:63 - &gt;&gt; &quot;2W/[0xd2]u$[0x10][0xbe]_[0xb2]K[0xde][0x9a][0xc0]R&lt;[0x93]w*[0xa9]Z[0xdd]N[0xf9](&apos;[0xb2]\M[0xd5][0xa4][0xe5][0xe6]OR[0xd9][0xfc][0x89][0xac]X+M[0xf8][0xb2]e[0x17]SY[0xcf]-[0xd9][0xc5][0x95][0xc4]s[0x82]n8[0x5][0xe2][0xf]eJ[0xb6]|R[0xaf][0xe4][0xa4][0xfb][0xcc][0xca][0x95][0xe9][0xd1][0xb7]~[0xce][0xcb][0xaa]Wr[0xec][0x9a][0x86][0x3]V[0xe3]J[0xab][0x90][0xf5],[0x8f]w[0xc1]x[0x82][0x8f][0x1b][0xf5]j[0x81][0xc7]&amp;[0xbc][0xc0][0xf5]x[0xef][0x17]F[0xe3][0x97][0x1b]K[0xa7][0x95]7\[0x94][0x1e]O[0x2][0xc3][0xf1]Dw[0xe3][0x6][0xef][0xd6][0xdb][0xbd][0xf3]5vo[0xd4].9Cq[0x1f]f[0x88][0xa1][0xfb][0x1c][0xcb][0x9e]S+[0xa9]Z[0x5][0xb4]Z[0xd3][0xc3][0xe][0xb2]N[0xdd][0xcd][0xcb][0xed][0x92]jg[0xca][0xcf][0xdd][0xb5]l[0xab]([0xdd]=[0xcb][0xb5]*[0xd2][0x93]nmQ=m[0xe0][0x1d][0xbc]k[0xe0]&amp;[0xe6]4&lt;7[0xb0][0x88]/[0xc]LcF[0xc3][0x97][0x6][0xe]q[0xa4]n[0x92][0x6][0xbe][0x82])[0x10][0xc8][0xd5][0xc]|[0x8d]o[0xc][0xbc][0x8d]Y[0x1e]][0xcf]@LY[0xe3][0xdd][0xbd][0xaf][0xd7][0x8f][0x8f][0xa5][0xab][0xa0][0xbf]e[0xb][0xb9][0xda][0xaa][0x81][0x17][0xf8]N[0x9][0xce]*[0x14]s[0xbd]U[0xd6][0x1a];.[0xaf].[0xdc][0x8e][0x19][0x98]GRC[0xce]@[0x1e][0x5][0x81]I[0xbf][0xd6]X[0xab][0xd8]X[0xbb][0xda][0xe5][0x98][0x6]i[0xe0][0x18]I[0x81]T[0xdf]}[0xf7][0xee]T [0xd1]7cs[0x9d]q^g[0xec]h[0xbb][0x9d][0xb][0x1e][0x8][0xcc][0xfe][0xf][0xc7][0x4][0xe6]z[0x91][0xe0][0x8d][0xfd]v[0x9e][0x5]&quot;[0x9e][0xd3][0x8c][0x14][0x18];&apos;Cg&gt;[0xb7]\[0xbd]([0xed][0xb1][0xed][0xfc][0xc4]J[0x86]K[0xb6]&apos;;[0xfb][0xeb][0xc3][0xbf][0xb4]O[0x1f][0xc5]7[0xab]Z[0x95]6[0x87][0x9b][0xec]_[0xe1][0x1b][0xdb][0xe3][0xd3]S[0xe4]Y[0xff][0xdb][0xe1][0x8e][0x9b]_j[0x9e][0xac][0xf0]9[0xe9][0xaa]b[0x9a]9%&apos;[0xb5][0xc7][0x4][0x8f]i[0xd2][0xaa][0xac][0x9c][0xcf][0xf5][0xb2][0x9b]&lt;[0xa8][0xaa]S[0xd9]&amp;[0x95]&amp;[0xf9][0x97][0x0]B[0x8]([0x6][0xd2][\n]&quot;
2013-02-06 13:51:56,625 AAD-WS DEBUG wire:63 - &gt;&gt; &quot;([0xa2][0xf9][0x9e][0x98][0xaf][0x3][0x8a][0xa6][0xd4]:[0x84]b-[0xcf][0xef][0xf1][0xf4][0x88][0xff][0xaf] u[0xcc][0x9c]O[0x9e]A[0x98][0xc1][0xd7][0x8][0xd0]l[0x80]F[0xc8]4_![0xd4][0xc0][0xc0][0x19][0xc2][0xbf]3F[0xe0]}[0xca]q[0xc]P[0xce]#LB^A[0x12]c[0xfc][0xff][0xcd][0x92][0xfa][0x1f][0xf8]o[0x9][0xc4][0xf9]%`R*[0xfc][0x1d][0xa2][0xb][0xea]Y[0xb3][0x1][0xed]%&amp;Ls$[0xd2]@[0xf4]5tZW|[0xcb][0x8][0x9d][0x6]O[0xbb][0xe0][0xef]@[0xc3]]\[0xc3][0x12][0x9b][0xba][0xc7]v[0x96]yK[0xa6][0xb7]@3[0x4][\r]P[0xdf]2[0xff][0xc2][0xd5][0xc3]3[0xc][0x8e][0xc]50[0xcc]b[0xf5][0x6][0xae][0x8d][0x8c]4mC[0xd9][0xa3][0xb4][0xe7][0xf9]50v[0x86][0xeb][0xed]&amp;t?[\r])&lt;[0xf0][0xc7][0xb1][0xd0]B[0xde][0xa2]?D=a[0x9e]a[0xbc]5[0xc]5[0x88]iU[0xf0][0xc]kmCLr[0x2][0xc0]:[0xc3]_ [0x8a][\r][0xc]b[0x13][0xa3][0x4][0xb8][0x81]mF,[0x12][0xba][0x9]9C[0xad]&amp;0[0xa0][0x86][0xf9][0xdb]Ez[0xd8]w[0xa6])o[0xe1]v[0x8f]P[0xfd][0xb4]+t[0x97][0xf2][0xe]&gt;l[0x85][0xce][0xb1]P[0xd5]B[0xd8][0x9c]bi[0xdd][0x8d]=[0xe5][0x10][0xf7][0xe9][0xb9][0xdb][0x13][0xda][0xe8][0x86]&gt;[0xa0][0xfc][0xa8]7[0xb4][0xd1][\r]}H[0xe8]#[0x9f]L[0xe7][0xdb]x[0xd8][0xda][0xc6]MB[0x7]^b[0xfa][0xf][0xbc]u[0xbe][0x96][0x1b][0xed][0xf1]70[0xd1][0x86][0x1a][0xf4]9gq[0xc9]9[0xb2][0xb3]@[0xef][0x92][0xcf][0xd0]{[0xff][0x1]PK[0x7][0x8][0x8f]T[0x91][0xce][0xbb][0x3][0x0][0x0]R[0x7][0x0][0x0]PK[0x3][0x4][0x14][0x0][0x8][0x0][0x8][0x0][0xd4]|D5[0x0][0x0][0x0][0x0][0x0][0x0][0x0][0x0][0x0][0x0][0x0][0x0]/[0x0][0x0][0x0]com/sun/java/help/search/DBPartParameters.class[0x85]TYO[0x13]Q[0x18]=[0xb7][0xb]C[0x87][0x81][0x2][0xa5][0x80][0xb] k7`\qC1n[0x91][0xd8][0xa0][0xb1][0xea][0x83]/d(7[0xed][0x90]v[0xda][0xcc]L[0xd5][0xe4][0x8b][0xf][0x9a][0x8][0x1a][0x1f][0x8c]O&gt;[0xf8][0xa3][0x8c][0xe7]N[[0x8a][0xb5][\r][0xf]s[0x97][0xef][0x9e][0xf3][0x9d][0xef][0xbb]gf~[0xff][0xf9][0xfe][0x3]a[0xac]aK[0x87][0x81][0xa5][0x18][0x86][0xb0][0xac][0x86][0x15][0x1d])[0xa4][0xd5]*[0xa3]VY[0x1d]9[0xac]jX[0xd3][0xb1][0xe]SE.j[0xb8][0xa4][0xe1][0xb2][0x80][0xb6][0xeb][0x15][0xcb][0xb2]j[0x9][0xcc][0xe7][0x8b][0xb5][0xaa][0xe9]5[0x1c][0xf3][0xc0]zk[0x99]eY[0xa9][0x9b][0x9e][0xb4][0xdc]b[0xd9],[0x4][0x90][0xdb][0x2][0xb1][0xdd][0xba][0xe5][0xfa];VU[\n]&quot;
2013-02-06 13:51:56,625 AAD-WS DEBUG wire:63 - &gt;&gt; &quot;[0x8c][0xe7][0x3]\[0xc5]rJf[0xc1]wm[0xa7]D[0xc0][0x90][0x2][0xf0][0xd8][0x97][0xae]&apos;[0x90]lB[0x1a][0xbe]]1[0x9f]X^[0xd9][0xb7][0xf6]*[0x92][0xa8][0x81]M[0xdb][0xb1][0xfd][0xbb][0x2][0xe1]t[0xe6][0xb5]@[0xe4]Am[0x9f][0x9][0xe3]y[0xdb][0x91];[0x8d][0xea][0x9e]t_*[0xa0][0xc0]F[0xfa][0xd4][0x9a][0xfe]/Be[0x8c]w[0xaa]x[0xea][0xd4][0xde]9[0x81][0xd2][0x1b][0x1][0xa3]Q[0xdf][0xb7]|Yh[0xb5][0x9c]L[0xf7][0xa6][0x8f][0xda][0x8e]/K[0xd2]}[0xde][0xce][0xd2][0x7][0xba][0xcd]VJ[0xd2][0xf5]&quot;ON:[0xd3]D8[0xd2]7[0x19]a[0x9b][0xfa][0xa3][0xf7]EY[0xf7][0xed][0x9a][0xe3]i[0xb8][0xc2]}[0xa1][0xd6]p[0x8b][0xf2][0xb1][0xad]zK&gt;[0xbc][0xcf][0xf4][0xfe][0xb1][0x84][0xb7][0xae][0xd8][0x6][0x12][0x98]00[0x8c][0x11][0x3]q[0x8c]j[0xb8]j[0xe0][0x1a]6[0xc][0x8c]a[0xdc][0xc0]u[0xdc][0xd0]p[0xd3][0xc0]-0[0xfb]hw=[0x1a]6[\r][0xdc][0xc1][0x8c][0x81]Y[0xf0]n3}[0xaf][0xae][[0xf9][0x9f]\[0xcf][0xf6][0xe]d[0xd1][0x17]HtB[0xc7]m[0x8][0xcc][0x9d][0xe2][0x7][0x9b]&lt;[0xf9][0x2]dz[0xdd]Z[0xbf][0x97][0xa2][0xe9][0x8d]@[0xaa][0x7][0xa9][0xb7]O[0x89][0x1e][0x99]h5-[0x11]X9[0x99][0xa5][0xd9]T[[0xfa]dH`[0xac][0x13][0xdb]n[0xda].0[0xc8]&amp;&lt;[0xc9][0xad][0xc0]B[0xff][0x16][0xda]Nc[0x9e][0x1f][0x9a][0x1][0xf0]K[0x8c]([0xeb][0xb8][\n]&quot;
2013-02-06 13:51:56,626 AAD-WS DEBUG wire:77 - &gt;&gt; &quot;)[0xf7][0x82][0x99][0xc6]q[0x1e][0xe0][0x9][0x9d][0x5]}[0xe7]n[0x86][0xb3][0xe0][0x1c][0xcd]~[0x85][0xf8][0xcc][0x85][0xc0]d[0x0]R[0xc1]1&quot;
2013-02-06 13:51:56,626 AAD-WS DEBUG wire:63 - &gt;&gt; &quot;[0x8e][0x9]L[0xb5][0xa0][0xf7][0x98]4[0xcc]yZA[0xb3][0xb9]C[0x84][0xb2][0xab][0x87][0x8]gs[0xab]G[0x88][0x1c]&quot;[0xda]aO&quot;[0xca]q[0x82]BI[0xc4][0xb8][0x1b]a[0x8e])Ls?[0x8d]3[0xad]l[0xcb]-[0xe1][0xe1][0xec][0x17]DA[0x8b]|@$[0xfc][0xb1][0xab][0x80]s[0xa4][0x9c][0xe5][0xd8][0xa4]d([0x1f]jQB|[0xc2][0xb9]#[0xc]tT[0xf5][0xe0]p[0x8e][0xed]_`[0xe4]|[0xd0][0x9a][0xa2][0xa5][0x18]W&apos;q[0xa5]D[0x8a][0xf6][0x13][0x83][0xdf][0x10][0xeb][0xd6]Z[0xe4]8Kz( -qVQ[0xa3][0xad]u[0x4][0xfd]S[0x17]#E![0xb0]B[0xfe][0xb0][0xf8],[0x4]w[0xbc][0xf8][0x17]PK[0x7][0x8][0xae][0x1c]?[0xe1]u[0x2][0x0][0x0][0x8][0x5][0x0][0x0]PK[0x3][0x4][0x14][0x0][0x8][0x0][0x8][0x0][0xd4]|D5[0x0][0x0][0x0][0x0][0x0][0x0][0x0][0x0][0x0][0x0][0x0][0x0]%[0x0][0x0][0x0]com/sun/java/help/search/Schema.class[0x8d]W[0x9]xTW[0x15][0xfe][0x1f][0x99][0xcc]{y&lt; [0x1d][0x96][0x2]%0[0x5][\n]&quot;
2013-02-06 13:51:56,627 AAD-WS DEBUG wire:63 - &gt;&gt; &quot;!![0xc]T[0xcb][0x12][0x96][0x2]i[0x2])Y[0x90][0x4]h(J[0x1f]3/[0xc9][0xc0]d&amp;[0xce]{[0x13]hk[0x8b][0xad]`[0x5][0xf7][0xb6]VC[0xab][0x88]T&quot;n[0x5]Z&amp;[0xb5][0x91]Z[0xab][0x16][0xad][0x8a]+n[0xa8][0xad]K[0xdd]Z[0xb5][0xee]K[0xb5][0xf8][0x9f][0xf7]fK[0x8][0x9f]|[0xf9]r[0xee][0xbd][0xe7][0x9e]{[0xee][0xd6][0xfb][0xe6][0xd9]W[0x9f]x[0x12]E[0xa8]RJT[0xdc][0xa6][0xe1]v[0x1d][\n]&quot;
2013-02-06 13:51:56,629 AAD-WS DEBUG wire:63 - &gt;&gt; &quot;[0xde][0xa4][0xe1][0xe][0x19][0xef][0x14][0xb2]G[0xc3][0x9b]e[0xbc]K[0xc3][0xdd]:f[0xe1]-:[0xda][0xb0]W[0xc3]&gt;[0x15]o[0xd5]q[0xf][0xde]&amp;[0xeb][0xfd]%[0x94]8[0xa0][0xe2][0xed]:[0xae][0xf0][0x16][0xef][0x10][0xf2]N![0xef][0x92][0xd3][0xef]V[0xf1][0x1e][\r][0xef][0x95][0xed]{[0x85][0xdc][0xa7][0xe2]~[0x1d]W[0xe1]}[0xb2]x@[0xc5][0xfb]uL[0xc5]~![0x1f][0xd0][0xd0]+[0xe3]^[0xd9]9(2[0xf][\n]&quot;
2013-02-06 13:51:56,630 AAD-WS DEBUG wire:63 - &gt;&gt; &quot;yH[0xc5][0x7][0xe5][0xfa][0xfd]*&gt;[0xa4][0xe1][0x90][0x8e]r|X[0xc8]aa~DfG4&lt;[0xac][0xe1][0xa3][0x1a][0x8e][0xca][0xf1]&gt;[0x15][0x1f][0xd3]q-[0x8e][0x9][0xf9]x[0x9][0xc9]&apos;D[0xcd]&apos;[0x85]|J[0xc3][0xa7]e|D[0xc3]q[0x15]&apos;4[0x9c][0xd4][0xf0][0xa8][0x8e][0xa5]xL[0xc8]1![0xa7]T[0xa4]5[0xf4][0xeb]X[0x85]c[0x1a][0x1e][0xd7][0xf1][0x19]&lt;[0xa1]c[0x0][0x9f][0x15]rZ[0xc5][0x93]%[0xf8][0x1c][0x9e][0xd2][0xf0]y[0x1d]O[0xe3][0xb][0x1a][0xbe](F~IN&gt;[0xa3][0xe2][0x8c][0x8a]/[0xeb][0xf8][\n]&quot;
2013-02-06 13:51:56,630 AAD-WS DEBUG wire:63 - &gt;&gt; &quot;[0x9e][0xd5][0xb1][0x1e]_[0xd5][0xd1][0x8c][0xaf][0x9][0xf9][0xba][0x90][0xd3][0xe2][0x92][0xb3]r[0xfa][0x1b][0x1a][0xbe][0xa9][0xe2][[\n]&quot;
2013-02-06 13:51:56,631 AAD-WS DEBUG wire:63 - &gt;&gt; &quot;[0xb4]m[0x91]h[0xb2][0xc9][0xec][0xb2][0x14][0x4][0x1a]v[0x98]=f(f[0xc6];B-N2[0x1a][0xef]X[0xaa]@[0xdd][0xd6]i[0xaf]6mn[0x8f][0xf6][0xb6][0xe3][0x96][0x13][0xda][0xb8][0xa1][0xc1][0xdd]JuGL[0x87][[0xca][0x16][0x5][0xfe]m[0xb1]h[0xdc][0xb2]sjRN4[0x16][0xda]d[0x85][0x9d]D[0x92][0xb2]%[0x11]k{[0xaa][0xa3].fv([0xf0]u[0x99][0xd1][0xb8][0x82][0x9][0xe5]7_|[0xe1][0x9c]M[0xdc][0xaf]ID[0xa8]tL[0x3][0xf5]5[0xa5][0xba][0xb6][[0xc9]Vs{[0x8c][0x1c][0xff][0xb2]h&lt;[0xea][0xac]P0[0xb3]|0[0x96][0x8b][0xf5]l[0x11]Ez[0xed][0xee][0xb0][0xd5][0xed]D[0x13]q[0xc2][0xf2]g[0xc1][0xce].[0xbf]X|x [0x81]n3I[0xcf]8V[0xd2]^e{|[0x5][0xb3][0x86]9&gt;g8[0xcf][0xe9][0xf9][0xd3][\n]&quot;
2013-02-06 13:51:56,631 AAD-WS DEBUG wire:63 - &gt;&gt; &quot;[0xe6]\[0xfa][0x94][0xeb][0xa8][0xb5][0xa6][0xdd][0xe9][0x88][0x95]&lt;[0xe8][0xef][0xb0][0x1c]Z[0xa5]`[0xfa][0xa5][0xf][0xe5][0xa3][0xe0][0xb3][0xcd][0x1e]ZUT[0xee][0xba].i[0x99][0x11][0x5][0xc5][0xae][0xb7][0x15][0x8c][0x1f]N[0x1][0xc5][0xb4]e[0xe1]X[0xc6][0x95]zK&quot;[0x95][0xc][uQq[0xf0][0xc8][0x96]p[0xa7][0xd5]e[0xce][0x93]C[\n]&quot;
2013-02-06 13:51:56,631 AAD-WS DEBUG wire:63 - &gt;&gt; &quot;[0xa6][0x85][0x13]]!;[0x15][0xf][0xb9]::[0xad]Xw[0xc8][0xb6][0xcc]d[0xb8]3[0xe4][0x89])[0x8][0x86][0xda]y[0xce][0xe]%-[0xdb][0xd5]b[0x87]b[0xd6][0xee]h8[0x11][0xf]5[0xd4][0xd7]mknj5[0xd0][0x81]N[0xc2][0xaa][0xbd]aM[0xad][0x81][0x18][0xba][0xc][0xa4][0xd0]CFk[0xe3][0xaa][0xf5][0x6][0xe2]H([0x18][0x91]t[0xc]|[0x1b][0xdf]1[0xf0]][0x9c][0xe3][0xb2]&apos;[0xa6]`l[0x1e]v.[0x86]*[0xbe]g[0xe0][0xfb][0xb0]E&apos;[0xc9]V[0xbc]^A[0xe9][0xd0]T3p[0xb]L[0x3][p[0xb3][0x81]7`[0x9b][0x1][0x7][0xf4]~[0x99]+[0x16]M[0x84][0xc4][0xcc][0xa6][0x84]S[0x97]H[0xc5]#9[0xc5][0xf4][0x93][0x95]L&amp;[0x92][0xc1]0[0xbd][0xe7][0xd0]G[0xc1][0x96][0x9a][0xb5][0xb5][0x8d][0xab][0xc][0xfc][0x0]?4[0xf0]#[0x9c][0xcf]^T[0xe0]G[0x3]?[0xc6]O[0xc][0xfc][0x14][0xcf]1[0x93][0x87]n[0xae]N[0xb5][0xb7][[0xc4][0xf2]&lt;~[0xc6][0xe2][0x8][0x1a][0xf8]9~a[0xe0][0x97]8o[0xe0][0x5][0xfc]*k[0xde][0xe0][0xc0]+[0x98][0x94][0xe7]zjZ[0x13];[0xad]x[0xf4]6+I[0xaf][0x4][0x97][0x8b][0xdd];[\r][0xfc][0x1a][0xe7][0xc][0xfc][0x6][0xbf]5[0xf0];[0xbc][0xc8]&quot;[0xf4][0x92]%[0xc8][0xa0]f[\n]&quot;
2013-02-06 13:51:56,632 AAD-WS DEBUG wire:63 - &gt;&gt; &quot;y9[0xab]-[0xe8][0x15][0xed][0xf2][0xa0]`xI[0x81]Q[0xe8][0x0]Q[0xd4]c[0xe0][0xf7]x[0xd1][0xc0][0x1f][0xf0]G[0x3]/[0xe3]O[0x6][0xfe][0x8c][0xbf][0x10]k[0xc8][0xc0]_[0xd1][0xc5][0xc][0x92][0xc0]Vg[0xf]f[0xb2][0x8d]qkw[0xf3][0x4][0xa2][0xe2]oB[0xfe][0xce]*)[0xd4][0xbd]9[0x19]u[0x4][0xaf][0x1a][0xf2]|[0xc8]2[0xbe][0x91][0xdb]-n[0xde][0x4][0x17][0xcc][0x9b][0xaf][0xab][0xf8][0x87][0x81][0xa2]G[0xc5][0xbf]d|[0xce][0xc0][0xbf]%Dc[0xb3]Z[0xea][0x9b][0xb]&quot;[0xfe][0x8a][0x81][0xff][0xe0][0xbf][0xdc][0xf5][0xb4][0x5]%[0xd7][0x83][0xed]&amp;/[0x8a][0x4]U[0xbc]j[0xe0][0x82]d[0x93]?[0x1b][0xaf]n[0xbc][0xd1][0xa0][0x11]J6$T[0xe7][0x85][0xc2][0x8a]l`a[0x8][0xb0]I[0xb9]{[0xe2][0xdd])[0x87]~[0xb6][0xcc].oOUF[0x18]J[0x91][0xe2][0xa3]YJ[0xb1][0x10][0xbf][0xa1][0xa8][0xe2][0xec][0xed][0xcc]#E[0x13][0x18][0x9a][0x97][0xf8][0xd5][0xc1]A[0x9][0xd1][0xbc]}[0x7]s[0x8f]%[0xc8]P[0xc][0xe9][0xf][0xde][0xd6][0xa0][0xfe][0x90]aQ[0x99][0x93][0xc8][0xf6][0x94]q[0xe5][0xc3]v[0x90][0x82]*h[0xed]L&amp;vyi2[0xa6][0x9b][0xdb]Dn[0x86]w[0xb6]&amp;[0xcd]09%V[0xcc][0xea][0xb2][0xe2][0xce]*GJ[0xbe]~[0xd8][0xdb]|6[0x13][0xc9]m[0x13][0xf5],z[0xdb]1[0x93][0x8e][0xbd]9[0xea]t^[0xa2]I[0xb0][0xa1][0x8f]IZ][0x89][0x1e][0xab]6[0xaf][0xdb]G[0xdd][0xec][0x1e]~[0xb3][0xbb][0xdb][0x8a][0xb3][0xcd][0xcc][0xbd][0xac]V[0xe8]E@[0x1a][0xa2][0x19][0x89]d[0xb4][\r][0xb9]5[0xeb]&amp;Q[0x1e][0xb3][0xe2][0x1d][0x2][0xab][0xc4]Nm[0xb7]3[0xfe][0x19]bT[0xce]A%qk[0xb7][0xe3]V[0x9]-c8[0x15],[0x1e]F[0xed]e[0xc6]cT[0xa7]i7&amp;[0x92][0x96][0xab][0xcf]v][0xb5]e[0x88][0x8d][0xc3][0x1c][0x1f]b[0xa3][0x9f][0xfd][0xcf]vxz[0x94]mI[0xff]gK[0xaa][0xe9]4[0x99]wJ[\r][0x8b]&quot;iu[0xc7][0xdc][0x88]M([0xaf][0xa9][0x19][0xd6][0xa2][0x91]1[0xd3]v[0xea][0xe3][0x11]kws[0xbb][0xe7]p[0x86][0xcb][0xcf][0x8e][0x1a]6i[0xdd][0x92][0xcb]z[0xba][0x86][0xef][0xf9]3[0xfe][0xef][0x9b])R[0xa3][0xb3][0xe5][0x91]-[0xe4][0xe2]]2Q09[0xbb][0xd1][0x9c]rr[0x85][0x93][0x13][\n]&quot;
2013-02-06 13:51:56,633 AAD-WS DEBUG wire:63 - &gt;&gt; &quot;[0xc7][0x12][0xf2][0x89]P[0xd8]%o[0xb5][0x1d][0x8b][0x8d][0xa4][0x88][0xad][0x95][0x1]l[0xc8][0x1e]_[0xef]%[0xaf][0x9c]^ZP[0xf5][0x5]l[0xfa][0xc9][0xcd][0xf0][0x18][0x83]::[0xc1]L[0xab]I[0xc4][0xe3]t[0xbb][0xdb][0xa9]&apos;[0x97][0xf]~[0x0][0xf3]{K[0xb3]E[0xd1][0xe][0xd5][0xb0]2[0xb][0xea]][0xc1][0x95]Y5[0x83][0x1b][0x1]uL,[0x1f]vC|36[0xbf][0xe5]u[0xc][0xef]-[0x95]&apos;W&gt;Uhk&quot;[0xe5][0xe0]j~b[0xb5][0x1]([0xc6][0x8]y[0x86]8[0x1b]!o[0x95];[0xf2]ErG[0xbe]Q[0x1c]u[0xe9],[0xee]X[0x82]0&quot;&lt;gq[0xb5][0xcf]=[0x9][0xd4][0xf]@iS[0x2]#[0x8a][0xfa]Q[0xd4]P[0x19][0xf0][0xa5]Q[0xfc]8[0xfc][0x95][0x1]5;!G[0xb][0x94][0xa4][0xa1][0xa7]12[0xcf]0r[0x8c]&gt;h[\r][0x95]i[0x8c]&gt;A[0xc5][0xc0]J[0xd4]`[0x14]g[0xed][0x9c]O[0x87]F:[0x89]]|2[0xc6][0xf3]St*[0xa6] [0x84]2[0xca]L[0xa5]T[0x10]k)[0xa1][0xc8][0xcb]M [0x2][0xe9]([0xbf][0xd1][0x8b]9n[0xaa][0xe8][0xc7][0x98][\n]&quot;
2013-02-06 13:51:56,633 AAD-WS DEBUG wire:63 - &gt;&gt; &quot;[0xe5][0x14]J+[0x6]pE[?[0x2][0xa7]0[0xb6][0xa2]R[0xd6]sOa\E[0xd9])[0x8c][0xa7][0xc8][0x84]&gt;[0xe8][0xd5][0xbe][0xc0]Db(Z[0xe8][0xeb]#[0xef]1[0x8c][0x1d]Ot[0x93]&lt;`{}[0xca]x[0x9f][0xf0][0xd2][0x98]|[0xf8][0xc2][0xb][0x82]o[0x6]f[0xa3][0x2]Wf[0xf0]-$R[0xe0][0x1a][0xf8][0x10][0xa0]k[0xc6][0xf1]o[0x16][0xd1][0xce]&amp;[0xba]rJVpVIZ[0x85][0x5]D[0xbd][0x8][0xf3]Q[0xc7]q#WQ[0x9e][0xf2]Q[0x87][0xd8][0xb9][0x3];3[0xe][0xdd]M[0xf4]&gt;[0x8e][\r]E+[0xfa][0x10][0x94]{[0xcb][0x8][0xe5])\E[0xe7]L[0xe9][0xc5][0xc8][0xc][0xa7]lo[0x91]R[0x96]Cu^f[0x3][0x98]J#[0xa7]Q.[0x18][0xb8][0x9a]d.[0xff][0xd3][0x98][0x9e][0xc6][0x8c][0x13][0xd4][0xe7]a[0x9d][0xc]?[0xe9]u[0xf4][0xcf]B[0xe2]_[0x84]i[0x9c]Wa1[0xd6]a[0x9]%[0xf8][0xc5][0x93]A[0x11]![0x8a]&quot;[0x8e][0xcb][0x8a][0x96][0xf7][0xa1]J[0xb4]O)D1q0g[0xa6][0xef][0x96]4[0xae]9[0xbe]w[0x84]2%[0x7][0xe9][0xac]r&lt;w[0xeb][0x4]7[0x1e][0xcb]IW[0xf0][0xd6][0xeb]1[0x97][0xf3]j[0xc6]O[0x91]O[0xaa][0xcc][0x8d]}[0xb4]Z[0xa4]:[0xe4][0xc6][0x9b].[0xba][0xb1]f[0x0][0xb3]h[0xdd][0xec][0xa6][0x1][0x94][0xb7][0x15][0xec][0x6][0xe6][0xf4][0xa3][0xa2][0xda]7[0x89][0xf1][0xaa][0xdc][0xdc][0x87]@[0x95];sI[0x1a]s7[0xcb][0xa4][0xea][0xe0][0x85][0x97][0xaa][0x6][0x83];R[0x0]n[0x1e]F[0x92][0xd6][0xf2][0xf2]:[0x82][K[0x97][0xd4][0xd3])[0xeb][0xf8][0xf3][0xa4][0x81]p[0x1b][0xf9][0xd7][0xc0]p5a3e,[0xfe]HQ[0xe4][0xdd][0xf6]RMi[0xe3])[0x95]c[0xb1][0xd2][0xa8]T[0xfb]2[0x1][0x8][0xcc][0xa3][0xe3]+=[0xe7]3[0xb2][0xdc]P[0xda][\r][0xe7]8[0x9][0xcf]|o^[0x9a][0xc6][0x2]OH[0x16]gp`[0x0][0xd7][0x8a]q[0xe3][0xfa][0xf1][0x9a]j[0xff]$[0x1a][0xaf][0xed]E[0xf4]$[0xae]+[\r][0x1d]b[0xea][0xca][0x8e][0xbb]Hc[0xa1]$0[0x97]2_[0xe4]i[0x9d][0xe9][0x8b][0x1c]bj[0xcb]&quot;[0xb0]8[0x8d]%[0x94][0xc8]^][0x9d][0xbf]:[0x8b]ii[`Y`[0xb9]w[0xd7][0x8a][0xc6]&gt;[0x8c][0x11][0x96][0xb7][0xbc][0xbe]Q[0xd0]&lt;[0x83]9[0x19]ViFM[0x16][0xfc][0xe2][0xbc]y[0xfd]Xy\[0xa4][0xe6]V[0xca],[0xe7][0xd2][0xd5](%[0xdd]H[0xe7][0xb4][0xb1]^[0xb7]0[0xd2][[0xb1][0x86]M[0xa5][0x95]-e+[0xdb]I[0x84][\r][0xc5]![0xdd]O[0xe9][0x7]X[0xb7][0x8f]0[0xff][0x9f]f[0xee][0x9d]E[0x12][0xe7]`[0xe3][0x15]~v[0x17]VG[0x92]&lt;/KN[0x93]&apos;y[0x99]&quot;[0x98][0xf1][0xbd][0xe8][0x1e][0xc0][0xaa][0xb6]![0xf0]Vg[0xa1][0xd5][0xb0][0xf][0xdd][0x90]F[0xad]$[0xd4]U[0x95][0x5]9C^e)[0xdb]N[0xdd][0xa0][0x9c]x[0x9e]6[0xad][0xe9]CY[0xc3]Iif[0x9e][0xe3]n[0xf4]L][0xe0][0x96][0xd1]:)}[0x95]y[0xb0][0x85]YR[0x98];[0xb7][0x93]{[0x7][0x1b][0xc0][0x9d],[0xf4]=,[0xf0][0xbb][0x98][0xe2]w3[[0xf6][0xa0][0x5]{)[0xbf][0x8f]&apos;[0xee][0xa1][0xc1][0x7][0x98]5[0xfc][0xc0][0xcf][0xb4][0xa9]8[0xdd]#[0x9]_][0x11]hH[0xa3]Q[0x9a]_S[0xe3][0x0][0x9a]i[0xcf][0xfa]6[0xd6][0xee][0xeb][0xfa][0xb1][0xa1][0x1f]-M}0[0x4][0xa3]d[0xf2][0x8c][0xaa]4Z[0xdb][0xaa]}g.[0xbc][0xcc][0xd9][0xc6]|Y{-[0xf2]^[0xe2][0xb8][0x8f]m[0xf2]~[0xe6]p/y[0x7][0x89][0xa7][0x97][0xb9][0xfc] [0x8b][0xfb][0xa1][0x2][0x87][0xea][0xf2][0xab]&amp;[0xe3][0xd0][0x95]t[0xa7]4[0xdc][0xe0]Il[0xea][0xc5][0x94][0x93][0xd8][0x9c][0xb5][0xfd]&amp;I[0x9a]l[0xb]Y[0x97][0xbf]k[0xb4][0x1b][0x80]#l$[0xf][0xf3][0x9e][0xa3][0xbc]yW.&lt;e[0xae].[0xbe]&amp;E[0x8f]bS[0xfe][0x88][0xdf]e[0x1f]&amp;[0xdd][0xed]&gt;([0xb7][0xfe][0xf]PK[0x7][0x8][0xff][0x87]E1G[0x9][0x0][0x0]J[0x11][0x0][0x0]PK[0x3][0x4][0x14][0x0][0x8][0x0][0x8][0x0][0xd4]|D5[0x0][0x0][0x0][0x0][0x0][0x0][0x0][0x0][0x0][0x0][0x0][0x0]-[0x0][0x0][0x0]com/sun/java/help/search/BlockProcessor.class;[0xf5]o[0xd7]&gt;[0x6]f[0x6]][0x6]Nv[0x6]vv[0x6][0xe]F[0x6][0xf6][0x82][0xa2][0xfc][0xe4][0xd4][0xe2]bF[0x6]e[\r][0x9f][0xe4][0xfc]\[0xfd][0xe2][0xd2]&lt;[0xfd][0xac][0xc4][0xb2]D[0xfd][0x8c][0xd4][0x9c][0x2][0xfd][0xe2][0xd4][0xc4][0xa2][0xe4][0xc]}[0xa7][0x9c][0xfc][0xe4]lk[0xcd]0F[0x6][0xae][0xe0][0xfc][0xd2][0xa2][0xe4]T[0xb7][0xcc][0x9c]TF[0x6]a[0xb0]x[0x0][0xc4][0x84][0xfc]&quot;=[0x90]&gt;F[0x6]u[0xfc][0xc6][0xc0][0x95]32[0x8][0x80]U[0xe4]$[0xe6][0xa5][0xeb][0xfb]&apos;e[0xa5]&amp;[0x97][0xb0]100201[0x80][0x0]#[0xb]#[0xd0][0xa5], [0x16][0x3]+[0x90]db`[0x3][0x0]PK[0x7][0x8].a[0x1][0xfa][0x8b][0x0][0x0][0x0][0xbe][0x0][0x0][0x0]PK[0x3][0x4][0x14][0x0][0x8][0x0][0x8][0x0][0xd4]|D5[0x0][0x0][0x0][0x0][0x0][0x0][0x0][0x0][0x0][0x0][0x0][0x0]([0x0][0x0][0x0]com/sun/java/help/search/Utilities.class[0x85]SmO[0xd3]P[0x14]~.{[0xe9]V[0xeb][0x6][0xe3]E[0xa6][0x82][0x88][0x1b]nc[[0x15]|[0x83][0x1][0x9a][0x80]$$eF[0x7]&amp;[0x8b][0x9f]Jw[0xd9][\n]&quot;
2013-02-06 13:51:56,634 AAD-WS DEBUG wire:63 - &gt;&gt; &quot;[0xa3]%][0x87][0xfa]K[0xfc][0x9]|EM[0x6][0xd1][0xf8][0xf2]I[0x13][0x94][0xf1][0xdc]u[0xc8]x1[0xb6][0xe9]=[0xed]s[0x9e]s[0xcf]s[0xce][0xe9][0xfd][0xf5][0xfb][0xd3]W[0xf8][0x90][0xc3]c[0x19]![0xdc][0x94]0.[0xe1][0x96][0x8c]&gt;$d[0x82][0x93]2&quot;[0x98][0x8][0xe1][0xb6][0x84]T[0x18][0xfd]H[0x87][0x90][0x91][0xc9]N[0x86][0x90][0x15][0xfc][0x9c][0x84][0xbc][0xc][0x15]w$[0xdc][0x95]0%[0xe2][0xa6]%[0xdc]c[0x18]2[0xea]z[0xa3][0x91][0xd8][0xd2][0xf7][0xf4]D][0xb7][0xaa][0x89][0x92][0xeb][0x98]V[0x95][0xa1]O[0x13][0x98]*0uQp[\n]&quot;
2013-02-06 13:51:56,635 AAD-WS DEBUG wire:63 - &gt;&gt; &quot;[0xc][0xe1][0xd2][[0xcb][0xad]q[0xd7]4[0x18][0x82]s[0xa6]e[0xba][0xb][0xc][0xbe]T[0xfa]%[0x83][0xd1][0xae]p[0x86][0xa8]fZ[0xbc][0xd8][0xdc][0xd9][0xe0][0xce][0x9a][0xbe]Q&apos;D^[0xa1]-q[0x83][0xbc][0xe][0xc3]D[0xaa]kW/S!}[0x1e][0xa2][0xdd]=Y[0xc][0xc9][0xff]D[0x1c]K[0x93]Kv[0xd3]1[0xf8][0xb2])rF[0xd6]][0xb3]n[0xba]&amp;o[0xe4][0x5]S[0xc1]}[0x8c]2[0x8c][0x9d][0x89]*[0xda][0xee][0xb2][0xdd][0xb4]*O[0xdf][0x18]|[0xd7]5m[0x8b]a[0xf4][0x84]R[0xb4][0xdb][0xa4]%[0xbe][0xe9][0x91][0x1c][0xc7]v[0x14]&lt;[0xc0]C[0x5]W[0xf0]H,[0xc3][0xc][0xfd][0x82][0x9f][0xb7][0xb8][0x9b][0xef][0xae]2z&amp;[0x91][0x82][0x1][0xc]2[0xf4][0xb6][0xc9][0x2][0xce]{[0x85]([0x18][0x11][0xba][0x82][0x95]v[0xa0][0x82][0x19][0xcc]vX^[0xf0][0xb3][0x8d]-n[0xb8][0x12][\n]&quot;
2013-02-06 13:51:56,635 AAD-WS DEBUG wire:63 - &gt;&gt; &quot;[\n]&quot;
2013-02-06 13:51:56,636 AAD-WS DEBUG wire:63 - &gt;&gt; &quot;[0xe6]0[0xca]u&lt;[0xa5][0xfe][0x13]h[0xad][0xe6][0xd8][0xaf]E[0xcf][0x15],[0x8]m[0xe3][0x86][0xbd][0xa3]6[0x9a][0x96][0xda][0xa6][0xd4]x}Wmp[0xdd]1j[0xea][0xdf][0xee]0H[0x9b][0xb6]S[0xd4]w[0xc4][0x9c][0xaa][0xdc]][0xe5][0x8d][0x86]^[0xa5][0x8f][0x81][0xd4][0x85]S[0x19][0xbc]h[0x18]4[0xfc]p;[0xd6][0xad][0xd9][0x15][0x86]&apos;[0x17]p^[0x9d][0x1b]X[0xf7][0xf6][0xe][0xdf][0xac]S[0x9d][0xaa][0xb7][0x3][0xa5][0x19][0xfe][0x97][0x8f]zeZ{[0xf6]6)[0x9c][0xe9]N[0xe3]5[0xea]T[0x9a][0xe][0x94]&gt;[0xf][0xd1]|vI[0x95][ruc{[0xcd][0xd1][\r][0x8e]1:)[0x11][0x0][0x8c]N[\n]&quot;
2013-02-06 13:51:56,636 AAD-WS DEBUG wire:63 - &gt;&gt; &quot;[0x8d][0x8a][0xec][0x10][0xc4][0xe5][0xa3][0x87][0xe6]L[0xdf]qz[0x1b]![0xcb][0xc8][0x6]2[0x87][0x8][0xbe]o[0xd3][0xaf][0xd2][0x1a]l[0x83]7[0x10][0xc6]5\[0xef]P[0xdf]!@8P[0xca]h1[0xe9][0x8]l[0xd5][0xff][0x5][0xa1][0xb2][0xef][0x3][0xc2]?[0x11][0x8d][0xc9]G[0xb8]T[0xfe][0x88][0xf0]&gt;[0x82][0x84][0x94][0x8a][0xd9][0x98][0x92]k[0xe1][0xf2][0xac]?[0xee][0xff][0x81]8Q#e_[0xa6]4[0x1b][0x88][0xfb]Y&lt;[0xd0]B[0xf4];z[0xb5]}[0x84]V[0xb3]-[0xc4]&amp;[0xf](E[0xf]V[0xa0][0xd1][0x11][0xf6][0x4]d [0xd3]:Nh[0x82][0xf4]&apos;[0xe9][0x9e]@[0x1e])L#[0x8d]y[0xf2][0xae] K[0xec][0x1c][0x9e][0xd3][0xf9][0xf][0x89]_[0x8e][0x98]B[0xe4][0x14][0xd5][0xd7]C6[0x96]![0x85][0x7][0xda]g[0xf8][0xca][0x93]-[0xf8][0xf][0x11][0xf8][0xe6][0xd5]Iw[0xcf][0xa9]&quot;[0x93][0x9d][0xbe]0*[0x17][0xe4][0x1b][0xfb][0x3]PK[0x7][0x8][0xae]-#c[0xa1][0x2][0x0][0x0][0x95][0x4][0x0][0x0]PK[0x3][0x4][0x14][0x0][0x8][0x0][0x8][0x0][0xd4]|D5[0x0][0x0][0x0][0x0][0x0][0x0][0x0][0x0][0x0][0x0][0x0][0x0]3[0x0][0x0][0x0]com/sun/java/help/search/RAFFileFactoryOn12$1.class[0x95]TKs[0xd3]V[0x14][0xfe][0xae]-[[0x8e]P[0x9d][0x90][0x7][0x10]h[0x81][0xd2]@[0x1c]?[0xa2][0x84][0x86][0xb4]8i[0x98][0xc4][0xd8][0xd4]`[0xc7][0x90][0x4][0xa8][0xe9][0x82]Q[0xe4];[0x89]@[0x96]&lt;[0x92][0x9c][0x92]E[0x17]]t[0xd5]MBw[0xa1][0xbb]v[0xa6]q[0x98][0xd2][0x81][0x1d][0x8b][0xfe][0x97][0xfe][0x85][0xb6][0xe7][0xca][0xc6][0x98][0x80]aX[0xf8][0x1e][0xeb]&lt;[0xbe]{[0xce]w[0xce]=[0xff][0xfb][0xe7]3[0x84][0x91][0xc1]=[0x5]cH[0xc]`[0x14]S[0xe2]H[0x8a]#[0x15]CZ![0xdb][0xb4]84[0x5]3[0x98][0x95]qQ[0xc1][0x0]&gt;W0[0x87]K[\n]&quot;
2013-02-06 13:51:56,637 AAD-WS DEBUG wire:77 - &gt;&gt; &quot;[0xe6][0xf1][0x85][0x82]/qYFVA[0x1c][0xb]2[0x16][0x15][0xc][0xe1]+[0xa1]\[0x12][0xe6]%[0x19]Wd[0xac][0xc8][0xc8]1H[0x9b][0xba][0xf1][0x90][0xe1]\[0xc9]p[0xea][0x9a][0xd7][0xb4][0xb5][0x7][0xfa][0x8e][0xae]ms[0xab][0xa1]y\w[0x8d]mmm[0xb9]P0-[0xbe][0xc0][0x10][0xdf][0xd1][0xad][0x9][0xc3][0xb1]mn[0xf8][0xa6]c3[0x9c]([0x5][0xde]6[0xf7][0xb5][0xdb]k[0xa5]\[0xd7]B[0xbe][0x3][0xeb][0xbb][0xb6][0xbf][0xcd]}[0xd3][0xe8][0xc4]5[0xb8][7=/[0x88];[0xd9][0x8e][0xf3][0xb8][0xd1]tMW[0xbb][0xd9][0xb5]Qdt[0xd1][0xb4]M[0x89][0xe1]R[0xa2][0x1f]|[0xff][0xf0][0xa9];TR[0xce][0xa9]q[0x86][0xc1][0x92]i[0xf3][0xd5]f}[0x93][0xbb][0x1b][0xfa][0xa6]E[0x1a]%[0xff][0xc8][0xe0][\r][0x81][0xe0][0xc9][0xb8][0xca][0x10]v[0x9b][0x94][0xcc]hb[0xaa][0x8d]g[0xe9][0xf6][0x96]V[0xd9]|@[0x97]P[0x1a][0xca][0xba][0xd3]t[\r].Jg8[0xde]![0xa1][0xa0][0x1b][0xbe][0xe3][0xee]V[0xec][0xd9][0x8b][0xd3]&quot;F[0xc5]i[0xe4]U[0x8c][0xe3][0xa4][0x8a][0x8f][0xf1][0x89][0x8a][0xe3]8A[0xa1]5[0xd3][0xf0][0xef][0x1b][0xba][0xb1][0xcd]e[0x14]T\[0xc3][0xd7]*[0x8a][0xc8][0xcb][0xb8][0xae][0xe2][0x6]JD\p[0xa1][0xe9]h[0x2][0xb4][0xd2][0xf4][0x1b]M[0xdd]w[0xb9]^[0x17][0x80]e[0x19][0xab]*&quot;
2013-02-06 13:51:56,637 AAD-WS DEBUG wire:63 - &gt;&gt; &quot;*[0xb8])[0xe3][0x96][0x8a]5[0xac][0xcb][0xd8]Pq[0x1b]T[0xda]T[0xdf].m[0xf0]z[0xc3]quw[0xb7][0x93][0xa9][0x0][0xba][0xcb]p[0xa1]o@[0x99][0xd7][0x9d][0xd7][0xbc][0xbf]QQE[0x9e]![0xf3][0xbe]I[0xe8]!ab[0x96][0x1][0xc]j[0x91]Z[0xe3][0xe6],[0xdd][0xf3][0xb8][0xc7]0t[0x98]N[0x86][0xc9]C[0x1d]s[0xcd][0x1d]B[0xda][0xe2][0xb5]nK[0x96];35[0xf2][0x92][0x9a]b[0xa5]k[0xa3]V%Dg[0xd5]^[0xda]h[0xae][0xc][0xa2][0xcc][0xe7][0xa2][0xf4][0xb6]b.[0xd1][0xd3]I&quot;[0xd4][0xb4][0xb7][0x16][0xde][0xd4]t[0xda][0xdd][0x81][0xa1]V[0xab]5nq[0x9f]W[0xec][0xfc]#[0x93]r=[0xf6][0xf6][0xa9][0xa3][0xfb][0xb6][0xb8]_[0xb4][0xbb][0xbd][0xa2][0xb1]H[0xbc][0xc2][0xea]1[0x10][0xe4][0xd1][0xc4][0xeb][0x97][0x88][0xec]S[0x1f]@,[\r][0x91]n[0x18][0xdc][0xf3]&amp;fff[0x82][0xf2][0x8b]4[0xa9]/!{&apos;[0x86]![0xf2][0x1d]qJ[0xd5][0xcb][0x89]oW[0x8a]Eq[0xd3][0xc8][[0x92][0xa2]wA[0xa2]F[0xee][0xe4]&amp;[0xd0]R[0x87]R|[0xf7][0xa3]:[0xd5][0xf7]1[\n]&quot;
2013-02-06 13:51:56,638 AAD-WS DEBUG wire:63 - &gt;&gt; &quot;k[0xc4][0xb0][0x1c][0x8f][0xe3],[0xed][0xa7]1[0x9a][0x87]c[0xb4][0xbd] [0xde][0x2][0x9d][0xc3][0xe2]u[0x90][0xee][0x14][0x10]|[0xd1]3[0xe9]~[0x85][0xe8]w[0x1a]gH[0x9e][0xa5]s$E[0xdc]h[0xf2][0x0],[0x99][0xda]G([0x99][0xde]G8[0xc9][0xf6]![0xfd][0xe]1g[0x9f][0xd2][0x19][0xf]|[0xb2]$/c[0x84][0xe4]9[0xfa][0x92][0xc8][0xf6][0x19][0xfd]&amp;p[0xbe][0x8d][0xc5]$D[0x10]#[0xcb][0xcf][0xac][0xc4][0xca][0xc3][0x11][0xf6][0x4][0xd1][0xd5]L[0xb]r[0xe6][0x5][0xae]&apos;[0xff]@[0xa8][0x85]X[0xe9])[0x6][0xaa][0x99][0x3]([0xe5][0xf0][0xbc][0xf4][0x4]G[0xfe][0x8a]e#{P[0xd3][0xe3][0x91][0xf0][0x98][0xd4][0x82][0x9a][0x1a][0x8f][0xb4][0xf0]Qu^[\n]&quot;
2013-02-06 13:51:56,638 AAD-WS DEBUG wire:63 - &gt;&gt; &quot;[0xfd][0xf2][0xdf]?[0xc9][0xa7][0x88]W3[0x14][0x19]&gt;[0xc0] [0xe5][0xb3][0x87]aR[\r]U[0x5][0xd6][0x1][0x8e][0x92][0xe6]1[0xe2]{8[0x93][0x8d]&gt;Ft&lt;[0xfa]&lt;+[0xa7]^@N[0xb5]0[0x9c]&amp;[0x99]na[0xe4]W[0x99]|[0xa5][0xdf](?[0x9][0x16][0x1c][0xca][0xcd][0x81][0x1f][0xc8]v]k[0xc4][0x1d][0xb0]@[0xf6]E[0xf2]X[0xc2][0x11]\[0xc1] [0x96][0xa9][0xc6][0x15]b+G[0xb5]][0xc5]$[0xf2][0x98]F[0x1][0xb3][0xb4]R[0xb2]$[0xaf][0xd1]V[0xb9]G[0x1b][0xc5]D[0x99][0x90]V[0xf1]=m[0x8d][0x1f]p[0xb]?[0x12][0xda]O[0xb4]1^q[0x13][0xc2][0x85][0x80][0xef]IB[0x4][0x14][0xd2][0x8d][0x6][0x1d][0x88][0xfd][0xf]PK[0x7][0x8][0xff]S[0xce]Y[0xa0][0x3][0x0][0x0]l[0x6][0x0][0x0]PK[0x3][0x4][0x14][0x0][0x8][0x0][0x8][0x0][0xd4]|D5[0x0][0x0][0x0][0x0][0x0][0x0][0x0][0x0][0x0][0x0][0x0][0x0]1[0x0][0x0][0x0]com/sun/java/help/search/RAFFileFactoryOn12.class[0x95]T[O[0x13]A[0x14][0xfe][0x86]R[0xb6][0xac][0xb]rG.[0x2]*B)[0x97]- D) [0xa5]R[0xad][0x96][0x8b] D0[0xc6],[0xdb][0xa1],Yv[0xc9][0xee][0x96][0xc8][0xf1][0xdd][0x17][0x1f][0xbc]$@$1&gt;[0xfb][0xa3][0x8c]g[0x96][0xa5] [0x15][0x8d]Mzf[0xf6][0x9b]o[0xbe]9[0xe7][0xcc]9[0xf3][0xe3][0xe7][0xd7]o[0x8]a[0x10][0xcb][0x95]h@[0xbf][0x8c]F[0xc]H[0x18][0x94][0x9][0x1b][0x88]`H[0x8c][0xaa]0qa[0x86]e[0xe2][0x8c][0xc8][0x18][0xc5]=a[0xc6]$[0x8c][0xcb]P[0xf0]@[0xc6][0x4][0x12][0x12]&amp;%LI[0x98][0x96]Q[0x8b][0x87][0x12]f$$%[0xcc]2DfW[0xd3]oV2[0x1b]s[0xc],[0xc3][0x10][0xce][0xf1][0xcd]B[0x9e][0xe6][0x1b][0xc]U)[0xdb]r=[0xcd][0xf2][0xd6]4[0xb3][0xc0]C[0xa0][0x1f]C[0xc5][0xa4]a[0x19][0xde]4C([0xda][0xb7][0xc6]P[0x9e][0xb2]s[0x9c][0xe1]z[0xd6][0xb0][0xf8]Baw[0x93];/[0xb4]M[0x93][0x90]P[0x9e]{[0xc][0x93][0xd1][0xec][0x8e][0xb6][0xaf][0xa9][0x16][0xf7][0xd4][0xd5][0xe5],[0x9]Z\[0xf7][0xc][0xdb]J[0xf4]eu{Wu[0xb][0x96][0xea][0x13][0xb6][0xb9][0xb9][0xa7][0xba]\s[0xf4]mu9[0x99]N[0x1b]&amp;O0[0xc8]sou[0xbe]&apos;[0xf8][0xae][0x84][0x14]Cc gjV^][0xf1][0x1c][0xc3][0xca]&apos;[0x84][0x17][0xb2][0xa6][0xeb][0xdc]u[0xbb][0xe3][0xf1][0xb8][0xef][0x18][0x5]R[0xb9]r`y[0xdb][0xdc]3t[0x8a]qR7[0x3][0xaf][0xe5][0x15][0xbb][0xe0][0xe8]\[0xe8]34[0x7]&apos;[0xa5]5[0xdd][0xb3][0x9d][0x83]EkxdH[0xe8]+hB[0xb3][0x82]v[0xdc]dh[0xba]|[0xe0]lak[0x8b];[0xc][0x12][0x5][0xd8]e[][\n]&quot;
2013-02-06 13:51:56,639 AAD-WS DEBUG wire:63 - &gt;&gt; &quot;[0x1e]aN[0x98][0xb4][0x82][0xc7]x[0xa2][0xe0][0x6][0xba]%d[0x14]&lt;[0xc5]3[0x5]Y[0xf4]0[0xc][0xfe]+[0xd4][0xb][0xe]t[0xf]3[0x91]f%C[0x99]rR[0xa6][0xe6][0xba][0xdc][0x15][0xae][0xcc]KXP[0xb0][0x88]%[0x86][0xae][0xc9]1[0xf4][0xfa]K.[0xd7][0xb][0x8e][0xe1][0x1d][0xa8]K[0x8e][0xb1]Ox[0x9e][0xe7][0x92]~[0xf6][0x8b]ie[0xe8][0xb9]Rl[0x9e][0xef][0x92]O[0x81][0xa4]p[0xe1]9C[0xdb][0x85]l[0x4][0xe2][0x17][0xb4][0xfa][0xff]#N[0x86][0x9a]s[0xad][0xc5][0xcd][0x1d]*[0xb][0x86]z[0x1f]2l5[0xb3]xA[0xb6]B[0xdb][0xdb][0xe3]V[0x8e]a[0xe0]O[0xd7]_[0x2][0x9d]^P[0xe2][0x12][0xfd][0xf4][0x88][0xbf][0xd1]#[0x9e]}[0x8a]04DKy[0x89][0xb3]Z([0xa9]e[0xea][0x14][0xaa][0x85]%[0xee][0xec][0x1a][0xae][0xeb][0xb7][0x9f][0xed]?[0xbf][0x81][0xe2]*[0xe9][0xd4][0x10][0x9d][0xb6]{[0xdc][0xf2][0xb2][0xdc][0xca]{[0xdb][0xc]cW6[0xca][0xd5]B[0xa2][0xf2];~_M[0xfa]} [0xb4][0x1d][0xdb]4E[0x99]*9[0xfb][0xfc][0xf6][0x19][0xa6][0xa2][0x97][0xf5][0x8a][0x8b][0xc5][0x8c]&apos;[0xcf]:[0xb4]${T[0x0]W7[0xf4][0x1a][0x86][0xe9][0x1]j[0xa4]W[0xa2][0xc][0xb2][0xe8] [0x9a][0xb5]R7[0xb4]P9[0xb7][0xfa]h[0x1b][0xc2]4[0xa7][0xb6]&quot;[0xdb]A[0x88][0x18][0xa9][0xda][0x11][0x8e][0x1d][0xa1][0xec][0x93][0xff][0xbc]t[0x92][0xad][0xf0][0xc1];[0xa8]D[0x17]n[0xd1]6A}[0x87]r[0xc2]A[0xe5][0x9f]=Ah[0xfd][0x8][0xe5]u[0xe1]CT[0xc4][0xe]![0x1d]&quot;r[0x8c]J[0x9a][0xc9][0xf3]d[0xae]M[0x9f]@Y[0x8f][\r][0x1c][0xa1][0xea][0x18][0xd5][0xdf][0xe9]ez[0x8f][0xf6][0x89][0xf2][0x13][0xd4][0xae][0xd3])u[0xf4]U=[0x11].~[0xf5]$[0xfd][0xdb][0x18][0xc1][0x18]j[0xfc]1[0x85][0xfa][0xc0][0x8b][0x18][0x5][0x1]zz[0xcb][0xa0]R[0x10]qrv[0x94][0x18][0xe3][0xc4]yI[0xec]u[0xcc]`[0x83][0xd8][0xaf][0xb0][0x80][0xd7][0x84][0x83][0xfc]c[0xe4][0xb3],[0xda]?[0x8][0xaf][0xc5][0x8f][0x88][0xfe][0x97]C3[0x11][0xc1]][0xf4][0x4][0xa1][0xb5][0xfb][0x18][0x9]|[0x6][0xfb]P[0x92][0x84]^-[0x82]h1k[0x9d][0x1]_[0xaa][0x8d][0xe0]K[0xa9][0xb8]F[0xb2]}~[0xba]c[0xb8]O[0xa3],^[0x93]S[0x91]_PK[0x7][0x8]m[0x1c]&apos;n6[0x3][0x0][0x0]O[0x6][0x0][0x0]PK[0x3][0x4][0x14][0x0][0x8][0x0][0x8][0x0][0xd4]|D5[0x0][0x0][0x0][0x0][0x0][0x0][0x0][0x0][0x0][0x0][0x0][0x0],[0x0][0x0][0x0]com/sun/java/help/search/MemoryRAFFile.class[0x85]UmS[0x13]W[0x14]~6[0xd9][0xb0]aY![0xa0]Q[0x10][0x2]Q+[0x84]`H[0xad][0x9a]* [0xf2]&quot;h[0x14][0x84][0x8a]o[0x88][0xb6]Y[0x92][0x5][0x82]a7n6[\n]&quot;
2013-02-06 13:51:56,640 AAD-WS DEBUG wire:63 - &gt;&gt; &quot;V-[0xb6][0xda][0xfa][0xa5][0xd3]N[0xa7]_:[0xd3][0xe9][0xd4][0x99][0xce][0xf4][0x8b][0xfd][0xa0]-[0xc1])[0x1d][0xfd][0xde][0x9f][0xd0][0xff][0xd0][0xbf]P{[0xce][0x12]B[0x12][0xe8]t29[0xe7][0xde]s[0xcf]y[0xce][0xeb][0xbd][0xfb][0xe7]?[0xbf][0xbf][0x86][0x13]!|![0xa3][\r][0xa3]2.`[0xac][0x12][0xad][0x18][0x97][0xf0][0x1]o.[0xca][0x10]1![0xe1][0x92][0xc][0x89][0x8f]%\[0x96]q[0x5]Wyu[0x8d][0x15]&apos;yu[0x9d]WSLnH[0xb8])[0xc3][0x83]Q7N[0xc9][0xb4][0xff]P[0xc6]G[0x88][0xf1]Ju[0xa3][0x9f][0xf9][0xb4][0x84][0xb8][0x8c]z[0x6]kE[0x82][0x89][0xe6][0xc6][0xc][0xdb][0xcc]2[0xc0]\%[0x19]$%[0xcc][0xcb][0xf0]3[0xca]-[0xe6])&amp;[0xb]2t[0x18][0x12][0xd2][0x12]n[0xb]pf[0xcd][0x94][0x80][0xea][0x91]y[0xf5][0x8e][0x1a][0xd6]5+|[0xf9][0xe2]H[0xb7][0x0]1[0xa1]Z[0xaa][0x0][0xc7][0xd4][0x0][0xad]3[0xc9]{[0x9a][0x0]!*[0xa0]j&amp;[0x99][0xd2][0xc6][0x8d][0xa4]ni[0xa6][0x80][0xca][0x84]6[0x9d][0x9d][0x1d]N[0xa9][0xb3]tz]@EOROZ[0xbd][0x2][0x1a][0x3]%x[0x83][0x86][0xae]kq+i[0xe8][0xdd][0xed]W[0x8]o[0xd0]H[0x10]^[0xcd]HR[0xd7].d[0x17][0xa6]5[0xf3][0x92]:[0x9d]&quot;[0x89]&lt;[0xb4][0x18][0xd7][0xd2][0xac][0x97]![0xb0][0x94][0xa6][0xcf]Zs[0x14]a[0xa0][0xfd][0x9c][0x0]W&lt;ed4{G[0x10][0xd5][0xb3][0x9a]5\[0x1c][0x8a][0x98][0xd1][0xb4][[0xc4][0x2][0xe7]l[0xf][0xa6][0xa6]&amp;l][0x8a][0xb9][0x92]7[0x3]K[0x96]F[0xa0]R`j [0x1a]e[0xa9][0xc4][0xd2][0xa8]n[0xe5][0xcf][0x87][0xb3][0xa9][0xd4][0x12]y[0xa1]s[0x6][0xc8][0xeb][0xd1][0xca]}[0xd7]LZ[0x9a][0xad]([0x6]l[0x89][0xcb][0x96][0x10][0xb7][0xb3][0x17][0xe0][0xcd]&apos;[0x9b]R[0xf5][0xd9][0xf0][0x84]e&amp;[0xf5]Y;MwO&lt;[0x95][0xaf][0x87]&lt;ad[0xcd][0xb8][0xc6][0x11][0xb][0xa8][0x1b][0xd5][0x16][0xc]s[0xe9]b[0xff]0[0xef];[0xd9]V[0xc1]a[0x9c][0x90]`*[0xc8][0xc0]R[0x10]@;[0xd5][0xd0][0x6]M[0x1a][0xe1][0x81][0xec][0xcc][0x8c]fj[0x14]l:k[0x11][0xbe][0xa6].([0xc8][0xe2][0xe][0x1b][0xdd][0x15][0xe0]+[0xe8]Q[0x8a][0xfd][0xa6][0xa9].[0x8d]e[0xad]&quot;[0xcd]38-aQ[0xc1]I,)[0xb8][0x87][0x8f][0x15][0x4][0xd1][0xa1][0xe0][0x10]z[0x99][0x84][0x14]t&quot;$`[0xe7][0x6]Jt[0xac][0xd0][0x4][0x5]g[0x11][0x95]p_[0xc1][0x3]&lt;Tp[\n]&quot;
2013-02-06 13:51:56,640 AAD-WS DEBUG wire:63 - &gt;&gt; &quot;}[0x8c]B[0xe9][0xec][0xda]P[0x1e][0x1a][0x1b].[0xd2][0x1e][0xc0]iV[0xe8][0xa3][0x92]\[0xd6]3[0xd9]t[0xda]0--[0xe1][0x1f]Kk[0xa6][0xba][0xae]q[0x18]Q[0x5]a[0xbc][0xab][0xe0][0x13],[0xb][0xd8]]^[0xb7][0xf5]Ti4JJ[0xd4][0xe5]W[0xf0][0x8][0x9f]*[0xf8][0xc][0x8f]%&lt;Q[0xf0]9[0xa8][0x81][0xad]qc![0x9c][0xc9][0xea]a[0x1b]dNK[0xa5][0xc3][0x19]M5[0xe3]s[0xe1][0x12]c[0x1][0xfe][0xff]T,[0xa8][0xec][0xde]~Zi[0x8]i[0xce]H$[0xc0][0x13]h/[0xbf]&quot;&lt;[0x83]E=[0x11][0xb0]gC[0x87][0xcb][0xb8]y@[0xaa][0xf5][0x81]m[0xf]xJvns[0x90][0x9f]C[0xbe]o[0x96]Qh+[0xf]`;[0xdf]GOQ[0xd9][0x96]2[0x96]F[0xfa][0x95]*k[0xc4][0x8d]4i[0x5][0x8b][0xe7]qlz[0x9e]r[0xe9][0x8e]n#[0xb2][0x87][0xd9]idi[0xb2][0xbd][0x85][0xf0][0xc6][0xa9][\r][0x9b]qW[0xa8][0xe9][0xb4][0xa6][0xd3]M:[0xb4][0xdd][0x8c]o[0x11][0xad][0xb7][0x8f][0xec][0xdc][0x96][0xb1].[0xa1]Y[0x9]l[0xd5][0xeb].J[0xbb][0xc8]!][0xbb]4[0xef]R:[0xf6][0xd1][0xb][0xd6][0x6][0xc0][0x5][0x7][0xdf][0x6]Z9xlmNCk[0xf3]N[0x9b][0xcb]&lt;O[0xc4]k [0xd0]x[0xbd]G[0xf2]#[0xb4]{F[0xaf]m[0x5][0xf1][0xc9][0xe0]*[0x84]`G[0xe][0x8e][0x15]8[0xd7] N[0xd2][0xd2][0xb5][0x8a][0x8a][0xd1]5H[0x93][0xab]p_[0xa8]u[0xe0][0xf]w[0x97][0xe8][0x8c][0xb8]~[0x86][0x12]j[0x10][0x9d]^W[0xe][0x95][0x87][0x1a][0xc4][0x1c][0xe4][0xc9][0x88][0xcb][0xf1][0xe3][0xdb][0xbf][0x83][0xa1][0x1c][0xaa]V[0xa0]0[0xdf][0xb1][0x82][0xea][0xa0]s[0x5]5/[0x8]\[0xc0]Q[0xa2][0x11][0xec] [0x1a]&quot;[0x87][0x9d]P([0x94]z[\n]&quot;
2013-02-06 13:51:56,641 AAD-WS DEBUG wire:63 - &gt;&gt; &quot;[0xc3]OA[0xb4][0xd1]i[0x10][0xc7][0xe8]$B[0xbf]c[0x18][0xc4]q[0x9c][0xc7][0x9]L[0xa0][0xb][0xd7][0xd0]M[0x12][0x90][\r]u[0x93][0xfe][0x11][0xbc]O[0x94][0x3]o[0xa6][0x4][0x4][0xe2][0x15][0xc1][0xdf]P[0xfd][0xe4][0x97][0x82][0x97][\n]&quot;
2013-02-06 13:51:56,641 AAD-WS DEBUG wire:63 - &gt;&gt; &quot;[[0xda]K[0xf4]8a[0xac]&apos;y4[0xaf][0xeb][0xb1]#[\n]&quot;
2013-02-06 13:51:56,642 AAD-WS DEBUG wire:63 - &gt;&gt; &quot;[\n]&quot;
2013-02-06 13:51:56,642 AAD-WS DEBUG wire:63 - &gt;&gt; &quot;[0x1c]#[0xad][0xaa]7c[0xab]#[0xf][0xa0]{[0xe9]&quot;[0xef]2NS[0x91][0x86]J[0xfc]v[0x91]_[0xc7][0x16][0xbf]5[[0xfc][0x9e]-[0xb1][0xea]FO[0xde][0xea]$[0xc9][0x9c][0xc4][0x1b]Z[0xec]p[0xbf][0xfd][0x1]Uk[0xf0]Pak[0xdf][0x4][[0x9e][0x96][0x94]i=[0x94][0x11][\n]&quot;
2013-02-06 13:51:56,643 AAD-WS DEBUG wire:63 - &gt;&gt; &quot;c[0x94][0xd6]cT[0xa6][0xf1][0x12]PzX[0xf2][0xa0][0xe7][0x9][0x92][0x9d][0xb6]q([0x8c][0xfb][0xc].[0xc7][0xf3][0xe0]$[0xed][0xc4][0xd8][0x8a]-R[0xf8]HL[0x1c][0xa9][0xc5][0xdb][0x87][0xcf][0xcb]\L[0xa0][\n]&quot;
2013-02-06 13:51:56,643 AAD-WS DEBUG wire:63 - &gt;&gt; &quot;[0x97][0xa8]&apos;W[0xb0][0x7]W[0x8b]\8[0xf8][0x1][0xcb][0xbb]HSEX[0xb7][0xaf][0xae][0xee][0x15]v2XS[0xcc][0x17]c_?[0x15]e0i[0xcb][0x8b]&lt;v8}[0xaf][0xb0][0xcb][0x96][0xfb]X[0xee][0xdb][0xf4][0xdd]L_o`[0x8a]po`[0x17]n[0xa2][0x89][0xbe][0xbe][0xad][0x88][0xd1][0x99]J[0x89]M[0x97][0xa5][0xba][0x11][0x87][0x9f]d[0x1c][0x87];[0xd8][0xd1][0xe4][[0x85][0xf7]yY[0xdd]gJ[0xec][0xfa][0xb]%[0xca]R[0x89]\[0xc4][0xfb][0xeb]vs[0xfc]9[0xec][0xe9]ar[0x92]I/[0x93][0x88][0xd8][0xd8][0xb4][0xec][[0xf6][0x8a][0xcb][0xdf]sB[0xf5][0x94]P[0xc3][0x9b]FO[0xfd]b[0x93][0xc7][0xb3][0x18][0xf3]y[0xdc][0x8b]1[0xaf][0xe8]\[0x8c]m:[0xdc][0xf]7[0xd1]y[0x82][0xbd]E=J[0xd1][0xa8],P&quot;:[0xf6][0xc2][0xc0]A*X[0x8][0xb7][0x8b][0x82][0xa9][0xa5][0xa1][0x1a][0xcc][0x7]s[0x90]d[0xe][0xe2][0x95][0xc1][0xe]g[0xc7][0xeb]U[0xec][0xdd]l[0xba]l[0x1f]d[0x9][0xfa]NI&apos;[0xe8]K[0x91]7[0xbe]I[0xe][0xf9][0xa2][0x86][0x9c][0x11][0x91][0x8a][0xe0][0x15]c&gt;[0xaf][0x98][0xc8][0xa1]1[0xe2][0xf2][0xba][0x8a]b[0xf7][0x8a]^W,&quot;zE[0xdf][0xb3][0xb7][0xbd](+[0xfb]=*[0xc7]}j[0xff][0x3]j[0xf9]C[0xb4][0xd0][0xc7][0xa5][0x15][0xcb][0xf4]N&lt;*)[0xdf][0x10][0x86][0xf3]N[0xf7][0x93]&gt;[0x7]&amp;s[0xab][0xeb][0x9a]V[0xe1]{SV[0xf8][0xc7]%[0x96]g[\n]&quot;
2013-02-06 13:51:56,644 AAD-WS DEBUG wire:63 - &gt;&gt; &quot;[0xb9][0xfe][0xbf][0xe5][0xd3]&quot;K[0x99]?[0xa0][0xf9][0x8b][0xdd][0x97][0x9f]j[0xff]K4[0x87][0xa6][0x97]hY[0x83][0x9f]R[0xdb]W[0xb7]?[0x87][0x3][0xd4][0xb3][0x3]9[0xbc][0x93][0xc3][0xc1][0xcd][0xdc][0xaa][0xed][0xab][0xf5][0x15][0xe1]~M9}CE&lt;GW[0x1d][0xcd]gc[0xd1][0xfb][0xe8][0xfc][0x15][0xcd]/[0xca]B[0xf8][0x92][0xe8]y[0xfb][0x89][0x1c][0xf9][0x17]PK[0x7][0x8]2[0x89]l[0xd4][0xc5][0x5][0x0][0x0][0x97][\n]&quot;
2013-02-06 13:51:56,644 AAD-WS DEBUG wire:63 - &gt;&gt; &quot;[0x0][0x0]PK[0x3][0x4][0x14][0x0][0x8][0x0][0x8][0x0][0xd4]|D5[0x0][0x0][0x0][0x0][0x0][0x0][0x0][0x0][0x0][0x0][0x0][0x0]/[0x0][0x0][0x0]com/sun/java/help/search/TemporaryRAFFile.class}TkS[0xd3]@[0x14]=[[\n]&quot;
2013-02-06 13:51:56,644 AAD-WS DEBUG wire:63 - &gt;&gt; &quot;mC[0xf0][0x81][0x8a]&lt;D[0x10]|[0x94][0x82]T[0xe5][0xa5][0x16][0x91][0x87]T[Q[0x10][0x10][0x5]g[0x9c][0x9][0xe9]R[0xa2]i[0xd2]IR[0x95][0xff][0xa4][0x1f][0x9c][0x91][0xe2][0xe8][0x8c]?[0xc0][0x1f][0xe5]xo[0xac][0x95][0x4]jgz[0xee][0xee][0xdd]{[0xf6][0x9e][0xdd][0xbb]7?}[0xfb][0x81]&amp;\[0xc7][0x96][0x82].db[0x98]V[0x10]A&amp;[0x8e]{lg[0x18][0xee]3[0xcc]*[0xe8][0xc4]\[0xc][0xf3]q,(H[0xe0]A[0x82][0xe6][0x8b][0xc]Y[0x9e]&gt;dx[0xc4][0x90]c[0xc8]3&lt;fXbx[0xc2][0xf0][0x94]a[0x99]a%[0x86]g1[0xac][\n]&quot;
2013-02-06 13:51:56,645 AAD-WS DEBUG wire:63 - &gt;&gt; &quot;49[0xda][0x8e]@[0xf7][0xd2][0x1b][0xed][0x9d][0x96]6[0xec][0xf4][0xaa]f[0x15][0xec][0xd2][0x9c][0xae]K[0xd7][0xcd][0x1a][0xa6][0xcc][0x8](e[0xe9][0x94][0xc][0xd7]5l[0xab][0x1e][0xe9]J[0xbd][0xe2][0x18][0xde]^z[0xa5][0xbe]F[0x91][0xcd][0x5][0xb9]])[\n]&quot;
2013-02-06 13:51:56,645 AAD-WS DEBUG wire:63 - &gt;&gt; &quot;[0x88]-[0x81][0xb6][0x5][0xdb]r=[0xcd][0xf2]64[0xb3]&quot;[0x9b]@?[0x81][0x96]i[0xc3]2[0xbc][0x19][0x81][0xe1]d=[0xa3][0x9f][0xa5][0xf1][0xae]C[0x1b][0x2][0xd1][0x5][0xbb] [0x5]N.[0x19][0x96]|Z)mKg][0xdb]6[0xc9][0xa3],~[0xd0]e[0xd9][0xa3]87[0x86]5[0xda][0xdf][0x94]V[0xd1][0xdb][0xa5]c%[0x87][0xf2][0x2]&apos;[0x8a][0xd2][0xe3][0xed]Wl[0xc3][0xf2][0xa4]C[0x2]u[0xd3]v[0xa5][0xbf][0xcc][0xdb][0xba]R[0xbe]%[0x93][0xcc][0xf3],[0xe6]H[0xad][0x90][0xb3]&lt;5Gn[0x9e][0xb]$[0xd8]d+[0xa6][0xb9]G[0xf4][0xe4][0xab]y?[0x94]l.[0xc7]A[0xf1][0xf7][0xa4]W[0xfa][0xac]h2[0xc7]k[0xcd][0xbe]G[0xe0]\[0xed][0x84][0xa6]f[0x15][0xd3]k[0x9e]cXE[0xff],[0xca][0x9a]]qt[0xc9][0xb2](h][0x96][0xca][0xb6][0xa3]9{[0xab]sYv[0x8d]2G[0xc5][0x0]F[0x4]:[0xc2][0xfc][0xf9][0xca][0xce][0xe][0x9f][0xe2]t[0x98][0xd5][0xaf]b[0x1d][0xcf][0x19]6T[0xbc][0xc0]K[0x15][0x17]q[[0xa0][0xb3]QQ[0xa9]B[0xe]&apos;[0xd9]T[0xd1][0x8d][0x1e][0x15][0x17][0xd0][0xab]&quot;[0x89]![0x15])[0x86]a[0x8c][0xa8][0xf4][0x1c]GU[0xa4]qC[0xc5]M[0x86][[0x18][0xe3][0xd1][0xb8][0x8a][0x9]L[0xaa][0x98][0xc2][0x98][0xc0][0x90]n[0x97][0xd2]n[0xc5]J[0xfb]yv[0xa5]Y[0xa6][\n]&quot;
2013-02-06 13:51:56,646 AAD-WS DEBUG wire:63 - &gt;&gt; &quot;j[0x8e][0xbe][0x9b][0xe][0xb][0x14][0xe8]o[0x18][[0xf]9[0xf3]Wnn[0xb9]^V*[0xa9]V.K[0x8b][\n]&quot;
2013-02-06 13:51:56,646 AAD-WS DEBUG wire:77 - &gt;&gt; &quot;1r[0xdc][0x85][0x1e]q[0xfd][0xb9][0xa3]L(|y[0xfb][0x8d][0xd4][0xbd][0xff][0x85][0xc7]=[0xfb][0x8f]G[0xe0]l[0xf2]h[0x1c]E[0xc][0x1e][0xfb]d[0x83][0xe5][0xa5][0x1b][0xea][0xa4][0x1e][0x6][0xb5]s[0x84][0xaf][0x96]F[0x11][0xbe]][0xb2][0xdd]T[0x93]&gt;j[0x81]~[0xdf]w[0x9]*[0x8d][0x7]0H[0xe3][0xcb][0xe4][0xd9]@3[0xb8]GFS[0x7][0x10][0xdf][0x11][0xd9]&lt;@S{[0xb4][0x8a][0xe6][0xe1]*Z[0xaa][0x88]}E&lt;[0xf5][0x1d][0x89][0xcd][0xe1]v[0xe5][0x0][0xad][0xfb]PS#[0xfb]h[0xfb][0xec]7[0xd5][0x15][0xc2][0xe][0xe2][0x3]c[0x88]b[0x9c]2MP1&apos;[0xa9][0x82]S[0xb8]J[0xde]([0xc5]\[0xa3]?[0x15][0xb8][0x96][0xad][0x9f][0xac] [0x1b]O}[0x81]Z[0xc5][0x89]O[0xf5]}Z|&amp;[0xc0]K5[0xe2][0x9d][0xc][0xf3]f[0x3]&lt;zF5[0xde]e[0x9a][0x1d][0xe2][0x9d][0xfa][0xa7][0x9b][0xbf]k[0xc0]&quot;b[0xc8][0x6][0xb8][0xf4][0xfa]j[0xdc]+t/|3[0x9][0xe6][0xf6]Uq:L[0xce]#[0x8e][0xc7][0x1]2[0xbd][0xda][0xba][0xe0]@[0xe2][0xf6][0x8f]![0xc1][0xcb][0x1][0xde][0xcd]F[0xbc]3a[0xde]z[0x80]G[0xbd]Q[0x17][0x1b][0xf1]5[0xf9]b[0xa9]tg[0xc3]b7I[0xec]V([0xe9]x[0x8d]&lt;H[0xbe]([0xd9]V[0x9f]|[0xa1][0xb7][0x8a]s[0xe1][0xbc][0xaf][0x3]T[0xea][0xc4][0xe3][0xf2][0xf6]T[0xd1][0x11][0xce][0xab]S[0xde]B[0x80]&lt;[0xd5]P[0xf4][0xf9]0y[0x97][0xc8][0xc6]![0xb2][0xc2][0x9f][0x17][0x1a]1[0xb9][0xcb][0x8f][0xa5][0xff][0xe7][0x90]T[0x8f][0xf0][0x8e][0xff][0xd6][0xef][0xfe][0x6]PK[0x7][0x8][0x84][0xde]1!8[0x3][0x0][0x0][0xe1][0x6][0x0][0x0]PK[0x3][0x4][0x14][0x0][0x8][0x0][0x8][0x0][0xd4]|D5[0x0][0x0][0x0][0x0][0x0][0x0][0x0][0x0][0x0][0x0][0x0][0x0]2[0x0][0x0][0x0]com/sun/java/help/search/BtreeDict$DictBlock.class[0x95]TmS[0x1b]e[0x14]=K6[0x9b][0x17][0x16][0xca][D[0x8] P[0xda][0x86][0x85]6[0xad](V[0xda]R[0x1b][0x8]5[0x85][0x96]*`[0x8b][0xb4]BH6dk[0xd8]e[0x92]M[0xb][0xa3][0xe3][0x8c][0xda][0xcf][0xfe][0x3]g[0xec]&apos;[0xbe][0xf8][0xa1][0xce]([0x9d][0xb1][0x8e]~[0xf7]7[0xf8][0xb][0xfc][\r][0x8e]x[0xee][0x12][0x16][0x6]p&quot;
2013-02-06 13:51:56,647 AAD-WS DEBUG wire:63 - &gt;&gt; &quot;[0xaa][0xc9][0xcc]y[0x9e]&lt;[0xcf][0xb9][0xf7][0x9e][0xfb][0xf2][0xe4][0xf7][0xbf][0xfe][0x15][0x1][0x9c][0xc7]J[0x14][0x9d][0x18][0x8b][0xa0][0x3]W&quot;[0xdc]][0x8d]rwM[0xce][0xc6]ew][0xce][0xde][0x93][0xdd][\r][0x81][0x94][0xc0][0x84][0xc0]d[0x8][0xe9]0[0xa6][0xa2][0xd0]q3[0x84][0xf7][0xe5](#pK`Z`F[0xe0]v[0x8]w[0xc2][0x98][0x8d]&quot;[0x86][0xbb][0xe2][0xea][0x83][0x10][0xe6]B[0xf8]H[0x81][0xe6][0x16][0xad][0xca][0xc0]E[0x5][0x3]39g=Y[0xa9][0xda][0xc9]G[0xd9][0xc7][0xd9]d[0xd1],m$+f[0xb6][0x9c]+&amp;Sn[0xd9]4&apos;[0xad][0x9c]{EAdn[0xcb]v[0x8b][0xa6]k[0xe5]h{[0xd5][0xb2]-w\[0xc1][0xb9][0xc4]1[0x1e]d8u[0xc2][0xc9][0x9b][\n]&quot;
2013-02-06 13:51:56,647 AAD-WS DEBUG wire:63 - &gt;&gt; &quot;N[0xcd]X[0xb6]y[0xa7][0xba][0xbe]j[0x96][0xe7][0xb3][0xab]%[0x9e][0xa8][0x5][0xd2][0x14][0x4][0x12][0x83][0x19]^[0xdb][0xde][0xd5]l!m[0xbb]e[0xcb][0xac]([0x88]2[0xe8]][0xc7][0xb2]][0xb3]Ln&quot;#[0xac][0xfa]5[0xd3][0x9d](Z[0xa5]|&amp;[0xbf][0xa9][0xa0][0xd1]$wk[0xda][0xdc][0x9a]1[0xed]5[0xb7][0xa8][0xa0][0xc9];[0x98]p[0xd6]7[0xca]f[0xa5]b9[0xb6][0x82][0x90]w[0x94][0x99][0xa4][0xad][0xb7][0xdb][0xa7][0x86][0xf7]m[0x19][0xa8]`[0x95]+[0xae][0xc4][0xe5][0x8f][0x88]mn[0xee][0xef][[0xe8][0xc5]u[0xca]&amp;Y[0x19];U-[0x14]D[0x89][0x96][0xc8],[0xa5]$[0xaf][0xe8][0xc1][0xad][0x82]v[0xef]t[0xc6]+E)k[0xaf]%[0xe7][0x98][0x85][0xbd][0xc6][0xea]i[0x5][0xcb][0xce]K[0xfc][0x18]S8[0x89][0x10]Mo[0xe6][0xcc][\r][0x97]j[0x99][0xf4][0xa9][0x8a][0xe9][0xa6]JN[0xee][0xd3][0xbd]J[0xf1]$[0x98]X[0xca]x[0xe1][0xe6][0x9c]j9gNYR[0xba]F[0xbf][0xc4][0x17][0xc4][0xa3][0x8e][0x1e][0xdc][0xd3][0x11]G[0x97][0x8e]~[0xdc][0xd7]9[[0xa7]u,[0xe2][0xac][0x8e]3[0x2][0x1f]cIGBvC[0x2][0x83][0x2][0xc3]8[0xcb][0x82][0x1d][0xd5][0xc3]J/[0xcc]O][0x16][0x87][0xf]8 [0xde][0xb5][0xe5]$[0x17][0xec]Juc[0xc3])[0xbb]f&gt;m[0xe7][0x9c]&lt;[0x99][0xbe]j[0x9][0xc9]h[0x86]8[0xbd][0x84]7u$qQ[0xc7][0x5]q[0xdf]z[0xe0][0xde][0xa7][0xb3][0x10][0x99][0xc9]^[0xdb]q{[0xb]N[0xd5][0xce][0xf7]Zv[0xef][0xaa]$,![0x1f][0xea][0xf8][0x4][0xf7]CXV0[0xfc][0xea][0xe9][0x1a][0x10][0xf0][0x8a][0xc5][0xb6][0x1d][0xda][0xeb][0x19][0xdb]6[0xcb][0x13][0xa5]l[0xa5]&quot;s[0xd4][0xf3][0xef][0x9e][0xf6][0xf8]2[,[0xb0][0xc2][0xf9][0x8a][0xc8][0xb8][0xad][0x99][0xe5][0x1b].[0x8f][0xf3]Y7[0xab][0xa0]n)[0xa5][0xa0]#[0xb1][0x94][0xca]d[0x8e]wO[0xec]b[0x89][0x93][0xcf][0xb5][0xbd][0x89]V[0xd0][0xff][0xea]T[0xd0][0xc7][0x7][0xdb][0x9][0x80]C&apos;m[0xe4][0xda][\r][0xf9]4q[0xd7][0x83]7[0x88][0xbd][0xfc]u[0x1e]u[0xfc][0x2][\r]Fs[0x18]/[0xa0][0x18]C?[0xa1][0xee][0x7][0xcf][0xac][0x8f][0xd8][0xc8][0x15][0xb0][0xc5]!6C[0x1a][0xac]Hgj[0xa6][0xfd]4T[0xb8]F[0x8d][0x1f][0x11]0v[0xa0][0xae]|[0xef][0xdb]i[0xde]M[0x92]8[0xe0][0xf3]{j|[0xcd][0x8][0xec] x[0x94];B[0xe4]d[0xf9][0xbe]UOV[0xd4][0x8][0xc5][0xd5][0x95][0xe2][0x9][0xfc]w[0x88][0xe7][0xe][0xf1][0x3]5~[0xb3][0xf2]W&lt;[0xbf][0x3][0xed]([0xff][\n]&quot;
2013-02-06 13:51:56,648 AAD-WS DEBUG wire:63 - &gt;&gt; &quot;1[0xe1][0xf3]O[0xd7][0xd2][0xae][0xa7][0xf6]P|[0xa4][0x19][0xbb]_[0x1c]5[0xb8]N[0x1c][0xf4][\r][0xce][0xd4][0x2]4x[0x6][0xea][0xca][0x89]&amp;[0x13]D[0xc3]7[0xe9][0xad][0x99][0x84][0x8d]xp[0xe5][0x84][0xc]n[0x12][0x87]|v_[0x8d][0x1d]i[0xd2][0x8c][0xf8][0xe][0xc2][0xc7][0x8a]9M[0x1c][0xf6][0xe9][0xdd][0xb5][0x4][0x82][0xf1]&amp;[0xed][0x18]u[0x96]x[0xde][0xaf]{&apos;W9[0xad][0xb][0x1d][0xe5][0xcd][0x11]/[0x1c][0xd7][0x1b][0x17][0x1][0x91]c^[0xef][0x11][0xf9][0x10]k[0xec],;[0xa4]q[0xbd][0xe4][0xa9][0x1d][0x17][0x8c][0x8e][0xaa][0xb2][0xd4][0x8f][0x6][0xb7][0xd1]6[0x1c]S[0x9f][0xaa][0x8a]T+[0x16]|[0x1a]TF[0xe6][0xbb][0x17][0xd5][0xfc][0xf8][0xb7][0xbb][0x1e][0xc]W[0xf][0xc7][\n]&quot;
2013-02-06 13:51:56,648 AAD-WS DEBUG wire:63 - &gt;&gt; &quot;x@7[0xf][0xd1][0xc0]g[0xda][0x86]e[0xb4]c[0x85]mZf[0x98],Y|[0xfc][0xb5]p[0xdf][0x90][0x15][0xe6]z[0xeb][0xff][0x86]S[0xc6][0xb4][0x97][0xd0][0x17][0x87][0x3]1[0xb5][0xa5][0xe1][0x5][0x1a][0xc7][0xb4]m[0x4][0xc7]B[0x1d][0xda]sz[0x1e]A[\n]&quot;
2013-02-06 13:51:56,649 AAD-WS DEBUG wire:63 - &gt;&gt; &quot;i[0x9c][0xaa][0xe9]1[0x10]%[0x9a][0x8c]T[0xa0][0x9e]5[0xea])R[0x8f]E=E[0xea]yDv[0x89][0xfc]u6n[0xc3][0xb3]}[0x8b][0xe5][0x12]m[,\[0x90]k[0x9a]3[0xf1]K[0xf8]6[0x9f]B[0xd3][0xb8][0xbc][0x87]Qu[0x1b][0x3]FL[0xdd]As[0xfc];[0x8e]ZL[0x1d][0xde]A[0xcb][0xf3][0xbd][0xb5][0xd5][0xbb]h[0x1b]Ucj[0xf7][0xb3][0xdd]?^&quot;[0xb6][0xd8][0xf2][0xda][0xb][0xb4][0xff][0xe6][0x97][0xa7][0xdf]K[0xb8]J9[0x8f]Q[0x8f]&apos;[0x94][0xb3][0xc9][0x92]m[0xb1]_[0x9f][0xb1][0xbb]O8[0xd1][0x9f][0xe3]m2T[0xf2]c[0xc4]Q[0xef]M[0x88][0xa0])[\n]&quot;
2013-02-06 13:51:56,649 AAD-WS DEBUG wire:63 - &gt;&gt; &quot;[0x92]w[0xdb]/*[0xae][0xb1]:CF[0x17]E[0xb0]:[0xaf][0xcf][0xca][0xae][0xed]Z[0x97][0xbc][0xd9]g[0x87][0x9b][0xd1]B[0xf][0xc0][0x97][0x8c][0xf9][0x15]Z[0xb9][0xf6][0xe1]k[0xa6]wY[0xe6][0x6][0xef]bA[0xde][0x16][0x99][0x1d][0xf8][0x10][0xf3]P[0xff][0x1]PK[0x7][0x8]rG[0x6]1[0x83][0x4][0x0][0x0]p[0x8][0x0][0x0]PK[0x3][0x4][0x14][0x0][0x8][0x0][0x8][0x0][0xd4]|D5[0x0][0x0][0x0][0x0][0x0][0x0][0x0][0x0][0x0][0x0][0x0][0x0]*[0x0][0x0][0x0]com/sun/java/help/search/BtreeDict$1.class[0x8d]R[0xdb]J[0xc3]@[0x10]=[0x9b][0xd4][0xc6][0xc4][0xd8][0xd6]z[0x17]/[0xa5]Dl[0xeb]%[0xfa][0xac][0xf8][0xd0]JA([0xfa]P[0x11]|[0xdc][0xc6][0xc5][0xa4]M[0x13]IR[0xa1]?%[\n]&quot;
2013-02-06 13:51:56,650 AAD-WS DEBUG wire:63 - &gt;&gt; &quot;JA[0xc1][0xf][0xf0][0xa3][0xc4][0xd9]RD[0x10]Z[0x17]vvf[0x98]3[0xe7][0xcc][0xee]~~[0xbd]}@[0xc5]&gt;[\n]&quot;
2013-02-06 13:51:56,650 AAD-WS DEBUG wire:63 - &gt;&gt; &quot;[0x6][0xd2][0x98][0xd7]1[0x85][0x5][\r]K[0x6][0xe5]V5[0xac]iX[0xd7][0xb0][0xc1][0x90]N\/[0xb6][0xe][0x19][0xac][0x86][0x13]v[0xed][0xb8][0x17][0xd8]m[0xfe][0xc0]mW[0xf8][0xf7]v,x[0xe4][0xb8]v5[0x89][0x84]8[0xf3][0x9c][0xe4][0x98]Ao[0xf6][0x83][0xc4][0x15][0x89][0xe7][0x10][0xf6][0xc4][0xb][0xbc][0xe4][0x94]a[0xa7][0xf4][0x1f]p[0xf9][0x9a]!U[0xb]o[0x5]C[0xb6][0xe1][0x5][0xe2][0xa2][0xd7]m[0x89][0xe8][0x8a][0xb7]|[0xca][0xe8]][0xde][0x11]U?t:[0xc][0xc5]RyL?YCB[0x8c]f[0xd8][0x8b][0x1c]Q[0xf7]$:[0xf3][0xc3]r [0x1]&amp;f[0xb0]ib[0x1a][0xba][0x86]-[0x86][0xbd][0xc9][0xe2],iF[0xf4][0xfa]/[0xdf]&lt;[0xf][0x2][0x11][0xd5]|[0x1e][0xc7]&quot;[0x96]mM[0xba][0xa9][0xb4];b[0x0]CnX[0xe1][0xf3][0xe0][0xce][0xbe]l[0xb5][0x85][0x93]0l[0x8f][0x1f][0xac][0xce][0x9d]$[0x8c][0xfa][0xc]jI^Wq2[0x15][\n]&quot;
2013-02-06 13:51:56,650 AAD-WS DEBUG wire:63 - &gt;&gt; &quot;[0xf4][0xb2]i&quot;[0xd3]h[0xe7][0xe5][0xcc]t[0x1a][0x90]K[0xa1]M[0x8a])[0x9e]%[0xaf]H[0xb1][0xcc][0x18][0x95][0x1]Xe[0xf7][0x15][0xca]3[0xa4][0xc8][0xc]Y[0x89][0x7][0x1e][0xc9]f[0x91][0x1b][0xd5][[0xf4]Sd[0xd6]|[0x87]zSy[0x81]2@[0xea][0xe9][0xf]B[0xc1][0xdc][0x90])[0x8f][0x15]:[0xf3][0xe4][0xa9]X[0xc4]2R[0xa4]j[0xb8][0xbe][0x1]PK[0x7][0x8][0xc7][0xb2][0xac][0xfd]_[0x1][0x0][0x0][0x88][0x2][0x0][0x0]PK[0x3][0x4][0x14][0x0][0x8][0x0][0x8][0x0][0xd4]|D5[0x0][0x0][0x0][0x0][0x0][0x0][0x0][0x0][0x0][0x0][0x0][0x0]*[0x0][0x0][0x0]com/sun/java/help/search/BtreeDict$2.class[0x8d]R[0xcb]N[0xc2]@[0x14]=[0xd3][0x2][0x95]RA[0xc1][0xf7]+(U[0x1][0x1f]5n5.[0xc4][0x98][0x90][0x10]5[0xc1][0xb8]qU[0xea]D[0x8a][0xb5]5[0x9d]b[0xe2]g[0x99][0xf8]H\[0x18][0xd7]~[0x94][0xf1]N1[0xea][\n]&quot;
2013-02-06 13:51:56,651 AAD-WS DEBUG wire:63 - &gt;&gt; &quot;[0x98]d[0xce][0xdc]y[0x9c]{[0xcf]=[0x99][0xcf][0xaf][0xb7]w[0xa8][0xd8][0xc2][0x9a][0xe][\r]Si[0xa4]0-aF[0xc3][0x9c][0x8e][0x4][0x16]5,i(jXf[0xd0][0xef]m[0xcf]ly[0x81]s#[0x18][0x94][0xcb]:C[0xba][0xf9][0xe0]Gm[0x1e][0xb9][0xe]C*j[0xbb][0xc2][0xdc]a0[0x1b]Npk[0x89][0xae]ou[0xec]{[0xdb]js[0xef][0xce][0x12][0xdc][0xe][0x9d][0xb6]u[0x18][0x85][0x9c][0x1f][0xb9]N[0xb4]G[0xef][0xf7]][0xdf][0x8d][0xe][0x18]*[0xe5]a[0x8][0x97][0xf5][0xca][0x5]C[0xa2][0x16]\q[0x86]\[0xc3][0xf5][0xf9]I[0xf7][0xb6][0xc5][0xc3]s[0xbb][0xe5][0xd1][0x89]v[0x17][0x6][0xe][0x17]$[0xac][0xd4]/[0x9d][0x14][0xbf]&apos;[0x13][0xe9][0xcd][0xa0][0x1b]:[0xfc][0xd8][0x95][0xe4][0xec]o[0x99]mI1[0x90][0xc5][0x8a][0x1][0x3][0xa3][0x6][0xd2][0xd0]5[0x94][0x18]6[0x7]K4%[0xc4][0x15][0xc8][0x98][0xb1]Q[0xf7]}[0x1e][0xd6]&lt;[[0x8].[0xc][0x98]X%[0x8f][0x86]H[0xb7][0xcb][0x0][0x86][0xb1][0xf8][0x85]g[0xfb][0xd7][0xd6]i[0xab][0xc3][0x9d][0x88]a[0xbd]g=&apos;[0x82][0x90]A-[0xcb]^W[0x6][0x17]#K[0x5][0xef][0x9][0xee][0xd9]JF&amp;[0xcb][0xd2]s[0x14][0xe9]7h$d[0x4][\n]&quot;
2013-02-06 13:51:56,651 AAD-WS DEBUG wire:63 - &gt;&gt; &quot;[0xf2][0xd2][0xf][0x8a]3[0x90]#/-[0xfa][0xdd])4[0xb3][0xc8]I[0xc9][0x14][0xad][0xd3]^[0xa5]5W}[0x5][0xab]n&lt;C[0xa9]n&gt;C}[0x84][0xec]i[0x9c]0[0x5][0xd9][0xde]8a[0x1e][0x85][0x1f]R[0x99]H2[0x8d][0xb1][0xf1][0x81]D[0xf5][0x9][0xea][0xb][0x92][0xc]][0xde][0xb1]&lt;2[0xac]@[0xd1]D\r[0x12][0xb][0xb1][0x10][0x85][0xbe][0xea],[0xe6][0x9]S[0xb1][0x18]|[0x3]PK[0x7][0x8]&lt;[0xbd][0xbc][0x1b][0x8f][0x1][0x0][0x0][0xd8][0x2][0x0][0x0]PK[0x3][0x4][0x14][0x0][0x8][0x0][0x8][0x0][0xd4]|D5[0x0][0x0][0x0][0x0][0x0][0x0][0x0][0x0][0x0][0x0][0x0][0x0]([0x0][0x0][0x0]com/sun/java/help/search/BtreeDict.class[0x9d]W[0xb]t[0x14]g[0x15][0xfe][0xfe][0xec]fgw2[0x84][0x90][0xb2]P[0x9e][\r]4H[0xb2][0xbb]ay[0xd4]-mZl^[0xd8][0x85]$DX[0xa8]![0xb5]e[0xb2][0x99]$[0xb][0xfb][0xea][0xec][0xa4][0x10][0x1f][0xf8][0xa2][0xf5][0xfd]~T|5R5[0xa2]T[0x1]a[0x97][0x12][0x9a]V[[0xab]P[0xad][0xda][0xd6][0xaa]U[[0xad]V[0xfb][0x90][0xa3][0x1e]_[0xf5][0xd8][0xd3]x[0xef][0xcc]d[0xb3][0x9]iH[0xcc]9[0xf9]g[0xee][0x9d][0xfb][0xdd]{[0xff]{[0xef][0xef][0xbf][0xe7]^9=[0xc][0x7]jp^[0xc6]u[0xe8][0xf3][0xa0][0x16][0xb7]J[0xd8]+[0x13][0xaf]_&amp;[0xe2][0xcd]2[0xd6][0xe3]-[0xcc]~+[0x93]osc[0xbf][0x8c][0xb7][0xe3][0x1d]2[0xde][0x89]w1[0xfb][0xdd][0xcc]&gt;[0xc0][0xcb]m[0xbc][0xdc][0xce][0xbc][0xf7][0xc8]([0xc7]{%[0xbc][0x8f][0x9f][0xef][0x97][0xf1][0x1]|[0xd0][0x83][0xf][0xe1][0xc3]L~[0x84][0x97][0x8f][0xf2][0xf2]1[0x9][0x1f][0x97][0xb1][0x0][0x9f][0xe0][0xe5][0x93],[0xf0])[0xd6][0xf0]i&amp;[0xef][0xe0][0xe5]3[0xbc][0x1c]d[0xde]g[0xf9][0xed]s[0xbc]|[0x9e][0xe5][0xbe][0xc0]o_[0xe4][0xe5]N^[0x6][0xd8][0x99]/I8$[0xa3][0x1a]w[0xb1][0xea]/K[0xf8][0x8a][0x8c][0x0][0xfa]x[0xf9][0xaa][0x1b][0x83][0xfc][0xfc][0x1a]/[0x87]Y[0xdd][0xd7]=[0x4][0xf8][0x86][0x1b]Gd[0xdc][0x8d]oJ[0xf8][0x96][0x8c][0x10][0x8e]J8[0xe6][0xc6]q[0xde][0xef][0xb7]%[0x9c]`[0xb9][0x93][0x12][0xb2],[0x92][0x93]q[\n]&quot;
2013-02-06 13:51:56,653 AAD-WS DEBUG wire:63 - &gt;&gt; &quot;[0xf7]H8-[0xe0]i[0x8c]E[0x8d][0xfa]x*[0xba]G@[0x9]&apos;[0x93][0x9a][0xde][0x10]W3[0x19]-CdSk[0xe4][0xfa][0xa6][0xba][0xc6][0xa6][0xad][0xcd]M[0xad][0x2]&quot;,0[0xab]![0x95][0xcc][0x18]j[0xd2][0xd8][0xa1][0xc6][0xfb]4[0x7][0x0][0x17][0xa9][0xa8]o[0xde][0xd2][0xb0]y[xg[0x13]1[0xdc][0x10][0x90][0x1a][0xeb]&quot;u[0x84]!Rz[0x89][0xf4][0xb4][0xa8][0xfb]6k[0xfd][0xcd]Z[0xb2][0xc7][0xe8]e[0xcc][0x8][0xf1][0xc8][0x88][0xd1]f[0xe8][0xe1]d[0x97][0xb6][0x8f]x[0xe2]e[0xe2]u[0xb2][0x1b]-jR[0xed][0xd1]t[0x81][0x95][0xcd][0xd1]T&quot;[0x98][0xe9]K[0x6]w[0xab][0xb7][0xaa][0xc1]^-[0x9e][0xe]f4U[0x8f][0xf6][0x6][0xeb][0xb][0x4]k[0x5][0x9c]z*e[0x8][0xb8]L&lt;9^[0xd4]A[0xae][0x16]wi[0x9d]}=[0xe4][0xf6]N[0xfa]rM,[0x19]36[0x8]8[0xaa][0xaa]w[0x90]|C[0xaa]K[0x13][0x98][0xdd][0x1c]Kj[0xad]}[0x89]NM[0x8f][0xa8][0x9d]q[0xe2][0xac][0xa9][0x9a][0xc2][0xa6][0xa1]k[0x1a][0x7][0xab]M[0xd5][0xd5][0x84]fhz[0xa6][0x96][0x95][0xc9]M[0xfb][0xa2]Z[0xda][0x88]Q`[0xc8]h[0xb7]fD{[0x5][0xbc]U[0xcd][0xa6][0x82][0xb8][0x9a][0xec][0x9]n3[0xf4]X[0xb2][0xa7][0xb6]:[0xcc][0xfc]p[0xf5][0x85]_[0x8][0x17][0x8d][0xa7]2[0xe4][0x80][0x93][0xfd][0x14]h[0x9f][0xa1][0x1f];/[0x12][0xaa][0x8d]j[0xd4]H[0xe9][0xfd][0xa6][0xbf]N+[0xd7][0x97]Oe[0x82]ELaW_[0xd2][0x12]/Q[0xa3]Q-[0x93][0xb1][0xb]e[\r]o[0xe3][0xe2][0x1e]V[0xe6]k[0xcb][0xdc]bo,[0xde]%p[0xf3]t[0xf6]V[0x80][0x9c][0xb9]%Ww,[0xd9][0x15]n[0x14][0x98]W[0x15][0x9e]&lt;[0xdc]N[0x96][0x10][0xb8]b[0x86][0xae]t[0xd4][0x87]9[0x89][0xeb]f[0xc]c[0x94]&apos;[0xa3]Y4[0x97]IUG[0x98][0xc3];i[0x99]p[0x8e][0x12]j,[0xc9][0xfe]wL[0xfe]][0xde][0x96][0xea][0xd3][0xa3][0xda][0xc6][0x18][0x17]mi[0xde][0xe6]*[0x16]V[0xb0][0x3]7([0x88]`[0xbb]@[0xe5]4[0xfc]\#[0x0][0xc6][0xc])[0xd8][0x5]B[0x9f][0xc1][0xbd][\n]&quot;
2013-02-06 13:51:56,653 AAD-WS DEBUG wire:63 - &gt;&gt; &quot;[0xb6]b[0x9b][0x82]$R[0xe4][0xca][0xf6][0xc8][0xc6][0xf5][0x12][0x86][0x15][0xdc][0x87][0xfb]%|G[0xc1]w[0xf1][0x80][0x82]7[0xa0]Q[0x81][0x86]n[0x5]{[0x90]P[0x10][0xc3]n[0x5][[0xd0][0xa6][0xe0]f[0xdc] [0xb0]bZ&apos;[0x97][0xad]&gt;([0xe1]{[\n]&quot;
2013-02-06 13:51:56,654 AAD-WS DEBUG wire:63 - &gt;&gt; &quot;[0x1e][0xc2][0xbd][0x12][0xbe][0xaf][0xe0][0x7][0xac][0xf5],[0xce])x[0x98][0x17][\r]?[0x14][0x8][0xcc]$[0xd6][\n]&quot;
2013-02-06 13:51:56,654 AAD-WS DEBUG wire:63 - &gt;&gt; &quot;~[0x84]G[0xd8][0x9d][0x9b][0x14][0xfc][0x18][0xdb][0x15][0xf4][0xa0]W[0xc1]OxK?[0xe5][0xe5]Q^[0xf6] [0xae][0xe0]1[0x96]{[0x9c][0x97][0x9f][0xe1][0x9][0x5]?[0xe7][0xb7]_[0xf0][0xf2]K^[0x9e][0xc4][0xaf][0xa6][0x17][0xbd][0xb5][0xbc][0x89]_+[0xf8][\r][0x9e][0xa2]|MLV}_w7[0xef][0xf3]i[0xfc][0x96][0x8e]PE&quot;[0xa3]Ek+&quot;-um[0xcc][0xfa][0x9d][0x82]g[0xf0]{[0xce]TZ[0xc1][0x1f][0xf0],I[0xe4][0xf5]^]![0xe1][0x8f][\n]&quot;
2013-02-06 13:51:56,656 AAD-WS DEBUG wire:63 - &gt;&gt; &quot;[0xfe][0x84][0xb4][0xc0]e[0xaf][0xea][0xc6][0xb6]h[0xaf][0x96]0[0x13][0xfe][0xdc][0xb4][0xe2]4[0xd6]1([0xaf][0x96][0x1b];[0xf0][0xbc][0xc0][0xf2][0x8b]CY[0x92][0x1a][0xe9]%c;[0xcc][0xb7]=v[0xf3][0x5][0x9]/*[0xf8]3[0xe7][0xbe]lLdK[0xe7]n-J[0xed]l[0xe5]t[0xe][0x8c]Y[0xd8][0x9e][0x1e][0xcd][0xd8]H[0xc]&gt;[0xbd][0xd4][0xab][0xc3][0xe3][0xd4]Y1[0x15]p[0x93]P}[0xbf][0xc1]#j[0xde]d[0x7][0xa8][0xa3]~&lt;[0xac]?ch[0x9][0xd2][0xad][0xea][0xba][0xda][0x1f]M[0xa5][0xfb][0x5]|[0x85]8[0xcb][0xcd][0xda][0xf0]$,[0xf3][0x94][0xde]x[0xb1]Vi[0xd7][0xf3][0xff][0xd9][0x90][0x83]3TN[0x83][0x8b][0x2][0xb0][0x95]F^[*[0x13][0xe3][0xc][0x8],[0x9d]Z[0x7][0xf5][0xc4][0xa4]9[0xe7]([\n]&quot;
2013-02-06 13:51:56,657 AAD-WS DEBUG wire:63 - &gt;&gt; &quot;L[0xdb]Lg[0x95][0xb9][0xbf][0x12][0xab][0xc9][0xd7][0x8f][0xe][0x86]);[0xae][0xdd]cK[0xc8][0x85][0x6]n[0xe8][0xe1][0xae]}[0x96]&quot;[0xca][0x95]+[0x96]i[0xd6][0xd4]n[0xea]O[0xdd]1=c4%[\r][0xbd][0x9f][0x9b]-%[0x94][0x9c][0xb6]&lt;[0xd8][0xd2][0xcd][0xec][0x18]&apos;[0xaf]Tc[0x81][0xfc][0xcd][0x80][0x12];[0xca] P[0x97]j[0xa8]&lt;[0xc9])[0x97][0x92][0xc9][0xe6][0x92][0xf0]$[0xb5]}[0xa3]j[0xcb]LnC*[0x91][0xd6]i0[0x99]Q[0x98][0x13][0xed][0xd3]ubGb[0x9][0xad]%[0x16][0x8f][0xc7]2f[0x15]m[0x12][0xa8][0x9e]V[0x5]ZM[0xd9][0x93]P[0xd3][0xa3][0x8d]:p[0xb1][0xd4][0xb7][0xe9])[0x9e][0x8b])[0xdd][0x1a][0x97]j:[0xad][0xf1]dYT[0xb5][0xe9][0xc2][0xc1]cu[0x83]ZS[0xeb][0x85]U[0xfb][0xea][0xe2]n#5Z[0xfa]s[0xab]&amp;[0x9d]g[0xe]M[0xa7][0xd4]z[0xad]O[0xb1]T[0xb0][0x8d][0xf8][0x6]}[0xd5][0xd4]D[0xed][0xe8][0xa1][0x1d][0xcf][0xa6][0xa8][0xa6][0x99][0x8a]S[0xd8]*mw[0x92][0x9a][0x11][0xdc][0xbe][0xb5][0xb9][0xf6]B[0xb];ys[0xa1])bau[0xa2]I[0x90][0x17]L9[0xfb]d1[0xbf][0xa0][0x99]Dz[0xf5][0xd4]^[0xeb][0xe]6;my[0xa9]F[0xf7]Dt5[0xaa]a[0x19]]\[0xaf][0xa3][[0xa3][0x7][0x8b][0xd1][0x80]F[0xba]_6[0x11]U[0x84][0x8d]D[0xbf][0xbe][0x80][0xbe][0x9e][0xe8]p[0x1][0xbd][0x89][0xe8][0xcd][0x5]t3[0xd1]-[0x5]t+[0x9c]&lt;[0xb2][0xe8][0xdd][0xc9][0xe3][0xcc]|[0xd2][0xdc]3[0xbf][0xd1][0xf4][0xa4]g[0x19]qh[0x98][0x12][0xe2][0x8d]D[0xf9][0x88]O[0xb3][0x12][0xb2]/[0x7][0xe1]s[0x9c]D[0xd1]1[0xa2][0xe8][0xb2]Fk)[0xf8]^{[0x18]N[0xb1][0x9c][0xfc]&lt;L\j[0x97]$[0xcf][0xb8][0x1d]p[0xd1][0x1b][0xe1][0xf3]8[0x9f][0xdf]1[0x4]G;[0xd1][0xce],[0x8a]}[0xfe],\g[0xe4][0x93][0x90]|[0xbe][0x13][0x90]rp[0x8f][0xe9]]HX[0xe0][0x88][0xad][0xf7]n[0xcc][0xc7]Q[0x8a][0xc7]1[0xfa]Yp[0x1c][0x1d][0xa6][0xc7][0x2][0xd7][0xd2][0xff][0x8d]x[0x93]mm+[0x8a][0x89]K[0xd6][0xfc][0xe5][0x9e],[0xe4][0x96][0xc0][0xb0]s[0xd7][0x19]wk[0xc0]Q[0xe3][0x8][0xc][0x9f]BIM`[0xd8][0x11][0xf1][0xb1]%%[0x8b]Y59[0x94][0x1e][0xc9][[0x9b]GX [0x7][0x89]~[0x1d][0x94][0xe2][0x1e][0xb2]v[0x9a]b64[0xc1][0xd2]M[0xb6][0xa5]J[0xda]3[0xef]K1[0xdd]^[0xb4]jQ[0xe][0xb3][0x8f][0xe6]u[0xb9][0xcc]X[0xdd]7[0xe]Kw[0x83]&lt;V[0x98][0xdf][0xdd][0x4]-[0xcb]b[0xce][0xd8][0x8e]eS[0xe7][0x3][0xe4][0xc3][0x83][0x5]X&apos;[0xdf]Ml[0xec][0x95][0xa4][0x9b]w8[0xdf]7[0x84][0xf2]v[0xff]b[0xda][0xc3]%&apos;Q[0xc6]a[0x9c]{[0x12][0xca][0xc4][0xa4][0x9c][0xa5][0xe7]9[0xda][0xda][0xc3][0xe3][0xd4]u&quot;j[0xa7][0xb5][0x8a][0xd4]Z[0xdb] W[0xfc]&apos;[0xe0][0xcd]b[0xde]Dw[0x1e]A[0x9]]&apos;[0x9c][0xe8][0x9a][\n]&quot;
2013-02-06 13:51:56,658 AAD-WS DEBUG wire:77 - &gt;&gt; &quot;5&quot;[0xea]QB=F([0xba]&amp;[0xe5][0xb7]][0x80]Z[0x94][0xc5][0xa5][0xf7]c[0xc1][0xc4][0x90]=1[0xce]O[0xba][0xbf][0xd8][0xd8][0xe5][0xb4][0x1b][0x87]Y~[0xfe][0xc5]Y,[0xa4][0xe4]MD&gt;Y[0x80],[0xe2]+Y[0x1e]Yd#[0xc9][0xe4],[0x2]/[0x9a][0x88]|j[0x1c][0x92][0xee]G62H&lt;3[0xd4][0xb4][0xc3][0xc5][0x7]!9[0x6]Q[0xea][0xf3][0xf9][0x97]d[0xb1]$0[0xae]r,5[0xcf]LP[0x93][0xb0][0xd4][0x88][0xe][0xaa]+[0x85][0xbe]&lt;M[0xc5][0xd8][0xb5][0x81][0xf2][0xb4]4[0xe4][0xa4][0xf5][0xb2]P[0xb1]#[0xe4]r[0x84]$G[0xc8]=[0x8][0x87][0xd7][0xe9]-[0x1e] [0xfd][0xfe][0x0]}[0xab][0xc8]a[0xd9][0x11][0xaf][0xe4]u[\r] [0xe1][0xf7][0xd2]1Y[0x1e][0xf2][0x98][0xcf][0xcb]C[0xb2]#T2[0x8][0xcf][0x1][0x97]8P&quot;[0xbc]%^[0xcf]![0xcc][\r]x][0xeb][0xc8][0xc7]J[0xaf][0xec]-[0xd9][0xb5][0xee][0xce][0x91]g[0x99]?[0x80]2[0xaf]k[0xc9][0x0]6[0x99][0xc0][0x15]GXh[0xe]F[0xf6][0x8f][0x9]2u[0x88][0xe][0xa6]?[0xe0]u[0x8f][0x1a]&lt;[0x84][0x85]L[0x9b][0xce][0xc8][0xec][0xc9] [0x8a][0xad][0xaf][0xa6][0x9a][0xd7][0x84][0x9c][0x7][0xdc][0xc2]|][0xe9]u[0xdd]5r[0xde]z[\r]I[0x83]#u[0xf9]p[0xec][0xa6][0x83][0xb][0xba][0x16][0x15][0xe3]9[0xaa][0x81][0xe7]1[0x7]/`.^[0xa4][0x3]u[0x1e]K[0xf0][0x17][0xaa][0x83][0xbf]Rl[0xff]F?[0xd2][0xff][0x8e][\r][0xf8][0x7][0xb5][0xb2]R{z[0x89][0xda][0xd1][0xbf][0xe9][0x0][0xff][0x8b][0xf0][0xff][0xc1]-[0xf8]&quot;
2013-02-06 13:51:56,658 AAD-WS DEBUG wire:63 - &gt;&gt; &quot;/[0xf6][0xe2]e[0xec][0xc7]+[0xb8][0x3]#[0x18][0x10][0x2][0x83][0xa2][0x8][0xc3][0xa2][0x18][0xf][0x9][0x17][0xce][\n]&quot;
2013-02-06 13:51:56,659 AAD-WS DEBUG wire:63 - &gt;&gt; &quot;7[0x1e][0x17][0x9e]q![0xa7][0x1b][0xbb][0x9d][0xb9][0x88]}HV[0x9f]BU[0x1d]W[0xdb][0x10][0xaa][0xdb]}[0xfe][0x1c]|Y[0xf8][0xe9][0xe0][0x4][0xda]s[0xa8][0xa1]o[0x15]Z[0x16][0xab][0xca][0x83]Y[0xac][0xce]bM[0xe]k[0xc7]j[0xb8][0x9c][0xf1]b6[0xb5][0x9e]2[0xcc][0x15]^[0x4][0xc5][0xbc]q[0xb6][0xe8][0xda]j[0x9f][0x85]:[0xbb][0x11],#;E[0x7][0xb1][0xf8]8[0xd6][0xd9][0x6][0xca][0xaf] [0xc5]~Ky[0x16][0xaf][0x9d]p4E%$[0xb1][0x2][0x15]b%[0xf5][0xb6][[0xa0][0xdb][0xea]bv[0x7][3[0x84]P;5[0xcc][0xb5][0x8e][0x1c][0xae]l[0x1e][0xc2][0xfa]v[0xf9]U9\[0xdd]2[0x84][0xda]v*[0xbf]kZ[0x7][0xe9]&apos;&lt;[0x19]#[0x3]\T[0xaf];f[0x16][0xe1]2[0x8a][0xee][0xb5][0xb6][0x99][0xa5][0xd4]F [0x2][0x98]%jp[0xa9]X[0x85]e&quot;[0x84]J[0xb1][0x1e][0x1]q[0x15]V[0x8b]Z[0xf2]:c[0xb6]{[0x3][0xf5]f[0xb3]u`[0x1][\r][0x9b]:2[0xcf][0xe7][0x85][0xff][0xaa][0xad][0xc7][0xff][0x0]PK[0x7][0x8]E[0x8b][0xd7][0xe0][0xc8][0x8][0x0][0x0]V[0x12][0x0][0x0]PK[0x3][0x4][0x14][0x0][0x8][0x0][0x8][0x0][0xd4]|D5[0x0][0x0][0x0][0x0][0x0][0x0][0x0][0x0][0x0][0x0][0x0][0x0]2[0x0][0x0][0x0]com/sun/java/help/search/BtreeDictParameters.class[0xa5]Wit[0x1b][0xd5][0x15][0xfe][0xc6][0x96]=[0xa3][0xf1][0xc8]v[0x94]U[0xd9]P[0x13]Jl[0xd9][0xb1][0xe2]4[0xb8]D[0xb6]C[0x12]9[0x6]&apos;[0x92][0x9d][0xc6][0x9][0xa9]I)[0x1d]Kc[[0x89][0xac][0x11][0xa3]Q[0xb6][0xa6][0xa5]PJI[0x17][0xca][0x92][0x2][0xe][0xb4][0x9])[0xad])[0xa4][0x90]8[0x89][0x94]b[0x1a]J[BJK[0xf7]}[0xdf][0xf7][0x95]n[0xa7]J[0xef][0x9d][0x91]dY[0xb6]9[0xf4][0xf4][0xe8][0xe8][0xcd][0x9b][0xfb][0xee][0xfa][0xdd][0xfb][0xee]{[0xf3][0xc2][0x9e][0xba][0x80]r[0xac][0xc4][0xbf]d[0x84][0xa0];[0xb1][0x5]I[0x9e][0xdd][0xc4][0x83]!!,#[0x5]S&amp;r[0x9a][0xd7][0xf6][0x8a][0xd8]&apos;a[0xbf][0xc]&apos;[0xe][0xf0]p[0x90]W[0xde]*[0xe2][0x90][0x13]o[0xc3][0xdb]E[0xdc],[0xa3][0x16][0xef][0x90]p[0xb]?o[0xe5][0xe1][0x9d]N,[0xc0]m&lt;{[0x97][0x8c][0xdb][0xf1]n[0x11]w[0xc8]D9[0xcc][0xc3]{x[0xed][0xbd]2[0xde][0x87][0xf7][0xf3]p&apos;[0xf][0x1f][0xe0][0xe1].[0x9]w[0xb3][0xe6]{$[0xdc]+[0xe1][0x8][[0xfa] [0xf][0x87]%[0xdc]&apos;[0xe1]~[0x9e]&gt; bD[0xc4]Q[0x19][0xf][0xe2]![0x19]&gt;|HF=&gt;[0xcc][0xc3]1[0xd6]p[0x9c]g[0xf][0x8b]8![0xe1]#2[0x9a][0xf1][0x8][0xf][0x1f][0x95][0xf0]1^[0x1c][0x95][0xf1](&gt;.[0xe1]1&amp;&gt;.[0xe1][0xa4][0x8c]O[0xe0][0x9][0x9]O[0xb2][0x9b][0xa7]$[0x9c][0xe6][0xe0][0xc7]D[0x9c][0x91][0xb1][0x9e]m[0x9e][0x95]q[0xe][0x19][0x9]Y&apos;[0xd1][0xcf]K[0xf8][0xa4][0x84][0xa7]d[0x8c][0xe3]a[0x86][0xe4]i[0x9][0x9f][0x12]qA[0xc4]3[0x2][0xca]c[0xd1]f[0x1]B[0x97][0x0]1[0x1a]3[0xba][0xd5]aM[0x80];[0xb4][[0xdd][0xab][0xfa][0xe3]jb[0xd0][0xdf]k[0x1a][0xb1][0xc4]`[0xab][0x0]gT[0xeb]O[0xf]v[0xc6][0xd5]Ab[0xbf]^@e[,[0x11]3[0xd7][0x9][0x98]Sg[0xb3]&apos;4[0xd3][0xbf]c[[0xa8][0xb5][0xab][0xab][0xab][0xfe]:[0x1][0x8e][0xa0][0x1e]%]5[0xa1]XB[0xeb]N[0xf][0xf7]k[0xc6]v[0xb5]?N[0x94][0x96][0xba]PD[0x1f][0xf6][0xa7][0xd2][0x9][0xbf]%7[0xa4][0xc5][0x93][0xfe][0x94][0xa6][0x1a][0x91]!odH[0x1b]V[[0xa7][0xda]g[0x8d][0xf2][0xa6][0xfd][0x11]-i[0xc6][0xf4]DJ[0xc4][0xa7][0xc9]#CS[0xa3][0xbd][0xa6]j[0x92][0xd2][0xf2][0xba]z[0xf2]I[0xde]g[0xc4]Lm[0x82]DB[0xce]A[0xcd][0xec]44[0xad][0xab][0xc3][0xa2]P[0x9c][0xce][0xd4][0x4][0xc5]Qg[0xf9]*[0x13][0xa9]#[0x1f][0xfd][0xdc][0xba][0xe9][0xcd]WF[0xc8][0x1e]+^W[0x12]p[0xfd][0xcc][0xf1]l4[0xc9]PG,bnU[\r]RnjF[0x8a][0xa0]t[0xb0][0xe3][0x2][0xb6]Nc[0xe8][0xff][0xd4][0xac][0xa4][0x93]Q[0xf2][0xd1][0x86]Q@[0x85][0x85][0x87][0x88]gij[0xa5]O[0x80][0xd4][0x16][0x89][0xe7][0x12]&apos;[0xf7][0xea]i#[0xa2]u[0xc6]8+[0xb][0xa6]Q[0xd8][0xc4]V[0x15][0xf4][0xe2]3[\n]&quot;
2013-02-06 13:51:56,659 AAD-WS DEBUG wire:63 - &gt;&gt; &quot;[0xc2][0xe8][0xe6][0xd9]N[0x5][0xd7]c[0x97][0x88][0xcf]*[0xf8][0x1c][0x9e]S[0xf0][0x16][0x10]C[0xf][0xb6][0x92][0xe9]b[0xcf])[0xc6][0xed][0xe1][\r][Y[0xe2][0xa2][0x82][0xe7]qIA?&quot;[0x2][0x96][0x16][0x98][0xc2]j|@7[0x86][0xb5](q[0x17][0xf2]*[0xe2][0xf3][\n]&quot;
2013-02-06 13:51:56,660 AAD-WS DEBUG wire:63 - &gt;&gt; &quot;^[0xc0][0x17][0x4][0xcc]+Efcz`@3X[0xe1][\r][0x2]j[0x83]z:[0x1e]M[0xac]0[0xbd]vN[0xbc][\n]&quot;
2013-02-06 13:51:56,660 AAD-WS DEBUG wire:63 - &gt;&gt; &quot;[0xbe][0x88][0x17]y[0xf8][0x92][0x82]/[0x83][0xec]~[0x5][0x97]D|U[0xc1][0xd7][0xd8][0xaa][0xed]ZL[0xf7]s[0xa8][0xac]&quot;[0xa2][0xe0][0xeb][0xd8][0xa5][0xe0][0x1b][0xf8][0xa6][0x88]o)[0xf8]6[0xbe][0xa3][0xe0][0xbb][0xf8][0x9e][0x82][0xef][0xe3]F[0x5]?[0xc0][0xf][0x9][0xb0][0x1]b[0xe]([0xd8][0xc3][0x1a][0x1c][0x3][0x16]H`[0xe1][0x1f][0xd1]V[0xf1][0xf7][0x6][0xaf][0xdd][0x14][0xde]@EaO[0x14][0xfc][0x18]?[0xc9]{M[0x86]lo[0xb5][0xe8]6J[0xb4]f[0x8][0xf0][0xe4][0x17][0xba][0x12][0xc9][0xb4]I[0x11]i[0xea][0xb0][0xbd]&amp;[0xe2][0xa7][\n]&quot;
2013-02-06 13:51:56,660 AAD-WS DEBUG wire:63 - &gt;&gt; &quot;~[0x86][0x9f][0xb3][0xe6]_[0xf0][0xf0]K[0x5][0xbf]b[0xbc]~[0x8d][0xdf]([0xf8]-Gk[0xb][0xa7][0xcd]X&lt;[0x87][0xc5]v}[0x8f][0x96][0x88][0x1d]d[0xc5]e[0xde]v[0x16][0xfa][0x9d][0x82][0xdf][0xe3][0x12][0xbd][0xf6][0xa7][0x14][0xfc][0x1][0x14][0xf1]&apos;[0x5][0xc6]sD1L[0x5][0xc1].[\n]&quot;
2013-02-06 13:51:56,661 AAD-WS DEBUG wire:63 - &gt;&gt; &quot;[0xc8][0xcf])[0x11][0xf1]W[0x5]/q[0x80][0xe][0xda][0xf9][0xed][0x8c][0xd9][0xdf]([0xc]o,[0xba][0xba][0xbd]Y[0xc1][0x10]G[0xeb].[0xc6]k&apos;[0x97][0x10]Y[0xaa][0xd9]L[0xc4]^[0xab][0xf8][0xbc][0xcd]M[0xab]d[0x11]W[0x10]c[0xf6]Z[0xd6][0xeb][0xed]O[0xb5][0xaf]^[0xb5][0xe6]*[0xaf]a[0x92][0xd2][0xa0][@[0x95]w [0xde][0xbe][0xb2][0xd9][0xcb]v[0x8]3[0xdb][0x4][0xc9][0xfd]S[0xc1][0x1b][0xb0][0x8d][0x1a][0xc7][0xe4][0x92][0xe3][0x8a][0xb]x[0x5]4[0xfe]/5/[0xc0]?3{\[0x8f][0xec][0x9][0xab][0x9]uP3[0x8a]%fO[0xd4]V[0xa1][0xf2][0xf2]TNQO1uJs[0xe3]VP?[0xa3][0xcd][0x8e][0x8d]di[0x92][0xb5][0xb1][0x84][0xa9][0x15]{0C[0x87][0xa1][0xce][0xb4][0xbc][0xc4][0xd8][0xf4]}H[0xe4][0x8e]f[0x95][0xe3][0x9c][0xba][0xfa][0xe9]:um[0x11][0xed]@[0xca][0xd4][0x86][0xa9][0xf3][0xe9]i[0x93][0xec][0x86][0xf2]1n%[0xd6]\[0x19][0x92]@[0xa5][0x9a]Lj[0x9][0xea]H[0x8d][0xd3]96[0x85]d[0x17]wk[0x9]{O[0xff]n-b[0xbe][0x12];5[0xde]$[0x81]`[0xea][0x4][0x81]d[0xea][0xf6]j[0x11][0xf0]ENQ[0x94]I~[0x8b]S[\n]&quot;
2013-02-06 13:51:56,661 AAD-WS DEBUG wire:63 - &gt;&gt; &quot;*[0xb5][0xfd][0xb1][0x94]IH[0xba][\n]&quot;
2013-02-06 13:51:56,662 AAD-WS DEBUG wire:63 - &gt;&gt; &quot;[0xf2][0xc1]![0x95]t[0x8][0xc1][0xc9][0xb1][0xe6][0xf4][0x89][0x86][0x96][0x8c][0xab][0x11][0xc2]g^]08-BUq5ev%[0xa2][0xda][0xfe][0x9e][0x1][0xfb][0x10] [0xf4]+[0xe3]Zb[0xd0][0x1c][0xe2]F[0xaf]&apos;&quot;*[0xe1]u[0xc5][0xab][0x82][0x83][0xf4][0xad][0x9d][0xb1][0x93][0xbf]2[0x85][0xd3]Y[0xad][0x13][0xf6]A=[0x91] [0xf4][0xac][0x92][[0x98][0xcf]j[0xae][0xc]&amp;[0xd6]Z[0xf3][0x1d]f[0xca][\n]&quot;
2013-02-06 13:51:56,662 AAD-WS DEBUG wire:63 - &gt;&gt; &quot;[0xa9][0xa1][0xaa](j.[0x2][0xe6][0xe7][0xd5]L[0xee]:[0xa4]cA[0xdd][0xb4][0xb][0xec][0xcc][0xec][0x89]%[0xbb]=YT[0x89][0xcf]+&gt;[0xc7][0xf9][0xa4]4[0xa9][0xbe]S;c[0xc][0xd4][0xb4]uL[0xc7]pE$[0xae][0xa7][0x88]y[0xc5][0xab][0x82][0xc5]:[0xa5][0x13][0xda]~[0xd3]jk[0x9c][0xef][0x9b][0xd2]j&lt;U[0xa2]&gt;_^[0xa4]~[0xd6][0x4][0xb5][0xcb][0xde][[0xe4]&quot;UFJ[0xa3]W*[0x93]!5[0x15][0xd6][\r][0xcd]RGj[0x96][0xcd][0xb8]YwPK[0x8d][0x99]1[0x8d][0x98]d[0x82][0xb3]C[0x8b][0xe8]V[0xb7]^D[0x5]1s[0x19]W[0xe7][0x11][0xca]wF[0x87][0xa1][0xeb]dwa[0x9e][0xde][0x93]6[0xb][0xa8][0xda]&lt;[0xf0][0xd2][0xad]+[0x4][0xd0][0xb5][0xb5][0x8c]OR[0x9a][0x95][0xf1][0xa9]IO[0x99]{!=][0x10][0xa8][0x8f]o[0xa7]q[0x7][0xbd]5[0xc1][0x81][\n]&quot;
2013-02-06 13:51:56,663 AAD-WS DEBUG wire:63 - &gt;&gt; &quot;zV[0xfb][0x1a][0x16]/[0xc9]B[0xf0][0xcd]u[0x9c]C[0xd9]i[0xa2][0x8][0xb8][0x8e][0xe9][0xa4][0x9]t[0x5][0x16][0x89][0xd3][0x5][0xbf]%[0xbb][0x93]t[0xb2][0xec]rZ[0xe3]U[0xd1][0xd7][0xd0][0x98]E[0xf9][0x84][0x90]L[0xc][0xc0][0x1a]T[0xe2]J[0xbc][0x91]f[0xe][0xa2][0xf7][0xd1][0x9f][0xe][0xf4][0x9c][0xd9][0xb5]$H[0xa7][0x1c][0xe6][0xfa][0xb2]p[0x8c][0xa0][0xc6][0xe7]sWdP[0x99][0x81][0xe8]8Y~[0xb2][0xa0][0xc8]M[0xa2][0xcc],[0xa2][0x15][0xb3][0xd0][0x86][0xd9][0xb8][0x9a]V[0xde][0x84][0x1b]rj&lt;[0x16]&apos;[0xfd]&apos;lWZ[0x84] [0x8d]o[0xc6][0x8d]9[0xb6]%[0xf4]dj[0x85][0xef],[0xca]N[0x96][0xb0]v[0x92]f[0xba]\[0xe4]X[0x97][0x91][0xeb][0xec]|[0xa5]o[0xd1]$[0x1c][0xec][0x90]6[0x13]V[hFW[0x8c])[0xfc][\r][0xe7] [0x95][0xf2]w[0x13][0xf]][0xc8][0xa3][0xd0]r[0xfc][0x6]E[0xc4][0x98][0xad][0x1b][0x87][0xb3][0xcf][0xe7][0x96][0xb3][0xa8][\n]&quot;
2013-02-06 13:51:56,663 AAD-WS DEBUG wire:63 - &gt;&gt; &quot;[0x9][0xe1]F_[0x6]J[0x16][0xae][0xc6]S[0xa1]1[0xd4][0x8c][0xa3][0xb6]/[0x8b]Ynw[0x6][0xb3]ia[0xce][0x18][0xe6][0xd2][0xcc]-[0xd3][0x90][0xc1][0xbc][0xc][0xe6][0xb][0xa7],[0xcf][0xe7][0xd3][0xaf]:go!E[0x3][0xca]j[0x15]YqQ[0x86][0xe6][0x12][0xf0][0xf3][0x9][0xf0]6B[0xcb][0x89][0x1][0xc][0xda]9+k&apos;[0x8f][0xaa][0xc9][0xc9][0xc3]BX[0x8]8[0xca]Z[0xa4][0xb2][0x16]gY[0x8b][0xdc][0xf0]&lt;[0x12][0xe3]X[0xd0]G[0xe9][0xf0][0x4]D[0x8f][0x98][0xc1][0xc2][0x11][0xf4][0x8e]aQ[0xad][0xff][0x18]\&gt;k[0x92][0xc1][0xe2]-&lt;[0xcb]`[0x9]y[0xb5][0xd4][0x11]=[0x86]*[0x9f][0xe5][0xdb]e[[0xf2].{m[0x97][0xd9][0xcf][0xf3]x[\r][0xc7][0xe8]^[0xe6]^NZ/[0xf][0x8f]B[0xb1]b[0xce][0xe2][0xb5][0xe1][0x86][0x8b]X[0xc6]/[\r]99[0x16]q_a[0xcb][0x11]&quot;[0xdd][0xa3][0xa8][0xe6][0xe5]F[0xf7][\n]&quot;
2013-02-06 13:51:56,664 AAD-WS DEBUG wire:63 - &gt;&gt; &quot;~[[0x99]A][0xa0]b[0x1c][0xf5]}[0xe3][0xf0][0xf5]y[0xa8]P[0x1a][0xb2][0xa0][0x8a][[0x19][0xa8][0xf4]P[0xc9]4[0x5][0xaa]&lt;U[0x8c][0x8e][0xe4][0xe5][0x97][0x98][0xb0]j[0x1c][0xcd]}DZ[0x9d][0xc5][0xeb][0x2][0x8a]G[0xc9]`[0xcd][0xce]Q[0x84][0xac]I[0xc0][0xe5]q[0xb9][0xaf][0xcc][0xa0]e[0x4][0xb5][0x16][0xe1]&lt;^[0xdf]&quot;[0x8d][0xa2][0x89][0xc8]W[0x95][0x90][0x9d][0xa3][0x98]O[0xe4][\n]&quot;
2013-02-06 13:51:56,664 AAD-WS DEBUG wire:63 - &gt;&gt; &quot;[0x8b][0xec]*[0x90]e[0x9e][0xad]=[0xfa][0xf2][0x18]E[0xb1]|J[0x14][0x81]B[0x14][0x1][0xc7]([0xe7][0x92][0xc3][0x90][0xad]W![0xe0]&quot;[0x9c]k&lt;[0xae]F[0xca][0xf6]y[0xb4]R[0xc2]=[0xae]S[0x85][0x92]9[0x81]:[0x1a][0xfb])A[0x83][0x90][0xe8]~TE[0x97][0x9e]j[0xba][0x15][0xba][0x11][0xc7]b[0xc][0xe3]r[0xe8]hD[0x12]-[0xf4][0xd5][0xd9][0x89]4[0x15][0xd7]&gt;*[0xac][0x3]0q[0x88]&gt;0o[0xa1][0xdf][0xad]8[0x8e][0xdb][0xf0]8}J[0x9e][0xc6][0x1d][0xb8][0x88];[0xf1]&quot;[0xee][0xa2];[0xe7][0xdd]t[0xd1][0xbc][0x87][0xae]x[0xf7][0xd2]M[0xed][0x8][0xdd][0xc9][0xee][0xc3][0xbf]q[0xbf]P[0x8e][0x7][0x84]Z[0x8c][0x8][0xb]qTX[0x81][0x7][0x85]f&lt;$[0xb4][0xe2][0x88][0x10][0xc4]1[0xe1][0x1a][0x1c][0x17][0x6]qBH[0xe1][0x11]a/F[0x85][0x83]xT[0xb8][0x1d][0x8f]M[0xda][0xcd]C[0x85]m[0xd8][0x96][0xdb][0xcd]^_[0xbe][0xe][0xda][0xb8][0xe]h[0xb3]e[0xd0][0xee]^[0x97]G[0xe4][0xea][0xd2][0xed][0xf1][0x4].[0xc3][0x93]D[0x89][0x91]&amp;[0xbb][0xa5][0x1c]&quot;[0xed][0xbc][0xb2]}[0x1c][0xeb][0xfb][0xf2][0xb0][0x9e][0x85]4[0xa9]&gt;6[0x84][0x1a][0xdc][0x1b]3[0x8][0xe6]qww[0xd8][0xd6]6[0xb1][0xb5][0xce]&quot;[0xcb][0xd7][0xe4]wL[0xb0]![0x83]k&apos;[0xac][0xcf][0xb3]Z[0xde][0x19],[0xc5]YB[0xf5][0x1c]m[0xd1][0xc][0xb5][0xb5]l![0xba][0xdd][0xe4][0xdf][0x9e][0xc2][0x16]_[0x9f][0x8f]n[0xc]]#X\[0xb4]A7OT;[0xed][0xca][0xd2][0xa6]y[0x81][0xb6][0xe4]3[0x14][0xe1][0xb3][0x94][0xcd]x[0x1][0xab]%[0x96].[0xea]E[0xe5]g[0xd0]U[0xda][0xb6][0x9e][0xa6]q[0xd8][0xea][0xd9][0x89][0xff][0x2]PK[0x7][0x8][0x82][0xd4][0xe1]x[0xb1][0x8][0x0][0x0]}[0x10][0x0][0x0]PK[0x3][0x4][0x14][0x0][0x8][0x0][0x8][0x0][0xd4]|D5[0x0][0x0][0x0][0x0][0x0][0x0][0x0][0x0][0x0][0x0][0x0][0x0]4[0x0][0x0][0x0]com/sun/java/help/search/ByteArrayDecompressor.classuPMO[0xdb]@[0x10]}k[0x9b][0x98]8[0x86]|[0x17][\n]&quot;
2013-02-06 13:51:56,664 AAD-WS DEBUG wire:63 - &gt;&gt; &quot;iI[0xa1][0x95][0xc0][0x11][0xb8]R/[0x1c][0x10]R[0xd3][0x82][0x84][0x84]8[0xb4][0x15]R[0xe1][0xd0]:[0xc9]*[0xb8][\n]&quot;
2013-02-06 13:51:56,665 AAD-WS DEBUG wire:63 - &gt;&gt; &quot;vd;Ur[0xe9]/[0xea][0xa5][0x12][0x1][0x89][0x3]?[0x80][0x1f][0x5][0xbc]5U*P9[0xec][0xcc][0xce][0xbc][0x8f][0x9d][0x9d][0xeb][0x9b][0xcb]+[0xe8]X[0xc7]k[0xb][0xd3]X[0xb0]`b1[0xcb]PS[0xe1][0x85][\n]&quot;
2013-02-06 13:51:56,665 AAD-WS DEBUG wire:63 - &gt;&gt; &quot;/[0x15][0xb0]d[0xa2]n[0xe2][0x95]@[0xe6][0x9b][0x17]E[0xde]H@;n[0xaa][0xca][0xf]:r( [0xf6][0x4][0xcc][0xfb][0xe2]-[0xdb][~[0xe0]&apos;[0xdb][0xbc][0xac][0x1e]7[0xf7][0xd6][0xe][0x5][0x8c][0xf]aG[\n]&quot;
2013-02-06 13:51:56,666 AAD-WS DEBUG wire:63 - &gt;&gt; &quot;[0xe4][0xf7][0xfd]@[0x1e][0xc]N[2[0xfa][0xe2][0xb5]z[0xec][0xe4][0x14][0xf3][0x93][0xf4]:~[0xd0][0x15][0xc8][0xb6]F[0x89][0x8c]U)[0xa0][0xaf][0xae][0xd1]4[0xd7][0x95][0xc9][0x81][0x1c]&amp;M[0x2][0x2][0xd6][0xce][0xb0]-[0xfb][0x89][0x1f][0x6][0xb1][0x89]e[0xd6][0x9f][0xc3]A[0xd4][0x96][0xbb][0xbe][0xb2]ZP[0x9c][0xf7]j[0xba][0x8f][0xb2][0x1d][0x9e][0xf6]#[0x19][0xc7]a[0xb4][0xf1][0xc3][0xfb][0xe9][0xd9][0x98][0xc5][0x8a][0x8d][0x12][0xf2]6[0xb2][0xb0]l[0xcc][0xc0][0xb6][0x91]S[0xa1][0x84][0x15][0x81][\r][0xf2][0xdd]x[0x10][0xb8][0x8a][0xec][0x9e][0xc8]^[0xdf][0x8d][0xa5][0x17][0xb5]O[0xdc][0xff]z[\n]&quot;
2013-02-06 13:51:56,666 AAD-WS DEBUG wire:63 - &gt;&gt; &quot;[0xbc]yR[0xf0][0x90]WN[0xf1][0x9e][0x17]t[0xdd][0xc9][0xe8][0xe9][0xd7][0xe]Q[0xe7]n[0xa7][0x1]._S3[0xf1][0xa6][0xa9][0x89][0xd2]&lt;[0x93]f[0x3][0x82]s[0xe7][0x19][0xb][0xac][0x1a]d[0xea][0xcc]9[0xe7][0x2][0xc2]i[0xd4][0xce][0xa1][0xfd]a)Pd[0x9c]M[0xa1]&lt;%[0x5]Z[0x15][0xd9]-M[0x84][0x9b][0xec]*[0xb4][0xe2]4[0xc6][0xd0][0x1d][0xa7]v4[0x86]1[0xc6][0x94]s[0x8e][0xcc]?[0x87][0x12]Y@[0x15]SxF[0xe5][0x1c][0xca][0x98]&apos;RF[0xe5][0xaf][0xcb]2[0xc7][0x12][0xcc][0x96]sF[0xe9][0x19][0x8c][0xce][0xef][0x89]6[0x93]&quot;[0x8b]t[0xa8][0x92][0xaf][0xa5][0xfc]u:[0xa9]n[0x95]\[0xdd][0xf9]J[0xd1][0x91][0xf1][0x9d][0xaf][0xbe]+[0xe2][0xf6][0xd7]c[0xe9][0x12][0x1f][0xbd][0xff][0xef][0x1c][0xcf]|[0xba][0x83][0xe7]wPK[0x7][0x8][0x18]u[0xc0]e[0xb1][0x1][0x0][0x0][0x9b][0x2][0x0][0x0]PK[0x3][0x4][0x14][0x0][0x8][0x0][0x8][0x0][0xd4]|D5[0x0][0x0][0x0][0x0][0x0][0x0][0x0][0x0][0x0][0x0][0x0][0x0]+[0x0][0x0][0x0]com/sun/java/help/search/Decompressor.class[0x95]TKo[0x1b]U[0x14][0xfe][0xc6]3[0xe3]q[0x1c][0xb7]q[0xda]N_[0x13][0x97]RHI&amp;[0xf][0xf7]AM[0xdb]$[0xa6][0xf]([0xb2][0x9a][0x7][0xa4]%[0xa8]i[0xa1][0x99][0xd8][0xd3][0xc4]i2[0x8e][0xc6][0x93][0xe2]BH[0x83][0x8]B[0x14][0xb5][0x88][0xb7][0x8a][0xa0][0x95]`a![0xbc][0x0][0x89][0x16][0x81][0x10][0x12][~[0x2]K[0x84][0x10][0xab][0x8a]%+[0xc2]w[0xc7][0x8e]cGm%[0x16]&gt;w[0xee][0xb9][0xf7][0x9c][0xf3][0x9d][0xef]|[0xd7][0xbf][0xfe][0xfb][0xe3][0xcf][0x90][0xd1][0x85]#aD[0xd0][0xd9][0x80]Ft[0x9][0xd3]-L&lt;L[0xb3]G[0x98][0xbd][0xc2][0xec]k[0xc4]~&lt;[0x1e][0xc6][0x1]$[0xc4][0xf6][0x9][\r][0x7]5[0x1c][0x92][0x10]&gt;[0x96][0xf5][0xf2])[0xe7][0xd8]e[0xcf][0x96] [0xa5]$[0xac];[0x9e]s[0xf2][0x9e][0xe5]x#[0xd6][0xf4][0x9c]-[0x3][0x8]IP[0x7][0xc5]5[0xb1][0xd9])[0xa1][0xe1][0xbc]k[[0x99]r[0x84]v[0xde][0xcb][\r]s[0xc7]+[0xe7]g-oRB[0xb0]7[0xeb]d[0xbd][0xa4][0x4][0xb9][0xad]}D[0x82]r&lt;[0x97][0xe1][0xbd][0xa6][0xfe][0xac]c[0xf][0xce][0xcd][0x8c][0xdb][0xee]ik|[0x9a][0x9e][0xc6][0x9][0xdb][0x1b][0xb4][0xb]^9[0xf]/[0xb3]v[0xf8][0xe9]B[0xda][0x9e][0xf5][0xb2]D[0xa0][0xe1]0[0xef][0x88]T&quot;}[0xd6][0x99][0xe0].[0x9d][0x9b]s[0xbc]Q[0xdb][0xcd][0xd9]y&amp;v[0xfd][0xb2]J[JD[0xae][0x1f][0xb7]&apos;[0xb2]N[0xca][0xb3]]K[0x84]K[0x8][0x89]c[0x91]_[0xc2][0xde][0xb6]T:7[0x13][0xcf][0xcf]9[0xf1])[0xeb][0x92][0x15][0x9f][0xb4][0xa7]g[0xe3]y[0xdb]r[0xd3][0x93][0xf1][0xe3][0xb9][0x99]Y[0xd7][0xce][0xe7]sn98[0xe7][0xf6][0xb4][0x8f][0xb2][0x8b][0x8c][0x9d][0xf6][0x81]w&lt;(8[0xe5]x[0xf6][0x84][0xed][0x1e]u][0xeb]r[0x8f][0xe8][0xb6][0xc1][0xca][0xa7][0x9f][0xaa]D6[0xf1][0xdb]v[0x4][0xf4][0x15][0x8f][0xd6][0x96]J[0x9d][0xf5][0xe1][0x86]O[0xe5][0xe6][0xdc][0xb4]}&quot;+[0x98]h[0x16][0xe7]+([0xba]E[0x91][0x8]6cK[0x4][0x9b][0xb0]&gt;[0x2]][0x98][0x8d][0xc2]l[0x87][0x11][0xc1][0xce][0xb2]yXCO[0x4][0xbd][0xe8][0xd3][0x90][0x8c][0xe0]I[0xf4]E[0xf0][0x10][0xc][0x9][0xad][0xf7][0xc5]Z[DB[0xd4]?[0x9f][0xb6][0x9c][0x89][0xf8][0xd0][0xf8][0x94][0x9d]&amp;M[0x1b]W][0xd5]1[0xb0][0xff][0xff][0xc1][0x1c]EpI[0x88][0xa6]&lt;[0x95][0x91][0x7][0xa1][0xa9]e[0x8e][0xd3][0xb7]2[0x19]e&apos;e[0x19][0xa1][0xc2]T6[0xba][0xe][0xeb]A[0x6][0xb9][0xb] [0xca]}s[0xcd]~[0x3][0xe4][0xc3][0xff][0xde]TYum[0xe4][0x8f][0xc4][0xf1][0xe6]V~[0xed][0xa7]_[0xe2][0xda]d~[0xf][0xc9][0x94]o# [0x8c][0xfc]-][0x12][0xb6][0xd1]n[0x80]B[0xdb]@[0xdb]D[0x1b]e[0x8a][0x6]E[0x11],[0xf3][0xbc][0x85]&apos;[\n]&quot;
2013-02-06 13:51:56,667 AAD-WS DEBUG wire:63 - &gt;&gt; &quot;[0xd7][0x18][0xed][0x8e]j[0xca]][0x95][0x94]A?[0xdd]j[0xa6]0[0xfd] [0x8][0x95][0xe5][0x3]b[0x10][0xb4][0xe2][0xfe][0x14][0xa3][0xc5][0xc9]a[0xb9][0xb7][0x88]mEl6[0xbf][0x83][0xa2][0xd0][0x4][\n]&quot;
2013-02-06 13:51:56,667 AAD-WS DEBUG wire:77 - &gt;&gt; &quot;[0xb]7[0xa0][0x1a][0xa5]%I2[0xcf]p;[0xaa]d[0x98][0xf0][0xf3][0xe5][0xdf]M[0xf3][0xe][0xd4][0xdb]P[0xcc]h[0x88][0x8e][0xe2][0xf2][0x1f][0xd5][0x1a];[0xa0][0xd1]ng[\r][0x3]![0xe2][0xdb]Ll[[0xfd]Z[0x6][0xda][0xe9]_E[0x1c][0x10]&quot;[0xa9] [0x18][0xf6]}@wM[0x99][0x9b][0xa4]d[0x15]G[0xc9][0x8c]j[0x82][0x1b]Qx[0x94][0x95][0x9b][0xb1][0xb8]PZ[0xc3]Q+[0xb9][0xd9][0xcd][0x1a][0xed][0xcc]l[0xd6]T[0x92][0x84][0x12]+[0x95]~!2q[0xf7][0xf5]hH$[0xce][0xf4][0x19]b[0xf9][0x12]-[0xa2]VK[0xa1][0x19][0xcb][0xb]-&gt;[0x8]#[0xc3]2[0x81][0xb1][0xf9][0x92]8[0xbf][0x89][\r]5[0xe7][0xf3]E(r[0xd2][0xf][0xcc][0x90][0xb1]h,[0x1a]*[0x8]\[0x8b][0xc9]%[0xe9][0x1f]#[0x1a][0xfa]b[0xf9]o[0xe3]&amp;[0x8c][0x98]Q[0xa8][0xc2]%Q[0xe5][0x84][0xf3][0x8b]%*[0xb1]U[0xf0][0xdd][0xbe]&quot;[0xf6][0x90][0xae][0xbd][0x1c][0xef]&gt;[0xc2]?[0x80][0xa3]8[0x88][0x93]8[0x84][0xe7][0xb9][0xbe][0x84][0xc3][0x18]G[0xf]^[0xe1][0x3][0xba][0x82]#u[0x8d][0xed][0xba][0xf7][0xd0][0xe5][0xb5]C?[0xc1][0xb6][0x9f][0xa1][0xe7][0x11]&lt;Z![0xe2]7[0xe6]P[0xb9]^[0xa5][0xee][0x82]7[0xa0]w[0xb2][0x1d][0xd9]4[0xee]@[[0xfc][0x1][0xa1][0x0][0x94][0x92][0x92],[0xe2][0xd9]&quot;[0x6][0xea][0xd4][0xd0]+[0xae]%[0x14]S,Fll&gt;V0c&quot;[0xc6]([0xb0][0xaa]p[0xea][0xca][0xad]{%[0x93]KKr[0xbd][0x88][0xbe][0xbe]&quot;
2013-02-06 13:51:56,668 AAD-WS DEBUG wire:63 - &gt;&gt; &quot;[0xbf][0x88][0x92][0xfe][0x1b]:I)[\r][0xb0][0xbf]A[0xfa][0x9e][0xa3][0xb0][0x86]9[0xc4]S[0x88][0x93][0x93][0x3][0x18][0xe1][0xe9][0xb]8[0x8d]3[0xc8]`[0x14][0x17][0xf0]&quot;&amp;1[0x86][0x8b][0xbc]s[0x99]wk[0x19]j[0xa5]$[0xca][0x1d][0xbf]I_[0x90][0xeb][0x80][0xcc][0xc6][0xe4]r[0xdb][0xcd][0x9d][0xb1]2[0xcc];h(.[0xdf][0xa5]3[0xac][0x8c]%[0x94]XB[0x8d][0x19][0xba]26[0xaf]+[0x5]SW[0xca][\r]&amp;c[0xba]zkM[0xc4]O[0xab]D[0xef][0xe6][0xeb][0x4]l[0x92]z[0x81][0x10][0x13][0xd4][0xe1][0x14][0x87]r[0x91][0x0][0xa6]9[0xc4][0x19]6[0xe5][0xa0][0x1f]n[0x1d][0xb8][0xc7][0xaa][0xe0]&gt;d[0x9c]x9[0xe7][0xe4]$[0xe9][0xad][0xe2][0xdb][0xd2][0xa9]+[0x95]zcg[0x12][0x8a]_[0xf3][0xaf][\n]&quot;
2013-02-06 13:51:56,668 AAD-WS DEBUG wire:63 - &gt;&gt; &quot;J5[0x96][0x8][0x12][0xa5]J[0x94]*Q[0xaa]U[0x94][0xc1][[0xf7][0x8c][0xfb]f-[0xd6]K[0x94][0xdc][0xcb][0xa4][0xba]@Y[0xbc][0x8a][0xe][0xcc]S[0x8a][0xaf]Qz[0xb][0x94][0xca][0x15][0x9c][0xc5][0x1b]uX[0xdb]([0xcc]2[0xd6][0xbb][0xa4]1[0xc4][0xf5]S&quot;[0x95][0x13]j[0x15][0xec][0xb6].]]R[0xa5][0x16]]Y[0xa9][0xdc]7T\[0xfe]SN[0x4][0x8b][0x18].b[0xa8]NH[0xc9][0xa5][0xa0][0xa4]+[0x86][0x1e]$[0xfc] [0xe1][0x7][0xcb][0xf0][0x13][0x9a][0xae][0x9][0x9][0xb5][0xac][0xe4][0xd2][0x8][0xbf]6[0xdd]&apos;[0xba]Zbh[0x9d][0x94][0xbe][0xba][0xbf][0x94][0x8e][0xf1]I[0x1]o[0x11][0xf1][0xdb][0xec][0xf9]*w[0xef][0xb0][0xfb]k[0xe8][0xc4]uJ[0xe9]][0xf4][0xe1]=&gt;[0xa9][0xf7])[0xaa][0xf]p[0xe][0x1f]q&gt;[0x1f]c[0xe]7[0xc8][0xc9]g[0xe4][0xe4]:[0xa3][0xae][0xd5][0xb1]`[0xfa][0xe4][0x1d][0xff][0x1]PK[0x7][0x8]d$[0x1d]1[0xeb][0x4][0x0][0x0][0xd4][0x8][0x0][0x0]PK[0x3][0x4][0x14][0x0][0x8][0x0][0x8][0x0][0xd4]|D5[0x0][0x0][0x0][0x0][0x0][0x0][0x0][0x0][0x0][0x0][0x0][0x0]1[0x0][0x0][0x0]com/sun/java/help/search/CompressorIterator.classeN[0xcd][\n]&quot;
2013-02-06 13:51:56,669 AAD-WS DEBUG wire:63 - &gt;&gt; &quot;[0xc2]0[0x18][0xcb]7[0xbb]U=y[0xf3][0x15][0x14][0xd1]&gt;[0x84] [0xec][0xe4]A[0xf0]^[0xcb][0x87]st[0xeb][0xe8][0xcf][0x1e][0xce][0x83][0xf][0xe0]C[0x89][0xab]Ws[0x8]IH [0xef][0xcf][0xf3][0x85][0x19][0xf6]XHH[0x89]9[0xa1][0x1c][0xb5]ML[0x10][0x9b]z{%,/.y[0xc3][0xa7][0x87][0x9d][0xb2][0xf5][0xd1]u[0x83][0xe7][0x10][0x9c][0xaf]#{[0x1d][0x9d]?[0xb4]z[0xd4][0x84][0x9d]q[0x9d][\n]&quot;
2013-02-06 13:51:56,669 AAD-WS DEBUG wire:63 - &gt;&gt; &quot;[0xa9]W[0xd9][0xaa][0x86][0xed][0xa0][0x2]ko[0x1a][0xf5]?![0xac]~-[0xab][0xfb][0xbb]:[0xdf]Z6[0xb1][0x2][0x8][0x5]2H[0xd0]tHd[0x85]r[0xe2][0x2][0xd5][0x17]PK[0x7][0x8][0xe3][0x5][0x97][0xb4][0x89][0x0][0x0][0x0][0xa5][0x0][0x0][0x0]PK[0x3][0x4][0x14][0x0][0x8][0x0][0x8][0x0][0xd4]|D5[0x0][0x0][0x0][0x0][0x0][0x0][0x0][0x0][0x0][0x0][0x0][0x0]+[0x0][0x0][0x0]com/sun/java/help/search/IntegerArray.class[0x8d]S[0xdb]n[0x13]W[0x14]]sq[0x86]8NI[0x0][0x7][0x7][0xc7]%[\r]!8[0xe3][0xd4][0x3][0x81]R[0xc8]M[0xa0][0x0][0xc5][0xc2][0xad]AF[0xa9][0xa0]R[0xc9][0xc4]3I[0x6]M[0xc6][0xd6]x[0xd2][0x92]&gt;[0xf1][0xd0][0xfe]FU[0xaa]J[0xbc][0xf0]R[0xa9][0x1]TU|@_[0xfa][0x11][0x95][0xfa][0x19]M[0xd7]&gt;[0xe]NHS[0xa9][0xb2]f[0xef][0xf1][0xbe][0xac][0xbd][0xd6]&gt;s~[0xff][0xfb][0xd7]70[0xf0]!f[0xd3][0xe8]C[0xb1][0x17]iL[0x8a][0xb1][0xc5][0x94][0xd2]4Sif[0xcb]i88/[0xe6][0x82][0x98]i[0xb][0x17]-\[0xd2][0xd0][0xf3][0xc8][0x8d]cwK[0x83][0xfe]EEC[0xea]Q;[0xf8][0xc6][0xd7][0xa0][0xa9][0xf7][0xd5][0xd8][0xe7]{_%[\n]&quot;
2013-02-06 13:51:56,670 AAD-WS DEBUG wire:63 - &gt;&gt; &quot;[0x92][0xc0][\r][0xeb]*[0xd3][0xbf][0xd8][0x8c][0xda][0x89][0x1b]%Kn[0xb8][0xe9][0x1b][0x0][0x9e][0x12]d.`[0xcd][0x82][0x6][0xa3]8[0xb9][0xa4][0xc1]\lz,=Z[\r]&quot;[0xff][0xb3][0xcd][0x8d][0x15]?[0xbe][0xef][0xae][0x84][0x8c][0x98][0xc5][0x8a][0xe4]S[0x8d][0xd0]wc[0x8e]t[0x93]N[0x8c][0xd3][0xc][0xd7][0xf3]4[0xf4][0xae][0xc5][0xcd][0xaf][0xaf]w[0x8]Y[0xad]f[0xab][0xea][0xb6][0x13][0x85][0xca][0x8a][0xbe][0x86][0x1b]{A[0xe4][0x86]A[0xc2]l[0xd2][0xbc][0x11][0xac][0xae][0xfa][0xb1][0x1f]5[0xfc][0xb6][0x6][0xbb]Xm47[0x9c][0xf6]f[0xe4]&lt;v[0xbf]r[0x9d]u?l9m[0x8e]i[0xac];[0x95]([0xf1][0xd7][0xfc]X[0xe1][0xce][\n]&quot;
2013-02-06 13:51:56,670 AAD-WS DEBUG wire:63 - &gt;&gt; &quot;[0x1]+[0x88]&lt;[0xff]Im[0x95]TZq[0x10]qD[0xae]XUmA[0xd3][0xb9]+[0x91]z[0x12][0xfb][0xee][0x86]*N[0xd7][0x9b][0x9b]q[0xc3][0xbf][0x15][0x88][0x82][0xc1][0xfd]Xei[0xc9][0xe0][0x4][0xb2][0x19][0xc][0xe0]h[0x6][0xef][0x89][0xc9][0xa0]?[0x83][0x2]r[0x16]&gt;[0xca][0xe0]2&gt;[0xb6]p%[0x83]q[0xe4][0xc4]\[0xcd]`[0x6]9[\r]g[0xff][0x17]W[\r][0x3]*[0x1f][0xba][0xd1][0x9a]S[y[0xec]7[0x92]wB[0xf5][0xad]v[0xe2]opk[0xea][0x8][0x1b][0xcd][0xd6][0x96][0xda][0xc3][0xc1][0x9e][0xd9][0xca]!!u[0x10][0xc7][0xf][0xd1],&apos;[0xb2][0xa8][0x96][0xa4]V[0x13]F[0x18][0x85]|Y[0x80][0x9]][0xc4][0xf1]M[0x17][0xa5][0xca][0xf]([\n]&quot;
2013-02-06 13:51:56,670 AAD-WS DEBUG wire:63 - &gt;&gt; &quot;[0x83][0xf4][0x1a][0x8e][0xa9][0xd8]qVk[0xb2][0x15][0xda]!F[0xe6][0xd8][0xa9][0xd1][0xe7][0xec]W[0xd0]lc[0x1b][0xba]m[0xf][0xe2][0xe9][0xc3]m[0x18][0xbf][0xa5][0xb7]a[0xfe][0xcc][0x9c][0x86][0x93][0xb4][0xc7]X[0x9]b[0x9a][0x9c][0xd2]K[0xcc][0x93][0x8c][0x8]Rn[0x17]iFq[0x0][0x86][0xf6]![0xe5][0xff][0x13][0xe7][0xc4].N[0x96][0xbf]!f[0x86][0xbb][0x8c][0xc6][0x88]&quot;[0x8c]z[0x14][0xc6]^_Z[0xa1][0xf]#EE[0x1a][0x9f][0xfc]n[0xfd]i[0xc6]%c[0xd9][0xbf][0xc0][0xcc][0x97]_t[0x1b]z[0x14]L[0x81]v[0xa4]K[0xf2][0xe][0xdb][0xa5][0xf8][0x1c][0x8b]u&gt;[0xc6][0xf][0xe8][0xb7][0xc5][0xa7][0xd6]_!%[0x8][0xf6][0x3]f[0x1e][0x9a][0xcb][0x9c][0x9d][0xaf][0x1d]d=[0xc6][0xed][0x9d]![0xd3]qL[0xe0],[0x81][\n]&quot;
2013-02-06 13:51:56,671 AAD-WS DEBUG wire:63 - &gt;&gt; &quot;][0xe0][0xeb][0x4][0x96][0xb]Wx[0xab][0xf9]S[0x1]3[0xa6][0xc][0x19][0xf4][0x9a]b[0xa6][0xe]Y[0xc2]$[0x17]`[0xf3][0x89][0xc][0xa7][0x98]y[0x9f]b:p[0x93][0xbb][0xc7]2[0xd8][0xa5]dz[0xc4][0xd5][0xff]%[0xcf][0xa1][0x1d][0xed][0xb6][0x89]X[0x89][0x8a][0x12][0xfd]`[0xe9]E[0xda][0xf]([0xa1]S[0xfa][0x1d][0xa3]B[0xf8]^[0x89][0xea]e[0x3]?[0xa2][0xaf]$[0x9e]{[0x10][0xaf][0xcb][0xb8][0xef]q[0xa9]$2[0x94][0x96]r[0xcd][0x9c][0x8e][0xbc][0x4]F$0RV[0xd6][0xf4][0xca]^[0xed][][0x93][0x98][0xfe]l[0xe7][0xcf]=[0x91]c8B{[0x85];[0xbb][0xca][0xef]n[0x86],[0xe7](u[0x1e][0xe7][0xb1][0x80][0x9b][0xf4]wq[0x8d][0x95]g[0xba]&apos;[0xf9][0x84][0x84]R[0xf4][0xd7][0x8c]y[0xc1]Zx[0x8e]i5[0xa1][0xb0][0x9c][\n]&quot;
2013-02-06 13:51:56,671 AAD-WS DEBUG wire:63 - &gt;&gt; &quot;[0x1f]\6[0xcb]yR[0xcc][0x9a][0xe6]2Y[0xc][0xe7]%[0x93]5[0xcb][0x9d][0x90][0xc7][0xda][0x9e][0xac][0xf9]b[0xa4][0xf0][0xd3][0xce][0x1f][0xfb][0x84]Op[0xc1][0xc0][\r]X[0x9c][0x97][0xc6]-N[0xfa][0x84][0xf3]n[0xa3][0x8c][\n]&quot;
2013-02-06 13:51:56,672 AAD-WS DEBUG wire:63 - &gt;&gt; &quot;o[0xff][0x1d][0xf2][0xba]I.UV[0x8f][0xf3]&lt;;,[0xbe][0xe4][0xea]e1[0xd3][0x6][0xe7][0xc][0x95]:J_[0xc2]*[\r][0x8c][0xbe][0xc4][0x91][0xb7]BM[0xef][0xd9][0xce]_*[0xd9][0xf9][0xc7][0x8a][0xde]=[0xe5][0xa7][0xb8]\[0xae][0x96]j[0xea][0xbc]{[0xf7][0xf9][0xc5][0xdc][0xe3]6[0x96]p[0x1][0x9f][0xb3]bB[0xdd][0xc4]s[0xff][0x0]PK[0x7][0x8][0x80][0xde][0x97][0xc3][0x8b][0x3][0x0][0x0][0x1d][0x6][0x0][0x0]PK[0x3][0x4][0x14][0x0][0x8][0x0][0x8][0x0][0xd4]|D5[0x0][0x0][0x0][0x0][0x0][0x0][0x0][0x0][0x0][0x0][0x0][0x0])[0x0][0x0][0x0]com/sun/java/help/search/Compressor.class[0x95]U[0xdb]sSE[0x18][0xff]ms.[0xc9][0xc9]I/[0xe0][\n]&quot;
2013-02-06 13:51:56,672 AAD-WS DEBUG wire:63 - &gt;&gt; &quot;Bb+[0xb4]4[0xa4]-A[0x84]#P.[0xf6]B[0xb5][0xf6]&amp;[0x97]V[0xf0]FO[0xd3]CIm[0x93]Lr[0x2])[0xd3][0xc1](U[0xc7]q[0xbc][0x8d][0x8e]#*&quot;[0x17][0x8d][0xa3][0xbc]0#eF[0xd4]7[0xc7][0xcb][0xf8][0xa2][0x83]/[0xbe][0xf8][0xf]8&gt;[0x8a]O[0xd4]o[0xcf]I[0x9b][0xb6]#X[0x1e]v[0xf7][0xdb][0xef][0xb6][0xdf]~[0xbf]o[0xbf][0xfd][0xe9][0xe6]W[0xdf][0xc2][0x83]&amp;[0xf4]k[0xe0][0xd8][0xac]b[0x8b][0x86]2l[0xf6][0xe1].[0x18][0x82]zPL[[0xc5][0xb4]ML[0xdb]5T[0xa2]YP;[0x4][0xb5]SP[0xbb]4R[0xde]-[0xa8][0x87][0xc4][0xd4][0xa2][0xa2]U[0xc8][0xda][0xc4][0xd4].d{Tt[0xa8]x[0x98]A[0xee]m[0x8d][0xdb][0x19][0x6][0xd6][0xc9][0x10]hK&amp;2[0xb6][0x99][0xb0][0x7][0xcc][0xb1][0xac][0xe5][0x1]P[0xc3][0xa0][0xb4]Z#[0xf1]D[0x97][0xd8][0xc9][0xc][0xea][0xe1][0xa1][0xec][0x91]#V[0x9a][0xa1][0xb6];[0x96][0x1c][0x8f]f[0xb2][0x89][0xe8][0xa8]y[0xcc][0x8c][0x1e][0xb5][0xc6]R[0xd1][0x8c]e[0xa6]cG[0xa3][0xe4][0xb1][0xd5][0xd1]j&amp;[0xf3][0x1d][0xf1]D[0xdc][0xde][0xc5][0xe0][0x9][0xaf][0x1f]`[0x90][0xda][0x92][0xc3][0x16]CEw&lt;a[0xf5]f[0xc7][0x87][0xac][0xf4][0x1]sh[0x8c]8[0xf2][0xf1]t[0xdc][0xa6]uE[0xb8][0xdb][0xf1][0x17]OF[0xdb]M[0xdb][0xec][0xcb][0xda][0xa9][0xac][0xdd],L[0xb5]=[0xb9][0x98][0x95][0xb2][0xe3][0x14][0xa3][0x8a]G[0x18]|C[0x13][0xb6][0xd5][0x96][0xcc]&amp;l[0xc7]9[0xc5]/[0xc7][0xc6]([0x0][0x6],[0x99][0x88][0x99][0xb6][0x95]0[0x85][0xc7]p[0xf8][0xd6][0x91][0xb6]%[0xc7]Si+[0x93]I[0xa6][0x9d]#[0x14]+[0x11]s[0xe2]k[0xb8][0x8d]Mg[0xc2][0xb6]F[0xac]tK:mN4w[\n]&quot;
2013-02-06 13:51:56,673 AAD-WS DEBUG wire:63 - &gt;&gt; &quot;[0xb3][0xfd]K[0xd5]^[0xaa]S[0xc7][0xab]w[0x9c]27[0x1e]?qg[0xe1]P[0x1a][0xaa]b[0xc5][[0xb5]dbVb8[0x9e][0x18]a[0x88],[0xd5][0x83]p[0xa0][0xed]Of[0xd3]1[0xab]#.[0x80][0xa9]([0xe5]h[0x83]0[0xd5]q/[0xaa][0x19][0xd6][0xfc]?[0xfa]:[0x82][0x8][0xe9]X[0x83][0xb5]:[0xd6][0xa1]^G[0x18][0xd5]:[0xd6][0xa3]S[0xc7][0xa3][0xe8][0xd2][0xd1][0x8d][0x1e][0x1d][0xbd]B[0xd0]&apos;[0x4][\r]h[0xd4][0xf1][0x98][0xd8][0xee][0x5][0x5]Q[0xb7][0xa4]xE4[0xfb]t[0xec][0xc7][0x1][0x1d][0x1b][0x10]eX[0xbb][0x4][0xac][0x19]*[0x1d][0xe9][0x98][0x99][0x18][0x89][0xf6][\r][0x8d]Z1*[0xa1][0xe5][0xb3]e[0xd7][0xd9]7Wh[0xc][0xf5][0xb7][0xc9][[0xa9][0xcc][0x5]\e&amp;9[0x91][0xc2][0xe][0x2][0x8a][0x99]JQ[0xe6][0xa9]&quot;[0xc3].[0x96][0xfe][0x98][0x99]&amp; [0xcc][0xb1][0xb8]=[0xe1][0xd4]i2C[0xa9][0xf5][0xe][0xc5][0xed]b[0x1][0xab][0x19][0xcb][0xee]H&apos;[0xc7]][0x17]d[0x11][0xb0][0x93][0xed]q[0xe1][0x9c]J[0xd2][0xca][0xdc][0x9][0x80][0x3][0xa8][0xa1][0x7][0xce][0xe9][0xbd]z[0xb0][\n]&quot;
2013-02-06 13:51:56,673 AAD-WS DEBUG wire:63 - &gt;&gt; &quot;wc[0x5][0x18]V[0xd2][0xae][0xc][0xf7][0xd0]~[0xd5][0xbc][0xfd]j[0x1a][0x4][0x11][0xd1]&gt;[0x1a][0x4]+Ij[0x88][0xda]H[0x96][0x8c][0xd6][0xca][0xc8]U[0xb0][0xc8]5[0x94][0x1d][0xba][\n]&quot;
2013-02-06 13:51:56,674 AAD-WS DEBUG wire:63 - &gt;&gt; &quot;[0xcf][0x15]H[0x97][0x89][0xc7]p[0x1f][0xcd][0xe5][0x10][0xfd][0xc0][0xf][0x89][0xfa]I[0x5][0xad]L[0xa0]L[0xde][0x84]u[0x1d][0xad]e[0xc2]g[0xe4]KH[\r][0xd3][0x90]Kf[0x9a]#X[0xe]/[0x5]XK[0x94]D[0xfc]:[0x1a]T[0x1d][0xc5][0xa3]kh[0x15]G{[0x85][0xf1]4[0x94]Ks[0xb6][0x8a][0xc3][0x17][0xc1][0x87][0xe7][0x2][0xad]][0xa8][0xad].&gt;i5T[0xba] [0xa3][0x9a][0x8b][0x14]-[0xc2][0xc5][0xe0]t&apos;8[0xc7][0xca][0xbb][0xd8][0xaa][0x9a].$[0xe2][0xa0][0x82]t[0xad][0xd8]u[0x8a]4@k[0xb7][0x14][0xcc][0xed][0xf2][0x18][0x92][0xc7][0x90][0xb]lm[0x3][0x97][0xa7][0xe1][0xb]N[0x1a][0x8a]K[0x85]R[0x86][0xca][0x15].[0x9d][0xc5][\r].[0x19]^[0x1a]&gt;[0x8f][0xa1]I[0x86]_0/[0xe2] 1[0xf4][0x2]&quot;[0xdc]&apos;[0x9d]&lt;[0x8d][0x0][0xf7]r[0xff][0xb0][0xe1]-@[0xe3]:[0xf7][0xf][0x1a]:[0xf1]&apos;[\r][0x1f][0xf7]K9[0xc3]?[0xa5]1[0xe2]*[0xe7]f~+[0xa0][0xde]5[0xd0][0x8a][0x6][0x8b][0xd5][0xbc]\[0xb9]0[0xf3][0x7][0xd7][0xe4][0xa3][0xd2]`p[0xb0][0xb2][0xe6][0x2]j[0xc5][0xdd]$[0xae][0xe5][0xe8]\[0xef]p&gt;[0x98][0xe3]j~V&gt;[\r][0xad][0x80][0xbd][0xee]N[0xe8][0x86][0x16][0xea][0xba][0x2]Gi[0x8d][0x90]x[0xb8]F[0x9b][0xc5]:[0x8e][0x86]`r5H[0x14]W[0xc][0xa9][0x80]*[0x97][0x11][0xca][0x7][0x1d][0xf1][0x94][0xcc][0xb8]L[0xe8][0xfb][0xcf][0xdd][0xfc]]Hd.I&apos;[0xf3]J[0xd1]p[0x1a]z)[0xeb][0xc7][0x9c][0x12][0xac]%[0xac][0xea]([0xcb][0xf5][0x84]q[0x98][0xf8][0xeb]in[0xa0]Rl[0x84]A_[0xe1]Nz[0xdd][0xed][0x88][0xa2][0x8b]8[0xfd][0xd8][0x84][0xa7]h[0x9f][0xc5][0x16]L[0x92][0xf4][0x14]6[0xe3]4[0xb6][0xe1]Sl[0xc7][0xf7][0xa4][0xf9]+v[0xe1]O[0xb4][0xe0]o[0xb4]2?[0xda][0x19]G[0x7][0xb]RK[0x89][0xa0][0x8e][0x19][0xe8]b[0xed][0xe8]f][0xe8]q[0x10]n*&quot;|[0x83][0x10][0xae][0xa0][0xf5]Y)[0x94]3d[0x8f][0xa1]x[0xc][0xb5][0xc0]Z[0x1a][0xb8]*[0x80][0x9d]4[0xbc].[0xc5][0xe5][0x14][0xe5][0x9e]R~[0x96])tmqu[0xbf][0xc7][0xd0]%C[0xc0][0xa9][0x8][0x8c][0x15][0xa3]\`[0xec]w1[0xd6]x`[0xd8][0xd0][0x4][0xc6][0xe5]&lt;0h[0x94][0x13][0x92][0xea]!@[0xe0][0x5][0xa6]tF\o[0x11]c[0xbf][0x8b][0xb1]k[0xb0]X[0x8d][0xb0][0x17][0x18][0xeb][0x2][0x9c][0xd0]|[0x8c][0xf5][0x1c][0x9d][0xab][\r][0xe7]C9[0xee][0xcb][0xcf][0xca][0x8b][0x18][0xeb][0x8b]0[0x9e][0xd5]u[0x5][0xf3]1[0xd6][0xe7]0.[0xe9][0x94]0[0xf6][0x85][0x8a]T[0xa3][0x9b][0x2]I@[0xee]5[0x94][0x2][0xaa]]9[0x97][0xf3]\[0xca][0xb9][0xd2]|[0x88]K[0x83]n[0x1][0xa8][0x8c][0xab]n[0x1]|[0xed][0x16][0x80]r[0xab][0x2]8A[0xbd][0x7][0xd4][0xf5][0xbd][0xd8]G[0x9d][0xe5][0x0]u[0xa7]~[0xea]&amp;[0x3][0xf4]h[0xf][0x12][0xd4][0x87][0xb0][0x15]O`7[0x9e]D[0x7][0xc1][0xde][0x83][0xa7][0xf1]8[0xe][0xe3][0x19][0xda][0x1f][0xc7][0x10]N&quot;[0x86][0x17]a[0xe2][0x3]X[0xf8][0xc]G[0xf0]#[0xe2][0xb8][0x8e]Q[0xfc][0x85]q[0xfc][0x83][0x4][0xb] [0xc5]V [0xcd][0xd6]![0xc3][0x9a]p[0x8c]ub[0x1f][0xeb]G[0x8e][0xc5]0[0xc1]F[0xe9]d&amp;[0xbe][0x8d]b[0x11][0xb4]S[0x11][0xa8][0x14][0xc9][0xf][0xc5][0x96][0xd7][0x1b]4[0xa4]bg[0x89]4P[0xa5][0x7][0xdc]M[0xb9]!7[0xb9]TEI*[0xee]&lt;+[0xe7][0xf2]y[0xec]$[0x8e][0xa1],[0xd4]#C[0xf1]V[0xe6][0x8c][0xa6][0x14][0xc6][0x95][0xf9]f[0xe7]f~)[0xa0]5([\r][0x8b][0xec]n[0x99][0xd3][[0xa8]t[0x1e]5[0xff][0xe9]vJ[0x99][0xe1][0xca][0x99][0x99][0x9f][0x5][0xb3][0x89][0x84]\*5[0xcf]Q[0xea][0xfb][0xc0]s[0x94][0xe1]&lt;5[0xb7][0xe7][0xb1][0xc]/P[0x96]O[0x91]l[0x8a][0x1e][0xda]K[0xf4][0xa8]^[0xa6],[0xbf]BO[0xec]Ut[0xe2]5[0xc2][0xe2]u[0xca][0xf9][0x1b][0x94][0xe5]7)[0xaf]o![0x89][0xb7])[0xd3][0xef][0x92][0xe6]{$=[0x8d]w[0xf0]&gt;&gt;[0xc6][0x87][0x94][0xf1]3[0xb8][0x8c][0x8f]p[0x85]d[0xdf][0xe0]&quot;[0xbe][0xc3]&apos;t[0xe2]F[0xdc]_l[0xb7][[0xe9][0x9f][0x10]?[0xc5][0xca]k[0xa8]&lt;$[0x8a][0xe1]*[0xaa]z[0x1a][0x1a][0xa7][0xb1],[0xd2][0xe8][0x9d][0xc6][0xf2]R[0x84][0xee][0x8f][0xf2]9t|[0x81]*\&quot;[0xee]&amp;[0xe7][0x8f]z[0xe0]_PK[0x7][0x8][0x90]~9[0x8][0xf1][0x5][0x0][0x0][0xe][0xb][0x0][0x0]PK[0x3][0x4][0x14][0x0][0x8][0x0][0x8][0x0][0xd4]|D5[0x0][0x0][0x0][0x0][0x0][0x0][0x0][0x0][0x0][0x0][0x0][0x0]*[0x0][0x0][0x0]com/sun/java/help/search/ConceptData.class[0x95]U[sSU[0x14][0xfe]Nn&apos;IO[0xaf][0xd0][0x16]{[0xb3][0x16][0x8][0xe9][0x9]4R[0xb1][0x2]- [0xbd][0x0][0xc1]^i)[0x16][0xd4][0xf4]49[0xb4][0xc1][0xe4]$=I[0x98][0xd6]&apos;[0xff][0x82]o2[0xe3][0x83]&lt;8[0xbc]8[0xe3]el[0x99][0xd1][0x19][0x1f]u[0xc6][0xe2][0x9f]P[0xbf][0xb5][0x93][0xb4][0x1a]Z&amp;&gt;[0xe4][[0xfb][0xac][0xbd][0xd6][0xb7][0xbf][0xbd][0xf6][0xda];[0xfc][0xf5][0xf3][0xaf][0xf0][0xe2][0x2][0x1e][0x87][0xd1][0x85][0xdb]!t[0xe2][0x8e]@B[0xe0][0xae][0xc0][0x7][0x2][0xb3][0x2]s[0x2][0xf3][0x2][0xb]a[0xc2][0xa2][0xc0][0x92][0xc0]=[0x81]e[0x81][0x95]0[0xee]c5[0x84]v&lt;[0xd0][0xf1]a[0x98]vM[0xe0][0xa1][0xcc]=[0xd2][0xf1][0x91][0x8e][0x8f]5[0x4][0x92][0xdb]e[0xdb][0xdd][0xd5][0xa0]Mj[0x8]%[0x9d][0xa9]|[0xb6][0x9c]s[0x8a][0x1a][0xfc]I7[0x9f][0xb5]5[0x4][0x93][0xa9][0xbc][0x93][0xb2][0xb]%[0x86]$4[0xb4][0xd4]&gt;gmg[0xb3][0xb4][0xa5]![0x9c],[0xb8][0xf9][0x9d]L.S[0xda][0x95][0xe0][0x82][0xed]XY[0x19]j[0xd3][0xc2][0xe1][0xd8];L[0x8c][0xcc][0xa6][0xf2][0xb9]x[0xb1][0xec][0xc4][0x9f]XO[0xad][0xf8][0x96][0x9d]-[0xc4][0x8b][0xb6][0xe5][0xa6][0xb6][0xe2]S[0x15][0xb6]i[0xab]d[0x8d]khZ$[0xd7][0xa2][0xed][0xae][0xd8]nNC3&apos;[0x8b]%[0xcb])[0xad]Z[0xd9][0xb2][0xed][0x5][0x90][0xa6][0xe0][0x89][0x8c][0x93])][0xe7]Z[0xd1]Db:[0x91][0x18]^[0xd5][0xe0][0x9b][0xca][0xa7])[0xb5]u6[0xe3][0xd8][0xf3][0xe5][0xdc][0x6][0x9][0xac][\r][0x11][0x1f][0xde][0xb4]KS5[0xf9][0xde][0xe8]p[0xa2][0xe2]Z[0xac][0x89][0xa4][0x8b]2[0xdb][0xe][0xa3]j[0xbb][0xd2][0xe9][0xba][0xa7][0xf6][0xcf][0x10]V&amp;[0xc8][0xef][0xa5]J[0xa1][0x9a]8[0x9c]?([0x93]L,[0xa7][0xf2][0xae]][0xc9][0x99]W[0xfb][0x8d]F[0x87][0x1b][0xdd][0xb1]Q#[0x9e][0xb3][0x8a][0x9f]RJ[0xf1][0x15])[0xbe][0xa8][0xda][0xa3]^[0xac][0xb1][0xf]G[0x1b]#WY[0xa9][0x99][0xed][0xb2][0x95]-[0xfe][0x8f][0xac][0x87][0xdc]T[0xca][0xad][0xa5][0x85]R[0xee]vm[0xac][[0xe9][0xf4][0xac]U[0xa4][0x84]&amp;R[0x15],[0xd7]~[0x90][0x11][0x85]~[0xb7][0xec]L[0xb2]2g[0xa2][0x8f][0x8e]_CmRij[0xdd][0xb4][0x1d][0xdb][0xb5]J[0xf6][0xad]L6k[0xbb]$6_[0x97]([0xc7]P[0x89][0x1c]W[0x85][0x8]/[0xe7][0xcb]nJ\[0xac]y[0xdb][0xbf][0xa4][0x8f]H[0xaa][0x81][0x8]&gt;1[0xd0][0x8d]S[0x6][0xde][0x10][0xe8]E[0x9f][0x81][0x1][0x81][0x1e][0xf9]|[0x13][0x83][0x6][0xde][0xc2][0x90][0x81]~[0xf1][0x8d]!f[0xe0]=\6p[0x3]W[\r][0x8c]c[0xc2][0xc0]5L[0xe8]H[0x1a]X[0x7][0xd9]6[0x90][0xd2]p[0xba][0x1]q[0xb2]p[0xda][0x80][0x8d]i[0x3]S`W[0x9d]i[0xa4][0xdc][0xdc][0x81][0x9a][0xce]Z[0xce]f|a[0xe3][0x89][0x9d][0xaa]4*[0xf7]9[0xf0][0xfa]R[0xf2]*[0x96][0xb]iVq[0xa6]X[0xca][0xe4]hy[0xe][0xd1][0xc4][0xb4][0xba][0xe][0xcb]+[0xb][0x8b][0x1a][0xce]6TS[\r][0x17][0xa2][0x89][0xc6]Z#Q[0xb9]m[0xde]r[0xd1][0xc6] [0x1f][0x91].[0xde][0xc8][0x10]:[0xa4][0xd8][0x1c]uH[0xbd][0x95][0xed][0xa9]Z[0x96][0x9e][0xd6]#[0x95]V[0xdf][0x3]U[0xcb]3P~[0x1e][0x3]m[0xf]N[0xd3][0xcf]z)[0xdf]Y[0x9c][0xe0]8[0x82]s[0xc4](=[0x19]&gt;[0x88]:[0xed]E[0xf3]%4[0xb3][0xd3][0xff][0xc5][0x1e]&lt;fg[0x80][0xc6]k[0xf6][0xee][0xc1][0xc7]q[zk[0xf]~[0xb3][0x8f][0xbe][0x80]9[0xbc][0x7][0xdd][0xd4][0xf6][0x10][0xfc][0x81]I[0xec]zb[0x84]&quot;A[0x91]&gt;[0xca]j[0xa2]H[0x11][0xd8]Mq[0x83]\6Bq1[\n]&quot;
2013-02-06 13:51:56,675 AAD-WS DEBUG wire:77 - &gt;&gt; &quot;{[0x9b][0xa2][0xd8][0x87][0x1c]W[0x96][0xed][0xa7][0xd5]h[0xfd][0xe6]O[0xf0]}{@[0x15]P[0xce]![0xe2]y&gt;[0xd3][0xb5]P[0xcf]A[0xa8][0xfe]]]h[0x84]8r$k[0xa8][0x9e][0xd5]$[0xc6])[0xe4][0xd5][0xd0]@}[0xe8][0x8][0xf1][0xe2][0x91][0xa1][0x9e][0xfa][0xd0]Q[0xe2][0xe8][0x91][0xa1][0xde][0xfa][0xd0]1[0xe2];[0x8d]m[0xeb]*[0xf1][0x12][0xde]=[0x82]5[0xf8]}][0xe8]&quot;
2013-02-06 13:51:56,675 AAD-WS DEBUG wire:63 - &gt;&gt; &quot;u[0xe2][0xd8]A[0x5]Fy[0x9c][0xe2][0xed][0x91][0xd0][0xdf][0xd0],f[0x1f][0xe1][0x17][0xf0]y}&quot;[0xe7][0xf3]zU[0x93]D^[0xd0]j[0xfe][0x15][0xaa][0xf2][0xd0]v[0xca][0xe1][0x87]*$Mbz[0xf7][0xd1]tx[0xe4][0x1d]&lt;l[0xe0]6[0xfc][0xb8][0x3][0x3][0x9][0x9c][0xc4]][0xce]\Q[0xba][0xa3][0xea][0x4]+4[0x1]3[0xf6][0x9f]V[0x9]+[0xef][0x1c][0xf3][0xe6]i[0xf9][0x1a]T[0xe3][0x87][0xab][0xf1][0xed][0xd2][0xe]1[0xfe][0xbe][0x86][0xee][0x13][0xd1][0xf5]j[0x97][0xf8][0xbb]v[0x90]v[0xa9][0x9a][0xd6]w[0x98][0xd6]![0xe7][0xc9]a[0xe0]8[0x86][0xfb][0xaa]f5[0x86][0x1b]U[0x86]s[0x87][0xc][0xfd][0x87][0xc]B[0xe6][0xe1][0xd0]s[0x1c][0xd9][0x9a][0xa2][0xa8][0xed]z[0xa2]Jv[0xaa]R[0xb7][0x16]1[0xb1]}[0x18]/[0x10][0xac][0xab]C[0xa5]~I[0xde][0xbc]u[0x8e]7x]R[0xfc]~[0xff]@[0xd6]&quot;[0xe7][0x85][0xe9]rM[0xd6]s[0x98]&amp;[0xa9][0x9a][0x9f])V%[0xef]9[0xba][0xc5][0xd5][0xf2][0xc]&apos;[0xa4][0x85][0xe8][0xd2][0xbf][0xfc][0xea][0x18][0x9d][0x8f][0x89]7[0xd5]Q[0xb][0xfb]M[0xb2][0xcb][0xbf]}[0xbf]9[0x17];[0xcf][0xdd][0x8d][0x12][0x2][0xfc][0xe9][0xfb]h[0xa5][0x9][0xae][0xcd][0xfd][0xfe][0xf7][0x9f][0xf5]bs[0x14][0x94][0xe7][0xe3]Q[0xe0][0xad][0xde][0xe6][0xc][0xdf][0xe0]*][0x1a]AE7[0x11][0x93]r[0x8d][0xfe][0x88][0xb6]o0[0xf4][0xb][0xda][0xd7][0xe4][0x12][0x98]&quot;[0xb7]O[0xe][0xc8][0xbf][0xfe][0x12][0x1d]*d_)f[0x85][0xc]U[0xa1][0xbe]}[0x9c]&lt;\[0xad][0x8b][0xcd][0x1][0x94][0xd9]VO[0xd9][0xd5];[0xec][0xe8]]6[0xca]g[0x9c][0x9d]Q[0xf][0xd8][0xad][0x0]PK[0x7][0x8]P[0xbb][0xf5][0x91][0x89][0x4][0x0][0x0][0xc6][0x9][0x0][0x0]PK[0x3][0x4][0x14][0x0][0x8][0x0][0x8][0x0][0xd4]|D5[0x0][0x0][0x0][0x0][0x0][0x0][0x0][0x0][0x0][0x0][0x0][0x0]$[0x0][0x0][0x0]com/sun/java/help/search/Query.class[0x95]VkS[0x1b][0xd7][0x19]~[0x16][0xad]$[0x10][0xb][0xd8][0x18][0x9c][0x10][0x9][0x83]c[0xc7],2[0x8a][0x82][0xd3][0xda]-[0xf8][0x16]s1JU[0xc0]@[0x1c][0x3]n[0x95]EZ@ [0xed][0xca][0xab]][0xc][0xb6][0xeb]$-m[0x12]&apos;M[0xed]$m[0xdd][0xd4]I[0xeb][0xde][0xf8][0xd2]i[0x9a]L[0x80][0x99][0xba][0x93]~Kf[0xfa][0xa9][0xa1][0x9d]|[0xec]L;[0xfd][0x1][0xa5][0xcf]Y[0x9]a+6q[0x81]y[0xcf][0x9e]s[0x9e]}[0xaf][0xcf][0xfb].[0xfd][0xef][0x9f]&gt;[0x81][0x7][0x11][0xfc].[0x80]([0xce]W[0xe1]I|K[0x88]o[0xb][0x91][0x10][0xe2][0x5]!4![0xa6][0x84]H[0xfa]N[0xee][0x87][0xfb][0xe3];[0xb9]o[0xe3]?[0x9f][0xbf]y[0xcd][0x12][0xc7])?[0xf4][0x0]j1-63[0x1][0x8a]Y?[0xd2][0x1][0xd4]cN[0x1c][0xcf][0x7][0x90]AVl[\r]?[0xcc]*[0xe4]p[0xc1][0xf]+[0x80]&amp;[0x9c][0x17]&quot;_[0x9][[0xac][0x8e][0x10][0xb][0x1]\[0xc4][0xa2]xk)[0x80]K[0xb8][0xec];[0xf1][0xb7][0xa2][0xc1][0x13][0xf6][0xa5][0xbf][0x9f][0xfe]C[0xc3]e?[0xae][0x4]p[0x0][0xdf][0x11][0x98][0xab][0xe2][0xe9]E[0xf1][0xf4][0x92]P[0xfb][0xb2]0[0xf4]]a[0xff]{~,[0xfb][0xf1]}[0x9];[0x12]I[0xc7][0xb2]t[0xc3][0x1e][0xb5]5#[0xa5]Y)[0x9]R[0xaf][0x84][0xaa][0x84][0xd1]cf[0x9c][0xac][0x91][0xe7]&gt;&amp;[0xa1].[0x91]M[0xe7][0xf3]icfX7[0xb4][0x8c][0xbd]$[0xa1]b[0x92][0xb0]][0x9]&apos;[0x97][0xd3][0xad])[0xd3]1Rcz6[0x97][0xd1]l]B [0x91]sQi[0x9d]o[0xcb][0x9][0xdd]X[0x90][0xd0][0x11]O[0x9a][0xd9]h[0xde]1[0xa2]s[0xda][0x82][0x16][0x9d][0xd5]3[0xb9]h^[0xd7][0xac][0xe4]lt[0xd4]][0xfa][0x8c][0x85][0xb4]e[0x1a]Y[0xba][0xd2]-[0xa1]:1[0x9b][0xb6]{[0xa8][0xd6][0xd6]-[0x9][0xde][0xc4][0x82])[0x14]K[0x13][0x12]|[0x89][0xbc]mZ[0xdc][0xec]{[0xb0][0xc6][0x81]4[0xc3]![0x88][0x8a]|G[0xd3]F[0xda]&gt;.[0xe1][0x90][0xfa][0xff]x[0x10][0x9b][0xec]m?K[0xe7]{[0xcc][0x14]M[0xd5][0xc5][0xd3][0x86]&gt;[0xe8]d[0xa7]tkL[0x9b][0xca][0xf0][0xa4]*[0xab][0xcd][0xeb]}[0xb][0x84][0xd2][0x11]5[0x16][0x17]*[0x17][0xef][0xa3][0xf3][0x8c][0xa3][K[0xdd]BUM[0xc6]4[0xe7][0x9d]\)[0xb2][0x1a]kg[0x6][0x1b]gt{[0xc8][0xe1][0xdf][0xf4][0x90][0x95][0xd2][0xad][0xd2][0xb5]G[0x15][0xb7]5[0xbc]=[0xad]m[0xbd]T[0xcd][0xfd]`[0xa9]0[0xc4][0xb0]4[0x81][0x19][0xd3]L[0xf5][0x19][0xa6]33+[0xb4][0xf6][0xb6]3I[0x8f][0x10][0xd7]c[0x1a]I=g?cY[0xda][0xd2][0xd0][0xf4][0xa0]~[0x91]Y[0x91][0xa0][0xaa][0xbd][0xf][0xce]C[0xdc]Ljv[0xda]4[0xba][0xdb]&apos;[0xa9][0xb8][0xc1][0xd2][0xf3][0xba][0xdd]oZ[0x83][0xfa][0xa2][0xdd]k&amp;[0x9d][0xac][0x1b].[0xad][0x8a][0xcc][0x14]*[0xc2][\r][0xcd][0xd5]:[0xb9][0x14]+[0xdf][0x97][0xb7][0xd3]Y[0x97][0x1]^5[0xe6][0xe6][0xaf]*g[0xa5][\r][0x9b][0x86][0xf3][0x85][0x80]yT/27[0xbc][0xc9][0x8f]b:k[0xe9]R[0xce][0xb1][0xf5]R[0xa0][0x81]Q[0xd3][0xb1][0x92]zZ[0xdc][0x6][0xdc],&gt;)[0xdc]Up[0x2]g[0x14]|[\r]_Wp[0x8]O+[0xf8][\n]&quot;
2013-02-06 13:51:56,676 AAD-WS DEBUG wire:63 - &gt;&gt; &quot;[0xbe][0xaa][0xe0][0xb0][0x10]G[0x84][0xe8][0x12]g[0xdd]8[0xaa][0xe0])tJ[0xd8][0xfb][0xa5][0x14][0x11][\n]&quot;
2013-02-06 13:51:56,676 AAD-WS DEBUG wire:63 - &gt;&gt; &quot;[0xa0][0xe0][0x18][0x8e]+8[0x87]3l[0x8][0x17][0xea][0xd8][0xe9]L[0xf4][0xac][0x9e]$D [0x9e]W[0xf0][\n]&quot;
2013-02-06 13:51:56,677 AAD-WS DEBUG wire:63 - &gt;&gt; &quot;^[0xf5][0xe3]5[0x5][0xd7][0xf0][0xba][0x82]7[0xf0]C[0x92][0xdf]Ef4c&amp;[0xda][0xb7](R[0xcd][0xcc][0xf9][0xf1][0xa6][0x82][0x1f][0xe1][0xba][0x84][0xdd][[0xb7][0xa3]6[0xb3]0s[0xca][0x99][0x9e][0xd6][0xa9][0xed][0x6][0xde]b[0x16]H[0xef]V[0xc3][0xb4][mK3[0xf2][0xa2]mR[0xe2][0xe6]m[0x5][0xef][0xe0][0xc7]~[0xfc]D[0xc1]OqS[0xc1][0xcf][0x84][0xd1]w[0x15][0xfc][0x1c][0xb7][0xb6][0xb][0xc6][0xcd][0xf]#[0x12][0xae][0xbe][0xa7][0xe0]}[0xfc]B[0xc1]/q[[0xc1][0xaf]0[0xa0][0xe0][0xd7][0xb8][0xae][0xe0]7[0xf8][0xad][0x82]q[0xf4]K[0xd8][0xb3][0xbd][0x9a][0xcd][0xc][0xb8][0x9e][0xf]M[0xcd]1[0x7][0x5]Z[0xb1]v;[0xa7][0xd3]V[0xde]&gt;[0xa5][0xe7][0xed]M[0x8b][0x12][0x9e]P[0xdb][0x1f]L[0xa8]M[0x18][0x1b]1[0xfc][0xf0][0xdd]&apos;[0xa1]R[0x90]$f[0xeb]Y[0x9]=[0xdb][0xf4]mI}[0xfb][0x3][0x1b]P([0xa1][0xf5][0x80][0x96]J[0xf5]e[0xf4][0x82][0xf6]F5^[0x1e][0xa2][0xdb][0xa2]w[0x5]&gt;[0xba][0x94]w[0xad]{t[0x8b][0xf3][0xa7][0xb1][0x80]O[0x9b][0xd1]a[0xc1]g[0xd6]S[0xd7][0x84]V[0x9f][0xc6][0xe9]gpdv[0xdc]Oc[0xfc][0xfe][0xc][0xe8].[0x83][0x17][0xee][0xb6][0x83]W[0xda]f[0xe1][0x84]=[0xa9]~[0x11][0xd7][0xbd]I[0xc5]{[0xfd][0x93][0xe0]w[0xbb]/c[0x94]E[0xbc]iPDl[0xb0][0xb5][0xef][0xad]g[0xf3][0xb6][0xa3][0x8c][0x99]L31[0xf9]~1[0xf1]Iru&quot;^[0xde]/[0xae]bu[0x9b][0xaa][0x95][0xa6]L[0xaf];[0x10][0xaa]Y[0x9a]-[0xf3][0x7][0x1e][0xaa][0xdc]|[0xad][0x92]#[0xce][0x9d]m[0x82][0x9d][0xee][0xbc][0xaa][0x17]C[0xaf][0xfc]c[0xe6]1[0x1d]j[0xad]f[0xbb][0x8d][0x95][0x92]x[0xe4][0xe1])uO[0xc6][0xd0][0xca]/g[0x94][0xdf][0xda]*T[0x88][0xf9][0xc2][0xa7]z1[0x85][0xb8]V[0x88]A[0xe4][0xae][0x87][0x8b][0xeb][0x11]w[0xad][0x17][0xa3][0xca][0xdd]w[0x15]q[0x1c]N[0xee][0xca][0x89][0xc3][0xb5][0x16][0x12]{[0xf6]$[0xe5]3[0xdc]}[\n]&quot;
2013-02-06 13:51:56,677 AAD-WS DEBUG wire:63 - &gt;&gt; &quot;/[0x81][0x85][0xf0]:[0xa4][0xf0][0xc1]UT[0x84]C[0xab][0xf0][0x84]C[0xf6][0xaf]B.,[0xde]pd[0x15][0xbe][0xb0]g[0x15]~!*[0xc3]!9[0xf5]J[0x3][0xaa][0xe6][0x1b]P[0x9d]\EM[0xf8][0xe]j[0xc7][0xc3][0x1f][0xa3]f[0x1d]u[0xab][0xd8][0xe1]9,[0xaf] [0xc8][0xbd][0xdc](G&gt;E [0xd2](w[0xae][0xc0][0xc7][0x17]F[0x96]e[0xa9]Q[0xe6][0x8d][0xe7][0xf6][0xc6]?hp[0xe7][0x87][0xb4],[0xe1][0x14][0xe5]q[0xd4]Q6C[0xc6][0x1e][0xc6][0xda]B/[[0xd1][0x88][0xbd][0x8][0xe1]q[0xca]}[0xfc][0x9f]b?[0xe][0xe2][0x9][0xc6]r[0x0][0xcf][0xa2][\r][0xc3]P[0xa1]s[0xbd][0xc0]S[0x7][0x1d][0xd4][0xd2][0x83][0xde]bL[0xeb][0xfc][0x7][0xca][0xcf]u[0xfe][0xe][0xea][0xc7][0x83][0xeb][0xd8]5[0x18]|[0x1f][0x13][0xc1][0xc3][0xc2][0xf2][0x8e]54ty[0x1b][0xe5][0xa3]+[0xe8][0x89]p_[0xd1][0xe4]]C[0xe3][0x1a]v[0xaf][0xa0][0xa5][0xcb][0xf7][0x11][0x1e][0xbd][0x83][0xa6][0xf1]u&lt;[0xd6][0xe4][C[0xb0]&gt;[0xb4][0x86][0xe6]5[0xec]YC[0xcb][0xb2][0xb4]A%5[0x5][\r][0xad]+[0x90][0xa5].o[0x93][0xf7][0xb3][0x8d]O:[0xe4][0xc8][0x1a][0xf6]~H[0xd3]-t#[0x8a]G[0x8a][0x1][0x1d][0x82]B[0xf9][0x14][0x83]9[0x84][0x1a][0x96]j[0x7][0x8b][0xd3][0xc4]R[0x85]X[0xa6][0x16][0x16][0xa8][0x83][0xe5][0x89][0xb2]0[0xdf][0xe0]&gt;[0xc5]r[0xcc][0xd1]u[0x9]}[0xe8]/[0x6][0xd1][0xc2][0x82]Up[0xf5][0xd3][0xa4]/[0xd8][0xf9]A)S&gt;[0xae]pc=[0x8d][0x81]&quot;8D[0xa8]8[0x95][0x1b][0xf0]x9R`b[0xf7]C[0xee]/G[0xc6])[0x9f][0xa5]C[0x5]d3Wq[0xea][0x15][0xf5][0xfa]}[0x19]t[0x98]2[0x8e]o[0x16][0xa1]m,[0x9b][0x87]k][0x9b]`[0xc1][0xcd][0xf7][0xe0]&apos;[0x3][0xe4]/[0xbc]4F9[0x88][0xa1][0xe2]Kq[0x9e][\n]&quot;
2013-02-06 13:51:56,678 AAD-WS DEBUG wire:63 - &gt;&gt; &quot;[0xe6][0xa9]wp`&lt;&quot;[0xde][0xf4][0xac][0xa3][0xad][0xcb]-R[0x93][0xbc][0x6]5&lt;[0xfe]1[0x15][0xbd]@[0xd6][0x89]m[0xfb][0x1f]K[0xda][0xea]i[0xe][0xfc][0xb2][0xd4]a[0x2][0x8f]b[0x92][0xc]9[0xcf][0x9b]a[0x9c])j[0x1e][0xe7][0xbd]H]$\(W[0x98][0x1c][0xf5][0xb0][0xe0][0xf5][0xdc]z]b[0x6];G[0x96]%)X`[0xe2]?]RoQ[0xf1]1:[0x6]h[0xa8]F[0x92]UK1eIF[0xa8][0xb3]b[0xd3]D[0x8c]`[0xb4]h[0xe6]y[0xba]/[0x1c][0x89][0xd6][0xe]x[0x8e][0xaf][0x14][0x82][0xf7]6w&amp;[0x7][0x96]=RsA[0xf5][0xbf][0xc2][0xf7]fd[0x82][0x86][0xb6][0xb2][0xb2][0xdb][0x8d][0x8e][0xbe][0xce][0x93][0xaf][0x19][0x1a][0x9b]G[0x10]Y[0xde][0x8e][0xe1][0xb9][0xa2][0x91][0xa7]iB[0x18][0xd9][0xa5][0xba][0xce]w[0xde][0xbc][0x85][0x80][0xfb][0xa4][0x8e]ly\[0xeb]f[0xff][0x2]=[0xb6][0x98][0x9c]&lt;O[0xcf][0xd2][0xbb][0x82][0x82][[0xbc][0x13]f[0xce][0x91][0xbe]g[0x83][0xc7][0x8a]-0[0x18][0x12][\r][0xf0][0x11][0xe][0x8a][0x16] [0x81];Hq[0xd1][0x1][0xf2]][0x1d] Y[0x7][0xc]F&gt;[0xdb][0xf8][0x8b]`[0xfe].[0xb6][0xe8][0xfe][0x12][0xf3][0xc3][0x8]P^[0xa4][0xdb]K[0xcc][0xe4]%zw[0x99][0xa1]]![0xea]*q/[0x12][0xf9]2[0xf9]~[0x85][0x1e].3[0xf4]s[0xa5][0xb2][0x8d][0x16]Y[0xd4][0xe6]N[0x88][0xc5][0xa3][0xe1][0xa0][0x18]&gt;&gt;[0xcf][0xb1][0x15][0xec][0x14]M[0x10][\n]&quot;
2013-02-06 13:51:56,678 AAD-WS DEBUG wire:63 - &gt;&gt; &quot;[0x87][0xd6][0x11][0x19]Y[0xae][0x90]B[0xc1][0xdb][0x1b][0xff]./[0xd8][0xab][0xcc][0xe1]k4v[0x8d][0x86]^[0xe7][0x14][0xb9][0xc6]I[0xf1][0x6][\r][0x8c][0x97]Z[0xea]9[0x1a][0x10][0xa9]h[0xaf][0x8d][0xb9]3[0xaa])[0xc8][0x9][0xb5]x[0xf5]][0xd4][0xa8][0x85]i[0xd5][0x99][0x8c][0xdd]5[0xa1]&gt;W?(3q[0x9d][0xea]n[0xa0][0x12]oa&apos;[0xde]f[0xa9]n[0x90][0x17][0xef][0x10]1[0xe1][0x8e][0xd7][0xc9][0xff][0x1]PK[0x7][0x8]DU[0xec][0xbc]][0x7][0x0][0x0][0xbc][\r][0x0][0x0]PK[0x3][0x4][0x14][0x0][0x8][0x0][0x8][0x0][0xd4]|D5[0x0][0x0][0x0][0x0][0x0][0x0][0x0][0x0][0x0][0x0][0x0][0x0]0[0x0][0x0][0x0]com/sun/java/help/search/SearchEnvironment.class[0x9d]Xi`T[0xd7]u[0xfe][0x8e]fy[0xa3][0xa7][0xa7][0x5][0xc1][0x0][0x83][0x4][0x88][0xc5] [0x8d]F[0x8][0x10][0x8],[0x81]l[0xb4][0xc1][0xd8][0xda][0x90][0x4][0xb2][0xc0]`[0x1e]3O[0xd2][0xc0]hF[0x9e][0x19][0xb1]$[0xb1][0x9d][0xc5]n[0x9d][0xa5]N[0x9b][0xb4][0xa9][0x1d][0x12][0x1b];q[0x14][0xa7][0xb6][0x83][0xb1]5[0xa2][0x96]K[0x92].&amp;qR&apos;M[0x9a][0xa5][0x89]k[0xa7]I[0xea]6[0xad][[0xb7]M[0xd2][0xc4]mbz[0xce]{[0xb3]h[0x84][0x4][0xa4]?[0xe6][0xde][0xfb][0xce]=[0xf7][0xdc][0xb3]|[0xe7][0xdc]#[0xbd][0xf4][0xf6][0xf3][0x17]aC[\r][0xbd]C[0xc5]I&lt;[0x97][0x8f][0x13][0x98][0x94]!)[0xc3][0x94][0xca][0xc3][0x5][0x5][0xaa][0xc2][0x89][0xe7][0x85]2-[0xc3][0xb]*[0x82][0xf8]3[0x19].*[0xf8][0x82][\n]&quot;
2013-02-06 13:51:56,681 AAD-WS DEBUG wire:63 - &gt;&gt; &quot;[\r][0xcf][0xa9][0xf8]&quot;[0xbe]$[0xdc][0x17][0xe5][0xf3][0xcf][0xe5][0xf3]/d[0xf8]K[0x5]%G^[0x94][0x8f]K*[0xba][0xf1]e[0x15]_[0xc1]K2|U6[0xbe]&amp;[0x1b][0xad]b!^V[0xf0]u[0x15][0xe5]&quot;[0xab][0x1c][0xdf]p[0xe1]od[0xfe][0xa6][0xb][0xdf][0x92][0xf9]o][0xf8][0xb6][0xb][0xdf]q[0xe1][0xbb].|O[0x8][0xe6][0xe1][0xbf][0x13][0x81][0xdf]W[0xf1][0x3][0xbc]&quot;[0x9f]/[0xab]WexM[0x86][0x1f][\n]&quot;
2013-02-06 13:51:56,681 AAD-WS DEBUG wire:63 - &gt;&gt; &quot;[0xed][0x1f][0x84][0xe5]G[\n]&quot;
2013-02-06 13:51:56,682 AAD-WS DEBUG wire:63 - &gt;&gt; &quot;~,[0x1f]?[0x91][0xe1][0x1f]Ul[0xb2][0x8c]y][0x86][0x92][0xe1][0x9f][0xc5][0xc0][0x9f][0xaa][0xf8][0x17][0xfc][0xab][0x8a]7[0xf0]o[\n]&quot;
2013-02-06 13:51:56,682 AAD-WS DEBUG wire:63 - &gt;&gt; &quot;[0xfe]]E#[0xde][0x94][0xe1]?[0xf2]y[0xf8]O![0xff][0x97][0xc]?s[0xe1][0xe7]2[0xff][0xc2][0x85][0xff][0x16][0x83][0xa9][0xe0]W.[0xbc][0xe5][0xc2][0xff][0xa8]h[0xc3][0xff][0xca][0xf0][0xa6][0xc][0xbf]v[0xe1]7[0xb2][0xff][0xb6]|\V[0x9]D[\n]&quot;
2013-02-06 13:51:56,683 AAD-WS DEBUG wire:63 - &gt;&gt; &quot;[0xe5][0xb1]6dS[0xc8][0xae]b/9dp*[0xa4][0xa8][0xe8][0x97][0x8f]nr1[0x5]?tQ[0xbe][0xb0][0xab]*[0x15][0x90][0xa6]P[0xa1]BE[\n]&quot;
2013-02-06 13:51:56,683 AAD-WS DEBUG wire:63 - &gt;&gt; &quot;[0x15]+T[0xa2][0xe2]0-P[0xa8][0xd4]E[0xb]U[0x1c][0xa1]E2[0xb8][0x15]Z[0xcc][0x91][0xa0]%|[0x17]-u[0x91][0xc7]E[0xcb][0x14]*S[0x11][0x12]G[0x86][0xa8]\[0x86][0xe5].Z[0xc1][0xc6][0xd1]J[0x95]*h[0x95][0x8b]V[0xcb][0xbc][0x86][\r][0xa7][0xb5][0xf9]t[0x3][0xad]s[0xd1]z[0x95]*[0xa9]J![0xaf]B[0xd5][0x4]W [0x1a][0x9][0x18]c[0x89]8a}G :Z[0x1b][0x1f][0x8f][0xd4][0x1e][0xd3]O[0xe8][0xb5]#Fx[0xac]6n[0xe8][0xb1][0xc0]H[0xad]?[0x92]0[0x86][0x8d][0xd8][0xae]XL?[0xdd]HP[0xa2]CCqC[0xce][0xb8][0xf4]p[0xb8]#[0x14][0x97]e[0xde][0xc1]fB~Z\[0x1d][0xef][0xa5][0xb8]xY[0xc0]l-#[0xa1]p0fD[0x98])[0x18][\r][0x8c][0x8f][0x1a][0x11]S@[0x8a]i3[0xc1][0x99][0x8]%[0xc2][0x6][0xd3][\n]&quot;
2013-02-06 13:51:56,684 AAD-WS DEBUG wire:63 - &gt;&gt; &quot;[0xc7][0xa2][0xf1]P&quot;[0x14][0x8d][0xc4][0xdb]Ca[0x83][0xb0]z~[0xc5]zw[0xb5][0xb][0xf][0xeb][0x94][0x9f]9Dp0[0xff]X[0x8c][0xb0]q[0xfe][0x83][0xcd][0xa7][0x13][0x86]iN[0xab]a2[0x1b][0xf1]x4[0xc6]b[0xec][0x89]Q}[0x8c][0xb0][0xf6]*&apos;[0x13]1[0xc3]h[\r][0x5][0x12][0xc2]}T[0x8f][0xb3][0x82]E[0x1d]&amp;W[0xc4]H[0xd4][0xee][0xeb][0xed]`[0xba]+[0x14][0x9][0x1a][0xa7]ZC[0xac]C[0xa9][0xb5][0x17][0xd6]#[0xc3][0xb5]}[0x89]X(2,[0xca][0x6][0x8d][0xa3][0xe3][0xc3][0xed]a}[0x98][0xa3][0x80]M[0xdf][0x11][0x8a][0x84][0x12]M[0x84]5[0x95]W[0xb2][0xe7][\n]&quot;
2013-02-06 13:51:56,684 AAD-WS DEBUG wire:63 - &gt;&gt; &quot;[0xaf][0xda][0xcf][0xd7][0xb6]D[0x83]|mqG(bt[0x8d][0x8f][0x1e]5b[0xfd][0xfa]Q[0xf1][0x94][0xda]vJ[0xbc]/^P[0xc8][0xc7][0x8e][0x18]2[0x12][0x81][0x11][0x82]{[0xe][0xb1]U~[0xa1][0xfb][0xab][0xe6][0xd2][0xcf]5[0xaa][0x1f]7[0xfc][0x9]c[0x94][0xd0]R9[0xbf]+[0xf6][0x8e][0x1b][0xb1][0xd3]{B[0x89]FK[0xc8][0xa9][0x9c][0xcd]&gt;s[0x12]!,[0xb0]`$[0x94][0xe8][0x8f]Z[0xf2][0x9][0xdb][0xae]_[0xe6],[0xc5][0xb4]a#[0xd1]3#[0xd0][0xac][0xbf][0xc0][0xae][0x84][0xc9][0xad])P[0xf9][0xc5][0xf5][0xec]#[0xde][0xf2][0xb][0x14][0xc2]Q[0x9][0x91][0xad]R[0x1c][0xa7]E[0x3][0x81][0xf1]X[0xdc][0x1f][0xe9]7N%,[0x1e][0xf6][0xfe][0xc2][0x99][0xa7][0x13]FLOD9p7[0x8a]o[0xe6]U[0xb3]+[0x1a][0x89][0x18][0xc3]z&quot;t[0xc2]H%[0xc7]n#b[0x1d]m[0xb4][0xf4]1[0xf1][0x9e][0x15]W[0x90]&amp;[0x99])P][0xe9][0xbf][0xce]l[0x13][0xb5]MqVbu[0x18][0x91][0xe1][0x4]G[0xd4][0xc9]$[0x86][0x3]&apos;[0xc7]\[0xa1][0x9d][0x8d][0xc7][0x92][0x98][0xa1][0x7][0xd3][0xb7][0xb7][0xea][0x9][0x9d][0xa1]&quot;[0xa4][0xf6]Xt[0xb4][0x95][0xfd][0xe7]0[0xf1]8[0xf]NX[0x1][0xd7][0x8e]@8[0x85]P[0xb5]/:[0x1e][0xb][0x18]Vf.[0xb6][0x82][0xdc][0x16]9[0x11][0x8a]E#[0xe2][0xbf][\r]r^[0xc3][0xef][0xe3]1[\r][0xef][0xc3][0xbd][0x1a]&gt;[0x80][0xf]j[0xf8][0x10]~O[0xc3][0xd3]x[0x8c][0xb0][0xe1][0xb7][0xcb]H[0x96]D5[0x1a]~[0x7][0xbf][0xab][0xe1]~[0xbc]_[0xc3][0xc7][0xf0][0xc7]2&lt;[0xc8]6[0x99][0x12][0xc6][0x13][0xa1]p[0xed]~#[0xc0]&gt;Vh[0x83]F[0xb5][0xb4]Q[0xa3]M[0xb4]Y[0xa3]:[0xda][0xa2][0xd1]V[0xda]B([0xbf][0x1a]85[0xbc][0x17][0xa7]5[0xaa][0x17][0xee]m8[0xab][0xd0]v[0x8d]n[0xa4][0x6][0x8d][0x1a]i[0x87][0x86]w[0xcb][0xde]Nj[0x12]=nb{g{[0xa7]y|h[0xc8][0x88]it3[0xed][0xe2]L[0xae][0x90][0x5][0xbb]3[0xaf][0xe2][0xa0][0xac]Zx[0xe5][0xab]`[0x98][0x1d][0xf2]U[0xbc][0x93][0xd7]55[0xcc]s[0x97][0x86][0xf7][0x88][0xd0]V[0xda][0xa2]P[0x9b]F[0xed][0xb4][[0xc3]}x[0x97]F{[0xc8][0xaf][0xd1]-t[0xab][0x86]G[0xc5]{[0xa7][0x84][0xab][0x3]g[0xb9][0x18][0xcd][0xeb][0xb3]4([0xb8][0x2]kx&apos;[0xb][0xc1];[0xf8][0x14][0xee][0x92][0xe1][0x1e][0xf9][0xbc][[0x84]tR[0x8d]B][0x1a]u[0xe3][0x9][0x85]z[0xe4]Jv[0x8a]f[\n]&quot;
2013-02-06 13:51:56,685 AAD-WS DEBUG wire:63 - &gt;&gt; &quot;[0xb]Ek%[0x92][0x12][0xb0]s[0x1a][0xed][0xa5]^[0x8d][0xfa][0xa8]_[0xa3]}[0xb4]_[0xa3][0x1][0xb9][0x9c]j5[0xba][0x8d][0x6][0xa5][0x96]0c[0x83][0x86][0xcf][0xe3]\[0xfa]t[\n]&quot;
2013-02-06 13:51:56,685 AAD-WS DEBUG wire:63 - &gt;&gt; &quot;`l[0xe1][0x90][0x9][0x7][0x88][0x9b][0xe][0xc8]p[0x90]YZ[0xf6][0xf8];Z{[0xdb][0xba]6[0xf4][0xef]j[0xd6][0xf0]&apos;xR[0xa3][0xdb][0xe9][0x90]B[0x87]5[0xba][0x83][0x8e][0x10]n[0xb8][0xae][0x4][0x10]i[0xc][0xd7][0xb2][0xb4][0xba][0x96][0xc7][0x8d][0xa0]?26[0x9e][0xe0] [0x18][0xfa][0xa8][0xb0][0x1c][0x15][0xd7][0xb1]Y[0xd5][0xf3][\n]&quot;
2013-02-06 13:51:56,685 AAD-WS DEBUG wire:77 - &gt;&gt; &quot;[0xb5]xs[0xc0]E[0x1][0x11][0xed]J+[0xaa]QP[0x82]b[0x88][0xa8]![0xc2][0x8a][0x8c][0x8d][0x9d]zx([0x1a][0x1b]5[0x82]ll[0xa6][0xc2][0x12][0x96][0xcf]taW4[0xd1][0x1e][0x1d][0x8f][0x4]g[0xec]/L[0xef][0xfb][0xbb]gPW[0xce][0xaf]a`[0xc4][0x18][0x95][0xe4]!NE[0xdf][0xb5][0x1f][0xa0][0x1e]=[0xa6][0x8f][0x1a]\a[0xb8][0x12][0xda][0xfb];w[0xf5][0xc8][0xd1][0x11][0x8d]B[0xd4][0xcb]u[0xe1][0xda][0xe7][0x85][0xfd][0x98][0x86][0xa7]$/][0xad][0xdd]-}[0x12])[0x16]%[0xcb][0x19][0xd6]e[0x12][0xb3]{&lt;[0x91][0xf5]9[0x1d][0xa7][0xb0]F[0xa3][0xc4][0x16])[0xdd][0xed][0xed]}m[0xfd]}[0x1a]E[0x5]ac[0x1a][0xdd]I\[0xf1][0xf2]{[0xba][0xfb][0xfc][0xfd][0xfe][0xee].[0xde][0x88][0x13][0xdf][0xf6][0x0]&gt;[0xac][0xd0][0xb8]F&apos;[0xe8]$;[0xe7][0x8a][0xd2][0xd1]P[0xa1][0xd0])[0x8d]N[0xb][0xbe][0xbc][0xf3];i[0xf6][0xb1]t%0[0xb3][0xb2][0xfb][0xe8]1[0xae][0x5]i[0xd7][0x9b][0xa4][0x19][0xae]wV[0x1e]l[0xf6]K=[u[0xcd][0xe7][0x87]=[0xc2][0x15][0xd6]4[[0xde][0x89][0xaa][0x83][0xfc][0x96][0xa8]z0[0xd8][0x16]6[0xac]KsJ[0xa5]u[0xad]U*[0xf9]X[0xb3]1[0x1c][0x8a][0x98]o[0x8e][0xdf][0xaa][0xd4]m[0x91][0xa0][0xf5][0x2][0xa4][0x9f][0x19][0xae][0x6]z&quot;[0xa7][0x86]uD[0x3][0xba][0xf9][0x84][0xb][0x97]1[0xa4][0x8f][0x87]yQe[0xaa][0x94][0xcf]`[0x91][0xe7]9[0x91]yJ3[0x1c][0xb3][0x1e]p[0x96][0xd2][0x17][0x88][0xc6][0xac][0x97][0xaf][0x95]p{e[0xee][0x9b]0_[0x9b]quJ[0xab][0xdf][0xdf]1[0xbb][0xec][0x9a]V;[0xf5][0xb1]1C[0x8c],[0xab]l[0xbd]R!+gY-[0xdf][0xfc][0x8f][0xd5]\[0xec]es[0xb5]&apos;[0x99][0xdd][0x82][0x80][0x1e][0xb][0x86]&quot;z8[0x94][0xe0][0x18]U\[0xab]Gd&quot;
2013-02-06 13:51:56,686 AAD-WS DEBUG wire:63 - &gt;&gt; &quot;%[0xc3][0xa9][0xc7][0x93]]r[0xb]G5n[0x18][0xc7]%[0xb8][0xb7][0x98]=[0x95][0xbc][0x87][0x8c]e[0x81][0x88][0xd9]9(f[0xf][0xd7][0xcd][0x85][0xa0]@[0x9e][0xbe]^[0xde]6=&gt;[0xd9][0x9a]Y[[0x18][0xfe]z&lt; [0x14][0xe9][0xd4]Jf[0x1b][0xc1][0xca][0x18][0xa7][0xac][0xbe][0x99][0x95][0xe1][0x1e][0xa4]0n[0x8c][0xe9]f[0xab][0xd0]2[0xa2][0xf3]iy&lt;[0x94][0x98]1[0x16][0xd6][0x3][0xf2][0xce]V[0xb6][0xb4][0xcc][0x19][0xe7][0x82][0xb0][0x1e][0xb7]:[0x1e]Q[0xd4])[0xdd][0xb7][0xe0]j[0xdd]u[0xf9][0xb9]Q[0x9a][0x9c][0xff][0x1f][0x10][0xc4]ck[0xae][0x9])[0xe1]*[0x8a]20Z[0xa4][[\n]&quot;
2013-02-06 13:51:56,686 AAD-WS DEBUG wire:63 - &gt;&gt; &quot;XI[0xb8][0xac]2[0xb7]=[0xc9][0xee]5[0xa6][0x1f][0xd8]+vX[0xc][0x3]zF[0xc9]&apos;,I[0x8b][0x91][0xfa][0x9a][0xdd]h[0xb4][0xba]:[0xbe]xi[0xe5][0x9c][0xfb][0xb2]e[0xe3]D[0xce]tU[0x9]N[0xc7]tW[0xe5][0x99]Q[0xd1][0xb9][0xae][0xe6]\[0xe8]`d[0x8].[0xd6]^[0xd3][0xec][0x3]rG[0xfd]Uz\[0xab][0xd0][0xcf][0xe3][0xb0]|[0x1]b_BOp[0xdc]7]E[0xc8][0x1c][0xcf][0x80]y[0xde]q2[0x16][0x92][0xb3])$3[0xa5] [0x11][0xcd][0xd4]p[0xab][0x98]q[0x95]w[0x6]S[0xd8]\[0xad][0xc4]i[0xd7]%[0xcd]O[0xb][0xbc]X5[0x11]]]y[0x95][0xce]8[0xf7][0x14][0xc7][0xc3][0xc6]~&amp;[0xd4][0xcd]r[0xdb][0x81]k[0x8b]h[0xcc]M[0x9c][0xd3]q[0xf3][0xf][0x12][t\[0xca]o&amp;[0xb8]=[0xec][0xb9]l[0xf0][0x17][0xce]Af_[0x8c][0xc9]W8[0x82][\n]&quot;
2013-02-06 13:51:56,687 AAD-WS DEBUG wire:63 - &gt;&gt; &quot;[0xfe]3[0xfd]$[0x80][0x12][0xe4]I[0x83][0xc5][0xab]&lt;i[0x99][0xcc][0x99][0xfb]&apos;s[0xbe]+[0xf5]}wj[0xbe]&apos;Ew[0xea][0xfb]=[0xa9][0xf9][0xbd][0xa9][0x99][0xdb]\s[0xbe]/[0xc5][0xc7][0xcd][0xaa]9s[0xbf]j[0xce][0xdc][0x1][0x9b]37[0xc1]&lt;[0xab][0xf2][0xc][0xf2]\[\n]&quot;
2013-02-06 13:51:56,687 AAD-WS DEBUG wire:63 - &gt;&gt; &quot;[0xe2][0xa6][0xeb][0xf][0x98][0xfe][0x11][0xfe][0xda][0x7][0x7]l&lt;[0xdf][0xe0][0x9d][0x2]yi[0x12]y^[0xdf]$l[0xde][0xea]I[0xd8][0x99][0xe4][0xf0]N[0xc3]9H[0xb6])([0x93]p=[0xc3][0x8c][0x84][0x8f][0xf2][0xb8][0x2][\n]&quot;
2013-02-06 13:51:56,688 AAD-WS DEBUG wire:63 - &gt;&gt; &quot;[0x8f][0xcd][0xb0]c[0x1b][0xf2][0xd1][0x82]&quot;[0xb4]b![0xda][0xb1][0x4][0xbb][0xb1][0x16]{[0xf0][0x87][0xbc]kg[0xde]?[0xe2][0x1f]w[0xce][0xa9][0xcb]V[0xf1][0x9c][0xc7]s[0xbe][0xf7]9[0xe4]W&apos;[0xa1]&gt;[0x99][0x11][0xe8][0xe4][0x19][0xb8]u[0xd6][0xc1][0x7][0xe7]:X[0x96]D[0xc1][0xb9]Y[0x7][0xbb]s[0xe]&gt;[0x84][0x8f][0xa7][0xe]&gt;[0x85][0x2]S[0xd3][0xf1]ih[0x83]S([0xec][0xe4][[0x8b][0xba]l[0xf5][0xf6][0x9]xj[0xdc][0xf6][\r][0xf][0xa3][0xd8][0xe7][0x95]E[0x12][0xc5]I[0x94][0xdc]k&apos;[0xb7][0xbd][0xe6][0xe2][0xa3][0x97]_g[0xbe][0x5][0xf5][0xe][0x1e]K[0xeb][0x9d][0xd3]X8[0xc8][0x17][0xdb][0xbc]&lt;,b[0x92];[0x89][0xc5][0xcc][0x1]K[0x92]X*DO[0x96][0xc8][0xab]en[0x87][0xdb][0xe9][0x9b]BYV[0xc9]u[0xec]$[0xa0][0x1f].[0xf6]w![0xf6][0xb3][0xab][0x6][0xb0][0xc][0xb7]1}?6[0xe2]v[0xd4][0xe3][0x10]v[0xe0]p[0x8e][0x11]g[0xf0][0x9][0xcb][0x8]r3M[0x8c]xj[0x1a][0xe5]l[0xc4][0xf2]N[0x9f][0xdc][0x92][0xc4][0x8a][0x1]_[0xe9][0xca]$*[0x6]|[0xb3][0x94]0i[0xa5][0xab]d[0x12];[0x9a]L3[0xec][0xbe][0xe5]I[0xac]f[0xfa][0x1a]s[0xdb]m[0xb7][0xbe][0xd6][0xa6][0xb8][0x8a][0x1a][0x1c][0xb6]z[0xe7][0x4][0xb6]yX{[0xf6][0xcb]&quot;[0x9f][0xd7]\[0xa5][0xc4]M@[0xf5][0x95][0xde] +[0xb7][0xd3][0xe3][0xb8]h[0xf]&gt;&amp;[0x4]S[0xd4][0xbd]N2i[0x8f]^[0xbe][0xe4]+]g[\n]&quot;
2013-02-06 13:51:56,688 AAD-WS DEBUG wire:63 - &gt;&gt; &quot;Ob}[0xd6][0xf8][0xfd]p[0xf3]x[0x8c][0x8d]?[0x8e][0x5][0x8]c)F[0xe1]C[0xc]u[0x88]c;[0x12]h[0xc2]8[0xa3][0xe7][0x4][0x7][0xff]$z99[0x6][0x19][0xde]wpr[0x18][0xc][0xeb]QN[0x8a][0xbb]9[0x11][0xee][0xe3]$[0xf8]0&apos;[0xc0][0xc7][0x98][0xfe]([0x3][0xff][0xb3][0xc][0xfd][0x99][0xce][0xfa]$[0x1e]NE[0xfc]~[0x6][0xb4]][0x9c][0xcd].[0xa9]d[0xa8],[0xde]Yf?&quot;[0xeb]$[0xaa][0xce][0xa2][0x98]WyIx[0xef]o[0x9a]@[0x91][0xc9]a?[0xc2]&lt;M[0xde][0xe5][0xe5][0xc1][0x17]\[0x93][0xa8][0x96][0xfd][0xf2][0xfb][0x92][0xf0][0xc9][0x82][0xd5]6[0xde]I[0xa2]f@[0xd6]Y[0x9b]V[0xb3]5[0xe0][0x4][0xcb][0xe7][0xe4]Z[0xcc][0xe9][0xb5][0x9a][0xb5][0xab][0xe1][0xa4][0xaa]g[0x1d]nb[0xe][0xc1]cZ[0xbf]C[0xfc]{[0x4]gy[0x9c][\r]eS[0xbf][0xd9]9[0xf0] [0x8f][0xfc]wX[0xca][0x9c][0xb5][0xfc]%T[0x97][0xa5][0xf8][0x86]l[\n]&quot;
2013-02-06 13:51:56,688 AAD-WS DEBUG wire:63 - &gt;&gt; &quot;[0xaa][0xa6][0x98]O02&gt;[0x99]s[0xd5][0xa7][0xf0][0xe9][0xd4]UU[0xa9][0xab][0x16][0xf0][0xd9]Z[0xbe]j[0xe3][0x19]([0xc]|[0xbb]m[0xf6][0x95][0xa2][0xdb][0xe3][0xf8]L[0xea][0xd8][0xee]TIX[0x93]&gt;[0xb6][0xb3][0xfc][0xc][0x96]Lc[0x93]$[0xc1]f[0xfe][0xd5][0x95][0xb3][0xda]S[0xd8]r[0x8e][0xb2][0xe])5[0x9d][0xfe]8;[0xe4]3[0x8c][0xf0][0x9]6[0xf3][0x9][0xde][0x99][0x98]S[0xe8][0xd6][0xd9]B[0xeb][0xf9][0xb7]m^[0xa1]O[0xb3][0xd0][0xcf][0xb3][0xd0]s,[0xf4]&lt;[0xef]|[0x96]E[[0xce]9[0xca][0xfb][0xe][0x9e][0xeb][0xd3]B[0x9b][0x96][0x9f]1C[0xb8][0x8d][0xa1][0xbe][0xb8][0xde][0xce]+[0xf1][[0xbd][0xdb].Q[0xde][0x9e][0xfd][0xac]c[0x84][0xde][0x98]u[0xe5]2[0xf6][0x3]0[0xc5][0xf7]\[0xe0]{[0x9e][0xe7]*6[0xcd][0xa9][0xf9][0x2][0xb6][0xe2]b[0xe][0xca]&gt;[0xc7][0x9e]J[0x87][0xc5]r[0xad][0x96].HI4[0xcc][0xf6][0xea][0x97]f[0x9c][0xcd][0x93]?CS[0xe9]\[0xc0]:K:?+5[0xa5][0x93][0x7]{[0x17]58|[0x97][0x10][0x99]F[0xe3]`[0xcd][0x14]v48=[0xce]$v&gt;[0x84][0xde][0xf3]h*[0xa9]}[0x4][0x85]5[0xe6]&quot;[0x89][0x9b][0xba]jd[0xba][0xb9][0x86][0xef][0xb3][0x7][0x1f][0x81]ZS[0xba]+[0x89][0xe6][0xae]Te(m[0xe1][0xf4][0xe3][0xbd][\n]&quot;
2013-02-06 13:51:56,689 AAD-WS DEBUG wire:63 - &gt;&gt; &quot;N[0xc0][0xb]h[0x9d]F[0xdb]`i{[0xe9]n[0x96][0xb9][0xa7][0xc1]1[0x81]B![0xf0][0x87][0x9f][0xaf]{[0x11][0xeb][0xe5][0xcb][0x97]:)[0x87]DTE[0xb5]uz[\n]&quot;
2013-02-06 13:51:56,689 AAD-WS DEBUG wire:63 - &gt;&gt; &quot;[0xb7]40V[0x8a][0x85][0xc7][0xe3][0xa8]6?=[0xf6]lh[0xda]9[0x95][0x81]/[0xb3])_a$~[0x95][0xdd][0xf6]2S[0xbe][0x8e]2|[0x3]k[0xf0]MT[0xe3][[0xec][0xbe][0xef]pb[0x8f][0x13][0xfb][0xfb][0xd0][0xf1][\n]&quot;
2013-02-06 13:51:56,690 AAD-WS DEBUG wire:63 - &gt;&gt; &quot;[0xa7][0xfc]k[0x9c][0xd2]?[0xe6]T[0xfe][0x9]c[0xf4]u[0xe][0xe8]O3.:[0xc8][0xce]y*[0x8d]z[0xba][0xc4]rU[0x9e][0x8b][0xbd][0xa5][0xb7]N[0xa1][0xa3][0x83][0x95][0xea][0xec][0xe4][0x98]u[0x89][0x12][0x97]P[0xc2][0xaf]R[0xf7][0xa0]}[\n]&quot;
2013-02-06 13:51:56,690 AAD-WS DEBUG wire:63 - &gt;&gt; &quot;=[0x93][0xd8][0xfa][0xcc]4[0xf6][0xe]z[0xf8][0xa3][0xb7][0x8b][0x8d][0xe8][0xab]w[0x98][0x9b][0xb]J`mO[0xa3]_L[0xde]&apos;&gt;u;[0x4]([0x1c]z[0x93]Q1[0x19]-J[0x95][0xfd][0x88][0xc9][0xbe]M[0xc0]cKb[0xe6][0x98][0xcb][0xe3]r+B[0xb5][0x8e][\r]xKo[0xfb]-4b[0x8e][0xc1][0xfa]|[0xaf];_[0x8a]K}[0x8d][0xa0]/[0x89][0x3][0x3]&quot;h[0x2]u[\r][0xf6][0x99][0xc7]&amp;[0xb0][0xba][0xc1][0x91]KX[0xd0][0xe0][0xcc][0x11]l[0xa6][0xd0][0xf][0xf0]*[0xbb]K[0xe6]7[0xf9][0xe9][0xe0][0x99][0xc1]v([0x15][0x96][0x7][0xd8][0xf9][0xc0][0xcf][0x18]_?[0x87][0x86]_p[0x6][0xfd][0x92][0xd1][0xfc]+[0xa6][0xbe][0xc5][0x98][0xfd]56[0xe0]ml[0xc1]ep[0x1f][0x86][0xe]&quot;[0xc]P[0x1e][0xe][0x91][\r]w[0x92][0x1d][0xa7][0xc9][0x81][0xf7][0x91][0x13][0xf][0x90][0x82][0x8f][0x90][0x8a][0x87][0x18][0xa9][0xf][0x93][0x86]OS[0x11][0x9e][0xa0]bLR[0x9][0x92][0xb4][0x10]_[0xa4]Ex[0x91][0x1f][0xa5][0x97]i1[0xbe]KK[0xf8][0xfe][0xa5]x[0x95]&lt;x[0x83][0x96][0xe1]M*[0xc3]o[0xa8][0x9c]k[0xd6]r*[0xa2][0x95]9[0x19][0xf0]t:[0xbc]yg8[0xbc]%[0x1c][0xde]/[0x10][0x3][0xf7][0xb0][0xf5][0xb6]r[0x1a]p[0x97]qG[0x83]}[0x1a]G[0xd8]y[0xa5][0xfa][0x14][0x8e]68&lt;[0x8e]$[0x2][0x3][0xec][0x83] [0xa3]p[\n]&quot;
2013-02-06 13:51:56,690 AAD-WS DEBUG wire:63 - &gt;&gt; &quot;[0xc6]$[0xd7][0xcd])[0xc]yK[0x87]3A[0x10]gK 2[0x0]p[0xe6][0x0][0xa0]6[0x13]I[0xc5][0xa3][0xb8][0x9d]R[0xd3][0xd2][0x0]p[0xa5][0x1]P[0x9b][0x5]@[0x9d][0xd4][0xb7][0x1c][0x0][0xe4]{[0xf2][0xdd]R6[0xea]2[0x0][0x18][0x99][0xf3][0xee]i[0x84]8[0x91][0x8e]5[0xa8][0xb][0xf2][0xf0][0x82][0xab][0xa1][0xc0]V[0xaf]q[0xc6]yTO[0x81][0xcd][0xad]%q[0xbc][0xc6][0xc3]E[0xe2][0xc0]`[0xbd][0x96]w[0xf6][0xf2][0x1b]^[0x8f][0x9a]Dx[0x12][0x9b]-[0x89][0xa3][0xd7]k[0x8d][0xe7][\n]&quot;
2013-02-06 13:51:56,691 AAD-WS DEBUG wire:63 - &gt;&gt; &quot;k&lt;WX[0xe3][0xc9]ZSy[0x85][0x15][0x95]i[0xf6][0xc2][0x99][0xec]&amp;[0xf3][0xa2][0xc]s[0x91][0xa7][0xc8]]([0xcd]N[0x12][0x11]Q[0xf0][0x2][0xa2][\r][0x9c][0x8a]c[0xa2][0xa5][0xd7]S\[0xcd][0xfe][0xb9][0x93];[0xc5]l[0x1]}[0x9][0x9b]y[0xc9]E[0x91][0xd6]a[0x11][0xad][0xc7]*[0xaa][0xc4]z[0xaa][0xc2][0x16][0xaa][0xc6]v[0xaa][0xc1]M[0xb4][0x1][0xad]T[0x8b][0x1e][0xda][0x88][0xfd][0xb4][0x9]A[0xda][0x8c][0x8][0xd5]1[0xe4][0xb6][0xe0][0x1e][0xda][0x8a][0x8f]R=[0xce][0xd0]6&lt;N[0xdb]q[0x8e]n[0xc4]s[0xb4][0x3][0xd3][0xb4][0x93][0xa1][0xd6][0x84][0xaf][0xd1].|[0x9b][0x9a][0xf1][\n]&quot;
2013-02-06 13:51:56,691 AAD-WS DEBUG wire:63 - &gt;&gt; &quot;[0xb5][0xe0]5j[0xc5][0x8f][0xa8][0x8d][0xa1][0xd6][0x8a][0xb7]h7[0xe5][0xd1][0x1e]r[0xd2][0xad]TH[0x1d]TJ[0x9d][0xb4][0x82][0xba]h-u[0xd3]f[0xea][0xa1][0x1d][0xb4][0x97]9z[0x99][0xda]G:[0xf5][0xd3]q[0xda]G&apos;h[0x80][0xde]E[0xb7][0xd1][0x3]4H[0xf][0xd2][0x1][0xfa][0x14][0x1d][0xa4][0x9]:LO[0xd2][0x1d][0xf4],[0x1d][0xa1][0x8b][0xa4][0xcf][0x80][0xac]*[0xff]rL[0xbd]_7s[0xea]IQ[0xaf]8[0x8f][0xd8]C(?[0x8f]x[0xba][0xe4]&amp;[0xb8]`z[0xad][0xa2][0x99][0xc4]x[0xd6]&apos;E[0x92][0xac]4[0x2]&apos;[0x85][0xb0][0x92][0x8e]s[0xc3][0xf0][0xc]&apos;[0x80]%m[0xb9])[0xb]p[0xd8][0x9e]E[0xec][0x99][0xdc]w[0x83][0x86]x&lt;o6[0xee][0xcf][0xfe][0x1f]PK[0x7][0x8]c[0xd0][0x92][0xe0][0x92][0xe][0x0][0x0]:[0x1d][0x0][0x0]PK[0x3][0x4][0x14][0x0][0x8][0x0][0x8][0x0][0xd4]|D5[0x0][0x0][0x0][0x0][0x0][0x0][0x0][0x0][0x0][0x0][0x0][0x0]&apos;[0x0][0x0][0x0]com/sun/java/help/search/QueryHit.class[0x85]S[O[0x13]Q[0x10][0xfe]N[0xaf][0xdb]Rn[0x15][0x10]D[0x4]D`[0xdb][0x2][0xeb][0x85][0xfb]M.[0x5]i[0xd2]x[0xc3][0x10][0x85][0x18][0xb2]][0x96][0xb2][0x4]v[0x9b][0xed][0xd6][0x84]W[0xff][0x84]&gt;[0x18][0x1f][0x8c][0x8f]$jbK[0xa2][0xc6][0x1f][0xe0][0x8f]2[0xce]l[0[0x5][0xf1][0xa1]3[0xdf][0xcc]|g[0xe6][0xdb]9[0xa7][0xbf]~[0xfb][0x9]/[0x86][0x91][\n]&quot;
2013-02-06 13:51:56,692 AAD-WS DEBUG wire:63 - &gt;&gt; &quot;[0xa3][0x5]J[0x8]Wp;[0x8c];[0xb8][0xcb][0xe8][0x1e][0xa3]QFc[0x8c][0xc6][0x19]M[0xb0][0x99][0xc]b*[0x8c]0[0x14][0x9][0xd3][0xec]g[0xd8][0xcc]J[0x98]c?/[0xe1]&gt;[0xfb][0x85] [0x16][0x83]X[0x12][0xf0]m[0xef]X[0x9a][0x80]H[0x9][0x4][0xb6]3z[0xd6]09[0xa7][0x9b];[0x1c][0xe7]5[0xcb][0xd6][0xa9][0x98][0x14][0x8]mk[0x96][0xa9][0xe9]9&apos;/[0xe0][0xd9]b[0xf6][0xac]a[0x1a][0xce][0xbc][0x80],[0xa7]5[0xeb]P[0xc9][0x17]Le_}[0xa5]*{[0xfa]AN[0xc9][0xeb][0xaa][0xad][0xed])iKS[0x1d][0xc3]2g[0x92][0xa9][0xd8][0x6]5^[0xb6]v[0xa8]_c[0xda]0[0xf5][0x87][0x85][0xc3][0x8c]n?S3[0x7][0x94][0x91][0x1c]k[0xdd][0xb1][\r]3+[0xd0]&quot;[0xc7][0xd2]n[0x9f][0x3][0xd5][0xcc]*[0xe5][0xec][0x8c]@]Vw[0x92][0x96]V8[0xd4]MG[0xc0]+[0xc7]H[0x82]D[0xb9][0xa5][0xb2][0xe4][0x0][0xc1][0x15][0x16][0xcd][0xb9][0xf5][0xb2]l&quot;%[0xcb][0x89]E[0xdb]V[0x8f]h[0xbc][0x1c]c[0xe5][0xe1][0x8c][0xee]84zO[0xa5][0x83][0x3][0x97][0xa8]R[0xd0][0xed][0xa3]5[0xc3][0x99][0x89]m[0xd2][0xa9]u[0xab]`k[0xfa][0xaa][0xc1]z[0xeb][0xab][0xa5][0x11]&gt;[0x14]A[0x17][0x96]#[0xe8][0xc0][0xb5] [0x92][0x11][0xf4][0xe1]V[0x4][0xad]h[0x8b][0xa0][0x9f][0xd1]UF[0x3][0x8c][0xda][0x19]u[0xe2][0xba]@[[0xed][0x17].[0x15]vwu[ [0xb8]E[0xd7][0xd1]3[0xd7][0x13][0xc1][\n]&quot;
2013-02-06 13:51:56,692 AAD-WS DEBUG wire:63 - &gt;&gt; &quot;V[0xd9]&lt;[0xa0]u[0xf][0xb9][0xe1][0x1a]][0xc4][0xcb][0x8]zqS[0xa0][0xf7][0xbf][0x9a][0x5][0x9a][0xce]f&lt;[0xca][0xec][0xeb]Zym[0x1b][0x97][0x1d][0xae]^[0x17][0xed]S[0xcd][0xe5][0xdc]G0$[0x9f][0xbf][0x8d][0xf3][0x17]T[0x96]O[0xd7][0xd4])[0xa7].[0xad]&amp;[0xff]YE[0xf][0xbd][0xdd][0x16][0x0]~xx{[0x84]&lt;[0xbc];[0xd7][0xb7]W&lt;[0xad][0x98]|[0x94][0x97]H^[0x82][0xa0][0xcd][0xdf] [0xdb]M[0xd1]&amp;[0xfd]U[0xfc][0xe4][0xe3][0xf1][0x13][0x88][0xb8]\[0x84]&apos;[0x9e]([0xc1][[0x84][0x8f][0xbd][0xbf][0x88][0x0][0xfb]`[0x11]R[0xbc][0xd5][0xf7]#\D[0xe8][0xb][0xb1][0x5][0xcd][0x5][0xf5][0x8][0xba]}}[0xa4]!D*[0x9a]IA[0x7][0xcd][0xec]%[0x5]1[0x9a].x[0xed][0x95]9[0xcf]i[0x8e] [0xbf][0xf0][0x1d][0xe1][0x17]&apos;[0xa8][0x8b]FJ[0xa8][0x8f][0x85][0xaf][0x84][0x86]hc[0x19][0x7][0xfe][0xc2][0xd2]_[0xd8]SBS[0xb4][0x99]p[0x9][0xd1][0xcf][0xa7][0xd3][0x3]n[0xbf]N[0xb2][0xf4]t*S[0xba][0xc8]s[0xd6][0xcf][0x9d][0x8f]k[0xa8][0xdd]d[0xfb]/[0xa4][0x6]j[0xa9]}d[0x7].[0xa4]J[0xb5][0xd4]A[0xb2][0x83][0x90]O[0xa9][0x9e]S[0xaa][0xe7]S[\r]5A6[0x86][0xf8][0x5]]C[0xb5][0x9f][0xa5][0x90]M`[0xa8]B}M+[0xf6][0x90][0xca]][0x13][0xf4]{[0xfb][0xe]~[0xdf]q5z[0xf3][0x1e]~/G[0x1][0x8a][0x2][0x1f]*%7[0xf8]X[0xa9]H[0x14]H[0xd5][0x8a][0x1b][0xb8][0x15][0xef][0xd9][0xd7][0x94]/s[0x14][\r][0x18][0xa3]g2NB&apos;[0xc8]Nb[0x19]Sx[0x8c]ib[\r][0xbb][0x8f]i[0xe4][0xf]PK[0x7][0x8][0xaa]Ep1[0xce][0x2][0x0][0x0]`[0x5][0x0][0x0]PK[0x3][0x4][0x14][0x0][0x8][0x0][0x8][0x0][0xd4]|D5[0x0][0x0][0x0][0x0][0x0][0x0][0x0][0x0][0x0][0x0][0x0][0x0]&apos;[0x0][0x0][0x0]com/sun/java/help/search/Location.classmP[0xc1]N[0xc2]@[0x14][0x9c]mK[0x81]R[0x4][\n]&quot;
2013-02-06 13:51:56,693 AAD-WS DEBUG wire:63 - &gt;&gt; &quot;[0x82][\n]&quot;
2013-02-06 13:51:56,693 AAD-WS DEBUG wire:63 - &gt;&gt; &quot;D[0xbd]A[0x13][0xed][0xf][0x10][0xf][0x8a]&amp;M[0x88][0x1e]4\I[6PR[0xb6][0x6]Z[0xbf][0xca][0x8b][0x89][0xc4][0xc4][0x83][0x1f][0xe0]G[0x19][0xdf][0x96][0xe8][0x81][0x90]Mf[0xde][0x9b]7o[0xb2][0xbb][0xdf]?[0x9f]_Pq[0x81][0x8e][0x1][0x1d][0x87]E[0xe4][0xd0][0x94][0xd0][0x92]p[0x94][0xc7]q[0x1e]&apos;[0xc][0xfa]d[0x1a][0x7][0xee][0x90][0x81][0xb9][0xb2][0xf1][0xf9],[0x14][0xc][0xda][0x84][0x8b])[0xf5][0x83]P[0x84][0xc9][0x15][0x15]=[0xd7]u[0xfb]c[0x1a][0xdc][0xc4]S[0xce]P[0x19][0x85][0x82][0xdf][0xa7]K[0x9f][0xaf][0x9e]&lt;?&quot;[0xa5]4[0xe3][0xc9]0[0xe][0xd2]%[0x17][0x9][0x83][0xda][0xeb]S\[0x81][0xb4][0xeb]m[0xa0]N[0xe5][0xad][0x8c]4[0x1e][0xe3]t[0x15][0xf0][0xbb]P.[0x95]Gq[0xe0]%a,.[0x17][0xde][0x8b]g[0xa2][0x84][0xb6][0x89]&lt;[\n]&quot;
2013-02-06 13:51:56,694 AAD-WS DEBUG wire:63 - &gt;&gt; &quot;&amp;[0x8a][0x12][0xc][0x14][0x18][0xce][0x83]x[0xe9][0xac]S[0xe1]H[0x8b]3[0xe7][0xd1][0xb3][0xb3][0xe6][0xde]*[0x98];[0xcb][0xc][0xd5]l[0x16]yb[0xe6]&lt;[0xf8][0xb][0x1e]lo0[0xc6][0x19][0xbd]T[0x7][0xe8][0x17],[0x19]K[0x95]%[0x93]362[0xd6]@W[0x87]IX[0xa6]n[0x0][0x85][0x14][0xa0]a[0x80][0xd9][0xed][\r][0x14][0xbb][0xb3][0x81]jw7[0xd0][0xde]Hg8 lR*P%g[0x8d][0xd2],[0xd2][0xea]t[0x1a]4[0xad][0x90][0xba]M[0xea][0x12]3[0xe2][0x9c][0xfd][0xe][0xe5][0xf5]U[0xcf][0xc4][0x16]am[0xaf]U[0xdd][0xb5][0xb6][0x9][0xad][0xbd]Vm[0xd7]zJX&apos;V[0xd0][0xf8][0x5]PK[0x7][0x8]Nl[0xbb]=G[0x1][0x0][0x0][0xfb][0x1][0x0][0x0]PK[0x3][0x4][0x14][0x0][0x8][0x0][0x8][0x0][0xd4]|D5[0x0][0x0][0x0][0x0][0x0][0x0][0x0][0x0][0x0][0x0][0x0][0x0]:[0x0][0x0][0x0]com/sun/java/help/search/NonnegativeIntegerGenerator.class}[0x8f][0xb1]N[0xc3]@[0xc][0x86]&apos;iS[0x2][0x85]&quot;[0xa6]n[0x8c]0[0xc0]-[0xbc][0x1][0x94][0xaa]K;Tb?N&amp;M[0x15]|[0xd5][0xe5]R[0xf5][0xd9][0x18]x[0x0][0x1e][0xaa][0xe0]t[0xa0]b[0xc1][0xd2][0xd9][0xf2][0xe7][0xcf][0xba][0xbb][0xaf][0xfd][0xc7]&apos;R[0xdc][0xe1]2[0xc7]y[0x8e][0xb]B:[0x99]?[0x11]hF[0x18]&gt;zi[0xa2][0x95][0xf8]b[0xeb][0x96][0xd3]o[\r]B[0xef][0xad][\n]&quot;
2013-02-06 13:51:56,694 AAD-WS DEBUG wire:63 - &gt;&gt; &quot;MT[0xed][0xe6]V[0x95]b[0xb2]s[0xbc][0x89][0x95][0x8a]9F[0x84]Lx[0xa7][0xc3]b[0xe9][0xdb][0xe0][0xf8][0xb9][0xaa][0x99]p=[0xf7]&quot;\[0xda]Xmy&amp;[0x91]K[0xe]S[0x16][0xe]6[0xfa]p[0xbf][0xb6][Kxp[0xfe][0xdd]4[0xad][0x98][0xae]5+[0xae]7[0xa6]a[0x1b][0xdc][0xca][0xfc][0xb3]K[0x18][0x1d][0xf4][0xda]Ji[0x16][0xaf]kvz[0xf3][0xd5][0x11][0xfd]&gt;[0xad][0xf][0x10][0x12]ty[0xac][0xcd][0xb4][0xf6][0xb4]K[0xd0]G[0x92][0x11]r[0xc][0x94][0x9c]([0xe9]&amp;[0x85][0x92][0xd3][0xbf]D[0xcf][0xd9][0xc1][0x1f][0xfe][0x0]PK[0x7][0x8]$[0xd7][0xbd] [0xd7][0x0][0x0][0x0].[0x1][0x0][0x0]PK[0x3][0x4][0x14][0x0][0x8][0x0][0x8][0x0][0xd4]|D5[0x0][0x0][0x0][0x0][0x0][0x0][0x0][0x0][0x0][0x0][0x0][0x0]+[0x0][0x0][0x0]com/sun/java/help/search/HitStoreNode.class[0x8d]U]S[0x1b]e[0x14]~6[0xd9]$$,[0x94][0xd2][0xa6][0x94][0x6][0xa4][0x1f]@[0xc3]R[0x1a]E[0xa5][0x16]([0xfd][0xa0][0xad]E[0xf9](Mm[0x85][0xda]BH[0x16][0xb2]4$4Y[0xb0]x[0xa1]N[0x7]?g[0xbc]r[0xb4][0xd6][0xd1][0xce][0xc8][0x8c][0xc3][\r]3[0xea][0xc][0x14]G[0xa7]^z[0xe1][0x95][0x17][0xfe][0x11][0xfd][0x1][0xe2]sv[0x17](i[0x7])[0xd3]s[0xde][0xf7][0xec]9[0xe7]}[0xce]s[0xce][0xfb][0xe6][0x8f][0xf9][\r]^[0xb4] [0x1f]B-[0xfa][0x82][0x8][0xa2]_[0xc4][0x80][0x88][0xcb][0xfe][0xb3][0xc9][0xca]?[0xc1][0xb2][0x1b][0x14]q%[0x80][0xb8][0xe8][0xab]&quot;[0xde][0x10]q-[0x80][0xeb][0xa2][0xdf][0xc][0xa1][0xc]C![0xae][0x86]E[0xdc][0x8][0xe1]-[0xdc][0x94][0xd5]-[0x11]#&quot;FE$B[0x18]CRV)[0x11][0x86][0x88]q[0x89][0x9d][0x90]U:[0x0]S[0x81]od&lt;o[0x18][\n]&quot;
2013-02-06 13:51:56,695 AAD-WS DEBUG wire:63 - &gt;&gt; &quot;[0x94][0x1e]Y[0x17][0xcc]w[0xb8][0xf6][0x8f]$[0xf2][0xf9][0xc4][0x9c][0x82][0xfa][0x1b][0xbd][0xc9][0xdc]T[0xac]0[0x93][0x8d]M&amp;f[0x13][0xb1][0xb4][0x91][0x99][0x8e][0x15][0x8c]D&gt;[0x99][0x8e][\r][0xce][0x18][0xf9][0xb9]K[0xa6][0xd5][0xa1] 8[0x92]6[0xad][0xee][0xdc]L[0xd6]RP2[0x92]2g[0xcd][0x94][0x91]g[0xca][0xf3][\n]&quot;
2013-02-06 13:51:56,695 AAD-WS DEBUG wire:63 - &gt;&gt; &quot;[0xd4][0x91])3k[0xab][0xc4]]qL[0xa6][0xcd]L*o[0xd0][0x14][0xdd]&amp;7[0xd3][0xc6][0xad]\[0xde][0xe8][0xcf][0xa5][0x8c][0xe][0xc1]cfS[0x6][0xe3][0xfd][0x9d]f[0xd6][0xb4][0xba][0x98]/[0xda][0xd3]t[0x8d][0xaa][0x9b][0xe][\n]&quot;
2013-02-06 13:51:56,696 AAD-WS DEBUG wire:77 - &gt;&gt; &quot;v[0xf5][0x9a]Y[0xa3]fj[0xcc][0xc8]_M[0x8c]eh[0x9]M[0x18]V[0xbf]q[0xd7]b&quot;[0x5][\r][0xd1][0xa6][0x1d][0x95][0x11][0x18]O[0x14][0xac][0xb3][0xa9][0x94][0x82][0xc6][0xe8][0xe][0x2][0x4][0x80]7[0xb1]s[0xf7]a[0x12]\[0x98][0xce][0x8]&quot;oT[0x82]K[0x8][0xd2]e[0x8d][0x86][0x1e][0x7][0xf5][0xf9]u[0xf6]h&quot;A[0x9a]z[0xbb][0x85]4[0x5]M[0xdb][0xd5]QD[0x99][0xc4]]q[0xe3][0x82][0x85][0xcd][0x1c][0xfa]6P[0xb7][0xa4][0x10][0x80][0x12][0xb8][0x9e][0xa4]&lt;e$[0xf3][0xc6][0x94][0x91]][0x87][0xec]7[0xb][0xbd]Fb[0xdc][0x6][0xca][0xd2][0xd4]B.O[0xab]6[0x91]&quot;
2013-02-06 13:51:56,696 AAD-WS DEBUG wire:63 - &gt;&gt; &quot;[0xb0][0xd2]F[0x9e]_f[0x8d][0x82][0x82]p[0xb4][0xd7]&gt;f[0xc6]23[0xb1]kF[0x92][0xe9][0x9d][0xcc][0xd3][0x89][0xbc]eZf[0x8e][0x83][0xe0][0x8b][0xf6][0xf4]H[0xf5][0xc1];3f[0xf2][0xb6][0x93][0xc6][0xb6][0xd1]/[0x14][0xcf][0xcd][0xe4][0x93][0xc6]ES[0x9a]Z[0xb6][0xe][0xf0][0xb8][0xe4][0xd4][0xd0][0x8c]6[\r][0xcf][0xa1]N[0xc3][0x11][0x11][0xf5]h[0xd0][0xd0]([0xe2]([0x1a][0xd8][0xf5][0x1d][0xd5][0xa9]![0x8a]&amp;[\r][0xba]$8[0x88]:[0x5][0x87][0xfe][0xb7][0x93][0x1a][0xe][0xe1][0xb0][0x86]I[0xb4]kx[0x1][0xad][0x1a]^F[[0x0][0xb7]5d0[0xa5][0xe1]E[0xbc]$[0xc8][0x8e]i[0xe8][0xc1]k[0x1a][0xce][0xa1];[0x80][0xac][0x86][0x1c][0xa6]5t[0xa0]S[0xc3][0x5]\[0xd4]pJVw[0xc4][0xf5]U\RPa[0x1f][0x96]Id&apos;b[0x3]c[0x93][0xa4][0xc9][0x19][0x8e]x[0x92]([0xb7]|[0x8d][0xcf][0x15],c[0x8a]\[0xd9][0x17]4[0x99][0x9b][0x9e][0xb3][Z[0x1c][0xde][0xd1][0xf3][0xc][0x93]MhEq;[0xc8]1g[0xf8]B[0xc6]n[0xed]f[0xc3][0x9e][0x8c][0xb4][0x1b]1fX[0x16][0xaf]W:[0x91]%OA&gt;`[0xf2]Ry[0x84]~[0xae]&lt;[0xc2][0x9d][0xad]I[0x8d][0xad][0x8f][0xb8]{6[0xc5][0xd6][0x8d][0xae]&gt;[0xea]j[0xb2]nk[0xdd][0xf6][0xdb][\r]E8[0xa3]l[0xe1]n[0x16]*[0xbf][0x0][0xed][0xfa]*[0x14][0xdd][0xbb][0x2][0x8f][0x8][0xaf]^[0xbe][0x2]U[0xdf][0xb][0xdf][\n]&quot;
2013-02-06 13:51:56,697 AAD-WS DEBUG wire:63 - &gt;&gt; &quot;[0x2][0xb2].[0xd1]}[0x8f][0x11]\AH[0xbe][0x96][0xea]zdx[0x5][0xda]c[0x94][0xad][0xa0][0xfc]&apos;F+8N[0xa9]#DY[0xc5][0x8c]e[0xc4][[0x81]r[0x9e][0xb5][0x7][0x95]8@Y[0x87][0xbd][0xc4][0x13][0xe6][0xb9][0xfb]q[0x12][0xd5][0x8c][0x88][0xe1]y[0x17][0xc3]+[0xf0]q[0x5][0x1c][0xd4][0x97][0x99]{[0x19][0x9e][0x5][0xec][0xa3]*[0xd7][0x87][0xb8][0x1f]VGyb[0xeb]&quot;T[0xe5][0xc7][0x8d][0x93][0xfc][0xb6][\r][0x91]s([0xdc],[0x1f]0[0x8b]T2(a^[0x89][0xf2][0xca]Jm~[0x84]][0xc9][0x15]G3k[0xc9][0xfd][0x87]&lt;D6[0xac][0xca][0xb5][0x5][0xbe][0xfa]f[0xc3][0x16]X?[0xd9]c[0x9f][0xec]i[0x8e]o[0x16]x[0x18]%[0x94][0x87]X[0xe6]a[0x96]y[0x84][0xf5][0xa4][0xb2][0x1]&apos;H[0xf9]i[0x96]w[0x99]T+2[0x95].[0xa4][0xbf][0x9][0xc9]K[0xfd][0xad][0xe4][0xfc][0x1d][0x96][0xd4][0xc6][0xff][0xda][0x2]yl^E[0x85]wI[0xe][0xb7]A=@[0xb];[0xb0][0xfb][0x9][0xec][0xcb][0x8][0xb9][0xf0]TB[0xe][0xa8]d[0xc0][0xdb]*Q[0xea][0x92]xi[0xbe][0xb4][0xdb][0x83]&gt;[0xc9][0xee]=&amp;[0x11][0x9e][0x9f]Q[0xa9][0x1f]cS[0xf4]M[0xc7]m[0xd3]=[0xc2][0x9e][0xa5][0x8d][0xf2][0xce][0xb1]g`[0x87][0x2][0xdc]U[0xb2];Ud[0xb7][0x9a][0xe5]4[0xf0][0xd6]5[0xa1][0x8d][0xab][0x13][0xe8]c[0xb7][0x6][0xd0][0x89][[0xbc]V[0x19]t[0xf1]^[0x9d][0xe6][0xc][0x9d][0xc1]][0xde][0xb5]{[0xb8][0xc8][0xe][0xf0][0x86][0xba][0xe5]?t;2)[0x87]{EpH[0x8a]_[0xc5][0xde][0xb8][0x18][0xd4]-[0x6][0xe9][0x14]7[0xde][0x8f]rl[0x95][0xb7]s[0x11][0xba][0xf8]He[0x91][0xd6][0xa7]`;fV8[0xaf]([0x11])[0xfb][0xbb][0xb5][0xbf]te[0xcb],:[0xad][0xea][0xe5][0x4][0xf6]q[0xdd][0xcf]j[0x6][0x88][0xec]2[0x86][0xa8]S[0x18][0x84][0x89]+[0xf4]&lt;[0xc1]j[0x1c][0xac][0xb5][0xd4]2S&gt;[0x1][0xb1]T4hW)O[0xa2]}[0xc3][0xd5][0xb3][0xe1][0xaa][0xfe]P[0xe4]z[0x9d][0x92]O[0x8f][0xeb]Z[0xe7][0xba][0x6]l[0x6]Z[0x8b][0x7]x[0x98][0xf2][0xd4][0xb3][0x9d][0xd5][0xa7][0x9c]oRv[0x91]m[0xc7][0xb9][0x9e][0x83]%[0xdc][0x96][0xd8][0x99][0x9f][0x1c][0xd2][0x90]m[0x1f]e[0x17][0x13][0xb4][0x9c]yv[0x84][0xfa]tD[0x92][0x11])Z[0xce]n[0xbc][\r]G[0xdd][0x88]R{[0x8c]&quot;)[0x8e]Qq[0xd0]8[0xf5][0x4]-|z[0xdd][0xa0][0x6][0x97][0xc8]2g[0xe6][0x9d][0x8e][0x15][0x13]jR[0x9e][0xdf][0x98][0x93](_[0xc][0xb1]j[0xba]=[0xc3]jj[0x15][0xe1][0xe2][0x83][0xa6]P[0x8a],-|[0xd1][0xdd][0xa8]K[0xb4]{[0xec]W[0xe3][0x11][0xf6]=@i3u[0xd5]&quot;[0xf6]P[0xed][0xe7]\WS[0x1f][0x10][0xbd][0x99]i[0x1f][0xe7][0x11][0xc8][0xb3][0xce][0x2]vqj[0xab][0xf0]6I[0x9f]c[0x16][0xfe]0[0xb8]Y[0xbf]&apos;[0x96][0x80] tf[0xac]?[0xa2][0xa6][0xda][0xd4][0x1a]u[0xb4][0xcd][0xb7][0x8][0xff]&quot;[0xbc]-b[0x9f][0xf7][0xad][0x85]}[0x1c][0xcb][0xc8][0xd7]k[0xff],[0xda]w[0xab]|^U[0xc2]jk[0x8b]c[0xb][0xab]a[0xdf][0x2][0x1a][0xc5]Nc[0xbb][0xdf]Y[0xd8][0xd2][0xd7][0x1a]wt[0xb5]?[0xbe][0xb8][0xb6][0x1c][0xf6]mR[0xe3]&lt;[0x9f][0xef][0xf2][0xf8][0xf7]8[0xb6][0xef][0xf3][0xc1][0xbc]Gj[0xe6]9[0x1f][0x1f][0x92][0xdd][0x8f]9[0xcc][0x9f]pb&gt;%[0xe7][0x9f][0x11]2[0xf1]\[0xc8][0xdd]l[0x93]J[0x1d][0x89][0xd4],`[0xbf][0x1e][0xa9]YEM[0x97][0x1e][0xa9]%[0x8b]z[0xad]:Z[0xb3][0x85]M[0x87][0x83][0xcf])[0xbf][0x80][0x86]/y[0xcf][0xef][0xf3]}~[0xc0][0xaf][0xaf][0xdb][0xbf][0x11][0xbd][0xff][0x1]PK[0x7][0x8][0x19][0x82]*o[0xc7][0x5][0x0][0x0]:[0xb][0x0][0x0]PK[0x3][0x4][0x14][0x0][0x8][0x0][0x8][0x0][0xd4]|D5[0x0][0x0][0x0][0x0][0x0][0x0][0x0][0x0][0x0][0x0][0x0][0x0]&apos;[0x0][0x0][0x0]com/sun/java/help/search/HitStore.class[0x8d]T[O\U[0x14][0xfe]N[0x7]f[0x98][0xe1]p[0xb5][0xf4][0x82][0x80]U[0xb][0xc]3[0xd0]i[0xbd]U[0xb][0xbd]Ph[0x5][0x1c][0xa7][0x5]*[0x15][0xbc][0x8c][0x87][0x99][\r][0x1c][0x9c][0xb][0x9e]9C[0xa4]O[0xfd][0x1b][0xf5][0xc1][0x7][0xa3][0x10]M[0xb4][0x18]a[0x88]V[0x1b]}[0xa9][0x97][0x7]o1[0xc6][0x17][0x8d][0xa9]1[0x9a]h[0xe3]%[0x8d][0x8f][0xd6]o[0x9d]90[0xb6][0x8d][0x95][0x87][0xb3][0xf6]^{[0xaf]o[0xad]o][0xce][0xfe][0xe4][0xef]w.[0xc2][0x83].X[0x1]4[0xe3]p[0x0]-8[0xe2]Co[0x80]gG[0xfd]&lt;[0xe9][0x13][0xd1]/[0xe2][0x98][0x88][0xe3]&quot;[0x1e][0x96][0xdb][0x1][0xb1][0x1f][0xc][0xa0][0x16]C&quot;[0x1e][0x11][0x11][0x95][0x8b]G}[0x88][0x89]rD[0x94][0x13]buRv[0xc3]&quot;FD[0x8c][0x8a]8%[0xe2]1[0x11]c&quot;N[0x8b]x\[0xc4][0xb8][0xf][0x13]&gt;&lt;[0xa1][0xc1][0xdf]kY[0xc6][0xc2][0xa8]yFi[0xd0][0x6]5T[0xf5]e39[0xdb][0xc8][0xd8]cF*[0xaf]&lt;[0x0][0xce]j[0xd0][0xfb][0xd5][0x94][0x91]O[0xd9]Q3m[0xda]&lt;[0xd3]:5[0x94][0xc7][0xad]l[0xd6][0xd6][0xd0][0x1e]Md[0xd3][0x91]\&gt;[0x13][0x99]5[0xe6][0x8d][0xc8][0x8c]J[0xcd]Er[0xca][0xb0][0x12]3[0x91][0x1][0xd3][0x1e][0xb5][0xb3][0x96][0x8a]e[0x93][0xaa][[0x83]7[0x9e][0x12]&lt;c[0xc6]%B[0xd2][0xb0][0x92][0x8c][0xd9][0xaf][0xc1][0x17]O)c^[0xe5]4[0xd4]G[0x1d]&apos;y[0xdb]LE[0xc6]T[0x82]`[0xe2]*[0xe2][0x89][0xbc]e[0xa9][0xc][0x91][0xde][0x1e]3c[0xda][0x87]4[0x94][0x5][0xfb];[0xc6][0xb8][0xf4][0xd1][0xb5][0x86][0x9a][0xa8][0x99]Q[0xb1]|zRY[0xa7][0x8c][0xc9][0x14]O[0xca][0x83][0xfd][0x83]bPi$[0x93][0xc3]ye-[0xc]H[0xe0][0xb6][0xe0][0x93]][0xb7][0xea]v`[0xd3][0xca][0x8e][0xa9][0xe7][0xed][0x98][0xe3][0xbe]#[0xd8][0xb1][0xe9]$[0xeb][0xa6]L+g[0x1f]U9[0xbb][0x14][0xb6][0xf5]V[0xf8][0x8d][0xb8][0x1a]j3[0xc]y=[0xb4][0x9e]D[0xfa][0x8a][0xd9][0x8f]n[0xd4][0xcc][0x13][0xec]`[0xd5][0xca][0x8d][0xa4]1g;[0x1a][0x19][0x7]F[0xb3]y+[0xa1][0x8e][0x9b][0x92]}[0xd5]:[0xa9]=[0x12]N[0xe7][0xdc][0xed][0x13][0xd1]C*[0x9b][0xca]C[0x8c][0x9f][0xd4][0xd1][0x8a]6[0x1d]![0x84]ut[0xca][0xae][0x1d][0xbb]t[0x4][0xd1][0xa1][0xe3])&lt;[0xad][0xa3][0x1b]=:[0xe2]xF[0x87][0x81]I[0x1d][0x9]A$%F[0xed][0x8d]=[0xd4][0xa1]0[0xa5][0xe3]&gt;[0xdc][0xaf]c[0x1a][0xfb]u[0xcc][0x8][0xca][0xc4][0xac][0x8e]g[0xe5],[0x85][0x3]:[0xd2][0xb2][0xcb][0x88][0x93],[0xe6]t&lt;[0x87]9[\r]w[0xfe]/[0xdb][0xf5]h)#3[0x1d]919[0xcb]x2[0x1c]N[0xef]=[0xec][0xfd]f{&gt;AT[0xce][0xf9][0x9]XN[0xfe][0x6][0xba][0xd3][0xc6]c)[0x95]v[0xe6]n+;xc[0x1c]6[0xac][0xc6]R[0xe9][0xec][0xbc]r[0xcd]z%t.kq[0xd1][0xa7][\r]{FYQw[0xac][0x1b][0x82]7[0xcf][0xb5][0xd3]4w[0xcc][0x9c]VWH[0xab][0xb3]yg[0xcc][0xcd][0x1c][0xa1]S[0xe][0x19]2[0xf3][0xf3]f[0xa4]o[0xc6]L%[0x8b][0x90]~s[0xde]L*[0xab]x[0x11]u/[0xaa][0x93]*a9&lt;\&apos;[0xfe]\[0x9][0x15][0xba]E[0x11][0xae][0x1b]`a%[0xc0][0xa2]W[0xec][0xe2][0xbb][0xd2][0xc2]7[0xc0][0x87]F[0xdc]A[0x8d]-[0xa1][0xb6][0x5]wQ[0xbf][0xfb]_[0xfa]n~[0x9c][0x16]g[0xcf]1qVN[0x8a][0xb3]r[0x80][0x9c][0xb5][0xd3][0xb9][0xaf] [0xa6][0xb]{(#[0xd4]ZQ[0x6]yc[0xfc][0xa1][0xf6]:[0xad]s[\r][0xda][0x9b]T4[0xec][0xa5][0xc][0x10][0x2][0xbc]J[0xc0]k[0xe]d[0x9f][0xb]9MH[0x19][0xd7][0xf6][0xd0][0x1a][0xb6][0x84].[0xc0]3^[0x87][0xb3]k([EyH[[0x85]W[0x84]/[0xd4][0xbc][0x8a][0x8a]P[0xfb]*[0xfc]%[0x87]-[0xcc][0x2]x[0x9d][0xe0][0x97]P[0x8f]W[0xb0][0x1d][0x8b]h[0xc2][0x1b][0xcc][0xe0]&lt;[0x99]-[0xd3][0xea][0x1e][0xdc][0xeb][0x6][0xd9][0xcb][0xe0][0x12][0xbe]6[0xb4][0x82][0xf2]p[0x1][0x81]s[0xf4][0xb9][0x86][0xca][0x92][0xb7]j[0x87][0xf7][[0xa8][0xc4][\n]&quot;
2013-02-06 13:51:56,698 AAD-WS DEBUG wire:63 - &gt;&gt; &quot;j[0xb0]Jk[0x8e][0xb7][0x8b][0x1e]v[0xd1][0xad]D{[0xb][0xd0]_DSqW[0xf5]&gt;&lt;Q[0xd9]z[\n]&quot;
2013-02-06 13:51:56,698 AAD-WS DEBUG wire:63 - &gt;&gt; &quot;[0xa8][0xa6][0xdb][0x9a][0xf0][0xb2][0xb6][0xbc][0xe1][0xb2][0x11]^[0xca][0xb7][0x99][0xf9][0x5]4[0xe0]][0x96][0xfe]=[0x92][0xbb][0xc8]B@[0x8b][0x7][0xb0][0xdf]u?[0xc4][0xd0][0x1a][0xd7]6f_;[0xbe][0x86]:[0xc9][0x9a]&lt;[0x8b]1[0xea]C$z[0x9b][0xd4]`[0x5][0xbe][0x2][0xb6][0x96][0xfc][0xd7];u[0xbb]D[0xca][0x1f]b[0x1b]&gt;bA&gt;[0xe6][0xcd][0x83][0x1b]~O[0xd2][0xaf][0xd0][0xde][0xed]&quot;[0xa3][0xe1]KL~[0xd9][0xf1]7A[0x87]D[0xae][0xfb][0xbc][0x89][0xf5][0xa7][0xec][0xd3]g[0xd0][0xf1]9[0xb][0xf3][0x5][0xcf][0xbe][0xe4][0x88]|[0xc5][0xf3][0x87]p[0xc0][0xf5][0xde]L[0xdf][0xc2]Zh[0xfa][0xcf]o[0xc0][0xbd][0xce][0xe1]7[0xbc][0xe4]{[0xe2][0x9a]~M&quot;B[0xf5][0x8c]dU@[0x3][0x97][0x8a][0x97][0x91])j[0xdb]^@Rv[0xd1]%T[0xb0][0x84][0xdb][0xa3]&quot;x|[0xee][0xda][0xd5][0x10][0xb7];[0xd8][0xf3][0xb0][0xdc]/[0xa2]Z[0xf4][0x9d][0x9c][0x8b]%t[0x15][0x8d][0x1a][0xe][0xca]Ml[0x9]U]M[0x5]4v[0xf1]0&amp;&quot;[0xbc]x[0xed][0xf]1[0xd9]Y[0xc0][0xed]a[0xad][0x80][0xa6]R[0x9f][0x87]X6[0xe0][[0xa6][0xf5][0x1d]v[0xe0]{[0xa6]q[0x99][0xf3][0xfd][0x3]&apos;[0xf7]2[0xb9][0xfe][0xc8][0xe2][0xfd][0x84][0xc3][0xf8][0x99]v[0xbf]`[0x4][0xbf]r&lt;[0xaf]`[0x2][0xbf][0xf1]a[0xfc][0x9d][0xaf][0xe1][0x15][0xbe]m[0xc2][0xc6]U,[0xe0]/z&lt;[0xe8][0xfc][0x9][0x87][0xfe][0x1]PK[0x7][0x8][0xb9]0/[0xc0][0x85][0x4][0x0][0x0][0xf][0x8][0x0][0x0]PK[0x3][0x4][0x14][0x0][0x8][0x0][0x8][0x0][0xd4]|D5[0x0][0x0][0x0][0x0][0x0][0x0][0x0][0x0][0x0][0x0][0x0][0x0])[0x0][0x0][0x0]com/sun/java/help/search/RoleFiller.class[0x8d]Vms[0x1b][0xd5][0x15]~[0xd6]Z[0xed][0xca][0xf2]:[0xef]J[0xa4][0xd8][\n]&quot;
2013-02-06 13:51:56,699 AAD-WS DEBUG wire:63 - &gt;&gt; &quot;yg-[0xd9]Q[0xe2][0x16]C[0xec][0xe0]@l[0x12]DU[0xdb]D&amp;[0xa9][0x93][0x82][0xbd][0x96][0xd6][0xb6]byW[0xac][0xa4][0xc4][0x9][0x10][0x2][0x4][0x2][0xb4]0[0xed]t:![0xf4]m[0xc8][0x84]q;[0xd3][0x99][0x96][0x1][0xcb]3[0xcd][0xb4][0x1f][0xfa][0x81][0xce][0xf0][0x99]o[0xfc][0x85][0xfe][0x86][0xa6][0xcf]Y+[0x96][0xc7]$[0xc1]3[0xd2]9[0xf7][0xe5][0xdc]s[0xce]s[0xce]s[0xaf][0xf4][0xcd][0xff][0xfe][0xf1]/[0x4][0xd0][0x85][0x8f][0xc3]8[0x88]l3[0xc2][0x18][0x15][0xf1][0x92][0x88]3&quot;[0xce][0x86][0xf1]3[0x8c][0xc9][0xe8][0x9c][0x88][0xf3]&quot;~[0xae][0xe3]e[0xd1][0xaf][0xe8][0x18][0xf][0xc3]@V[0xc4]D[0x8][0x96][0xe8]I[0x11][0xb9]0[0xf2][0xb0][0xc3][0x98][0xc2][0xb4][0x8e][0x99]0[0xb6][0xa1] [0x93][0xb]a[0x9e][0x9a][0x15][0x8f]E[0x11][0xb3]2[0x9d][0x13]Q[0x94]]G[0xd6]\[0x19][0x95]D[0xbc]*[0xc2][0x93][0xdd][0xb2][0x88][0x8a]D[0xac][0xca][0xc8]O[0xf3][0xa2][0x8e]K[\n]&quot;
2013-02-06 13:51:56,699 AAD-WS DEBUG wire:63 - &gt;&gt; &quot;[0x9a]Gg&lt;[0xbb]&lt;[0xe3][0x16][0xf3][\n]&quot;
2013-02-06 13:51:56,700 AAD-WS DEBUG wire:63 - &gt;&gt; &quot;[0x94][0xb4][0x2]c&lt;[0xe7]:9[0xbb]T[0x19][0xb4]*[0x96][0x82][0x83][0x99][0x9c];[0x97]*W[0x9d][0xd4][0x5][0xeb][0xa2][0x95][0x9a][0xb1][0x8b][0xa5]T[0xd9][0xb6][0xbc][0xdc]Lj[0xa0]a[0xd7][0xa7] &lt;&gt;U[0x98][0xb7][0xf3][0xa7][0xdd][0xa2]MG&apos;[0x14][0xe8]\([0x16]mq[0x9b]U[0xa0][0x8d]O[0xda][0xd3][0x5]G[0x81]:n;y[0x99][0x17][0xb]s[0x85][0x8a][0x82][0xe0][0xb8]c[0xcf]S[0x1f]xx [0xf1]yR|y[0x8c][0x13]Zv[0xeb][0x95][0x99][0xdb][0xf9]u[0x9e]Q[0xb3][0xa3][0xc3]#[0x8c]y[0xac][0xe0][0x14]*[0xfd][\n]&quot;
2013-02-06 13:51:56,700 AAD-WS DEBUG wire:63 - &gt;&gt; &quot;[0x2]f[0xc7][0x19][0xae][0xe][0xb8]y[0xe6][0xba]1Sp[0xec][0xa1][0xea][0xdc][0xa4][0xed][0x8d]Z[0x93][0x92]}[0x97][0x99]^[0x1f][0xea]t:-[0x8e][0x82]%[0xaf][0xe0][0x10]B[0xd4][0xcc][0xf8][0xe6][0x5]75&quot;+[0xd9][0x8a]g[s}bb[0xcc]Y[0xb3][0xf6][0x8b]U[0xdb][0xbb][0xfc][0xbc][0x80]&gt;h&gt;&lt;[0x80]oE[0xd7][0x83][0xbe][0xeb]B[0xd9]?[0xc0][0x8c][0xcf][0x11][0xfb][0xb4]][0xc9][0xe6]\[0xcf][0xf6][0x17][0x6]Yt.[0xd4][0x13][0xf2][0x97][0xd8]?u[0xb9][0x9c][0x8f][0x9b][0x1d][0xeb],N[0xa0]Z[0xa6][0xbf][0x84][0xb9][0xbe]b[0xfa][0x80]w[0x90]&quot;[0xe5]B[0xde][0xf6]N[0xdb][0xa5][0xa2][0x95][0xb3][0xe7]l[0xa7]r[0xb6]P[0x99]Q`&gt;[0x2][0xd8]*/[0xe2]D/[0xd9][0x8e]U[0xac]\V[0xb0][0xff][0x87][0xab]!`[0x9b][0xcb][0x2]=S(W[0xd6]w[0x84]1B[0xc7]r[0xc5]z[0xcf][0xc3]Y[0xb7][0xea][0xe5]$[0x1][0xe9]y#[0x97]Cr[0xde][0xc0][0x93]x[0xca]@[0x7][0x12][0x6][0x92][0xe8]4x[0x9d][0xf][0x19]H[0xc1][0xd4]1o[0xe0]2[0x9e]3p[0x18][0xa6][0x81]#&quot;[0xba][0xf1]#[0x5][0xfb][0xd6][0x1][0xd3][0xc0][0x8f][0xf1][0x84][0x82][0xed][0xbe]I[0xd1]r[0xa6]SdD[0xc1][0x99]&gt;Q[0x9d][0x9a][0x92][0xdd]+xMAS[0xe7]n[0x19][0xbd]n[0xe0][\r]\[0xd5][0xf1][0xa6][0x81]kxK[0xc7][0xdb][0x6][0xde][0xc1]u[0x5]{[0x1e][0x1a]&apos;[0xe3][0xe6][0xac]J[0xc1]u$[0xf7]w[\r][0xbc][0x87][0x1b][0x6][0x6]%[0xd3][0x13][0x18]0[0xf0][0x2]~b[0xe0]}|`[0xe0]C[0x99][0xfe]B[0xc4]/E|$&amp;[0x19][0xfc][0xd4]@?[0x8e][0x1b]x\[0x10][0xf5][0x8][0xa2]M[0x8d]4[0x87]&apos;/[0xd8]9[0xa9][0xf2]zn[0x1]O6X[0x98][0xb1][0x9d]i[0xe1][0x81]f[0x95]J[0xfe]=o3[0xd3][0x1d][0x99][0x7][0x17][0x80][0xdc][0xeb]4[0xbf][0xb7][0xd7][0xf7][0x8][0xf3]P[0xc5]]^Q[0xb0][0xcd][0xfc][0xbe][0x1d]-[0xb6]&gt;[0xe0][0x2][\n]&quot;
2013-02-06 13:51:56,700 AAD-WS DEBUG wire:63 - &gt;&gt; &quot;[0xd5]dV[0xe4][0xeb][0x13]yP@[0x12]e[0xd7][0xa3][0xd9]$7[0xcd]u[0xf3][0xcf]9nu[0x9a][0xe8]TsP[0xae][0xa3]f[0xd6][0x1f][0x80][0x1d][0x8d][0x2]&lt;[0xeb]y[0xd6][0xe5][0xe1][0xa9]![0xfb][0x92]oMs[0xf0][0xe1]D[0xbd][0xdf][0xc1][0xbe][0x8e][0xf3][0xbc][0xb8][0xad]E[0xd7][0x9d][0xad][0x96]F[0xee][0xdf][\n]&quot;
2013-02-06 13:51:56,701 AAD-WS DEBUG wire:63 - &gt;&gt; &quot;[0xd5]L[0xdf][0xbf][0xe2]+k[0x11]N[0x86][0xab][0xfc]L[\r]{[0xbc]~+[0xeb][0xad]\?e5[0xce][0xb6]p&gt;4[0xe0][0x16][0xab]sN[0x19][0xbb]![0xbf]L[0xa0][0xc]I[0xbb]9j[0x12][0xa6][0xfb][0x9a]d[0xf7]5[0xf9][0xee][0xeb]T}[0xff]p][0x1f][0xa9]kr[0xde][0xd7]$4uL[0x18]C[0xdd][0xca][0x15]^[0x1c](8[0xca]Y[0x9c]Z[0xa1][0xe]&amp;[0x96][0xa0]|[0xc1][0x81][0x82]^J[0xcd]_[0xdc]I[0xf9]$[0xfa][0xea][0xa6][0xef][0xf3][0x17]S[0xa3]~^L[0x13][0x9d][0x8b]hJ[0xc4][0xbd][0x88]@BM|[0x85][0xc0][0xfc]o[0x16][0xa1]&amp;&quot;[0xea]&quot;]q[0x1e][0xec][0xac]A[0x9b]X[0x84][0x9e][0x88][0x4][0x17][0x11]J([0x8b]hN[0xb4][0xfd][0x13][0xe1]E[0xb4]p[0xbb]%[0x9e][0xc8]6[0xa2][0x1d]B[0xb][0xe5].[0xa8]x[0xc][0xcd][0x84][0xbe][0x11]{[0x18]{/G[0xfb][0x8]r?[0xd3]&gt;[0xc0][0x84][0xf][0xe2][0x19][0x96][0xe2][0x14][0xc1])8[0x86][0xa7][0xeb]Y[0xf5]3[0xab]&amp;[0xea][0xbd][0xc9][0xbb]0[0xc6][0x96][0xd0]*[0xc1]k[0xd8][0xb0]ec[\r][0x9b]8[0xd6]9[0xae]as[\r][[0x1a][0xf1][0xc2][0xfe][0x89]$[0xa3]t[0xfa][0x1e][0x8e][0xd7]}[0xbd][0xce]b[0x87][0xa8]G[0x92]Q[0xb5][0x86][0xad][0xb7][0x90][0xe6][0xe0].[0xb6][0x8d][0xc5][0xc5][0xa9]8[B[0xa4][0x86][0xed][0xbd]Z[0xa0]G_[0xc0][0x81][0x98][0x16][0xd1][0xb9][0xaa][0xaa][0x11]}[0xfe][0xea]-?\KD[0xef][0xae]a[0xc7][0x2][0xd4][0xc0][0xf0]u][0x89][0xe8][0xed][0x9f][0xdd][0xfb][0xae][0x11]y[0xa7]_[0xc1][0xc3]D[0xd9][0xcd][0xe8]O[0x10]O[0xf]NR[0xf][0x13][0x1f][0x88][0xef][0xd9]z&amp;I[0xa2][0x92][0xe]l[0xf5][0xdd][0xfb][0xf5][0xbd][0x3]][0x15][0xb7]][0xd3][0xa4]&gt;~[0xf9]z[0xd4][0xf][0xee]&amp;4Y[\r][0xf1]LS[\r][0xd1][0xbf][0xad][0xb1]&gt;[0xce]/[0x1f][0x9c][0x15]ke[0xb5]ul[0xad][0xef][0x1]~O[0xb2][0xe4]k[0xb9][0xf2][0x15][0x9a][0xff][0xbe][0xc6][0xf4][0x94]0[0x3][0xe9][0xba][0xe9][0xb7][0xec][0xa5]*[0x15]M[0xb6]w[0x8d][\n]&quot;
2013-02-06 13:51:56,701 AAD-WS DEBUG wire:63 - &gt;&gt; &quot;[0xe5]P[0xb2]=[0x91]Mt[0x91][0x6][0xb]8#[0x80][0xba][0xf8][0xfd][0x13][0xfa][0xba]V[0x0]^[0xfd][0x14]f[0xd7][0xd8][0xca][0xf4][0x9a][0x10][0x8a][0xbb]B[0x97]@&quot;[0xdb]%[0xe5]&apos;[0x9f][0x16][0x10][0xea]&quot;[0x1]wr[0xa7][0xf9]k[0xb4][0x88][0x1a]bY[0xbe][0xe0]@P[0x4]o[0xdf][0xfb]|[0x1][0xba][0x4]kT[0xfd]$6Sf[0x98][0xe9][0x10]{?[0x8c][\r][0x18][0xc1]V[0xbc][0x88][0xed]x[0x89]]8[0xcb][0xb]4[0xc6][0xc2][0x9c]c[0xf6][0xe7]1[0x8a]W8[0xb3]0[0x81]I[0xcc][0xf0][0xdf]\[0x81]v[0x97]8z[0x8d][0xa3]&amp;y[0xa1][0xeb][0x8]O[0x10]_@X[0x9b]dzO&apos;kh[0x93][0xee][0xb7][0xb3][0xf9]m7[0xff][0x88][0xb0]?I[0xae][0xca]a[0x8b]_[0xf][0x17]A[0x94][0x18][0xf7]U[0x16][0xd3][0xa3]?[0xbe][0xe9]u[0xff]ev[0xc2][0xbd];[0x82]S[0x80][0xe4][0xd5][0x89][0xfe][0xa4][0xb4][0xbf][0x86][0xf6][0xa3]j[0xa0]G[[0xc0][0x95]e[0xb2]iB[0xb6][0xd9][0xa8][0xea][0xd3]M[0xeb][0xf6][[0x17][0xcf][0x1d]U[0xe3][0xab][0x17]4u&quot;[0xdf]/[0xf6][0x11][0x8e][0xae][0xdc]B[0x9f]ham[0xe7]*[0xc6][0xc6][0xeb][0x8c]]fw[0xf0]6[0x8c][0xa8]J([0xbb][0xe8][0xec]&gt;y[0xbf][0xbd][0xae])[0x11][0x8d][0x83][0xf7][0xa2]j[0xfc][0x6]7[0x1f][0x9b][0xcd]5H[0xd5][0xc3][0xe7][0x4][0xb8][0xc8][0xbf][0xbe][0x97][0x88][0xea][\n]&quot;
2013-02-06 13:51:56,702 AAD-WS DEBUG wire:63 - &gt;&gt; &quot;[0xda]Y&apos;[0x93]?[0x8a][0xbd][0xb8]Jlo[0xf2][0x8f][0xed]5[0xd6][0xf2]-[0xce][0xde][0xc6][\r][0x8e]E[0x9b][[0xb8][0xce][0xd3]C[0xec][0xc3]2[0xf2][0x13]y[0x98][0xda][0xa3][0xf3][0xdd][0xfd][0x89]^5[0xa6]&amp;[0xe3]K[0xd8]sT[0x8b][0xa9][0xec]nop[0x1]/[0xc4][0x82][0xac][0x8a]L[0x99]c\[0xf6][0xdb][0xa3]Z[\r]{c[0xc1]U[0xd6][0xb]h[0x8f][0x5][0x97][0xc7][0xa1]h([0xaa]}[0xf2][0x7][0xb4]DC[0xf4]&quot;FA[0xdf]S,[0xf8][0x9f]{K[0x8d][0xe3][0x8d][0xee][0xf4][0xf3][0xcd][0x1]&gt;`w&gt;d[0x17]~K[0xbe][0xdc]D[0x1b]&gt;![0x96]OySG[0x9c][0xbf]g[0xc7]?c[0xf7]o#[0x8b];[0xe4][0xcc][0xe7][0xe4][0xca]ML[0xe3][0xcf][0xec][0xe5]_xfd[0xe5]I=[0xe2][0xbf].[0xc0][0xe6][0xcd]J[0xe7][0x97][0xd8]w[0x17]a&gt;K[0xfb][0xbf][0xc4][0x81]F[0xb8][\r]&gt;uZ[0x9]&lt;[0x8a]M[0xd4][\n]&quot;
2013-02-06 13:51:56,702 AAD-WS DEBUG wire:77 - &gt;&gt; &quot;I&amp;/[0xf5][0xe9][0xff][0x3]PK[0x7][0x8]Y[0xfe]3[0x96][0xb3][0x6][0x0][0x0][0x99][0xc][0x0][0x0]PK&quot;
2013-02-06 13:51:56,703 AAD-WS DEBUG wire:63 - &gt;&gt; &quot;[0x3][0x4][0x14][0x0][0x8][0x0][0x8][0x0][0xd4]|D5[0x0][0x0][0x0][0x0][0x0][0x0][0x0][0x0][0x0][0x0][0x0][0x0]*[0x0][0x0][0x0]com/sun/java/help/search/ConceptList.class[0x95]R[0xdb]n[0xd3]@[0x10]=[0xeb]8q[0xe3][0xba]4m[0xa1][\r]$[0xa5][0x1]Z[0xea]84[0xe][0x82][0x17]T[0x84]D[0xca][0xcd]R[0x14][0x1e]@H[0x85][0x87][0xd4]q[0x97][0xd4]%]Gk&apos;j?[0x85]/[0xe0][0x85][0x17][0xa4][0x86]J [0xf1][0x1]|[0x14]bl[0xd2][0xb][0xa0]P[0xf1][0xb0]3;;g[0xce]\v[0xbe][0xff][0xf8][0xf2][\r])[0xac][0xa1][0xa6]#[0x8b][0xa5],&amp;P[0x8a][0xc5]5[\r][0xd7]u[0xa8][0xb8][0x11][0x1b][0xcb]:VpS[0xc3][0xaa][0x6]SCY[0x83][0xc5][0x90]nu[0xfd]0b[0xa8]5[0xbc]`[0xcf][0xe][0xfb][0xc2][0xde]u[0x7][0xae][0xbd][0xc3][0xbb]=;[0xe4][0xae][0xf4]v[0xec][0xfa]A[0xc4][0x1f]J[0xe9][0x1e]&lt;[0xe2][0x84][0xe9]I[0x1e][0x86][0x81]\gPZ[0xef][0x18]X[0x9d]![0xd3][0x1a][0xb8][0xdd]&gt;&apos;[0xc3]![0xe3][0xbe]/[0xfc][0xe8][0x1]][0xcc]7u[0xa7][0xfc][0x8a]A[0xdd][0x8][0xb6][0xc9]9[0xdd][0xf0][0x5]o[0xf6][0xf7][0xda]\[0xbe]t[0xdb]]zI[0x8f][0xc2]T3[0xc1][0xa5][0xdf][0xfa]2.%e[0x96][0x89]G[0xbc][0xef][0xf1]^[0xe4][0x7]&quot;[0xd4]P![0x90][0xe0][0xfb][0xe4][0xd4]_[0x4]}[0xe9][0xf1]&apos;~L[0x90][0xdb][0x8]D[0xc]jP[0xb][0xd5][0xb8]n[0x3][0xb3][0xb8]e [0x87][0x19][0x3][0x17]0[0xcd]P[0xfd][0xbf][0xae][0xe2][0xf8]9[0x3][0x6][0xa6]4[0xac][0x19][0xa8][0xc2]fX[0x1e]Kq&amp;;[0xd5][0x92][0xb8][0xbb][0xae][0xe8][0xd8][0xcf][0xdb][0xbb][0xdc][0xa3][0xa7][0xbb]c#[0x9b][0x81][0x10][0xbc][0xe3]F[0xfe][0x80];&quot;[0xe2][0x1d].[0x9f]r[0xc1][0xa5][0x1b][0x5][0x92][0xa1][0xf2][0x8f][0x84][0xc7][0x85]:[0xd1]1z[0xee]4[0xef][0xc9][0xc4][0x92][0x19][0xd2]DW[0xc6]2[0x9d]m[0x9a]aBrw[0xbb][0x99][0xcc][0xf7][0xb6][0xe9][0x8c][0xdf][0x84][0xbf][0xf3][0xaf][0x97]_[0xa3]D[0xab][0x95][0x85][0x2][0x1d][0x93][0xb4][0x82]J&lt;=[0x80]4}@[0xa2][0xe9]7H[0xab]`[0xf1]pI^$[0xeb][0x19]2[0x84][0x5]J[0xd6][0x11][0x98][0x95][0x1a]B[0xb1]*[0xc5];C[0xa4][0xac][0xaf]P7+Eu[0xeb][0x8][0xe9]!2[0x9f][0x8][0xc3]p[0x89][0xe4]&lt;[0xd2]$s[0xc4]3E[0xd9]f[0xe8]6[0x8b][0xa5][0x84]o[0x1e][0xb]#[0xd6][0xd5]$?0im[0x1e]B)l[0x11][0xed])[0x81][0x9e][0xb8][0x16]H[0xe7][0xe9]%[0x8f][0xcb]d[0xc7]A[0xf7]([0x88][0x91]^[0xfc]U[0xc6]!2tR[0xd6]gh[0xef][0xa1][0xd3]U[0xf9][0x0]U[0xf9][0xf8][0x7]M[0x81][0xaa])[0xe2][0xca][0xa8][0xaf][0x2][0x9d][0xe2][0x9]amD[0x98]?[0x97]+[0x93][0xe0]J[0xbf][0xf1],&amp;3[0xbb][0xfa][0x13]PK[0x7][0x8]n[0x9e][0xdd][0xb4][0x17][0x2][0x0][0x0][0xd1][0x3][0x0][0x0]PK[0x3][0x4][0x14][0x0][0x8][0x0][0x8][0x0][0xd4]|D5[0x0][0x0][0x0][0x0][0x0][0x0][0x0][0x0][0x0][0x0][0x0][0x0]1[0x0][0x0][0x0]com/sun/java/help/search/StreamDecompressor.class[0x8d]U[S[0xdb]F[0x14][0xfe][0x16]c[0xeb]b[0x85][0[0x89]C[0xd2]:[0x17]Zc[0x13][0xdc][0x10]J[0x8b][0x9][0x9][0x97][0x84]b0[0x90][0x6]B[0xeb]&amp;m*[0xe4][0xc5][0x8]l[0xc9][0x95][0xe5][0xe][0xfc][0x8d][0xfe][0x82][0xbe]e&amp;[0xd3]&gt;$m[0xe5]L[0x98][0xe9][0xf4][0xb9][0xff][0xa1][0xa4][0xf]L[0xcf][0xca][0xc4][0x88]K2}9[0xbb]{[0xf6]|[0xe7];[0xb7][0x95][0xfe]&gt;x[0xf3]&apos;B[0xb8][0x9]G[0xc5][0x0]FU[0xf4][0xe2]S[0x85][0xc4][0x98]8~[0xa6][0xe2]s[0x8c]K[0xc8][0xaa][0x88]`B[0x88]q[0x15]w0[0xa9][0x90][0xb8]+[0xe1][0x9e][0x8a](FeL[0x89]uZ[0x88][0x19]!fU[0xdc][0xc7][0x3][0x9]s*z0*[0xe1][0xb][0xe1]t^[0xf8][0xcb]IX[0x10][0xd8]Ea[0x91][0x97][0xb1]$,[0x96]e[0xac][0x88][0xf5][0xa1][0xb0][0xf8]R[0xc6]#[0xe1]cU[0xc6][0x9a][0xe0]{,a][0xc2]W[0x12][0xbe]f[0x88]&lt;3[0xad]j[0xdd]e[0x88][0xe5][0xb7][0xf5][0x1f][0xf5][0x8c]igrB[0xb1][0xea]:\[0xaf]L[0x90][0xc1][0x1d][0xd3]2[0xdd][0xbb][0xc][0x17][0x93]gZ[0xc][0xae]3[0xb4][0xcf][0xda]E[0xce][0xd0][0x99]7-[0xbe]\[0xaf]lpgM[0xdf]([0x93]&amp;*[0xb0][0x8f][0xb8]^4[0xad][0x12][0x9d]J[0xdc]][0xe6][0xbb][0xee][0xcc][0x9e]Kw[0xa1][0xe4]`[0x8e]A}[0xb0]k[0xf0][0xaa]k[0xda]V[0x8d][0xfc]Tt[0xd3]b[0xe8]K&gt;iR[0x95]u[0xab][0x94]![0x1e]B[0xfb]&lt;[0xea][0xaa]]w[0xc]&gt;g[\n]&quot;
2013-02-06 13:51:56,706 AAD-WS DEBUG wire:63 - &gt;&gt; &quot;[0xdf][0x17][0x9a][0x1][0xdc][0xe7][0x86]][0xa9]:[0xbc]V[0xb3][0x9d]a[0x81][0xd2][0x90]DA[0xc3][0x10][0x6]5|[0x84][0x8f][0xc5][0xae] [0xe1][0x1b][\r]O0L[0xa8][0xb7]9[0x8]&apos;[0x81]&lt;[0x4][0xea][0xa9][0x84]o5|[0x87]g[0x1a][0xbe][0x87]Nq[0x9c][0xc]b[0xa6][0xbe][0xb9][0xc9][0x1d][0x86][0xf0][0xce][0xad][0xc4]dB[0xc3][0x6][0xc]![0x8a][0x1a]86%[0x94]4l[0xe1])[0xc3][0x0]E[0x94][0xa9][0xd5][0xad][0x8c][0x8f][0xdf][0xe2][0xe5]j[0xa6][0xc6]u[0xc7][0xd8][0xa2][0xc2][0xb9][0xbc][0xc4][0x9d]i[0xc7][0xd1][0xf7][0x18][0xd2][0xef][0xb4];[0x9d][0x9a][0x88][0x8f][0x12]2[0xb1][0xcd]p[0xfe]([0xae]V[0xf5]4[0xec]@[0x17][0xfc]e[0x6][0xc5][0xb4][0x8a]|[0xb7][0x19]bE$[0x1d][0xde][0x19][0xf1][0xf]I[0x90][0x9d]-\4MF[0xe][0xb3][0xa8][0x92]I[0xa2]R[0xe3][0x94][0xcd][0xf]([0xbc]%[0x10][0x8d]^i[0x11]0\[0x9][0x96]n[0xd9]v[0xe7][0xec][0xba]U[0xc][0xdc][0xbf];[0xed]`&quot;~[0xe3][0xd7][0x83][0x1c]GM[0xa0][0x9][0xa0][0xa5]H[0xc3][0x98]&lt;{[0x0][0xba][0x2][0xda][0xbd][0x9a][0xcb][0x9][0xd1]m[0xd4][0x1d][0x87][[0xee][0x9a]Y[0xe1]Kf[0xb9]l[0xd6]|[0x86][0x5][0x92][0xf6][0xf1][0xb9]~Hn[0x2]s[0xad]W[0xab][0xdc]&quot;[0xae][0xa1][0xb3][0xb8]N[0xa9][0x9a][0xad]&apos;\2[0xf7][0x9e][[0xd9][0xb5][0x9b][0x1a][0x86][0xde][0xe4]i[0xbb][0x89]@[0xde][0x81]p[0x18][0xa4][0xaa]8[0x95][0xa9][0x8a][0x8a]^3D[0xbd][0xc4][0x83]J&apos;s[0xf9][0xff]5K~qB[0xdc]qN[0x94]nec[0x9b][0x1b][0xae][0x1b]5t[0x87][0x9e][0xa1]^6][0x1a][0xbd]v[0xca][0x82][0x94][0x91][0xe2]!Sr[0xe1]=Y[0x85][0x8d][0xb2]][0xe3]H[0xd0]&apos;g[0x0][0x0]C[0x9b]xY[0xb4]k[0xa7]=[0xcd]%[0xc9][0x14][0x9d]R[0xa4]o[0xa3]UM5[0xc0]Ri[0xf]m/}[0xeb]4[0xc9][0xe][0xfa][0x1e][0x2][0x9d][0x84][0xe8][0x82][0x82]n[0xd2][0xe][0x9d][0x81]K[0xff][0x81]P[0xca]C[0xfb]I\[0xc]a[0xf4][0x11][0xee][0x2]iob[0x98][0xac][0x5].A&apos;F[0xab][0x9c][0xfa][0x1d]![0xf][0xe1]_Z[0xa8][0x88][0xaf][0xbf][0x84][0xcc]a[0x8c][0xd7][0x9][0xfb][0x9]n5[0xf9][0xd8][0xaf]t[0x1f][0xa5]5[0xb6][0x8f]H![0x15][0x1a]i@[0xca]S[0xb4][0xf2][0xe4]k(3[0xaf][0xa0][0xee]#Zh@[0xeb]9[0xe7][0xa1][0xe3][0xb2][0x87]N[0xf]][0x1e][0xba][0xf7][0xd1]C[0xda][0xf3][0xd9][0xf0]&gt;z[0xb][0xe9][0x6]b[0xd9]H&lt;r9[0x1e][0xf6][0xd0][0xf7][0x1c][0xe7][0xb2][0xd2]+\[0x8c]K[0x1e][0xe2][0x1][0x7][0x97][0xc8][0x81]0[0xe8]o9[0x11]4cR[0xc0][0x84][0xfc]w[0xc4][0xa4]c$&gt;[0xa2][0x81]+Y[0xb9][0xc5][0xa4][0xc4][0x95][0x98][0x14][0x97]=| [0xa8]TA[0xa5][0x1e][0xa7][0xfa]PP[0xc9]A[0xaa][0xa3]KJ[0xeb]*[0xf7][0x90][0xe8][0xb9]JF[0xad]8[0xae]=Gt[0x89]&lt;[\r][0x91]#[0xda][0xe6]iK[0xda][0xf8]K*[0xd8][0x14][0xe6][0xb1]H[0xc5]~[0x81][0xdf][0xe0][0xd1][0x1a][0xc5][0x1][0x13]E[0x4]S[0x98][0x86][0x1b][0x87]E[0xde]D[0xdc]oB[0x14][0xd7][0xa8][0xa9][0xd7]i8nPs[0x6]0F[0xc3]1Ec1O[\r]^$[0xcb][0xc7][0xe2]GHM[0xdb][0xa5]v[0xfc]Dm[0xf8][0x99][0x1a][0xf1][0x2][0xb7][0xc9][0xf7](y[0x1f][0xc3]_[0xf4]?[0xfc][0x7][0xe3][0xf8][0x17]Y[0x1c]`[0x82][0x98]&amp;[0x99][0x82]{[0xc4]4[0xcd]z1Kl#[0xc4][0xd3][0x86][0xdb][0xff][0x1]PK[0x7][0x8][0x9a][0xce][0x87]r[0xfa][0x3][0x0][0x0]W[0x7][0x0][0x0]PK[0x3][0x4][0x14][0x0][0x8][0x0][0x8][0x0][0xd4]|D5[0x0][0x0][0x0][0x0][0x0][0x0][0x0][0x0][0x0][0x0][0x0][0x0]4[0x0][0x0][0x0]com/sun/java/help/search/ConceptGroupGenerator.class[0x8d]U[W[0x1b]U[0x14][0xfe][0x86]\[0x6][0xc2][0x0][0xb1]-E[0xb9][0xb5][0xe5][0x1a]&amp;[0x85][0x0]V[0xd4][0xa6][0xf6][0x2][0x1][0x1a][0x1b]i%[0x11][0x5]T[0x98]$gA[0xda]0[0x93]5[0x19]jyw[0xf9]#|[0xf3][0xa9]/[0xbc][0xe8][0x92]t-][0xda][0xb7]&gt;[0xf8][0x1f][0xfc][0x11][0xfe][0x1][0xeb]w[0xce][0x84][lY,V[0xf6]9[0xb3][0xcf][0xde][0xdf][0xb7][0xf7]&gt;[0x1f]3[0xfd][0xfb][0xdb][0x9f][0x8]`[0x1c][0x85][0x8].[0xe1]f[0xb].&quot;)[0xcd]-[0x1d][0x9f][0xc8][0xf5][0xb6]4w[0xa4][0xb9][0xab][0xe3]^[0x4][0xcd][0x98][0x8d]`[0xe])i[0xe6][0xa5]{A[0xee][0x16]u[0xdc][0x8f] [0x8d]O[[0xf0][0x0][0x99][0x8]&gt;[0xc3]R[0x4]A&lt;[0xd4][0xf1]H[0xc7][0xe7]:[0x96]5D[0x97][0xe6][0x1c][0xbb] *^5m/[0xba][0xce]nE[0x83][0x96][0xd6][0xd0]Fo[0xd5][0xb3]lo[0xc5]*[0xef][0x8a][0x0][0x80][0xa8][0x86][0xd6][0xd9][0x92][0xc][0xcb]XyQ[0x96][0xae][0xa0][0x86][0xd0]F[0xd9][0xaa]z[0x1a][0xc2][0x1b][0x9e][0x95]/[0xb][\r][0xa3][0xeb][0x99][0x82][0xb3][0x93][0xa8][0xee][0xda][0x89][0xc7][0xd6]S+[0xb1]-[0xca][0x95]DUXna;QgJY[0x9e][0x95][0x94][0xa9]y[0xc2]1[0xe3][0xed][0x9])[0xc1][0xa3][0x8a]+[0xaa]U[0xc7]eF`[0xe3][0xc9][0x94][0xb2][0xd3][0x92][0xb0] q4[0x8c][0x9c][0x97]/|[0xab]d[0x97][0xbc][0xdb][0x4][0x88][0x8d][0xad]h[0x8][0xce]9E[0xd6][0xdb][0x91])[0xd9]biw&apos;/[0xdc][0x9c][0xdf][0x81][0x1e][[0x9f]M[0xa7]U[0x88]L[0xd0][0xd0]l[0x15][0x8b]9[0xe1][0xee][0xb0]V3[0x96]&gt;[0x1f][0x9d]Lo/[0xb2][0xfc][0xa2]8[0x9c][0xaf]DN[0xa7][0xd7][0xd3]c[0x1c]od[0xfe][0x99][0xf4][0x95]8d[0xe2]W[0x9c]jI[0xee]Ui&lt;[\r]=[0x95]C&apos;[0xcc]/[0xc3][0x16][0xcf]&lt;u[0xb6][0xc6]z[0xb7][0x84]-\[0xcb][0x13][0xb][0xa5]rY[0xb8]L[0x1f][0x8b][0x9d]1[0xf2]e[0xa7]\[0x8f]T%E[0xb2][0xce][0xae][[0x90][0x1e][0xc2]w[0xd7]+S[0xd7][0xbe][0xe8][0xc3]:[0xee][0x84][0xc4]00[0x8c][0x11][0x3][0x3][0xe8]2p[\r]][0x1a][0x86][0xce][0xd3][0xb5][0x81]&gt;[0xf4][0x1b][0xe8][0x95]YWpU[0xc3][0xc4][[0xb3]f[0xf7]&lt;q[0xcf]u[0xad][0xbd][0x93]W,Y[0xb3]:r[0x6][0xbe][0xc0][0x84][0x81][0x15]|i`[0x10]C[0x6][0xbe][0xc2][0xaa][0x86][0x8b][\n]&quot;
2013-02-06 13:51:56,707 AAD-WS DEBUG wire:63 - &gt;&gt; &quot;[0xa4]l[0xd9][[0x89][0xa3][0xe9][0xe9]X3[0xb0][0x8e][0x11][0x1d]_[0x1b][0xf8][0x6][0xdf][0xea][0xd8]0[0xb0][0x9]V2[0x83][0xfc]Y[0xfc]ol[0x9d][0xff][\r][0xc7][0x1c][0xf][0xf3][0x8f]E[0x81]c[0x8f][0x9f][0x81]qXx[0xda];[0x4][0x8]K[0xf1][0xc8]I[0xf][0x9f]K[0xd4][0xbc]O[0xab]Z[0x10]v[0xb1]do[0xa5][0x94]Zx[0xdd][0xae][0xb0][0x8a][0xfe][0xe5]S[0xb][0xcd][0xf2]iI[0x9]`[0xea]l[0xf1]5[0x16][0x93][0x94]r91[0xb4][0xdc][0xb6][0xeb]|[0xe7]K[0xbc][0xa3][0xe2][0x96]l/[0xeb]Y[0x85]&apos;9[0xd7]*[0x88]S[0x8d]g[0xf7][0xaa][0x9e][0xd8][0xa1][0xde][0x84][0xcb][0xfa]:3[0xea][0xa4][0xe4]$[0x1e][0xf9]9[0xac]g&apos;y[0x8]|[0xda]M[0x85]+[0xe0]2[0x95][0xdc][0x19][0xcb]4[0xce]R)[0xd0]&lt;[0xa7]Z9D\[0xe5]{[0xec][0x12][0x88][0xc5][0xd7][7.[0xa3][0x8b][0xfb]w[0xf9][0xde]i[0xc2]{|[0xee]&gt;[0xf1][0xdc][0xc3][0x1f]e[0xa7][0xf6][0xd4][0xa0]Z[0xa9]@[0xb5]^S[0xfe][0xb]R[0xcc][0xa7][0xe2][0xa9],[0xee][[0xe8][0xa3][0xd6]iG[0xf9][0xb4]L[0xbf][0xc6]u[0xc0]|[0x1][0xcd][0xd4][0xf][0xd0]d[0x6][0xe][0x10]0[0xa3][0xd1]?[0x10]&lt;@H&gt;[0x85]M[0xed][0x0][0xfa][0xcf][0x8c][0xd2][0x10][0xa3][0xed][0x87]N[0xdb][0xcd][0xf7][0xea]e[0xa2][0xf5][0xa0]]U[0xd2]G[0xdb]O[0xee]+[\n]&quot;
2013-02-06 13:51:56,708 AAD-WS DEBUG wire:63 - &gt;&gt; &quot;[0xac][0x8e][0xbf][0x86][0x10][0xe3][0x0][0xf3][0x18][0xbf][0xef][0xff][0xf8][0xbf][0xa3]y5[0xde][0xfb][0x2]-o[0xe0][0x19][0xa8][0xf3][0xc][0x92]g[0x88]&lt;[0xc3][0xe4][0x19]![0xfe]([0xa3][0xcc]#[0x9e]M[0xf2][0x84][0xb8]N[0xfa][0xf0]&apos;[0x1][0x15]E`&amp;[0xf8][0x1c][0xed][0xe6][0xaf][0x8]u[0x6][0xb5][0xec][0xf7]A[0xad]3[0x18][0x8d][0xfe][0xf4][0xfa][0x9f]F[0xb6]8Q[0xae]sv[0xe3]d[0x9a]`O[0x9][0xf2]M[0xd0]N2*[0xce][0x13][0x9f]m[0x88]_*[0xf9]=h[0x96][0x80]=[0xd7][0xb3][0xc7]([0x11][0xce][0x13]x[0x9f]X7[0xe8][0x19]gn[0x93][0xca][0x18]d[0x17]r[0xe][0xad][0xcc][0xd0]{z[0xc7]k[0x88][0xec][0x1f]%[0x85][0xd5][0x15]|H[0x1a]~b[0xb8]o[0xe7]o[0x12]Su[0xb2]&gt;[0xae][0xf2]&lt;[0xc4][0xd4]pcR[0x92]v[0x9a]|~[0xe8]([0xab]jR,[0xab][0x8c][0xed][0xd9]d[0xe3][0x8d][0xa5][0xdd][0xe1]z[0x97][0xeb][\r]|P/[0xed][0x7]r[0xca][0x93][0x85][0xe7][0xe8]6eC[0xb2]D[0xbd][0x86][0xd6][0xe9][0xb5][0x3][0x18][0xaf][0x10][\n]&quot;
2013-02-06 13:51:56,708 AAD-WS DEBUG wire:63 - &gt;&gt; &quot;[0xee]K[0xf][0x1][0xb3][0x86][0xb6][0x1f]_[0xff][0x1d][0xd8][0xcf][0xc4]k[0xe8][0xf8][0x5]QyP[0xc3];[0xfe].[0xc4]][0xfc][0xa5]*+[0xce][0xbf][0xf6]:[0xef][0x8]/[0xf][0x98]gi[0xb][0x14][0xe3]&quot;[0x85]3[0xcf]k[0xbb][0xcf][0x88][0x7][0xec]2[0x83][0x9b][0xfc]J[0xa7][0xb0]t[0xaa][0xfb][0x19]N[0xc3]oi[0xac][0xde]R[0x1b][0x9][0x8c][0xb8][0x1c]A[\r][0x17][0x1a][0x9b][0xca][0xc2]@[0x8e][0x9e][0x8f][0x94][0xd6]?[0xfe][0xf]PK[0x7][0x8]-(J[0xb]1[0x4][0x0][0x0]L[0x8][0x0][0x0]PK[0x3][0x4][0x14][0x0][0x8][0x0][0x8][0x0][0xd4]|D5[0x0][0x0][0x0][0x0][0x0][0x0][0x0][0x0][0x0][0x0][0x0][0x0]1[0x0][0x0][0x0]com/sun/java/help/search/DocumentCompressor.class[0x95]X[0x9]x[[0xd5][0x95][0xfe][0x8f][0xb5]&lt;I~[0x89][0xb7](D[0xb1][\r]&amp;![0x89]c9[0x18][0xc]([0xe0],d[0x7][0x7][0xc7][0xe]q[0x8]8@[0x1c]E~vDd[0xc9]H2[0x90]R([0xd0][0x94][0xa5]3Cg[0x86][0xe])LYB[0xa1][0x86][0x96][0xa5]P&quot;[0xa7][0xa4],[0x1d]Z[0xa0]+[0x9d][0xce][0x94][0x96][0xd2]ii;[0xd0]N[0xa1][0x9d]N[0x17][0xba][0xd2][0xf4]?[0xef]=I[0xce]:[0xe6][0xf3][0xa7]{[0xce]][0xce][0xb9][0xe7][0x9e][0xfd][0xf9]+}[0xea][0x19]x[0xb0]@.[0x8][0xe1]2&lt;[0x12]D[0x12][0x8f][0xea][0xf0][0x98][0x81][0xcf](|&lt;[0x4][0xaf][0xb3][0xfc][0x84][0xe][0x9f][0xd5][0xe1]I[0x1d][0xf6][0x1a]([0x84]P[0xe9][0xec][0x8d][0xeb][0xb0]O[0x87][0xcf][0xe9][0xf0][0x94][0xe][0xfb]u[0xf8][0xbc][0xe]O[0xeb][0xf0][0x8c][0xe][0xcf][0x1a]x.[0x80]/[0x84]0[0x1d][0xff][0x16][0xe2][0xfc][0xf9][0x0][0xbe][0xa8][0x93]/[0x19]x![0x84][0x17][0xf1]R[0x8][\r][0xf8][0xb2][0xe]_1[0xf0][0xd5][0x10][0x9a]t[0xf2]5|][0x87]o[0xe8][0xf2][0xcb][0x6][0xbe]i[0xe0][0xdf][0x95][0xe6][![0xfc][0x7][0xfe]3[0x80]o[0x87]0[0x17][0xaf]([0xf7][0xef][0x18][0xf8]n[0x8][0xad]xD[0xb7]_[\r][0xe0]{![0xbc][0x86][0xef][0xeb][0xf6][0xcb]z[0xd9][0x85][0xf0][0x3][0xfc]P[0xb1][0xd7]u[0xf8][0x91][0xe]?6[0xf0][0x93][0x10][0x16]*[0xc9]B[0xfc]w[0x0]o(|S[0x87][0x9f][0xea][0xf6][0xcf]t[0xf8][0x1f][0xe5][0xf0]s}[0xeb][[0x8a][0xbd][0xad]k[0xbf][0x8][0xe0][0x97][0x1][0xfc][0xaf][0xde][0xfa]+=[0xfd][0xaa][0xa6]_[0xeb][0xf0][0x1b][0x1d]l[0x92][0xdf]*[0xf6][0xbb][0x10][0xde][0xc1][0xef][0x95][0xe4][0xf][0x8a][0xfd]Q[0xb1]?)[0xf6]ge[0xf8][0x17][0x9d][0xbe][0xab][0xd8]_u[0xb0][0x8f][0x1c][0xe0] [0xd0]A[0x94][0x1][0xd7][0xbc]R[0xa1][0x83][0x87]G[0xc4][0xcb]+[0xc5][0xa7][0xbb]~[0xc5][0xc][0x1d][0x2][0x1][0x9][0x6]$T)[0x95]zg[0xa5][0x98]|[0xa8]L[0xd1][0x9d][0xa9]AbU[0x1][0xa9][0xe]I[0x8d][0xd4][0x1a]Rg[0xc8]4Au[0xf7][0xca]L:a[0x8d][0xe4]s[0x9d][0xe9]s[0xb2][0x99][0xd1][0x11][0x81]t[\n]&quot;
2013-02-06 13:51:56,709 AAD-WS DEBUG wire:63 - &gt;&gt; &quot;[0xa6]p5[0x97][0x8f][0xa7][0xf3][0x9b][0xe2][0xa9]Q[0xcb][0x3][0xa0]ZP[0xb9]&quot;[0xa9][0xc7][0xba][0xe2][0xdb][0xac][0x94].y[0xb9][0xb4][0xca][0x1a][0x8c][0x8f][0xa6][0xf2][0xbd][0xc9][0xf7][0xd9][0xa7][0x9a][0x4][0x81]~[0x87]QN[0x10][0xec]O[0xaf][0xbe]*o[0xa5][0xf3]6&gt;[0x98][0xb5][0xac][0x95][0x99][0xe1][0x11][0xc5]s&lt;[0xef][0xe0][0x9e][0xfe][0x1d];[0x4][0xb5][0xfd][0x89][0xd1]l[0x96]&apos;u1k[0xe5]r[0x99][0xac]`NW&quot;3[0xdc][0x96][0x1b]M[0xb7]][0x16][0xbf]&quot;[0xde][0xb6][0xdd]J[0x8d][0xb4][0xe5][0xac]x6[0xb1][0xbd][0xad]|l[0x91][0xc0][0xec]O[0x94][0xa6][0xbc]i[0xee][0xc5][0x93][0xa4]3[0xfa]w[0xd8]s[0xc5]R%l[0xd8][0xc5][0xa6][0xf6][0x8f]dr[0x13][0xc5][0xe1][0xf1][0x8d][0xf1]m)K0[0xef][0xe8][0x17]t[0xa6][0xf3][0xd6][0x90][0x95]][0x9e][0xcd][0xc6]w[0xda]W[0xa4]\[0x1a][0xb3]8~UQ[0xd7][0xaa][0x82]D[0x9][0xf][0xf5][0xf]d[0x12][0xa3][0xc3][0x8e][0x9e][0x2][0xfd][0x99][0xc1][0xc1][0x9c][0xa5][0xa8][0xd1][0x9f]O[0xe6]S[0x96]}[0x82][0xb2]$[0xf3]I[0x1a][0xc5][0xe6][0xa9][0x16][0xb0][0xcf]ryMR[0xd9][0xcf][0xec][0xb2]EIf[0xda]6[0xc4][0xd3][0x3][0x99][0xe1][0xe5][0x89][0x4][0xc5][0xd6]=J[0xe1][0x1b][0xb0][0xb6][0x8d][0xe][0xd1][0xb2][0x9b][0x5][0xfe][0xc5][0xc9]t2[0xbf]TP[0xd3][0xec][0x90][0xa4][0xad]|[0xdb][0x5][0x1b][0xba][0x16][0xcd][0xdf]$[0xf0][0xae][0xcc][0xc][0x90]YUW2mu[0x8f][0xe]o[0xb3][0xb2][0xae][0xf4][0xa1][0xd5]W[0xa9][0xb0]*[0x80]!a[0x8a][0x9f][0xb4]y[0x93][0xee][0x8][0x8c]x[0x8b]/[0x91][0xca][0xe4]H[0x17]v[0xf7]R[0xf1][0xf4]P[o&gt;[0x9b]L[0xf][0xd9][0x17][0x5][0x8a][0x16][0x13]\[0xda][0xdc][0xd9]yL[0x8b][0xd9]j[0xea][0xca]$[0xe2]z[0xfd][0xa2][0xf7]tV[0xaf][0xaa][0xba]2[0x9b][0xcc][=[0xa3][0xf9][0x9e][0xa2]^[0xfd]V:a[0xbf][0xf3][0x94][0xe6][0xf7][0xc2][0xcc][0xe1][0xe6][0xd0][0xae]/[0x9b][0xe3][0xd4][0xf7][0xc6][0xc4][0xe6]2[0xc5][0xe1]R[\n]&quot;
2013-02-06 13:51:56,709 AAD-WS DEBUG wire:77 - &gt;&gt; &quot;[0x8e][0xb6][0xf7][0xc4]C9T[0xf]&amp;[0xd3][0xf1][0x14][0xa3]h[0xb5]r[0xa2]Z[0x19]I[0xcd][0xb6]f[0x8b][0xcf][0x15][0x1c][0xd7]\r[0x8a]U[0xf1]|[0x9c]k#[0xa3]y[[0xfd]S[0xd3][0xd6]U[0x7][0x85][0xda][0xbc][0xe6][0xf9][0x93][0xc][0x9a][0xe0][0xb6][0x9d]y[0x86][0xee]h:o[0xdf][0xd8]i[0xdb][0x9a][0xe7]x[0xf3][0xe2]D[0xca][0xf5][0xad]Pof4[0x9b][0xb0][0x1c][0xd7]&lt;n[0x95][0xeb][0xdd]e&gt;&apos;[0xeb][0x1d]&amp;n[0xc5]}&amp;[0xae]@[0xca][0xc4]U[0xd8])[0x98]=[0x9][0x9]L[0xbc][0xf]W[0x9b]x?v[0x9a][0xb8]F[0x87]ku[0xf8][0x80][0x92][0xcf][0x99]TP[0x9a][0xb8][0xe][0xd7][0x9b][0xb8]A[0x87][0xf][0xea][0xb0]K[0x87][0xf][0xe9]p[0xa3][0xe]7[0xe9]p[0xb3][0xe][0xb7][0xe0]z[0x86][0xed]D[0xd7][0xe6][0xeb][0xd7][0xf7][0xf4]vn[0xec][0xec][0xe9][0xee][0xa5][0xf4]2[0xdd][0xc4]G[0xf1]/[0x8c][0xc8][0x9e]5kzWo[0xec]5[0xe5]8[0x99]![0xa8]/j}[0xc5][0xe8][0xe0][0xa0][0x95][0xb5][0x6]:[0xd3]T&lt;[0xbd][0xdf][0x8a][0xf][0x1b][0x12]1e[0xa6][0xd4]+y[0x83])[0x8d]xP[0x10]=[0xaa][0xe0][0xe][0xcd]*[0xab][0x9c][0xdf][0xc]9[0xde][0x94][0x13][0xa4][0xc9][0x94][0x13]9[0xe0]v[0xdc]&apos;h,[0xde][0xa7][0xfa][0xee][0xce][0xe4][0xd7][0xd0]:[0x3][0xa5][0x80][0x15][0xcc]8Zj0e[0x96][0xcc]6[0xe4]&quot;
2013-02-06 13:51:56,710 AAD-WS DEBUG wire:63 - &gt;&gt; &quot;$S[0xe6][0xc8]\AE[0xf6]J[0x15]k[0x9e][0x89][0xf][0xe3][0xef][0x4]uE[0xb2][0xce][0x9e][0x12]3S[0x9a]e6[0xf3][0xc4] [0xa9][\r][0x99]oJ[0x8b]DM[0xdc][0x89][0xdd][0x86][0xb4][0x9a][0xb2]@N6[0xf1][0xaf][0xf8][0xb8][0x89]{p[0xaf][0x89]=*[0xdc][0xf4]C[0xe3][0xdf]Q[0x8a])mr[\n]&quot;
2013-02-06 13:51:56,710 AAD-WS DEBUG wire:63 - &gt;&gt; &quot;[0x1d][0xa5]i8g%[0x9a]F[0xb2][0x99][0x84][0xae][0x9c]jJ[0xbb][0xcc]6[0xf1][0xf7][0xd8]mb[0xc][0xf][0x9a]r[0x1a]Y[0xca][0xe9]r[0x86])1Yh[0xe2][0x13][0xb8][0xbf]D4h{W[0xc8][0xad]6MK[0xa8][0x8e][0x1c]}[0x89]l[0xce]4[0xe5],[0xe9]0e[0x91],6e[0x89][0x12]/[0xc1][0xfd][0x86],5[0xe5]l[0x15][0xee]![0xba][0x9d],#w&lt;[0x80]O[0x9a][0xb2]\[0xf][0xac][0xd0][0xe9]][0xb8][0xdb][0x94][0x95]z[0xed]*[0x9e][0x93][0xd5][0x8a][0xad][0x91]s[0xf8]&amp;9[0xd7]dY\[0xab][0xea]9[0xc3]D^[0xaf]9O)F[0xd5]y[0xaf]D[0x8a]&gt;`[0xdb][0xa8][0x83][0x5][0xd0][0xdf][0xa4]![0xc2]&lt;[0xd9]e[0xca]:[0xe9]6[0xa5]G[0xd6][0xeb][0x93][0xfe][0xc1][0x94][0xf3]e[0x83]`[0xda][0xe1][0xf1][0xd0][0xd1]d[0x8][0xbd]g#v[0x1f][0xcb][0x1b][0xe][0xa7]c[0x1e]([0xab][0xb7]g[0xdb]eV&quot;_[0xb4][0x9b][0xbd]4[0xc1][0x9]f[0x1f][0x92][0xa5][0x8f][0x9c][0x97][0xa7]fF[0xac]4[0x13]N[0x9a][0x9c]l[0xb2][0x99]L[0xc][0x13][0xe9][0xca]{[0x8b][0x8a][0xb6]=l[0x87]l[0x86][0xac][0xfc][0x4][0xa7][0xd7]T4[0xbf][0x94][0x8b]&amp;l[0x90][0xc7][0x8c][0xe6]#n[0xd8][0xd5][0x88][0xd8][0xc0][0xb1][0xe2]zb`06[0xe3][0xb9][0x84][0xae]hf[0x8f]6wN[0xb2]F[0xeb]E[0xfe][0x1][0x97][0xcc][0xa0][0xdc]N[0xd2][0x9a]V[0x14]x[0xa2][0x86][0x4][0xb3][0x8e][0xca][0xf4][0x82]|2[0xc5][0x92]`Wkj[0xc3][0x11][0x84]R[0xcd]=R[0x5]&lt;[0x12][0xeb]yG8xd#UR[0xca][0xf5][0xd9]L&gt;[0x93][0xc8][0xa4][0xe][0xf2][0x0][0xe7][0xc][0x97][0xac][0xcb]G[0xe3][0xa9]\[0xe7]P:[0x93][0xb5]V[0xc6][0x8f]Z[0x88]7[0x1f]L[0xbd]3[0x97][0xb7]h[0xab][0x1a][0xb7][0x15][0xdb][0x98][0x1c][0xb6][0xd6]%S[0xa9]d[0xce][0xce][0xf4]k[0xa9][0xa7][0xf8][0x8][0xdd][0x83]&amp;[0xa9]o^{[0xf8][0x1b][0x9c][0xc0][0xe6]KZ&apos;[0xf5][0xe4][0xd2][0xf1]@&gt;S[0x14][0xdc][0x9f][0xb2][0xd2]C[0xf9][0xed][0xbc]/&gt;[0xc0]k[0xbc][0xcd]v[0xad][0xf3][0xe6],k[0x87][0xce][0xd6][0xea][0xac][0x9e][0x8b]GgVS[0xf4][0x88][0xe5][0xb9][0x4]E[0xb5][0xb9][0xb6]4O[0xd6][0x17]X[0xcd][0x2][0xc3][0xac]a[0xc3],[0xac][0xea]D[0x93][0xa4][0xeb][0xb4][0xcb][0xa0]]x[0x5][0xcd][0x93]-[0xe4]l[0x3][0xe8][0xb7][0xf9][0x15];[0xdd]u:[0xe][\r][[0x9e][0xe4]&amp;L*[0x13][0xf1][0xec][0x80]][0xf1][0xf3][0xac]t[0xc6]Hf[0xa4]+[0x9e][0xe3][0xfa]T[0x87]C[0xb1][0x1d][0xa1][0xf8]d[0xb1][0xc2][0x1a]J[0xa6][0xb5][0xcd][0xb1][0xbd]@[0xb0][0xe0][0x18][0xef]8[0xb4][0xb9]P[0x9f][0xe8][0x9d][0xec][0xbb]&apos;[0xab][0x1e][0xdb][0x8a][0x95][0xda][0xf0][0xc6][0xd9][0xf0][0xc4]m-[0x1d]S[0xa6]R[0xbf][0xa1][0x84]A&gt;[0xa9][0xcb][0xf5][0x8b][0xda][0xc3][0x1b][0x1a][0xd6][0xad]x[0xde][0xf1][0x95]NM[0x2]ze&quot;3[0xb2][0xd3][0xb6][0xfb][0xa1][0xd9]qQ[0xe7][0x11][0x96]l[0xf1]&lt;V[0x96][0xd1][0x1a].%[0xa3][0xf5]t[0xab]r[0x96][0xaa];[0xc2][0xb2][0xda]Ag[0xa9]4[0xbf]M[0x93][0xfc]b[0x6]&quot;[0xfc][0xdb][0x81][0x14][0x4][0xc3][0x9c]U [0xcd]yf[0xc2]|[0x84][0xf3][0xcb]&apos;[0xcc][0xb3][0xfc][0xb1]f[0xd9]x[0xde][0x85][0xa3].[0xbc][0xc2][0x85]W[0xba][0x90]-[0x92][\r][0xd9][0xff][0xd8][0xf0][0xfd][0xee][0xfc][0x1a][0x17]^[0xeb][0xc2][0xf][0xb8][0x90]m[0x8e][\r]op[0xe1][0x7]][0xb8][0xcb][0x85][0x1f]r[0xe1][0x8d].[0xbc][0xc9][0x85]7[0xbb][0xf0][0x16][0x17][0xb2][0x17] [0xc]i[0x1]#[0xac][0xa2][0xec][0xb7][0xe2]#\[0xff]Gn[0x6][0xe1][0x83][0x9]H_[0xcb]8[0xa4][0xa5][0xba]i/*Zd/&lt;D[0x9f][0x86]w/|-[0xfb][0xe1][0xed][0x1b][0x87]/[0x8c]2[0x1a]([0xa3][0xc1]2[0x1a]&quot;ZI[0xd4][0xdc][0x8b])etj[0x19][0xad]*[0xa3][0xd5]e[0xb4][0xa6][0x8c][0xd6][0x96][0xd1][0xba]2:[0xad][0x8c][0x86][0xf7]cz_[0xb4][0xf6][0xb8]q[0xcc]X[0xd7][0xd2]:[0x8e][0xc8][0x1d][0xb8][0xc3]Y[0x9a][0xc9][0xa5][0xee][0x5][0x5][0xd4]wx[0xf7][0xa3][0xa1]/[0xe2]-[0xa0]q[0x1c][0xc7]w[0xf8]&quot;[0xbe][0x2]N[0x88][0xf9][0xf7][0xa3][0xa9]/[0xe2][0x1b][0xc7][0x89][0x1d]F[0xc4][0x8][0xfb][[0x9e]DM[0x1][0xb3][0x9c][0xcd]@y3[0x18][0x9][0x86][0x3][0xdc][0xac]-m[0x86][0xca][0x9b][0x95][0x91][0xca]p[0x88][0x9b]u[0x5][0xcc][0xd6][0xcd][0x93][0xc6][0xe0][0xed][0xa6]ps[0xfb]Z[0xb][0x98][0xb7][0xf][0xcd][0xb5][0xf3][0xc7][0xd1][0xb2][0x17][0xd1]1T[0xee]G+E^[0xf0][0xec][0xe3]T[0xf7]Sr[0x86][0x9c][0x89]9[0xc4][0xfe][0x89][0x6][0xb8][0x9d][0x18][0x10][0x85][0x17][0xd3]i[0x94][0x19]4H[0x84][0xe3]L[0xcc]F=NF[0x3][0xce]B#V[0xe1]x[0xf4][0xe0][0x4]l[0xa6]cZ8[0x91]n7[0x8b]N3[0x9b][0xa6]&gt;[0x89]&lt;[0xe6][0xe2][0xe3][0x98][0xc7][0xee][0xaa][0x15]O`[0x1][0x9e][0xc2][0xa9][0xf8][0x12][0xda][0xf1]U[0x9c][0x86]W[0x11][0xc3][0xeb]X[0x88][0xb7]p&amp;[0xde]![0xa7]w[0xd1]![0x1],[0x92]:,[0x91][0x99]X*sp[0xb6][0x9c][0x82]er[0x6][0x96]S[0xa2][0x15]r[0x16]V[0xca]z[0x9c]+[0x17][0xa1][0x13][0xff][0xac][0xff][0x10][0xa0][0x8c][0xb7][0xd1]5[0xd8][0x14][0x13][0xa3][0x83][0xf0][0xde][\n]&quot;
2013-02-06 13:51:56,711 AAD-WS DEBUG wire:63 - &gt;&gt; &quot;[0xfe][0xd1]}[0xa2][0x5][0x9c]\[0xdb]V[0xc0])[0xf]s[0xe6][0xbc][0xc4]O[0x8]tq[0xbc][0x1d][0xbb][0x1d][0x87][0xa2]&lt;[0xce][0xf9])[0xd4][0x13]INm[0x89][0x8e][0xa3][0xfd][0xf1][0x12][0xc9]T[0xe8]?[0x19][0xce][0x87][0x81][\r][0xf4][0xbb][0xde][0xd2][0xa5][0xad][0xfc]}[0xc]w8L[0xc4][0xef]x%[0x1e][0xdd][0x87][0xd3][0x16][0x1a]-[0xb][0xc2][0xde][0xea][0xea]q[0x9c][0x1e][0xf6][0xdf][0x8d][0xca][0x96][0x88]/[0xec][0x1f][0xc7][0x19]t[0xd8][0xd8]~,[0xa4][0x92][0xcf][0xe4][0xa9][0xe9][0x86]U[0xc0]Y[0xb5][0x1d][0x5],*`[0xf1]&gt;,[0xe1][0xf6][0xd2]X[0xd0][0xa1][0xb7]%9{[0xa1][0x9a][0xae][0xa6][0xbe][0x80]ej[0xdf][0xe9][0xa1][0x9b][0x1d][0xac][0xae][0xc1][0x81][0xd1][0xe9][0xa1][0x2][0x96][0xb7](6[0x8e][0x15][0x87]q^Y[0xe2][0xec]n[0xd5][0xae][0xe2][\n]&quot;
2013-02-06 13:51:56,711 AAD-WS DEBUG wire:63 - &gt;&gt; &quot;O[0xaf].`[0x8d][0xb3]Q~[0xe5][0x1a][0xd4]p[0xdc][0xcc]W\[0xcc][0x17]_[0x82]:\J[0xe3]n[0xa1]A[0xfb][0xd1][0x81]8[0x96]![0x81][0xd5][0x18]@7[0x8d][0xbb][0x9][0x83][0xd8][0x8a]!l[0xe7][0xdf][0xe5][0xcc]B;[0x99][0x87]&gt;[0xca][0x1c][0xf4][0x8][0xb3]FY;[0x15][0xda][0xa2][0xbb]*~[0x95]k![0xc2][0xeb][0xdd][0xc8][[0xd7][0xea]x[0xf3]9K[0xdd][0x85][0xe]o[0xc4][0xeb][0xf8][0xf0]91_q[0xcd][0x1f]Q[0xa7][0xaf][0xab][0xe][0x14]pn[0xcc][0xa0][0xc3]v[0xaa][0xdf][0xcf]e[0xe8][0xa8][0xd3][0xaa][0xe3][0x7][0xf9][0xfe]H[0xb0][0xb1][0x80][0xb5][0xad][0x11][0xe2][0xe7]1[0x14][0xe8][0xe4]k#[0xde][0xe2][0xcc][0xd0][0x99][0xdf][0x9d][0xd1][0xb6][0x87]&gt;x[0x4][0x1]&gt;[0xa1][0x86]Iq&amp;[0x93][0xe2][0x1c]&amp;[0xc4][0x93][0x99][0xc][0x17]1[0x11].g[0x12]\[0xc7][0x4][0xd8][0xcb][0xe7][0xf5]1[0x1][0xf6][0xd3][0x9b][0x7][0x99][0x0][0x87][0x99][0xfc][0xf2]L|W3[0xe9]][0xc7][0xbf][0x89][0xf][0xe6]g[0x88][0xe3][0x83][0xb2][0x9b][0x8a][0xe4][0x83][0xc5][0x13][0xf5]4[0xec]C[0x17]M[0xbb][0xce][0x13][0xf3]yb~O[0xcc][0x88]z[0xda][0xb][0xe8][0x8e][0x5][0xb8][0xd8]s![0x1f]X[0x1d][0xe6][0x3][0x97]yb[0xc1]1[0xd4][0x8e][0xa1]*[0x1a][0xe][0xb6][0xeb]+[0xd6][0xef][\n]&quot;
2013-02-06 13:51:56,712 AAD-WS DEBUG wire:63 - &gt;&gt; &quot;J8[0xd8]p[0x9f][0xb3]B[0x8a]p[0xe0][0x9e][0x3]op[0xe5]^,T[0xaa][0x2][0xce][0xbf][0x1b]M-}[0xb4][0xa7]w[0xeb]^[0xac][0xe6][0x9a]z[0xb0]G[0xf7][0xf8][0xec]s[0xd5]G[0xa2]a8h[0x8c]c[0xc3][0x18][0xae][0xde][0xe5][0x93][0xb0][0xaf][0xf1]^\p[0x10][0x9][0xd9][0xf4][0xaa][0x10]U[0xe1]@[0xd8][0x18] M8[0x10]3[0x8e][0xc9]*[0x1c][0x8c][0xf9]K[0xa2][0x17][0xb0][0x91][0xef]R[0xac]$[0xa4]2q&apos;[0xb1][0xc0][0xd8][0x81][0xb3][0xcb]*[0xbf][0x81][0xa9][0x1]L[0x8]~[0xe6][0xf7][0x10]3[0xfc][0x14][0xe6][0xf7]jf[0xf8]:f[0xf7]z[0xe6][0xf7]&amp;[0xaa]n&gt;O[0xb6]1[0xa0][0xdb][0xe9]Q[0x8b][0x8][0xd7]3[0xac]7[0xd1][0x8f][0xb6]2[0xd2].[0xa3]G]C[0x15][0xdf][0xc4][0x8f][0xa6][0xf][0xf3]K[0xef]6~[0x9a][0xdd][0xc5][0xa4][0xf2][0x0][0x1e][0xc4][0xe3][0xfc][0xc2][0xda][0x8b]O[0xe1]%|[0x1a][0xdf][0xc2][0xc3]x[0x85][0xde][0xf8][0x1a][0x1e][0xc5][0x8f][0xf1][0x18][0xde][0xe0][0xee];xB*x[0xa2]B?[0xb8]\#[0xd5]9F[0xc2][0xfe]hC[0xe3]&gt;[0xea][0xe5]IL[0xe3]{[0x8][0xc2][0xe][0x98][0x16]m[0xe0]+6[0xf5][0xc5][0xfc]N[0xbc][0x85][0xed]y7&apos;[\r][0xb1]@[0x83]w[0xab]Z[0x8c]O[\r][0xb4];[0xcf][0xbd][0xf0]N[0xb4]Q9[0x1][0x9b][0x92][0xab]$[\r][0xfb][0x1d]m[0xd8][0x93][0x98][0xdf][0xe6]aO[0x94][0x89]m[0xdf][0xc6]=[0x7][0x9e]s[0xd5][0xad][0xc1]&gt;[0x8d]W[0x9d][0xdb][0x17]3[0x9c][0xb][0x19][0xde][0x17][0x15]7[0x94]6l[0x84]Y$[0xfa]\[0xd3]pw[0xf3][0xa1][0xfe][0xfc]4[0x95][0xfb][0xc][0x15][0xfb],[0xa6][0xe1]9f[0xde]/0[0xd3]&gt;[0x8f][0xc5][0xf8]&quot;[0xd6][0xe2][0x5][0x6][0xef][0x8b][0xf4][0xe3][0x97][0x18][0xb6]_[0xa6][0x87]?O[0xf][0xfe][0x1a][0xd5][0xfb]u[0xaa][0xf4][0x1b]T[0xd3][0xcb][0xcc][0xcb][0xdf][0xa4][0x82][0xf8][0x1d][0xed]*[0xe8]1z[0xf6][0x14][0xc2][0x13]&lt;1[0xaf][0x16][0xb4][0x86]q\[0xdc][0xe1]sK[[0x87][0xbf][0x88][0x18]E[0xa4][0xe4][0xd2][0x9e][0x8e][0xa0]&apos;[0x16][0x1a][0xc3][0xce]h8d{[0x85][0xf7][0x1e]l[0x9]{[0xef][0xc0][0x2]u[0xbe]K[0xd4][0xf9].[0xb1][0xcf]F[0xd4][0xd7]&lt;[0x11][0xbf][0xeb]e[0x11]U[0x9e][0x87][0x81][0xae][0xb8][0xaf]D[0xec]([0xd1][0x9e][0xc4][0xbc][0x11][0xaa]hc[0xc4][0xef][0xcc]/[0xe5][0xe]cf[0xe2]tWH[0xc2][0xa1][0x86]=[0x7]n[0xfa][0xff].([0xa6][0x99][0xca][0x88][0x11][0xa9][0x8c][0x4][0xdc][0x13][0xc5]U[0x93][0xab]f[0xc4]Wt[0x9a]([0x12][0x8c][0x18]E6[0xc1]H%[0xb5]O`[0x1e]d[0x84]k[0x99]/[0x81][0xef][0xb2]b[0xbc]J[0xc5]}[0x8f][0xe5][0xf2]5[0xae]|[0x1f][0xcd][0xf8][0x1][0xcb][0xcc][0xf]Y[0xee]^g[0x89][0xfb][0x11]3[0xe9]Oh[0x90]7[0xb0][0x11]o2[0xb9][0xfc][0x94][0x6][0xf9][0x19][0x93][0xca][0xcf][0xd9]/[0xbd][0xc5][0x98]x[0x9b][0xbc]~A#[0xfc][0x8a]~[0xfc]:}[0xf6][0xd7]4[0xcc]oh[0xb2][0xdf][0xe2][0xdb][0xf8][0x1d]9[0xbd][0xc3]S[0xbf][0xe7][0xec][0xf]&quot;[0xf8][0xa3]T[0xe3]Or[0x1c][0xfe],[0xc7][0xe3]/4[0xde][0x1e][0xdc][0xe7][0x1a]o[0x1e][0x8d][0xa7][0x95][0xeb];[0x9a][0xf1][0xbd][0xf7]c[0x17][0xe1]%w[0xdb][0xce][0xb4]e[0x8c]M[0x10][0x81]w`[0xb1]g[0xc9][0x18][0xa6][0x13][0x9f][0xca][0x9f]O[0xdd][5[0xb3][0xab]B[0x1a][0xea][0xf7][0x1c]x[0xcb]uL=[[0xe5]/+[0x82]?U[0xe3][0xd4][0xe2][0x12]q;e[0xe8]|/[0xfa][0xdd])[0x93][0xda]f[0x17]e[0xe6][0xdd]&lt;[0x86]v[[0x90]{[0xd1][0xe2][0x8]2[0xdb]e[0xe5][0xf3][0xb8][0xb7][0x1e][0xca][0xa7]X[0xb5][0xb6]j[0xd5]bmd[0xd5][0xaa][0x8d][0x97]jZY[0xe9]K[0xd9][0x8f]hY[0xf][0x88][0x7][0x8d][0xe2][0xc5],[0xf1][0xa1][0x9d][0xb0]C[0xc][0xac]c/[0xb1]U[0x82][0x18][0x91][0x10][0xae][0x96]J[0xdc]&quot;S[0xf0]1[0xaa][0xec]A[0xa9][0xc1]&gt;&amp;[0x80]Wd[0x1a][0x95][0xf6][0x9][0xdc][0xef][0x16][0xaa]w[0xa9]2U[0xda]C*[0xe3][0x9d][0x18]ru[0x17][0x8b][0xd6][0xe0]:[0xe2][0xfd][0xd7]}[0xe][0xdb]*[0xa0][0x82][0xb2]&gt;[0x9f][0xa7][0xca][0xab]v[0x14][0xa7]SU[0x9b][0xaa]u[0xcf][0x81]_[0x8e]![0x19][0xd5][0xa7][0xd0][0xd5][0x12]6[0x89]=[0xf3][0x16]g[0xce][0xb3][0x95]F3[0x88]{I[0xb0][0x6][0xcf][0x8d][0xc1]W[0xbd][0xec][0xbd]\TV[0xc3][\n]&quot;
2013-02-06 13:51:56,713 AAD-WS DEBUG wire:63 - &gt;&gt; &quot;[0xe6]R[0xc8][0xc][0x18][0x12]A[0x95][0xd4]S[0x15][\r][0x98]#[0x8d]h[0xa1]g[0x9c]N[0xb8]Bfa[0xbd][0xcc][0xc6][0x16]9[0x9];[0xa4][0x19]7[0xca]|[0xdc]*-[0xb8]M[0xa2][0xb8][0x8b][0xf0]AYpP1{[0x0][0x9f]t[0x1b][0xaa][0x8f]0[0xa9]h[0x83][0xa4][0x96][0xdd][0xc2]_[0xc5][0xbd][0x98][0xa3]q\[0xe1][0xdb][0xbe][0x99][0x19][0x95]]w[0x97][0xfd][0xa0][0xa8]f[0xa5]-[0xfb]0[0xd0][0x12][0xd5]6[0xfc]I[0xfb][0xb7][0xa5][0xfd]Ev[0xc6].[0xee][0x6]Wo[0x8b][0xbd]@[0x16][6k.[0xd8][0xd2]N&gt;[0x9e][0xcf][0x94][0x9e]r&lt;[0x9b]-[0xc8][0xa9][0xa8][0x94][0xd3]0SNG3[0xbb][0xbf][0x5][0xb2][0x10]g[0xb1][0x3][0xec]d[0x7]X[0xa1][0xff][0xa7]s[0x85][0xdb][0xe9]Zl[0xb5][0xeb]][0xd3][0x1d][0xcb]U[0xf9]J[0xae][0xb5][0xf5]a[0xef][0xe2]z[0xd5][0xa4][0xe2][0xb6][0xc3][0xd7][0xd6][0x97][0xbc]}[0xeb][0xe2][0xb2]2[0xdf][0xae]/7[0x8a][0xb3][0xd8][0x18]@[0xe8]Zr6[0xea]e[0x5][0xb5][0xb9][0x12][0xf3]d[0x15]Ze5[0xce]$\)k([0xc6]C[0xc5]h[0xc3][0xe7][0xdd]&amp;r{[0x8b]G[0xb][0xab]G[0x13][0x1c]-[0xee][0x14][0x92][0xa9][0xe][0xa8]v@[0x95][0x3][0xc]&apos;[0xb9][0x7][0x1c][0xc0][0x10][0xb9][0xc8][0xb3]x[0xc]3T[0xb2][0xfa][0xf6][0x17]`:[0x8][0x97]w[0x89][0xa8][0xbc][0x15]{[0xe][0xbc][0xa9]|[0xb7][0xd8]_;[0x87][0xda][0xbd][0xb]&gt;Y[0x87][0x90]t[0xa3]Fz0[0x83]-[0xf2][0x9]r&gt;[0xe6][0xca][0x6]*[0xae][0x97][0xf6][0xdf][0xc8][0x96][0xfa][0x2][0xb6][0xd1][0x9b][0xa8][0xc0][0xb][0xb1][0x81][0xf8][0xa5]l[0xa1][0xb7]I[0x1f][0x86]d[0xb3][0xfd][0xa5][0xb5][0xdb]}[0xc9]2[0xaa]S[0x9b][0xe4][0xa6]&apos;`[0xdd][0x81][0x86]&apos;0X[0xc][0xc4]![\r]D&apos;[0x0][0xb][0xd8]~H[0x87],q[0xf8]e[0x1b]o[0x1d][0xa0][0xe6]&gt;U[0xd2]K[0xa3][0xcd][0xb]4[0xc5]ga[0x95]I[0xec]&gt;\[0xfa]9~[0xda][0xfe][0xe0]{[0xf8]oPK[0x7][0x8][0x1b][0xbd][0xa9][0xa1]T[0xf][0x0][0x0][0x8][0x1e][0x0][0x0]PK[0x3][0x4][0x14][0x0][0x8][0x0][0x8][0x0][0xd4]|D5[0x0][0x0][0x0][0x0][0x0][0x0][0x0][0x0][0x0][0x0][0x0][0x0]D[0x0][0x0][0x0]com/sun/java/help/search/ConceptLocation$ConceptLocationSorter.class[0xb5]S[0xb1]n[0xd3]P[0x14]=[0xcf]y[0xb6][0xdb][0xd4][0xd0][0x12][0xea]B[0xda]$m [0x85][0xc4][0xa6]u[0xc9][0x10][0xa1][0x82][0xca][0x10][0x81][0x14])[0x85]!([0xa8][0xb0][0xd4]q-[0xe2][0xe2][0xda][0xc5]v[0x90][0xd8][0xfb][0xb],[0x8c]][0xba][0xb0]0@$[0x6][0x6]F~[0x87][0x9d]p[0x9f][0x89]@*BJ[0x6],[0xeb][0xdc]{[0xae]|[0xcf][0xbb][0xf7]&lt;[0xf9][0xdb][0x8f][0xcf]_[0x90][0xc1][0x6]jY[0xa8](d1[0x83][0xe2],e%AW[0x5][0xac][0x9]([0xab][0xb8][0xae]b[0x9d]AI[0xfa]^\[0xd9]b0[0xda]Nxd[0xc5][0x83][0xc0]:[0xb4]_[0xdb]V[0xdf][0xf5][0x8f][0xad][0xd8][0xb5]#[0xa7]o5[0xc3][0xc0]q[0x8f][0x93]v[0xe8][0xd8][0x89][0x17][0x6]w[0x19]f;o[0x82][0xa4][0xef]&amp;[0x9e]C[\n]&quot;
2013-02-06 13:51:56,714 AAD-WS DEBUG wire:63 - &gt;&gt; &quot;[0xf7][0xbc][0xc0]Kv[0x18]6[0xaa][0x93]K[0xd4][0xba][0xc][0xbc][0x19][0x1e][0xb8][0xc][0xf3]m/p[0x1f][\r][0x8e]zn[0xf4][0xc4][0xee][0xf9]T[0x99][0x8b][0x8f]l[0xdf]&apos;[0xda][0xb7][0x3][0x86][0xa7]S[0xc8]N1[0xc0]3[0xda][0xe2][0xd8][0x8e][0x12]OP[0x86][0xad][0xea][0xf3][0xc9][0x9b][[0xad]Z[0x8b][0xda]_[\r]&lt;[0xe7]e[0x1c]F[0xc9][0xf4][0xed]][0x15]7[0x18][0xc0][0xa0][0xb5][0x82][0xc0][0x8d][0x9a][0xbe][0x1d][0xc7]n[0xcc][0xb0][0xf7]?[0x96][0xad][0xdc]N[0xfd][0xce]v[0xc2]A[0xe4][0xb8][0xf]=[0xe1][0xf1][0xe2][0xb9]o6[0x85][0x88][0x6][\r][0x17][0x4][0xdc][0xd4]0[0x8b][0xac][0x86][0x5]\[0xd2][0x90][0xc3]e[\r][0x8b][0xd0]UT[0x19]v&amp;&gt;[0xf4][0x1c][0xef][0x90]On[0xc4][0xa0][0xff][0xa3][0xbe][0x90][\n]&quot;
2013-02-06 13:51:56,714 AAD-WS DEBUG wire:63 - &gt;&gt; &quot;[0xfa]v[0xf0][0xc2]z[0xdc];t[0x1d]2[0xd5][0x98]|A[0x86]LU[0xec]X[0x9d][0xb4][0x85][0xaf][0xd1]_0[0x3]q[0x5]9[0xb1]+[0xc5]9[0x88]G[0x86]$\ ~[0x91][0xd8]5b[0x12][0xc5][0xac]1[0x84]d[0x98][0x1f][0x91][0xf9][0x90][0xf6][0xcc][0x13]*[0x14][0x81]y[0xce][0x84]M[0x94]I[0xc2][0xa9]q[0xdf][[0xf0]T}[0xcf],[0xd4][0xb7]y[0x81][0x1f]4[0xe4]&quot;[0xdf]o(g[0xa0]7c[0xe4][0xb9]y[0xa2][0x8c]t[0xa5][0xfe][0x9][0xfc][0xdd][0xe8][0xbb]([0x99]&apos;2[0xd3][0xe5]z[0x9e][0xff]*[0xe9][0xb2][0xae][0x9c]b[0xd9][0xa4][0xd2][0xb6]Jh[0xd2][0xc7][0x1d][0x82][0xbc][0xda]9[0x1b]}[0xd5][0x95][0xf7][0xbf][0xc7]0hx@[0xa7][0xc1][0x97][0x88]_[0xa1]![0xf2]X[0xc7][\n]&quot;
2013-02-06 13:51:56,715 AAD-WS DEBUG wire:63 - &gt;&gt; &quot;[0xee][0xa0][0x88][0xfb]X[0xc5][0x3][0xac]a[0x17]etQ[0xa1][0xe][0xba][0xc7][0xf1][0x88]-[0x1a]Q[0xa6]X.[0x14]OQ2[0xcc]Bq[0x8][0xb9][0xc1])[0xd1]i[0x6][0xc5]0u[0xce][0xf7][0x8b][0x94][0xfd][0xd9]x)m0[0x8]o[0x91][0xc4][0x6][0xf1]M[0x12][0xdf][0xa2][0x9a]F[0x87]J[0xa9]l[0x89]bF[0xb8]c[0x98]C[0xb0][0xbf][0xdc][0x1a][0xbb],a9[0xc5][0x15]\[0xa5][0x98][0xa3]l[0x89][0xbc][0x16][0x8f]J[0xb1][0xc2][0xa5][0x9f]PK[0x7][0x8][0xb2]q[0xeb][0x10]@[0x2][0x0][0x0][0xc8][0x4][0x0][0x0]PK[0x3][0x4][0x14][0x0][0x8][0x0][0x8][0x0][0xd4]|D5[0x0][0x0][0x0][0x0][0x0][0x0][0x0][0x0][0x0][0x0][0x0][0x0]&lt;[0x0][0x0][0x0]com/sun/java/help/search/ConceptLocation$ConceptSorter.class[0xb5]S[0xcb]J[0xc3]@[0x14]=[0xd3][0xc4][0xc4][0xc6][0xf8]~[0xbf]_][0xb4][0xa9][0x9a][0x8a][0xe0]FqS[0x10][0x84][0xe2][0xa6][0xa2][0xe8]n[0x8c][0x3][0x89][0xa4][0x13][0xc9][0xa4][0x82][0xbf][0xe3][0xc6][0x8d][0x1b][0x17][0xa2][0xb8][0xf0][0x3][0xfc]([0xf1]N[0xad][0x9b][0x8a][0xd0].[0x1c][0x98]{sf[0xee]9w[0xe6][0xde][0xc9][0xc7][0xe7][0xdb];[0xc]lb[0xdd]A[0x1f][0xa6][0x1c]X[0x98][0xce][0xd3][0xd7][0x8c][0x83]Y[0xcc][0xd9][0x98][0xb7][0xb1][0xc8]`ea[0xa4][\n]&quot;
2013-02-06 13:51:56,715 AAD-WS DEBUG wire:63 - &gt;&gt; &quot;[0x15][0x6][0xaf][0x16]$[\r]_5[0xa5][0xcd]o[0xb9][0x1f][0x8a][0xf8][0xc6]W[0x82][0xa7]A[0xe8]W[0x13][0x19][0x88][0x9b][0xac][0x96][0x4]&lt;[0x8b][0x12][0xb9][0xc7][0x90][0xaf][0xdf][0xc9],[0x14]Y[0x14][0x90][0xc2]~$[0xa3][0xec][0x80]a[0xb3][0xd8][0xbd]D[0xe9][0x94][0xc1][0xac]&amp;W[0x82]a[0xb8][0x16]Iq[0xdc]l\[0x8a][0xf4][0x84]_[0xc6][0xb4]2[0xa0][0x1a]&lt;[0x8e][0x9][0x86]\2[0x9c][0xf5] [0xdb][0xc3][0x1].l,3[0x80][0xc1]=[0x92]R[0xa4][0xd5][0x98]+%[0x14][0xc3][0xf9][0xa4]+l[0xb7]n[0xec][0xd4][0x93]f[0x1a][0x88][0xc3]H[0xdf]r[0xa2]#fK[0x8b][0xb8]p0[0xa0][0xcd][0xb8][0xb][0x1b][0xfd]6V\[0xac]b[0x8d]a[0xb7][0xeb]Tm\O[0xd2]L[0xa4][0xc][0x83][0x1d][0xf8][0xa0]W[0xa1][0x1f][0xfc]#0[0xf9][0xc7][0xba][0xd7]}1[0x18][0x8a][0xdd][0x6]S[0xd1]x[0x10][0x8][0xa5][\n]&quot;
2013-02-06 13:51:56,715 AAD-WS DEBUG wire:63 - &gt;&gt; &quot;[0xdb][0x95]J[0x8f]o[0xec][0x8]+[0xf4][0xde]-[0xe8].[0x8f][0xe9]r[0x92][0xcf]C[0xf][0x3]9]h[0xdd]}B[0x85][0x16][0x6]\[0xaf][0xcc]^[0x90][0xf3][0xca][0xcf]0[0x9e]Z[0xac]A[0xb2][0x16]y`[0x87][0xec][0x10][0x86][0xdb][0x8c][0x12][0xc5][0x1b][0xe4]G[0xcb][0xaf]07h[0xde][0xc3]6[0x1f]`[0x1a][0x8f][0x1d][0xb4]][0x9a][0xd4]L[\n]&quot;
2013-02-06 13:51:56,716 AAD-WS DEBUG wire:77 - &gt;&gt; &quot;[0xd7][0xb4][0xa5]6[0xcd][0xf2][0xca]/`[0xbf]S|[0x1f].[0x87][0x89][0x96][0x9d][0xa4]C[0x3]s[0xc4][0x18][0xa1]?V[0x8f]&gt;[0xf2][0xb][0xb4]c[0x91]_2s_PK[0x7][0x8]e[0x9d][0x9d][0xcf][0x8e][0x1][0x0][0x0][0xe2][0x3][0x0][0x0]PK[0x3][0x4][0x14][0x0][0x8][0x0][0x8][0x0][0xd4]|D5[0x0][0x0][0x0][0x0][0x0][0x0][0x0][0x0][0x0][0x0][0x0][0x0]=[0x0][0x0][0x0]com/sun/java/help/search/ConceptLocation$Pos&quot;
2013-02-06 13:51:56,717 AAD-WS DEBUG wire:63 - &gt;&gt; &quot;itionSorter.class[0xb5]S]O[0xd4]@[0x14]=[0xb3]-[[0xb6]T[0xbe]QY[0x4]W(_][0xb1][0x15][0x1e]H@[0xf0]a[0x13][0x13][0x92][\r]1Y[0xa3][0x81][0xb7][0xa1]L[0xd2][0x92][0xee][0x94]t[0xba]&amp;[0xfe][0x1b][0xf5][0xc5][0x17]_|0[0x18][0x1f][0xfc][0x1][0xfe]([0xe2][0x9d][0x2]!YC[0xd2]}[0xa0][0xc9][0x9c]{[0xcf][0xcd][0xbd][0xe7][0xce][0xdc][0x99][0xfe][0xbd][0xfc][0xfd][0x7][0x6]6[0xb0]b[0xa3][0x8a]G6,&lt;[0xae][0x91]7k[0xa3][0x8e]9[\r]O,[0xcc][x[0xca]P[0xcd][0xa3]X[0xb9][0x1][0x83][0xd7][0xe][0xd3][0xae][0xaf]z[0xd2]?[0xe3][0x1f][0xb9][0x1f][0x89][0xe4][0xdc]W[0x82]ga[0xe4][0xb7]R[0x19][0x8a][0xf3][0xbc][0x9d][0x86]&lt;[0x8f]S[0xb9][0xcb]P[0xeb]|[0x92]y$[0xf2]8$[0x85]W[0xb1][0x8c][0xf3]}[0x86][0x8d][0xb5][0xf2][0x12][0xeb][0xef][0x19][0xcc]Vz*[0x18][0xc6][0xda][0xb1][0x14][0x87][0xbd][0xee][0x89][0xc8][0xde][0xf1][0x93][0x84]&quot;#[0xaa][0xcb][0x93][0x84]h[0xc4]%[0xc3][0x87][0x1]d[0x7][0xd8][0xc0][0xb1][0x85]g[0xc]`p[0xe][0xa4][0x14]Y+[0xe1]J[0x9][0xc5]pt[0x1f][0xed][0xdc][0x97][0xc5][0x89][0xed]N[0xda][0xcb]B[0xf1]&amp;[0xd6][0xa7][0x9c][0xee][0xcb]y[0xa1]E[0x1c][0x8c][0xc0][0xd1]0[0xed]`[0x18]5[0xb][0x8b][0xe][0x96][0xe0]:X[0x86][0xcb][0xb0]][0xba][0xdf][0xdb]T[0xc5][0xda][0xe9][0xa4]Y.2[0x86][0xd1][0xfe][0xc0]~i[0xa9]&gt;~#0sG[0xdc]+?[0x13][0x86][0xb5][0xb2][0xc9]4;[0x1e][0x86]B)w3[0x8][0x6]|j[0x7][0xb7][0xc5][A[0x80][0x6][0xfd][0x8][0x16][0xf4][0xcd]O[0xea][0x11][0x93][0xb5][0xa1]?[0x3][0x15]=|[0xe2][0xf][0x88][0xb9][0x5][0x7][0x1c][0xaf][0xc9].P[0xf1][0x9a]?a[0xfc]([0xaa]F[0x9][0xab]d[0x81][0x1d][0xc2]1[0x8c]_W[0xbc][0xa6]|[0x83][0xec]j[0xf3][0x17][0xcc][0xe7][0xb4][0xbe]`[0xf6][0xc6][0xfd][0x8c]Ir[0x87][0xc8][0x1d][0xfa][\n]&quot;
2013-02-06 13:51:56,718 AAD-WS DEBUG wire:63 - &gt;&gt; &quot;[0xcb][0xfc][0x6][0xd3][0xf8][0xde]&apos;[0xb6]G[0x8b][0xae][0x9d]D[0xb4][0xd8][0xc2][0xb5]X[0xd5]k^[0x80][0xfd][0xdf][0xf8]j[0xcb][0x15][0xcc][0x14][0xf8][0x10]Sd[0xeb]T1A[0x88]&quot;[0xaf]^hXd[0x1b]f[0xe5][0x1f]PK[0x7][0x8][0xca][0xad]~\[0xb0][0x1][0x0][0x0][0x11][0x4][0x0][0x0]PK[0x3][0x4][0x14][0x0][0x8][0x0][0x8][0x0][0xd4]|D5[0x0][0x0][0x0][0x0][0x0][0x0][0x0][0x0][0x0][0x0][0x0][0x0]0[0x0][0x0][0x0]com/sun/java/help/search/ConceptLocation$1.class;[0xf5]o[0xd7]&gt;[0x6]f[0x6]][0x6]nv[0x6]6v[0x6]NF[0x6][0xae][0xe0][0xfc][0xd2][0xa2][0xe4]T[0xb7][0xcc][0x9c]TF[0x6][0x11][0xe7][0xfc][0xbc][0xe4][0xd4][0x82][0x12][0x9f][0xfc][0xe4][0xc4][0x92][0xcc][0xfc]&lt;[0xbd][0xac][0xc4][0xb2]Dv[0x6].F[0x6][0xad][0xe4][0xfc]\[0xfd][0xe2][0xd2]&lt;}[0x90][0x88]~FjN[0x81]~qjbQr[0x86]&gt;[0x9a][0x16][0x15]CF[0x6][0x6]F[0x6][0x1e][0xcf][0xbc][0xbc][0xd4]&quot;[0xe7][0x9c][0xc4][0xe2][0xe2][0xd4]bF[0x6][0x1][0xb0][0xb6][0x9c][0xc4][0xbc]t}[0xff][0xa4][0xac][0xd4][0xe4][0x12]F[0x6][\r]bMdP[0x0][0x9a][0xc7][0xc4][0x0][0x1]L@[0xd7][0x83]H[0x16][0x6][0xe] [0xcd][0x5][0x94]ad`[0x5]I[0x0][0x0]PK[0x7][0x8][0xa4]$[0xf5]&gt;[0x98][0x0][0x0][0x0][0xda][0x0][0x0][0x0]PK[0x3][0x4][0x14][0x0][0x8][0x0][0x8][0x0][0xd4]|D5[0x0][0x0][0x0][0x0][0x0][0x0][0x0][0x0][0x0][0x0][0x0][0x0].[0x0][0x0][0x0]com/sun/java/help/search/ConceptLocation.class[0xa5]V[sSU[0x14][0xfe]v.[0xe7]$[0x87][0xd3]RK[0xd2]qL[0x8b][0x8a][0x15][0xd2][0x94][0x90][0xb6]hQ[[0xa0][0xb4][0xdc]&quot;[0xa5][0x14][0xc2][0xc5][0x80]XNO[0xf][0xed][0xa1][0xc9]9i.H[0x15][0x1d]/x[0x1d][0x7][0x1f]|[0xd5][0x19]|[0xe2][0xc5][0x17]n-#[0xa3]?[0xc0]W[0x8a][0xcf]^[0xbe]}[0x92]6%[\r]C[0x19]3[0x93][0xb5][0xd6][0xde][0xfb][[0xdf]^k[0xef][0xb5]v[0xf2][0xc7]?[0xbf][0xfe][0xe]?[0x92]X[0xc]#[0x82]cR[0x8c]Kq\[0xc3]K[0x98]PqBC[0x10][0x93]r[0xe6][0xa4][0x8a]S[0x1a]B[0xd5]AF[0xc3]v[0x9c][0xe][0xe3][0xc][0xce][0xaa]8[0xa7][0xa1][0x5][0x13]R[0xbc][0x13]BV[0xea][0xf3]R\[0xd0][0xf0]..[0xaa]xO[0xc3][0x14].)#[0xdf][0x8f]@~[0x94][0x91]nOC#[0x8f]![0xc5][0xb4][0x14]f[0x8]3R[Rp[0xe3][0xcb]*f[0x5] [0xa0][0xa7][0x1d][0xc7]*[0x8e][0xe5][0x8c]R[0xc9]*[0x9][0xb4]N[0xba]%[0xbb]l[0xbb]N[0xc6]-[0x96][0xad][0xa2]@[0xcb][0x98][0xeb][0x98]V[0xa1]\[0x1d][0xab][0x98][0x13][0x88][0xd6][0xa6][0xc6]][0xd3]X[0xb][\r]M[0x99][0xd5][0x5][0x1][0x91][0x16]P[0xa6][0xa6][0xad]Y[0xdb][0x11][0x8]LY[0xce][0x8c][0x1c][0x9b]cn[0xbe] 02n[0xba][0xf9]T[0xa9][0xe2][0xa4][0xae][0x18]W[0x8d][0xd4][0x9c][0x95]+[0xa4]J[0x96]Q4[0xe7]R[\r][0xcc][0xdd]Mw[0x1a][0x92]\[0x85]*[0x97]2l;vy[0x9f][0x80]?[0xde]s[0x96][[0x8d][0xb9]3[0x96][0xc0][0xe6]q[0xdb][0xb1]&amp;*[0xf9]i[0xab]x[0xda][0x98][0xce]qF[0x89][0xa7][0xd3]i[0x89]P[0xac][0x85][0x8a][0x91]c[0xa6][0xc9][0xf8][0x86][0xc3][0x18][0xea]9/[0xa0][0x95][0xac][0xf2][0xd8]J~[0x81][0xb8]G[0xa6][0xcd][0xae][0x99]c[0x4][0xcc]:[0xc4][0xa9][0xd1]j[0xde][\n]&quot;
2013-02-06 13:51:56,719 AAD-WS DEBUG wire:63 - &gt;&gt; &quot;[0xcd]C2[0xf3]0[0x8d]q[0xcb][0x99]-[0xf3][0xf0]ZJ[0xcc]atq[0xd5][0xab]/~a[0xe3]qTSh[0xad]R[0xac][0xdc][0x94]@[0xb0]P[0xb4][0x1d][0x19]U[0xde][0x90][0xfb]v[0x90][0xd2][0xa3][0xca][0x19][0xce]l*S[0xe6][0xe2][0xec][0x90][0x17][0xae]a[0x9a]V[0xa9][0xd4][0xdd][0xdf][0xd7][0xf7][0x8c][0xf9]3[0xb1]pf[0xd1])[0xcf]Ye[0xdb][0xac][0x13][\r]H[0xa2][0x95][0xc1]n9[0x8][\r][0x9b][0xb9][0xda][0x8d]h[0x19][0xb7]R4[0xad][0xc3][0xb6]&lt;[0xff]H[0x3][0xe5].[0xb9][0xa7][0x8e]^[0xf4][0xe8]HH[0x11][0x97]&quot;[0x5]R[0xc]&gt;kuT[0xab]Bz[0xdb]:v&quot;)[0xb0]g[0xc3][0x14][0x8f][0x97][0xbb][0x8e]]H[0xea][0xb8][0x82]}*[0xe6]u[0xe4][0x90][0xe7]i6[0x1e][0xe5]h[0xe5][0xf2]e[0x9]u[0xe0][0xb2][0xd0][0xc3][0xd2]([0xe8]X[0x0][0x9b][0xa3][0xa4][0xa3][0x8c][0x8a]@|[0xa3][0xfb][0xab][0xb8][0xaa][0xe3]}\[0x93][0xc1][0xef][0xd6]1[0x82]&gt;[0x1d]{[0xc1][0xc3][0xdb][0x96]|[0xea]G[0xc7]~[0x89]l[0xab][0xc7]wb[0xfa][0x8a]e[0xb2][0xe][0x12][0x1b]N[0xbf]_`[0xdf][0xff]kF[0x81][0xec]3[0x14][0xd2][0xc6];[0xbf][0xdf][0xab][0xd8][0xf0]B[0xc5]6[0xe7]e[0xbd]?[0x96]hf[0xb1]T[0xb6]x7~[0xb7][0xc2][0x85]h[0xb5][0xda]m75)[0xfb][0x80][0xb7]d[0x19]y[0xf9]H[0x18][0x85][0x82][0xf7][0xf2][0xc4][0xd8][0xad][0xeb]:[0xa2]z[0x8d][0x84][0xed][0x8c]7[0xe9][0x96]&apos;[0xc3]Ce[0xb7]:[0xc3][0xa2][0x8e][0xaf][0xc7][0x11][0xb1][0xa5]I8[0x2][0xaa][0xd7][0xa4]9[0xf6]g[0xb4][0xd9][0x86][0xb2][0xaf][0xeb][0xb3][0xc7][\r][0xf9]V(E[0xc3][0x99]q[0xf3][0xde][0xd3]r[0x90]?[0x18][0x11]~[0xc1][0x1f][0xc][0x9f][0xec][0x16]Z&gt;[0xd9]:[0x9e][0xee][0xf5][0xb4]&amp;[0xab][0xdf][0xd3][0xbb]&lt;[0xdd][0xc6][0x15][0xb6][0x14]_[0xf9]~[0x8e][0xe] @[0xb][0xe8]J,#[0xf0][0x8][0xc1]lB,C[0xb9][0x7][0xf5][0x11]B[0x9e][0x1d][0xbe][0x7][0xed][0xe][0xe4][0x8f][0xc2][0x0]e;[0xe1][0xc0]a[0xca]#$:[0x8a]N[0xa4][0xb9][0xc2]2[0xad][0xd1][\r][0x93]\&quot;&quot;[0x92].[0x11]{[0x0][0xa2][0xf3][0x1]|[0x89][0xae][0x7][0x10]u[0x96][0xe][0x86][0xb]L[0x10]y[0x2]aL[0xa2][0x15]&apos;[0xb1][0x5][0xa7][0xb8][0xfa][0x1a]^[0xaf]1[0xed]&apos;[0x93][0x8f]zG[0xe2]&gt;[0xfc][0xbd][0xfc][0xde]b[0x8c][0xf7][0xe1][0xa3][0xe9][0xbb][0x85]v[0x9a][0x82][0xa6][0xb8][0x5]5p[0x1b][0x1][0xff]/[0xab][0xe4][0x8a][0x97][0xcf][0x19][0xca]A[0xec][0xa9][0x91]m[0xab][0x91])^H[0xf5]@4o6[0xcb]p[0xce]s[0xe6][\r][0xbc]Y[0xc3]wQK[0x96][0xa0][0xdc][0xbc][0x91][0xfa]&quot;[0xe5][M[0xa1][0xbe]F[0xa8]A9[0xd4][0x14]*[0x1a][0xa1][0x16][0xe5][0xf0]*T[0x6],g5[0x9][0x95][0xcc]3[0x8d]x[0x9b]&apos;[0xc7]G[0xa1][0x86][0x8f]3[0x5]?[0xb5]~[0x17]j&quot;[0xd6][0x19][0x98]Y[0xc2][0xa6][0xc6]4[0xf3][0xd8][0xc4]W),[0x1f][0x88][0xf5]^[0xda][0x93][0xbc][0x16][0xe8]U[0xe4][0xcc][0xc8]j[0xc9][0x8c][0xd3]GF[0xd0]w[0x17][0xfa]#[0xb4]d[0x97][0xd1]*[0x8f]i[0x9][0x9b][0xdb][0xdb][0x96][0xf0][0x9c][0x8c]v[0x8d]-h/[0xa1]}[0x9][[0x1a][0x99]+[0xac][0x9b][0xab][0x8c][0xe7][0x0]Fk[0xcc]s[0xaf][0x10][0xf5]Om[[0x87]c[0xbf]!2[0xe1][0x1f][0xe4][0xe5]&amp;[0x93]QVf$[0xfb][0x10][0xd1][0x8]:[0xe6]o[0xae][0xe8][0xec][0xde]N[0xcf]|~[0xfe][0xe6][0xa5]e[0xbc][0x90][0xb9][0x11][0x10][0xd1]@[0xec][0xe7][0xff][0xf4][0xf][0x6]o[0xa3]%[0x19][\r][0xe],!v#([0xa2]A[0xce][0xfe][0x95][0xf4][0xc7][0x1e][0xa2][0x93]1[0xb7]w1[0x18][0xff][0xa0][0xe2]a[0x14][0xf][0xa3][0x88][0xa8][0xb2][0x8a][0xd9]Z[0xc7][0xa8][0x1e]F[0xf5]0[0xaa][0x88][0xaa][0x12]SOc[0x82]E[0xb]|[0xc0][0xe3][0xf8][0x90]a_g[0x19][0xc4][0xf2][0xbd][0xce][0xe3][0xfd][0x4][0x7][0xf1])[0x8e]Q[0x9f][0xc6]g[0xac][0xad][0xcf]1[0x8d][0x1b][0x98][0xc3][0x17]p[0xa9][0xaf][0xe1]K|[0x8c][0xaf]([0xbf][0xc6]w[0xf8][0x6]?P[0xff][0x88]o[0xc9]1F?[0xdf][0xd3]+0[0x8c]C[0xde][0xbf][0xb9][0x10];[0xb1][0x99][0xc3][0xba]:[0xac];[0x1c]i[0xea][0xb0][0xae][0x1a][0xeb][0xe]GW[0xef][0xfd]e[0xef][0xd6][0xb8]&amp;/c[0x19]/[0x9e][0xbb][0xd3][0xe0]t[0x8c][0x80][0xb4][0xf7][0xf2][0xbc][0x8d]W[0xbc]&quot;[0xe][0xd0])R#[0x8a][0xa0][0x9b]+A[0xea]W[0xa9][0xb7]S[0xef][0x8][0xf8][0xfe][0x3]PK[0x7][0x8][0x16].[0xa9]Q[0xf5][0x4][0x0][0x0][0xb][0xb][0x0][0x0]PK[0x3][0x4][0x14][0x0][0x8][0x0][0x8][0x0][0xd4]|D5[0x0][0x0][0x0][0x0][0x0][0x0][0x0][0x0][0x0][0x0][0x0][0x0]2[0x0][0x0][0x0]com/sun/java/help/search/DefaultSearchEngine.class[0x8d]TmS[0xd3]@[0x10]~[0xae][0xa5]M[0x9][0x11][0xb4][0xbc])[\n]&quot;
2013-02-06 13:51:56,719 AAD-WS DEBUG wire:63 - &gt;&gt; &quot;[0x6][0xf1][0xa5][0xb4][0xd5][0xf8][0x8e]R[0x4][0xe4][0xa5][0xa2]V[0x4]A[0x14][0xbf][0xe8][0xb5]=J[0x9c][0x90][0xd6]4q[0xe4][0x7]9~[0x95][0x19])[0x8e][0x9d]Q?[0xfb][0xa3][0x1c][0xf7]RPZ[0xa8]C;[0xd9][0xbb][0xec]=[0xbb][0xfb][0xec][0xee]m~[0xfd][0xfe][0xf6][0x1d]A\[0xc6][0xa2][0x8a][0x93][0xb8][0x12][0x81][0xa1][0xa2][0x17]W[0x15]\S[0xd1][0x82][0xeb][0x11][0xdc][0x90][0xeb]M)nIq;[0x82][0x91][0x8][0xee][0xa8][0xb8][0x8b]Q[0x5][0xa9]V[0x2][0x8f])[0xb8][0xa7][0xa2][0x3][0xe3][0xf2]eB[0xc1][0xa4][0x82][0xfb]*:q][0xc1][0x94][0x8a]nL+[0x98]Q0[0xcb][0xa0]x[0x8e][0x95][0xe7].g[0x88]f[0xde][0xf2][0xf7][0xdc][0xb0][0xb8]]0[0x96]\[0xc7][0xb4][0xb])[0x86][0xc0];[0xc1]p1[0x93]+n[0x18]e[0xcf]6|[0xc4][0xba][0xb0]JFYp&apos;[0xb7]n,z[0xc2][0xd9][0x9c][0xb5][0xb][0xa6]-[0x8][0xdd][0x9a][0x17]Y[0xaf][0x90][0xb6]x[0x81][0x81][0xbd]b86][0xb4][0xcb].[0xb7][0xdd][0x15]ny&quot;[0x8][0xfa]1[0x84][0xc7]L[0xdb]t[0xc7][0xc9]m[0xac][0x16][0xd1][0x16][0xae][0xf1][0xfc]Y&amp;U{[0xf3]\[0xd3]2[0xe6]xy[0xdd][0xe5]YK[0xa4][0x86]W[0x18]Z[0xa6][0x8b]y[0xa2][0xd1][0x91][0xa1]([0xf3][0xde]FV8[0xcb][0xf2][0x8c]A[0x9d][0xfd][0x90][0x13]%[0xd7][0xa4]([0xc]m9GpW[0xf8][0x8c][0x18][0x6]c[0xc3][0xbe][0xbf][0xf]ut[0x97][0xfc][0xc5][0x87][0x10][0xdd][0xf6][0x82]p[0xf7]%[0xc0][0x10]#[0xa3]#[0xa6][0x1a][0xf2]Se[0xe8][0x8e][0x1d],[0x9b][0xe4][0xac].[0x15]=&apos;&apos;[0xd2][0xa6][0xe4]yrF[0xac]q[0xcf]rk[0xe1]k&gt;[0xae]H3[\r][0x83]8[0xc7][0xd0][0x9b])[0xf2]&lt;Y[0xea]5[0x80]&gt;C[\r][0xc9][0xf2][0xb2][0xd0][0x10]G[0x82][0xa1][0xa7]1[0xc2][0x94][0xb7][0xb6]&amp;[0x1c]i[0x9c]f[0x88][0xe8][0xba][0xc4][0x8e][0xea][0x1a][0x1e]`N[0x8a][0x87][0x1a][0x1e][0xe1]1q[0xd0][0xf5][0x12]w[0xf8]FyT[0xa7]&quot;[0xca].+[0xc8]hx[0x82]y[0x86][0xe3][0x8d]&gt;5[0x9c]B[0x1f][0xc3][0xf9][0xa3][0xe4]/#?[0xd5]p[0x1a]g[0x18]:[0xff]9[0xfa][0xdb][\r][0x86]K[0xbe][0xb6],r[0x9e]c[0xba][0x9b][0xc6]C[0xfb]=[0xb7][0xcc][0xfc][0x82]d#\[0xe1][0xec]C&amp;[0x9a][0x6][0xac]+[0x9a][0x1f]][0xc6]]`H[0x1e][0xcd]d[0xaf][0xab][0x3][0xcd][0xee][0xc1][0x1e] [0x18][0x93][0x1d][0xb][0xf3]RI[0xd8]yrXK[0xf][0xa8]j=H5[0xc0][0x9f]f[0xdf][0x8a][0x9c][0xfb]?x[0xc4]-[0xd6]4[0xc]][0xb1][0x83][0xb8][0xd4]^E[0xeb][0xe7][0x80]H[0xd2]e[0xfd]73[0xcd][0x82][0xed][0xaa][0x18][0x86][0xe]I[0xa2]~[0xdc]d[0xce][0xbb][0xa8][0xe6][0xc5]![0x14][0xd5][0xbc][0x97]&gt;C[0xa0]/R@[0xde][0x11][0xda][0xb5][0xc8][0xd6][0xd3][0xda][0x87]~[0xc][0xd0]H[0x9f][0xa5]}[0x0]:[0xe9][0x99][0xbc][0xd0][0xb4][0x1f]&quot;[0xcd]G[0x84]H[0x3][0xf0]x&quot;[0xb9][0x3][0x16][\r]|E[0xb0][0x8a][0x96][0xd5][0x1d][0x84][0xa2][0xe1][\n]&quot;
2013-02-06 13:51:56,720 AAD-WS DEBUG wire:63 - &gt;&gt; &quot;[0x94]D[0x5][0x91][\n]&quot;
2013-02-06 13:51:56,720 AAD-WS DEBUG wire:63 - &gt;&gt; &quot;Z[0xf7]iU[0xd2]&amp;[0xff]j[0xe3][0xc9]h[[0x5][0xda]O[0x1c][0xdb]F{[0xbc][0x8a][0x8e][0xd5][0xf8][0x17][0xb4]&apos;vp|[0x1b]&apos;&gt;A[0x9b][0xaf][0xa2][0x93][0xcc][0xba]~lQ[0xd8][0x11],[0xe3][0x5][0xa2][0xb4];O![0xe3]PI[0x8e]![0x8c]q[0xb4]a[0x82]HM[0x12]b[0x86][0xfe][0xb3][0x84]K[0x13][0xf2][0x1]^[0xe2]1[0xde][0xd0]0\[0xf0][0x13][0xa2][0xb2][0xd3]s[0x11][0x97]HJ[0xf2][0x83][0x94].[0xa3][0xb5][0xb5][0x8a][0xee][0xd5][0xf8][0xe]z&gt;[0xfb][0x1f]/[0xe9]&lt;[0xec][0x1f],[0x90]Q[0xc][0xc3][0xbb][0xf0]~Z[0xa5]6D[0x14]O4B[0x97][0x89][\r][\r][0xf2].[0xf4][0x94]J[0xcf]V[0x3][0xec]5[0xc9][0xa4]_[0xc9][0xcb][0x0]PK[0x7][0x8][0xbb][0xf1][0xfa]{[0xe][0x3][0x0][0x0][0x2][0x6][0x0][0x0]PK[0x3][0x4][0x14][0x0][0x8][0x0][0x8][0x0][0xd4]|D5[0x0][0x0][0x0][0x0][0x0][0x0][0x0][0x0][0x0][0x0][0x0][0x0]4[0x0][0x0][0x0]com/sun/java/help/search/QueryEngine$SearchIds.class[0x8d]R[0xdb]n[0xd3]@[0x10]=[0x9b]8[0xb6]cL[0x13]B[0x9][0xbd]B[\n]&quot;
2013-02-06 13:51:56,720 AAD-WS DEBUG wire:63 - &gt;&gt; &quot;[0xa1]$n[0x1b][0x97];[0x8][0xca]C[0x1b]@[0x96]&quot;[0x10][\n]&quot;
2013-02-06 13:51:56,721 AAD-WS DEBUG wire:63 - &gt;&gt; &quot;B[0xe2][0xd1]q[0xb6][0x89][0xab]t[0x1d][0xf9][0x82][0xd4][0xbf][0x2][0x89][0xa4][0x12]H|[0x0][0xcf][0xdc]$[0xfe][0x5]1[0xeb]T[0x14]Q[0xa9][0x8a][0x1f][0xce][0x9c][0x9d][0xf1][0x9e][0x9d]9[0xbb]_~[0xfc][0x8c],6[0xf0][0xc0]@[0x11]+y[0x14]pE[0xc2]U[0x9]U[0x9][0xd7]4[0xac][0x1a]P[0xb1][0xa2][0xe3][0xba][0x8c]5[0x9]u[0x1d][0x96][0x8e]5I[0xd7]%lh[0xb0]5[0xdc]d[0xc8]z[0xc1][0x80][0x81]9[0xc][0x9a][0x17][0x8][0x8f][0xf]c[0x86]\[0xe4][0x5]![0xa7]l[0x93]A[0x8d][0xfb]~T[0xdd]dXmy[0xc1][0xbe][0x1d]%[0xc2][0xde]s[0xdf][0xba]v[0x9f][0xf][0x86]v[0xc4][0xdd][0xd0][0xeb][0xdb]/[0x13][0x1e][0x1e]&lt;[0x11]=_[0xf0][0x87][0xc][0xf9][0xf6][0x81][0x88][0xfb]&lt;[0xf6]=[0xda][0xfd][0xc8][0x17]~[0xfc][0x98]a[0xbd]6[0xdd]v[0xc7]i[0xd6]_3(;A[0x97][0x1a]([0xb4]([0xf7]&lt;[0xd9][0xef][0xf0][0xf0][0x95][0xdb][0x19]PF[0x8f][0x83]v[0x1c][0xfa][0xa2][0xc7]0[[0xab][0xb7]R[0xad][0x81]+z[0xf6]$K[0xc7][0x1b][0xed] [0x9]=[0xfe][0xd4][0x97][0xbf][0x17][0xff][0xd1]n[0xc8][0x9f]M[0xcc][0xe3][0x96][0x89]2.[0x9a]8[0x87][0x92][0x89][0xf3][0x12]fq[0x81][0xa1][0xfc][0xbf][0xd8]v[0xb2][0xbb][0xcb]Cj[0x86],[0xda]2q[0x1b]w$[0xdc][0xa5][0x9]+GVm[0x91]k[0x95][0xd4][0xac][0xb4]~[0xcf][0xc4]2.i[0xb8][0xcf][0xd0][0x98]f[0xda]j;M9[0xdd]H[0xba]v[0xcc]MG[0x8][0x1e][0xee][0xc][0xdc]([0xe2][0xb4],[0x1e]7[0xf6][0xa2][0xb3][0xc7]=[0xba][0xa1]lM[0xba][0xa4][0xba][0xc3]![0x17][0xdd][0xd4][0xdd][0x13]N[0x9c]4g2[0xf]Y[0xb4]XsN[0xad]6O[0xa9]V[0xa7][0x19][0xc][0x15]z[0x87]E[0x0][\n]&quot;
2013-02-06 13:51:56,721 AAD-WS DEBUG wire:77 - &gt;&gt; &quot;[0x98][0xb4][0x99][0x18][0x93]N[0xa7][0x91][0xcc][0xa6]X[0x92]w@[0xab]9[0xc8]/Cl[0x1e][0xb][0x84][0x8b][0xb4][0xda][0xa6][0x7][0xae]R\[0xb0][0xe][0xc1][0xac][0xb5][0x11]2[0xd6][0xd2][0x8]Yky[0x4][0xc5][0x9a]SF[0xc8][0xbd]O[0x95][0x96][0x8][0xcb][0xc8][0x11]~E[0x1e][0xdf]0[0x83][0xef]t[0xca][0xf]R[0xfa]IU[0xba][0x8a]#[0xbd]g[0xa4][0xc7]([0xda][0x9f][0xa0][0xbe]9[0x84]V[0xd2][0xc7][0xc8][[0x1f][0x90][0x1d][0xc3]([0x9d][0x99]pErs[0xc2]sc[0x9c][0x1d]c[0xe6][0xdd][0xdf]C[0xd4]t[0xfb]/j[0xf3]r[0xda]l[0x5]7([0x1a][0x94]-[0xa0][0x81]Md[0xfe][0x0]PK[0x7][0x8][0x95]v[0xb]a[0x9][0x2][0x0][0x0][0x96][0x3][0x0][0x0]PK[0x3][0x4][0x14][0x0][0x8][0x0][0x8][0x0][0xd4]|D5[0x0][0x0][0x0][0x0][0x0][0x0][0x0][0x0][0x0][0x0][0x0][0x0]*[0x0][0x0][0x0]com/sun/java/help/search/QueryEngine.class[0x8d]W[0x9]|[0x14][0xe5][0x15][0xff][0x9b][0xcd][0xce][0xee][0xec]dC[0x2][0x3][0xac]([0x4][0x88][0x12][0x92][0x90]([0xda]([0x1b]+[0x84]$[0xc8][0xe2][0x12][0x94][0x4]l[0xa4][0xad][0xe][0xbb][0x93]da3[0x13]fg[0x3][0xa8][0xc5][0x3][0xd4][0xd2][0xaa]m[0xb5]U[0xc1][0x96]@E[0xd3]j[0xf]D[0xdc][0x4]R[0x91][0xaa][0x95]*[0xb5][0xd5][0xda][0xdb][0x1e]V{[0xda][0xd6][0xde][0xd6][0xb6]V[0xfa][0xde][0xcc]&amp;$[0xb0]Q[0xb3][0xbf][0xbc][0x99][0xef]x[0xef][0xfd][0xdf][0xf9]}[0xf3][0xec][0xdb][0x87][0xe][0xa3][0x0][0xf3][0xc4]l[0x19][0xdd]0$[0x98][0x12]zdl[0x80]%[0xd3]tZ[0xc6]j[0xd8][0x12]22$[0xf4][0x6][0xb0][0x14][0x1b]%l[0x92]![0xc3][0x96]i[0xb0]Y[0xc6][0xd5][0xb8][0x86][0xc9][0xb5]L&gt;[0xc2]d[0x8b][0x84][0xeb]d[0x94][0xe0]z&amp;i&amp;70[0xb9][0x91][0xc9]V[0x16][0xb3]M[0xc2]M2[0xa6][0xe2]f[0x16]s[0x8b][0x8c][0x6]|[0xd4][0xb7][0xf0][0xe0][0xe][0xfe][0xdb][0xc9][0x9b][0xb6][0xcb][0xf8][0x18]&gt;.[0xe1]VFq[0x1b]o[0xba]][0xc2]&apos;d[0xcc][0xc6]&apos;%|J[0xc6][0x99][0xac][[0xc6][0x1d][0x1][0x92]q&apos;[0x93]O3[0xf9][0xc]o[0xb8][0x8b]W[0xef]f%[0xf7][0xf0][0xdb][0xe]&amp;;y[0xe1][0xde][0x0]&gt;[0x8b][0xcf][0xc9][0xd8][0x85]&gt;?v[0xb3][0x1d]{[0xfc][0xf8]&lt;[0x9b]p[0x1f][0x9b][0xbd]7[0x88][0xfb][0xf1][0x80][0x84]~[0x19][0xb]X[0xfa][0x2]|[0x81][0xc9][0x17]e&lt;[0x88][0x87][0xfc][0xf8][0x12][0xef][0xf9][0xb2][0x8c][0xaf][0xe0][0xab][0x12][0xf6][0xf1][0xde][0x87]%[0xec][0x97][0xf0]H[0x0][0x7][0xf0][0xa8][0x8c]&amp;de4b@[0xc2] [0x8b][0xec][0xe5][0xe9][0x83]~[0x1c][0x92]1[0x84][0xaf][0xf1][0xca]c~[0x1c]f[0xd3][0x1e][0x97]i[0xe5][0x88]LX[0xbe][0xce][0x1b][0x9f]`%O[0xfa][0xf1][0x94][0x1f][0xdf][0x90][0xf0][0xb4]@[0xa0]U[0xd7][0xac]xW4[0x91][0x16]P[0xa2][0x86][0xa1][[0x8d])-[0x9d][0xd6]i[0xe8][0xbd]R7z[0x5][0xaa]cq[0xb3][0xbb]6[0x9d]1j[0xd7]i[0xbd]Zm[0x97][0x9e][0xea][0xa9]M;L[0xb5].o[0xb3][0xd1][0x9b][0xb4]L[0xa3][7[0xec]z[0x81][0xca]8[0xf3][0x97][0x13]O9[0xf1][0x94]3O9[0xf3][0x94][0xbb]&lt;[0xe5][0x97]etks[0xb3][0xd1][0x99]&quot;
2013-02-06 13:51:56,722 AAD-WS DEBUG wire:63 - &gt;&gt; &quot;4t[0x81][0x92][0x98]#3[0xa5][0x19][0x9d][0xb5][0x8e][0xde]zF[0xb4][0xd9][0xb0][0xbb]t;[0x19][0x17][0xf0]][0x98]4[0x92][0xf6]E[0x2][0xb3]+F[0xed]l[0xb5][0xad][0xa4][0xd1]Y[0xef][0xce][0x18][0xba]][0xbb]je[0xac]~[0xee]jB[0xdc]h&amp;Hjq[0x8c][0x84][0xb7]d[0xba][0xd7][0xea]V[0x9b][0xb6]6E3r[0xf3][0xa6][0xb8][0xde]c&apos;M[0x83][0xcd][0xec][0xb1][0xcc][0xb8][0x9e]N;H[0x4][0x96][0x8c]+:c&apos;S[0xb5]13[0xae][0xa5]twfS[0x1e][0xeb][0x1d])[0x8e][0xf6][0x92]N[0xdd]^nZ=]KL[0xcb][0xe5][0x12][0xb8][0xa0][0xe2]TQs[0xc7]wh,i[0xeb][0x8e][0x8][0xf2][0x83][0xb7][K[0x1a][0x2][0x93]+[0xd6][0x9c][0x8a][0x8f][0xd5][0xf9]\G[0xb][0x9c][0x99][0xc7][0x80][0xb9]y[0x1c]+[0xb7][0x9a][0x19]+[0xae]/I2[0xb0][0x9][0xa3][0xe2]P[0xc3]{%[0x1c]U[0xf0]M[0xac][0x13](;[0x89][0xb5][0xc5][0xb4][0x97][0x98][0x19]#1[0xe2]C[0x81][0xe9]&apos;[0xb6][0xb4][0x98][0xce][0xa6]&amp;[0xbd][0xc3][0xdd]dY[0xa6]%[0xe1][0x19][0x5][0xcf][0xe2][0x98][0x82][0xf][0xe3][L[0x9e][0xe3][0xbc]x[0xcf]Y[0xc4][0x1c]W*h[0xc7][0x15][0x84][0xf3][0x84][0xfb]V[0xeb]q[0xdb][0xb4][0x14][0xe8][0xe8][0x90][0xf0]m[0x5][0xdf][0xc1][0xf3][\n]&quot;
2013-02-06 13:51:56,723 AAD-WS DEBUG wire:63 - &gt;&gt; &quot;^`[0x5][0xdf][0xc5][0x8b][\n]&quot;
2013-02-06 13:51:56,723 AAD-WS DEBUG wire:63 - &gt;&gt; &quot;[0xbe][0x87][0x17][0x87][0xb7][0x8f][0xf2][0x84][0x82][0xef][0xe3][0x7][\n]&quot;
2013-02-06 13:51:56,724 AAD-WS DEBUG wire:63 - &gt;&gt; &quot;~[0xc8]`~[0x84][0x1f]+[0xf8][0x9][0xef]}[0x9]?[0x15][0xa8][0x19][0x17][0xd1]([0xdf][0x94][0x8f][0xd4][0x7][0xa3][0xfa][0x99][0x82][0x9f][0xe3][0x17][\n]&quot;
2013-02-06 13:51:56,724 AAD-WS DEBUG wire:63 - &gt;&gt; &quot;^[0xc6]/[0x15][0xbc][0x82]W%[0xfc]J[0xc1][0xaf][0xf1][0x1b][0x81][0x89]&apos;[0x14][0x8f][0xf8]I[0xc1]o[0xf1][0x9c][0x82][0xdf]1[0xb0][0x19][0xef]b&gt;K[0xff]=[0xc5]r[0xdc]mQ[0xc3][0xd6];u[0xab][0xc1][0xb2][0xb4][0xcd][\n]&quot;
2013-02-06 13:51:56,725 AAD-WS DEBUG wire:63 - &gt;&gt; &quot;^[0xc3][0x1f][0x14][0xfc][0x11]R[0xf0]:[0x93]?[0xe3]/[\n]&quot;
2013-02-06 13:51:56,725 AAD-WS DEBUG wire:63 - &gt;&gt; &quot;[0xfe][0x8a][0xbf])[0xf8];k[0xfc][0x7][0xfe][0xa9][0xe0][\r]6[0xf4]_xS[0xc1][0xbf][0xf1][0x1f][0x9][0xff]U[0xf0][0x16][0xfe]&apos;[0xe1]m[0x5][0xc7][0x5][0x4]f[0x91][0xa6][0x1a][0xd2][0xe4][0x4][0xbf][0x86]5[0xd5][0xb8][0x9a]jF[0x92]P[0xc1][0x1a]|P[0xa0]|[0xdc][0x9d][0xa3][0xfc][0xa4] [0x89]u[0x8a][0x10][0xc2]#[0x89][0x2]ExE![0xa5][0xee][0xc9][0xc1]X[0x9c][0xe9][0xe8][0xd0]-E[0xf8][0x84][0xa4][0x8]?[0x8e]I&quot;[0xa0][0x8][0x99]s[0xce]?\;[0x8a][0x8][\n]&quot;
2013-02-06 13:51:56,726 AAD-WS DEBUG wire:63 - &gt;&gt; &quot;E[0x12]E[0x8a][0x8][0x89]b[0x17][0xe5][0xbb][0x94][0x8a]&quot;&amp;[0x88][0x92]aeI[0xb3][0xd6]U[0xa2]&apos;V[0xea]ZB[0xb7][0x4][0xc2][0xc3][0xb]Q[0xa3]&apos;c[0x13][0x10]][0xeb]v[0xd7]$Q[0xaa][0x88][0x89]b[0x12][0xf9]^[0xa8]L&amp;[0xbb][0xc6][0xbe]kR(b[0x8a][0x98]*0[0x95][0x9b]SRK%[0xaf][0xd6][0x13][0xf5]e[0x94][0xb8][0xba]U[0xb6][0x81]wI&quot;[0xac][0x88][0xd3](3[0xc5]4[0x1c]#g[0xd7]([0xe2]tq[0x86]&quot;[0xa6][0x8b][0x19][0x8a]([0x13]3[0x15][0xc4][0x91]`7[0xcc][0xa2]nT[0xd6][0x9d][0xd6][0xe3]e[0xae][0x12][0x81]3\1[0x86][0xbe][0xc9]ve[0x95][0x99]VYM[0x99]m[0xd2](i[0x8f]I[0xf0][0x15]k[0xd7]QEP[0xbb];[0xa9]^[0x5][0xa4][0xe][0xd3]j[0xd1][0xba][0xf5]1i[0xd9][0xd6]e[0x99][0x1b]s[0xed][0x90][0xbd]M[0x1d]P[0xeb][0xa4][0xc1][0xa4][0x8a][0xb9][0xa7][0xf6][0xf][0x1]5_W[0xa1][0xb6]SP[0xc1]t[0x8a][0xb3]f[0x13][0xca][0xda][0xc5][0xe4][0xd0][0xf5]Q[0x2][0xad]Qu[0x12][0x1a][0x92]}[0xb9]i%[0xa2]F[0xda][0xd6][0x8c]8)[0x98][0x97][0xb7][0x7][0x8e]#[0x80]4Ki[0xdd]n[0xa3][0x5][0x81][0xc2][0x8e][0xa4][0x95][0xb6][0x1d][0x9d]Qj[0x88][0x86]3[0x19]Hg[0xd6][0xa6][0x1d]&lt;[0xdc][0x1c][0xa3][0xd1][0xbc][0xe8][0xbd][0xf4][0xd2]-[0x10][0xb4][0xcd][0x98][0xb9][0x91][0xce]4-M@[0xce][0x1a][0x1f][0xc8]Xn_J7:[0xed].[0x6][0xa0][0xdb][0x1c][0x95][0xbc][0xce] H[0xd5][0x15][0xe3][0xf7][0xf2]Q[0xf9]R[0x1f][0x8d]6[0xb1][0xd7]d-[0x91]hN[0xe9][0xdc][0xe3]N[0x92][0xe9][0xc6][0xd2]q[0xb0][0xdc][0xab]YI[0xcd][0xb0][0xd3]+:[0x4][0xe6][0xe4]S[0x9c][0xe7]@[0xe0][0xe3][0xa0]K[0xb3][0x1a]H[0xae][0xb7]&quot;:[0xb7]qL[0xe4][0x1b]iE[0x8b][0xdb]\[0xc][0x12]E[0xa7]ms[0x8f][0xce][0xdb][0x1a][0xd9][0x82][0xe2][0x1e][0xe2][0xa7][0xaa][0xd0][0xe2][0xeb][0xdb]h[0x13]/[0xa4])[0x9f][0x5][0xce]~[0x7][0xd3]N=[0xf7][0xa3][0x8c]&lt;[0xa0][0xbb][0xb6]58[0xd6][0x8d][0x9]L[0xce]&gt;[\n]&quot;
2013-02-06 13:51:56,726 AAD-WS DEBUG wire:63 - &gt;&gt; &quot;e[0xdc]LQE[0x90]f)n[0x1a][0xdc]([0xc9][0xcb][0xe9][0xb8]i[0x91]J[0xd1]D[0xb3][0xe4][0xa2]6[0xdd][0xa2][0xd8]I[0x14][0xdb]&amp;Gna&lt;E[\n]&quot;
2013-02-06 13:51:56,726 AAD-WS DEBUG wire:63 - &gt;&gt; &quot;)[0x9a][0x4][0xbe][0xb1]+[0x99]JX:[0x9d]AU[0x15][0xd1][0xf1][0x11][0x8e][0xee][0x96][0x8e]W[0x83]q[0xcd]J$[\r]*V[0x9b][0xce]|[0x8f][0x96]s[0x14][0xe1][0x8]R[0x9e]Zvk[0xae][0xfe]fU[0xbc][0x87][0x93]~[0xc2][0xc9]iDh[0x9b][.[0x8e]E[[0x97][\n]&quot;
2013-02-06 13:51:56,727 AAD-WS DEBUG wire:63 - &gt;&gt; &quot;[0x94][0x9e][0x9a]d[0xd4]*F[0x9]]Jd[0x15][0xad]R[0xef][0xe0]kV[0x11][[0xa5][0x19][0x89]dB[0xb3]y\5~[0x96]:S[0xcd]F[0xa6][0x9b]k[0x85][0xe][0x18][0x12][0x1c]bn[0xae][0xfa][0x98][0x99]kw[0x15][0xa7][0x9c][0xfd][0xee][0x12][0xd7]t^)[0xe4][0x2][0xae][0xac][0x91][0xc4][0x1c][0xdb][0x10]F&quot;[0xe7][0xd3]zzt#[0xe1]$[0xfd];[0xde]7F[0xf7]z[0xe2][0xf3][0xdb]fk[0xae]\[0xd5][0xbc][0xc0](qR[0xf4][0x92][0xeb]][0x1][0xa7]7[0xd9]]&amp;iZ[0x94]G[0xd3][0x9a]Sn6[0xa3]u[zG[0x8a][0xe0][0xd6][0xba][0x12][0x86][0x1d][0x9f]o[0x8d][0xc]J[0x1a][0xbd][0xe6]z[0x8a][0xdd][0x82]&lt;[0x95][0xb8]&amp;Oq[0xe6][0xf3]Jq[0x97][0x96][0xa6]cH[0xcf]y/[0xed]4[0xab]+[0xc6]^D6[0xa7]m[0x9d][0x12][0xda][0xc3][0xd7]95[0x96][0xe7]8b[0x9c][0x15]y[0x17]8[0xdb]&amp;[0x9d]Xr[0xcf]-[0xb7][0xda][\n]&quot;
2013-02-06 13:51:56,727 AAD-WS DEBUG wire:63 - &gt;&gt; &quot;[0xcc][0x8c]=Z[0xde][0xa5]n![0xe7][0xe4]M[0xcc]3MY[0xea]T{[0x8a]p[0xf8]i&quot;[0x11]s.[0xe1]&gt;}CFK[0xa5][0xc7][0xe9]HdKI&lt;cQ[0xc9][0xd9]m[0xc9]n}y2[0x95]J[0xba]V.s[0xf][0x12][0xba][0xf9]i[0x99][0xd4][0xe8][0xbc][0x19][0x9b][0xfa][0xd3]*[0x96][0x8d][0x9b][0x1d][0x98]I[0xdf]$[0xab][0x1]x[0xe8]G[0xf7]=z[0xf3][0xf3][0xa5][0x83][0xee]&apos;[0x1f][0x2][0xff][0x15][0xd2][0x1b]][0x6]i[0xf5]*[0x1a][0xcd][0xa7]q[0x1]=K+[0x7][0xe0][0xab][0x1c][0x82][0xd4]^U=[0x0][0xff][0xa3][0x8]&lt;L[0xb3][0x2][0x1a][0xd1][0x90][0xb3][0xe3][0x1c]xiw[0x9][0xce][0xc5]Z[0x1a]yi[0xad][0x8c][0xfe][0xe9][0xd4]u%[0x15]4[0x90][0x9e][0x9][0xa4][0xb6]y[0x8]r[0xfb][0x0][0x82][0x11][0xa9][0x92]$)[0x11][0xbf][0xa7].P=[0x88][0xa2][0x88]7[0xec][0xad][0xca]&quot;[0x14][0xf6]fQ\W[0xc8][0x8f][0x9]ur[0xbf]X=[0x84][0x92][0xf6]*[0xb5]P[0x95][0xb3]([0x1d][0xc0][0xc4][0x88]/[0xec][0xcb]b[0x12]?[0xaa][0xb3]P[0xdd][0xe1]d[0xef]^l[0xd8][0x16][0x10][0x95][0x7][0x10][0xe0][0xf1][0x94][0xba][0xa0][0x1a][0xdc][0x5]5,[\r]aj{[0xa5][0x1a]P[0x83][0xa1][0x1][0x84][0xb3]8-[0xec][0x1a]o[0x86][0xfd][0xbc]iZD)[0xa8]+[0xea][0xc7]&lt;[0x87]KQ[0x8b][0xe6]3cH[\r][0xed][0xc2][0x94][0x13][0x8c][0xa1]I8[0xdd]e[0xdd]V$[0xd4][0xa2][0xb0]rx[0xcf][0xf1][0x17][0xfa]q[0xc0]U[0xbb][0x1b][0xf][0x85]}[0x5]YL[0x1f][0xc4][0xc][0xd6]9![0xd0][0x87][0x1a]z[0xc8]}[0x98][0xa3][0x6][0xb][0xfb]0S[\r][0xfa][0xfb]0[0x8d][0xa6][0x82]}[0x98][0xa4][0x6]}}[0x8][0xa9][0xc1][0x1d] D[0xc4]l[0x8c][0xc1][0xac][0xa8][0xca][0x18][0xcc][0xca]([0xcc]M[0xc3][0x98][0x8b][\n]&quot;
2013-02-06 13:51:56,728 AAD-WS DEBUG wire:63 - &gt;&gt; &quot;[0xea]B[0xc3][0x98][0x8b][0xd4][0x90][0x83][0xb9]X-[0x1e][0x83][0xb9][0xf8][0x4][0xe6][0x90]PC[0xe1]&quot;[0xc6][0xac][0xca]#^Ue[0xcf][0xee][0xb7][0x1f][0xec][0x87][0x1c][0x91][0xc3][0xe4][0xd6][0x99]a)[0x8b]Yu[0xf2][0x10]f[0xb7][0xb3]\5[0xe0][0xbd]j[0x0][0xe5][0x91][0xe0][0x10][0xce][0xa4]P[0x9d][0x95][0xf3][0xd3][0xf5]aI-[0xca]b[0xce][0x11]L[0x8d][0x84][0xc2][0xc1]p[0xe8][0x0]*[0x98][0xcc]eRIN[0xa8][\n]&quot;
2013-02-06 13:51:56,728 AAD-WS DEBUG wire:63 - &gt;&gt; &quot;+YT;[0xc8][0x9c]i[0x1a][0xcd]cR[0xb3][0xb][\r][0x5]u[0xc5][0xfd]8g[0x98]KQ[0x8b][0xb3][0xa8]u[0xf8][0x8]j[0x9c]ysAp[0xe6][0x99]q[[0xb1]P[0x8b][0x1d][0xee]=[0xc7][0x8f]9[0xae]W[0xe5]=[0xc7][0xaf][0xb][0x7][0xe7]eq[0xf6][0xc3][0x94]Z[0x13][0xc5]vq[0xab][0x93]d[0x9c][0x84][0xaf][0xe0][0x2][0xa2][0x11][0x4]POiv!&amp;b![0xc2]X[0x84][0x19]h[0xc0]YX[0x8c][0xb3][0xd1]LoK([0xf9]/[0xc6][0xa5]D[0xdb][0x11][0xa5][0xa4]_[0x86]N\[0x82][0x14]b[0xd8][0x82][0x16]l[0xc5][\n]&quot;
2013-02-06 13:51:56,729 AAD-WS DEBUG wire:63 - &gt;&gt; &quot;[0xdc]J[0xab]w[0xe0]2[0xec][0xc6]J[0xdc][0x8f]V[0x1c][0xa4][0xf1]Q\[0x8e][0xe7][0xf1][0x1][0xfa][0x86]i[0x17]E[0xd0][0xc4][0x4][0xac][0xa5]kf\[0x94]!![0xe6][0xa3]C[0x9c][0x8f]N[0xb1][0x8]]b[0x9][0x92][0xa2][0x8d][0xee][0xd6][0xed]X/[0xba]i[0xbc][0x9]Mb+[0x1a][0xc5]vX[0x84][0xd4][0x16]w[0xa2]W[0xec][0xc4]F[0xf1][0x10]6[0x89][0x3][0xb8]V[0x1c][0xc2][0x16][0xf1]4[0xae][0x13]/[0xe1]z[0xf1]2n[0x10][0xaf][0xe3]F[0xf1][0x6][0xb6][0x8a][0xb7]p[0x93]g[\n]&quot;
2013-02-06 13:51:56,731 AAD-WS DEBUG wire:63 - &gt;&gt; &quot;[0xb6]{[0xe6]`[0xab][0xe7]&lt;\[0xeb][0xb9][0x8][0xb7]y[0x9a]p[0xfb][0xa8][0xc2][0xf2][0xf0]&apos;[0x19][0xbd]q[0x89][0xbe]Fs[0x1]z[0xde]^u[0x14][0xd2]~[0x9c][0x13][0xab][0x1a][0xc4][0xfc][0xe5][0xa5][0xe7][0xb6][0xec][0xc7]yGQ\[0xfa][0xbe]A[0xd4][0xb5]?[0x82][0xf3][0xfa][0xe1][0xa3][0x99],[0xce][0x8f]x[0xfb][0xd1]^}[0x10][0x17][0x8][0x1c]AI[0xa4][0x90][0xb]l[0x8][0xb]([0xd2][0x11][0xf2]m}[0xb8][0x90]H[0x16][0x17][0xba][0xb5][0xe6]=[0x8a][0xa2][0xb0]o[0x10]&quot;&quot;[0xf5]C[0x9]{9[0x9][0xdf][0x1f][0x91][0xc2]R[0xe9]E&quot;[0x8b][0x85][0x11][0xd8]/[0xe8]e[0xd1][0x11]4[0xec][0x8b]H$u[0xb1][0xc0][0xce][0xe3]{[0xc5]&gt;B[0xd7][0x86][0x1b][0xe8]7[0x1c][0xa1][0xc5]\[0xfe][0xe4][/[0xee][0xa4]Vp[0x17][0x8a]p7[0xcd][0xdc][0x83]J[0xec][0xc0]&lt;[0xec][0xa4][0xf8][0xdd]K[0x1c][0xbb](2}[0xd4]6[0xf6]PT[0xee]C/[0xf6][0x92][0x84][0x7](2;(2[0xf][0x92][0x9d][0x9d][0xe8][0xca][0xd9][0xfd]*|[0x90][0xe8]y[0xcb][0x10][0x1a][0x9]S[0xfb]~4[0xf]`[0x89]w[0x0][0x17][0xc7][0xd8][0xa4][0xca][0x82][0xf9]d[0xc2][0xf2]!,m[0xaf][0x16][0x3][0x88][0x92]?[0x96][0x95]^[0x92]E[0xac][0x1f][0x5][0xd4]h[0x96]s[0xc3])m[0xc9]b[0xc5][0xe][0xf8][0xfa]Q?[0x88]K[0xcf]/[0x9c][0x17][0xf6][0xe][0xe2]2[0xb2]g%m[0xce][0xf9][0x84][0x16]&amp;[0x17][0xea]Y[0xb4][0x96][0xb6][0xb9][0x8e]![0x11],j[0x15][0x8b]:&gt;[0xd8][0xf][0x8c][0xc4][0xcd][0xe4][0x94][0x4][0xa5][0xd1][0xc9][0x6][0xef][0xa7]T[0x1c][0xc4]tJ[0xa4][\n]&quot;
2013-02-06 13:51:56,732 AAD-WS DEBUG wire:63 - &gt;&gt; &quot;[0x1c][0xa2]4[0x1c][0xa2][0xe][0xf9][0x18][0x16][0xe0]0[0x1a][0xf1]8%[0xe4][0x13][0x94][0x80]Ob[0x15][0x9e]B[0x9a][0x12][0xed][0x1a]Z[0xdf][0x82]gH[0xca]1[0xdc][0x8c][0xe7][0xc8]Q[0xf4][0x91]7[0xd2][0x8b][0xb][0xe8][0x8d]{1[0x85]c[0x1f][0xd9]X[0xd0]N[0x8a][0xc9][0xde][0xc2][0xc7][0x1d][0xdd][0x85][0xf4][0xf3][0xe4]t[0xfb][0x9c][0x99]{r=[0xdd][0x83][0xf5][0xe]MQ[0x12][0x3]2[0xad]M[0xa5][0x12][0xb8][0x1c][0x9e][0xff][0x3]PK[0x7][0x8]h:wS[0xd3][\n]&quot;
2013-02-06 13:51:56,732 AAD-WS DEBUG wire:63 - &gt;&gt; &quot;[0x0][0x0][0x19][0x14][0x0][0x0]PK[0x3][0x4][0x14][0x0][0x8][0x0][0x8][0x0][0xd4]|D5[0x0][0x0][0x0][0x0][0x0][0x0][0x0][0x0][0x0][0x0][0x0][0x0]([0x0][0x0][0x0]com/sun/java/help/search/LiteMorph.class[0xad]Vmp\e[0x15]~[0xde][0xec][0xcd][0xde][0xbb][0x9b][0x9b][0xa6]l[0xbb][0xe8][0xf6][0x83]n[0xe9]W[0x92]M[0x8][0x14][0xc]eS[0x8a]R[[0x9]M[Kkj[0xa9]&quot;7[0xbb]w[0x93][0xdb]n[0xee][0xa6][0xbb]wkS@@[0x3]T[0xbe]DEJ[0xb][0x14][0x8a]H[0x10][0x1c][0xc7][0xb6][0xc3]F[0x89]VT[0xc6]:[0xea][0xf8][0xed][0x8c][0xa3]?p[0xd0][0x11][0xc7][0x19][0xc7][0x19][0xc5][0xe1][0x17][0xd6][0xe7][0xdc][0xec]&amp;d{-[0xfc]0;y[0xdf][0xfb][0x9e][0xfb][0x9c][0xf3][0x9e][0xf3][0x9c][0xf3][0x9e][0xf7][0xfe][0xf8]?/[0x9d]F[0x8][0x9d][0xf8]Z[0x14][0xdd][0xd8][0x11][0xc5][0xfb][0xf0][0x91][0x8][0x87]~[0x1d];[\r]|4[\n]&quot;
2013-02-06 13:51:56,733 AAD-WS DEBUG wire:63 - &gt;&gt; &quot;[\r][0xbb]d[0xb8]1[0x8a]y[0xd8][0xad][0xe3]c2\[0xc7]MQ4[0x9][0xbc][0x9][0x9f][0x90][0xe1]f[0xc1]X:[0x6][0xa2][0x98][0x8b][0x1d]b [0xa3]#+Xa[0x8b][0xdd][0x9c][0xbc][0x1b][0x94]a[0xc8][0x80]c`[0x8f]([0xee][0x95]7y[0x3][0xc3]QD[0xe0][0xca][0xa2]``[0xc4][0xc0]&gt;[0x3]E[0x3]%[0x91]zb[0xa1],[0xb6][0xf6]7[0xe1][0x93]8 [0xb2]Q[0x3][0x7]e[0xbe]E[0xc7][0xad]&quot;[0xbc][0xcd][0xc0][0xa7][0xc][0xdc].[0x16][0xef][0x88][0xe2]r[0xdc]i[0xe0][0xd3][0xb2][0xd3]gt[0x8c][0xc9][0xfa].[0x1d]w[0xeb][0xb8]G[0xc1][0xd8]o[0x15][0x1d][0xcb][0xf5]J[\n]&quot;
2013-02-06 13:51:56,733 AAD-WS DEBUG wire:63 - &gt;&gt; &quot;[0xb1][0xbe]=[0xd6]~[0xab][0xab][0xec]9[0xf9][0xae]~;[0xe3][0x15][0x8a]=[\n]&quot;
2013-02-06 13:51:56,734 AAD-WS DEBUG wire:63 - &gt;&gt; &quot;[0xd1]b9o[0x97]vX[0x3]y[![0xfe]6[0xc4]uVi[0xc8][0x13]1A-[0x3][0xf9]Bf[0xaf][0x9d][0xed][0x9f][0xb6][0x15][0xb5][0xf]d[0xec][0x11][0xcf])[0xb8]\D[0xb2][0xf6]@ypc[0xde][0x1a]TP7*4[0xaf][0xa7][0xd8]#[0xb0][0xdf][0xca][0x97][0xed][0x10][0xf8][0xa7][0x10]^[0xeb][0xb8][0x8e][0xb7]N![0xd4][0xda][0xd6][0xaf][0xa0][0xad]/d[0xb9]cK[0x9f][0xe3][0xda][[0xca][0xc3][0x3]v[0xb1][0xea][0x83]1h{[0x9b][0xb][0xc5][0x91]![0x85][0x95][0xad]m}[0x99][0xc2]pW[0xa9][0xec]v[0xf9][0x8e][\r][0xd9][0xf9][0x91][0xae][0x92]m[0x15]3C]}[0x8e]g[0xfb]8[0x9]BL;V[0xde]9H[0x3][0x17][0xb6][0xee][0x9e][\n]&quot;
2013-02-06 13:51:56,734 AAD-WS DEBUG wire:63 - &gt;&gt; &quot;#o[0xb9][0x83]][0xdb][0xbd][0xa2][0xe3][0xe][0xf6][0xc8][0x96][0xd1][0x1a][0x15][s[\n]&quot;
2013-02-06 13:51:56,735 AAD-WS DEBUG wire:63 - &gt;&gt; &quot;[0xab]Z[0x3]@[0x1][0x8a][0x8c]nXv[0xd9]Y(f[0xc5][0xf6][0xb9][0x88]^[0xdf][0xb6][0x95][0xad][0xb1]C[0x1a][0x83]l[0x13][0xa4][0x8a][\n]&quot;
2013-02-06 13:51:56,735 AAD-WS DEBUG wire:63 - &gt;&gt; &quot;N[0xc0][0xbb][0x0][0xc9][0xbb][0x8][0xfb]&lt;[0xdc][0xdc]P[0xf6][0xd3][0xd6][0xe8][0xe7][0x85][0xce]m/[0x94][0x8b][0x19]{[0xa3]#[0xfc][0xce][0x99][0xb6]p[0x89][0xe8][0x99][0xf8][0x0][0xae]5[0xf1]![0x19][0xd6]&quot;[0xad][0x90][0x98])[0x81])gv[0x14][0xf6][0xda].[0x99][0xa5][0xf3]*)[0xf0]C&amp;&gt;[0x8b]{M[0xdc][0x87][0xfb][0x15][0xe6][0xd6][0xfb]n[0xe2][0x1]&lt;H[0xa6][0xea][0xe5][0xd7][0x96]s9[0xbb]h[0xe2]sx[0xc8][0xc4][0xe7]E[0xff][0xb][0xf8]bM[0xff]m5i[0xe2]J[0xac]Q[0x98][0x17]P[0x89]&amp;z[0x90]6[0xb1][0x9]}&amp;[0x1e][0xc6][0x97]L&lt;[0x82][0xc3][\n]&quot;
2013-02-06 13:51:56,735 AAD-WS DEBUG wire:63 - &gt;&gt; &quot;f[0xd2]r[0xad][0xfc][0xe8]A[0xee][0x91]N2[0xd8][0xa4][0xe5]%[0xb3][0xac][0xcd][0xa1][0xa4]l[0xf6][0xa8][0x89]m[0xd8][0xa2][0x0][0x13]GDe[0xb3],B[0xc9]$[0x91]K[0xd2][0xc9]\[0xa1][0xec]f[0x93][0xc3][0x96][0x97][0x19]J:nr[0xa6][0xa8][0x93][0x9d][0x9d]D4u[0xcc][0x18]c[0xf4][0x9d]&amp;[0x8e][0xe2]1[0x13]W[0x89][0x17][0x8f][0xe3][0x9][0x1d][0xc7]L&lt;[0x89][0xa7]L[0x1c][0xc7][0xd3][\n]&quot;
2013-02-06 13:51:56,736 AAD-WS DEBUG wire:63 - &gt;&gt; &quot;z[0xd6][0xce]Y[0xe5][0xbc]g[0xe2][0xcb]xF![0xb9][0xfb][0x1d][0x12]d[0xe2]+[0xc2]@[0x83][0xf8][0xd2][0x92]Nz[0xc5]Q[0x86][0x90][0x94][0xf3][0x98][0xf6]][0xd6][0xc4]8[0x9e]#[0x15][0xb3][0xfd][0xcc][0x15][0x8a][0xf2][0xfe][0xab]x^a[0xf1]yw[0x90]d[0xbd][0xa0]p[0xf1];[0x17][0xd3][0xac]&lt;n[0x1d][0xd8][0xc3]L[0x4][0x1f][0x91][0xe0][0xc2][0x8e][0xb8][0xf6][0x1][0xcf][0xaf][0x13][0x85][0xf9]&lt;[0xb4][0x1][0xa7]([0xc4]c-&apos;[0xba][0xaf]~[0x9f][0x9e][0xb6]sE[0x84][0x8f][0x94][0x9]_[0x13][0x0][0x97][0x6][0xc2][0xd6][0xc8][0x88][0xed][0xf2][0xc8]v[0x4][0x1d][0xc6]sDS[0xd5]I=[0xc3]+LI[0xd8][0xc6][0x86][0xac][0x12][0xd9][0xb1][0xfd][0xc0]J~[0xe3]bs[0xd3]J~[0x97][0xe1][0xa2][0x97][0xe8]Lad[0xb4][0xd7][0xf5][\n]&quot;
2013-02-06 13:51:56,736 AAD-WS DEBUG wire:63 - &gt;&gt; &quot;[0xf5]m[0xa7][0xe6][0x1a][0xc9]Y[0xd8][0xda]{[0x9e][0xfd][0xc2]y[0xdb][0x1d][0xf4][0x98][0x0][0xdd]q[0xb3][0xf6][0x1]iM[0x81][0xed][0x83][0x9b]i{[0xed]Q[0xba][0x91][0xa8][0x11][0xec][0x1f][0x8e][\r]ny[0xd8].ZR[0xb4][0xb4][0x16][0xf]|[0xc1]B[0x96][0x4]m[0xc8][0xdb][0xc3][0xb6][0xf4][0xa7][0xd9])[0x9a][0xa6][0xcc] _[0xa5][0x9d][0x8e]8[0x13][0xe8][0x2][0x83][0xf][0xdb][0xfb][0xca]V[0xbe]T[0x7][0xa8][0x5]K@K[0x95][0xb3][0xea]^[0xa5]:[0xfe][0x3]2V[0xc7]G[0xa3]_[0xe4][\n]&quot;
2013-02-06 13:51:56,736 AAD-WS DEBUG wire:63 - &gt;&gt; &quot;mA[0x9d][0xb6]7[0xb8]CK[0xf3][0x9d][0xe].[0xd0]3[0xa6]a[0xd3][0xff][0xaf][0xf1][0xf6]kKyCw[0xf3]Zk[0x84][0xdf][0xae] [0xed][0x85]][0xc1][0x9f]{[0xaa][0xf3]Z^[0x80][0xab][0xb1][0x8e][0xd7][0xdf]5|n[0xc0][0xfb]y[0x85]+[0xe9][0xb8][0x1c][0xd7]S[0xd2][0xc6][0x99][0xbd][0x9][0x91][0xf6][0x9][0xa8][0xf6][\n]&quot;
2013-02-06 13:51:56,737 AAD-WS DEBUG wire:63 - &gt;&gt; &quot;[0x1a]N[0xf8]w[0xe5][0x7]9[0xce][0x81]\[0x9c]7[0xcb]g[0x6][0xc][0xc]Pq[0x3]6V[0xd5][0x16][0xf8]J4[0xa8][0xbe]1[0x8d][0xf][0xfb][0xb2][0x9c][0xa6]I/[0xe7][0x93][0xcc][0xd7]U[0xf1][0xaf][0xd0][0xd1]0[0xe7][O&quot;[0xf4]C[0xe8][0xa9]3[0xd0]N[0x84][0xba][0xb5]q[0xe4]&amp;[0xa1][0xed]J[0xc5][0xb5][0xd5][0xb1][0xc6][0x9][0x84][0xd3][0x8d][0xe3][0xe8]M4V[0xa0]o&amp;[0xb0][0xa3][0x2][0xe3]eD[0xb6]t[0x9e]AL[0x96][0x2][0xab] [0xba]s[0x1c]+d9[0x89][0xa6]][0x13]0;+h[0x8e]Q[0xa5]y[0xea]us[0x5]s[0x4]$VZ[0x8e][0x9e]}qLSq-u[0xfa][0xf8][0xd9]#3[0x91]u[0xa3][0x99][0xe3][0x1d][0x88][0xe2]N~[0xbe][0x8c][0xe1][0x2][0xdc][0x85]$[0xee][0xc6]2[0xdc]CB[0xe][0xe1][\n]&quot;
2013-02-06 13:51:56,737 AAD-WS DEBUG wire:63 - &gt;&gt; &quot;^/kp/[0xfd][0x0][0xe][0xe5][0xfb][0x88][0xb9][0x85]W[0xc6]R[0xf4][0xe2][0xfa]jD[0xfb][0xc9][0x8e][0xf0][0xb3]n[0x12]s[0xe9][0xc6][0x5][0xa7][0x10][0x9b][0xc4]&lt;&gt;[0xcd]?[0x85][0xf8]I[0xc4]S)[0xf1][0xa2]=[0x15][0xaa][0xe0]B[0xe5][0x8b]b[0x15][0xbc][0xe7];[0x88]0[0xb2][0x18]#{/[0x85][0xb1][0x8e][0x19][0xf6]V[0x92]_[0xe0][0x9][0xfa]t[0xc][0xf3][0xf1][0x14][0x16][0xb3][0x87]/[0xc3][0xb3]X[0xc5][0x16]|[0x19][0x9e][0xa3]?[0xcf]3[0xa1]/[0x90]U[0xde]&gt;S&gt;4l[0xe2]*J[0x3][0x87][0xab]T[0xc4][0x12]B[0x83][0xf0][0xb1][0x80][0xc3][0xa2][\n]&quot;
2013-02-06 13:51:56,738 AAD-WS DEBUG wire:63 - &gt;&gt; &quot;[0x16][0x92][0x8c]ob[0xd1][0xa2][0xc6]g[0xc8]79K[0xcd]0[0x1a][0x8e]-[0xde]B[0xea].:[0x86]&gt;IA[0xe7][0x14][0xff][0xcc][0x88][0xd9][0x9e][0xd0][0x98][0x80][0x9],[0x91][0x99][0x14][0xfe][0xb3]f=Y[0xb3][0xbe][0x94][0x83]O[0xfb][0xc5][0xb3][0xb6]9[0x91][0x8a]-[0xab]`[0xf9]c[0xdc]K[0xa5][0xb5]Pw[0xe3]I[0xac][0xa8]`e:&lt;[0x8e][0xab][0x12][0xe1]oa[0x95][0x2]7O[0xeb][0xa9][0x84]^A[0xeb][0x11],O[0xe8][0xb1][0xb6][\n]&quot;
2013-02-06 13:51:56,738 AAD-WS DEBUG wire:77 - &gt;&gt; &quot;[0xda][0x8f]b[0x1][0x91]&quot;[0xa4]s[0xa9][0xb4]&amp;O[0x17]u[0xb3][0x14][0x9a]E[0xab]C[0xe1][0xe8][0xd9][0x1f]$[0xb4]3[0x98]G[0x94](L[0xa1]h?[0xd4][0xad][0x8f][0xe3][0xe1][0x9a]{[0x9d]5[0xf7].[0xe1][0x90][0xd0][0xe2]:[0xab][0xa1][0xab][0xce]E_[0x9c]Z[0x14]gq\[0x9a]6[0x12][0xc6][0xe9]c[0xd8]v[0x8e][0xfe]e[0xff][[0xbf]=E^B[0xdd][0x91]q[0xb4][0xb4]&apos;[0x8c]xd5[0x97]c[0x11][0x15][0x8f][0xd0][0xd4][0xf1][0xb3][0xff][0x18][0xc7][0x9c]1][0xc5][0xf5][0x84][0xc6][0xd5][0x9e][0x99][0x82]{[0x1a][0xad][0x1c]Oa[0x9]^[0xc4]rT[0xb0][0x2]/[0xe1]RL[0xb2][0xd0][0xbe][0xcd][0xd3]{[0x9a][0xe7][0xf3][0xbb],[0xac][0x97][0xf9]m[0xf0]=[0xf4]s[0xbe][0x9][0xdf]g[0xd9][0xbd][0xc2]r&lt;[0x83][0x87][0xf0]#[0x96][0xde]O[0xf8][0xbd][0xf1]S[0x1c][0xc6][0xcf]y[0xdd][0xff][0x82][0xf6]~[0x89][0xaf][0xe3]WD[0xff][0x1a]?[0xc3]o[0xf0][[0xfe]~G[0xf9]k[0x1c]_[0xc7][0xef][0xf1][0x6][0xfe][0x80]7[0xf1]*[0xde][0xc2][0x1f]U[0x1b]^SW[0xe2]O[0xea]j[0xfc]Y9[0xf8][0x8b]r[0xf1][0xba][0xf2][0xf0]Wu[0x1b][0xe7]C[0xf8][0x9b][0xba][0xf][0xaf]&quot;
2013-02-06 13:51:56,739 AAD-WS DEBUG wire:63 - &gt;&gt; &quot;[0xaa]G[0xf0]w[0xf6][0x6]~[0x99]T[0x8b][0xfb][0x1a][0x96]v[0x3][0xe7][0x85]R[0xc8]$[0xdc][0xe7]&gt;[0xc6][0xa7][0xd5][0xd3][0x95]=[0x13]\[0x8c]U[0x8][0xfc][0x8b][0x95][0xf8][0x6]O[0xd2][0xbf][0xd9][0x1b][0xde]d[0xf3][0xd9][0x8a][0xf]W[0x8d]-[0xe3][0xd9][0x97][0x93][0xd2]4[0x89][0xcb]w[0xb5][0xa7]:&amp;pE}[0xd3]x[0x8b][0xca][0xdb][0xa6]wO[0xf8]o[0xf9]b6L[0x19][0x1c]o[0xf0][0xdb][0xd8][0xf6][0xff][0x2]PK[0x7][0x8][0xf2][0xfc][0x8a]T[0xfb][0x6][0x0][0x0]F[\r][0x0][0x0]PK[0x3][0x4][0x14][0x0][0x8][0x0][0x8][0x0][0xd4]|D5[0x0][0x0][0x0][0x0][0x0][0x0][0x0][0x0][0x0][0x0][0x0][0x0]#[0x0][0x0][0x0]com/sun/java/help/search/Rule.class[0x8d]VkpSU[0x10][0xfe]ns[0xf3][0xe4][0x96]Gh[\n]&quot;
2013-02-06 13:51:56,739 AAD-WS DEBUG wire:63 - &gt;&gt; &quot;[0x81]V[0xc2][0xab][0xa4]ih[0x0]k[0xd5][0xf2][0x12]*H[0xa1][0x80][0x2][0xb6]By[0xf4]6[0xb9]m[0xd2]&amp;7[0xe1][0xe6][0x86][0xa7][0x88]&lt;T[0x10]T[0x1e]&gt;[0xa8][0xca]Kg[0xcc]0[0xa0][0x83][0xe]M[0x91]j[0xc5]q[0xc6]Q~[0xe0][0x8c][0x8e][0x8e][0x8e][0xf][0xc6]?[0xe][0xfd][0xe3]/[0xc7][0xba]{[0x93][0xd2]R[0x82][0xd2][0xce][0xdd]s[0xce][0xee][0x9e][0xdd]=[0xdf][0xee][0xd9][0x93]k[0xff]\[0xe9][0x85][0x9][0xd3][0xd1][0xe9]@[0x0]uvTb)[0x93]e[0xe][0x8c]D[0xbd][0x15][0xcb][0x1d]0c[0x85][0x15]+mx[0xdc][0x1]+[0x9e]`[0xb2][0xca][0x86][0xd5],_[0xc3][0xc2]&apos;[0x99][0xd3][0xc0][0xb3]F+[0x9e][0xe2][0xbd]ky[0xb1][0xce][0x86]&amp;^[0xac][0xe7][0x85]aw[0x83][0x15][0x1b][0x1d][0x18][0x83]:[0x1b]6[0xf1][0xd8]l[0x83][0xcc]c[0x8b][\r]A[0x1e]C[0xe]RRlhe[0xd3]m6[0x84]y[0x8c]0ig[0xd2][0xc1]$[0xca]:1[0xd6]Vy[0x19][0xb7]!a[0xc3]f[0x1b]4[0x7][0x92][0xd0][0xad]HY[0xb1]E[0x80]5![0xeb][0xba][0xa2][0xa9][0x2]F7[0xd5][0xb7][0xcb][[0xe4]@TV[0xdb][0x2][0xab]u-[0xa2][0xb6][0xcd]&amp;yG$[0x1a]US1[0x1]B[0x9d][0x0][0x87][0xb2]-![0xab][0xc9]H\M[\n]&quot;
2013-02-06 13:51:56,740 AAD-WS DEBUG wire:63 - &gt;&gt; &quot;0o[0x8d]k![0x1a][0x9d][0xd9]})=[0x12][\r]4(A=[0xae][0xd1]&gt;s,[0xae]%[0xc2][0x2][0xa6][0xd4][0x7][0xe3][0xb1]@2[0xa5][0x6][0xc][0xa5][0xb0][0x12]M[0x4][0x92][0x8a][0xac][0x5][0xc3][0x81][0xfa][0x88][0xae],g-R[0xb7][0x87][0x94][0x96]T[0xdb][0xe2][0xa8][0xdc]F[0x8e][0xd6][0x9]([0xac]%[0x17][0xba][0xac][0xea][\r]r4[0xa5][0x98]@[0x2],s&quot;jD[0x9f]&apos;`[0x99][0xf7][0xce]P[0xf3]p[0xee][0xc1]sy[0x83][0x0][0xb1]6[0x1e]R[0x4][0x8c][0xa8][0x8f][0xa8][0xca][0x8a]T[0xac]E[0xd1][0xd6][0xc8]-Q[0x85][0xcf] [0xeb]A:Cy[0x1e]wuu[0xe5]y[0xf1][0xb2][0xc5][0xe4][0xe]eq\#[0xc0][0xbc][0xf7][0x14]e[0x1d][0x87]`6[0x8e]/[0xc0][0x95]g[0xb][0xcb][0x1d][0xab][0xe3])-[0xa8],[0x8e]pX[0xf6]U[0xa9][0xa8]R[0xc9]z[0x12][0xe6]b[0xab][0x84]Y[0xb8]_[0xc2][0x83]xH[0xc2]6l[0x17]0rh:Xm[0x87][0x0][0xf7][0x0]?kzM[0xbc]CQ#;[0x14][0x8d]0[0xf0][0xd8][0x1d][0x85][0xac][0xb7]S[0xc2][0xd3][0xd8]EI[0xa8][0x90][0xf0][0xc]vKx[0x16]{$[0xec][0xc5]&gt;[0x9][0xfb][0x7][0x8c][0xf][0x8a]O[0xc2][0xc][0xcc][0x94][0xf0][0x1c][0x9e][0xa7]c[0xf8][0xb3]f[0xaa][0x98][0xf3][0x0][0xaa][0x5][0x14][0xf]U_[0x98]jme[0x87][0xe][0x8f][0xc7][0xa3]k[0xdb][0x89][0xe3][0x91][0xf0][0x2][0xe]p[0x8][0xb2]n[0xcc][0xf][0xd2][0x11]=[0xad]q[0xcd][0x13][0xf1][0xcc]%[0xc6][0x8b][0xd8]%a[0x11][0x16]SLe[0x12][0xe][0xe1]0M*%[0xbc][0x84][0x97]%[0xbc][0x82]#L[0x8e]J8[0x86][0xe3][0x12]j[0xf1]([0x1b]x[0x95][0x97][0xaf][0x11][0x9a][0x1e]*!Mg[0x1f][0x9a][0x12][0x8a][0xd7]x[0xb6]F[0xf4][0xb0]G[0x80][0xc9]SAT[0xf2][0xb4]j[0xf1][0x98]&apos;[0xa4]$[0x88]i[0xc5][0xeb][0x12][0xde][0xc0][0x9][0x1][0xa5]w[0xad][0x1a][0x86][0xfd]6[0x0]V[0xb6][0xb4][0x13][0xbe]d[0xcf][0xcb]9[0xb2]D[0x15][0xb5]M[0xf][0x1b]K[0xba]*[0xa2][0xd7][0xc8][0xec][0xb4]{*[0x2][0xd6][0xb4][0xab][0xca]6[0xdd]H[0x89][0x80]&quot;oy[0xbe][0xe2][0xb2]([0x9b]Sr49[0xa4]N[0xb2]a[0xcc].[0xa7]k[0xe3][0x90]C[0xa1]EQ%[0xa6][0xa8][0xfa]][0x94][0xc8]QaXNR[0xf5]+[0x86][0xaf][0xa4][0x11]/m[0x15][0x93]T[0x9]T[0xbf][0xc1]xb{[0x9d][0xaa][0xc7])w[0xde][0xa6][0xfc][0x6],r&quot;[0xa1][0xa8]![0x1][0xfe]|[0xe5]z[0x7]+[0x9b]r[\n]&quot;
2013-02-06 13:51:56,740 AAD-WS DEBUG wire:63 - &gt;&gt; &quot;&lt;Arw[0xa9]M[0x8f]g9[0xe4] [0x18][0x96][0xb5][0x5]z[0x16][0xc4]Z:[0x96][0x91][0xc7]dc[0x84][0xe1][0xcd]{G[0xe8][0x0][0xd6][0x88][0x1a]R[0xb6][0xad]l[0xa5]2[0xf4][0xd2][0xed][0xcc][0xa5][0x80][0x6]{2[0xd5][0x92][0xcc]Y.fQ&gt;h[0xc7]{k[0xff]#6W[0xbe][0xc8][0x89]?[0xe9][0xff][[0xc][0xf9]7Za#5K[0xf6][0x9f][0xb7][0x3]`&quot;[0xf5][0xea][0x0]59[0xb][\n]&quot;
2013-02-06 13:51:56,741 AAD-WS DEBUG wire:63 - &gt;&gt; &quot;[0xf8]&gt;[0xd1][0xac][0x80][0xaf][0xb5]1V[0xe5][0xd6]t[0xa1][0x8c][0x91]n:[0x8d][0xe3][0xf0]0j[0xa8])[0xce]6xs [0xd2]|.[0xe6][0x11][0x9d]O[0xbd]2Hk[0x1b]In[0xf8][0xba]![0xf8]L](0U[0x9b]}[0xd3][0xbb]`[0xaa][0xc8]@&lt;[0x85]h[0xf][0xcc]ky[0xda][\r]K[0x8d][0xa5][0x7][0xd6][0xb5][0x15]N[7[0xec]5[0xd6]4f[0xb8][0xcc][0x9d]([0xf4][0xad][0xbd][0x84][0x2][0xb1][0x99]v[0xba][0xad][0x19]8jD[0xb7][0xe8][0x1c][0x96][0x81][0xd4][0x9][0xbb]XmN[0xc3][0xe1][0xb6][0xb8][0xc5][0xc][\n]&quot;
2013-02-06 13:51:56,741 AAD-WS DEBUG wire:63 - &gt;&gt; &quot;Y:[0xfc][0xcd][0xbe][0xeb]&gt;[0xb7]%[0x83][0x11][0x9f]bd[0x17]F[0xb9]-[0xbe]K[0x18][0x95][0x81]3[0x8d]a&gt;S[0x96][0xe7]7[0xfc][0xd6][0xb1]_[0xff]`[0xbf]~[0xe7][0xe8][0x9c][0xdf]B[0xb2][0xc8][0xae][0x6][0x8c][0xfe]9[0xc8]h[0x91]a[0xb4][0xe8]6[0xa3]E[0x1f][0x1a][0xef][0xc2]#D5[0x94][0x10]]O[0xc7]^[0x5];6BB3F![0x84][0xb1]P0[0x15][0xad][0x4]a[0x1b][0x1][0x19]&amp;[0xd0][0xda][0xa9]MD[0xb1][0x14]1[0xac][0x81][0x8a]uH@&amp;Y[0x84][0x1e][0xc5][0x14]t[0xec][0xc1][0x16][0x1c][0xc4]v[0x1c][0xc1][0xe][0x9c][0xc4]N[0x9c][0xa3]vx[0x1][0xbb][0x90][0xa1][0xb1][0x17][0xbb]q[0x8d][0x1a][0xe2][0xf][0xd8][0x87][0xdf][0xa8][0xe3][0x9]X[0x80][0x85]9[0xc0][0xbf][0xca][0x2].T[0xf9][0xf8][0x84][0xdd]pu[0xa1]X[0xac][0x16][0x19]b1T[0x1a]&quot;[0xf0][0x9][0x91]^cjI[0xe3]r[0xf][0xc6][0x90][0xd2]X[0xa7];[0x83]q,qYf[0xd1][0xcc]9[0x9e][0x88][0xcb][0x9c]A[0x89][0xb3][0x94]gt[0xf8][0x92][0xc][0xee][0xbb][0x8c][0x9].[0xf3][0xdb][0xb0][0x9b][0xaa][0xc5]4[0xf6][0xe5][0xd4][0x9d][0x1e]#[0x19]e.[0xb3]x[0x16]E[0x15][0xbc]k&quot;Q1D[0xe3][0xe9][0x9c]n[0xe3]~K_[0x1a]K[0xfa]wL[0xca]`r&apos;Js[0xcb][0xec][0x16]J[0xe1][0x94][0xb7]0[0xd5]P[0x9c]p[0x9b]$[0x83][0xa9][0xfd]&gt;G[0x90]x[0xbf][0xb9][0xcf]e)x[0xb7]o[0x89]K[0xec]DU[0x85]QG[0xa4]_@[0xfe][0xca]j[0xac]&amp;&gt;U[0x91][0xcf]m[0xe5][0x1c][0x91][0x89][0x92]nL[0xdb]o[0x11]\F[0xce]z[0xcf][0xf6][0xdd][0xa4][0xb1]8[0x9b][0xca][0x1a][0xd6])[0xe6][0xc];}B[0x17][0xcf].[0xde][0xca][0xe2]^x[0x88][0x1e][0xc2]0[0x1c][0xc6]p[0xca][0xc1]X[0x1c][0xc5]dj[0xe6]e8[0x8e][0x6][0xea][0xcf]M8A[0xb9][0xed][0xa4][0x8c][0x9d][0xa4][0xbc][0x9d][0xa2]^[0x9a][0xde][0x87]3[0xf4][0x18][0xbc]C[0x1a][0xef][0x11]MS[0xa6][0xce][0xe1][0x13][0x9c][0xc7]7x[0x1f][0xdf][0xe2][0x3]|[0x8f][0x8b][0xf8][0x11][0x1f][0xe1]g[0xb2][0xf3];[0xba][0xf1][0x7]&gt;[0xc6]_[0xb8][0x82][0xbf][0xd1]#8pE[0x18][0x83]^a2&gt;[0x13][0xfc][0xb8]*[0xcc][0xc4][0xe7]t[0x99][0xe8][0x19][0xc9]eu&quot;[0xfd] [0x13])[0xa2]_[0xfd]&amp;B[0xe4]&lt;[0xff][0xc][0xa1]*[0x0][0xf8][0x7]I[0x19]}[0x95][0xf4][0xf9][0xe8]k[0xa2]o[0x13]}[0x93][0xf9]h[0x84]La[0x1a][0x17]x[0x9a]K3q[0xc6]UdK[0xc1][0x0][0xd6][0xeb]&apos;[0xd8][0xcb][0x89]I[0xc9]5[0x94]w[0xf7][0xd7][0x83][0x8f]5[0xb9][0x12][0x98][0xf8]y[0xc2][0xa4][0xf4]V[0x1d][0xf0][0xc6][0x89]#7[0x9d][0xc1](2o[0xaa]([0x15][0x9b]3[0x98][0x9e][0xc6]|^[\r]r6[0xc8]~[0xbf]J[0xc9][0x90]x[0xfc][0xb7][0xdc][0xf]\[0xa2]Ytm[0x80]/[0xe1][0xc5][0xd7][0xd4][0x85][0xae]Q[0xff][0xb9][0x8e][\r][0x4]d3[0xbe][0xc3][0x1][0x2][0xf2][0x18][0x95][0xfe][0x19][0x2][0xf3]*~[0xc2][0x17][0xf8][0x85][0xfe]o[0xc0][0xc1]os[0x16].[0xb8][\r]K[0xf4][\r][0x98][0xb4][0x18][0x8c][0x9b]D[0x1f]3[0x1a][0xd5][0x92][0x1]PK[0x7][0x8][0xca][0x1f]u[0xc6]^[0x6][0x0][0x0]F[0xb][0x0][0x0]PK[0x3][0x4][0x14][0x0][0x8][0x0][0x8][0x0][0xd4]|D5[0x0][0x0][0x0][0x0][0x0][0x0][0x0][0x0][0x0][0x0][0x0][0x0]1[0x0][0x0][0x0]com/sun/java/help/search/DefaultSearchQuery.class[0x95]Tms[0x13]U[0x14]~n[0x92]f[0x93][0xed][0xd2][0x97][0x14][0x8][0x5]y[0xb1][0xa0][0xa4]I[0xdb][0x5][0xf1][0x95][0xd4]j)[0x8d]&quot;)Z[0x12][0xaa]EE[0xb6][0xe9]6Y[0xd9]l[0xe2]f[0xb7][0xe2]7[0xff][0x86][0xbf][0xc0]/|a[0x6]Z[0xc7][0xce][0x0]~r[0xc6][0x1f][0xe5][0xf8][0xdc][0xbb]1i[0x90][0xce][0xd4][0x9d][0xd9]sw[0xcf]9[0xf7]y[0xce]9[0xf7][0x9c][0xfb][0xd7][0xdf][0xbf]?C[0x1c][0xb3][0xb8][0xaf][0xe3][0x14][0xde]I[0xe3]$[0xde][0xd5][0xf0][0x9e]\[0xdf]O[0xe1][0x3][0x9d][0xeb]U)[0x8a][0x1a][0xe6]u[0xa4][0xf0][0xa1]t[[0xd0][0xf0]Q[\n]&quot;
2013-02-06 13:51:56,742 AAD-WS DEBUG wire:63 - &gt;&gt; &quot;[0x1f][0xeb][0x18][0xc6][0xa2][0x14][0xd7]RX[0x92][0xeb]u[0x9d]P[0xcb]iz[0x94][0xa4][0xf8]D[0xc7][0xa7][0xb8][0xa1][0xe1]3[0x1d]7Q[0xd6][0xb0][0xa2]#[0x1b][0x1][0xdc][0xd2][0xf0][0xb9][0x86]/4[0xac][\n]&quot;
2013-02-06 13:51:56,743 AAD-WS DEBUG wire:63 - &gt;&gt; &quot;$[0x83][0x86]o[[0x9b][0x2][0x99][0xf2][0xf7][0xd6][0xb6]e[0xba][0x96]W7[0xab]JW[0x14][0x88]o6:[0x2]s[0xe5]Z[0xab]ivB[0xcf]T.[\r][0xdb]m[0x9b][0x1d][0xdb][0xf2]k[\r][0xf3][0xba][0xbd]e[0x85]nPQ[0xcb]^[0xdd][0xf1]lnKo[0xda][0x1b]a[0xbd][0xe4]Zu[0x1]qW[0xe0][0xc8]R[0xcb][0xeb][0x4][0x96][0x17][0xac]Ynh[0xc7][0xc1][0x87][0xcc][0xf3][0x8e][0xe7][0x4][0xb][0x2][0xe7]s[0x8a][0xfa][0xe1][0x0][0xf0][0x0][0xe2][0xf4][0x9a]@b[0xa9][0xb5]i[0xb][0x8c][0x96][0xa9][0xb8][0x15]67l[0xbf]jm[0xb8][0xd4][0xc][0x11][0xd9][0xf][0x4].[0xe6][0xf6]eP[0x9]|[0xc7][0xab][0x17]#M[0x18]8[0xae]Yn[0xd5],7[0x82][0xd2][0x97][0x1f][0xd6][0xec]v[0xe0]0([0xe2]v[0x82]V[0x9b][0x99][0xe6][0xa4]%[0xe5]t[0x16]k[0x81][0xb3]m+[0x5]#[0x8f][0xfb][0xa1]G[\n]&quot;
2013-02-06 13:51:56,743 AAD-WS DEBUG wire:63 - &gt;&gt; &quot;[0x95][0x8f][0xc0][0xb1]WP([0xc0]J+[0xf4]kv[0xc9][0x91][0xf1]d[0x7]j[0xb2][0x1a][0xda][0xfe]Osr[0x97][0x81]7[0xf0][0xa6][0x81][0xd3]8#0[0xf3][\n]&quot;
2013-02-06 13:51:56,743 AAD-WS DEBUG wire:63 - &gt;&gt; &quot;j[0xe0],[0xce]1[0xf3][0x8a][0xcc][0x93][0x94][0xe7]&quot;[0xa3][0x81][0xcb]x[0xcb][0xc0][0x1c]L[0x81][0xb3][0xfd][0xb0]n[0xb8][0xae]][0xb7]\:[0x7]v/O[0xc9]=k`[0x1a]y[0x81][0xb1][0x97][0xcf]Y`XE[0x19][0xfd]I[0xd7][0xdb][0xd2]u[0x96][0xfa][\n]&quot;
2013-02-06 13:51:56,744 AAD-WS DEBUG wire:63 - &gt;&gt; &quot;k[0xd3][0xa3][0xab][0xc0]4P[0xc5][0x1d][0x3]k[0xf8][0xd2][0xc0]WX[0xd7]p[0xd7][0xc0][0xd7][0xf8]F`[0xa2][0xf][0xda]#[0xd5][0xf0][0xad][0x81]{[0x12]g[0xea]?[0xe1]-[0xfa][0xf5][0xb0]i{[0xc1][0xbe][0x8][0xbf][0x93][0x9e][0x85][0xc3][0x15]F[0xc5]+p[0xfa][0xa0][0xbe][0xe9][0xda]3}[0xde][0xdb][0xa1][0xe7]E[0xfd]2[0xbd][0xff][0x10][0xff]U[0x17]_}[0xb0][0x1a][0xfb][0xc1]U[0xed]0R[0xb7][0x3][0x85][0x1a][0x9d][0x89]@.7}[0xf0]X[0xec][0xf3][0xe4]8[0x18][0x91][0xb6]m[0xf9]V[0xb3]38i].[0x8e][0x89][0xdb]3[0xec]oW[0x81][0xb][0x87]!!G[0xdb]o[0xd5][0xec]N[0xa7][0x9b]y[0xe9]P[0xc3]p[0xe0][0xdc])[0x14]U[0x81][0x89][0x81]ni[0xfd][0x18][0xd5]p[0xb4]M[0xc4][0x80]=V{P[0xf5][0xad][0x1a]5[0x99]-[0xc7][0xb7][0xa3][0xcd]%[0xce]u[0xa7]ao[0xe2]u[0xde]\[0xa7]8[0xe9][0xaf][0xf1]^[0x8a][0xc9][0xc6][0xe7][0xdc][0xc7]d3s=I[0xeb][0x14]m[0xe7][0x95][0xee][0x2][0x92][0xfc][0xe6]|P^[0xa4][0xe6][0x1a]u1[0xe9][0x95]/[0xec]B[0xe4][0xc5]S[0xc4][\n]&quot;
2013-02-06 13:51:56,744 AAD-WS DEBUG wire:63 - &gt;&gt; &quot; [0xfe][0xb][0x86][0xf3][0x85][0x17][0x88]?E[0xe2][0xb1][0xba]Cr[0x94][0xc7]1Dy[0x95][0xf2][\n]&quot;
2013-02-06 13:51:56,745 AAD-WS DEBUG wire:63 - &gt;&gt; &quot;t[0x14]1[0x8e]yLb[0x81]V[0xb6];Q$[0xde]}Z[0xe5][0xb5]s)3[0xf4][0x1b][0x92][0xf9][0x1d]h[0x84][0xda]Cj}[0x17][0xe9][0xe7][0xf9][0xc2][0xcc].[0xf4][0xfc][0x1e][0x86][0xd7][0xf3][0x19]c[0x17]G[0xc8][0x96][0x82][0xd8][0xe]F[0xfa],g[0xa0]Q[0xde]$N[0x19][0x6]Vp[0x14][0xab][0xcc][0xa1]J[0xdb][0x1d][0x98][0x1c][0x88][0x2][0xad]I[0xb2]eyKs[0xbe]y[0xa5]G[0xcc]2G!m[0x99]Q2[0xf7][0xf1]t[0x95][0xdf]=[0xe2][0xd5]^[0xda][0xcb][0x81][0xee]V[0xe1]rw[0xef][0xb8][0x8c][0xe6]O[0xc][0xc5][0x1f]Ea[0x8d]=[0xea][0xc1][0x8c][0xa8][0xb4][0xb6][0x18]\[0x1d]i8[0xd4]^[0xea]Q?@BYM[0xee]J[0xec]`[0xbc]\[0xe0]G[0x86][0xef][0x4][0xb]p[0xf4]W[0x8c][0xad][0xcc][0xec][0xe0][0xf8][0x1e][0xb2][0xac][0xc2][0x89][0xe7][0xd4]M[0xaa]B?&amp;H[\n]&quot;
2013-02-06 13:51:56,745 AAD-WS DEBUG wire:63 - &gt;&gt; &quot;[0xc7]p[0x82]oD2[0xc5][0xa0]I[0xd9][0xa2][0xae]M[0xcb][0xf]&lt;M[0x9f][0xe7][0x15][0xb0][0xc6]!#[0xde]V9$[0xe8][0x9f]ef[0xbc][0x97][0xba][0x19]L[0xaa]@[0xf9][0xf6][0x13]O*[0xc5][0xcf][0x94]W[0xd4][0xd1][0xbf][0xfd][0xf]PK[0x7][0x8]A[*[0xd5][0xad][0x3][0x0][0x0][0x4][0x7][0x0][0x0]PK[0x3][0x4][0x14][0x0][0x8][0x0][0x8][0x0][0xd4]|D5[0x0][0x0][0x0][0x0][0x0][0x0][0x0][0x0][0x0][0x0][0x0][0x0]%[0x0][0x0][0x0]com/sun/java/help/search/Search.class[0x9d]Y[0xb]|[0x94][0xd5][0x95][0xff][0x9f][0xcc]7[0x99]d[0xf2][0x1][0xe1]1@HB@^a[0x2][0x4][0x82]D[0xde][0xcf][0x4][0x88][0x86][0xf0]H[0x0]C[0xd4]d[0x98]|[0x9][0x3][0xc9]L[0x98][0x99][0xf0][0xd2]eQ[0xb3].}w[0xfb][0xb0][0x85]u[0xad][0xa0]4[0x15][0xf1][0x85]f[0xd2][0x82][0x8f][0xad][0xb6][0xd0][0xf5][0xd1][0xba][0xdd][0xd5]-[0xed][0xea][0xba][0xad][0xb5][0xab]u[0x1f][0xb6][0xb5]u[0xb7][0xd5][0xf4][0xbe]o[0x92]I[0x14]0l~[0xbf]9[0xf7][0xde]s[0xef]=[0xf7][0xbc][0xcf][0xf9]~y[0xee][0xc3]3O[0xc1][0x85][0x99][0x12][0xf7]&quot;[0x86][0xc7]&lt;x[0xdc][0x8b]4&lt;[0x96][0x89]([0xba][0x14]$[0x14]t+[0xf8][0xb6][0x7][0xdf][0xf1]&quot;[0xc3][0xd9];[0xa3][0xe0][0xac][0x82]&apos;&lt;x[0xd2][0x8b]![0xe][0xfa])[0xf][0x9e][0xf6]&quot;[0xdb]Y[0xfc][0xbd][0x82][0xef]*xF[0xc1][0xb3][\n]&quot;
2013-02-06 13:51:56,745 AAD-WS DEBUG wire:63 - &gt;&gt; &quot;[0xbe][0xa7][0xe0][0xfb][\n]&quot;
2013-02-06 13:51:56,746 AAD-WS DEBUG wire:63 - &gt;&gt; &quot;[0xce])8[0xef][0xc1][0xf]t[0xfc][0x7][0x5][0xcf])x[0xde][0x83][0x17]t|[0xd1][0x8b]q[0xf8][0xa1][0x17]?[0xc2]K^[0xfc]#~[0xac][0xcb][0xf2]b&lt;[0xfe][0xd9][0xcb][0xdd][0x97]u[0xf6][0x8a][0x82]Q[0xf0][0x13]e[0xe0][0x82][0x7]?[0xf5][0xc2][0x8f][0x9f])[0xf8]W[0x5][0xaf][0xea][0xde]kJ[0xe3][0xdf]t[0xf6][0xba][0x9e][0xfa]w[0xf]~[0xee][0xc5]/[0xf0][0x86].~[0xa9][0xb4][0xde]T[0xf0]+[0xa5][0xff][0x1f][0x1e][0xbc][0xa5][0x8b][0xb7]U[0xcc]_+xG[0x95][0xf1][0x9f][\n]&quot;
2013-02-06 13:51:56,746 AAD-WS DEBUG wire:63 - &gt;&gt; &quot;[0xfe]+[0x93]\[0xfc][0xb7][0xde][0xfc][0x9f]L[0xcc][0xc7][0xbb][0xca][0xe3]o[0xbc][0x9c][0xfd]V[0xcf]]Pj[0xbf]S[0xdc]{[0x1e][0xfc][0xde][0x8b][0xd5]x,[0x3][0xd0][0xf1]}[0x5][0xff][0x9b][0x81][0xff][0xd3][0xf1][0x8f]^[0x94][0xe0]OJ[0xe9][0x83][0xc]|[0xe8]E[0x8f][0x80][0xef][0x8a]Pe[0x92][0xc6]W[0xc4][0xa5][0xc0] [0x1d]q[0x93][0xac][0xa4][0x93]w[0xf1](.C[0x8f]dz[0xc4][0xeb][0xc5]6[0xc9][0xf2][0x8a])C[0x14]3Tg[0xc3][0x14][0x97][0xad][0xcb][0xe1][0x19]2B[0x9][0x8e]Tv^U[0xf0][0x9a][0xa2]Gq&amp;&gt;[0x5][0xa3][0xa9][0x7][0x19][0xa3][0xb3][0xb1][\n]&quot;
2013-02-06 13:51:56,746 AAD-WS DEBUG wire:63 - &gt;&gt; &quot;r[0xf4][0xf0]8[0x8a],[0xb9][\n]&quot;
2013-02-06 13:51:56,747 AAD-WS DEBUG wire:63 - &gt;&gt; &quot;[0xf2][0x14][0xe4][0xeb]s[0xe3][0xf5]\[0x81].&apos;xd[0xa2]G[0xae][0x12][0xc][0xa9][0x8][0x87][0xe2]U[0xab]&quot;[0xe1][0xa0][0xd5][0x16][0x8f][0x9][0xa4][0x82]8.c[0xf1]@8[0xbe]%[0xd0][0xd2]n[0xb9][0x0][0x1c][0x12][0x18][0xf5]Vx[0x8f]`Fe0[0xd2]Z[0x1c]k[0xf][0x17][0xef][0xc][0xec][0x9][0x14][0xef][0xb0]Z[0xda][0x8a]cV [0x1a][0xdc]Q\m[0xf][0xe5][0xe1]=[0xa1]h$[0xdc]j[0x85][0xe3][0x8b][0xf4]Vk`[0x1f][0xd5]Q[0x1f]N=[0x91]Y[0x1f][0xde][0xd8]nEC[0x16][0xe7][0xc3][0xea][0x9b]B[0xd1]X|[0x8d][0x15][0xb6][0xa2][0x81]x$*[0x98]}[0xe9][0x7][0x92]$[0xd6]D#[0xed]m}7[0x16])[0xc1]`[0x1f][0xf1][0xb4]:[\n]&quot;
2013-02-06 13:51:56,747 AAD-WS DEBUG wire:63 - &gt;&gt; &quot;[0x90]^[0xdf][0x14][0xb5][0xac][0x12][0x9d][0xc4]B[0x7]t2[0xb4][0x9e][0x2]E[0xe3][0xa1]psE[0xb8][0xd1][0xda][0xa7];-[0xa1][0xd6]P\&apos;[0xbb][0xc9][0xcc]~[0xc1][0xc4][0xba]K[0xbf][0xac][0xfc][0xee][0xe7]Kf[0xef]Ke[0x81]x@0[0xed]2WV[0xa5][0xe][0xf2]bF}[0xb3][0x15]^k[0x5][0xda][0x4][0x85][0x97][0xbe][0xd3]&apos;[0x94][0x9e][0xb4][0x5]k[0x8c][0x4][0xdb]U[0x95][0x2]w}[0xa3][0xfd]fZ[0xdd]J]l[0xf][0xc4],U_[0xd8][0xda][0x17]/[0x8b][0x4][0xd7][0xf4]R/[0xbe]4[0xf5][0xaa][0xbe][0xa3][0x3][0x1e][0xf1][0xd4][0xef][0xaa][0x9]lo![0xb5]i[0x97][0xbe][[0x11][0x8e][[0xcd]VtE4[0x1a][0xd8]o[0x8b][0x13]ij[0x8a]Y[0xaa]pS-[0x9c]2[0xae][0xa9],[0xa7][0x96]Y[0x8e]v[0xd7][0x5]b[0xbb]bj[0x5][0x9e]][0x1b][0x8a][0xc7]j&quot;[0xd5];&quot;{[0xa9][0xfc][0xc5]![0xba][0xdf]RZ[0xfd]2Z[0xf9][0xb8]_UL[0xdf]B[0xd7]Z[0x15]iT[0x15]T[0x86][0xc2]VU{[0xeb]v+[0x9a][0x14][0xc3][0x13]hl[0xac][0xb1][0xa2][0xad][0x9c][0x15]VT[0x94][0xd9][0x87][0xb3]l[0xf3];[0x94][0x4]W[0x15]V[0xea]+[0xfb].[0xf2][0x8c]ci[0xbd]2[0xd4][0xc1][0x97][0xf5]Y[0xc0]U[0xa8]hOH[0x1d]h}[0x13][0x19]([0xac][0x98]Ng[0xf3][0x96][0xef]SaC[0x8c][0x19][0x8a][0xdf][0x16][\r][0x85][0xe3][0x9b][0xac]X{[0x8b][0x8a][0xaf]GxgHk`[0x97][0xd5][0xcf][0xc7][0xe7][0x12]}[0xe5]n&gt;&lt;[0xd2]f[0x85]{[0xd9]I[0xba][0xb1]&gt;[0xb0][0x8d][0xcf]&amp;[0xdd] [0xc9][0xe9][0xf4][0xc2][0xcb]8[0xe6][0xa6]H[0x8b][0xb5]:[0xd4][0xd2]bE[0x17])[0xfb][0x99]m[0x1a][0x17][0xca]&gt;[0xdd][0x8a][0xfa][0xb2]q[0xbb][0xdb]C[0xc1]][0xb1]H4[0x9e][0xc4]Q[0x6]ou[0xa4]=[0x1a][0xd4][0x9b]Tq[0x96][0xa3][0xac]YJ[0xdc][0xc4][0xd7]qL0[0xeb][0xca][0xe4]1[0xf1][0x17]8h[0xe2]/q[0xc8][0xc4][0xed]h7[0xd1][0x81]v[0xc1][0xd4][0xc1][0x85][0x86][0x89]O[0xe1][0xd3]&amp;&gt;[0x8b][0xcf][0x99][0xf8][0xbc][0xde][0x9b]yENo[0xe2][0xb][0xf8][0xa2]`[0xca][0xa0][0xbc][0xdd][0xc4][0xdf][0xe0]K&amp;[0xbe][0xac][0xe0]+[\n]&quot;
2013-02-06 13:51:56,747 AAD-WS DEBUG wire:77 - &gt;&gt; &quot;[0xbe][0xaa][0xe0]N[0x5]_S[0xbe][0xf7][0x81]GnQ&amp;[0xc6]_&gt;}[0x98][0xf8]+[0xdc]a[0xe2]6[0xbd]t[0xab][0x9e][0x9f]&lt;[0x98][0xdc]a[0xe2][0xaf]q[0x98]*[0x96]I[0x1e][0x99]l[0xca][0x14][0x9c][0xf4][0xc8]TS[0xa6]I[0xa1])[0xd3][0xc5][0xaf];E&amp;[0x1e][0xc6]#[0xa6][0xcc][0x90][0x99][0xa6][0xcc]RP,[0xb3]M[0x99][0xa3]V[0x99]&gt;h[0xc5]([0xa5][0x12]S[0xe6][0x92][0xa6]\[0xad]`[0x9e][0x82]R[0xdc]k[0xca]5[0xf8][0xa6])[0xf3]e[0x81]`[0xa4]M[0xa6]%[0x10]n.[0xee][0xf3]z[0x8f],4e[0x11][0x8e][0x99][0xb2][0x98][0x0][0xf7](8[0xa1]7[0x96][0x8][0x3]{[0xd2] [0xfc][0xd0][0xc4][0x3]8[0xc5][0xeb][0xb2]&quot;
2013-02-06 13:51:56,748 AAD-WS DEBUG wire:63 - &gt;&gt; &quot;[0xcc][0x94][0xe5][0xe]Xa[0xca]JYeJ[0x99][0x94][0x93][0xb8][0xac]6e[0x8d][0xac]5[0xf1][0x19]*[0x8f][0x15][0xea]ZS[0xae][0xe3][0x11][0xdc][0xac]j[0x1c][0x9d][0xe2][0xa9]:[0xce][0xe8]k^[0xd9][0xde][0xd4]d1[0xca]2[0x92][0x91]:[0xc1][0x94]JY[0xa7][0xa0][0x8a]n&lt;![0x1c][0x89]Oh[0x8a][0xb4][0x87][0x1b]MY/[0x1b]T[0xec][0x8d][0xa6]l[0x92]rf#;W[0xb1]4V[0x9b]R[0xa3][0xd8][0xcd]*[0xc6][0x16][0xaa][0x80][0x87][0xb6][0x9a]r[0xbd][0xd4][0x9a]8[0xa0],[0xcc][0x97]m[0xa6][0xd4][0xc9][\r][0xa6][0xdc][0xa8][0x1b]7]&gt;[0x0]V[0xee][0x8f][[0xb6]/[0x95]Y&lt;[0xd3][0x16][0xb5]b1G[0xdf][0xf5][0x1e]i0% [0xdb]M[0x9][0xaa][0xb6][0x1b]uf[0xe9][0xac]I[0xfc][0x82]&lt;[0x9a][0x88][0xf1][0x1c][0xb3]Y[0xde]o[0xc5]&apos;[0x84]Z[0xdb]Z,[\r]q[0xab][0xd1]kJ[0xb3][0xea]|[0x87][0xb2][0x18][0xd2]+;e[0x97])-[0xd2]jJX7&quot;8iJ[0x9b]j[0xe9]~[0xce][0xd0][0x89]o[0x99]8[0xae][0xd6][0xdc]-QSbt[0x13]&lt;[0x88][0x87][0x4][0x5][0x9f][0x90]w[0x5][0xd9])[0x5][0xaf][0xdf][0xbe][0xd3][\n]&quot;
2013-02-06 13:51:56,748 AAD-WS DEBUG wire:63 - &gt;&gt; &quot;2)[0x94]\Y[0xba][0xae]+[0xd3][0xc][0xe2][0x1f][0xfc][0x15]f[0xb4]H0[0xd8][0x1e][0x8d]U[0x84]k[0xa8][0x84][0x1]&lt;T[0xef][0x8f][0xc5]-&amp;[0xf7][0xcc][0x80][0xaa]4[0x18]ic[0xed][0xf6];[0x9][0xbd]?[0x93][0x8b]*.[0x82]rjA[0xb3][0xa5][0x1d]OK{[0xab]flfuf[0xbc][0xc][0xbb]R[0xd8][0xdb][0x99][0xc1][0xe8][0xee][0xf2][0xdd][0xed][0x81][0x96][0x98]&amp;[0xd2][0xc1][0x15]x[0xcd][0xc1][0x9e]`[0xef]--@[0x95][0x81]X[0xfc][\n]&quot;
2013-02-06 13:51:56,749 AAD-WS DEBUG wire:63 - &gt;&gt; &quot;[0xee][0xf3]]7[0xfd][0xc2][0xe2][0x9d][0xcd][0x83][0xbc]s%[0x16][0xb0][0xe9][0xdb][0x9d][0x96]#~[0xaa]Tx[0xb9]JR[0xa5][0x96]S[0x8b]J+[0xdc][0x1c]W[0xe3][0xc7]&gt;[0x86]2)^[0xbf]b6[0xeb]2[0xfc]~4[0xc9][0xd8][0x8c][0xf4]K&quot;5;[0xa2][0x91][0xbd]N[0xd5][0x1e]fW[0xce][0xea]x [0xb8][0xab]&amp;[0x1a][0x8][0x12][0xe3][0xb6]k6[\r][0xa2][0xd5][0xb3]|[0x8f][0xcd][0xee][0xa4][0xc2][0x8a]A[0x94][0xee]A[0xd7]?[0x9a][0xcd][0x8][0xdb][0xe]F7[0xe0]bX[0xb3][0xc3]i[0xf2]@[0xec][\n]&quot;
2013-02-06 13:51:56,749 AAD-WS DEBUG wire:63 - &gt;&gt; &quot;H[0xf1]Y[0x97][0x15][0xa5]&gt;|[0x8e][0xdf][0x85]&quot;[0xc5][0x1b][0x1c][0x89][0xa2]V[0xa0][0x95][0xe5]{l[0xe1]E7[0xec]V[0xa6][0xba]f[0xfd][0x6][0x16][0xa4]A[0xbd]D[0x85][0xc4][0x82][0x91][0xa8]U[0x19]RkN[0xbe][0x8c][0xf6][0x1d][0x85]8[0xd5];[0x14][0xab][0x8a][0x84][0xcb][[0xdb][0xe2][0x8c][0x96][0xf4]@[0x1b];[0x89]F6[0xf3][0xfd][0xc3][0xc6]I[0x9e][0x8b][0xa6][0xc][0xe5][0xe4]S[0xbe][0x9b][0xab]m[0xcb]%w3[0xe2][0x11][0x7]#[0x18]U[0xf8][0xf1]s&lt;[0xe1][0xbb][0xd8]s[0xaa][0xb7]H{[0xbc][0xd7]-[0x6]j[0x87][0xb1]d[0xbb]EKX[0x1b][0x15][0x9d]i[0xf7][0xc8]&amp;8[0x10][0xd7][0xee][0xae]n[0xa5][0x13][0xb2]C[0x1b][0x99]X[0x1b][0xad]T[0xdb][0xa9][0x8d]_[0x9d][0xdd][0xca][0xcc][0xfd][0xe4]h[0xfa]H[0xa3][0xa5][0x4]M[0x6][0xc2][0x86]H,[0x94][0xec][0xea][0xd8][0x3]M[0xd7][0xb6][0xdb][0xd0]n[0x95][0xcb]`[0xb][0x9]P[0x8f][0xca][0x80][0x1e][0xbf]t&apos;[0xd1]?[0xe3][0xf3][0x82][0xc3][0xa7][0xa0][0x88]n&lt;[0xb8]^[0xdb]n9[0xdb]&quot;mN&gt;[0xc9][0xc][0xc4][0x82]eI[0x1a][0x99][0xdb]YVb[0x9b][0xac][0x0][\r][0x99][0x15][0xc]D[0x1b]C[0xe1]@KH[0xed];[0xca][0xce]$[0xab]#[0xd1][0xaa][0x1]][0xa1][0x8b]q[0xeb][0x88][0xb6][0xb1][0xb7]&apos;[0xa7][0xd5][0xb8][0xd4]f[0x99]R[0x16][0x16]~rS[0x9a][0xfc][0x9c]qG[0xdb][0xc3]+[0xf7][0xab][0xf7]}[0xe2]G[0x93][0xed][0xdf][0xcc][0xd8][0xfc]6[0xf1][0x6][0xfa]qc[0xec][0x89][0xc4])EF[0xb2]Y[0x8f]i[0x12][0xbf][0x8c]R&gt;[0x9a]-[0xb3]T[0xaf][0x81][0xa8][0xb5]5[0x14][0xdf][0x81][0x9][0xfc]B[0x8f][0xf1]3u,[0xbf][0xf6][0xe3]h[0x87]`[0xf]Wi[0xd8][0xcb][0x1f][0xfb]3{[0xce][0xba]m[0x8f]7&apos;[0xc7][[0x92]#[0xdb]P{d&apos;j[0x8f][0xb7]&amp;[0xf1][0xb7]%[0xc7][0xdb][0x93]cGrd[0x13]g[0x8f]l[0xcb][0xec][0x91][0x9d][0xa8]=~&amp;[0xb9][0xcf][0xa6][0xd4][0x1e]?[0x9f]\[0xb3][0xd5][0xb4]Gv[0x91][0xf6][0xf8][0xe5][0xe4][0xf8][0x95][0xe4][0xf8][0xd5][0xe4]xgr[0xfc][0x9a]}/[0x8b]2|[0x1d]G[0x8][0x8f][0x2]R[0x4][0xf][0xf4]3[0xfc][0xac][0xbf][0x1b][0xe2]?[0x8b][0xb4][0xda]n[0xb8][0xba]`[0xf8][0xb3][0xb3][0x9f][0xf0]v[0xc1][0xed][0xe7]&quot;][0x81][0x87][0x9b][0x19][0xdc][0xcc][0xec][0x82][0xd7]/][0xc8]R[0xa4]I[0xe4][0x10]&quot;[0x87]va[0x18][0xa7][0xd9][0x9c][0xe][0xef][0xc2][0x88][0xd4]tdj:*5[0xf5][0xa5][0xa6][0xa3][0xfd][0xd9][0x8d]][0x18][0xe3]/[0xea][0xc2]X[0xbf][0xd1][0x85][0x1c][0xbf][0xff]q[0xe4]&lt;[0x89]q][0xc8][0xf5][0xf][0xc7][0xa1].[0xe4][0xe9]C[0xf9][0x8a][0xce]{[0x12][0xe3][0xbb]P[0xc0]Y[0xae][0xeb],[0xc6][0xd5][0x16][0xe5]I7&amp;T?J[0xf6][0x5]Kx[0x13][0xc6][0x10][0xfa]a`[0x14][0x86][0xc1][0xc7][0xd5]X[0xe4]![0x7][0x13][0x9]g`&lt;[0xe6][0xa0][0x0][0xa5]4[0xe9][\n]&quot;
2013-02-06 13:51:56,749 AAD-WS DEBUG wire:63 - &gt;&gt; &quot;b*q[0x15][0xb6]b[0x12][0xb6]c[\n]&quot;
2013-02-06 13:51:56,750 AAD-WS DEBUG wire:63 - &gt;&gt; &quot;Z1[0x95][0xc6][0x9c]Fs[0x15][0xd1](3[0xa8][0xfe][0x99]Tf1[0x15]4[0x1b][0xdf][0xe0][0xad][0x93][0x98][0x8b]3X[0xc0]W[0xee][0xc2][0xdf]9[0x8a][0xa3]J[0xb3][0xa8]:`;[0xd9][0x19][0x9b][0x97][0xc0][0xc4]#[0xa8][0xe5]4_[0xf9][0xbc][0x7][0x85][0xfe]Z[0x8e][0xee][0x1d][0xdb][0xba]l[0xae][0x17][0xa6][0x13]][0xe0][0xca]Iw[0xe9][0x91]o[0xe3]*N[0xba]#I[0x81][0x1e][0xcc][0xdf]f4P[0xc6][0xb3][0x18]_[0x9b][0x97];[0xdd][0xe7]V[0x9]}[0xee][0x92][0x4]&amp;ucr?[0xf9][0xc6][0xdb]/.[0xe1][0xcb][0xcb]0[0x9a]RL[0xc5]J[0xcc][0xc3]*,B9[0x2][0xa8][0xe0][0xa9][0xbb][0xc9][0xaf][0xcd]_Z%[0xb5][0x90][0xce][0x8b][0x87][0xfd][0xf6][0x9b]Fc7[0xa6][0xb8][0x96]tb^[0x9e][0xd1][0xb0][0xb4][0x13][0x93][0xf5][0xed][0xbc][0x12][0x85][0xf9]|h[0xea][0x11][0xc][0xb1][0xe7]R[0xdd][0x9]w[0xfe][0x92][0xe][0x97][0xa8]$[0xf9][0xc7]z~[0x9a][0xbf]$[0xcf]!p[0xac][0xe7][0xbc][0x12]X[0xe7][0x10]X[0xec]\=[0x87][0xd9][0x3])M;[0x82][0xbc][0x81][0x98][0xc2][0x8b][0x13]~[0xa6][0x1f][0xe1][0x87][0x95][0xf0]r[0xe7][0xda]y\[0xed][0xbc]0[0xa5][0xf7][0x85][0x1c]{[0xc3]YU[0xf7][0x11][0x1b][0x9a]&quot;u[0xa1]#M[0xfa]h=[0xc1][0xc9][0xb0][0x4][0xa6]+[0xc9][0x9a][0xb3][0xf0][0xd7][0xf6]q3[0xb6][0x1b]E[0xb][0x8d][0x1c]#[0x81][0x19][[0x15][0xce]L[0xfb][0x86][0xf3][0x88][0xb3][0xeb][0xcc][0x12][0x98][0x95]@q[0xc2][0x16]k[0x98][0x9e][0x9a][0xd3][0x9][0xef]Bw[0x8e];[0x81][0xb9][0xbd][0xcf][0x1c][0xa7][0xe3];[0xbc][0xf6][0x1c]s^[0xbb][0x9a][0xe1]3[0xaf][0xe8]&lt;[0x86][0xaa][0x9f][0x8e][0xe9]Fi&apos;[0x86][0xdb]~[0xaa][0x94][0xc7][0x14]%p[0xcd][0xa3][0x10][0xc9][0x96][0x15]R[0x86][0x92][0xa4]5O[0xd2]S[0x81][0x8d][0xb4]f5[0xb2]QCo[0xdd][0x8c][0xe9][0xd8]B_[0xbb][0x9e]V[0xad][0xc1]r[0xe2]+[0xb1][0x8d]&apos;[0xea][0x88][0xb9][0x81][0x16][0xbe][0x91][0xa9][0xa8][0x9e][0xe9][0xa3][0x81][0xa9] [0xc8]4P[0xc7]0[0xde][0xc6]/&quot;[0x8b][0xb4][0x9a][0xf0][0x18][0x9a][0xe9][0xa5];[0xf0],v[0xe2]G[0xd8][0x85]W[0xd0][0x82][0xb][0xc4][0xbd][0xc1][0xfd]w[0x11][0xc1][0xfb]h[0xc3][0x7][0x88]J6[0xe2]2[0x9a][0x9f]7[0x5][0xd8]+[0xf3]q@V[0xe0][0x16]ruP[0xae]C[0x9b][0xd4][0xe3]Vi[0xc2]m[0xb2][0x13][0xb7][0xb3][0xd7][0xef][0x90][0xfd][0xb8]C4[0x1d][0xa5][0xe9][0xc7]W2e[0xf8][0x99]0[0xc]r~[0xc6][0x89][0xd4][0xf9][0x95][0xfe][0xa2]n,8[0x9][0xfd]k[0x80][0xf3][0x97][0xc6]_.[0xf3][0xf8][0xab][0xe7]9/U[0xb0]pk&apos;\[0xc9][0xf9][0xa2][0xa3]=[0xef]wb[0x16]W[0xd4][0xf0][0xe2]#[0xb6];[0x1a][0xc4][0xd3]fY[0xbd][0xd3][0xe4][0xe6][0xd1][0x9e]w;a&lt;J[0x83][0xaf][0x9b]q[0x1a]K[0x13]X[0xd6][0x89]k[0xd4][0xb8][0x93][0x8a][0xf2]Jj[0xab][0xce]a[0xec][0xcc][0xd3]X~[0x2][0xc3]g[0xaa][0xc2]mS[0xae]H`e[0xd2]V9[0xc7]z~[0xa6]o&amp;[0xb0][0xca][0xb1]T[0xd9][0xd1][0x9e]M[0xb4][0x5]2[0x18][0xf5]m}[0xb6][0xd8][0xc2]l[0x1]j5[0x83]I[0xb5][0x90][0xb1]=[0x87][0xf1][0xbf][0x8c][0x9]t%Se%[0xa5][0xae][0xe1][0xa9][0xad][0x8c][0xfe]z[0x8e]-[0xd4]D+[0xee][0xe5][0xed][0x13][0xcc][0x1a][0xdf]d[0xda][0xbf][0x9f][0x9][0xfe][0x14]o&gt;[0xc8][0xec]p?[0xbe][0x85]G[0xf8][0xd5]|[0x1a][0xdf][0xa1]E[0xd2][0xf4][0xc3][0x88]P3[0xc6][0x9]j[0xcd][0xcd]1DF[0xd2]U[0xba]r:[0xf9]B[0x8e][0xee][0xbc][0xfc][0x6]wKm[0xa9]1+[0xf7]8[0xb2]|[0x86][0xd1]@[0xe9]&amp;[0xe6][0xea][0x8e][0xcf][0x98][0xe5][0xa0][0x1a]yv[0xa8]_[0xf7][0x98][0x8f]}[0xc6][0xa9][0xbc][0xfc][0xfb]z[0xce][0x9f]EI[0xed]Y[0xac]f&amp;]3bm[0x2][0x15][0xb9][0x9]\;[0xe2]:N[0x12][0xa8][0xec][0xc6][0xba][0xa7][0xfb][0x12][0x87][0x1f]^5[0x18]![0xf3]5[0x9e]`&quot;y[0x92][0xc9][0xe3])[0x8a][0xf9]4[0xd3][0xda]3L%[0xcf][0xa2][0x8c]{[0x15][0xf8]&gt;[0xee][0xe3]I[0x83][0xf7]J[0xc8]6?[0xb6][0x93][0xe9].D[0xa3]k[0x9d]X[0xa2][0x9a]/9[0x8d][0xaa][0xde]w[0xd7][0xf3]9[0xa6][0xbf]k[0xf9]d[0x2][0x1b][0x1c][0x13][0x9c][0xb3][0x93][0x9]&apos;dhc[0xca][0x10]/[0xa4]2[0xd9]8[0xcd]Mx[0x8e][0xfa]x[0x81][0xcc][0xbc][0xc8][0xdc][0xfb]C2[0xf3][0x1c][0x16][0xe3]%&gt;[0xcb]/[0xca][0xa4][0xce][0xde]`[0xc6]S[0x9d][0xdd][0x95]{7&amp;[0x92][0x8a][0xc6][0xdd][0xc8]\[0xa3]1[0x81]M[\r]K9[0x1f][0xe5][0xcc][0xc9][0x93]Ww[0x97][0xba][0x96]h[0x9][0xe3]4KS[0xc3][0x8]w[0xee][0xe][0xa3][0x81][0xfb][0xdd][0xa8]^h[0xf8]s[0x8c]$[0x8e][0x18]e[0x89]!][0xd3][0x85]rU[0xb4][0xe7]8[0xb3][0x96][0xa2][0xd4],6][0x9e][0xa9][[0xdf][0x85][0xcd][0x9d],g[0xbd][0x1b]F[0xe3],b[0xd4][0x9d]41l[0xb1]kc[0x8e][0xf1]H[0x9f]T[0xa5]T.[0x18]w[0x6]~[0xc2][\n]&quot;
2013-02-06 13:51:56,751 AAD-WS DEBUG wire:63 - &gt;&gt; &quot;t[0x81][0x15][0xe6]UJ[0xf6][0x1a][0xa3][0xfa][0xe7][0xcc][0xd2][0xbf]d[0xbc][0xbe][0xc9][0xb8][0xfd][0x15][0x1b][0x84][0xb7]X[0xd4][0xdf]f[0xa1][0xfe]5#[0xf8][0x9d][0x1]*[0xe7]&apos;[0xb5]#;?[0xc2][0xdd][0xb6][0xec]=[0xfa][0xfe]X2[0xb4][0xb5][0xaf][0xea][0xda]E[0xf9]q;T[0xcc][0xb9][0xc3][0xd1]spI^v[0xfa][0x1]&apos;[0x4][0xf1]r2[0x6][0xd5]\[0x13][0xf8]{[0x9e][0xbf]Z[0x1d]{o[0x18][\r]sUw[0x86][0xbd]f[0xf9]1[0xdd][\r][0xac]Sf~[0x2][0xd7][0xeb]SF^[0xf6][0xb2][0x83][0xae][0x94]~\[0xa7]Tm[0x9][0xbb][0xbc][0x8d]t[0x86]Q[0x1c][0xce]b[m[0x8a]b7[0xea]4[0xb5][0xea]U[0xe7][0xf4][\r][0x8e][0xb6][0x13][0xb8][0xd1][0xb9]vS[0xff]5[0xef][0xdf]d[0xbf]lg[0xe3][0xfa][0x86][0x6][0x15][0xca][0xc1]s[0xea]1N[0xa9]g[0x8f][0x8][0xa8][0xf][0xbb]N[0xf5][0xa9][0xd7][0x9][0xd2][0xdf][0xc1][0xc4]{[0x18][0x8e][0xdf][0xb3][0x4][0xfe][0x1][0x93][0x99][0xd6][0xd6][0xe2][0x8f][0xc][0xd0]?1[0xe5]}[0xc8]^[0xab][0x87]),[\r][0x87][0xc5][0x85]/[0x88][0x81];[0xc5][0x8d][0xfb][0xc5][0x83][0x84]d[0xe0][0x9c]d[0xe2][0x15][0xf1][0xe2]M[0xc9][0xc2][0xbb]b[0xe2][0xb7]L[0x85][0x1f][0xc8][0x88][0x1][0xea][0x80][0x81]l[0xab]?[0xed]{[0xc4]1j[0xe4][0x9d]Ny][0x9d]~l[0xaf]o[0x9b][0xce]$[0x81][0xed])[0xd7]~[0xd3][0xb5][0xd4][0xef][0xe4][0x97]`[0x17]Vp[0xe6]s[0x14]5[0xda][0x19]|[0xce][0x1e]][0xd5]R[0xa4][0xb3]jrV[0x5][0xf9],d[0xe][0xa6][0xb9]N[0xcb][0x1b]-[0xbd][0xc3]Yk[0xa6][0x18][0xe6][0xe4][0xb3][0x9d]G{[0xce][0xb8]J[\r]W[0xa9][0x9b]%&lt;[0xd9][0x1f][0x9c][0xb3]K[0xab][0xd3])[0xec]:[0x82]QE&gt;[0xb7]T3E[0xf8][0xdc][0xfb][0xe][0x95][0x1a][0xc][0x9]&quot;[0x98][0x1a][0xab];[0xdc]b[0xf7][0x14][0xe4][0xf3][0x7]&gt;[0xe3][0x88][0xc]WVWt[0xa3][0xe5][0x8][0x9e]w[0x95]z:[0x91][0xde][0xe1]Q[0xe]F[0xfb]&lt;[0xf4]z[0x9f]q[0xf0]H[0xcf][0xbb][0xca][0xb4][0xbd],[0xcd]p[0x95]f2q[0xfb]2[0xd4]&gt;[0xbe]L[0xa2][0xee][0xc3][0xb0][0x8e]L[0xf1]ej[0xdc][0x1c][0xeb]y[0xcb][0xef][0xcb][0xec]F[0xeb][0xc2][0xf4][0x9c]t[0xbf]/[0xa3][0x1b]a[0x95][0xc9][0xe7]!O[0x11][0x92][0xed]DC[0xca]w[0xa3][0xaa][0x1f]e[0x9b][0xe6][0xe6][0xfb]P[0xf8][0xff][0xa7][0xef][0xf3][0xb0][0xfe][0xdf][0xe3]:e[0xcb]1{[0x80][0x10][0x18]o;y[0xdf]{[0x17][0xbd][0xfa][0x92]q[0xaa][0xb7].|[0x98][0xe7]N[0xf9][0xda]9[0xa6]#[0xc8][0x18][0xb8]$[0x7][0x19]2[0xe][0xc3]%[0x17][0xe3]8[0x9f]&quot;[0xe3]1[0x8d][0xa5][0xb3]D&amp;`[0x81]L[0xc4]r[0x99][0x84]*[0x99][0x8c][0x1b]d[\n]&quot;
2013-02-06 13:51:56,751 AAD-WS DEBUG wire:63 - &gt;&gt; &quot;[0xcb][0xea]T[0xdc],[0x85][0xf8][0x94][0xcc][0xc6]ge[0xe][0xbe]$%[0xb8]K[0xe6][0xd2][0xff][0xe6][0xe1]!)[0xc5][0x19]Y[0x80][0xef][0x12][0xff][0xa2],[0xc1][0x8f]Yv_e[0xd9]}][0xca][0xf1][0xb]YM[0x9f],[0xc7]{[0xb2][0xd6][0xfe]/[0x99]K[0xae][0x93][0x9][0xb2]N[\n]&quot;
2013-02-06 13:51:56,751 AAD-WS DEBUG wire:63 - &gt;&gt; &quot;[0xa5]J[0x16][0xca][0x6]Y.[0x1b]e[0xbd]T[0xcb]6[0xa9][0x91][0xa0]l[0x95]CR+[0x87][0xa5]N[0x8e]r[0xef]^[0xb9]QNH@[0x1e][0x90][0xed]r[0x86][0xbb]/s[0xfe][0x9a]X[0xf2][0xba][0x8c][0x91][0xb7]%4[0xc0][0xb7][0x1f][0xc4]C[0xc9]l[0xae][0xa5][0xc8][0x93],E[0x5][0xb9]%U[0xcc][0xa2][0xa5][0x6][0xbb].[0xf5][0xae]t[0x1a]CKiA[0x87][0xbb][0xc7]v[0xad][0xb6][0xa3]=[0xbf]q*wA[0x87]!&gt;[0xa3]d[0xa6][0x83][0xf3][0xd1][0xd1][0x8e]c[0xaa][0xad]S[0xa3][0xc4]iq}[0x86][\r][0xdd]N[0x9f][0xe6]s[0xe7][0xa4]Ww[0xf6]&lt;[0xee][0xeb][0xa7]X[0xbb][0x14]I[0x4][0x1e]i[0xa3]Rwc[0x94][0xc4]P([0xed]X,{[0xb1][0x8a][0xfd]F[0xa5][0x1c][0xc0]6[0xb9][0x19]Mr[0x90],?[0xcc]Z[0xea][0xb0][0xbc]*[0xd9]u[0xe4][0xe6][0xe6][0x1d]g,[0xe6][0xe6]uc[0xf7]Rn&gt;[0xdb]Z[0xbe][0xd1][0xc0][0xe5][0x94]Ty[0x19][0xad][0x89]S:[0xe0][0x96];`[0xb2][0x81][0x19]![0x87]i[0xbd]Os[0xf7]Q[0xbb]99[0xfd]gPK[0x7][0x8][0x8]3[0xc9][0x9b][0xd8][0xf][0x0][0x0][0xc5][0x1e][0x0][0x0]PK[0x3][0x4][0x14][0x0][0x8][0x0][0x8][0x0][0xd4]|D5[0x0][0x0][0x0][0x0][0x0][0x0][0x0][0x0][0x0][0x0][0x0][0x0],[0x0][0x0][0x0]com/sun/java/help/search/GeneratorHeap.class[0x95]S]o[0x1b]U[0x10]=[0xd7]{m[0xc7][0x9b][\r]qR[0xdc][0xd0][0xd8]!%[0xd0][0xc4][0xd9]|[0xb8]q[0xdb][0xf4]#_-[0x11]m[\r]i&quot;[0xd5]4[0x15]A[0x82]n[0xec]m[0xe3][0xb2][0xb1][0xad][0xb5][0x8d][0x92]&gt;[0xf5][0xa1]O[0xfc][0x4][0x84][\n]&quot;
2013-02-06 13:51:56,753 AAD-WS DEBUG wire:63 - &gt;&gt; &quot;THy[0xc9][0xb]R[0x93]&quot;$[0xf8][0x1][0xfc][0x18]^y#[0x9c]Y;[0xe][0xa9](Rdy[0xee][0xdc][0xd9][0xb9]g[0xce][0x9c][0xb9][0xf7][0x8f][0xbf][0xfd][0x1d][0x6]&amp;p[0xc3][0xc4][[0x18][0x8d][0xa1][0xb][0xb6][0x98]11[0xe3]QL[0xc8]:i&quot;[0x83][0xf3]&amp;[0xbd])[0x13]ad[0xc5]\[0x90][0xed]E[0xf1].E1[0x1d][0xc5]e[0x85][0x8e]\[0xb9]T[0xcf][0x97][0x9e][0xb8][\n]&quot;
2013-02-06 13:51:56,753 AAD-WS DEBUG wire:63 - &gt;&gt; &quot;*[0xa7][0xd0][0xb5]X)[0xd7][0xea]N[0xb9][0xbe][0xea]x[\r][0xd7][0x0][0xf0]T![0xf6][0xe5][0x86][0xeb]T[0x9b]I[0xe1][0xc0]W[0x98][0xfa]|[0xa9]P[0xd9][0xcc][0xd4][0x1a][0xe5][0xcc]c[0xe7]k&apos;[0xb3][0xe1]z[0xd5]L[0xcd]u[0xfc][0xc2]F[0x86][0x18][0x5][0xb7]Z[0xbf][0xe5]W[0x1a][0xd5][n[0xd9][0xf5][0x9d]z[0xc5][0x9f][0x91][0xb3][0xb5][0x16][0xc6]C[0xdf][0xe5][0x1a][0x99]-[0xb1][0xf8][0xbc][0x82][0x91][0x1e]]U[0xd0][0x8b][0x95]&quot;[0xa3][0xdd]K[0xa5][0xb2][0xbb][0xdc][0xd8]\w[0xfd]O[0x9d]uO[0xf2]}[0xb7][0xe6][0xd6][0x15],[0xa7]Xl[0xe3])\H[0x9f][0x94][0x82]T[0x89][0xad]7J^[0xf1]v[0xd0]DTz)=[0xdc]f[0xed]tN&gt;[0x86][0xd9][0xbb][0xcf]J[0xa3][0xe9][0xff]i[0xef]n[0xc5]so[0x96]&lt;[0xcf]%[0xe0][0x9a][0x82][0xf9][0xd1][0x96][0x94]*Q[0xb8]([0xae][0x10][0xaa][0xec]n[0x11][0xc2][0xcc]W[0x1a]~A[0x12][0xd9]Ao[0x9b][0x83][0x14][0x9e][0x14]H[0xb][0xef][0xe0][0x8c][0x85]S[0x88][8-[0xa6][0xf]q[0x85][0xc9][0x93]ud[0xe1]m$[0xa2][0xb8]j[0xe1][0x1a]f,[0x9c][0xc5]{[0x16]f1ga[0x18][0xf3][0x16][0x6][0xa5][0xc0][0x2][0xae]+[0xc][0xbf][0x11][0xf6][0x18]1[0x85]x[0x90][0xe0]9[0xe5]G[0x99][0x95][0xf5][0xc7]n[0x81][0x8d][0x9c]:[\n]&quot;
2013-02-06 13:51:56,754 AAD-WS DEBUG wire:63 - &gt;&gt; &quot;[0xb5];=[0x96][0x98][0xdf][0xae][0xd5][0xdd]M*[0xeb][0xf8][0xbe][0xb3]][0xa8]T[0xa9][0xa7][0x9d]^z[0x1d]i&amp;[0xf7][0x1f][0xa1]@[0xf5][0x8e]j[0xa5]Vj[0xc2][0xf2]&amp;[0xe4][0x2]Ka[0xbb][0x1f]5[0xb9][0xb5][0xc4][0xae][0x9d]`,[0xab][0x94][0xa2][0x8b]o[0x3][0xbc][0xea][0xfd][0xe8]F[0x1c][\n]&quot;
2013-02-06 13:51:56,754 AAD-WS DEBUG wire:63 - &gt;&gt; &quot;=[0xdc][0x85][0xd0][0xcb]?5[0xf]|j[0x17][0xac][0xa7][[0xfb][0xbe]`[0x8d]2[0x97][0xa3][0xa1][0xed][0xe7]n[0x89]q[0xc5][0xf5][0xac][0xfd][\n]&quot;
2013-02-06 13:51:56,756 AAD-WS DEBUG wire:63 - &gt;&gt; &quot;[0xca]6[0xf6][0x10][0xb2]{[0xf0]t[0xf][0x86][0xf8]Z[0xfc][0xdf][0x10][0xde]C[0xe4]g[0xe6]($i[0xfb][0x11][0xa1][0xed][0x81][0x86][0x85][0x18]9[0xc4]Y?[0xc1][0xba][0x83][0xac][0xab][0x90]j#[0xf][0xb5][0x90]#[0x1][0xd2][0xd1]y[0x93]q[0x90]S[0x98]|[0x14][0x6][0xf0]n+[0xff]+F[0xe4]A.[0xd8]/Y[0xf8]%[0x8c][0x1f]p[0xce][0xfe][0x8c]kxc[0x8d]|H[0xe3][0xe][0xa3][0x11]c[0xdc][0x90][0x84]_[0x10][0xb5][0xc7][0xc9]KB[0x92][0xa5][0xd7][0xf4][0x3][0x96][0x19][0xcb][0xbf]N4[0x89]N[0x16][0xe9]&apos;[0xbd]4E[0x9b] [0xad]y[0xbc]O[\n]&quot;
2013-02-06 13:51:56,757 AAD-WS DEBUG wire:63 - &gt;&gt; &quot;[0x83]m[0xa2]3[0xdc][0x9][0xa5]&gt;b[0x85][0xc2][0xde][0xec][0xe]:[0xed][0xe4]+t&lt;S[0x7][0xc9][0xef][0xe][0xfe]:[0x2][0xec]e[0xcf][0xc0][0x8];H[0xb3][0xe7][0x11][0xf6]0[0xca][0x83][0xbc][0x94]-[0xa0]}~[0x97][0x92]O[0x92][0xfa][0x81][0xde][0x9a]K[0xe9][0xe2][0xfc][0x80]`[0xbe]@Jh[0xe]d[0xf7][0x11][0x13]&apos;)[0xce][0xb]D[0x7]v[0xa0][0x93][0xd3]:[0xf5][0xaf][0x9c][0xd4]aNB7[0x93]&quot;[0xa9]i[0x9d][0xd0][0xc9][0xef]1[0xd2][0x8a]^[0xb]7[0x9d]&amp;P&gt;X[0xce][0x84][0xf3]vB[0x93][0xf2][0x11]W[0x9b],[0xc1]vML[0xf2]w[0x9e]s[0x9e][0xc2][\n]&quot;
2013-02-06 13:51:56,757 AAD-WS DEBUG wire:63 - &gt;&gt; &quot;[0xb2][0xb8][0x87][0x8b][0xf8][0x2][0x97][0xa8][0xf6]4j[0xb8][0x8c]m\[0xe5][0x89][0xa1]@[0x12][0xe9][0xc1][0xe3][0xc]d[\n]&quot;
2013-02-06 13:51:56,757 AAD-WS DEBUG wire:63 - &gt;&gt; &quot;WlQ[0x99][0xc2][0x87][0x9e]c[0xc2][0x98][0xdb]A[0xfc][0x90][0x9e]y[0xff]YH[0x9]Y[0xfd][0xe3][0xc1][0x9f][0xbc]5[0x9d][0xc1]T[0xb2]c[0xfb][0xb0][0xf4][0xae][0xb1][0xdb]f0[0x84][0xe][0xda]9[0xc8][0x13][0xed][0xc1]u[0xc6][0x16][0xf8]lo[0x90][0xd9][0x87][0xe4][0xb0][0xc8][0xfa]7[0xf1][0x1]34[0xf3][0xcf][0xf1]?[0xdc][0xe6][0xf0][\r]U[0x94][0x81],[0x8b]0[0xcf]q[0xbb]Y[0x80][0x95][0xbf][0xc5][0x98][0x84][0xf4]OM[0xb1][0x8c][0xc3][0xe1][0x87]tQ[0x98]f[0xf3];0[0x83];l[0xec][0xda][0x6][0xe5]x[0x3][0xb3][0xa6]6[0x9f][0xf0]%[0xdc][0xe1][0x9d]]fl[0x85][0x8c][0xee]R[0x89]&lt;/[0xc3]=r][0xc5][0xc7][0xb8]O[0xcd][0xd6][0x8e]1[0x1c][0x9]^Q[0xfa][0x1f]PK[0x7][0x8]_[0x87]s[0x6][0xb4][0x3][0x0][0x0][0x9f][0x6][0x0][0x0]PK[0x3][0x4][0x14][0x0][0x8][0x0][0x8][0x0][0xd4]|D5[0x0][0x0][0x0][0x0][0x0][0x0][0x0][0x0][0x0][0x0][0x0][0x0]3[0x0][0x0][0x0]com/sun/java/help/search/NextDocGeneratorHeap.class[0x95]T[0xdb]n[0x1b]U[0x14]][0xc7]3[0xe3]i&amp;[0x93][0x1b]I([0x89][0x1d][0xa0][0xa5]%[0xce][0xe4][0xe2][0xe2][0xd2]@skC.[0x8d]![0x17][0x90]KE]D2qN[0x1b][0xb7][0xf6]8[0xcc][0x8c]Q[0xc2]3?Q[0x9][0xd1][\n]&quot;
2013-02-06 13:51:56,758 AAD-WS DEBUG wire:77 - &gt;&gt; &quot;![0xe5][0x85][0x87]&quot;[0x11][0x8a][0x90][0xe0][0x3][0xf8]![0xde]([0xeb][0x8c][0xa7]N[0xb1][0x12][0xa9]&quot;
2013-02-06 13:51:56,758 AAD-WS DEBUG wire:63 - &gt;&gt; &quot;}[0x98]}[0x8e][0xb7][0xd7][0xde]k[0xef][0xb5][0xf7][0xcc][0xdf][0xff][0xfe][0xf1][0x17]4[0x8c]c[0xc3]B[0xf]&amp;[0xdb][0xd0][0x8d][0xf][0x94][0xf9][0xd0][0xc4]UuN)3[0xad][0xcc][0x8c][0x85]Y[0xcc]Y[0xbc]][0xb3][0xa0][0xe3][0xba]2[0xf3][0xca]|[0xa4][0xcc][0x82]2[0x8b][0xca],[0x99]X6qC[0xe0]L[0xde]+[0x87][0x85][0xf2][0xb7]R@[0xe4][0x5]:[0x16]j^[0x10][0xba]^x[0xcb][0xad][0xd4][0xa5][0x6]B[0x5][0xda]6w[0xa5][0xbb][0xd7][0x0][0x19][0x9b]A|*[0x9f][0xc0][0xd8][0x9d][0xd5]R[0xad][0x9a][\r][0xea]^[0xf6][0xbe][0xfb][0x8d][0x9b][0xdd][0x95][0x95][0xbd]l ][0xbf][0xb4][0x9b]][0x97][0xfb][0xe1]b[0xad]tCz[0xd2]w[0xc3][0x9a]?[0xad][0xc2][0xee][0xfa]R[0xaa][0x94]^[0xcd][[0xaa][0xee][0x85][0x7][0xe4]-[\n]&quot;
2013-02-06 13:51:56,759 AAD-WS DEBUG wire:63 - &gt;&gt; &quot;$g[0xca][0xac]cN@[0xcb][0x8c][0xdc][0x12][0xd0][0x17]j;Du[0xad][0x96]=[0xb9]^[0xaf]nK[0xff][0xa6][0xbb]][0xa1][0xc7]*[0x7][0xeb][0xcd]@b[0x19]j[0xbb];;M[\n]&quot;
2013-02-06 13:51:56,759 AAD-WS DEBUG wire:63 - &gt;&gt; &quot;[0x81][0x89][0xcc]+[0x14][0xa4][0xb8][0xc][0xf6][0xeb][0x87][0xe4][0xc]B[0xc9][0x86][0xac][0xa5][0xfd][0x92][0xdc][0xb][0xcb][0xd4][0xc1][0xc4][0x8a]@[0xfb]=[0xa9]b[0xea]U[0xe9][0x85][0x11]%U[0xb2][0xe8][0xa3]P[\n]&quot;
2013-02-06 13:51:56,760 AAD-WS DEBUG wire:63 - &gt;&gt; &quot;G[0x5][0xf9][0xe3][0xa6][0xf4][0xab][0x81]@&amp;3r:y[0x1c][0xb0][0xe8][0x86].[0x85][0xb0][0x19][0xf5]Y][0xfa][0x7]kn[0xf0][0x80]E[0xf8]2[0x90]Lf[0xb9]/[0x90][0xe9][0x99][0xbc]j[0xd0]TJ[0x97][0xef][0x1e]4[0x1c][0xac][0xd8]*[0xd4][0xea]~I.[0x97][0x95]&quot;[0x3][0xad]M[0xad][0x10]=[0xa1][0xd8]m[0xc][0xe1]M[0x1b][0xaf][0xa3][0xd7][0xc6]Y[0xf4][\n]&quot;
2013-02-06 13:51:56,760 AAD-WS DEBUG wire:63 - &gt;&gt; &quot;[0x8c][0xbc][0xb4]06[0xde][0xc0][0x80][0x8d]A[0x15][0x9a]B[0xda]D[0xde][0xc6][0xc7][0xf8][0xc4]F[0xe][0x97]m[0xac][0xc2][0xb1]1[0xa2][0xcc][0xa8]2c[0x18][0xb7]1[0xa1]nkX[0x17][0x18]i[0x96][0x95]h[0x83][0xba]#\[0xc5][0xf5][0xee]e7[0xb6][0xef][0xcb][0x12][0x1b][0xef]=v5[0xa7][0xf1]?`[0xe1][0x80][0xc3][0xaa]r[0x8d]\[0xdf]w[0xf]J[0xb5]=[0x8a][0xe3]dV[3M[0xe7]OpE[0x12][0xea][0x1e]k[0xe1]p[0x83][0xaa][[0xa9]p[0xbb]v][0xef]UW[0xa7][0x88][0xb7][0xf9][0x9a][0xf5][0x0]HR[0xa8][0xd7][0xd0][0xcb]7[0xa5][0x8f][0xbf][0x12][0xe8][0xe7]C[0xd5][0xa3][0xfb][0xd9][0xf8][0xa4][0x9e][0xd1]9[0x18][0xff][0xa6][0xaa]&lt;m&gt;[0x1c][0x12]#[0xdf][0xe2][0xed]s[0xfa][0x5][0xcf][0x8b][0xce]S[0x8]G;B[0xc2][0xe9][0xd1]q[0x4]M[0x1d]B?[0x82][0xa1][0xbc]Ie[0xcc]_[0x8][0x14],[0x1][0xc]7i[0xdb][0xf8][0xaa]v[0xd0]v[0xb2][0xa8].[0xd2]t3e[0xf].[0xd0]#p[0xe][0xe7]c[0x8a]![0x9e][0x8a][0xc2]p~[0x85][0xf9]s3E2r[0xf6][0xd1][0xbe][0xc3][0x90][0x6][0xf4][0x1][0xc]~s[0x80]k[0x84]&amp;[0xf9]h[0x8f]Y[0xd8]m[0x9e][0xc6]n[0x91]5[0xb1][0x9e]5z[\r]mLS[0x80][0xdf]q[0xc6][0x19];[0x8a][0xf2][0x1a][\n]&quot;
2013-02-06 13:51:56,760 AAD-WS DEBUG wire:63 - &gt;&gt; &quot;[0x95],[0xea][,u[0xb4]p\[0xe7] i@[0x19][0xda][0xd9][0xfc] [0xdb][0xcf][0xb0][0x9a]qR[0xcd][0xf1]_[0x81][0x8b]M[0x19][0xb6]H[0x9b][0xe0]y[0xc9]Q[0x89][0xc9][0x95][0xf8][0x1][0xe7]xM[0x18][0x95][0x99]C[0xb4];[0xa9][0xa7]h[0xfb]N&lt;K}[0xff][0xec][0x1f][0x87][0x9a][0x98][0x87][0xa4]&gt;I[0x91][0xb][0x94]w[0x98][0x83][0xc8][0x90]o[0x98][\n]&quot;
2013-02-06 13:51:56,761 AAD-WS DEBUG wire:63 - &gt;&gt; &quot;pc[0xb9][0xab]Yr[\n]&quot;
2013-02-06 13:51:56,761 AAD-WS DEBUG wire:63 - &gt;&gt; &quot;[0xbc]KL&quot;b[0xfb]:n~&gt;j&amp;[0xf7][0x1b][0xac][0xc4]#[0x92]h$9[0xc4][0x84][0xa2][0xd5][0x8a][0xe8][\r][0xed]yo[0x9]}GU[0x95]+[0xc4][0xa8][0x93][0xe9][0xdf][0xe3]8r[0xdc][0x85][0xcb]l[0xf3][\n]&quot;
2013-02-06 13:51:56,761 AAD-WS DEBUG wire:63 - &gt;&gt; &quot;[0xed]$[0xa6]q[0x15][0xd7]1[0xc5]b[0x1a][0xdf][0xd5][0xc][0x1f]UT[0xa3][0xed][0xf3][0xf1][0xf4][0xad][0xe7][0x85][0xb4][0xb7][0xce]g[0x96]v[0xf4]t[0xbc][0xdd][0x8a][0x9f][0xa7][0x1d][0x8b][0xda]=[0x11][0xdf][0xf1][0xa4][0x5][0xbf]D;qz[0xfe][0xce][0xd6][0xfc]y[0xda]lsl[0xa3]1[0xbe]=R#Z[0xd4]cI:[0xa3]UZ[0xe7]Jm[0xc0][0xc2][0xa7][0xf4]^[0xa2]@[0x8d][0xc0][0x1c][0x3][0xd5][0xbc][0x7][0xd5]N&gt;D_[0xb3][0xff][0xd4]c[0x98][0xfa]!t[0xad][0x95][0xb8]@&lt;[0xbf]Dq[0xfc][0x13][0x8a][0xa9]6+L[0xe9][[0xfa][0xfe]lZ[0xdf][0x99][0x1b]Rs[0xfb][0x11][0x3]*[0xd5]PN[0xd9][0x14][0x13]v=[0x84]9[0xc4]|[0xa9]I=[0xfd][0x2] [0x1d][0x1][0xfa][0xf5][0x6]&quot;[0x99][0x9e][0xd4][0xfb][0xf5][0xd4]#[0xc][0xc7][0xde])[0xa3]qid)D[0xc7][0x80]Qp[0xfa]u[0xe][0xff][0xb8]C[0x87]}[0x1]_[0xd0][0xde][0xa6][0x14]E,[0xe3][0xe][0x5][0xfa][0x92][0xfd]~E[0xef]&amp;$[0xf7][0xba][\n]&quot;
2013-02-06 13:51:56,762 AAD-WS DEBUG wire:63 - &gt;&gt; &quot;[0x17][0x1]J[0x8c]x?[0xfa][0x8]\[0xf9][0xf]PK[0x7][0x8][0xe]J.[0xd8][0xe][0x4][0x0][0x0][0xd9][0x7][0x0][0x0]PK[0x3][0x4][0x14][0x0][0x8][0x0][0x8][0x0][0xd4]|D5[0x0][0x0][0x0][0x0][0x0][0x0][0x0][0x0][0x0][0x0][0x0][0x0]/[0x0][0x0][0x0]com/sun/java/help/search/NextDocGenerator.class[0x9d]T]O[0x13]Q[0x10]=[0xb7]][0xba][0xb4]]-[0x1f][0xa2][0x2]ZQ[0x10][0xda]-PDD[0x11][0x14][0x13]@[0xd3][0x4]1[0x6][0xd4][0x4][0x1f][0xc8]R[0xae]t[0xb1][0xdd][0xc5][0xed][0x96][0xe0][0xbf][0xf1]+[0xf1][0xc5][0x7]M[0x4][0xa3][0xf]&gt;[0xfa][0xe0][0x8f]2[0x9e][0xdb]B[0xd1][0xda][0x92][0xc6][0x87][0x9d][0x99][0xbb];[0xe7][0xcc][0xcc][0x99][0xdb][0xfe][0xfc][0xf5][0xed];[0x82][0x18][0xc1][0x9d][0x8]N [0x19][0x86][0x1]3[0x82][0x14][0x86]U4[0xa2][0xa2]Q[0x15][0xa5][0x95][0x19][0x8b][0xe0][\n]&quot;
2013-02-06 13:51:56,762 AAD-WS DEBUG wire:63 - &gt;&gt; &quot;[0xc6]Ut5[0x8a][0x9]\SfR[0xc7]u[0x1d]7[0x4][0xc2]k[0x1b]n[0xb6]T[0x90][0x8e]/ 2[0x2][0xad]kY[0xd7][0xc9][0xca]m[0x1e]#k/J[0xd2]{y[0xdf]*&gt;[0x17][0x8][0xad][0xf9][0xd2]+[0x14][0x5][0x6][0x17][0xb3]n!],9[0xe9]-k[0xc7]J[0xe7]d~;][0x94][0x96][0x97][0xcd][0xa5][0xe7]*[0xc8]y[0xcb][0xb7][0xa6][0x15][0xb3]M[0x88][0xe5][0xbb][0x9e][0xc0]dc[0xd0][0x92][0xeb]8r[0xd3][0xf2][0xed][0x1d][0x99]q|[0xb9])[0xbd]{[0xd2][0xa9][0xe0]H[0x12][0x9a][0xb1][0x1d][0xdb][0xbf]-[0xf0]([0xd1]\[0xdd][0xc6]Y[0xcb]e[0xb7][0xe0][0xec][0xd8][0x9e][0xeb][0xa8][0x81][0xa7][0x93][0x8f][0x5][0xb4]9wC[\n]&quot;
2013-02-06 13:51:56,763 AAD-WS DEBUG wire:63 - &gt;&gt; &quot;[0xc4][0x16]mG.[0x95][\n]&quot;
2013-02-06 13:51:56,763 AAD-WS DEBUG wire:63 - &gt;&gt; &quot;[0xeb][0xd2][[0xb1][0xd6][0xf3]|[0xd3][0xf2][0xcc][0xf6][0x8a]T![0x98]HR[0x96][0xc8][0xc2][0xae]*a[0xbb]NQ[0xc7][0x14]a[0x8e][0xdc][0xe5][0xc7][0xe8][0xa6][0xf4][0xe7][0xab][0xfa]Ex[0x9a];T[0xaf][0x95][0x87][0x95][0x8a]d[0x89]D[0xb2]Y[0xd1][0xc][0xa2][0x1e][0x1e][0xa9][0x1e]%l[0xdb][0xf2][0xe4][0x13][0xdb][0xcf][0x9][0x8c][0x1e][0xa3][0xc1][0x12][0xfb]a&apos;G[0xda]%W[0x9]/[0x16][0xac]|[0x9e]#[0xe5],[0x87][0xed]-[0xbb]%/+[0xef][0xda]j[0xbc][0xae]Z[0xc0][0xa8][0xa2]4p[0x1a]7[\r][0x9c]DL[0xc7][0xb4][0x81]&gt;[0xf4][0x1a]hC[0xcc]@[0xbf][0x8a][0xda]U[0xd4][0x81]N[0x1d]3[0x6]n[0xe1][0xb6][0x81]S[0xe8][0xd2]1k[0xa0]G}[0x8e][0xa3]W [0xd9]t[0x87][0x2]m[0xe5][0x9c][0xbc][0xe5]l[0xa6][0x1f][0xac]o[0xc9],U[0xeb]&lt;zUU[0xbc][0xbc][0x3][0xae]j[0xa0][0x19][\r][0x5][0xcc][0xe6]o[0x0][0xeb][0xfd][0xb1][0xc0]L[0xf5][0xba]N%2[0xc7]l[0xec][0xf8][0x1b];[0xf1]?8*m[0xf0]w[0xc][0xb4] [0xa0][0xd4]g[0xd4][0xa1][0x84]/[0xfb][0xf6][0x3]O[0xe5][0xcb][0x9e][0xa2][0xd3][0x87]![0xb8][0xac]3[0xb4]gyz[0xca]?[0x83] }[0xca][0xfc][0x2]a[0x6][0xf7][0x10]0S[0xfb][0xa0][0xd7][0x94]o[0xd9]C[0xc8]L[0xed]A7[0x87][0xcd][0xcf][0xd0][0xf6][0xd1][0xba][0x87][0xf0]&apos;[0xa6][0xb]t[0xd3][0xc6][0xa1][0x97][0x89]5[0x16][0x8][0x93][0xbe][0x9d][0x5][0xba]I[0x1e]&apos;[0xbd]Iz[0xa1][0xf6][0xcb][0xc6]T[0xa1]q[0x96][0x11][0xf4]=&amp;[0x99][0xc2]?[0x10]S[0xee]+&quot;[0x2][0xef][0xa1][0x5]VY[0xf8]C[0x95]7T[0xce][0xec][0xc5]9Z[0x8d][0xf1]y&gt;[0xf1]*[0xd3][0xd0][0x1]S[0xcc][0xac]PD[0x5][0xea][0xc1][0xfb][0xfe][0x82]_ [0xbc]2[0xb1]:[0xa9][0xef]-D[0xff][0x3][0x1a][0xa0][0xed][0xab][0x9b][0xaa][0xd5][0xa6]&amp;h/[0xe2]R[0x9d]T[0xfd]cM[0xea]0m][0xd6]P-[0xeb][0x18][0xed][0x0].[0x1f][0xa4][0xce]r[0xe4][0x80][0x1a]Y[0xf5][0x9a][0xe2][0xf3][0x16][0xdd][0x87][0xe1]+t[0xa8][0xb6][0x18]j[0xef][0xa0]kT1XK6I;[0xd8][0x98][0xec]u][0xb2]7[\r][0xc8]fh[0x87][0xe8][0x3]H[0xfc][0x6]PK[0x7][0x8]Q[0xe2]&gt;[0xe0][0xc1][0x2][0x0][0x0]E[0x6][0x0][0x0]PK[0x3][0x4][0x14][0x0][0x8][0x0][0x8][0x0][0xd4]|D5[0x0][0x0][0x0][0x0][0x0][0x0][0x0][0x0][0x0][0x0][0x0][0x0]$[0x0][0x0][0x0]com/sun/java/help/search/Entry.class}QMo[0xd3]@[0x10]}[0x9b][0xb5][0xe3][0xc6]u[0xd3]6@[0xf8][0xa8][0x13](-`;[0x2]K[0xf4]X[0xe0]P[0xa0][0xc2]&quot;[0x94]C[0xab][0x1e][0xda][0xb][0x8e]c5nm&apos;r[0x1c][0xa4]\8[0xf1]3[0x90][0x10][0xa7]^z[0x0][0x89][0x88][\n]&quot;
2013-02-06 13:51:56,764 AAD-WS DEBUG wire:63 - &gt;&gt; &quot;[0xa1][0x1c]z[0xec][0x8f][0xa2][0xcc].U+[0xaa][0x8a][0xcb][0x9b][0x99]7[0xb3][0xef][0xed][0xec][0x1e][0xff][0xfe]9[0x6][0xc7]C4tL[0xe0]V[0x9][0x1a][0xe6][0x4][0x98]:j[0xa8][0x8b][0xec][0xb6][0x8e];[0x98][0xd7]pW[0xc3][0x2][0x3][0xdf][0xb][0x87][0xc][0x85][0xed][0x15][0x82][0xa8][0xcd][0xc0]&lt;[0x6][0xb5][0x15]w[0x83]=[0x86][0xe2][0x93]([0x8d][0xf2]g[0xc][0x9a][0xb5][0xbd][0xe2]y[0xf6]&amp;[0x83][0xf2][0xbc][0xdb][0xe][0x19][0xa6][0x9b]Q[0x1a][0xae][\r][0x92]V[0x98]m[0xf8][0xad][0x98][0x98][0xe2]N[0x98][0xbf][0x16]R[0x8a]e[0xb]1[0x95]j[0xef][0x5][0xe9][6)N[0xf6][0x13]?[0x8e]i[0xb8][0xe3][0xa7][0xc][0xb]V3[0xe8]&amp;n[0x90][0xba][0xbb][0xfe]{[0xdf][0xed][0x84]q[0xcf][0xed][0x87]~[0x16]t[0xdc][0x97]i[0x9e][\r][0x97][0xed]-[0x6]}[0xbd];[0xc8][0x82]p5[0x12][0xf2][0xba][0xe4][0x1f][0x89]q[0x3]e,[0x1a][0x98][0x82]a[0xa0][0x4]][0xc3]=[0x3][0xf7][0xf1][0xc0][0xc0]$[0xc][\r][0x96][0x1][0x1b][0xe]C[0xfd][0xff][0xe][0xc]3[0xb2][0x11][0xfb][0xe9][0x8e][0xfb][0xb6][0xb5][0x1b][0x6][0xb9][0xbc][0xeb][0xe6]?[0x8d][0xf5]a?[0xf][0x13][0x86][0x92][0x9f]e[0xfe]0[0xe8][0xf6][0xe8][0x9c]c5/[0x9e]\[0xf6].[0xa1][0xe4]s[0x95][0xcf][0xf9]7~[0xde]![0x8b]$[0xa2][0x7]P-j{[0xf4][\r][0x1a][0xfd][0x11][0xe8][0xbb][0x98][0xd8][0x84]2&amp;[0x96][0x90]qJF[0x85][0xb2]2[0xa6][0x9]g[0xa8][0xda][0x82]J[0xc][0xe0]8?[0xc0][0x9c][0xc2][0x8][0x5][0xc7]T[0xde][0xfd][0x9a][0x18][0x81]7[0xb8][0xf3][0x1d][0x9c][0x9b][0x87]PDb[0xf2][\r][0xa7]6[0x82][0xfa]Mj[0xcd][0x12][0xd6][0xc9][0xb][0xe4][0xa1]P,[0x91]K[0x85][0xf4]k[0xe4][0xb2]H[0xfa][0xb6]t[0xa8][0xe0][0xca][0xa9]O[0x8d]&quot;[0xa3][0xa8][\n]&quot;
2013-02-06 13:51:56,764 AAD-WS DEBUG wire:63 - &gt;&gt; &quot;[0xa9][0xaf]g[0x12]EIV[0x8][0xaf][0xe2][0xda]%[0xa3][0xea][0xc1][0x85][0xd1]*a[0x15][0xd7]OG{[0xb4]&apos;[0xa7][0xf8][0x8a]?[0xdd][0xc7][0x92][0xbc][0xe5]RC[0xe2]g[0xcc][0xff]-gq[0xf2][0xa1]q[0x96][0xb5]?AS[0xf6][0xa1][0xf0][0x83][0x8f][0x5]f[0x8a][0x89][0xb1]h[0x8e][0xf]Q[0xfc]rr[0xc4][0xcf][0xdd][0xaa][0xf4].[0xc0][0x1c][0xa1]IW[0xab][0xe1]1[0xe5][0xab][0xb4]1[0xc3][\r][0xe2][0xb][0xb8][0xf9][0x7]PK[0x7][0x8][0xab]z/[0xc6][0xfd][0x1][0x0][0x0][0x15][0x3][0x0][0x0]PK[0x3][0x4][0x14][0x0][0x8][0x0][0x8][0x0][0xd4]|D5[0x0][0x0][0x0][0x0][0x0][0x0][0x0][0x0][0x0][0x0][0x0][0x0]-[0x0][0x0][0x0]com/sun/java/help/search/EntryProcessor.class;[0xf5]o[0xd7]&gt;[0x6]f[0x6]][0x6]Nv[0x6]vv[0x6][0xe]F[0x6][0x9e][0x82][0xa2][0xfc][0xe4][0xd4][0xe2]b[0xd7][0xbc][0x92][0xa2]JF[0x6]1[\r][0x9f][0xac][0xc4][0xb2]D[0xfd][0x9c][0xc4][0xbc]t[0xfd][0xe0][0x92][0xa2][0xcc][0xbc]tkO[0xcd]0F[0x6][0xae][0xe0][0xfc][0xd2][0xa2][0xe4]T[0xb7][0xcc][0x9c]TF[0x6]a[0xb0][0xea][0x0][0x88][0xce][0xfc]&quot;=[0x90][0x16]F[0x6][0xf5][0xe4][0xfc]\[0xfd][0xe2][0xd2]&lt;}[0xb0][0x9][0x19][0xa9]9[0x5][0xfa][0xc5][0xa9][0x89]E[0xc9][0x19][0xfa][0xa8][0xca][0x19][0x19][0x4][0x10]v[0xf8]&apos;e[0xa5]&amp;[0x97][0xb0]100201[0x80][0x0]#[0xb]#[0xd0][0x85], [0x16][0x3]+[0x90]db`[0x3][0x0]PK[0x7][0x8][0xf9]qP[0xda][0x92][0x0][0x0][0x0][0xb6][0x0][0x0][0x0]PK[0x3][0x4][0x14][0x0][0x8][0x0][0x8][0x0][0xd4]|D5[0x0][0x0][0x0][0x0][0x0][0x0][0x0][0x0][0x0][0x0][0x0][0x0]+[0x0][0x0][0x0]com/sun/java/help/search/LiteMorph_en.class[0xd5][0xbd][0x5][0x98][0x1d]E[0xd6][0x6]&lt;[0xd5][0x96][0x13]#IWB[0x8]z[0xb1][0x0][0xc9]@[0x8][0xee][0xee][0x8b]-[0x9e]ew[0xe1][0xce][0xdc][0xbe]3M[0xae][0xd1]}[0xef]L&amp;[0xeb][0xee][0xbe][0xac][0xbb][0xfb].[0xb0][0xb][0xeb][0xee][0xee][0xee][0xee][0xee][0xfa][0x9f][0xf7][0x9c][0xaa][0xbe]w[0x2][0x81][0xc0][0xb7][0xdf][0xf7][0xff][0xff][0x3]s[0xde][0xb7][0xec]TuUu[0x9d][0xb2][0xbe][0xf9][0xf8][0xbf][0xdf][0xfe][0xee][0xb1]p[0xec][0xe0]dnQxxx[0xca][0xc2]pcx[0xea]Bf[0xa7]-[0x8]O[0x8f]N&gt;[0xfc][0xf0][0xc3][0x17][0x8d]E[0xe1][0x19][0xb][0xc2]3)&lt;[0x8b][0xc2][0xb3])&lt;[0x87][0xc2]s)&lt;[0x8f][0xc2]{Px&gt;[0x85][0x17]Px![0x85][0x17]Qx1[0x85][0xf7][0xa4][0xf0][0x12][\n]&quot;
2013-02-06 13:51:56,765 AAD-WS DEBUG wire:63 - &gt;&gt; &quot;/[0xa5][0xf0]2[\n]&quot;
2013-02-06 13:51:56,765 AAD-WS DEBUG wire:63 - &gt;&gt; &quot;/[0xa7][0xf0][\n]&quot;
2013-02-06 13:51:56,765 AAD-WS DEBUG wire:63 - &gt;&gt; &quot;[\n]&quot;
2013-02-06 13:51:56,766 AAD-WS DEBUG wire:63 - &gt;&gt; &quot;[0xaf][0xa4][0xf0]*[\n]&quot;
2013-02-06 13:51:56,766 AAD-WS DEBUG wire:63 - &gt;&gt; &quot;7Qx/[\n]&quot;
2013-02-06 13:51:56,767 AAD-WS DEBUG wire:63 - &gt;&gt; &quot;[0xaf][0xa6][0xf0][0xde][0x14][0xde][0x87][0xc2][0xfb]Rx[\r][0x85][0xd7]RX[0xa7]p[0x82][0xc2]I[\n]&quot;
2013-02-06 13:51:56,767 AAD-WS DEBUG wire:63 - &gt;&gt; &quot;[0x1b][0x14]f[0x14]6)[0x9c][0xa2]p[0x9a][0xc2][0x9c][0xc2][0xeb]([0xdc]La[0x8b][0xc2]6[0x85][0x1d][\n]&quot;
2013-02-06 13:51:56,767 AAD-WS DEBUG wire:63 - &gt;&gt; &quot;[0xbb][0x14][0xf6]([0xbc][0x9e][0xc2][0x82][0xc2][0x92][0xc2]&gt;[0x85][0x3][\n]&quot;
2013-02-06 13:51:56,768 AAD-WS DEBUG wire:63 - &gt;&gt; &quot;g([0x9c][0xa5]p[0xb][0x85]s[0x14]n[0xa5][0xf0]~[0x14][0xde][0x9f][0xc2][0x7]P[0xf8]@[\n]&quot;
2013-02-06 13:51:56,768 AAD-WS DEBUG wire:63 - &gt;&gt; &quot;[0x1f]D[0xe1][0x83])|[0x8][0x85][0xf][0xa5][0xf0]a[0x14]&gt;[0x9c][0xc2]GP[0xf8]H[\n]&quot;
2013-02-06 13:51:56,768 AAD-WS DEBUG wire:63 - &gt;&gt; &quot;[0x1f]E[0xe1][0xa3])|[0xc][0x85][0x8f][0xa5][0xf0]q[0x14]&gt;[0x9e][0xc2]&apos;P[0xf8]D[\n]&quot;
2013-02-06 13:51:56,769 AAD-WS DEBUG wire:63 - &gt;&gt; &quot;[0x9f]D[0xe1][0x93])|[\n]&quot;
2013-02-06 13:51:56,769 AAD-WS DEBUG wire:63 - &gt;&gt; &quot;[0x85]O[0xa5][0xf0]i[0x14]&gt;[0x9d][0xc2][0x1b](|[0x6][0x85][0xcf][0xa4][0xf0]Y[0x14]&gt;[0x9b][0xc2][0xe7]P[0xf8]\[\n]&quot;
2013-02-06 13:51:56,770 AAD-WS DEBUG wire:63 - &gt;&gt; &quot;[0x9f]G[0xe1][0xf3])|[0x1][0x85]/[0xa4][0xf0]E[0x14][0xbe][0x98][0xc2][0x97]P[0xf8]R[\n]&quot;
2013-02-06 13:51:56,770 AAD-WS DEBUG wire:63 - &gt;&gt; &quot;_F[0xe1][0xcb])|[0x5][0x85][0xaf][0xa4][0xf0]U[0x14][0xbe][0x9a][0xc2][0xd7]P[0xf8]Z[\n]&quot;
2013-02-06 13:51:56,770 AAD-WS DEBUG wire:63 - &gt;&gt; &quot;_G[0xe1][0xeb])|[0x3][0x85]o[0xa4][0xf0]M[0x14][0xde]H[0xe1]M[0x14][0xde]L[0xe1][0x9b])|[0xb][0x85][0xb7]Px+[0x85]o[0xa5][0xf0]m[0x14][0xbe][0x9d][0xc2]wP[0xf8]N[\n]&quot;
2013-02-06 13:51:56,771 AAD-WS DEBUG wire:63 - &gt;&gt; &quot;[0xdf]E[0xe1][0xbb])|[0xf][0x85][0xef][0xa5][0xf0]}[0x14][0xbe][0x9f][0xc2][0xf]P[0xf8]A[\n]&quot;
2013-02-06 13:51:56,771 AAD-WS DEBUG wire:63 - &gt;&gt; &quot;?D[0xe1][0x87])[0xfc][0x8][0x85][0x1f][0xa5][0xf0]c[0x14]~[0x9c][0xc2]OP[0xf8]I[\n]&quot;
2013-02-06 13:51:56,772 AAD-WS DEBUG wire:63 - &gt;&gt; &quot;?E[0xe1][0xa7])[0xfc][0xc][0x85][0x9f][0xa5][0xf0]s[0x14]~[0x9e][0xc2]/P[0xf8]E[\n]&quot;
2013-02-06 13:51:56,773 AAD-WS DEBUG wire:63 - &gt;&gt; &quot;[0xbf]D[0xe1][0x97])[0xfc][\n]&quot;
2013-02-06 13:51:56,773 AAD-WS DEBUG wire:63 - &gt;&gt; &quot;[0x85]_[0xa5][0xf0]k[0x14]~[0x9d][0xc2]oP[0xf8]M[\n]&quot;
2013-02-06 13:51:56,773 AAD-WS DEBUG wire:63 - &gt;&gt; &quot;[0xbf]E[0xe1][0xb7])[0xfc][0xe][0x85][0xdf][0xa5][0xf0]{[0x14]~[0x9f][0xc2][0x1f]P[0xf8]C[\n]&quot;
2013-02-06 13:51:56,774 AAD-WS DEBUG wire:63 - &gt;&gt; &quot;D[0xe1][0x8f])[0xfc][0x9][0x85]?[0xa5][0xf0]g[0x14][0xfe][0x9c][0xc2]_P[0xf8]K[\n]&quot;
2013-02-06 13:51:56,774 AAD-WS DEBUG wire:63 - &gt;&gt; &quot;E[0xe1][0xaf])[0xfc][\r][0x85][0xbf][0xa5][0xf0]w[0x14][0xfe][0x9e][0xc2]?P[0xf8]G[\n]&quot;
2013-02-06 13:51:56,774 AAD-WS DEBUG wire:63 - &gt;&gt; &quot;[0xff]D[0xe1][0x9f])[0xfc][0xb][0x85][0xa5][0xf0]o[0x14][0xfe][0x9d][0xc2]P[0xf8]O[\n]&quot;
2013-02-06 13:51:56,775 AAD-WS DEBUG wire:77 - &gt;&gt; &quot;[0xff]E[0xe1][0xbf])[0xfc][0xf]Ec[0x14][0x19][0x8a][0x2][0x8a]B[0x8a]&quot;[0x8a]b[0x8a][0x12][0x8a][0x16]PD[0x14]-[0xa4]h[0x11]E[0x8b])ZB[0xd1]R[0x8a]v[0xa2]h[0x19]E[0xcb])ZAQJ[0x91][0xa5]h%E[0xab]([0xda][0x99][0xa2][0xd5][0x14][0xed]B[0xd1][0x1a][0x8a]v[0xa5]h7[0x8a]v[0xa7]h[0xf][0x8a][0xf6][0xa4]h/[0x8a]j[0x14][0xed]M[0xd1]&gt;[0x14][0xed]K[0xd1]~[0x14][0xed]O[0xd1]Z[0x8a][0xe][0xa0][0xe8]@[0x8a][0xe][0xa2]h[0x1d]E[0xeb])[0x1a][0xa7][0xe8]`[0x8a][0xe][0xa1]h[0x3]E[0x87]R[0xb4][0x91][0xa2][0xc3](:[0x9c][0xa2]#(:[0x92][0xa2][0xa3](:[0x9a][0xa2]c(:[0x96][0xa2][0xe3](:[0x9e][0xa2][0x13](:[0x91][0xa2][0x93](:[0x99][0xa2]S(:[0x95][0xa2][0xd3](:[0x9d][0xa2]3(:[0x93][0xa2][0xb3](:[0x9b][0xa2]s(:[0x97][0xa2][0xf3]([0xba][0x7]E[0xe7]St[0x1]E[0x17]Rt[0x11]E[0x17]StO[0x8a].[0xa1][0xe8]R[0x8a].[0xa3][0xe8]r[0x8a][0xae][0xa0][0xe8]J[0x8a][0xae][0xa2]h[0x13]E[0xf7][0xa2][0xe8]j[0x8a][0xee]M[0xd1]}([0xba]/E[0xd7]Pt-Eu[0x8a]&amp;([0x9a][0xa4][0xa8]AQFQ[0x93][0xa2])[0x8a][0xa6])[0xca])[0xba][0x8e][0xa2][0xcd][0x14][0xb5](jS[0xd4][0xa1][0xa8]KQ[0x8f][0xa2][0xeb])*(*)[0xea]S4[0xa0]h[0x86][0xa2]Y[0x8a][0xb6]P4G[0xd1]V[0x8a][0xee]G[0xd1][0xfd])z[0x0]E[0xf][0xa4][0xe8]A[0x14]=[0x98][0xa2][0x87]P[0xf4]P[0x8a][0x1e]F[0xd1][0xc3])z[0x4]E[0x8f][0xa4][0xe8]Q[0x14]=[0x9a][0xa2][0xc7]P[0xf4]X[0x8a][0x1e]G[0xd1][0xe3])z[0x2]EO[0xa4][0xe8]I[0x14]=[0x99][0xa2][0xa7]P[0xf4]T[0x8a][0x9e]F[0xd1][0xd3])[0xba][0x81][0xa2]gP[0xf4]L[0x8a][0x9e]E[0xd1][0xb3])z[0xe]E[0xcf][0xa5][0xe8]y[0x14]=[0x9f][0xa2][0x17]P[0xf4]B[0x8a]^D[0xd1][0x8b])z[0x9]E/[0xa5][0xe8]e[0x14][0xbd][0x9c][0xa2]WP[0xf4]J[0x8a]^E[0xd1][0xab])z[\r]E[0xaf][0xa5][0xe8]u[0x14][0xbd][0x9e][0xa2]7P[0xf4]F[0x8a][0xde]D[0xd1][0x8d][0x14][0xdd]D[0xd1][0xcd][0x14][0xbd][0x99][0xa2][0xb7]Pt[0xb]E[0xb7]R[0xf4]V[0x8a][0xde]F[0xd1][0xdb])z[0x7]E[0xef][0xa4][0xe8]][0x14][0xbd][0x9b][0xa2][0xf7]P[0xf4]^[0x8a][0xde]G[0xd1][0xfb])[0xfa][0x0]E[0x1f][0xa4][0xe8]C[0x14]}[0x98][0xa2][0x8f]P[0xf4]Q[0x8a]&gt;F[0xd1][0xc7])[0xfa][0x4]E[0x9f][0xa4][0xe8]S[0x14]}[0x9a][0xa2][0xcf]P[0xf4]Y[0x8a]&gt;G[0xd1][0xe7])[0xfa][0x2]E_[0xa4][0xe8]K[0x14]}[0x99][0xa2][0xaf]P[0xf4]U[0x8a][0xbe]F[0xd1][0xd7])[0xfa][0x6]E[0xdf][0xa4][0xe8][[0x14]}[0x9b][0xa2][0xef]P[0xf4]][0x8a][0xbe]G[0xd1][0xf7])[0xfa][0x1]E?[0xa4][0xe8]G[0x14][0xfd][0x98][0xa2][0x9f]P[0xf4]S[0x8a]~F[0xd1][0xcf])[0xfa][0x5]E[0xbf][0xa4][0xe8]W[0x14][0xfd][0x9a][0xa2][0xdf]P[0xf4][[0x8a]~G[0xd1][0xef])[0xfa][0x3]E[0xa4][0xe8]O[0x14][0xfd][0x99][0xa2][0xbf]P[0xf4]W[0x8a][0xfe]F[0xd1][0xdf])[0xfa][0x7]E[0xff][0xa4][0xe8]_[0x14][0xfd][0x9b][0xa2][0xff]P&lt;F[0xb1][0xa1]8[0xa0]8[0xa4]8[0xa2]8[0xa6]8[0xa1]x[0x1][0xc5]D[0xf1]B[0x8a][0x17]Q[0xbc][0x98][0xe2]%[0x14]/[0xa5]x&apos;[0x8a][0x97]Q[0xbc][0x9c][0xe2][0x15][0x14][0xa7][0x14][[0x8a]WR[0xbc][0x8a][0xe2][0x9d])^M[0xf1].[0x14][0xaf][0xa1]xW[0x8a]w[0xa3]xw[0x8a][0xf7][0xa0]xO[0x8a][0xf7][0xa2][0xb8]F[0xf1][0xde][0x14][0xef]C[0xf1][0xbe][0x14][0xef]G[0xf1][0xfe][0x14][0xaf][0xa5][0xf8][0x0][0x8a][0xf][0xa4][0xf8] [0x8a][0xd7]Q[0xbc][0x9e][0xe2]q[0x8a][0xf][0xa6][0xf8][0x10][0x8a]7P|([0xc5][0x1b])&gt;[0x8c][0xe2][0xc3])&gt;[0x82][0xe2]#)&gt;[0x8a][0xe2][0xa3])&gt;[0x86][0xe2]c)&gt;[0x8e][0xe2][0xe3])&gt;[0x81][0xe2][0x13])&gt;[0x89][0xe2][0x93])&gt;[0x85][0xe2]S)&gt;[0x8d][0xe2][0xd3])&gt;[0x83][0xe2]3)&gt;[0x8b][0xe2][0xb3])&gt;[0x87][0xe2]s)&gt;[0x8f][0xe2]&quot;
2013-02-06 13:51:56,775 AAD-WS DEBUG wire:63 - &gt;&gt; &quot;{P|&gt;[0xc5][0x17]P|![0xc5][0x17]Q|1[0xc5][0xf7][0xa4][0xf8][0x12][0x8a]/[0xa5][0xf8]2[0x8a]/[0xa7][0xf8][\n]&quot;
2013-02-06 13:51:56,776 AAD-WS DEBUG wire:63 - &gt;&gt; &quot;[0x8a][0xaf][0xa4][0xf8]*[0x8a]7Q|/[0x8a][0xaf][0xa6][0xf8][0xde][0x14][0xdf][0x87][0xe2][0xfb]R|[\r][0xc5][0xd7]R\[0xa7]x[0x82][0xe2]I[0x8a][0x1b][0x14]g[0x14]7)[0x9e][0xa2]x[0x9a][0xe2][0x9c][0xe2][0xeb]([0xde]Lq[0x8b][0xe2]6[0xc5][0x1d][0x8a][0xbb][0x14][0xf7]([0xbe][0x9e][0xe2][0x82][0xe2][0x92][0xe2]&gt;[0xc5][0x3][0x8a]g([0x9e][0xa5]x[0xb][0xc5]s[0x14]o[0xa5][0xf8]~[0x14][0xdf][0x9f][0xe2][0x7]P[0xfc]@[0x8a][0x1f]D[0xf1][0x83])~[0x8][0xc5][0xf][0xa5][0xf8]a[0x14]?[0x9c][0xe2]GP[0xfc]H[0x8a][0x1f]E[0xf1][0xa3])~[0xc][0xc5][0x8f]ek[0x17]?nA[0xfc]x[0x8a][0x9f]@[0xf1][0x13][0xe1]z[0x12][0xc5]O[0xa6][0xf8])[0x14]?[0x95][0xe2][0xa7]Q[0xfc]t[0x8a]o[0xa0][0xf8][0x19][0x14]?[0x93][0xe2]gQ[0xfc]l[0x8a][0x9f]C[0xf1]s)~[0x1e][0xc5][0xcf][0xa7][0xf8][0x5][0x14][0xbf][0x90][0xe2][0x17]Q[0xfc]b[0x8a]_B[0xf1]K)~[0x19][0xc5]/[0xa7][0xf8][0x15][0x14][0xbf][0x92][0xe2]WQ[0xfc]j[0x8a]_C[0xf1]k)~[0x1d][0xc5][0xaf][0xa7][0xf8][\r][0x14][0xbf][0x91][0xe2]7Q|#[0xc5]7Q|3[0xc5]o[0xa6][0xf8]-[0x14][0xdf]B[0xf1][0xad][0x14][0xbf][0x95][0xe2][0xb7]Q[0xfc]v[0x8a][0xdf]A[0xf1];)~[0x17][0xc5][0xef][0xa6][0xf8]=[0x14][0xbf][0x97][0xe2][0xf7]Q[0xfc]~[0x8a]?@[0xf1][0x7])[0xfe][0x10][0xc5][0x1f][0xa6][0xf8]#[0x14][0x94][0xe2][0x8f]Q[0xfc]q[0x8a]?A[0xf1]&apos;)[0xfe][0x14][0xc5][0x9f][0xa6][0xf8]3[0x14][0x96][0xe2][0xcf]Q[0xfc]y[0x8a][0xbf]@[0xf1][0x17])[0xfe][0x12][0xc5]_[0xa6][0xf8]+[0x14][0x95][0xe2][0xaf]Q[0xfc]u[0x8a][0xbf]A[0xf1]7)[0xfe][0x16][0xc5][0xdf][0xa6][0xf8];[0x14][0x97][0xe2][0xef]Q[0xfc]}[0x8a]@[0xf1][0xf])[0xfe][0x11][0xc5]?[0xa6][0xf8]&apos;[0x14][0xff][0x94][0xe2][0x9f]Q[0xfc]s[0x8a]A[0xf1]/)[0xfe][0x15][0xc5][0xbf][0xa6][0xf8]7[0x14][0xff][0x96][0xe2][0xdf]Q[0xfc]{[0x8a][0xff]@[0xf1][0x1f])[0xfe][0x13][0xc5][0xa6][0xf8]/[0x14][0xff][0x95][0xe2][0xbf]Q[0xfc]w[0x8a][0xff]A[0xf1]?)[0xfe][0x17][0xc5][0xff][0xa6][0xf8]?[0x94][0x8c]Qb([0x9]([0x9])[0x89]([0x89])I(Y@[0x9]Q[0xb2][0x90][0x92]E[0x94],[0xa6]d[0x9]%K)[0xd9][0x89][0x92]e[0x94],[0xa7]d[0x5]%)%[0x96][0x92][0x95][0x94][0xac][0xa2]dgJVS[0xb2][0xb]%k([0xd9][0x95][0x92][0xdd]([0xd9][0x9d][0x92]=([0xd9][0x93][0x92][0xbd]([0xa9]Q[0xb2]7%[0xfb]P[0xb2]/%[0xfb]Q[0xb2]?%k)9[0x80][0x92][0x3])9[0x88][0x92]u[0x94][0xac][0xa7]d[0x9c][0x92][0x83])9[0x84][0x92][\r][0x94][0x1c]J[0xc9]FJ[0xe][0xa3][0xe4]pJ[0x8e][0xa0][0xe4]HJ[0x8e][0xa2][0xe4]hJ[0x8e][0xa1][0xe4]XJ[0x8e][0xa3][0xe4]xJN[0xa0][0xe4]DJN[0xa2][0xe4]dJN[0xa1][0xe4]TJN[0xa3][0xe4]tJ[0xce][0xa0][0xe4]LJ[0xce][0xa2][0xe4]lJ[0xce][0xa1][0xe4]\J[0xce][0xa3][0xe4][0x1e][0x94][0x9c]O[0xc9][0x5][0x94]\H[0xc9]E[0x94]\L[0xc9]=)[0xb9][0x84][0x92]K)[0xb9][0x8c][0x92][0xcb])[0xb9][0x82][0x92]+)[0xb9][0x8a][0x92]M[0x94][0xdc][0x8b][0x92][0xab]1[0x9b][0xe2]I[0xd6][0xe1][0xc9][0xbd])[0xb9][0xf];[0x92][0xfb]Rr[\r]%[0xd7]RR[0xa7]d[0x82][0x92]IJ[0x1a][0x94]d[0x94]4)[0x99][0xa2]d[0x9a][0x92][0x9c][0x92][0xeb]([0xd9]LI[0x8b][0x92][0xf6][0x82][0xa4][0xb3][0x88]gh[0xa7],H[0xba]f,nw[0x8b][0xde][0xb4][0x19][0xdb][0xef][0xfc][0xc9]n{C9[0xe8]l[0xb8][0xae]&gt;S[0xdf]0[0x9d][0xb5]z[0x1b][0xca][0xac]^LNo8?[0xef]g[0x17] [0xd6][0xf1]f,9![0xef][0xe4][0xfd][0x93][0xcc]Xx[0xe0]AW[0x98][0xb1][0xe8][0xf4]n#3c[0xcb][0xce][0xcf];[0xd9][0x85][0x83][0xf6]DV\V[0x9f]h[0xb1][0xf]Me[0xfd][0xb]T[0xf3][0xda][0x3][0xf][0xda]1[0xdd][0x8b][0xa0]:[0xaf][0xb7][0xf2][0xad]Pp[0xc2]d[0xcb]e[0xb5][0xe8][0xd2][0xee][0xa0][0x98][0xcc][0xce][0xca][0xa1]xE[0x95][0xe2][0x9a][0xac]s[0x8][0xf4]-[0x9][0x8f][\n]&quot;
2013-02-06 13:51:56,777 AAD-WS DEBUG wire:63 - &gt;&gt; &quot;[0x8f]^[0x12][0x1e][0x11][0x1e][0xb9]$[0xe9]%[0xd7][0x9b]1+[0xb9][0xc][0xfa]yk[0xc3]9[0xf5]r[0xba][0x8f][0x12]q[0xa4][0xa4]0c[0xcb]%[0xa8]U[0xef]Lm[0xb8][0xb4]_[0xe4][0x9d])3f[0xea]f[0xec][0xac][0xfa]D[0xbd][0xd3][0xe8]v[0xb2][0xa2][0xe6][0x98][0xc7][0xd2][0x93][0xac][0xe1][0x19][0xa7][0x1a][0xa1][0xc3][0x8]E[0xc9][0xfa][0xeb][0x13][0x8d]n;CrA[0xf6][0x8a][0xeb][0x13][0xdd]A_q[0x86][0x1f]`[0xdf][0xfa]d[0xce][0xba]X[0x94]&quot;[0xf3]I[0x85][0xfe][0x9c][0xc3]&lt;[0xe3]TI}[0xb2][0xe8][0x96]L[0xf6][0xa9]O[0xf6]9[0xa0][0x8f][0xc8]}[0x14]b[0xb2]/[0x5][0x98][0xec]w[0xb][0x95][0x12][0x9b][0x3][0x1a]LN[0xac]7[0xc0][0xa0][0xba][0xd1][0xc8][0x84]Jl[0x1][0xf1]d[0xfd]x:G4^[0xa1][0x92][0xd3][0xb7][0xea][0x8d][0x99][0xac][0xe8][0xe7]eV[0xab]X9[0xa4][0x8d][0x8a][0xaa]V[0xe7]][0x8c][0xd0][0x91][0xd8][0xfc][0xfc][0xfd][0xf9][0xae]r4[0xbd][0xd4]M[0xb3][0x9f][0x15][0xc0][0xa9]z[0xde]1c[0xb][0x4]K[0xae][0xad][0xb0]&gt;[0xd5][0x85]l[0xb5][0xf0]t[0xad]v[0xb7][0x94]*lu[0xd1]d[0xb][0xea][0xad]&quot;[0xab]7[0xe6][0xb8][0xff][0xd5][%[0xc7][0xa3]z[0xab]?[0xdd][0x1d]Lqo[0xdb][0xa3][0xde][0x1a][0xb4];[0xf5][0x9a]B[0xa6]8([0x15]sQ6[[0x9f][0xe3][0xbc][0x17][0xd5][0xa5][0x9d][0xb4][0x91][0x16][0xd6][0xdb][0xdc][0x1e][0xd3]y[0x8f][0xf9]b[0xf0][0x9a]xp[0x9e]K[0xeb][0xed].[0x9e][0x15][0x12][0xee][0xa0][0xce][0xe5]\Q[0xef][0xd4][se[0xce]j[0x85][0xa0][0xc5]B[0xee][0x5]fle[0xbd][0xd3][0xed]Os[0x8d][0x8c]H[0xe]\S[0xef][0xf4][0xb3][0xe][0x8a][0xa5]Xz[0xc2][0x1d]b[0x15][0xd3][0x9c][0xe3]IM;[0x9a][0xab]B~[0xc2][0x9d]Xr[0xe7][0xe2][0x90][0xb9][0x89].[0x1e][0x99][0x98][0xf5][0xa7][0xa5][0xeb][0xee]Y[0xef][0xf5][0xb2]N#[0xdf]R[0xf3][0x4]*[0x94]N[0xa2]L[0xb][0xea][0xbd][0xa2][0xdb][0xeb]2[0xdb][0xb5]~[0xfd][0xa0]^[0xe4][0x83]v[0xcd][0x93][0xd2]1[0xe9][0xfe][0xc5][0xd4]@[[0xcb][0x91]RX[0xa6][0xd2]9[0x1a][0x2][0xd2][0xf0][0x8a][0xce][0xbf]p[0xc0][0xb9][0x1c][0xcb][0xfa][0xd0]u[\n]&quot;
2013-02-06 13:51:56,777 AAD-WS DEBUG wire:63 - &gt;&gt; &quot;[0xed]6[0xdc][0x83][0x9d][0xa3][0xa3]P8([0x5]U[0x95][0xef][0xb][0x9]G[0x1f][0xa0][\n]&quot;
2013-02-06 13:51:56,778 AAD-WS DEBUG wire:63 - &gt;&gt; &quot;[0x83]z[0x89][0xa7],&apos;[0xb2][0xb2][0x8f][0xa2][0x7]ui[0x86]~[0xb][0xb5][0x6][0x89]&apos;;[0xa6]&gt;[0x98][0x82]:[0xc8]R[0x1][0x5][0x4][0x8a]ZG|P[0xe1][0x91][0x93][0xd6][0x99][0xea][0xc3]*[0x96][0x9e][0xa8][0x2]0[0xa7][0xc2][0xd1]*B][0xdf][0x9d][0x11][0xc7]0m1d%z[0xe1][0xa0][0xdf]m[0xd7][0xfb][0xdc][0xe0]J$[0x9d]c[0x1c]~[0x82]s[0xe4]C[0xcd]ShV[0x91][0xb2]b[0x8d]*[0xde]$[0xba][0xe8]L7/[0x1a][0x83]^[0x17][0x1d][0xe5][0xf2][0xfa]l}3[0xa7][0x81][0xe4][0x4][0xb3]][0xef]h[0xa8][0xa3][0xa3][0xae][0xc2]A)([0xd9])[0xaa]G[0xd6][0xf1]^[0xc2]J[0xbc]\[0xfc][0xa6][0x98][0xb1][0xd5][0xf5][0xd9][0xe6][0xa0]U[0x13][0xd9][0x9a]S[0xec]d[0xa5][0x8c]v[[0xf0][\n]&quot;
2013-02-06 13:51:56,778 AAD-WS DEBUG wire:63 - &gt;&gt; &quot;H[0xaf][0xdb][0x92]K[0xbb],[0x9f][0xe0]A[0xac][0xd5][0xe2][0x17]N[0x9][0xbf]q[0xe9][0x4]F.[0xe9]{[0x8e]q[0x97][0xdb]c[0x82][0x87][0xac]Y[0x1e][0xbc]2[0x91]}[0xe]j[0xb0]r[0x96][0xaa]:[0x9c]@/X&lt;[0x81][0xd6]f_y!&amp;+W&amp;[0xa2]![0x1]\h[0x5][\r][0x11]%[0xdc][0xe1]XKE\&quot;itO\l[0x17][0x8d][0x7]a[0x91][0x9c]Km[0x82]k[0x8f]_[0x93]&quot;[0xab][0xf1][0xc3][0xcd]r[0xa7][0x9b][0xe5][0x8e][0xc3][0xbe]\[0x8f][0x13][0x99][0xbc]wGN[0xb0][0xf1][0xaa]Ap[0xe2].[0x2][0xbb]E&apos;[0x13][0xf])[0x8e]b)$+[0x1c][0xb0][0xea][0x8d][0xcc][0xfa]p[0xf6]%[0xac]/[0x1a][0xb5][0xe5][0x1d]:[0xff][0xc2][0x1]^[0xe1][0x89]l[0xb2]&gt;(y[0x9c][0xd8][0x93][0x19][0xdb][0x94][0x9a][0x2]bN[0xd6][0xbd]S[0x8a][0x85]26E 0[0x9b][0x91]8Y[0x13][0xf5][0xc4] Q[0x16]1[0x83]rQ[0x9d]LdM.[0xbd][0x19];e&quot;[0x9b][0xca]Q[0x16][0x96]H3U[0x17][0xc7][0xc0]yu[0xb4][0x80][0x8e][0x95][0x8e][0x8a][0x1e]%[0xac]k[0xd9]D6]o!w[0x86][0x19][0xf4][0x84]%RYZe[0xec][0xdc]0[0xc1][0xa3]R[\r][0x2][\n]&quot;
2013-02-06 13:51:56,779 AAD-WS DEBUG wire:63 - &gt;&gt; &quot;[0xd0][0x10][0x18][0xa5]$B[0xa7][0xe1][0xd4]v[0x1a][0xa2][0xb4][0xa3][0xb6][0xe8]B[0x9e]Md[0xf5][0x19]&lt;[0xa1]`[0xe9]ICH[0xb3][0xef][0xdc][0xaa][0xc4][0xb1]*[0x92]6[0xf6][0x90][0xb3][0xc2][0x9d]xD[0xc9][0x1b][0xd0][0x7][0xc0][0xa8][0x8c]![0x6]Ni[0x8f][0xb2]/[0x9a][0xcb][0xbe][0xd4][0xd4]^[0x13][0x19][0x82]$[0xa4][0xef][0x9a][0xa8][0xf][0x9b][0xab][0xa0]-[0xd3][0xcf][0xdb][0x99]c[0xb3][0xdc]?[0xa4]Jy[0xb4][0xe6]A[0xec][0x88][0x9][0xb6]![0x13][0xb0][0xf1][0xdc][0xa5]3[0xb0][0x6]Z;W{[0xec][0xb0]T[0xff][0xc2][0x1][0x8c][0xd2]D.Nq[0x1c]:[0x91][0xa3][0xca]r[0xa9]2[0x8c][0x8d][0xc2]5[0xbd][0xaf][0xb3]\[0xeb],wuF[0x13]9[0x97]:[0xef]Kg[0xe3][0x89][0x12]8*N}[0xa5][0xc3][0xe5][0xfa]0[0xb9][0xeb]n[0xb9][0xf4][0xb6]\;[0x9b][0x9d]h[0xd5]&apos;77[0xbb]][0x8e].,[0xcb][0xfa][0xe8][0xee][0xad][0xc]U[0x3]Y[0x2][0x1c][0x17]=[0x8e][0x94][0xca][0xa0]K[0xb1][0x94]t[0xdd][0xd9][0x1a][0x84][0x84]*[0xed][0x88][0xd4][0xa4][0x82][0xa5][0x10]I[0x8][0xe0]t[0xab]&amp;[0xba][0xdd][0xcd]%[0xcf][0x12][0xb9];9&amp;=*[0x9a]`sj[0xc6]Nsu[0x1][0xe9]*&amp;sNQ[0xeb][0x88][0xf]*&lt;:[0x8f][0x96][0x8c]/[0x9c][0xc7][0xa0][0x98][0xca]x[0xfc][0xac]U,[0xc7][0xb4]s[0xa2][0xa8][0xd7][0xf8]O[0x86][0xb2][0xa2]&gt;[0xdd][0xc6][0xab][0xa0][0x88][0xe9][0xd5][0x4][0xf7][0xa7][0xcd]5[0x91][0x9c][0xb0][0xc0]H+[0xb2][0xa3]~[0x92][0xbf]#[0xa5]2[0xe4][0xaf](5RHM[0x16]Z[0x93][0x85][0xe7].[0x9d][0xaf][0xc9][0xc2][0xd5]d[0xe1]k[0xf2][0x98][0x9][0x1d]X[0xdc][0xb0]R`[0xaa][0xd3]Wg[0xe5][0xef][0x82][0x18]$[0xa9] &apos;=jb[0x90][0xb7]8[0x1b][0xc8]R[0xa0][0xaf][0xe]I[0xe8][0x88][0x6]H[0x9e][0x8a][0x9c][0xf0][0x92][0x9][0xc][0xe2][0x3][0x19]&lt;[0x7]2[0xd8][0xe]J[0x7][0x9a][0xb4][0xf4][0xe8][0x14][0x94][0x15][0x11]=b[0xe6]%M[0xe1][0x80][0x95][0x1e][0x6][0xa6][0xce]rD[0xe1][0xa8][0xc6][0xdb]&amp;[\n]&quot;
2013-02-06 13:51:56,779 AAD-WS DEBUG wire:63 - &gt;&gt; &quot;&apos;0^?1[0xe0][0xa1]}0&apos;[\r]&amp;[0x8f]?[0x98][0xd3]ds.[0xd5][0x9c]$[0x9a][0x93]4[0xc1][0x4][[0xae][0xc3]&amp;1$M[0xca][0x80][0xa4][0xd0][0x10]@2[0x87][0xce][0xbf]p[0x80][0x81]j[0x92][0x9b][0x9c][0xff][0x10][0xd2][0xe9]H[\n]&quot;
2013-02-06 13:51:56,780 AAD-WS DEBUG wire:63 - &gt;&gt; &quot;[0x1d][0x1][0x1d]:[0xff][0xc2][0x1]:[0x8a][0xa4][0xe8][0xe]Z[0x1a][0xb7][0x8b]W[0x86]IW2eP[0xd9]Pp[0x9a][0x84][0xb8][0xf0][0xc2][0x1][0x1a]z[0xb2][0xde][0x9f][0x9c][0xae][0x89][0x94][0xe4][0xf2][0xa4][0xe2][0xd4][0x84]JJ[0x17][0xa3][0xf0][0xc8]IO[0x9e][0xd4]1o[0xd2][0x99]7Ed[0x9b][0xf9])M[0xc5][0xaa][0xd0][0xa2]&quot;[0x18]|&amp;5[0xbd][0xc][0x96]GO[0xfa]p[0x9]u([0xea]@T[0x9d]c&gt;T_[0xad]q.&quot;[0xaa][0x2][0xb2][0xe0]7C[0x88][0x18]Zay9][0x91][0xd6][0x1c][0xca]=[0xdd][0xc5]&lt;Q[0x1][0x91][0x9c][0xab][0x94][0xb4][0xec])y9R[0xba]x[0x85]Gtq[0xac][0x14]9JK[0xc3][[0x3][0xef][0xc8]GH[0xa9][0xc][0x9][[0xfe][0xdd][0xe0]Fk[0xb5][0xba][0xd7][0xf]05[0xf1][0xb4]&gt;[0xe2][0xc9]Q[0xd6][0x8b][0xc9]U[0x83]+[0xe6]V[0x8d][0xad][0x83]RB[\n]&quot;
2013-02-06 13:51:56,780 AAD-WS DEBUG wire:63 - &gt;&gt; &quot;[0x95][0x1c][0xfb],&amp;[0xda][0x8][0x8a][0xa5]&apos;[0xa8]7e.[0xf1][0xb0]!\[0x84]b[0xc8][0xb4]dm[0x99][0xc6]K[0xc9][0x94][0xd6]G&lt;9J[0xe]W+[0xf3][0xd9]9Z[0x8e]p[0xcd][0xd4]9\[0xbe]C[0xd7][0xbc][0x98][0xc5]&lt;[0xc7]hP[0xbd][0x98][0xf3]y[0xe5][0xc3][0xbc][0xf2][0x91][0xbc][0xf2][0xd1][0xbc][0xf2]yy[0xe5][0xf3][0xf3][0xca]G[0xf3][0xca][0xe7][0xe5][0x95]Wy[0xed]6[0xd9][0xed]L[0xf2][0x1a][0xb1][[0xf3][0xa4][0xf4][0x8c]&apos;[0x93]+[0x99]6|A[0x1c][0xc3]Br[0xb2][`[0xed][0xb6]7c?[0xdb]R[0x3]`[0x9]TS[0xb7]#9[0xbf][0xe4]&lt;[0xc4][0xf3][0xab]Z[0xe2][0x8f][0xc7][0xf3]I[0x1e]b{5[0x91]%[0xa0][0xd7]W[0x87]&lt;[0x81]#[0xa5]2[0x94][[0xd1]ypY[0x97]Nb[0xf9][0x2][0xb7][0xce]~wg[0x82]W[0x82]g[0xf5][0x8e][0xd5]+[0xd2][0xc2][0xa3][0x15]s[0xbd]~[0xb5]v[0x1c]qe[0xd2][0xd5][0x6]E[0x91]O[0xe]ZhsG[0xeb][0xb5][0xa1]g9[0xf4][0xe5]%[0xf3][0xa2]F[0xbd][0xcf][0x11]Y[0xf2]lz[0xa7]F}[0x8e])[0x8f][0x8d][0x8d]z[0x8e][0x97][0xea][0xd0]FVo[0xd5] J[0x91]}[0x91]x*[0x87][0xea][0xcd][0xcf][0xa4][0xc0][0xd9]_[0xdb][0xc8][0xf8][0xb1][0xa4]f+V[0xe])7p[0xc5]U[0xcf][0xd0]1[0x1a][0xad][0x18][0xe5]#[0x1]x[0xfe]E[0x8d]L[0xc2]%[0xbf][0x15][0x8d][0xa1]^[0xd1][0xc3][0xcf][0xb1]sC[0xa6]f[0x85]&gt;[0x9a][0xe7][0x1c]p[0x2]w[0xff][0xa9]N[0x17][0xb5][0xe6]X6d[0x15]ix&amp;[0x5]T*[0xeb][0xa5][0x15][0xec][0xd0]:W[0x82][0xea][0x1e][0xc7][0x1a][0xb9]&amp;[0xb]e[0x91]H&lt;[0xa9][0x9]&apos;[0xf5][0x99][0xd8][0xb3]P[0x89][0x99]U#[0xd7][0xd8][0xbc][0x96]V*[0xe9][0x90]L[0xcc][0x90]HU[0xb][0x15]H?[0x10]2[0xa5]:[0xa7][0xa6][0x9c][0xd2][0xa9])[0xd1]:[0xa5]C[0xd0][0xc6]F&gt;[0x3]e3[0xa2]mF[0x82]f[0xa4][0xe2][0xba][0xce][0x1f][0xe5][0x9a]Q[0x1d]3[0x9a][0xc5][0x15][0x12][0xbd][0xaf][0xa9][0xfa][0xa5]C[0x97][0xb4][0xd4]jW[0xd6]p[0xc4]%W[0xe6]C[0xb5][0xa9]+[0xca][0x8a][0xf]lt9_)[0x9][0xa7][0xc4][0xae]C[0xa3]+I[0xbb][0x9a][0xc][0xa6][0xaa][0xa1][0x86]j[0xa6][0xd1][0x9d][0xd4]-[0x3]O[0xca][0x8a]![G5u[0xc5]G[0xe2][0x14]#t[0xe8][0xad]+[0xe2]y[0xae][0x91]@[0xc][0xf][0xc4][0x5][0x90]B[0xa2];I[0x1d]ug[0x9c]c[0xb6]S[0xf6][0xeb]9J[0x17]7[0xba][1[0x1d]?[0xb2]Q[0xd4]gk[0x10][0xac][0xa5][0xc8][0x94]vDJ[0xc9][0x14]K!([0x91][0x0][0x96][0xe7][\r]6k[0x9b]k&quot;%T[0x1c][0x3][0xef][0xa5]i[0x95][0x94][0xca]$[0xb5] &apos;?[0x83])JVh[0xb3][0x16]][0xef][0xe8][0x8][0xb8][0xe4]3&gt;[0xf5][0x8c]&amp;[0xd6]f[0x17]TC[0xba][0xb4]1[0xe0]t[0xd8]i[0xc][0xf0]R&apos;[0x8d][0x81][0xdb][0xb2][0xe4]N[0x18]e[0xf5]I[0x9e][0xc][0x1f][0x91][0xd5][0xd1][0x9f]DV[0xc8]}C[0x8][0xaf][0x85][0x5]e1\1[0xd4][0xd6][0xce][0xbc]$[0x95][0xd0][0xa2][0x95]K2 [0xb6][0xb7][0xd2][0xcc]/[0x94]=[0xe1][0xd8][0x87]`[0xd9]*[0xab]V[0xec]M[0xe8][0xc2][0xd5][0xad][[0xfd][0xb2]UW[0xad]~[0xd1][0x9a]f[0xcd]fk0[0x3][0xeb][0xe5][0x18][0xbf][0xc3]I[0x86][0xad]-[0x1e][0xba]v[0xcb][0x9c][0xd9][0xca][0xbc][0xcd][0xca]Fl[0xcd]2[0xcc][0xfb]e[0xc6][0xcf][0xb2][0x89]V[0xdc][0x98][0xb5]Zy[0x8f][0xdf]s[0x87][0xa5][0x12]~[0xb3]+[0xc2][0x83][0xdd][0x90][0xa2][0xae][0xe][0xd3][0xb8]yyW[0x12]EY[0xb][0xb][0xed][0xbd][0xb2][0xf6]D[0x17][[0x18][0x82][0xb9][0x83]I[0x87]e[0x9b][0xad]P[0xd6][0xe6][0x8][0xfa][0xc][0x9e]aH[0xcb][0xda][0xbd][0xe9][0xba]d*[0x4]5[0x9d]3mu[0xe7]j[\n]&quot;
2013-02-06 13:51:56,781 AAD-WS DEBUG wire:63 - &gt;&gt; &quot;[0xa5]C~E[0x94]H[0x1d][0xaa]WQ[0x91]*VV[0x11][0xef][0xe5][0xf2][0xf4][0xd4]{[0xeb][0xa6]{[0x92]ut[0x13]t[0xdf][0x8c][0xe7]/[0xad]|B6]*^[0xaf][0x8d]xc=[0x9c][0x15]:[0xd2][\n]&quot;
2013-02-06 13:51:56,784 AAD-WS DEBUG wire:63 - &gt;&gt; &quot;[0xd6][0xf1][0xfc]3[0xb2][0x1b][0xb][0xe0][0xea]X$[0xe8][0xf6][0x1a][0xf7][0xcb][0xb6]t[0xa5][0xf2][0x4]P_[0x8e]j[0xe7]R_3[0xb6]%[0xdb][0xc2][0x16]R[\r][0xf4][0x90][0x96]#[0x1c][0x8f]^9[0xe4][0xf1]G][0xf3]b[0x16][0xf3][0x1c][0xa3]A:N[0x8c][0xb8][0xd9][0xba],[0xc9][0xb6][0xf4]y[0xf1]&amp;[0x12][0xb3][0xc2]&amp;[0x17][0xb2][0x6]Q[0xd6][0x9a][0x99][0xa3][0xdc]q[0x1][0xc8][0xd6]a[0xa9][0xfe][0x85][0x3]N[0xb8][0xb2]Y[0x87][0xab][0x90][\r]\E[0xbc][0x19][0xcb]y1[0xcc][0x8a]2h[0xcb][0xf4][0x5]=[0xa4][0x89][0xd5]\S[0x16]sM[0xc7]D[0xb5]_[0xc9]5u![0xd7][0xf4][0xeb][0xb8][\r]H*[0xe9][0xa5]L}[0xa1].E[0xcb][0xa7]hi[\n]&quot;
2013-02-06 13:51:56,785 AAD-WS DEBUG wire:63 - &gt;&gt; &quot;-L[0xbd][0x99][0x15]R[0x99][0xe]KO$[0xbb][0xc2][0xd7][0xe1][0x90]V[0x11][0xb4][0x8a]F[0x1d][0xc3][0xb4][0xc5][0x90][0x95][0xf2]d[0xb3][0xec]1+[0xde][0xb3][0xf2][0xb0]G7s,&lt;Dr2]p[0x89]Krs[0xa4]T[0x86]t[0x8a][0xa2],[0xd7][0xdd]U[0x87][0x18][\r][0x9a]y[0xab][0xee][0xfc][0x94]`s[0xa3][0x89][0xcd][0x8d][0xa6]ln4eA[0xdf]t[0x9b][0x1b]M[0xbf][0xb9][0xd1][0xd4][0xcd][0x8d][0xa6][0xdf][0xdc]X[0xd9][0xcc][0x8b][0xb6]W[0xe4][0x18][0xe6][0xca][0xcd][0x16]Z[0xa6]%M[0x83][0xcd][0x9]PQ[0xa4](}Ak[0xd9][0xd5][0xb1][0xac][0x10][0x9a]~[0x85][0xd0][0xac]V[0x8]M[0xb7]BhV+[0x84]E[0xcd]V[0x17][0xba][0xc5][0xde][0x9c][0xd8][0xe4]N[0xdf][0xc4]@[0x9][0xd5][0xb3][0xf0]fc[0xc2][0x9e][0xaa]e[0xce][0xeb]P[\r][0xe8][0xb0][0xec])[0xe]][0x93]^[0xd0]dC[0x86][0xa7][0x9d][0xcc]kB[0xb3][0xd2]aCQ[0xf4][0x80]T!U[0xd0]0[0xc][\n]&quot;
2013-02-06 13:51:56,785 AAD-WS DEBUG wire:63 - &gt;&gt; &quot;[0xbb]2[0x91]=[0xb9][0xd9][0xd5][0xca][0xe8][0xba][0x9e][0xd1][0xf5][0x1d][0xa3][[0xf5][0x8b][0xee][0xb0][t}[0xd3]w[0xab][0x96]_([=[0xba][0xcb]s[0xa0]r[0x16][0xa5]H[0xd1][0xd3]uZ[0xba][0x9a][0xb0][0xab][0xc9][0xf6][0x1a][\r]p[0xca][0xe7][0xc7][0x8][0x9b]][0x1e]H[0xce]g[0x89]}0[0x85]R[0x10][0xbb]a[0xea][0xc6][0x86][0x98]c[0xaa][0xab][0xa8][0xb6][0xc5]|[0x84]b[0xc8]X[0xe9]i[0xd8][0xad],3I[0x9f][0x95]l[0xd8][0x9d][0xbb][0xe3][0x89]S[0xe3]h[0xe9]yQ[0x11]Vr[0x9c][0xf0][0xbe]z[0xf5]][0x9c][0xbe][0x8f][0xd3][0xaf]T[0xf8][0xf7]g[0xc8][0xb1][0xd3][0xce][0xce][0xa9]L[0x12]Oe[0x9a]x[0xaa][0xdb]w[0xd0][0xd7][0x82]L[0xb9][0xed][0xc2]!-=[0xd7]\[0x94]y[0xcf][0xe6][0x80][[0xf2]\[0xe6]%[0xf6][0xf0][0x1d]J`[0xd9][0xed]n[0xf6][0x1e][0x1d]G[0x9c][0xe2][0xd2][0xed]0[0xb9][0xd0][0xa2]&quot;[0xd8]Bpo[0x93]n[0x8f]5[0xdd][0xf6]X[0xd3]o[0x8f]5[0xab][0xed][0xb1][0xa6][0xdb][0x1e]s[0xc8]I[0xaf]k[0x16]u[0xf7][0xf2]:RV[0xc]:[0x1c][0x15]5C&gt;[0x8c][0xe3][0xaa]l[0xd4]5[0xa2][0xa0][0x18][0xa1][0x9c][0xd9])[0xcd][0x2]MY[0xc8]k[H+[0x81][0xf7][0x5][0x1a]&quot;5[0xa3][0xc]{[0xfa][0x0][0xb1]4[0x9e][0xe0][0x85]&lt;[0x19][0x8e][0xad][0xaa]d[0xab][0xa8][0xe9][0x8a][0xb][0x93]?[0xf5][0xf4][0x1a][0xb6][0xba]r&quot;^[0xe1][0x11][[0x8a][0x1c][0x99][0xed][0xf9][0x1a][0x1c]m[0xd4][0xf4]|[0x3][0x12]q[0x0][0x18][\n]&quot;
2013-02-06 13:51:56,785 AAD-WS DEBUG wire:77 - &gt;&gt; &quot;7[0x8e]z[0xa0][0xd9]|T[0xa5]([0xea][0xc0]Y[0x14]E[0xac][0x3][0x9b]&lt;[0xc2][0xe0]Ug[0xc8]k[0xea][0xc8][0xd4][0x89][0x17]w[0x1]K[0xec][0x8a][0x9a][0xb1][0xfd][0xa7][0xea][0x9d][0xa9][0x16]jMI[0xbd][0xe6]=[0xca][0x8a]a[0x1][0xb3]|[0xaa][0xae]f[0xc0]!V[0xe]Su[0xc4][0x91][0xb1]B[0xa0]![0x80][0x82]8t[0xfe][0x85][0x3][0xc][0x95].M6[0x9a]2[0xe3][0xa5]0Pm[0xda][0x86])[0xb6]PS0P,[0xf0]t[0x0]Q[0x9a]9{)[0xfe][0x85][0x3][0xb4][0x2][0xf][0x95][0xd8]&amp;U([0x1d][0xf2]TA[0xc9]\[0xed]l[\r]?[0xdb][0x85][0x9f][0xed][0xc3][0x95][0xf0]D[0xe3]p[0xbc]S[0xf2]B[0xe1]mr[0xaf][0x92][0x8f][0xaa][0x97][0xc8][0xbd]A[0xee][0xf5]A[0x5]`[0x92]=%s[0xec][0xa9][0xba][0xa3][0x1d]HI[0xe6][0xe6][0xd7]S2[0xbd][0x16][0xc9]i[0x8e][0x9f]j[0xd5][0x1b][0xb9]L[0xee][0x1c][0xcb]k[0x95]WVy[0xd6]+2[0xf4][0xe2][0xf9][0xd5]R[0xe6][0x1d][0xf1][0xe9][0xc8][0xf9][0x1]k[0x1b][0xe4][0xd2]+[0x99]ds&quot;E[0xa8]G[0xa3]&amp;[0xe1]S[0xe][0xd4][0xb3]P[0xc9][0xa9][0xf][0x9a][0xea][0xf2][0xb3]f8_B[0xc3]b[0xb9]5%&quot;
2013-02-06 13:51:56,786 AAD-WS DEBUG wire:63 - &gt;&gt; &quot;[0xcb][0xad])]nMa[0xb9]5[0xa5][0xcb][0xad][0x95]S[0xdd][0x86]n[0xab]yR`f[0xbc]~[0xaa][0xdb]m[0xc8][0x89][0x84][0x1c][0x9c][0x94]P[0xd3][0xc5]9[0x1a]@[0xb][0xe6][0x8][0x8a][0x1b][0xc3][0x81]S[0xb5])[0xd9]p[0x9b][0xe2][0xb7]-C[0xe5][0xab]Kw[0xdf][0x4][0x1a][0x2]Z[0x14][0xb7][0xeb]6[0xa5][0x9b]nS~[0xcf]m[0x97])^[0x14][0xf9]&quot;UT[\n]&quot;
2013-02-06 13:51:56,787 AAD-WS DEBUG wire:63 - &gt;&gt; &quot;u[0xf4]T[0x1][0xd3].[0x92][0x13][0xca][0xa9][0xae][0xba]Dc[0xe1][0xcd][0xbb]0[0xe8],[0xbc][0x81]?[0xaf][0x8a][0xac][0x83][0x97]b[0xe6]=4y5~[0xb9][0xd0][0xa2]&quot;[0xde]K;[0xf2][0x9][0xec][0x98][0x85][0xcf],[0xfc]3[0xa5][0x1d][0x91]N[0xd1][0xac]W3[0xab]Jf[0x9d][0x8a]Y[0x9c]2l[0x98][0xe2][0x89][0xf1][0x14]v]X[0xb4]Q[0x6][0x6]I[0xa8][0xe8][0xfc][0xb][0x7][0xa8]V9[0x0][0xf3][0xc7]_[0x87][0xb]qN[0x85][0x86][0x0]tL[0xfb][0xcd][0xe7]i[0xdd]|[0x9e][0xf6][0x9b][0xcf]GM[0xd7]%X[0xc2][0x6][0x8e]JB[0x9d][0xab]8,[0xd5][0xbf]p[0x80][0xa5][0xfb]t]rC[0x8][0xa2][0xbb]l|.[0x9a][0x89][0xe6][0x91]Ns[0xc4][0xbc][0xcd]%[0xb0][0xe4]U[0x16]O[0xc7][0xa6]q[0xa4]9-G[0x9a][0x90][\r][0x91][0xa2][0xc4][0x9f]fN[0xeb]i[0xe6][0xb4]?[0xcd][0x8c]x~[0xcc][0xfd]g[0xe3]4[0xce][0xd4] [0xa0][0xae][0x81]?Xv[0x6]I[0x9d]kc![0xbc]P[0xc9]I[0xf][0x98][0xce]{[0xbd]n[0xaf][0xdb][0xaf][0xb7][0x7][0x8][0xf3][0x8e][0xbc]6[0x1a][0x80]j[0xdc]0[0xdd][0xe5][0x1e][0x6][0x81][0x2]8*[0x8a][0xbb][0xee][0xe4][0x2][0x4][0xaa][0xbb][0xee][0xdc][0x82]Y[0xa7][[0xe8]][0x7]O[0xeb]#[0x9e][0xaa][0xb4][0xcb]-[0xc5][0x2][0xc9][0xbb][0xd2]@[0xec]@=3[0xa8]vv[0x16][0xe]0[0x9f][0x99][0xee][0xce]&quot;[0x1d]t[0xa2]OLk[0x9f][0x98]v}b[0xda][0xf7][0x89]i[0xed][0x13][0xd3][0xbe]O[0xac][0x9c][0xc6]2[0xad]&amp;[0xb2]T[0x80][0x1]([0xa6][0xe7]z]w[0xe5][0xc3][0xd3]|[0x84][0xb2][0x15][0x1b][0xe1][0xf3][0x2][0x1a][0xa3][0x8e]b[0xc4]![0xe5]P[0x97][0xae]mG[0x1d]X[0xdd][0x9a][0x9c]-O[0xde][0xac][0xe5][0xcd]&amp;[0xbb]v[0xce][0xdb][0xbd][0xcc][0xed][0xa4][0xe])[0x17][0xb9][0xcc][0xab]m[0xe5]|[0xb8][0xab][0x9c][0x8f]l*[0xe7][0xa3]{[0xca][0xf9][0xbc]-[0xe5][0xca][0xa5]S[0x81][0xf9][0xce]Q-[0xc5]([0xe7]\[0x8f][0x85]sN&lt;1[0xbf]V[0xd4][0xac][0xe6]|6sU[0x16][0xb9]K[0xaf][0xe7][0xa4][0x94]sN8[0x8b][0xe1][0x9]m[0xde][0x99]T[0xad]f[0xac][0xc3][0xdc]mhV[0xac][0x1c]Rh[0xef][0x8c]lh[0x8e]:F[0xa3][0x15][0xa3]|$[0x80]kx[0x84][0xa3][0x82][0x8f][0xc5]8[0xb6][0xa5]&amp;[0x12][0xcf] [0xd8]P[0xd4][0x1c][0x94][0xf8][0xa0][0xc2]#?[0xc3][0xba][0xdb][0xa4][0x95][0x8d]IM2)y9[0x86][0x85];;[0xba]]I[0xde][0x95][0xa3][0xe8][0xc7][0xe0][0xd2]T1p[0xcf][0xea]i9[0xc2][0xa5][0x1c][0xde][0xa1][0x85][0x19]q[0xcd][0x8b]Y[0xcc]s[0x8c][0x6][0xb9]F[0x9d][0xef][0x9e][0x17][0x81][0xfb][0xf6].9&apos;[0x9b][0xf2]e[0xf1]T[0xb6]v&quot;vw[0xd9][0x8c][0xe6][0x1c][0x82][0xd2][0xf5]u[0xec]Yt[0xdd][0x80][0x9b][0x1e][0x2][0xef][0xe6]f[0xec][0xc8]o[0x96][\r][0xf9][0xcd][0xd8][0x8f][0xdf][0xec][0xb6][0xe3]7[0xfb][0xdd][0xf8][0xcd][0xba][0x19][0xaf][0x80][0x91]vs&apos;of5[0x91][0xa5]BC@R):[0xff][0xc2][0x1][0xae]&apos;T[0xa9]d[0xb8]&gt;ys[0x87][0xad][0x5][0x4][0xa2]fJ;&quot;U[0x8d][0xb3][0x16] [0xa2]F[0xad][0x5][0x90]&apos;IS&lt;[0xe]v[0xdc][0x1a][0xd7][0xad]p[0x1d]rQ[0x94]@K[0xc5]|[0xa8]V[0xe8][0x8][0xaf][0x92][0x15][0x15][0xa9][0xe2]N[0xb4][0xb2]![0xe5][0xda][0xdc][0xb5]U/f[0xea]5[0x91][0x99]B[0xa9][0xc0][0xad][0xb0]w[0xb][u[0xad][0xba]j[0xea]cj[0x0][0xe0]z[0x6][0xe8][0x1d][0x9b]eL]8[0xe][0xef][0xe6]$[0x15]&quot;[0xcc]AO[0x8e][0x92][0xcf]i[0xb1][0xe7]$[0x96][0xae]b[0xf][0x18]u*[0xc8]C[0xce][0xe9][0xa1][0xa0]&apos;x[0xa7][[0x19][0xdb]&quot;[0x8][0x8e][0x97])[0x93]([0x8a][0xa5][0x10][0xa8][0x12][0xf0]N[0xb5][0xde][0x1b][0xd9][0xd1][0x84]OS[0xfc][0x9b][0x9a][0xbc][0xe9][0x92]7}[0xf2][0xa6]&amp;[0xd7]&amp;][0xe9][0xd3]`@[0x7][0x1f][0xaa]b[0xdb]X[0xf9]7[0xfb][0xc2][0x9d][0xaa][0x19][0xaf]jFU[0xb9]C[0xe0][0x16]n[0xab][0xb4][0xe4][0xb6]JKZ[0xd5][0xdd]Vi[0xf9][0xdb]*-[0xbd][0xad][0xd2][0xf2][0xb7]UV[0xc8][0x9]&apos;[0x84][0xea][0xc1][0xd2]aM+CJt[0x6]7[0x99]u[0xc8][0xf1][0xf7][0xe1][0xc1][0xab]&amp;c[0x9d][0xd6]9[0x8f]a:[0xd2][0xc9][0xe0][0xe6]F[0xb6]=[0x87][0x91]0[0x1a][0xfa][0x8][0xf5]B[0x4].l[0xb4][0xd0][0x89][2[0x7][0x6][0xd5]&apos;n[0xb4]d[0xf7][0xa6][0xa5][0xbb]7[0xad][0xdc]Qh[0xf0][8[0xad]j[0xb]G[0x18][0xfa][0x85][0xdb][0xca]q[0xe8][0x2]d[0x12]Y[0xb1][0xcc]G[0x97]l[0xd6][0xb4][0xf2][0xcd][0xd2][0xa3][0x0]Zj!x[0xf4]%r[0xa2]W[0x13])M[0xc3][0xf3]d[0xf7]~x[0x86][0xa9][0x8][0xae][0xf8]z_o[0x80]V[0xe0]qju[0x91]-[0x99][0xc5][0x9b][0xb1][0xbd][0xbc]KJ0#O[0xa2]-[0xe8][0xf]E[0x96][0xb4]d[0xa2][0xdf]r[0x13][0xfd][0x8d][0xad].[0xfa]BW[0xfa]OW[0xfb]O[0xd7][0xf5][0x9f][0xae][0xef]?][0xed]?][0xd7][0x16][0xfb]42&quot;[0xec][0xd9][0xea]N[0xf1]&quot;Ed[0xa9][0xc0][0xc3][0xb0]C[0xbc],[0x1b]Z[0x98]7[0xb7]d[0xda][0xcc][0xb2][0xf][0xa1][0xfa][0xa5][0xb][0xc8]D[0x19][0xa0]B[0xce](Z[0xbc][0xd4][0xc2]c[0xe0][0x14]i[0x89]l[0x1b][0xd7]D[0xe2][0xf4][0xaf][0x8d][0xf5][[0x16][0xff]ml[0x92][0xb4]u[0xb5][0xdf]vK[0xfd][0xb6][0xac][0xf3][0xdb]n[0x91]_[0xc3][0x82]JVSm[0xbd][0xa4][0xd0]v[0x97][0x14][0x1c]r[0x94][0x5][0x12][0x5][0x13][0xf2][0xe3][0x98]q3A[0xe6][0xa2][0xa3]#[0x8d][0xa4]D[0x1a][0x98][0x19][0xae][0xf8])x[0x1f][0x9e][0xfc]4x[0x90][0xd0][0xb5][0x9a]H}[0xee]#[0xdb]z[0xff]A[0xc1][0x95][0xa0]pe[0x90]C[0x7]G[0x9c][0x1e][0xa6][0xb2][0xc9][0x11][0xe9]bo[0x97]v[0xbd]_[0xe4][j[0x2][0x93][0xf2][0xb4]p[0xa3]~[0x16][0xb6][0xf9]Uh[0xa3][0x83][0x99][0xb1][0xb3][0xdb][0xf5]-y[0x9b][0xe7][[0x82][0xf5][0x9a]s[0x96][0xce][0xdd]R[0xc4]L[0xc9][0x93][0xb2]b[\r][0xcf][0xa4][0xef][0x1c][0xd3][0xce][0xa4]&amp;[0xa4][0xb6]X[0xf6]EJe)[0x96][0x9e]h[0x89][0x95]K[0x91][0xf][0xa9][0x92][0xe2]y[0x1][0xa5][0xa6][0xc6]Cfx4[0x97][0xc0]/[0xb1][0xf6][0xe4]Ya.I[0x0][0xa5]C[0x89][0xdd][0x90]#[0xe0][0x95] x*[0xb8]k[0xea][0xc0][0x8e]Z;[0xcb][0xa0][0x19]cE[0xdb]1-a[0xe6][0xc6][0xb][0xa6][0xed].[0x16]Z[0x92]Xi}[0xc4][0x13][0xfd][0xb7][0x8d][0x8b][0x8a][0x10]h[0xa6]U[0xac][0x7][0xd5][0x4]Y*[0xb4][0xb0][0x95][0xb0]J*X[0xab][0xd9][0xd5][0xb6][0x1c][0x19][0x1f][0xd4][0xce][0xb1]?.[0x85][0x13][0xd6]A[0x1][0xbd]_9[0xf4][0xe4][0xa7][0x18][0xe7][0xd9].[0xe7][0x84][0xce]#[0xb2][0x1])[0xe5][0xcd]][0x85][0xe6]Rc[0xb9][0xbb] [0xa3][0xd1][0xe7]j[0xdd]A[0x81]?y`[0xbc][0xf0][0x92]WG[0x9a]W[0x9d][0xa5]ss[0x1e]K[0x99][\r][0xc4][0xad]+[0x81][0xb3][0xda]y9[0x99][0xb5]x[0xed]-[0x1b][0x16]CW[0xbd]6/[0x4][0x95]=[0xea][0xd6]6[0xf2]&gt;[0xb8]p[0xd2][0xee][0xb6][0xa4][0x1d][0x5]J[0x87]x[0x6]![0xf2][0x18][0x9e]U[0xa1]EE0[0xff]j[0xeb][0xc6][0xab][0x2]{[0xec][0xd1][0xee]v[0x6][0xce][0xab][0xe3][0xe6]^[0x9e][0xe1]Y[0x16][0xb6]qKT/[0xb1][0xaf]l[0xcb] [0xd0][0xc6][0xe9][0xb3]P[0x1d]L[0xa3][0xf6][0x0][0xe7]y[0x83][0xf6][0xa0][0xd5][0xcf]1[0x15]v[0x4][0x83]E[0x8b][0x11]Zyg[0x15][0xa9][0xbc][0xc4]N[0x8c][0xf0][0xa1][0x8a]I[0x9d]r[0xcc]w[0xc2][0xe0]I[H[0x3][0xe8][0xd2][0xa6][0xed][0x96]6m[0xbf][0xb4]i[0xeb][0xd2][0xa6][0xed][0x97]6[0x8b]x[0x85][0xc6][0xcf][0xcb][0x2][0x83]M[0xc7][0x1f][0xee]-[0xeb][0xf0][0x8c][0x18]C[0xa2] [0xae][0xed][0xee][0xd7][0xc9][0x6][0x85][0x1c][0xdd]+[0xc9][0x1c][0xc1]i[0x92]&apos;[0xd8][0x9d][0xe8]te[0xb4][0x8a]:[0xdd][0xe][0xf][0x8f][0x8b];][0x8e][0xd7][0xad]ud[0xeb]=[0x94][U[0xbb][0xe3]n=[\n]&quot;
2013-02-06 13:51:56,788 AAD-WS DEBUG wire:63 - &gt;&gt; &quot;[0xe5][0xb0][0xf4][0xc4][0xdd][0x19][0xee]`[0x91]F,[0xeb][\r][0xb9][0xe2]_[0xeb][0xc]x5[0xc0][0x9d]E0[0xf7][0xce][0xcc]y[0xe0][0x1a][0xc5][0xd1][0x1d][0xf9]j[0xa5][0xa6]P:[0xe4][0xe7]W&quot;[0x99]y[0xe6]C[0xdd][0xfe]Bg[0xd0]w[0x7]][0x15]+[0x95]V~C/[0xa9][0xf5][0x8a][0xe1]e[0xed][0xca]AaWO[0x9]w[0xe9]N[0xf6][0xbb]=.[0xa9]`^sN[0x4][0x5]][0x9e]&quot;[0x87][0xdd]&amp;[0xcb]sYrYE[0x96][\n]&quot;
2013-02-06 13:51:56,789 AAD-WS DEBUG wire:63 - &gt;&gt; &quot;\RA[0x14][0xd4][0x13][0x1f]Txt[0x1e][0xdd][0xc2]#[0xaa][0xbb][0xdb][0xec][0xa3][0xba][0x17][0x9][0xba][0x8b][0xac]i[0x97]g[0xe8][0xf2]H[0x9e][0xa0][0xa1][0xe5][0x83][0x16][0xf7]5K[0xd0]E[0x13][0xe1]:[0x8e][0x0][0x6][0x8e]f[0xb7][0xe8][0xa8]i[0xf7][0xa4][0xac][0x18][0x8a][0xe7][0xa8][0x94]p[0xc8][0x87]q[0xb4]GV)[0x8a][0x11]:[0x12][0x89][0xdf][0xa2][0xe5][0xdd]A_[0xd6]=[0xe][0xf1]&amp;2[0xc5][0xfc]I[0x1][0xf3]x0[0x9e]4)[0x94][0xb5][0x91]p[0xcc][0xa0][0xc4][0xc9]S-[0xa0][0xbc]$[0x1a]Px[0xc4]j[0xb2];[0xc3][0xaf]Bw[0xa6][0xce][0xbd][0xba][0xbb][0xa5][0xd6][0xdd][0x82]ZZ[0xdd][0xab][0x17]\[\n]&quot;
2013-02-06 13:51:56,789 AAD-WS DEBUG wire:63 - &gt;&gt; &quot;][0xb1]W\zw[0xf]g[0xe7][0xfa][0xfc]CZ[0x8e]pY[0xfa][0x1c][0xd0][0x93]=[0xd8][0x89][0xb9][0x9a][0x92][0x83]+V[0xe][0xd9][0xc1][0xb8][0xb4][0xb8][0x88][0x1d]P%[0xef][0xd5][0xd9][0xbd]:B[0xe7][0xa0][0x8f]&apos;[0xe4]=[0x9d][0x90]+[0xc0][0xf]3[0xf1][0x9e][0xce][0xc4][0x1][0x99]Jq[0xb8][0x12][0xcd][0xb9]V[0xc]{x;[0x17][0xb0][0x9c][0xae][0xe3][0xa6][0xd4]*,[0x9e][0xb8][0xde][0x15]8E[0xd6][0xed][0xe1][0xc]y[0xaf][0xde]t&amp;o&quot;[0xc2][0x1c][0xad][0xf][0x19]7C[0xd0][0xcb][0xcd][0xd8][0x19][0xbd]|[0x12][0xf3][0x2][0x85][0xd2]![0xa6]([0x15][0x1b]z6&lt;[0x93][0xc2]W[0x14][0xc7][0x9b]=wZ[0xe8][0xb0][0xf4]D[0xd2]T[0xa7][\r]C:[0x8c]P[0xc]Y[0xe5][0xa9]]i[0xd4][0xc1]y&lt;[0xa5][0x87][0xe9]8W[0x8d]@[0xe9][0xb0][0xa1]([0xda][0x1d][0xf1]A[0x85]G[0xe7]1([0xb2][0x8a]T^U[0xc2]A1L[0x8a][0xc9][0x85]&apos;&lt;[0x84][0xfb]D2[0xaf][0xf0][0xe][0x99]X[0xd8][0x1e][0xb6][0xa0]{[0xba][0xe9][0xc][0x90]W}[0xaf]^[0xb7]57[0x9d]5[\n]&quot;
2013-02-06 13:51:56,789 AAD-WS DEBUG wire:63 - &gt;&gt; &quot;[0xae]p[0xc7][0xf0]8[0xde][0x93][0xd3][0x9d][0xd5]+d[0xea][0xa6]P:DVJ[0xd0][0x95]+Z[0xc5]s[0xb3]&lt;[0xe7][0x90][0xd1][0xcb][0xf6][0x8a][0xae][0xbb]P[0xe5]X&amp;[0x9d][0x82][0xc7]g[0xdf][0xcb][0x1d]E&apos;?[0xb7]&apos;wXD[0x96][\n]&quot;
2013-02-06 13:51:56,790 AAD-WS DEBUG wire:63 - &gt;&gt; &quot;[\r][0x1][0xa9][0x5]E[0xf1][0xc7][0x8e][0x9a][0x80]F*[0x1c]h[0x1a][0xbd][0xa4]p`[0xaf][0x9c][0xc3][0xed]N[0xe4][0xac],[0xf3][0xc][0x16][0xa1]b[0xe8][0xb3][0xd7]g&lt;[0x3]=[0xe6][0xfa]A[0xbe][0xb5][0x6][0x81]9[0x9e]bC[0x11][0xd9]{[0xe2][0x83][\n]&quot;
2013-02-06 13:51:56,790 AAD-WS DEBUG wire:63 - &gt;&gt; &quot;[0x8f]0KE=[0xd7][0xcd][0xa0][0xa4][0xa8][0xab]}[\n]&quot;
2013-02-06 13:51:56,790 AAD-WS DEBUG wire:63 - &gt;&gt; &quot;[0xb0]g[0xb9][0xb8][0xc0][0xf5]8[0x8][0xc]`[0xc7][0xf0]([0xda][0xad]A[0xb0]~[0x6]~[0xd1][0xe0][0xe0])[0xb][0x0]y8,5R[0xe1][0x80]3[0xd8]TdSj[0x3]&lt;)+[0x96]5*[0xaa]:[0xa6][0xfc][0xad][0x86]![0x1d][0xc6][0xd6][0xae][[0xb9]p[[0xae][0xc0][0xda]r[0xeb][0x8c][0xdc]T&lt;[0xab][0xc8][0xa4][0x1a][0x14][0xb6]JA}U8[0xa6][0x99][0xc][0xab][0xc3]G([0x86][0xc]g[0x16][0x5][0xb6]k[0xb][0xd9][0xae]-[0xba]J[0xb1]_[[0xe8]~m[0xe1][0xf6]k[0xb][0xd9][0xaf][0x15][0xa9][0xe][0xed]6&apos;[0x16][0x1a]I[0xa2]`[0xab][0xba][0x18]8w&gt;[0xc4][0xb2][0xe6]n[0xa1][0xbb]K[0xe8][0x82]n-.[0xdf][0x87][0xe9][0xe7]a[0xf2]u[0x98]~[0x1c][0xe6]&gt;[0x6]s[0xdf][0x82][0xd5][0xf4]S1[0xfd]R[0xc][0xf5] [0x11][0xb5][0x87][0xee]Y[0xc][0xdc][0xa6][0xa5]&apos;e[0xc5]d[0xa0][0xdd]P[0xf0][0xe8]]`&quot;S[0xe8]D[0xa6]p[0x13][0x99][0xc2]Od[\n]&quot;
2013-02-06 13:51:56,790 AAD-WS DEBUG wire:63 - &gt;&gt; &quot;[0x9d][0xc8][0x14]~&quot;3[0xce][0xcf][0x80][0xe7][0x90]&apos;[0x2][0xe9]htw[0xdb][0x1b]D[0xa2][0xbb][0xdb][0xde][0xb5][0xb2]&gt;Y[0xe8]x_[0xb1]rHe[0xea]Z[0xe2][0xa6]0[0x84]NL[0xa2]R[0xbe][0x1e][0xd8][0x88]3[0xeb][0x12]w[0xd1]Xp[0xc9]J[0xdc]E+[0xf5]*Z[0xe9]n[0xa2]1bLW[0xc0]!Q[0xc9][0x6][0xa0][0x84][0x1](a[0x0]J5[0x0][0xa5]3[0x0]e]#k[0xdc]=[0xcb][0xc9]z[0xd1][0xac][0x89],[0x5][0xf0][0xb6][0x8a]Sku99[0x9d][0xf1]d[[0xa1][0xef][0x9]zE[0xe9][0xf7][0x82]=)+[0xc6][0xd5]:[0xe4][0xd2]K[0xe7][0xb9][0xb0]v[0xc5][0xa1]|[0x9][0xbb]#O[0x88][0x13]yw[0x1a][0xef]O[0xe2][0xe5][0x14][0xde][0x9d][0xc0]od[0xdc][0xc][0xc7]f[0xf6][0xd7][0x9b]%p[0xb8][0xe8][0x9b]}[0xfc][0xcd][0x9a]B[0xd7][0xbb]&lt;[0x1a]O[0xb9][0xe2]M[0xf9][0xd2]y;[0xe1][0x98][0xa6][0x1f][0xda][0x9][0x1f][0xa1][0x18][0xb2][0xca][0xd3]?[0xc6]&lt;;[0xb1][0x12][0xbb][0x91][0xec])[0x7]6[0xe0][0xee]@[0xb4][0xc4][0xe5]![0x8][0x14][0xb7][0xd5][0x10][0xaa][0x99][0xb9][0x3][0xd1]R[0xf]DK [0x1a][0xcb][0xc5]9I[0xd9]Atl&quot;[0x95]Zx[0xdd]D*[0xfd]&amp;R[0xa9][0x9b]H[0xa5][0xdf]D[0x92]h[0xbe][0x1d][0x1c]+[0x87][0x14]}+[0xe1][0x97]B[0xbe][0x10]^Sf[0x88]%[0xe1]}[0xf7][0xf4]~siE[0x89][0xab][u[0x14][P[0xb6]+[0xca][0xc]m[0x83][0xde][0x97]I[0xef][0xcb][0xd0][0xfb]2[0xed]}[0x99][0xeb]}r[0x9]H$k[0xd9]y[0xd4][0xa9][0xa0]Url9[0x8d][0xcd][\n]&quot;
2013-02-06 13:51:56,791 AAD-WS DEBUG wire:63 - &gt;&gt; &quot;[0x91][0x1c]0[0x8d][0x8b][\n]&quot;
2013-02-06 13:51:56,791 AAD-WS DEBUG wire:63 - &gt;&gt; &quot;[0xe2][0xe8][0x8][0x88][0xc6]i[0xb7]o![0xfe][0x85][0x3][0xec][0xd3]0C}N[0xe3]{[0x9][0x9e][0xc0][0xb1][0x13][0x1b][0x15][\n]&quot;
2013-02-06 13:51:56,792 AAD-WS DEBUG wire:63 - &gt;&gt; &quot;[0x1c]~F)&apos;Y&quot;K[0x85][0x86][0x82]D[0x9a]q[0xca]g[0xbc][0xf2][0x19]U.FFP[0x8b][0xb8][0xb2][0xc4])[0x97][0x1c]W[0xc9][0x89]V[0xa1][[0xcd][0xab][0xd9][0xbb][0xce][0x8d]&lt;[0x9d]9[0xf5][0xd5].a[0xcc]&lt;[0xeb][0x99][0xb1][0xd3][0xf5][0xc3]#[0xf7][0xd1][0x91][0xc3][0x86]`S[0xf3][0xce]Z&gt;[0xf3][0xac][0xa5][0xb9][0xb][0xaa][0x87][0xd3][0xc6]Z[0xb0][0xe4][0x15]Y*@G[0xd7][0xf9][0xa9]&quot;[0xb7]V[0x96][0xd0][0xc2][0x81]s[0xba]%[0x6][0xa7]@[0x82][0xae][0xd6][0xb2][0xaa][0x10][0xa1]/[0xd7][0xb4][0xfb][0x8a][0x4][0xa4]P[0xa9][0xe]M~$Z[0xa6]/[0xed][0xd3][0x17][0xc7]]ZwuG[0x98]&amp;w[0x97]w[0x16][0xf9][0xa8][0xf2][0x1d][0x8][0xe3],[0x1c][0xb3][0x12]uV[0xb][0x81][0xae]3[0xad][[0xe3][0xe]]h[0xe1][0x80]S[0xee]=[0xdf][0xc3][0xe1][0x9c]C-[0xe2]E[0xe5][0xb4][0xdc][0xb4]U@[0x1c][0xb9]k[0xcb]0[0xa8]|5[0x93][0xea][0xba][0xad]R[0xd1][0xeb].[0xdc]:[0xe6]~x[0x0][0x97][0xc6][0xf5][0xb][0xef]=K=T[0xd2][0x13]-[0x7][0x85]C[0xf9][0x9e][0x9c][0xcd][\r][0x16]2&apos;[0x8a][0xf5])[0xdd][0x90][\n]&quot;
2013-02-06 13:51:56,792 AAD-WS DEBUG wire:63 - &gt;&gt; &quot;:p[0xee]|[0x88][0xa5][0x10]I[0xaf]V[\r][0xa8]y&quot;[0xfd]f[0xb8]7K[0xfa][0xcd]H[0xaf]n[0x97]~[0xb3]O[0xbf]Y[0xd3]ov[0xe9]][0x99][0xc7][0xcb][0x9c][0xeb];[0x17]3&quot;D[0x9b](w[0x17][0x1f]@$[0x9d][0xbb][0xf8]p\[0xb9]9[0xaf][0xf1]_[0x9][0x81][0xf6][0xd8][0x9c]K|[0x1][0xf5],T[0x8a]Cf[0x9f][0x8c][0x9a][0xd7][0xc2]r[0xf3][0x9c][0x4]J[0x7][0xc1][0xda][0xa8][0x94][\r][0xff][0x12]7[0xda]JY[0x1c][0x95]n[0xdf][0xdf]a)[0x4]*[0xfd][0x11][0xc0])[0x1c]9[0xeb][0xd5]DJ[0xca]^_[0x1d][0x9a][0xca][0x1f][0xd4][0x8][0x93]t[0xee][0xb3][0x9]![0xda][0xf0][0x1]&gt;[0xdb][0x8f]J^S[0xa0]H[0xc][0xee][0x9a]i*&lt;[0x87][0xf9]tD[0xec]g[0x17][0xcb]N*{l[0xb2]z[0xb0]W&apos;[0x96]=|[0x88]&apos;[0x92][0xf5][0xf6][0xf0]![0x9e][0xc8][0x8e][0xfa]IAz[0xfe]C&lt;a(H[0xcf][0x88][0xb7][0x13][0xd3]I[0xac][0xf][0x15][0xcd][0xd8][0xae] 8[0xc5][0xaa])[0xa9][0xd7][0xbc][0x87][0xcb][\r][0xf5][0xdc][0x93][0x9b][0x9e][0xc][0x8e]{t[0xb9][0xb9]K[0x9f][0x1a]Tx[0x94][0xfa][0xea][0x89]%[0xe8][0xa9])[0xe8][0xc9][0xf8][0xde][0xf3][0xc6][0xa0]WY[0x83][0x9e]3[0x7][0x8a][0xce]C[0x9b][0xed][0xf0][0xb2][0x87][0x96][0xe9][0xe1][0x3][0xdd][0xb2]7P[0xaa][0xe3]H[0xcf][0x97]+L[0xd2][0xfb][0xaf]r[0x97][0x8c][0xd4][0xc];[0xaf]*{[0x85]&amp;)\[0x2][0x99][0xc3]1[0xc]*[0xdf]|[0x94][0x95][0x8e][0x8a]R?[0x9b]S6W[0xc5][0x92][0xf6]&lt;[0xb9][0xec][0xd7][0x9b]&lt;lB[0x96][0x0][0x19]&lt;[0xe1]B%[0x1]E[0xb1]#&gt;[0xa8][0xf0][0xc8][0x1a][0xf6]g[0xda][0x91][0xb8]RI}[0xdc]l[0x11][0x87]K[0xa8][0x95][0x84][0xc9]U_vN[0x0]r+[0xb3][0xec]c2/R[0xd2][0xe1]U[0x87][0xec][0xa8][0x9f]&amp;[0xf7]_[0xbd][0x8][0x93]|[0xfd]w/G[0xe1][0x13][0x11][0xee]J[0x90][0x8][0x1f]x[0x87]&amp;tKUe[0x92]P[0x17][0xb7][0xbc]6g:[0x85][0xd9][0x94]@[0xdf][0x93][0xd2]{`ozHG[0xbd][0x1b]C.[0x9d]~9;[0xdb][0x3][0xac][0x8][0x95][0xe4]Z*[0xcd]_3[0x1f]xG&gt;BJeZ*w[0x11][0xe4][0x4]Py[0x2][0x19][0x8d][0xfa]2[0x1c][0xf5][0x7][0xde][0xcb]&apos;[0xaf][0x1e][0xaa][0xe3][0x1e][0xca]}[0xba][0xc0]E[0xe9][0xb6][0xeb][0x93][0xd3]5[0x87]2k[0xec][0xeb]5q[0xc1]z[0xcd]99[0xe4]4[0xa6]XM(@[0x9d][0xac]([0xc4][0xd9][0x90][0xfa]w[0xab][\n]&quot;
2013-02-06 13:51:56,793 AAD-WS DEBUG wire:63 - &gt;&gt; &quot;OJ[0x17][0xb5][0xf0][0xc8]J[0xce])[0xfb][0x85][0x8f][0xe3]b[0xc]*g&gt;[0xca]JG]r[0xd7][0x1b][0xfb][0xc3][0xd5][0xc5][0xa9]p[0xcc]h[0x1]f\y*[0xa7][0x16]g[0xc6]k[0x9c][0xa9][0x14][0xce]8}3Uq[0xf4]Y[0xb1][0x86][0x10]hK[0x83][0xf9]uD[0xc5][0xaa][0xd0][0xa2]&quot;[0xde]K[0xdf][0xd9][0xa8][0x94]-[0xdd][0xf3][0xca][0x81]v[0xf5][0x81][0xee][0xdb])B[0xe7][0xc0][0xef][0xdc]U[0xac][\n]&quot;
2013-02-06 13:51:56,793 AAD-WS DEBUG wire:63 - &gt;&gt; &quot;-*[0xe2][0xbd]T[0xe7][\r][0xe5]`j[\n]&quot;
2013-02-06 13:51:56,793 AAD-WS DEBUG wire:77 - &gt;&gt; &quot;+{[0x87][0xa5]&apos;[0xa2]O[0x98]*[0xf4]t[0x18][0xa1][0x18][0xb2][0xca][0xb3][[0xc]Y[0xe5])U[0xe8]([0xa6][0xc9][0x15][0x1d][0xc6][0xc0]Y[0xb4][0xe3]Z[0xae][\r]%*M[0xaa][0xcc]U[0x98][0xaf][0xae][0xaa][0xb2]\UU[0xcb][0xae][0xf9][0x1e][0xe]]J_-[0x8e]q[0xf4]G[0x96][0x83][0x9e][0xbf][0x97]2[0xa4][0xe5][0x8][0x97][0xa4][0xbd][0x91][0xab])[0xf3]\[0xa3]1[0xdd][0xf4][0x98][0xb2][0x98][0xe7][0x98][0x17][0x15][0x13][0x96][0xa1][0xab][0x85][0xc1][0x1c]N[0xe7]+&amp;D[0x89][0xcb]}[0xae][0xca]yn[0x98]k[0xee]s[0xc8][0xdd];:[0x8b][0xdb]V&quot;9[0xc6],[0xe][0x7] ;[0xea]%[0x1a]f[0xfd][0xb5]+aY[0xe1]QF[0xac]Y1[0xbf][0xb3]j~g[0xc5][0xfc][0xce]z[0xf3];[[0x99][0xdf]Yg~g[0xfd]M[0x89][\r]L1[0xf7][0x9e][0xd5][0xc5][0xcc][0xac]^[0xf0][0xe4][0x9c][0xe5][0xc3][0x8]q;[0x15][0xfe]&quot;[0xeb][0xa9][0xe5]l[0xce][0xed][0xca][0x2][0xf1][0xeb][0xa0][0x3]uk[0xe3]:R*[0x93][0xcc]r[0xd7][0x9c]L[0xb4]k[0xc4]L[0xb1][0xa3]T9[0xeb][0xd2]h[0x82][0x81]w[0xe4]#[0xa4]T[0xa6][0x9a][0xdc][0x90][0xb6][9[0xd7]j[0xd5][0xf1]9[0xba][0x92][0xbc][0xe6]=0[0xfe][0xef]Q[0xce][0xb5]{[0xdd][0x12][0xe7]V[0x8e][0xd5]k[0x95][0x97][0x8c]hs[0x9d]:[0xbe][0x1e]r([0xcb]#[0xa1]0&quot;[0xf3][0xfc][0xba][0xde][0xaf][0xab]~[0x96][0xa9][0xbb][0x9a][0xe5][0x98],[0xbc][0xa4][0xcb][0xd7][0x7]5[0x87][&lt;[0xc1][0xca][0xa8][0x8f][0x85]Q_[0xd6]E},[0x8b][0xfa][0xb2]*[0xea][0xeb][0x8c][0xa4][0xef][0xe6]#}[0x99][0x8d][0xf4][0xf5][0xc7]X[0x18][0xb4][0x9e]N[0xeb][0xe3][0x93][0xae][0x9a]H$[0xd7]o[0xbf][0xc5])[0x89][0x1d])][0x8c][0xc2][0xa3][0xf3]pS[0xd1]&gt;zV_:V[0x1f][0xfd][0xaa][0x8f]n[0xd5]w[0xbd][0xaa][0xef];U_[0xfb][0x94][0x82]:5}Z[0xdd][0xdd][0xf1][0x84][0x9f][0xea][0x98]&gt;[0xba]M_zM[0x1f]K[0xe0][0xbe][0xeb])}[0xbf][0x4][0xee][0xeb][0x12]XA[0x9d][0xaa][0xef][0xa8]~[0xd6][0xe6][0xce]Ww*+^&quot;
2013-02-06 13:51:56,795 AAD-WS DEBUG wire:63 - &gt;&gt; &quot;[0x8e]:[0xea][0xad][0xf9].,WS[0xdc]Rq[0xa9]:[0xfe]C[0xb4][0x90][0xdb][0x80]g5[0xd8][0xc9][0xe3]&apos;[0x83][0xc4][0x84][0xc0]mX[0xfa][0xcd][0xca][0xbd][0x99][0xcc][0xc1][0xd5][0x86][0xc8][0xb][0x95][0x12][0xde].[0xdd]OI[0xb0]#[0xcf][0x9a]&quot;g$)[0xa3]&lt;[0x90]#[0xf2][0xd0][0xd3]0[0xa4]&quot;[0x11]Cw*[0xc4][0xe9]b[0x8a][0xe9]tX*[0xd1][0x87]^[0xd5][0xc7][0xdd][0xca][0xfe]t[0xbd]/[0x85]BQ[0xbb][0xb8]j[0xbb]v[0xa8]E[0xd0][0xa9][0xc5]7[0x0][0xde]K[\r][0xd9][0xd9][0xfd]i\^[0x15][0x89]H[0xb8][0xbe]*[0x8e][0x8e][0x82][0x16][0xc0][0xdf]`[0x15]&amp;EqwX[0x85][0xb8][0xe5][0x10][0xf6]Tu7[0xf5][0xc8]~[0xce]%[0xc1][0x88][0xd5][0xc7]h[0xd5][0x97][0x91][0xaa][0xaf][0xa3]T[0x1f]#T_V[0xc],[0xe5][0xaa][0x11][0xa3][0xdb][0xb3][0x9b][0x1f][0x88]![0x1a] [0xa9]sg[0xb5][0xc4][0xbf]p[0x80][0xe9]=[0xee]ym[0xe8]w[0xd1][0xff][0xe4]U@&quot;][0xb5][0xf6][0xdd][0xa2][0xb5][0x8f]5k_[0x96][0xac]}[0xbf]b][0xd5][0xef]Ne[0xf2][0xdd][0x95]&apos;[0xee]d[0x8f][0xdf]%[0x9][0xed][0xf6][0xf1][0x82]d[0x90][0xe0][0xee];[0xc9]~[0xb7]W[0xdf]Z[0x13][0x89][0xc6][0xbd][0x84][0xfb][0xbc][0xf6][0x9c][0xae][0xfb]f[0xca][0x11])D[0xf5][0xcd][0xd4][0x90][0xe]#[0x14]CVyjE[0xee][0xd4][0xe7]*-[0xa0][0x0][0x80]yg[0x1f][0xbf]AV[0x13][0xc9]qy[0xe6]#[0x2][0xf3][0x1e][0xf1][0x93],[\n]&quot;
2013-02-06 13:51:56,795 AAD-WS DEBUG wire:63 - &gt;&gt; &quot;[0xd5]I[0x18][0xd4]+r[0xfa][0x3][0xb6]I[0xcf] +[0xb5]&quot;[0xd3][0x0][0x87][0x18][0x86]xN[0xc1][0x15]Y[0xe0][0x96][0x1c][0xa8][0xd6][0x9][0xf5]g[0xbb]5[0xfe]cj[0x6]&lt;[0xca][0xca][0x15]h3v[0xbe] [0xd6]u[0x9e][0x94][0x9e][0xe5][0x8d][0xca][0xf][0x85][0x1b][0xe1]U[0x14],[0xf3][0x86][0x94]U[0x9f][0xa9].[0xee]9[0x9e][0xc][0xe3]Vz;[0x8e][0x8d][0xa8][0xcd]+Ej[0xf2]NeG[0x17]&gt;]U[0xa0]e[0xc1]~[0x8][0xc0][0xa5][0xeb][0xfa][0xa2]t5[0xb5]t[0xe][0xa0]6[0xc1][0xf2]AG&gt;[0xdd]Q[0x90]s[0x14]~[0xea]~[0x8e][0xbb]%[0x3][0xb9]Y[0x18][0xc]z[0xe0]=Y-[0xe]z[0xfe]s[0xe0][0x83]q[0xe0].G-[0xf2][0xf9][0x94][0xfe]4[0x89]|v[0xa5][0xdf]\1[0xc5]+X[0x9d][0xc5][0xaf][0x98][0xe1]a[0x12][0x97][0xc][0x1c]b&lt;[0xda]c&amp;[0x9b][0xd6][0xf1][0xc8][0x13]n[\r]G[0xb1][0x87][0x90]`[0xfa][0x8][0x13][0x10][0xe9][0xc7][0x93][0xc7][0xcc][0xe4]X[0xd5][0x8b],[0x15]8?Ad[0xe9][0x89][0xb][0xe2]y[0x98]C[0x1c][0x6][0xcf][0xe8][0x8f][0x18][0xcc][0xf8][0xdf].[0x98]q[0xbf]f`[0xc6]&amp;[0xe4][0x97][0xbe][0xf4][0x87][0xbe][0xe4]w[0xbe][0xf4]g[0xbe][0xf4]W[0xbe][0xdc][0xaf]z[0xf9][0x1f][0xf5][0xd2][0xdf][0xfc]r?[0xf9][0x5][0xc0]3:[0x94][0xf3][0xa0][0x11][0x9e][0xa9][0xcb][0xd9][0x10][0x99][0x9d][0xe8][0xe4]D[0xe6]&amp;25[0xf1]3[0x93]jb[0xe2][0xe6]%nZ&quot;[0xe8][0xe6][0x82]L[0xe5]%vXz[0x82][0x92]*s[0x8a]@Q[0xb9][0xa7][0xce][0xca][0x15][0xbd]Y[0xdd][0x95][0x9b][0xc5][0xa4][0x1d]B2[0x9d]qqg|[0xa6]3[0xaa]y[0xc6])[0x9e][0xc9][0xaa]\yR[0xa4]s&quot;[0x99][0x12][0xf9][0x19]Q5!r[0xf3][0xa1]j:[0xb4]rv[0x1a][0xfb][0xe5]&quot;K[0x1][0xfd][0xe1][0xaa]Y1/[0xb3][0xce][0xbc][0xac][0x10][0x82][0x9f][0x1]S[0x94]_9c[0xae]O[0xa8][0xc8]^[0xfb][0xcc]N[0xe7]-[0xa4][0xc2]~[0x8b][0x0][0xf7]Tq5[0x4]d[0xa1]w[0xc][0xb3][0xad]p[0xca][0x9][0x8e]bCQJ:[0xed][0xcf]n4[0xa8][0xf0][0xc8][0xfa]w[0x9d][0x9d][0xee][0xb2][0xb3][0xdb][0x86](Ed*1[0x16][0xcc]N[0xcf][0xb1][0x3][0x9b]^v[0x16]7[0x2]ge[0xfd]3[[0xdd][0x8]\7[0x9b][0xb3][0x5][0x87](E&quot;[0xd7]\m[0xb8]C[0xf5][0x97][0x97]j[0x91]F[0xd6][\r][0xda]#[0xd9][0xc6]pP[0x7][0xcd]&quot;[0xa4][0xa3][0x89][0xdc][0x9e][0xc3][0xac]n9([0xa8]S[0x9b][0xe3][0xd8]Y|[0x4]2+[0xdf][0x80][0xcc][0xca]W[0x1d][0xb3][0xee][0xb][0x90]Y[0xff][0x1][0xc8][0xac]~[0xff][0xa1][0xa0]NM[0xbb]f4-[0xcb]9[0x91][0xee][0x9e][0xcc]l[0x8e][0xcf]3[0x12][0x80][0xfc]d$[0x88][0xfc][0xc0][0xe6]b[0x9e][0xc7]rkv[0xd5][0xc2][0xef]1[0xdb][0xc5][0xbe][0xf2][0xac]\^[0x10].[0xa3][0xab]2[0x1c][0xc8][0xbb]B[0xe9][0x97]&amp;[0xb3][0xee]C[0x93]Y[0xff][0x9d][0x89]&apos;[0xd8][0x91][0x9e][0xc5]/x[0xd4]Dr[0xcc][0xa2][0xeb][0x1c][0xf8]H[0x9]([0xd1][0xb][0xf7]6K[0xac][0xc2][0x81]s[0xba][0x8d][0xb7]9[0x99][0xa5][0xcc]I{[0xcd]e}f[0x98][0xd2][0xac][0x9e][0xeb][0xe]js[0xb8][0x18][0x5]Q[0xaa][0xcc]Z[0xcd]%[0xe1][0x9][0x9][0x1e]c[0xbb][0xbf][0x9c]z[0xc9][0x0]Z[0xf]:[0xa4][0x9e][0xf1][0x10]5W[0x9b][0x98]l4[0xa7][0xa6][0xaf][0xdb][0xdc]jwz[0xd7][0x17]efv[0xcb][0xdc][0xd6][0xda][0xfa]Z^[0xeb][0xd4]x[0xee][[0xc3][0x19][0xe2][0xdc]8[0xf][0xdf][0xfc]W[0xe0][0xf][0xa4][0xec][0xb3]h[0x8c]c[0xdc][0x16][0xc1]~-[0x8e][0xa4]#[0xc2][0xb8][0x9c]9[0xa8]D[0x0]{[0x8e][0xe7][0xdc]A[0x96]$[0xfd][0x84][\r][0x8e][0xf5]9[0xaf]g[0xfd]-[0x9f][0xc7]U[0xd9]8[0xa7][0xe4][0x1c][0x90][0x1][0xf4][0xb3]zh[0x17][0xe5]0[0xfc]&quot;[0x98]r&gt;b[0xc8][0xc6][0xdd][0xd7]|[0xe3]2[0xa6][0xaa],[0xb7][\r][0x92]n[0xb9][0xf1][0xf6][0x1f][0xd1]?cJ[0x2][0x8a]&gt;[0x17][0xa8]*[0xce]I[0xd7][0x8c][0x97][0xe3]k[0xb9]8kQ[0x9e][0xb5]([0xd0]Z.[0xd1]Z[0x14]d[0xad][0x14][0x84][0xcb]!y[0xb9][0xac][0xa4][0x10]Z[0x6][0xc9]t[0xc5][0xf0])+[0xa5][0xc7]@[0xe9]v[0x1e][0xf1]N[0xd4][0xcd][0xab][0xb4][0xaa]a[0xce][0xbb][0xab][0x95]v[0x9b][0xea][0x92][0xc6][0xc9][0xb6]-q[0xe7].[0x94]x~aE[0x9f][0xa8][[0xea][0xd5][0xb1][0xa2][0xda]z^[0xbb]n[0xbf][0xa4][0xdb][0xf6][0xa1][0xba]e^[0x1d]O[0x6]T[0xe1][0x2][0x97][0x8c][0x19]zk[0x86][0xf2][0xde][0x80][0x9e]:[0xce]3[0x10][0xfc][0xdd]I[0x8f][0x9d][0x93]&lt;s[0x95][0xda]o[0xe6]|[0x7][0xf6][0x98][0xcd][0xef][0xd1][0xd9][0xbc][0x8e][0xed][0xea]pN;[0xb8]J[0xad][0xd0]9.[0xb2]ty[0xf6][0x98]_[0xfa][0xf5]\[0xf6][0xbc][0xa6][0x87][0x99][0xe5]x[0x99];)[0xb9]3[0x8a]~[0x87][0xe2][0xd1]r[0x1][0xf3][0xab]4[0xd7][0x1a][0xd8]-[0xd3]:[0xbb][0xfd][0x1a][0xab][0xda]s[0xb2]6-[0xdd][0x86]s[0x9d][0xba]f&lt;[0xbb][0x83]V[0xc8]|Kd[0xa3][0xed][0x91][0x8d][0xb6]K6[0x92]W6[0x92]e[0xe6]3[0xde][0xb6]7[0x95][0xc3][0xdc][0xd7][0xde][0xc1][0x98][0xa3]C[0xce]V[0x8d][0xc8][0xc6]+[0x1b][0xc7]gJ&quot;JH.[0xe8]V)[0xea]V[0x1d]n[0xb6][0xca]^[0x8c]G[0xf6]([0xb3]q[0xa9]M[0x1c][0xfe][0x8b][0x10][0xca][0xc9]JIVj[0xb2][0xd2]%+[0xfd][0xe1][0xed][0x9d][0x97][0xa9][0x9c]_[0xa6][0xf2][0xee][0x15][0xec][0xae][0x94])[0xf5]e[0xba][0xae][0x94]2H[0xfe]U[0x85]6jS[0xde][0xef][0x82][0xed]6[0xe6]m[0x87][0xc9]m[0xdb][0xed][0xf6][0x86][0x80]8C[0x7][0xe5][0xe9][0xf0][0xba]k[0xb0][0xb1][0xc1][0x99]L[0xd5][0xda]2[0xe0][0xf4]5`E[0x8f]+d[0x1b][0xbf][0xd5][0xf3][0xb][0xe6][0xc3]p[0x1e]([0xf9][0xac][0xd3][0x8b]4[0xeb][0xef][0xd8][0xe0][0xe4][0xf3][0x95]V[0xe3][0xdd]&lt;[0xdf][0xea]5[0xca]j[0x85][0xfa][0x1c]v[0xc7]Z[0x87]c|5[0xc4]cRsW&quot;[0xaf][0x18][0xbe]t[0x1d]y[0xc0][0xd1]r[0xb4][0xf8]?[0xf1][0xd9][0xf5][0x90][0xed][0xd9]Q[0xe][0xdc][0xf7][0x8e][0xb][0x9][0x15]l[0x91][0xcf][0xdc][0xfe][0x0]9w[0xa7]fo[0xb4][0x11]e44c[0xf7][0xbc]s[0x9b][\r][0xad]n[0xe8][0x1b][0xe]u[0xd9][0xc8]XW[0x8d]hn[0x1c][0x8b]Q[0xf5][0xeb]q[0xb8];^[0x8c][0xb3]V[0xd6]yw[0xc7]q[0xd7][0x8d][0xcd][0xd8][0x95]w`[0xc2][0xee][0xa8][0x17][0xf][0x7][0x9c][0xed][0xd6][0xc4]@s[0xc8]v[0xc8]H[0xb6]n[0xaf][0x96][0xef]R~[0xfb][0xed][0xc8][0xf8]f[0xc6][0xf2][0xbb]?[0x8a][0xdc][0xe5][0xe1][0xed][0xce][0x8b]T[0xfa]&quot;[0xdd][0xcd][0xc1][0xed].[0x17])[0x94]6[0xb9][0xf0][0xbf]2[0xdb][0x1b][0xa9][0xfc][0x85][0x5]wM[0x8c]_[0xbc][0xf6]8[0xbb]Q[0x8e][0xf3][0xd2][0x0] [0x8d]q[0xcc][0xc8]E[0xb0][0x93]U[0xca][0x97][0xed][0xe3][0xee][0xfb][0xf6][0xf1][0x86][0xa8]l[0xa8]JY-[0x8c]7[0xd0][0xce][0x18][0x4][0x17]T:[0xcf][0xf8]o[0xe8][0xc4][0xef]Wow[0xbe][0x9d]![0x9b][0x81][0xcc]`n[0xfb][0xea]n3[0xd5][0x9e][0xf3][0xd3][0xed][0xd1]iL62[0x83][0xb9][0xfd])[0xf8][0xb8][0xdc][0xea]U[0xe9]g.sR[0xae][0x3]}G[0xd9][0xce]@[0xd6]r[0x13]Y.[0xe2][0xfd][0xb6][0x99][0x14][0xde][0x85][0xf7]|[0xed][0xf8][0xda][0xdb][0xcc][0xab][0x87]s[0xea][0xb5]s[0xe3]kE[0xc3]Z[0xa7]b[0xad][0xe8]X[0xab]J[0xd6][0xce][0x9f]X[0x8c][0x94][0xe8][0x94][0xff][0xa2][0xda]R[0xe6]h[0xa2][0xf6][0x9c][0xb5]Pu[0x7]z[w[0xac]X[0x9e]Z[0xd5]o[0xd8][0xf1]5[0xc8]Z[0xcd][0xfc][0xe4][0xdb]Y[0x81][0xec][0xc8][0xea]c8[0xd4][0xee][0xd8]t[0xab][0xa1]S[0x9b]m[0xdf][0xfc][0xff]W[0xa7][[0x8d][0xff][0xd1]tk[0xdb]B[0xdd]Y[0x99][0x96][0x8e][0xae][0xad]8[0xeb][0x1c][0x93][0xe4]r[0x9b][0x95][0xd5][0xff][0xd2]4[0x99]g\[\r][0x18][0xd4]S[0xef][0xf6]js[0xd8][0xde][0x8b]1W[0xea][0xeb][0xdc]HL[0xb4]/[0xfe]]4[0xd1][0xb][0xd6][0xcb]HZ[0x98][0xb1][0x9b]3I[0x8f][\r]8H[0x19][0x97]u[0xe3][0x1e][0x88][0x9a][0xd0][0x8d]v[0x8f][0x99]0[0xad][0x0][0xf7][0xb3]c[0x12][0xd1]E[0x91][0xc7][0xe6])[0xab]D[0xc3][0xa0]/jU[0xab]S*:[0x9d][0xca]J[0xa3]S[0xe8][0xf5]9u[0xaa][0xad][0xc0]C[0xca][0xe1][0x81][0x0]ng[0xdd][0xe1][0x10][0xcb]O[0xf5][0xe5][0x91]![0xf6][0xf6]72[0xee]lt[0xdd][0xce]([0xba][0xdd]Q[0xd7][\r][0xe3][0xa8]F=[0xf8]p [0x9e]2[0x7]+[0xdc]$[0xcc]Wc[0xee][0xaa]1[0xf7][0xd5][0x98][0xbb]j[0xcc][0xb5][0x1a][0xe5][0xbc]D[0xa5]j[0xc6][0x83][0xdf]fh[0xe4][0x87]}[0xac][0x1b][0x1a]o[0xb7]K[0xb5][0xb2];[0x19][0xc1]d[0xc8][0xd6]&gt;[0x89][0xc2][0xaf][0xd5][0xc2][0xaf]u[0x85]_+[0x85]_[0xeb][\n]&quot;
2013-02-06 13:51:56,796 AAD-WS DEBUG wire:63 - &gt;&gt; &quot;[0xbf][0xb6]*[0xfc]Z_[0xe8][0xb5][0xae][0xd0]k[0xdd][0x97][0x9c][0xb7][0x19]d[0xb9][0x80]7[0xf8]A[0xf6][0xb6]%[0xdc][0xe1][0xf1][0xf5][0xee][0x97]q[0xfb]e[0xdd][0x8e][0x1d][0x1c][0x19][0xb1]G[0x7]l~[0x90][0x87][0xeb][0x80]}w[0xde][0xdd][0xff]f[0x1d][0xef][0xd8][0xa8]_[0x8c][0x8c][0xfa][0xff]_Yd[0x17][0xff][0xf3]Q[0xff].[0x94]i[0xde][0xa8][0xcf]Y[0xff]x8[0xea][0xdf][0xad][0x8d][0x91][0x1d][$[0xe8][0x80],[0xe3]i[0xa1]R[0x86][0xbf][0xc2][0x81][0x8e][0x82][0x85]G[0xe4][0xec][0x6][0xd8]j|u[0xc3][0xab][0x1f]][0xdd][0xe0][0xaa]c[0xab][0xc][0x86][0x85][0xcb][0x2]OQ[0xa8][0x8f][0xf3][0xd2]Qb[0xaf];[0x1a][0x1e][0xcb][0x1a][0xc7][0xd8]t[0x9b][0xfd][0xde][0xbb]&lt;Bng$[0x1c]Y[0xd8][0xfb]1Jr&lt;y[0xdb][0x9][0xdc][0xb6]/[0xd0][0x9d][0xce][0xdf][0xec][0xb6]C[0x8b][0xe8]=[0xfb]63[0xb8][0xbb]7[0xc0][0xec][0xc0]&amp;[0xb2][0xcc][0xdf]J?[0x1e]H[0xee][0xdb]n&quot;[0xdf]e[0x8b]no[0xb3][0x85][0x7][0xb5][0x1f][0x98][0xb7][0xeb][0xfb][0xbf][0xd6]Q[0xcb][0xbe][0xbc][\n]&quot;
2013-02-06 13:51:56,797 AAD-WS DEBUG wire:63 - &gt;&gt; &quot;[0xc8]G[0xae]~[0x9]4[0xc6][0xf5]v[0x98][0x3][0xf1]D[0xb6]e_s-[0xfb]&gt;K[0xfd]qh[0x8f][0x1a][0xd1]E[0xd9][0xb6][0xc1]F[0x9e]me[0xb5][0xf5][0xb5][0xa5][0xdc]:[0xf4]^[0xac][0x1b]&gt;[0xce][0xf5][0x92]m*[0xe0][0xee],[0x18][0xff][0xd7][0x9f]o[0xd9][0xe8][0xf8]&quot;[0xc5][0xfe][0xc8]m[0xe6][0x95][0xff]m[0xbb][0x5][0xf2]D[0x98]e[0x1e]p[0xe7][0xc7]H[0xcd][0xda][0xa0][0xc6]i[0xd2]\~&amp;Q[0x86][0x1][0xc9]o[0xdd][0xdc][0xbc]Jr[0xd1][0x96]k[0xac]*[0xd2]5[0xf3][0xe]&amp;r~[0x13][0xea][0x88][0xb6]4[0x9f][0x1c][0xcf]&apos;yPq[0xbf]-[0xb1]t^[0x1c]V[0xec][0x3][0xab][0x18][0xdb][0x1d][0xf6][0xdc][0xce][0x9e][0x19][0xbb][0xc6][0xef][0x8a][0x8d]o[0xef][0xbc]K6[0xcc][0xe6][0x86][0x9b]fs[0xf3][0xb7][0xce][0xee][0xea][0xe0][0xe7][0xf2]=y[0xdd]5[0xb7][0xbb].v[0xe3]Ey[0x97][0x7]?[0xa7][0xf7][0xac];V[0xfa]_[0x1c][0xfb]F[0x17][0xaf].[0xf3];8@[0xdb][0xc1][0xd5][0x8c][0xae]B[0x9c][0xba][0x8b][0xab]u[0x83]L[0xf7][0xb7]]@[0xdc][0xf5][0xa5][0x83][0x19][[0xb8]~[0xa8][0xfe][0xb4][0xdb]9H[0xbb][0xcb];P[0xcb][0xa4]Bjs[0xee][0xf0]t[0xca][0xad][0xe1]o[0xb3][0xcb]%[0xcf][0xcf][0xb8]#[0xb5][0xb0]N[v;[0xaf][0x17][0x7][0xc9][0xd6][0xb8][0xcb]n3w[0xa4]u[0x99]f[0x91][0xe3][0xe][0xa4]Ju[0xe8][0x1a]VK[0xe0]F[0x1d][0x1f]Q[0x8b][0xe3][0xec][0xf8]Tu[0x6]6[0xa5][0xdd]XQ#[0xba](R[0xb4][0xf1][0x1d][0xe8][0x15]#[0x85][0x9b][0xfe][0xbf]+[0xd9][0x81];0[0x5]v[0xa5][0x9a][0xda][0xce]d3[0xfb][0xaf][0xcf][0x81][0xef][0xbc]P[0xe5]h[0xa1][0xfe][0x8b][0xbb][0xb1][0xd9][0xf6][0xb][0xb5][0xd2][0xcf]/[0xa6][0xca][0x99][0xad][0xc3][0xb6][0xda][0xf7][0xf6][0x9b]v[0xb2]U[0xe]f[0x86][0xb1][0x96][0xb4][\n]&quot;
2013-02-06 13:51:56,797 AAD-WS DEBUG wire:63 - &gt;&gt; &quot;[0xd9][0xc3]w[0xce]#[0xee][0xd8][0x14]L4[0x9a][0xd7]m[0x16][0x9f][0xbe]`[0xd7]/[0xae][0xf9][0xbf][0xea][0x17][0xcb]F[0x8d][0x84]d[0xbe][0xa0]b[0xd9][0xff]Q[0x19][0x16][0xea][0xac][0xb7]^k[0x9a][0xb1]DZL[0x8a][0xd1]f[0xaf][0x8e][0x19]{[0x10][0xa7][0x1a][0xc7][0x7][0x8d][0x10]\[0x14][0xfd][0x19]$[0x7][0xce]S[0x81]K[0x6]hh[0x98][0x0][\n]&quot;
2013-02-06 13:51:56,798 AAD-WS DEBUG wire:63 - &gt;&gt; &quot;[0xe8]~[0xc7][0xc9]9K[0xef][0x16][0xc2]%n[0xeb]O[0xe]y[0xcc][0xd4][0xdf][0xf9][0xf8][0xdd][0x1f]9s3cW[0xb1][0x17][0x6]$[0x19][0x9a]P[0x88]L3[0xcf]4[0xf3]Lr[0xcd]4[0xb7][0xcc]e[0x92]I&amp;[0x99][0xcb]$[0xeb][0xc][0xc7][0xb6][0x96][0xf3][0xd1][0x96][0xd8][0xe6]l[0x11][0xb7][0xfa][0xe7][0x9f][0x1][0xe8][0xa0][0xb9][0xcd][0x10]9r[0x8c][0xb4][0xcd]A[0xa4][0x19][u[0xbb][0xc7][0x90]8[0xcb][0xdc][0xb1][0xdb].#[0x9][0xe6][0xe6][0xcd]9[0xaa][0x80][0x85]:[0x14]w[0x91][0xdb][0xf1][0xdb]=[0xbd][0xd8]![0xdb]6[0xbc][0xcc][0xc0][0xba]N[0xda]v[0xaf][0xf1][0xae][0xaa][0x8b][0xd7][0xf3][0xdc][0xa9]m[0xc6][0xae][0xad][0x8f][0xf][0xda]%[0xff][0xb1].[0xf9][0x2]Bh[0xa9]\[0xfc][0x1b][0xc2]![0x91][0x81]~a[0xa1][0x8e][0xd2][0xb9][0x80][0x92][0xe1]@[0xff]!*[0xc6][0x96]:[0xe7][0xbf]B[0x13]2[0x83][0xe1][0x9a][0xba][0xa8][0x95][0xa1]([0xfc]W[0xe0]O[0xca][0xd5]g[0xd1][0x18][0xc7][0xed]0[0x11][0xf0][0x13][0x9d][0xad][0xac]jHy[0x90]V[0xb5]5[0xda][0xd2]`[0xc9]c[0xff];o,[0xc9][0xf9][0x8a][0x1d][0xb8][0x96]4z[0xc9][0xe3]6[0xb7];[0xee]t[0x9a]&amp;sR[0xff][0xa0][0xcb][0xe6]O[0xde][0xd8]g[0x13][0xf]][0xb8][0xd8][\n]&quot;
2013-02-06 13:51:56,798 AAD-WS DEBUG wire:63 - &gt;&gt; &quot;Q[0x88][0x10][0x8a][0xc7]G1[0xe4]Z[0xab]J[0xf8]k[\r][0xf8][0xcc][0xf5][0x1f][0xae]r[0x0][0xa7][0xd6][0x80]l[0x17][0xae][0xc3]8Q[0xef][0xe]|&gt;[0x97][0xfe]/d&quot;[0xbd]F[0xb4][0x9f][0xfd]?y[\n]&quot;
2013-02-06 13:51:56,799 AAD-WS DEBUG wire:77 - &gt;&gt; &quot;[0xdd][0xfc]l[0xe9][0x19][0xd2][0x9a][0xed]N[0xb1][0xcd]Xo[0x87]n[0x90][0xdd][0x8d][0xe6][0xda][0xfe][0x91][0xd6][0xc2]j&gt;6[0xb2]&gt;[0x90][0x95][0xf4][0xbc][0xdb]I[0xf3][0xdd][0xd7][0xc1]6[0x99][0xb1]C[0xef][0xea][0xbd][0x2]|$[0xb9][0xbd]w[0xf8][0xbc][0xb3][0xe0][0x8e][0x97][0xe2][0x90][0x1d]*8[0xac][0xcd]z[0x1e]7[0xeb]fl[0xbf]k[0xc6]k[0xe5]x[0xbf][0xce][0x83]6[0xfe][0x98][0xf0][0x1c][0x1][0xff][0xdc][0xf0]x[0x9f]WY[0xee][0x1f]?[0xab]*[0x8]S:N[0xb6][0x1b]&apos;[0xa8]g&lt;,[0xc8][0x90][0xc3][0x9]d[0x2]29[0xae][0xb1][0xf7][0xb9][0x93][0xd3]DQ[0xb1]VU[0xd4][0xfb][0xf5]m[0xd4][0xf0][0xaa][\r][0xff]\[0xb1][0x88]yy[0xcb]u[0x8b];[0x1a]|[0xb7][[0x97][0x7][0xf]+sa5[0xb4]/If[0xf0][0xcf][0xbe][0x9b]rI2[0x9b]l[0xe1][0x91][0x1f][0xbf][0x1a][0x13][0xe0]2|(;e[0xa1][0xc4][0xf][0xf0][0xe3]w[0x91][0x96]$[0xcc]q[0x1b]7l[0xe3][0xdf][0xf2][0xe][0xdb][0xf2][0xab]c[0xd0][0xcf][0x80][0x9f][\r]eUr[0x97][0x9c][0x87]b[0xc3]]~A#k[0xd6][0x7]-[0xe][0xdd][0xff][0xce][0xff][0x19][0xfb]k[0xa0]l[0x9f];[0x8f][0x87]]g[0xcb]d[0xd6]s[0x13][0xb8]U[0xe7][0xdf][0xce][0xbf]Y&lt;[0xbf][0xdc][0x7][0x9e]{[0xd6]AW[0x98][0xb1][0x9d][0xf][0xbc][0xfa][0xfc]m[0xff][0xe9][0xfa][0xe3][0x11]`[0xf8])[0xf3][0x3]o[0x1b]v;&gt;w^[0xa8][0xe3][0xf][0xda]~$\7=[0x1e]?[0xc6][0xc2]X^[0xa6]WZ[0xc3][0x1e][0xee][0xdd][0x1e]3[0x9a][0xfd]E[0x13][0xd7]e[0x93][0xfd][0xe3]o[0xeb]s[0xd0]m[0xbd][0xc6][0xf6][0xe]7[0x86][0x87][0x8f][0x8d][0x8d][0xb1][0xda][0xf0][0x88][0xf0]Hf[0xd1]X[0x10][0x1e][0x15][0x1e]=f[0xc2]c[0xd8][0xb5]7[0x87][0x18][0xc6]x[0xdd][0xad]c[0xe6]FD[0xc][0x8f]e[0xb9]h,`[0xb9][0x8e]#[0xaf][0x1f];(&lt;.&lt;[0xde]E[0xdf]]&quot;[0xb3][0x92][0x9b][0xc6][0x82]7U[0xb1][0x13][0xf1][0xdd]8[0xb6]_x[0x82]W[0xbc][0xcb]/[0xd8][0xd7]2[0x1e]~[0xd3]X[0xf8][0xe1][0xb1][0xe8][0xc6]w[0x8c]E[0x9b]V,[0xfa]m[0x1a][0xdf]:[0x96][0xdc]&lt;[0x16][0xae][0x8][0xce]|[0xd7][0xd8][0x82]MaJ[0x97]n[0x8a][0xd2][0x85][0x97]n[0x8a][0xd3]E[0x97]nJ[0xd2][0xc5][0x97]nZ[0x90].[0xb9]t[0x13][0xa5]K/[0xdd][0xb4]&lt;Iwb[0xb9] ][0xc6][0x92][0xd2][0xe5],[0x17][0xa6]+X.JS[0x96][0x8b]S[0xcb]rI[0xba][0x92][0xe5][0xd2]t[0x15][0xcb][0x9d][0xd2][0x9d]Y.KW[0xb3]\[0x9e][0xee][0xc2]rE[0xba][0x86]e[0x9a][0xee][0xca][0xd2][0xa6][0xbb][0xb1]\[0x99][0xee][0xce]rU[0xba][0x7][0xcb][0x9d][0xd3]=Y[0xae]N[0xf7]b[0xb9]KZc[0xb9]&amp;[0xdd][0x9b][0xe5][0xae][0xe9]&gt;,wK[0xf7]e[0xb9]{[0xba][0x1f][0xcb]=[0xd2][0xfd]Y[0xee][0x99][0xae]e[0xb9]Wz[0x0][0xcb]Zz [0xcb][0xbd][0xd3][0x83]X[0xee][0x93][0xae]c[0xb9]o[0xba][0x9e][0xe5]~[0xe9]8[0xcb][0xfd][0xd3][0x83]Y[0xae]M[0xf]ay@[0xba][0x81][0xe5][0x81][0xe9][0xa1],[0xf]J7[0xb2]\[0x97][0x1e][0xc6]r}z8[0xcb][0xf1][0xf4][0x8][0x96][0x7][0xa7]G[0xb2]&lt;$=[0x8a][0xe5][0x86][0xf4]h[0x96][0x87][0xa6][0xc7][0xb0][0xdc][0x98][0x1e][0xcb][0xf2][0xb0][0xf4]8[0x96][0x87][0xa7][0xc7][0xb3]&lt;&quot;=[0x81][0xe5][0x91][0xe9][0x89],[0x8f]JObytz2[0xcb]c[0xd2]SX[0x1e][0x9b][0x9e][0xca][0xf2][0xb8][0xf4]4[0x96][0xc7][0xa7][0xa7][0xb3]&lt;!=[0x83][0xe5][0x89][0xe9][0x99],OJ[0xcf]byrz6[0xcb]S[0xd2]sX[0x9e][0x9a][0x9e][0xcb][0xf2][0xb4][0xf4]&lt;[0x96][0xa7][0xa7][0xf7]`yFz&gt;[0xcb]3[0xd3][0xb]X[0x9e][0x95]^[0xc8][0xf2][0xec][0xf4]&quot;[0x96][0xe7][0xa4][0x17][0xb3]&lt;7[0xbd]&apos;[0xcb][0xf3][0xd2]KX[0xde]#[0xbd][0x94][0xe5][0xf9][0xe9]e,/H/gyaz[0x5][0xcb][0x8b][0xd2]+Y^[0x9c]^[0xc5][0xf2][0x9e][0xe9]&amp;[0x96][0x97][0xa4][0xf7]byiz5[0xcb][0xcb][0xd2]{[0xb3][0xbc]&lt;[0xbd][0xf][0xcb]+[0xd2][0xfb][0xb2][0xbc]2[0xbd][0x86][0xe5]U[0xe9][0xb5],7[0xa5]u[0x96][0xf7]J&apos;X^[0x9d]N[0xb2][0xbc]w[0xda]`y[0x9f]4cy[0xdf][0xb4][0xc9][0xf2][0x9a]t[0x8a][0xe5][0xb5][0xe9]4[0xcb]z[0x9a][0xb3][0x9c]H[0xaf]c9[0x99]nf[0xd9]H[,[0xb3][0xb4][0xcd][0xb2][0x99]vXN[0xa5]][0x96][0xd3]i[0x8f]e[0x9e]^[0xcf][0xf2][0xba][0xb4]`[0xb9]9-Y[0xb6][0xd2]&gt;[0xcb]v:`[0xd9]IgXv[0xd3]Y[0x96][0xbd]t[0xb][0xcb][0xeb][0xd3]9[0x96]E[0xba][0x95]e[0x99][0xde][0x8f]e?[0xbd]?[0xcb]A[0xfa][0x0][0x96]3[0xe9][0x3]Y[0xce][0xa6][0xf]b[0xb9]%}0[0xcb][0xb9][0xf4]!,[0xb7][0xa6][0xf]ey[0xbf][0xf4]a,[0xef][0x9f]&gt;[0x9c][0xe5][0x3][0xd2]G[0xb0]|`[0xfa]H[0x96][0xf]J[0x1f]u[0xe9][0xa6][0x15]c[0xf]N[0x1f][\r]xH[0xfa][0x18][0xc0]C[0xd3][0xc7][0x2][0x1e][0x96]&gt;[0xe][0xf0][0xf0][0xf4][0xf1][0x80]G[0xa4]O[0x0]&lt;2}&quot;[0xe0]Q[0xe9][0x93][0x0][0x8f]N[0x9f][0xc]xL[0xfa][0x14][0xc0]c[0xd3][0xa7][0x2][0x1e][0x97]&gt;[\r][0xf0][0xf8][0xf4][0xe9][0x80]&apos;[0xa4]7[0x0][0x9e][0x98]&gt;[0x3][0xf0][0xa4][0xf4][0x99][0x80]&apos;[0xa7][0xcf][0x2]&lt;%}6[0xe0][0xa9][0xe9]s[0x0]OK[0x9f][0xb]xz&quot;
2013-02-06 13:51:56,799 AAD-WS DEBUG wire:63 - &gt;&gt; &quot;[0xfa]&lt;[0xc0][\r][0xe9][0xf3][0x1][0xcf]H_[0x0]xf[0xfa]B[0xc0][0xb3][0xd2][0x17][0x1][0x9e][0x9d][0xbe][0x18][0xf0][0x9c][0xf4]%[0x80][0xe7][0xa6]/[0x5]&lt;/}[0x19][0xe0][0xf9][0xe9][0xcb][0x1]/H_[0x1]xa[0xfa]J[0xc0][0x8b][0xd2]W[0x1]^[0x9c][0xbe][0x1a][0xf0][0x92][0xf4]5[0x80][0x97][0xa6][0xaf][0x5][0xbc],}[0x1d][0xe0][0xe5][0xe9][0xeb][0x1][0xaf]H[0xdf][0x0]xe[0xfa]F[0xc0][0xab][0xd2]7[0x1]^[0x9d][0xde][0x8]xMz[0x13][0xe0][0xb5][0xe9][0xcd][0x80][0xd7][0xa5]o[0x6][0xbc]&gt;}[0xb][0xe0][\r][0xe9]-[0x80]7[0xa6][0xb7][0x2][0xde][0x94][0xbe][0x15]pc[0xfa]6[0xc0]M[0xe9][0xdb][0x1]7[0xa7][0xef][0x0][0xbc]9}&apos;[0xe0]-[0xe9][0xbb][0x0][0xb7][0xa4][0xef][0x6][0xdc][0x9a][0xbe][0x7][0xf0][0xd6][0xf4][0xbd][0x80][0xb7][0xa5][0xef][0x3][0xbc]=}?[0xe0][0x1d][0xe9][0x7][0x0][0xef]L?[0x8]xW[0xfa]![0xc0][0xbb][0xd3][0xf][0x3][0xde][0x93]~[0x4][0xf0][0xde][0xf4][0xa3][0x80][0xf7][0xa5][0x1f][0x3][0xbc]?[0xfd]8[0xe0][0x3][0xe9]&apos;[0x0][0x1f]L?[0x9][0xf8]P[0xfa])[0xc0][0x87][0xd3]O[0x3]&gt;[0x92]~[0x6][0xf0][0xd1][0xf4][0xb3][0x80][0x8f][0xa5][0x9f][0x3]|&lt;[0xfd]&lt;[0xe0][0x13][0xe9][0x17][0x0][0x9f]L[0xbf][0x8][0xf8]T[0xfa]%[0xc0][0xa7][0xd3]/[0x3]&gt;[0x93]~[0x5][0xf0][0xd9][0xf4][0xab][0x80][0xcf][0xa5]_[0x3]|&gt;[0xfd]:[0xe0][0xb][0xe9]7[0x0]_L[0xbf][0x9][0xf8]R[0xfa]-[0xc0][0x97][0xd3]o[0x3][0xbe][0x92]~[0x7][0xf0][0xd5][0xf4][0xbb][0x80][0xaf][0xa5][0xdf][0x3]|=[0xfd]&gt;[0xe0][0x1b][0xe9][0xf][0x0][0xdf]L[0x8][0xf8]V[0xfa]#[0xc0][0xb7][0xd3][0x1f][0x3][0xbe][0x93][0xfe][0x4][0xf0][0xdd][0xf4][0xa7][0x80][0xef][0xa5]?[0x3]|?[0xfd]9[0xe0][0x7][0xe9]/[0x0]?L[0x9][0xf8]Q[0xfa]+[0xc0][0x8f][0xd3]_[0x3]~[0x92][0xfe][0x6][0xf0][0xd3][0xf4][0xb7][0x80][0x9f][0xa5][0xbf][0x3][0xfc]&lt;[0xfd]=[0xe0][0x17][0xe9][0x1f][0x0][0xbf]L[0xff][0x8][0xf8]U[0xfa]&apos;[0xc0][0xaf][0xd3]?[0x3]~[0x93][0xfe][0x5][0xf0][0xdb][0xf4][0xaf][0x80][0xdf][0xa5][0x3][0xfc]&gt;[0xfd];[0xe0][0xf][0xe9]?[0x0]L[0xff][0x9][0xf8]S[0xfa]/[0xc0][0x9f][0xd3][0x3][0xfe][0x92][0xfe][0x7][0xf0]W[0xcb][0xf3]~[0xc6][0xbf]Yc[0x80][0xb7]&amp;[0x0][0xfe][0xc3][0x9a][0x10][0xf8]Ok&quot;[0xe0][0xbf][0xac][0x89][0x81][0xff][0xb6]&amp;[0x1][0xfe][0xc7][0x9a][0x5][0x8c][0xbc][0x88]1[0x4]4[0xd6],[0x4][0x6][0xd6],[0x2][0x86][0xd6],[0x6]F[0xd6],[0x1][0xc6][0xd6],[0x5]&amp;[0xd6][0xec][0x4]\`[0xcd]2 Y[0xb3][0x1c][0xb8][0xd0][0x9a][0x15][0xc0]E[0xd6][0xa4][0xc0][0xc5][0xd6]X[0xe0][0x12]kV[0x2][0x97]Z[0xb3][\n]&quot;
2013-02-06 13:51:56,800 AAD-WS DEBUG wire:63 - &gt;&gt; &quot;[0xb8][0x93]5;[0x3][0x97]Y[0xb3][0x1a][0xb8][0xdc][0x9a]][0x80]+[0xac]Y[0x3]L[0xad][0xd9][0x15]h[0xad][0xd9][\r][0xb8][0xd2][0x9a][0xdd][0x81][0xab][0xac][0xd9][0x3][0xb8][0xb3]5{[0x2]W[[0xb3][0x17]p[0x17]kj[0xc0]5[0xd6][0xec][\r][0xdc][0xd5][0x9a]}[0x80][0xbb]Y[0xb3]/pwk[0xf6][0x3][0xee]a[0xcd][0xfe][0xc0]=[0xad]Y[0xb][0xdc][0xcb][0x9a][0x3][0x80]5k[0xe][0x4][0xee]m[0xcd]A[0xc0]}[0xac]Y[0x7][0xdc][0xd7][0x9a][0xf5][0xc0][0xfd][0xac][0x19][0x7][0xee]o[0xcd][0xc1][0xc0][0xb5][0xd6][0x1c][0x2]&lt;[0xc0][0x9a][\r][0xc0][0x3][0xad]9[0x14]x[0x90]5[0x1b][0x81][0xeb][0xac]9[0xc][0xb8][0xde][0x9a][0xc3][0x81][0xe3][0xd6][0x1c][0x1]&lt;[0xd8][0x9a]#[0x81][0x87]Xs[0x14]p[0x83]5G[0x3][0xf][0xb5][0xe6][0x18][0xe0]Fk[0x8e][0x5][0x1e]f[0xcd]q[0xc0][0xc3][0xad]9[0x1e]x[0x84]5&apos;[0x0][0x8f][0xb4][0xe6]D[0xe0]Q[0xd6][0x9c][0x4]&lt;[0xda][0x9a][0x93][0x81][0xc7]Xs[\n]&quot;
2013-02-06 13:51:56,800 AAD-WS DEBUG wire:63 - &gt;&gt; &quot;[0xf0]XkN[0x5][0x1e]g[0xcd]i[0xc0][0xe3][0xad]9[0x1d]x[0x82]5g[0x0]O[0xb4][0xe6]L[0xe0]I[0xd6][0x9c][0x5]&lt;[0xd9][0x9a][0xb3][0x81][0xa7]Xs[0xe][0xf0]Tk[0xce][0x5][0x9e]f[0xcd]y[0xc0][0xd3][0xad][0xb9][0x7][0xf0][0xc]k[0xce][0x7][0x9e]i[0xcd][0x5][0xc0][0xb3][0xac][0xb9][0x10]x[0xb6]5[0x17][0x1][0xcf][0xb1][0xe6]b[0xe0][0xb9][0xd6][0xdc][0x13]x[0x9e]5[0x97][0x0][0xef]a[0xcd][0xa5][0xc0][0xf3][0xad][0xb9][0xc]x[0x81]5[0x97][0x3]/[0xb4][0xe6][\n]&quot;
2013-02-06 13:51:56,801 AAD-WS DEBUG wire:63 - &gt;&gt; &quot;[0xe0]E[0xd6]\[0x9][0xbc][0xd8][0x9a][0xab][0x80][0xf7][0xb4]f[0x13][0xf0][0x12]k[0xee][0x5][0xbc][0xd4][0x9a][0xab][0x81][0x97]Yso[0xe0][0xe5][0xd6][0xdc][0x7]x[0x85]5[0xf7][0x5]^i[0xcd]5[0xc0][0xab][0xac][0xb9][0x16][0xb8][0xc9][0x9a]:[0xf0]^[0xd6]L[0x0][0xaf][0xb6]f[0x12]xok[0x1a][0xc0][0xfb]X[0x93][0x1][0xef]kM[0x13]x[0x8d]5S[0xc0]k[0xad][0x99][0x6][0xd6][0xad][0xc9][0x81][0x13][0xd6]\[0x7][0x9c][0xb4]f3[0xb0]aM[0xb][0x98]Y[0xd3][0x6]6[0xad][0xe9][0x0][0xa7][0xac][0xe9][0x2][0xa7][0xad][0xe9][0x1]sk[0xae][0x7]^gM[0x1][0xdc]lM[0x9]lY[0xd3][0x7][0xb6][0xad][0x19][0x0];[0xd6][0xcc][0x0][0xbb][0xd6][0xcc][0x2]{[0xd6]l[0x1]^o[0xcd][0x1c][0xb0][0xb0]f+[0xb0][0xb4][0xe6]~[0xc0][0xbe]5[0xf7][0x7][0xe][0xac]y[0x0]p[0xc6][0x9a][0x7][0x2]g[0xad]y[0x10]p[0x8b]5[0xf][0x6][0xce]Y[0xf3][0x10][0xe0]Vk[0x1e][\n]&quot;
2013-02-06 13:51:56,801 AAD-WS DEBUG wire:63 - &gt;&gt; &quot;[0xbc][0x9f]5[0xf][0x3][0xde][0xdf][0x9a][0x87][0x3][0x1f]`[0xcd]#[0x80][0xf][0xb4][0xe6][0x91][0xc0][0x7]Y[0x3];l[0x1e]l[\r][0xc][0xb1]y[0x88]5[0xb0][0xc4][0xe6][0xa1][0xd6][0xc0][0x14][0x9b][0x87]Y[0x3][l[0x1e]n[\r][0x8c][0xb1]y[0x84]5[0xb0][0xc6][0xe6][0x91][0xd6][0xc0][0x1c][0x9b]GY[0x3]{l[0x1e]m[\r][0xc][0xb2]y[0x8c]5[0xb0][0xc8][0xe6][0xb1][0xd6][0xc0]$[0x9b][0xc7]Y[0x3][0x9b]l[0x1e]o[\r][0x8c][0xb2]y[0x82]5[0xb0][0xca][0xe6][0x89][0xd6][0xc0],[0x9b]&apos;Y[0x3][0xbb]l[0x9e]l[\r][0xc][0xb3]y[0x8a]5[0xb0][0xcc][0xe6][0xa9][0xd6][0xc0]4[0x9b][0xa7]Y[0x3][0xdb]l[0x9e]n[\r][0x8c][0xb3][0xb9][0xc1][0x1a]Xg[0xf3][0xc]k`[0x9e][0xcd]3[0xad][0x81]}6[0xcf][0xb2][0x6][0x6][0xda]&lt;[0xdb][0x1a]Xh[0xf3][0x1c]k`[0xa2][0xcd]s[0xad][0x81][0x8d]6[0xcf][0xb3][0x6]F[0xda]&lt;[0xdf][0x1a]Xi[0xf3][0x2]k`[0xa6][0xcd][0xb][0xad][0x81][0x9d]6/[0xb2][0x6][0x86][0xda][0xbc][0xd8][0x1a]Xj[0xf3][0x12]k`[0xaa][0xcd]K[0xad][0x81][0xad]6/[0xb3][0x6][0xc6][0xda][0xbc][0xdc][0x1a]Xk[0xf3][\n]&quot;
2013-02-06 13:51:56,801 AAD-WS DEBUG wire:63 - &gt;&gt; &quot;k`[0xae][0xcd]+[0xad][0x81][0xbd]6[0xaf][0xb2][0x6][0x6][0xdb][0xbc][0xda][0x1a]Xl[0xf3][0x1a]k`[0xb2][0xcd]k[0xad][0x81][0xcd]6[0xaf][0xb3][0x6]F[0xdb][0xbc][0xde][0x1a]Xm[0xf3][0x6]k`[0xb6][0xcd][0x1b][0xad][0x81][0xdd]6o[0xb2][0x6][0x86][0xdb][0xdc]h[\r],[0xb7][0xb9][0xc9][0x1a][0x98]ns[0xb3]5[0xb0][0xdd][0xe6][0xcd][0xd6][0xc0]x[0x9b][0xb7]X[0x3][0xeb]mn[0xb1][0x6][0xe6][0xdb][0xdc]j[\r][0xec][0xb7]y[0xab]50[0xe0][0xe6]m[0xd6][0xc0][0x82][0x9b][0xb7][[0x3][0x13]n[0xde]a[\r]l[0xb8]y[0xa7]50[0xe2][0xe6]][0xd6][0xc0][0x8a][0x9b]w[[0x3]3n[0xde]c[\r][0xec][0xb8]y[0xaf]50[0xe4][0xe6]}[0xd6][0xc0][0x92][0x9b][0xf7][[0x3]Sn&gt;`[\r]l[0xb9][0xf9][0xa0]50[0xe6][0xe6]C[0xd6][0xc0][0x9a][0x9b][0xf][[0x3]sn&gt;b[\r][0xec][0xb9][0xf9][0xa8]50[0xe8][0xe6]c[0xd6][0xc0][0xa2][0x9b][0x8f][[0x3][0x93]n&gt;a[\r]l[0xba][0xf9][0xa4]50[0xea][0xe6]S[0xd6][0xc0][0xaa][0x9b]O[[0x3][0xb3]n&gt;c[\r][0xec][0xba][0xf9][0xac]50[0xec][0xe6]s[0xd6][0xc0][0xb2][0x9b][0xcf][[0x3][0xd3]n[0xbe]`[\r]l[0xbb][0xf9][0xa2]50[0xee][0xe6]K[0xd6][0xc0][0xba][0x9b]/[[0x3][0xf3]n[0xbe]b[\r][0xec][0xbb][0xf9][0xaa]50[0xf0][0xe6]k[0xd6][0xc0][0xc2][0x9b][0xaf][[0x3][0x13]o[0xbe]a[\r]l[0xbc][0xf9][0xa6]50[0xf2][0xe6][[0xd6][0xc0][0xca][0x9b]o[[0x3]3o[0xbe]c[\r][0xec][0xbc][0xf9][0xae]50[0xf4][0xe6]{[0xd6][0xc0][0xd2][0x9b][0xef][[0x3]So~`[\r]l[0xbd][0xf9][0xa1]50[0xf6][0xe6]G[0xd6][0xc0][0xda][0x9b][0x1f][[0x3]so~b[\r][0xec][0xbd][0xf9][0xa9]50[0xf8][0xe6]g[0xd6][0xc0][0xe2][0x9b][0x9f][[0x3][0x93]o~a[\r]l[0xbe][0xf9][0xa5]50[0xfa][0xe6]W[0xd6][0xc0][0xea][0x9b]_[[0x3][0xb3]o~c[\r][0xec][0xbe][0xf9][0xad]50[0xfc][0xe6]w[0xd6][0xc0][0xf2][0x9b][0xdf][[0x3][0xd3]o[0xfe]`[\r]l[0xbf][0xf9][0xa3]50[0xfe][0xe6]O[0xd6][0xc0][0xfa][0x9b]?[[0x3][0xf3]o[0xfe]b[\r][0xec][0xbf][0xf9][0xab][\r]`[0xff][0xcd][0xdf]l[0x0][0xfb]o[0xfe]n[0x3][0xd8][0xf3][0xf][0x1b][0xc0][0xfe][0x9b][0xda][0x0][0xf6][0xdf][0xfc][0xcb][0x6][0xb0][0xff][0xe6][0xdf]6[0x80][0xfd]7[0xff][0xb1][0x1][0xec]0f[0x3][0xd8][0xff][0xc0][0xd8][0x0][0xf6]?[0x8]l[0x0][0xfb][0x1f][0x84]6[0x80][0xfd][0xf]&quot;[0x1b][0xc0][0xfe][0x7][0xb1][\r]`[0xff][0x83][0xc4][0x6][0xb0][0xff][0xc1][0x2][0x1b][0xc0][0xfe][0x7]d[0x3][0xd8][0xff]`[0xa1][\r]`[0xff][0x83]E6[0x80][0xfd][0xf][0x16][0xdb][0x0][0xf6]?Xb[0x3][0xd8][0xff]`[0xa9][\r]`[0xff][0x83][0x9d]l[0x0][0xfb][0x1f],[0xb3][0x1][0xec][0xb0][0xdc][0x6][0xb0][0xff][0xc1][\n]&quot;
2013-02-06 13:51:56,803 AAD-WS DEBUG wire:63 - &gt;&gt; &quot;[0x1b][0xc0][0xfe][0x7][0xa9][\r]`[0xff][0x3]k[0x3][0xd8][0xff]`[0xa5][\r]`[0xff][0x83]U6[0x80][0xfd][0xf]v[0xb6][0x1][0xec][0xb0][0xda][0x6][0xb0][0xff][0xc1].6[0x80][0xfd][0xf][0xd6][0xd8][0x0][0xf6]?[0xd8][0xd5][0x6][0xb0][0xff][0xc1]n6[0x80][0xfd][0xf]v[0xb7][0x1][0xec][0xb0][0x87][\r]`[0xff][0x83]=m[0x0][0xfb][0x1f][0xec]e[0x3][0xd8][0xff][0xa0]f[0x3][0xd8][0xff]`o[0x1b][0xc0][0xfe][0x7][0xfb][0xd8][0x0][0xf6]?[0xd8][0xd7][0x6][0xb0][0xff][0xc1]~6[0x80][0xfd][0xf][0xf6][0xb7][0x1][0xec][0xb0][0xd6][0x6][0xb0][0xff][0xc1][0x1]6[0x80][0xfd][0xf][0xe][0xb4][0x1][0xec]p[0x90][\r]`[0xff][0x83]u6[0x80][0xfd][0xf][0xd6][0xdb][0x0][0xf6]?[0x18][0xb7][0x1][0xec]p[0xb0][\r]`[0xff][0x83]Cl[0x0][0xfb][0x1f]l[0xb0][0x1][0xec]p[0xa8][\r]`[0xff][0x83][0x8d]6[0x80][0xfd][0xf][0xe][0xb3][0x1][0xec]p[0xb8][\r]`[0xff][0x83]#l[0x0][0xfb][0x1f][0x1c]i[0x3][0xd8][0xff][0xe0]([0x1b][0xc0][0xfe][0x7]G[0xdb][0x0][0xf6]?8[0xc6][0x6][0xb0][0xff][0xc1][0xb1]6[0x80][0xfd][0xf][0x8e][0xb3][0x1][0xec]p[0xbc][\r]`[0xff][0x83][0x13]l[0x0][0xfb][0x1f][0x9c]h[0x3][0xd8][0xff][0xe0]$[0x1b][0xc0][0xfe][0x7]&apos;[0xdb][0x0][0xf6]?8[0xc5][0x6][0xb0][0xff][0xc1][0xa9]6[0x80][0xfd][0xf]N[0xb3][0x1][0xec]p[0xba][\r]`[0xff][0x83]3lp[0xfe][0xa5][0xe7][0xaf][Kp[0xc1][0xf2]=[0xde][0x15]\[0xb8][0x89];[0xc6]E6[0xb8]x[0xdd][[0x3][0xb6][0xf7][0xdc];.[0xb1][0xc1][0xa5][0xea][0xe0].r[0x99][\r].W[0x7][0xf7][0x93]+lp[0xa5]:[0xb8][0xb3]\e[0x83]M[0xea][0xe0][0x1e]s/[0x1b]\[0xad][0x8e][0xe5][0x1c][0xef][0xde]6[0xb8][0x8f]sq[0xc4][0xfb][0xda][0xe0][0x1a][0xe7][0xe2][0x98][0xd7][0xda][0xa0][0xee]\[0xdc][0xc3]&amp;l0[0xe9]\[0xdc][0xcf][0x1a]6[0xc8][0x9c][0x8b]{[[0xd3][0x6]S[0xce][0xc5]}nz[0xe8][0xe2][0x9e][0x97][0xdb][0xe0]:[0xe7][0xe2][0xfe][0xb7][0xd9][0x6]-[0xe7][0xe2]^[0xd8][0x1e][0xc6][0xe4][0xbe][0xd8][0xb1]A[0xd7][0xb9][0xb8]G[0xf6]lp[0xbd]sq[0xbf],[0x86].[0xee][0x9d][0xe5][0xd0][0xc5]}[0xb4]o[0x83][0x81]sqO[0x9d][0x19][0x86]q[0x9d][0x1d][0xba][0xb8][0xd7]n[0x19][0xba][0xb8][0xef][0xce][\r]][0xdc][0x83][0xb7][0xe]][0xdc][0x8f][0xef]7tqo[0xbe][0xff][0xd0][0xc5]}[0xfa][0x1][0xde]u[0xc1]rr[0xad][0xf2]@[0x1b]&lt;[0xa8]j[0x95][0x7][0xdb][0xe0]!U[0xab]&lt;[0xd4][0x6][0xf][0xab]Z[0xe5][0xe1]6xD[0xd5]*[0x8f][0xb4][0xc1][0xa3][0xaa]Vy[0xb4][\r][0x1e]3l[0x95][0xc7][0xda][0xe0]q[0xc3]Vy[0xbc][\r][0x9e] [0xae][0xb][0x97]/v[0xf9]=[0xd1][0x6]O[0xaa][0xf2]{[0xb2][\r][0x9e]R[0xe5][0xf7]T[0x1b]&lt;[0xad][0xca][0xef][0xe9]6[0xb8][0xa1][0xca][0xef][0x19]6xf[0x95][0xdf][0xb3]l[0xf0][0xec]a~[0xcf][0xb1][0xc1]s[0x87][0xf9]=[0xcf][0x6][0xcf][0x1f][0xf6][0x82][0x17][0xd8][0xe0][0x85][0xc3]^[0xf0]&quot;[0x1b][0xbc]x[0xd8][0xb]^b[0x83][0x97][0x8a][0xeb][0xb8]h[0xf9]BW[0xb4][0x97][0xd9][0xe0][0xe5]U[0xd1]^a[0x83]WVE{[0x95][\r]^][0x15][0xed]56xmU[0xb4][0xd7][0xd9][0xe0][0xf5]U[0xd1][0xde]`[0x83]7[0xe][0x8b][0xf6]&amp;[0x1b][0xdc]8,[0xda]M6[0xb8]yX[0xb4]7[0xdb][0xe0]-[0x9a]}[0xbc]|[0x91][0xcb][0xfe][0x16][0x1b][0xdc]Ze[0xff]V[0x1b][0xbc][0xad][0xca][0xfe][0xed]6xG[0x95][0xfd];m[0xf0][0xae]*[0xfb]w[0xdb][0xe0]=U[0xf6][0xef][0xad][0x1c][0xc8][0xfe]}C[0x17]G|[0xbf][\r]&gt;0[0xcc][0xfe][0x83]6[0xf8][0xd0][0xb0]f&gt;[0xec][0x9f][0xfb][0xb8]$ve[0xf9][0x88][\r]&gt;Z[0x95][0xe5]c6[0xf8][0xb8][0x86]/[0x88]\[0xf8]&apos;l[0xf0]I[0xf5]&quot;[0xef][0xf5])[0x1b]|Z[0xbd][0x16]._[0xe1][0xfc]&gt;c[0x83][0xcf]Vj&gt;g[0x83][0xcf]W[0x8f][0xf4][0x5][0x1b]|[0xb1]z[0xa4]/[0xd9][0xe0][0xcb][0xd5]#}[0xc5][0x6]_[0xad][0x1e][0xe9]k6[0xf8][0xfa][0xf0][0x91][0xbe]a[0x83]o[0xe][0x1f][0xe9][6[0xf8][0xf6][0xf0][0x91][0xbe]c[0x83][0xef][0xe][0x1f][0xe9]{6[0xf8][0xfe][0xb0][0xb1]`[0x83][0x1f][0xe]_[0xf9][0x1f][\r]c[0xf2]+[0xff][0xe3][0xa1][0x8b]_[0xf9][0x9f][0xc]][0xfc][0xca][0xff][0xd4][0x6]?[0x1b][0xbe][0xf2]?[0x1f][0xe6][0xc7][0xaf][0xfc]/l[0xf0]K}[0xdc]E[0xbe][0x6]~e[0x83]_[0xab][0xd7]b[0xef][0xf5][0x1b][0x1b][0xfc]V[0xbd][0x96]x[0xaf][0xdf][0xd9][0xe0][0xf7][0xea][0xb5][0xd4][0xbf][0x83][0xb0][0xc1][0x1f][0xab]j[0xfa]S[0xe5][0xe0]j[0xfa][0xb3][\r][0xfe]RU[0x13][0x1b][0xed][0xbf]U[0xd5][0xf4]w[0xff]*[0x1f][0xb7][0x93]o46[0xde][0xff][0xac][0xd4][0xb0][0xe5][0xfe][0xb7][0x86]/[0xf3]9[0xff][0xc7][0x86]c[0xea][0xb5][0xdc][0xbf][0xfe][0xa1][0xb1]a[0xe0][0xd3][0x84][0xec][0x8e]|[0xd6]a\[0x8d][0x1c][0x89][\r][0xf9][0xff][0x5]&gt;[0xeb][0x90]l[0xb8][0xd0][0xb7]P[0xb8][0xc8][0x86][0x8b][0xab][0x16][\n]&quot;
2013-02-06 13:51:56,804 AAD-WS DEBUG wire:63 - &gt;&gt; &quot;[0x97][0xd8]pi[0xd5]B[0xe1]N[0xbe]@[0xc7][0xad][0xf0][0xbd]&lt;\V[\r][0xdb][0x9c][0xe1][0xf2][0xca][0xc1][0x19][0xae][0xa8][0x1c][0xac]([0xb5][0xa1][0xad]2\[0xe9]_Vd[0xb8][0xca][0x86];[0xf]3\m[0xc3]][0x86][0x19][0xae][0xb1][0xe1][0xae]U[0x97][0x8]w[0xb3][0xe1][0xee]U[0x97][0x8][0xf7][0xa8][\n]&quot;
2013-02-06 13:51:56,804 AAD-WS DEBUG wire:63 - &gt;&gt; &quot;[0x93]b_[0xfd][0xd6]p[0xcf][0x9b][0xc3][0xbd]n[\n]&quot;
2013-02-06 13:51:56,804 AAD-WS DEBUG wire:63 - &gt;&gt; &quot;[0xf7][0xb2]am[0xfc][0x96]p[0xef]+[0x99][0xa6]/;[0xd8]1[0x1b][0xee][0xb3]&amp;[0xaa][0xf8][0xbe]k[0xe2][0x8a][0xef][0xb7]&amp;[0xa9][0xf8][0xfe]k[0x16]T|[0xed][0x9a][0x85][0x15]?`[\r]U[0xfc][0xc0]5[0x8b]*~[0xd0][0x9a]%[0x15]_[0xb7]fi[0xc5][0xd7][0xaf][0xd9][0xa9][0xe2][0xe3]k[0x16]W[0xfc][0xe0]5[0xcb]*~[0xc8][0x9a][0xe5][0x15][0xdf][0xb0]fE[0xc5][0xf]][0x93][0x82][0xf][0x8f]!^1v[0x10][0xcb][0xe3][0xc6][0x92][0xb1][0xe3][0xc7][0x16][0x8c][0x9d]8[0xb6][0xf3][0xd8]i[0xcb]?[0x12].][0xfe][0xc9][0xd0][0xa6][0x13][0xe1]-[0xe9][0xe7][0xc3][0x9f][0xda]v[0xb4][0xce][0xfe]2[0xea][0xad][0x9c][0x8b]nZ[0xf9][0xec][0xe8][0xbd]+_[0x17]}l[0xe5]{[0xa2]/[0xac]zC|[0xfe][0xaa][0xf7][0xc5]W[0xac][0xfa]b|[0xed][0xaa][0x9f][0xc4][0xd7][0xed]|H[0xfc][0xa8][0x9d]/[0x8c][0x9f][0xb9]s=~[0xf1][0xce][0x9f][0x8f][0xbf][0xb4][0xfa][0x9a]d[0xd1][0xea]&lt;Y[0xbc][0xba][0x9f],Y[0xfd][0xc0]d[0xe9][0xea][0xc7]&amp;;[0xad]~F[0xb2]l[0xf5]K[0x92][0xe5][0xab][0xdf][0x90][0xac]X[0xfd][0xf6]$][0xfd][0xe1][0xc4][0xae][0xfe]|[0xb2]r[0xf5][0xb7][0x93]U[0xab][0x9e][0xec][0xbc][0xfa][0xcf][0xc9][0xea]][0x82]d[0x97]]vJ[0xd6][0xec][0xb2]k[0xb2][0xeb].k[0x93][0xdd]v9,[0xd9]}[0x8c][0xc2][0x13][0xab][0x13][0x95]}[0xe5][0xe8]dll[0xf1];[0xc2][0x8d][0xdc]2[0x87][0xdd]&lt;[0x16][0xdc][0xb8][0xcd]I[0xc9][0xfe][0xec]:[0x89]1[0x8]O[0xfe][0x0]PK[0x7][0x8][0xed][0x19][0xe4][0xc3][0xee]A[0x0][0x0][0xd7][0xa3][0x0][0x0]PK[0x3][0x4][0x14][0x0][0x8][0x0][0x8][0x0][0xd4]|D5[0x0][0x0][0x0][0x0][0x0][0x0][0x0][0x0][0x0][0x0][0x0][0x0]D[0x0][0x0][0x0]com/sun/java/help/search/BtreeDictCompactor$CompactorDictBlock.class[0xb5]U[0xcd]W[0x1b]U[0x14][0xff][0xbd]d&amp;C[0xc2][0xd0][0xf][0xc8][0x88][0x95][0x82][0xb5]`[\r][0x93][0x84]@[0xa1][0xb1][0x95][0x1a]k[0x2][0xd8][0x91][0x14]?[0xa0][0xd5][0x16][0xb1][0xe][0x93][0x7][0x19][0x1d]&amp;[0x9c][0xcc]Da[0xe3][0x8a][0xad][0x1b]][0xb9][0xe8][0xc2][0x15][0x1b]7[0x9e][0xa3][0xe9]9[0x1e][0x8f][0x80]+[0xff][0x6][0x97]n[0xdd][0x8b][0xf7]N,b9[0xb4]f[0xe1],[0xee][0xd7][0xbc][0xfb][0xbb][0xf7][0xdd][0xfb][0xee]{[0xbf][0xfc][0xf9][0xe3][0xcf][0x88]#[0xf]&apos;[0x85]4[0xc6]S0`&amp;I[0xca][0xa6][0x90]C[0x9e][0xc9][0x4][0x93]B[0x12][0x93][0x98]b[0xe9]2[0x93]iVg[0xd8][0xe3][\n]&quot;
2013-02-06 13:51:56,805 AAD-WS DEBUG wire:63 - &gt;&gt; &quot;[0xab][0xc5][0x14]^[0xc6]U[0x96][0xae][0xa5][0xf0][\n]&quot;
2013-02-06 13:51:56,805 AAD-WS DEBUG wire:63 - &gt;&gt; &quot;fY[0xba][0xce][0xb6]WyI[0x89]m[0xaf]i[0xb8][0xa1][0xa1]&quot;[0x90][0x8][0xeb]n06)[0x90][0xaf]:[0x8d][0xad]B[0xd0][0xf2][0xb][0x1f][0xdb][0x9f][0xda][0x85][0xba][0xf4][0xb6][0xb][0x81][0xb4][0x9b]N[0xbd]P[0xe][0x9b]R[0xce][0xb9]NXilm[0xdb]N[0xd8]h[0xce][\n]&quot;
2013-02-06 13:51:56,808 AAD-WS DEBUG wire:63 - &gt;&gt; &quot;$[0x97]w[0xfd][0xb0].C[0xd7]![0x90][0xeb][0xae][0xef][0x86]%[0x81][0xc9]LW([0xe3]w[0x4][0x94]J[0xa3]&amp;[0x5]NW]_.[0xb5][0xb6][0xd6]es[0xc5]^[0xf7][0xc8][0xd2][0xdb][0x94][0x1]-[0x92][0x8b]rw[0x8a]Bd[0xac][0xd5][0xf2][0xb8]EB[0xad]q[0xcb][0xde]&amp;[0xcb]Zw[0xb1][0xba]N,5[0xbf][0xe3][0xc8][0xed][0xd0]m[0xf8][0x81][0x86]y[\r][0xb][0x2][0x10][0xd0]-[0xdf][0x97][0xcd][0x8a]g[0x7][0x81][0xc][0x4][0xee][0xff]I[0x8c]Mu[0xd2]Xn[0xb4][0x9a][0x8e]\p[0xb9]&amp;[0x83][0xc7][0x97]M0[0x94][0x8e]sx[0x8e][0xc9][0x1b]:[0x9e][0xc1][0xa0][0x86][0x9b]:[0xde][0xc4][0xa2][0x8e]*[0x93][X[0xd4][0xb0][0xa4][0xe3]-[0xbc][0xad][0xe3][0x1d][0xbc][0xab]c[0x99][0xc9][\n]&quot;
2013-02-06 13:51:56,808 AAD-WS DEBUG wire:63 - &gt;&gt; &quot;n[0xeb][0x18][0xc6][0x88][0x8e];[0xbc][0xe0]=[0x1d][0xef][0xe3][0xae][0x8e]{[0xac][0xac][0xea][0xf8][0x0]k:&gt;d[0xff][0xfb][0xf8]H[0xc7][0xf3][0xb8][0xa0][0xc3][0xc6][0x9a]@[0xa9][0x9b]M[0x1c]Jl.{[\r][0xe7][0x13][0x81][0xfe][0xe3]F[\r][0xeb][0x2]3&apos;[0x2]/[0xb4]&lt;[0xef][0x10]|[0x8c][0xb5]#p}[0x8f][0xe9][0x3][0x91][0xbb]g[0xfb][0x9b][0x85][0xc3][0x16][0xd2][0xf9][0xee][0xaa][0xf4][0x2][0xd9]&apos;t[0xf6]_[0xe9]D][0xca]=[0x1d]}[0xec]H[0x8a][0xc9]#[0xf2])[0xe9][0x87][0xcd]]:[0xe5]U[0xe9]o[0x86]u[0x9a][0x88][0x8c][0xc5][0x7][0xfd]Ld[0xe7][0x9c]h[0x10][0x82]h[0xf]=[0x8f][0x96][\n]&quot;
2013-02-06 13:51:56,809 AAD-WS DEBUG wire:63 - &gt;&gt; &quot;[0x8c][0x9c][0x1c][0xb0][0x3][0xab][0xd4][0xec][0xd0][0x16][0x88][0xad][0x96]I[0xde][0xa0][0x1c][0x4][0xe2][0x19][0xc6]Mm[0xb8][0xcd] [0x9c]g$[0x9a]&amp;7[0xa8]J{C@[0xdc][0x13][0xd0]&quot;xk[0x8e]6[0xdf]E[0xb1][0x4][0xd4]hN[0xc9]?[0xb3]Z[0xb6],.G[0xd2][0x97];[0x8f]B\|:[0x16]e[0xd8]Iz[0xf4]I[0xe3][0xc4]K[0xa2]b[0xf7]n[0xca][0xb0]Rw[0xbd][0x9a]U[0xdb][0xa1][0x89][0xb4][0x1d][0x87][\n]&quot;
2013-02-06 13:51:56,809 AAD-WS DEBUG wire:77 - &gt;&gt; &quot;[0x14][0xfd][0xa6][0xbe]U[0xa8]z][0x8d][0xd9][0xf1][0xc3]H[0xb7][[0xa2][0xe5]w2[0xba][0xf4][0xdf][0xe][0x1][0xdd][0xbf]i[0xba][0xab][0xf9][0x86][0xe8][0xe7][0x9]$[0xfe],[0xf8]S[0x10][0xe3][0xd9]$}[0x88][0xb4]Q[0xd2]b[0xc4]{[0xcd][0xec]C[0xc4][0xcc][0xec][0xf][0x88][0x17]9[0x9d]&apos;[0x9a] [0xe]r[0x8d][0xf1]P[0xfe][0xed][0xe0][0x10]@[0x82][0xf8][0xb4]9[0xd4][0x86]Rb[0xaa][0x16][0x15]f[0x89][0xa2][0xba][0x8f]t[0xce]P[0xf6][0x14]a~[0xf][0xcd]P[0xf7]T1[0xbd]2|W[0xa9][0x95][0x1e][0x1c][0xfc]n([0xdf][0x1e][0x2][0x8f]@#:D@[0xe7][0xd1]G[0xe0]i[0xb2][0xc][0xd2]@g[0x88]O[0xe2][0x2][0x85][0xa0][0xe1][0xa6][0xb0][0x1c][0xf0][0xf][0xa8][0xd1][0xea][0xaf][0xce][0xe2][0xe0][0xa7][0x9e]%[0xb3][0x8d][0x1e][0x8a][0xd7]F[0xb2][0xa8]R[0x94][0xd4][0xd7]0[0xf7]1[0x9c][0xcb][0x9b][0x86][0x9a]H[0xdb]0[0xd4]6[0xf4]6[0xfa]&quot;[0xe1]TQ5TC[0xf9][0xe6][0xe0][0xb7]}[0xdc][0xce][0x92][0xd3][0xe9]x1[0xb1][0x8f]B[0xd6]4[0x12]m[0x9c]i[0xe3]l6[0xd7]&quot;
2013-02-06 13:51:56,810 AAD-WS DEBUG wire:63 - &gt;&gt; &quot;F[0xff][0xc9][0xde]{[0x9][0xd1][0x1][0xf8][0xf5]1[0x17][0x6][0x1b][0xf8][0xa7]RK[0x18] z[0x89]6[0xf4][0x12]t[0xda]F?[0xc6][0xa9][0xc8]&amp;[0xfd][0xcb]b[0x82][0x1f]@[0x92]o[0xd0][0xd6][0xe6]1[0x85][0x9b][0xb8][0x8c]EL[0xd3][0xb5]6[0x3][0xf]W[0x10][0xd2][0xdf][0xcf][0xc8][0xf6]9[0xae][0xe2][0xb]\[0xc3][0x97][0x98][0xc5][0xb]Q[0xa3][0xe8][0xa8][0x12]?G[0xb8][0x9d]R[0x8c][0x10][0x8f]s_[0xb8]Y[0xe2]x[0x9f]:[\r][0x8e]Q[0xe]L3x[0x91][0xf8]E[0xc2][0x19]E[0xe7]K[0xd3][0x8b][0xfb]:[0xe5]f[0xa0][0x8c]9[0xb2][0xe7][0xe8][0xdd][0xb5][0xa0][0xfc][0x5]PK[0x7][0x8]uI[0x96][0xa1][0xab][0x3][0x0][0x0][0xe3][0x7][0x0][0x0]PK[0x3][0x4][0x14][0x0][0x8][0x0][0x8][0x0][0xd4]|D5[0x0][0x0][0x0][0x0][0x0][0x0][0x0][0x0][0x0][0x0][0x0][0x0]D[0x0][0x0][0x0]com/sun/java/help/search/BtreeDictCompactor$InternalBlockState.class[0xad]W[0xfb]s[0x13]U[0x14][0xfe][0xb6]M[0xb2]I\[0x5][0x8a][0xe1]Y[0xb0]@[0x81]4[0x1][0x2][0x82][0xa8]TQSZ[\r][0x84][0x16][0xda][\n]&quot;
2013-02-06 13:51:56,810 AAD-WS DEBUG wire:63 - &gt;&gt; &quot;[0x16][0xd4]v[0x9b]n[0x9b][0x85]t[0x13]w[0xb7]B[0xc5][0xf7][0x3][0xdf][0xef][0xf7][0x13][0x5][0x14]_8[0xe3]L[0x9b]2[0xe2][0xf8][0xab]3[0xfe][0x13][0xfe][0xa4]3[0xce][0xf8]7[0xa8][0xdf][0xd9]M[0x1f]Zyd[0xb4]3=[0xf7][0xde][0xb3][0xe7]~[0xe7]y[0xcf][0xbd][0xf9][0xe9][0x8f][0xef]~@-[0xd6][0xe3][0x9b]([0x92][0xd8][0x15][0xc1]Jd[0x85][0xec]V[0xd1][0x1e]E[0x0][0xbb][0xc2][0xe8][0x90]qO[0x14]{[0xd1])[0xb3].![0xdd][0xb2][0xbc]3[0x82]}[0xd8]/[0xfb][0xb8][0xbc][0xb]=*[0xe]D1[0x7][0x7]e[0xff][0xdd][0x11][0xdc][0x83]{E[0xaa]7[0xca]Y_[0x94]&lt;=[0x8a]~[0xe4][0xe4][0xeb][0x80][0x10]C[0xc8][0xa0][0x90][0xa1]([0xf2]0[0x85][0x1c][0x8a][0xe2]0[\n]&quot;
2013-02-06 13:51:56,811 AAD-WS DEBUG wire:63 - &gt;&gt; &quot;a[0xc][0xcb][0xc2][0x12]R[0x14][0x81][0x92][0x8a][0xfb][0x4][0xd0][0x16][0x18]GP][0x99][0x8d]Dp?[0x8e]Dq[0x14][0xa3]a&lt; [0x9c]c*[0x1e]T[0x10][0xea][0xed]/[0x14]s[0x87][0x15][0xd4][0xb5][0x14][0x87]Kz[0xce]-[0xda];[0xcc][0x9c][0x9b][0xf6][0x99]Z[0xc6][0xb2][0xc][0xbb][0xa5][0xa0];[0x8e][0xe1]([0xb8]5[0x9b]+[0xe][0xa7][0x9c][0x11]+uH[0xbf]_O[0xe5][0x8d]B)[0xe5][0x18][0xba][0x9d][0xcb][0xa7][0xd2][0xae]m[0x18][0xb2]s[\n]&quot;
2013-02-06 13:51:56,811 AAD-WS DEBUG wire:63 - &gt;&gt; &quot;[0xa6]q6`[0xb3][0x82]p/[0xc1][0xdc]][0xc6][0xa8][0x82][0x9a][0x83]i[0x5]WM[0xae][0xb3][0x86]5[0xe4][0xe6][0x15]([0x19]1[0xca][0xb0]\[0x9b]&quot;[0x91]^[0xab][0x95]3S[0x94][0x87]z[0xb][0xe6][0xb0][0xe9]*P{K[0xba]M[0x1][0xda][0x9c][0xb1]\[0xc3][0xb6][0xf4][0x82][0x87][0xde][0xe5][0xea][0xae]Q[0xad][0x91][0xb3][0x11]hd[0xc8][0xcd][0x9b]N[0xe3]F[0x5][0xeb][0xab][0xc1][0xe2][0xc6]H[0xd7][0xa8][0xe5][0xe6][\r][0xd7][0xcc][0x11][0xe4]&amp;[0xd3]2[0xdd][0xed][\n]&quot;
2013-02-06 13:51:56,811 AAD-WS DEBUG wire:63 - &gt;&gt; &quot;6[0xc5][0xab]B[0xc9]4[0xed]S[0x10]h)[0xe][0xd0][0x97]9Y[0xd3]2[0xda]G[0x86][0xfb][\r][0xbb][[0xef]/[0x90][0x13][0x10]P[0xe]qO,[0xe8]p[0x7][0xb9][0xe1][0xf8][0xc1]t&amp;[0xe3][0xb3]r[0x85][0xa2]CVm\V[0xd1][0xd6][0xa3]9[0xa3][0xe4][0x9a]E[0xcb]Q[0xf1][0x10][0xd7]][0xc5][0x11];g[0xb4][0x99][0x82][0xb5]p[0xb6][0xf6][\r]b[0xa1][0x86][0x9b][0xd1][0xa6]a[0x1b][0x9a]5l[0xc4]&amp;[0x5][0xb]&lt;[0xbb][0xb][0xba]5[0x94][0xea]b6[0xac][0xa1][0xf4][0xc8][0xe0][0xa0]a[0xd3][0xdf][0xf6][0xd6][0xfd][\r][0x9d][0x1d][0x1d][0xdd][\r][0x1a][0x1e][0xc6]#*[0x1e][0xd5][0xf0][0x18][0x1e][0x97][0xc5][0x13][0x1a][0x9e][0xc4]S[0x1a][0x8e][0xe3]i[0x15][0xcf]hx[0x16][0xcf][0xa9]x^[0xc3][0xb]`[0xd6][0xb7][0xff][0xb7]:[0x12][0x3]_[0xd6][0xb0][0xe])[0x15][0xaf]hx[0x15][0xaf]ix][0xd4][0xbe][0x81][0xb4][0x86][0xdb][0x90]V[0xf1][0xa6][0x86][0xb7][0xf1][0x8e][0x86]-[0xd8][0xac][0xe1]:![0xd7][\n]&quot;
2013-02-06 13:51:56,812 AAD-WS DEBUG wire:63 - &gt;&gt; &quot;[0xd9][0x8a][0xcd]*[0xde][0xd5][0xf0]&gt;&gt;[0xd0][0xf0]!&gt;RqB[0xc3][0xc7][0xf8]D[0xc1]|[0xba][0xb2][0xad][0xa1]kO6[0xd3][0xdd][0x90]i[0xef]n[0xed]l[0xbf]-[0xab][0xe1][0xa4][0x0][0x9e][0x12]r=n[0xac][0xd2][0xee][0xd9][0xa5][0xa5][0xe1][0xb4][0x18]q3[0xb6]k[0xf8][0x14][0x9f]ih[0xc1][0xe][0x15]g4|[0x8e]/T|[0xa9][0xe1]+|[0xcd][0xc2][0xb1][0x8b]Ew[0x1b]#[0xda][0x8a]6[0x5]s[0xa7]c[0xdf][0xd1][0xc8][0xc8]1[0xf9][0xf3]=[0x96]YLe:[0xa6][0xd2][0xcb]mz[0xa9]dX[0x3][\n]&quot;
2013-02-06 13:51:56,812 AAD-WS DEBUG wire:63 - &gt;&gt; &quot;[0xd6][0xc5][0xb3][0xff][0xcc]Ws[0xd3],[0x96][0x9f]B[0xd6]l[0xb2][\n]&quot;
2013-02-06 13:51:56,813 AAD-WS DEBUG wire:63 - &gt;&gt; &quot;[0x9f]X@z.g8&lt;[0x1c][0x1b]y&lt;6VW[0xd9]M&lt;[0xda]KY[0xb8][0x17][0xb6]%[0xec][0x16]}[0x8e][0x82][0xab][0xe3][0xb3][0xe5][0x9a][0xa7][0xf5]o[0x12][0xfd][0xe9][0xea][0xf4][0xff]KXxD[0xd6]\[0x10][0xa2]m[0xa4]P[0x98][0x82]a[0x80][0xd9]v[0xf4]av[0xa2][\r][0x97][0xa1]u[0x8f][0xc8][0x1a],[0x0][0x87]F[0xa7].,/[0xb5][0xb1][[0xb7][0xf4]![0xc3][0x9e][0xde][0xc2][0x1e][0xe7][0x18]n&apos;[0xcb]@[0xc5]Y[0x5]P[0xd0][[0xa5][0xa7][0xd5][0xd4][0xe9]&amp;/[0xc][0xcb]/n#[0xdd]7[0x9d][0xac][0xa1][0xf][0xb2]C[0x1f][0x98]Y[0x6]7[0xb0][0x87][0xd3]XO[0xc8][0xef]T[0xac][0xc0]K[0xab]o[0x9c]q[0xcb]Df[0xcc][0xa3][0x83][0xa6][0xed][0xb8][0xad]~[0xfb]g[0xf]c[0xc9]l[0xb9][0xbc][0x4]5[0xca]j[0x6][0xd2][0x95][0xff]\[0xd3][0xca][0x96][0xbc]Y[0x18][0xc8]X[0x3][0xc6]Q6[0xca][0xb8][0xdf]0#[0xc3][0xfa]a[0xa3][0xa2]0[0x12][0xcf]L5[0xd2][0x19][0x7][0xaf]k[0xd4]q[0x8d]a~[0xd6]m[[0x1f][0xcd][0x15]K[0x14]M[0xcc]&lt;e[0xfe][0xc9]l[0xce][0xfc][0xb][0xcb][0xc3][0x92]t[0xb6][0xd1]N^Y[0x9c][0xf9]a[0xea][0x18][0x9c][0xbe][0xda][0xac]J[0xe0]&amp;[0xc3][0xba]Y[0xaa][0xfb][0xde][0xff]=[0xe7][0xd3]A[0xf7][0xce][0xe2][0xca]K[0xef][0xe0][0x13][0xa0]F[0x89]*X{[0x11]53[0x4]Y[0xf4][0xab]/K[0x90]&gt;[0x1f][0xb1]M[0xd7][0xa8]$i[0xd5][0xc5]|[0xf6][\r]g8[0xd7]WU[0xde][0xbc][0xc3]V[0xf2][0xe1][0x5][0x84]Q#w[0x6]g5r[0xaf]y#o[0x5]o[0xdc]R[0x19][0xaf][0xab][0x8c][+#[0xdb]&gt;[0xc7]:[0xb9][0xc]y[0xc]o[0x82][0xfc][0x5]8c[0xf]&apos;[0xbd][0x85][0xab][0xd3][0x8][0xf2]U[0x8][0xe4][0x13][0x13]P[0x12][0xc9]q[0xd4]$[0xe6][0xe1][0xcf][0xef][0xc3][0xe3][0xa8]M[0x9e]G[0xa0]g[0x2][0xc1][0xba]P[0x19]j[0xf2][0x1c][0xc2]eD[0xca][0x88][0x9e][0xc3][0x15][0xc9][0xe4][0x18][0xb4]2[0xae][0x94])g[0xfe][0xb7][0xab][0x12][0xe7]1[0xa7]&apos;[0xa9]L`[0xee]8[0xe6]%[0xc6]0[0xaf]v[0x1c]u2[0xf2][0xfb][0xfc]2[0xae]N[0xd4]O [0xf6]-[0xa4]![0xdc]J[0x9a]@[0x94]4[0x83][0x8][0xaf][0xbc]:[0xec][0xa4]o[0xbb]ho[0x16]i[0xec]F[0x7][0xda][0xb1][0x9f][0xb4][0x1f]{0[0xc4]G`[0x8d]\[0x8b][0x15][0x8b];io[\r][0xc7]5[0x9][0xc1].c[0xc1]8[0x16]&amp;[0xa8]j[0x91][0x90][0xc5][0x89]y[0xea][0xef][0xe3]X[0xe2][0xa9]_Z[0xc6][0xd2]i}K[0x10]&quot;[0xbd][0x13]W[0xf0]-;[0x97][0xe8]1[0xbe]d[0xeb][0xd1][0x83][0xd5]8@[0x9][0xde]e&gt;[0xbe][0xd2]N9[0x95][0x92][0xbf][0xd6]n[\r][0x9e]A[0xe8][0xc9][0xa0][0x12][0xb][0x12]n[0xf1]I[0xcf][0xa9][0xda]Xps[0x92][0xff]&apos;[0xfe][0xfc]mn[0xa8][0xbe]/[0x16][0x1c][0xd8][0x1a]&quot;{a,[0xd4][0xc7]a[0xc9])[0x1c][0x10][0xd5][0xc2]I.[0xab][0xe7][0xd7]X[0xb0][0x8c][0xfa]D[0x8f]/![0x96]r[0xba]([0xd0]&apos;[0xe6][0xfa]r[0x8b]b[0x1][0x9a])[0xec]%[0xea][0x80]X^O/[0x92][0x9e]J[0xea][0x12][0x88]sXv[0xc6][0x83][0xad][0xa9][[0xce][0x88]O[0xe2][0x97]q[0xcd]$D[0x19][\r][0x1c]V[0xfc]H[0xf7][0xcf]ce[0x8f][0x88][0xca][0xa7]1[0xac][0x9a]@[0xe3]8V[0xc8][0xc7]d[0xfd][0xb2]I[0xfe]9[0xac].3|[0xb1][0xc0][0xdf][0xf2][0xb1][0x8f][0x11][0x1]z[0x19][0xdd]&gt;F@g^[0xfa][0xd0][0xc0][0xc]4![0xc7][0xbc][0x18][0xcc][0xd0] [0xa3]7D[0x89]&lt;[\n]&quot;
2013-02-06 13:51:56,813 AAD-WS DEBUG wire:63 - &gt;&gt; &quot;0[0xf9] ?[0x84]c|[0xc4][0xbf][0x84]&quot;[0x1f]+%&gt;6[0xee][0xc3]Y[0xd8][0x18][0x83][0x83][0x9f][0xe0][0xe2]g[0x8c][0xe0][0x17][0x1c]!:_[0x2][0xcc][0x98][0xe4][0xee]8[0xd1][0x15][0xd1]uA&apos;j[0xc6][0xb0][0xd6][0xcf]k[0xdc]wi[0x8d]0&apos;+[0xb1][0x89][0x95]X[0xf1]l[0xaa][0x18][0xcf] *[0x92]e$[0xa6]}Y[0xee]e[0xf0][0x18]s[0xfd] [0x16][0xe0]!4[0xf2]I[0x97][0xc4]#[0xac][0xaa][0xc7][0xe8][0xc3][0xe3][0xb8][0xbd]r[0xe][0xee][0xa0]][0x19][0xef][0xa4][0xec][0xc4][0x6][0xaf]&amp;[0x83][0xfc]][0xb3][0x97][0xbf][0x92][0xea]x[0xea][0xf6][0xe2][0x6][0x8e]/[0xc2][0xff][0xeb][0xa7][0xc7]oqW[0x9e][0x91]z[0xf][0x81][0xbf][0x0]PK[0x7][0x8][0xa0][0xe5][0x82]p([0x6][0x0][0x0]P[\r][0x0][0x0]PK[0x3][0x4][0x14][0x0][0x8][0x0][0x8][0x0][0xd4]|D5[0x0][0x0][0x0][0x0][0x0][0x0][0x0][0x0][0x0][0x0][0x0][0x0]3[0x0][0x0][0x0]com/sun/java/help/search/BtreeDictCompactor$1.class[0x95]R[K[0x2]A[0x14][0xfe][0xc6][0xdb][0xe6][0xaa]iv[0xb1][0xa2][0x8b][0x89][0x82][0x17]l[0xf5][0xb9][0xf0]AC[0x8][0xa4][0x1e][0x8c][0xa0][0xa7]X[0xb7][0xa1]]]wew[\r][0xfc][0x9][0xfd][0x9b][0x82]B([0xe8][0x7][0xf4][0xa3][0xa2]3[0x8b][0xf4]b[0x8];0s[0xce]|[0x9c][0xef]|g[0xce][0x99][0xef][0x9f][0x8f]/[0x84]Q[0xc7][0x89][0x8c][0x18]6[0xe3][0x88]bK[0xc2][0x8e]L[0xd8][0x9e][0x84]}[0x9][0x7][0x12][0xe][0x19]b[0x9e]n[0xb8][0xc5][0x6]C[0xbd][0xa7][0xd9]c[0xc5][0x9d]Z[0xca]P}R[0x15][0x9d][0x9b][0x13][0xc5][0xe5][0xaa][0xa3][0xe9]J[0xdb]s8[0xbf]04[0xaf]c[0x8f]&apos;[0xaa][0xe6][0xd9][0xce][0x19]C[0xbc]?[0xb3]&lt;[0x9d]{[0x86]FI[0xce][\r][0xcb][0xf0]Z[0xc][0x8d]r[0xa0],[0x95][[0x86]H[0xc7]~[0xe0][0xc][0xe9][0x9e]a[0xf1][0xab][0xe9]x[0xc0][0x9d][0x1b]u`[0x12][0x12][0x1f][0xab]#[0xde]6mm[0xc4]P(WV$[0x16]1T[0x91][0xdc][0xb7][0xa7][0x8e][0xc6][0xbb][0x86]`[0xe7][0x96][0xe5]N[0x5]3[0x89][0x4][0x8e][0x92]XC\[0xc2]1C+@[0xb9][0xc5]?O[0xc0][0x8b][0xca][0xb2][0xff][0x81][0xc9]K[0xcb][0xe2]N[0xc7]T][0x97][0xbb]B1O[0xfd][\r][0xa2][0xd4]d[0x0]C[0xc6][0xf]5U[0xeb]Q[0xb9][0x1e][0xc][0xb9][0xe6]1[0x94]Vw[0xa1][0xeb][0xd3]g[0xc][0xe1][0xb2][0xe8]m-[0x80]&amp;[0xc3]}[0xb0][0xe1][0x5][0x9].6i[0xd6][0xc8][0xd3][0x1f][0x8c][0xd1][0xbb]$[0xda]Y1[0x2][0xb2]2[0xc4][\n]&quot;
2013-02-06 13:51:56,814 AAD-WS DEBUG wire:63 - &gt;&gt; &quot;[0xd1]N I[0xf7][0x14]y[0x5][0xba][0xb]D[0xae][0xce][0xc1][0xaa][0xb5]w[0x84]^![0xfa][0xb1]N[0xa7][0xe0][0x3][0xcf]t[0xa6][0x91]Y[0xc4][0x97][0x10][0xf1][0xd1][0xd4]&apos;[0xc2]w[0xd5]7[0x84][0xd8][0x1c][0x91][0x97]%J[0x8][0x1b][0xbe]T[0x16][0xbb]d[0xb3][0xe4][0x85][0xb1][0x8d][0x1c]yQ[0xbf][0x8][0xfc][0x2]PK[0x7][0x8][0xb4]Y[0x3][0xa1]v[0x1][0x0][0x0]3[0x3][0x0][0x0]PK[0x3][0x4][0x14][0x0][0x8][0x0][0x8][0x0][0xd4]|D5[0x0][0x0][0x0][0x0][0x0][0x0][0x0][0x0][0x0][0x0][0x0][0x0]1[0x0][0x0][0x0]com/sun/java/help/search/BtreeDictCompactor.class[0xb5]Wkx[0x14][0xe5][0x15]~&apos;[0xd9][0xec][0xec]N[0x86][0x0][0x91]p)[0x9][0x18][0x8][0xb8][0xd9]%[0x84][[0xa9][0x10]EM$u%[0x1]4[0x88]][0xa8][0x86][0xc9]f[0x92],lf[0xb7][0xb3][0x13]1[0xd5][0xd6]^[0xac][0x97]z[0xaf][0xbd]H[0xe5]RA[0x9b][0xaa][0xa8][0xa0]dc[0x9][0xa5][0xf4]b[0xa1][0xf6][\n]&quot;
2013-02-06 13:51:56,814 AAD-WS DEBUG wire:63 - &gt;&gt; &quot;[0xd6][0xde][0xbc]V[0xeb][0x8f][0xf6]i[0x9f][0xfe][0xeb][0xcf][0xda][0xf7][0xcc]N[0x92]}[0x8][0x81][0xe4][0xb1]M[0x9e]=[0xdf][0xcc][0xf7][0x9d]s[0xbe][0xf3][0xbd][0xe7]|[0xe7][0x9c]y[0xf5]?G[0x8f][0xa3][0x10]5[0xf8]@C[0x18])![0xe9] [0xc9]g4\[0x1][[0x9e]2B[0x1c]!=Bn[0x11][0xb2]S[0xc8][0xad]*z5[0x14][0xe3]6[\r][0xb7][0xe3]s*&gt;[0xaf][0xa1][0x4]w[0xc8][0xca][0x17]4|[0x11]_[0x92][0xa7]/k[0xd8][0x8a];[0x83][0xd4][0xf5][0x95] [0xb9][0xee][0xd2]p7[0xee][0xd1]p/[0xbe][0xaa][0xe1]&gt;[0xdc]/O[0xf][0x8]yP[0xc5]CA[\n]&quot;
2013-02-06 13:51:56,815 AAD-WS DEBUG wire:63 - &gt;&gt; &quot;=[0xac]a6[0x1e][0x11][0xf2]5a}T[0xc5][0xd7]5|[0x3][0xdf]T[0xf1]-[\r][0xf3]`[0x7][0xf0][0x98][0x8c][0xbb][0x84]|[[0xc8][0xe3][0xc2][0xbb][xw[0xab][0xd8]#[0xe6][0xef][0x95][0x8d][0xf6][0x89]-[0xdf][0x91]WN?[0xa1][0xa1][0x16][0xfb]U[0x1c][0x8][0xe0]I[\r]K[0xf1][0x94][0x8a][0xef][0x6][0xd0][0x17][0xc0]g5[0xac][0xc0][0xf7]d[0xea]ia}F[0xc5][0xb3]A[0x9a]uP[0xc3]sx&gt;[0x80][0x17]d&lt;[0xa4][0xe2][0xb0][0x82][0xd2][0xa8][0xe5][0x98][0xb6]e$[0xeb][0x93][0xa9][0xf8][0x8e][0x16][0xc7]pL[0x5]z[0xd4][0xb2]L[0xbb]!id2f[0x86]&lt;[\r][0xa9][0xee][0xb4][0x11]wR[0xf6][0xd5][0x89][0xb8][0xe3]2[0x92][0xa7]5[0xde]c[0xdb][0xa6][0xe5]4[0x99]F[0x87][0x82]+[0x9b][0xe2][0xa9][0xee][0xda]L[0x8f]U[0xbb][0xdd][0xb8][0xc5][0xa8][0xed]2[0x93][0xe9][0xda][0x8c]i[0xd8][0xf1][0xae][0xda]z[0xc7]6M[0x91][0x1c]VS5Za[0x9d][0x82]@+7t[0xd6][0x99][0xbd][\n]&quot;
2013-02-06 13:51:56,815 AAD-WS DEBUG wire:63 - &gt;&gt; &quot;[\n]&quot;
2013-02-06 13:51:56,815 AAD-WS DEBUG wire:63 - &gt;&gt; &quot;[0xb6][0xd6]+([0x19]zo2[0xad]N[0xa7]K[0x81][0x12]U[0xe0]oM&amp;[0xba][0x13][0x8e][0x82]`[0xab][0xb5][0xd6]r[0xec][0x84][0x18][0xe8]o[0xa5][0x1d]v[0xaf][0xa8][0x88][0xa7]z[0xe4]@[\n]&quot;
2013-02-06 13:51:56,816 AAD-WS DEBUG wire:63 - &gt;&gt; &quot;[0xd4][0xd6][0xb4]![0xe6]M[0xd4][0xb4][0xd1]x[0xd0][0xb4][0xa2]v[0xb3][0xad][0xa7][0x93][0x16]l[0xe1]f[0x97]%[0xac][0x84][0xb3]F[0xc1][0xb2][0xd0]8[0x14]o4l[0xa3][0xdb][0xa4][0xca]L[0xdd][0x96][0xea][0xcd][\n]&quot;
2013-02-06 13:51:56,816 AAD-WS DEBUG wire:63 - &gt;&gt; &quot;|[\r][0xa9]v&quot;&lt;[0xb9])a[0x99][0xeb]{[0xba][0xdb]L{[0x93][0xd1][0x96][0xe4][0x8c][0xb6][0xf6][0xd6][0xb8][0x99]v[0x12])[0x8b][0x7][0xd2][0x8d]x[0xdc][0xcc]d\[0x1b][0x96]*h[0x8]E[0xab]?:[0xbe]E[0x19]Np&apos;5[0xb4][0xb5]&gt;[0x1a][0x15]c[0x2][0x96][0xb9][0xd3]]U[0xf1]&quot;[0x11][0xcd][0xf3][0xee][0xd2][0xf1][0x9c][0xad]jD{5]S[0x14]O[0xa6]2[0xd4]_[0x18][0x12][0xdd]j&lt;g[0xc3]8u[0xe5][0xe1][0xe4][0xc2][0xd4]m$,[0x5][0xd3]C[[0x9b]\[0x99][0xa4]au[0xd6][0xb6][0xd0][0xdd]V[0xa7][0xbb]^[0x16]:[0xf7][0xbc][0x96][0x3][0xae]j[0xc9][0x92]%[\n]&quot;
2013-02-06 13:51:56,816 AAD-WS DEBUG wire:63 - &gt;&gt; &quot;[0x96][0x8c]g[0xe3]a[0xa8][0xdc]3[0x4][z-[0xa7][0xcb]t[0x12][0xf1][0x11]]KEW[0xfd][0xc4]t][0xc8][0xba]KG^[0x96][0x8b][0xfa][0x9b]&apos;[0xa8]~[0xc2][0xce][0xd1]ZR=v[0xdc]lLH[0xac][0xcd][0x18][0xad]r[0xb1]h[0xd2][0xb1][0x5]7[0xe9][0xd8][0x80]v[0x1d]M[0xb8]F[0xc7]uh[0xd5][0xb1][0x16][0x8d]:&gt;)[0xaf][0xd7][\n]&quot;
2013-02-06 13:51:56,817 AAD-WS DEBUG wire:63 - &gt;&gt; &quot;Y&apos;[0xa4][0x19][0xeb][0x85]o[0xa3][0x82][0x9a][0x89][0xc4]%c[0x19][0xa2][0xf5]%[0x15]Gt[0xf4]#[0xab]`[0xcd]G[0x8b]k[0xd1]6[0xa0][0xa3][0x1]W[0xab]xY[0xc7][0xf7]qTGT,[0x1c][0xc4]1[0x1d]?[0xc0]q[0x1d]?[0xc4][0x9][0x15]?[0xd2][0xf1]c[0xfc]D[0xc5]Ou[0xfc][0xc]&apos;U[0x9c][0xd2][0xf1]s[0xbc][0xaa][0xe3][0x17]&quot;[0xf0]K[0x1c][0x9d][0xa0]![0xa3][0xb3][0x84][0x8e]_[0xe5][0x10][0xfb][0xb5][0x8e]O[0xe1]7:~[0x8b][0xd3][\n]&quot;
2013-02-06 13:51:56,817 AAD-WS DEBUG wire:63 - &gt;&gt; &quot;.r[0x95]%R[0xb5][0xd1][\r][0xc3][0xf7][[0xc5][0x19][0x1d][0xaf][0xa1][0x95][0xe1]}v[0x94][0xd4][0xf7]ttH[0xf2][0xf2][0xdb][0xa9][0x94][0xb3][0xfa]b[0x1d][0xbf][0xc3][0xeb]B~[0xaf][0xe3][0xf][0xf8][0xa3][0x8e][0x9b]E*2[0x1]C[0xc5][0xa0][0xeb]u[0xfc]IL[0xfb]3[0xde]P0wL[0xe1][0x96]x[0x97][0xd9]m[0x88][0xc0][0x9b][\n]&quot;
2013-02-06 13:51:56,818 AAD-WS DEBUG wire:63 - &gt;&gt; &quot;[0x16]M[0xe4][0xc6][0xf2][0xba]nj[0xbe]j[0xa3][0x88][0xbe][0xc5][0xdc][0xe5][0x8a]X[0xa6]S{[0xc3][0xf5]M\[0xea]`[0xc8][0xc9][0xd2][0xdb]B[0xde][0xd1][0xb1][\r][0xc6][0x10].[0xee][0xc9][0x87]q[0xd1][0xf1].[0xfe][0xa2][0xe2]=[0x1d][0xef][0xe3][0xaf][\n]&quot;
2013-02-06 13:51:56,818 AAD-WS DEBUG wire:63 - &gt;&gt; &quot;[0xa6][0x8d]&gt;[0x8d] [0xf2]&gt;[0xda][0x15],[0x1c][0xd3][0xbc][0xc6][0x9e]drXp\[0xe7][0xa8][0xca]K{[0x13][0xcd][0x18][0xbc][0xd3][0xf3].,@[0x10][0xa4]d([0x88]M[0xb4]b[0x9c][0x87]][0xc]nt[0xcd][0xe8]u[0xed]h[0xfd][0x9f]g[0x90][0xbc]k[0xeb][0xee]0[0xe7][0xfc][0xc6][0xb0]`g[0xcc][0x1c][0x90][0xb9][0xc2][0xc6]c[0x87][0xdc]2[0xa3]u$[0xec][0x8c][0xb3]6W[0xa2]Y[0x1d][0xa4][0x8c][0xa7][0xe5][0x94][0x8c][0x9c][0xc5][0x13]C[0x84][0xe1][0xd5]&amp;;4[0x1b][0x96][0xd1])[\r[0x1][0x88]&lt;F[\n]&quot;
2013-02-06 13:51:56,818 AAD-WS DEBUG wire:63 - &gt;&gt; &quot;.[0x18][0x17][0xa3][0x82][0xe2][0xbc][0xda][0xab]`[0xfe][0xf9]K[0xaf]WZW[0x8c]/[0x1e][0xab][0xe4]-/[0xdc]&amp;[0x9d][0xf5][0x1e][0xec]6v[0x98][0x1e]N[0xc1]PT[0xca][0xb4][0xb][0xe0][0x94][0xbc]&lt;[0xd1][0x9b]q[0xcc]n.[0x1b][0xb6]m[0xf4][0xc6]Si[0xb2][0x86][0xf3][0x8b][0xe1][0x86][0xb6][0xed]f[0xdc][0xa9][0x8b][0x9e]c[0xca][0xd5][0xa5][0xd2]I[0x8d][0xb4][0x87]m[0x1d][0x9f]r[0x9e][0xda][0xd0]1[0xd2]JY[0x9e][0xef][0xc6]U[0xb5]G[0xe2])[0xd7]O[0x84][0x86]M[0xd6]v[0xda][0x9][0xc7][0x1c][0x6][0xf1]B[0x10][0x8a]H^N[0xd8][0xd4]e[0xa7]v[0xe6][0xfa][0xa2][0xc9]i&amp;F[0x87])6[0xbe]c[0x93]m[0xc4]9[0xe3]7[0xd2]i[0xd3]b[0x16]Xt[0xae]&amp;`[0xd4]T.[0xa7][0xd2]I[0xb3][0xc5][0x95]c[0xae][0x6][0x9c]Tn[0x86][0x99]&apos;4[0x9a][0x8f][0x1c]&gt;I[0xca][0xdc][0xbe]=[0xd5]l[0xa4]Y[0xc9]n[0xfa][0xff][0xdd]8[0x17][0x8f]*[0xef]x^*=GO[0xe1]v[0x94]+[0xcf]cF.[0xa7][0x8f][0xd1][0x8d][0xac]:[0x7]|[0xe3][0x99][0x11][0xd9]ig[0xd9][0xe6]y[0xbd][0xd0][0xb4][0x19]:eMCUoc[0xce]w[0xb6]it[0xd7][0xe5][0x15][0xc3][0xbc]i[0x6][0xa4][0xeb][0xe0][0xa4]uVS[0xe7][0x5]m[0xf5]fT[0xf2][0xb][0xe6][\n]&quot;
2013-02-06 13:51:56,819 AAD-WS DEBUG wire:63 - &gt;&gt; &quot;[0x0]A[0x14]H[0x9d][0xe7]S[0x81][0xf4]$[0xee][0xc8][0xb6][0xc4][0x1d][0xa3][0xde]x[0xad]7[0xae][0xf3][0xc6]&amp;od[0xbf][0xe2][0x8e]lY -[0x88]&quot;u[0x91][0xef]-|;[0x1]??[0x14][0x81]tx[0x0][0xbe][0xf0]T|x,[0xd0][0x8f][0xa2]pa?[0xfc]BT![0x1]![0x85]a[0xa5][0x1f]Ay[0xd2][0xc2][0x91][0xf2]A[0x14][0xc7]([0xa1]g1)&lt;[0x88][0x92]XX[0x19][0xc0][0xe4]~L[0x9][0x1f][0xe1]/v[0x4][0x85][|[0xdb]([0x93][0xc5][0xd4][0xf0]T[0xf5][0xdf][0xfd]([\r][0xcb]J[0x16][0x17][0x89][0xb6]H?[0xa6][0x1d][0xe6][0x9e][\n]&quot;
2013-02-06 13:51:56,819 AAD-WS DEBUG wire:77 - &gt;&gt; &quot;6[0x91][0xae][0xc1]d[0xd2][0xbb][0xe1][0xe3][0xb7][0xdd]$&gt;[0x97]b*f[0x90][0x96]c[0x1a]O_[0x86][0x85][0xf8];&quot;[0xb8][0x7][0xab][0xf8][\r][0xd7][0x88][0xfb][0xd9]_&lt;[0x80]V&lt;[0x88][0xed]x[0x8])&lt;[0x8c][0x1b]([0xed][0xa3][0xae][0xd5][0xa4][0x9b]q[0xa3]w[0xae]*[0x8e][0x5]rZ[0xee][6;[0x8b][0xe9]&apos;PrhxO?G[0xe0][0xd1]&lt;Y[0x85]zc[0xa4][0x94]U[0xea][0xb8][0xee][0xe7][0xca]k[0x15]{q[0xba]p[0xa5][0xaf][0xf][0xfe];}J[0x99][0x8f][0xaa][0xfc][0xfb]y[0xa2]#(*[0xf3]-[0x8f][0xf0][0xb7][0xef][0xc3][0xbf]M[0xf1][0x97]o+[0xf3][0xb5][0xaf],[0xe2]t[0xa0][0xac]h[0x1b][0x87][0xd2][0x3]hp[0x81][0xe0]L[0xa4][0xa2][0x9c][0xab]e[0xbe],f[0x8].[0xc2]![0x10][0xf0]Q[0x15][0x84][0xd4]p9[0x91][0x8e][0xb8][0xba][0xa9]Tx_[0xc6][0xcc]&gt;l[0x19][0x92][0xcf]b[0x96][0xf7][0xa8]f[0xf1]1[0xe][0xc1][0x93][0x98]N[0xc8]g[0xc7]\D[0x8f][0xa0]|[0x0][0x15][0xe2][0x18][0xae]D[0xca]+[0xdc][0xc9][0x1](Y[0xcc][0xc9]G|[0xc8][0x93][0xfe][0x11][0xd8]7[0x13]Z`[0x17][0x8f][0xff]8T[0xec][0x86][0x86]=[0x84]7[0x81][0xdb][0x8b][0x1a][0xec]C[0x1d][0x9e]`[0xd8][0xec]&apos;([0x7]&quot;
2013-02-06 13:51:56,819 AAD-WS DEBUG wire:63 - &gt;&gt; &quot;[0x10][0xc7][0x93][0xe8][0xc2]S[0xb8][\r]O[0xe3].&lt;[0x83]G[0xf0],[0x1e][0xc3]A[0xd2][0xe7][0xd8]e&gt;[0x8f]Sx[0x81][\r][0xe0]![0x9c][0xc1]K[0x4][0x9d]mt[0xe]H[0xca][0xf9][0xf8][0xf]D[0xf2]B[0xe2]rqH$[0x8b][0xb9][0x91][0xf2][0xac][0x8b][0xa5][0xfb][0xd2][0x87][0xc0][0xfa][0x9a],*[0xcb][0xf]RT[0xa7][0xdf][0xab]p[0xb1]g[0xe8][0x1c][0x9a][0x7]0[0xd6][0xd8][0xdf]N[0xc3]Q[0xcc]bw[[0x89]c[0xe4]8[0x8e]j[0xc6][0xaf]&quot;[0x8d][0xa1][0xe7][0xf5][0xfb][0x18][0xcb][0xe2][0xd9][0x1b][0xc7][0x84][0xaf],[0x87][0xca][0xdc][0x1c][0x92][0xf3][0x89][0xe4][0xbc][0xd8][0x0][0xe6][0x97]Ve[0xb1][0xc0][0x3]4[0x8b][0x85]Y\2[0x80][0x82]&gt;[0x86]:[0xd9][0xb2][0x8][0x89]`[0x16][0xd5]#[0xe8][0xcd]C[0x80][0xf4][0x15][0x14][0xb3][0xa1][0x9e][0x8e][0x93]4[0xe8][0x14]Bl[0xaa][0xaf]aO[0xbd][0x81]-[0xf5]f[0xe2]1[0x14]\r[0x10][0xf6]}[0x9e][0x89][0xd7]qN.\[0xf5] [0xc2][0xb1][0x88]o[0x0][0x91]f[0xcf][0xac]E[0xb9]([\r]s[0xac][0xe1]o[0xf1][0xa8]M[0xa7][0xa3][0x88][0xf4]4]u[0x6][0x15]l[0xa2]+[0xd9][0x1c][0x87][0xf0]z^[0x14][0x7][0xd1]F[0xd0]s[0xe0][0xef][0xf1][0xa2]86[0x88][0xda][0x98][0x12].\V8[0x80]%M[0x83]X[0x1a][0x8b][0x94].[0x1b][0xc0][0xf2]f1`[0x11]&apos;#[0xeb][0x7][0xb1]&quot;V[0xfa][0xf1][0xd2][0x95]a[0x1f][0x17]&gt;[0xb1][0xda]&apos;L[0xb3]|S[0x3]([0x9c]2s[0x0][0x97][0xae].[0xaa][0x99]U[0x94][0xc5][0xaa]&gt;~[0xb9][0xbf][0x88]:[0xfa][0xeb]2[0xfe]*[0xf][0xbb]PG[0x99]fV{[0x6][0x86]i[0x1a][0xd8]jO[0xc2][0x1b][0x98][0x89]7[0x89][0xd2][X[0x86][0xb7][0x99][0xb8][0xde]![0xdf][0xbb][0xe4]|[0x8f]|[0xef][0xf3][0xaa]}[0xe0][0xa6][0xa3]v[0xcf][0xd4][0xab][0x88][0x88]\[0xd6]J[0x1e]Y[0xdb][0x85]rn2[0xe4][0x97][0xcb][0xe9][0x17]n[0xb6][0x80][0x1e][0xc9]b[0xcd][0x8][0x16]%.[0x88][0xff]`l[0xfc][0x93][0x0][0xff][0x8b][0xee]0[0xd1][0xe1]A\A[0x1e]1M[0xae]d[0xe1][0xc1][0xb3].}1:![0x1]Ft[0xc2][0x13][0x98][0xe3]%[0xb]8B[0xb7][0x1f][0x1e]Sb[0xfb][0xf0][0x16]U.[0xe0][0x92]^F&quot;{[0xec][0x9d]v y[0xae][0x9d][0x94][0xb1]$[\n]&quot;
2013-02-06 13:51:56,820 AAD-WS DEBUG wire:63 - &gt;&gt; &quot;[0xd0][0xed]R[0x8b][0xc8][0x8][0xaa]E[0x98]Mz%[0x93]b[0x9][0xc7]z[0x8e][q;&gt;M[0x1b][0x8a][0x91][0xfb][0xbb][0x97]E[0xe2][0x15][0xf8][0xfe][0xb]PK[0x7][0x8]T([0x15]([0xa2][0x8][0x0][0x0][0xf8][0x13][0x0][0x0]PK[0x3][0x4][0x14][0x0][0x8][0x0][0x8][0x0][0xd4]|D5[0x0][0x0][0x0][0x0][0x0][0x0][0x0][0x0][0x0][0x0][0x0][0x0]2[0x0][0x0][0x0]com/sun/java/help/search/FullBtreeDict$Entry.class[0x95]S[0xcf]O[0x13]A[0x14][0xfe][0xa6][0xbb]eiY[\n]&quot;
2013-02-06 13:51:56,820 AAD-WS DEBUG wire:63 - &gt;&gt; &quot;T[0x8b][\n]&quot;
2013-02-06 13:51:56,821 AAD-WS DEBUG wire:63 - &gt;&gt; &quot;-B[0xa9][0xd8]n+[[0xf4]X[0xe5]P[0x4][0xd3][0xa4][0xe8][0xa1][0xc4][0x83]\[0x98].[0x13]wa[0xbb]Kv[0xb7]&amp;[0xbd]x[0xf2][0xff]0z[0xe1][0xc2][0xc5][0xc4]FbL/[0xde][0xfc][0xa3][0x84]7K[0x82]?[0xe2][0xa1][0xee]&amp;[0xdf][0xbc]7[0xf3][0xde][0xfb][0xde][0xfb]f[0xf7][0xc7][0xcf][0xaf]#(x[0x80]z[0x1a])[0xe4]S[0x98]DA[0xc2][0x92][0x84][0xbb]i,cEZ[0xc5]4VQ[0xd2][0xb0][0xa6][0xe1]&gt;[0x83]r,[0x6][0xc][0x89][0xfd]&amp;[0x81]s[0xc8][0xc0]Z[0xc][0xc9][0xae][0xeb][[0xc7][0xc][0x13][0x91][0xed][0x84][0xa5]:C[0xb9]m[0xf9]=3[0xec]{[0xe6][0x11][0xc3]M[[0xb8]&apos;f(x`[0xd9][0xe6]N[0xdf]u[0x9b]Q [0xc4]S[0xc7][0x8a][0x1a][0xc][0xa9][0xce][0xc0][0x8b]l[0x11]9[0x16][0xe5]?v&lt;&apos;[0xda]d0[0xc7].[0xb0][0xdf]l[0xb5]*/[0x19][0xd4]-[0xff]P0[0xcc][0xb4][0x1d]O&lt;[0xef][0xf7][0xba]&quot;[0xd8][0xe3]][0x97]v[0xa6][0xc2][0x1e]w]rm[0xee]Q[0xa7][0xdb]^[0x14]P[0xff]z[0xcb][0xf3]D[0xb0][0xe5][0xf2]0[0x14]![0xc3][0xc6][0xb8]|[0xa5]8[0xbf]Qy[0xc5][0x90][0xee][0xf8][0xfd][0xc0][0x12];[0x8e]d[0xc9][0xfe][0x11][0xb5].[0x8b][0xe8][0xc8][0xa2][0xac]c[0x6][0xb3]:2[0x98][0xd6][0x91][0xc6][0x94][0x86][0x8a][0xe][0x3]U[0x1d]:[0xa6]5[0xd4]t[0x12]][0x83][0xc9]P[0xfb][0x1f]~[0x86][0xd9]8[0xcc][0xe5][0xde]k[0xf3]E[0xf7]HX[0x11]]LY[0xea][0xf0][0xdb]Ag[0x10]F[0xa2]G[\n]&quot;
2013-02-06 13:51:56,821 AAD-WS DEBUG wire:63 - &gt;&gt; &quot;[0xf3] [0xe0][0x3][0xcb]?[0xa1]&lt;[0xa3][0xdc][0xfe];[0xb3][0xd1][0xfa][0xc7]V[0xac]i[0xe6][0xd7][0xfe].[0x8f]l[0xa2][0xe8]9R[0xc3]2[0x1d][0xd3][0xad][0xaf][0x8d][0xd7]2[0xea][0xf4][\r][0xa5][0x0][0xa8]`R[0x3][0xb2][0x98][0x1c]?^3[0xf1][0x9a][0x95]*[0x91]7[0x7][0xf9]$[0xc8][0xca][0xe2][0x6][0xe1]M[0xf2][0xe][0x90][0xa4][0x17][0xa8][0x1b]_[0xc0][0x8c][0xea][0x10][0x9]#1[0x84]b[0x14][0xd4][0x83]o[0x93]C[0xa8]5[0xc5][0xf8][0xc]U)[0x9c]#)[0x8d][0x82][0xb2]g[0xe4][0xd4]!&amp;&gt;[0xc5][0xf5]s[0x84]K[0xd0][0x8]oS[0xf]9[0xe2][0xbb][0x83][X@[0x11][0x8b][0xa8] [0xf][0x13][0x5][0x8a][0x9a][0xa7][0xdd]+6[0x9f][0xfe][0x7][0x85][0xd6]g[0xca][0x93]S&lt;[0x94][0x5][0xf3][0x8f][0xaa]1[0xbe][0xc7][0xf2][0x95];[0x87][0x8b][0xb7][0xd5]k[0xeb]#4[0xf5][0x94][0xf8][0xcf][0xde]%X^[0x6][0x8c][0xe4][0xd9][0xe8][0x1c][0xda][0x87][0x8b][0xef][0xca][0xd9]u[0x13][0xf3][0xf1][0x10]+[0x84]E&quot;Z[0xc5][0x6][0xd9][0xdb]([0xd1][0xb0][0xb][0xf1][0xc8][0x8b][0xd4] H[0x1e]Fb[0xdd][0xa3][0x16][0xb3][0x97]PK[0x7][0x8][0x8e]&quot;[0xaf][0xa7]&amp;[0x2][0x0][0x0][0x9d][0x3][0x0][0x0]PK[0x3][0x4][0x14][0x0][0x8][0x0][0x8][0x0][0xd4]|D5[0x0][0x0][0x0][0x0][0x0][0x0][0x0][0x0][0x0][0x0][0x0][0x0]:[0x0][0x0][0x0]com/sun/java/help/search/FullBtreeDict$FullDictBlock.class[0xb5]V{lS[0xe7][0x15][0xff]}[0xf1][0xf5][0xbd][0xbe][0xce][0xcd][0x13].4q[0x12][0x18][0x4]H[0xae]C[0xc][0x84][0x9a][0x95]WG[0x2][0xc][0x97][0x0]m[0xc9][0xe8]x[0xb4][0xb5][0x13][0xdf][0xc4][0x6][0xc7][0xa1][0xb6][0xd3][0x11][0xfa][0xa4]M5m[0xb5][0xdb][0xa4]=[0xd5][0x86][0xb0]*[0xda][0x94]imE[0xc2][0xd4]mH[0x93]&amp;M[0xaa][0xb6][0xb6]nU[0xb7]U[0xda][0x8b][0xad][0xeb][0xb4][0xb7]Vm[0xd2]D[0xf6];[0xd7][0xe][0x6][0x94]v[0xc0][0xb4]X9[0xf7][0xfb][0xce]=[0xe7]|[0xe7][0xf5];[0xdf]}[0xed][0xf2][0xab][0x17][0xe1][0xc3]Z&lt;[0x13][0xc4]2t[0xb][0xe9][0x9]b9v[0x9a]\[0xed][0x92][0xd5]n[0x13][0x1f][0xc6][0x1e]![0xb1] [0xc9]]&amp;B[0xd8]+/z[0x85][0xec][0x13][0x8d][0xfd][0xb2]: [0xe4]ny{[0x8f][0xf0][0xee][0x95][0xed]A!}A|[0x4][0x87][0xc4][0xc0]}[0xf2][0xe2][0xa3]&quot;rXVG[0x84][0x1c][0x15]rL[0xe4][0xee]7[0xf0][0xa0]&lt;[0xe3]A[\n]&quot;
2013-02-06 13:51:56,822 AAD-WS DEBUG wire:63 - &gt;&gt; &quot;$D[0xbe][0xdf][0xc0][0x80][0x1]WA/[0xa4][0xd2][0xf9][0xd6]u[\n]&quot;
2013-02-06 13:51:56,822 AAD-WS DEBUG wire:63 - &gt;&gt; &quot;m[0xbd][0x3]#[0xc3][0x91][0xfc]h6r&lt;[0xf1]p&quot;[0x92]r3&apos;#y7[0x91][0x1b]HEv[0x8f]f2[0xdd][0x85][0x9c][0xeb][0xee]L[0xf][0x14][0xb6]([0x98][0x7][0xc7][0xb2][0x85][0x94][H[0xf]Pk:[0x9b].lW[0x8][0xdf][0xb0][0x81][0xf6]C[\n]&quot;
2013-02-06 13:51:56,823 AAD-WS DEBUG wire:63 - &gt;&gt; &quot;Z[0xcf]H[0x92][0xa7][0xd7][0xf4][0xa6][0xb3][0xee][0xfe][0xd1][0xe1]~7[0xd7][0x97][0xe8][0xcf][0x90]c[0xe4][0xdd][0xc2]nJR[0xa4]-&amp;[0x92][0xf5]d[0x14]%[0xe][0xc][0xee][0xca][0x16]ri7[0xaf]PEfO*[0x9d]I[0xc6][0xb2]I[0xf7][0x94][0x82][0xbf]-[0xe6][0x9][0x7][0xc9][0x17][0xa1][0xb1][0xd8]N[0xba][0x96][0xce][0xe6][0xdd]\[0x81]o=[0x96][0x82][0x15][0xcb]f[0xdd]\O&amp;[0x91][0xcf][0x8b][0x91][0xf5]7[0xea]q[0xab][0xa7][0xbf][0xa5][0xfd][0x8]C[0x1f]N[0x9c]pK[0xe6][0xcc][0xb6][0xd8][0xd1][0xee]X[0xf1][0xe0][0xdb]o[0xd2]VL[0xf4]h[0xaf][0xba][0xe8]c,[ps[0xd9]D[0xe6][0x16][0x9c][0x8a]1[0xbe][0xfc][0xc9]L[0x9a]qV[0x89][0x80][0xbc][0xeb][0xce][0x8c][0xc][0x9c]P[0x18][0xbc]a[[0xd7](ni[0xbf]9[0x17][0x98]X[0xe9][0x81]r[0xc][0x1b][0xda]b7[0x19][0x84][0x94].10[0xe0][0xe6][0xd9][0x8a][0xeb][0xd8][0x8c]C[0xb7][0xe8][0xf9][0xcd][0x17]t[0xfe][0xd8][0xf5]r[0xec][0x97][0xfe][0xcf][0xc7][0xfe][0x8f]i[0xe][0x1e][0x1c][0x19][0xcd][\r][0xb8][0xbb][0xd3][0x2][0x94][0xfa]kd:[0xc5][0x84][0x85]M[0xb8][0xc3]B&apos;[0xd6][h[0xc5][0x90][0x85][0xf]`[0x85][0x85][0x14][0xd2][0x6][0x8e][8[0x81][0x8c][0x85]ad-[0x8c][0xa0][0xc3][0xc2]IY[0x9d]@[0xda][0xc2]CB:[0xb1][0xd1]B[0xe]y[0xb][0x5]![0xa3]&quot;[0xbc]V[0xe4][0x1e][0x96][0xed][0xc7][0x90]7p[0xca][0xc2][0x18]N[x[0x4][0x8f]Z[0xd8][0x80].[0xb][0x8f][0x89]TX[0xa4][0xda][0xd0]n[0xc1][0x11][0xf2]8[0x9e]0[0xf0][0xa4]B[0xc7][0xcd][0x4]g[0xe1][0x8c][0x1c][0xd3][0x8a][0xa7],&lt;[\r][0xb6][0xd0][0xc6][[0xc9][0xa8][0x81][0xf1][0xf7];[0xb7][0xac]u[0x15]F[0xcc][0xab][0xd6]k[0xde][0xa7][0xfc][0xd7][0x8e][0xaf][0xe0]`:[0x97]/[0x94][0xe6][0x80][0xaf]M@[0xd8][0xf2][0xde][0xaa]E[0xeb][0xda][0xa0]7[0xd6][0x14]e[0xb5]d[0xa2][0x90]P[0xa8]8[0xda]M[0xec]pd[0x9]t[0x86][0xdc][0xdc][0xe]b[0xd8]w[0xc2][0xa5][0xc9][0x9a][0xec][0xf5][0x13][0xaf][0xda][0x95][0xc3][0xf6][0xba]c[0xbd]nv[0xa8][0x90]*[0x8e]G[0x9a][\n]&quot;
2013-02-06 13:51:56,823 AAD-WS DEBUG wire:63 - &gt;&gt; &quot;[0xcc][0xf3]i.[0x9d]d&lt;Y[0xf7][0xd4][0xbc]c[0xb5][0xde][0xbb][0x9e][0x91][0xe1][0x93]9[0xb6]xz$K[0x96][0xe7]]&amp;[0x91][0x1d][0x8a][0x1c][0x1c][0xcb][0x17][0xdc]aj$r[0xb9][0xc4][0xd8][0xc0][0xc8]Ij8m[0xbd]e[0x81][0x3][0xfd][0xc7]][0xc6][0x1b][[0x80][0xe5][0xcd]&lt;=[0x9d][0xef]u[0x13][0x83][0xc][0x89]8[0xf2][0xf7][0x17][0xa3][0xac][0xe7]Q[0x85][0x91][0x9c]K[0x8f]b[0xd9][0xee][0xd1][0xc1]A7GI[0x99][0x94][0xa2][0xb2][0xfa][0xc6][0xca][0xca]k[0xc0][0x9d][0x9f][0xe2][0x91][0x1b][0xbe]Wd[0x18]{~[0x15][0x93][0xa7][0xb0][0xe2][0xbf]W[0x93][0x10]Y[0xc6][0x8b][0x11][0xa0][0xe7][0x2][0x17]&gt;WB[0xfe][0xaa][0xa0][0xb1][0x1d]Wq[0xbf][0x9a][0xbb][0x95][0xa8][0xe0][0xf][0xa8]t[0xc2][0x17][0xe0]s[0xc2]3[0xd0]^[0xf6][0x94][0xd6][0x90][0xea]|[0x2][0xed][0xa4]m[0x1e][0x15][0x85]-[0xe4][0x8a]B[0xc8][0x9]9[0xb3][0xf0]&apos;g[0xa0];[0xe7]a[0x84]&lt;[0xa2][0xc5]}G[0xfb][0xfa][0xca][0x6][0xaa][0xf9][0x99][0x0][0xa2]-H[0x14]6&quot;B[0xae]s[0xc5][0xd0]J[0xbe][0x13]C[0x86][0xe3][0xb][0xcd]&quot;PV[\n]&quot;
2013-02-06 13:51:56,824 AAD-WS DEBUG wire:63 - &gt;&gt; &quot;z[0xec][\r]&lt;[0xa7][0x8b][0xae][0x12][0x84]%[0x85]0wb[0xae][0xc6]1[0xea][0xd4][0xbf]CI-[0x9e]jZ@1[0xca]S7[0x91][0xb3][0xf6][0x8a][0xe2]*[0xaa][0x89][0xa2][0xe9][0x84][0xfc][0xf1][0x85]T6#[0xc0][0xb8]*d[0xbe][0x14]U[0xd4]&apos;a0Q[0xc0][0xe5][0xf0]y[0x98][0xfb]:.j[0xc9][0xed][0x8c]6[0x18][0xd5]$[0xe6][0xa8][0xdf][0x17][0xd5]}Q[0xc3][0x17][\r][0xf8][0xa2][0xe6][0x14]|[0xb6][0xdf][0xd6]&amp;P[0xef][0x84][0xb9][0xd0]}[0x14][0xa9][0xbc][0x0]k[0xda][0xe][0xd8][0xfa][0x4][0x1e]ql[0xff],[0xaa][0xa2]A[0xef]Y[0x1d][0xad][0xb4]u[0xd1][0xb4][0xa6]`[0x8e][0xeb]j[0xdc]R[0xb6]e[0x7]&apos;[0xb1][0xb8][0xc3][0xd6][0xbb]$[0x87]v[0xa5]m[0xc5][0xbb]^[0x98][0xbb]$[0xfc][0x9][0xd8][0xb6][0xde]&lt;[0x81][0xc3]T[0xa6]&apos;5[0xb3][0xa8][0xd5][0xa6]E[0xb2][0xe]s[0x8f][0x97][0xa5]e7[0x89][0x8d][0xde][0xf9][0x86][0xad][0xdb][0xe6][0xfc][0xf1][0x93]XVt[0x8a][0x1b][0xcf][0xc7][0xa0]87[0x5]Q[0xc4]s[0xa9].[0xea][0x1f]7[0x95][0xb7][0xac][0xb7][0xf5]ss,.[0xa3][0x81][0xa9]9[0xe7]J[0x9e]N[0xa3][0x85][0xf4]C[0xf0]c[0x7]s[0xd6][0x8d]Z[0xf4]`[0x9]v[0xa2][0x1][0xbb][0xd0][0x84][0xdd]l[0xb5]=L[0xf3]]L[0xf9]^f[0xb2][0x97][0x12][0xfb][0xb9];[0x80]{q7[0xe][0xe1][0x1e][0x1c]C[0x1f][0x1e][0xc4]A[0xf4][0x93]s[0x9a][0x9f]vgp[0x1f]&gt;[0x8e][0xc3]x[0xe]G[0xf0]i[0xdc][0x8f]i&lt;[0x80]W[0x91][0xc0]w([0xf1][0x16][0x6]q[0x9]Cx[0x1b]i[0xfc][0x1d][0xc7][0xe9][0x1]Gr[0xa9][0x94]}[0xf4]@[0xe7][0xb3][0xc3]k7[{[0xae][0xaf][0xd4]w[0xb6][0x9f][0xcb]P3[0x13][0xd4]a[0xfb][0x85][0xe7][0xb0][0xa9][0xaa]m[0xed][0x1b]XT[0xae][0xf6][0x12]j[0x83][0xf7][0x83][0xc9][0x9b]a1[0xef][0x84]F[0xe4][0xd9]U[0x5][0xaf][0xf2][0x1b]K[0x95]?W[0xac][0xbc]Z#[0x95][0xdf][0xac]7[0xe8][0xac]}s2jx[0xe5][0xf][0xd4][0xea][0xb6][0x11][0x8f][0x9a][0xbe]h[0xb0][0xc9][0xe]Lb[0xa9][0xd3]$Y[0xd3]&amp;Qek[0xde]:[0xc9]B[0x9f][0xc7][0xe2][0xcf][0xc3][0xac]3[0xde][0x9d]B[0x8d][0xb4][0xaa][0xe4]&lt;[0xa9]%S[0xac]}[0xc0]6[0xe3]v0iW[0x9e][0xc3][0xf7]&lt;[0xb][0xdc]=[0x8f][0xaa][0xa6]Z[0x9d][0x8b][0xf8][0x14][0xb4][0xa6][0xa8][0xe5][0xd5][0xb5]DK[0xe2][0x1][0xdb]J2[0x12][0x91][0x8d][0xc8][0x8b][0xa6]c]d[0x17][0x83]o[0xd2][0xe2][0xb2][0x8b][0x97]v[0x1e][0xa1]Z[0xad]N[0x5][0xa7][0xa9]A[0x97][0xbe][0xb1][\r]f[0xc6][0x16][0xc7][0xbe][0x80]Me[0x97][0xe2][0xa9]kO3[0x92][0x12]f[0xa5][0xed]O[0xa6]D[0xd9][0xf6]kqj/[0x99]e[0x9c][0xf3][0x9e][0xcf][0xe2]6Gd[0xb4][0xf8],[0x1a][0xb4]i[0xdf][0xf4][0x95][0xe4][0x1e]g:[0xa5]Qt^[0xa3]5x[0x14]6[0x9e]`k&lt;[0xc5][0xd6]x[0x9a][0xad]1N[0xf4]?[0x83];[0xf0],K[0xf8])[0x16][0xfa]3,[0xf0]gy[0xeb]~[0x91][0xe5][0x1e][0x9f][0xc3]Y|[0x19][0x93]x[0x85][0xf4][0xbb][0xf8][\n]&quot;
2013-02-06 13:51:56,824 AAD-WS DEBUG wire:63 - &gt;&gt; &quot;~[0x88][0xaf][0xe2]M6[0xc5][0xef][0xf0]5[0xa5][0xf0]uU[0x85][0x97]U[0x3]^Q+[0xf1][0x9a]Z[0x85][0x1f][0xf0][0xc4][0xdb][0x89][0xf3]b[0xc1][0x8e]r,X&lt;[0xf9][0x8d]k[0xa0][0xea][0xf7][0xa0][0x1a][0xbc][\n]&quot;
2013-02-06 13:51:56,825 AAD-WS DEBUG wire:63 - &gt;&gt; &quot;[0xaa][0x82]S[0xcd][0xf6]O  [0xfe]O[0xb]P&amp;[0x90]ql[0xad][0x84]N[0xcd]C[0xa7][0x7]h[0xf][0x99][0xa6][0xb2][0xcd][0xeb][0x91]i[0x16][0x91]i[0x96][0x91][0xd9]C[0xc5][0x12]2+[0xae]G[0xa6]9[0x8f][0xcc][0x16];[0xe0][0x9d]Gc[0xe2][0xc2][0xd9]2[0xc][0x3][0xd3][0xde][0xc1]uQm&lt;[0xa0][0xbc][0xe5]&lt;[0x6]e[0x19]5[0xa6][0xe6][0xf6]_Ip[0x8e][0xe9][0x4]S[0xe3][0xc7][0x8f][0x88][0xc1][0xd7][0x89][0xc1][0x1f][0xb3][0xa3]B[0xc][0xbe][0xc1]7or[0xc4][0xff][0x8c][0xc3][0xf5][0xe7][0xec][0xe5][0xb7][0x98][0x9e]_`[0x1b]~It[0xfe][0x8a][0x88][0xbc]D4[0xfe][0x86]([0xfc]5[0x11][0xf5][[0xf6][0xff][0xdb][0xfc][0xf6]y[0x7]O[0xe2][0xf],[0xcf][0x9f]X[0x82]?[0xb3][0x4][0xc5][0x8b][0xf8][0x1b]f[0xf1][0xf]\[0xc4][0xbb][0xc4][0xe1]?[0xf1]}[0xfc][0x8b][0xc8][0xe0][0x87]W)[0xd1]3%d[0xb4]3[0xa8]o[0x5][0xf6]Iz[0xb7]7[0xfb]3Q[0xcd][0x17][0xf5][0x87][0xa5][0xb7]f[0xb0][0xd8][0xcb][0xbc]&gt;[0xc5]^[0xb3][0xf5][0x8e]Y4[0x8e][0xfb][0x19][0x95].[0x1][0xea][0x1c]B[0xda][0xd9][0xb9]wJ[\r][0xa6][0x9][0xa4][0x8a]2[0x9e]@[0x95]G[0xeb][0xe3][0xd1][0xc0]7[0x11]:LkZ[0x87][0x1d][0xf0]xM[0x17][0xd0][0xbc][0xd9]l0[0x99][0xe5][0x96][0x19],[0xe1][0xf8][0xc][0xce][0x9b]\[0xd8][0x80][0xe7]Ce[0xd8][0xae][0xec]([0xea][0xdb][0x1][0xdf][0xac][0xe7]PQGj#[0xa0]0(AN[0xb3][0xad][0xb][0xb4][0xc2][0xb6][0xc1][0x86][0xe][0x97]xq2[0xa5][0xd3]=[0xc0][0xac]][0x8]0[0xe1]&quot;`[0x4]&quot;[0xa9][0xb8]a[0x1b]|x[0x90][0x9][0x8a][0x9a][0xc][0xd0][0x86][0x6][0xf3][0xa5][0xeb][0xc6][0xe7][0x1c]t[0xde][0xa7][0x95][0xec][0xe8]ZU[0x81]E[0xca][0x87][0x90][0xf2][0xa3]U[0x19][0x8][0xab][0x0]:[0xb9][0xde][0xa6][0x82][0xd8][0xa3],[0x1c]`[0xc7]?[0xa0][0xaa]QP5xL[0xd5][0xe2][0x8c][0xaa][0xc7]&apos;[0xd4]&quot;&lt;[0xab][0x16][0xe3][0x5]e[0xe3]E[0xb5][0x4]3j)[0xbe][0xad]n[0xc3][0xeb][0xaa][0x11]?U![0xfc]^5[0xe1]/[0xaa][0x5][0x97][0xd5]2[0xd5][0xa8]Z[0xd5]r[0xb5]J[0xad]V[0xab][0xe9][0xc1]f[0x8e][0xe4][0xe2][0xf8]|[0x88][0xe8][0xd4][0xf8][0xdc][0xe6][0xf8][0xa4]X[0xec][0xb1][0x6][0xef][0xf6]][0xea]h[0x1d]%[0xa0]3y[0xdb][0x9d]f[0xee]L[0xfe][0xd7][0xc8][0x93][0x88][0xf2][0x12][0xe8]p[0x86][0xd4]1[0xbc][0xf2]&lt;][0xc1]{[0x13][0xaa][0x3]~[0xc5]+^u2[0xac][0x8][0x1a][0xd4]:[0xb4][0xa8][0xf5][0xe8]R[0x1b][0xb0]UuQb+;[0xb1][0xc2];[0xbe][0xa5][0xf4][0xb1][0xa1][0xcb][0xc7]FEyt[0xcc]g[0x14]?P[0x2][0xd8][0x8e];[0x17][0xd2]P/[0xbd][0x87]F[0x5]o&amp;[0xa1];[0xb0][0x8e][0xcf]F^[0xf6]![0xde]&apos;[0x11]~[0xf8],[0xe3][0xf3][0x83][0xc]y9[0x92][0xbc]U[0xb4][0xff][0x0]PK[0x7][0x8]e[0xfc][0x89][0x86]q[0x8][0x0][0x0][0xba][0x10][0x0][0x0]PK[0x3][0x4][0x14][0x0][0x8][0x0][0x8][0x0][0xd4]|D5[0x0][0x0][0x0][0x0][0x0][0x0][0x0][0x0][0x0][0x0][0x0][0x0].[0x0][0x0][0x0]com/sun/java/help/search/FullBtreeDict$1.class[0x8d]R[0xd9]J[0xc3]@[0x14]=[0xd3][0xd4][0xc6][0xc4][0xd4][0xd6][0xb8][0x8b]K)U[0xba][0xa0]Q[0xf0][0xcd][0xe5][0xa1][0x95][0x82]P[0xf4][0xa1]&quot;[0xf8][0x98][0xc6][0xc1][0xa4]M[0x13][0xc9]&quot;[0xf4][0xaf][0x14][0x94][0x82][0x82][0x1f][0xe0]G[0x89]wB_T[0x94][0xc][0xcc][0xdc][0x85]{[0xee]9sg&gt;&gt;_[0xdf]!a[0x17]%[0x15]9[0xcc]+[0x98][0xc2][0x82][0x8c]%[0x95]r[0xab]2[0xd6]d[0xac][0xcb][0xd8]`[0xc8]E[0xb6][0x13]V[0xf6][0x19][0xaa][0x1d][0xcb][0x1f][0x1a]a[0xec][0x19]}[0xf3][0xc1]4l[0xee][0xde][0x1b]!7[0x3][0xcb]6[0xda][0xb1][0xeb]6[0xa3][0x80][0xf3]3[0xc7][0x8a][0x8e][0x18][0x94][0xee][0xc8][0x8b]l[0x1e]9[0x16][0xe1][0x8f][0x1d][0xcf][0x89]N[0x19][0x1a][0xa9][0x1b][0xd4][0xae][0x19][0xb2]-[0xff][0x96]3[0x14]:[0x8e][0xc7]/[0xe2]a[0x8f][0x7]Wf[0xcf][0xa5][0x8c]24[0x7][0xbc][0xe9][0xfa][0xd6][0x80][0xa1]\[0xad][0xfd][0xdd]3[0xa9]!1j[0xd7][0x8f][0x3][0x8b][0xb7][0x1d][0x81][0xd6][0xbf]1[0xed][0x9][0x90][0x86][0x19]lj[0x98][0x86]&quot;c[0x8b][0xe1]0[0x9d][0xc8][0x8a][0x88][0x84]3[0x91][0x92][0xff][0x11]k[0xe7][0x9e][0xc7][0x83][0x96]k[0x86]![0xf][0x5][0x85]F[0x13]L[0xd9][0xfa][0x80][0x1][0xc][0xc5][0xa4][0xca]5[0xbd];[0xe3][0xb2][0xd7][0xe7]V[0xc4][0xb0][0xfd][0xff]e[0xdb][0xa6][0x15][0xf9][0xc1][0x88]A[0xaa][0x8a][0x11][0xee][0xa4][0xa3]C[0x89]^&gt;G[0x84]2m][0xcc][0x81][0xac][\n]&quot;
2013-02-06 13:51:56,825 AAD-WS DEBUG wire:63 - &gt;&gt; &quot;[0xb1]2[0xb4]I9[0xc5]y[0xf2][0xca][0x14][0x8b][0x8c]Z[0x1f][0x83][0xd5][0x1b]/[0xc8]&lt;A[0x8][0x9d][0xa5]S[0xe0][0xc1]N[0xe8],[0xa0]8[0xa9][0xaf][0xd0]O[0xa2],[0xb4]7H7[0xf5]gd[0xc6][0xc8]&gt;[0xfe]Bd0[0x97]0[0xe9]X![0xab][0x93]&apos;a[0x11][0xcb][0xc8][0x92][0xaa]d}[0x1]PK[0x7][0x8]&quot;][0xb4][0xfe]c[0x1][0x0][0x0][0xa8][0x2][0x0][0x0]PK[0x3][0x4][0x14][0x0][0x8][0x0][0x8][0x0][0xd4]|D5[0x0][0x0][0x0][0x0][0x0][0x0][0x0][0x0][0x0][0x0][0x0][0x0],[0x0][0x0][0x0]com/sun/java/help/search/FullBtreeDict.class[0xbd]W[0x9]x[0x13][0xd7][0x11][0xfe][0x9f][0xbd][0xd2]J[0xcb][0x1a][0x83]0[0x87][0x82][0x1][0x3][0xe][0x18][0xc9]F`[0x12] 2%`[0xc0][0xc1][0xa9]m[0x8]6P[0xd9][0x5][0xba][0x96][0xd6][0xb6]@^9[0xd2][\n]&quot;
2013-02-06 13:51:56,826 AAD-WS DEBUG wire:63 - &gt;&gt; &quot;0-[0xe9][0x11][0xd2][0xe6]N[0xdb][0x90][0xc3][0x94][0x84]6G[0xcd][0xd1]&amp;&amp;[0x1][0x89]D[0xd4][0xa4][0xcd]A[0x9b][0xa6][0xf7]}[0xa7][0xf7]}[0xb7][0xe9][0x1d]:[0xb3][0x92][0xb1][\r][0xc6][0xd8][0xf9][0xbe][0xd6][0xdf][0xe7][0xf7][0x9e][0xe6][0xcd]=[0xf3]ff_~[0xfd][0xd9]^[0xe4][0xa2]L[0xc8][\n]&quot;
2013-02-06 13:51:56,826 AAD-WS DEBUG wire:63 - &gt;&gt; &quot;[0xd6][0xc1]p[0xa2][0x1c]Q^:d[0xdc][0xa8]@B[0x9c][0xc1]f.[0xa4]{_u[0xd2])[0xc1]w;[0x15][0x94]a[0x17]/[0xbb][0xf9][0xb6][0xd3][0x81]=[\n]&quot;
2013-02-06 13:51:56,826 AAD-WS DEBUG wire:77 - &gt;&gt; &quot;[0xde]&quot;
2013-02-06 13:51:56,827 AAD-WS DEBUG wire:63 - &gt;&gt; &quot;[0x8e]w0[0xc2]^[0x86][0xdc]$[0xe3][0x9d]2[0xde][0xa5][0xc0][0x85]w+D[0xf0][0x1e]^nV0[0x1e][0xfb][0x9c][0x4][0xbb][0xc5][0x89][0xf7][0xe2]}[\n]&quot;
2013-02-06 13:51:56,827 AAD-WS DEBUG wire:63 - &gt;&gt; &quot;n[0xc5]mLr[0xbb][0x82];p&apos;/w1[0xde][0xdd]|{[0xf][0x9f][0xde][0xcf][0x14][0x1f]`[0x86][0x1f][0xe4][0xe5]^^[0xf6]3[0xec]&gt;^[0xee]W[0xf0][0x0][0x1e]d[0x19]]2[0xe]8[0xf0]![0x5]%8([0xe3]![0x5]^&lt;,[0xe3][0x90][0x3][0x1f]f[0x1d]?[0xc2][0xcb]#,[0xed]Q[0x19][0x8f]1[0xdf][0xc7][0x19][0xf2]Q[0x19][0xdd]2[0xe][0xcb]8[0xa2]`[0x9][0xe]*X[0x8c][0xa3][\n]&quot;
2013-02-06 13:51:56,828 AAD-WS DEBUG wire:63 - &gt;&gt; &quot;[0xae][0xc6]Q[0x19][0xc7][0x1c][0xf8][0x98][0x82][\n]&quot;
2013-02-06 13:51:56,828 AAD-WS DEBUG wire:63 - &gt;&gt; &quot;|[0x9c][0x97]&apos;[0x1c]x[0x92][0xad][0xeb]a[0xca][0xe3][0xe]&lt;[0xc5]Z&lt;[0xcd]7&apos;[0x18][0xfd]$[0x13]v*H&quot;[0xe5][0xc4])&lt;#[0xe3]Y[0x5][0xd5]0[0x1c]H[0xf3]~[0x9a][0x97]O([0xe8][0xc5][0x19][0x19][0xcf][0x9][0xe4]U%&quot;[0x91][0xd5][0xe1][0xa0]Y[0x19][0x89][0x6]w[0x8][0xa8][0xd5][0x86][0xa1][0xc7]VE[0xb4]x\[0x8f][0xb][0xd8][0xd6][0x18]f[0xac]S[0xc0][0xde][0xa1][0xc5][0xb4]v[0x2][0xcc][0xaf][0x9]F[0xdb]}[0xf1][0x84][0xe1][0xdb][0xae][0xed][0xd4]|mz[0xa4][0xc3][0x17][0xd7][0xb5]X[0xb0][0xcd]Wi[0xc6]t[0x9d]Y[0xad]g\[0xdd][0xd4]c[0xf1][\n]&quot;
2013-02-06 13:51:56,829 AAD-WS DEBUG wire:63 - &gt;&gt; &quot;[0xa2]Lt[0x84]4S[0x17][0x10][0x8d][0xc4].[0xa4]7&apos;Z[0x9][0xb8],l[0x84][0xcd][0xe5][0x2][0xb9]%[0xf3]6[0x9]H[0xab][0xa2]![0xc2][0xc8][0xaf][0x9][0x1b]z][0xa2][0xbd]Y[0x8f]5h[0xcd][0x11][0x82][0x94][0x97][0x8c]N\#sS[0xd6][0xec][0xe][0xea][0x1d]f8j[0xb0][0x1][0xc1]H4N[0x9c][0xa4][0x92]j[0xbe][0xb3][0xc5][0xcd]h[0x8c]~N*[0xa9][0xb1][0x18]F4[0xa3][0xd5]Wo[0xc6][0xc2]Fk[0x85][0x85]0&amp;[0xae][0x9b][0xb5][0xd1]P[0xb8]%[0xac][0x87][0x4]f[0xf]&apos;[0x9f][0x1d]Va[0xd1][0xb4][0xea]f[0x9d][0xbe]+[0xeb][0xc1][0xa5]%[0xf3].M[0xc4][0xde]&gt;[0xaf]x[0xf1] [0xdf][0xb3][0xaf][0xc2]F\[0x8f][0x99][0x2][0xfb][0x87][0x91];[0x1c][0x8b][0x91]RYQ[0xad][0x18][0xb1][0x9e][0x19]t[0xf2]lF[0xbf][0xb5]:[0xbb]Pj[0xd7][0xc2][0x6]{[0xb2][0xe9]bW[0xb2]W&amp;[0xe][0xe1]b+&lt;[0xf5][0xd1]D,[0xa8]W[0x85]9[0xc0][0xae]A[0x82][0xe6]3[0x81][0x8a][0xb7] [0xa0]b#6[0xa9][0xd8][0xc]&quot;([0x19][0xa1][0x96][0xb][0x5][0xc0][0xc4][0x9f]T[0xf1])&lt;[0xaf][0xe2][0x5][0xbc][0xa8][0xa2][0x1e][\r]*^[0xc2]6[0x15]g[0x99][0xeb]V[0x4]H[0xf3][0x8d][\r]UKe|Z[0xc5]g[0xf0][0xb2][0x8a][0xcf][0xe2][0x15][0x15][0x9f][0xc3][0x17][0x4][0xae]z#N[0x17]([0x1d][0x8d][0x1b]Y[0xc3]/[0xaa]hA[0xab][0x8a][0x10]t[0x15]_[0xc2][0x97]U|[0x5][0xaf][0xc8][0xf8][0xaa][0x8a][0xaf][0xf1][0xfe]u[0x15][0xdf]`[0x8d][0xbf][0x89]o[0xc9][0xf8][0xb6][0x8a]f[0xfe][0x11][0xc2]w[0xf8][0x14]T[0xf1]][0xf6]L[0x1b][0xd3][0xf][0xdf]W[0xf1][0x3][0x86][0xbd][0x8a][0x1f][0xaa][0xf8][0x11][0x9f]~[0x8c][0x9f][0xa8][0xf8])~&amp;[0xe3][0xe7]*~[0x81]_[0xaa][0xf8][0x15]~-0[0xa1]?[0x16][0xe7][0x9f][0x87][0x80]Wg[0x95][0x8a]B[0xe1][0x90]1[0xd7],j[0x9][0x9b]Ea[0xc3][0x8c][0x16]iE-1=[0xde][0x16][0xe9],[0x8a]wD[0x8][0xd8][0xcc]v[0xb2][0xe2]d[0xec][0x8c]K[0x1a][[0x1f]l[0xd3][0xdb][0xad][0xf0][0xfd]f8[0x9f][0xc][0xf1]n)$[\r][0xb5]+[0xd7]3[0xe9]oU[0xfc][0xe][0xbf]W[0xf1][0x7]l[0x13][0x98]32[0xc7]2[0xdd][U[0xfc][0x11][0x12][0x98]b[0xa1][0x86][0xa3][0xbe][0xfe]Z[0xb2]A[0xd7]Bz[0x8c]2[0xb5][0xef][0xaa]2[0xd1][0xd2]B)[0x1c][0xea][0xbb]p[0xf5]]pNf[0x80][0xcc][0xf2][0xcf][0x2]n[0xeb]&amp;a[0x86]#[0xd9][0xc]n[0x88][0xee][0xd0][0x8d][0xf0][0x1e][0xa6][0x12]E[0x8c][0xf4][0x17][0x15][0xc5]k[0x2]2[0x17][0x16]BP[0xf1]7[0xfc]][0xc5][0xdb][0xa0][0x9]8Zt3[0xd8]f[0x1][0xff][0x81][0xaa][0xf8][0x17][0x1b][0xf6]o[0xbc]&amp;[0xe3]?*^G@[0xc6]9[0x95][0xf8][0x88]&gt;[0xd5][0x6][0xbc][0x94][0x8c][0x8a]T[0x12][0x7][0x19][0xea]/RE[0x8e][0xc8]U[0x85]DL[0x84]M[0x15]v[0x8e][0xc8][0xac][0xcb][0xbb][0x9a]&quot;=[0xd2][0x8a]b[0xbd]Q[0x89][0xcb][0xb3]@`[0xb4][0xe5][0xf7]2[0xd5][0xb2]J[0xb][0x92][0x97]:-[0x11]v+[0xa9]([0xf4]9M[0xd5][0x2]N*[0xbb]U[0xc4][0xb0]z5[0xb5][0xa0]L[0xc7][0xc8][0xa4][0x93][0xc0][0xb8][0xb]}C[0x8e][0xa5][0x82][[0xd9]ir[0x83][0x1a][0xaa][0x90][0xcf]k[0xaa]$[0x13]b[0xd1]([0x99] [0x88][0xf9][0x18]-[0x18][0xd4][0xe3][0xf1][0xec]ku[0xe]x[0xb9][0xb][0xa9]+[0x8c][0xc0][0xc4][0xe2][0x81]E[0xda]7bO6UV[=EeoV[0x1b][0xe4]&quot;C[0x8b]pS[0xab][0x1e]e[0x9d]&amp;[0x1e]9ajG[0xd3][0x87]w/9[0xd5][0xb0]2[0x9e][0x94][0x1c][0x1e][0xb3]V3[0xb4]V=6[0xf0][0x5][0xca][0x14][0x81][\r][0x96][0xcb][0xd4][0xe6][0x1]([0x2]s/[0x13][0xd4],&quot;y[0xe6][0xca][0x11]!R[0xc2][0xe][0xd7]![0xfb]{a[0xbc]F[0xd7]Z[0x4][0xc6]f[0x9a]N[0xbf][0xff][0x16][0x8e][0xb8]9f[0xdd]G) e[0xfc]c[0xa3][0xe7][0x18]!Gn[0x1b]Ib[0xf][0x88][0xfa][0xe8][0xb3][0xc4][0x9e]02&quot;[0x95]L[0xf2][0x15]/X[0xb0]@[0xa0][0xf5][0xff][0xd3][0xd7][0x1b][0xfb][0xc5].d[0xb1][0x7][0xff][0xc7]b[0x7]S[0x8d]z[0xac][0x18]A[0xaf]([0x1e][0xf0]h[0xf3])S[0xad]c[0xa6][0xbc][0xf3][0x90]W[0xd2][0x94][0x1d][0xde][0xda][0xb5]H[0x84][0xa6][0xc7]6[0xcd]x[0x3]yBn+[0xce][0x96][0x13]C7}[0x1b]7[0xd4]T\\\[0xac][0x11]s[0xf1]0[0xac]3uk[0x8]J&amp;t[0xc6][0xa8][0xbd][0xd4][0x9b][0xd6]@L[0xb3]/IT[0xfb][0xac][0xa9][0xa7][0xb6]B[0x8][0xad][0xfd][0x85][0x90][0x10](u&apos;dU[0xa2][0xfe][0x94][0xe9]M[0x16][0xa3][0xb9]C[0xd4][0xbd]K[0x88]4[0xf4][0xdd][0xa6][0xd5][0xb7][0x4][\n]&quot;
2013-02-06 13:51:56,829 AAD-WS DEBUG wire:63 - &gt;&gt; &quot;[0xe8][0xe5]][0x84]D[0xc9][0xaa][0xdf][0x98][0xd0]&quot;[0xf1][0xb]f[0xb6]u[0xcd][0xdb]u[0xee][0x7]&lt;[0xb7][[0x9d][0xec][0x12]3[0x1d][0xe9][0x98][0xd7][0xa6][0xc5]ki[0xb0][0xb6][0xc4][0x10][0x1f][0x7][0x9b][0xc9][0x1d]x[0xd0][0xe0][0xd1][0xd0][0x16][0x8b][0xee][0xca][0xc][0xf6][0xf9][0x1d]Dk[0x92]#[0x82];[0x1a]bZP[0x1f]\[0xe6];[0xe3][0xa6][0xde]N[0xf6][0xeb]1[0xaa][0x16][0x13][0xcf][0x9b][0xbf]&gt;CC[0xbc][0xdb]Yi[0xad][0xa3]C7[0xe8]1[0x97][0xe][0xa5][0xd4]E[0xa0]LG%:[0x87][0x19][0xed][0xeb]#[0x13][0x86][0xe0]L[0x95][0xd0][0xd2]-b`&amp;}`[0xad][0x3][0xe8]kT[0xe2]9[0x92]N9&lt;[0x96]Z[0xfb]fk[0xe7][0xf]R[0x9a]V![0xd0]H[0xbf][0x16][0x11][0x9c]fP[0xe4]{R[0x10][0x9e][0xdc][0x93][0xc8][0xe1]%[0xf7]8[0x81][0x4][0x9a]hu[0x11]:[0xc4][0x12]Z[0xf3][0xe1][0x14][0xcf]`,[0x9d][0x5][0xf]/D[0xc8][0xc][0x82][0xb0][0x93]0[0xc0]7[0x98][0x81][0xc7][[0x98][0x86][0x14] [0xa0]-[0x9][0xbb][0xc7]%[0x9f]VN[0xc2][0xe1][0xf1][0x9e][0x84][0xd3]SHH[0xfd][0x2]f[0xc1]A[0xc7][0x8a][0x1][0x2][0x96][0xa1]P\[0x8b]b[0xb1][0x2][0xf3][0xc4]J[0xcc][0x17][0x95][0xd8]Bx[0x12][0xe1][0x97][0xd0][0xff]Vl[0xcb][0x8a]^E{[0xe][0xed]S=&apos;[0xe0][0x9c][0x9a][0x84]B{N[0x97][0xb5]9[0x93][0x18]C[0xb2][0xd5]~1[0x93]`[0xa3]c[0x15][0x1c][0xe2]:[0xe4][0x8b][0xb5][0x98]$[0xaa]q[0x85][0xb8]~[0x10]k[0x9a][0x80][0xb2][0xac][0xef]&amp;[0xa5][0xec][0xb4]7z]yI[0x8c][0xad][0xf3]x[0x88]i~[0x12][0xe3][0x9e][0xc3][0xf8]4\[0x1]OYYoa[\n]&quot;
2013-02-06 13:51:56,831 AAD-WS DEBUG wire:63 - &gt;&gt; &quot;[0x13]R([0xf0]Kn[0xe9]%,&quot;i[0x13][0xfd]6[0xb7][0x8d][0xf1][0xdc]R[0x12][0x93][0xe8][0xe0]pK&apos;0[0xd9][0xe3][0xb6][0x9d][0xc0][0x94][0xc6][0x93][0xc8]_[0xc7][0x9a]e[0x18][0xb9]/t[0xc0]:[0xc8]b=[0x19][0xbd][0x81][0x8c][0xde][0x8][0x9f][0xd8][0x4][0xbf][0xd8][0x8c]:A[0xa1][0x12][0x8d][0x3][0xb4][0xcc][0xe1][0x81]:[0x1b][0xbc][0x92][0xac][0x3]T[0xe2]y[0x85][0x97][0x84]$1[0xb5][0x9f][0xaf][0xc2]wb[0xb][0xc6][0x88][0xad]t[0xa2][0xb9]=k[y[0x96][0xca][0xc5]TI[0x14][0x92]I5[0x1e]o[\n]&quot;
2013-02-06 13:51:56,831 AAD-WS DEBUG wire:63 - &gt;&gt; &quot;[0xd3][0xbc]=[0xe7]i[0xc7]rLE3[0xd1][0x6]1N[0x84][0x6][0xc9][0xa7][0xcf][0x80],[0xa7][0x87][0x9]&amp;[0xd3][0xbe][0x89]dOg[0xc7]{KS[0x98][0xd1][0xe3]-M[0xa2]h[0xf9][0xb4][0x9c]CX[0xee][0xf1]&amp;1[0xd3][0xe3][0xf1]NKb[0x16][0xc9][0xa1][0xeb][0x82][0xda][0xd2][0xb3]dj79[0xc2][0xc2][0xf6]K[0x87]1[0xd6]-[0xf5][0xf8]m[0x87]aw[0xdb][0xce][0xf8][0xed]L3[0xfb][0x88]][0xf4][0x90][0x14]7VP[0x98]9[0xd4]k[0xad]=[0xa3][0xdd][0x1c]8[0xe9]h[0x10][0x9b]([0xa5]K[0xc][0x5]&quot;[0xe][0xb7]H`[0xba][0xd8][0x89]2[0xb1][0xb][0xab][0xc4][0x1e]4[0x88][0xbd][0x83][0xb4]n;[0xaf][0xf5]^[0xb2][0x8d]r[0x1]k2F[0x97][0x9e]Bq[0x17]l[0xa2][0x87]#X[0xe7]-;[0x85]+[0xfd]R[0x19]G/[0x89]9n[0x89]l[0x99][0xdb][0x5][0xb9][0xac][0x1b][0x92][0x85]z[0x0]yi[0x94][0x4]\[0xf3]R[0xf0][0x9c]![0xbd]/P[0xea]f[0xe2][0xb4][0xf]y[0xe2][0x16]J[0xb2][I[0xb1][0xdb]0U[0xdc][0x8e][0xd9][0xe2][0xe],[0x15]w[0xa2]R[0xdc]5@)&apos;[0xc2][0xd8][0x9e][0x9]%[0xe5][0xbc][0x83][0xe9][0xf1]B[0x1a][0xde][0x0][0xbd][0xa3]r)[0x85][0xd2][0x9a]4[0xca][0x2]^[0xd7][0xfc][0x14]|[0xb5][0xa4][0xc7][0x82][0x3](([0x1d][0xef]@[0x12][0xb]Ks)[0x85]J)[0xcd][0x94]4[0xca][0x3][0xa5][0x84][0xbc][0xa8][0x8e]0[0xae]Z,[0xa5]qu [0x8d][0xc5][0xf4][0xbf]$[0xe0][0x91][0xca]SX[0x9a][0xc2]5)[0xf8][0xfd][0xb6]n[0xdc][0x90]FE[0xc0]mw-K[0xe1]M~[0xb9][0x1b][0xd7][0xb8][0xe5]$[0x96][0xfb][0x1d]n[0x87][0xeb][0xda]$Vt[0xa1][0xa0][0xcc][0x82]L[0x94][0xf6]I&quot;[0x89][0x95][0xdd][0x98]LW[0x95][0xd6]U^[0xe6]*[0x89]U[0x9b][0xf9][0xb0][0xfa][0xc0][0xb9][0x17][0xdd][0xf4][0xb4][0xd7][0x4][0xfc][0xf6][0xb3][0xe7][0x8e][0xf2][0xb1][0xaa][0x1b][0x8e][0x1a][0x8a][0xdd]u[0xc7][0xad][0x8a][0x92]F[0xaf][0xf5][0xa8][0xd8]7[1[0x99]l[0xdc]O~[0xb9][0xf]S[0xc4][0xfd][0x98]![0x1e][0xc4][0x1c][0xd1][0x5][0xaf]8[0x80][0x5][0xe2] [0xa5][0xfa]CX![0xe][0xa1]Q&lt;[0x82]-[0xe2]1l[0x17][0x8f][0xa3][0x9d]r[0xc4][0x14][0x87]q[0x93]8[0x82]{[0xc4]Qt[0x89]cx[0x94][0xe0][0xc7][0x8]&apos;)[0x9e]@Z&lt;[0x89]^q[0x1c][0xcf][0x8b][0xa7][0xad][0xda][0xb6]#[0xfb](VRx9[0xbd]gR[0x8]s[0xbb]P[0xf8][0x14][0xd6][0xa6]Q[0x1d]H[0xe1]z[0xd7][0x9b][0x93]`[0x5]k[0x92][0xa8]M[0xa2][0xee][0xf8][0x5][0xd9][0x9e][0xa6]|:[0x8d]&quot;[0xd1]K[0xe4][0x11][0xab]`[0xb6][0xe3][0x6][0xeb]}J[0x18]O[0xaf]f=[0xed].[0xda]7dj[0xa2][0xf5][0xf7][0x0][0x15][0xdb][0xcf]C[0xfa]/PK[0x7][0x8][0xf4]8[0xb1][0x9a]D[0x9][0x0][0x0][0x1][0x14][0x0][0x0]PK[0x3][0x4][0x14][0x0][0x8][0x0][0x8][0x0][0xd4]|D5[0x0][0x0][0x0][0x0][0x0][0x0][0x0][0x0][0x0][0x0][0x0][0x0]6[0x0][0x0][0x0]com/sun/java/help/search/ChangedCharSetException.classuPMO[0xc2]@[0x14][0x9c][0xa5]|H[0xa9][0x80][0x80][0xf8][0x11]&lt;xPK[0x89][0xae][0x89]G[0x8d][0x17][0x82][0x89][0x91][0xe8][0xa1][0x86][0x3][0xb7]R7[0xa5]ZZ,[0xad][0x91][0xff][0xe4]A[0x13][0x89][0x89][0x7][0x80]?[0xca][0xf8][0xda]4[0x86](n[0xb2][0xf3][0xb2][0xf3][0xe6][0xcd][0xbc][0xec][0xe7][0xd7][0xfb][0x7]$[0xec]cSF[0x6][0xb5]&lt;[0xd2]X[0x8d][0xa0][0x9e][0xc3]Z[0xe][0xeb][0xc][0x5]sh[0xf8][0xba][0x8][0xf4][0xb1]0[0x19]*[0xdd][[0xe3][0xc1][0xe0][0x8e][0xe1]Z\[0xf]|[0xdb][0xb5][0x8e][0x19][0xe4]Dr![0xa6][0xc][0xac][0xcf][0x90]=[0xb1]];8e[0xa8][0xab][0xf5][0xfd]f[0x8f]![0xdd][0xf6]n[0x4]C[0xa9]k[0xbb][0xe2]2[0x1c][\r][0x84]m[0xc][0x1c]b[0x8a][0x96][0x8][0xda][0xf3][0x89]5[0xb5][0xb9]([0xb3]|&apos;[0xa6][0x9d][0xfb][0xd0]p&amp;[0x89][0x9a]AR[0x9b][0x94]-[0xeb]^[0xe8][0x9b][0xe2][0xcc][0x8e][0xdc][0x1a][0xd4]t-q[0x93]h:[0x8f][0xa6][0x18][0x7][0xb6][0xe7][0x1e]D[0x8e][\n]&quot;
2013-02-06 13:51:56,832 AAD-WS DEBUG wire:63 - &gt;&gt; &quot;dl([0xc8]&quot;[0xa7]`[0x9]y[0x86]C[0xd3][0x1b][0xf1]I[0xe8][0xf2]8o([0x9c]1[0x9f][0x8][0xc3]7[0x87][0xfc][0x1f][0x1b][0x86]j,[0xb5]=~~5[0xc7][0xd2]&amp;=l[0xd3]/f[0x0][0xa4][0xe8]R[0x6][0xa2]C1[0x84][0x12]hM[0x14][0x8][0x15]z[0x1d][0x91]B[0xa2]Z[0xd2][0xde][0xc0][0xb4][0xd6][0xc])[0xad]1[0x83][0xf4]B[0x14][0xc3]2a[0x85][0x8c][0x80][0x1d][0xc2]][0x1a][0xdf]C[0x11]*u[0x8a](%[0x6][T[0x19][0xd5][0x8c][0xf6][0x8a][0xd4][0xf3][0xcf]X6&amp;[[0x84]e[0xac],[0x90]JO[0xbf][0xa4][0x9c][0xb0][0x12]/\[0xfd][0x6]PK[0x7][0x8][0x8]([0xa3]kQ[0x1][0x0][0x0][0x16][0x2][0x0][0x0]PK[0x3][0x4][0x14][0x0][0x8][0x0][0x8][0x0][0xd4]|D5[0x0][0x0][0x0][0x0][0x0][0x0][0x0][0x0][0x0][0x0][0x0][0x0]2[0x0][0x0][0x0]com/sun/java/help/search/DefaultIndexBuilder.class[0x95]Wy`[0x14][0xd5][0x19][0xff]=[0xb2][0xc9]l[0x86][0x1][0x92][0x0][0xe1][0x8][0x81][0x84][0x0][0x86][0xcd][0xb1][0x80][0x88][\n]&quot;
2013-02-06 13:51:56,833 AAD-WS DEBUG wire:63 - &gt;&gt; &quot;[0x8a][0x85]$[0x94][0xd5]$[0xa4]l[0x4]7[0x1e][0xb0]l[0x86]du[0xb3][0x1b]wg1[0x88][0xb5][0xad][0xb5][0xd2][0x8a]W[0xeb]Q[0x83][0xd5][0xda]Kj[0xc5]V[0xd0][0xec][0xa2][0xf1][0xc0]Vi[0xb5][0xb6][0xb5]Vk[0xef][0xbb][0xb6][0xb5][0xf7]][0xdb][0xaa][0xfd]}3[0x93][0x83][0xb0][0xa1][0xf0][0xc7][0xbc][0xe3]{[0xdf][0xfb][0xbd][0xef]~o[0x9e][0xeb][0xb1]&apos;[0x91][0x87]:u[0xba][0x8e]N[0xdc][0xaa][0xe1]6[0x1d][0x13]p{!&quot;[0xb8]C[0x9a][0x8f]Js[0xa7]4[0xfd][0x1a][0xf6]J[0x97]4[0x1f][0x93][0xe6]na[0xbd]GF[0x1f][0x97][0xe6]^[0x9d][0xcd]&apos;4|RG[0x11]&gt;%[0x94]Ok[0xf8][0x8c][0x17][0xf7][0xe9][0x98][0x8a]}2[0xff][0xac][0x8c][0xee][0xd7][0xf1]9&lt; [0xcd]~[0x99]&gt;[0xa8][0xe1][0xf3]^|[0xc1][0x8b][0x87]t[0x94][0xe1][0x80][0x86][0x83]:[0xe6][0xe1]aaD[0xd6][0x7]d[0x94][0xd1][0x90][0xd5][0xb1][0x0][0x87]d[0xf2][0xe8]D&lt;[0x86]A[\r][0x8f][0xcb][0xf1]O[0xc8][0xe4]I[0x19]=%[0xfb][0xe][0xcb][0x96][0xa7][0xbd][0xf8][0xa2][0xc8][0xf2]%[\r][0xcf][0xe8]X[0x82][0x87]5&lt;[0xab]c[0x99][0x88][0xda][0x89]#2[0xfa][0xb2][0x17]_[0x91][0xfe]9[0x11][0xe3]y[0xd9][0xf3]Ua|A[0xc3][0xd7]D[0x8a][0xaf][0xeb][0xf8][0x6]^[0xd4][0xb1][\n]&quot;
2013-02-06 13:51:56,833 AAD-WS DEBUG wire:63 - &gt;&gt; &quot;[0xb7]J[0xf3]Mi^[0x12][0xd6]oy[0xf1][0xb2][0xec]{[0xc5][0x8b]o[0x8b]&lt;[0xaf]z[0xf1][0x1d][0x1d][0xdf][0xc5][0xf7]D[0xe5][0xef]k[0xf8][0x81][0x17]?[0xd4][0x11][0x90]m[0x11][0xfc][0xc8][0x8b][0x1f][0xb][0xd3]Od[0xf2]S[0x1d]?[0xc3][0xcf]uT[0xe3][0x17]:[0xbc][0xf8][0xa5][0x86][0xd7]t[0x4][0xf1]+[0x1d][0xbf][0xc6]oD[0xf2][0xd7]ez[0xbb][0x9c][0xf4][i~[0xa7][0xe1][0xf7]^[0xfc][0xc1][0x8b]?z[0xf1]&apos;/[0xfe][0xac][0xe1]/[0x85]D[0xf8][0xab][0x17][0xd3][0xf1]w[0xfc]C[0xc3]?5[0xfc]K[0xc1][0x1b][0x88]G[0xad]`[0xf4]JSA[0x5][0x14]&lt;[0x9d][0xd1][0x88][0xa5]P[0xdd][0x1c]I[0xf4][0xf8]S[0xe9][0xb8][0xff][0xd2][0xf0][0x8e][0xb0][0xbf][0xdb][0x8c][0xf5][0xfa]Sf8[0x19][0xe9][0xf6][0xaf]K[0xc7]bk[0xad][0xa4]i6[0x92]s[0x95]B~$[0x1c][0xe9][0xe6][0xee][0xe9][0xcd]6k[0xda][0x8a][0xc6][0xfc][0xeb][0xc3][0xa9]n+[0xbc]-f[0xda][0xeb][0x89][0x9e][0xde][0xa4]B[0xdd][0xf8][0x90][0x8d][0x89]H[0xba][0xc7][0x8c][[\r][0xc2]i[0xa6]R[0x89]$[0xf7]y[0xb6][0xf3][0xc]v)[[0xb6][0xc2]X&quot;[0x12][0xb6][0xa2][0x89]xJ[0xa1][0xe6][0xc2][0xf1][0xa1][0x1a][0x12][0xf1][0x88][0xd9]k5[0xbb][0xdc][0xc4])[0x10][0x9c]@[0xa3][0x82][0x11]I&apos;[0x93]&lt;[0x85][0xa7][0xc9]T[0xdb][0x92][0xa2][0xdc]=a[0x85][0xca][0xf1][0xe1][0x82]6[0xb]Q&amp;n[0xb1]z[0xc2][0xbd]m[0xe1]d[0xb8][0x87][0x12][0xd4][0x8f][0xbf]c[0xd8]46[0xaf]i[0x99][0xc9][0x94][0x8][0xb1][0xc5][0x8a]Z1[0xea]aX=[0xbd])+[0xd1][0xbb]9[0x91][0xec]$P~[0xa7][0xb9]-[0xdd]E[0xd3]w[0x90][0xe7][0xac](][0xb1][0x9a][0x96][0xac]vL[0x19][0xb][0xc7][0xbb][0xfc]A+[0x19][0x8d]w[0xad]Z[0xbc][0x89][0xa6]hHt[0x12]bJs4n[0xb6][0xa6]{[0xb6][0x99][0xc9]v[0xb1][0xb1][0x82][0xde][0xd4]&apos;J;[0xd6][0x99]L[0xf8][0xa4][0x19][0x1c]9cv[0xf5]([0xcf]4[0xc5]i[0xe9][0xa4]c[0x1b][0xc1]4[0xba]Lk[0x14][0xef][0xac][0xea][0xc5][0xe3]0[0xf3][0x94]hj[0x88]s[0x1c][0x19];[0xc4][0xdb][0xb1]D[0x8a]&quot;[0xe5]U[0xdb][0xe8][0x89]^3&gt;[0xe4]][0x85]I[0xf6][0xe2][0xa8][0xb9]-[0xea][0x90][0xaf][0x14]Js[0x80][0x6][0x4]G[0xb7][0x19][0xdb][0x1d][0x13][0x16]D[0xe3][0xb4]j|[0x1c][0x19][0x18][0xc3]S[0x93]fOb[0x87][0xd9][0xd4][0x17]MY[0xa4][0xad][0x8b][0xc6]L[0xaa][0xe6]=+[0x12]s[\r][0xac][0x7][0x13][0xe9]d[0xc4][0x94][0x5][0x85][0x99][0x8d][0xe6][0xf6]p:f[0x5][0xe2][0x9d]f[0xdf][0xda]t4[0xd6]i&amp;[0xeb][0x5][0xd7][0xc0].\E[0xb4][0x1c]a-Ko[0x18][0x88][0xe2]R[0x3]=[0xd8]n[0xc0][0x94]&amp;[0x8e][0xed][0xcc][0x9c][0x13][\r]M[0x3][0x9][0xf4][0x1a]H[0xca][0xce]+[0xa4][0xd9][0x85][0xdd][0x6][0xfa][0x4]r&apos;[0xae]4p[0xb3][0x1c]&gt;[0xef][0xff]D[0xa6][0xec][0xfa][0xb7][0x81][0x14]h[0xcd][0xda][0x93][0x89]IFS{[0xcb][0x9a]6[0xd9][0xff][0x1f][0x3]i[0xec]0[0xf0]_[0xbc][0xa9][0xe1]-[0x3]oS5[0x5]i[0x14][0xde][0xa0][0xf]m[0xb8][0xb8]i[0xf9][0xcf][0xdf][0xd8],ii[[\r][0xdc][0xa9]&amp;(,:[0xb1]:![0xdc]y[0x6][0xba][0xd0]m([0x8f][0xca]7p[0xb9][0xd8][0xaa][0xe6]$*[0x82] [0x14][0x18][0xb8][0xc]1Mi[0x86][0xf2][0xaa]B[0x85][0xa2][0xb1][0xee]7[0x94][0xae]&amp;[0x1a][0xca][0xc0][0x9b][0x86][0x9a][0xa4]&amp;[0x1b][0xb8]N[0xd4][0x98][0x82][0xdd][0x12]{[0x84][\n]&quot;
2013-02-06 13:51:56,834 AAD-WS DEBUG wire:63 - &gt;&gt; &quot;G$ [0xea][0xeb][0xeb][0xc5][0xc6]W[0x1d]O[0x80]a[0xc9][0x1b][0x9c]m[0x9]V[0xb0][0xd2][0xb1][0xc7][0xad]Mo[0xdf]n&amp;[\r]U[0xa4][0x8a][\r]U[0xa2][0xa6][0xb2]L[0xb9][0xa7][0x98][0x9d][0x86][0x9a][0xa6][0xa6][0x1b][0xaa]T[0x94][0xdd][0xa5]f[0x18]j[0xa6][0x9a]5d[0xcc]h[0xc2]/[0xb1]g[0xa8][0xd9]j[0xba][0xa6][0xca][0xc]5G[0x95][0x1b]j[0xae]H=OU[0x18][0xaa]R[0xe5]3H[0x9d][0xba]U[0x11]MU[0x8][0xf8]|V[0xac][\r][0xeb][0xd6][0x5][0x9b][0xda][0x83][0xa2][0x16][0x85][0x9f][0x12][0x8d][0xef]0[0x93][0xa2]PETbWSU[0x86]Z[0x80][0xab][0xc][0xb5]P[0x14][0x9e]:&quot;[0xed]py`[0xce]t[0xba][0x96][0xad][0x8][0xc7][0x92]f[0xb8]sg[0x85][0xa4][0xa8][0x81][0x1b]q[0x13][0xed][0x19]OT[0xc][0xaf][0xdb]t[0xb5]H[0x9d]b[0xe0]Z|@S[0xd5][0x86]Z[0xac]|[0x86][0xaa]q4[0xaa]U([0x1e]9![0xc0][0x94][0xec][0x12]S[0xd4][0xa9]|M[0xd5][0x1b][0xca][0x8f][0x9b][0xc][0xb5][0x4]{[0xc][0xb5][0x94]j[0x91][0x99][0xc2][0xdc][0x11][0xfe]V[0x6]G[[0xc2]N[0xe4]Q[0xc2]y[0x1a]74[0x4][0x99][0xa9][0xd2][0xd5][0xb7][0xaf]YK{[0xb6]m[0x8][0x6][0xda][0x3][0x1b]ZI.[0x8]6[0xac]ojY[0xa3]P6[0xca][0xf]&amp;[0x8b]z[0xd4][0xda]9[0xc]b[0xa8]S[0xd5]r[0xaa][0x99]#[0xa9]WVh[0xea]4C[0xad][0x10][0xdb][0x8d][0x9f]+96[0xba][0x92][0xf7][0x1d][0xc5]w4[0x83][0xa7][0xda][0xae]S[0xb][0xdc][0x8a][0xe4]f[0xcb][0xaa]c[0xeb]S[0x87][0xb0][0xad]8[0xce][0xf5][0xea][0xde]8[0xb9]o[0x80]BqY[0xd0][\n]&quot;
2013-02-06 13:51:56,834 AAD-WS DEBUG wire:77 - &gt;&gt; &quot;[N[0x85]e[0xbd][0xf5][0x8f][0x1f][0xc1][0xbc]1/k[0x9][0xc7][0xc3][0xf4][0xcb][0xe8][0xbc]7R[0xa6]e[0xaf]&quot;
2013-02-06 13:51:56,835 AAD-WS DEBUG wire:63 - &gt;&gt; &quot;9[0x97][0xbe][0xc6][0xe9][0xc6]D[0x82][0xf5][0xa3][0x90][0xa3]u[0xee]]yf[0x8e][0xd2]z&quot;[0x14][0x11]r[0xd9]q[0xb4][0xcb]u;[0xda]&amp;)[0xec][0x1a]9[0x9c][0x9a][0xb1][0x8a][0x17][0x8f][0xb1][0xa5]pM[0xcf]y7[0xf1]v[0x8e][0x9b]}VS[0xcc]t[0xae][0x95]iC[0x97][0x98]-[0xd9][0x86]m[0x97][0x9a][0xf6]C%[0xaf]7[0xcd][0xc5]3[0xaa][0x8f]];[0x96][0x92][0x13]`Jw8[0xd5][0xc2]{[0xc8]=[0x88][0xb6][0xcc][0xa3][0xd4][0xac][0x81]9 s[0x2][0x18][0xe9][0xde]N[0xfa].[0xe8][0xbe];[0xbc]v[0xda]6F[0x19]?%[0xc7][0x9a][0x92][0x1][0x1f][0xee]e[0xe][0xf2][0xb2][0xad][0xcd]u[0xd1][0x1d]Cr[0xaa][0x11][0xf7]y[0xad][0x84]C[0x19]k[0x8a]ad[0xb9][0xf5]G[0xc5][0xc0][0xb4]1[0xa6][0xe][0x4][0xec]h[0xd6][0xdc]b[0xa6][0xb0][0xf4]$]j[0xef][0x16][0x8f][0xda]w[0xc5][0xfc]q[0xf7][0x9e]OOF[0xad][0xa8]\[0xcf]:[0xf]n4#[0x9];[0x9d][0x16][0x9d][0x90][0xc2]b[0xa2]N3fJ6x[0xf9][0xb2][0xe3][0xe9][0xed][0x89][0x91][0xc0]q[0xab][0xac][0xfd],[0x99][0xd2][0xe5]Dy[&quot;[0x15]uB[0xa6][0x8c][0x19];[0xbe][0x9][0xc7][0xbf][0xd6][0x86]n[0xa6]f&gt;.R[0xf6]cD[0x8a][0xb0][0xbc]S[0xc3];D[0x8e][0x88]{c)\\[0x1d][0x8][0x9c][0xc4]K[0xf5][0xa4]x[0xc5][0xc0][0xa3]o[0xbf][0x9d])[0xcb][0xec]a[0x16][0x85][0x93][0xc9][0xf0][0xce]H[0xa2]w[0xa7][0x82]/GT[0x6]r[0x90]l[0xac][0x82][0x98][0x19][0xef][0xb2][0xba]9[0xa8]v[0x9d][0xcf][0xe0][0xb4]6[0x85]c[0xe9][0xe3][0xfa]o[0xd8][0xf7]|[0xf8]m7[0xad][0x8][0x1][0xf2][0xed][0xa7][0x1a][0x81][0xcc]&gt;[0xc7]BUc[0xdc][0x91][0xbb]h[0xe4][0x99][0xc9][0xe4][0xf0]?[0x4]Y[0xdb][0xb8][0xc2][0x87])[0xeb]][0xcf][0xaa][0xa1][0xbb][0xec]h2#[0xac]Wf[0xb1]8*[0xf9][0xd4][0x9]`2ty[0x89]q4A[0x9e][0x1a][0xec]=[0xf2]F[0xb3][0xe7]|8[0xd8]}[0x8f][0xbb][0x1e]w{&gt;[0xc2][0xec][0xfe]rw[0x9e]t{&gt;[0xa9][0xec][0x9e]O#[0xbb][0xbf][0xc2][0xa5][0xf7][0xb9]x|[0xa3][0xb1][0x9f][0x4]%[0xaf]D[0xce][0xdf][\r][0xa8][0xc5]([0xe0][0xaf]0[0xf0][0xb4][0xaf]&amp;[0xb][0xe5][0x1b][0xc4][0x84]P[0xf1][0xca];[0xb3][0xc8][0x1b][0x80][0xc7][0xc7]&amp;[0xdf]w[0x10][0x5][0x3][0xd0]|[0xbe]G[0xa0]=[0x1][0xef][0x0][\n]&quot;
2013-02-06 13:51:56,835 AAD-WS DEBUG wire:63 - &gt;&gt; &quot;[0x85][0xac]K3[0xd1]f[0xcf][0xc2][0x18][0xc0]$[0x99]O[0x16][0x8c])$[0x16][0x85]T[0x8d]&apos;[0x8b][0xe2][0x1][0x94]p65[0xc4][0xbd]%%[0xd3][0xb2][0x98]&gt;[0x80]R[0x8e]K3[0x98][0xb1][0x17][0xe5]2*[0xf6]&quot;[0x83][0x99]2[0xca][0xcb]`[0x96][0xf4][0x9e][0xc]f[0xf][0xa2],T2[0xa7][0xa4][0x9c]ps[[0x88]0/d[0xaf]dQ1[0x80]J[0x9f][0x83]0[0x0]U\Z[0x10][0xaa][0xcd]b[0xe1][0x0][0x16][0x1d][0xa0][0x12][\n]&quot;
2013-02-06 13:51:56,836 AAD-WS DEBUG wire:63 - &gt;&gt; &quot;W[0xb3][0xdd][0x84][0xe9]l+[0x90][0xcf]_[0xdc][0xa9][0x1c][0xcf]D)[0xff]5g[0xc0][0x87]Y[0xf0]c[0xe][0x96]c%[0xce][0xc1]Kh[0xc4]|[0xfe][0xb6]Va3[0xff]W[0xbb][0xb1][0x90]f&lt;[0x85]f[0xa9][0xe6][0xd3]a1n@-[0xfa][0xc9]y?N[0xc3]#X[0x81][0xc3]8[0x1d][0xef][0xb1][0x9d][0xa3][0xb8]G[0xe1][0xbd]x[0x1f][[0x1a][0x90][0xb3]&lt;[0xdb][0x80][0x95][0xfb]0[0xa3][0xe6]Q[0x9c][0xa2][0xc8][[0xdd]B[0x19]&apos;[0xd5][0xd6]f[0xb0]x3i&gt;[0x85][0xbd]o[0xbf]6&quot;`)E[0x3][0xce][0xe6][0xb6][0xd5][0xf4][0xc6][0x1a][0x8a]v6[0xc5]m[0xe0][0xea]5x[0xbf][0xb];[0x9b][0xbd][0x12][0xaf][0xa9][0x87][0x86][0xf7][0x15][0xd8][0x94][0xf5][0xf4][0x1c]_7.[0xdf]b[0xce]&amp;[0xb0]/[0x96][0x13]k2[0xa8]9[0x2][0xcd][0xb3][0xf][0x9e][0xbc][0xfd]c[0xb6][0xb5][0xb0][0xbd][0xe][0xbb]][0xb7]_K[0xaa][0xc6]~[0xe][0xb7]U[0xf2][0xab][0xca][0xa0]V[0xec][0xea][0xc]g;&amp;[0xae][0xf3][0x95][0xd4]g[0xe1][0x1f][0xc4][0x12][0xdb][0xfe]yY,m[0x1e]r[0xcd] [0x96][0xd1][0xf3][0xa7][0x92][0xbe]&lt;[0x83][0xd3]JV[0xb0][0xc9][0xe0]t[0xf1][0x97]8[0xbc][0xd6][0x1]8#O[0xf0][0xb2]8[0xb3][0xb5][0xa6].[0x83][0x95][0xe3][0xec][0x9d]6[0xbc]w[0xa5]g[0x10][0xab]B[0xb3][0x18][0x2]g[0x1d][0xc2][0xd9]Y[0xac]^[0x99]?+?[0x83]s6[0xb][0xb9]v[0x84]Z0[0xab]@[0xe8][0xef][0xd8],[0xc7][0x10]y[0x8d][0x1b];&quot;[0xb2][0xb]^[0xb2][0x96][0xa8][0x8e]6[\r]6[0xb8][0x9f][0x93]EcNntN[0xce][0xa0][0xc9]W[0xb2][0xce]aY~[0x8][0xef][0x94]p[0xcd]`[0xfd][0xd8][0x88][0xda][0x88][0x89][0x8][0xd2]y[0xed](&apos;E[0xe2]f[0x9]. 5[0xc4][0xc4][0xbd][0x90][0xa9]z[0x11][0xff].[0xc6][0xbd][0xb8][0x4][0xf7]a[0xb][0xc3]z+[0x9e]D[0x18][0xcf]a[0x1b]^d[0xaa][0xbf][0xe]Si[0xfc][0x83][0x98][0x84].5[\r][0xdd][0xaa][0x8c]i&gt;:[0xa2]&gt;8[0x94][0x92][0x8c][0xcd]&lt;[0xdb][0xa5]e[0x94]C[0xef][0xc7][0xa4]A[0x4]B%[0xe7]fq[0xde]S&gt;I[0xb0]ff[0xdf][0x88]h%[0x4][0x0]+[0x84][0xc6][0xea]P[0xcc][0xba]0[0x9b]Ua4[0xec][0x87][0x86]\[0xce][0x1a][0xa0][0xd9][0x81][0xb0]R`[0xf7][0xba][0xb0]-6,-#D~[0x13][0xf9][0x15][0xf2][0xcb]W[0xcc][0xc7]V[0xa7][0x0][0xc][0xa7][0xfb][0xc8][0xa9]s%xXg4V[0x9a]b[0xd6][0x17][0x1f]k[0x8b][0x9f][0xd5]e9+[0xcb][0x99]Td[0xb4][0x4][0xd7]c[0x8f]+[0xc1][0xf5][0xf0][0xda][0xd2]v[0x88][0x1a][0x1b][0xfa][0xe1]9 &apos;Ia[0xb9][0x17][0xb]}![0xf6][0xf9][0xdd][0x1d][0x3]v[0x99]i[0x15]9[0xf2][0xea]$~[0xf2][0xf][0xa1][0xcd]W7`[0x8b]U(\[0xf9][0x1d][0x9e][0xad][0x94]k[0x10][0xde][0x90]m[0x8f]9s[0x18][0xf7][0xef][0xda][0x9a][0xc5][0xc6][0xe0]X[0x9][0xaf]A!3j[0x1a][0xf3][0xa5][0x8a][0x19][0xb3][0x94][0x9][0xb0][0x82][0x86][0xe]Q[0xa2][0xd1][0x12][0xde]0l[0xfa]E[0xae][0xe9][0xf5]!K[0x8f][0xd2]Y[0xb7]Wn&amp;[0xe2]-[0xa3]vO[0x90][0xdf][0x10]w[0xf7][0xd5]L*[0xd1][0xef]\J[0xea][0x91]\&lt;[0x8c]`K[0xed][0x11]x[0x19][0xba][0xed][0xfb]%[0xd3]H&lt;u[0xf9]^[0xbb][0xe2]U[0xd6][0x88]2U[0xb6]2U[0xa1][0xd5][0x19]l[0xb2][0xb7][\r]&quot;[0x18]*[0xcf]b[0xb3][0xd4][0x8e][0xf2][0x91]$[0x9e]O[0xdb][0x1][0xb7][0xf1][0x1f][0xf6]v[0x14][0xe1][0xe][0x6]d?u[0xdc]K[0xfa]],Mw[0xb3]*[0xdc]s[0x94]T[0xfc][0x15]w*[0x4]f&lt;[0xb6]T7J[0x12]Q[0xab][0xd5]-[0x14][0xe7][0x82]~[0xec][0xb2][0x93]J[0xca]r[0xa8][0xb5]N[0x92][0x8c]U[0xa3][0xd5][0xa1]][0x98][0x83]vQ[0xe]Zc[0xe][0xda][0xc5]9h[0x97][0x1c]E[0x93][0xef][0x0][0xdd]S[0xc4][0xa2]W[0x85][0xe]V[0xdf][0xe5]T[0xa1][0x3]gP[0x89][0xf3][0xd8]73[0x93][0xb6][0xb0][0xdf][0xca]pN[0xb1][0xb7][0xe8][0xbe][0xdd][0xec][0xb][0xe9][0xba]=\q[0xc][0xd2][0xc1]L[0x4][0xf6][0x91]z?[0x91][0x1e]@[0x19][0xf6][0x13][0xef]A[0xa2]=[0xc4]P&lt;@[0xcc][0x83]D[0x1c]`Ye*[0x83][0xce][0xc4]c[0xcc][0xd8]Ab?N[0xe4][0xa7]x[0xb9][0x1e]&amp;[0xfe][0xd3]D[0x86][0x86]{[0x96]g[0x1c]![0xfe]s[0xc][0x86][0x17][0xec][0xab][0xd2]5[0x1f][0xcb][0xb3][0x13][0x12]R%&apos;[0xf7]c[0xce]Al[0x1d]*1a[0x96][0x8f][0x9a][0xa1][0x12][0xb2]m$R&amp;[0xdb][0x17][0xc2][0xcb]T[0xf1][0x15][0x8a][0xf4]*=w[0xb][0x15]p[0xe0][0xe6][0xd9]9[0x8]h[0xc5]Ex[0x18][0x5]#[0x9b][0x9c]*][0xcc][0xf6][0xc3][0xf6]e[0xfd][0x91][0xff][0x1]PK[0x7][0x8]~L[0x19]+2[0xb][0x0][0x0][0xa6][0x16][0x0][0x0]PK[0x3][0x4][0x14][0x0][0x8][0x0][0x8][0x0][0xd4]|D5[0x0][0x0][0x0][0x0][0x0][0x0][0x0][0x0][0x0][0x0][0x0][0x0]7[0x0][0x0][0x0]com/sun/java/help/search/DocumentLists$MicroIndex.class[0x95]V[0xdd]s[0x13]U[0x14][0xff]m[0xb2]m[0x9a]t[0xe9][0x17]T[0xc5][0x16][0xac][0xf2][0x95][0xa6][0xd0][0x14]PPh[0xf9]h[0xa1][0x18](-4[0x8][0xd2][0xa2][0xc9]6Y[0xda][0x85]d7[0xee]n[0xb1][0x5]E[0xe4]C|V_|q[0x14]G;[0xc3][0xf0][0xa0]L[0x13][0x1c]q|[0xf2][0xc9]&apos;[0xff][0x9][0x9f]|q[0xc6][0xf1][0xc5][0x19][0xc5][0xdf][0xd9][0xa4]m:[0xca]Li[0xe7][0x9e]s[0xee]=[0xe7][0x9e][0xef]s7?[0xff][0xf3][0xfd][0x8f][0x8]b[0x1b]nG[0xf0]&lt;^[\r][0xa3][0x3][0x9][0x1]GC8[0x16][0x81]Z&gt;[0x19][0x12]p\[0xc0][0xb0][0x80][0x11][0x1]&apos;[0x4][0x9c][0x8c][0x10][0x8c][\n]&quot;
2013-02-06 13:51:56,836 AAD-WS DEBUG wire:63 - &gt;&gt; &quot;[0x95][0x14]pJ[0xc0]kr[0xed]t[0x4]g[0xf0]z[0x4]g1[0x16][0xc1]8[0xce][0x9][0xe3][\r][0x1]o[0xca]6%&quot;i[0xa1]t[0x11][0x99][0x90]mFTe[0xc3]0p[0xbe][0xe][0x93][0x11]L[0xc1][0x14][0x1d][0x17]B[0xb8][0x18]BN[0xc1][0xaa]Tf[0xda]q[0xc][0xcb][0x1b][0xd5][0xad]IC[0x81][0x92]P[0xd0][0x98][0xca][0xda][0x99][0xe9]&lt;[0xf][0x87][0xa7][0xf3][0x13][0x86][0xa3] [0x9c][0xca][0xd8]V[0xc6](x[0xae][0x82][0xc0]8EjS[0x93][0x8e]=][0xa0]|RA0e[0xce]([0x8][0xa5].[0x9e][0xd2]&apos;r[0xd4][0xb1]e(c[0xe7][0xe3][0xee][0xb4][0x15][0xbf][0xa0]_[0xd2][0xe3]SF[0xae][0x10]w[\r][0xdd][0xc9]L[0xc5][0x13][0x96]gL[0x1a][0xce]A[0xc7][0xd1]g[0xf7]*[0xa8]K[0xd9][0xe7][0xcf][0xbb][0x86][0xa8][0xd5]Ry}f`[0xd1]JM*[0xab]{[0xba]X[0xeb][0x97][0xcd][0x84][0xee][0x1a]b5g[0xe6]MO,Z[0x19]n[0xbd])[0xd3][0xdd][0xd8][0xa3] [0xfa]x[0x83][0x87]*[0x91][0xc][0x99][0xae][0xe7][0xd2]b89kyS[0x86]g[0xca][0xfd]^[0xd3]2[0xbd]}[\n]&quot;
2013-02-06 13:51:56,837 AAD-WS DEBUG wire:63 - &gt;&gt; &quot;[0xe2]+V[0x90][0x18][0xef]Ot[0x9e]V[0xa0][0xe][0xd8]Y:[0xd4]8dZF9I[0x95][0xd8]#[0x87]g$[0x2][0xd3][0xb6][0xdc][0x10][0xf2][\n]&quot;
2013-02-06 13:51:56,837 AAD-WS DEBUG wire:63 - &gt;&gt; &quot;[0xea][0xdd][0xbc][0x9e][0xcb][0x91]=[0xa5][[0xe4][0x1e]73[0x8e][0x9d][0xb0][0xb2][0x6][0x13][0xa6]%,[0xcb]p[0x6]r[0xba][0xeb][0x1a][0x8c]x[0xd7]J[0x9d][0xd8][0xb8][0xa4]do[0xe7][0x18]}[0xb1][0x8c][0x19][0xc9]IT6[0xcd]v[0xc1][0xb0][0x16][0xc4]+[0x86][0xc8][0xa1][0xcb][0xa1][0x82]cg[0xc][0x97][0x96][0xba]V[0x1c][0xae]h[0x8c]$[0xed]i&apos;c[0xc][0x9a][0x12]^[0xcb]2~[0xb7]\[0xd7][0xb0][0xb][0x3][0x1a]v[0xe2]E[\r][0x9b][0xb0]Y[0xc1][0xa6][0x15]U_C[0xc]][0x1a][0xb6][\n]&quot;
2013-02-06 13:51:56,837 AAD-WS DEBUG wire:63 - &gt;&gt; &quot;[0xd8]&amp;`#6h[0xe8]F\C[0x8f]P[0xfd][0xa2][0xf4][0x5][0xa1][0xb6] [0xaa]a[0xbb]P[0x16][0xec][0x10][\n]&quot;
2013-02-06 13:51:56,838 AAD-WS DEBUG wire:63 - &gt;&gt; &quot;[0x1a][0xde][0x82][0x13][0x82][0xab][0xc1][0xc3]t[0x8][0x97]4[0xbc][0x8d][0x19][\r];D[0xa2]SdgqY[0xc3][0x15][0xbc][0xa3][0xe1]][0xa1][0xae][\n]&quot;
2013-02-06 13:51:56,838 AAD-WS DEBUG wire:63 - &gt;&gt; &quot;[0xf5][0x9e][0x80][0x3]8[0x18][0xc2]5[\r][0xef][0xe3][0xba][0x82]vf[0x8d][0x81][0xb8][0x1d][0x96][0xed]u[0xcc][0x1a]^[0x87][0x99]/[0xe4][0xc][0x89][0xcd][0xc8]FB[0xb8][0xa1][0xe1]&amp;ni8[0x84][0xf][0x14]l[0xe2][0xca](h[0xf2]es[0x1c][0xab][0xf8][0xc8][0xc4][0x5]#[0xc3][0x12][0xad]^:Zl[0x13][0xb6][0xb8]N[0x96][0x1a]Mtr[0xae]6[0xaf][0xcc][0x10][0xab][0xa2]g[0xa4][0x98][0x1b]{z[0xd8][0xff]c+/[0xe8][0xe3][0x5][0xfb]g=[0xc3][0xaf][0xcc]![0x83]2[0x5][0x87][0xda]m[0x87][0x13][0xd3][0xfd]d7[0xd8][0xf2]2U[0xa3][0x86][0x9e]5[0xad]I[0xe]Y[0xb4]22[0x8f]o[0x8b][0xe5][0xd7][0x1b]u7cXrY[0xce]e[0xca]B[0xd1]Db[0xdc]OOm[0xb6]r[0xd4][0x15]M[0xac][0xf0][0x91])[0xb7][0xbe]][0x18][0xd2][0xdd][0xf2][0x90]PM[0x98]&amp;[0x16][0x94][0x87]&apos;[0x18][0x85]+[0xee][0xd2][0xf3][0x8c][0xee][0xd0][0xb0][0x9e]3[0xbd][0xd9]e[0x5]L[0xce][0xba][0x9e][0xc1]i[0xe][0x1a][0xe]=l[0x1d][0xf2]9[0xa6][0x1d]?[0xe1][0x98][0x96][0x97][0xf4][0x1c]C[0xcf][0xef]]([0xef][0xf2]c[0xee][0xb8][0xcb][0xb1][0xd0][0xad][0xd1][0xa1]*[0x95][0x1e][0x8f]&apos;}[0xf7][0xc2]Q[0x86][0x97]H[0x8e]u&amp;[0xf9]Vw[0xf0]{[0x1][0xac]B@[0x9a][0x9f]T[0x8b][0xc][0x6]q@[0x86][0xcb][0xc7][0x9c][0x7][0x1f]wV0[0xe7][0xc8][0xc7][+x[[0x5]s[0x96]|[0xdc]S[0xb9][0xbf][0xbd][0x82]wT[0xf4]rb[0xa1][0xe0]%[0xc8]_[\r][0xa9]][0xd8]M[0xee][0xcb][0xdc][0xdd][0xe0][0xa7][0xab][0x86][0xf8]H[0xec][0x1][0x94]XW[0x11][0x81]XS[0xf3][0xf][0x91]&quot;[0x82][0xb1][0x87]P[0xcf]&gt;@M[0x11][0xb5]Kdh[0x89][0xac][0x8b][0xb5][0x17][0x11][0x8e]m+&quot;[0x12]kU[0x8b][0xa8][0xa7][0x6][0xed][[0xaa]R[0xf0][\n]&quot;
2013-02-06 13:51:56,839 AAD-WS DEBUG wire:63 - &gt;&gt; &quot;a[0xc][0x11][0xc2][0x1e][0x84][0xe9]B3[0xc3]ig0[0x12][0xce][0xe]:[0xb7][0x9b][0xb0][0x97]N[0xf5][0xd3][0xad]A[0xba][0xb5][0x87][0x92]*[0xef][0xed][0xe5][0xea][0xc5]~Bqm?][0xc][0x10]o[0x89][0xcd]cU[0x17][0xd7][0x17]X[0xbb]@~[0x8e][0x16][0x92]a[0x92][0xe1];[0x8][0xa9]sP[0x83][0xf7][0x16]M[0xd7][0x12][0x83]T@^[0x81]r[0x9c][0x8a][0xc4][0x1d][0xe4][0xe9]&lt;[0xaf]5p5~[0x89][0xbb]B~[0xe6][0xab][0xaf][0xe7][\n]&quot;
2013-02-06 13:51:56,839 AAD-WS DEBUG wire:63 - &gt;&gt; &quot;[0xc9]V[0xcd][0x96][0xd0][0x94][0xee]#Y[0xb7][0xb8][0xed][0x9d]c[0x84][0x94][0xe9][0xb][0xf6][0x12][0x5][0xbe]C3Q[0xa4][0xbd]D[0x17][0x96][0xf6][0xb5]&quot;^3E[0xf1]6R[0xc1][0x12]V[0x17][0xb1]f[0xc1][0xd6][0x1d][0xac][0x97][0xc3][0xd8][0xd9]y[0xac][0x19]S[0xd3]e[0x8e]o[0x80][0xf2]#1[0x9f][0x17][0x1c]+[0xa2][0xb5][0xbb]YE[0xae][0x88]U&quot;[0xd9][0xa0][0xa6]?.[0x12][0xde][0xab][0x8a]l[0xf][0x1a][0x8][0xf][0xa0][0x1e][0x3][0xac][0xea]a[0xf6][0xc9] ky[0x94][0x89];[0x86]&gt;[0x1c][0xc7][0x10][0x86][0x91][0xc3][0x8]_[0xc9][0x13][0xf8][0x8]&apos;[0xf1][0x15]F[0xf1][\r][0x92][0xb8][0x8f][0xd3]UI[0xe][0xc8][0x8b][[0xc9][0xcb]y[0xe6][0x85]IV[0xc4]?[0xca][0x9d][0xcd]xt[0xb5][0xb7][0xad][0xa9][0xf6][0xf2]][0xe9][0x96]?P[0xfe][0x93][0xdc][0xad][0xe7][0xfa][0x8d][0xcb][0x12]\[0x95][\n]&quot;
2013-02-06 13:51:56,839 AAD-WS DEBUG wire:63 - &gt;&gt; &quot;[0xf1][0xb6][0xbe]&amp;[0xcd][0x0][0xea][0xab][0x92][0xd2][0xd6][0xb4][0xff]j[0xb0]*[0x17][0xff][0x13]e[0xb0][0x88][0xc6][0x18][[0xa7]a[0xe][0x1f]V[0xeb][0xa3]:5][0xf2]K[0xbc][0xa0]IR\[0xc2]SU[0x9]/[0xe1]i[0xa9]Z[0x9][0xcf][0xfc][0xe7][0xb0]N[0xe][0xc5])[0xb5][0xc2]*am:--Zf&gt;+vi[0xbc][0x81]-[0xdb]vf[0xe][0xf5][0xf7][0xd1][0xde][0xb2][0xae][0x84][0xf5]K[0xed];[0x8c][0xd5][0x84][0xe3][0xcc][0xf7]96q[\n]&quot;
2013-02-06 13:51:56,840 AAD-WS DEBUG wire:63 - &gt;&gt; &quot;[0x9][0xa4][0xf9][0xaf][0xc3][0xc5][0x4]f[0x90][0xe1][0xe7]&amp;[0x8b]k[0x98][0xc4]&apos;[0xfc][0x99][0xf5]5L&lt;[0xc4][0x5][0xfc][0x82][0x8b][0xf8][0x95][0xf9][0xff][0x1d]y[0xfc][0xc9],[0xfd][0x5][0x1b][0xc3]UjpiY[0x8b][0x1f]b[0xe5][0xca][0xd3]w[0x95][0xbd][0xaa][0x12][0xf][0xaa]}s[0x8]vIK[0xfb]i[0x9a][0xf7];[0xa4][0x95]=[0xf6][0xdc][0xbe]u[0xb2][0xbb][0xc3][0x80]|[0xce][0xba][0xea][0x4][0xaa][0xf7]$[0x80]OQ[0x17][0xec][0x9b]{[0xf4]SU[0x9f]l[0xe6][0xd8][0x1][0x97]i[0xe5][\n]&quot;
2013-02-06 13:51:56,840 AAD-WS DEBUG wire:63 - &gt;&gt; &quot;[0xeb][0xfb].[0xda][0xf8]Q[0xdc][0xc0]o[0xe1].\[0xa7][0xdd][0x9b][0x1c][0xad][[0xf4][0xe2][0xf6][0xb2][0x9e][0x18][0xf4]_[0x8c]#[0xd8]G[0x1c][0xe1]Y[0x7];[0xf6]![0xf0]/PK[0x7][0x8]{[0xd7]Z[0x1a][0xba][0x5][0x0][0x0][0xdf][\n]&quot;
2013-02-06 13:51:56,840 AAD-WS DEBUG wire:63 - &gt;&gt; &quot;[0x0][0x0]PK[0x3][0x4][0x14][0x0][0x8][0x0][0x8][0x0][0xd4]|D5[0x0][0x0][0x0][0x0][0x0][0x0][0x0][0x0][0x0][0x0][0x0][0x0],[0x0][0x0][0x0]com/sun/java/help/search/DocumentLists.class[0x9d]XyxT[0xd5][0x15][0xff][0xdd][0xd9][0xde][0xcc][0xcb][0xcb][0xce][0x0]C[0x12][0xc5][0xca]2L[0x80]@[0xaa][0xd1]&amp;[0xa8][\r][0x81][0xd0][0xc1][0x90]P&amp;[0x82][0x1]kx[0x99]yI[0x6]g[0x9]3o[0xd8][0xb4][0xb5][0xb6][0xd4][0xd2]E[0xb4][0xa2] [0x8a] [0x8]F-*P3[0xa3]Dp[0xe9][0xe2]n[0x17][0xac]V[0xa5]R[0xb1][0xda][0xaa][0xd4]Z[0x97][0xb6]_[0xfb][0xb5][0xe9]9o&amp;[0xc9][0x8c][0x2]_[0xec][0x1f]s[0xee][0xb9][0xe7][0x9e][0xed][0x9e]s[0xee][0xb9][0xf7][0xcd]3[0xff]=x[0x18]fL[0xc3]?[0x1c][0x98][0x87]o[0xca]h[0xc6]5[0x12][0xbe][0xc5][0x93]o3X[0xcf][0xe0];2[0xb1]\[0xc3][0xd8][0xb5][0xc][0xbe]+a[0x83][0xc]9M[0xf9][0x1e][0x83][0xef]K[0xf8][0x81][0x8c][0x2][0xfc][0x90]&apos;[0xd7]1[0xd8]([0xe1]z[0x9]7H[0xf8][0x91][0x84][0x1b]e8q[\r][0x83]Mv[0xdc][0xc4][0xe3][0xcd]2Fa[0xb3][0x8c]Rl[0x91]Q[0x82]-,q[0x8b][0x84][0xad][0x12]n[0xb5][0xe3]6[0x19]g[0xf2][0xe2][0x19][0xd8]&amp;[0xe3]vlg[0xe3];$[0xdc]!c&quot;Svb[0x17]S[0xee][0xe4][0xb5][0xdd][0x12][0xf6][0xd8]q[0x97][0xc][0xf][0xb]x[0xd0][0xcb][0xa2]w3[0xb8][0x87][0x1]-[0xdf][0xcb][0xaa][0xcc][0x2]{e[0xcc][0xc4]}l[0xfd]~;[0x1e][0x90][0x89][0xbc][0x8f][0xc1]~&amp;[0x1f]`[0xec]&apos;2[0x1e][0xc4]n;[0xfa]xoI[0xf6]+[0xc5][0xd8]C[0xc][0x1e]fp[0x90][0xd5][0xf4]3[0xff]#[0x8c][0x1d]b[0xda]a[0xc6][0x1e][0x96][0xf0](k[0xd8],[0xe1]1[0x19][0x8f][0xe3][0x9][0x7]~[0x8a][0x9f][0xd9][0xf1]s[0x19][0xbf][0xc0][0x93][0x12][0x9e][0x12][0x90][0x17][0x4][0xfd][0xb1][0xa8]7[0x12][0xd0][0xd6][0x8]([0xde]HD[0x8b]5[0x84][0xd4]x\[0x8b][0xb]X[0x17][0xd5]7[0xcf][0x9b]+ [0xbc][0x2][0xf9][\r][0xd1]H\W#[0xfa]b5[0x94][0xd0][0xcc][0x80][0x5][0x2][0x8e]f[0xa2][0xfa][0xb5][0x1e]=N[0x4][0x14][0x11][0xe7][0xc5][0x8c][0x98][0x5][0xa4]v5[0x16]S[0xd7][0x92][0x12][0xf7][0xb2]&amp;4\[0x15]OD[0xaa]V[0xa8][0xab][0xd4][0xaa]n-[0xd4]S[0x15][0xd7][0xd4][0x98][0xbf][0xbb][0xca][0x1b][0xd1][0xb5].-V[0xcf][0xac]u[0x2]y[0xed][0xe1]`$[0xa3]Q[0xc0][0xd6][0x1e][\n]&quot;
2013-02-06 13:51:56,841 AAD-WS DEBUG wire:63 - &gt;&gt; &quot;[0x86][0x83][0x84]8[0xda][0xfd][0x19]+[0x2][0x93]G[0xac][0xcc][0xde][0x1e][0xed][0xec][0x8c]k,d#[0x5][0xe1][0x9e][0x98][0xc0][0xc4]SK70[0x87][0x16][0x8f]Gcu,[0x10][0x8][0x92][0xb0][0x81]h[0xfe]p[0x8f][0xc0][0x8c]SK[0xce]^[0xab]k[0x86][0xd1]9[0x9a]?[[0x89][0xa3]=[0xac][0x6]#[0x8d][0xc1][0x90]&amp;0[0xae][0xc9][0x10][0xb]F[0xab][0xe6][0xa8][0xba][0xda][0x92][0xd0]{[0x12][0xba]O[0x8f]ij[0xd8]`[0xec][0xd6][0xd4][0x1e]_p[0x1d]1Z[\r]\[0xe0][0x9c][0xd3]DmN[0xd4][0x9f][0x8]k[0x11][0xbd])[0x18][0xd7][0xe3][0x13][0x86][0xf3]G[0xaa][0xac][0x1][0xad]#[0xd1]EyXJ[0xbe][0xcf][\n]&quot;
2013-02-06 13:51:56,841 AAD-WS DEBUG wire:63 - &gt;&gt; &quot;F[0x82][0xfa][0x85][0x2]Nw[0xda]zH[0x8d]tU[0x91][0xd5]`[0xa4][0xab]n[0xca]b[0x1]KC4@&amp;[0xb][0x9b][0x82][0x11][0xad]9[0x11][0xee][0xd0]b[0xad]j[0x7]{+[0xcf]][0xc3][0xe1][0xe]R[0xc6])[0x93]=[0xb1][0xa8][0x9f][0xf6]D~[0xba][0xbd][0xcb][0xbc]^[0xdf][0xd2])&gt;[0x9]O[0xd3][0x2]{[0x1a][0xec]\K[0x8a][0xdc]^[0xd6]g[0xed][0xc]%[0xe2][0xdd][0x2]f7[0xcf]l[0xc1][0xc8]*-F[0xe9][0xb3]p[0x18][0x4]FS![0x9c][0xd4][\r]Y[0xf5][0xb3][0xfe][0x9]3f[0xcc][0x10]X[0xea][0x1e][0xe1][0xbe][0xeb][0xa6][0xfc][0x1f][0x19][0xf1][0xad][0x8d][0xe8][0xdd][0x9a][0x1e][0xf4][0x93]U_4[0x11][0xf3]k[0xe9][0xf4][0x94][0xe4][0xa8][0x9e][0xce][\n]&quot;
2013-02-06 13:51:56,842 AAD-WS DEBUG wire:63 - &gt;&gt; &quot;[0x15][0xf8][0x11]P[0x10][0xc2]j*[0x9b][0x11][0xd5][0x9c][0x82]6,U[0xb0][0xc][0x8b][0x14]\[0xc6][0xe0]k[0xb8]\A;.[0x17]8{[0x4]e[0xa7]`9[0xc8]j[0x7][0xf3]O[0xff]|[c7[0x9f]Q[0xd0][0xc5]FW[0xe0][\n]&quot;
2013-02-06 13:51:56,842 AAD-WS DEBUG wire:77 - &gt;&gt; &quot;[0x81][0xb1][0xa7][0xaa]6[0x81][0xf2][0xc1][0xa5][0xd9][0x89][0xce]N-[0xa6][0x5]r[0x97][0x87]$90[0xb9]K[0xa3]?[0x9d][0xbd][0xb4][0x6][0x5][0xcf][0xe2]9[0xca][0xf2][0x9c][0x96][0x6][0x9f][0x82][0xe7][0xf1][0x2]{[0x13]f[0xf0]K[0x5][0x1a]:[0x5][0xca]&gt;m[0xd2][0x1b][0xc9]R;&amp;[0xdb]b[0xce][0x8a][0xd4][0xd2][0xd8][0xe8][0x9b][0xdb][0xea]c][0xbf][0x92][0xf0]k[0x5][0xbf][0xc1][0x11][0x9e]$[0x4]*O[0x19][0xa1][0xb4]tvx$[0xbc][0xa8][0xe0][0xb7]xI[0xc1][0xcb],[0xff];N[0xa9][0x92]m[0x95]*ca[0x8b][0xcf][0xdb][0xea]m&quot;
2013-02-06 13:51:56,843 AAD-WS DEBUG wire:63 - &gt;&gt; &quot;i&amp;c[0xaf][0xe0]U6[0xf2][0x1a][0x9b];*0[0xf3]s[0x9f]C[0x5][0xdd][0x8]*[0xf8]=^g=[0xc7]8@[0xa0][0x82][0x1b][0x1f][0xc8][0xf0][0xc7]9K[0x14]![0x1d][0x9][0x5]+[0xf1][0x86][0x82]UX-[0xe1]8[0xf5],[0xe][0xe2][0xf4][0xd6][0xfa][0xd9][\n]&quot;
2013-02-06 13:51:56,843 AAD-WS DEBUG wire:63 - &gt;&gt; &quot;[0xde][0xc4][0x1f][0x15][0xbc][0xc5][0x1c]o[0xe1]m[0x5][0xc2]j[0x5][0xc6];[\n]&quot;
2013-02-06 13:51:56,844 AAD-WS DEBUG wire:63 - &gt;&gt; &quot;[0xde]e[0xda]{8[0xa1][0xe0]/x_[0xc1]_qD`[0xd2][0xc8]|[0x14]([0x1d][0xce][0xe1][0xd0][0x19][0x97][0xf0][0x81][0x82][0xbf][0xb1][0x7][0x1f]*[0xf8][0x8][0x1f]SG[0xc8][0x91][0xaa][0x1d]/[0xe1][0x13][0x5][0x7][0xa5][0xa4]hX[0xbe][0xa5]c[0x85][0xe6][0xd7][0x7]UR$[0xbd]-C*[0xe9][0xf4][0xbb][0x97][0xcd]6[0x9a][0x82]M[0xed][0xe9][0xd1]&quot;[0x1][0x81][0xa9]&apos;[0xeb]B[0x9f]![0xa5]K[0x84][0xdb][0xb7][0x1e]MS[0x4]F[0xb9]?[0xcb]G[0x1c].[0xf7]PS[0xcd]i[0xa8]lu[0xec][0xf0]ZVI[0x19]K[0xa5]&apos;Y[0xa0][0xf2][0xa5]!`[0xb4].[0xef][0xe9][0xce]{vYQ[0xd5][0xa8]q?S[0xb8][0x8b]V[0xba][0xbd]#[0xbc][0x9a][0xd8][0x89]&lt;[0xbf][0x1a][0xb][0x4]#j([0xa8]S[0xff][0xb4][0xfa]C[0xd1]8[0xe9][0xb0][0x85][0xb4]H[0x97][0x9e][0xee][0xa0][0xf3][0x5][0x8a][0x87]7[0xc1]Uj[0x8]Z)[0xae][0xec][0xa2]I[0xd5][0xd3]}[0x97][0xf0][0xaa][0x11][0xf7]Lo&amp;)e$x[0xea][0xd0]W[0x8e][0xbc][0x7][0xd3]53.[0xcb]G][0x8b][0xe5][0xf6][0x8c][0xe2][0xc1]p[0xd5][0xc7][0xfd]T[0x5]F:=[0xa7]Q[0x9f][0x1b]([0xda][0x9b]uu,[0xa8]Sh[0xc6][0xb8]Or[0x83][0xa6]#[0xe2][0xf][0x91],[0x15][0xc][0xbd][0x1d][0xe8][0xbd][0xb0]N;[0xfd][0x6]r,[0x18][0xe1]3[0xab][0x1][0xca]|^&lt;[0xac][0x86]Bt[0x5]v[0xab]T[0xbe]5#[\r]A[0xf6][0xf5][0xcb][0xd1][0xc8][0xd7][0xa3]s[0x82]F[0x97][0xa3][0x17]K[0xfc][0xf3]l[0x96][0xb6][0xe2][0xe8][0xa0][0xee][0xde][0x10]MD[0xf4][0x9c][0x93][0xda][0xda][0x1d][0x8b][0xae]N[0xdf][0xcc][0x85]=[0x94])[0x8a][0xae][0xea][0xbf][0xa2]5[0xa6][0xfa][0xb5][0x9c][0x13][0xe9][[0x1b][0xd7]5[\n]&quot;
2013-02-06 13:51:56,844 AAD-WS DEBUG wire:63 - &gt;&gt; &quot;[0xba]Y[0x8b]Q&lt;[0x9c]C[0x1][[0x98][0x96][0xc9][0xbc]6JOB6ny[0x9a][0x85]&quot;[0x18]O[0xcf][0xc5]fz[0xc3][0x15]b[0x1c][0xbe][0x8a]E[0xf4][0xc8][0xf3][0xd1][0xcc][0x84]V[0x9a]_[0x92]5_L[0xf3]%Y[0xf3]K[0xe9]YJ[0xf7][0x9f][0x81][0xd3][0x15]h[0x8c][0x97][0x19]c[0x9]_[0x84][0xc6][0xd8][0x9e][0x19][0xe9][0xa2]3[0xc6][0x8e][0xcc][0x9c]nZ[0x83][0x9f]n[0xb]c[0xec][0xca][0xc8]S[0x1b]5F[0xba][0xd3]h[0xb4][0x13]F7[0xb][0xc1][0x8]=1[0xbb][0xe1]@[0x11]-^[0xe5]I[0xc1][0xe4])[0xb6][0xe0][0x10][0xcc]}[0xb0]x[0x8]Xy[0xda][0x7][0x9b][0xa7][0x1f][0xe6][0xb6][0x14][0xa4]&gt;[0xd8][0x87]Q[0x7][0xa1]2[0xa1]y}P[0x86][0xa9][0xf9][0x84][0x16][0xb4][0x9]s[\n]&quot;
2013-02-06 13:51:56,844 AAD-WS DEBUG wire:63 - &gt;&gt; &quot;[0x85]}[0x10][0xac][0xa4][0x88]A[0xb1][0xf9][0x82]^[0x94]z[0x1e][0x84][0xa5]&lt;[0xc3][0xea][o[0x12][0xe5][0xa4]~[0xe7][0xc0][0x9][0x12])i[0xeb]G)[0xfd]F[0xd1][0xcf]I[0xcb][0xa3]+[0x93][0x18]S2[0x96]@[0x12][0xae][0x14][0xc6][0xa5]P[0x96]By[0x1f]*[0xfa]q[0x6][0xb1][0x9c][0x99][0xc3]6~[0x90][0xed][0xac][0x14][0xbe][0xd0]&lt;-[0x89][0xb3]k,l[0xa5][0xb8][0x8])L[0xa8][0xb5][0xf6]cb[0xdb][0xb4][0x14]&amp;[0xd5][0xda]\6[0xa7][0xc5]eMb[0xb2][0xc1]$1[0x13]O[0xdd][0x96][0xe5][0xcc]h[0x1f]bt[0xb8][0x1c]N[0xc9]eO3N[0xe9][0x87]&apos;[0xc7]^[0xe5][0xa0][0xbd][0xa9][0xb5][0xb2]KNb[0xda][0x86]G[0xec][0xb5]y[0xec][0x95]KNaz[0xad][0xe2]R\yIT-q)I[0xcc][0xf0]x[0xc][0x13]K)[0x12][0x87]0[0xb3][0xf][0xd5][0xe6][0x9a][0xfc]^[0x8c][0xa7]XT;[0xf3][0xfb]1[0xb3][0xcd][0xe3][0xcc]w[0xe5][0xb9][0xec][0xce][0xfc]$[0xbe][0x98][0xc2]9[0xbe][0xf5][0xf9][0x82](,[0xb3]s[0xe0][0xa8]&apos;c[0xd8][0x98]&apos;qnI[0xcd][0xa0][0xf1][0xf3]HC[0x91]5TS[0xd0]K[0xf1]w[0x16][0xa4]p[0xfe][0xfa][0x82][0x1]g[0xc1][0xb6][0x81]Ozaf[0xed][0xe6]jO[0x12]_[0xda][0x8a]&lt;[0xf]e[0xe3][0xfc][0xde][0x81][0xf7]Y[0xc0][0xb2][0x1b]g[0x19][0x8b][0xc]&lt;mL[0x9][0xb0]k[0xd5][0xbe][0xc][0xd7]ST[0x6][0xb5][0xb4]X[0x91]D[0xdd][0xa9][0xf2]2[0xeb]Sy[0xa9]-t[0x15][0x92][0x88]B?[0x8a][0xd9][0x5]I\[0xc8]3Wa[0x12][0x17]1[0x92][0xc4][0x97][0x87][0xd6][0x1d][0xb6]$[0xea][0xb3][0x19][0x18][0xd4][0xed][0xa7][0xaa][0x14][0x88][0x12]|[0x15]5[0x4][0xaf][0xa3][0x8f][0xa2]b[0xfa][0xda],[0xa1][0xef][0xc7]R:[0x1f][0xa3][0xe8][0xc3][0xd0][0x89][0x19][0x18][0x8d]:[0x8c]A#[0xc6][0xd2]Y)[0xc7][0xa5][0xc2]B&apos;b#U[0xff][0xf5]$[0xbb][0x11]kq[0x3][0xf6][0xe0]&amp;&lt;[0x89][0xcd][0xf4]|[0xda]B[0xef][0x8f][[0xe8][0xf6][0xdf][0x8a][0x13][0xb8][0x15][0x1f][0xe2]6a[0xc2]6[0xa1][0xe0]v[0xe1][0xc4]v[0xe1][0xc2][0xe]q.[0xee][0x10][0x17]a[0xa7][0x98][0x8f]]b[0x11][0xee][0x14]K[0xb0]Gt[0xe3].[0x11]A[0xaf][0xd8]@[0xe3][0xcd][0xb8][[0xec][0xc3]=[0xa2][0x1f][0xf7][0x8a][0xc7]i|[0x1a]{[0xc5]s[0xb8]O[0xbc][0x82][0xfb][0xc5][0x1b]x@[0xbc][0x83][0xfd]b[0x0][0x7]L[0x12]R[0xa6]&lt;&lt;d*[0xc1]A[0xd3],[0x1c]25[0xe1][0xb0][0xe9][0x12]&lt;j[0xba][0xc][0x8f][0x99][0xc2]x[0xdc][0xb4][\n]&quot;
2013-02-06 13:51:56,845 AAD-WS DEBUG wire:63 - &gt;&gt; &quot;O[0x98][0xae][0xa4][0xef][0xc5][0x1e][0xa4]?[0xf6][0xbc][0xf4][[0x89]X[0xfa][0xfc]![0x1]+l4[0xce]uZ[0xb7][0xa2]d[0xaa][0xd3]2[0x9d]bc[0xdb][0x9][0x89][0x13]1[0xb5][0x82]&apos;-[0xbd]([0xe7][0xb3]C[0x8b]N[0x8b]e[0xf9][0xa6][0x1a][0x83][0xc7][0x1a][0xa8].Kb[0xf6][0x90][0xc4][0xc0]1[0xa7]e[0xef]P [0xcf][0x80]D[0xf0]i:[0xda][0xcf]P[0xf8][0x9e]E[0x19][0x9e]#[0xda][0xf3]8[0x8f][0xc6][0xd9]xa[0xc8][0x99]8[0xb9]A[0xef]&apos;[0xc2][0xd8][0x99]}Dcg[0xf4]2[0xcb]r[0xcb][0x9a][0xb][0xca]-[0x81][0xb][0xd9][0x83][0xa2]]pq[0xc1]TT3,[0xab]N[0xa2]a+[0xa4][0x8a]^X[0xca]j,[0xe5]Y[0xc][0xe5][0x6][0x83][0xd3][0x92][0xe6][0xb0][0x95][0xd7][0x90][0xc3]e;09C[0xad][0xb5][0xa6][0x91][0xb4][0x16][0x9f]1[0xb8][0xac]&gt;[0x8f][0xd3]B[0xb5]7\[0x4][0x1e][0xfa][0xec][0x6][0x8e][0x10]|[0x11][0x95][0xf4][0xe0]l[0xc4]K[0x14][0xb4][0x97][0xd1]B)[0xbd][0x94]JD[0xc3]k[0xd4][0xbe][0x8e][0x92][0xef][0xaf][0x93][0xf7][0xf4][0xe6][0xcb][0x84][0xf2][0x18]yo[0xa2]q[0x93]yV/Vr[0xc4][0xd8]U[0xf7]vt[0xa4]q[0x82]t[0xc8][0xe6]pug[0xca]1[0xb8][0x1c][0x1d][0xe9]R[0x9d]kYNA[0xcd],W[0xa4]+[0xd8][0xce][0xd1].[0xcb][0xd0][\r][0x9d][0x8d]iU[0x8d][0x99][0xf2]^/D[0x99][0xd1][0xcb]6[0xf2][0x91][0xb2][0x11][0xba][0x9c][0xdb]&amp;[0xe1][0xd6]4n[0x1d][0xde]\-[0xd5]5p[0x9c][0xb2][0xfe]&amp;[0xd5][0xf8][[0x94][0x94][0xb7]1[0x93][0x9e][0xa5][0xf5][0xf4]*m[0xc2];[0xd4][0xfb][0xdf][0xa5][0x8a]~[0x8f]:[0xf6][0x9]J[0xd2]q[0xac][0xc3][0xfb][0xb8][0x96]^[0xa7]7[0xe2][0x83][0xac][0xa4]9[0xb0]f[0xb0][0x83]c[0x12][0xcc]D[0x3][0xe4]~[0xcc]k[0xa3][0xaa][0xf9][0xca][0x92]ak[0xb2][0x11][0x90][0x8f][0x88][0xff][0xe3][0xac][0xfa]s[0xd0]YY[0x97]Iy#I[0xf3][\r][0xa3]=[0xe6][0xea]&amp;[0xd6]P[0xc9][0x1a]za_05[0x89][0xf9][0xfb][0x89][0xcb][0x82]|*#oF[0xe3]h[0xf2][0x1c][0xf8]&apos;Q[0xff]E[0xf4][0xd3][0xca][0xe8]l[0xe][0x18][0xb7]K8[0xa3][0xb3][0x9e]4[0xb2]]n5[0xc5][Q~[0x0][0x17]g[0xfa]GI[0x13][0xf5][0x8e]L[0x3]Mb[0xc1][0xb0][0xa3][0x5][0xec][0x84][0xb0]A[0x12][0x12][0xc6][0xb][0x7]]RW[0xe2][0xaa][0xcc][0x6]+[0x88][0x87]7[0xc8][0xd5]C&apos;rP[0xc4]f[0x10][0xf3][0xf0]u[0xc0][0xb8][0xdd][0xbe]a[0xc0][0xab][0xb1][0xd0][0xd8]7}p[0xd0][\r][0xdc][0x2][0xd3][0xff][0x0]PK[0x7][0x8][0xca][0xa5][0xcd]I[0xe6][0x9][0x0][0x0][0x1][0x13][0x0][0x0]PK[0x3][0x4][0x14][0x0][0x8][0x0][0x8][0x0][0xd4]|D5[0x0][0x0][0x0][0x0][0x0][0x0][0x0][0x0][0x0][0x0][0x0][0x0]&amp;[0x0][0x0][0x0]com/sun/java/help/search/Indexer.class[0x95]X[0x9]|T[0xd5][0xd5][0xff][0x9f][0x99]I[0xe6]e[0xf2][0x80]d @[0x14][0xc2]CTBV@[0x5][0x1c][0x4]!,[0x12][0xc]I[0x84][0x8][\r][0xae][0x93][0x99][0x97]dd23[0xce][0xc2]b[0xab][0xad]-u[0xa9]Z[0xb7]jE[0xad][0x14]kMm[0xab][0x5]$[0x13]4J[0xb5]VP[0xeb]V[0xa9]V[0xed][0xe2][0x86]u[0xab]V[0xbb][0xfa][0xb5][0xb5]~[0xe7][0xdc][0xf7]f[0x9]I[0xac][0xe5][0xf7][0xe3][0x9c]7[0xf7][0x9e]{[0xee][0xd9][0xcf][0xb9]y[0xe2]?[0xf7][0xef][0x83][0x13][0xb5][0xf4][0xf]7[0xfe][0xe1][0x1][0xe1]c[0x1][0xff][0xe7][0xc6]?=[0xb8][0x1b][0xff][0xf2] [0x8d][0x8f]5[0xfc][0xbb][0x88][0x17]?[0x11][0xf0][0x1f][0x1][0x9f]2 [0x8] [0x1][0xe][0x1]N[0x1].[0x1][0x5][0x2][\n]&quot;
2013-02-06 13:51:56,845 AAD-WS DEBUG wire:63 - &gt;&gt; &quot;[0x5][0xb8]5[0xd2][0x4][0x17]y[0xc8]C[0xc5][0x2]t[0xf9]9J[0xa3][0xd1][0x1e]4[0xd2][0x18][0x1]%[0x2]Je[0xd9][0xeb][0xa1][0xb1]4[0xce]Me[0x1e]T[0xf0][0xa5]4^[0x16]&apos;h4Q([0xca][0x8b]x[0xf3][0x8]7[0x1d][0xe9][0xc1]1&quot;[0xe3]14I[0xa3][0xc9][0x82]u[0xf]fR[0x85]FS424[0x9a][0xaa][0xd1]Q[0x1a]Ms[0xd3][0xd1]n:[0xc6][0x83]Yt[0xac]lO[0x17][0xd6][0x95][0x2]f[0xb8][0xa9]J[0xa3]j[0x8d]j4[0xaa][0xd5][0xa8]N[0xa3]z[0x8d]fj4K.[0x99][0xad][0xd1]q[0x1a][0x1d][0xcf][0x16][0xa0][0x13]X[0x8][0x9a][0xe3][0xa6][0xb9][0x1e],[0xa1]y&quot;[0xc9][0x89][0xf2][0xe5][0x93][0xe5][0xf9][0x2]Nr[0xd3][0x2]!\[0xa8][0xd1][0xc9]nZ[0xe4]A[0x93]\[0xb5][0x84][0x16][0xcb]W[0x83][0x9b][0x96]h[0xb4][0xd4][0x83]VZ&amp;`[0xb9][0x80]S&lt;[0xb4][0x82][0x1a][0xe5][0xcc]J[0xe1]w[0xaa]FM[0x1a][0xad][0x92]3[0xcd][0xb2][0xd8][0xe2][0xa1]V:[0xcd]M[0xab]5Z[0xa3]Q[0x9b][0x90][0x9c][0xae][0xd1]Z7[0xad][0x93][0xcf]/h[0xd4][0xae][0xd1][0xfa][0xc2]EW/[0x82][0xfc][0x13][0xcd][0xcf][0xd0][0xe8]L[0xb9][0x8d][0xf][0x9d][0xe5][0xc1][0x6]:[0xdb][0x83][0xed]t[0x8e][0x9b][0xce][0xf5] B~[0x1][0x1d][0xc2]8[0xe0][0xa6][0xa0][0x7]q[0x11]/N[0xa6][0x80]N[0x1]]E[0xc][0xba]5[\n]&quot;
2013-02-06 13:51:56,850 AAD-WS DEBUG wire:63 - &gt;&gt; &quot;it[0x9e]F[0x1b]4[\n]&quot;
2013-02-06 13:51:56,851 AAD-WS DEBUG wire:63 - &gt;&gt; &quot;k[0xd4][0xa3]QD[0xa3][0xa8]F1[0x8d][0xce][0xd7]([0xae]QB[0xa3][0xa4]F)[0x8d]6j[0xb4]I[0x4][0xd9][0xac][0xd1][0x16][0xe1]z[0x81]F_[0x14][0x9b]}I[0xc0][0x85][0x2].[0x12][0xf0]e[0x91]A)[0xf9][0x15][0xf9][0xba]X[0xd6][0xbe][0xea][0xa6][0xaf]yp=[0x1d][0xab][0xd1]V[0xc1]_w[0xd3]%n[0xba]T&lt;z[0x99]F[0x97][0xb][0xd7]o[0xb8][0xe9][\n]&quot;
2013-02-06 13:51:56,851 AAD-WS DEBUG wire:63 - &gt;&gt; &quot;[0xf]n[0xa5]+[0x5]\[0xe5][0xa6]o[\n]&quot;
2013-02-06 13:51:56,852 AAD-WS DEBUG wire:63 - &gt;&gt; &quot;[0x87][0xab][0x5]\[0xe3][0xa6]k=[0xb8]]|~+][0xa7][0xd1][0xf5]B[0xfe]-[0x1]7[0x8][0xb8][0xd1]M[0xdf][0xf6][0xe0].[0xba][0xc9]C[0xdb][0xe8]f[0x1][0xb7][0xb8][0xe9]V[0xb9][0xfa];[0x1a][0xdd][0xc6]g$[0x92][0xb6]k[0xf4]][0xe1][0xb5]C[0xa3][0xdb]5[0xfa][0x9e][0x9b][0xee] [0x14][0x6];[0x9a][0xfd]=&amp;[0xc1][0xdb]t[0x9e][0xa3][0xbf]&gt;[0xec][0x8f]t[0xd5][0xaf]I[0xc6]C[0x91][0xae][0xf9][0x4][0xf7]F3[0xde][0x11]M[0xf0]v[0x99][0xb5][0x1d][0x8a][0xd6][0xb7][0xf2]^[0x92])L[0xf]S[0x14][0x85][0xa3]][0xd6][0xf][0xfe][0xe]F[0x3][0xcd][0xa9][0x9e][0xe]3N[0xa0]5[0x4]=[0x14][0x9][0x9a][0x9b][0x1b]R[0xa1]pP[0x96][0xea][0x9a][0x2][0xd1][0x9e][0xfa]D*R[0xaf]Xu[0x9b][0xe1]X}[0xc2][0xf4][0xc7][0x3][0xdd][0xf5]K[0xcd]N*[0x9c]l[0xcc][0xa3]g[0xde][0x85][0x81]h[0xa4]3[0xd4]E[0xa8]P[0x97]o[0x1e]td[0x89][0xda][[0x1e][\n]&quot;
2013-02-06 13:51:56,852 AAD-WS DEBUG wire:63 - &gt;&gt; &quot;[0x9b]LY[0x90][0xc]%[0xc3],ea[0xb7][0xe9]Ww[0x15]w[0x86][0xe2][0x89][0xe4][\n]&quot;
2013-02-06 13:51:56,852 AAD-WS DEBUG wire:63 - &gt;&gt; &quot;[0xfb][0x17][0xad]&apos;x[0xc2][0xfe]D[0xb2]uI[0xd0][0x9f][0xf4][0xf3][0x8f]@*[0x1e]7#[0xc9][0xd6]h[0x82]w[0x1b][0x99]&gt;[0x1a]3#m[0xfe][0xae]5[0xa6][0x19]av[0xa1]Hk[0x9c][0xd9][0xb9]C[0x91]6[0x8b][0xf1][0xa8]Pdy&gt;G-[0x14]i[0x89]%C[0xd1][0x88]&quot;j[0x8]G[0x3][0x1b][0x98]k&quot;[0x9a][0x8a][0x7][0xcc][0x98]?[0xd9]Mpn[0x8]%[0x87][0x97]\ii[0xc6]O[\r]%Yr=[0xb9]%f[0xae][0xf0]G[0x82]a3[0x9e][0xc8][0x9a]9[0x95][0xc][0x85][0xeb]W[0xf8][0x13][0xdd]I[0x87]R[0xd0][0x1b][0xb4],[0xb4][0xa4][0xdb][0x1f]_c&amp;-[0x97][0x15][0x7][0x6][0xfd][0xb2]I[0x9a][0xd8][0x83][0x4]WX[0xa1]b[0x96]b[0xb5][0xd9][0x15]J$[0xe3][[0x8]c[0xf8]W[0x1b][0xdf][0x97][)[0xe5][0x95][0xa6][0xa8][0xe8][0x94][+[\n]&quot;
2013-02-06 13:51:56,853 AAD-WS DEBUG wire:63 - &gt;&gt; &quot;[0x9a][0x1d][0xa9][0xae][0xe5]a[0xbf][0xb0][0xe9][0xf1][0x87]X[0xc7][0xf1][0x95]g[0xc][\r][0x8f][0x19]kyI4[0xc8]w[0x8f]i[\n]&quot;
2013-02-06 13:51:56,853 AAD-WS DEBUG wire:63 - &gt;&gt; &quot;EL[0xcb][0xf5]m&quot;1{[0xe2][0xa4]P$[0x94]\[0xc8]v[0xa8][0x14]:7[0xbb]&gt;[0x16][0x92][\r][0xcf][0xb2][0xcd]l&quot;1[0x1d][0xab][[0x14][0xf3][0xc7][0x13][0xe6]r[0xb5]Q][0x99][\r][0xb1][0xc6]H,[0x95][0x9][0xb1][0xa1][0xf7][0xae][0x17][0x86][0x1c]w[0xfe][0xa0][0x1c]d.[0xf3]*[0x87][0x12][0xe5][0xd9]q[0xad][0x19]HF[0xe3][0xf3]g[0xc]]b6[0x89][0xee][0xe8][0xa6][0xd3][0x13][0xfe].[0x16]`t[0xc2]LrT%9.[0xc4]H[0xec][0x8c]a[0xf8][0xca][0xdd][0xd3][0x84][0xb0][$O.[0x8f]G{[0xf2][0xce][0xb4][0xfa][0xe3][0xec][0x8b][0xa4]r[0xe5][0x91]]f2[0xe7][0xea][0xe5][0xd1][0xf8] [0xde][0xb3][0x87][0xe3][0xfd][0xdf][0x82][0xe5][0xc8][0xc4]g[0xb1]&lt;n$3[0x8c][0xc8]Q[0x94][0xa9][0x8][0xb0][0x99][0x93][0xe6][0xc8]l[0x8d][0xb8][0x8a][0xc]3&gt;2[0xc9][0xc2][0x11][0x1d]0[0xc2][0xca][0x12]N[0xc6][0x84][0x15]wJ[0x88][0x2][0x15]r[0x9c]V&apos;[0x5][0xc2]v[0xdc]x[0xd6][0xa8]d[0xb2]bC[0xb7][0xef][0xae][0x13][0x16],[0xd2][0x88][0x85][0xc4][0xa6][0xd3][0xf1]*^[0xd3][0xf1]:~G[0x18][0x9b][0xbb]6[0x1b]z:}[0x1f][0xaf][0xb1][0xc7]W[0xf2][0xd6][\n]&quot;
2013-02-06 13:51:56,854 AAD-WS DEBUG wire:63 - &gt;&gt; &quot;&gt;[0xbe]F[0x9d][0xd6][0xd1][0x8f][0xbd]:[0xee][0xc3][0xfd]:[0x6][0x4][0xec][0xc3]Ou[0xfc][0x1c][0x8f][0xea]x\[0xc0][0x13][0x2]~![0xe0]I[0x1]O[0x9]x[0x1a][0x8f]q[0x14]5[0xae]i[0x99]7[0xef][0x84][0x13][0xcf][0x99][0xa5][0xe3]W[0xd8][0xeb][0xa6];u[0xea][0xa5][0x1f][0xe8]t[0x17][0xfd]P[0xc7][0xb][0xd8][0xcb]E[0xa6]^[0xa7][0x1f][0xd1][0x8f]u[0xba][0x9b][0xee][0xd1][0xe9]&apos;[0xb4]S[0xc7][0x3]x[0xd0]M[0xbb]t[0xda]M[0xf7][0x12]J[0xe][0xf]N[0x2]t&lt;#G[0x9d][0xb5][0xc1][0xe][0x9d][0xf6]P[0x9f]Ni[0xdc][0xcf][0xc9]x[0xb8]e[0x1b]R[0x9d][0x9d][0xac]3[0xf5][0x13]S[0x97]15[0xbb][0xec][0xfc]T(n&amp;[0xc][0xbc]+[0xd5][0xc3]~[0xd2][0xe9]&gt;[0xbc][0xcb][0xe5][0xa0]6[0xbf]DM[0xce][0xfb]5[0xf4][0x8]&apos;m-[0xd7]5[0xbf][0xd8][0xbf][0xdc][0xfe][0x1a][0x8e]J[0xe3][0xbd][0xae]N[0xe5][0xa6][0xb1][0xc3][0xf4][0x8][0xc2][0xc4][0xcc][0xaa][0xf8][0xb2]%[0x95][0xcc][0xe6][0xb6]x[0xe9]][0x6]t[0xbf]N[0x3][0xf4][0x80]N[0xf][0xd2][0x3],U&gt;ys[0x94][0x83]-[0x15][0x9]f=[0xc7][0xec][0x96]DS[0xe1]`dz[0xd2][0xb0]&quot;[0xd7][0xe0][0xeb][0x85][0xd4] [0x1c][0x91][0x11]ex9[0xb3][0xcd]L[0xaf][0x8d]D[0x13][0xc9]hlS4[0x1e][0xe4]Lu[0xd4][0x6][0x8][0xe3]j[0x3][0xc3][0x9d][0xa2]Z[0x9d][0xf6][0xd1]O[0xb9][0x2][0x9f][0x1e][0xd9][0x10][0x89]n[0x8a]d[0xf7][0x8c][0xe9][0xbc];][0xc7][0xdb][0x1c]i[0xf4][0x10]=L[0x98][0xf4]Y]J[0xf4][0xfc][0x99][0x8e][0x87][0xf0][0xb0]N[0x8f][0xd0][0xcf]uzT[0x2]a?[0x1d][0xc8][0xf8]&gt;[0xcf][0xa1]:[0xfe][0x80][0xb7]8[0xdd][0x9b][0xa3][0x86]h[0x93]0[0x12]13[0x10][0xea][0xc][0x99]A#[0x19]5TW%[0xd4][0xfc]/[0xdd]T[0xa7][0xc7][0xe8]q[0x9d][0x9e][0xa0]_[0xb0][0xf6][0xea]@[0xc4]L[0xd6][0x9f][0xbe][0xba][0x89]Kx[0xa7]-[0xdd][0x93]:=EO[0xeb][0xf4][0xc]=[0xeb][0xa6]_[0xea][0xf4][0x9c][0x4][0xef];[0xe2][0xa1]g[0xf1]KNH[0xc3]0D[0x11][0x9f](.?[0xc]&gt;[0xce]?t:([0xd1]|[0x8]o[0xba][0xe9]W:=/[0x89]ut[0xc6][0x87][0xa7]G[0x12][0xa9]X,[0x1a]O[0x9a][0xc1]e[0x91]@4[0xc8][0xca][0xe5][0xb9][0xd2][0x9d][0xe5]W&lt;[0xdd]0[0xed]}C[0xc7][0xf3][0x12][0xf6][0xa3][0x8d]H4id[0x8f][0xe7]EWcK.[0x91][0xf1][0x1b]&lt;[0xca][0x5][0xa1][0xb1][0xbe][0xc5]03[0x8b]F4[0xa0][0xfa]{[0x90]M[0xa5][0xc](7[0x8c]3[0xec][0xad]R[0xb8][0x8d]d[0xa8][0x87]o[0x96][0x9c]y[0x81][0x3][0xc0][0xe0](([0x1f][0xa6][0xfb][0xac]V[0xed]^[0x8c][0xf3]k[0x9d]^[0xa4][0x97][0x8]3G[0xb4]:w[0x84]H[0x97][0x19][0xb4];t^[0xa9]y[0x99][0xed]H[0xbf][0xa1][0xdf][0xea]xOrP[0xcf][0x8f]o[0x9d]~[0xc7][0x1b][0xf4]{zE[0xa7]W[0x85][0xee]5Q[0xbd][0xce]P-[0xc9][0xc7][0xd2][\n]&quot;
2013-02-06 13:51:56,854 AAD-WS DEBUG wire:63 - &gt;&gt; &quot;[0xb1][0x91])Su[0xca][0xa5]F[0xd4]j[0x9f][0x96]juuu[0x84])[0x86]5[0x8d]$|[0x6][0x87][0xb1]Z7[0xc]kz2[0xac][0xd4][0x9c]id[0xff]I[0x81][0xb0]H[0xba][0xcc][0x88][0x19][0xe7][0x14][\n]&quot;
2013-02-06 13:51:56,854 AAD-WS DEBUG wire:63 - &gt;&gt; &quot;[0x1a]2[0x16]u[0xf8][0xd9].j#[0xa2][0x6][0x8a][0x19]yG[0xec][0xd4]1[0x8c][0xcc][0x7][0x8f]z*[0xb][0xfc][0x96]&apos;+[0xf3]h[0xf3]r[0xcb][0x8]uE[0xa2]q[0xd3][0x90][0x5][0xc3][0xce][0xb6][0xaa]&lt;R[0xbb][0xaa]H[0xe8][0xa7]X[0xe1]s[0x2][0x9c][0xeb]&lt;[0x83][0x9c][0xb3][0xd1][0x1f][0xf][0xf9]%[0xfd][0x8c]A[0xc4]Vn3[0xce][0x17][0xb3][0x82]k[0x4][0x9b]*O[i[0xf][0xb1]h&quot;$[0xa2][0xf9][0x6][0xa9][0xae][0xec][0xb7][0xda][0xec][0x89]n4[0x8d][0xfa]X[0xaa]#[0x1c][\n]&quot;
2013-02-06 13:51:56,855 AAD-WS DEBUG wire:63 - &gt;&gt; &quot;[0x9c][0xd3][0x9d][0xec][0x9][0xd7]g,\[0x1f][0xe4]M[0x8e][0x85][0xc3][0x8e][0xf0]4[0xc8][0xf3]a[0xd0][0x10][O[0xcb][0xed][0xad]a[0xb5][0xd6])=E[0xb7]Y[0xe2][0xb][0xf5][0xd5]&lt;[0xc8] Y*U[0xa5][0x12][0xf6]/U[0xdd][0x94][0x2][0xc7][0xe7]H[0x15][0xc5][0xc8][0x82][0xd5][0xab][0xa9][0xb6]N6[0x8]&apos;[0xc]&gt;[0xb6][0xe0]3[0x8e]%L[0xb6]N[0xd0]&gt;7*w[0x8e][0xe5][0xd5][0xf1]k[0x89][0xb8][0x2][0x19]C[0x17][0xe8][0xf8][0x8b]D([0xcd][0xd7][0xe9]u[0xe9]Uo[0xd0]![0x1]o[0xea][0xf4][0x7][0xa9][0x5][0xc4][0xfb]:[0xbd][0xc5][0x5][0x81]w[0xdf]fC[0xc]M[0x85]PO[0x8c][0xe7]V[0x95]4*[0xcd][0xe2]2[0xf9]Y[0x93][0x92]N[0xef][0xd0]N&gt;[0x94][0xab]u[0xca][0xb2][0xdc][0xf]Z:[0x1b][0xa4][0xc4]&apos;[0xf2][\n]&quot;
2013-02-06 13:51:56,855 AAD-WS DEBUG wire:63 - &gt;&gt; &quot;CE[0x8e][0xaa]9[0x15][0xe][0xb7]F[0xb9][0x9d][0x98][0xf1][0xbc][0x9c]zW[0x1a][0xe1][0xdc][0xcc]T[0xd0][0xf5][0xdf][0xe7]1[0xa3][0xd3][0xcf]F[\n]&quot;
2013-02-06 13:51:56,855 AAD-WS DEBUG wire:77 - &gt;&gt; &quot;[0x1a][0x1c][0x11]\`[0x9e][0xc3][0xc1]L=[0x19]&lt;jK[0xaa][0xbf][0xa7][0xd3][0x1f][0xe9][0xfd]a[0xcb]yn[0x4][0xd2][0xf1]![[0x3][0x1f][0xe0]O[0x1c][0xd1][0x9f][0xab][0x12][[0xc7][0xe8][0x3][0xe2][0x13][0x13]N1[0x93]I[0xa9]u[0xb9][0x1d][0xa3]3[0x1a]g[0xc9]^[0xc4]A[0x1d]/[0x9]xYd,[0x1b]vf[0xd2][0xe9]C[0xfa][0xc8]M[0xd6][0xe9]/[0xf4][0x91]N[0xa5][0xbf][\r][0x1a]s[0xda][0xba][0xe3][0xd1]MJ[0x1b][0xfa][0xbb]l[0x15][0xd9][0xb7][0xf8][0xb8]Ez[0x92][0xe6][0xe6]d},[0xac][0xc6]zi!u,[0xb8][0x1a][0xab][0xea]D[0xf0]:K[0xf0][0xba]V!hc[0xd2]|[0x8d]?[0xc2][0x9f][0x99][0x99]b`[0x85][0xd2][0xf4][0x11][0xcf][0xaf]h[[0xd5][0x94];:[0xa8][0xc5][0xb5]t[0x9c][0xc7][0x3][0xe][0xbf][0x19]b[0xd6][0x90][0xe0][0xf]lh[0x8b][0xfb][0x3][0xe6][0xa0][0x19][0xa8][0xc9][0x1e]&lt;&lt;[0xec]Z[0xdb][0x88]\[0xc2]+[0xf3]gx[0x8b][0x84][0xa7]b-[0x19][0xb5][0xda]f[0x1e][0xc5][0xe0]gl[0xb1][0xbc][0xfd][0xac]p[0xeb][0x1c]a[0xac][0xe7]7`a[0xd8][0x8c]t[0xa9][0xa7][[0xa5][0xfa][0xc9]9[0x13][0xf0][0xf3][0xb5][0xc7]&quot;
2013-02-06 13:51:56,856 AAD-WS DEBUG wire:63 - &gt;&gt; &quot;[0x8e]8[0xaa][0x1f]vM~[0x1f][0xdf][0xc2][0x13]3[0xcf]&gt;[0xa5][0xf6]C[0xb3][0x8d][0xdb][0xcd][0xaa]P8[0x1c]J([0xf6]+[0x99]=[0xcf][0x1a][0xfe]p[0xe2]0q,[0xe3][0xcc][0x9f][0xc1][0xf]Vg4[0xc5][0x97][0x17][0xfa]cRy[0xd8]W[0x9f]K[\n]&quot;
2013-02-06 13:51:56,856 AAD-WS DEBUG wire:63 - &gt;&gt; &quot;k[0x14][0x94][0x97][0xbb][0xb2]n[0x98][0x9d]|D[0xee]][0x95]?|Y[0xcf][0xa8]B[0xce][0x99]eqN[0xd3][0x89][0x95][0xc3]&gt;[0xf0]34-&quot;[0x8b]&apos;[0x91][0xf4][0xc7][0x93][0x89]u!1[0xd2][0xb0]V[0x94]w[0xb6]?[0x18]\[0x16]6[0xad][0xe9]iX[0xdd][0x98]e[0xe5][0xe7]z[0xb1])[0x9]5[0x8e][0x0][0xfb][0x9d]7[0xd8][0xff][0xd9]7[0x9c]+[0x11][0xba][0x80]C[0xa5][0xc8][0xb4]n][0xac][0xee]m[0x9c]1[0xf4]f[0xee][0xbd][0xcc],[[0x8e][0xb9][0xcc][0xf]b[0xb8],[0xc2][0x1d]-[0xae][0x1a][0xda]|y[\r]2w3[0x8f]8c[0xc7]![0xb4]&quot;[0xe5][0x89][0xff][0xeb][0xb]([0xef]9[0xe9][0x91][0xbf]=d[0x86][0xe5][0x9][0x19][0x91][0xe]{[0x6][0xb3]@B[0xc6][0xb5]-[0xc2][0xaa][0xa8]&quot;yD[0x86][0xd4][0x1e][0xe5]r{[0xf3]3[0x8f][0x84]!;[0xcc][0xa6][0xeb][0xb0]W[0xae][0xd8][0x84]i2)4v[0x98][0xdb][0xb9]?[0x4][0xc2]jr&gt;[0xb2]r[0xe9]g[0x4]][0xd5][0xe7]}[0xc2][0xab]7[0x9f]z[0xfb][0x13][0x82][0xb9]C[0xd6][0xb8]5[0xdc][0x93][0xa4]wl[0xe6][0x8f]E[0x9f][0xfd][0x7]&quot;[0xb9]n[0xb4][0xdd]$x6[[0xc3][0xd3]4g[0xeb][0x6]s[0xcb]2[0x95][0x83][0xf6][0xb2][0xca]L[0x8e][0xe0][0xe2]Pb)[0xbf][0x2]$[0xba][0xb6][0xc8][0x1f]R[0xf8][0xf1]+[0x11]5c[0x98]?[0x81]p[0x9e]1[0xdb]V[0xf5][0x9a]*J[0xf0]C[0x8a]CB[0x9e]n[0xee]P[0xa6][0xd8][0x14]%R[0x1d][0x9][0xdb][0xb4][0x87]Ee[0x96][0xc7][0xf8][0xca][0xc6][0xe1]7\[0xfc][0xd1][0xa3]8&apos;3[0x5][0xd1][0xc5]&lt;[0xb8]8[0x15]u[0xf2][\r]k[0xfd][0xe1][0x14]/9MI`[0xd9]`5[0x9d]][0xe6][0xe1]%+[0x93]w[0xc3]%[0x84]3&amp;[0x89]=o[0x18][0xf2][0xcf][0xc9]@[0xfd][0x1d]F[0xb5]&amp;[0xc2]1[0xff][0xa5]D)2&gt;3[0xe6][0xb0]%[0xb6][0x17]7?[0xfb][0xaf]X[0x11]sSc[0x84][0xb]MD:[0xc2][0xe0]z[0x9e][0xbd]T[0xa2]1bb*[0x8]i[0x0][0x93][0xf8]?[0xbf][0xdc][0xd5][0x1f][0x84][0xf9][0xf1][0xae][0xf0][0x80][0x8d][0xf9][0x91][0xcd][0xd0]!Oy[0x85][0xf9][0xfd][0xa5][0xf0][0xcf][0x14][0xbd][0x3][0x8f][0xd8][0x98]_[0xf9][0x8a]~[0xbf][0xcd][0xe7][0x0][0x1e]S[0xf8]q{[0xfd][0x9][0x1b][0xff][0xc2][0xc6]O[0xda][0xf8])[0x1b]?m[0xd3]?c[0xf3][0xe3]&apos;[0x93][0xc2]&lt;i([0xfc]+{[0xfd]y[0x1b][0xbf]`[0xe3]_+|[0x84][0xf4]}[0x85]_[0xb2][0xf1][0xcb][\n]&quot;
2013-02-06 13:51:56,858 AAD-WS DEBUG wire:63 - &gt;&gt; &quot;{[0xe4]y[0xc3]x4[0x8a][0xf0][[0xfc][0x8e][0xf5][0xfd]=[0xff]Z[0xce][0xe7][0x9c][0x8c][0xc7][0xf][0x80][0xda][0xfb][0xe1]h[0xaa][0xae]J[0xc3][0xd9][0xb]mUM[0x1a][0x5][0xbb][0x98]J[0xc3]([0x94][0xc0][0xc5]_[0xaf][0x8][0x1d][\n]&quot;
2013-02-06 13:51:56,859 AAD-WS DEBUG wire:63 - &gt;&gt; &quot;[0x18][0xae][0xe4][0xd5]&amp;^_[0xc5];-([0xc3]i[0xbc][0xfb]*^[0xb3]y&gt;[0xcb][0x1c][0x89]q[0xb2][0xaa][0x1f][0x85]U^w[0x1f][0xb4]*[0xea]C[0x91][0x0][0x8f][0x80][0xe2]*g[0x1f]t[0x1][0xa3][0x4][0x8c][0x16]0F@[0x89][0x80]R[0x1][0xde]*[0xef][0xd8]&gt;[0x8c][0xab][0xda][0x8b][0xb2]4[0xc6][0xf7]aB[0xd5][0x1e]h[0xde][0x89]i[0x94][0xcb]G[0x1a]G[0xb8][0x82][0xdb][0x99]&lt;[0xb3]z[0xa4][0xdc][0xc1][0xc7]&amp;[0xed][0xe2]{-IW[0xc2][0xcb]p[0x1d]K^[0xc3][0xba][0xd7]c[0xc]fb[0x1c]N@9|[0xa8][0xc0][0x2]L[0xc3]BT[0xe2]d[0xd4]b[0x11]fc1[0xe6][0xa2][0x1]&apos;[0xd1]&lt;4[0x90][0x8f]uk[0x87][0x1f]g [0x82][0xb3][0x90][0xc0][0xd9][0xcc][0xf1]u[0xb6][0x98]C[0xb4]+[0xf8][0x9][\n]&quot;
2013-02-06 13:51:56,859 AAD-WS DEBUG wire:63 - &gt;&gt; &quot;1[0x11]p[0x1d][0xb7][0x17][0x93][0xe7][0x16][0x92][0xaf]h[0x0][0x15]l[0xb9])&gt;O[0xe6][0xa3][0xb8][0xca]k[0xf4]a[0xaa]s[0xce]h[0xe7][0x9c]1[0xbd][0x8e]#[0xab][0xcb][0xc6][0xcc][0xf6][0x1e][0x95][0xc6][0xb4]m8[0xa3]l[0x8c][0xeb][0xdc][0xea]}[0xb7][0xe3][0xb8][0xaa][0xea][0xad]c[0x88]7D[0xf0][0xa1][0xaa][0xd1][0x1b][0x83]T[0xeb][0xa5][0x83][0xbb]q[0xf4][0x0][0x8e]a[0xfe][0xc7][\n]&quot;
2013-02-06 13:51:56,859 AAD-WS DEBUG wire:63 - &gt;&gt; &quot;[0xbb]4[0xa6]{+[0x19][0xa4]1#[0x8d][0xaa]^[0xda][0xa3][0xee][0xa8]Vw[0x9c][0x98][0xb9][0xa3]4w[0xc7][0xd4]^[0xba]v([0x87][0x9a]&lt;[0xe]q[0xc5][0xa1]vD[0xe][0x13]z[0xa9]e([0x87][0xba]&lt;[0xe]3[0x15][0x87]z[0xc5][0xe1][0xe2][0xc][0x87]v[0x9b][0x81][0xaf][0xa4]j[0x0]3[0xdb][0x7]0[0xab][0xbd][0xbc][0xa4][0x1f][0xb3]][0xfd]8N[0xa2]a[0xf]&lt;{q[0xbc][0x85]N[0x10][0x9d]=[0x1c]([0xbd]8[0xe4]+[0xcd]][0xe6][0x9d][0xcb][0xb7][0x94][0x97][0xe4][0xae][0xc2][0xa3]C%[0x99][0x97][0xb7]}[0xa7][0x92][0xe4]D%[0xc9][0xa8]*[0xa6]U&lt;[0xaf]Q[0xab]&gt;[0xb5]Z[0xe4][0x9a]3[0xba][0x17][0x17][0xa9][0x95][0xf9]jenF[0xe2]1[0x19][0x89][0xf9][0xc8]YC[0xef]9)[0xef][0x9e][0x85][0xea][0xfc][0x82]4[0x16]n[0xc3][0x8c]&lt;yOf[0x9a][0xc][0xfd][0xa2],=&apos;[0xd6][0xe2]][0xe5][0x1e]k[0xa3]A]R[0xbd]o[0xc7]&apos;[0x87][0xd8]0K[0xda][0xcb][0x8b][0xca][0x8b][0xcb]F[0xf7]ci[0x1f][0x96][0xb1][0x15][0x96][0xa5][0xb1][0xdc]W\[0xee]I[0xe3][0x94]9[0xa3][0x9c]sJz1[0xb1][0xaa][0xdc]S[0xc6]6X[0xf1][0x10][0x1a][0xcb][0x8b][0xd3]X[0xe9]+[0xde]ZBe%e[0xa3]v|[0xfa][0x96],0a[0xd9][0xa8][0x9b]Q[0xc2]rxO[0xcd]\[0xc7][0xbc][0x9b][0xda]%[0x92][0xfa][0xb1]J[0xf2]n[0x8f][0xfa][0xcf][0xdc][0x9b][0xd3]hq[0xce])[0xed][0xa5]i|o[0xa9][0xc5][0xd6][0xa7][0xf][0xa0][0xb5][0xdd]{[0x9a][0xd7][0xb0][0x15]a[0xd2][0xa9]bz[0xdd][0xd2][0xa1][0x1f][0xab]}[0xde]ro[0x1a]k|c[0x5][0xb5][0xf9][0xc6][0x95][0x8f]K[0xe3]t_YU9g[0xe9]Z&amp;_[0xb7][0x1f][0xcf]0*[0xda][0x8f][0x95][0x82]2[0x6][0xf9]B[0x86]K[0xbe]9[0xf2][0xf6][0xdb]yU[0xe4][0x12][0x9a][0xf5][0x87][0x91][0x95][0x8f]-[0xd7][0x9d]i[0x9c]Q&gt;6[0x8d]3{[0x11][0xf3][0x8d][0xcf][0xb3][0xf4][0xd9]Y[0xc6][0xe7]X,[0xce][0x95]o[0xf6][0xb4]}h[0xbe]o[0xc2]n[0x4][0xb6]A+[0x9f][0xc0]U-[0xef]|[0xd0]:5u[0x18][0xf9][0xd4][0xd1][0xad][0xa5]TV[0xca]&amp;[0xfe][0xcf]o9[0xdb][0xc7][0x17][0x9a][0x8b]-d[0x98]s][0x96][0x9a][0x95][0xf9]j[0x98]|[0xd8][0xb8][0xfc][0xaa]q[0xe8][0x8c][0xa6][0xd1][0xed][\r][0xe5][0xeb][0xca][0x1e]:o[0x17][0x9c]TO[0xeb][0xe9],[0xcc]qNt&amp;[0x9d][0x9b]p[0x96][0xc2]?F[0x87]U[0xb4]h5[0xda][0xb8]hur[0x91][0xed][0xe6][0x12][0x1b]B)[0xce][0xe3][0x2][0xde][0x3][0x83]K[0xd1]4[0xc4]0[0x3][0xe7]s[0x9][0x8b]s[0xe9]J[0xa0][0x11]).M[0x9b]x[0xe7][0x2]\[0x85][0xb][0xb1][\r][0x17][0xe1]v|[0x19];q1[0xb7][0x8e][0xad]\[0xee][0xbf][0x8e]C[0xb8][0x4][0xc6]eT[0x8a]+h2[0xae][0xa4]cq[0x15][0xd5][0xe3]jZ[0x8a]k[0xe9]T\[0xc7][0xf7]]O[0xeb][0xf1]-[0x96][0xe8][0x6][0xda][0x82][0x1b][0xe9]K[0xb8][0x89]n[0xc1]-[0xb4][0xb][0xb7][0xd2]#[0xf8][0xe]=[0x83][0xdb][0xe8]El[0xa7]C[0xd8][0xe1]p[0xe2][0xe][0xc7][0x18]|[0xdf]1[0x13]w:[0x8e]G[0xaf][0xe3][0x4][0xdc][0xe5]X[0x88][0x98]c[0x5][0xee]q[0xb4]c[0xa7][0xa3][0x3][0xf7]:B[0xd8][0xe3][0x88][0xa2][0xcf]q1[0xe3]+[0xb0][0xd7]q[0x1d][0xee]s|[0x1b][0xf7];[0xb6]c[0xc0][0xf1]=&lt;[0xe0][0xb8][0x3]?u[0xdc][0x8b][0x87][0x1d][0xf][0xe3][0x11][0xc7][0x1][0xfc][0xdc]q[0x10][0x8f]:[0xfe][0x8e][0xfd][0x8e]Op[0xc0][0xe9][0xc2]c[0xce]b&lt;[0xee],[0xc5][0x13][0xce][0x89]x[0xd2]9[0x5]O9O[0xc6][0xd3][0xce]N&lt;[0xeb][0x8c][0xe2][0x97][0xce]$[0x9e]c[0x8b][0x1d]t[0xde][0x81][0xe7][0x9d]w[0xe1][0x5][0xb6][0xda][0x8b][0xce][0xfb][0xf0][0x92][0xf3][0x15][0xbc][0xec]&lt;[0x84]G[0x9c][0x1f][0xe0][0x15][0xe7][0xdf][0xf0][0x86][0xf3]S[0x1c]r[0x15][0xe2]MW5[0xde]r[0xcd][0xc6][0xdb]x[0x83]-*[0xed][0xcb][0xc5][0xf8][0x10][0xde][0xb4][0xca]87[0xf3]B[0xb8]U[0x93][0xe2][0xa8][0x1d][0xc0][0x86][0xf6]j[0x89][0x9e]~[0x84]k&amp;[0xe7][0xb2][0xa4][0xa7][0x17]k}[0xae]rW[0x1a]Q_[0x81][0xa0][0xd8]6[0xee][[0xe5][0x5]}8[0xb7][0x97][0xfb]YyA?[0xce][0xe7][0xa2]{[0xe6][0xf0]yS[0x93]K[0x9b][0xc2][0xf2]BN[0x9b][0xa6][0xaa][0xea][0x1a]fr[0xc6].[0xd5][0x1e]&apos;+[0xaf]Z[0xcd][0xaa][0xe][0xc5][0xc]?[0xe6][0xb5][0xf2][0xea][0xbf][0xd8][0xcf][0xff][0xc6],|[0xc2][0xad][0xea]S,&quot;[0xc2]Rr[0xa0][0x93][0x9c][0x8][0x93][0xb][0x9]*[0xcc][0xea]$q[0xf3][0x7][0xbc]e7[0xde]o[0xf0]Z![0xe3][0xb5][0x3][0x88][0xb7]W[0xf7]#[0xd1][0xcc][0xf5]&lt;[0xb9][\r][\r][0x8c]R&gt;[0x97]sNA/[0xaa][0xab]l!ym#[0xb][0xb8][0x1b][0x9b]$[0xf8]]e[0x5][0xb3]-qY[0xea][0x95][0xab][0xb6][0x16]P[0x19]+[0xbc]o[0xc7][0xa7][0x7]y[0x16][0xa8]a[0x1d][0x1b]jvf[[0xeb]Q[0x1c][0x9b] [0xf][0x8a][0xa8][0x18]%[0xa4]c&lt;[0x8d][0xc2]$[0x1a][0x8d][0xc5][0x8c][h,[0xda][0xa8][0x8c])[0xdf][0xce][0xe][0x4]O[0xb1][0xcd]E[0xe3]-R[0x9b]6s&gt;[0x8][0xde]b[0xe3][0xb]l[0xfc]E[0x1b][0xc9][0xc6][0x17][0xda][0xf8]&quot;[0x1b][0xd9][0xc6]_[0xb1][0xf1][0xc5]6[0xfe][0xaa][0x8d][0xbf]f[0xe3][0xad]6[0xfe][0xba][0x8d]/a[0x9c][0x9b][\n]&quot;
2013-02-06 13:51:56,860 AAD-WS DEBUG wire:63 - &gt;&gt; &quot;[0x1a]xb[0x1][0xa7][0x82]F[0x15],[0xfa][0x14]L$[0x3][0x6]ME%[0x1d][0x85][0x99]4[\r][0xf3][0xe8]h6[0xf8]1X[0xc1][0xa9][0xd2]J[0xd3][0xf1][0x5][0xaa][0xc4][0xb9]4[0x3][0xdd]T[0x85][0x18]Uc3[0xd5]pR[0xbe][0x83]wm[0xd5][0x1e][0xe1]YG[0x2]k[0x93][0xe4][0xf8]8[0x8e][0xb][0xc1][0x13][0xfa]pi[0xa6]&amp;\&amp;[0xbd][0xc0][0xb2][0xec]^\^[0xed][0xfd]F[0x1a]W,[0x98][0xc4][0x89]0[0xb1]zR[0x1a]W6W;[0x19]][0x95][0xc6]7[0x9b][0xaa]j9[0x9a][0xac][0x1a]Z*[0xc1][0xb8].[0x8d][0xab][0xb9]5[0xdd][0xcc][0xb3][0x10]3[0xb8][0xa6][0xb9]v?[0x8f][\n]&quot;
2013-02-06 13:51:56,860 AAD-WS DEBUG wire:63 - &gt;&gt; &quot;[0xb5]}X&apos;{[0xfc][0xff][0xd2]4[0xae][0xcd])[0xe6][0xe3][0xc1][0xe]d[0xb2]b][0xac]X[0x8][0xc7]R[0xf]j)[0x82][0xd9][0x14]c[0xa5][0xe2]&lt;[0xd6]$q[\n]&quot;
2013-02-06 13:51:56,861 AAD-WS DEBUG wire:63 - &gt;&gt; &quot;m[0xc4][0x99][0xb4][0x9][0x1d][0xb4][0x99][0xa3]i[0xb]6p[0xbe]o[0xa4][0xb][0xd9];[0xef]e[0x15]z[0x85][0x15][0x92][0x18][0x8a][0xd2][0xaa][0xea][0x12]n[0x8d][0xd7]-[0x9c][0xcc][0xc2][0x96]M[0xae]V[0x83][0xc9][0xed]([0xae][0x9e][0xec][0xe2]&quot;{e[0x93],[0xdc][0x86][0x8a][0x1]\/[0xa1][0xf6]-I[0x13][0xef][\r]i[0xdc][0xb8][0xaa]F[0xe4][0xac]Q)R[0xd3][0xdc][0x8b]J[0x9f][0xab][0x17][0xd3]|\u[0xb7]elrs[0xce]&amp;Rh[0xb][0xd4][0xa4][0xe9]d1[0x1a][0xb0][0xc][0xdf]V[0xb8][0x11]7)[0xdc][0x9c][0x9d]&lt;[0x97][0xb3][0xdd]A[[0xe1][0xa0]K9[0xf0].c[0xcf]][0xce][0x9e][0xbb][0x12][0xd3][0xe9]j[0xcc][0xa2]kp&quot;][0x8b][0x5]t[0x1d]+z[0x3][0x96][0xd1][0x8d]XN7[0xa1][0x91][0xb6][0xe1]T.h[0xcd]t[0x1b]B[0xb4][0x1d][0x11][0xda][0xc1][0xdc][0xfe][0x88][0xf7]me/a[0xee]2[0xfd].gs[0xde]r[0x80]g[0xd0][0x1][0xdc][0xda]^[0xd8][0x8f][0xef][0xf4][0xe1][0x16]Yb!o{[0x8][0xdb]W[0xd5][0x1c][0x80][0xb7]z/[0xbe]+[0xba][0x15]q[0x12][0xa7][0xb1][0x83][0x97]J[0x7]p;[0xeb][0xf3][0xbd]U[0xf6]J.AT:S?[0xdc][0xb4][0x17]c[0xe9]~L[0xa1][0x1]L[0xa3][0x7]8[0xca][0x1e]D[\r][0xed]c[0xa7]&lt;[0x8c]9[0xf4]3,[0xe4]&quot;[0xbb][0x94][0x1e][0xe5]S[0x1f][0xe0]O[0xb6]L[\r][0xb6]L[0x15]#[0xc9][0xc4]w[0xdd][0xb1].[0xe7]x[0xaf][0xc4][0x1f][0x17]j7=[0xcb]w=[0x87][0xc9]t[0x90]&apos;[0xfc][0xf][0xb3]:[0xbe][0xc1][0xdc]df[0xff]Z[0xc6][0xfa][0xdf][0x97][0x9e][0x97][0x8d]Hj[0xda][0x8d];[0xab],=[0x9b][0xaa][0xf][0xe0][0xb4][0xdd][0xe8][0xb5]~6[0xae][0xda][0x8d][0x1f]X[0x9f]wI[0xf0][0x8d][0xaa][0xe5][0x9b]([0xde],[0xaa][0xd9][0x8b][0x1f]Yu[0xf1][0xc7]rL8T[0x8b]T[0xbd][0xf0][0xfa]\v[0xa7][0xe5][0xcd][0x2]j[0xaa][0xde][0xcf][0x11][0x93][0xc6]=L[0xb6][0x93]v[0xb2]H[0xb][0x10][0xe0][0xfe]v[0xf7] [0xa7][0xbe][0xc2][0x15][0xe4]Uv[0xe8]kl[0xa4][0xd7][0xd9][0xa1][0x87][0xd8]@o[0xb2]3[0xdf][0xe6][0x8a][0xf2][0xe];[0xf0]=[0x9c]F[0xef]c=}[0x80][0x0][0xfd][0x89]#[0xf7]C[0xae][0x81][0x1f]!E[0xff][0xc0][0x16][0xfa][0x18][0x17][0xd3]?Y[0xe1][0x8f][0xb8][0xcf]Y[\n]&quot;
2013-02-06 13:51:56,861 AAD-WS DEBUG wire:63 - &gt;&gt; &quot;[0xcf]g[0x85][0xc5][0x80][0x13]D[0x13]%[0x16]{M[0x17]][0x86][0xb3][0x9c][0xc3][0x8d]&quot;[0x7][0xbf]q[0x1c]E[0x18][0xef]([0xe6][0x97][0xc2]_[0xb2][0xa9][0xb0][0xc8]~[0xc7][0x18]J[0xa3]Iyc[0xc3]Or&amp;[0x1c]T]F[0xcb][0xc5][0x8e][0xb1](t[0x8c][0xc3][0x14][0xc7]x.[0x93][0xcd][0x16][0xc1][0x80][0x12][\n]&quot;
2013-02-06 13:51:56,862 AAD-WS DEBUG wire:63 - &gt;&gt; &quot;8N[0xfc][0xd9][0x8f][0x9d][0xf7][0xe2][0xce][0xec]Wo[0xf6][0xeb][0x7][0xde]][0xde][0xdd][0x1c]5[0xf7]z[0xf7]x[0xfb][0x4];[0xef]E wA[0x85][0xf4],Z[0xc][0xf]5`[0x1c]-A[0x5][0x9d][0xc2][0x99][0xbe][0x12]u[0x8e]R[0xb6][0xd9]b[0xa6][0xfa][0x9b]z[\n]&quot;
2013-02-06 13:51:56,863 AAD-WS DEBUG wire:63 - &gt;&gt; &quot;[0xfe][0xfd][0xff][0x1]PK[0x7][0x8]w[0x83][0x84][0x19][0xec][0x13][0x0][0x0][0x85]&amp;[0x0][0x0]PK[0x3][0x4][0x14][0x0][0x8][0x0][0x8][0x0][0xd4]|D5[0x0][0x0][0x0][0x0][0x0][0x0][0x0][0x0][0x0][0x0][0x0][0x0]0[0x0][0x0][0x0]com/sun/java/help/search/DefaultIndexerKit.class[0x8d]V[0xfb]s[0x13]U[0x14][0xfe][0xb6]M[0xb2][0x9b][0xed]R [0xb2][0xd0][0xda][\n]&quot;
2013-02-06 13:51:56,863 AAD-WS DEBUG wire:63 - &gt;&gt; &quot;A[0x91][0xa6])[0x10][0xf1]Q[0xb5][0xc5]G[0x1b]@#[0xb5] -`Q[0x94]m[0xb2]MC[0xd3][0xdd][0xba][0xd9]H[0xf1][0xfd]V[0x10]|[0xa1][0x2][0xbe][0x8a][0x82][0xd6][0xf7][0x80][0x3])Cg[0xf4][0x7]fp[0xc6][0x19]g[0xfc][0x8b][0xd4][0xef]n[0xd2]4}P[0x9d]L[0xce][0xdd]=[0xf7][0x9c][0xef][0x9c]{^w[0xff][0xf8][0xfb][0xf2][0xaf][0xa8][0xc6]z|[0xaf]&quot;[0x86]D[0x10]~&lt;[0xa4]b[0x1b][0xba][0x82]|}XF[0xb7]JNB[0xc1]v[0x19];T([0xe2][0xf1][0x11][0xb1][0xee][0x14][0xa4]Gl[0xf6][0xaa][0xd8][0x85][0xdd][0x82][0xec][0x11][0xe4]QA[0xfa]d[0xec]U[0x11][0xc2]c[0x82]&lt;.[0xc8]&gt;A[0x9e][0x10][0xe4]I[0xa1][0xb4]_&lt;[0x19]*[0xfa][0x91][0x94][0x91]Rab@[0x18]L[0xb]2[0xa8] [0xa3][0xa2]A[0xe8][0x1d][0xc0][0x90][0x8a],[0x86][0x5][0xb1][0x84]o[0xb6][0x10][0x18][0x11][0x8]O[0xc9]p[0x14][0xe4]T4[0x9][0xc1],\A[0xf2]A&lt;[0x8d][0x83][\n]&quot;
2013-02-06 13:51:56,863 AAD-WS DEBUG wire:63 - &gt;&gt; &quot;FU[0x1c][0xc2]32[0x9e][0x95][0xb0]8e&apos;[0xf3][0xc3][0xa6][0xe5][0xf6][0xb8][0x86][0xe3][0x9a])[0x9][0xd2]^[0x9][0xc1][0x94][0xd9][0x9f]Oo[0xcd][0x1a]i[0x9][0x81]M[0x19]+[0xe3][0xde]+[0xa1]:[0xd2][0xbc][[0x82]/n[0xa7]L[0xea]ue,[0xb3];?[0xdc]o:[0xbd]F[0x96][0x1c]2k[\[0x97]E[0x9a][0xbb][0xe][0x18]O[0x1b][0xb1][0xac]a[0xa5]c[0xdb][0xfb][0xf][0x98]I[0xb7]]Bm[0xda]t[0xe3][0xb6][0xe5][0xd2]T[0xef][0xa1][0x91]9r=[0xae][0x93][0xb1][0xd2][0x94][0xf3][0x8f][0x18]N[0x8e][0xdb][0xa9]Hq7c[0xc7]v[0x9a]F[0xca]t[0xda][0xe7]J[0xef][0xf5]X[0xa3][0xb1]A3;[0x12][0xcb][0x99][0x86][0x93][0x1c][0x8c]%[0xac][0x94]9[0xda][0x99][0xcf]d[0xcb]*3[0xf7][0xe9][0xc3]@&amp;[0xbd]5[0x93]5[0xdb][0xc5]q[0xd4]-[0xa3]Is[0xc4][0xcd][0xd8]V[0x8e][0x87][0xf2]l&apos;,[0xd7][0xee][0xb5][0x87]L[0xc1]Y[0x1e][0x99]k5[0xd1][0x9c][0x90][0x10][0xca][0x89]x[0xf5][0xb8][0xb6]cn.EP[0x82]&gt;[0x8f][0xb4]0[0xb2][0xc4][0xb4]R[0xb3]D[0xd5][0x9c]x[0xf7][0xcc]\[0xcb][0xca][0xee][0xb2]T[0xc6][0xf5][0x2][0xec]%[0x85][0xcc][0x1e];[0xef]$Mq[0x4][0xaa]n6[0x7][0x8c]|[0xd6][0xf5][0x8e]m:[0xdb]2[0xee][0x6][0x1][0xa5][0xe1]6[0xdc][0xae][0xe1]Vl[0x94][0xf1][0x9c][0x86][0xe7][0xf1][0x82][0x86][0x17][0xf1][0x92][0x84]h[0xd2][0x1e][0x8e][0xe5][0xf2]V[0xcc]3X[0x19][0x98]9@[0x12]@[0xfc][0xd9][0x8e]u[0xe6][0x7][0x6]LG[0x82]&quot;b[0xc5][0xf7][0xb0][0x86][0x97][0xf1][0x8a][0x86]W[0xd1][0xa6]a+:d[0xbc][0xa6][0xe1]u[0xbc][0xa1][0xe1]Mthx[0xb][0x87]5[0x1c][0xc1]a[0x6]a6[0x92][0x86][0xb7]qT8J[0xb1]cB[0xfb][0x1d][0xbc][0xab][0xe1]=[0xa1][0x10][0xc7]f[\r][0xef][0xe3][0x3][0x19][0xc7]5|[0x88][0x8f]$\7[0xad]][0xce][0x98][0x8c][0x8f]5[0x9c][0x10][0xe7]&lt;[0x89]S[0x1a]&gt;[0xc1][0xa7][0x12][0xd6]N[0xe7]7lX[0xa9][0x98][0xed][0x84]++&quot;l[0xd9]n8g[0xba]2&gt;[0xd3][0xf0]9[0xbe][0x90]1[0xa6][0xe1][0xb4][0xf0][0xe0]K[0x81]s[0xb]6j[0xf8][\n]&quot;
2013-02-06 13:51:56,864 AAD-WS DEBUG wire:63 - &gt;&gt; &quot;g4[0xdc][0x8f][0x8e])[0xa3][0xac][0xc0][0xc4][0xf6][0xb2]Q[0x16]n[0xdc][0xb0][0x9a][0x88]&quot;R[0x13][0x9e][0xca][0xa8][0x86][0xb3][0xc2][0xe7]-&quot;[0x0]_k[0xf8][0x6][0xe3][0x12][0x96]V[0x86][0x94][0x1]m[0xb][0xcb][0xf8]V[0xc3]w[0x2][0xba][0xf1][0x1a][0x95][[0x8a]|1Xy7[0x93][0x8d]u[0xd9]ICdZe[0x3][0x95][0x0]+[0x9a][0xa7]B[0x84][0xcd][0x13][0xc8][0x96][0x84]C[0xf3][0xee][0x1a]##[0xac]D[0x9][0xeb][0xe6][0xab][0xd3]9[0xac]b[0xa6][0xa9][0xa7][0xb8]v[0x91]#a[0x85]&apos;[0xe4][0x9a][0xa3]n[0xac][0xd3]1[0x8d][0xa1][0x84]k:[0x6][0x3][0xc1][0xde][0xa1]{{l&apos;[0x95][0xb0][0xd8][0x19]V[0x92]&gt;[0xac][0x8f][0xcc]u[0xa2]de.[0x0][0xcd][0xc8][0xcc]K/7X[0xe9][0x3][0x19]&apos;[0xe7]z[0x13][0x87][0xad][0xe6][0xb3]&lt;f0[0x97][0xef][0xcf][0x95][0xdc]X[0x1e]I$[0xe6][0x9d][0x1e]&gt;&gt;[0xc]K[0xa8]q[0xed].[0xfb][0xa0][0xe9][0xc4][\r]1J[0xd6]^[0xdb][0x91][0x99][0xda][0x81][0xac]i[0xa5][0xdd]A&gt;$[0x7][\r][0xa7][0x83]F}[0x91]Ds|F[0xf5][0xc5][0xb9]c$][0xd1][0x2]2[0x8f]\[0x9c]e[0xbe]H\xZ![0xd6];[0xe8][0xd8][0x7][0x8b][0x83]q[0xf1][0x8][0xe1][0xc5]|M[0xe][0xf5]R[0xd5][0x14][0xf0]^[0x91]JX[0xb9][0xf0][0x80][0xa2][0x89][0xfe]b[0xdd]J[0x8][0xff][0xd7][0xac][0x9b][0xb7][0xa6][0xa6][0xc1]$htw[0xd7][0xce][0xae][0xa9]T[0xae][0xfd]_E@[0xd8][0x95][0xb][0x1b]&amp;[0xb0][0xcd][0xb2][0x9a][0x1e]m[0x8b]x[0x11][0xe4]*F[0x9d]o SQ[0x92]3[0xb1][0x17]y]$rR[0xec][0xad][0xca]!q([0xe7][0x9a][0xcc]e[0xb5][0xe9][0xd0][0x86]^[0xbe][\r]v[0x14][0xa3][0xc9][0xe2][0x19]n[0xaf]h[0xd1][\n]&quot;
2013-02-06 13:51:56,864 AAD-WS DEBUG wire:77 - &gt;&gt; &quot;6[0xc3][0xe6][0x85]&lt;ka5[0xaf][0xc2][0x18][0x80]*[0xf8]Ds{O[0xb7]z[0xab][0xca][0xe1][0xc6][0x19]Iz[0x7][0xdf][0xee] [0x9f][0xf3][0xe]K[0xa3][0x13][0x90][0xa2][0xd5][0x17]Q[0x15][0xbd][0x4].[0xbe][0xf3][0x10]S[0xb0][0x95]4D[0x8]`[0x1d][0xe9][0xf][0x8][0xf2][0x8b]`[0x9]6p[0xe7]N[0xdc]U[0x82][0x8][0x97] [0x94]I[0xf8][0xfb]&amp;[0x10]8W[0xd6][0xc]x|!w7[0xda]J[0xd2][\r]\[0x5][0xb7]:$[0xcf][0x16][0x8c][0x93][0xb6]c[0x13][0xe1][0x84][0xe0][0xed][0xfc][0xfc][0x8]p[0xad][0x8b]NB!n0[0xa4][0x16]P[0xb3][0x8e][0xff][0x2][0xb4][0x9],[0x9a]vP[0xa5][0x6][0xf8]u[0xb1][0x2]{p[0xf][0x9f]|[0xe4]7[0xf1]/[0xee]+[0x1a][0x95]61[0x1a]A[0xee][0xfc][0xd5][0xd8][0x1a][0x88]^[0x80][0xef][0x12]j[0xbb][0xd7][0xb7][0x14][0xb0]x}[0x1]KZ}[0xa4]K[[0xe5]q[0x9c][0x9c]D[0xa8][0xaf]E[0xf7][0xe9]r[0x1][0xd7]M`Y[0x9b][0xbf][0xde]_[0x80].[0x16][0xa1]U[0xc0][0xf2]&quot;g[0x85][0xef],[0x3]V[0xef][0xd7][0x3][0xba]o[0x1]u[0xe3][0xe8]-[0xb2]Oc[[0xbd][0xbf][0xba][0x80][0xfa]K[0xb8][0xbe]U[0xd1][0x95]%[0xc1]1l[0xe0][0xa2][0x8e][0xa1]IW[0xfc]cX[0xad]+[0xca][0x18][0x1a][0xc8][0xaa][0x19][0xc3]2][0x9][0x8c][0xa1]VWN![0xa8]+T[0xae][0xad][0xc0][0xd4][0xe5])[0xbf]&quot;
2013-02-06 13:51:56,865 AAD-WS DEBUG wire:63 - &gt;&gt; &quot;t[0xb9][0xea][0xf4]?[0x83]z[0x80][0xfe][0xae][0xd8][0xdf][0x1a][0x18][0x87][0xda]&amp;[0xd7][0xd3][0xc3]F=[0xf0]#[0xcf]W[0x8d]+[0xb8][0xea][0x85]U[0xc4]b&apos;[0x96][0x91][0xee]#w?j`0Y[0xfd]X[0x8e]$Va[0x80]u[0x90]f[0xda][0x6][0xd1][0x89][0xc][0xbf][0xe4][0xe][0xa0][0xf]C[0xdc][0xe5]g[0x14]c[0xc8][0xe3]{~n]@[\n]&quot;
2013-02-06 13:51:56,865 AAD-WS DEBUG wire:63 - &gt;&gt; &quot;[0x97][0xf9][0x91]t[0x5][0xcf][0x10][0xf5]9[0xfc][0x89][0x17][0x18]O^[\n]&quot;
2013-02-06 13:51:56,865 AAD-WS DEBUG wire:63 - &gt;&gt; &quot;[0xa5][0xac]t[0x11]YD;[0xc2][0x80][0xdc]p[0x15]*[0x97][0x95][0xbf]c[0xd1]$[0x1a][0xfa]B[0xab]&amp;[0x10][0xfe]M0[0xc4][0x1e][0xbd]]][0xc0][0x8d][0xb3][0xcb][0xe8][0x15][0xd4][0xf2][0xc6][0xac][0xe3]E[0xd9][0x84]7[0xca][0xd9]j [0xed]d[0xc6][0x8b]66[0xd3][0x86][0xa8][0x87][0xf0]B6[\n]&quot;
2013-02-06 13:51:56,866 AAD-WS DEBUG wire:63 - &gt;&gt; &quot;[0xb8]i6[0xf6]ab[0x1f]![0xf6]Q[0x9e][0xf6][0xd8][0xc]l^[0xab]%[0xec][0xe3][0xc4][0x16][0xb2][0xdb][0x17][0xc0]^[0xf3][0x9][0x9a][0xa3]\o.`m[0xd4]w[0x11]k[0xc6]Q[0xdf][0xcd][0xf7][0xaa]S[0x90][0x99][0x92][0xc6]I4[0xf5][0x85]&quot;[0x13]h[0xf6][0x1c]ii, z[0x9e][0x86]V[0xb1]Gb[0xe5]DDY[0x96][0xe0][0xa5]^[0xcb][0xeb][0xbc][0x8e]fW[0xe1]#[0x1e][0xf9]c[0xca][0x9c][0xa0][0xd4]I[0x16][0xfa])^[0x9a][0x9f][0xa1][0x9b][0xb7]q[0xa5][0xab][[0xca][0xa1][0xde]R[\n]&quot;
2013-02-06 13:51:56,866 AAD-WS DEBUG wire:63 - &gt;&gt; &quot;[0xf5][0xea][0x85][0xc2][0xc0]0[0xb7][0xcc][0x8e][0x3][0xb][0x89][0xb7]z[0x1d][0xce][0xb0]5[0xcf]V[0x80]W[0x89][0xcf][0x94]R[0x1b]vT[0x80][0xf3]\[0x8d][0xbf]`[0xdd]T[0x9b][0xf1][0x88]5-[0xc5]6+`[0xc3]4x-U[0x80][0x9f] [0xe3]g[0x2][0x9f]#[0xf7][0x1]o[0xac]&lt;[0xf8]/PK[0x7][0x8][0xa6][0xe0]I[0xc6]e[0x6][0x0][0x0],[0xc][0x0][0x0]PK[0x3][0x4][0x14][0x0][0x8][0x0][0x8][0x0][0xd4]|D5[0x0][0x0][0x0][0x0][0x0][0x0][0x0][0x0][0x0][0x0][0x0][0x0]L[0x0][0x0][0x0]com/sun/java/help/search/HTMLIndexerKit$HTMLParserCallback$LangElement.class[0xa5]S]O[0x13]A[0x14]=[0xd3]mwiY[0x5]i[0xfd][0xaa][0x2][0x15]Wh[0x17]q[0xe2][0x1b]Q[0xe2][0xb][0x91]H\[0x85][0xa4][0x8d][0xef][0xd3]e[0xd2]][0xdc]Nuw[0xaa][0xf5]_ibc[0xe2][0x83]?[0xc0]g[0x94][0x84][0x7][0x8a][0xf1][0xce][0x86]h[0x0][0x15][0x83][0xf3]p[0xef][0xcc][0x9d]s[0xcf][0xbd][0xf7]d[0xe6][0xf3][0xf7][0x8f][0x9f]`a[0x5][0xcb][0x15][0xd8][0x98]-[0xa3][0x84]9c[0xe6][0x8d]i8[0xb8][0xe1][0xe0]&amp;[0x83][0xa5]E[0xcf][0xc1]-[0xda]tD[0x8f][0xc1][0xdd]TJ[0xa6][0xeb][0x89][0xc8]2[0x99]14[0x82]][0xf1]J[0x8c]x[0xf6]:V=[0xae][0xe5]H[0xf3]H[0xf7][0x13][0xfe][0xa8][0xf3]$[0xf0]([0xe1]&gt;C1[0x11][0x8a][0x12]gr$7[0x7][0xde][0xd6])[0xc1][0xe9][0xce][0xd6]Q[0x9c]yw[0x1d],[0x11][0xc0][0xe4]l[0x8b]4#z[0x91]$][0x11]&gt;gX[0xb][0xc2]A[0x9f]gC[0xc5][0xf3][0xec]H&amp;/x&amp;E[0x1a]Fy[0x89]M[0xb5]#G2}[0x1c]k[0xef]d6[0xf1][0x97][0xdb]o[0x94][0x8e][0xa4][0x8e]C[0xaa][0xb5][0x16][0xab]X?`x[0xd9][0xfc][0x1f][0xd2][0xd3][0x6]&gt;9f[0xeb][0x19][0x89][0xb0]&gt;[0xd8][0x91][0xc]SA[0xac][0xe4][0xd3]a[0xbf]+[0xd3][0x8e][0xe8]&amp;[0x14][0xb1]{R[0xe7][0xc2].4[[0xa7]k[0xe9][0x10]:[0xc8][0xe5][0xac][0x1d][0xc2][0x8f][0x9]Zi[0xf][0x86]i(7b[0xc3]]=:[0xcd][0x1d][0x83]wQE[0xd3][0xc5]y\p[0xe1]`[0xd2][0x85][0x8b]s[0xc][0x1b]g[0x17][0xc4]3[0xfd]&lt;Ld_*[0xcd]0y[0xe4]4[0xfd][0xab][0xc3][0xad][0xee][0xae][0xc][0xb5][0x83][0x16][0xc3][0xdc][0xdf][0xc7]t[0xe0]3[0xdc];{C[0xf4]R[0x9b]F[0xf2][0xfa][0x9f][0xcb]0,[0xfd]#?[0x1a][0xf4][0x17]l[0x80][0xfe][0x9][0x8c]^0[0x8b]$#;cD[0x4][0xbd][0xdb]&lt;f[0xd1][0xae][0x8a][0x1a][0xd9][0x8b]tZE[0x1]E[0xf2]5[0xff][0x3][0x98][0xbf]&lt;F[0xc1][0xbf]=[0x86][0xe5][0xaf][0x8c]Q|Gq[0x86]K9[0x83][0xc1][0xec][0xa1][0x8c]/[0xc4][0xf5][0x95][0xf2][0xf7][0xe9][0xe6]2[0xae][0x1c][0xb2][0xcc][0x92]g[0xe4]K[0xfe]{Xo[0xa6][0xd9]y[0xf0][0x80][0xec]U[0xd4][0x3]-[0x1e][0x87]~[0xa3]n[0xae][0x91]/[0xe0]:*[0xe4][0xeb][0xd4][0xed][0x4]&lt;[0xaa][[0xc6][0x14][0x16]1M[0xa8][0x12][0xed][0x16]P[0xf8][0x1]PK[0x7][0x8][0x84][0xc0][0x3][0xdd][0xe6][0x1][0x0][0x0][0x14][0x4][0x0][0x0]PK[0x3][0x4][0x14][0x0][0x8][0x0][0x8][0x0][0xd4]|D5[0x0][0x0][0x0][0x0][0x0][0x0][0x0][0x0][0x0][0x0][0x0][0x0]J[0x0][0x0][0x0]com/sun/java/help/search/HTMLIndexerKit$HTMLParserCallback$TagAction.class[0xa5]TmO[0x13]A[0x10]~[0xf6]Zz[0xbd][0xeb][0x15][0xa8]/([0xef][0xda][0x16]([0x85]r[0xa2][0xe2][0xb][0xa0][0x86]`[0xd4][0x86][0xa3][0x9a][0x94][0xf8][0xfd]z[0xdd][0xb4][0x87][0xd7][0xab][0xb9][0xdb]&quot;[0xfe],[\r]b[0xf4][0x83][0xf1][0x9b][0x89][0xbf][0xc9][0x18]gO[0x2][0xc5][0xc6]J[0xf0].[0x99][0x9d][0x99][0x9d]yfvfw[0xbe][0xff][0xfc][0xfc][0x5]1[0x94][0xf0]@[0x87][0x8e]I[\r][0x1a][0xa6]4L[0xe3]Z[\n]&quot;
2013-02-06 13:51:56,867 AAD-WS DEBUG wire:63 - &gt;&gt; &quot;[0xd7][0x91]U[0x91][0xd3]` [0xaf][0x13][0x99][0x91]dV[0xc5][0x9c][0x8a]y[0x86][0x84]h[0xba]a~Y[0xc5][0x2][0xc3][0x85]g;[0xdb][0xd6][0xb];[0x8]y[0xb0]i{^[0xcd]v^1[0x18]e[0xdf]&apos;[0xd9][0xb3][0xc3][0x90][0x87][0xc][0xeb][0x96][0xd3]n[0x99]a[0xc7]7w[0xed]=[0xdb]lr[0xef][0xb5][0x19]r;p[0x9a][0xa6][0xf4].[0xfb]u[0xbe][0xcf][0x83]-W[0xe4]{[0xc1][0xd6][0x18][0xb4][0xea][_4[0xb9]p[0x1d][\n]&quot;
2013-02-06 13:51:56,867 AAD-WS DEBUG wire:63 - &gt;&gt; &quot;[0xbd][0xee][0xfa][0xae]x[0xc8][0xf0][0xa8][0xf0]?[0xa0][0xf3]/[0x19][0xe2][0x9b][0xed]:g[0x18][0xb2]\[0x9f]W:[0xad][0x1a][0xf]v[0xec][0x9a]G[0x9a][0x81]P[0xd8][0x81]PQb[0x88][0xed][0xd8][\r][0x86]r[0xc1][0x92]1[0xf6][0xcd][0xf0][0x8d][0xeb]7L[0xc1][0xf7][0x85][0xd9][0x14]-/[\n]&quot;
2013-02-06 13:51:56,867 AAD-WS DEBUG wire:63 - &gt;&gt; &quot;[0x94]&apos;[0x93][0xb5][0xde][0xfd][0xed][0x8e][0x90]h[0x1b]B[0x4]n[0xad]#x[0x95][0x8b](j[0x8c][0xfb]u[0x86][0xdc]?[0x11][0xa5][0xad]^mw[0x2][0x87]?qeV[0x17]O[0x9f]jI[0xfa][0x1b][0xc8]`[0xc9]@[\n]&quot;
2013-02-06 13:51:56,868 AAD-WS DEBUG wire:63 - &gt;&gt; &quot;C*L[0x3][0xcb][0xb8][0xa9][0xe2][0x96][0x81][0xdb]Xa[0x18][0x8e][0xca][0xe2][0xd9][0x4]_[0xa5][0x1c][0xfc][0x86][0x81];[0xb8]k[0xe0][0x1e][0xee][0x1b]X[0xc5][0x18][0xc3][0xe3][0xf3][0x17]P[0xa6][0xb8][0xe1][0x8][0xb7][0xed]S{[0xba][0xf8][0xae][0xa0][0xcf]k[0xbb][0xdc][0xa1]*R[0x3]W[0xcf][0x1f]H[0xc5]:[0xc3]T[0xff]ZQQ[0xb][0xb2]\[0xf9]&gt;f[0xc7]}[0xa0]|[0xbb][0xf8][0xb8][0xb5]Qy[0xca]0[0xdb][0xaf][0x1b][0xc7][0xe6]t[0x92][0xc9][0x1e][0xbb][0xee][0x6][0xd3][0xc5]op[0xd1][0x5]?[0xfb][0xbb][0xcd][0xdd][0x5]Y[0x9b][0xef]U1$[0xe9][0xa9][0x8][0x8b]T[0xf4][0xa0][0xac]?[0x1b]G[0xfb][0x9][0xbb]^[0x8f]N[0xba]r[0xb6][0xab]x[0xca]][0xd6]F[0xb]x[0xab][0xbd][0xc7]#[0x8c][0xb9]3[0xb6][0x83]a[0xec][0xef][0xb1]hBh44[0x0][0xca]X^@Z[0x87]![0xbf][0x18]q[0x19][0xd2][0xd1][0x8d]%)[0xb][0x85]~@/~[0x4]+.|[0x80][0xf2].[0xf2][0xb9]D4A+[0xd8][0xf][0xa2][0x97]q[0xf5][0xc8]~[0x8b][0xfc][0xe3][0xb4][0xe6][0x16][0xdf]#[0xf6][0x9]q[0x5]_1P)}C[0xaa]x[0x0][0xe5][0x0][0x89][0x8a]\[0x17]J[0x87]PO[0x80]F0[0x0]([0x1a][0xd2][0x8a][0x8e][0x8c][0x92][0xc2][0xa8][0x92]FV[0x19][0xa4][0xdd]Q[0x8c][0x1d][0x1][0xcf][0x1c]%[0xa2]E[0xfe][0x87]H[0x9e][0xb8][0xeb]rC[0x19]GR[0x99] n[0x9c]4[\n]&quot;
2013-02-06 13:51:56,868 AAD-WS DEBUG wire:63 - &gt;&gt; &quot;&amp;0[0x18]e[0x1f][0xa7][0xb9]WD[0x9a],G[0xb0][0x88]+[0x90]3[0xd2]@[0x81][0xe4]i[0x92]o`[0xf4][0x17]PK[0x7][0x8](x[0xe2][0xe3]m[0x2][0x0][0x0]D[0x5][0x0][0x0]PK[0x3][0x4][0x14][0x0][0x8][0x0][0x8][0x0][0xd4]|D5[0x0][0x0][0x0][0x0][0x0][0x0][0x0][0x0][0x0][0x0][0x0][0x0]L[0x0][0x0][0x0]com/sun/java/help/search/HTMLIndexerKit$HTMLParserCallback$BlockAction.class[0xa5]TmO[0x13]A[0x10]~v[z[0xb4]=y[0x11]E[0xa9][0x80]@K)}[0xe1]D[0xc5][0x17]@[0xa0][0xd4][0xa0][0xc4]RLJ[0x8c]_[0xaf][0xd7]M{p[0xbd][0x92][0xbb]-[0xe2][0xcf][0xd2] F?[0x18][0xbf][0x99][0xf8][0xa3][0x8c]sG[0xe5][0xc5]F$p[0x97][0xcc][0xec][0xce]&gt;[0xf3][0xcc][0xec][0xec][0xec][0xfe][0xfc][0xf5][0xf5][0x1b][0x2][0xc8][0xa1][0x10][0x81][0x8a][0xbb]aD1[0x16]A[0xf][0xc6][0xc3][0x98]@&lt;[0x8a][0x4]&amp;[0x15]$[0xc3]d[0x99][0xf2][0xcc])OL{&quot;[0xad] [0xa3] [0xc7][0x10][0x92]u[0xd3]M[0xcc]*[0xb8][0xc7]p[0xfd][0xe5][0xd6]F[0xf1][0xb5][0xee][0xb8][0xc2])[0xe8][0x96]U[0xd1][0x8d][0x1d][0x6]u[0xdd][0xb6]in[0xe9][0xae]+\[0x86][0xc5][0xa2][0xd1]lhn[0xcb][0xd6][0xb6][0xf5]=][0xab][0xb]kWs[0x85][0xee][0x18]u[0xcd][0xf3]^[0xb7][0xab]b_8[0xaf]L[0x99][0xe8]$[`[0x8][0x97][0xdf][0xdb][0xb2].[0xa4]iP[0xe8]E[0xd3]6[0xe5][0x12][0xc3]r[0xea]*[0xa4][0xd3]o[0x18][0x82][0x85]fU0[0xf4][0x16]M[[0x94]Z[0x8d][0x8a]p[0xb6][0xf4][0x8a]E[0x96].W[0xea][0x8e]Tp[0x9f]![0xb0][0xa5][0xd7][0x18][0xd6]SE/[0xc6][0xbe][0xe6][0xbe]3[0xed][0x9a]&amp;[0xc5][0xbe][0xd4][0xea][0xb2]a[0xf9][0x81][0x12][0x4]Y[0xe8]\[0xdf]hI[0x8f]-/[0xa5]cVZR[0x94][0x85][0xf4][0xa3][0x6][0x84]]e[0x88][0xff][0x97][0xd1][0xc3]F[0xca][0xcd][0x96]c[0x88]5[0xd3][0xcb]j[0xe0][0xec][0xae]f&lt;[0x15][0x3][0xb8][0xa1][0xe2][0x1a][0xfa]U&lt;@L[0xc1]C[0x15][0x8f][0xf0]X[0xc1][0x13][0x15]O1[0xcf][0xd0][0xe7][0xd7][0xc6][0xd2])F[0x99][0x12][0xb1]k*[0x16][0xb0][0xa8][0xe2][0x19][0x96]T,cX[0xc5][\n]&quot;
2013-02-06 13:51:56,869 AAD-WS DEBUG wire:63 - &gt;&gt; &quot;[0x86][0x19][0xd6]._[0xca][0xc4][0xaa][0xd5]4v[0xf2][0x86]4[0x9b]6C[0xf4][0xcc][0xec][0xf9][0x15]h[0xa9][0x6]h[0xc2][0xc7]c[0x5]y[0x86][0xf9][0xcb][0xb3]*Xe[0x18]=[0xbf][0xf2][0x14][0xaf][0xe2]mbsWP[0xec][0xc4]9[0xe0][0xe3][0xb3]%[0x97]S[0xe3]`1_z[0xc1][0x90]&lt;[0xef][0x84][0x8f][0xe1][0xd4][0xde]#[0x1d][0xb8][0xd3]MC[0x97][0xa9]&amp;[0xe4])[0xfa][0xe4]Q[0xeb][0x1c][0x1d][0xea]fe[[0x18][0xd4]X[0x9d]&amp;[0x86]n[0xba]~[0xb2]H&amp;[0xba][0xa4][0xc5][0xbf][0xfb][0x80][0xd6]Cz[0xb5][0xea][0xef]w[0xee]b[0xed]}[0xc6][0xdd]oO[0xbf]N[0x5][0xab][0xe9]z[0x15]pD[0xa3][0xb9]&apos;|[0xc2][0xa9][0xb][0x9e][0x10]C[0xec][0xdf][0x81]1N[0xf][0x93][\n]&quot;
2013-02-06 13:51:56,869 AAD-WS DEBUG wire:63 - &gt;&gt; &quot;[0x80][0xd2][0xf7]:[0xdc][0xd7][0xde][0x17][0xa0][0x11][0xb5]=[0xc9][0x9b]4[0x8b][0x83][0xd3][0xf]D[0xd3][0x99][0xcf]`[0xe9][0xcc]&apos;[0xf0][0xf][0xbe][0xd3] [0xc9][0x10]i[0xf0]1[0x92][0xb7][0x10]k;[0xbc]%[0x82] [0xe9]l[0xfa][0x0]&lt;[0x93]=D [0xfb][0x11][0xc1]/[0xe8][0xe2][0xf8][0x8e]P)[0xf7][0x83][0xa8]h[0xe5][0x0]J[0xc9]G[0xe4][0xe][0xd1]}[0xc2][0x18]#N[0xf0]8[0xc2]&lt;[0x81]A&gt;[0x89][0x18]Ob[0x82][0xa7][0x90][0xe1][0xd3][0x84][0xb8][0x83][0xe1]v[0x94][0xd9]vZ[0xfd]&gt;[0xc7]![0xc2]m[0x1d]9[0xa1][0xea][0xa1]D[0xc0][0xb3][0xe8][0xe6]9[0xf4][0xf1][0x19][0x82][0x8f][0x90][0x95]c[0x14]}[0xa4][0xd3][0xe8]&quot;[0x84][0x86]^B[0xdf]&amp;[0xba]!x[0xf]u[0xf][0xb2]4WI[0xcf][0x90][0x9e] [0xfb][0x1c][0x86]~[0x3]PK[0x7][0x8]/[0xe0]&apos;[0x83][0xa2][0x2][0x0][0x0][0xd1][0x5][0x0][0x0]PK[0x3][0x4][0x14][0x0][0x8][0x0][0x8][0x0][0xd4]|D5[0x0][0x0][0x0][0x0][0x0][0x0][0x0][0x0][0x0][0x0][0x0][0x0]N[0x0][0x0][0x0]com/sun/java/help/search/HTMLIndexerKit$HTMLParserCallback$FormTagAction.class[0xa5]S[0xdb]n[0xd3]@[0x10]=c&apos;Y[0x92][0xb8]-[0x4][\n]&quot;
2013-02-06 13:51:56,869 AAD-WS DEBUG wire:63 - &gt;&gt; &quot;[0xa8][0xd0]P[0x88][0xa1][0xb9][0x14][0xac][0xbe][0xa1]6[0xa2][\n]&quot;
2013-02-06 13:51:56,870 AAD-WS DEBUG wire:63 - &gt;&gt; &quot;[0x95][0xa2]F[0xa4][0x8])Q[0xdf][0x1d]g[0xd5][0xb8]uldo |[0x16][0xf][0xa8][0x12][0xf]|[0x0][0x1f][0x85][0x98]5-[0x97]F@[0xd4][0xd8][0xd2][0xce][0x9e][0xf5][0x99]sfw[0xc7]_[0xbf]}[0xfe][0x2][0x13]O[0xb1]U@[0xe][0xeb][0x5][0x8][0xac][0xe7]yV[0xd6][0xb3][0x7]z[0xd8][0x10]x(P![0xe4][0xd4][0xc8]O[0xec]m[0x81]&apos;[0x84][0xd2]A[0xff][0xb0][0xfb][0xc6][0x8d][0x13][0x19][0xef][0xbb]A0p[0xbd]S[0x82][0xd5][0x9]C[0xc6][0x81][0x9b]$2!4[0xbb]^4v[0x92]I[0xe8][0x9c][0xb8][0xef]\g$[0x83][0xb7]N&quot;[0xdd][0xd8][0x1b]9:[0xbb][0x13][0xe][0xe5]T[0xc6][0xaf]|e[0xcf][0x8a][0xed][0x12][0xf2][0xbd][0xf][0xa1][0x1a]I[0xe5]{l[0xdd][0xf4]C_[0xbd] [0xec]U[0x17][0x11][0xad][0x1d][0x11]2[0xfb][0xd1]P[0x12]V[0xba]~(_O[0xc6][0x3][0x19][0xf7][0xdd]A[0xc0]+[0xd9]D[0xb9][0xb1][0x12][0xa8][0x12][0xcc][0xbe]{L[0xe8]T[0xbb][0xda]c[0xea]$[0xef][0xfd][0xf0][0xd8]Qr[0xaa][0x9c][0x91][0x1a][0x7][0xa9][0x91][0xcd][0x94][0xdd][0xd9][0xef][0x87][0x13][0xa5][0xd5]ZJ[0xc5][0xfe]`[0xa2]dO[0xaa][0xd4][0xd5][0x94][0xe1][0x90]P[0xf9][0xaf]b[0xed]H[0xa0]F[0x0][0xe1]d[0xa1][0x9d][0xce][0x9d][0xbb][0x9d][0x96]W[0xe8]E[0x93][0xd8][0x93]m_[0x1f][0xc4][0xcd]?)[0xcf][0xb4][0x84][0x85]e[0xac]X[0xb8][0x6][0xcb]B[0x9][0xab][0x16]n[0xe3][0xe][0xe1][0xe0][0xea][0x15][0xda][0xed]([0x1e][0xf3][0x8e][[0x9e][0xf2][0xa3][0x90][0xb0]t[0x9][0xb7][0x17][0x90]~[0x19]D[0xde][0xe9][0x85]P[0xf1]7$P&apos;[0xec]\]Y[0xa0]A([0xff][0xfb][\n]&quot;
2013-02-06 13:51:56,870 AAD-WS DEBUG wire:63 - &gt;&gt; &quot;[0x9][0xb5][0xb9][0xcf][0x9e][0xb0]9&apos;[0x97][0xb0][0xf6]w[l[0xf0][0xf]+[0xa0][0xbb][0xa6][0xa4][0xaf][0x88][0xe3][0x12][0xf4][0x93][0x81][0xa1][0xef][0x8d][0xf1]uF[0x15]F[0x6][0xc7]b[0xbd]q[0x6][0xa3][0xde][0xf8][0x4][0xf3]c[0x9a]t[0x83][0xc7][0x1c]G[0x18][0xcf]S[0x89][0xd5][0x9f][0x9]&amp;[0xbf][0x80][0xa8]7[0xb6][0xce][0x90][0xf9]E.h[0x1d]c[0x7]9[0xa3][0xc9]+[0xdc][\n]&quot;
2013-02-06 13:51:56,870 AAD-WS DEBUG wire:63 - &gt;&gt; &quot;[0xe7][0x9][0x8f][0xce][0x1d]r[0xda]!{[0x99][0xbf][0x87][0xac][0xd1]b[0xb4][0x8c]5[0xc6][0x9a]_[0xe6]h^[0xf0]i[0xb6][0x98][0x1f][0xbb]0p/[0x1d][0xef][0xa3][0xc8][0xb1][0x8e],[0xf2]x[0xcc][0x9a][0xdc][0xa9][0xd8][0xc4]-Fw[0x19]#[0xcd][0xcb][0xa7]5[0x8][0x8e]6[0xe8];PK[0x7][0x8][0xba][0xa7]BG[0xf6][0x1][0x0][0x0][0xdc][0x4][0x0][0x0]PK[0x3][0x4][0x14][0x0][0x8][0x0][0x8][0x0][0xd4]|D5[0x0][0x0][0x0][0x0][0x0][0x0][0x0][0x0][0x0][0x0][0x0][0x0]P[0x0][0x0][0x0]com/sun/java/help/search/HTMLIndexerKit$HTMLParserCallback$ParagraphAction.class[0xa5]T[0xeb]N[0x13]Q[0x10][0xfe][0xce][0xb6]P[V[0xb9][0x9]&quot;&quot;[0xd7][0xca][0xa5][0x5][0x96]KA[0xe5]~[0x91][\n]&quot;
2013-02-06 13:51:56,871 AAD-WS DEBUG wire:63 - &gt;&gt; &quot;[0xd2][0x1a][0x94][\n]&quot;
2013-02-06 13:51:56,871 AAD-WS DEBUG wire:63 - &gt;&gt; &quot;[0x9]&amp;[0xea]v9[0xa1]+eKvO[0x15][0xfa][0x18]&gt;@[0xfd][0xaf][0xd1]@[0xfc][0xe1][0x3][0xf8]P[0xc6][0x99]RDC[0x14]B[0xdb][0xe4][0x9b][0x99][0xdd][0x99]o[0xbe]9[0xe7][0xec][0xf9][0xf1][0xf3][0xdb]w[0xf8]0[0x80][0xe5][0x10]j[0xd0][0x15]D5[0xc2]![0xd4][0xe1]N[0x10]-[0xe8]f[0xe8]a[0xe8]e[0xe8]c[0x88]0D9[0xa5][0x9f]+[0x6][0xd8][0x1b]d08[0x1c][\n]&quot;
2013-02-06 13:51:56,872 AAD-WS DEBUG wire:63 - &gt;&gt; &quot;`8[0x80]Q[0x81]J[0x95][0xb1][0xbd]0[0xf9][0xe3][0x2]u[0xcb][0xa9]db[0xcd]t=[0xe9].[0x9a][0xd9]l[0xda][0xb4]v[0x5][0xf4][0x15][0xc7][0xa1]8kz[0x9e][0xf4][0x4][0xa6][0x12]Vn[0xcf][0xf0][0xf2][0x8e][0xf1][0xda]|c[0x1a][0x19][0x99][0xdd]7&lt;i[0xba]V[0xc6][0xe0][0xea][0x15]g[[0x1e]Hw[0xd5]V[0xe1][0xb3]d[0x93][0x2][0xc1][0xf5]w[0x8e][0xca]He[[0xd4]z[0xca]vl5#0[0xdb][[0xe]i[0xdf][0x86][0x80]1[0xb7]-[0x5][0xaa][0x13][0xb6]#[0x1f][0xe7][0xf7][0xd2][0xd2]M[0x99][0xe9],=[0xa9][0xf0][0x94][0xe9][0xaa][0x0][0xee][0x9][0xf8]R[0xe6][0x8e][0xc0]Jo[0x82]{[0x1c][0x18][0xde][[0xdb][0xd9]1[0x94]&lt;PFF[0xed]e[0x8b][0x8d][0xc2][0x94]2y[0xf6]}2[0xaf][0x98]m^)[0xd7]N[0xe7][0x95]\[0x97][0xaa][0xd8][0xd5]&apos;[0x9d]m[0x81][0xae]s[0x19]97[0xb4][0x9e][0xcb][0xbb][0x96][0x8c][0xdb][0xac][0xaa][0xfe][0xef][0xa9][0x6][0xb9]^[0xc7][\r]4[0xe9][0xa8]E[0x83][0x8e][0xfb][0x98][0xd0]1[0x89])[0x1d][0xd3][0xc]3[0xc][0xb3][0xc]s[0xc][0xf3][0xc][0xb]X[0xd4]q[0xb][0xad]:[0x1e][0xb0][0xb7][0xc4][0xd0][0x86]v[0x81]G[0x97]_[0xca]0[0x85][0xe6][0x8e]k[0xee]g[0xe6]-e[0xe7][0x1c]Z[0xd0]3O[0xe2]e[0xd0]/ds[0xd6][0xee][0x9]Q[0xd5][0x1f]Q[0x0]q[0x81][0x89][0xcb]3[0x7][0xf0]P[0xa0][0xf5][0xff][0xbb]@[`Z[0x96][0xf4][0xbc][0xf0][0xc8][0xd0]P[0xd9]gnK@[[0x1e][0x16]h?o[0xef]9o[0x84]a[0x94]![0xc6]0[0xc6]0~[0xaa]gt[0x88][0x12][0xe6][0xca][0xd2][0xb3][0xc5][0x82]N[0xf8]b[0xcc]w:,[0x5]=[0x17][0xa4][0x16]h[0xfe][0xf7]8[0xe8][0xa0];[0xa7][0x6][0x0]][0x14]|L[0xc9]6[0x82]&gt;[0xf2][0xe8][0xec][0x12][0xde][0xa4][0xa8][0xb][0x1a][0xfd][0x81][0xaa]H[0xf4][0x10]&quot;[0x12][0xfd][\n]&quot;
2013-02-06 13:51:56,872 AAD-WS DEBUG wire:63 - &gt;&gt; &quot;[0xed]S[0xb1][0xa8][0x99][0xb0][0x92],[0xb4]%B:[0xba][0xa5][0x82]&lt;[0x11][0xf8][0xc8]&amp;#_[0xa0][0x1d][0xc1][0xf7][0x1][0xe3][0xd1][0xcf][0xf0][0x17][0xd0]M[0xa6][0xa2][0x80]62[0x95][0x5]4[0x91][0x9][0x14]PK[0xe6]J[0x1]!2[0xc1][0x8f][0xd0][0xb9][0xc6][0x84][0xd0]f$[0xda]H=[0x8f]C}[0xf3][0xb4]e#*[0xa8][0xe5][\n]&quot;
2013-02-06 13:51:56,873 AAD-WS DEBUG wire:63 - &gt;&gt; &quot;bZ[0x12][0xd3][0xda][0x1a][0x16][0xb5]&apos;HhO[0xe9]-}.%[0x9][0xef]K[0x9a][0x9f][0xfd][0x96]0{a[0x9][\r]\[0xe3]+J8v[0xae]n[0xf2][0xe4][0xd7]J[0xd1][0x9f]R[0x9a]i~h[0x1b]$e[0x8b][0xa4]&lt;G\{[0x81]U[0xed]%R[0xda]+j[0xdf]A[0x19][0x1a]:q[0x9d]l&apos;[0xfc][0xb4][0xc8]c[0xa8][0xa7][0xca][0x16][0xdc][0xc5]m[0xf0][0x85]_[0x87][0x11][0x8a]k[0xc8][0xc6] ~[0x1]PK[0x7][0x8][0x9a]ES[0x9b][0xa1][0x2][0x0][0x0][0x11][0x6][0x0][0x0]PK[0x3][0x4][0x14][0x0][0x8][0x0][0x8][0x0][0xd4]|D5[0x0][0x0][0x0][0x0][0x0][0x0][0x0][0x0][0x0][0x0][0x0][0x0]N[0x0][0x0][0x0]com/sun/java/help/search/HTMLIndexerKit$HTMLParserCallback$SpecialAction.class[0xa5]T[O[0x13]Q[0x10][0xfe][0xce][0xd2]v[0xd9]v[0x91][0x9b][0x17]Z-[\n]&quot;
2013-02-06 13:51:56,873 AAD-WS DEBUG wire:77 - &gt;&gt; &quot;T.[0xbd][0xb0][0xa2][0xe2][0x85][0x12]M[0x83][0x17][0x88]K5)1[0xbe][0x9e]n[0x8f][0xed][0x96][0xed][0x96][0xec][0x9e]j[0xfd]Y[0x1a][0xc4][0xe8][0x83][0xf1][0xcd][0xc4][0x1f]e[0x9c]][0x10][0x81]&quot;
2013-02-06 13:51:56,874 AAD-WS DEBUG wire:63 - &gt;&gt; &quot;[0xc6][0x86][0xc0]&gt;[0xcc]mg[0xbe][0x99]sf[0xce][0xfc][0xfa][0xfd][0xed];[0x6]P@1[0x8e]8[0xae]j[0xd0]pMC[0x1a][0x93][0x9]\[0xc7][\r][0x15]S[0x1a]tL[0xc7][0x89][0xcc][0x4]$[0xa3][0xe2][0xa6][0x8a]9[0x86][0x98]l[0xd8]~fIE[0x96]al}k[0xd3]|[0xc5]=_xk[0xdc]q[0xaa][0xdc][0xda]f[0xd0]7\[0x97]t[0x87][0xfb][0xbe][0xf0][0x19]VM[0xab][0xdd]2[0xfc][0x8e]k4[0xf9];n4[0x84][0xb3]c[0xf8][0x82]{V[0xc3][0x8][0xa2]7[0xdc][0x9a][0xe8][\n]&quot;
2013-02-06 13:51:56,874 AAD-WS DEBUG wire:63 - &gt;&gt; &quot;[0xef][0x85]-3[0xbd]`E[0x6][0xad][0xf2][0xc1][0x95][\r]!m[0x8b]R[0xaf][0xda][0xae]-[0x1f]1&lt;[0x9e]?[0xf][0xe8][0xc2]k[0x86][0xc8]Z[0xbb]&amp;[0x18][0x86]M[0xdb][0x15][0xe5]N[0xab]*[0xbc]-^u[0xc8][0x12][0xf5]%[0xf7][0xa4][0x8a]&lt;[0xc3][0xc0][0x16][0xaf]3l[0xcc][0x9b]A[0x8e][0xae][0xe1][0xbf][0xb7][0xdd][0xba]!EW[0x1a][\r][0xd9]r[0xc2]D[0x19]r)[0xf6][0xfe][0xdf][0xec][0xc8][0x0][0xad]$[0xa5]gW;RT[0x84][0xc][0xb3][0xc6]+[0xed][0x8e]g[0x89]gv[0x90]i[0xfc]x[0xa5][0x8b][0x1][0x8a][0x8e]Q[0x8c][0xe9]H`XEA[0x87][0x81][*[0x96]t[0xdc][0xc6][0x1d][0x86][0x91][0xf0][0xa8][0xe][0xa7]$[0x15][0xc2]u[0xeb]:[0xee]bY[0xc7]=[0xdc][0xd7][0xf1][0x0][0x13][0xc][0xeb]g[0xbf][0x94]LeGX6wJ[0x96][0xb4][0xdb].[0xc3][0xd0][0x9][0xfd][0xc9]9[0xa0][0xe9][0x8e][0xfe][0xc2]h[0x87][0xb2][0x8a][0x87][0xc]+gGU[0xb1][0xc2]0[0xd9][0xbf]3[0xc][0x99]&gt;[0xe][0x87][0xdd][0xa1][0xb2][0x8e][0xc8][0x11][0xb3]T~[0xce]0[0xdb][0xaf][0xeb][0x87][0xee]4[0xa0][0xe9][0x1e][0xbf][0xa3]m[0xa7][0xe7]P[0x17][0xf2][0x8][0xfc][0xec][0xfe]8[0xed][0xf7][0xf1]e[0xb5]),[0x1a][0x8d]^[0x13][0xc3] = i[0x92][0x89][0x9e][0x99]y[0xb2][0xf5][0xf4]?[0xc6]k[0xb5][0xf0][0x8c][0xcb][0xa7][0x1b][0xd0]c[0xe1][0xc1]0[0x8e][0x12][0xc0]A[0x97][0x9f]:[0xa2]%\*v[0xee][0x94][\r]aH[0xfd]?&apos;[0xa6]h[0x97][0xc4][0x1]P[0xe5][0xc1]([0x13][0x1f]A[0xf0])$[0xd1]|[0x13][0x1d]&apos;m[0x86]t[0x85]x&quot;[0x9b][0xfb][0x2][0x96][0xcd]}[0x86][0xf2]1[0xc][0xba]H4F[0x1c][0x8a]E[0xf4][0x12]&amp;[0xe][0x2][0xde][0xd0][0xba][0x8a][0x10][0xcf][0xe7]?a[0xe0]+&quot;[\n]&quot;
2013-02-06 13:51:56,874 AAD-WS DEBUG wire:63 - &gt;&gt; &quot;~ Z.[0xfc]$[0x84]]([0xbb][0x88][0x95][0x3][0x9e]+[0xec]A[\r][0x85][0xfc][0x1e][0x6][0xff]![0xa6][0x8][0x13][0xca][[0xc])u[0x8c]*[\r]$[0x95]&amp;[0xa6][0x95]m[0xe4][0x14][0x87][0xca]H[0x86][0xe5][0xa5]p[0x81]x[0x16]QZx[0xb][0x18][0xa2][0xc8][0xcb][0xc8][0xe1][\n]&quot;
2013-02-06 13:51:56,875 AAD-WS DEBUG wire:63 - &gt;&gt; &quot;[0x82][0xe5][0xa8]c[0x96][0xf4]`[0x15][0xce][0x13]O[0x93]}[0x11][0xc9]?PK[0x7][0x8][0x19]  td[0x2][0x0][0x0]E[0x5][0x0][0x0]PK[0x3][0x4][0x14][0x0][0x8][0x0][0x8][0x0][0xd4]|D5[0x0][0x0][0x0][0x0][0x0][0x0][0x0][0x0][0x0][0x0][0x0][0x0]N[0x0][0x0][0x0]com/sun/java/help/search/HTMLIndexerKit$HTMLParserCallback$IsindexAction.class[0xa5]TmO[0x13]A[0x10]~[0xf6]Z8[0xef]8[0xc4][0x16]E[0xac][0xca][[0xf])-p[0xa2]~[0x12][0xa2]![0x5][0xc3][0xc5]VI[0xda][0x98][0xf8][0xf1]z[0xdd][0xd0][0x95][0xeb]]s[0xb7][0x87][0xf5]gi[0xb4]$[0x9a][0xf8][0x3][0xfc]Q[0xc6][0xd9][0x6]5[0xd8]([0x6][0xee][0xc3]3;;;[0xcf][0xcc][0xed][0xcc][0xec][0xb7][0xef][0x9f][0xbf]&quot;[0x83]u&lt;2a[0xe2][0xb6][0x1][0x3]w[0xc][0xcc][0xe0][0xae][0x8e]9[0x13]Y[0xcc][0x9b][0xb0][0xb0][0xa0]`Q[0xc1][0x92][0x8e][0xa2][0x8e]e[0x86]q[0xd9][0x11][0x89][0xbd][0xa9][0xa3][0xc4][0x90][0xdf]o[0xd6]k[0x7]^[0x9c][0xf0][0xb8][0xea][0x5]A[0xcb][0xf3][0x8f][0x18],7[0xc]I[0xf][0xbc]$[0xe1][0x9][0xc3]v[0xcd][0x8f][0xba]N[0x92][0x86][0xce][0x1b][0xef][0xd8]s:&lt;[0xe8]9[0x9][0xf7]b[0xbf][0xe3](o7l[0xf3]&gt;[0x8f][0x9f][0xb]i[0x8f][0x92]m1[0x18][0x8d]w[0xa1][0xec]p)|[\n]&quot;
2013-02-06 13:51:56,875 AAD-WS DEBUG wire:63 - &gt;&gt; &quot;[0xbd]-B![0x9f]0&lt;-][0x86]t[0xf5][0x15]C[0xb6][0x1a][0xb5]9[0xc3]TM[0x84][0xfc]E[0xda]m[0xf1][0xb8][0xe9][0xb5][0x2][0xda][0x19]K[0xa4][0x17]K[0x1d]e[0x86]L[0xd3];dpK5[0x15][0xa3][0xef]$oEx[0xe8]H[0xde][0x97]NGv[0x83]a [0x9b][0x8e]l[0x8d][0xda][0xeb][0xa9]Tl;R[0xc6][0xa2][0x95]J[0xde][0xe0]r[0x18][0xd5]lDi[0xec][0xf3]gBE[0x9a]&gt;[0x9b][0xe9][0x86]b[0xb1][0x90]C[0xde][0xc2][0x4][0xa6],T[0xb0][0xc6]P[0x1c][0xe1]n[0x88]n[0xef],[0xb5]rZ[0xb7][0xb0][0x81]Y[0xb][0x8e][0x82][0xfb][0xd8]d[0xd8][0xbf][0xf8][\r][0xd9]n&quot;[0x94]}[0xc7][0x97]&quot;[\n]&quot;
2013-02-06 13:51:56,876 AAD-WS DEBUG wire:63 - &gt;&gt; &quot;[0x19]&amp;[0xff][0xd0]w/AM[0x17][0xf6][0x93][0xc6][0xf8][0xb5][0xd6][0xf1][0x80][0xe1][0xf1][0xc5]Yu&lt;d[0x98][0xfb]w[0x99][0x18]t[0xb7]~Ps[0xf7]v[0x19][0x16][0xce]+)[0x15][0xbf][0xa4][\n]&quot;
2013-02-06 13:51:56,876 AAD-WS DEBUG wire:63 - &gt;&gt; &quot;f[0xb4][0x82][0xc8]?z[0xd9][0xe3][0x94]n[0xce]k[0xb7][0x1b]=[0xee][0xb]/[0xd8][0xb]x[0x97][0x87][0x92][\n]&quot;
2013-02-06 13:51:56,876 AAD-WS DEBUG wire:63 - &gt;&gt; &quot;:[0xb4]W[0x83]([0xa1][0x82][0x16][0xcf][0xed][0x14]E[0xb9][0xf2][0x9f][0xbf][0xc9]P[0xf8];[0x1b][0x16]i\M[0x0]4[0x83][0xaa][H^[0x83][0xfa]4ZQ[0xb][0x11]N[0x93]V$]#9Q[0xae][0x9c][0x80][0x95]+[0x9f][0xa0][0xbd][0x1f]:]&apos;[0x1c]&apos;[0x9][0xad]Gx[0x3][0xb3][0xa7][0xe].[\r]~[0x86][0xe4]r[0xf9]#[0xb4][0xf][0xc8]|A[0xf6][0xf5][0x9][0xc6][0x6][0x18]W[0x1b][0x95][0xb5][0x1][0xf4]S[0xcb][0x0]W~S[0xe5][0xc9][\r]Z[0x82][0x9c]&amp;Q[0xd0]R[0xd8][0xda]1[0xc5][0xbd]5[0xcc][0xa7][0x80][0xab]$[0x97][0xe8][0x84][0x85][0x15]L[0x92][0xc7][0xc]Vq[0x13][0xea][0xc1][0xb1]`[0x93][0xae][0x9e][0x97]{`?[0x0]PK[0x7][0x8][0x93][0x83][0x2][0xe3]$[0x2][0x0][0x0][0x91][0x4][0x0][0x0]PK[0x3][0x4][0x14][0x0][0x8][0x0][0x8][0x0][0xd4]|D5[0x0][0x0][0x0][0x0][0x0][0x0][0x0][0x0][0x0][0x0][0x0][0x0]/[0x0][0x0][0x0]com/sun/java/help/search/HTMLIndexerKit$1.class;[0xf5]o[0xd7]&gt;[0x6]f[0x6]][0x6]nv[0x6]6v[0x6]NF[0x6][0xae][0xe0][0xfc][0xd2][0xa2][0xe4]T[0xb7][0xcc][0x9c]TF[0x6]a[0x8f][0x10]_[0x1f][0xcf][0xbc][0x94][0xd4][0x8a][0xd4]&quot;[0xef][0xcc][0x12][0xbd][0xac][0xc4][0xb2]Dv[0x6].F[0x6][0xcd][0xe4][0xfc]\[0xfd][0xe2][0xd2]&lt;}[0x90][0x88]~FjN[0x81]~qjbQr[0x86]&gt;[0xaa][0xe][0x15]CF[0x6][0x6]F[0x6][0x1e][0xcf][0xbc][0xbc][0xd4]&quot;[0xe7][0x9c][0xc4][0xe2][0xe2][0xd4]bF[0x6][0x1][0xb0][0xae][0x9c][0xc4][0xbc]t}[0xff][0xa4][0xac][0xd4][0xe4][0x12]F[0x6]u&quot;[\r]dP[0x0][0x1a][0xc7][0xc4][0x0][0x1]L@[0xa7][0x83]H[0x16][0x6][0xe] [0xcd][0x5][0x94]ad`[0x5]I[0x0][0x0]PK[0x7][0x8]wU[0xd8]&apos;[0x97][0x0][0x0][0x0][0xd7][0x0][0x0][0x0]PK[0x3][0x4][0x14][0x0][0x8][0x0][0x8][0x0][0xd4]|D5[0x0][0x0][0x0][0x0][0x0][0x0][0x0][0x0][0x0][0x0][0x0][0x0]M[0x0][0x0][0x0]com/sun/java/help/search/HTMLIndexerKit$HTMLParserCallback$HiddenAction.class[0xa5]U[0xdd]o[0x13]G[0x10][0xff][0xed][0xda][0xf1][0xc5][0xce][0x1][0xf9][0x2][0x9a]P ML[0x12]b[0x87][0x83][0x16]h!)[0xd4]$&amp;1\[0x8c][0x1b][0x9b][0x8f][0xf0]%[0x9d][0xed]U|[0xf4]|[0x8e][0xee][0xd6]4Tj[0xab][0xb6]R[0xb][0xa2][0x12][0x12][0xe2][0x89][0xf7][0xf0][0x94][0x97]Fi[0x10][0xad]T[0xf5][0xad][0x12][0x14]b[0xd6][0x4]7[0xc1]!D`K3[0xbb][0xb3]3[0xbf][0xf9][0xd8][0x99][0xbd][0xe7]/[0xfe][0xfa][0x7][0x1][0xc][0xe3]f[0x4][0x9d]8[0x18]F[0x7][0x86][0xc2][0x88]![0xde]B[0xb2]C[0x1a][0x8c]0v[0xe1]p[0x84][0xc8][0x11]E&gt;[0x8d][0x90][0xc2]g[0x1a][0x8e]F[0x10][0xc1]1[0xa5]x[0xbc][0x19][0x9f][0xb7][0xe0][0xb][0x9c]P[0xc7]&apos;[0xc3][0xe8][0xc1][0x88]&quot;[0xa3][0x8a]|[0xa9][0xe1][0x94][0x86][0xaf][0x18]B[0xb2]d[0xfb][0xd1]#[0x1a][0xc6][0x18][0xda]&apos;sSf[0xc6][0xf2]|[0xe1][0x8d]Y[0x8e][0x93][0xb7][\n]&quot;
2013-02-06 13:51:56,877 AAD-WS DEBUG wire:63 - &gt;&gt; &quot;[0xdf]0[0xe8])[0xd7][0xa5][0xbd]c[0xf9][0xbe][0xf0][0x19]F[0xcd]B[0xa5]l[0xf8]U[0xd7][0xb8]e[0xdd][0xb6][0x8c][0x92]p[0xe6][0xc]_X^[0xa1]d([0xeb][0x94][[0x14][0xf3][0xc2];o[0xcb]h#[0xd8][0x8]C8{[0xc7][0x95]%![0xed][0x2][0xb9][0x1e][0xb5]][[0x9e]b8=[0xf8]![0xa0][0x7]/1[0x4][0xc7]*E[0xc1][0xb0][0xc3][0xb4]][0x91][0xae][0x96][0xf3][0xc2][0xcb]Yy[0x87]$M[0xbe][0xb4]&lt;[0xa9]![0xc9][0x10][0xc8]Y[0xb3][0xc][0xa9]AS[0xf9][0x98]7[0xfc]omw[0xd6][0x90]b^[0x1a]%Yvj[0x8e][0xa2][0xa4]2[0xd2]x&gt;U[0x95][\n]&quot;
2013-02-06 13:51:56,877 AAD-WS DEBUG wire:63 - &gt;&gt; &quot;-![0xa5]g[0xe7][0xab]Rd[0x85][0xac]y[\r][0x8][0xb7][0xc8][0xd0][0xf7]ND[0xa5][0xab][0xd9]~[0xb2]&lt;&apos;[0xef]lI[0xff]*C$[[0xa9]z[0x5]q[0xd6]VYt[0xac][0xaf][0xc2]!e[0xaf]c[0xf]&gt;[0xd6][0xb1][0x13]][0x1a][0xce][0xea][0x98]DJ[0xc3]9[0x1d][0xe7]a2[0xb4][0xd6][0xca][0xe8]X[0x4][0x9f][0xa5][0x98][0xdd]Y[0x1d]SH[0xeb][0xb8][0x80][0x8c][0x8e][0xaf][0xd1][0xab][0xe3][0x0][0xfa])[0x92][0x86]8[0xb2]vyn}[0xa2][0xca][0xcd][0xb4][0x8e],RTe[0xe9]U[0x85][0x86][0x9c][0x8e][0x8b][0xb8][0xa4][0xe3]2[0xa2]:[0xae]`F[0xc7]UE[0xae]a[0x86]a[0xe2][0xfd]/2:i[0x17][0x8b][0xc2]M[0x14][0xa4]]q[0xa9][0xef][0xd6]o[0xc7]?[0x0][0x98]j[0xfa][0x1a]&amp;\_k[0xb8][0xce]p[0xf2][0xfd]Q5[0xdc]`[0xd8][0xb7][0xf9]M2D7Q[0xa8][0x97][0x99][0xc2]Z[0xb3][0xe][0x9a][0x89][0xf4][0x4]C[0xff]f]RW[0xa7][0x91][0xda][0xdb][0xa0][0xb7][0xf6][0xfe][0xa8][0x90][0xb3]B[0xae][0x81][0xef][0xd5]~[0xaf][0xba][0xe3]B[0xfe][0x96](P37[0x8a][0x18][0x9a]i[0xe4][0xa5]I&quot;z[0x18][0xcc]7[0x1b][0x8a][0xce]CV[0xb1]X[0xcb][0xf1][0xd8][0xd6]Fj[0x9d][0xb9][0x1a][0x89]6[0x2][0xc8][0xce][0x89][0x82]m9IG[0x94][0x85]K[0xc1][0x6][0x6][0xd5]I([0x99][0x1e][0xcf]%&amp;6*[0xdf][0x6][0xb3]H)[0x12][0xd2][0x9a][0x14][0x7]6Hq[0x83][0xa4][0xc9]Q[0xd8][0x13][0xe5][0xca]mQK#[0x94][0xc8]d[0xcc]d[0x8e][0xa1][0xe7]][0xe9][0xd0][0xb3][0x92]K[0xe5]LzSB[0xd9][0xb1][0xe9]T[0x86]l[0x6][0xb6][0xd8]H[0xc][0xdd]o[0x7][0xc7]&apos;[0xf4][0x84]w[0x2][0xa0][0x8a][0xab][0xc1]&amp;[0xde][\r][0xf5][0xb][0xd2][0x8a][0xa6][0x9d][0xe8]^[0xda][0xf5][0x81][0xd3][0x1f]h[0x19][0x8a]=[0x5][0x1b][0x8a][0xfd][0x9][0xfe]G[0xcd]h[0x1f][0xd1][0x10]q[0xf0][0xef][0x88][0xee]G[0xef][0xaa][0xc1][0x15][0xfa][0x8c][0x4][0x89][0xc7][0xe3]K[0x8]&lt;C[0x90][0xe3]_4[0xa5][0x87][0xff]#[0x84]e[0xf0]e[0x84][0xd2][0x8a][0xc7][0x86]W[0xa0][0xd5][0x16][0xf1][0x15]4[0xff][0x8f][0xd8]M[0x98][0xe0][0xdf]c[0x1b][0xff][0x1]m[0xfc]Gt[0xf1][0x9f][0xd0][0xcb]F[0x8c][0xff]B[0x1a]}[0x88][0xae]z[0x99]!/[0x1][0xe2][0xc3]*[0xac][0xf0]c[0xec][0xff][0x1b][0x91][0x99][0xa7]h[0x99]&quot;[0xaf]z[0xfb][0xb6]g[0xd8][0x1e]@[0x1d][0xbe][0xb6]X[0xc1][0x8e]7[0xdd][0xfc][0x8a]f[0xfe][0x1b]Z[0xf9]][0xec][0xe1][0xf7][0x10][0xe5][0xf7][0x11][0xe7][0xbf]S[0xb6][0xf4]^[0xad][0xba]9[0xb1][0x9a]}Wl[0x9][0xad][0xb]h#[0xd6][0xb6][0x80][0x8][0xb1][0xf6]&apos;h[\n]&quot;
2013-02-06 13:51:56,878 AAD-WS DEBUG wire:63 - &gt;&gt; &quot;,[0x6][0x17][0xeb][0x90][0xdb]U&lt;[0xfc][0x1]v[0xf2][0x87][0xd8][0xcd][0x1f][0x91][0xd9][0x0]I9[0x6][0xf1][0x11][0xf1]!4[0xd1]w[0xf1][0xc]v[0x93]v[0xf][0xc6][0xa9][0xf8][0xea][0x13][0xbb][0xb][0xa7]i[0xdf]I&lt;A&lt;F[0xf2][0x9]t[0xbd][0x4]PK[0x7][0x8]z[0xae][0x82][0xa3][0x88][0x3][0x0][0x0][0x8b][0x7][0x0][0x0]PK[0x3][0x4][0x14][0x0][0x8][0x0][0x8][0x0][0xd4]|D5[0x0][0x0][0x0][0x0][0x0][0x0][0x0][0x0][0x0][0x0][0x0][0x0]K[0x0][0x0][0x0]com/sun/java/help/search/HTMLIndexerKit$HTMLParserCallback$MetaAction.class[0xa5]S[0xcb]n[0xd3]@[0x14]=[0xd7]Nb[0x92][0x1a][\n]&quot;
2013-02-06 13:51:56,878 AAD-WS DEBUG wire:63 - &gt;&gt; &quot;[0x94]g[0x80]R[0x1a]#[0xda][0x4][0xb0][0xd8][0xd2][\n]&quot;
2013-02-06 13:51:56,878 AAD-WS DEBUG wire:63 - &gt;&gt; &quot;TU[0x85]F$[0x15]R&quot;[0x16][0xec]&amp;[0xce][0xa8][0x19]p&amp;[0x95]g[0xc][0xe9][0xdf][0xb0][0x0][0x89][0x5][0x1b][0x16][0xa8][0x12][0xb]&gt;[0x80][0x8f]B[0xdc][0xb1]x[0x14]*[0x1e]jmy[0xee]k[0xce]9[0xd7]w[0xec][0xcf]_&gt;~[0x82][0x8f][[0xb8]^C[0x19][0x17][0xaa]([0xe1][0xa2][0xf3][0xea][0x1].[0x5][0xb8]B[0xa8][0xd8][0x91]2[0xd1][0x9d][0x0][0xb][0x84][0xd3][0x9b][0xfd]n[0xe7][0xb1][0xc8][0x8c][0xcc][0xd6]E[0x9a][0xe]D[0xf2][0x9c][0x10][0xb6][0xb5][0xe6]8[0x15][0xc6]HCX[0xed]$[0x93]qlr[0x1d]?[0x13]/D&lt;[0x92][0xe9]Nl[0xa4][0xc8][0x92]Q[0xec][0xd0]m=[0x94]S[0x99]=R6:H[0xb6]B[0xa8][0xf6]v[0xb5][0x1d]I[0xab][0x12][0x96]^UZ[0xd9]{[0x84][0xfb]KG!]~B([0xad]O[0x86][0x92]0[0xdb]QZn[0xe5][0xe3][0x81][0xcc][0xfa]b[0x90]r[0xa6]l[0xac][0xc8]l[0x80]E[0x82][0xdf][0x17][0xdb][0x84][0xf6]R[0xc7]iLc[0xf3]R[0xe9][0xed][0xd8][0xca][0xa9][0x8d]Gv[0x9c][0x16]B[0x11]oY9X[0xef][0xe6][0xd6][0xb1][0xad]Y[0x9b][0xa9]AneO[0xda]B5Pfc[0xbc]cw[0x9][0x8d][0xb2].?%[0xd4]z[0x93]&lt;K[0xe4][0x3][0xe5]:[0x9b][0xfb][0xf5][0xcd]n;|[0x88][0x10][0xc7]CTP[0xb]q[0x12]s[0x84][0x8d][0xc3][0xcf]%[0xea]J+[0xd6][0x12][0xab]&amp;[0x9a][0x95][0xf7][0x7][0xf][0x8f]@[0xba][0xa9][0x86]C[0xa9][0xbf]3[0x85][0xfb][0xc3][0x0][\r][0xc2][0xdd][0xc3]s[0x7][0x88][0x8][0xf3][0x1f]#[0xe1][0xc6][\n]&quot;
2013-02-06 13:51:56,879 AAD-WS DEBUG wire:63 - &gt;&gt; &quot;[0x10][0xea][0xa6][0xc2][0x2][0xff][0x7]e[0x0][0xfc][0xcd][0xbb]i[0xb3][0x9d][0x81][0xbb]|~[0xf8][0x8]8&gt;[0xc1]^[0x3][0x1e][0xdf][0xc0]L[0xb3][0xb5][0x7]j[0xb6]&gt;[0xc0]{_[0x80]fy[0xad][0xb0][0x85][0xf7][0x8a]W&gt;[0xa9][0x1f][0x0][0xbf][0xa0][0x8][0x9a][0xad][0x9b]{[0xf0]n[0xae]9[0x1e][0xef]5*[0xde][0x1b][0xf6][0xce][0xe0][0xec]7@[0x9d][0xad]S[0xf0]J[0xef]~#~[0xcb][0xf9]s[0xae][0x82][0xf3][0xa8][0xb2]][0xe4][0x8e][0x3]\[0xc5]1[0xae][0x9e][0xc2]5[0xee][0xbb]Zd.s[0xad][0xcc]v[0x1e][0xf4][0x15]PK[0x7][0x8]U[0xaa][0xed][0x1b][0xcd][0x1][0x0][0x0][0xec][0x3][0x0][0x0]PK[0x3][0x4][0x14][0x0][0x8][0x0][0x8][0x0][0xd4]|D5[0x0][0x0][0x0][0x0][0x0][0x0][0x0][0x0][0x0][0x0][0x0][0x0]K[0x0][0x0][0x0]com/sun/java/help/search/HTMLIndexerKit$HTMLParserCallback$HeadAction.class[0xa5][0x94][0xef]O[0xd3]@[0x18][0xc7][0xbf][0xd7][0x8e][0x95]u[0x95]M[0x11]TTDWe[0xeb][0x80][0xa2][0x89][0xbc][0x10][0xa2]&quot;[0x91][0xb0]8[0x8c][0xc9][0x16]Mxw[0xeb].[0xac][0xd2]u[0xa6]w[0xd3][0xf9]g[0x99][0xa8]CL[0x88][0xbe][0xf5][0x8f]2&gt;[0x87]3[0xa0]D%[0xac]M{[0xcf][0xf3][0xdc]}?[0xcf][0xfd][0xfe][0xf6]}o[0x1f]&amp;[0xe6][0xb1]`c[0x14][0x97]3[0xb0]p[0xc5][0x86][0x8d][0xab][0xda][0x9d][0xd6][0xd6]5m[0xcd]X[0xb8]n[0xa1][0xc0][0x90]V[0xad]P[0xba][0xb7]-[0xdc]b8[0xb7]Q[0xdf][0xac]&gt;[0xe3][0x89][0x14][0xc9][0x1a][0x8f][0xa2][0x6][0xf]v[0x18][0x9c]J[0x1c][0x93][0x1f]q)[0x85]dX[0xa9][0x6][0x9d][0xb6]/[0xbb][0xb1][0xff][0x92][0xbf][0xe6]~KD[0xaf]|)x[0x12][0xb4]|[0xad][0xae][0xc4]M[0xd1][0x13][0xc9][0x93]P[0xb9][0xc7]a[0xcb][0xc][0x99][0xda][0xdb]X[0xb5][0x84][\n]&quot;
2013-02-06 13:51:56,881 AAD-WS DEBUG wire:63 - &gt;&gt; &quot;[0x3]J[0xbd][0x12][0xc6][0xa1][0xba][0xcf][0xf0][0xa0]8[0xc][0xb4][0xf4][0x9c]![0xb5][0xd6]i[\n]&quot;
2013-02-06 13:51:56,881 AAD-WS DEBUG wire:63 - &gt;&gt; &quot;[0x86]\5[0x8c][0xc5][0xd3]n[0xbb]![0x92]:oD[0x14][0x19][0x91][0x8a]&apos;[0xca]B[0x91][0xc1][0xac][0xf3]m[0x86]J[0xb1][0xaa]s[0xf4]|[0xf9]&amp;[0x8c][0xb7]}%z[0xca]o[0xa9]vt[0x90][0xc8][0xa5]&amp;[0xcb][0xc7][0xeb]7[0xbb]J[0xd3]V[0x95]J[0xc2]FW[0x89][0x9a]P[0x7]YM[0x11]7[0x19][\n]&quot;
2013-02-06 13:51:56,881 AAD-WS DEBUG wire:77 - &gt;&gt; &quot;[0xff]%[0xea][0xb6]v[0xad][0xd3]M[0x2][0xb1][0x1e][0xea]^[0x8d][0xff]&gt;[0xaa][0x5][0xad]w[0x90]C[0xde]A[0x6]g[0x1c][0x94][0xe0]9[0x18][0xc7][0xa4][0x83][0xb2][0xb6].[0xe0]&quot;[0xc3][0xe3][0xd3]O[0x91][0xbb]!xs5Pa&apos;[0xa6][0x8e][0x1c]u[0xd6][0x87][0x80]&gt;[0x8a]:[0xc1][0xce]/P[0xf6][0x88]ga[0x8e][0xe1][0xde][0xe9][0xc9][0x16][0xe6][0x19][0xa6][0xff]=[0xa7]4[0xe][0x1e][0x4]BJ[0xf7][0xee][0xe2][0x1d][0x86][0x87]C[0xed][0xa0][0xad][0xd2][0xd6]!oI[0xf3]fOHc[0x98][0xfa]{?1C[0x87]o[0x14][0x0][0x9d],[0xbd][0xae]T[0x8e]A?&amp;}[0xb4][0xd8][0xe4][0x9f]%[0xab][0x0][0x83]^ [0xeb][0x95][0xfb]`^[0xf9][0x3][0x8c]w[0x3][0x11][0x90][0xa6][0x12][0xc6]G[0xfa][0xd3]v[0x18][0x8][0x16][0x9][0xa0][0x11]y[0xef]=[0x8c][0xd4].[0xcc][0x17]^y[0xae][0x8f][0xd4][0xa1]jL[0xd7][0x1b][0x9f][0x90]1[0xf6][0x90]3&gt;S[0x94][0xb6][0xd0]@[0xbd]Du:[0xdd][0xa4]V[0xeb][0xcf][0xdc][0xc5][0xc8]OH[0x1f][0xe9]?[0x19][0xfb][0xc8][0x1b]_0a|%[0xcd]%[0x8a][0x1a][0x98][0x82]C[0xe5][\r][0xa4][0xe8]*[0xb9][0x89],[0xb5]&gt;[0x8f]YL@[0xdf]46[0xc5]AC[0xb6][0xe1][0x82][0xfd][0x0]PK[0x7][0x8][0x9b]l[0x8f][0xbc][0xc][0x2][0x0][0x0][0x8a][0x4][0x0][0x0]PK[0x3][0x4][0x14][0x0][0x8][0x0][0x8][0x0][0xd4]|D5[0x0][0x0][0x0][0x0][0x0][0x0][0x0][0x0][0x0][0x0][0x0][0x0]K[0x0][0x0][0x0]com/sun/java/help/search/HTMLIndexerKit$HTMLParserCallback$LinkAction.class[0xa5]R]O[0x13]A[0x14]=wK[0xbb][0xb6],&quot;[0xa2][0xc8][0x97][0x88][0xd0]Dl[0xd5][0x8d][0xaf]@ [0x84](4[0x16]C[0xd2][0xc6][0xf7][0xe9]v[0xc2][0xe]l[0xa7]dg[0x16][0xeb][0xcf][0xf2][0xc1][0x90][0xf8][0xe0][0xf][0x80][0x7][0xf8]E[0x86];[0x9b][0xf0]a[0x88][0xc6][0xc0]Nv[0xee]=w[0xee]=[0xe7][0xce][0xc7][0xc9][0xef][0x9f][0xbf]P[0xc0][,VP[0xc4]D[0x19]Cx[0xe6][0xbc]I[0x1f]S&gt;f[0x8]%[0x1b]+S}[0xef]c[0x8e][0xf0]x[0xbb][0xbd][0xd3][0xdc][0x15][0xa9][0x91][0xe9][0xa6]H[0x92][0x8e][0x88][0xe][0x8]ACk[0xc6][0x89]0F[0x1a][0xc2]j3[0xea][0xf7]B[0x93][0xe9]p_[0x1c][0x89]0[0x96][0xc9]ah[0xa4]H[0xa3]8t[0xd5][\r][0xdd][0x95][0x3][0x99]~R[0xb6]z[0x9b]l[0x85]Pn}[0xd3]6[0x96]VE,[0xbd][0xaa][0xb4][0xb2]k[0x84][0xf5][0xa5][0xfb][0x90][0xbe][0xfe]B[0x18][0xda][0xec]w%a[0xb4][0xa9][0xb4][0xfc][0x9c][0xf5]:2m[0x8b]N[0xc2][0x91][0xa2][0xb1]&quot;[0xb5]&gt;[0xe6][0x9][0x85][0xb6][0xd8]#4[0x96][0x9a]Nc[0x10][0x9a][0xaf]J[0xef][0x85]V[0xe]l[0x18][0xdb]^[0x92][0xb]U9e[0xe5][0xf6][0xfa]Nf[0x1d][0xdb][0x86][0xb5][0xa9][0xea]dV[0xb6][0xa4][0xcd]&quot;
2013-02-06 13:51:56,882 AAD-WS DEBUG wire:63 - &gt;&gt; &quot;U+[0xad]~[0x96]F[0xf2][0xa3]rJ[0xe3]v[0xfa][0xce][0xb1][0x4][0x8]0[0x12][0xa0][0x84]J[0x80]G[0x18]&apos;|[0xb8][0xfb]&gt;[0xab][0xbc][0xb7][0x83][0x8d][0xc8][0xaa][0xbe]f[0xe5][0x9b]`[0xeb][0x1e][0xa4][0xdb][0xaa][0xdb][0x95][0xfa][0x92])[0xb8][0x9]}[0xbc]$,[0xdf][0x9d][0xdb][0xc7][0x2]a[0xee][0xdf][0x87]Mx[0xf5][0x9f][0x2][0x84][0xe9][0xbf]Sa[0x9e][0xdf]u[0x11][0x0][0xbf]aw[0xda]l[0x87][0xe1]&gt;[0x8f][0xbe][0x2][0xc6][0xf][0xd9][d[0xec]&quot;[0xc3][0xb5][0xfa]1[0xa8]V[0xff][0x1][0xef]{^4[0xca]s[0x89]-[0xbc]S[0x9e][0xf9][0xa6][0xae][\n]&quot;
2013-02-06 13:51:56,883 AAD-WS DEBUG wire:63 - &gt;&gt; &quot;[\n]&quot;
2013-02-06 13:51:56,883 AAD-WS DEBUG wire:63 - &gt;&gt; &quot;&lt;[0x0][0xbf]Vs[0x8c][0xc2]ur[0xc5][0xf1]xg(y[0xe7][0xec]=[0xc9][0x95][0x9e][0xa2][0xcc]v[0x81];[0xf1][0xf1][0x1c][0xf]8s[0xc]/[0xb8][0x9f]r[0x1e][0x99][0xe6][0xb5]&quot;[0xdb]Y[0xd0][0x5]PK[0x7][0x8][0xaf][0xab][0xce][0x1a][0xab][0x1][0x0][0x0][0x94][0x3][0x0][0x0]PK[0x3][0x4][0x14][0x0][0x8][0x0][0x8][0x0][0xd4]|D5[0x0][0x0][0x0][0x0][0x0][0x0][0x0][0x0][0x0][0x0][0x0][0x0]J[0x0][0x0][0x0]com/sun/java/help/search/HTMLIndexerKit$HTMLParserCallback$MapAction.class[0xa5]RMK[0x3]1[0x10]}Y[0xd7][0xae][W[0xab][0xad][0x9f]=[0x9][0x16][0xd4][0x16]][0xbc]jQ[0xa4]&quot;[0x16][[0x11]Z[0xbc][0xa7][0xdb][0xd0][0x8d]n[0xb3]e[0xb3][0x15][0xfd]Y[0x1e]D[0xf0][0xe0][0xf][0xf0][0xf][0xf8]o[0xc4]I[0xf]E[0xf1]&quot;-[0x81][0xbc][0xf7]&amp;3o[0x92]0[0x1f]_o[0xef][0x98][0xc1]&gt;[0x8a]Y[0xd8]Xv[0x89][0xe7][0x1d][0x14][0x1c][0xac]2d[0xd2]P[0xea][0xd2][0xa1][0x83][\r][0x86][0xfc]e[0xbb][0xd9][0xb8][0xe1][0x89][0x16]I[0x8d]GQ[0x87][0x7][0xf7][0xc]^])[0xd2][0x11][0xd7]Zh[0x86]j#[0x88][0xfb][0xbe][0x1e]*[0xff][0x8e]?p?[0x14][0xd1][0xc0][0xd7][0x82]&apos;A[0xe8][0x9b][0xea][0xba][0xea][0x8a]G[0x91]\[0xc9][0xb4][0xf4][0xd7][0xec][0x98][0xc1]m=[0xa9]4[0x14][0xa9][0xc][0xa8]uU*[0x99][0x9e]0[0x9c][0xee]Nc[0xba]w[0xcb]`[0xd7][0xe2][0xae]`[0xc8]5[0xa4][0x12][0xd7][0xc3]~G$m[0xde][0x89]([0x92]m[0xc5][0xc3]$[0x10][0x17][0xd2][0x88][0xc2]o[0xb3][0x3][0xd3][0xcc][0xc3]&lt;&lt;[0xf][0xb3]p[0x19][0xce]&apos;[0xbf]E[0xa9][0xc9][0x7]gA*cEo[0xfc][0xc1][0xa7][0xb1]l[0xf3][0xde][0xd8]r[0xcc][0x1d]l2[0x1c]M[0xee][0xca][0xb0][0xf3][0xcf]bl[0xd1][0x9c][0xd8][0x0]h0[0xcc][0xff][0x10]f[0x81][0x91][0x86][0xf9]4[0xc2][0x5]b[0xdb][0xb0]hQ[0xa4]\y[0x5]+W^`=[0x8f][0x92][0x16]i[0xcf][0x98]d[0xeb][0x93][0x12]r[0xa4],,a[0x8e][0xb0]H[0xc6][0x19][0xac][0xc3][0xa1]S[0xc3]V(f[0x13][0xae][0x81]}[0x3]PK[0x7][0x8][0xf9]U[0xd5][0xbc];[0x1][0x0][0x0][0xab][0x2][0x0][0x0]PK[0x3][0x4][0x14][0x0][0x8][0x0][0x8][0x0][0xd4]|D5[0x0][0x0][0x0][0x0][0x0][0x0][0x0][0x0][0x0][0x0][0x0][0x0]K[0x0][0x0][0x0]com/sun/java/help/search/HTMLIndexerKit$HTMLParserCallback$AreaAction.class[0xa5]RMK[0xc3]@[0x10]}[0x1b]ccj[0xb4][0xda][0xfa][0xd9][0x93]`Am[0xd1][0xe0]U[0x8b]R[0xaa]b[0xb1][0x8a][0xd0][0xe2]}[0x9b].[0xcd]j[0xba][0x91][0xdd]T[0xf4]gy[0x10][0xc1][0x83]?[0xc0]_[0xe1]/[0x11]&apos;[0x5]E[0xf1]&quot;-[0xb][0xfb][0xde][0x9b][0x9d]y[0xb3][0xc][0xf3][0xf6][0xf1][0xf2][0x8a][0x9]l[0xa3][0x98][0x85][0x8d]y[0x97]x[0xde]A[0xc1][0xc1]&quot;C&amp;[0x9][0xa5])[0xed]:Xa[0xc8][0x9f][0xb6][0xcf][0x9b][0x97]\[0x1b][0xa1][0xeb]&lt;[0x8a]:&lt;[0xb8]a[0xf0][0x1a]J[0x91][0x8e][0xb8]1[0xc2]0T[0x9b]A[0xdc][0xf7][0xcd]@[0xf9][0xd7][0xfc][0x8e][0xfb][0xa1][0x88]n}#[0xb8][0xe]B?[0xad]n[0xa8][0xae][0xb8][0x17][0xfa]L&amp;[0xa5][0xbf]f[0xfb][0xc]n[0xeb]A%[0xa1]Hd@[0xad][0xab]R[0xc9][0xe4][0x80][0xe1]ps[0x1c][0xd3][0xad]+[0x6][0xbb][0x1e]w[0x5]C[0xae])[0x95][0xb8][0x18][0xf4];B[0xb7]y&apos;[0xa2]H[0xb6][0x15][0xf]t Nd*[\n]&quot;
2013-02-06 13:51:56,884 AAD-WS DEBUG wire:63 - &gt;&gt; &quot;[0xbf][0xcd]v[0xd2]f[0x1e][0xa6][0xe1]y[0x98][0x84][0xcb]p&lt;[0xfa]/J5-x-Hd[0xac][0xa8][0xe9]Oq4[0x86]i[0x9b][0xf7][0xbe]l[0xdc]o[0xee]`[0x95]aotW[0x86][0x8d][0x16]c[0x8d]6[0xc5][0x6]@[0xab][0x91]N[0x88]0[0xb][0xc]5[0xd2][0xb1][0x11][0xce][0x10][[0x87]E[0x87]&quot;[0xe5][0xca]3X[0xb9][0xf2][0x4][0xeb]q[0x98]4Kw&amp;M[0xb6][0xde])!G[0xca][0xc2][0x1c][0xa6][0x8][0x8b]d[0x9c][0xc1]2[0x1c]zM[0xd9][0x2][0xc5]l[0xc2]%[0xb0]OPK[0x7][0x8][0x80][0xc8])[0xab]&lt;[0x1][0x0][0x0][0xad][0x2][0x0][0x0]PK[0x3][0x4][0x14][0x0][0x8][0x0][0x8][0x0][0xd4]|D5[0x0][0x0][0x0][0x0][0x0][0x0][0x0][0x0][0x0][0x0][0x0][0x0]L[0x0][0x0][0x0]com/sun/java/help/search/HTMLIndexerKit$HTMLParserCallback$StyleAction.class[0xa5][0x94]mk[0x13]A[0x10][0xc7][0xff][0xbb][0x97][0xe6][0x9a][0xcb][0x99]h[0xe3]S[0xa3][0xd6][0xda][0x9c]6M[0xda]^[0x14][0xf4][0x85]-U[0xa9][0x14][0x83][0xa9][0x14][0x12][0x14][0xfa][0xee]rY[0x9a][0xd3][0xcb]En7[0x9a]~[0x14]?[0x86][0xa0][0xa4][0xf8][0xc2][0xf][0xe0]7[0x11][0x14][0x5][0xf5][0xad]8[[0xa3][0xa1][0x14][0x1f]h[0xee][0xb8][0xdd][0x99][0xd9][0x99][0xdf][0xec],[0xb3][0xf7][0xee][0xfb][0x9b][0xb7]0[0xb0][0x4][0xd7][0xc2]$[0xce][0xa5]`[0xe2][0xbc][0x5][0xb][0x17][0xf4]0[0xa3]m[0x17][0xf5]0k[0xe2][0x92][0x89][0x2]CR[0xb5][0x3][0xe9]\5q[0x85]a[0xea]^c[0xb3][0xb6][0xe5][0xc5]R[0xc4][0xeb]^[0x18]6=[0xff][0x9][0x83]][0x8d]&quot;[0xd2]COJ![0x19]Vk~[0xb7][0xe3][0xca]^[0xe4]&gt;[0xf6][0x9e]yn[[0x84]O])[0xbc][0xd8]o[0xbb]:[0xba][0x1a][0xb5]D_[0xc4][0xf7][0x3][0xe5][0x1c][0x86][0xad]0[0xa4][0xea][0xbb][0x91]j[0xb][0x15][0xf8][0x94]z5[0x88][0x2][0xb5][0xc6]p[0xab]8[0xe]t[0xe1]!Cb[0xbd][0xdb][0x12][0xc][0xd9]Z[0x10][0x89][0x7][0xbd]NS[0xc4][\r][0xaf][0x19][0x92]eB*/V&amp;[0x8a][0xc]F[0xc3][0xdb]a[0xa8][0x16]k:G[0xdf][0x95][0xcf][0x83]h[0xc7]U[0xa2][0xaf][0xdc][0xb6][0xea][0x84][0xfb][0x89][0x1c]rY9[0xbc][0xbe][0xd9]S[0x9a]vG[0xa9]8h[0xf6][0x94][0xa8][0xb][0xb5][0x9f][0xd5][0x10]Q[0x8b][0xa1][0xf0]O[0xa2][0xf6][0xb5][0xea][0xdd]^[0xec][0x8b][0x8d]@[0xef]*w[0xb0][0xaa]e[0x1d]o#[0x8b][0xe3]6R8fc[0x1]%[0x1b]e,[0xda][0xc8][0xe1][0xb4][0x8d]38[0xcb][0xb0]q[0xf4]#r[0xea]j[0x97][0xb6][0xef][0xab][0xa0][0x1b]1[0xa4][0xf]hw[0xc7][0xc0]Rm[0xbf]0[0xa9][0xdf][0xb2][0x89]%[0x86][0x9b]G[0xa7][0x9a]Xf[0x98][0xf9][0xfb][0x89][0xd2]qz[0xbe]/[0xa4]t[0xae]W*c[0xf7][0xcf][0xf6][0x8]w[0xa3]r[0x8d][0xe1][0xf6]X[0xb8]m[0xcd][0x9b][0xff]O[0x0]C[0xfe][0xcf][0x95]b[0x96].[0xef]$[0x0][0xba][0x99][0xba]/h[0xce]@?[0x6]}[0xd4],[0xa4][0x9f] [0xa9][0x0]N/[0x90].[0x95][0x7]`[0xa5][0xf2]k[0xf0][0x97][0xc3]  I3[0xf8]{[0x1a][0xa9][0x93][0x86][0x1]k[0x4][0xd0][0x88]|[0xe9][0x15][0xf8][0x1e][0x8c][0x17][0xb0][0xb5][0x94][0xd8]C[0xe2]Q[0xa9][0xbc]8[0xc0][0xc4](~[\n]&quot;
2013-02-06 13:51:56,884 AAD-WS DEBUG wire:63 - &gt;&gt; &quot;[0x9][0x8a][0xff][0x0][0x8b]D[0x8e][0xc2]4[0xff]L+[0xd4][0x90]C[0x96];L[0x9e][0xd5][0x4][0xe3]&apos;a[0x80][0xe4][0x8][0x90][0xd1][0xa9][0xf8][0x17][0xa4][0xf8]Wd[0xf8]7r[0x9e]&amp;+G[0x1e]6[0xcd]s[0x84][0xb7]p[0x19]i[0xf2]&gt;[0x89]y[0x9c][0x82][0xfe]aYd[0x7]Un[0xc1][0x1][0xfb][0x1]PK[0x7][0x8][0xd3]lx[0x84][0x1d][0x2][0x0][0x0][0xd1][0x4][0x0][0x0]PK[0x3][0x4][0x14][0x0][0x8][0x0][0x8][0x0][0xd4]|D5[0x0][0x0][0x0][0x0][0x0][0x0][0x0][0x0][0x0][0x0][0x0][0x0]J[0x0][0x0][0x0]com/sun/java/help/search/HTMLIndexerKit$HTMLParserCallback$PreAction.class[0xa5]U[s[0xd3]F[0x14][0xfe]Vr[0xa2][0xc8][0x16][0x97][0xc4]\[0xca]%@[0x1a][0x91]8W[0xd1][0xb4][0x81]BR[0xc0]8[0x9]1Q[0x1c][0xb7]6[0x84][0xcb][0x3]#[0xcb];[0xb1]@[0x91]3[0xd2][0x1a][0xd2]g~[0x11][0xc][0x4][0xe8][0x3][0xd3][0xb7][0xce][0xf0][0x8f][0x98]ii[0xcf]*.qp[0x2][0x19]b[0xcf][0xec][0xd9]={[0xce][0xf7][0x9d]s[0xf6][0xec][0xea][0xfd][0xc7]?[0xde]A[0xc5][0x18][0x1e]$[0xd1][\r]S[0xc7]a[0x9c]O&quot;[0x8d][0x1]9[0xc][0xea][0xc8]`[0xa8][0xb][0xc3])[0x8c]`TG/[0xc6]t[0x8c][0xc3]J[0xe1][0x2]~[0xd0]0[0xa1][0x93][0xcd][0x8f][0xd2][0xf0]&apos;9L[0xca][0xe1][0xa2][0x86]K[0x1a].3t[0x8a][0x9a][0x17][0x99]d5[0xcd][0xd0]3_^[0xb4][0x8b]N[0x18][0xf1]0[0xe7][0xf8]~[0xc5]q[0x1f]3[0x18][0xf9] [0xa0][0xb5][0xef]D[0x11][0x8f][0x18][0xa6]m[0xb7][0xbe]jE[0x8d][0xc0]z[0xe4]&lt;q[0xac][0x1a][0xf7][0xd7][0xac][0x88];[0xa1][[0xb3][0xa4]w&gt;[0xa8][0xf2]u[0x1e].x[0xc2]l[0x7][0x9b]b[0xd0]K[0xbf][0x7][0xa2][0xc6][0x85][0xe7][0x12][0xf5][0xb4][0x17]x[0xe2]*[0xc3][0xb5][0xcc]~@[0x87][0xee]0$r[0xf5]*g8d{[0x1]/4V+&lt;,;[0x15][0x9f]4[0x1d][0x91]pB[0xa1][0x81]X[0xd4][0xb2][0xb3][0xc2][0x90][0xcf][0xd8][0x92]c[0xdd][0x8a][0x9e]z[0xc1][0x8a]%[0xf8][0xba][0xb0]jb[0xd5][0x8f][0x89]L2[0x99]j[0xdf]_l[0x8][0x89][0x96][0x15]&quot;[0xf4]*[\r][0xc1]K\[0xc4][0xac]*[0xf][0xaa][0xc][0xfd]_E[0x94][0xb6][0xc9]R[0xbd][0x11][0xba]|[0xce][0x93]Q[0xa5][0xb7]g5.[0xfd][\r]|[0x87][0x13][0x6]zp[0xcc][0xc0]5\7[0x90][0xc5]Y[\r]9[0x3][0xb3][0x98]#[0xaa][0xb5][0x90]k[0xb8]i`[0x1e]y[0x3][0xb7][0xb0][0xa0][0xc1]6[0xb0][0x88][0x82][0x86]%[0x3]E[0xfc][0xca]p8[0xae][0x9d][0xef]P[0xc]%[\n]&quot;
2013-02-06 13:51:56,885 AAD-WS DEBUG wire:63 - &gt;&gt; &quot;4X1[0xf0][0x1b]J[0x6][0xca][0xb8]m[0xe0][0xe][0xfa][0xc],[0xa3][0x8f]a[0xe6][0xdb]Km[0x16]C[0x9e]u[0x85]W[0xf][0xe8] [[0xe6]s[0xfb][0x80][0xbc][0xe1][0xd7][0xdd][0xc7][0xff][0x3][0xa5]ZV[0x1a][0xee]2\[0xf9]vd[\r][0xf7][0x18][0xce]|[0xf9]d[0xe8]X[0x1c][0xd7][0xe5]Qd^[0xba]0[0xc1]p}_}x[0xe8]&gt;[0x95][0xa5]&quot;3XZ[0xe3][0x14]?-[0xfb]w[0xe6][0xcf][0x95]J[0xe6][0xa7]n&quot;[0xa7][0x96]yjy&gt;_[0x9e]}X*fs[0xb3][0xc][0xe7]wi[0xad]m[0x0]t[0xad][0xcc][0xbd][0xf4],[0xdd]e[0xa7]Zm[0xe1][0x1a][0xdc][0xec][0xdc][0xcd][0x9e]Y[0xaa]&lt;[0xe2][0xae][0x98]j[0xd7][0xc8][0xee][0xd5][0xf2][0x8b]E;?;[0xc3]p[0xee]k[0xcd][0xbe]S0[[0x16]-[0xec][0x9];[[0xb8][0xc9]0[0xf0]%[0xc0][0xd6][0x1c]{[0xdb][0xec]&gt;Kn[0x85][0x8b][0x16][0xf8][0x81][0x1d][0x92][0x1b]jW1t[0xd1][0xd3]&amp;lR[0xd1][0x3]h~[0x87]h[0xbf][0x93][0x8a][0x16][0xf7][0xca][0xe4][0xde][0x9e][0x8e]m[0xee][0xf1][0xd5][0x8f]{&quot;[0xe7][0xd7]#y[0xd6]!_[0xad]?[0xe1]1[0xe0][0xe0][0x1e][0xbb][0x8d][0xe1][0xe4][0xee][0xc4][0xc]&apos;v[0xed][0x11][0xf4][0xd1]w[0xa2][0x1b][0x0][0xa5]&amp;_[0x16][0x92][0xc7]!*[0xcd][0xe8][0xb9][0xa1][0xf1]$[0xad][0xfa][0xa1][0xd0][0x1f]H[\r][0x8f][0xbc][0x6][0x1b][0x1e]y[0x5][0xe5]y[0xec]t[0x8a][0xc6]N[0x92]P&gt;[0xd0]x[0x1a]g[0x9b][0xe][0xcf][0x8] Ara[0xf8]%[0x94][0xc4][0x1b][0xa8][0xcb]r22[0xba][0x81][0xc4][0xe8][0xb]t[0xf4]t[0xbe][0x85][0xa6]B[0xea]^[0xa0][0xab][0xa9][0xd5][0xdf]&quot;[0xa9][0xe0]O[0xa4][\n]&quot;
2013-02-06 13:51:56,885 AAD-WS DEBUG wire:63 - &gt;&gt; &quot;c[0x11][0x13][0xed][0xbd][0x84]Q[0x88][0xfd][0xc6]6p`[0x8b]p[0x0]:[0x11][0xfe][\r]][0xf9][0x7]=[0xca]G[0xf4]*[0xff]&quot;[0xa3][0x2][0x93]*[0xc3]eUAVM[0xe0][0x96][0xda]A[0xd6][0xe7]([0xbf][0xcd][0x80][0xec]f[0x6]f[0x93]s[0x3][0x7][0xe5]L[0xfd][0x14]ZSA[0xf2][0xd0][0x16][0xd3]1tP)[0xba][0x90]TSH[0xab][0x6]N[0xa9][0x7][0xd0][0xaf][0x1e]$[0xa4][0xef]iW[0xa1][0xba][0x1c]%9A%Hc[\n]&quot;
2013-02-06 13:51:56,886 AAD-WS DEBUG wire:63 - &gt;&gt; &quot;G[0xc8][0xab][0x17][0xbf][0xe0][0xc][0xe4][0xd7]7[0x8d][0x9f]i[0xdd]M[0xf2][\n]&quot;
2013-02-06 13:51:56,886 AAD-WS DEBUG wire:63 - &gt;&gt; &quot;[0xc9][0xc]n`[0x86][0xea]9N[0xfb]$[0xff][0x3]PK[0x7][0x8][0x8c],[\[[0x3][0x0][0x0][0xae][0x7][0x0][0x0]PK[0x3][0x4][0x14][0x0][0x8][0x0][0x8][0x0][0xd4]|D5[0x0][0x0][0x0][0x0][0x0][0x0][0x0][0x0][0x0][0x0][0x0][0x0]P[0x0][0x0][0x0]com/sun/java/help/search/HTMLIndexerKit$HTMLParserCallback$CharacterAction.class[0xa5]TmO[0x13]A[0x10]~[0xb6]Wz\{[0xc8][0x9b][0xa2][0x94][0x97]*[0x94][0x2]-p[0xa2][0xe2][0xb][0xa0][0x86]`T[0xe4][0xa8]&amp;m[0xfc][0xbe][0xbd]n[0xda][0xc3][0xeb][0xd5][0xdc]m[0x11][0x96][0x6]1[0xfa][0xc1][0xf8][0xcd][0xc4][0x1f]e[0x9c]=*/6&quot;[0x81][0xbb]dfwv[0xe6][0x99][0xd9][0x99][0xd9][0xf9][0xf9][0xeb][0xeb]7h[0x98][0xc7][0xc3]$[0x92][0x18]3``[0xdc]@[0x6][0xd7]S[0xb8][0x81][0x9][0x1d][0x93][0x6]Ld[0x93]D[0xa6][0x14][0xc9][0xe9][0x98][0xd6]1[0xcb][0x90][0x90]u7[0xcc].[0xea][0x98]c[0x18]x^[0xde][0xb2]_[0xf1] [0x14][0xc1]:[0xf7][0xbc][\n]&quot;
2013-02-06 13:51:56,886 AAD-WS DEBUG wire:63 - &gt;&gt; &quot;w[0xde]0[0x98][0x1b][0xbe]O{[0x8f][0x87][0xa1][0x8][0x19]Vm[0xa7][0xd9][0xb0][0xc2][0x96]om[0xf3][0x1d]n[0xd5][0x85][0xf7][0xd6][\n]&quot;
2013-02-06 13:51:56,887 AAD-WS DEBUG wire:63 - &gt;&gt; &quot;[0x5][0xf][0x9c][0xba][0xa5][0xac]7[0xfc][0xaa][0xd8][0x15][0xc1][0xa6]+[0xb3][0x9d]`+[0xc]F[0xe9][0xbd]/[0xeb]B[0xba][0xe][0xb9]^u}W&gt;bx&lt;s[0x11][0xd0][0xd9][0xd7][0xc][0xf1][0xf5]fU0[0xf4][0xda][0xae]/[0x8a][0xad]FE[0x4]e^[0xf1]H[0xd2][0x15]J[0x1e]H[0x1d][0xb][0xc]Z[0x99][0xd7][0x18]6fl[0xe5]c[0xd7][\n]&quot;
2013-02-06 13:51:56,887 AAD-WS DEBUG wire:63 - &gt;&gt; &quot;[0xdf][0xb9]~[0xcd][0x92]bWZu[0xd9][0xf0]&quot;GYRY[0xe9]&lt;[0xdf]jI[0x85][0xb6]&amp;e[0xe0]VZR[0x94][0x84][0x8c][0xbc]j[0xc2][0xaf]2L[0xfe][0x17]Q[0xe9]&amp;K[0xcd]V[0xe0][0x88][0xa7][0xae][0x8a]j[0xf0][0xe4][0xad][0x16][0x94][0xbd][0x89]~[0xc][0x98]H[0xa1]W[0x87]eb[0x11][0xb7]t[0xdc]6q[0x7]K[0xc]}QZ&lt;N[0xf0]%[0x8a][0xc1][0xaf][0x99][0xb8][0x8b]{&amp;[0xee][0xe3][0x81][0x89]e[0xa4][0x19]^[0x9c]?[0x81][0xd9][0xf5]:[0xf][0xb8]#E[0xb0][0xe6]H[0xb7][0xe9]S[0x1a];$O.[0x0]O[0x19][0xf8][0x3]c[0x1c][0xae]uP3,[0x9f][0x1f]U[0xc7]*[0xc3][0xf8][0xe9]yg[0xc8][0x9e][0xa2]pXM[\n]&quot;
2013-02-06 13:51:56,888 AAD-WS DEBUG wire:63 - &gt;&gt; &quot;[0xeb][0xd8]:n[0xaf][0x15][0x9f]1[0xe4]N[0xab][0xe9][0xa1]:[0xdd]a[0xac]C[0xef]x[0x9b][0xd0][0xf3][0xa9][0x9]y[0xc]&gt;w[0xd0],[0x7][0xb5]|Y[0xd9][0x16][0xe][0xb5]R[0xa7][0x88][0xa1][0x9b][0x1e][0x9c][0xb4]ID[0xcf][0xd2][0xfe][0xbb][0xfc]t[0x9e][0xe0][0xd5]jt[0xc7][0xa5][0xb3]5[0xf4][0x9]s[0xd5][0x90]F [0x1a][0xcd][0x1d][0x11]aL[0x9f][0xb1][0x10][0xc][0xe9][0xfb][0xa2]9c[0xd0][0xe8][0x1](b[0xd5][0xc6][0xc4][0xfb][0xa0]&gt;[0x8d]V[0xd4][0xdb]D[0x7]i7[0x89][0x18][0xfd]@*_[0xf8][0xc][0x96]/|B[0xec]Cdt[0x99]h[0x82]8[0xb4]~[0xa2]Wp[0xad]m[0xb0]I[0x0]qe8[0xf7][0x11][0xda][0x17][0xc4]c[0xf8][0x8e][0xae][0xe2][0xfc][0xf]B[0xd8]Cl[0xf][0x89][0xa2][0xe2][0x85][0xf9]}[0xe8]G@C[0xe8]&quot;[0xa0]4z[0xb4][0x11][0xf4]k[0xa3][0x18][0xd6][0xc6]1[0xa1]e[0xe8]t[0x18][0xe9]6[0xf0]T;[0x12]#[0xb2][0xdf]G[0xf7][0x91]yR[0x1d]h[0x13][0xe8][0xd6]T[0xb8]#$[0x89]a[0x14][0x97][0x88][0xe7][0x9][0xd8]D[0x1]=[0xa4]9D[0xe3][0xf6]*[0xd4][0xa8]51C{5X[0xf3][0xc4]3$[0xbf][0x89][0xe1][0xdf]PK[0x7][0x8][0x18]t[0xc8][0xef]z[0x2][0x0][0x0][0x93][0x5][0x0][0x0]PK[0x3][0x4][0x14][0x0][0x8][0x0][0x8][0x0][0xd4]|D5[0x0][0x0][0x0][0x0][0x0][0x0][0x0][0x0][0x0][0x0][0x0][0x0]N[0x0][0x0][0x0]com/sun/java/help/search/HTMLIndexerKit$HTMLParserCallback$ConvertAction.class[0xa5]R]K[0x2]A[0x14]=[0xa3][0x9b][0xdb][0xda][0x9a][0xa5]}[0xfa][0x14]$TJ-[0xbd][0x96][0x14]a[0x84][0x92]E[0xa0][0xf4]&gt;[0xae]C;[0xb5][0xce][0xc6][0xec][0xac][0xd4][0xcf][0xea]![0x82][0x1e][0xfa][0x1][0xfd][0xa8][0xe8][0xae]PP[0xbd][0x84]20[0xe7][0x9c];[0xf7][0x9e];\[0xee][0xfb][0xc7][0xeb][0x1b][0xb2][0xd8]E%[0xf][0xb][0x8b][0xe][0xf1][0x92][0x8d][0xb2][0x8d]e[0x86][0x9c][0x9]d\[0xdd][0xb7][0xb1][0xc6]Pj[0xf5].:W\[0xc7]B7y[0x18][0xf6][0xb9][0xc7][0xe0][0xb6][0x95]&quot;[0x1d][0xf2]8[0x16]1C[0xa3][0xe3]GC/N[0x94]w[0xcb]G[0xdc][0xb]Dx[0xef][0xc5][0x82]k?[0xf0][0xd2][0xea][0xb6][0x1a][0x88][0x7][0xa1][0xcf][0xa5][0xa9][0xfe]5;dp[0xba][0x8f][0xca][0x4][0xc2]H[0x9f]Z7[0xa4][0x92][0xe6][0x88][0xe1]x{[0x1a][0xd3][0x9d]k[0x6][0xab][0x19][\r][0x4]C[0xb1]#[0x95][0xb8]L[0x86]}[0xa1]{[0xbc][0x1f]R$[0xdf][0x8d][0x12][0xed][0x8b]3[0x99][0x8a][0xf2]O[0xb3][0xbd][0xb4][0x99][0x8b]9[0xb8].f[0xe0]0[0xb4]&amp;[0xff]E[0xb5][0x19][0xa9][0x91][0xd0][0xe6][0xc4]72R[0xc][0x85]_[0xfa]t[\n]&quot;
2013-02-06 13:51:56,888 AAD-WS DEBUG wire:63 - &gt;&gt; &quot;[0xeb][0x1e][0xbf][0xf9][0xb2]q[0xbe][0xb9][0x8d]u[0x86][0x83][0xc9]][0x19][0xb6][0xfe]Y[0x8c][\r][0xda][0x17][0xb][0x0]-H:&apos;[0xc2]&lt;0[0xd6]H[0x87]GX [0xb6][0x89][0xc][0x1d][0x8a][0xd4][0xea]/`[0xb5][0xfa]32O[0xe3][0xa4]y[0xba]sir[0xd6][0xa3][0x84]&quot;[0xa9][0xc][0x16]0KX![0xe3][0x1c]Va[0xd3]k[0xca][0x96](f[0x11][0xae][0x80]}[0x2]PK[0x7][0x8]V./[0xa4]=[0x1][0x0][0x0][0xb3][0x2][0x0][0x0]PK[0x3][0x4][0x14][0x0][0x8][0x0][0x8][0x0][0xd4]|D5[0x0][0x0][0x0][0x0][0x0][0x0][0x0][0x0][0x0][0x0][0x0][0x0]M[0x0][0x0][0x0]com/sun/java/help/search/HTMLIndexerKit$HTMLParserCallback$AnchorAction.class[0xad]U[0xff]R[0x13]1[0x10][0xfe]B[\n]&quot;
2013-02-06 13:51:56,888 AAD-WS DEBUG wire:63 - &gt;&gt; &quot;[0x7][0xe5][0x4],[0x8][\n]&quot;
2013-02-06 13:51:56,889 AAD-WS DEBUG wire:77 - &gt;&gt; &quot;[0x8a][0x8]UJ)\AE[0xa0][0xfc]*[0x95][0x1f][0x85][0x82]8E[0x1d][0xf1][0xaf][0xe3][0x1a][0xe8]i[0xb9]2w)[0xc2][0xa3][0xf8][0x18][0xce](0[0xea][0xf8][0x0]&gt;[0x94][0xe3][0xa6]e[0xac][0xc][0x88][0xc][0xf5]n.[0x9b][0xdd][0xe4][0xfb]v/[0xd9]l~[0xfc][0xfc][0xf2][0x1d][0x1c][0x3]x[0xee]G[0x0]&quot;
2013-02-06 13:51:56,889 AAD-WS DEBUG wire:63 - &gt;&gt; &quot;[0xf7][0xeb]p[0x1d][0xf][0xfc]hA[0xaf]RC[0xaa][0xd7][0xa7][0x9a][0xb0][0x86]~?4Dj1[0xa0][0xe4][0xa0]2[0x1a][0xaa][0x17]U[0xcd][0x90][0x1f][0xc3]x[0xa8]l[0x8f][0x14][0xee][0xb1][0x86][0x11][\r][0xa3][0xc]52k{[0xc1]![\r][0xe3][0xc][0x81][0xc5][0xf5][0x95][0xd4][0x9a][0xe9]z[0xc2]M[0x98][0xb9][0xdc][0xa6]i[0xbd]c[0xd0][0x93][0x8e]Cz[0xce][0xf4]&lt;[0xe1]1L[0xa4][0xac][0xfc][0x8e][0xe1][0x15][0x1c][0xe3][0xad][0xb9]g[0x1a]Y[0x91][0xdb]5&lt;a[0xba]V[0xd6]P[0xe8][0xa4][0x93][0x11][0xfb][0xc2]][0xb6]e[0xf0],Y[0x8c][0xa1].}[0xe0][0xc8][0xac][0x90][0xb6]E[0xae]&apos;l[0xc7][0x96]S[0xc][0xd3][0xa1]JH[0xfb]^2[0xf8][0x12][0xf9][0x8c]`hL[0xd9][0x8e]X-[0xec]l[\n]&quot;
2013-02-06 13:51:56,890 AAD-WS DEBUG wire:63 - &gt;&gt; &quot;w[0xdd][0xdc][0xcc][0x91][0xa5][0xda][0x93][0xa6]+5L0[0xf0]us[0x9b]![0x19]J)[0x1f][0xfb][0x86][0xf7][0xde]v[0xb6][\r])[0xf6][0xa5][0x91][0x95];[0xb9][0xa2][0xa3] M[0x89][0x9d][0x1d]_)H[0xc5][0x16][0x97][0xd2][0xb5]7[0xb]R[0xa4][0x85],z[0xe5][0xc2][0xc9]0[0xf4][0xfc][0x93]Q[0xcd][0xf5][0xa7][0xf3][0x5][0xd7][0x12][0xf3][0xb6][0x8a][0xaa][0xf9][0xf4]_[\r]*[0xbc][0x8e][h[0xd7][0xd1][0x8c]6[0x1d][0x93][0x98][0xd2]q[0x7]]:[0xa6]1[0xa3]#[0x8e]Y[0x86][0xd6][0xe2][0xd2][0xe4]Lr[0x91][0xa6]8[0x9c][0xed][0xd9][0xc2][0xd6][0x96]p[0x15],[0xc1][0xd0]&amp;vv[0xe5]A[0xdc][0xb1][0xb2]y[0xb7][0xcb]*[0xb8][0xae]p[0xe4]Z[0xde][0x9b][0xd4][0xf1][0x14]s:[0xe6][0xb1][0xa0]z[0x8b]:[0x92]X[0xd2][0xb0][0xac]#[0x85][0x15][0x1d][0xab]x[0xa6][0xe3][0x1e][0xba][0x19][0x16][0xae][0xbe][0x1][0xc1][0x92][0xd7][0xb8]%[0xed][0xbc]C[0xf9]rZ][0xaa][0x80]8[0x91]5][0xd3][0x92][0xe2]7Y[0xe3][0x19][0xcb][0xf8][0xd5][0xe9]5[0xac]1t^[0xbc]u[0xb4]o[0xa6]e[0x9][0xcf][0xb][0x8e]F[0x87][0x19]f*J[0xd4][0x8d][0xbe][0x8d]?[0xf9][0xa2][0x15]&apos;&gt;[0xd1][0xd5][0x9f][0xd0][\r]E[0x15][0xdf]ve|[0x97][0x5][0xd3]9[0xe6]![0x95][0xd4]5[0xe6][0xee]n[0xf1][0xc]DJg[0xe0][0xcf][0xf4]$[0xba][0xf3]36V^[0x84][0xb1][0xff][0xb0][0x8]I[0x86][0x8e]P[0xf2][0x2]g[0xb5]2_[0xb2]0[0xb4][0x84][0xce][0xce][0xa3][0x19][0xbd][0x97][0xf4]_[0xe]|H[0x5]&gt;u[0xe9][0xc0]c[0xe7][0xac][0x8e][0xaa][0x9]f&amp;[0x93][0xc8];[0x92][0xce]*[0x83][0x16]z[0x93]H&amp;[0x95][0xb9][0xfd][0xef]9[0x89].[0xaa][0xfe][0x1][0x0]T[0xac]U[0xa9] y[0x13][0xea][0xe1][0xf4]Q[0xfd] [0xbd][0x83]z=[0xa8][0xa2][0x17][0xa8][0xf][0xf7][0x1f][0x81][0x85][0xfb]?[0xa3][0xea]c[0x11]t[0x9b][0xda][0x1a][0x92][0xe0][0xc3][0xd4]R[0x85]9[0x1]D[0x89]@Q4[0x85]?[0xa1][0xca]w[0xc][0xfe]*[0xdc][0x1f]9[0x82][0xaf][0x8c]jP[0xe3]|[0x4]u|[0x14][0x8d]|[0x8c][0xac]T7N[0xd0]{[0xf0][0x15][0xd1][0xf3][\n]&quot;
2013-02-06 13:51:56,890 AAD-WS DEBUG wire:63 - &gt;&gt; &quot;}[0x8c][0xea][0xf][0x18][0xf3]}[0xab]^[0x89][0xf0][0xa6][0xae][0x17]%S[0xcd]Wh[0xaf][0x8f]P[0x1b][0xa8];[0x84][0xbf]d[0xaa]?[0x84]~[0x88]k[0xc7]hPz[0x84][0xfb][0xe][0xd1][0xa8][0xc2]m*[0xfb][0xec][0xa4]{[0xb]|[0x2]~&gt;[0x83][0x6][0x1e]G3[0x9f][0xc5][0x8]O`[0x86][0xcf]c[0x8e]/[0xd0]/[0xf6][0xd0][0xac]*[0x4][0xd1]J[0xb2][0x9b][0xa2]h[0xa1]K[0xee][0x6][0xa1];[0x11][0xc3]][0xa8][0xab][0xb2][0x5]Oh,@[0x92]b[0xfe][0x5]PK[0x7][0x8][0xad]N9&gt;[0x1][0x3][0x0][0x0]K[0x7][0x0][0x0]PK[0x3][0x4][0x14][0x0][0x8][0x0][0x8][0x0][0xd4]|D5[0x0][0x0][0x0][0x0][0x0][0x0][0x0][0x0][0x0][0x0][0x0][0x0]L[0x0][0x0][0x0]com/sun/java/help/search/HTMLIndexerKit$HTMLParserCallback$TitleAction.class[0xa5]T[o[0xd3]0[0x14][0xfe]\w[\r]iC;6[0xc6]e[0xc0][0xb8][0xb4][0xb0]6[0x5][0xb2][0xf1][0xc8]&amp;.[0x9a]4Vh[0x7][0xa2][0x15]H{sSk5[0xa4].J[0x1c](?[0xb][0x9]T[0xc4][0x3]?[0x80][0x1f][0x85]8.E0&amp;.Z[0x13][0xc5]&apos;[0xe7][0xf2]}[0xc7][0xc7]&gt;[0xf6][0x97][0xaf][0x9f]&gt;[0x83][0xe3][0x6][0xea]y8Xv[0x91][0xc3][0xb9]&lt;\[0x9c][0xb7][0xea][0x5];[0xac]8[0xb8][0xe8][0xe0]2C[0xce][0xf4]URYwPaX[0xd8][0xe9][0xb4][0x9a]OD[0x9c][0xc8]xKDQW[0x84]/[0x19][0xbc][0x86][0xd6][0xa4]G&quot;Id[0xc2][0xb0][0xd9][0xc][0x87][0x83] Iu[0xf0]B[0xbc][0x16]A_F[0xaf][0x82]D[0x8a]8[0xec][0x7][0x16][0xdd][0xd0]=9[0x92][0xf1]#e*[0x87][0xc9]6[0x18][0xdc][0xf6][m[0xfa][0xd2][0xa8][0x90]Ro*[0xad][0xcc][0x1d][0x86][0xbb][0xd5]YHk[0xcf][0x18][0xb2][[0xc3][0x9e]d(5[0x95][0x96][0xbb][0xe9][0xa0]+[0xe3][0x8e][0xe8]Fd[0x99]K[0x8c][0x88][0x8d][0x83]k[0xc][0xbc]#[0xf6][0x19][0x1a][0xd5][0xa6][0xcd]1[\n]&quot;
2013-02-06 13:51:56,891 AAD-WS DEBUG wire:63 - &gt;&gt; &quot;[0x92]7J[0xef][0x7]F[0x8e]L[0xd0]7[0x83]h[0x92][0xa8]B![0x1b][0x87][0xfd][0xad][0xd4]X[0xb6][0xfb][0xc6][0xc4][0xaa][0x9b][0x1a][0xd9][0x96]f[0x92][0x95]K[0xdd]c([0xff][0x93][0xd1][0xc6][0xe6][0xdb][0xc3]4[0xe][0xe5][0xb6][0xb2][0xb3]Z&lt;X[0xd5]M[0x8b][0xf7]PD[0xc9][0xc3]1x[0x1e]VQ[0xf5][0xb0][0x80]%[0xf][0xa7]p[0x9a]a[0xfb][0xe8][0xab]S[0xe9](C3[0xf][0x8d][0x1a]j[0x86][0xc2][0x1][0xed][0xc1][0xc][0xb4];[0xaa][0xd7][0x93][0xfa][0x7][0x93][0xf7][0xab][0xea][0xa0][0xc6]p[0xfb][0xe8][0xdc][0xe]|[0x86][0x95][0xbf]/)[0x95]&quot;[0xc2]P&amp;[0xd4][0xb9][0xeb]k[0xb7][0x18][0xee][0xcd][0xd4]A{[0xb5]=[0x86][0xd5][0xff]$`X[0xfe][0xf3][0xdc]p[0x89][0x8e][0x9a][0x3][0x80][0xe][0x93][0xdd]J[0x92][0xc7]a[0x1f]N[0x1f][0xed]/[0xe9][0xf3][0xf4]WF[0x86]^[0xa0][0xe0][0xd7][0xc7]`~[0xfd][0x3]2[0xef]&amp;[0xa0][0x13]4[0xe6]H[0x82]?[0x9c]P,M[0x1]kD`)[0xe6][0xfd][0xf7][0xc8]d?[0x82]?[0xf7][0xeb][0xd7][0xc7][0xc8][0xfe]D[0x15][0xad][0x9f][0xb7][0xe0][0xf2]][0x94][0xf8]c[0xb2]R[0xeb]L[0xd1][0xc1]4][0xc9][0xa2][0xf9]w[0xf4][0x18]s[0xbf][0x83][0x9f][0x12][0xb8][0x8d]&quot;[0xef]P[0xf0][0x19][0xb2]fp[0x16][0x5][0x92]W[0x90][0xa5][0xbb][0xa3][0x8c]&lt;E/[0xe2]*N[0xc2]^(.[0xd5][\n]&quot;
2013-02-06 13:51:56,891 AAD-WS DEBUG wire:63 - &gt;&gt; &quot;[0xaa][0xd5]%?[0xfb][0x6]PK[0x7][0x8]~[0xe4][0x7]t[0xfc][0x1][0x0][0x0]q[0x4][0x0][0x0]PK[0x3][0x4][0x14][0x0][0x8][0x0][0x8][0x0][0xd4]|D5[0x0][0x0][0x0][0x0][0x0][0x0][0x0][0x0][0x0][0x0][0x0][0x0]K[0x0][0x0][0x0]com/sun/java/help/search/HTMLIndexerKit$HTMLParserCallback$BaseAction.class[0xa5]RMK[0xc3]@[0x10]}[0xdb][0xc6][0xc6][0xd4]h[0xb5][0xf5][0xb3]&apos;[0xc1][0x82][0xda][0xa2][0xc1][0xab][0x16]E[0xab]b[0xb1][0x8a][0xd0][0xa2][0xe7]m[0xba][0x98][0xd5]t#[0xd9]D[0xf4]gy[0x10][0xc1][0x83]?[0xc0][0x1f]%[0xce][0x16][0x14][0xc5][0x8b][0xb4],[0xec]{ov[0xe6][0xcd]2[0xcc][0xfb][0xc7][0xeb][0x1b][0xb2][0xd8]@9[0xf][0xb]3[0xe][0xf1][0xa2][0x8d][0x92][0x8d]9[0x86]\[0x12]H][0xd9][0xb2][0xb1][0xc8]P&lt;[0xe9][0x9c][0xb5].x[0xac]E[0xdc][0xe0]a[0xd8][0xe5][0xfe]-[0x83][0xdb]T[0x8a]t[0xc8][0xb5][0x16][0x9a][0xa1][0xde][0xf2][0xa3][0xbe][0xa7]S[0xe5][0xdd][0xf0]{[0xee][0x5]&quot;[0xbc][0xf3][0xb4][0xe0][0xb1][0x1f]x[0xa6][0xba][0xa9]z[0xe2]A[0xc4][0xa7]2[0xa9][0xfc]5[0xdb]ap[0xda][0x8f]*[0x9]D&quot;}j][0x97]J&amp;[0xbb][0xc]{k[0xa3][0x98][0xae]_2X[0x8d][0xa8]&apos;[0x18][\n]&quot;
2013-02-06 13:51:56,891 AAD-WS DEBUG wire:63 - &gt;&gt; &quot;-[0xa9][0xc4]y[0xda][0xef][0x8a][0xb8][0xc3][0xbb]!E[0xf2][0xed]([0x8d]}q,[0x8d]([0xfd]6[0xdb]4[0xcd]\L[0xc0]u1[0x6][0x87][0xe1]h[0xf8]_T[0xe][0xb8][0x16][0xfb]~&quot;#EM[0x8a][0xc3][0x11]L;[0xfc][0xfa][0xcb][0xc6][0xf9][0xe6]6[0x96][0x18][0xb6][0x87]weX[0xfd]g1[0x96]iS,[0x0][0xb4][0x1a]fB[0x84]y`[0xa0]a[0xc6]F8Il[0x5][0x19]:[0x14][0xa9][0xd6]^[0xc0][0xaa][0xb5]gd[0x9e][0x6]ISt[0xe7]Lr[0xf6][0x8a][0x12][\n]&quot;
2013-02-06 13:51:56,892 AAD-WS DEBUG wire:63 - &gt;&gt; &quot;[0xa4]2[0x98][0xc6]8a[0x99][0x8c]sX[0x80]M[0xaf][0x86][0xcd]R[0xcc]&quot;[0x9c][0x7][0xfb][0x4]PK[0x7][0x8]UY[0x1a]2;[0x1][0x0][0x0][0xad][0x2][0x0][0x0]PK[0x3][0x4][0x14][0x0][0x8][0x0][0x8][0x0][0xd4]|D5[0x0][0x0][0x0][0x0][0x0][0x0][0x0][0x0][0x0][0x0][0x0][0x0]M[0x0][0x0][0x0]com/sun/java/help/search/HTMLIndexerKit$HTMLParserCallback$ObjectAction.class[0xa5]T]o[0x12]A[0x14]=[0xc3][0x14][0xa6]K[0x97]~a[0xfd][0xa8][0x8a](h)[0x94]n[0xfa]j[0x1b][\r][0xa9][0xd1][0x12]A[0x1b]![0xbe][0x99][0xb8],[0x93][0xee][0xb4][0xcb][0xd2][0xec][0xe][0x8a]?H}[0xd6][0xc4]4[0xf1][0xc1][0x1f][0xe0][0x8f]2[0xde]!4[0x8a][0x8d][0xd6][0x94][0xdd][0xec][0xdc][0xb9]w[0xee]9gf[0xee][0xcc]~[0xff][0xf1][0xf5][0x1b]8[0xaa][0xd8]LC`[0xd5]B[\n]&quot;
2013-02-06 13:51:56,892 AAD-WS DEBUG wire:63 - &gt;&gt; &quot;[0xd7]-dq[0xc3][0xb8]7[0xd3][0xc8][0xe1][0x96]@^[0xe0][0xe]CJ[0xfb]*.n[0x9][0xdc]eX[0xde]k7[0x1b][0xfb]n[0x14][0xcb]h[0xd7][\r][0x82][0x8e][0xeb][0x1d]1[0xd8][0xf5]0$?p[0xe3]X[0xc6][0xc];[\r][0xaf][0xdf]s[0xe2]A[0xe8][0x1c][0xba]o\[0xc7][0x97][0xc1][0xb1][0x13]K7[0xf2]|[0xc7][0xa0][0xeb]aW[0xe]e[0xf4]T[0xe9][0xe2]Y[0xb2]m[0x6][0xab][0xf5].[0xd4][0xbe][0xd4][0xca]#[0xe9][0x1d][0x15]*[0xfd][0x80][0xe1]ai[0x1a][0xd2][0xf5][0x97][0xc]3[0xbb][0xfd][0xae]dXh[0xa8]P&gt;[0x1b][0xf4]:2j[0xbb][0x9d][0x80]&quot;[0xc9]X[0xbb][0x91][0x16]Xc[0xe0]m[0xf7][0x80][0xa1]^j[0x18][0x8d][0xa1][0x13][0xbf]U[0xe1][0x81][0xa3][0xe5]P;[0xbe][0xee][0x5]#[0xa1]&quot;[0xa5]l[0x9f][0x1d]o[0xe][0xb4]a[0xab]i[0x1d][0xa9][0xce]@[0xcb][0x96][0xd4]#U.[0xc3].C[0xe1]\F[0x93][0x9b]n[0xf5][0x7][0x91]&apos;[0x1f]+3[0xab][0xec][0xe4][0xaa]6[\r][0xde][0xc6]&lt;[0x16]l[0xcc][0xc2][0xb6]Q[0xc2][0xba][0x8d]e[0xac][0x8][0x94]m\[0xc6][0x15][0x86]&apos;[0x17][0xdf][0xa0][0xe2][0xf3][0xce][0xa1][0xf4]t[0xcd][0xd3][0xaa][0x1f]R=&apos;[0xdd][0xbd])[0x88][[0xc7][0xd2]SnpJ[0x95][0x99][0xf0][0x5]6[0x18][0xee]_[0x9c]][0xa0][0xca][0x90][0xfb][0xf7][0xce]R}[0xf7]k/jM[0x86][0xfc]y5`x4[0xc5]J[0x89][0xe1]t[0x95][0xd6]o[0xfd][0xb5][0xff][0xa4]dX[0xfd][0xfb][0xf4][0x90][0xa7][0xeb])[0x0][0xd0][0x5]4[0xe5]&apos;[0x9b][0x81]y8}t&amp;[0xc8]_[0xa4]^[0x1][0x9]z[0x81][0xb9]r[0xe5][0x4][0xac]\[0xf9][0x82][0xc4][0xa7][0x11]h[0x89][0xda][0x14]Y[0xf0]W#[0x8a][0x95]1`[0x8b][0x8][0xc][0xc5]R[0xe5]3[0xf8][0x7][0xa4]&gt;[0xc2]*W6N0[0xf3][0xb]6o[0x12][0xf8]k[0xa4][0xb9][0x87]E.)J[0x87]m[0xc][0xaf][0x8e][0xf5]2[0x6][0xfe][0x1e][0xb3]F6[0xf9]&apos;[0xd4][0x87][0xe0][\n]&quot;
2013-02-06 13:51:56,893 AAD-WS DEBUG wire:63 - &gt;&gt; &quot;6?[0xa2][0xd4][0xab][0x14]M[0xe0][0x1a][0xe6][0xc8][0x96][0x91][0x84][0x85]&quot;[0xd2][0x94][0x9d][0xc5]=\[0x82][0xf9][0x7]Y[0xb8]Mc[0x82]l[0x81][0xe2]9[0xb2][0x15][0xb0][0x9f]PK[0x7][0x8][0x99]f[0xd5]e[0xb][0x2][0x0][0x0][0xac][0x4][0x0][0x0]PK[0x3][0x4][0x14][0x0][0x8][0x0][0x8][0x0][0xd4]|D5[0x0][0x0][0x0][0x0][0x0][0x0][0x0][0x0][0x0][0x0][0x0][0x0]K[0x0][0x0][0x0]com/sun/java/help/search/HTMLIndexerKit$HTMLParserCallback$FormAction.class[0xa5][0x94][0xdf]O[0x13]A[0x10][0xc7][0xbf][0xdb]-=[0xae]=[0x4]EP[0xab]B[0x81]*[0xb4][0x5][0xe][0xaa][0xbe][0x8]Q[0x1b][0x84][0xb4][0xb1][0xfc][0x88]m[0xd4][0xf0]v[0xbd]n[0xe8][0xe9][0xf5]J[0xee][0xb6][0x80]11&amp;[0x9a][0x98][0x18][0xff][0xe]|[0xd6]h0&gt;[0xf8][0x7][0xf8]G[0x19]g[0x9b][0x12][0xa9]D1[0xf4].[0xd9][0x99][0xd9][0xd9][0xf9][0xcc][0xec][0xde][0xdc][0xfe][0xf8][0xf9][0xed];8fp+[\n]&quot;
2013-02-06 13:51:56,893 AAD-WS DEBUG wire:63 - &gt;&gt; &quot;[0x1d]Wt[0xf4][0xe2][0xaa][0x8e]![0x8c]D[0x11][0xc3][0xa8][0xd2][0x12][0xca]1[0x16][0xc5]8&amp;4$5\g[0x88][0xc8][0x9a][0x13]$[0xe7]5[0xa4][0x18][0xce][0xe5][0xcb][0xab][0xc5][\r][0xcb][0xf][0x84][0xbf]d[0xb9]n[0xc5][0xb2][0x9f]1[0x18][0x5][0xcf]#[0xdb][0xb5][0x82]@[0x4][0xc][0x8b]E[0xbb]Q7[0x83][0xa6]g&gt;[0xb5]v,[0xb3]&amp;[0xdc]m3[0x10][0x96]o[0xd7]L[0x15]][0xf0][0xaa]bO[0xf8][0xf][0x1c][0x99]&lt;[0xe][`[0xd0]K[0xcf]=Y[0x13][0xd2][0xb1])[0xf5][0xa2][0xe3]9[0xf2][0xe][0xc3][0xdd][0xa9]n[0xa0][0xa9]G[0xc][0xe1][0xa5]FU0[0xf4][0x17][0x1d]O[0xac]5[0xeb][0x15][0xe1][0x97][0xad][0x8a]K3=[0x81][0xb4]|[0xa9]![0xc3][0xc0][0xcb][0xd6][0x16]Ca[0xaa][0xa8]r[0xec][0x99][0xc1][0xae][0xe3]m[0x99]R[0xec]I[0xb3]&amp;[0xeb]n+Q[0x92][0x96],[0x1c][0xf7][0xaf]6[0xa5][0xa2][0xe5][0xa4][0xf4][0x9d]JS[0x8a][0x92][0x90][0xad][0xac]\xU[0x86][0x89][0x13][0x89]jm[0xb4][0xd4]h[0xfa][0xb6]XqTU[0x83][0x9d][0xbb][0x9a]U[0xf1][0x6][0x6]p[0xd6]@[0x14]g[0xc]Lc[0xc6][0xc0],L[0x3]sJ;[0x8f][0xb][0x1a][0xe6][\r]\[0xc4]%[0x86][0xe5][0xd3][0x1f]Ur[0xa5][0xe1][0xd7]s[0xb6]t[0x1a][0x1e][0x15]t[0xd4][0xc8]w[0x1]-m[0xb][0xdb][0xb1][0xdc]CT_[0x87][0xad][0xe1][0x6][0xc3][0xed][0xd3][0xd3]5[0xdc]d[0x18][0xf9][0xf7][0xf9]2[0xf4][0x96][0x97][0x9f][0x94]s[0xf][0x97]s[0xc][0x89][0x93]&gt;[0x6]C[0xcc][0xb2]m[0x11]P[0xd3]g[0xe7][0xb2][0xc][0xf7][0xba]j[0xbe][0xcd][0xd4]&amp;5[0xf2][0xfa]F[0xb9][0xb0][0xbe][0xc6]p[0xbf][0x8b]c[0xa4][0xda][0xe][0x8f]P?[0xa2]O[0xfe]&apos;[0x92]![0xfe][0xf7][0x8d]c[0x8c][0xee][0x2][0x1d][0x0][0xfd][0xe3][0xaa][0xc3]H[0xf6]C=[0x9c]4j[0xbb][0xd6]&lt;0[0x81][0x10][0xbd]@,[0x9d]9[0x0]Kg[0xbe] [0xf4][0xb1][0x15]4Hc[0x84]$x[0x83]Fj[0xc7]v@[0x81][0x0][0x9c][0xe4]X[0xe6][0x13][0xf8]&gt;[0x8c][0xf4]g[0x84][0xc2]_[0x11]~Lv[0xcf]&gt;&quot;[0x1f][0xa0][0xa7]3[0xd3][0x7][0x88][0xfc][0xc6][0xc][0xa3][0x87]0;[0xd0][0xf8].[0x6][0xf8][0xb][0xc4][0xf9]K$[0xf8]+[0xf2]Rw[0xb7][0xb1][0xf9]v[0x1d][0x89]#X[0xde][0x81][0xed]U[0x15]jR_[0x13][0xf5][\r]Q[0xdf][0x12][0xf5][0x1d]F[0xf9]{[0xa2][0xc4][0xc9][0x1b][0xc2]e[0xf4][0x91]L[0xd3][0xaa][0x18][0xa6]`P[0xd4][0x10]Y[0xc3]Pwd[0xc][0xd7][0xc8][0xd6]IN[0x92][0x1c]&apos;[0x99][0x5][0xfb][0x5]PK[0x7][0x8][0x1d]$0fX[0x2][0x0][0x0]L[0x5][0x0][0x0]PK[0x3][0x4][0x14][0x0][0x8][0x0][0x8][0x0][0xd4]|D5[0x0][0x0][0x0][0x0][0x0][0x0][0x0][0x0][0x0][0x0][0x0][0x0]@[0x0][0x0][0x0]com/sun/java/help/search/HTMLIndexerKit$HTMLParserCallback.class[0xad]Yy`[0x93][0xe5][0x19][0x9e][0xf7][0xfb][0xda]$_?h)g)G[0xb9][0xdb][0xb4]P[0xca]M9{[0x4][0x1a][0xe8]e[0x13][0x8e][0x82][\n]&quot;
2013-02-06 13:51:56,894 AAD-WS DEBUG wire:63 - &gt;&gt; &quot;[0xa1][0x9]m Mj[0x92][0x16]P[0x11]o[0x14]E[0xdd][0x14][0xb0]x[0xe2]D[0x9c][0xba][0xa9]LZ5[0x8e][0xb9][0xcd][0xa1][0xc3][0xe9][0x9c][0xe][0xdd][0xe5][0xe]E[0xe7][0xb5]9[0xe7][0x81]&apos;[0xee]y[0xbe]/$_[0xda][0x6][0xd8][0xba]?[0xf2]{[0xde][0xe7][0xfd][0xde][0xf7][0xb9][0xde][0xe7]=s[0xf4][0xe4][0x93][0x87]A[0x82][0x89][0xe2][0xe][0xb][0x1c]C[0x7][0x83][0x93]a[0x19][0xc3]r[0x86][0x15][0xc]+[0x19][0xea][0x19]V1[0xac]f8[0x97][0xe1]&lt;[0x5]^[0xc5][0xf3][0xb9][0xb4][0xc6][0x84]k[0x15][0xe8][0x8b].f[0xd6][0x99][0xb0]A[0x81]~[0xe8]6[0xa1]G[0x81][0xfe]L[0xd7]+0[0x90]i[0xa3][0x2][0x83][0x99]6)[0x90][0xc5][0xd4][0xab]@6[0xd3][\r][\n]&quot;
2013-02-06 13:51:56,895 AAD-WS DEBUG wire:63 - &gt;&gt; &quot;[0xc]g[0xba]Q[0x81][0x91][0xe8][0xb6][0xe0]([0xf4][0x99][0xb0]Y[0x81][0xd1][0xe8]f[0xb1]~[0xae][0x9]0[0xb4]0\`[0xc2][0xa0][0x2][0xb9]z[0xc3][0x10]C[0xd8][0x84][0xad][\n]&quot;
2013-02-06 13:51:56,895 AAD-WS DEBUG wire:63 - &gt;&gt; &quot;[0x14][0xe8]5m[0xc][0x9b][0x18]63la[0xb8][0x90][0xe1]&quot;[0x86][0x8b][0x19][0xb6]2\[0xc2][0xb0][0x8d][0xe1]R[0x86][0xcb][0x18].g[0xb8][0x82][0xe1]J[0x86][0xab][0x18][0xae]f[0xd8]n[0xc2]k[0x14]X[0x88][0xd7]2[0xb3][0x83][0xe1]:[0x86][0xeb][0x19]v2[0xdc][0xc0]p#[0xc3]M[0xc][0xdf]a[0xf8][0xae][0x9]oV`[0xa9]n[0xd6]-[0xc][0xbb][0x18]v3[0xec]a[0xb8][0x95][0xa1][0xdd][0x84]{[0x15]p[0xe8][0xad]nc[0xb8][0x9d][0xe1][0xe][0x13][0xde][0xa9][0xc0]J[0xbd][0xfa].[0x13][0xde][0xad][0xc0]j[0x9d][0xd9][0xc7]p[0x8f][0x9][0xbf][0xa7][0xc0][0x1a]t[0x9b][0xf1]^[0x5][0xf7][0xe3]}\y[0x80][0xe1]~[0x86][0xef]3&lt;[0xc0][0xf0] [0xc3]C&amp;[0xfc][0x81][0x2]^[0xbd][0xff][0xf]M[0xf8][0xb0][0x2]&gt;[0x9d]y[0x84][0xe1]Q[0x86][0x83][0xc]?bx[0x8c][0xe1][0x10]C[0x7]C[0xa7][0x9][0x1f]W[0xa0]Mo[0xff][0x4][0xc3][0x93][0xc][0x11][0x86][0xa7][0x18]~[0xcc]p[0x98][0xe1]&apos;&amp;|Z[0x81]mz[0xd3][0x9f]2[0xfc][0x8c][0xe1][0xe7][0xc][0xcf]0[0xfc][0x82]3[0xe4][0x8][0xc3][0xb3][0xc][0xcf]1[0xfc][0x92][0xe1]([0xc3][0xf3][0xc][0xbf]bx[0xc1][0x84]/*p[0x83][0x9e]^[0xbf]V[0xf0]%[0xfc][0x8d][0x82]/[0xe3]+[0xcc][0xfe][0x96][0xe1][0x18][0xc3][0xab][0xc][0xaf]1[0xfc][0x8e][0xe1][0xf7][\n]&quot;
2013-02-06 13:51:56,895 AAD-WS DEBUG wire:63 - &gt;&gt; &quot;[0xdc][0x8e]0[0xe3][0x1f][0x15]b[0xfe]d[0xc2][0xd7][0x99][0xff]33a[0xf8]+[0xc3][0xdf][0x18][0xde][0xe0][0xac]z[0x93][0x93][0xf4][0xb8][0x9][0xdf]R[0xe0]^[0xd2][0x83]o[0xe3][0xdf][0xb9][0xf4][0xe][0x9b][0xf9].[0xb7]z[0xcf][0x84][0xef]+[0xf0][0x0][0x9e]o[0xc6][0xf][0x98][0xfe][0x83][0xe1][0x9f][0xc][0xaf]([0xf8]![0xfe][0x8b][0xfb][0xc4]*[0xfe][0xcd][0xf0][0xb1][0x19]?[0xe1][0xae][0x9f]r[0xd7][0xcf],x[0x2]?7[0xe3][0x17]i[0xf8]%[0xbe][0xc3]5_[0x99][0xb1][0x90][0xe9][0xd7]f,2[0xe3]7,[0xe0]$[0xf3][0xdf][0x9a][0x5][0x98]q[0xaa]Y [0x9][0x11][0xc2],$rV[0xc8]f[0x91]b[0x16][0xa9][0xa4]K[0x98]L[0xc2][0xac][0xc0]Qa[0xa1]p[0x8][0x85][0x1b][0xa5]q[0xb]U!][0xaf]p][0x1f][0x86][0xbe][0xdc]$[0x9d]K[0x19]\[0xea]g[0x12][0x99]&amp;1[0x0]![0xb3][0xc2]YUY[0xeb][\n]&quot;
2013-02-06 13:51:56,896 AAD-WS DEBUG wire:63 - &gt;&gt; &quot;[0x86]&lt;[0xc1]2[0x97][0xcf][0xb7][0xce][0xd5][0xb0][0x11]A[0xb5][0xfb][0xfd][0xc4][0xfb]\[0xa1][0x90]&apos;[0x84][0xa0],[\n]&quot;
2013-02-06 13:51:56,896 AAD-WS DEBUG wire:63 - &gt;&gt; &quot;[0x4][0x9b]K[0x1a][0xc2][0xde][0x80][0x9f][0xbe][0xd5][0xac][0xdb][0xe0]i[0x8][0x9f]b[0x95]RW[0xc8]s[0x8a]Isz[0xc3][0xbe][0x18][0xa7][0x96][0xf8][0x1b][0x9a][0x2][0xc1]Sl[0x9f][0xb2][0x80][0xbf][0xcd][0x13][0x8c][0xf5]L/kr[0x5]][\r]aO[0xac][0x85][0xa5]6[0x18][0x17][0xe5][0x8]o[0x89][0x8b]RJ[0x82][0x1e]W[0xac]Y[0x95][0xab]%[0xf6][0xa1][0xd2][0xeb][0xdf][0x18]c*&lt;.w[0x8c][0xa9][0xf2][0x84]c][0xd4][\n]&quot;
2013-02-06 13:51:56,896 AAD-WS DEBUG wire:63 - &gt;&gt; &quot;[0xaf][0xdb][0xed][0xf1][0xc7]L[0xb1][0x87][0xbc]~[0xb7]gs[0x8c]w[0xb4]x[0x1a][0xbc]._[0xcc]4[\n]&quot;
2013-02-06 13:51:56,896 AAD-WS DEBUG wire:77 - &gt;&gt; &quot;[0x88][0xab]1[0xe8]ji[0x8a][0xb5][0xe0][0x10]8][0x8d]1[0xf3]J}[0x81][0x86][0x98]b[0x8b][0xf1]K[0xa5][0xcb][0xdf]h[0xf3]y[0x9a]=[0xfe]0[0x82][0xb4][0xd1]K8[0xa2]r[0x83][0xab][0xcd][0xb5][0xb9][0xb0][0xc9][0xe3]k)[0xc]y\&quot;
2013-02-06 13:51:56,897 AAD-WS DEBUG wire:63 - &gt;&gt; &quot;[0xc1][0x86][0xa6]B;[0x1b][0xe0][0x9].[0xf5][0x86][0xe7] [0xa4][0x84]9p4[0x1a]Z[0xc3]B[0x1f][0x89](t[0x84][0x83]^#}Lm&quot;[0xb7]&lt;A[0x12][0xbd][0xde][0x1b][0xc][0x85]+[0xa2][0x1c][0xae]&quot;&apos;[0x1b]Z[0x83]ART[0x1b][0xa0]aB;Y[0x1e][0xf4]4x[0xbc]m[0x1e][0xb7][0xcd][0xef][0xe6][0x91]%[0x91]^[0x88][0xa3][0xbe][0x9e][0x2]mon[0xf1]y=n[0x92][0xe4][0xf5][0xc7]\D0{[0xf5][0xfa]Z2[0x84]&gt;[0x4][0xc9][0x10][0xc5][0xeb]wz6[0x87]9[0xec][0x8]&amp;bt[0xfb][0xfa]RJ[0x84]W[0xb8]B[0xd5][0x9e]M&gt;[0xaf][0x9f]*[0xd2]&lt;[0xcd]-[0xe1]-[0xfa]@[0x93][0xa5]^i[0xc0][0xbd][0x85][0xda][0xad][0xf][0xb4][0xfa][0xdd]vM3[0xc5]F[0xfb][0xc2]vk[0xb2][0xb4][0x91]e[0xad][0xfe][0x9a][0x96]ht[0xbd][0xfe]EF[0xd7][0xd4]P[0xd8][0xa5]utni[0xa1][0x96][0x3]Z[0x82][0x1e][0x92][0xd4][0xe6][0x9]-[0xf3]o[0xf4][0x7]6[0xf9][0xe9][0xb][0xf9][0x9b][0x1a]v5R* [0xc][0xd4][0xa3][0xd6][0x1a][0xf6][0xfa][\n]&quot;
2013-02-06 13:51:56,897 AAD-WS DEBUG wire:63 - &gt;&gt; &quot;+\[0xa1][0xa6][0xb0]k[0x9d][0xcf]3G[0xd3][0xa5][\r][0x13][0xe9][0xa2][0xa6][0x8e][0xb0][0x96][0xdb][0xfd][0xc][0x8d][0xb5]*j[0x98][0xe6][0xf6][0xac]w[0xb5][0xfa][0xc2]&lt;t[0xd4][0x98][0x9d][0xd4][0x8b][0xa9][0xe1]&amp;oh[0xec]d[0x84][0xbc][0xca][0x86]@sa[0xa8][0xd5]_[0xa8][0xf5]6[0xe]$[0x87]9a0-[0x8e]-[0xfe]p[0x93]&apos;[0xec]m [0x1]s[0xbd]~ox&gt;[0xc2][0x92][0xdc][0xb3][0x96]p[0xfa]d[0xc9][[0x8e] [0x97][0x5][0xdc][0x14][0x97]tJ~Ouk[0xf3]:O[0xd0][0xc9].k[0xc3][0xe6][\r]S&quot;{/$F[0xca][0xe5][0xb6][0xe6]FO8:z[0x3]r[0xf3]z[0xca][0xaf][0x94][0xf5][0xbe][0xd6][0x10][0xa5][0x81]b[0xdb][0xdc][0xe0][0xd1]F$d[0x12][0x83][0x88]or[0xf9][0xdd]&gt;[0xf][0xe7][0x1]9[0x92][0xbb][0xba][0xcc][0xce][0xf2][0xfa][0xea][0xb5][0x8e][0xe8][0x8][0x99][0xc4]`[0xd2][0xa4][0x8d]1[0xb9][0xa8][[0x1e][0xda]D[0x82][0xb][0xc3][0xd4][0xaf][0xb0])[0xdc][0xec][0xd3][0xfc][0x1b]KM[0xe6]t[0xff]^[0xd5][0xaa][\r]VI[0x98][0x8c]Y[0xd7][0x1a][0xf6]8&lt;[0xe1]9[0x9a][0x9a]&gt;[0xba][0x9a][0xb2]@[0xb3]&gt;[0x91]T[0x9d][0xa7][0xb4][0xd6]t[0x8d]=[0xa3].MJz[0xd4]XNp[0x8f][0xd6]1-[0xe8]i[0xf4][0x86][0xc2][0x1c]1[0xe2][0xbc]g6[0xf9],Gml[0xf7]utllU[0xd0][0x6]M[0xd5][0xe6]8-[0x82]a[0xcd][0xa1][0x81][0xb9][0xdd][0xc7]Bw\[0x9b][0x4][0xb1]v[\n]&quot;
2013-02-06 13:51:56,898 AAD-WS DEBUG wire:63 - &gt;&gt; &quot;%[0x8c]I[0xa1]Q[0xe0]F[0x96]u[0x9c][0xd7]5-[0x1e][0x9a]&lt;[0xf6][0xff]S[0xd8]Y[0xae][0xa2][0xc9]-[0xf3][0x5]B[0x94].c[0xce](X[0xeb][0xe2]r[0xbb]c[0xf6][0x99]8K[0xb4][0xc8][0x9b][0xb5][0xd2]*.[0xf6][0xa3][0x16][0xd1][0x5]6[0xb6].[0xaa][\r].[0xbf]ay([0xfb][0x1f]|H0~U[0xde]*^[0xd5]B[0x6][0x99]ga&gt;[0xf5][0x91]s5[0x1b]S[0xc9]F[0xad][0xd7][0xf4][0xb3][0xb3][0xa4][0xdb][0xb0]Y[0x82][0x9e][0xe6]@[0x9b][0x9e]c[0x8a][0xab][0xa1][0xc1][0x13][\n]&quot;
2013-02-06 13:51:56,898 AAD-WS DEBUG wire:63 - &gt;&gt; &quot;[0x8d][0x9d]2[0x99]V[0x8e][0x5]g=[0xf1]{H![0xcd][0xc4]S[0xe2][0xa6]N[0x9e][0x82][0xb0][0xb0]W[0xe2]V[0x19][0xe5]Mcyq[[\r][0xcc]t#3#[0xf1][0xcb][0xe4]83[0xd3][0xf8]eV&quot;ch6[0xfb][0xff][0x10][0x6][0xda][0xda][0xd2][0xa2][0xe2][0x8a]&amp;[0xb3][0xbc][0xc6][0xde][0xc9][0xfb]/[0x96][0xf3][0x98][0xde]&quot;[0xf6]0[0xc6][0xe9][0x1]s[0x4]Z[0x83][\r][0x9e]E^^^[0xfb]&apos;v[0x9d][0xc4][0xa2]U[0xf8][0x6]&gt;U[0xe1]$[0x1]f`?[0x15]&gt;[0x83][0x13]*[0x2][0xd7]}[0xcd]u2[0x83][0xc4][0xec][0x97]\J[0xe5][0xd2]&apos;\[0xea][0x8f]CT[0xf8][0x10][0xfe]Eb{[0xd8][0xdc][0xe8][0xbb][0x18][0xa2][0xa2][0x5][0x15][0x84][0xf2][0xff][0xc7][\n]&quot;
2013-02-06 13:51:56,898 AAD-WS DEBUG wire:63 - &gt;&gt; &quot;[0xc5][0x2][0xb3][0x10][0x16][0xf5]BV[0xc2][0x89]hI/[0x4]u;|[0xf5]FX[0xb7]CfE/[0x84]u9&amp;[0xda]z![0xca]x[0xa4]^[0xdc][0xb]9[0x89][0x7][0xdb][0xde]8[0x97]p&lt;W[0xc5]P[0x91][0xdd];[0xcb][0x8c][0xa7]U[0xc][0x13][0xc3]U1Bd[0xab]b$C[0xe]K[0xef]M[0xfc][0xe2][0x17][0x2]U[0x8c]b[0x89][0xa3]{+1~[0x91]Q[0xc5][0x18][0x96]8[0x96]a[0x1c][0xc3]x[0x86][0x9][0xc][0xb9][0xc]y[0xc]V[0x86]|[0x86][0x2][0x86][0x89][0xc][0x93][0x18][\n]&quot;
2013-02-06 13:51:56,899 AAD-WS DEBUG wire:63 - &gt;&gt; &quot;[0x19]&amp;3[0x14]1La[0x98][0xca]0[0x8d]-[0xec][0xcd][0x8]%[0xdc]Ax[0xc6][0xce]T[0xc5],[0x96]&lt;[0x9b][0xa1][0x98]a[0xe][0xc3]\[0x86]y[0xc][0xf3][0x19][0x16]0,[0xec]mx[0xe2]w+U[0x94][0xb0][0xc4]R[0x2]8[0xc1][0xa5]2[0x86]r[0x6][o]L[0xb8][0x98][0xa9]b[0x11][0xb]][0xcc]P[0xd1][[0xfb][0xe3][0x17]EU[0xd8]YXo[0xd6][0xcd][0xd8][\r]T[0x15]K[0xd8][0xba][0xa5][0xbd][0xb5][0xce]xY[0x95][0xab]kJ[0xeb]L[0xa2]R[0x15]U[0xa2]Z[0x15]5[0xac][0xa0][0x96][0xe1][0x1c][0x86]:[0x6][0x7][0x83][0xb3][0xb7]3[0xd4]x[0x93]W[0xc5][0xb2][0xde][0x6]%v{W[0xc5]r[0xb6]o[0x5][0xc3]J[0x86]z[0x86]U[0xc][0xab][0x19][0xce]e8[0x8f][0xd5][0xf5]f[0xbf]1&lt;[0x10][0xa8][0xe2]|[0x16][0xb9][0x86]a-[0x83][0x8b]a[0x1d]C[0x3][0x83][0xbb][0xb7][0xba][0xc][0xef][0x1a][0xaa][0xf0][0xb0][0xc8][0xf5][0xc][0x8d][0xc]M[0xc]^[0x9e][0xc][0x1f][0xc1][0xbf]U[0xf8][0x98][0xe1]s[0xde][0xc7][0xbf]`[0xf8][0x8a]7[0xf3][0x14][0x6][0x13]C[0x1a][0x9c][0xa0][I[0x97][0x1b][0xa8][0x8a]*[0xf6]1[0x89][\r][0xaa][0xd8](|&amp;[0xd1][0xac][\n]&quot;
2013-02-06 13:51:56,899 AAD-WS DEBUG wire:63 - &gt;&gt; &quot;?[0xe]U[0xb1]/I[0xc2]t[0x16][0xf7]-wE[0x6][0xc1]`&amp;[0x10][0x1]A7_su G[0xb3]M[0xc5][0x89]8[0x9]![0xa3][0xeb][0xd9][0x94][0xf][0x12][0x93]T[0xb4]b[0xbe][0x8a][0x5][0xc][0x2][0xe7][0xa8]8[0x15][0xa7][0xa9][0xe2][0x2][0x11]TE[0x8][0xe9],5[0xa6][0xdb][0x89]W[0xbf]0[0x19]O[0xd8]&amp;[0x11]VE[0x9b][0xd8][0xa4][0x8a][0xcd]b[0xb][0x97][0xb2]U[0x9c][0xc1][0x9d][0x7]uUY[0xda][0xba]~=_[0xe2][0xb3][0x1a][0xf4][0xbb][[0xe][0x1d][0xad]=[0xee][0x9c][0xf8]K[0xc5]&lt;U\(.b[0xb8][0xd8]$[0xb6][0xaa][0xe2][0x12][0xb1]M[0x15][0x97][0xe2][0x14][0xb6]5_[0x15][0x97][0x89][0xcb]Ij[0xfc][0xd6][0x93][0xd8][0xf3][\n]&quot;
2013-02-06 13:51:56,899 AAD-WS DEBUG wire:63 - &gt;&gt; &quot;V\[0x84]SL[0xe2]*U\-[0xb6][0xd3][0xe5][0x93][0x9a][0x9a][0xc4]5*[0x16][0xe2]d[0x15]g[0xe2],[0x84]q[0xf1]k[0xc]k&apos;[0xa3]r[0xaa]m+*[0xed][0xd5][0xb6]Da[0xd7][0x8a][0x1d][0x1c][0x8c][0xe9][0x8][0xf9]Z[0x8f][0x6][0xad]G[0x80][0xae]U[0x85]z[0xd1][0x1f]h[0xe8]n[0x4]B6[0xa5]zN[0xb][0xa7][0x88][0xdd][0x1f][0xe]8[0x3][0x1b]=[0xfe]P[0x8e][0xee][0xfd]&lt;[0xf6]b[0x1a]]p[0x12]5]&apos;[0xae]G[0xc8][0xa1]r[0xb8][[0xbf][0x4][0xc9]Y[0xba][0xb9][0x89][0xd7][0xa5][0x9c][0xb0][0xab]Q[0xb][0xda][0xce][0xde]e[0xb1][0xe1]e[0x8a]w[0x8f][0x1b]Tq#[0xe7][0xc0]M[0xe2];[0xaa][0xf8].[0x87][0xfe]fq[0x8b]*v[0x89][0xdd][0xbc][0xf2][0xec]Q[0xc5][0xad]\j[0xc7][0xa1][0x8][0xc5][0xff][0xbb]V[0x93][0xd8][0x8b]0%[0xf9][0x9d][0xca][0xe6][0xf6][0x86][0x3]Z[0xdf][0xae][0xaf][0x90]}[0xbb]V[0x8c][0xeb]&amp;[0xa5][0xd4][0xe5][0xae][0xc]4[0xb8]x^[0xc6][0x1e]/[0x10]F[0x9c][0xfe][0x6][0xc7][0x97]&gt;[0xed][0x8e][0xda][0xcb];[0x9]I[0xc0][0x12][0x1a][0xd5]3][0x18]9E[[0xe9][0xce];[0xcb]x[0xe3][0xd7][0xd7][0xde]9[0xdd]k[0xf2][0xba]W[0xd1][0xbd][0xba][0xa4][0xbc][0xbc][0xce][0xe6]p[0xd0]E[0xb5][0xa4][0xb6][0xb6][0xd2][0xe6]$[0x1f]J[0xea]l[0xa4][0x1d]K[0xa9]XZ[0xe2][0xb0][0xd1]b[0xc0]dQM5}[0x94]J[0xed][0x8b][0xf9]m[0xb6][0xb2][0xa6]l[0xe9]9[0xcb]j[0x9c]6nTS^[0x8f] J[0xeb]H\YI[0xad][0xd3]^SM[0xe2][0xca]l[0xd5]N[[0x1d]?)[0xd9][0xb5]Ve5[0xe5]DDy9[0x9])_T[0xcd]h[0xaf][0xd3]p9WW2[0x90][0x2]a[0xab][0xa2][0xc6][0xba]2&quot;uU&amp;q[0x1b]]k[0x10]6[0xf4]*[0xa6]g[0xdd][0xb7]H[0xb][0xca][0xa2][0xba][0x92]*[0xf6]\[0xa3][0xe][0xe][0x8b][0xa8](b[0x98][0xc2]0[0x95]a[0x1a][0xc3]t[0x86][0x19]dj[0x85][0xad][0xa4][0x9c][0xcb][0xec][0xb1][0xfe]&gt;*[0xd9][0xab](T)[0xf6][0xea][0xda]e[0xd4][0xdd]dw[0xd8][0xab][0xcb]m+[0xa9]~i)[0xb7][0xac][0xa4][0x9b][0xa7]L+[0xc7]R[0xaa][0xa9]*[0xa9]%[0xa6][0xca]V[0xbd]L#N[\n]&quot;
2013-02-06 13:51:56,900 AAD-WS DEBUG wire:63 - &gt;&gt; &quot;[0xff][0xd0][0xe4]cO[0xc1][0xe5][0xa7]7[0xce][0xb7]i=[0xbd][0xf5][0x9c]9m[0xcc][0xd5]5[0xba]c$[0xaa][0xa6]t[0x89][0xad][0x8c][0xfd][0xab]a[0xc1]5[0xd1][0xe1]C~[0xb2][0xad]-[0xa1]Fd^m[0x1d][0xf][0xa0][0xa3][0xa4][0x8a]*S[0x1d]eu[0xf6]Z&apos;[0x17]l[0x95]Z[0xc7][0x14]GUI%[0xf7]u8[0xeb][0xec]K[0xa9]%:t[0xa6][0xa6][0x9a][0xfd]w8[0xeb]+[0xa9]Rr,+[0xd5][0x90][0x5];KJ[0xb9]N8)[0x10]f[0xa7]m[0xa5]SO9[0xe1][0xac][0xe0][0x8f]v[0xa7][0xfe][0xb1][0x8e][0x81][0x14] EE,[0xe3][0x88]./[0xa1][0xba]a[0xa7]{[0xc5]D[0xb0]Plx[0xea]&amp;[0xbc]Kj[[0xa2]^;[0xe7][0xd4]ff[0xa8][0xe3]w[0xdc][0x80][0x1e]&gt;2[0xdd][0xe7][0xf1]7[0x86][0x9b][0xb4]gN[0x1a]#[0x89][0xe4]![0x8c][0xef]a[0x8a][0xf5]8[0xa1]R[0xb4][0x17]f[0x84][0xb1][0xa7][0x19][0x84][0xd8][0xf6]G[0xd6][0x1a][0xca][0xa6][0xb2][0x9a]*[0xca][0x1][0xf2]x[0xfc][0xe9][0x86]0[0xd6][0x83][0xb4][0xa9][0xb4][0xaa][0x1b]$L8[0xbb][0x85]@{[0x96]j[0xa1][0xcd][0xc8][0x8d]P[0x90]4[0x83][0xba]o[0xbd][0xa4]0[0x9b][0x16][0xb8][0xe4]_&apos;[0x9c][0xe5],[0x8b]?[0xe1][0x14][0xf1][0x93][0xcb][0xfc][0xff][0xf2][0x9][0xbb][0xdb][0x1b][0x99][0xa4][0xb9][0x92]J[*-[0xd9]][0x6]+[0xa9]O[0xbc][0xfa][0xd9][0xab]j+[0xed][0xb6]r[0x93][0xb8][0xbd][0xa7][0xc3][0x8a][0x16][0xf3]2[0x87][0xc3]8`i+*h=[[0xe3][0xa8]-)[0xa3]$[0x1d][0x97]d[0xa0][0x12]:[0xcd][0xe9])[0x1b]zx(5[0xbc][0x1]M[0xe5][0xb0][0xc8][0xb9]y[0xab][0xcb][0xe8]P[0xd7]e_[0xa7]3L[0xf][0xfe][0xd9]9W[0xb][0xce][0x90][0xa5]][0x86][0xeb][0x82][0xde]-[0xa9][0xff][0xd3]s[0xa6][0xdc][0xa2][0xfd]%`![0xc5][0xe4][0x97][0xc7][0x19]H[0xf2]`M[0xde]XB[0xf1][0x99][0x9c][0xa2][0xfd][0x1d][0xa4][0xcd][0xc9]U[0xbc][0xed][0x5]Z[0xba][0xfe][0xeb][0x10][0x9b][0x81][0xa3]s[0xcf]b[0x5][0x94][&lt;[0x1e][0xda][0xf8]M[0xbc]Xh[0xc8]$[0x19][0xfd][0x84][0x83][0x4]B[0xde]Yo#t[0xe2]J[0x9a][0x1a]0[\n]&quot;
2013-02-06 13:51:56,900 AAD-WS DEBUG wire:63 - &gt;&gt; &quot;[0x8e][0xc1][0xab][0x0]0[0xc][0x4]?[0xc5]QI[0xf0][0x19]_[0xa3][0x1f]G[0xe9]&apos;[0xf0][0xa9]F?[0x83][0x13][0x1a][0xfd]&lt;[0xca][0x11][0xa5]_F[0xe9]WQ[0xfa]u[0x94]~[0x13][0xa5]&apos;[0xa3][0xf4][[0x9d][0xf2][0xd3][0xa0]F1JE[0x94]JQ*GiJ[0x94][0xa6]F[0xa9])J[0xcd][0x1a][0x5]~[0x1a][0xd4]h[0x9a]f[0x17][0xf0][\r]C[0xa3]}5[0xbb][0x81][0xef][0x15]D2[0xf9]Q[0x12][0x10]3[0xb9][0xe][0xc6]Q[0xa9]?[0xe] [0x1c][0x8][0x90][0xf2][0x1e][0xa4][0x82][\n]&quot;
2013-02-06 13:51:56,901 AAD-WS DEBUG wire:63 - &gt;&gt; &quot; _h[0xed][0x4][0xd5][0x9a][0x8]$k[0xc1]![0xe8]c[0x8d]@[0xdf][0xfa][0x8c][0xd9][0x9d][0x90]~[0x8]2&quot;[0xd0][0xaf][0x9e]&gt;gVG[0xa0]?[0x17][0x6][0x14][0xcb][0x11][0x18][0xc8][0xa5]A[0xc5])[0x11][0x18][0xcc][0xa5]![0xc5][0xa9][0x11][0xc8][0xe2][0xd2][0xd0]bS[0x4][0xb2][0xb9]4[0xac][0xd8][0x1c][0x81][0xe1]\[0x1a]Ql[0x89][0xc0]H.[0xe5][0x14]+[0xd6][0xc7] [0xe3] [0x8c][0x8a][0xc0]h[0xae][0x18][0xd3][0x1]cW[0xe8]U[0xe3][0xb2]R[0xe3][0xcc][0xf8],K[0x9c][0x99][0x10][0x81]\n[0x9c][0x17][0xaf][0xb2][0x1a][0x1b][0xe7]G[0xa0][0x80][0xbf]O[0x8c]WM2~/42[0x93][0xb3][0xe4]8Sdd[0xa6]d[0x99][0xe2][0xcc]T[0xe3][0x97]iFf[0xba]Q[0xda][0xc]#3[0xd3][0xd8]l[0x96][0xf1][0xcb]l[0xe3][0x97]b#3[0xc7][0xc8][0xcc][0xcd]J[0x89]3[0xf3][0x8c][0x2][0xe6]g)qfA[0x4][0x16][0xd6][[0xb1][0x13]J[0xe2]u[0xa5]F[0xe3][0xcb][0x8c]B[0xcb][0x8d]BmFf[0x91][0x91]Yld*[0x8c][0x8c][0xdd][0xc8],[0x89][0xc0]R[0x8e]ue[0xbc][0xaa][0xca][0xa8][0xba][0xda][0xa8][0xba][0xc6]hu[0xad][0xb1][0xd9]9Y[0xe6]8S[0x17][0x1][0x7][0xcb]t[0xc6][0xab][0x96][0x19][0x9d]_n[0x94][0xb9]&quot;[0x2]+[0xb9]q}[0xbc]jU[0x4]Vs[0xd5][0xb9][0xf1][0xaa][0xf3][0x8c]][0xce][0x8f][0xc0][0x1a][0xfe][0xbe][0x96][0xab]2][0x8f][0xc3][0xba][0xe2][0xb4][0xac][0xb4]#[0x90][0xce][0x9f][0xb3][0xd2][0x8c][0xaa][0x1a][0x8c][0xfd][0xdc]F[0x8b]=[0xc6]/[0xeb][0x8d][0xe6]7[0x1a][0xe3][0xd3][0x14][0x1]/[0xeb][0xda][0x10][0xaf][0xda][0x18][0x1][0x1f]W5[0xc7][0xab][0xfc]F[0x9d][0x1]c[0xae][0xb7][0x18]%_`l[0x16]4[0x6]3d[0xfc][0x12]62[0xad][0x11]hcm[0x9b][0xe2]U[0x9b][0x8d]=[0xb7][0x18][0x99][0xb][0x8d]N]dd.6[0xda][0xb1][0xd5][0xf8][0xe5][0x92][0x8]lc[0x5][0x97][0xc6][0xab].3~[0xbf][0xdc]h[0xcd][0x15]FmW[0x1a][0x9b]][0xa5]7{[0x94][0x17]*[0x1c]Dp&gt;[0xac][0xa0][0xf2][0x9b]`[0x81][0xe3][0xd0][0x17][0xde][0x82]lx[0x1b][0xc6][0xc2][0xdf]a[0x12][0xbc][0x3][0xb3][0xe0]]([0x85][0xf7][0xa0][0x12][0xde][0x87][0xe5][0xf0][0x1][0xac][0x85][0xc0][0x6]Z[0xad][0xb7][0xd2]Z[0xbd][0x83]V[0xb9]=[0xb4]V?@[0xeb]t&apos;[0xad][0x8c]Gi[0x9d]~[0x8d]V[0xc4][0xe3][0xb4]NDk[0xf4]I[0xf8][0x92]V[0xc8][0xaf]p[0x8]|[0x8d][0xe3][0xe0][0x1b][0x9c][0x2]&apos;q[0x1]|[0x8b]t[0x8a][0xc5]zD\[0x8f][0x2]C([0xe1][0xa5]([0xe3]NL[0xc1][0xbd][0x98][0x8a][0x7][0xd0][0x84][0x11]4[0xe3]s[0xb4][0xc6][0x1e]C[0x5][0xdf][0xc0]4[0xfc][0x90][0xd6][0xd7][0xaf][0xb1][0x8f][0xb0]`_1[0x8][0xd3][0xc5][0x18][0xcc][0x10]3[0xb0][0x9f]([0xc3]LQKW[0xed][0xf3]p[0x80][0xd8][0x80][0x3][0xc5]&amp;[0x1c]$v[0xe0]`[0xb1][0x7][0x87][0x88]{1Kt[0xe2]Pq[0x14][0xb3][0xc5]k8L[0xbc][0x87]#[0xc4]G8R|[0x86]9[0x92][0xc0][0xd1]R:[0x8e][0x91][0x86][0xe1]X)[0xf][0xc7]I3p[0xbc]T[0x86][0x13][0xa4][0xe5][0x98]+y1OjC[0xab]t[0x5][0xe6]K7a[0x81]t[0x7]N[0x94][0x1e][0xc0]IR&apos;[0x16]J[0xcf][0xe0]d[0xe9]5,[0x92][0x8e][0xe3][0x14][0xe9]#[0x9c]*[0x9d][0xc4]ir[0x1a]N[0x97][0x87][0xe0][0xc]y[0x1c][0xce][0x94]g[0xe1],[0xd9][0x86][0xb3][0xe5]:,[0x96][0xd7][0xe0][0x1c][0xd9][0x87]s[0xe5]-8[0x8f][0xa2]&lt;[0x98]b[0xa0][0xad][0xfb][0xa8][0x82]D[0xf7]8[0x80][0x9b][0xac]x[0x8][0xae]f[0xd8]n[0x95][0xf]A[0x9a]U:[0x4]2[0xc3]5[0xc][0xd7]2X[0x18]v0[0xa4]2[0x8][0x86][0xeb][0x18][0x14][0x86][0xeb][0x19]R[0x18]v[0xd2][0xa6]qC}&apos;[0xdc]x[0x88][0xa4][0xd2][0x10][0xf7][0xe9][0x80][0xef]t[0xc0]w[0xf][0xc1][0xcd][0xcc][0xdd]|[0x8]n[0xe1]V[0xc8][0xb0][0x8b]a7+[0xdc][0xc3]p+[0xb3]f[0x6]S,[0x1b]ht[0x87]Rq![0xa4]`[0x9](X[\n]&quot;
2013-02-06 13:51:56,903 AAD-WS DEBUG wire:63 - &gt;&gt; &quot;[0xe9]X[0x6][0x3][0xb0][0x1c][0xb2][0xd0][0x6]#p[0x11][0x8c][0xc1][0xc5][0x90][0x8b][0x15]0[0x11][0xed]0[0x5][0x97][0xc0]L\[\n]&quot;
2013-02-06 13:51:56,904 AAD-WS DEBUG wire:63 - &gt;&gt; &quot;s[0xb1][0x12]J[0xb0][\n]&quot;
2013-02-06 13:51:56,904 AAD-WS DEBUG wire:63 - &gt;&gt; &quot;[0x16]a5,[0xc5][0x1a]X[0x8e][0xb5][0xe0][0xc6]s[0xc0][0x87]up[0x1]:[0xa0][\r][0x9d]p[0x11].[0x83]Kq9\[0x85]+`[0x7][0xae][0x84][0x1b][0xb1][0x9e]4f[0xe1]P=2[0xb0][0x86][0xf6]i[0x8e][0xcc]L2[0xfa][0xea]#[0xd0][0x97]I[0x7][0xb4][0xcb][0xf7][0xc0][0x18][0xf6]c;[0x87][0xab][0xeb][0x17][0x8b]5so[0xb4][0xfe][0x91][0x98][0x3][0x83] [0x85][0x8a][0xe7][0xd2][0xf6]{[0x1e][0xc][0xa5][0xe4].[0xc0]5d[0xe8]:[0xfa][0x9a]M[0xc3] 4eY[0xdc][0x9a]q[0xbf]S[0xb9][0x2][0x3]8[0x8c][0xca]2[0xd5][\r][0xa7][0xdf][0x8][0x1c][0x19][0xb5][0xee]3[0xaa][0x93][0x88][0xee]&amp;][0xd7][0xb4][0x83][0xfc](Ql[0x87][0xd4][0x3][0x9a][0xf6][0xd4]v[0x1a][0xc1][0xfc][0xe][0xb8][0xed][0x0]l&quot;V[0xb4]C&amp;[\r][0xca][0xed][0xf5][0xf9][0x9d]pG[0x7][0xdc]y[0x0]\T{[0x9d][0xd6][0x9c]&apos;[0xa1]I+UQi[0xe7][0x9d][0xb0][0x88][0x88][0xd2]NKb[0xbc][0xc3]]T[0xb5]g/[0x8c] rm;[0xc][0xb6]J[0x9d]p[0xb7]&gt;hVy[0x15][0xe5][0x4][0xe5]F[0xfe]ay[0x1f][0xeb][0x94][0xf2][0xf]w[0xc0][0xbe][0xb8][0x17][0xd5][0xd0][0x9f][0x8a]m`[0xc2]M`[0xc6]-[0x14][0x84][0x8b]h[0xe4].[0x86]Q[0xb8][0x95]F[0xed][0x12][0x1a][0xad]m4R[0x97][0xd1](][0x1]ux5[0xd4][0xe3]v[0xf0][0xe0][0xb5][0x10][0xc2][0xeb]`3^[0xf][q&apos;l[0xc7][0x1b]a&apos;[0xde][0x4][0xbb][0xf0]f[0x92][0x9a][0x83]c[0xa2]1[0xf0]R[0x4]([0xb4]0[0xdd][0x10][0x83][0xdd]{!=[0x9f][0xb6][0xf3][0xfb]([0x8f][0xe4]CZx2([0x10][0xf7]&lt;[\r][0xfd][0x8a][0xe5],[0xf9][0x8](Yr~A[0x7]|/n[0xe2]h0S[0xf1]N2[0xf1].2q[0x1f][0xc][0xc2]{ [0x1b][0xef]%[0xf3][0xf6]SR[0xdd][0x7][0xd3][0xf0]~j96[0x16][0xfa];I[0xa9]L[0xf4]|[0x83]Z=[0x82][0xd5]T[0xba][0xb5][0x1d][0x16]s [0xf7][0xd2][0x87][0x8][0xdc]K[0xf3]`[0xf5][0xc4][0x83]p_&lt;[0x9a][0x7][0xac][0x7][0xe1]~:[0xa1]|[0x9f][0x9a]I[0x11]x[0x80][0x9a]&lt;[0x98][0xf9]P[0x7][0xfc][0x80]xZ[0x16][0xd8][0x1][0xf]?[0xe][0x8f][0xc4][0xed][0x9b][0x4]iT|[0x90][0xec][0xfb][0x1][0xd9][0xf7]0[0x85][0xf0]Q[\n]&quot;
2013-02-06 13:51:56,904 AAD-WS DEBUG wire:77 - &gt;&gt; &quot;[0xe1]A[0xc8][0xa1]}[0x14]&gt;[0x1]y[0xf8]$[0xcc]B:[0x9][0xe0]Sp[0x1e][0x1e][0xa6]^[0xe3]p|[0xd4][0xd6] %1[0xdb]:[0xe3][0x94][0xad][0x14][0x9b][0xea]hl[0xae]9[0x15]&apos;)1N[0xd5][0x13][0x8f][0x80]y&quot;1[0x8f][0xc6]m[0xb0][0x2][0x1d]0[0xf1]Y[0xb2][0xe1]9[0xb2][0xe1](M[0xc2][0xe7]i[0x12][0xbe]@qz[0x91][0xec]x[0x89]r[0xfa]70[0x19]_[0x86][0xe9][0xf8][[0xea]1!6D-[0xd1]![0x9a]e[0x88]U[0xe2]x[0xf4][0x8f][0x8e][0x7][0x11][0xd2]x[0x0]2[0xf4][0x18]Z[0xac]\[0xfb][0xfd][0xb8][0x5][0xe3]i;[0x0]|[0x9d],[0xf8]3Y[0xf0]7[0x18][0x88]o[0xd0]lz[0x93]&quot;p[0x1c][0xac][0xf8][0x16][0x14][0xe1][0xdb][0x94]L[0xef][0x80][0x8c][0xb9][0x98][0x17][0xd5]&gt;[0x81][0xb4][0xf3]$I[0xd3][0xb4][0x16]$[0xec]2[0xe4][0x90][0xa0][0xe2][0xc7][0xb4][0xa6]|B[0x9d][0xac][0x98][0x1f][0xed]TN[0x1][0xa3]/[0x90][0xc3][0xb3][0xf8][0xd9][0xf8][0xc4]9H[0x13][0xfb][0x0][0x9d][0x8d][0xa9][0x96],[0xfd][0x91]AR&amp;[0x87]X[0xda][\r]&amp;i[0xf][0xc][0x92][0xda]a[0xa4]t[0x1b]I,[0xe8]Q[0xe2][0xf6]D[0x89][0xdb]u[0x89][0xdb]{[0x94][0xb8][0x8f]$[0xde]C[0x12][0xef]%[0x89][0xf7][0x91][0xc4][0x89]8)*[0xf1][0xef][0x14]T[0xe][0xeb][0x1e]i[0x9e]4[0xff][0x0][0xac][0xc9][0x1f]&gt;-C[0xb9][0x1b][0x9c][0xc6][0x8c]z[0xac]kFY[0xf3][0x87][\r][0x1f][0xe6][0x96][0xe9][0xec][0xb3][0x8f]2[0xf0]P[0x7]tD[0xf3][0x93][0x7][0xe2] tf&gt;[0xfe][0x4]&lt;![0x1][0xe3][0xed][0xf9][0xc9][0xe1][0xf2][0xda]yWJ8&lt;[0xff][0xf0][0xbe]o[0xf7][\r][0xcb]?|[0xf]X[0xcf]$?[0xff][0xf0]0w[0xc2][0xf4][0x9f][0xf][0xe9][0xe4][0xc8][0xc3] [0xa4]G[0xc8][0x99]G!]:[0x8][0x5][0xd2][0x8f]`[0xa6][0xf4][0x18][0xcc][0xa7][0xbc][,u[0x80][0x83][0x96][0x93]s[0xa5][0xc7]a-[0xb5][0xf1][0x92][0xf8][0x80][0xf4][0x14]\/[0xfd][0x18]vK?![0xa7][0xb]qr[0xd4][0xe9]@t[0xc9][0xe3][0x5]Y[0xca][0x8c][0xb0][0xc6][0xc7]`G;m?[0xba]7[0xd6]z[0x9a]v[0xf2]Z[0xde][0x80][0xf2][0xb][0xe4]Nx[0x8a][0xa7] &apos;[0xba][0xb6]5[0xed][0xea][0x92]J[0xd2][0x11][0xb0]H[0xcf]B[0x86][0xf4][0x1c][0xc][0x96][0x9e][0x87]Q[0xd2][0xaf] _z[0x81][0x8c][0xfb]5[0x14]I/[0xc1][0xc][0xe9]eR^Dg[0x4]}[0x9f]L[0xa3]x[0xb3][0xf2][0x3][0x9a][0xf2][0x1f][0xb3]rM[0x9d][0x9b][0xd5]&quot;
2013-02-06 13:51:56,905 AAD-WS DEBUG wire:63 - &gt;&gt; &quot;i[0xab][0xa3][0x96][0xdb][0xbb][0xf6]B[0xa1]1H[0x87][0xbb][0x5][0xe9]q[0xf8][0x89]$[0x93][0xd7]O[0xb3]e[0xbb]t[0xf][0xb2]c;[0xab][0x85][0xe6][0xe4][0xa1][0xfd]q[0x97][0x1e][0x83][0xeb][0xdb]a[0xb2][0xfc]TJU[0x81][0x94][0x91][0xb3][0xcc]([0xfa][0xa7][0xdd]D[0x17]H2[0x8f]-o[0xc6]qg[0xeb]`[0x0]9[0xfb]{r[0xf6][0xf][0xd0]_[0xfa][0x13][0xc][0x95]^[0x87]l[0xe9][\r][0x18]-[0xbd][0x9][0xb][0xa4][0xe3]`[0x97][0xde][0x82]j[0xe9][0x1d]X&amp;[0xbd][0xb][0xab][0xa4][0xf7]`[0x8d][0xf4]&gt;[0xac][0x97]&gt;[0x80]f[0xe9]S[0x8]K[0x9f][0xc1]f[0xe9][0x4]l[0x95]&gt;[0x87][0xbd][0xd2][0x17][0xb0]O[0xfa][\n]&quot;
2013-02-06 13:51:56,905 AAD-WS DEBUG wire:63 - &gt;&gt; &quot;[0xee][0x93][0xbe][0xa6][0xc0]L[0xc5]i[0xd1]Q[0x19][0x17]][\r]-[0x9c]^[0xa4][0xff][0xe9].3L[0x96][0xc1],[0xa7]h][0xa6]Gc9[0x10]LZ[0xf6][0xfe]B[0x8b][0xe5][0xcf][0xf4][0x81][0xd4]&quot;8Pn[0x87]&lt;b,{a4oc{)4[0x14][0x89]h[0x9e]RNr[0xd0],[0xc];[0xf4][0xe3][0x86]![0x1e]?[0xa7]xh[0x13]k[0xd8][0xf0]Nx[0x86][0x98][0xcc]_t[0x8b][0x90]vN[0xe1]#I[0xbc][0xa1][0xde][0xe0][0x8][0x9f]v[0xc][0xc2][0x9e][0xed][0xda]u[0xf8][0x9d]0[0x84]=\+[0xbb][0xb5][0xa9]f[0x92][0xf][0x80][0x9c][0x98]VZ[0xae][0xcb]}[0xc1]&quot;[0xa7]C[0x86][0x9c][0x1][0xfd][0xe4][0xfe]0V[0x1e][0x0]S[0xe4][0x81]0S[0x1e][0x4]s[0xe5]!P&quot;[0x8f][0x80][0x16]y$[0xb4][0xca]9p[0x83]&lt;[0x1a][0x1e][0x94][0xc7][0xc3][0xc3][0xf2][0x4]xF[0xce][0xa3][0x10][0xcd][0x88][0xe5][0xfa][0xb3][0xd1]\[0xdf]F[0xf9]P[0xba][0xff][0xac]cb[0xc8]{-&lt;[0x94][0xa2]2[0xcf][0x88][0x4][0xdf][0x9e]#[0xdf]h[0xbd][0xf9]e[0x92][0xf8][0xb0][0xc6][0xe8][0xe]apn[0x6][0xf4]![0xe7]&amp;[0xc3]@[0xb9][0x8][0xc6][0xc8]S W[0x9e][\n]&quot;
2013-02-06 13:51:56,906 AAD-WS DEBUG wire:63 - &gt;&gt; &quot;[0x13][0xe5][0x19][0xe4][0xd8]L[0x98]%[0xcf][0x86]y[0xf2]|X,/[0x80]fy![0x4][0xe5]r[0xd8]&quot;[0xdb][0xe0][0x12]y1[0x1d]of[0xe2][0xac][0xa8]S[0xd3][0xa2][0x9b]Q[0x86]&gt;[0xdc][0x8a][0x95][0xe2][0xb7][0xf4][0x90][0xfc]P[0xe2][0xba]&apos;[0xd7]Rt[0xcf][0x1]U[0xae][0x83][0xbe][0xb2][0x93]$[0xcc][0xc6][0xe2][0xa8][0x4]:[0x9b]i+[0xa9][0x90][0xe2]}[0xb4]s[0x92][0xbc][0x92]_OpN[0xb4][0xdd]hj[0xc5][0xed]R[0xb5]SJ[0xd7][0x8c]&lt;[0x17]R[0xe4][0xb5][0x14][0xee][0xb9][0xda]Y[0x98][0xdb][0xd7]G[0x93]xb[0x4][0x8e][0xd6]S[0x14];[0xe1]y[0xde][0xcb]o[0xa2]][0xfa]W|@[0xba][0x85][0xf6][0x8e][0x17][0xda]5[0xc3][0xfb]P[0xf1]E~[0x1b][0xb9]%.v([0x19][0x1][0xf2]zH[0x93][0x1b]a[0x80][0xdc][0x4]#e/L[0x90]7@[0x81][0xec]#5[0xf3]O-&quot;[0xf0]&lt;[0xa9][0xe7][0xc4][0xdf]D[0xe1][0xff]5+[0xb8][0xb9][0x98][0xd2]HbM[0x1d][0xf0][0x92]v[0x84]([0xd3][0x99][0xdf]&lt;[\r]G[0xab]H[0xd3][0xcb][0xd4][0x90][0x8c]xa[0xef][0xb7][0xaf][0xc7]Z[0xa9][0xa7]:[0xe][0xd6][0xab]^[0x89][0xb6][0xfd][0xed])a[0xb7][0xf0][0xf2][0xfd][0x2][0x9f][0xf9][0xc8]\.[0xbf]h[0xcd][0x92][0x13][0xc].[0x85][0xc]28Lqh%[0xa3]7Q[0x9c]7[0xc3][0x10]y[0xb]d[0xcb][0x17][0xc2]x[0xf9]&quot;[0x98]&amp;_[0xc][0xf3][0xe5][0xad]4[0xa2][0xdb][0xa0]N[0xbe][0x14]V[0xca][0x97][0xc3]j[0xf9]*h[0x94][0xaf][0xa6][0xf4][0xdd][0xe]m[0xf2][0xb5][0xb4][0x9]/[0xa0]S[0xb9]~|[0xa5][0xb3][0xa9]v|[0xe5][0x9][0x99][0xd6]eh[0xe0][0xe1][0xe8][0x83][0x93][0x19]K[0xe8][0xf8][0xae]w[0x18]I[0xd9][0xcd][0x3]d[0xb2]f[0xd3][0x1]RI[0xde][0xa5],I[0x17]K[0xf2].[0xe5]I[0xba][0x9c][0xc6]0[[0x92].[0xe6][0xe4]][0x16]%[0xe9]bJ[0xde]eq[0x8f][0xf1]:[0x8d][0x8e][0x8a]$:R[0x93]w[0xb1]&apos;[0xe9][0x92][0x92][0xbc][0xcb][0x92][0x1e][0xcd]:M[0x87][0xa5]t[0xbb][0xea][0xde]AN[0xde][0xa1][0x8a][0xae]a[0xdd];H[0x8f]$[0xed]P[0x93][0xc4][0xb][0x91]\Gm[0x92].[0x98][0xac][0x8b][0xa0][0xfb] c[0x1d][0xfc][0x8e][0xe8][0x1b]0[0xc][0x8e][0xe1][0x87][0xf0][0x1a][0xb5][0xc9][0x86]c[0xf0]{[0xa2]^[0xa2][0xa0]o[0x5]D[0xff]Ht[0x1b][0xd1]?[0x1][0xaf].[0xc7][0xe0]uM[0xd1]1[0xf8]3[0xd1][0xc1]D[0xff]B[0xed]}D[0xff]J[0xb4][0x8d][0xe8][0xdf][0xa8]&gt;[0x97][0xe8][0x1b]DW[0x13]}[0x93][0xe8]J[0xa2][0xc7][0x89].%[0xfa][0x16][0xf0][\r][0xf3][0x18][0xbc][0xad][0x5][0xe5][0x18][0x9d][0xe8][0x10][0x1c]D[0xdf]![0x9a]E[0xf4]][0xa2][0x3][0x89][0xbe]Gt![0xd1][0xf7][0xc9][0xa5][0xfe]D? [0xbe][0x1f][0xd1][0x10]=J[0xf4][0x9f][0xe4][0xc1]([0xdc][0x8f][0xa3][0xe9]L[0xf3][0xaa][0xe8]/[0x6][0x82]EL&apos;?[0xd8][0xe9][0xb7]q[0xbf]h[0xa5][0xab][0xc2][0x9]q%[0xd3][0xff][0x0]PK[0x7][0x8][0x82][0xbc];i0[0x17][0x0][0x0][0xe1]7[0x0][0x0]PK[0x3][0x4][0x14][0x0][0x8][0x0][0x8][0x0][0xd4]|D5[0x0][0x0][0x0][0x0][0x0][0x0][0x0][0x0][0x0][0x0][0x0][0x0]-[0x0][0x0][0x0]com/sun/java/help/search/HTMLIndexerKit.class[0xa5]W[0xf9]w[0x13]U[0x14][0xfe][0xa6]M:[0xc9]0@)P[0xac]T,H%M!)[0xb8][0x97][\n]&quot;
2013-02-06 13:51:56,906 AAD-WS DEBUG wire:63 - &gt;&gt; &quot;H[0x17][0xa8][0x86][0x82][0xb6][0x82]-[0x88]L&apos;/[0xed][0xd0][0xe9]$L&amp;[0xb6][0xc5][0x5][0xf7][0x1d][0xdc][0x17][0x14][0xf7][0xa5][0xee][0xb2]H[0xea][0xb1][0x1e][0xf5]7[0xce][0xf1][0x8f][0xf2][0xf8][0xbd]IHK[0x17][0xad][0xda]s[0xfa][0xde][0xbc][0xfb][0xee][0xfd][0xee][0xfa][0xee]{[0xf9][0xe3][0xcf][0x9f]E96[0xe1]\[0x18]A[0xdc][0xa7]q[0xe8][0xd5][0xb0][0x19]}ryP[0xc5]!I[0xe9][0xb][0xe1][0xfe]0[0xe][0xe3][0x1]9[0x1c][0x91][0x83][0x11]&amp;O[0xbf][0xdc]3U$C[0x10][0x1a][0x16]#%e[0x6]$qPC[0x4][0x96][0x86]z[0x1c]U1[0xa4][0xc2][0xd6][0xb0][0x2][0xc3]rp4[0xac]DZngT[0x1c][0xb][0xc1][0x95][0x9f]Y[0xa9][0xd1][0x93]CN[0xc5][0x83]![0x8c]H[0xa0][0xd1][0x10][0xc6]4[0x1c][0xc7]CrxX[0xc5][0xa3]*Nh[0xb8][0x1e][0x8f][0xa9]x\[\n]&quot;
2013-02-06 13:51:56,907 AAD-WS DEBUG wire:63 - &gt;&gt; &quot;=[0x11][0xc6][0x93]xJ[0xc5][0xd3][0x1a][0x1a][0xa5][0x85][0xcf][0xc8][0xf9]Y9&lt;[0xa7][0xe1]y[0xbc][0xa0][0xe2]E[0x15]/)[0x80][0x2][0xbd][0xd3]q[0x84][0xdb]j[0x1b][0xd9][0xac][0xc8]*[0xa8][0xda][0xdd][0xb3]&apos;[0xb1][0xcf]p[0xb3][0xa4][0x19][0xb6][0xdd]o[0x98]C[\n]&quot;
2013-02-06 13:51:56,907 AAD-WS DEBUG wire:63 - &gt;&gt; &quot;[0x16]&apos;E[0xca][0xc8][0xd9]^[0x81][0xae][0xa0][0xe2][0xf2][0xc7][0xc6][0xc4]Q[0xe3]Ac4[0x9e][0x1d][0xb1][0x9c][0x81][0xb8]&apos;F[0xbd][0xf8][0xa0]7l[0xc7]%H{[0xd2][0xf2][0xd2][0xee]][0x96][0xb7][0xbe][0xc0][0xbd]U[0xc1][0xd2]&quot;[0xce][0x14]rK[0xc2]L[0xf][0xc7][0xb3]9&apos;.[0x81][0xe2][0x83][0xc2][0xce][0xc4][0xb3][0xc2]p[0xcd]A[0x1f][0xa3][0xd3]I[0x8a]Q[0xe1][0x83][0xcc][0xb6][0x8b][0x80]jW[0xfb][0x81]DgW[0xbb][0x82][0xb2][0x83][0xad][\n]&quot;
2013-02-06 13:51:56,907 AAD-WS DEBUG wire:63 - &gt;&gt; &quot;[0xc2]I[0xd1][0x9f][0x1b][0xe8][0xb0][0x8d][0x1][0x5]J[0x1f][0xed]l[0xb1][0x1c][0xcb][0xdb][0xa6][0xa0]&lt;[0xd2][0xb0]_A[0xa0]5[0x9d][0x14][0xb4]&quot;a9[0xa2]+7[0xdc]/[0xdc][0x1e][0xa3][0xdf]&amp;%h[0xda]i[0x87][0xf3][0x8a]H[0x83][0xef]P[0xdc]6[0xe8][0xce][0xde][0xfe][0xa3][0xc2][0xf4][0xa8]e[0xc9][0x80][0xf0]Z[0xd3][0x8e]&apos;[0x1c][0xaf]g,3[0x8b][0xaf][0xdb]s[0xe9]=[0xf9][0x82][0x19]i[0x9f][0x82]d[0xa4][0xb0]k[0xa5][0xe3][0xf7][0x8]#I[0xd7]gs[0xf7][0x15]#7[0xdd]c[0xdf][0xdb][0x9d]9[0xcb].[0x89]\[0xb9]O[0x1b]R[0xd6]@[0x87]e[0x8b][0xad][0xd2][0x1d][0xad]}[0xd4][0x14][0x19][0xcf]J;[0xcc][[0x98]6^[0xce]J[0xac]h[0xde][0x82][0xf3][0xb2][0xac]$&lt;[0x95][0x99]C[0x91][0xf9],[0xf4][0xf3][0xb1][0xb5][0xe1][0xff]e.[0xe8][0xa7]J[0xc1][0xca][0xc8][0xec][0xd8][0xf8][0xce][0x19][0xa6])[0xb2][0xd9][0xf5][0x9b][0x9b][0x9a][0x14]l[0x8b],T[0xd9][0x1c][0x91][0x96]h[0xe1][0xee]1[0xc7][0x1b][0x14][0x9e]e*Xt[0x19][0xf9][0x6][0x9][0x1d][0x88]4[0xc8][0xca][0x9][0xb5][0x98]v[0xb1]V[0xb4][0xee]t[0xce]5[0x85][0xc][0xb3][0x82][0xe5]W[0xc2][0xc7]$[0xba][0x8e][0xad]h[0xd1][0xd1][0x85][0xbd]:[0xb6]c[0x87][0x8e][0xdb]A[0xb1][\r][0xb][0xb4][0x90][0xc6][0x94][0xf2][0xa1][0xe2][0xa4][0x8e]SxY[0xc7]+xU[0xc7]kx][0xc7][0x1b][0xd8][0xa6][0xe3]N[0xdc]E[0xdd][0x97][0x8b][0xa8]so)[0xd3][0xcc]U[0xab][0xe1]l[0xf0][0xea][0xec][0xb4][0x91][0xac][0xf3][0xeb][0xcd][0x95]V[0xd0][0x94][0xdb][0xd0][0xac]#[0x81]=:[0xde][0x94]F[0xed][0xc2];[\n]&quot;
2013-02-06 13:51:56,908 AAD-WS DEBUG wire:63 - &gt;&gt; &quot;&quot;[0xb3][0xca][0xa0]u[0x90][0xa1][0x11]INn[0xb7][0xf0][0xa6][0xe1]6[0xcd]k[0xff]&lt;&quot;:N[0xa3]C[0xc7][0xbb]xO[0x1a]pF[0xc7][0xfb][0xd8][0xa1][0xa0]~[0x96][0xc6][0x9d]F2[0x91]6[\r])2M]U[0xc1][0x8d][0x94][0x9d][0xcb][0xe][0x96][0xfc][0xf8]@[0x2]~([0x9d][0xf9]Hb-[0x9f][0xca][0xe5][0xec][0x0]dY[0xc4][0xa2][0xce][0xb3]&lt;[[0xe8][0xb8][0x19][0xb7][0xb2][0x19][0xf9][0xaa]c[0xbe][0xea][0x98]T[0x1d][0x93]1[0x8e][0x15][0xc0]c[0x85][\n]&quot;
2013-02-06 13:51:56,908 AAD-WS DEBUG wire:63 - &gt;&gt; &quot;l[0x13][0xb6][0x18]0([0xaa][0xe2]c[0x1d][0x9f][0xe0]S[0x1d][0x9f][0xa1]M[0xc5][0xe7][\n]&quot;
2013-02-06 13:51:56,908 AAD-WS DEBUG wire:63 - &gt;&gt; &quot;[0xa2][0xb]?2W[0x98][0xd6]3[0xe8][0xa6]Gd[0x1f][0xd1][0xf1][0x85][0xb4][0xba][0xf9][0xbf][0x9f][0xb][0x19][0xc8]q[0x15]_[0xea][0xf8][\n]&quot;
2013-02-06 13:51:56,909 AAD-WS DEBUG wire:63 - &gt;&gt; &quot;_+[0xa8][0x9e]Y[0xcb];s[0xa9][0x94][0xd4]^y%Rs[0x9d][0x8e]o[0xf0][0xad][0x8e][0xef][0xd0][0xa1][0xe2]{[0x1d]?`/[0xfd][0x99][0xd7][0x8e][0xb6]B[0x17][0x9e]^[0x93][\r][0xb]5z[0xb3][0x82][0xda][0xbf][0xeb][0xb][0xec][0xc9][0xfd][0x85][0xe][0xa6][0xa0][0xee][0x9f]z[0x1c];[0xb4][0xe9][0xf7]4[0x5]k[0xfe][0xbe][0xdf][0xf1][0xa0][0xa6][0xfc][0x3]Y5W[0xe3]][0x9a]L[0x9b][0xb9]a[0xb6][0xe7]n[0xcf]p=[0x91][0xe4]![0x96][0x87][0xd9]2l[0xeb][0xb8]Pq[0x96]-|f{[0xdb]=w[0x8f]^X[0xfe]K}[0xac]O6[0x17][0xff]z([0x1c][0x8e][0xee][0x8c]`[0x87][0xa9][0x1c][0x12]c[0xed][0xc7]r[0x86][0x9d]-[0x92][0xfd][0xb][0x88][0xf7]Q[0xf5][0x1c][0xcd][0xce][0x87][0x8][0xfa][0xe7][0x80]m[0x88]P=[0xb2][0xa4][0xe9][0x81]_[0xe0][0xc5]E[0xa5]p[0x92][0xdd]r[0xdd]Vt[0x94]&gt;O![0xf9][0x97]7[0x3][0x9f]J[0xbb]][0xc6]0[0xd9][0xeb][0xe7]j[0xaa][0x89][0x19][0x2][0x8c][0xdb]&quot;G[0x8c]t:Y[0xcf]pLJ][0xb7][0x80][0x0]Po[0x86]p2[0xd0][0xe6]P[0x8f]kH[0xb9];[0xff]ew[0x9e][0xff]Ja$*[0xa7][0x19]&gt;[0x96][0xf5][0xc4]0c&apos;\[0x16][0xd3][0xca]R[0xbe][0xf6][0x15][0xc]p[0x85]1,+[0xc8][0xc8]d[0x18][0x1d][0x1e][0xff]pz[0xfa][0x11][0xa2]\[0xc8]K[0x17]([0xd3][0x1a][0xed]4d[0x86][0xd3]w[0xd4]f[0xc7][0xd9][0xf2][0xef]+[0x3]k[0xf9]J[0xdb][0xc] [0x0]Mv&apos;~i[0xb2]C[0xfb]3[0xaf][0xf][0xce]e[0xf2][0xde][0xf0][0xd7][0x8a][0xbc]F8[0xde][0xc1]U[0x94]tER[0xa3][0x13]([0x8f][0x96]_D[0xe0][0x1c][0xe4]3m&apos;[0xc7]%|[0x8c][0x2]M[0x8][0x4]^E[0x18][HmE[Q[0xae][0xae]([0x17][0x9a]D[0xb0]w[0x2][0x15]gKR[0x15]&gt;[0xbd][0x85]c;:[0x8a][0xdc][0xab]9Kjy[0x95]:[0x93]q[0x17][0xc7]][0xd8]M82*[0xf5]t D[0xea][0xfb][0xd1][0x9a][0xc0]E[0x84][0xa2]5[0xc1][0x8b][0x8]G7^[0xa4]}[0xb4]mQ4[0xf][0xbd][0xb9][0xa2][0xa6][0xe2][0x12][0x16]Obqo[0xd5][0x92][0x9],[0xfd][0xed]&lt;*/q[0x8b]{[0xcb].[0xa0][0x92][0xab]&lt;[0xaa]j*[0x1a][0xf9]qM[0x1e][0xcb][0xc7][0xb1][0xaa]Y[0x9d][0xc4][0xca][0xde][0x1a]5[0x8f]j9[0xac][0x9a][0xc0]U[0xbf][0xf9]l5[0xe3]X*7[0x89][0xb4]Z&quot;E}jm[0x1e][0xd7][0x10]l[0xcd][0xd4]f[0x9d][0xbf][0xa9]H[0x83]8[0x84][0xcf]1.[0xdb][0xd1][0xc9][0xcb]o[0x5][0x8e] [0x5][0xb]W#[0xc7][0x7][0xf0]3[0xb8][0xb6][0xe8][0xda]a[0xac][0xe2]x[0x90].[0x1e][0x82][0x8e][0xfb][0xb1][0x8c][0x94]j[0xf2][0xd6][0xc2]`[0xa6][0xfa][0xf9].N2[[0x82][0x19][0x1a] [0x92]E[0xac][0xa3]D[0x1b]&quot;[0xc7]1[0xe2][0xb9][0xa4]d[0x89]8[0x82][0x13][0x18]%[0xee][0x18][0x91][0x8f][0xf3][0xb6]~[0x4]o[0xe3]Q[0x9c]![0xb5][0xd3][0xcf]4[0x1f][0xca][0x1c]yw[0x17][0xa3][0xbc][0x9f]s[0x19][0xe7]u[0xe7][0xb1][0xf6][0x12]VW[0xad][0xfb][0x9][0xd7]%[0x1a][0xf3]X[0xff];[0xea]/`[0xed]8Br[0xb5][0x81][0xbb]g[0xc9]YA[0x8b]j[0xf8][0x86]/X|5[0xd7][0xc0][0xb][0x1c]_[0xa2][0xc5]&apos;[0xb9]w[0x8a][0xbb]/c[\r][0xf5]*[0xf2][0x9a]/[0xea]XG[0x8d]R[0x87]6[0x89]Ho[0xb4]q[0x2][\r]3[0x13]z[0x86][0xfb]|[0xab][0x14][0xf9][0xef]`[0xac]$[0xff][0xda][0xe8][0x8f][0x8][0x9c]F[0xed]yD&apos;[0xd1][0xc8][0x8a][0xd9]X[0xb5])[0x8f][0x18][0xed][0x89][0xe5][0x11][0xcf][0xa3]iF[0xd9][0x5]^[0x87][0x1a]x[0x3]u[0x81][0xb7]X[0xf][0xfb]pw[0xa1]&gt;hN[0x99][0xf]W!U[0x97][0x9d][0x9b][0xa1][0xba][0x11][0xf7]@[0xfe][0x85][0xd0][0x8d][0x9e][0xa2]D[0xad][0xbf]C[0xc0][0xf3]Pf[0x9a]:[0xc5]o[0xe9]@l[0xf3][0x8b][0x1e][0xa8]V[0x18]2[0xfe]W[0x6]~[0x9]^[0x80]B[0xe9][0xf2]J[0xed][0xde])[0x8d][0xd5]&lt;p[0xe0][0xbb]![0x80][0x8f])[0xff][0x5][0xad][0x1e][0xe7][0xaf][0xa9][0x8f][0xa8]u[0xbf][0xd8][0xe][0xe0][0xc6]b[0xb8][0xb6][0xf8][0x9c][0xe0][0xcf][0xa4] n[0xa2]t=[0x13]yK [0x8c][0xb7][0xfc][0x84][0x86][0xff][0x2]PK[0x7][0x8]x&gt;[0xe9][0x8c][0x95][0x6][0x0][0x0][0xf6][\r][0x0][0x0]PK[0x3][0x4][0x14][0x0][0x8][0x0][0x8][0x0][0xd4]|D5[0x0][0x0][0x0][0x0][0x0][0x0][0x0][0x0][0x0][0x0][0x0][0x0]2[0x0][0x0][0x0]com/sun/java/help/search/PlainTextIndexerKit.class[0x85]U[W[0x1b]U[0x14][0xfe][0x6][0x92]L2[0x8e][0x4]R[0xa0][\r][0xa5]5[0xbd]h[0xc3]@;[0xb5][\n]&quot;
2013-02-06 13:51:56,909 AAD-WS DEBUG wire:63 - &gt;&gt; &quot;U[0xa8][0xb5][0x5][0x8a]F[0x90]&quot;[0xa4][0xb4]P[0xbc]L[0x92][0x93]0t2[0x13]&apos;[0x13][0x17][0xf5]E[0xff][0x86]o[0xbe][0xf5][0xb5]uIp[0x89][0xab][0xbe][0xfb]+[0xf4][0x8f][0xa8][0xdf][0x99][0xa4]4\[0xaa][0xf][0xd9]{[0xce]&gt;{[0xfb]~[0xf2][0xc7][0xdf][0xbf]&gt;G7.[0xc3][0xd7][0x90][0xc1][0xb5][0x4][0xa2]xG[0xc3][0xbb][0x18]O`[0x2][0xd7]U[0xbc][0xa7]Qr-[0x8e][0xf7]ULj[0x88][0xcb][0xcf])[0xc9]oH[0xf2][0x81][0xbc][0xbc])5?[0x94][0xe4][0x96]$[0xb7][0x13][0xc4][0x99]V1[0xa3]![0x85]Y[0x9]zG[0xc3][0x1c]&gt;[0x8a][0xe3]cy[0xc8]I[0xf2][0x89][0x8a]y[0x15][0xb]q|[0xaa]a[0x8][0x8b][0x9][0xdc][0xc5]R[0x1c][0x9f]iX[0xc6][0x8a][0x8a][0xbc][0x82]DI[0x14][0x1a][0x95]9[0xc7][0xaa](P[0xd6][0x15][0xc4]n[0xd8][0xae][0x1d][0xdc]T[0xd0][0x9d][0x1d]YU[0x10][0x99][0xf1]JBAr[0xc1]v[0xc5]b[0xa3]Z[0x10]~[0xde]*8[0x94]D[0x8b][0x8e][0xe7][0x92][0xf7]gG[0x16][0xb6][0xac]o,[0xd3][0xb1][0xdc][0x8a]y[0xb7][0xb0]%[0x8a][0xc1][0x94][0x82][0x9e][0x8a][0x8]f&lt;7[0x10]n[0x90]\;[0xa2][0xb7][0x12][0xf8][0xb6][[0xa1]^[0xb4]f[0xf9]u^[0x97][0xb2][0xad][[0xdb]3[0x97][0x85]U[0x12][0xfe][0xd4]Q[0xed][0xf5]P[0xb4]mn[\n]&quot;
2013-02-06 13:51:56,910 AAD-WS DEBUG wire:63 - &gt;&gt; &quot;[0xa7]f[0xd6][0x85][0xe5][0x17]7[0xcd][0x9c][[0x12][0xdb][0xd3][\r][0xdb][0xd9]79x[0xcf][0x18][0xca]ve[0xce]v[0xc4][0x94]LG[0xbb][0xb3]][0x14][0xb5][0xc0][0xf6][0xdc]:}[0x87][0xa9]+[0x18][0xc8][0x1e][0xf5][0x15]*[0xaf]x[\r][0xbf]([0xa4][0xb1][0x82]SK[0x8e]e[0xbb]y[0xb1][0x1d][0x84].[0x85]?o[0x7]W[0xa4][0x99][0x8e][0xb][0xb8][0xa8][0xe3][0x1c][0xce][0xab][0xb8][0xa7]c[0x15][0xf7]U&lt;[0xd0][0xb1][0x6][0x16]s[0xac][0xe8]U[0xcd]z[0xc3]5C[0xfc][0xce][0xb8][0x8e]A[0xa3][0xc3][0x80][0x2][0xb3]&amp;[0xaf][0x14][0xc][0x1e][0x8e]i[0xba]Q.[0xb]_A\[0x96][0x8c][0xe7][0x8c][0x8e][0x87][0xd8][0xd0][0xf1]9[0xc][0x1d]W`[0xea][0xf8][0x2]_[0xea][0xf8][\n]&quot;
2013-02-06 13:51:56,910 AAD-WS DEBUG wire:63 - &gt;&gt; &quot;[0xc][0xa9][0x80][0xa2][0x8e][0x12][0xce]+[0xe8]=[0xc]#[0xe3][0x15]:[0xca][0xa8][0xa8][0xd8][0xd4]ac[0x8b][0x90][0x8b]^&amp;o[0x7][0xe][0xe5][0x8f]$[0x90][0x83][0x8b][\n]&quot;
2013-02-06 13:51:56,911 AAD-WS DEBUG wire:63 - &gt;&gt; &quot;N[0xbc][0xb4][0xdc][0xaf][0xda][0xb])[0xdb][0x94][0xbb][0xdb]![0xed][0x9b][0xb1][0xdc]KA[0xa6][0x1e]x[0xbe][0xc8][0x4]-[0xa4][0xb]0UTu[0xb8][0xf0]X[0xe3]c[0x12][0x9e][0xcc][0xa8][0xa8][0xe9][0xf8][0x1a][0xa6][0x2][0xe3][0x95][0x95][0x9a][0x15]e[0xab][0xe1][0x1c][0xa8]S+[0xa7]F`;[0xe6][0x82]W[0xb4]d{4[0xce][[[0xb3]c[0xd6]:T8k[0xc3][0xaf][0x18][0x9f]6j[0xcc]ic[0xa5][0x8e]3[0x8e]Y[0xb5][0x9a]pK[0xec][0xe9]q[0xd3]rD[0xd4]j[0x16][0xed][0xe2][0x81][0xd7][0x92](P[0xb][0xad]9U[0x90][0xf9][0xbf]I[0xa6][0xbf]b8[0xb9][\n]&quot;
2013-02-06 13:51:56,911 AAD-WS DEBUG wire:63 - &gt;&gt; &quot;[0xce][0xfe][0xf7]TsE[0xcb]vG[0xd4][0x7][0xd7]+Y[0xf2][0x8a][0x8d]*[0x97]p%[0xb0][0xfc]@0[0xfc]h[0xf6][0xe1][0x8c][0x1c][0xee]d[0xb8]x97[0xf0][0xf2][0xde]#![0xd7]a[0xf0][0x98][0xc4]r#9[0xee][0xf2][0xc1][0xcd][0xa4]G[0x9f][0x1f][0xcc][0x87]P[0xb9]PC[0xb][0x1b][0x1f]N[0x10][0xbb][0xc3]2[0xad][0xc8][0xf3]l[0xdb][0xf7][0xc1]!|\[0xf]D[0x95][0xcf][0x8b][0xf0][0x89]4[0xb0][0xbf][0xf5]K[0xf4][0xc7]([0x89]\[0x9d][0xea][0x98][0xb2][0xe]1[0x1d][0xd6][0xe4][0xc9]q[0xb9]lQ[0xbe]m[0x80][0x82].[0xb9]x[0xfc][0x8a][0xf2][0x9b]{H[0xfa]&amp;O[0xe3][0x94]+[0xe4]}[0xc6].[0x14][0xa3]{[0x7]][0xc6]/ [0x8b]&lt;[0xb][0x8d][0xde]&quot;M!B:BZC[0x2][0x6]z1[0xca][0x9b]K[0xc8][0xb6]!2m[0x88][0xf8][0x1e][0xa2]k[0xbb][0x88]=[0xdd][0xb7][0x8c][0x85][0xf2]q[0xd2][0x11][0xda][0xb5][0xb4]O[0x93]KiwJ=[0xac]x[0x8b]t[0x14]c[0x84][0x93][0x8a][0xd2][0xa1]F[0xfe][0xbd][0xb1][0x87]8q[0x13])[0xad][0x89][0xd7][0xc6][0xf8]kB[0xdf][0xc5][0xeb]F:[0xb2][0x83][0x1e]#[0x1d][0xdd]A[0xd2][0x18][0xdb]A[0xaf][0x8c][0xbe]/2[0x11][0xeb][0xeb][0xc5]o[0xd1]I[0xf5][0x9][0xfa]i[0x99]ZK[0xab][0xbb]81[0x10]k[0xa2]&quot;6[0x9a]V[0xbb][0xd3][0xea][0xf3]&amp;[0x6][0xd6]&amp;[0xe2]]?[0xfe][0xf3][0x97][0x91][0x1a]l[0xe2][0xa4][0xd1][0xc4][0xa9]&apos;HN&amp;[0xf6]0[0xb4][0x96]:[0xbd][0x8b][0xe1][0xdf][\r]E[0x82][0x93]$[0x9f]1[0xaa][\r]&gt;[0x2]6[0xd2][0xed]h[0xe7][0xd0]G[0xba][0x8c][0x93][0xc8][0xe3][0xc][0xee][0xb1][0x9a][0xab],[0xc6]}[0xfe]_=[0xc0]U[0xac][0xe3]:[0xf5]&apos;[0xf9][0xd8][0xcc][0x93]o[0xc0][0xe2][0x13]S[0xa0]}[0x91][0x8]%4P[0xc1][0xb7][0xd8][0xc4]w&lt;]&amp;J[0x84][0x98]C[0xcc][0x98][0xaf]R[0xbb]@[0xb7][0xf9][0xcf][0xd7]E~[0xce][0xf8][0x19]]?`[0xf8]&apos;[0x9c]yQ[0x80][0xb3]L~[0xb4]U[0x80]&amp;[0xde]x[0xd9][0xa1][0x1e][0x9a][0x0]&gt;T[0xd4][0xd9][0x8d][0x6][0xa5]Wy[0xee][0xc2][0xdb][0xff][0x2]PK[0x7][0x8][0x1b][0xba][0xf7]2[0x9][0x4][0x0][0x0]I[0x7][0x0][0x0]PK[0x3][0x4][\n]&quot;
2013-02-06 13:51:56,911 AAD-WS DEBUG wire:63 - &gt;&gt; &quot;[0x0][0x0][0x0][0x0][0x0][0xd4]|D5[0x0][0x0][0x0][0x0][0x0][0x0][0x0][0x0][0x0][0x0][0x0][0x0][0x6][0x0][0x0][0x0]javax/PK[0x3][0x4][\n]&quot;
2013-02-06 13:51:56,912 AAD-WS DEBUG wire:63 - &gt;&gt; &quot;[0x0][0x0][0x0][0x0][0x0][0xd4]|D5[0x0][0x0][0x0][0x0][0x0][0x0][0x0][0x0][0x0][0x0][0x0][0x0][0xb][0x0][0x0][0x0]javax/help/PK[0x3][0x4][\n]&quot;
2013-02-06 13:51:56,912 AAD-WS DEBUG wire:63 - &gt;&gt; &quot;[0x0][0x0][0x0][0x0][0x0][0xd4]|D5[0x0][0x0][0x0][0x0][0x0][0x0][0x0][0x0][0x0][0x0][0x0][0x0][0x10][0x0][0x0][0x0]javax/help/plaf/PK[0x3][0x4][\n]&quot;
2013-02-06 13:51:56,913 AAD-WS DEBUG wire:63 - &gt;&gt; &quot;[0x0][0x0][0x0][0x0][0x0][0xd4]|D5[0x0][0x0][0x0][0x0][0x0][0x0][0x0][0x0][0x0][0x0][0x0][0x0][0x16][0x0][0x0][0x0]javax/help/plaf/basic/PK[0x3][0x4][\n]&quot;
2013-02-06 13:51:56,913 AAD-WS DEBUG wire:77 - &gt;&gt; &quot;[0x0][0x0][0x0][0x0][0x0][0xd4]|D5[0x0][0x0][0x0][0x0][0x0][0x0][0x0][0x0][0x0][0x0][0x0][0x0][0x1d][0x0][0x0]&quot;
2013-02-06 13:51:56,914 AAD-WS DEBUG wire:63 - &gt;&gt; &quot;[0x0]javax/help/plaf/basic/images/PK[0x3][0x4][0x14][0x0][0x8][0x0][0x8][0x0][0xd4]|D5[0x0][0x0][0x0][0x0][0x0][0x0][0x0][0x0][0x0][0x0][0x0][0x0]%[0x0][0x0][0x0]javax/help/plaf/basic/images/Back.gifs[0xf7]t[0xb3][0xb0]L[0x94]`[0x90]`[0xb8][0xfa][0x9f][0xe1][0xff][0xff][0xff]O[0x9e][0xfe]{[0xfc][0xf8][0xef][0xc3][0x87][0xbf][0x1f][0xdc][0xff]y[0xf7][0xde][0xf7][0xdb][0xb7][0xbf][0xdc][0xbc][0xf9][0xe9][0xe6][0xcd]g[0xd7][0xaf][0xb8]r[0xe5][0xdd][0xa5]K[0xaf][0xcf][0x9f]y[0xf6][0xdc][0xf3][0xd3][0xa7][0x9f][0x9e]&lt;[0xf9][0xf8][0xf8][0xb1][0x7]G[0x8f][0xdc];t[0xe8][0xf6][0x81][0x3]7[0xf][0x1c]8{[0xe0][0xc0][0x99][0xbd]{[0xaf][0xef][0xde]}u[0xe7][0xce][0xcb][0xdb][0xb7]_[0xdc][0xba][0xed][0xfc][0xd6][0xad][0xe7][0xb7]l9[0xbb]y[0xf3][0x99]u[0xeb][0x8e][0xaf]Ysl[0xc5][0x8a][0x83][0xcb][0x96][0xed]_[0xb8]`[0xd7][0xbc]y;f[0xcd][0xda]&lt;c[0xc6][0xc6])S[0xd6]N[0x9c][0xb8][0xaa][0xb7]wYW[0xd7][0xe2][0xb6][0xb6][0xf9]--s[0x9b][0x9b][0xe6]46[0xce]jh[0x98]il[0x9c][0xc6][0xc0][0xc0]p[0xe0][0xc0][0x1][0x6][0xa2][0x81][0xe2]O[0x16]F[0x6][0x6]C[0x6][0x1d][0x10][0x7][0xe4]&apos;[0x7][0xb6][0x82][0x3]3[\n]&quot;
2013-02-06 13:51:56,914 AAD-WS DEBUG wire:63 - &gt;&gt; &quot;&lt;t[0xa4][0xfa]]$[0x9a][0x16][0x5]V[0xc6]10[0x14]q[0x5][0xb7][0xac]a[0xbd]Q[0xb2]:%k[0xbb]S[0x84][[0xaa]c[0xe4][0xbe][0x7]&amp;![0xb3][0xdc][0x16][0xdd]v^[0xba]ted[0xf3][0xee][0x12]k[0x1b][0x19]CS[0xf][0xde][0xfc][0xea]D[0x16]9[0xc6][0xaa][0xe6][0xce][0xae]\[0xaf][0xa6][0x82][\n]&quot;
2013-02-06 13:51:56,914 AAD-WS DEBUG wire:63 - &gt;&gt; &quot;[0xad][0xd2][0xea][0x9][0xfe][0x81]=[0xde][0x95][0xd3]2&apos;[0x94][0xce][0x9a][0x9c]Z+[0xd8][0xd7]S[0xcf][0xab][0xcc][0xb5]x6[0xab]&quot;k[0x9b]~[0xb7]A[0xfb][0xbc][0xae][0x9c][0xee][0x4]G[0x6][0xc5][0xfe][0xce][0xf9][0x5][0x95]E[0x99][0xe9][0x19]%[\n]&quot;
2013-02-06 13:51:56,915 AAD-WS DEBUG wire:63 - &gt;&gt; &quot;F[0x6][0x6][0x6][\n]&quot;
2013-02-06 13:51:56,915 AAD-WS DEBUG wire:63 - &gt;&gt; &quot;I[0x95][\n]&quot;
2013-02-06 13:51:56,915 AAD-WS DEBUG wire:63 - &gt;&gt; &quot;[0xc1][0xa5]y[\n]&quot;
2013-02-06 13:51:56,916 AAD-WS DEBUG wire:63 - &gt;&gt; &quot;[0xbe][0x99][0xc9]E[0xf9][0xc5][0x95][0xc5]%[0xa9][0xb9][0xc5]:[\n]&quot;
2013-02-06 13:51:56,916 AAD-WS DEBUG wire:63 - &gt;&gt; &quot;[0x9e]y[0xc9]z[\n]&quot;
2013-02-06 13:51:56,916 AAD-WS DEBUG wire:63 - &gt;&gt; &quot;[0x8e]99[\n]&quot;
2013-02-06 13:51:56,917 AAD-WS DEBUG wire:63 - &gt;&gt; &quot;A [0x85][0xc5][\n]&quot;
2013-02-06 13:51:56,917 AAD-WS DEBUG wire:63 - &gt;&gt; &quot;A[0xa9][0xc5][0xa9]Ee[0xa9])z[0xbc]\^&gt;n[\n]&quot;
2013-02-06 13:51:56,917 AAD-WS DEBUG wire:63 - &gt;&gt; &quot;[0xee]A[\n]&quot;
2013-02-06 13:51:56,918 AAD-WS DEBUG wire:63 - &gt;&gt; &quot;a[0xa9]E[\n]&quot;
2013-02-06 13:51:56,918 AAD-WS DEBUG wire:63 - &gt;&gt; &quot;[0x86]z[0x6][0xbc]\[0xc][0xd6][0x0]PK[0x7][0x8][0xea][0xd0][0x99][0xda][0x8e][0x1][0x0][0x0][0xa6][0x1][0x0][0x0]PK[0x3][0x4][0x14][0x0][0x8][0x0][0x8][0x0][0xd4]|D5[0x0][0x0][0x0][0x0][0x0][0x0][0x0][0x0][0x0][0x0][0x0][0x0]([0x0][0x0][0x0]javax/help/plaf/basic/images/Forward.gif[0x1][0xb2][0x1]M[0xfe]GIF89a[0x18][0x0][0x18][0x0][0xd5][0xff][0x0][0xff][0xff][0xff][0xe6][0xe6][0xff][0xe5][0xe5][0xfe][0xe3][0xe3][0xfc][0xe1][0xe1][0xfb][0xe0][0xdf][0xf9][0xde][0xdd][0xf7][0xdd][0xdd][0xf7][0xdb][0xdb][0xf5][0xdb][0xdb][0xf4][0xd9][0xd9][0xf2][0xd9][0xd9][0xe6][0xd7][0xd6][0xf0][0xd4][0xd4][0xee][0xd2][0xd2][0xeb][0xd0][0xd0][0xe9][0xd0][0xcf][0xe9][0xcd][0xcd][0xe7][0xcb][0xcb][0xe5][0xc9][0xc9][0xe3][0xc7][0xc7][0xe0][0xc4][0xc4][0xde][0xc2][0xc2][0xdc][0xc0][0xc0][0xcc][0xbf][0xc0][0xd9][0xbd][0xbe][0xd7][0xbb][0xbb][0xd4][0xb9][0xb9][0xd3][0xb7][0xb7][0xd0][0xb5][0xb5][0xcf][0xb4][0xb4][0xce][0xb3][0xb3][0xcc][0xb0][0xb0][0xc9][0xae][0xae][0xc7][0xac][0xac][0xc5][0xaa][0xaa][0xc3][0xa8][0xa8][0xc1][0xa7][0xa7][0xc1][0xa5][0xa5][0xbf][0xa3][0xa3][0xbd][0xa3][0xa3][0xbc][0xa1][0xa0][0xba][0xa0][0xa1][0xba][0x9e][0x9e][0xb8][0x9c][0x9c][0xb5][0x9a][0x9a][0xb3][0x96][0x96][0xaf][0x94][0x94][0xad][0x8f][0x8f][0xa8][0x8d][0x8d][0xa6][0x88][0x88][0xa1][0x86][0x86][0x9f][0x82][0x83][0x9b][0x81][0x81][0x9a][0x80][0x80][0x99]33f[0x0][0x0][0x0][0xc0][0xc0][0xc0][0x0][0x0][0x0][0x0][0x0][0x0][0x0][0x0][0x0][0x0][0x0][0x0][0x0][0x0][0x0][0x0][0x0][0x0]![0xf9][0x4][0x1][0x0][0x0]9[0x0],[0x0][0x0][0x0][0x0][0x18][0x0][0x18][0x0]@[0x6]|[0xc0][0x9c]pH,[0x1a][0x8f]D\f[0x96][0x89]Up[0xc8]#[0xce]P2[0x84][0xc]7[0x0] j[0xc4]-.[0x1d](w[0x9c][0xc3]AV[\r]S#[0xbb]%[0xb3][0xc9]Q1[0xbc][0xdb][0x99][0x85]f[0xe1][0xb9][0x94][0xe2][0x8a][0xb8][0x1a]rd8i[\r]Wo[0x82][0x1][0x1d][0x1][0x87]z[0x8d][0x8e][0x8d]^[0x81]z^`x[0x92]s8wu[0x19][0x97]p8[0x18]0[0x15]}[0x9d][0x82][0x11],[0x84]7[0x93][0x84]&amp;XZ[0x9e][0xc][0xac]![0x5][0x8c]\S%[0x5]![0x8b][0xae][0x90][0xba]m[0x8f]9[0xbe][0xbf][0x8d]A[0x0]![0xfe]OCopyright 2000 by Sun Microsystems, Inc. All Rights Reserved.[\r][\n]&quot;
2013-02-06 13:51:56,918 AAD-WS DEBUG wire:63 - &gt;&gt; &quot;JLF GR Ver 1.0[\r][\n]&quot;
2013-02-06 13:51:56,919 AAD-WS DEBUG wire:63 - &gt;&gt; &quot;[0x0];PK[0x7][0x8][0x13][0x18]1[0xd9][0xb7][0x1][0x0][0x0][0xb2][0x1][0x0][0x0]PK[0x3][0x4][0x14][0x0][0x8][0x0][0x8][0x0][0xd4]|D5[0x0][0x0][0x0][0x0][0x0][0x0][0x0][0x0][0x0][0x0][0x0][0x0]&amp;[0x0][0x0][0x0]javax/help/plaf/basic/images/Print.gifs[0xf7]t[0xb3][0xb0]L[0x94]`[0x90]`[0xb8][0xfa][0x9f][0xe1]?[0x8]0&lt;[0x7][0x82]g@[0xf4][0xc]H[0xdc][0x1][0x81][0xdb][0xb7]o[0xdf][0xb9]}[0xeb][0xff]- [0xba][0xf9][0xff][0xfa][0xb5][0xbf]W[0xaf][0xfc][0xbe]|[0xe9][0xc7][0xc5][0x8b][0xdf][0xcf][0x9d][0xfb]r[0xf6][0xcc][0xa7]3g[0xfe][0x9f]9s[0xe6][0xf4][0xe9][0x8f][0xa7]N[0xbe]?q[0xfc][0xed][0xd1][0xa3]o[0xe][0x1e]|z[0xf0][0xc0][0xd3][0x83][0xfb][0x9f][0x1e]8[0xf0][0xf4][0xc0][0xfe][0xa7][0xfb][0xf7]?[0xdb][0xb7][0xef][0xc9][0xbe][0xbd]O[0xf6][0xee]}[0xbc]w[0xcf][0xa3]=[0xbb][0x81][0xe8][0xe1][0xae]][0xf]v[0xee][0xbc][0xbf]c[0xc7][0xbd][0xed][0xdb][0xef]n[0xd9]rk[0xf3][0xe6][0x9b][0x9b]6m[0xda][0x8][0x2][0x1b]6n[0xb8][0xb6]a[0xc3][0x86]u[0xeb][0xae][0xac]Ysi[0xf5][0xaa][0xb]+V[0x9c]][0xba][0xf4][0xcc][0xe2][0xc5][0xa7][0x16],8[0xbe]`[0xc1][0x82]Y[0xb3][0xe][0xce][0x9c][0xb9][0xe6][0xcc][0x99][0xc6]g[0x18][0x80][0xe0][0xc0][0x81][0x3][0xc]0[0xa0][0xf8][0x93][0x85][0x91][0x81][0xc1][0x86]A[0x7][0xc4][0x1][0xf9][0xc9][0x81]m[0xab][0xc3][0xbc][0x2][0xf][0x1d][0xa9][0xfe]=[0xb2][0xf][0xbe]Te[0x8][0x9d][0xbf][0x94][0xba][0xdc]F[0xab][0xf8][0xc6][0x9a]2[0xeb][0x95]RS[0xd5][0xef][0xbc][0xbc]v[0xd3][0x93]!N[0xa5][0xf4]l[0xde][0xfa][0xb5][0xef]~H-[0x98][0xf6]~B[0xbc][0x3][0xf7][0xf5]JC[0x3][0xce][0xb4][0xcc],[0x6][0x1][0xd9][0x0]NY1[0xe3][0xc4]f[0xe7]pa[0xcb][0x89][0xc2]flZLZ[0x8c][0x8c]VV[0xb1]%[0xfd][0xc][0x93][0xa6]N_[0xc2]f6yR_[0xc5][0xea]5k[[0x18]6l[0xc][0x99][0xbf][0xc6]+[0xa9]F[0x97][0xa7]iK[0xc5]6[0x1f][0xfe][0x86][0x86][0xcd][[0x19][0x8c][0x4][0xfc][0x1b]d[0xc5]M[0xd5]W[0xb9]x[0xb5][0xfb][0xcb][0x8a][0xf6]$[0x9d][0xf3][0xda]x[0xf3][0xd6][0xcd][0xf2][0xf3][0xc]+[0xa6]L[0x9b][0xc1]4k[0x8e]e[0xb3][0x97][0xf0][0xed][0xd7][0xb]_[0xdc]_[0xfc]Xk[0xd9][0x83][0xe7]{[0x9c][0xde][0xbc]Y[0xf7][0xcb][0xc6][0x91]A[0xf1][0x9f][0xbf]s~AeQfzF[0x89][0x82][0x91][0x81][0x81][0x81]BR[0xa5]Bpi[0x9e][0x82]ofrQ~qeqIjn[0xb1][0x8e][0x82]g^[0xb2][0x9e][0x82]cN[0x8e]B[0x10]Ha[0xb1]BPjqjQYj[0x8a][0x1e]/[0x97][0x97][0x8f][0x9b][0x82]{[0x90]BXj[0x91][0x82][0xa1][0x9e][0x1]/[0x17][0x83]5[0x0]PK[0x7][0x8]H@[0x1c]F[0xec][0x1][0x0][0x0][0xeb][0x1][0x0][0x0]PK[0x3][0x4][0x14][0x0][0x8][0x0][0x8][0x0][0xd4]|D5[0x0][0x0][0x0][0x0][0x0][0x0][0x0][0x0][0x0][0x0][0x0][0x0]+[0x0][0x0][0x0]javax/help/plaf/basic/images/PrintSetup.gif[0x1][0xf3][0x1][0xc][0xfe]GIF89a[0x18][0x0][0x18][0x0][0xc4][0xff][0x0][0x0][0x0][0x0][0xff][0xff][0xff][0xc0][0xc0][0xc0][0xc1][0xbf][0xe5][0xb1][0xb0][0xd6][0xc8][0xc7][0xed][0xca][0xc9][0xef][0xd7][0xd6][0xfd][0xdb][0xda][0xff][0xcc][0xcc][0xff][0x9a][0x9a][0xc1][0xa0][0xa0][0xc7][0x99][0x99][0xbf][0xa5][0xa5][0xcc][0xa8][0xa8][0xcd][0xae][0xae][0xd4][0xb7][0xb7][0xdd][0xbf][0xbf][0xe6][0xb9][0xb9][0xdf][0xc5][0xc5][0xec][0xc1][0xc1][0xe5][0xd1][0xd1][0xf7][0xce][0xce][0xf4]3[0xcc][0x0][0xff][0xff][0x0][0xe7][0xe7][0xe7][0xdc][0xdc][0xdc][0xcc][0xcc][0xcc][0xb2][0xb2][0xb2][0xa0][0xa0][0xa0][0x99][0x99][0x99][0x0][0x0][0x0]![0xf9][0x4][0x1][0x0][0x0][0x2][0x0],[0x0][0x0][0x0][0x0][0x18][0x0][0x18][0x0][0x0][0x5][0xb0][0xa0] [0x8e]di[0x9e]h[0x8a][0x2]l[0xeb][0xaa]$[0x10][0xcc]t[0xc0][0x6][0xb0](C[0xc][0xa4]D[0x80][0x84][\r][0x7][0x93][0xf5][0x18][0x11][0xc2]!([0xcb][0xc9][0x8][0xc8][0xc7][0x81][0x82]`[0x12]SF[0xc8][0xa3]B[0xa5][0xde][0x8a][0x1]me[0x80] K&amp;_l[0xc0]a!S#[0x93][0x5][0xa4][0xa9][0xb6]D[0xca][0x88]H[0xa1][0xc1][0xa3][0xaf][0x2]wd[0x11][0x6]|=~%.[0x89][0x8a],&amp;25[0x8f][0x90]6[0x88][0x1][0x1e][0x1b][0x95][0x95][0x1d][0x1a][0x1c][0x19][0x1c][0x18][0x18][0x17][0x17][0x1b][0x87]2[0x96][0xa5][0x99][0x9b][0x9b][0x9e][0xa0][0x1e][0x0][0x93][0x1e][0xaf][0xb0][0xb1][0xb2][0x1b]:#[0xa4][0x91]4[0x8d]t2[0x98][0x9a][0x9c][0x9c][0x1a][0x1d][0x2][0x8c][0xc3]~[0xa4][0xa7][0xbf][0x1c][0xc1][0xb4]7i[0xb6][0x8b]/.W$[0xb8][0xb9]-[0xd3]91[0x87][0xd9]%[0xd8][0x2]![0x0];*[0x2]*[0x1][0x1]::uwCW[0x13][0x99][0x9b][0xa8][0x6]6`Tu{[0xaf][0x0][0xa3][0xaf][0xb3]V[0xb1][0xb6][0xb1]T[0xb2]{Jb-[0xc][0x85][0xba]H[0xbc]L[0xf][0x83][0x83][0xb9][0xaf]J2[0x10]O[0x83][0x1d][0x17]5&apos;[0x92]x[0x0][0x8a]O[0x1d][0x15][0x8f]b[0xd4]][0xb7][0xdf][0xe0][0xb8]EJ[0x96][0xe5][0xa7][0x9c][0x2][0x9e]D[0xba][0xe4][0xe1][0xb6][0xde]h[0xe3][0x0][0xa6][0x9a][0xe8]*[0xaa][0x13][0xac];[0xa2]E[0xee][0xb7]]vh[0xd1][\n]&quot;
2013-02-06 13:51:56,919 AAD-WS DEBUG wire:63 - &gt;&gt; &quot;[0x2][0x0]![0xfe]OCopyright 2000 by Sun Microsystems, Inc. All Rights Reserved.[\r][\n]&quot;
2013-02-06 13:51:56,920 AAD-WS DEBUG wire:63 - &gt;&gt; &quot;JLF GR Ver 1.0[\r][\n]&quot;
2013-02-06 13:51:56,920 AAD-WS DEBUG wire:63 - &gt;&gt; &quot;[0x0];PK[0x7][0x8][0xc][0x9e][0x8b][0xab][0xf8][0x1][0x0][0x0][0xf3][0x1][0x0][0x0]PK[0x3][0x4][0x14][0x0][0x8][0x0][0x8][0x0][0xd4]|D5[0x0][0x0][0x0][0x0][0x0][0x0][0x0][0x0][0x0][0x0][0x0][0x0]&apos;[0x0][0x0][0x0]javax/help/plaf/basic/images/Reload.gifs[0xf7]t[0xb3][0xb0]L[0x94]`[0x90]`[0xd8][0xfc][0x9f][0x1][0x8][0xfe][0xff][0xff]o`[0x90]hk[0x9b]7q[0xe2][0xa1]y[0xf3][0xce][0x1f]:[0xf4][0xe9][0xfc][0xf9][0xff][0x9f]&gt;}[0xe2][0xe5][0xe5]=p[0xe0][0x0][0x3]*P[0xfc][0xc9][0xc2][0xc8][0xc0][0xc0][0xc5][0xa0][0x3][0xe2][0x80][0xcc]``[0x99][0x16]p[0xd2]s[0xf5][0xde][0xf2][0x7][0xb9][0xae][0x8f][0x16][0x18]I[0xc4]{0rj[0xc9][0xb8]H.k[0x17]&lt;[0xee][0xfa][0xfb][0x94][0xcb][0xda][0xe7][0xba][0x9b]T[0xdb][0xe6]n[0xf8][0xce][0xfd])[0x88][0xd3]Q[0xf7][0xa1][0xb3]%[0xb3]0Cv&apos;[0x87][0x2][0x9b][0x8b][0xab][0x92][0xfb]&apos;[0xcd]%[0xee][0xeb][0xf])[0xb3]][0xe1]cXq[0xed][0xc4][0x12][0x9e]#Qy[0xbf][0xad]}[0xfd]&apos;My{s[0xdf]2[0xaf]mR[0xf5]6[0x19]Y[0xf1][0x1e]eUr[0x1a]6[0xac][0xb1][0xc2]a[0x13]8[0xaa]zz[0xfa]$&amp;;[0x1b][0x16]KL[0x8a]16[0xd2]([0x98][0x13][0xcd][0xde][0xa5][0x19][0xa6][0xc6]5[0x89]-[0xc2]J[0xe1]IL[0xad][0xeb]7[0xe4]o[0x11][0xb][0xdd][0xbe]K[0x90]A[0xf1][0x9f][0xbf]s~AeQfzF[0x89][0x82][0x91][0x81][0x81][0x81]BR[0xa5]Bpi[0x9e][0x82]ofrQ~qeqIjn[0xb1][0x8e][0x82]g^[0xb2][0x9e][0x82]cN[0x8e]B[0x10]Ha[0xb1]BPjqjQYj[0x8a][0x1e]/[0x97][0x97][0x8f][0x9b][0x82]{[0x90]BXj[0x91][0x82][0xa1][0x9e][0x1]/[0x17][0x83]5[0x0]PK[0x7][0x8][0xae][0x1d][0xbd][0x6]3[0x1][0x0][0x0]&lt;[0x1][0x0][0x0]PK[0x3][0x4][0x14][0x0][0x8][0x0][0x8][0x0][0xd4]|D5[0x0][0x0][0x0][0x0][0x0][0x0][0x0][0x0][0x0][0x0][0x0][0x0]*[0x0][0x0][0x0]javax/help/plaf/basic/images/Favorites.gif[0x1][0x1b][0x1][0xe4][0xfe]GIF89a[0x18][0x0][0x18][0x0][0xb3][0xff][0x0][0x0][0x0][0x0][0xff][0xff][0xff]JfLv[0x91]x[0x83][0x9e][0x85][0x8d][0xa9][0x8f][0x9a][0xb5][0x9c][0xa7][0xc2][0xa9][0xb9][0xd5][0xbb][0xc6][0xe2][0xc8][0xf2][0xf2][0xf2][0xa8][0xa8][0xa8]zzzlll[\r][\r][\r][0xc0][0xc0][0xc0]![0xf9][0x4][0x1][0x0][0x0][0xf][0x0],[0x0][0x0][0x0][0x0][0x18][0x0][0x18][0x0][0x0][0x4]u[0xf0][0xc9]I[0xab][0xbd][0xd3])[0xcc]+[0xd0]][0xa8][0x81]![0x6][0x4][0x8]YVZ[0x92]n[0xa5][0xf3][0xcd][0xa8][0xab]vZ[0xa0][0xe8][0xae][\r][0x8b][0x88]^px[0xe3]8[0x86]B[0xdf][0xea][0x98]$[0xfe]p[0xc8]h[0x11][0xc3][0x8c]*cV[0xa2]E[0xc6][0x9d]U[0x9b]E[0x87][0xe1]06[0x14][0x4]_[0xe4]i[&amp;[0x9f][0xd3]WV[0xdb][0x8c][0xb6][0xae][0xe5][0xe4]&lt;[0xfd]{[0xa7][0x88][0xf5]zo[0x3][0x4][0x0][0xb]O[0xf]][0x89]^[0x0][\r][0xc]:[0x16];[0x91]:[0x93][0x92];+[0x97][0x98]%[0x11][0x0]![0xfe]OCopyright 2000 by Sun Microsystems, Inc. All Rights Reserved.[\r][\n]&quot;
2013-02-06 13:51:56,921 AAD-WS DEBUG wire:63 - &gt;&gt; &quot;JLF GR Ver 1.0[\r][\n]&quot;
2013-02-06 13:51:56,921 AAD-WS DEBUG wire:63 - &gt;&gt; &quot;[0x0];PK[0x7][0x8]I&lt;4[0xe2] [0x1][0x0][0x0][0x1b][0x1][0x0][0x0]PK[0x3][0x4][0x14][0x0][0x8][0x0][0x8][0x0][0xd4]|D5[0x0][0x0][0x0][0x0][0x0][0x0][0x0][0x0][0x0][0x0][0x0][0x0]%[0x0][0x0][0x0]javax/help/plaf/basic/images/Home.gifs[0xf7]t[0xb3][0xb0]L[0x94]`[0x90]`[0xf8][0xfe][0x9f][0xe1][0xff][0xff][0xff][0x7][0xe][0x1c][0xa8][0xae][0x9a][0xd7][0xde][0xb6][0xaa][0xb7]g[0xe3][0x94][0xc9];[0xa6]O[0xdb]=[0xde][0xe1][0xa5]KN.[0x98]x[0xee][0x9c][0x3][0xcb][0x97][0x9d]^[0xb6][0xf4][0xd4][0x92][0xc5][0xc7][0x17]-&lt;[0xba]b[0xf9][0xe9][0xb5]k.[0xac]Zyv[0xfb][0xb6][0xdb][0x9b]6^][0xbf][0xee][0xd2][0xce][0x1d]w[0xc][0xc][0x12]mm[0xf3][0xf2][0xf2][0xe6][0x85][0x86]V[0xc5][0xc4]4[0xc4][0xc5]5[0x16][0x15][0xcd]JK[0xeb][0xca][0xce][0xee][0xcf][0xcb][0x9b]TZ:[0xab][0xa1]aE[[0xdb][0xfa][0xd6][0xd6]5UU[0xf3]:;7[0xd6][0xd4],[0xe8][0xed][0xdd]Z_[0xbf]x[0xf2][0xe4]=[0xcd][0xcd][0xcb]&apos;O[0xde][0xdd][0xd9][0xb9][0xae][0xb5]u[0xe5][0xa4]I;{z6[0xb6][0xb7][0xaf][0xee][0xed][0xdd][0xd8][0xd5][0xb5]n[0xca][0x94][0x9d][0x93]&amp;m[0x9f]0aKw[0xf7][0xba][0x99]3[0xf7]O[0x99][0xb2]c[0xf2][0xe4][0xed][0x93]&amp;m[0x9b]8q[0xeb][0xcc][0x99][0xfb]f[0xcc][0xd8]3}[0xfa][0xee][0x5][0xb][0x8e][0xce][0x9b]wx[0xf6][0xec][0xfd][0xb3]f[0xed][[0xb2][0xe4][0xe4][0xc2][0x85][0xc7][0x16],82[0xfe][0xe1]y[0xf3][0xe][0xcd][0x9d]{p[0xce][0x9c][0x3]+V[0x9c]][0xbe][0xfc][0xcc]R[0xa0][0xfb][0x97][0x9c]X[0xc][0xf4][0xc2][0xa2]cs[0xe6][0xec]_[0xb3][0xe6][0xe2][0x8a][0x15]g[0x96]/?[0xbd]l[0xd9][0xa9][0xa5]KO.Yr|[0xc3][0x86][0xab]k[0xd7]^\[0xb3][0xe6][0xc2][0xea][0xd5][0xe7]W[0xad]:[0xb7][0x12][0xe8][0xc1][0xed]w[0xb6]n[0xbd][0xb5]i[0xd3][0xb5][\r][0x1b][0xae][0xac]_y[0xdd][0xba]K[0xdb][0xb7][0xdf][0xde][0xb6][0xed][0xd6][0xd6][0xad]7[0xb7]l[0xb9][0xb1]y[0xf3][0xf5][0x1d];[0xee]l[0xd9]r}[0xe7][0xce];;v[0xdc]&gt;u[0xea][0xdd][0xed][0xdb][0xff]/^[0xfc][0x94][\n]&quot;
2013-02-06 13:51:56,922 AAD-WS DEBUG wire:63 - &gt;&gt; &quot;[0xf4]u[0xce][0x84][0xdc][0xbc]I%[0xa5]3:[0xbb][0xd6]M[0x9a][0xbc]m[0xf6][0x9c][0xfd][0xb3]f[0xef][[0xba][0xec][0xd4][0xda]u[0x97][0xd6][0xac][0xbd][0xb8]r[0xd5][0xb9]e[0xcb]O[0xad][0xdf]pe[0xcd][0xda][0xb]+W[0x9d][0xdd][0xbe][0xe3][0xce][0xf6][0x1d][0xb7]7o[0xb9]~[0xf0][0xd0][0xd3]K[0x97][0xbf]}[0xfa][0xf4][0x89]a[0x14][0xd0][0x17]([0xfe]dad``d[0xd0][0x1]q@y[0x82][0x81][0xe3]?[0x3]3[0x87][0x8c][0xc7][0x86][0x5][0x7][0x9b]9[0x84][0xb5]bNLX[0xd0][0xca]-[0xc6] [0xd0][0xc4][0xb1]Q[0xf1][0x88][0xb4]H[0x98][0xcd][0x9d][0x8a][0xc6][0x9][0x87][0xda]U[0xb5][0x14][0xc]&gt;0q[0xb2]w[0x9][\n]&quot;
2013-02-06 13:51:56,922 AAD-WS DEBUG wire:63 - &gt;&gt; &quot;:[0xf9]([0xaa][0x9e]a[0x90][0xd7][0x17][0x11]Y1[0xc9][0xe5][0x88][0xb3][0x13][0x3][0x97][0x9d][0xcc][0xc7][0xa7][0xe][0xbc][0x12]vI[\n]&quot;
2013-02-06 13:51:56,922 AAD-WS DEBUG wire:63 - &gt;&gt; &quot;3[0x3]][0x19]Y[0xd4][0x1b][0x9d]b8&amp;[0x6]/`[0x15][0xf7]_1Ca[0x1]S;[0x8f][0xa2]i[0xc7][0x97][0x8e][0x9][0xc]g[0xe4][0x8c]b[0xfc][0x96][0xf0]4l[0xd2]9[0xbe]Y[0xc4][0x96][0xed][0xc0][0xcf][0x80][0xbe]6[0x1e]Y[0xb3][0x9a][\n]&quot;
2013-02-06 13:51:56,923 AAD-WS DEBUG wire:63 - &gt;&gt; &quot;[0xe6]C[0xcc][0x9d][0x16]L[0xf][0x1c][0xa6][0xdc](Y[0xd0]j[0xaf][q[0xa5][0xe0][0x82]3[0xd7][0x4][0x1b][0xd7]E23[0x8d][0xae]=`5u][0x90]RY[0xd4][0xe6]-[0xae][0x9b]&lt;-[0xc6][0xf0][0x92][0xe0]BV3[0xdb]_&amp;[0x16][0x8b]Sz[0xc5][0x8c][0x82]0D^[0xd8][0xf1][0x80][0xd5]1z[0xd6][0x92][0x87]IQLS[\r][0xdc]%[0x9e][0xbc][0xa8][0xb9]ph[0x81]|[0xda][0x97]?[0x96][0xb5][0xee]&lt;B,%M[[0xd4]*[0x1a][0xcf][0xb2][0xd8]gl[0xa9]Hlrw[0x14][0x96]*[0xcb][0xf9]`[0x96][0xb1][0xf0],[0xb3]I[0xf4])[0x1e][0x83][0x83]LGO[0xf1])[0x16][0x97][0xe8][0xc8]W[0x1c][0xe4]][0xf0][0xc1]w[0xd1][0x95][0xc2]M[0xcd][0xec][0xdd][0xb2][0x1a][0xdb][0x8c][0xb7]70[0xae][0xad][0xff][0xcb][0xf2]PE![0x9e][0x99][0xef][0xc6][0x85]F[0xe][0xb5][0x15][0x9][0xe][0xc][0x8a][0xff][0xfc][0x9d][0xf3][0xb]*[0x8b]2[0xd3]3J[0x14][0x8c][0xc][0xc][0xc][0x14][0x92]*[0x15][0x82]K[0xf3][0x14]|3[0x93][0x8b][0xf2][0x8b]+[0x8b]KRs[0x8b]u[0x14]&lt;[0xf3][0x92][0xf5][0x14][0x1c]sr[0x14][0x82]@[\n]&quot;
2013-02-06 13:51:56,923 AAD-WS DEBUG wire:77 - &gt;&gt; &quot;[0x8b][0x15][0x82]R[0x8b]S[0x8b][0xca]RS[0xf4]x[0xb9][0xbc]|[0xdc][0x14][0xdc][0x83][0x14][0xc2]R[0x8b][0x14][0xc][0xf5][0xc]x[0xb9][0x18][0xac][0x1]PK[0x7][0x8]pH[0xf8][0x94]e[0x3][0x0][0x0][0xa6][0x4][0x0][0x0]PK[0x3][0x4][0x14][0x0][0x8][0x0][0x8][0x0][0xd4]|D5[0x0][0x0][0x0][0x0][0x0][0x0][0x0][0x0][0x0][0x0][0x0][0x0]+[0x0][0x0][0x0]javax/help/plaf/basic/images/SearchHigh.gifs[0xf7]t[0xb3][0xb0]L[0xe4]a[0xe0]a[0x98][0xf8][0x9f][0xe1][0xc0][0x81][0x3][0xfb][0x19][0xa0]@[0xf1]&apos;[0xb]#[0x88][0xd6][0x1][0x11] y[0x7]&amp;[0xf1][0x16]A[0xc9][0xf4]W][0xf3]z[0x8c].f[0xad]O[0xfe][0x91][0xf0][0xbb][0xb5][0xdf][0xac][0xe8]B [0x3][0x83]5[0x0]PK[0x7][0x8][0xf1][0xb4][0x4]c=[0x0][0x0][0x0]F[0x0][0x0][0x0]PK[0x3][0x4][0x14][0x0][0x8][0x0][0x8][0x0][0xd4]|D5[0x0][0x0][0x0][0x0][0x0][0x0][0x0]&quot;
2013-02-06 13:51:56,924 AAD-WS DEBUG wire:63 - &gt;&gt; &quot;[0x0][0x0][0x0][0x0][0x0]+[0x0][0x0][0x0]javax/help/plaf/basic/images/HistoryNav.gifs[0xf7]t[0xb3][0xb0]L[0x94]`[0x90]`X[0xf4][0x9f][0xe1][0xff][0xff][0xff]g[0xce][0xfc]O36f``8p[0xe0][0x0][0x3][0xc]([0xfe]dad``a[0xd0][0x1]q@j[0x19][0x98][0x93]&lt;v[0xdd][0xf9]gp[0xcc]q[0xb5]lP[0xaf][0x80][0xd9][0x19]6[0xce][0x14]K[0x86][0xc][0xae][0x92]%[0xc1][0xb3][0xb2]Nq[0x9d]o[0xab]J[0xd0][0xb8]y}[0xea]M[0xc3][0x10]ug[0x6][0xb6][0xf6][0xfd][0xe][0x1][0x1a][0xb7]4[0xa7]{&lt;/[0xba]:[0xc7][0xa6]?[0xb4][0xc3]Pl[0xab][0xdf][0xee][0xa8][0xd4][0xf3][0x93][0xf6]&lt;[0xb5][0x8b]&lt;[0xd6]]rh[0x9b]T[0xb6][0xe3]l[0xeb][\n]&quot;
2013-02-06 13:51:56,926 AAD-WS DEBUG wire:63 - &gt;&gt; &quot;k[0x9b][0x1d]1[0xbf][0xec][0xd6][0x9][0xfc]ohd[0xe1]d[0xb0][0x6][0x0]PK[0x7][0x8]M[0x15]4[0xae][0x9a][0x0][0x0][0x0][0x9d][0x0][0x0][0x0]PK[0x3][0x4][0x14][0x0][0x8][0x0][0x8][0x0][0xd4]|D5[0x0][0x0][0x0][0x0][0x0][0x0][0x0][0x0][0x0][0x0][0x0][0x0])[0x0][0x0][0x0]javax/help/plaf/basic/images/IndexNav.gifs[0xf7]t[0xb3][0xb0]L[0x14]`[0x10]`X[0xf4][0x9f][0xe1]?[0x10][0xa4][0xa5][0x9d]9[0xf3][0xe6][0xcc][0xff]ig[0xd2][0x18][0x18][0x18][0xe][0x1c]8[0x0]$[0x15][0xb2]020[0xb0]1[0xe8][0x0][0xd9][0xc] [0xb5][0xc][0xcc][0xb6][0x19][[0xef][0xe4]l[0xe8][0xf0][0xcc]T\[0xe2][0xc2][0xb8][0xeb]}[0xf8][0xb6][0xda][0xf8][0x15][0x9a]2[0x9c]I[0xcb][0x97]4q[0xb7][0xec]s[0x10]d[0xc9]]u[0xeb][0xc7][0x8f]O[0x96]R[0x17][0xb6]w[0xb]z6[0xa7]|[0x98]*[0xa3][0x13]z6f[0xa9]P[0xaf][0xc5][0xba][0xe5],[0xc][0xd6][0x0]PK[0x7][0x8][0xc2]RLSx[0x0][0x0][0x0]x[0x0][0x0][0x0]PK[0x3][0x4][0x14][0x0][0x8][0x0][0x8][0x0][0xd4]|D5[0x0][0x0][0x0][0x0][0x0][0x0][0x0][0x0][0x0][0x0][0x0][0x0]*[0x0][0x0][0x0]javax/help/plaf/basic/images/SearchLow.gifs[0xf7]t[0xb3][0xb0]L[0xe4]a[0xe0]a[0x98][0xf8][0x9f][0xe1][0xff][0xff][0xff][0x7][0xe][0x1c][0xd8][0xcf][0x0][0x2][0x8a]?Y[0x18][0x19][0x18][0x18][0x19]t@[0x1c][0x90][0xbc][0x3][0x93]\[0x8f][0xb2]f:[0x13][0xff][0xfd][0xa2][0x8d][0xe7][0xb8][0xf4][0xcf][0xf5][0x9e]*U[0x9][0x14][0xca]kH[0xeb]z[0xd6][0xb9][0x84]g[0x91][0x1]+[0x83]5[0x0]PK[0x7][0x8]Q[0xa9][0xc2]oJ[0x0][0x0][0x0]M[0x0][0x0][0x0]PK[0x3][0x4][0x14][0x0][0x8][0x0][0x8][0x0][0xd4]|D5[0x0][0x0][0x0][0x0][0x0][0x0][0x0][0x0][0x0][0x0][0x0][0x0]*[0x0][0x0][0x0]javax/help/plaf/basic/images/SearchMed.gifs[0xf7]t[0xb3][0xb0]L[0xe4]a[0xe0]a[0x98][0xf8][0x9f][0xe1][0xff][0xff][0xff][0x7][0xe][0x1c][0xd8][0xcf][0x0][0x2][0x8a]?Y[0x18][0x19][0x18][0x18][0x19]t@[0x1c][0x90][0xbc][0x3][0x93]l[0x8f][0xb2]f[0xfa][0xab][0xae][0x86]9%[0x9c]Q[0x17]o[0xe7][0xae][0x9f][0x1c][0x12][0xdf][0xe2][0x19][0xa6]Y[0xd5][0xb7][0xcc][0xe8][0x8d][0x84][0x8][0x83]5[0x0]PK[0x7][0x8][0xbf][0xdf][0x9c]nI[0x0][0x0][0x0]L[0x0][0x0][0x0]PK[0x3][0x4][0x14][0x0][0x8][0x0][0x8][0x0][0xd4]|D5[0x0][0x0][0x0][0x0][0x0][0x0][0x0][0x0][0x0][0x0][0x0][0x0].[0x0][0x0][0x0]javax/help/plaf/basic/images/SearchMedHigh.gifs[0xf7]t[0xb3][0xb0]L[0xe4]a[0xe0]a[0x98][0xf8][0x9f][0xe1][0xff][0xff][0xff][0x7][0xe][0x1c][0xd8][0xcf][0x0][0x2][0x8a]?Y[0x18][0x19][0x18][0x18][0x19]t@[0x1c][0x90][0xbc][0x3][0x93]T[0x8f][0xb2]f[0xfa][0xab][0xae]y.[0xb]n[0xed]z[0xd2][0xb3][0xbb]s[0xb6][0x8c][0x94][0xc9]4[0xa9]r#[0xbe]`[0x6][0x6]k[0x0]PK[0x7][0x8][0x15][0xfc][0xc4][0x86]F[0x0][0x0][0x0]I[0x0][0x0][0x0]PK[0x3][0x4][0x14][0x0][0x8][0x0][0x8][0x0][0xd4]|D5[0x0][0x0][0x0][0x0][0x0][0x0][0x0][0x0][0x0][0x0][0x0][0x0]-[0x0][0x0][0x0]javax/help/plaf/basic/images/SearchMedLow.gifs[0xf7]t[0xb3][0xb0]L[0xe4]a[0xe0]a[0x98][0xf8][0x9f][0xe1][0xff][0xff][0xff][0x7][0xe][0x1c][0xd8][0xcf][0x0][0x2][0x8a]?Y[0x18][0x19][0x18][0x18][0x19]t@[0x1c][0x90][0xbc][0x3][0x93]|[0x8f][0xb2]f:[0x13][0xff][0xfd][0xa2][0x8d][0xe7][0xb8][0xf4][0xcf][0xf9]VNs9[0xe9][0x98]x[0x8b][0xad]%[0xa3][0xab]B[0xef]r[0x9f];#[0x83]5[0x0]PK[0x7][0x8][0xcc][0xf0][0xbe];K[0x0][0x0][0x0]N[0x0][0x0][0x0]PK[0x3][0x4][0x14][0x0][0x8][0x0][0x8][0x0][0xd4]|D5[0x0][0x0][0x0][0x0][0x0][0x0][0x0][0x0][0x0][0x0][0x0][0x0]*[0x0][0x0][0x0]javax/help/plaf/basic/images/SearchNav.gifs[0xf7]t[0xb3][0xb0]L[0x14]`[0x10]`X[0xf4][0x9f][0xe1]?[0x10][0xcc]L;s[0xe6][0xff][0xcc][0x99]g[0x18][0x18][0x18][0xe][0x1c]8[0xc0][0x0][0x6][0x8a]?Y[0x18][0x19][0x18]X[0x19]t@[0x1c][0x90]Z[0x6]f[0xeb][0x88]]w|&apos;[0xec]05a[0xf3][0x4][0xad]][\n]&quot;
2013-02-06 13:51:56,926 AAD-WS DEBUG wire:63 - &gt;&gt; &quot;[\r][0x9b]y[0x99][0x12][0xca][0x14]B[0x99][0xee][0x89][0x1b]E[0xdf][0xdc][0xa5]u{[0xd9]y[0x1f][0xff]#[0xb2][0x9]|[0xe],.?R}[0xd4]\[0x5]gD[0xea][0xcc][0xe6]W[0xbe][0xf2]s[0x96][0x91][0x10][0x83]5[0x0]PK[0x7][0x8]j[0xff]_[0xc1]s[0x0][0x0][0x0]v[0x0][0x0][0x0]PK[0x3][0x4][0x14][0x0][0x8][0x0][0x8][0x0][0xd4]|D5[0x0][0x0][0x0][0x0][0x0][0x0][0x0][0x0][0x0][0x0][0x0][0x0]&apos;[0x0][0x0][0x0]javax/help/plaf/basic/images/TOCNav.gifs[0xf7]t[0xb3][0xb0]L[0x14]`[0x10]`X[0xf4][0x9f][0xe1][0xff][0xff][0xff]g[0x80]`f[0xda][0xcc]4[0xe3][0xb4][0xb4]4[0x6][0x6][0x86][0x3][0x7][0xe][0x0]I[0xc5][0x9f],[0x8c][0xc][0xc]l[0xc]:@6[0x3]H-[0x3][0xb3]mF[0xd4][0x9d]s[0xa7]D[0x14][0x1b][0xf6]N[0x9b]b:[0x9f]{[0xb6][0x8a]O[0x88][0xa7][0xe8][0x3]%[0x9e]e[0x9d]m[0xc2][0xb7][0xe7][0xad][0xd4]8[0xbf][0xbe]j[0xfb]N[0xdb][0xcb][0x1b][0xae][0xe6][0x87]t[0xf3]V[0x1f][0x93][0xf]Z[0xa1]cT[0xe8]&apos;[0xa4][0xa7]r[0xb3]Bj&quot;[0xb][0x83]5[0x0]PK[0x7][0x8][0x16].[0xfa][0x89]x[0x0][0x0][0x0]x[0x0][0x0][0x0]PK[0x3][0x4][0x14][0x0][0x8][0x0][0x8][0x0][0xd4]|D5[0x0][0x0][0x0][0x0][0x0][0x0][0x0][0x0][0x0][0x0][0x0][0x0],[0x0][0x0][0x0]javax/help/plaf/basic/images/GlossaryNav.gif[0xed][0x93][K[0x93][0x1][0x0][0x86][0x9f][0xc9][0xa7][0xa9]S[0x9a][0x4][0xed]B/[0x16]t[0x93][\r]J[0x90][0xc8]DR/[0xca][0xc0][0x8b][0xc8][0x82][0xee]j[0x15]T[0xe0][0xc5][0xfa][0x7]+-[0xb4][0x13][0x8b][0xce][0x96]de[0xa4][0xee][0xf4][0xed][0xf0]m+[0x8a],[0xca]J[0xc]M*3[0xa7]s[0xd3][0xe9]&lt;L7[0x8f][0x9b][0xa7][0xb5][0xfd][0x8a]nz._x[0x9f][0x9b][0x97][0xf7][0xe0][0xa1][0x3]{[0x8b]4[\n]&quot;
2013-02-06 13:51:56,927 AAD-WS DEBUG wire:63 - &gt;&gt; &quot;[0x14][0x8c][0x93]d}}}cccmmmuuuee%[0x16][0x8b][0x9][0x82][0x10][0x8d]F[0x97][0x97][0x97]CPRR[0x12][0x8f][0xc7][0x97][0x96][0x96]&gt;[0xc0]$,...,,[0xb4][0x93][0xec][0xea]t[0xba][0xf9][0xf9][0xf9][0xb7][0x10][0x80]p8[0xfc][0x1a][0xfc][0x10][0x89]Dfgg[0xdd][0xe0][0x85]P($[0x81][0x7][0xe6][0xe6][0xe6][0xa6][0xa6][0xa6]l[0xf0]&apos;![0x99][0x9c][0x14][0xa1][0xf]fff[0xa6][0xa7][0xa7][0x83][0xc1][0xa0][0x9]~$[0x84][0xe3][0xe3]m[0xd0][0xb][0x13][0x13][0x13][0x81]@[0xa0][0x5][0xba]allltt[0xd4][0xef][0xf7][0xbf][0x80].[0x18][0x1e][0x1e]~[0x6][0x9d]044[0xd4][0x4][0x9f][0x13]r[0x8f][0xa7][0x11]&gt;[0xc2][0xc8][0xc8][0x88][0xcf][0xe7][0xf3]z[0xbd][0x83][0x83][0x83][0x3][0x3][0x3][0xfd][0xfd][0xfd][0x8f][0xe0][0x1][0xbc][0x3][0xb7][0xfb][0x95][0xcb][0xe5]v:]j[0xb5]Z[0xab][0xd5]:[0x1c][0x92][0xdd][0xee][0xb0][0xd9][0xec]V[0xab]][0x14]m[0x16][0x8b][0xd5]l[0x16]M&amp;[0x8b][0xd1]h1[0x18][0xcc]mm[0xa6][0xbb][0xf0][0x6][0x9c]N[0xb7]$[0xb9]$[0xc9][0xe9]p8333[0x95]J[0xa5][0xcd][0xe6][0xb0]Xlf[0xb3][0xd5]d[0x12][0x8d]Fsk[0xab][0xf1]6[0xd8][0xed][0x92][0xc1]`ji1[0xe8][0xc1][0x5]7[0xc1][0x91][0x8][0xc1][\n]&quot;
2013-02-06 13:51:56,927 AAD-WS DEBUG wire:63 - &gt;&gt; &quot;f0[0xc0]Kh[0x86][0xc7][0xd0][0x0][0xf][0xe1]&gt;[0xdc][0x83];p[0xb]n[0xc0]5[0x88][0xff][0xe7][0xdf][0xb1]-&amp;[0xc8][0x12][0x13][0xa0]N&gt;![0xf9][0x9][0xd2][0xed][0xc4]3[0xf2]*[0xc4][0xa6]Rd)[0xe9][0xc7][0xd3][0xf1][0x91][0x92][0x9a]E[0xb4]O|Z.[0x93][0xb][0xa8][0xa0][0xac][0xe6]jnN~[0xd7][0xef][0x9e][0xd3][0x82]&gt;o[0xd3][0xf5][0xac][0x9e][0x9c][0xf2][0xd4],[0x95]\q[0xb8][0xbe][0xa0][0xf4][0xa2][0xb0]k[0xbf][0xae]PU[0x15][0xb8]D[0x9a][0xaa][0xba]Bs[0xea]l7[0xf2]4U[0x9d]NS+[0xd7]g([0xc2][0xdb]EU[0xf0][0xca][0xe6][0x9d][0xd5][0xba][0xda]v[0xa9][0xac]&amp;[0xb5][0xf2][0xd8][0x99][0x9f][0xb2]#[0xb5]u[0xd9][0xe7][0x94]Z[0xed][0xbe][0xe6]/9[0xfa][0xca][0x86][0xc2][0xb]~[0xa1]s[0xcb][0x8e][0xa3][0xc6][0x93][0xdf]Sz[0xbf]*wk~[0xa1][0xaa][0xfa]T[0xb9]u[0xcf][0xf9][0xfc][0xce][0xa2][0xf7][0xfe][0xcb][0x8d][0xc5][0xd9][0x91][0xa0][0xef]y[0xc7][0xb7]&apos;[0xf5]i[0x5][0xb9][0x9e][0xae][0xd8][0x89]R[0x8a][0xff][0x2]PK[0x7][0x8][0xe8]G[0xfb]H&lt;[0x2][0x0][0x0][0xd6][0x3][0x0][0x0]PK[0x3][0x4][0x14][0x0][0x8][0x0][0x8][0x0][0xd4]|D5[0x0][0x0][0x0][0x0][0x0][0x0][0x0][0x0][0x0][0x0][0x0][0x0]-[0x0][0x0][0x0]javax/help/plaf/basic/images/FavoritesNav.gifs[0xf7]t[0xb3][0xb0]L[0x14]`[0x10]`[0xd8][0xfc][0x9f][0x1][0x8][0xfe][0xff][0xff][0x1f]^[0x1c][0xd9]0[0xa7][0xa9]y^[0xeb][0xac][0xad]s[0x96][0x1f]Z[0xb9][0xf3][0xea][0xee]c[0x8f]N|[0xfa][0xf4][0xe9][0xfc][0xf9][0xf3]UUU999[0xbc][0xbc][0xbc][0x7][0xe][0x1c][0x0]*V[0xfc][0xc9][0xc2][0xc8][0xc0][0xc0][0xc7][0xa0][0x3][0xd2][0x9]2[0x83][0x81][0xc5][0xe3][0xc2]I[0xcf]l[0xd6][0x83]Y[0xd7]?[0xec]k[0xdc][0xce][0x18];YaQ[0x9b][0xea][0xc1][0xc6]4[0xe5]G[0xbb]V[0xb2][0x9e][0xa8][0xa8]}h[0xa2]3u[0xc9][0xed]7[0xae][0x99]&quot;&lt;[0xcc][0x8d][0x1]i[0xab]$&amp;[0x9e][0x9a][0xd3]_l[0xa3][0xc6][0xc8][0xd2][0xb0]H[0x82][0xc5]H[0xac][0x8b][0xa5][0xd5][0x95]o[0xca][0xd1][0xf9]%,[0xc][0x8a][0xff][0xfc][0x9d][0xf3][0xb]*[0x8b]2[0xd3]3J[0x14][0x8c][0xc][0xc][0xc][0x14][0x92]*[0x15][0x82]K[0xf3][0x14]|3[0x93][0x8b][0xf2][0x8b]+[0x8b]KRs[0x8b]u[0x14]&lt;[0xf3][0x92][0xf5][0x14][0x1c]sr[0x14][0x82]@[\n]&quot;
2013-02-06 13:51:56,928 AAD-WS DEBUG wire:63 - &gt;&gt; &quot;[0x8b][0x15][0x82]R[0x8b]S[0x8b][0xca]RS[0xf4]x[0xb9][0xbc]|[0xdc][0x14][0xdc][0x83][0x14][0xc2]R[0x8b][0x14][0xc][0xf5][0xc]x[0xb9][0x18][0xac][0x1]PK[0x7][0x8][0xdd][0xb1][0xa2][0xfb][0xee][0x0][0x0][0x0][0xee][0x0][0x0][0x0]PK[0x3][0x4][0x14][0x0][0x8][0x0][0x8][0x0][0xd4]|D5[0x0][0x0][0x0][0x0][0x0][0x0][0x0][0x0][0x0][0x0][0x0][0x0]-[0x0][0x0][0x0]javax/help/plaf/basic/images/OnItemCursor.gifs[0xf7]t[0xb3][0xb0]LT`P`8[0xc4][0x0][0x2]g[0xce][0xfc]OK[0x9b][0x99][0x96][0x96]fl[0x9c][0xf6][0xff][0xff][0xff]3@[0xfe][0xff][0xff][0x8a]?Y[0x18][0xb9][0x18][0xd8][0x19]t@*@j[0x19][0x98]K+v[0xdd][0xf9]gpj&apos;[0xc3]^[0xbe][0x88]3[0x8e]7d[0x9e]r&amp;H[0xf4].[0xd1]\[0xb8][0xd2]x[0x8f][0xe2]m-[0xfd][0xc4][0xc3][0xd3]m[0xf8][0xcb][0x12][0x85][c[0x1c][0x1c][0xae]d[0xf0][0xd9],8[0xf8][0x81][0xdb][0xcf]mVS[0xc8],[0x1e][0xa9]U[0x8b][0xfc][0x1f][0x9e][0x98][0xa1]Tm[0xe9]0[0xe1]5[0xd3][0xf3]9[0xec][0x9f][0x98]N;[0xae][0xce]L[0xb][0xdd][0xf5][0x85][0xf5][0x94][0xe8][0xc5][0xb6][0xef]u[0x13][0x8c][0xe2][0x98]k[0x4]r[0x9a][0xea][0xb][[0xb9][0xab];[0xba]{z[0xfb][0xfa]&apos;L[0x9c]4y[0x8a] &apos;[0x83]5[0x0]PK[0x7][0x8][0x3]Y&quot;[0xfb][0xb1][0x0][0x0][0x0][0xb0][0x0][0x0][0x0]PK[0x3][0x4][0x14][0x0][0x8][0x0][0x8][0x0][0xd4]|D5[0x0][0x0][0x0][0x0][0x0][0x0][0x0][0x0][0x0][0x0][0x0][0x0]4[0x0][0x0][0x0]javax/help/plaf/basic/images/OnItemCursor.properties][0x90][0xdb][0xaa][0xc2]@[0xc]E[0xdf][0xe7]+[0x2]}Q[0xd0][0xd6]+[0x9c]J[0x15]A[0xf0][0xf2][0xa2][0x7][0xce][0xf9][0x81][0xd0][0xc6]v[0xc0][0x99])[0x93][0x8][0xfa][0xf7]N[0xb5]x[0xcb][[0xc8]^kC&quot;[0x15][0xc1][0xb2][0x13]u[0xe1]`wBfu[0xf6][0xec]|\{W[0x93][0x17]M[0xc][0xc3]x[0xc]}8![0xb][0xe4][0x15][0xda][0x92][0xc0]`A0H[0x93][0xd1]0[0x19]LT[0x14][0x4][0xf][0x8a][0xe1][0xf7][0x85][0x1d][0xf5][0x89][0xee][0xb7]=[0x9a][0xb0]nv[0xeb][0x9f][0x14][0xd8][0x9d]}[0xde][0x1c][0x9d][0xf][0xc][0x8b]3O[0x14]m[0x1]R[0x91][0xf6][0x80][0xcc].[0xd7](T[0xc0][0xd6][0xc9]_[0xed][0x84][0x1b]QP[0xfd]W[0x4]|[0xb5][0x82][0x17][0xd0]&lt;k[0xd1]x[0x1d][0x9a][0xe6]Y[0xd3]gC[0xd5]&quot;[0xe4][0xbe][0xa6][0xcd][0xb5][0xb2]yvY[0xf4][0xb2]k[0xc8][0xa9]w[0x81]6X[0x12]&apos;[0x1f]_([0xf5]Q}[0xc1][0xd3][0xde]H[0xdd][0x0]PK[0x7][0x8]1h[0xb2]R[0xc4][0x0][0x0][0x0]3[0x1][0x0][0x0]PK[0x3][0x4][0x14][0x0][0x8][0x0][0x8][0x0][0xd4]|D5[0x0][0x0][0x0][0x0][0x0][0x0][0x0][0x0][0x0][0x0][0x0][0x0]*[0x0][0x0][0x0]javax/help/plaf/basic/images/DnDCursor.gifs[0xf7]t[0xb3][0xb0]Lt`p`8[0xc4][0x0][0x2])[0xc5]s[0x9a][0xa7][0x9f]edd[0x9c][0xb1][0xfe][0xdd][0x92]=[0xff]!@[0xf1][0x9f][0xa0]K[0x9e][0x8b]BriqI~.[0x90]**[0xce]/bP[0xfc][0xc9][0xc2][0xc8][0xc5][0xc0][0xce][0xa0][0x3][0xd2][0x6]2[0x80][0x81][0xb9][0xa3]b[0xd7][0x9d][0x6][0xa7]&lt;W[0xef][0xb5]x}v[0xf7][0xff][0x4][0x8d][0xbe][0x94][0xcc]y[0x19][0xab][0xd6][0xe5][0xbc][0xde]W[0xa0]s[0xbe]$[0xf7]~[0xc5][0xba][0xf7]5[0xef][0xff][0x1f]H[0xe0]v[0xd0][0x91]b[0xb4]uH8[0x99][0xa2]T[0xc9][0xe0]8[0xd9][0xf2][0x3]#GS[0x8e][0xd9][0x7][0x1f][0xa1][\r]Q[0xef][0xde][0xff]b[0xf5][0xde]m[0xed][0x90][0x18]{oQ[0xf1]+Si[0x1d][0xbf][0xf5][0x9d][0xc5][0xdb][0xff]J[0xfe][0xf5]0[0xa3][0xb6]$[0xbf][0x8c][0xb5].[0xdd][0xa1][0xb6]&gt;[0xb9]-[0xb2]%[0x8e][0xa5]?l[0x92][0xd3][0xd4]i[0xd3]g[0xcc][0x9c]5{[0xce][0xdc]y[0xf3][0x17],\[0xb4]x[0xc9][0xd2]e[0xcb][0x97]r2Xs[0x1][0x0]PK[0x7][0x8][0x12][0xd6][0x84]_[0xd8][0x0][0x0][0x0][0xd9][0x0][0x0][0x0]PK[0x3][0x4][0x14][0x0][0x8][0x0][0x8][0x0][0xd4]|D5[0x0][0x0][0x0][0x0][0x0][0x0][0x0][0x0][0x0][0x0][0x0][0x0]1[0x0][0x0][0x0]javax/help/plaf/basic/images/DnDCursor.properties][0x90][0xcd][\n]&quot;
2013-02-06 13:51:56,929 AAD-WS DEBUG wire:63 - &gt;&gt; &quot;[0xc2]@[0xc][0x84][0xef][0xfb][0x14][0x81]^[0x14][0xb4][0xd5]^[0xaa]R[0x8b][0xa0][0xf8]s[0x11]A_ [0xb4]i[0xbb]`w[0xcb]f[0x5]}{S-*[0x86]\[0xc2][0xcc]7[0x3][0x9]T[0x0][0xab]A0[0x84][0x8d][0xd9][0xac]o[0x8e][0xad][0xb][g[r^[0x13][0xc3]4[0x8c]a[0xc]Wd[0xf]y[0x8d][0xa6]&quot;h[0xb0] [0x98]$[0x91][0xec]|[0xa6][0x2][0xa1][0xdf][0x14][0xc3][0xe9][0x8b][0x95][0xfa]J/[0xed][0x88][0x8d][0x9c][0xbb][0xc3]v6[0x7][0xb6]7[0x97]w[0xa2]u[0xc2][0xb0][0xb7][0xcd][0x7]ES[0x80][0xaf]I;@f[0x9b]k[0xf4]T[0xc0][0xde][0xfa]sk=wA[0x12]u[0xa9][0x9][0xf8]a&lt;[0xde]A[0xf3][0xa2]G[0xc3][0xad]4-[0xd3][0xae][0xcf]HU&amp;[0xbe][0xbf][0xe9]}}[0xd8]2[0xbd]g[0xa3][0xf4]!&gt;[0xf5][0x1b][0xa0][0x1b][0xac][0x88][0xa3][0xef][0xb]*][0xaa]?2NFq[0xa2][0xd4][0x13]PK[0x7][0x8][0x96][0xf6][0xed][0xf8][0xc1][0x0][0x0][0x0]0[0x1][0x0][0x0]PK[0x3][0x4][0x14][0x0][0x8][0x0][0x8][0x0][0xd4]|D5[0x0][0x0][0x0][0x0][0x0][0x0][0x0][0x0][0x0][0x0][0x0][0x0]2[0x0][0x0][0x0]javax/help/plaf/basic/BasicHelpUI$HelpButton.class[0x8d]W{PTe[0x14][0xff]}[0xb0]p[0x97][0xcb][0x15]dU[0x12]T[0x10]E][0x96][0x95][0xd5]J[0xcb]EL@L[0xc][0xd0]\[0xd4][0x0]-/[0xcb][0x5][0xae][0xae]w[0xd7][0xdd][0xbb]&lt;zk[0xd9][0xfb][0x9d]=[0xec]eeE[0xa9]=|[0xad][0xd0]L[0x8d][0xfd]e[0x8f]i[0xaa]i[0x9a]j[0xa6][0xa6][0xa6]fj[0xa6][0xe9][0xcf][0x9a]f[0x9a][0xb2][0xce]w[0xef][0xdd]e[0x17]X[0x11][0x86][0xfd][0xf6];[0xe7][0xfc][0xce][0xf9]}[0xe7]|[0xe7][0xdc][0xcb][0xc7][0xe7][0xdf]}[0x1f]@[0x15][0x86]E,Em[0xe][0x96][0xa0].[0x17][0xf5]X#[0xd2][0xb7][0x6];[0xd6][0xf2][0xcd][0xd5][0x2][0xd6][0xd9][0xd1](`[0xbd][0x1d][0xd7][0x88]hB3[0xd7][0xb6][0xe4]`[0x3]6[0x8a][0xb8][0x16][0x9b]r[0xe1]C[0xab][0x88][0xcd][0xd8]&quot;`[0xab][0x88][0xeb][0xd0]fG;[0xb7][0xe9][0xb0]c[0x1b]_[0xb7][0x8b][0xb8][0x1e]7[0x8][0xd8][0xc1]7[0xb2][0x80]N[0xbe][0xfa][0xb9][0xef].[0x11][\n]&quot;
2013-02-06 13:51:56,929 AAD-WS DEBUG wire:77 - &gt;&gt; &quot;[0xba][0xed][0xe8][0x11]![0xa0][0x97]oT[0x1];E[0x94]a[0x97]AA@[0x80][0xc7][0xd9]m[0x87]&amp;[0xd2][0x1a][0xe4][0x9b][0x90][0x1d]{D,F[0xd8][0x8e][0x88][0x88]r[0xe8][0x2][0xa2]&quot;[0xfa][0xd0]/`@[0xc0][0xa0][0x80][0x9b][0x5][0xdc][0xc2][0x90][0xad][0xf7][0xaa][0x91][0xf2]%[0xc][0xf3][0x9b]v[0xca]}[0xf2][0x80][0xa7]W[0x9][0x84]&lt;[0xa1][0x80][0xdc][0xed][0xe9][0x94]#[0xaa][0xdf]S[0xc7]?[0xd7][0x91]psc5C[0x8e]oP[0xd3]{[0x15]][0xf5][0x13]t[0xa5][0xaa][0xa9][0xfa]*[0x86][0x1a][0xe7]E`[0x93]M[0xb8][0xa8][0xd6][0xaf][0xab]A[0xad][0xba]b[0xb][0x83][0xad]&gt;[0xd8][0xa5]0[0xe4]7[0xa9][0x9a][0xd2][0x12][0xdd][0xdd][0xa9][0x84][[0xe5][0xce][0x0]I[0xf2]B[0xe1]`H[0x9][0xeb][0x83][0xf5][0xbd][0xb2][0xd6]C[0x82][0xf9]f$O[0xa7]&quot;k[0x11][0xcf][0xc6][0x14]mC[0x9f][0xa2][0xe9][0x86][0xbf]2X[0x91]u[0xa5]A&quot;
2013-02-06 13:51:56,930 AAD-WS DEBUG wire:63 - &gt;&gt; &quot;[0xe3]^R[0x8d]|[0xd1]P([0x18][0xd6][0x19][0x8a][0x9d][0xe9][0x8][0xb5]3[0xcc]2[0x1d][0xa4][0x81][0x8a][0xbe]`4[0xec]W[0xd6][0xaa][0x9c][0xe2][0xd4][0xa4]3Vq[0x8f][0x12][0x96][0xe3]V[0x9][0x97][0xe1]r[0x1][0xb7]I[0xb8][0x1d]{%[0xec][0xc3][0x1d]tJM[0xde][0xad]H[0xb8][0x13][0xfb][0x9]e[0x9c]&quot;@n=&gt;=[0xac]j=[0xa4]V[0xfd]A[0xcd][0xd2][0xc]x&quot;[0xfd]$[0xf4]4[0x1a][0xa2][0xfc]QvU[0xdc]H[0xc0]][0x12][0xee][0xc6]=[0x12][0xee][0xc5]}[0x2][0xee][0x97][0xf0][0x0][0x1e][0x14][0xf0][0x90][0x84][0x87][0xf1][0x88][0x80]G%&lt;[0x86][0xc7][0x5][0x1c][0x90][0xf0][0x4][0x9e]d([0x19][0x8d][0xd5][0x12][\r][0x4]6[0x6]UMW[0xc2][\r][0x3]~%[0xc4]][\n]&quot;
2013-02-06 13:51:56,930 AAD-WS DEBUG wire:63 - &gt;&gt; &quot;xJ[0xc2][0xd3][0xdc]P[0xd0][0x83][0xc1][0x80][0xae][0x86]$[0x1c][0xc4]3T^[0xd9][0xef]W&quot;[0x11][0x9][0xcf][0xe2]9[0x1][0xcf]Kx[0x81]Kg[0x1b][0xde][0xe4]~[0xdd][0xa3][0xf0]|{[0x9a][0x83][0xd1][0x88][0xd2][0xa4]FtES[0xc2][0x12][0xe][0xe1]E[0x86]9clL[0xee][0xa3]F/[0xe1]e[0x9][0x11][0x1c][0x16][0xf0][0x8a][0x84]W[0xf1][0x1a][0x85]V[0x8c]ZuI[0x18][0xc2][0xeb][0x12][0xde][0xc0][0x11][0x86][0x82]Q[0xde]uD[0x8c]*.[0xe1]([0xf6]R&gt;F[0x15][0xf5][0x1][0x99]3&lt;[0x86]7[0xad][0xcc]Uqq[0x95][0x99]S[0x9]o[0xe1]m[0x9][0xef]pe[0x99][0xa1]4[0xae]MUjYGi[0x1d][0xc7][0x9][0x86]&quot;[0xb9][0xab]+[0x9d][0xc1]I[0x9c]J)[0xdd][0x86][0xce][0x9d][0x8a][0x9f][0xfa][0xea][0xb4][0x84][0x18][0xce]0L[0x1b]U%[0xd2][0xcb][0xe0][0x9e][0xb4]7[0xca][0xf9]R[0x17][0xd5]un.&amp;o[0xa4]F[0x8d]&quot;[0x1b][0xa7]T&quot;V[0x80][0xf8][0xe5]X[0x1f]7*K[0xdb][0x12]q[0xea][0xc][0x99]N[0xde][0x18]3&amp;[0xbc][0xf2][0xd4][0xd5]j[0xc4]l[0x96].[0xc3][0x92]:@[0x8c](zBds[0xb6]s[0xb4][0xbd]G[0xd1][0xb7][0xc8][0x81]([0xdd][0xfa][0x85]V[0x1f]&amp;[0xdd][0xe0][0xea][0x8a][0xa6][0xb1][0x99][0xa9]ND4[0x19]onl[0x96]5[0xb9][0x87][0xf3][0x11][0xc8][0x97]y[0xbb]S\Y[0xb8][0x8a][0xa6][0xb1]]@[0xae][0x84]H[0x1c]2[0xc3]9^o[0xf4][0xfd][0xa4][0x99][0xa6][0xb3]p-[0x83]#[0xb9][0xfb][0xd7]seu[0xa2][0xf7]Fe[0xe6][0x99][0x9b]i:[0x5][0xe8][0xe6];+[0x92]A[0xad][0xca][0x80][0xce]m[0xc]-[0x81]g[0xa6][0xd3]Q2[0xc9][0x9][0xdf][0xfa][0x14][0x9a][0x1e][0x85][0xa9]n,99p[0x8c][0x97]Re[0x8][0xda][0x14][0xf4][0xcb]|[0xd4]L[0xb7][0x90][0x9e][0xa8][0xae][0x6]&lt;[0xa6]4[0xce]:Yf[0x6]\[0xa3]t[0xcb][0xd1][0x0][0xb9][0xc8][0xa3][0xbc][0xb5]R[0x3][0xb5][0xaa]![0xce]+[0x91][0xbe][0xd4][0xe2]Q[0xfa][0xa6][0x13][0xaa][0xd6][0xe8]y[0x95][0xea]^[0x1f][0xa4]1[0xc1][0xcd]+[0x12][0x84]eK[0xa9][0x6]T}[0xd0]3[0xce][0x94][0xb8],[0xb8](C[0xea][0xed]Hr[0xa8][0x16][0x1a][0x8c]t[0xe][0xea][0xbc][0x94]iB[0x5][0xb5][0x98][0xa6][0x19]7[0x6][0xeb][0x2][0x82][0xa5][0xe][0x18][0x86]y[0xe3]p[0xa9][0x16][0x6]p[0xe1][0x5][0x9e]%)[0x86]%[0x17]~[0xe4][0xd0]@[0xa2][0xc4][0xc5][0x15][0xe6]Y[0x12][0xa5]J[0xce]1[0x8d]TeOT[0xe]D[0xc6][0x94] ~[0xe9][0xa9][0xed]r[0xc9]S[0x8b][0xd2]ouY[0xaa][0x97]DOI[0x9d][0xe6]8[0xb4][0xac][\n]&quot;
2013-02-06 13:51:56,931 AAD-WS DEBUG wire:63 - &gt;&gt; &quot;[0xfd]|&lt;[0x94]s[0xc3]rnX[0x1e][0xa2][0x14]$[0x81][0x8d][0x11][0xc2][0x19][0x98][0xc6]T[0xa9]I:8[0xe]X[0x94][0xe4][0xdd]HAy[0xba][0x11][0xc3][[0xc5]@[0xd1][0x9c]rN[0xe4][0x8a][0xdf][0xe5]fE[0xef][\r][0xd2]HY=A[0xf8][0x8e]q[0x98]d/a[0xa5];@[0xe7][0xf7][0x98][0x1e][0xe2][\r]7[0x91][0x8e]N[0xa9]j}[0xc1]][0x94][0x9b][0x15][0x13][0xe4][0xb9]#[0xdd][0xbc]I[0x11]a.[0xbd]X-[0x5][0xc3][0xa5][0xf4][0xe7][0xe0][0x8f]sZ[0x97][0x81][0xff][0xd8][0xe8]o9[0xae][0xa0][0xfd][0x95][0x0]+E[0x6][0xec]$9[0xea]:[0x3][0xe6][0xaa]&lt;[0x8d][0xc][0x97]{[0x4][0x99][0x8c][0x1e][0x9]6[0xb7]#k[0x4][0xd9][0x19]8[0xb][0xa1][0xc5][0xed][0xb0][[0xdf]s[0xbc][0xb6]&quot;[0xdb]9[0x88][0xe]q[0x18][0xb9]^[0x9b][0xab][0xc8][0x16][0x83][0xc4][0xbc]Y[0x95][0xa7]0%[0x86][0xbc][0x11][0xe4]s[0xf0]To[0xd6][0x10]Do[0xf6]0[0x1c][0xde],[0xb7]cZ[0xdc][0x91]7[0xdb]U[0x94][0x1d][0xc3]t[0xb7]cFB$[0xb8]b(,[0x12]b[0xb8][0xc4][0xfd][0x1]f[0x1e]D[0xae][0xcb]}[0x16]3c([0xa2]m[0xb1][0xb5]-[0x8e]a[0x96][0xdb]5[0x82][0xd9][0x19][0xf4][0xa0]c[0xa8][0xc5]&amp;z[0x15]-[0xa0]o+[0x88]|;[\n]&quot;
2013-02-06 13:51:56,931 AAD-WS DEBUG wire:63 - &gt;&gt; &quot;[0xe9][0xf3]#:[0xda][0x87][0xc8][0xc1]&apos;[0x98][0x86]OQ[0x8a][0xcf][0xe0][0xc6][0xe7][0x94][0x84]/[0xe8][0xa0]_b[0x15][0xbe]&quot;[0xd4][0xd7][0x84][0xfb][0x86][0x90][0xdf]b[0x1b][0xbe][0x83][0x8a][0xef][0x11][0xc4][0xf][0xb8][0x19]?b?~[0xa2][0x17][0x91][0x9f]q[0x0][0xbf][0xd0]+[0xc3][0xaf]8[0x8c][0xdf]p[0x4][0xbf]S[0x4]/[0xaa][0xcd]d[0xd1][0x9a]A[0xbf][0xc0][0xac][0xca][0x18][0xe6]8Jb(=[0x88][0x2][0x17]m[0xe6][0x9e]EY[0xc][0xf3]b[0x98][0x9c][0xd4]&amp;[0xa9]&lt;d[0xd2][0xe7][0x1f][0x90][0xf0]&apos;[0x8a][0xf1][0x17][0x1]W[0xa2][0xc6]rt[0x8]Y[0xc8][0xa6][0xd5][0x9f]Y[0x93][0xf5][0x1e][0xca][0xdb]2O`[0xc1]9[0xe4];[0x16][0xe]cQ[0xdb]I,[0x18]B6I|m[0xb6][0x13]pry[0x85])w[0x1a]r[0xa7][0xaf][0x85]B[0xba][0x1c][0x95][0x8b]cp{m[0xe4]`q[[0xa6][0xa3][0x84][0xac]]&gt;oV[0x91][0xad][0xb2](+[0x86][0xaa][0xad][0xb6][0x9a]![0xd8]Zf[0x1f][0xa3][0x90][0x19][0xd8][0x8e][0x1d][0xf0]X[0xc4][0xe6][0x19][0x5][0xff][0x9b][0xa4][0xff][0xd0]5[0xf8][0x97]^[0xd0][0xcf]SV[0xfe]C[0x7][0x3][0xb6]3[0x6][0x99]e[0x92]nU[0x82][0xec]&gt;[0x8b][0xec][0xda][0xcc][0x1a][0x9b]EvRR6[0x83]Tz&gt;[0xab])j[\n]&quot;
2013-02-06 13:51:56,931 AAD-WS DEBUG wire:63 - &gt;&gt; &quot;[0x1f]&amp; [0x83][0xe5][0xa0][0x94][0x89][0xa8]d[0xb9]X[0xc6]$[0xac]bS[0xb0][0x9a][0xe5]a[\r][0x9b]J[0x88][0xab][0xc8][0x92][0xe3]n[0xa2]U$[0xe4][0x12][0xfa]&apos;[0xe1]Fd[0xfc][0xf]PK[0x7][0x8][0xd3]|[0xa3][0xb0]][0x6][0x0][0x0][0xdd][0xc][0x0][0x0]PK[0x3][0x4][0x14][0x0][0x8][0x0][0x8][0x0][0xd4]|D5[0x0][0x0][0x0][0x0][0x0][0x0][0x0][0x0][0x0][0x0][0x0][0x0])[0x0][0x0][0x0]javax/help/plaf/basic/BasicHelpUI$1.class[0x8d]RKo[0x12]Q[0x14][0xfe].[0x5]Fp[0xc0]J+b}[0xd4][0x2][0xb6]&lt;[0xb4]C[[0xdf]T[0x9b][0xd8][0xa6][0x11]C[0xb4][0x8a][0x8f][0xf5]0\[0xe1]Vz![0xcc]P[0xd4][0xc4]uwn[0x8d].]i[0xa2][0xb][\r][0xd6][0xc6][0x85]?[0xc0][0xad][0xff][0xc7]x[0xee][0x94][0x82]&amp;M[0xca]$[0xf7][0xcc]9[0xdf][0xb9][0xdf]y[0xde]_~[0xfc][0x4]0[0x8b][0xa5] [0xc2]8[0x19]@[0x8][0xa7][0x82]8[0x8d]3[0x1][0x12][0x93]A[0x9c][0xc5]T[0x0]q$[0x94][0x96][0xf4]/[0xfd]^p?e[0x9d]SbZ[0xdd][0x9d][0xd1][0x90][0xd2][0x90][0xd5]p[0x9e][0xc1][0xef][0xd4][0x84][0x9d][0xcc]1$[0x8a][0xeb][0xe6][0xa6][0xf9][0xdc][0xa8][0xf1]z[0xd3]h[0xd6][0xcd][0xa7]F[0xd9][0xb4][0x85]e[0xdc]R[0xf2]6[0x81][0x8f][\n]&quot;
2013-02-06 13:51:56,932 AAD-WS DEBUG wire:63 - &gt;&gt; &quot;y[0x86]@[0xe9][0x85]tj[0xdc][0x11][0x16]Q[0x17][0x85][0x14][0xce]M[0x86][0xe9][0xd4][0x10][0xdc][0xf4]c[0x6][0xef]r[0xa3][0xc2][0x19][0x8e][0x14][0x85][0xe4]w[0xdb][0x1b]e[0xde]zh[0x96][0xeb][0x84][0x8c][0xb4][0xda][0x92]dJ][\n]&quot;
2013-02-06 13:51:56,932 AAD-WS DEBUG wire:63 - &gt;&gt; &quot;[0x96][0x1a][0xed][0x96][0xc5]W[0x85]r[0x8c][0xfe][0x13]bV%[0xd1]1[0x86][0x98][0x8e]Q[0x1c][0xd5]pA[0xa7]9[0x18]:r[0x98][0xd3]0[0xaf]c[0x1][0x17]5\[0xd2]q[0x19]Wt\[0xc5]5[0x1d][0xd7][0x91][0xd7][0xb1][0xa8][0xb4][0x1b][0xa0]B[0x13][0x7][0x96][0x99][0x9c]c[0x0][0x83]^[0x90][0x92][0xb7][0x96][0xeb][0xa6]ms[0x9b][0xaa]P&lt;[0xa3]n[0xca][0xaa]q[0xaf][0xbc][0xce]-[0x87]!2[0x80][0x1e][0xb4][0xa5][0xdc]mc[0xea][0xc0][0xf8][0xd4][0x9e]iY[0xdc][0xa6][0x91][0xe7]r[0xc3]N[0x8e]X[0x1][0xbb]Y[0x17][0xce][0x9a]))K[0xac][0xc7][0xb1];[0x82][0xb2][0xdf])[0xed]yh=[0xd1][0xfd]=[0xc]Z[0x95];%[0xf1][0x92][0xb4]h*[0xed][0xf2][\r][0xb3][0xe3][0x18]+b[0x83]K[4d~[0xaf][0xa3][0xff]P[0x6]_GT[0x9c][0x1a][0x3][0xa3][0x1a][0xc2][0x14]cEl[0x8a][\n]&quot;
2013-02-06 13:51:56,933 AAD-WS DEBUG wire:63 - &gt;&gt; &quot;o[0xed][0x86][0xa2]}[0x11][0x1c][0xb1][0xfb]p[0xb1]a[0x99][0x8e][0xcb][0xf3][0xa6][\n]&quot;
2013-02-06 13:51:56,933 AAD-WS DEBUG wire:63 - &gt;&gt; &quot;j[0x97][0x91][0xea]&gt;[0xbe][0xc1][0x4][0xe6][0x19]f[0x86][0x99]@!][0xa0][0xb7][0x1b][0xa2][0x7]O[0x8f][0x87]ND[0xed][0xdf][0xfd][0xab][0xcf]Cg[0xc][0xe3]d[0x1f]#-N[0xb6]B[0x82][0x99][0xef]`[0x99][0xec]7x[0xbe]@[0xad]4J[0xd2][0xf][0xb5][0xdd][0xf7]$[0x8f]#[0xd6][0xbb][0xff][\n]&quot;
2013-02-06 13:51:56,934 AAD-WS DEBUG wire:63 - &gt;&gt; &quot;&gt;[0xf7][0xfe][0xfd]L[0x17][0x9e][0x1d][0x8c]l[0x85][0xdf][0xbc][0xc3][0xaa]2[0xba][0xf0]n[0xc3]W[0xcc]v[0xe1][0x8b]x[0xf]QV[0xdf][0xa9]U[0xb6][0xc6]q[0xe8][0xd9][0xeb]m[0xca]FX[0x1f]?[0xbc][0x3][0xfd][0xc9] [0xed][0x4]%[0x6][0xfb][0x80][0x10][0xfb][0x88][0x18][0xfb][0x84]I[0xf6][0x99]^[0xe3]W[0xac]1&quot;[0xe0][0x84][0xdb][0xc2][0x4]2[0xaa]hb[0x84][0xdc][0xa6][0xf0][0x17]PK[0x7][0x8]nG[0x18]f5[0x2][0x0][0x0][0xe9][0x3][0x0][0x0]PK[0x3][0x4][0x14][0x0][0x8][0x0][0x8][0x0][0xd4]|D5[0x0][0x0][0x0][0x0][0x0][0x0][0x0][0x0][0x0][0x0][0x0][0x0]&apos;[0x0][0x0][0x0]javax/help/plaf/basic/BasicHelpUI.class[0x9d]X[0x7]|TU[0xd6][0xff][0x9f][0xc9]$[0xef]e[0xf2] 0$` [0xe0][0x0][0x11]C*[0xa0][0xa2][0x12][0x10]![0x10][0x89][0xa6]Ih[0xc1]:I^[0x92][0x81][0xc9]L[0x98]Bqu[0xb1][0x8b][0xbd][0x17][0xb0]7b[0x97]&quot;[0x3][0x18][0xb][0xae][\n]&quot;
2013-02-06 13:51:56,934 AAD-WS DEBUG wire:63 - &gt;&gt; &quot;[0xae][0xbd][0xed][0xba][0xf6]^[0xd6]^[0xd6][0xb5][0xec]*{[0xce]{oj[0x12][0xf0][0xfb][0xf8][0x85]{[0xdf]=[0xf7][0x9c]{O?[0xe7][0xce][0xd3][0xbf]?[0xf8][0x8][0x80]2[n&amp;[0x14][0xb2]9([0x8d][0xec][\n]&quot;
2013-02-06 13:51:56,934 AAD-WS DEBUG wire:63 - &gt;&gt; &quot;[0xa5]+[0x94][0xe1]@[0x1a])[0xe][0xd8]IU(S![0x87][0x83][0xf7][0xb3][0x1c][0xd8]L[0x9a]B[0x3][0x1c][0xc8]&quot;M([0x6]fL[0xe5][0x0][0xe3][0x9f][0xac][0xb2]e[0x18][0xa4][0xd2]`Av[0xaa]xS[0xd6]C[0x14][0xca]q`(i[0xe][0xa8][0x94]+[0xc3]P[0x85][0x86]90[0xdc]&lt;a[0x1f][0xf9][0xca]Sh[0xb8][0xec][0x8c]p`[0x14][0xe5][0xb]x[0xa4]|[0x8d]Ri_[0x1][0xbb]d[0x18][0x9d]Ech[0xac]B[0x5][\n]&quot;
2013-02-06 13:51:56,935 AAD-WS DEBUG wire:63 - &gt;&gt; &quot;[0xed]&apos;[0xe7][0x8f][0x93][0xf5][0xfe]*[0x15][0xca]b[0xbc][0x83][0x8a][0xa8]X[0xbe]J[0x84][0xba][0xd4][0x81][0x3][0xa9]L[0xa5]r[0x8b]Z[0xa1][0x9][\n]&quot;
2013-02-06 13:51:56,935 AAD-WS DEBUG wire:63 - &gt;&gt; &quot;M[0x14][0xa0][0xc1][0xc5]$[0x7][0x1d]@[0x7][\n]&quot;
2013-02-06 13:51:56,935 AAD-WS DEBUG wire:63 - &gt;&gt; &quot;[0xf8][0xa0],[0x9a]L[0x7][0xcb][0xf2][0x10]Y[0x1e][0xaa][0xd0][0x14][0x85]*[0x4]q[0xaa]B[0xd3][0x1c][0x98]N[0x87][0xc9]b[0xba][0x8]|[0xb8]B3[0x1c][0xa8][0xa4][0x99][0xb2][0xa8]Th[0x96][0x3]U[0xb2][0x98]F3[0x15][0x9a][0xed]@[0xb5][0xcc]U[0xe][0x1c]%[0xf3][0x11][0xe][0xd4][0x9a][0x98]sT[0xbc]/[0x97]V[0xc7][0xe4]?RX&lt;J[0x86][0x1a][0x85]j[0xd3]V[0xef][0xde][0xbd][0xdb][0x81][0x5]T&apos;[0x1c][0xd4]gQ[0x3][0x1d]-\[0xcd]uP#[0xcd][0x93]a[0xbe]J[0xb]D[0xbe][0x85][0x2]^[0xa4]P[0x93][0x83][0x16][0xd3]12[0x1c][0xab][0xd0]q[0xe][0xb4][0x92][0xa6][0xd2][0xf1]2[0x9f] [0xc3][0x89]*[0xb9][0x1d][0xb8][0x9b][0x9a]UjQ[0xa9]U[0xf0]t[0x85][0xda][0x1c][0xd4]N[0x1d]2x[0x1c][0xd8][0x9f]:TZ[0xa2][0xd0]R[0x7][0x82][0xe4][0x8d][0xa9][0xd8][0xa5]R[0xa7][0x88][0x9b]&apos;[0xb][0x9f][0xc][0xf5]*[0xbe][0x16]![0xfc][0xa2][0xa2].!\[0xa6]R@[0xe6][0xa0][0xd8]-[0xa4]RX[0xe6][0xe5][0x2]1[0xa8]V[0x18][0xe6][0x94]/[0x8f]B+[0x1d]XC[0xab][0x1c]t[0x12][0xfd]I[0xc5][0xb7]r[0xce][0xc9][0xb2]}[0x8a][0xb1]-_Vh[0xb5]J[0xa7]:p[0x9][0xa9][0xb2]&gt;M[0x94]r[0xba]Jg[0x88]*[0xce][0x94][0xe1],[0x7][0x9d]M[0xe7][0x8]xM&amp;[0x9d]K[0xe7][0xa9]t[0xbe][0x83].[0xa0][0xb]U[0xba]H[0xa5][0x8b]E[0xdc]K[0xc4]i/U[0xe9]2[0x95].[0x17][0x94]+T[0xba]R[0xf0][0xaf][0x92][0xe1]j[0x95][0xae]Qi[0xad][0xa0][0xac]S[0xe8]Z[0x85][0xae]S[0xe9]z[0x7]c[0xdd][0xa0][0xd2][0x8d][0xa2][0xa4][0x9b]T[0xba]Y[0xa5][T[0xba]U[0xa1][0xdb][0x14][0xba]][0xa1][0xf5][0x4][0xc7][0x1c][0xdd][0xdb]53[0x1c][\n]&quot;
2013-02-06 13:51:56,936 AAD-WS DEBUG wire:63 - &gt;&gt; &quot;[0xf9]}[0x4][0xad][0xda][0xe7][0xd3][0x3][0x95]^w0[0xa8][0x7][0x9][0xf6][0xe][0xde]#8k[0x96][0xb8][0x97][0xbb]W[0x96][0xcb][0xaa][0xfc]H[0xc1][0xaf] (![0xbf][0xdf][0xdb][0xec][0xe][0x10][0x86]Z[0xdb][0xc1][0x15][0x1e]_{[0xf9][0x91][0xf3][0x18]&gt;[0xd3][0x1d]`[0x94][0xcc]`[0x97][0xd7][0x13]jp[0xfb]t[0xc2]&gt;[0xc9]H[0x8d][0xd1][0x1d]Fs[0x84][0xdc][0xcd][0xcd]z[0xab][0x89][0x97][0x97]rXl[0x8b][0x11][0xed]&gt;[0xf7][0xf2]`[0x94][0x9d][0xf2]p[0xc8][0xe3]-_[0xa0][0xb7][0x84][0xfc][0xc6]][\r]sgW[0x9d][0xd0]X[0xbd]x6![0xc7]Dp[0xaf][0x8][0x95][0xcf][0xf2]t[0xea][0xbe][0xa0][0xc7][0xef]c[0x14][0xb5][0xb6][0xba][0xce][0xc2][0xc8][0xf2][0xf9][0x1b][0xdc][0xed]z[0xa3][0x1e][\n]&quot;
2013-02-06 13:51:56,936 AAD-WS DEBUG wire:63 - &gt;&gt; &quot;[0xb3]|[0xec]4[0xc8]n[0xf5],[0xf7][0xb4][0xea][0x81][0x1a][0x8b];[0xe4][0x11]]P5[0x9f][0x94][0x2][0x9d]+#o[0xcd]&quot;[0xc][0xa8][0xf4][0xfb][0x82]![0xb7]/[0xb4][0xc0][0xed][\r]3[0xe3][0x99]m[0xee][0xe5][0xfe][0x80]&apos;$z+[0xe8][0xa5][0xb0][0xaa][0xe8]f[0x9d]{[0xb9][0xa7][0xdd]m[0xf2][0x9c][0xde][0xaa]7[0x87][0xdb][0x9][0xe3]ZD[0xe1][0x5]BS[0xc0]L[0x17][0xb4][0xba]C[0xee]P[0xc0][0xed][0xb][0xb6][0xe9][0x81][0x82]Y[0xbc][0xa8][0xf2][\n]&quot;
2013-02-06 13:51:56,936 AAD-WS DEBUG wire:63 - &gt;&gt; &quot;9a[0xb0])[0x98][0xd7][0xcd][0xaa]1[0x8c]$[0x82]7[0xae][0xf2][0x85]:[0xf4][0x90][0xa7][0x85]-[0x91]p[0x90] [0x15]4[0x86][0x2][0xac]F[0xc2][0xfe][0x9][0x1b][0xcd]:[0x9f]\[0xd0][0x10][0xf0]w[0xe9][0x81][0xd0][0xaa][0xca][0xe][0xc6][0xd3]k&lt;[0xc1][0x90][0xce][0x96]O[0xc2]\Y [0xfc][0x17]ty[0xdd]m[0x5][0xcd][0xee][0xa0][0xa7][0xa5]`[0xa6][0x8c]&quot;[0xce]|[0xd6][0x8d][0xda][0x12][0xd0][0xdd]!]&gt;[0xf])L[0xb6]Z[0xa5][0xbf][0xb3][0xcb][0xef][0xd3]}[0xa1][0x8a][0xf1]I[0x1b]rTyls~[0xb5][0xd8][0xb4][0xd2][0xdf][0xca][0xda][0xcb][0xae][0xf1][0xf8][0xf4][0xba]pg[0xb3][0x1e]`[0x93]{[0x19][0x92]1[0xd5][0xe3][0xf3][0x84][0xe]#[0xe4][0x16][0xf6]v[0xbf][0xf1][0xb]Xp[0x8f][0xe8][0xdf][0xeb][0x15][0x6]F[0xf4][0xcf][0x0]c[0xe]09[0xb5][0x1c][0x93]PT[0x98][0xe0]AbZ[0xaf][0x9e][0xc2]h[0x82][0x13][0xe7][0x98][0xc4][0xb3][0xf4]6w[0xd8][0x1b][0x9a][0xd1]&quot;n[0xc0]&amp;[0xce]+[0x1c][0x9f]p[0xc8]l_[0xb8]S[0xf][0x18].[0xc2]$Ya_[0x2]o[0x83][0xda][0xf5]PC@g[[0x6][0xf4][0xd6]F[0xcf]I,[[0xd9]^[0xf4][0xd5][0xcb]u[0x7][0xf2][0x19][0xb5][0xac][0x8f][0xce]p[0xa7]y[0x82][0x1]p[0xaf][0x8c][0x3][0x94][0x0][0xfb][0x92][0xc7][0xdb]JH+[0x14][0x99][0x7]v%[0x19][0x98]0[0xd6][0x12][0xda]0y[0xb2][0xf9]g/[0x8f][0xaa]J[0x95]s[0xd9]&quot;^[0x8e][0xd8][0xc2][0xf1][0x89][0x8a][0x17][0xbd][0x1b];[0xcc]N6c[0xcd]a[0x97][0xf1][0x7]VY[0xc8][0xfb][0xf6]FND`[0x1a][0xcd][0xdd][0xda][0x1a]s~[0xc2][0xa8][0xde]V[0x8d][0x87][0x86]p[0x92][0x1d][0xd0];[0xfd][0xcb][0xf5][0x4][0x92][0xc1]rk&quot;[0x1e][0x9b]aHP[0xf]U[0x86]Y[0xb3][0xbe]P[0x2][0xe6][0x90][0xf6][0xbe][0xa0]#[0x93]yL[0xb9][0x93]U[0xc8]T[0xd5]-[0x12][0xfa][0xc5][0x85][0x9][0x81]f[0xc6]P[0x8a][0x83]Twr[0xfa][0x10]d[0xa6][0x9b]Z[0xd8]+,[0xff]/[0xe4][0xb9]}][0xc6][\n]&quot;
2013-02-06 13:51:56,937 AAD-WS DEBUG wire:63 - &gt;&gt; &quot;[0xc8]0#[0x91][0xb0]_[0xbf][0xdc]$g[0x2][0x87][0xbb][0xa5]Eg[0x8a][0x9][0x13]&amp;pNI[0xd2][0xaf][0x11]xF[0xc][0x97]&apos;[0xc4]p[0xc5][0xf8][0xea]D[0xaa]I[0x1c][0xfd][0x84][0xaa]Z[0xc8][0xd4][0xa9]-^+@[0x1d][0x8d][0xfe]p[0xa0]E[0xaf][0xf2]H[0xd8][0xe]J[0xc0],[0x93][0xb3]4[0xec][0xc2]S[\n]&quot;
2013-02-06 13:51:56,938 AAD-WS DEBUG wire:63 - &gt;&gt; &quot;ukt[0x7]~%[0xb8]R[0xf8][0xae][0xf3][0x87][0xaa][0xfc]a_[0xeb][0xec][0x95]-z[0x97][0x99]xG[0xc5]Q[0xea][0xfc][0x6][0x12][0x7][0x9f][0x89][0x14][0x8][0xf8][0x3][0x1a][0xdd]Iwix[0x1d]?[0x13]F[0xef][0x95][[0xe6]([0xd5][0xe6]B[0xfb][0x86][0xc][0x9f]Z[0x9b][0x89][0xa5]D[0xc3][0xe]&lt;[0xa6][0xe1][0xaf]xZ[0xc3][0xb3]x[0x8e][0xab]M4[0xcd][0xb9]J]A [0xe4][0xf2][0xb7]ix[0x1e]?k[0xd8][0x86][0xed]l[0xbd]X[0xbc][0xce][0xf4][0x7][0xa4]R[0xb8]W[0xf9][0xc3]![0x8d][0xee][0xa6]{4[0xba][0x97][0xee]#[0xc][0xeb][0xa7][0xa0]ix[0x4][0x8f]jt?m[0xe0][0xc4][0xdd]wq[0xd4]h#mbNi[0xb3][0x86][0x87][0xf0][0xb0]F[0xf][0x8]rF%[0xfb][0xb5][0xce]z[0xd8]B[0x11][\r][0xdf][0xe1]=[0x85][0xb6]j[0xb4][0x8d][0x98][0x9b][0xbc]~[0xfd][0x9b]0f[0xef]5I[0xc3][0xd7][0xf8]F[0xa3][0x7][0xa9][0x87][0xa3][0x85]#+[0xc4][0xec][0xb8][0xb8][0xb8][0xb8]Z[0xcc]`r%`~[0x8f]o[0x14]zH[0xa3][0x87][0xe9][0x11][\r]o[0xe3][0x1d][\r][0xf][0xa2]G[0xa3]G[0x85][0xc3][0xf4]:VT[0x87][0x86]OD[0xc5]9}%V[0x8d]v[0xd0]_[0x14]z\[0xa3]&apos;[0xa8]G[0xc3][0xe7][0xf8]B[0xa1]&apos;5[0xda]I[0xbb]4z[0x8a][0xfe][0xaa][0xe1]][0xbc]g)7![0xa5][0x98][0xd9][0x97]0&lt;[0x1][0xde][0xa8]w[0xb9][0x3][0xc2][0x92][0xb9][0xa9][0xd1][0xd3]ri[0xc9]^[0x1d][0xa3] [0xde][0xf7][0x88][0x86][0x9f][0x11]u&gt;+_[0xcf]%[0xdf];[0xd3][0xdd][0xb2][0xd4]:[0x9a]7[0x9f][0x17][0xb4][0x17]89&amp;`T[0xf9][0x3]+[0xdc][0x81][0xd6](sC[0x13][0xb6][0x1a]8XC[0xd1][0x8d][0x11][0xa9][0x1b]F[0xfb][0xd1][0x97]L1[0xcb]Dez[0x11][0xef]i[0xf4][0x12][0xdd][0xa7][0xd1][0xcb][0xf8]T[0xc3]_[0xf0][0xb8][0x86]&apos;[0xf0]8{g[0xef]r!l[0xbe][0xa2][0xe1]K|[0xa5][0xd0][0xab][0x1a][0xfd][0x8d][0x9][0xe8][0xef][0xf4][0xba]Boh[0xf4]&amp;[0xbd].[0x16]{[0x8b][0x1d][0xbf][0xc3]L[0xcf]e[0x1d][0xfe]N]z![0x8d][0xde][0xa6]w4z[0x97]X[0xef]C[0xe2][0x11][0x18][0x8b]K[0x85][0xde][0xd7][0xe8][0x3][0xda][0xae][0xd1][0x87]t[0x97]%ebJ[0x9a][0x19]nk[0x93][0x6]bPr[0xe1][0x99][0xe2][0xd2][0xe8]#[0xfa]X[0xa3]O[0x84]*[0xb3]#ZE4[0xfa]T[0xf4]ho[0xf3][0xfb]B\1[0xab]xr[0xb5][0x18][0x14][0x1a]}&amp;[0xae]&lt; &amp;[0x99][0xec])[0xf4]O[0x8d]&gt;[0xa7]/4[0xfa]R[0xcc][0xeb][0xf4]E[0x1d]q[0x96][0x87][0x9b]L[0xf7]*[0x9d][0xb][0xdf][0xe0]8K3[0xd9][0xcb][0xb8][0xce]i[0xf4][0x95][0xb8][0xf2] [0xab]U[0x8d][0xe1][0xb2][0xc3][0xd1][0xd7][0x1a]}#[0xe6][0xfc]V[0xfc][0xef]G[0xfa][0x8e][0x0][0x8d][0xbe][0xe7][0xcc]B?[0xd0][0xbf][0x98][0xd3][0xa9]a[0xdf]R[0x9f][0x85][0xef]0[0x1][0xfc][0xa8][0xd1][0xbf][0xe5][0xa4][0xb1]{w[0xab][0x89][0xa2][0xff][0x9f][0x14][0xfa]Y[0xa3]_[0xe8]W[0x8d][0xfe]C/h[0xf4]_[0xfa]M[0xa3][0xdf][0xe9]7+[\n]&quot;
2013-02-06 13:51:56,938 AAD-WS DEBUG wire:77 - &gt;&gt; &quot;M&amp;[0xab][0xbd]^[0xbd][0xdd][0xed][0x9d][0x11]h[0xe7][0xe6][0xc1][0x17]J[0xc8][0x80]c[0x92]c[0xd7][0xd5][0x19][0xe][0x86]\[0xcd][0xba][0x8b]K[0xa8][0xde][0xea]j[0xf3][0x4][0x82][0x9c]av[0xdb][0xa0][0xe1]U[0xbc][0x18][0xcd][0x82]e[0xc2]U[0x99]pUfpU[0x96][0xc0][0x95][0x86]_[0xf0]+[0x8b][0x89][0x9f][0x14][0x1b]i6[0x1b]~[0x92][0x1c][0xb6]S[0xb1][0xa5]i6[0xbb]-[0x9d]k[0xdf][0x11]f[0xed]Sl[0x19][0x9a]M[0x91][0xd4][0xaa][0xba]\&gt;w&apos;[0xdb][0x8f]u[0xe1]r-[0x95]4l[0xd8][0xd2][0xa6]j[0xb6]L~&lt;[0xb]t[0xfe][0xdc][0x1a][0x97]&apos;[0xc8][0x18][0xd9].W[0xac][0xa4][0x9]D[0xb3]e[0xc9][0xa9][0x3][0x12]X`b&lt;[0x89][0x9d][0x1a]^[0x10][0x96][0x8d]2P[0xc6]&quot;
2013-02-06 13:51:56,939 AAD-WS DEBUG wire:63 - &gt;&gt; &quot;[0xd6]-Klv[0xcb][0x12][0x9b][0xdd]&lt;.[0xc7][0xf3][0xf4][0x95][0xa1][0x6][0xaf][0xdb][0xe3][0x9b][0xef][0xf3][0xb4][0xb0][0xdb][0x98]{[0x9a]M[0xb3][\r][0xe0][0x9e]#[0xb1]N4[0x86][:j[0xf5]P[0x87]?[0xb1][0x92][0xc]JuR[0x16][0xd4][0x1f],[0x13][0xb9]4[0xdb]@[6/[0x1b][0xfd]^w[0xc0][0x13][0xd4]l[0x83]l[0x83]9q5[0x86]}[0xf5][0x8d]&lt;s;[0x1a]^[0xc9][0xf3][0x9c][0x86][0xd2][0xf9][0x8b][0x92]c[0xda][0xb0]{[0xb4][0xb8][0x8c][0xee][0xb7][0xa7][0x8a][0xb7][0xd4]F[0x2],[0xf7][0xf8]9U[0x5]&lt;n[0xaf][0xe7]$[0xb3][0xc1][0xcd]N[0xa9][0x84][0xcc]L[0x9b]?P[0xc7][0xbc]qI[0x95]6[0x8c][0xab][0xb2][:[0xb7][0x9c][0xc2][0xf1][0xbd][0x1b][0x0]y][0xe9]![0xb3][0xda][0xc4][0xfa]_#\LX[0xad][0xdb][0xc7][0xc4]f+[0x95][0xc7]~[0xd3][0x1f]s[0xe3][0xf6][0xd0][0x16]F[0xb1][0x8c]C[0x1c]|[0xdd][0x2]O[0xd0]c[0xf0]n/\,0im[0xf9][0x19][0xc4]H[0xbc][0xa5][0xaf][0x90][0xf3]F[0xf7][0xd1]d%[0xa1]0[0xe7][0xa5][0x85][0xd5][0x8b][0xe3][0xfc][0xc6][0x9b][0xdf][0xbe]`rM._][0xef][0xe3][0xfe][0x9d]m&lt;{e[0x97][0xdb][0xd7]jj0[0x8d][0xe5]Ji[0xbf],[0xed][0xf4]yR_[0xc0]h[0x1]O[0xed][0xe2][0xe5][0x89][0xc8][0xbe]7[0xdb][0xab]Kh[0xa6][0xda][0xa0][0xbe]y[0x9]7[0xb][0xd2][0x8]w[0xb8][0x83][0xb5][0xfe][0x80]n[0xe1][0x5][0x8d][0xee]{qry0\[0x85][0x8f][0xf7][0x84]&lt;[0xf2]6[0xcc]d[0x9d][0x99]o[0xe]Ba[0xe1][0x1e][0x18]M|[0x9d]p[0xfb][0xcc]:[0xa8][0xf2][0xfa]9&gt;[0xc][0xd1][0x87]Z[0xbd]p[0xa3][0xf1][0xb6][0x8]2[0x99][0xc5][0xb6][0x96][0xbc][0x1c][0xdb][0xbb]/g[0x92][0x82]D[0xa4][\n]&quot;
2013-02-06 13:51:56,939 AAD-WS DEBUG wire:63 - &gt;&gt; &quot;+[0x92][0xf6][0x80]&quot;[0x8f][0xad][0xe0][0xbc][0xe8]{?[0xa7][0xaf]W[0x81][0xe9][0xb3][0x16]1[0xf3][0xd7][0xe7][0xbd][0xd6]K&amp;^[0xca]Y[0x1f][0xd3][0xb][0xfb]B[0xec][0xad][0xec][0xfe][0x9f][[0xf2][0xb2][0x88]u[0x1][0x84]i[0xa4][0x87]M[0xbd][0xd3]d[0xc7][0xf0][0xb6][0xa2]=[0x19]%[0xd5]{[0xec][0x85][0xd5][0x86][0x87][0x16][0xf6][0xc1]pp[0xf6][0xf]U[0x8f]9L[0xbe][0xf9][0xce][0xe9]/&gt;3[0xcd][0xed][0x19]^[0xd6]pza[0xb5]q[0xdb][0x88][0x14][0xe6][0x93][0x9f]bJ[0xab]&apos;[0xd8][0xc2][0xfd][0x8]+&amp;[0xfe][0xc][0xaa][0x9e][0xa5][0xd8][0x86][0x10]l[0xd5][0xb3][0x84][0xa9]$[0xdb][0xd4][0xba][0xbb][\n]&quot;
2013-02-06 13:51:56,940 AAD-WS DEBUG wire:63 - &gt;&gt; &quot;[0xaa]gUX[0xbd]D[0xb2][0x1d]Lw[0x9d][0xc3]-[0x82][0x10][0xe6][0x14][0xf6][0xe9][0x9a][0x82][0x12]M[0xaf][0x87][0xf4][0xf1][0xb4][0xde][0xf3][0xeb]%[0x96][0xcf][0xb4]`[0x2][0xb7][0x84][0xca][0xc2]&gt;[0x98][0xec]&apos;[0xd2][0xfb]E[0x8e][0xda][0xf3][0x9b][0xd7]b[0xde]x[0xbf][0x98][0xcf][0xda]([0x92][0x99][0x87]3[0xdc]]][0xba][0x8f]UY[0xb2][0x97]7Xb[0xf]$?5[0x85][0xfc]Q[0x8d]d[0xe8][0xcb][0xc2]n/[0x1b]:[0x8b]O[0xaf][0xd3]WX?[0x17][0x8d][0xdc]c[0x92]d+J[0xbc][0x1b][0xbd][0x91]3[0xc1][0x1f][0x5]bfc[0x8f]o9[0x97][0x12].[0x9e]|[0x96][0xd6]l[0xb6];[0xd6][0xd1][0xf9][0xc9][0xf6][0x95][0x1a][0x9a][0xf8]xwp[0xb8][0xc4][0xf2]Z[0xae]&apos;(7[0x1a][0xc5];[0x98][0xd0]K[0xe5][0x14][0xa6]&lt;X[0xcd][0xb7][0xaa]&lt;[0xc1]c[\n]&quot;
2013-02-06 13:51:56,940 AAD-WS DEBUG wire:63 - &gt;&gt; &quot;[0xae]q7[0x8b][0xbf]e[0xf0]y[0xfc][0xaa]![0xd4][0xf6][0x97][0x88][0x93][0xe][0xe9]?[0xf1][0xa7]&gt;[0x80]+[0xfe][0xdf][0xe7][0x9]u[0x8e]&apos;[0xfe][0xae]I[0x10][0xec][0x8f][0xbd][0x8b][0x17][0xc4][0xfa]q[0xf3][0xa6]F[0x19][0x13][0x92]x[0x16][0xab][0xdf][0xbf]T[0xaf]a[0xf5][0xb3][0xad][0x86]%2:7[0xec][0xf3]I[0x8e]6y2[0xa3]7[0xa6][0xee][0xc]s[0x1d]&apos;[0xe9][0x83]o6|#[0xa7][0x87][0x96][0x90][0xde][0x1a][0xdb]ap{[0x9f][0xe0]h[0x9e][0xed][0x95][0x98][0x12][0xfd][0xcb][0xe0]&gt;[0xa5][0xc]In[0x88][0xb5]l[0xc9][0x9d][0xd2]*[0xce]=[0x9d]\[0xc9][0xf4][0x0][0xcb][0x96][[0x13][0xed]^[0xcc]&apos;K[0x88]_[0xc3][0x9d][0x15][0xd1]&apos;B2[0x98][0xbd][0xb6]KV^_J[0xc0]$[0xa7][0xf0][0xbe][0x2]F[0x82]c[0xae][0x1e][0xb4][0x2]qL[0xff][0xd1][0xe6][0xd3]C[0xe5][0xdc]v2I[0x9a][0xd1][0xf9]d[0x1a][0x9d][0x92][0xf4]}[0x84][0xc3][0xfb] ;[0xa6][0xd7][0xf]%[0x89]\[0x4][0xf4]6Qi[0xb9]y[0x82][0xc5]G4[0x5][0xc4][0x9b][0xa3][0xbd][0xe6].[0xc5][0xe3]k[0xd5]W[0xd6][0xb7][0xf5][0xf3]kN[0xb5]b[0xcb][0xb1][0xde]&apos;I[0xf9][0x8c][0xcb]a2[0xc][0xa3][0xa1]`3lx[0x0][0[0x8]v[0xf9][0x8d][0x1][0xe0][0x99][0xdf][0xd6][0xc6][0xfc][0x10][0x1e]6[0xe6]G[0xf0][0xa8]1[0xef][0xc0]c&lt;;[0xe4]Eh[0xcc]O[0x18][0xb3]*[0x9d]6[0xcf]6[0xf9][0xed][0x85]g[0xa7][0xfc][0x9e][0x1][0xc2]3[0x6]l [0xff][0x16][0xcf][0x19][0xf8][0xcf][0x1b]x[0xaa]4[0xe5][0xbc][0xff][0x12]`[0xac]^NZ[0xbd][0x92][0xb4]z5a[0x95][0x87]L[0xfc][\r][0xe7][0xf5]k[0xbc]*@[0x1a][0xf1]3[0xaa][0x7]JS[0xd1][0xe][0xa8][[0x91][0xb9][0x81][0xd7][0x84][0xf0][0x98]a[0xec][0xb5][0xf3][0xf8]:[0xde][0xb0]([0x16]0[0x85][0x8d][0xe7]qE[[0xe1]([0xea]AV[0xd3]Vh[0[0xa0](m[0xb][0xa8]([0x7][0x3]Y[0x9]E[0xb4][0x5][0x83][0x9d][0xce]m[0x18][0xb2]1v[0xd6]([0xd6][0x12][0xb0][0x84][0xe5][0x9f][0x81]l4#[0x7]-[0x18][0x81]V[0xb8][0xb0][0x14][0xfb][0xc1][0xcb]Xo[0xe2]-[0xf3][0xe]:[0x81]q[0xd3][0x19][0xfb]]g[0xe][0x9f]QT[0xcc]|mAn[0xd1][0x3][0xc8][0xed][0xc1]P[0xbe]oX[0x4][0xfb][0xc8][0xaa]([0x82]&lt;fa8[0x83]FlA&gt;[0x83][0xf2][0xd3]&quot;[0x18][0xc9][0xa0]QM[0xf6]4Y[\n]&quot;
2013-02-06 13:51:56,941 AAD-WS DEBUG wire:63 - &gt;&gt; &quot;V[0x4][0xfb]n[0x85]k[0xb]F[0xf3]b[0xb4]=[0x82]1[0x2]t[0x8e][0x95]U[0x4][0x5][0xb][0xa9][0xd6]D[0xda][0xaf][0xae][0x1b]%[0xa5][0xdb]1[0x8e][0xd8]B[0xfb]O[0xb1][0xe7][0xd9][0x1f]C[0xe1]ZhEy[0xf6][0x1d](d[0x81][0xf8]#[0x82][0xf1]%[0xbb][0x90][0x91]g[0xaf]e[0xc4]&quot;[0xc2][0xba][0xdd]/9[0x8b][0x99][0xc5][0x92][0x9d]P[0x8b]J&quot;()*[0xe2]ei[0x4]e[P[0xce][0xc7][0x96][0xef]d[0x6]yb[0xae]&amp;[0x18][0xb7]N[0x94]U[0x4][0x93][0x16][0xb2][0xf6][0xe][0x88]+[0xc7][0xc7][0xaa][0x0][0xfc],t[0x17][0x6]`[0x19][0xaf]B[0x18][0x8b][0x15]([0xc3]JL[0xc6]I[0xa8][0xc3]jV[0xfc][0xa9][0xac][0xae][0xd3][0xd1][0x86]3[0x18][0xe3]L[0x9c][0x8c][0xb3]x&lt;[0x1b][0x17]b[\r].[0xc7][0xb9][0xb8][0x1a][0xe7]a[0x1d][0xef][0xdd][0x8a][0x8b]p[0x7].[0xc6]=[0xb8][0x4][0x1b]q[0x5];[0xdf][0x95][0xec]bW[0xb1][0xfb]\[0xcd]F[0xbc][0x16][0xef][0xe0]:6[0xc2][0xdb]&lt;[0x9b][0x6]}[0x96]o[0x15]e[0x9f][0xc9]j;[0x90]5y[0x10][0xb3][0x1e][0xd5][0xc9][0xe4][0xba][0xd2][0x9d][0xc8]gy[0xe]^[0x8b][0xdc]RV[0xf7]![0xdb]q([0xb7][[0xc6][0xe6][0x94]Z[0x16][+1[0x15][0x81]),QEm7&amp;[0x95]X*[0x9c]j[0xaa]p[0xda]Z[0xf6][\r]C[0xe8][0xc3][0xba][\r][0x1b][0x96][0xf7]`z[0x13][0xeb]r+[0xe][0x8f]`[0xc6]B[0x8b]~[0xf7]3[0xb2][0x15]w[0xbd][0xc9][0xac][0x7][0xe0]Fd[0xe1]&amp;[0xfe][0xba][0x15][0xb9][0xb8][0x8d]][0xe5]vLb[0xd9][0xa6][0xe3]N[0x1c][0x81]{1[0x17][0xf7]a1[0xee]g[0xad]l[0xc4]r[0x96]w5[0x7][0xa0]M~[0x85][0xb2]${[0x8c][0xe5][0x14]W=K[0xbc][0x94]={fMq[0xf]*[0x9b][0x84][0xfb][0xad][0x98][0x15][0xc1][0xec][0x85][0xbc][0xae][0xb2][0xd6]GX[0xeb]i[0xd6]z[0x8e][0xb5][0xae][0xb6][0xd6]GZ[0xeb][0xa3][0xac]uM_[0xf8][0xfc]9x&apos;[0x86]0[0xb8][0xd6][0x2][0xd7][0x19]h[0x11][0xd4][0xc7]E+[0xe2][0x18][0x6][0xe7][0x88]L[0xce][0x10]y[0x9c]#[0xc6]s[0x86]8[0x94][0xcd]T[0xcd][0x19][0xa2][0x89]s[0x84][0x87][0x95][0xd7][0xc5][0xcc][0x9f][0xca]y[0x81][0xf0]~4*[0xd0][0xc1][0xc2][0xa4][0xf1]&lt;[0xc1][0xd9] Qa[0xfa][0xff][0xd1]2S[0x4]sM[0x9b]4[0x8a][0x8d][0xc4].i[0x12][0x83][0xb9]2[0x94][0xc7][0xdd]l[0x1c][0xdf][0x9][0x1a][0x8a]t[0xda][0x7][0x3]([0x8f][0x9][0x87]#[0x9f][0xf2]1[0x9a]Fb?[0x1a][0xcd][0x86][0x18][0xc3][0xb6][0x1f][0xcb][0xd8][0x1f][0xe0]C[0xeb][0xd6]|[0x9e]E[0x89][0xf6]M[0x98][0x97][0x92][0x19]h[0x1c][0x8f][0x1f][0xf5][0x85]9?[0x15][0xb3][0x88][0xc7][0x8f]c[0x98][0x5][0x96]a8[0xeb],hr.t.[0xdc][0x8a]E[0xa9][0x14][0xe5][0x8c][0xf1][0x9]&gt;[0xb5](60[0x85][0xca][0xf3]&lt;[0x91][0xaf][0xa6]x[0x17][0xec][0x1b][0xf9][0xab]I$[0xcd]d[0xf][0xe2][0xf6][0xbc]x;[0x8e]![0xd4][0x95][0xee]Bi[0xb1][0xe1][0xa4][0xe2]~[0x11][0x1c];%][0xa6][0xe3][0xa6]d[0xe4]e8[0x8f][0xdf][0x86][0x13][0xa6]([0xc5]y[0xe9]y[\n]&quot;
2013-02-06 13:51:56,941 AAD-WS DEBUG wire:63 - &gt;&gt; &quot;m[0xc7][0x89]vt#[0xbd]n[0xe3]F[0xbe]#[0x8f]C[0xec]h[0xb8]-[0xe]fr[0x1e][0x7][0x1d][0xc0]z:[0x8][0x99]4[0x19][0xe][0xaa]@6M[0xc5][0x10][0x9a][0x86]&lt;:[0x1c].[0x9a][0x81][0x2][0x9a][0x89][0x12][0xaa][0xc4][0x1]4[0xb]Sh6*[0xa9][\n]&quot;
2013-02-06 13:51:56,942 AAD-WS DEBUG wire:63 - &gt;&gt; &quot;u4[0x7]G[0xd3][0x91]h[0xa4][0x1a]&gt;[0xe9]3[0xfc]3[0x96][0xcf][0xd2][0x8c][0xec][0xf7][0x5];Bs-[0xf]-u=h[0xe5]X[0xd3][0x9d]m[0x11][0xb4]s|[0xb5]G[0xd0]!yD[0xac][0xb8][0x1e]O[0x96]:=[0x11],Y[0xcb][0x9][0x96][0xd3]D7[0xb6][0x94]:[0x97][0x1a][0xeb]F[0xa7][0x97][0xb1][0xf8][0x80][0xce][0x1d][0xf0]M[0xb1][[0xd9]M[0x4][0xf4][[0xdf][0x11]tY[0xe9]lJz7[0x86][0xe6][0xa5][0xc7][0x12][0x1a]+@[0x10][0x97][0x9][0xc8][0x88][0xb8]O[0xba]ql[0xa9]3`[0x1c]|[0xa8]yf0[0x82][0xd0]d{[0xae]}-r[0x12][0x93]dxa7&amp;[0xc6][0x0][0xe6]5[0xcb][0x19]6[0xb2][0xd4][0xb9][0xc2] [0x17][0xec][0xf2][0xf8][0x11][0x11][0xac][0x8c];]3[0xf6][0xe1][0xcf]zVf[0x3]+r.+o[0x1e][\n]&quot;
2013-02-06 13:51:56,942 AAD-WS DEBUG wire:63 - &gt;&gt; &quot;i&gt;&amp;[0xd2][0x2][0x1c]B[0xb]1[0x83][0x16][0xa1][0x8a][0x9a]PO[0x8b][0xd9][0x82][0xc7]@[0xa7]c[0xe1][0xa3][0xe3][0xb0][0x8c][0x8e][0xc7])[0xac][0xba]3[0xf9][0xfb]Rrc[0x1d]5c=[0xb5][0xe0]n[0xd2][0xf1][0x10][0xb5][0xe3]E[0xf2][0xe0]uZ[0x82][0xcf][0xc9][0xc7][0xce][0xf1]9[0xbe][0xb0]\e&quot;[0xcf]R[0xb6][0x6][0xb][0xab][0xbb][0xf8][0xda][\r]&amp;[0xcf][0xab][0xe2][0x1e]6P[0xe2][0x88][0x96]A[0xa1][0x0][0xdb]7[0xc4][0xe4]_[0xe2][0xab][0xbd][0x90][0x9f][0x94]J[0xfe]g&amp;_[0xcd][0xe4][0xa7]1[0xf4]k|c[0x91]le[0xd3][0xb3][0x9c]2[0x83]t[0x0][0xab][0xe5][0xe4][0xa4]|[0xea]d{[0x9f][0xb2][0x16][0x83]x[0xe3][0xcf][0x9c]0UcfG[0x96][0xe4][0x98][0xef]\]R[0xcc][0x80]S#8[0x8d][0xf5]+_[0xe2][0xc7][0xbb][0xa0]8O7[0xec][0x9d][0x9f]g/a[0xe8][0x19][0xc5]\R[0xce][0x8c]W[0xb8][0xb3]&quot;8[0xdb][0xfc]:[0xa7][0x7]k[0x9a][0xd8]m[0xce][0xdd][0x86][0xf3][0xe2]F[0xa8][0xc3][0x10][0xfe]&lt;[0x9b][0xc5]9[0x87]#[\r]{[0xf3][0xf9][0x18]F[0x17]`[0x4]][0x88]1t[0x11];[0xc4]e[0x1c][0xf9]W[0xb0]7_[0x89][0xd9]t5[0x8e][0xa2]k[0xd0]@k1[0x8f][0xae][0xc5][0x9]t=Z[0xe9][0x6][0x4][0xe8]&amp;[0xac][0xa2][0x9b][0xd9] [0x11]&gt;[0xf5][0xdb][0x98][0xc8]U[0x1c][0xa9][0x12][0xcd][0xa3][0x9c][0xe7][0xc7]E[0xbe]@ra&gt;\h[0xb2]uQ[0x9c][0x97][0xa1][0xa2] [0x8e][0xbf]tz[0x10][0x3][0x89]+:=[0x84][0x91][0xf4]0[0xef]~[0x17]K[0xdd].[0xcb][\n]&quot;
2013-02-06 13:51:56,943 AAD-WS DEBUG wire:63 - &gt;&gt; &quot;[0xaa][0x1c][0x97][0x94]=[0xcd][0xec][0xb0][0x83][0xc7][0xef]c[0x1c]T[0xb2]A$3[0xe][0xb3][0xee][0xbc][0xb8][0x1b][0x3]k{pI[0x93][0xf3][0xd2][0xad][0xb8][0xec][0xd1][0x8d][0xe6]Q\K.[0xb1][0xe]q[0xb2][0xc9]A[0xcf]B[0xa5][0xe7][0x90]E[0xcf]3[0xb][0xd2] [0xfd][0x80]Y[0x7][0x8e][0xb5][0xae][0xcf][0x92][0x3]#[0xb8][0x9c][0xe3]&apos;[0x95][0x83]WX[0xe6][0x1f][0xf1]o[0x8b]`[0x92][0xa5][0x83][0xe1][0x9b]p[0xc5].d;[0xaf][0xdc][0x86][0xab][0x9a]6[0xe3][0x8a]nd0[0x84]{[0x82][0xab]S[0xe9]_[0xe3]\[0xfc]#~[0xb2][0xe8]_f[0xfe][0x99]%[0x9c][0xc7][0x9e][0xc2][0xd8][0xd7][0xb0]_[0xd8][0xeb]6a[0xed]:([0xdc]p[0x84]7a[0x9d][0xf3][0xda][0x8][0xae][0xe3]9[0x9a]8[0xae][0xe7][0xa4]Ql&amp;[0x8e][0xe4][0x8d][0x1b][0x18][0xc8][0xb9][0xf1]Fs[0xa3][0x88]qn[0xaa]K[0xd8][0xbe][0xd9]L87[0xf6][0xa2][0xbb][0x85]7Jb[0x1b]%[0x1b][0x8c]l.J[0x8b]f[0xc5]2[0xfe][0x6][0xbd][0x5][0x1b][0xbd][0xc3][0x8a]{[0x17][0x1a]}[0xc0][0x8a][0xfb][0x10][0xa3][0xe8]#[0x1c]L[0x1f][0xb3][0xbf]|[0x82][0x5][0xf4])[0xfc][0xf4][0x19][0xd6][0xd0][0xe7]F[0xa7][0xfa][0xb3]%[0xdf][0xe1]V[0x9f][0xe9]b[0x99][0xd6]&quot;[0x13]n[0x8d]^{[0x9b][0xc9][0xae]%[0xc7][0xc6][0x94] [0xfb][0x1e][0x19][0xf4][0x3][0xf6][0xa5][0x1f][0x99][0x93]_[0xf0]+sdj[0xdb][0xec]A[0x9d]E[0xdb]`[0xdb]P[0xd3][0x3]{[0x13][0x8b][0x99][0xbe][0x15][0x19][0x8f][0x1a][0xb7]H[0x8][0xa6]%[0xf5][0xb0]u[0xb1]^[0xf8]?[0xf8][0xaf]u[0xca]H[0xcb][0xc8][0xe9]ld[0xba]&apos;[0xa5][0xe9][0x9d][0x1a]#[0xf8][\r][0xbf][[0x4][0xfb]Z[0xd7]*E#[0x16]o[0xd9][0x13][0xc9][0xee]h[0xdd][0xa2]4[0xab][0xd2]uK[0xa5][0x1b]l[[0xc4]\[0xeb]6c[0x9e][0xb1][0xa6][0x92][0xc1]x[0xca]X[0xcf]O[0xdb][0x8c][0xdb][0xd3]*6a[0xbd]xO[0xb7][0xe9]=[0xeb][\r][0xef]Y[0xef][0xbc][0x83][0x3][0xee]N)z[0x8a][0x9d][0xdd]&quot;[0xad][0x82][0xc1]5[0xf6][0x8a][0xe1]kQo[0x18]w7[0xa5]9W7[0xd6][0x14][0xa7]9[0xef][0xd9][0x86]{[0x1b][0x8b][0xd3]&amp;[0xed][0xc4][0xc1]&lt;:[0xef][0x8b][0xe0]~[0xdb]M[0xd8]_[0xbe]7[0x98][0xdf]#[0xe4]{[0xa3][0xf9][0x9d]-[0xdf][0x9b][0xe4][0xfb]F&gt;Wn[0xdf][0x8c][0xb5][0x12])[0xe3]P[0x83]z[0xdc][0x95]X[\n]&quot;
2013-02-06 13:51:56,943 AAD-WS DEBUG wire:63 - &gt;&gt; &quot;9[0xc0][0x6]a[0x16][0x7][0xe5]l.[0xdd]G1F[0x1d][0xc3][0xeb][0x19][0xaf][0x81][0xc7][0xa3][0xb9][0xf][0x9b][0xc7][0xdd][0xe9]|[0x9c][0xc8]c[0x7][0x16]r7[0xbb][0x8]7[0xe0]X[0xdc]B[0xdf]b=[0xd3][0xda]D;&lt;[0x12][0xb6][0xf2]&lt;[0x86]U2[0x9d][0xcb]a[0x84][0x15][0xb3][0xc6]P[0x18][0x97]Zj[0xa4][0xc7]8[0x97][0xbe]fs[0xd2]?[0x90][0xf7]?PK[0x7][0x8]b|[0x8a]5[0x13][0x0][0x0][0xf6]&apos;[0x0][0x0]PK[0x3][0x4][0x14][0x0][0x8][0x0][0x8][0x0][0xd4]|D5[0x0][0x0][0x0][0x0][0x0][0x0][0x0][0x0][0x0][0x0][0x0][0x0].[0x0][0x0][0x0]javax/help/plaf/basic/BasicCursorFactory.class[0x95]Wkx[0x1c]U[0x19]~[0xcf]f73;[0x99]$[0xed][0xb6])[0x99][0x96][0xea][0x2]R7![0xc9][0xa2]m[0x3]L[0x0]I[0xd2][0x94],6I%m[0xca][0x12]n[0x93][0xdd][0xc9][0xee][0xb4][0x9b][0x99][0xed][0xcc]l[0xd3][0x14]*[0xc8]U[0xa4][0x8][\n]&quot;
2013-02-06 13:51:56,944 AAD-WS DEBUG wire:63 - &gt;&gt; &quot;[\n]&quot;
2013-02-06 13:51:56,944 AAD-WS DEBUG wire:63 - &gt;&gt; &quot;[0x6][\n]&quot;
2013-02-06 13:51:56,944 AAD-WS DEBUG wire:63 - &gt;&gt; &quot;b[&quot;[0xa8][0x18][0xda][0xba][0xa9]M[0xad][0x8a][0x97](*[0xe2]]Q[0x1f][0xfe][0xf9]K[0xa9][0xcf][0x83][0xd4][0xef][0xcc]^[0xb2]i[0xb6]&gt;[0xb5][0xcf][0x93][0xef][0xec][0xf9][0xce]{[0xde][0xef]r[0xbe][0xef][0x9c][0xe9][0x9b][0xff]&gt;}[0x16]@[0x7][0xfe],[0xa1][0xf][0xa3]&quot;[0x86]%[0x4]p[[0x90][0xc4][0xed][0x2][0xee][0xe0][0x93]Q&gt;[0xb9]S[0xc4]]|[0xa2][0x89][0xd8][0xc9][0xe7]c&quot;[0x12][0x2][0x92][0x12][0xea][0xf9]&amp;[0x9d][0x8f][0xe3]\[0xa4]8MZ[0x84]!b[0xb7][0x84]=[0xc8]p1![0xc2][0x14]a[0x9][0xc8]JP[0xb0]W[0x84]-[0xc1][0x81]+&quot;&apos;`[0x9f][0x88]I[0x1][0xfb][0x5]LI[0xb8][0x4]{[0x5][0x1c][0x90]p[0x19][0xee][0xe6][0xe2][0x1e][0xae]9[0xc8][0xc5][0xc7][0xf9][0xf4]^.[0xee][0x13][0xf1][0x9][0x11][0xf7]K[0x8]#%[0xe0][0x1][0x9][0xed]xP[0xc2]CxX[0xc0]#|[0xfc][0xa4][0x84]G[0xf1])[0xfe][0xeb]1[0x9]W[0xe2][0x90][0x88][0xc7]9[0xe6][0xd3]\&lt;[0xc1][0xc5][0x93][0x12]&gt;[0x83][0xcf]r[0xf1]T[0x10]O[0xe3]s\|^[0xc0]3[0x12][0xae][0xc3][0xb3][0x12][0xbe][0x80]i[0x8e]zN[0xc2][0xf3]8,[0xe0][0x5][0xe]|Q[0xc0][0x17][0x5][0xbc][0xc4] [f[0xcc][0xd5]&apos;zs[0xb6]c[0xd9][0xc]+[0xb7][0xed][0xd6][0xf6]iQm[0xd2][0x8d][0x16]T][0xc][0xc1][0xa4][0x99],[0xad]KnZ[0xdf][0xaa]%\[0xcb][0x9e]bh[0xf5][0xc0][0xfb][0xa3]i=[0x93][0x8d]f3[0xda]xtLs[0x8c]D[0xb4][0x87][0xcb][0xc2][0x8e]&quot;[0x96]X[0x2]I},[0x97]b`[0xb7]2[0xd4][0xf7]Z[0xa6][0xe3]j[0xa6];[0xa2]erz[\r][0x1d][0x16][0x18]j[0xaf]5L[0xc3][0xbd][0x9e][0xa1]&amp;[0xd2]2[0xc2][0xe0][0xef][0xb5][0x92]:C[0xe3]6[0xc3][0xd4][0x7]s[0x13]c[0xba][0xbd]C[0x1b][0xcb]pMJw[0x87][0x96]8[0xbd]*[0xd2]R[0xc5]m[0x99]p[[0xcc]-%[0x90][0x9c][0xb0]u[0xcd][0xd5]K[0xd3][0xcb]#[0x85]-[0x19][0xcd]LE[0x87]][0xdb]0S][0xd5]X[0x9a][0xaa][0xe1][0xc8]=i[0xd8][0xca][0xd9][0x9]}[0xab][0xc1]][0xba]hy[0xc4][0x1d]|[0x97][0x8c]!l[0x97][0xf1]Q[0xdc]&quot;#[0x86][0x9b][0x18]&quot;[0x17][0x9a]0[0x19][q#9][0x19][0xa8][0x8c][0x11][0xec][0x92][0xd1][0xcf][0x17][0x82][0x15][0x91][0xad]9[0xd7][0xc1][0x9e][0xdc][0xf8][0xb8][0xce][0xf][0xb3][0xb7]&quot;[0xe4][0xf0]8[0xfd][0xc9][0xf8][0x12][0x8e][0xc8]8[0x8a]c2^[0xc6][0xc][0x83]`Lh)[0xdd][0x89]2[0xd4]udm+[0xab][0xdb][0xae][0xa1];[0x2][0xbe],[0xe3][0x15][0xbc]*[0xe3]+8FG[0xc6][0x97][0xc3][0xa6][0xe5][0x12]G[0xce]Lv0[0x84]=[0x93]9[0xd7][0xc8]D[0xb7][0x17]vM[0xdd][0xac];^Fz[0x8][0x91][0xd1]y[0xe4]_[0xa5]][0x5][0xdb][0x1d]&lt;M[0x2][0xbe]&amp;[0xe3]5|[0x9d][0xa1][0xa1][0xa8][0xed][0xb7][0xdc][0xe1][0xac][0xe5]2\[0xba]H7`8[0xe][0x85]Pb[0xeb][0xdb][0x9f][0xd0][0xb3][0xae]a[0x99][0x14]r[0xd8]0[0xf7]i[0x19][0x83][0xdb]_[0xe5]m0[0xac]hl[0xa8][0x2][0xb1][0xae][0xa4]-$@O[0xc6][0xcc]l[0xce][0xa5][0x9c][0xe8][0xda][0x4][0xc3][0xfa][0xf2][0xea][0x94][0xab]w[0xdb][0xb6]65[0x94]s[0xcb][0xeb][0xdc][0xe1]Y[0x19][0xaf][0xe3][0xb8][0x8c][0x13]8)[0xe3][0x1b][0xfc][0xe4][0xf2]\[0xcc][0xe1][0x14]Y[0x9f][0xd4]l[0x93][0x1c]S[0xc3]T[0x81]a[0xc3][0x9][0x1f][0xd0]m[0xab]=[0xa3][0x9b])7MUR8Wg[0x92][0x10][0xd1][0x18]Oi,a[0x99][0x9c][0xf3][0x9b][0x2]N[0xcb][0x98][0xc7][0x19][\n]&quot;
2013-02-06 13:51:56,945 AAD-WS DEBUG wire:63 - &gt;&gt; &quot;[0xbb]\][0xdb]-[0xc3]te|[0xb]g[0x5]|[[0xc6]w[0xf0]]&gt;y[0x83][0xe3][0xbf]G[0xd5][0xb4][0xc3][0xb2]2{[0xc][0xca][0xb6][0xee]&amp;[0xd2][0xc4][0x18]N[0x14][0xcf][0xff][0xfb][0xf8][0x81][0x8c][0x1f]bA[0xc6][0x8f][0xb0] [0xe0][0xc7]2[0xde][0xc4]Od[0xfc][0x14]?[0x13][0xf0][0x96][0x8c][0x9f][0xe3]m[0x19][0xbf][0xc0][0xdb][0xc][0x17][0x97]My[0xe7][0xbb][0x98][0x10]&gt;[0xe3]f~)[0xe0]W2~[0x8d][0xdf][0xc8][0xf8]-~&apos;[0xe0][0xf7]2[0xfe][0x80]wJ[0x89][0xf5]j[0xa9][0x9c]X[0x19][0xc4][0x9f]J[0xd9][0xf5][0x96][0x6][0xad][0xe1]\&quot;=[0xa0][0xbb]i+[0xd9]g[0xdb][0xbc][0x8]W,[0xae][0xe][0x8d][0xed][0xd6][0x13]t[0xaa][0xb5]Z6[0xab][0x9b]I[0x86][0xb6][0xf3][0xf7][0xda][0xb2][0xaa][0xa5][0x96][0x13]][0xab][0xa0]aX[0x1d]Y[0x8e][0xe3][0x8]j[0xed][0xde][0x8c][0xe6]8[0x15][0xbd][0xef]!&lt;%[0x1][0x1a][0xcf]Q[0x11][0x8e][0xb6][0x94][0x8a][0xaa][0xdb])[0xd5]D[0xcb][0xf9]=[0xe3][0xc5][0xb5]X&gt;[0xc4])[0x10][0xc3][0xa0]6A[0xed][0xde][0x1c][0xa9][\n]&quot;
2013-02-06 13:51:56,945 AAD-WS DEBUG wire:77 - &gt;&gt; &quot;[0xe1][0xd7]B[0xf3]b%/m[0x8][0xaa] [0xda]_[0x8a]k[0xc3][0x5]e[0x84][0x8c][0xfa]#1N[0x1b][0x98][0xb4][\r][0x97]8[0x84][0xc8]hO[0xcc][0xd3][0xf8][0xc9]$[0xa5]6@[0x8a][0x96][0x18][0x8d][0x89][0x8c][0xe5][0x10] 0[0x9e][0xc9]9T[0x90]u[0xae]U.s[0xce][0xd2]2[0xda]S[0x4][0x8f],9[0xab][0x92]C[0x82]a&amp;[0xf5][0xfd]C[0xe3][0x5][0x8b]D[0x18]trcNqqM[0x84]lV[0xf3]n[0xe5][0xa2].f[0xba]z[0x8a]_:bV[0xb3][0x1d][0x9d][0xa6][0xe7][0xb9];c\_[0x9d].[0x10])[0xc4][0xc6][0x8f][0xd7][0xab]T&quot;
2013-02-06 13:51:56,946 AAD-WS DEBUG wire:63 - &gt;&gt; &quot;[0x86]P[0xe5][0xd5][0xee][0xe9][0x8a]7;[0xef][0xaf]]F[0x92]7[0x1f][0xbd][0x17]DZ_T[0xf6][0xeb]F*[0xed][0x96][0x82][0xe4][0xdb][0x8a][0xed]D[0xee][0xf2][0x17]A[0x1f][0xd7]r[0x19][0xb7][0xac][]i[0xa0][0xa8][0xed]*@{t[0xc7]-[0xdc]T[0xc3][0xc6][0x1][0xef][0xd8][0xcb]i[0xe0][0xe0]-[0xc6][0x84]n:[0xd4][0x1f][0x4][0xf]-[0xd7][0xf2]C+[0xf8][0xc7][0xc8][0xbb][0xda]t[0xd1][0xad]Z&quot;[0xf1][0x82]lX[0x1a][0x16][0x1d][0x19][0x99][0xbc][0xd1][0xd6][0xb2]i#[0xe1][0xf0][0x1c]U[0x98]*[0xa9][0xc9][0xd2][0x8a]Rn[0x86][0xc6][0x1c][0xdd][0xde][0xc7]3[0x1e][0xae][0x84][0x16][0xfa]}[0x9][0xa2]|P[0x95]T[0xfc]Y[0xb7][0xb5][0xc9][0xa2][0xed][0x8d][0x91]s[0xb3][0x1c][0x8b][0xfd]o[0xce][0x16]z[0xc6]C[0xa5]&apos;[0xd5]q[0xad][0xf2]c[0xdc][0xb7][0x8c]jq[0xee][0xdd]{][0x17][0xf2][0xf0][0xd2][0x7]R[0x80][0xbe][0xba][0x0]?$[0xfe][0x14][0xd2]/[0x89][0xbf]|[0xde]HO)[0x8d]k[0xe9]][0xdd]F[0xdf][\r][0x3][0xf4][0xdb][0x87]A[0xc2]3[0xfe][0xdc][0x92][0xfc][0x18]i[0xd6][0xd3][0xc8]h[0xc][0xb4][0xce][0x81][0xbd][0xee]}`[0xdc]L[0xb2][0xd6]S[0xb6]&quot;[0x88]a[0xec](BGh;[0xff][0xd7][0x1a][0xf2][0x9d]B[0xcd]q[0xf8][0x17]P?[0x8f]@|[0xe][0xb5]&apos;[0xe0]?[0xe]a[0x1][\r][0xa4][\r][0x89]s[0x8][0x9e][0x80]@[0x8a][0xd9]2[0xdf]Zb[0x4]6[0x92][0xf1]M[0xa8][0xc3]f4[0xe1]*[0xac][0xc3][0xd5][0xd8][0x0][0x95]l[0xec][0xac]bC[0xaa]j[0xa3][0xae]hC[0xf6]l[0xd4][0x91][0xe2]\[0x1b][0xdd]d[0xa3][0x87]l[0xf4][0x92][0x8d]&gt;[0xb2][0xb1][0x95]l[0xf4][0x13]+}[0x13][0x14]l[0xd4]h[0x84]k[0xa4]\[0xc4][0xd9][0x0][0x1b][0x9c]G=[0x91]7[0x84][0x1a][0xf3]Xq[0x5][0xfd][0xe5][0xb1][0x92][0xc][0xb7][0xe6][0x11]*[0xad][0xac]*[0xae][0x84]V[0x17][0x96][0xf3]hRk[0x95][0xda][0x5]l*&quot;88[0x8f]5[0x1c]r[0x11][0x17]K6[0x84][0x9a][0xcb][0xa4]lv[0x1e]J\[0xa9][0x9d][0xc3]ZUP[0x84][0xd0][0xba]&lt;.[0x1e][0xa0]q=[0x8d][0x83]30T[0xe1][0x82][0x8][0xdf]_A[0xa8][0x8a][0xff][0xf7][0x16][0xa6][\n]&quot;
2013-02-06 13:51:56,947 AAD-WS DEBUG wire:63 - &gt;&gt; &quot;[0x1c][0xdc][0xc6][0xc3][0x10][0x15]q[0x1][0xad][0xd5])[0xda][0x96];I\[0xa1][0xb3][0xbd]T[\r][0xce][0xe3][0xb2][0xf8]J?=[0xf8][0x1f]P%[0x1a][0xcf][0x88][0xaa]0[0x83]zER[0x84][0x9a][0xa6][0xba]&lt;.W[0x82][0x8a][0x90][0xc7][0x86]xg[0xdd][0xe1][0xff][0xfc]U[0x9][0xe6][0xf1]AE[0xca]#[0xc2]E[0xb][0xf][0xfd][0xec]4[0xc2][0xa5][0xf4][0xb6][0x96]l]Qak[0x6][0x8d][0xdc][0xb9]&lt;[0xda][0x8a][0xa6][0xdb][0xe3][0x8a]0[0x87][0xe][0xd5][0xdf][0xce][0xc1][0xd1]N[0x8a][0xfb][0xca]x{M[0x13]A&gt;t[\n]&quot;
2013-02-06 13:51:56,948 AAD-WS DEBUG wire:63 - &gt;&gt; &quot;[0x1f]no[0x12][0xfd]w[0xe5][0xb1][0x91]~[0xce]a[0x93][0x1a][0x8]m[0xa6]}[0x8a]?[0x8f]N5[0xc8][0x87][0xab]:%&gt;\[0xdd]Yw[\n]&quot;
2013-02-06 13:51:56,949 AAD-WS DEBUG wire:63 - &gt;&gt; &quot;[0xd7][0xa8][0xb2]&quot;7I[0xdc]QU[0xad]W[0xea]O[0xa2][0xab]I:[0x2][0xef][0xd7][0xb5]MuG[0xb1]y[0x1e][0xd7][0xc5]=[0xbd][0xa7][\n]&quot;
2013-02-06 13:51:56,949 AAD-WS DEBUG wire:63 - &gt;&gt; &quot;[0xcc][0xe1]z[0xb5]Ai[0xc8][0xe3]#[0x1e]c[0x8d]G|C[0x1e][0xdd][0xbb][0x94][0x6]58[0x83][0x0][0xad][0xca][0x14]r[0x80]&quot;[0xe8][0x9d]U[0x83]l[0x96]Jp/[0xe][0xe1][0x9][0xbc][0xcf][0x1b][0xdf][0xa0][0xff][0xb1][0xbc][0xc7][0xa6][0xd9]a[0x84]}[0xcd][0xbe]&gt;_?z[0xd8][0xbb][0xbe][0x9d][0xbe][0x9d][0xd8]R,[0xdd][0xb7][0xa8]5@][0xea][0xa3].[0xf5]S[0x91][0xae][0xa5][0x86][0xe8][0xa2][0xb6][0xb8][0x81][0xca][0xd6][0xc2]-[0xc4]2[0x8a]{p[0x1b][0x1e][0xc4][0xed][0xc4]w[0x7]1[0xdf]I_C[0x1a]1&apos;[0xf0]w[0xe8][0xf8]&apos;[0xc][0xbc][0x7][0x9b][0xf9][0xe0]2[0x1]9[0xd6][0x86]I[0xd6][0x81])v[\r][0xee]f}8[0xc8][0xb6][0xe1]^6[0x84][0xfb]X[0x9c][0xc6]q[0xdc][0xcf][0xf6][0xe0][0x1][0x96][0xc5]Cl[0x12][0xf][0xb3][0x83]x[0x84]=[0x8b]G[0xd9]4[0x1e]#[0xf][0xf][0xb1][0x19]&lt;[0xce]^[0xc1][0x93][0xec]$[0x9e]bg[0xf0]4{[0x7][0xcf][0xb0]w1[0xcd][0xfe][0x82][0xe7][0xd8][0xdf][0xf0]&lt;[0xfb][0x7]^`[0xff][0xc2][0x8b]&gt;?^[0xf2]5[0xe3][0x88][0xaf][\r]G}[0xdd]8[0xe6][0xeb][0xc3][0xcb][0xbe][0x9b][0xf0]*E[0xf5][0x1a][0xdd]=[0xf4]-_li[0xc5]kP,[0xbf]]N[0x93][0x8c]{[0x97][0xd2][0xad][0xff][0x5]PK[0x7][0x8][0xb6][0xee]c[0xc6][0xd3][0x7][0x0][0x0][0x8b][0xe][0x0][0x0]PK[0x3][0x4][0x14][0x0][0x8][0x0][0x8][0x0][0xd4]|D5[0x0][0x0][0x0][0x0][0x0][0x0][0x0][0x0][0x0][0x0][0x0][0x0]=[0x0][0x0][0x0]javax/help/plaf/basic/BasicContentViewerUI$JHEditorPane.class[0x95]T]O[0x13]A[0x14]=C[0xb1]k[0xeb]B[0x15]Dl[0x15]A[0xa8]X[0xb6][0x95])~[0x0][0x8a][0xf1][0xc1]Fl[0x91][0xfa][0x11][0x10]c[0x8c][0xf][0xdb]2[0xd2]![0xcb][0xb6][0xee]N[0x85]j[0xe2][0xbf][0xf1]][0x13]&gt;[0x12]M[0x8c]O[0x92][0xf8][0xa3][0xc]w[0xda][0x86][0x14]SHM[0x93];s[0xef][0x9c]{[0xe7][0xde][0xb3]g[0xfa][0xe7][0xef][0xf7][0x9f][0x0]&amp;1[0x17]F/.[0x87][0xd0][0x83]!m[0xae][0x18][0x18][0xe][0xa3][0x1b]#[0xda]\50[0x1a][0xc2][0x18][0xe2]a\[0xc3]x[0x98][0x8e][0xaf][0xeb]pB[0xa7]L[0x18][0xb0][0xc][0xdc]`0U[0xad]&quot;[0xb2][0xb6][0xbb][0xea][0x8][0xcf]g[0x18]X\[0xb7]?[0xd8][0xbc][0xaa][0xa4][0xc3][0xb3][0xb6]_Rv[0xc1][0x11]s[0xc]AU[0x92]~&lt;[0xcd][0x90][0xaa][0x3][0xb6]xI8[0x15]^q[0xec]w[0xbc]`[0xfb][0xb2][0xc8][0x1f]j[0x9b])[0xbb]J[0xb8]jE[0x8a]M[0xe1][0xbd][0xcc]Q^h[0xa9][0xe6][0xaa][0x92]P[0xb2]H5[0xee]KW[0xaa][0x7][0xc]&lt;[0xf1]?E&amp;V[0x18][0xba]3[0xe5]U[0xc1][0x10]Y[0x94][0xae]xZ[0xdd]([0x8]oY7[0xc6][0x10][[0x13][0xea][0xd1][0xaa]Te[0xef][0x89]T[0xf3]e[0xaf][0x99][0xbc]LC1[0xa4][0x1b][0xf7]p[0xc7]v[0xd7][0xf8][0x92][0xf2][0xa4][0xbb]67[0xd1][0xbc][0xda][0xdf]$[0x8f]+[0xb1][0xa5][0xf8]a&gt;[0xf5][0x1b]^*W[0xbd][0xa2][0x98][0x97][0xba]x[0xb4]]?[0x93]:[0xdf][0xc4]yL[0x9a]8[0x87]&gt;[0x13][0x11][0x9c]e[0xe8]oC[0x9b][0x6]q[0x13]iLQ[0x9f][0xc7][0xdf]j[0xe0][0xa6][0x89][[0xb8]m[0xe0][0x8e][0x89]iDM[0xcc]`[0xd6][0xc4]][0xdc]3q[0x11]Q[0x86][0x99][0xce][0xc9][0x8a]/d[0x1b]u[0x9f][0xdb].[\r]`[0xfe][0xe3][0xe6]\Wx[0x19][0xc7][0xf6]}A[0xdf]z[0xb0][0xb5][0xa7][0x85]V` Q&apos;=[0x91][0xd3]K[0x80](f[0x18]o[0xe5][0xf2]Ya][0x14]U[0x93][0xcb]#![0x6][0xab][0xf3]nI[0x1e][0xa4][0x8d][0x86][0xc7]0[0xdc]*[0x8a][0x85],[0xd9]#p*=t&quot;[0x80][0xce][0x8b][0x9e][0xb0][0x95]8V[0xf]1[0xff][0x4][0xb1]L[0xb5][0x11][0xcb]IZ[0xa9]SS[0xa9][0x12]5[0xb3]m[0xa8][0xe9][0x88],[0x8c][0xd0][0x9b][0xec][0xa5]w[0xdc]E?[0x92][0x11][0xed][0xfa][0xb4][0xa6]@z[0x2][0xea]q[0x90][0x86][0x6][0xc8][0xbf]@[0xbb][0xd1]:[0xe][0x8][{`Vr[0x7]][0xdf][0xc8][0xa3][0xef]H6H+ [0xc9][0x92]d[0x9a][0xf8]/[0xf4][0xd8][0x3][0xb4][0xbe][0xb5][0xb6][0x11][0xd8]G[0xc4][0xfa][0x81][0xee][0xd7][0xc1]=[0x9c][0xda]A@[0x87][0x92][0xbb][0x8][0xfe][0x82][0x91]O[0xed]c[0x8c][0xfc][0xae]m[0x9c][0xa6]P([0x9f][0xfa][0x8d]~+[0x99][0xda][0xa5][0x8b]4[0x8a]6g^[0x11]f[0xd0]J[0xee][0xc1][0xd4][0xa7]=-[0xf1][0xaf][0x87]-L[0xd3]0[0xc0][0x6][0xc][0xb8][0xd4]~[0x5][0xc3]xO&gt;[0x1e]8|[0x92][0xb7]&quot;AW[0x91][0xc1][0x16][0x1e][0xa3][0x86]&lt;&gt;[0xe2][0x5]&gt;[0xe1][\r]&gt;[0xd3]H[0xb1][0xfa][0xa8][0x97][0x90][0xd2][0xc3]Q[0xb5][0x1e][0xca]K[0x2][0x7]PK[0x7][0x8][0x2][0x83]&gt;bt[0x2][0x0][0x0][0xe5][0x4][0x0][0x0]PK[0x3][0x4][0x14][0x0][0x8][0x0][0x8][0x0][0xd4]|D5[0x0][0x0][0x0][0x0][0x0][0x0][0x0][0x0][0x0][0x0][0x0][0x0]D[0x0][0x0][0x0]javax/help/plaf/basic/BasicContentViewerUI$PageLoader$Callback.class[0x9d]TmO[0x13]A[0x10]~[0x86][0x16][0x8e][0x9e]g[0x8b] [0xef][0x88][0x88]UK[0xab][0x1c][0xa0][0x88]R$j[0x83][0x11]-j[0xd2]J[0xa2]~[0xda][0xb6]k{x\[0xf1]n+[0xf8]S[0xf8][0x19][0x1a][0x91]D[0x13][0x80][0xbf]E[0x13][0x8d]Q[0xe3][0x17][0xe3],[0x5][0x15][0x5]%\[0xb2]3[0xbb][0xb3]3[0xf3][0xcc][0xdb][0xde][0xdb][0xef][0xaf][0xde][0x0][0x18][0xc6]%[0x13]&amp;[0x8e]F[0x10][0xc1][0x80]&amp;[0xc7]&quot;[0xe8][0xc2][0xa0][0x89][0xe3][0x88][0x1b]8a[0xa2][0x9]&apos;#[0x88][0xe2][0x94][0x81][0x84][0x81][0x14][0xa1]yY[0x4]yG[0xb9][0x92]@[0xf7][0x9]M[0xaa][0xe2][0x4][0xf1]Q[0x3][0xc3][0x4][0xf3][0x8e]([0xcb]lU[0x94][0xa4]O[0xb0]f=O[0xfa][0x19]W[0x4][0x81][0xc][0x8][0x13][0xd9][0x5][0xf1]D[0xac][0xd8][0x15][0xe9].[0xd9]K[0xae]xh[0x17]D[0xe0][0x14][0xed][0xab][0x9a]f[0xaa][0x9e][0x92][0x9e][0x9a]w[0xe4][0xb2][0xf4][0xef][0xce][0xc6][0xf9]I[0x13]&quot;[0xb9][0xa7][0x9e][0xaa]H[0xe5][0x14][0x19]m[0xca][0xf1][0x1c]5M[0x98]L[0xec][0xd3][0xdf][0xd0]&lt;![0x9c][0xa9][0x96]8[0xfc]X[0xd6][0xf1][0xe4][0xad][0xda]bA[0xfa]yQ[0xd0][0x9]E+[0xc2]+[0xb9]2[0xa7][0x84][0xaf][0xf2][0xa2]l`[0x84][0x10][0xe2][\r][0xe1][0xc6][0x16]^[0xb0][0xec]xe[[0xc9][0x15]eW[0xd4][0xa2]k_[0xcf][0xcf]e[0xe3][0xac][0x92][0xfe][0xfb]~[0xae][0xa6][0xb4][0xdb]+J[0xf9]N[0xa1][0xa6]dN[0xaa][0xf4][0xac][0xc6]7[0xeb]0yV[0xe2][0x94][0x12][0xf]2ui[0xae]Z[0xf3][0x8b][0xf2][0x9a][0xa3]#[0xe9][0xde])[0x8f]a[\r]a[0xa1][\r][0xa3][0x16][0xe][0xe2][0x90][0x85][0x3][0xb0],[0x8c][0xe1][0xac][0x81]s[0x16][0xc6]q[0x9e][0xd0][0xa2]UlWp[0xc]9[0x86][0xf5][0xca]Z}[0xc2][0xc2][0x5]\$L[0xef][0xab]d[0xf1][0x8c]p[0xdd][0x82](&gt;[0xe2][0xde]om[\r]L[0x12][0xc6]v[0xaf][0xc8]L[0xc9]QU[0xff][0xa6][0xa3][0xd8][0x8f][0x1f][0xf0][0x18][0xfc]t[0x11][0xdd].0[0xc0][0x1d][0x1e][0xdf]W\[0x6][0xa6][0x8][0xfd][0xff][0xee][\n]&quot;
2013-02-06 13:51:56,950 AAD-WS DEBUG wire:63 - &gt;&gt; &quot;[0xb7]/[0xa1]k[0xdb][0x98][0x9f][0xcd]gg[0x8][0x3][0xff][0xeb][0xe2][0xb6][\n]&quot;
2013-02-06 13:51:56,951 AAD-WS DEBUG wire:63 - &gt;&gt; &quot;[0xde].,[0xc8][0xa2]n[0x91]|\[0x13].[0xf]q{}[\n]&quot;
2013-02-06 13:51:56,951 AAD-WS DEBUG wire:63 - &gt;&gt; &quot;~[0xbf]M[0xf][0xf1]#h[0xe4][0x1e]n[0xc0][0xa8][0xfa][0xc3]h[0xcd][0xfe][0xd9][0x6]v||[0xf][0xe5]&quot;$[0xf7]^[0xb]B[0xcf][0xee].1[0xc0]o[0xd9][0xe4][0x7][0xde][0xc0][0x8b][0xe7][0x84]i[0xab][0x1e][0x1a]pt[0xd0]_[0x88]W[0x1b][0xe][0xf3][0xb9][0x9d]w6[0xeb]i[0xcd]Xr[0x1d][0x94]L[0xad][0xa1]![0x19]ZC[0xe8][0x19][0x8b][0x8][0x1d]L[0xa3][0xda][0x80][0xde]!B[0xef][0x11]eN[0xe8]D[0xcf][0xa6][0xf1][0x8][0x9b][0x86][0x99][0xb7][0xa4][0x9e]#[0xfc][0x12][0x8d][0xab]hN[0x86]w[0xb0][0xfe][0x0][0x93]&gt;&quot;F[0x9f]X[0xda][0x8b][0xbe]M[0xeb][0xcb]l[0xab][0x83][0xe9]K[0xbe]@h[0x15][0x9d][0xcc][0x1a]^[0xa3][0xe9]^j[0x1d][0xc6][0x1a]{[0xda][0x1e]G[0xab]F[0xa2][0xcf]0[0xe8][0xb]:[0xe8]+z[0xe9][0x1b][0xa3][0x1f][0xd9]H[0xb4][0x1f]-[0xcc][0x7]Y#[0x8a]3[0x88][0xf1][0xbe][0x8b][0x13][0xeb][0x86][0xfe][0xad]E1[0xc4]g[0x13]I[0x9c]F[0xe4][0x7]PK[0x7][0x8][0xd3])n[0x92][0x81][0x2][0x0][0x0][0xfc][0x4][0x0][0x0]PK[0x3][0x4][0x14][0x0][0x8][0x0][0x8][0x0][0xd4]|D5[0x0][0x0][0x0][0x0][0x0][0x0][0x0][0x0][0x0][0x0][0x0][0x0];[0x0][0x0][0x0]javax/help/plaf/basic/BasicContentViewerUI$PageLoader.class[0x9d]W[0x89]S[0x1b][0xd7][0x19][0xff]}Bba[0xd9][0xe0][0x18][0x82]m[0x92][0xd8]n[0x1c][0x9a][\n]&quot;
2013-02-06 13:51:56,951 AAD-WS DEBUG wire:63 - &gt;&gt; &quot;Y[0xb2][0x88][0x1b][0xc7][0xa9][0x88][0xdd][0xc4][0xc2][0xe]8[0x12][0xa6][0x80]Iq[0xcf]E&lt;`[0x8d][0xb4]RW+0[0xe9][0xdd][0xb4]M[0xef][0xfb]ns[0xb5]I i[0x93][0xd8][0x89][0x11]`[0x1a][0xdb]M[0x13];M[0xd2][0xa4][0xad]{[0xcf][0xf4][0xf4]4Dg[0xda][0xe9][0xf7]V[0x12]:[0x90]3[0xa6][0xcc][0xf0]=[0xbd][0xef][0xfe][0xde]w[0xbc][0xb7]/[0xfd][0xf7][0xd4]i[0x0];[0xf0]g[0x15][0xbb][0x10][0xad][0xc7]M[0xe8][0x95][0xe0][0x90][0x4]}[0x12][0xbc]CE?[0x6]T[0xc][0xe2][0xb0][0x8a]![0xdc]%[0xc1];[0xe5]vX[0x82]#[0x92][0xfa].g[[0x87]P[0x3][0xde][0x8d][0xf7](x[0xaf][0x8a][0xf7][0xe1][0xfd]*[0xb][0xeb][\n]&quot;
2013-02-06 13:51:56,952 AAD-WS DEBUG wire:63 - &gt;&gt; &quot;FT4#*A[0xac][0xe][0xa3]r[0x15][0xf5],3[0xa6]b[0x1c][0x13][\r]0pT[0x82]I[0x15]q$[0x1a]`&quot;[0xa9] %1[0x1f]P`[0xc9]5[0xed][0x0][0x5][0xb6]4[0x92][0x91]`J[0xc5]4[0x8e][0xa9][0x98][0xc1][0xdd][0xd2][0xd0][0x7][0x15]|H[0xc5][0x87][0xf1][0x11][0x15][0xed][0xf8][0xa8][0x82][0x8f][0xa9][0xf0]#[0xaa][0xe0][0xe3]*[0x87][0xf5][0x9][0xb9][0xb9]G[0xc1]&apos;[0xeb][0xf1])|Z[0xc5][0xbd][0xf8][0x8c][0x82][0xcf]*[0xf8][0x9c][0x82][0xcf][0x13][0xd4]&gt;}\D[0x92][0xfa][0xa8][0xb0][0x8]Z[0x8f]i[\n]&quot;
2013-02-06 13:51:56,952 AAD-WS DEBUG wire:63 - &gt;&gt; &quot;+[0x1c][0xd7][0xd3]i[0x91]&amp;[0xd4][0x85][0xf5]x|D[0x8f]M[0x12]&lt;[0xb6]a[0xc7][0x5][0xa1])rT[0x9f][0xd2][0x83]q[0xdd][0x1c][0xf][0xe][0xd8][0x96]a[0x8e]w[0x12]j2V[0x9c][0xd0][0x98]#[0x99][0xc2][0xe][0x1e][0xee][0x8f]0[0xba]6[0x96][0xb1][0xd2]IV[0xbb]&gt;G[0xd1][0xa7][0xed]`[0xd8]AI[0xa2]=a[0xa4][0xdb]:[0x8]~[0x87]x,8![0xe2][0xa9]`*[0xae][0x8f][0x5]G[0xf4][0xb4][0x11][0xb][0xee][0x93]0[0x9c]4ma[0xda]C[0x86][0x98][0x16][0xd6][0xe1][0x1e][0x96][0xab][0x1f][0x98]1[0xed][0x9]a[0x1b]1[0xd6]q[0xab]a[0x1a][0xf6]^B[0xaf]w-J[0xca][0xfd]\[0xe5][[0xfb][0x10][0xc1][0x1d]N[0x8e]r[0xb4][0xeb]&quot;[0x86])z3[0x89][0x11]a[\r][0xea]#2[0xfe][0x1a]+c2[0xf4]J[0xa6][0xfa]1[0xc3][0x1c][0x1d][0xcc][0x9d][0xcb]6o[0xb9][0xd6][0xf6]j[0xe7][0xa4][0xe]$3VL[0x1c]0[0xa4]Dk5[0xdf]vH)[\r]atk[0xb8][\r][0xb7]k[0x8][0xa1]S[0xc3][0xad][0xd8][0xa3]a/[0xde][0xae][0xe0][0xb][0x1a][0xbe][0x88]/)[0xf8][0xb2][0x86][0xaf][0xe0][0xab][\n]&quot;
2013-02-06 13:51:56,953 AAD-WS DEBUG wire:63 - &gt;&gt; &quot;[0xbe][0xa6][0xe1][0xeb][0xf8][0x86][0x86]o[0xe2][[0x1a][0xbe][0x8d][0xef]h[0xf8].[0xbe][0xa7][0xe1][0xfb][0xf8][0x81][0x82][0xfb]4[0xdc][0x8f][0x7][0x8]WVz[0xa2][0xe0]A[\r][0xf][0xe1][0x87][0x1a]zp[0x90][0xb0][0xa1][0x92][0xbe]/36&amp;,[\r]?[0xc2][0xc3][0x4][\n]&quot;
2013-02-06 13:51:56,953 AAD-WS DEBUG wire:63 - &gt;&gt; &quot;hxD[0xf2]&gt;[0x8a]Y[0x5]s[0x1a][0x1e][0xc3][0xe3][\n]&quot;
2013-02-06 13:51:56,954 AAD-WS DEBUG wire:63 - &gt;&gt; &quot;~[0xac][0xe1]&apos;xB[0xc3][0x93]xJ[0xc1]q[\r]&apos;[0xf0][0xb4][0x82]g4[0x9c][0xc4][0x2]GV[0x92][0x8b][0x83][0xdd][0xc]{[0xf5])c\[0xb7][0x93][0xac]s[0x11]K[0x84][0xf6][0x12][0x86][0x1e]sJ[0x8f][0x1b][0xa3][0x92]m@[0xd8][0xce]q[0x1c][0xb3][0xf7][0x1f][0x8b][0x89][0x94]m$M[\r][0xa7][0xb0]Lhv\4[0x92][0xc1][0x9e]C%[0xa4][0x9f][0xe2]Y[\r][0xa7]qF[0xc1]Y[\r]?C[0xb7][0x82][0xe7]4[0xfc][0x1c][0xcf]kx[0x1][0xe7][0xf2]n8Bf*cshBO[0xf4][0xb]Y[0xe8][\n]&quot;
2013-02-06 13:51:56,954 AAD-WS DEBUG wire:63 - &gt;&gt; &quot;[0xce]kx[0x11][0xbf][0x90][0x7][0xfd][0x12]W`[0xce][0x9d][0xf4]4[0xc7][0x1e][0x94][0xe6][0x83][0x13]v&quot;[0x1e]L[0xe9]VZX[0xc1]&gt;g[0xe9][0x12]q[0xe1][0x84]@[0xd8]{[0xf9][0xa5][0xd6]Vl[0xae][0xb6]B/I[0xa3]/kx[0x5][0xaf][0x15][0xe2]r[0x8e]~%.[0x5][0xbf][0xd2][0xf0]k[0xfc]F[0xc1][0x5][\r][0xbf][0xc5][0xef][0x8][0xbb][0xfe]/[0x83]e[0x89]?4rT[0xc4]ln[0xdf]&quot;[0xaa]?c[0x9a][0xb9][0x9a][0xf6]][0xbe]~[0xae]a=[0x16][0x13]i[0xee][0xdc][0xe][0xee][0xdd];[0xd6][0xd4]w[0xed][0x91][0xd2][0x83]&gt;[0xb8][0xd4][0xe0][0xf3][0xec][0xd3]M[0xc1][0xad][0xb1][0xf1][0x12]$[0xee][0xb2]4[0x97]E~[0x90]\[0xe5][0xad][0xda][0xad]W[0x97][\n]&quot;
2013-02-06 13:51:56,955 AAD-WS DEBUG wire:63 - &gt;&gt; &quot;[0xf7][0x8b][0x94]n[0x98]vT7[0xf9](X[0xa6][0x91][0xa7][0x90]%J[0x10]7{[0xcb][0xfd][0x8]&apos;[0x13][0xa9][0xa4][0xc9][0x1c][0x15][0xe][0x96]+b[0x1f][0x9b][0x13][0xba]5)[0xb9][0xe3][0xc2][0x16][0xf1][0x99].[0xc3][0xb2]g[0x8][0xd7]\Z[0x1d][0xbb][0xd6]0.[0xec][0xae]d,[0x93]`[0x4]a[0xb3][0xb7][0xdc][0x84]Sl[0x5]2[P8V[0x99]A[0x1e][0x99][0x95][0xf3]d[0xa8]x[0xf4]7v[0xec]$t[0xac][0xe9][0xe8][0x8f][0xb4][0x1f]Y[0xe9][0xcb]*[0xa6]s~[0xf6]Y[0xc9][0x94]pb[0xba][0xc1][0x1b][0xa9][0xac][0x9d][0xb2][0x89][0x96]G[0xf1][0x85]Q[0xea]$[0xf]d[0xd6][0xd2]/[0xc6]d[0xa2][0xaa][0xe][0xc0]Z=[0x95][0x12][0xe6]([0xb7][0x9c]w5y[0xb5]Dn[0x10][0xb1]\[0x9d][0x9d][0xcc]a[0xb8][0x1c]x[0xf8][0xe7][0xc2]&quot;l[0x8d]TN[0x9a][0xb2][0xb8]Yp[0xf3][0x1b]2[0xb0]bv8[0xca][0xa3][0x9e][0xaf][0xaf]kWr[0xe3]p[0xf][0xf2][0xf9]H[0x1][0x87][0xca][0x9a]6][0x8a][0xc6]}[0x96].[0xe6]8[0x1d][0xb4]T[0x8b]O[0xa6][0x90][0xed][0xe5]G[0x1d][0xf][0xde]r[0x8b]y|g[0xbe]K[0xcb][0xb1]\[0xc7][0xe3]r&lt;&amp;F[0xf8]F[0x1a][0x8d][0xea])[0xe6]*[0x17]g[0x1c][0x8b]6[0x96]c8C,[0xd6][0xd3]u[0xc0]J&amp;8C[\n]&quot;
2013-02-06 13:51:56,955 AAD-WS DEBUG wire:63 - &gt;&gt; &quot;~Op[0xf5]t[0x11][0xae][0xaf]z_[0x15][0x5][0xdb]z[0xba]dzs[0xbd]&apos;[0xdb]G[\n]&quot;
2013-02-06 13:51:56,955 AAD-WS DEBUG wire:63 - &gt;&gt; &quot;[0x85][0xbd]U[0xb8]V[0x7][0xba]*++[0xf3][0xdf]9[0x83]+[0x8a]J[0x9d][0xa2][0xd9][0xeb][0xad]v![0xaf]AaC[0xba][0xb4][0xc7][0xb6]x[0xdf][0xa0][0xc5][\n]&quot;
2013-02-06 13:51:56,956 AAD-WS DEBUG wire:63 - &gt;&gt; &quot;9[0x18]L&amp;[0xe3][0x93][0x86]]R[0xa8]r[0xa4][0xe4][0xb1][0x9d][0x85][0xd1]Y[0x82][0xe3]&apos;[0xc1][0x88][0x10][0xa9][0x8a]Y3 [0xe1]a[0xdb][0x88][0x1b][0xb6]![0x1f]L[\r][0x86]9[0x95][0x9c][0x14][0x11][0xdd][0x96][0xc5][0xb5][0xb1][0xb4][0x8][\n]&quot;
2013-02-06 13:51:56,956 AAD-WS DEBUG wire:63 - &gt;&gt; &quot;[0xe3][0xd6]q[0xa1][0x91][0x1b][0xcd][0xe4]R4[0xb9][0x8b]x[0xe4][0xb3][0xd6][0x82][0x1b][0xf9]C([0xd2]:[0xb][0x17][0xf4]*J[0xae]$J.7i1[0xaf][0xa6][0xfc][0xd6][0x93][0xe5][0xeb][0xad]J[0x90][0xce][0x84][0xd6]2IJ.[0x18]G[0xd8][0xe3][0xdc][0x92][\n]&quot;
2013-02-06 13:51:56,956 AAD-WS DEBUG wire:77 - &gt;&gt; &quot;[0xfe][0xc8][0xde][0xe4]n[0xca][0xe2][0x9b][0xb1][0xbb]h3w[0xef]v[0xae][0xce][0x8c]s[0xd3]v[0xf]F#[0xb9][0x91][0xa7]a[0xb7][0x95][0xab][0xe1][0xd1]5T[0xfe][0x86][0x99]I[0xdb][0x82]c[0xad][0x11][0x16][0x9f]q[0xcb][0x8a][0x89]&gt;.[0x95]b[0xbc][0xcd]U[0xd0]&lt;_Sr[0x17]7+[0x1a][0xb4]0[0xe1][0xd8][0xd0][0xfa]U[0x5][0xae][0xe0]O[0x84][0x9d]kw[0x9c]{[0xec]2[0x84][0xf0]&amp;[0xfe]D[0xd8][0x5][0xbe][0x95][0xe0][0xe6][0x8f][0x10]~[0xee]A[0xfe][0xf1][0x8b][0xcf]Y[0xf9][0xd1][0xc7][0xb0]I[0xbe][0x5][0x99]g[0x9f][0x83][0xab][0xe1][0xff]0[0xba]x[0xbf][0x9f][0xdd][0xe][0x97]#[0xd9][0xea][[0x0][0xf9][0xb6][0xcf][0xc3][0xe5][0xa3]y[0xd4][0xf8][0xfc][0xf3]p[0xfb][0x2][0xf3][0xf0][0x9c]`&quot;[0xe1][0x0][0xc3][\r][0xf0][0xf0][0xcf][0xfb]QO[0xf7][0xa1][0x91][0x1e]@3=[0x88]M[0xf4][0x10]S[0xef]@wN[0x9d]Kaeu[0xcc]5[0xe0];[0x9][0xf7]yxyq-[0xa2][0x96][0x17]O[0x16]J~[0xb7][0x88][0xba][0xfc][0xaf],[0xea]g[0xa9]}e[0xa3]F[0x8a][0xfc][0xee],[0x1a][0xe4][0xce][0xbd][0x8][0xed][0xae][0x15][0x8e]+&quot;[0xbe][0xed]M[0x8d]KX[0xe7][0xc2]Y\)[0x1d]u8[0xd7]Gy[0xad]9[0x8f]u&gt;[0x9f]D,[0xa0][0x89]I[0xfe]s[0xb8][0xce][0xb7][0x8c][0xe6][0xe1][0x5]\%[0xc9]Y[0xb4]4m`[0xe0][0xe7][0xff],6[0xe6][0x84]]&apos;[0xb1])[0x8b][0xd6][0xde][0x80][0xe4]X[0xc2][0xd5].[0x4][0x96]p[\r]![0x8b]k[0xa5][0xa6]%lv![0xe4]nu[0x9f]C [0xd0][0xea][0x96]Lt[0x16][[0x96][0xb0][0xd5][0x8d]Y[0xf8]&quot;
2013-02-06 13:51:56,957 AAD-WS DEBUG wire:63 - &gt;&gt; &quot;C[0x1e])W[0x82][0xbe]N[0xa2][*[0x90][0xdb][0xdc][0x98][0xc3][0xcd][0xb3][0xb8]Mz[0xe9][0xaa])[0x9]h{[0x16]m+[0xb1][0xbd]9[0x8b][0x1b][0xe6][0xd0]8[0x8b]M[0xa1][0xda]9[0xd4][0xb6][0xd6][0x9e][0x9])2[0x19]n[0xdf]&quot;[0xde][0xf2][0x98]r[0x82][0x8f][0xff][0x2].[0xe2]u[0xce][0xf9]nZG-[0xb8][0x9e][0xd7]&amp;[0xe2]LS[0xb][0x85][0x9c]u[0xf][0xed][0x93]k&gt;awc[0xb][0xff]|[0x18][\n]&quot;
2013-02-06 13:51:56,957 AAD-WS DEBUG wire:63 - &gt;&gt; &quot;=[0x8a][0x16][0x9a][0x83][0x9f][0x1e]g[0x89]&apos;[0xb0][0x9f][0x9e]D/=[0x85]a:[0x8e][0x9]:[0x81][0x14]=[0x83]i:[0x89]{([0x8b]{i[0x1][0x8f][0xd0]&quot;[0x8e][0xd3][0x12]N[0xd1])[0xbc]J[0xcb][0xb8]@[0xcf][0xe2]&quot;[0x9d][0xc6][0xeb]t[0x6][0xff][0xe6][0x90][0xfe]C[0xcf][0xb1][0xfd][0xe7][0xd9][0xea][0xb][0xb4][0x95][0xce][0x91][0x8f][0xce][0xd3]nz[0x91][0xad][0xbf]L[0x11]z[0x85][0xfa][0xe9]5[0xae]*[0xfe]8[0xc8][0xd7][0xd8][0xc][0x17]E-[0xaf]{8\o[0xef]2[0xda][0x87][0x3]Yp[0xbd]m[0xf][0xb9][0x97][0xe1][0xe7][0xf4][0x4]B[0x9e]e[0xec][0x18]fT0[0xda][0xea]iu[0xfb]9[0xa5][0x1d][0xb3]h[0xe8]}[0x1a];[0x99][0xf5][0xad][0xf2]([0x8f][0xb3]2 [0x80][0xe][0xdc][0x98][0xf]o[0x9b]Si[0x81][0x87][0xfe][0x8a]&amp;[0xfa][0x1b]g[0xed][0xef]h[0xa3] @[0xff]D[0x7]][0xc4]-[0xf4]/v[0xe3]N[0xe6]t![0x82][[0x1c][0x9]7[0xb7]K?v;[0xdf][0xeb]7[0xe1]m[0xbc][0xce][0xf3][0x7]3[0x17][0x0]~[0x89]?[0xe0]U[0xd4][0xff][0xf]PK[0x7][0x8][\n]&quot;
2013-02-06 13:51:56,958 AAD-WS DEBUG wire:63 - &gt;&gt; &quot;[0x10][0x1d][0x8a][0x92][0x7][0x0][0x0][0xce][0xf][0x0][0x0]PK[0x3][0x4][0x14][0x0][0x8][0x0][0x8][0x0][0xd4]|D5[0x0][0x0][0x0][0x0][0x0][0x0][0x0][0x0][0x0][0x0][0x0][0x0]A[0x0][0x0][0x0]javax/help/plaf/basic/BasicContentViewerUI$ScrollToPosition.class[0x95]R[0xd1]N[0x13]A[0x14]=3-,mW[0xa8]-R*[0xa0][0xa8]E[0xdb]m[0xed][0xfa][0xa4][0x18][0x14][0xa3][\r]&amp;%U[0x9]E[0xde][0xb7][0xdb][0xd1][0xe][0xd9][0xce]6[0xbb]S[0xa9]_[0xe4]3[0x9][0xc5][0xc4][0x7][0x1f]}[0xf0][0xa3][0x8c]wJ[0x13]M[0x84][0x4]_[0xee][0x9d]{[0xe7][0xcc][0x99]3[0xe7][0xce][0xcf]_[0xdf][0xbe][0x3][0xa8][0xa3][0x9e]F[\n]&quot;
2013-02-06 13:51:56,958 AAD-WS DEBUG wire:63 - &gt;&gt; &quot;7S[0x98][0xc3][0x8a][0x9][0xab]&amp;[0xac][0xa5]q[0xb][0xb7]MX[0xb7]p[0xc7][0xc2]=[0xb][0xf7]-&lt;`H[0xc][0xc2][0x98][0x81]5[0x19][0x92]=[0xdd][0xf][0x18][0x8a][0xad]#[0xef][0x93]7r[0xe3]c[0xa9]&gt;[0xba][0xbb];][0xa9][0xc3]h[0xcf]Sb[0x8b]aV[0xf7]d\z[0xc4]P[0x9b][0x82]z&quot;[0x18][0xb8][0x83][0xc0][0xfb][0xe0]v[0xbc]X[0xfa][0xee]+[0x13][0x1b][0xa1][0xd2]B[0xe9]C)[0x8e]E[0xf4][0xbe]I[0xe7]R[0xed][0xcf]J[0xf7][0x84][0x96]&gt;q&lt;[0x93]J[0xea]m[0x86]f[0xf9]H.U[0xd5][0xac][0x1c][0x92][0xf6]F[0xd8][0x15][0xc][0xb]-[0xa9][0xc4][0xdb]a[0xbf]#[0xa2][0x3][0xaf][0x13]P&apos;[0x11][\r][0x15][0xc5][0xb2][0x1][0xa5][0xdb][0xe1]0[0xf2][0xc5]ki6[0x8a][0x17][0xdd]R7[0x97][0xd8][0xc8][0xa1]`c[0x1]Y[0x1b][0xd7]0o#[0x3][0xdb]B[0xd9]F[0x5][0x8e][0x8d]*j[0xc][0x1b][0x8b][0xd1]b[0xa4]Is[0xb7][0x15][0xfa][0x9e][0x96][0xa1][0xda][0x19][0xf9]b`[0x16][0x16][0x1e]2l][0xfd][0x8d][0xa5][0xb6][0x1f][0x85]Ap[0x10][0xee][0x85][0xb1]4[0x4][0xc][0xd9][vS)[0x11]5[0x2]/[0x8e][0x5]M.k[0xf8][0xdd][0xc0]#![0xef]:G[0xc2][0xd7][0xc][0xb9]?[0xad][0xfd][0xa1]R[0xe7]F[0x14].[0xf1][0x8f]![0xd3]&apos;[0xef][0xe8][\n]&quot;
2013-02-06 13:51:56,959 AAD-WS DEBUG wire:63 - &gt;&gt; &quot;#[0x83]p[0xe5]fe[0xe2][0xb5][0xeb][0x1d]kw[0x9f][0x8][0x89]&apos;0[0xc3][0xcf][0xc7][0x13]-[0xa6]e[0xc0][0xb1]&lt;[0xe7]-_[0x84]6v;W9[0xd6][0xe9][0x8b][0xa6]@#B[0x2][0xdc][0x18]N[0x1f][0x99][0x1b][0xf7])[0xe7][0xcc](h[0xef]:0[0xe9][0xd2][0x3][0x91][0xa7][0xb8]H[0xd5]&amp;[0xd5]I[0xca][0x8b][0xce]W0[0xa7]:[0x6]wjc$[0x9c][0xb5]1[0x92]&apos;[0xd4]g[0xb8]1a [0xc][0x8c][0x14][0x82]y[0xbe][0x89]&lt;J;K(LY[0xde][0x10][0xb][0xa7][0xbc][0xe6][0x9c][0xd2][0xd9]S$[0xcf]0[0xd3][0xaa][0xfe]@[0xc6][0xd4][0xd5]3[0xcc]~A[0xb2]uB``[0x19]+[0xb0][0xa6][0xb4]K[0x98]![0xda][0xe7][0xb0][0xf9]6[0xb2][0xfc][0x5][0x96][0xf9]K[0xac][0xf2][0x6]Q-O[0x84][0x16][0xb1]A9M[0xe8]9[0xdc]E[0x9][0xfc]7PK[0x7][0x8]BN[0x17][0xbb][0x12][0x2][0x0][0x0][0xa2][0x3][0x0][0x0]PK[0x3][0x4][0x14][0x0][0x8][0x0][0x8][0x0][0xd4]|D5[0x0][0x0][0x0][0x0][0x0][0x0][0x0][0x0][0x0][0x0][0x0][0x0]0[0x0][0x0][0x0]javax/help/plaf/basic/BasicContentViewerUI.class[0x95]Z[0x9]xT[0xd5][0x15]&gt;[0xe7]f2[0xef]e[0xf2][0x80]dB[0x80]a[0x9]C[0x8][0x10][0xb2]0[0xa0][0x15]p[0x2]*$@[0x82]I[0x88]$[0x80][0x1][0xb7][0xc9][0xcc]K22[0x99]Ig^[0x12][0x82][E[0xc5]}[0xdf][0x0][0xb5]j[0x17]p[0xaf][0xa8]L[0xc0][0xb8]@[0xb5]h[0xed][0xa6]U[0xdb]J[0xab][0xd2]j[[0xec][0xe2][0xd2]Zm[0xab][0x95][0x9e][0xf3][0xde][0x9b]5[0x93][0x80][0x1f][0xdf][0xdc][0xfb][0xee][0xbd][0xe7][0x9e]{[0xcf][0xb9][0xe7][0xfc][0xe7][0xdc][0x1b]^[0xf9][0xea][0xe9][0xe7][0x0]`[0x8e][0x8][0xe5]@6[0xca]\[0xe4][0xc8][0xf0][0xbe][0x8d]j[0x9b][0x84][0xb9][0x12]*[0xfc]9[0xca][0x6]/[0xe1]h[0x19][0xc7]H[0x98]g[0x3][0x1b][0xe6]sm[0x97][0xb1][0x80][0xeb][0xb1]2[0x16]r=[0x8e][0xe7][0x8f][0x97]p[0x82][\r][\n]&quot;
2013-02-06 13:51:56,959 AAD-WS DEBUG wire:63 - &gt;&gt; &quot;[0xd0][0xc1][0xc5]D[0x19]&apos;[0xc9]8[0xd9][0x86]S[0xb0]H[0x86][0xbf][0xf1][0xf8]T[0x9][0x9d]6[0x98][0x84][0xa3]m`[0xc5]i\[0x14]s1=[0x17]BX[0xc2][0xc5][0xc][0x9]g[0xda][0xa0][0x18]g[0xf1][0xac]b.Jm8[0x1b][0xcb]d,[0xe7][0xba][0xc2][0x86][0x95]8[0x87][0xbb]]\[0xcc][0xe5])[0xf3][0xf8][0xeb][0x4][0x9]O[0x94][0xf0][0x1b]6p[0xe1]h[0x9]O[0xca][0xc1][0xf9][0xb8][0x80][0x8b][0x85]6[0x98][0x87]&apos;s[0xb7][0x9b][0x8b]*[0xde][0xc4]&quot;[0x1b].[0xc6]S[0xb8]8U[0xc6][0xd3]x[0xfd]%[0xdc][0xbd]T[0x86][0xf][0xb9]Q[0xcd][0xfc][0xaa][0x99]s[\r][0x17][0xcb][0xe2][][0xce]T+[0xb8][0xa8][0x95][0xb0].[0xeb][0x92][0xa3]G[0x8f][0xda]`9[0xae][0xb4][0xe1][0xe9]X[0xcf]E[0x83][0x8c][0x8d]2[0xae][0x92][0xb1]I[0xc6]3x[0xee]jf[0xd5],cK.[0xae][0xc1][0xb5][0x12][0xae][0x93][0xf1]L[0xee]j[0x95]q=[0xd7][0x1b]d&lt;K[0xc6][0xb3]e[0xf8][0x97][0x8c][0xe7][0xe8][0xb4]&lt;[0xeb]\^[0xec]&lt;[0x1b]z[0xb0][0x8d][0xb][0xaf][0x8c]&gt;[0x9]U[0x1e]i[0xd7][0xe5][0x95][0xb1]C[0xc6]N[0x1b][0xfa][0xf1]|[0x19]7r[0x1d][0x90][0xb1][0x8b][0xeb] [0x17]![0x19][0xbb]mp;~S[0xc2]p\[0x8a][0x12]&gt;[0xca][0x88][0x8c][0x9a][0x8c]=[0x12][0xf6]J[0xd8][0xc7]g[0xe6][0x90]q[0x93][\r]z[0xb0][0x9f][0x1b][0x9b]e[0xbc][0x80][0x1b][0x17][0xca]x[0x11][0xd7][0x17][0xcb]x[0x9][0xf7][0x8b][0x1b][0x97][0xca][0xb8][0xc5][0x6][0xbd]x[0x99][\r]/[0xc7]+x[0xab][%[0xbc][0xd2][0x6][[0xf1]2[0x19][0xaf][0x92][0xf1]j[0xee][0xba]F[0xc6]k[0xb9][0xbe][0xce][0xdc][0xc6][0xf5]2[0xde] [0xe3][0x8d][0xbc][0xf4]M[0xfa][0x14][0x19]o[0xce][0xc5][[0xf0]V[0x9]oc[0x19]o[0xb7][0xe1][0x1d]xg[0xe]n[0xc3][0xed][0x12][0xee][0xd0])[0x98][0xe3]][0xdc][0xdd][0xc0][0xb3][0xee][0x96][0xf1][0x1e][0xee][0xfe][0xb6][\r][0xef][0xc5][0xfb][0xf8][0xeb]~[0x1b]&lt;[0x88][0xdf][0xe1][0xe2][0xbb]2~[0x8f][0xc5][0xfc][0xbe][0x8c];e[0xdc]%[0xe3][0x3][0x12]&gt;[0xc8][0x3][0xf]q[0xf1]0[0x17][0x8f][0xc8][0xf8]([0xd7][0x8f]I[0xf8][0x3][0x19][0x1f][0x97]p[0xb7][\r]v[0xe3][0x13]6|[0x12][0x9f][0x92]q[0x8f][0x8c]Q][0xe7][0xbc][0xd2][0x80][\r][0xf7]b[0x88]5[0xb5]O[0xc2]A[0xee]~[0xd6][0x6]O[0xe3]s[0xb9][0xf8]&lt;[0xee][0xe7][0xe2][0x80][0x8c]?[0xe4]S|A[0xc2][0x17]mp[0x0]$[0xe1]A[0x19]_[0xb2][0xe1][0xcb][0xf8]c.^[0x91][0xf0]&apos;[0x12][0xfe]T[0xc2][0x9f]I[0xf8]s[0x9]![0xe1][0xab][0x8]y[0xcd][0xde]p([0x10]h[0x9]5[0x85]&quot;~[0xcd][0x1f][\n]&quot;
2013-02-06 13:51:56,960 AAD-WS DEBUG wire:63 - &gt;&gt; &quot;&quot;(u[0xc1][0xa0][0x1a][0xae][0xe]x&quot;[0x11]5[0x82]`k[0xf2]t[0xa8][0xf5]![0x8f]O[\r][0xd3][0xd8][0xca][0xda]e&gt;[0xbf][0x16][\n]&quot;
2013-02-06 13:51:56,960 AAD-WS DEBUG wire:63 - &gt;&gt; &quot;7y[0x82]*B[0x8e][0xd6][0xa9][0xae][0xf5][0xab]}&lt;4[0xb5][0xfe]|O[0xaf]g[0x93][0xab]S[\r]t[0xbb]V[0xd6]RY[0x1d][\n]&quot;
2013-02-06 13:51:56,960 AAD-WS DEBUG wire:63 - &gt;&gt; &quot;jjP3[0x8][0xaa][0x88][0xba]i[0xf5][0xb2][0xe5][0xe7]6[0xd7][0xad]_[0x86]0V[0xa7]vy[0xfa]4W[0x8d][0xbf]K[\r]Fhi&quot;[0x91][0x1b][0xea][0x1a]M[\n]&quot;
2013-02-06 13:51:56,961 AAD-WS DEBUG wire:63 - &gt;&gt; &quot;K[0xa7][0xd6][0x15]@p[0x98]l#}[0xfe]`[0x87]kebu[0xa2][0x16][0xbd][0xdd][0x8][0xe3]S[0x9]x[0xb5][0xee]PXcfa[0xb5][0xc3][0x1f][0xd1][0xc2][0xfd][0x8][0x85][0xc6]r=[0x9a]?[0xe0][0xaa][0xf5]D:5O[[0x80]9[0xd8][0x2]$[0x18][0xcd][[0xb3][0xba][0x1e][0x1][0xd7]#[0x8c][0xeb]V[0x83][0xdc]Q[0xeb][0xef][0xe8][0xc][0xd0]O[0x8b],[0xeb]%[0x19][0x10]f$[0x8b][0xa7]r[0x9f][0xab]E[0xdd][0xa4][0xb1][0x9c][\r]![0x9f][0x1a][0xd0][0xc9][0x88]c[0xb6]Om[0xeb][0xe9]@[0x18]E[0xd2]G4[0xf][0x89][0xef][0x9][0xf4][0xa8]Y[0x84]b[0x80]`[0xd5][0x7][0xe7][0xd1][0xd6][0xbc]a[0xd5][0xa3][0xa9]k[0xea][0x10][0x16][0x96][0xa6][\n]&quot;
2013-02-06 13:51:56,961 AAD-WS DEBUG wire:63 - &gt;&gt; &quot;P[0x1d][0xea][0xea][0xe][0x5][0x99][0xd9][0xec][0x94][0x81][0xee][0x80][0xa7][0xdd][0x15][0x1f]\SGkY[0xaa]ie[0x84]1[0xf5][0xfe][0xa0][0xda][0xd8][0xd3][0xd5][0xa6][0x86][X.Zg[0x91]?[0xe8][0xd7]NA(.=[0xc6][0xa9][0xcc]^K[0x87][0x1a]Q5C[0xaf][0xa7][0xfb]I[0xd2]y[0xc6][0x1c]W[0xc0]C[0xab]6kaZ[0xbc]*e&apos;[0x1a][0xc9][0xed][0x8a]O[0xd0]Y[0xe4][0xf8]Y[0xd8]@[0x80][0x5][0x9a]4[0xbc]@D[0x99][0xdb][0x13]L[0xa2][0xcd][0xeb]P[0xb5][0xa6][0xb0][0xda][0xae][0x86][0xc3][0xaa][0xaf][0xd9][0xbf][0x99][0xf6]&gt;[0xe7][0x18][0xfa][0x18]b3[0xa3][0x89]G[0x3][0xc9][0xdb][0xd5][0xd3]ep[0xd0];&lt;[0x9b][0x12][0x1d]9~_u&apos;I[0xa3][0xfa][0x10]JJ[0x87][0x1e]d[0xda]![0xf2]6[0xa5]0[0x9d][0x94]?@[0x13][0xb2]J[0xb9]=[0xba];[0x1c][0xea]V[0xc3]Z[0xbf][0xc1][0x8]a[0xba][0xa9][0xa5]6[0xd5][0x13][0x8c][0xb8][0x9a]RF[0x13]l[0xc6]t[0xf6]S[0xc0][0x1f][0xdc][0xb8][0xa6][0xdb]G[0x7]Nv[0x94]*[0x9e][0xb9][0x81][0x18]Ub[0xe6](n.[0xf1]j[0xfe]^[0x9a]F[0xdb][0xc8]7[0xd7][0xb][0xaa][0x9a][0x8b][0xac]U[0xa7][0xc9][0xef][0x8c][i\[0xbe][0xd2][0xc][0xf2]e0T[0x9e]^[0x98][0xe1][0xa0][0xb9][0xdf][0xe6][0xf1]z[0xd5]H[0xa4]d[0xee][0xdc][0xb9][0x8]+R[0xf8][0xe9]F[0xd8][0xe6][0x89][0xf8][0xbd][0xae][0xa5]\[0xa6][0x18][0x13][0xd9][0xe4][0xec][0x11][0xbc]5[0xa7][0xb9]?Hx[0xa1][0xf9][0xbd][0x89]%[0xe6][0xcd]=[0x1]a[0xee][0xd7]Zb[0xfd]lrSy[0x91]7`[0x9a][0xb8][0xad]9[0xd4][0x13][0xf6][0xaa][0xcb][0xfd]l[0xf8][0x8e]LS[0xe6]0w[0x5]~[0x7]o+[0xf0]+[0xf8][0xb5][0x2][0x87][0xe1](B[0xd9][0xf1][0xaf][0x89]0eD/R[0xe0][0x8]|[0xc0][0xc5]g[0x8][0xf6][0x98]g;+[0x9d][0x11][0xc2]!g[0xa8][0x9d]P%][0xcf]K{[0xda][0xdb][0x19]4G%[0xbb]^[0xa9][0x82][0xaf][0xe1]/[0x9][0xd6]*[0x9c][0xfc][0xf5]:![0xd2]l[0x5][0xdf][0xc0]7[0x15]8[0x4][0xbf]E([0xc8][0x80]a[0xb4]*[0xfe]J[0xc1]_[0xe3]oH)N[0xa7]F[0x86][0xe4]v[0x92][0xf9]:[0x9d][0x1b][0xfd][0x9a][0xdb])[0xe1][[\n]&quot;
2013-02-06 13:51:56,961 AAD-WS DEBUG wire:63 - &gt;&gt; &quot;[0x1e][0x82][0xbf]*[0xf0][0x1a][0x10][0xe7][0xc2][0xb8][0x3]-[\r][0x85][0x9][0xd0][0xeb]=[0xfd][0xa1][0x1e]M[0xc1][0xdf][0xe2][0xef][0x14]|[0x1b][0xdf]Q[0xf0]]&lt;[0xac][0xe0][0xef][0xf1][0xf][\n]&quot;
2013-02-06 13:51:56,962 AAD-WS DEBUG wire:63 - &gt;&gt; &quot;[0xbe][0x87][0xef]#,8~%[0x95]$[0x87][0x6][0xde][0xd6][0x1f][0x15][0xfc][0x13][0xfe]Y[0xc2]#[\n]&quot;
2013-02-06 13:51:56,962 AAD-WS DEBUG wire:63 - &gt;&gt; &quot;~[0x80]![0xc8]7[0xce]|[0x8e]7Eu[0xf8]W[0xfc][0x9b][0x84]W[0xf0]C8[0xaa][0xe0]G[0xf8][0xb1][0x82][0x9f][0xe0]?[0x14][0xfc]&apos;~[0xaa][0xe0][0xbf][0xe0][0xcb][0x98][0xd8][0xfe][0x90][0xab]n[0xd5][0xb2]M^[0xb5][0xdb][0x88]R[0xe3]S[0xc][0xcd][0x88]bFP*J[0x1e]i[0xd3][0xe5]t-%G[0x8][0x18]2K[0xf8][0x99][0x82][0x9f][0xe3][0xbf][0x15][0xfc][0xf][0x15][0xb4][0xcf][0xff]*[0xf8][0x5]~[0xa9][0xe0][0xff][0xf0]+[0x5]~[0x3]oIxT[0x11] P[0x11][0x2]?&amp;,[0xad][0xa6][0xcd][0xd2]F[0xa9]+K[0x81]w[0xe0]]EXHS&quot;[0x9b][0x94]$[0xac][0xf8][0xbe]&quot;$[0xf8]L[0x81][0xd7][0xe1][\r][0x5][0xde][0x84]7[0xc8][0x2][0x86][0xa2][0x14]-#dI[0xe4]([0xc2]&amp;F)b4~Jv[0x1b][0x7][0xa5]RBr[0xa7]s1[0x1d][0x1b][0xd2]/[0xcf][0xe9][0xec][0xea]wv[0xc6][0xdc][0xd5][0xed]T[0xc4][0x18]R[0x8d][0xc8][0x13][0xf9][0xa4][0x8b][0xb0][0xda][0x15][0xea]U[0x97][0x4][0x2][0x89][0x0]%[0x9][0xbb][0x82]-l{[0x5][0x9]3K[0xd2][0xd4]$[0xe][0xa4]No[0xf]AlPs[0xc6][0xad][0xcd][0xe9][0x8f]0[0xef][0x2]1[0x96][0xcc];[0x85][0xc4]&lt;[0xd8][0x16][0xb2]%[0x93][0xa8][0x10][0xdf]$[0xe3][0x89][0xf3]tv[0xa8]A[0xd5][0x13][0xd6][0xc]d*[0xf0][0x11]&lt;;[0xfb][0xfc]Z[0xa7]3[0x9]g&apos;[0x9a][0x0]ZI[0xf1][0xd4][0xed][0xec]bQ[0x88][0x99]3[0xd8][0x13][0x8](b[0x9c][0x18][0xaf][0x88][0x9][0xc2]![0x89][0x89][0x8a][0x98]D*[0xc1][0xf][0xc4]d[0x12][0xbd][0x93][0xc2]u([0xdc]?[0xa7]3[0xd4][0xa5]r[0xda]A[0xe][0x9d][0xee]x[0x8d][0x9e]^[0x87][0x87][0xa8][0x14]1E[0x14]Q&lt;IZ[0x87]8[0xa4][0xc2]49[0x80][0x98][0xaa][0x8]&apos;o?[0xd7][0x96][0x13][\n]&quot;
2013-02-06 13:51:56,963 AAD-WS DEBUG wire:63 - &gt;&gt; &quot;[0xf8][0xf4]h[0xec]V[0xc4]4Q[0xac]w[0x5][0xd5][0xbe]X[0xd7]tQ[0xac][0x88][0x12][0xee][0xcf][0x89]k_[0x11]3[0xc4]L[0x84][0x9]I[0xbb]H[0x1]S[0x5][0xfe][0xc5][0x8a][0xb7][0xb4][0x87]8GP[0xb8]rzc*[0x18][0x15]7[0x84][0xe5][0xfa][0xf0][0xf4]!A[0x94][0xd5][0xee][0xaa]mi[0xa8]O[\n]&quot;
2013-02-06 13:51:56,963 AAD-WS DEBUG wire:63 - &gt;&gt; &quot;[0xbf][0xa3][0xda]B[0xbe]~[0xe7][0x5]N[0xe6][0xc5][0xba][0x9f]%[0x18][0x17][0xc4]l[0x8a]D[0xdd][0x1a][0xb5][0xcb][0x84][0x83][0xb2][0x8c]6[0x92][0x85][0x1a][0xe5][0xdc][0x90][0xfc][0x14]N[0xfd]^[0x6][\r]Q[0xa1][0x88]J[0x96]V8/R[0xc4][0x1c][0xe1][0x92][0xc4]\E[0xcc]c[0xfb]9A[0x9c]H[0xf9][0xc0][0xf0][[0xa8][0x9]y{[0xba][0xf4]T&apos;[0xdb][0x1b][0xa0][0xd3]E[0x0]E|[0x83][0x91][0xd2][0x1a]V9MR[0xc4]Il[0xb7][0x96]n[0xfd]`[\n]&quot;
2013-02-06 13:51:56,964 AAD-WS DEBUG wire:63 - &gt;&gt; &quot;[0xb9]r[0xb6][0x13][0x8]G:U[0x9f][0xd3][0xcc][0xa3][0xe8][0xdc][0xeb][0x8d]/&apos;A[0xbd]3[0x11][0x9f][0x9c][0xc1]P[0x9f][0x2][0xff][0x83][0xaf][0x88][0xbd][0xe6][0xd7][0x2][0xaa]$[0xe6]+b[0x81]XHg[0x96][0xe][0x8e][0x8a]8Y[0xb8]%Q[0xa5][0x88]E[0xe2][0x14]I[0x9c][0xaa][0x88][0xd3][0xc4][0x12][0x84][0xca][0xe1][0xf7][0xbe]&lt;[0xec][0xe9]RS[0x83][0xa8]&quot;[0x96][0x8a]j[0x5][0xbe]`[0x4][0x19][0x9b][0x12]K[0x9][0x98])[0x80].VD[0x8d]X&amp;[0x89][0xe5][0x8a]X!j[0x15]Q&apos;V*[0xe2]t[0xc2]ZQ[0xcf][0xfa]C[0x97]&quot;[0x1a]D#}[0x9c]E[0xae][0x1a][0xf3][0x8c][0x9e][0xc5][0xb4][0xfd]v[0x8a]4T+[0xc9][0xe1]X[0x11][0xab]xj[0x13][0x17]g[0x8]rh[0x9c][0xce]&gt;[0xbf][0xda]D#[0x9d][0xac][0xc1][0x13]h[0xf][0x85][0xbb]T[0x1f][0xd1]&apos;[0xb9][0xa7][0x95]LPg|[0xd2][0xd7][0xc0][0xda]DN[0xce][0xcb]4K[0xa2]E[0x11]k[0x4][0xc5]n[0xfb][0x90][0x94][0x80] [0xa5][0xa8][0xb6][0xa7][0xab]k[0x8e]3[0x91][0xeb]:[0xfb]&lt;[0x4][0x0][0x1e]g[0xc0][0xaf]i[0x1c]C[0xde][0x83][0xa3][0x92]X[0xa7][0x88]3[0xc5]zIl@[0xa8][0x1a][0xa2][0xea][0x1a][0xb5][0xdd][0xd3][0x13][0xd0][0xe2][0xa8][0xa3][0x86]K[0xd2][0xbb][0x9a]&lt;~[0x6]J[0x82][0xe6]aF[0x14]q[0x96]8[0x9b][0xf7]{[0x8e]$[0xce]U[0xc4]yd[0xd8][0xc2][0xc3][0xca][0x1a][0xe5]LX[\n]&quot;
2013-02-06 13:51:56,964 AAD-WS DEBUG wire:63 - &gt;&gt; &quot;[0x9b]|[0x9b]P[0xe3]{8.u[0xa4]_bx[0x11][\n]&quot;
2013-02-06 13:51:56,964 AAD-WS DEBUG wire:63 - &gt;&gt; &quot;[0xbb]3[0x86][0x88][0xb1][0xd4][0xe3][0xab][0xf]y=L[0x93]t[0x4]Em[0xa9][0xdd]Z7[0x83][0x9c][0xd6][0x19][0xe][0xf5][0x5][0xc9]Z$A&amp;[0xd9])[0xfc][0x8a]8[0x1f][0xfe][0x1e]w[0xe3][0xc4][0xc6][0x86][0xe4][0x3][0x9c]1[0x14][0xf][0x9f]e[0xd6][0x13][0xca][0x11][0x80][0x92][0xa6]f[0x8e][0x9c][0xaa]%[0x8]S[0xa0]#-gLPM[0x1b]6#M[0xd0][0x8c][0x8d]E[0xd3]f5[0xec]&apos;[0xd8][0xd8]l[0xde][0x18]&lt;[0xdd][0xdd]:[0x82]VdJ[\n]&quot;
2013-02-06 13:51:56,965 AAD-WS DEBUG wire:63 - &gt;&gt; &quot;[0x87]t[0x19][0xf9]KU[0x1a][0xf9][0xaa][0xb6][0xf3]U[0xaf]6[0x12][0xb9][0xac][0x85][0x8c][0x1e][0xda]H[0xe9]P:[0xbe][0xd3][0x94][0xd6]q[0xe][0x9a][0xd5][0xdd][0xa3][0xc5][0xef]F)[0xdc]G^[0xcf][0xec]J[0xcf][0xf][0x92]/[0xad][0x13][0x93]s[0xae][0xe5][0xa1]pR[0xb8]#[0xe8][0xa7]A#+[0x8a]_dt[0x4]7[0xfa][0x1a]&lt;Ar&lt;[0xe3][0xd6][0xe4][0xf0][0xf8]|[0xc3])y[0xe6][0x8][0x97][0x83][0x18][0x95][0xce]D[0xe6][0xab][\n]&quot;
2013-02-06 13:51:56,965 AAD-WS DEBUG wire:63 - &gt;&gt; &quot;[0x1f]5[0xc2][0xe4][0xd2][0xd9][0xf5][0xc3][0x85][0x99]*[0xce][0x9e]|[0xbe][0xc][0x86]1k[0xa4][0xeb]L[0xca]R[0x13][0x88][0xc1]0[0xd6]U~[0xac];C[\n]&quot;
2013-02-06 13:51:56,965 AAD-WS DEBUG wire:63 - &gt;&gt; &quot;#[0xd7][0xd7][0xbb][0x11][0xd0][0x8c][0xb1]$[0xe5][0x12]=[0xf9][0xf3][0x93][0xb1][0xe9][0x14][0x9b]H[0xbf][0xb3][0xe3][0x12]{[0xcc]A?[0x1]R[0xbf]k[0x8]iUj[0x4][0xe6]m[0xad][0xd1][0x98][0xd6][0xcf][0xf][0x14]9[0xc4][0x9d][0xbd][0x97][0xcd][0xb8]4[0xe9][0xc8][0x86]\[0x1c][0xf5][0xcc][0xd9][0xa0][0xac]2[0xa6][0xc5]l1fg[0xc9][0x14][0xc7][0xe3][0x6]Uq[0x8c]9[0x86][0x4]tW[0x8b]$[0xeb][0xa0][0x91][0xe2][0x15][0xe5][0x1f][0xa6]%[0x1a].h)][0xaf]+[0x8b][0xf]z[0xa8]o[0x97][0x8e]xoL9[0xa0]Q$Y[0xb5][0x11][0xb1][0xf4]w[0x8d][0xbc][0x98][0xa7][0xc5][0xee][0x8e][0x94]2[0xd0][0xca]F[0x82]5:I_[0x81][0x10]-[0x94][0xdd][0xd7][0xe9][0xe7][0x8b]j^}[0xea][0x8][0xfb]fG[0xd8][0xd3][0xcf]W[0xe8][0xba][0xf4][0xb1][0xf4][0xb6][0xfe]&amp;@k[0x18])7!l[0xea][0xee]cY[0xb9]^[0x19][0xcf][0x2][0xb4][0xe7][0xd8][0xd3][\r][0xf9]Vi[0xda]E2[0xe9]U[0xa7]0[0xe3][0x0]![0x6][0xe9][0x8d]nu#[0x19]@j&apos;][0xcb]x[0x87][0x1e][0xef]F[0xe2][0xd4]Lp[0xa0].[0xb][0xf2]I[0x10][0x97]E[0xc3]=[0x81][0x1c][0x1f][0xdf][0xc9]F[0x96]&gt;[0x1c]:[0x8c]7[0x86]38[0xe2]$cd[0x18]7[0xcd][0x89]&apos;[0xff]tJ[0xa5]u:NN=[0xc6]c[0x6]Q[0x92]f[0xeb]j$A[0x93]D][\r][0xdf][0xfa]Sp[0xa6][0xc1][0xd3]]RWC[0x9b][0xb6][0x12][0x9d]a.[0xa4][0x95]X2[0xd8][0xc2][0xa9][0x9a][0xf1][0xa2][0x92][0x14][0xfa][0x11][0x9c]i[0x7][0xa4][0x7][0xd7]$[\n]&quot;
2013-02-06 13:51:56,966 AAD-WS DEBUG wire:63 - &gt;&gt; &quot;V[0xc2]H[0xe3][0x94]&gt;u[0xa4]&lt;:[0x15]eb[0x98]xc2[0xb6][0x90][0x82][0xd4]6[0xde][0x13]I[0xd0][0xac][0xd2][0xf4]q[0xa9]B[0x99][0xfd]U[0x6][0xc0]6[0xf7][0x7][0xbd][0x9d][0xfa]C[0xce]z[0xf3]v[0x96]Jf`A-[0xdd]9X?[0xf1][0xb8][0x94][\n]&quot;
2013-02-06 13:51:56,966 AAD-WS DEBUG wire:77 - &gt;&gt; &quot;[0x17][0xfc]Hf:[0x15]SU[0x97]fP[0xe2][0xb0][0xef]f[0x19][0xae]/[0xba][0xd5][0x17][0x8d][0xfc][0x84][0x84]0F[0x1f]3[0x6]L[0xcc][0xa0][0x9e]U[0xe6]=&amp;=[0x88][0xc6][0x83][0x1f][0x13]5[0x9a]7[0x1b][0x13][0xe9][0xf4]G[0x12]:e[0xf5][0x9b]=[0x9e]@$[0xed][0xf1]&apos;[0x16]HI?[0x12][0x13][0xeb][0xaf]f[0xa4]/[0xfd]5[0xaf]n[0x84]xn[0xf5]G[0x96][0x86][0xf8][0x95]L[0xf6]G[0xea][0xf4][[0x8][0xcf][0xa8][0x1e]a[0x6]of[0xb9][0xa7][0xcb][0x1f][0xe8]7[0x80][0xaa]Y[0xeb][0xf][0xa8][0xcd][0x9d]*[0x1f]CI&amp;#[0xd0][0x93][0xfc][0x4][0x15][0xb1]p[0x1e][0x8b][0x86][0xa4]&quot;
2013-02-06 13:51:56,967 AAD-WS DEBUG wire:63 - &gt;&gt; &quot; 0X[0xdd][0x13]0[0xf5][0x95][0xb8][0xda]L[0xc9][0xb4]Bl[0xd8][0xc4][0xc5][0x16][0x1d][0xaf]Y[0xf])W[0xd0][0xc][0x13][0xc][0xee][0xb1][0xf3]I[0x84][0xfd]c&amp;&apos;[0xf6]v8[\r][0x1e][0x8][0x16]2[0x80][0xce]z=$[0xa4][0x8][0x9c][0xe9][0xc5][0xd0]t[0xa7][0xde]D[0x1a][0x93][0xf4]=&apos;M[0xe6]L[0xc]J[0xe2][0xf4]U[0xf1][0x97][0xb1][0xe3][0xa1][0xa6][0x95][0x96]T[0xb7][0xd4][0xad]][0xd2][0xb2][0x8c][0x9c][0xa2][0xe2][0xeb][0xad]SD[0x97]u[0xe][0x88][0xc3][0xdc][0xe0][0x10]N([0x1d][0xc6][0x1c][0x86][0x99]a[0x84][0x1d]#[0xfa]E8[0x96][0x15][0x94]&amp;#[0xb4][0xde]I[0xeb][0x8e]I[0xeb]&quot;:[0xe3][0x19][0xda][0xa7][0xd2]}V[0xf5][0xc5]z[0xc7][0xc6]M?ezN$[0xb1][0xc0][0xd8][0xd2]![0x4][0xbc][0x7][0xc6][0xd2][0xd5]j[0xbb]aE[0xc6][0xcb][0xa4]L[0xd9]ud[0x9d]_[0xeb][0x1c][0xe6][0xdd]u}[0xdc][0x98][0xb4][0x90]7[0x14]0[0xa6][0xd6][0x86]&quot;1S[0xd4]c[0x9c]{[0xd8][0xb8][0x94][0xdc]S[0x97][0xf9]Y[0xb7][0xf1]k[0xe5]m[0xa9][0x19]CF)&apos;&amp;[0x1f]N3[0x97]IYY[0xae]?[0xd8][0x1b][0xda][0xa8][0xd6]{[0x8c]+a[0xf2][0xc6]W[0xf7][0x4][0xf5]@[0xab]3I[0xbe]M[\r][0xf7]Zm E[0xe2][0xc5][0x8b][0xce] [0xde][0xe0][0x14]x[0xf6][0x86]a3[0xe7][0x92]8aU[0xa6][0x7][0x98][0xa1][0xd7]Z[0xca][0xd4][0x18][0x95][0xd4][0x0]y*[0xdd][0x2][0xcd][0xa4][0xc8][0x9e]bHf:TP[0x9a][0xde][0xc7][0x2][0x15][0x1f]{+F4k[0xd6]&lt;amU{{D[0x8d][0xf9]o[0xd0][0x17]or[0x12][0x18]#[0x97]D[0x17]E[0xe5][0xa1][0xf7][0xec]e[0x94][0x3][0x8c][0x18][0x85]K[0xd2][0xe7]dF[0xa3][0xba][0xaf]o[0x18][0x99]^[0xf8][0xeb][0x86][0xd8][0xc4]j[0xb5][0x9b][0xd7]5oM$[0xb5][0xf9][0x8e][0x12][0xef][0x98][0x9c][0xfb]Je[0xc4][0xaa][0xef][0xf2][0x84]72u@[0xd5][0xd4]@[0x8d][0x9f]pT[0x12]t[0x95][0xcf][0x1f][0x12][0x95]3=[0x1c][0x8d][0xa4]#3%N[0xf0][0x80]i[0x90][\r]/[0xd1][0xef]e[0xf8]1[0xbc][0x2]?[0x81][0x9f][0x82][\r],[0xfc][0xa0][0xe]@_[0xaf][0xc3][0x1b]z[0xfd][0xa6]^[0xb][0xfe][0xb][0x83]^[0xff][0x6][0xde][0xd2][0xeb]C[0xf0][[0xbd][0xfe][0x1d][0xbc][0xad][0xd7][0xef][0xc0][0xbb]TO[0x84][0xc3][0xd4]F[0xf8][0xbd][0xde][0xf7][0x7]j[0xbf][0x97][0xd2].[0x80][0x1c]x[0x1f][0xfe]H=[0xa2][0x9e]J[0xc8][0xa2]/[0x80]|{[0xd6]^[0xb0][0xc]Bvk[0xd9]~[0xb0][0xe][0x80][0xf4][0xb8][0xfe]g[0xc5]?[0xeb][0x1b][0x10]T6[0xd2]6WQ[0xcf][0x11][0xf8][0xc0][0x9c]ZF5[0x8f][0xd8][0xca][0x6]@[0xb6][0xe7][0xd0][0xf4][0xdd][0xf1]9[0xa3][0x81][0xff].[0xb9][0x9a][0x84]i[0xa6][0xe5]Z[0xa8][0xf7]/[0xf0]Ws^[0x94]zy[0xf4][0xe2]A[0xb0][0xb5][0xe]@[0xae]][0x89][0xc2][0xa8]r[0xfa][0xd9]GSQ[0x11][0x85]1[0xf6]&lt;[0xfa][0x88]B&gt;[0xb1],{[\n]&quot;
2013-02-06 13:51:56,967 AAD-WS DEBUG wire:63 - &gt;&gt; &quot;[0xec]/[0xc1][0x98][0xb2]A(h[0xa5]m[0x8d][0xdd][0x3]v[0xee]*&apos;[0xb2][0xc2]u[0xf4]%[0xe][0xc2][0xc2][0x18][0x9f]q&amp;[0x1f]cf[0xac]w[0xbc][0xc9]4[0xce]O[0xf0][0xe4][0x9][0x89][0xbd][0xce][0xa4][0x1d][0x2][0xac][0x83][0x12]8[0x13][0xca][0xa1][0x15][0x16][0xc0][0x6]X[0x2]gA-[0x9c][\r][0xe7][0xd0]?[\r][0xce][0x85][0x8b][0xc0]K[0xd4][0x83][0xbf][0x1b]2`[0x7]XI[0x1f][0x0][0xef][0xda][0x1d][0xcc][0xb4][0x9c]t[0xb6][0x7]&amp;[0x12][0xf3][0x89][0x83]0[0x89][0x96][0x9d][0x1c][0x85])[0xdc]*[0x8b]B[0x11][0xd7]Q[0x98][0xda]Pq[0x10][0xf2]+[0xca][0xf6][0x81]S[0x0]W[0xd3][0x4][0x90]T[0xc5][0xad][0xa4][0xbd][0xe9]{@[0xf0][0xc6][0x88][0xba][0x84][0xeb]([0xcc][0xe0]j/[0xcc][0xb4][0xcf][0xda][0xb][0xa5]Q[0x98][0xcd][0xcd][0xac]([0x94][0x99]T[0xe5][0xc4]kR[0xc5]&gt;[0xa8] [0xec][0xad]&lt;[0x8]y[0xdc]][0x19][0x85][0xca]][0x90][0xed]&amp;[0xc1]][0xb4][0x83][0xb9][0x8d][0x95][0x83]0[0xaf][0xd5][0xf2][0x4][0x9c][0xf0][0x4][0x9c]8[0x0][0xdf][0x88][0xc2]IeD3[0xf], [0xf2][0x5][0xc6]:[0xb]Y[0x87][0xb],Q8[0x99]wiw[0x13]A[0xd5][0xba][0xb2][0xac]=[0x80]e[0xb8][0x7][0x16][0xed]&amp;q[0xb7][0xc2][\r]p3[0xcc]1[0x95][0x15][0x84]IT^A[0xc2]o[0x85]Qp%[0xb5][0xae][0x81][0xe9]p[0x1d])[0xee]zp[0xc1][0x8d]0[0x9f]h[0x17][0xc3]mP[0x7][0xb7][0xc3][0x19]p[0x7]t[0xc0][0x9d][0x10][0x82]m[0xd0][0x7]w[0xc1][0x5]p7l[0x81]{h[0xe6][0xbd][0xc4][0xf3]&gt;[0xb8][0x15]vR[0xef].x[0x14][0x1e][0x84]=[0xf0][0x10][0x1c][0x80][0x87][0xc9][0xf][0x1e]%k[0x8c],[0xfc][0x7]d[0xcf][0x8f][0xd3][0xaa][0x1f][0xc6][0x94][0xe][0x9b][0xc8][0xdc],T/[0xb4]/&amp;[0xa5][0xb3][0xce][0x1b]*H[0x19][0xa7][0x98]J9[0x95][0x8e]u*[0xab]#[0xbf][0x92][0xd4]{[0x9a][0x0][0xae][0x96][0x90][0xb2]1[\n]&quot;
2013-02-06 13:51:56,968 AAD-WS DEBUG wire:63 - &gt;&gt; &quot;Ki[0xac]:q[0xe4]s [0x97][0xca]&apos;I[0x8a][0xa7][0xc8][0xbc][0xf7][0xc0][0x18]2[0xca][0xf1]@[0xc7][0x6]{[0xc1][0x9][0xfb]`[0x16]&lt;M4[0xcf][0xc0][0x89][0xf0],[0x99][0xc3]s4[0xeb]#[0xf8][0xd8][0xdc][0xc5]d[0xd3][0xec]I[0xb3]5[0x9]&apos;[0xb1][0xea]^t[0x80][0xca]O2Q.K[0xa7][0xfc][0x11][0x95][0xff][0x88]S[0x96][0x90]\L[0xa9][0xc][0xc2][0xf2]V[0xfb][\n]&quot;
2013-02-06 13:51:56,968 AAD-WS DEBUG wire:63 - &gt;&gt; &quot;[0xfb][0x8a][0x1][0xa8]M[0x9f][0xf1][\n]&quot;
2013-02-06 13:51:56,968 AAD-WS DEBUG wire:63 - &gt;&gt; &quot;[0x95][0xff][0x84]OM[0x3]l!z[0x89]z[0xf][0x93][0xc1][0xd7]5P[0xb1][0xb2][0xd1][0xb4]3w[0xdc][0xf2]O7[0xfc]![0xd9][0x9d]bC[0xf5]1Ok[0xa0][0x8f][0xca][0xb8]w[0xc4][0x86][0x1b][0xa9][0xd7]a[0x89]w;,[0xb8][0xf]V[0x91][0xbd][0xea]6[0xd3][0xe4][0xce][0xb6][0x9f][0xc1][0xbd][0xd9][0xfb]`5[0xe5]t[0x16][0xb6][0x96][0xb8][0x1][0xda][0xdc]V[0xdd]~b[0xac]Z[0x88][0x95]1o[0xcd][0x90]e[0xd6][0xc6][0xc7][0xd6][0xc5]w[0xc8][0x1c][0xb2][0xed]g[0xd2][0x97][0xbd]U[0x87][0x14][0x1][0x97][0xea][0x16][0xd8][0xc][0x1]x[0x95]0[0xb1][0xd9][0xd4][0xca]j[0x18]K[0xe5][0xcf][0xe9][0xc]Ag[0xf8]*[0xe1][0xda]ktf[0xbf][0x84][0x6][0xa2][0xf1][0x11]f[0x6][0x8][0x1f]{[0x8]!7[0x13]&gt;^J[0xb6][0xb4][0x95][0xd0][0xf1][0x6][0xc2][0xc6][0x9b][0x9][0x9][0xb7][0x11][0x2]&gt;E[0x18][0xf8]*[0xe9][0xf2]u[0x2][0xb4]C[0x4]N[0xef][0x92]{[0xb][0xfe][0xa3][0x8b]y&amp;[0x87][0xe8]LX[0xc3][0xbd][0xf6][0xf5][0x6]n[0xb0]r[0xeb][0xcb]_[0x82][0x1c][0xfb][0x6][0xde][0x98][0xb1][0xf1][0xb3][0x1a]t]T[0xe8][0xaa]([0xdf][0x7]g[0x93]G[0x1a][0xb4][0xe7]l[0x87][0x85][0xa4][0x92]s[0xdd][0x16]*[0xcf]sg;[0xb2][0xed][0x1e]rf[0xb7][0xb5][0xdc]aqXq?[0xb4][0xed][0x3][0xaf]E[0xd7])[0xcd][0xa3][0x8b]N[0xcc][0xed][0xaa].7B[0x15]l$[0x8b][0xc9][0xbb][0x12][0xec]T~D[0xf2]~L[0x9e][0xf7][0x9][0xe4][0x93][0xfd][0x8c]#[0x8b][0x18][0xf][0x9f][0xc3]T[0xf8]7[0xd9][0xd0][0x8][0x92][0xff][0xb][0xf3][0xe0]K[0x9a][0xf9][0x15]A[0xd8]QXA[0x86][0xd3][0x84][0x8][0xe7][0xa0][0x80][0x8d][0x98][0x5][0xdd](A[0xf][0xca][0xc4][0xf1]s[0x9a][0xa1][0xcb])[0xe][0x93][0x9c]2Y[0xd4][0x91][0xd8][0xa9][0xb4][0x1b]f[0xd3][0xc1][0x88][0xdc]i|[0xfb][0xd9]T[0xce]7[0xbe]7[0xc6][0x8f][0x91][0x1a][0x1][0x96]u&apos;[0x9e][0xc2][0xf4][\r][0x15][0xf6][0xae]([0x4][0xb7][0xc3]R[0x9e][0xb1][0x1f]B[0x8d]LM5i[0xc0]t[0xca][0xee][0xb8]S:,[0x7][0xa1][0xc0]a[0xa1][0xc6]7[0xb9]a[0xe2][0xe1][0x0][0x84]w[0xa1][0xa7][0xc2][0x1e][0xd1][0xf9]&lt;f[0xd7][0x8c]U[0x88]IO[0xa3]iDn[0xb2][0xc6][0x3][0xd0][0xbb][0x1d][0xdd][0xbc][0xdf][0xbc]E[0x3][0xd0][0xa7][0xeb]v[0x13][0xed]n[0x9d]#[0x9b]t[0xdd][0x1f][0x85][0xcd][0xf6][0xb][0xb8]I[0x8d][0xb][0xb7]C.[0x8d]^d6/6[0x9a][0x97][0x18][0xc4]y[0xc5]Q[0xf8][0x16][0xf5]^JM[0xfd][0x9b][0xfa][0xec][[0x8c]1[0x12][0xd1]muX[0xf6]Co[0x14].sK[0xe][0xc9]a[0x8d][0xc2][0xe5][0xc6]&amp;[0xae][0xd8][0xf][[0xa3]pe[0xbc][0x97] [0xac][0xc2]~[0x95][0xbe][0xe7]1La[0xbf]:[\n]&quot;
2013-02-06 13:51:56,969 AAD-WS DEBUG wire:63 - &gt;&gt; &quot;[0xd7][0xec][0x82]m[0x15][0xf6]k[0xf5][0xce][0x1b][0x8d]i[0xd7]18][0x96]p[0x95]Mn[0xb2][0xf6][0x8][0xc9]w=[0xf7][0xed][0x84]NS[0x8b]7[0xe8][0x93][0xd6][0xdb]od[0xbb][0xcb]2[0xbc]k[0xd1]A([0xb4][0xdf][0xc4][0x1d][0xdc][0x88][0xc2][0xcd]:&gt;[0x1b]|oi[0xac][0xb4][0xdf][0xba][0xf]n[0x13][0xb0][0x1f]nw[0xc7]L[0x95][0xb5][0xe2][0xb0][0xc4][0xfc]v&quot;[0xf3][0xce]&quot;[0x97][0xbe][0x83],[0xb];0[0x84][0xe1]8[0xa6][0xbf]C[0x18][0x7][0x98][0xb][0xf3]p[0x14],[0xc2][0xd1][0xb0][0x4][0xc7][0xc0]J[0xcc]#[0x8b][0xce][0x87][\r]h[0x87]s[0xb1][0x0][0xda]q,t[0xe1]8[0x8][0xe3]x[0xd8][0x8c][0x13]`[0xb]N[0x84][0xab]q[0x12][0xdc][0x82][0x93][0xe1]N[0x9c][0x2][0xf7]b[0x11]&lt;[0x80]S[0xe1]q[0x9c][0x6][0x83]X[0xc]/[0xe0]t[0xf8]%[0x96][0xc0][8[0x3]~[0x8f][0xb3][0xe0][0x8][0x96][0xc2][0xc7][0x14]T,X[0x8e][\n]&quot;
2013-02-06 13:51:56,969 AAD-WS DEBUG wire:63 - &gt;&gt; &quot;V`[0x1][0xce][0xe3][0xff][0xb9][0x88]%[0xb8][0x10]O[0xc4][0x93]q1V[0xe1]r\[0x84][0xab][0xe9]k[0x3][0x9e][0x82]^&lt;[0x95]v[0xb9][0x84][0xf6][0xb9][0x14]5[0xac][0xc1]&gt;\[0x81][[0xb0][0x16][0xaf][0xc4]:[0xbc][0x9]W[0xe2][0xed]x:[0xee][0xc0]z[0xbc][0x1f][0x1b]p&apos;6[0xe2]c[0xb8][\n]&quot;
2013-02-06 13:51:56,970 AAD-WS DEBUG wire:63 - &gt;&gt; &quot;[0x9f][0xc4]3p[0x90]8[0xbc][0x8c][0xcd][0xf8][0x1a][0xb6][0xe0]!l[0xc5]?[0xe3][0xd9]$[0xe5][0xc8]/[0xc][0xaf]^K&gt;[0xce]H;[0x87][0xf4]q[0xe7][0x13][0xb0]m&apos;[0xcc],?[0x0][0xdb][0xb7][0xc3]xC[0x97];[0xe8]h)[0xb2]l[0x8f][0xc2]][0xbb] [0xb7][0x8c][0xa8][0xee][0x8e][0xc2]=[0x89][0xc8]1[0x8e][0xc3]&gt;[0xfa][0xc0][0x86][0xed][0x90]Oi[0xc0][0xc]&lt;[0x1f]*[0xb1][0x8b]|[0xe8][0xb][0xf2];[0x3][0x9b][0x97][0x13]n0r[0xfc]![0xe6]Q[0xdf]6[0x81]8[0x91][0x82]D[0xe1][0xde][0x6][0xeb]^[0xb8][0xaf][0xd1][0xb4][0x86][0xfb]i[0xf8];l[0xda][0x7][0xf5][0xcf][0xef][0xea]&amp;[0xfd][0xbd](|[0x7][0x1]q[0xb6]}&apos;}m[0x87]+M3[0xaa][0x8f][0xf1][0xdd][0x95][0xc2][0xd7][0x98][0x17][0x1b]{[0x80]!&lt;;[0x9][0xf8][0x1f]l%[0x82][0x87][0xe8][0xf7]0[0xfd][0x1e]1[0xc9]t[\n]&quot;
2013-02-06 13:51:56,970 AAD-WS DEBUG wire:63 - &gt;&gt; &quot;[0xfb][0xa3]&amp;[0xdc]3[0xed][0x0]&lt;V[0xbf][0xb][0xac]n[0xeb][0xee][0x18][0xa7][0xc7]SV[0x19][0x84][0xdd][0xad]e[0xe5][0x15][0x3][0xf0][0xc4]^x[0x92]Q[0xea]Z[0x8a][0x99][0x83][0x14][0xad][0x93]P[\n]&quot;
2013-02-06 13:51:56,972 AAD-WS DEBUG wire:63 - &gt;&gt; &quot;/[0x84]qx[0x11][0x14][0xe1][0xc5]0[0x1d]/[0x81]r[0xbc][0x8c]l[0xeb]r[0x98][0x8f]W[0x90]}m%D[0xba][0x12][0xce][0xc4][0xab] [0x88]W[0x83][0x86][0xd7][0xc0][0xb5]x[0x1d][0xec][0xc5][0x1b][0xc8]nn[0x84][0xe7][0xf0]fx[0x3]o#[0x9b][0xb9][0x9d]8[0xfe][0x8f]p[0xcc][0xd0]i[0x84][0xf4]n#[0xfe][0x9f][0xc7]v[0xf5]T[0xba]Nq;[0x8c][0xb6][0xef][0xd1][0xb3]1[0xce]\[0xc]]Eux[0x1e]0[0xe1]9[\n]&quot;
2013-02-06 13:51:56,972 AAD-WS DEBUG wire:63 - &gt;&gt; &quot;{[0x19][0x96]*[0xf7][0xc1]&gt;[0xba][0xf1][0x92](O[0xb7][0x1a]d[0x83][0x3][0xf0][0x8c];;k[0xbe]u[0x17]lqX[\n]&quot;
2013-02-06 13:51:56,973 AAD-WS DEBUG wire:63 - &gt;&gt; &quot;[0xad]&apos;[0xec][0x83]g[0xe9][0xe]![0x99][0xdf][0xcf][0xd1][0xb7][0x1c][[0xf8]yZ[0xb8]Pb[0x8c][0xe1]t[0xb5]P[0xa6]/c[0xf][0x15][0x85]R[0xa1][0xcc]Aq[0xbf][0x5][0xd6][0x15]Zw[0xc0][0x84]A8[0xd0][0xaa][0xa7]l[0x85][0xf2][0x0][0xfc][0xd0][0x9d][0xe3][0xa0]$[0xf9][0xc9]]0[0xd9][0x9d][0x13]c[0xf6]&quot;k&gt;&apos;.[0xc6][0xe5]V,$[0xd0]y[0xee][0xfe][0xa3][0x17][0x1a][0x9][0xe0][0x8f][0x8c][0xfd][0x1d]dE[0xef][0xa0][0xf4][0xe2]Ex[0xc1]Tt[0x1b]L [0xf0][0x96]`[0x9c][0x18][0x3]SD[0x1e][0x14][0x8b]|[0x98]%[0xec]P*[\n]&quot;
2013-02-06 13:51:56,973 AAD-WS DEBUG wire:63 - &gt;&gt; &quot;a[0xae][0x18][0x7]&apos;[0x89][0xf1]P%[0x1c]P-&amp;[0xc2][0xe9]b2l[0x10]E[0xe0][0x11]S[0xa1]K8[0xa1]_L[0x83][0x1d]b:[0xec][0x12]3[0xe1][0x11]1[0xb][0x9e][0x11][0xb3][0xe1][0x80]([0x87][0x17]E[0x5][0xbc]MtG[0x84][0xb]&gt;[0x13]sI[0xe1][0x87])[0x88][0x18][0x8e][0xe3][0xd0]][0x80]~[0xbb]S[0xf3][0x12][0xd1]Hd[0xef][0x1d][0x9b][0xac][0x5]d$[0xe4]![0xe7]c[0xb2])[0xd4][0xc7]d[0xd9],_z[0xa6]S[0x85][0xec][0xa1]@[0x13][0xb2][0xd0]bN[0x98]JW[0x6][0xee][0x95][0xca]&amp;[0xad]&apos;D|d[0xd8])[0xd9][0xf1][0x0]~[0xaa][0x9e],[0xd2]TN[0xaa][0xf2][0xe1][0xe5]|$[0xab][0xad]}[0x12]j[0xb8][0x9d][0xd7][0x94][0xd7][0xa4][0xb7][0x96][0xa5]_Z[0xaa]![0xf]j[0xa0][0x88]j[0x81]V[0xbe]3Q[0xcc][0xfc]9[0xd5]K)J[0x1e] +[0xfc][0x19][0xed]c[0xb7][0x9e]u[0x0][0x14]S[0xfd]*[0xd5]O[0xe3][0xd3][0xf8][0xc][0xe4][0x88]\[0xb1]Q([0xe0][0xc0]mx[0x87]XL[0xf5][0xf3][0x10][0x12][0xad][0xd6][0x1c][0xe1][0xc5]5[0xc2]g[0xcd][0xf9]?PK[0x7][0x8][0x95][0x84][0x95]&quot;[0xfa][0x15][0x0][0x0]u.[0x0][0x0]PK[0x3][0x4][0x14][0x0][0x8][0x0][0x8][0x0][0xd4]|D5[0x0][0x0][0x0][0x0][0x0][0x0][0x0][0x0][0x0][0x0][0x0][0x0]6[0x0][0x0][0x0]javax/help/plaf/basic/BasicNativeContentViewerUI.class[0x95]Ww`[0x1b][0xd5][0x19][0xff]=G[0xf6][0x9d][0x95]Kb[0xcb]v[0x12]gY[0x89]C[0x90][0xa7][0x12]B[0x80][0xd8]a[0xc4]#[0x8d]S[[0x98]8[0x3][0x87][0x16]8Kg[0xfb][0x82],[0x19][0xe9]d[0xc7][0x81]B[0x1b][\n]&quot;
2013-02-06 13:51:56,973 AAD-WS DEBUG wire:63 - &gt;&gt; &quot;[0xa5]t[0x90][0xb2][0xa1][0x1b][\n]&quot;
2013-02-06 13:51:56,974 AAD-WS DEBUG wire:63 - &gt;&gt; &quot;)[0xb3][0xac][0xc8][0x9]f[0xa4][0x85][0x86]=[\n]&quot;
2013-02-06 13:51:56,974 AAD-WS DEBUG wire:63 - &gt;&gt; &quot;[0x94][0xd1]A[0x17][0xb4]t[0x97][0xb6][0xb4][0xa5][0x83][0xf0]{w[0x92]ly$[0xf4][0xf][0xbd][0xf7][0xee][[0xef][0xdb][0xef][0xd3]S[0xef]?[0xf0]0[0x80]ZQ[0xa7]&quot;[0xee][0xc6]4|^[0xc1][0x17][0x14]|Q[0x1e]/wC[0xc7]n[0x15]_R1[0x94][0xcf][0xef]+[0x14]\[0xe9][0x86][0x1b][0xbb][0xdd]p[0xe1]*[0xb9]\-[0x97]k[0xa6]c[0xb][0xae][0x95][0xcb]u[\n]&quot;
2013-02-06 13:51:56,975 AAD-WS DEBUG wire:63 - &gt;&gt; &quot;[0xae]w[0xa3][0x10][0xbb]%[0xf5][\r][0xf2][0xf4]e7[0xbe][0x82][0xaf][0xaa][0xf8][0x9a][0xdc][0xbf][0xee][0xc6]7[0xf0]MIx[0xa3][0xc4][0xdd][0xa4][0xe0][n[0xcc][0xc7]n[0x5]7[0xe7][0xe3][0x16][0xec][0x91][0xcb][0xb7][0xdd]X[0x88][%[0xf8]6[0xb9][0xdc].%[0xdd][0xe1][0xc6][0x9d][0xb8]K.[0xdf]Qq[0xb7][0xbc][0xf2][0x1e][0x15][0xe7][0xc9][0xfd]^)[0xec]&gt;[0xb9][0xdc][0x9f][0xd1]i[0xaf]dI[0xca]eX[0xc1][0xbe]i[0x17][0x1e]:t[0xc8][0x8d][0xe5][0xd8][0xef][0xc6][0x3][0x18][0x91][0xcb][0x83][\n]&quot;
2013-02-06 13:51:56,975 AAD-WS DEBUG wire:63 - &gt;&gt; &quot;[0x1e]rc[0x95][0xb4][0xec]a[0xb9]?&quot;[0x97][0x3]*[0xbe]+[0xf7][0xef][0xa9]xT[0xc5]c*[0xbe]/[0xa5][0x1e]T[0xf1][0xb8][0x8a]]*[0x9e][0x90]_OJ[0xf1]O[0xb9][0xf1]4[0x9e][0x91][0xcb][0xb3]*[0x9e]S[0xf0][0xbc][0xc4][0xbc]`[0x1b][0xa5][0xe0][0x7]*^T[0xf1][0x92][0x1b]/[0xe3][0x87]*^[0x91][0xfb][0xab]*^[0x93][0xfb][0xeb]r[0xf9][0x91][0x8a][0x1f][0xbb][0xf1][0x13][0xfc]T[0xc1][0x1b][0x19][0xd5][0xaf][0x95][0xbe][0xfe][0x99][0x8a][0x9f][0xab][0xf8][0x85][0x82]_[0xaa][0xf8][0x95][0x8a]7[0xa5][0x83][0xde]R[0xf1]k[0x5][0xbf]Q[0xf0][0xb6][0x82][0xdf]*[0xf8][0x9d][0x82][0xdf][0xb][0xe4][[0xbd][0xc6][0x16][0xd3][0x18]4b[0x2]e[0xad][0xdb][0xf5][0x1]}[0x87][0xbf][0xd7][0x8][0xf7][0xfb]7[0xac][0xe7][0xda][0x18][0x8d]XF[0xc4]r[0x8][0xea]I[0xdd][0xbe][0xb1]y[0xdd]Y[0x1d]-[0xdb][0x9a][0x5][0x8a]mj[0xbf]&gt;h[0xf9][0x9b][0xcc]&gt;#[0x12]7[0xa3][0x11][0x92][0xa8]m-[0x81][0x14][0x85][0xab][0xd7][0xea][0xb][0xb],k[0x8d][0xc6]z[0xfc][0xdb]CF[0xfc][0x1c]+[0xda][0xcf][0x83][0x19][0xf4]w[0xc5][0xa2][0x83]q#[0xe6][0xdf]jt58G[0xb2][0xe6][0xc][0xf4][0xb][0xcc]I)[0x11][0x1f]4#=[0xfe][\r][0xf2][0xea][0xfe]h[0xcc]&quot;:7dt%z[0x4][0xc4]6[0x81][0x19][0xd4],n[0xe9]TM[0xf]&apos;[0x8c]iL9[0xf0][0xea]`[0xcc][0xd0]-cs[0x8b][0xc0][0x9][0xbe]l1[0x8d][0xd1][0xbe][0xfe]h[0x84][0xa6][0xd4]Wd![0xfa][0xc3]z[0xb7]?[0x83][0xdc][0xdc][0xc2]k\[0x8d][0xd1][0x90]!0[0xab][0xd5][0x8c][0x18][0x81]D_[0x97][0x11][0xdb][0xa4]w[0x85][0x9][0xc9][cFL[0xeb]$[0x81]%[0xbe]#8[0xaa]b[0xb]]eJ[0x5][0xc3]a[0xa9][0xcd][0xfc][0xa9][0xb5]![0xe5][0xf4]Dd[0xc]mA[0x8f]a[0xb5][0xc7][0x8c]n#[0x16]3B[0x1d][0xe6]N^\{[0x4]c&amp;[0xc4]`&amp;e[0xb4]Q[0xd9][0xbe]D[0x9f]#[0xc1][0x6][0xe8];F[0x1][0xf9]f[0xa8][0xb1]W[0x8f][0xf4][0x18]![0x81][0xa5]Y[0xe6][0x18][0x3][0x14][0xec][0x97]6[0xb5][0xd1][0xf][0xe1][0xe6][0x81][0xb4][0x9a]J[0x8c][0xee]7[0xc3]d[0x98][0xe6][0x93][0xdf]3[0xfb]c[0xd1]~#f[\r]9[0x82][0x4][0xca][0x1d]9[0xfe].C[0x8f][0xc4][0xfd][0xed]Y[0xd8]Q1[0x85][0xbd]fOo[0x98]?+[0x9e][0xd1][0xc0]7[0x89][0x6][0x9b][0x8c][0x1d][0xd6]$Z[0x94][0xa4].[0x9][0x93][0xd5][0xdf]a[0xc5][0xe8][0x10][0x1b][0xae][0xae][0x9][0x86]S[0xe1]qwD[0x13][0xb1][0xa0][0xb1][0xce][0x94]A+k[0xd0][0xe3]f0[0xa0][[0xe6][0x80][0x91][0x15][0xa4][0xcd]-[0xb5]R[0x90][0x86](.[0x15]X&gt;[0xe6]~;&apos;[0xba]$[0x9b]jf[0x81][0x85][0x87][0xcd][0x1][\r][0x83][0xd8]![0x97][0x8b][0x4]&lt;[0xe9][0xbc][0xf4][0xd6]x[0xe3][0xcc]eo[0xb4][C7[0x98][0xca]%[0x99][0xf0]5Dc!#[0xd6][0xaa][0xf]E[0x13][0x96][0x86]?[0xe0][0x8f][0x1a][0xfe][0x84]?k[0xf8][0xb][0xde][0xd1][0xf0]W[0xfc]M[0xc3][0xdf][0xf1].c[0xf5]aJI[0xc3]9[0x8]k[0xf8][0x7][0xfe][0xa9][0xe0]_[0x1a][0xde][0xc3][0xbf]Y[0xad]z0h[0xc4][0xe3][0xb5][0xc1]l%[0xff][0x83][0xff]*[0xf8][0x9f][0x86][0xf7]q[0xa9][0x86]C[0x2][0x9a][0x10]&quot;[0x87]E[0x98][0x95]o[0x1d][0xc1]X4[0x1c]n[0xd7]#[0xf4][0xe7][0xa2][0xb1][0x98].[i[0x3]#[0x16]v[0xc]P[0xc4]4M[0xb8]D[0xae]&amp;[0xf2][0xb8]`P([0x9a]PE[0xbe]&amp;[0xdc]b[0xba][0x86]&gt;D[0x14][0xa1]ib[0x86][0x98][0xa9][0x89]Y[0xa2][0x80]5[0xd5]He[0xa8][0x8]A[0x85][0x9a][0xf0][0xd0]bQDcE1[0xde][0xd5]D[0x9].[0xd2][0xd0][0xb]S[0xc3]v[0x98]t[0xe3][0xc4]\[0x97]7[0xcc]V[0xc4][0x1c]M[0xcc][0x15][0xb]4[0xb1][0x90][0xcd][0x1][0xb3][0xc7][0xe7]GC[0xa2][0xbb][[0xb6]7w&amp;[0xe7]}[0x9a]X$[0xca][0xe4][0xe2]%G[0x85]&amp;[0x16][0x8b]%,|[0xaf][0xf7]D[0xf9][0xcd]_[0x81][0xd7][0xdb]7[0xe4][0xed]M[0xa7]_[0x9d]W[0x13][0xe5]2M[0x8a]B[0xac];[0xef][0xa0]i[0xf5]z[0xc7][0x14][0xd0][0xbc]Te[0xd4][0x18][0x91]P[0x9d][0xb7]Orx[0xcd][0xb8]7[0x92][0x8][0x87]5[0xb1]T[0x1c][0xa5][0x89]e[0xe2]hE[0xf0][0xd6][\n]&quot;
2013-02-06 13:51:56,975 AAD-WS DEBUG wire:63 - &gt;&gt; &quot;j[0x89][0xf7]D%o[0xe8]5[0xe3]V46T[0xdb][0x1b][0xed]3[0xda]uY?[0xa5][0xe3][0x13]*[0xa0][0xf][0x98]=:[0xa9]4Q%[0xaa]y[0xfb][0xa8]e[0xcd];[0x82]F[0xbf]E[0xf][0xb0]}[0x8c][0xb9][0x9d]r[0xb3][0xab][0xb2][0xce][0xab][0x88][0x1a]M[0xd4]J[0xfb][0xa6][0xbb][0xf3][0xa3][0xe1][0x90][0xdd]0[0xeb]4[0xe1][0x17][0xcb]mP[0xc4][0x18]L[0x83]V[0x88][0xe5][0x9a]8F[0xc2][0xf3]3[0xa6]+b[0xa5]&amp;[0x8e][0x15][0xab][0x4][0xe6][0x8e]Q/[0xab]85[0xec][0x92]Y[0xee][0xea]fj1[0x83][0xe4][0xe6][\r][0xa6]}3#[0x13][0xb4]u6:7[0x18]6t[0x6]#/f[0x84][0xa3]zH[0x13][0xc7][0xd9][0x15]2[0xa1])0[0x8][0xe5][0xe3]krB[0x91][0xc9]2\2u[0xef]j[0xa5][0x8b][0x8d][0x88][0xc][0xfd][0xb2][0xc3][0xb7][0x97]Q[0xc2][0xc5]Sv[0xb0]Q[0x9a]b[0x9b][0xc6][0x8c][0xfa];[0x8c][0x98][0xa9][0x87][0xcd][0x9d][0xce][0xf3][0x90][0x1f]7,[0xa7]~3[\r][0xdf][0xb6][0xdb][0x81][0xb5][0xe9][0x11][0x6][0xd9]y[0x1a]J[0xf5]Ph*[0xe1][0xcb][0xe][0xd3]D[0xd3]TN[0xc3][0x93]-]*/[0xb0][0xc0]W[0xd1]:Up[0xea]e[0xe9][0x87]B[0x93][0x98]z[0xf4][0xe1][0xda]~[0xd6]Us)`[\n]&quot;
2013-02-06 13:51:56,976 AAD-WS DEBUG wire:77 - &gt;&gt; &quot;U[0x1d][0xa9]sg[0x9]*[0xa6][0xce]k[0xed]&gt;d[0xd2]ev(w[0xd0][[0x15][0x19][0xfd][0xf5][0x14][0xd2][0xc][0x9b][0xd6][0x90][0x2]i}v[0x16][0xca]K&quot;
2013-02-06 13:51:56,976 AAD-WS DEBUG wire:63 - &gt;&gt; &quot;6[[0x92][0xd6]4[0xe2][0xc][0x0][0xa5][0xb7]F[0x83][0xba][0xc][0x86]oL[0x0]&amp;&lt;[0x97][0x9][0xf2][0xf8][0x1d][0xca]z[0x87][0xcd]i[0x14][0x99][0xb1]![0x8b]b[0x92][0xf7]f&quot;H[0xe0][0xa8][0xf]e[0x1][0xdf][0xbf][0xf8]X[0x1f][0x4][0xf4]&gt;j;[0x83]*4&amp;[0xf8][0xe0]s[0x4][0xd9][0xd8][0xca]&quot;N9[0xc4][0x1f]1,?![0x14][0x9f]G6[0x1b]W[0xe8][0xcb]F[0xd9]O[0xf1][0x18][[0xc3]Q[0x86]%w[0xb0][0xd7][0xb4]([0xb8][0xa0]5[0x1b]#[0xc7][0x9b][0x9e][0x98]&gt;$[0x1f][0xfd][0x96][0xf1][0xb8][0xf1][0xdf][0xf6][0x14][0xc3]k[0x9d][0xce][0xce][0xd6][0x9f]=[0x86][0xa4][0x9b][0xbf][0xbd]9[0x83][0xc][0xcd]H[0xcf]k[0xcc]r_[0xc5][0x94][0xa3]\[0xc9][0xa4][0x8]N[0x16][0xcc]4[0x81][0xca][0xc3][0x5]/[0x1b][0xc8]v/5[0xd4][0x83][0xe7]PR[0x7][[0xa5][0xd1][0x1c][0x91][0xe5]H).[0xdf]6[0xa9][0xd4][0x9a]I[0x6][0x86][0xff]C[0xfc][0x82][0x98][0xd1][0x17][0x1d]0[0xa6]*[0xd7]9[0xe]z[0x92][0xca][0x98][0xef]`[0xa6][0xa8][0x9b]|[0x7][0xbb]6[0xcc][0xf2][0xcd][0xf5][0xb5][0xb4]HM[0xcb][0x8e]0[0x85][0x91][0x92][0xe]niR[0xc4][0x9][0x9c][0x95][[0x9a][0xd8]k[&quot;[0x94][0xd6][0x18][0xd6][0xe3]qY[0x0]%[0xd9]}[0xa0]M[0xef]_[0xda][0xd2]$s[0xa7]&apos;[0x95];yz[0xbf][0xfd]JTO6EM[0x0]9[0xf]g[0xfd]8[0xf2]S[0xbb][0xb6][0x1b]A[0xeb]p[0xe4][0xaa][0x15]M[0x17]T[0xb1]o[0xd2]b)`[0xd0][0x9a][0xa2][0xc1][0x4][0x9f]qk[0x93]i[0xc9][0x8a]uSIio[0x87]ACgg[[0x92][0x82][0xd7];][0xaf]c([0x12][0xec][0xb5][0xa7][0xd0]m[0xa9][0xa1] [0x9b][0xcc])[0xe9][0xf5]|W[0xa5][0x8f]2[0x1a]dW[0xbd][0x16][0xcf][0x94][0x9c][0xa4]j[0xf4]M[0xe2][0xb9])[0x12]g[0xd2]&apos;[0xda].[0x80]E[0x87][0x9f][0xf9][0xa7][0xc2][0x1e][0xee][0x1d][0x84]S[0xfa][0xb2]fNM[0xbd][0xca][0xe3][0xdd][0x95][0xf2][0xb4]C[0x14]H[0xbd][0xd3][0xa9][0x86]e[0x8f][0xb8]t[0xe4]x[0x15][0x19]d[0xe3][0xdc][0x84][0x1e][0x8e][0x8f][0x1b][0x95][0xd3]Q[0xdb]f[0xf][0xf2][0xdd]1#[0xde][0xab][0x88][0xd5]l&apos;[0x13][0xcc]N[0xb5][0x93]Q[0x18][0x16][0xf3][0xf][0xa5][0xce][0xff][0xaa]][0x8]&quot;[0x4][0x3]y&lt;s|[0xe5].[0xb7][0x1c][0xcf][0xec]}[0xbb][0xbd][0xe7][0xc8][0xc9][0xd3][0xde]9[0xea]q[0x9f][0xc7][0xe9][0xba][0x9f]3[0xd9][0xb9]6,[0x86][0x19][0xc8]G[0x1c][0x16]![0x9]Bj(Wp/[0xf4][0x88]}[0xc8][0x19][0xc1][0xb4][0xce][0xca][0x3]p[\r]#[0xf7]n[0xfb][0xef][0xdc][0x80]-8[0x87][0xeb])[0xc8][0xc5]ZB8R[0xa7]X+[0xb9]K[0x8c][0xbb]r[0x18]y[0x1e][0x85][0xec][0xf7]dxfB[0xfe][0x1f]l[0xa2][0x92][0xcd][0xbc]n[0x1d][0xa1]C[0xd8][0xe9][0xf0][0x89]2[y`[0xd8][0xa3][0x92][0xa7][0xb2][0x8a][0xf7][0xed]E~[0xe5][0xfd][0xc8][0x1f][0x81][0xbb]s[0x18][0xd3][0x93][0xd0][0xe4]We[0x12]3[0xe4][0x9e][0xc4][0xcc][0xb6][0xea][0x83]([0xac][0xae][0xdc][0x8f]Y9[0x90][A[0xe]*GPHb[0xcf]^[0x14][0x91][0xa8]([0x89]b[0xb9][0xed]C[0x89]g[0xf6]&gt;[0xcc]Ib.YfW[0xef]G[0xa9]@[0xa0][0xe6] [0xa6]KlM[0x12][0xf3]F0[0x9f]l[0xb][0x2]5#X[0xd8][0xe9][0xba][0x17][0x8b][0xee]E[0xd9]0[0xbc]I,[0xae]$z[0xc9]^[0x94][0x93][0xb2][0xdc][0x11][0xb9]t[0xab]&lt;[0xbb][0x92]8J[0xea][0xe1]YF[0x82][0xa3][0xb7][0x8e][0x1a][0xb9][0x5]%\[[0xe8][0x98][\r][0xf4][0xea]G1[0x1f][0x1][0x94][0xa3][0x1d]U8[\r]~t[0xe0]8l[0xc6][0x89]8[0x1d][0xeb][0xd1][0x89]3[0x19][0xb7].F[0xce]d[0xec][0xfa][0x18][0xb9][0x4][0xa3][0xf5][0x9]F[0xea]r~][0xcb]8[0xdd][0xc4]([0xdd][0xce][0x18]%[0x19]![0x81][0xf3][0xd2][0xce]b$slg-[0xf7][0xf8][0xe8],[0xe9][0xab][0xb6]j:[0xa6][0xa2][0x9a]^[0x91]v[0x15][0xd6][0xd0][0x1d][0x95]9[0x90][[0x15][0x9d]#[0x92][0xa8]&amp;[0xae]fT[0xcb]J[0x6][0x10][0x94][0x95][0xcb]/7[0xc3]7[0xb][0xe7][0xa3][0x98]w[0xcf][0xc5][0x5]([0xc3][0x85]X[0x86]OQ[0xe3]][0xd4][0xf8]&quot;r[0x9c]O[0x8c]s[0xf3][0x82]Tx[0xe9][0xa3][0xda][0xd1]d[0xc8][0xb3][0xb3][0xe5][0x12][0xae][0x17]LF[0xe9][0x1f]Oy[0x19][0xd7][0xb]3[0x94]Ki[0x8b][0xa4][0xd4]F[0xb0][0xbc][0xd3][0xb3][0xc2][0xb3]b[0x18][0xc7][0x8c][0xe7][0xb8][0x9c][0xeb]&apos;[0xa9][0x93][0xc3][0x91]$}.[0xf7][0x9d]UI[0xac]l[0xe3]rl [0x95][0x13]u[0xae][0x11][0xac]b([0x8f][0xf3][0x1c][0x9f][0xc4][0x9][0xc4][0xac][0xf6][0xd4][0xf1][0x90]D[0xbd][0x9d][0xc8][0xe]j[\r]![0xd5][0x12]u&quot;[0xf][0xc][0xdf][0xea]l[0xf4]I[0x84][0x96][0xba]2[0xe0]R[0x97][0xd8][0x8f][0x93][0x99][[0xa9]\[0xf1][0x9c][0x92][0x95][0xd4][0x8e]&apos;[0xaf][0xa4]&gt;W[0xf1]t5[0x8a]p[\r]j[0x19][0xbd]6\[0xc7][0xc8][0xde][0xc0]X[0xdd][0xc4][0xba][0xba][0x99][0xa9]~[0xb][0xb5][0xde]e[0xfb]S[0xda][0xb0][0x8f]V[0xe7]q?[0xdb][0xb3]V&amp;[0xbc][0xa3]~k[0xd5][0xe3]L[0xa9][0x6]yA[0xd5]~4[\n]&quot;
2013-02-06 13:51:56,977 AAD-WS DEBUG wire:63 - &gt;&gt; &quot;[0xb4]9[0x88][0xa6][0xeb][0xb1][0x8a][0x1a]7[0x7][0xb8][0xac][0xab]s[0x95][0xba]&lt;[0x1f]a&gt;[0xd7][0xe5]V[0xd5][0x94][0xe6][0x8a][0x3]X[0xbf][0x1f]-.[Arm[0x10][0xf4][0xcf][0xbc]=p[0x5]&lt;[0xad][0xb6][0xa6][0x1c][0xba][0x98][0x95][0x9d][0xcc]EG[0xe3][0x93][0x18]m[0xe0]Vj|[0x1b]3[0xf4]v[0x14][0xe2][0xe][0xcc][0xc6][0x9d][0x98]C[0xbe]E[0xd4][0xcb][0x87][0x7][0xd8][0x1]F[0xb0][0x12][0xf]b[\r][0x1e]b.?L[0xfe]G[0xb0][\r][0x8f][0xe2],&lt;F)[0x9f][0xc6][0xc5][0xa9][0xb2]-OE[0xe2][0x91][0xb4][0xf3][0xda][0x1c][0xb7][0x7][0xb8]yNu[0xce][0xed][0xd2][0xd5][0xa7]9[0xe7][0x8d][0x19][0xb7][0xf2][0xa3]C[0x1a]w[0xb].[0x96][0xf4]m[0xd5][0x9e]MIl[0xbe][0x1e][\r][0x92][0xe3][0x0][0xb6][0x4]$5[0xf7]:W:[0xa1][0xb7]f[0x12][0xba][0xd4]u[0x10]E[0xa5].~[0x9c].?R[0xb5]?[0x8c][0xce]=[0xc][0xac]g[0x9b]-[0xa7][0xc8]s[0x86]s[0xb][0x85]|,[0xb0][0x7]e[0xd5][0x9e][0x8f][0xdb][0x88][0xbc]=([0xaa][0xf6][0x9c]i[0x9f][0xdd]NI[0x9f]5[0x1a][0xce][0x8d],[0x3][0xe0]q[0xac][0xc0][0x93]4[0xfe])v[0xb7][0xa7]Y[0xc8][0xcf][0x10][0xfe],[0xce][0xc0]st[0xc0][0xf3],[0xd4][0x17]X[0xa0]/[0xb2](_bI[0xbe][0xcc][0xa0][0xbe][0x82][0xcf][0xe2]U\[0x81][0xd7][0x18][0xf8][0xd7]q#[0xde][0xc0]]x[0x13][0xc3]x[0x8b][0xae]{[0x9b][0x92]/[0xc1]gRa_I[0x87][0xc9]d[0x9f][0x93]v[0xd8][0xd9][0xa9]&lt;u[0xbc]2[0xaa][0x88][0xd3]`[0xdf]ad[0xde][0xe5]9[0x8a]KS[0x2]Jm[\n]&quot;
2013-02-06 13:51:56,978 AAD-WS DEBUG wire:63 - &gt;&gt; &quot;[0xfe][0xee][0x19]W&quot;[0x87][0xa0]R[0x8b]tz[0x9d]l7[0x8][0xa0]L[0x16]U![0x9e]([0x14][0xd5],[0xab][0xfb]P+[0xbf][0xb][0xda][0xb][0xda][0xed]/[0xff][0xf8][0xe6][0xbc][0x1a][0x5][0xa8]c[0x16][0xac][0xe6][0xed][0x97][0xd9]o[0xc3][0xe7][0xc4]|[[0x1b]!J[0xc5][0xf1]b[0x1e]J?[0x0]PK[0x7][0x8][0xa9] [0xf1][0x99][0x10][0xb][0x0][0x0]J[0x16][0x0][0x0]PK[0x3][0x4][0x14][0x0][0x8][0x0][0x8][0x0][0xd4]|D5[0x0][0x0][0x0][0x0][0x0][0x0][0x0][0x0][0x0][0x0][0x0][0x0]6[0x0][0x0][0x0]javax/help/plaf/basic/BasicFavoritesCellRenderer.classuS[0xcd]R[0xd3]P[0x18]=[0x17]([0xfd]KA[0x81]&quot;[0x15][0x10]P[0x91]4&quot;[0x1][0x5][0x81][0x16][0x4]i-[0x96])e[0xa4][0xd5][0x19][0xbb]p&amp;m/5L[0x9a]0i[\n]&quot;
2013-02-06 13:51:56,978 AAD-WS DEBUG wire:63 - &gt;&gt; &quot;[0xb8]t|[\n]&quot;
2013-02-06 13:51:56,978 AAD-WS DEBUG wire:63 - &gt;&gt; &quot;[0x9f][0x80][0xad].[0x8c]3.[0x1c]V,|[0x11][0xdf][0xc2][0xf1][0xbb]m[0x85][\n]&quot;
2013-02-06 13:51:56,979 AAD-WS DEBUG wire:63 - &gt;&gt; &quot;C[0x16]&apos;[0xe7][0x9e][0x9c][0xfb][0xfd][0xe5][0xde]_~[0xfc][0x4]0[0x83]t[0x0][0x83][0x18][0xf3]b&lt;[0x80][0xe]L[0xf8]p[0xd7][0x8b]{[0x1]xp_[0xc0]d[0x0]a&lt;[0x10]0%@[0x16][0x10][0x15][0xa0]4[0x98][0x9f][0xe0][0xa1]`[0xd3][0x2][0x1e][0x9][0x98]9gj[0x83]y1[0xeb][0xc5][0x1c]C[0xf7][0x8a]n[0xea][0xce]3[0x86]N9[0xfa][0x86][0xa1]+a[0x95]9CoF7y[0xb6]^-r;[0xaf][0x15][\r]RF*[0xdc][0xc9][0xdb][0x9c]&apos;[0xb8]a[0xec]r[0xb3][0xcc]mn&apos;[0xac][0xea][0x81]er[0xd3]aX[0x97]3[0xfb][0xda][0xa1]v[0xac][0xd6][0x8e]t[0xb3][0xa2]n[0x9]k[0xbc]![0xa9][0x86]F[0xc2]Nq[0x9f][0x97][0x9c]x[0xa1]PH[0x17][0xa2]M];r[0xd4][0xf3][0x8]q[0x86]@[0xce][0xaa][0xdb]%[0x9e][0xd2]E[0xba][0xb1][\r][0xad][0xa6][0x97]R[0xda][0xa1]e[0xeb][0xe][0xaf][0xb5]g[0x9d][0x11][0xbb]%[0xdc][0xc2][0x10][0xc3]T{R[0x87]r[0xaa]I[0xbe][0xa7][0xd5][\r]g[0xbb][0xee][0x88][0xba]E[0x19]Y[0xea]H[0xc2]c&lt;a[0x0][0xc3]Ps[0xc7]{n[0x1c][0xa8][0xe7][0xe1][0xd3][0xe][0xaf]J[0x98][0xc7][0x82][0x84][0xa7]X[0x94][0xb0][0x84]e[0x9]1[0xc4]%[0xac]`U[0xc2]3[0xac]IX[0x17][0xec]96$$[0x90][0x94][0xf0][0x2])[0x9][0x9b][0x82][0xbd]D[0x92]a[0xb6]-[0xec][0x81][0xa1][0xed][0xa9]EQ[0xbf]z}[0x17][0xc][0xf2]u[0xb5]_[0x1e]3C[0x88][0x86][0xff][0xba][0xc6][0xed][0xe6][0x14][0x19][0x6][0xe4][0xe8][0xd5][0xd9]2x[0xc9][0x96][0xd5][0xaa][0xfc][0xb2]![0xe7][0xd8][0x94][0x83][0xc]~2d[0xac][0x92]f[0xb4][[0xea][0x8e]n[0xa8]MUXj[0x17][0x96][0xb0]|[0xd5]![0xe][0x89][0x97]&lt;y~[0xec]\8[0xda][0xd3][0x8]G[0xb8][0xd2]t[0xe4][0xb8]A[0xa5][0xe9][0x96][0x99][0xb0][0xc][0x8b][0x1a][0xe9][0x93][0xff][0xfb][0xf9][0xa4]Q[0xca][0x10][0x85]KY6[0xaf][0xd8]V[0xdd],3[0xf4][0xcb][0x97]=&quot;[0xe4]P+d[0xd6]2/G[0xf5][0xd5][0x1a][0x2][0xa7][0xbd][0xac]@I[0xc8][0xd9][0x1a]e[0x86]k{[0xe9][0x92]e^[0xb4][0xfb]o[0xe0]B[0x8d]7[i[0x1a][0xc2][0xf2][0xd5][0xef]&quot;o[[0xb4][0x9d][0x3]n[0xb6][0xa2]][0x88][0x9][0xc3][0xaa][0xf1][0xb2][0x90]1A[0x17]k[0x10][0xe2][0xe9][0xa0][0x93]F[0x7][0x94]0B[0xab]Qz[0xd3][0xe1][0x83]G[0xf9][0xe][0xf6][0x15][0xe2][0x18][0xde]&amp;[0xec]n[0x88][\n]&quot;
2013-02-06 13:51:56,979 AAD-WS DEBUG wire:63 - &gt;&gt; &quot;[0xe1]0FZ[0xd6][0xdf][0xb4]U[0xa2][0xf7][0xa7][0xe9]St[0xb8][0xe8][0x8c][0xf9][0xfb][0xba]b[0x81][0x88][0xff][0x14][0x9e][0x98]/[0xe2];C [0xe2]s[0xd1]M[0x12][0xf1][0xb0][0xe0][0xde]X0[0x12]&lt;[0x83]_[0x89][0x4]][0xf8][0x94]H[0xc0][0x85][0xf4]3z[0x14][0xc5][0x5][0xf1][0xe0][0x9][0x82][0x82]J.B[0xca][0xe8]7[0xf4][0x84]=[0xad][0x8f][0xbd].n[0x9c]`8[0xdc][0xd5]Z[0xdf]t[0xd1][0xd7]2[0xf7][0xbb][0x18]P[0xbe][0x9c][0x17][0xba][0x8b][0x1][0xc2]y[0xf8][0xb1][0x80][0x10][0x16]i[0xb5]D[0xc5].c[0x1c][0xab][0x98][0xa4][0xdb]1[0x8d]5[0xcc][0xd1][0x5]YD[0x92][0x94][0x14][0xdd][0x92]Md[0x90]F[0x1e][xK[0xec][0x1d][0xb6][0xa1]#[0xb][0x13];[0xf8][0x80]W[0xf8][0x88][0x1c]E[0x1e]m[0xcc][0xe9][0xce]_PK[0x7][0x8][0x86][0xa2][0xfc][0x93][0xd0][0x2][0x0][0x0][0xf1][0x4][0x0][0x0]PK[0x3][0x4][0x14][0x0][0x8][0x0][0x8][0x0][0xd4]|D5[0x0][0x0][0x0][0x0][0x0][0x0][0x0][0x0][0x0][0x0][0x0][0x0]?[0x0][0x0][0x0]javax/help/plaf/basic/BasicFavoritesNavigatorUI$AddAction.class[0xa5]W[0xe9]w[0x1b][0xd5][0x15][0xff][0x8d][0x9f][0xad][0x91][0xc6][0xcf]v[0xa2]8![0x13][0x1a]H[0xa8]Bd[0xc7][0xb6][0xb2][0xb0][0x4]9Mk[0x1c][0x9b]([0xd8]&amp;[0xc5][0x8e][0x83]I[0xa1][0x1d][0xcb]ckRy[0xe4][0xce][0x8c][0x1c][0xd3][0x8d][0xb6][0x14][0xe8][0xbe][0xd0][0x15]ZZH[0xb]f&apos;!AV0K([0x1]C[\n]&quot;
2013-02-06 13:51:56,979 AAD-WS DEBUG wire:63 - &gt;&gt; &quot;][0x80][0xb6][0xa7]-[0xa5][0xe7][0xf4]c[0xff][0x80]~+[0xed][0xbd][0x92]lK[0x96][0xc]&apos;[0xa0][0xf]w[0xde]r[0xdf][0xef][0xee][0xf7]=[0x9d]}[0xe7][0xa9]g[0x1][0xb4][0xe1]M[\r][0x1d][0xb8][0xd2][0x8f]N[\r]{[0xd0][0x15][0xa0]I[0xb7][0x1f]W[0xf1][0xe2]^?b[0x1a][0xf6][0xe1]j[\r];[0xd0][0x13][0xc0]v[0xf4][0xfa][0xd1][0xc7];[0xd7]0[0xdb]~[\r][0x1f][0xc7][0xb5][0xb5][0xe8][0xc7][0x0][0x93][0x3]L[0x6][0x3]8[0x88][0xeb][0x98][0xc]i[0xd8][0x8a][0xeb]5:tH[0xc3]&apos;p[0x83][0x8a][0x1b][0xf9][0xe4]&apos;5|[\n]&quot;
2013-02-06 13:51:56,980 AAD-WS DEBUG wire:63 - &gt;&gt; &quot;[0x86][0x86][0xf3]0[0xcc][0xd3][0xb8][0x86][0x11][0x98]*F5[0xac][0xc7][0x18][0xa3]&amp;4X8[0xac][0xe2][0xd3]&lt;I[0xf2][0xf2][0xb8][0x86][0x8d][0xb0]U[0xa4]x2[0xa1]a[0x13]&gt;[0xc3]&lt;[0xe][0x13][0x97][0x89][0xc7]Hi[0x96]7[0xa9][0xe1][0x8][0xa6]xtS-&gt;[0x8b][0xcf][0xa9][0xf8]&lt;[0xbf][0xa0][0xe2][0x8b]*[0xbe][0xac][0xc0][0xe7]%,7[0xb4]U[0xc1][0xb6][0x9e][0xc3][0xc6][0xa4]1[0x15]I[0x98][0xc9][0x89][0xc8]D[0xd2][0x18][0x8d][0xc][0x1b][0xae][0x15][0x8f]\[0xc9][0xb4][0xdb][0x98]L9[0x96]g[0xba]}[0xc6][0xa4]5fx)[0xe7]@[0xac]]A[0xa0][0xff]&amp;[0xdb]K[0x98][0x9e][0x15]&apos;[0xa0]][0x96]my[0xbb][0x15]\[0x12]&gt;g[0xa4][0xa6]A[0x5][0xd5][0x9d][0xa9][0x11]SAC[0x8f]e[0x9b]}[0xe9][0xf1]a[0xd3][0x19]0[0x86][0x93][0xbc]b[0xc4]=+e[0xef]7[0x9d][0xd1][0x94]3n[0x8e]([0xb8]0/!b[0x1c][0xf1]&quot;[0xe6][0xa4]i{[0x91][0x8e][0x1c]K[0x17][0x8f]s`[\r]c[0xa6][0xb7][0x97][0xc4][0xf7][0x9b][0xde][0x80][0xe5]1[0xca]e%Z[0x15][0xf6][0xda][0xf3]8[0xb6][0xe9]E[0xe]\[0xdb][0xd3][0xde][0x94][0x9f]&amp;[\r]{,[0xd2][0xef]9[0x96]=F6j[0xfd][0xa9][0xb4][0x13]7[0xbb]-F[0xb9]`Y[0x1b][0xda][0xf8][0xa8][0x8a][0xaf]H[0xdc][0x82][0xaf]*[0xa8][0x1b][0x9d][0xe7]i3FFT[0xdc]*q[0x1b]n[0x97][0xf8][0x1a][0xbe][0xae] [0x92][0xd3][0xa4][0x8d]5ic[0xff][0xb4][0xe5][0xfc][0xd3][0xb6],[0xb6][0xc4]7[0xf0]M[0x5][0xab][0xac]qc[0xcc]t#[0x4]8[0x90]&quot;[0xbe][0xb6]1kT[0xc5][0xb7]$[0xbe][0x8d][0xef]H\[0x8e][0xef]J\[0x82]K[0x15][0x8]b[0x90][0xf8][0x1e][0xbe]/q[0x7]~[0xa0][0xe2][0x87][0x12]?[0xc2][0x8f]U[0xfc]D[0xe2][0xa7][0xb8]S[0xe2].[0xfc]\[0xe2]n[0xfc]B[0xc5]=[0x12][0xf7][0xe2][0xa8][0xc4][0xaf][0xf0]k[0x89][0xfb]p[0xbf][0xc4]G[0xb0][[0xc5][0xb4][0xc4][0x3][0xb8]_[0xc1][0xda]&quot;[0x8f]-[0xe8][0x15][0xf3][0xcc]q[0x89][0x7][0xf1][0x90][0x8a][0x87]%[0x1e][0xc1][0xa3],[0xfa]1[0x89][0xc7]qL[0xc5]q[0x89]&apos;pb[0x99][0x93]}[0x14]`f&gt;)[0xf1]$2*fX[0xaf][0xac][0x82][0x8d]yf[0xf7][0x8]9&lt;[0xe2]9[0xa6][0x19][0xd9]c[0x8e][0x1a][0xe9][0xa4]7@[0xe3]^:[0x94][0x94]8[0x85][0xa7]$f[0xf1][0xb4][0xc4]3xV[0x81]^v[0x84]y[0xf7][0x1b]^B[0xe2]9[0x9c]f)[0xcf]K[0xfc][0x6]/H[0x9c]a[0xf2]&quot;[0x93][0x97]0&apos;[0xf1]2[0xdb][0xfd][0x8a][0xc4]Y[0xfc]V[0xe2]U[0xbc][0xa6][0xe2]w[0x12][0xbf][0xc7][0x1f][0x14][0x4][0xcb][0xf3]C[0xe2][0x8f]x][0xc1][0x15][0xe7][0x98][0xcf][0xa1][0x8e][0x91][0x91]|FR[0x89][0x14][0x8d]e[0xcc][0xb6]M[0xa7]3i[0xb8][0xae][0xe9]*XWlD[0xc7][0xb0][0xeb]9[0x94][0xe9][0xf3][0xbc][0x91]s[0x94]I[0x89]j[0xc4][0xe3][0xa6]K[0xb5][0xbc][0x95][0xaa][0xb9][0xeb]}[0x14]a&gt;[0xfb][0xd3][0x9e][0x95][0x8c][0xf4][0xa4][0xe2]F[0xd2]l/[\r]$;[0xe5][0x0][0xed]Z[0x9e][0xc5][0xea][0x7][0xa8][0xc6][0xf2]U[0xa2]`g[0xb8][0xfc]py1U[0xac][0xaf]K[0xe3][0xec][0x8f]PNN[0x88][0xe5][0x84]X[0xdb]PN[0xdb][0xd0][0xbb][0x98][0xbb][0xb2][0x8],[0xe7]R[0xc2][0xf2][0xe5][0xb1][0x14]l[\n]&quot;
2013-02-06 13:51:56,980 AAD-WS DEBUG wire:63 - &gt;&gt; &quot;[0xbf][0xbb][0xf4][0xf9][0x3][0xeb][0x8b][0xcc][0xeb][0xe7]8,[0xb1]Q[0x92][0x8d]1[0xae][0xba]X[0x9c][0x83][0xb2]+\[0x86][0xb1][0x9c][0x9c][0xf9][0xb8].[0x9c]&amp;i[0x9b]+hU[0xca][0xcc]|[0xdc][0xbf][0xe6]c[0xb9][0x8d]c[0xb9][0xba][0x92]1[0xc4][0x14]X[0xe8]1[\n]&quot;
2013-02-06 13:51:56,981 AAD-WS DEBUG wire:77 - &gt;&gt; &quot;B[0xc5][0xe1][0xde][0xc7]V[0x94]{[0x8d]4[0xb8][0xe8][0xbd][0xb9][0x14][0xf8][0xc9][0xe8]\[0xd9]Q[0xf8][0xc3]MK[0xdb]fn[0x87][0xa0][0x1a]+[0xad][0x93][0xe6][0x8b][0x9d]W[0xc1][0x9a][0xf2][0xe3][0xdc]u[0xf3]~[0xed]L;[0xe][0xf5][0xeb][0xd8][0x1e][0x5]ULV[0x97]2[0xf7][0x1a][0x13][0xa1][0xd8][0x1e][0xe2][0xad][[0xe4][0xa5]&amp;[0xad]`E[0x81]o[0xa1]m[0xab]x[0x83][0xd2][0xa1][0xec]([0xc1]ZtY[0x4]+%]U[0x82]|[0xd6]XY76[0xbf]pi4[0x86]+[0xa6][0xac],[0x16][0xaf][0xa0][0xde]KuMy[0xa6]c[0x1b][0xc9]n[0xba][0xa1][0x16][0xa3][0xb7][0xfd][0x83]Ub[0xa9][0xd0][0x15]K[0xb],[0xef][0xeb]B[0xab],[0xd2][0xb5][0xb4][0x80]oX.[0xe7][0xde][0xe7]J1zq[0xa6][0xee]`[[0xbb]?X[0xd7][0xd9]k[0xb8][0x9][0x8a]]{![0x9a]%[0x8b]t[0xad]M[0xa4][0xbd][0xc5]N[0x93][0xd3][0xec][0x9a][0xe1][0xc3]f[0xdc]k/_i*_[0xa2]b/[0xd1][0xae][0xe4]B[0xcb][0xbf]@[0xf8]&quot;[0xa1]k[0xb6][0xa4]$[0xf7][0xf1][0xc5][0xd2][0xbe][0x90]_E[0x8b][0xf4][0x1a][0x8][0x97][0xd6][0xfa][0xc2]E4_#[0xaa][0x97][0x9a][0xe8][0xcb]=k[0xd6]U[0x14][0xcd]{[0xf3][0x19][0x9e][0xb0][0x92]#[0x9d][0xa9][0xb4]M6[0x8a]p[0x13]5[0xb8]z[0xcb]vM[0xc7]c[0x9e][0x98][0xed][0xa5][0x14][0xec][\r][0x97]K[0xeb]M{[0xfc]Jb[0xa1]9[0xb0][0xf7][0xe6][0x88][0xb1][0xa9]*I[0xe4][0xdb]2g[0xc3][0xa1][0xca]F[0x14][0x94][[0x13]&gt;T[0xc1][0xbf][0x1c]ysj[0xc2][0xb0]G[0xe6]a*[0x83][0xf0]n[0x8e]{[0x85]K[0xb7][0x85][0x99]4[0xf3]o[0xb9][0xdc][0x99]Un[0xdc]I%[0x93]&lt;[0x19]H[\r]Z[0xae][0x95]{[0xee][0xd5][0xb9][0xc6][0xa4][0xd9][0xbd][0xd8][0xd9][0xc8][0x19][0x83]y[0x17][0x15]J4[0xdf][0x4][0x96][0xa6]&apos;[0xe9][0xe3]z[0x86][0xe3][0xb9][0x7]-[0xc6][0xae][0xd8]3[0xaf]WP[0xbb][0x88]C[0xd8]zI[0xcd]t[0xd9][0xe9]q[0xd3]1XA[0xb2]{u[0xc5][\r]B[0xb0][0xcd])[0xaf]+i[0x8e][0x9b][0xb6][0xb7][0xb4]C,[0xa4]ZC[0xc2]p{S[0x8e]Y[0xe0][0xcb][0x9b]A[0xe2][0xeb]K[0xbb][0x14][0xbd][0xe2][0xb7][0xd3][0x1f][0x9][0x80][0xda][0x14][0xbf][0xdd][0xe8]{[0x19][0xf8]&apos;ht9v[0x12][0xbd][0x82]f[0xbd][0xa8]F[0x15]}[[0x9b][0xb7]d[0xa1][0x4][0xab][0xb2][0x10]O[0xa0]z[0xe][\r][0xc1][0x9a],|C&apos;P=[\r][0x1f][0xad][0x4][0xd5],[0xfc]3[0x8]4oy[0x12][0xda][0xf1][0x1c]l[0x94]h=[0xc1]A[0xdc][0x8b][0xcd][0xe2][0x1e][0xb4][0x88][0xa3][0xb4][0xda][0x8e]]yh[0xe5]6[0xa8][0xa8]#[0x9e]w[0x82][0xb5]YH[0xa5]W[0xe9]S[0xa2][0xd5][0xcd]&apos;[0xa1][0x9d]D][0x6][0xf5][0xd1][0x1a][0xbd][0xe6][0x14][0x1a][0x8][0xc7][0xc7][0x83][0x15]4Py[0xb0][0x92][0x6]~]}[0x9]A]=[0x89]`/[0xd3]U[0x19]4[0xf6][0xb5][0xce]aM[0xb3][0xee][0xd3]I[0x8d][0xd5]&lt;[0x9][0xe8]&gt;^V[0xa2][0x81][0x96]9h[0xba]?[0x83]5[0xd1][0xc0],[0xce][0x1b]b[0x19]Y[0xac]m[0xd1][0x3][0xad]Y[0xe8]3X[0x97][0x17][0x9b][0xc5][0xf9]z[0xb5][0xae]f[0xf0][0xa1][0x83][0xb3]X?[0xa4]W[0xcf][0xe0][0x82][0xa8][0x96]W[0xe8][0xc2][0xc]6[0x9c][0xc6][0xc6]h[0xad]^[0xab][0x17][0x96].*|2[0xf8]p[0x6][0xa1]Yl[0x1a][0xd2][0xb5][0xc].[0x9e][0xc1][0xe6][0xa8],[0x1c][0xd2]e[0x6][0xe1][0xa2]qS[0xd1][0xb8][0x99][0xc7][0x19]lY[0xf4][0xd5]$[0xfd][0xa1][0x82][0xb8][0xf]5b[0x1a][0xaa]x[0x0][0x1][0xf1] [0xa4]x[0x8]k[0xc5][0xc3][0xd8]([0x1e]E[0xb3]x[0xc];[0xc4][0xe3][0xd8])[0x8e]a[0xb7]8[0x8e][0xab][0xc4][0x9]\-2[0x18][0x10]3[0xb8]Ndq[0xa3][0x98][0x85]![0x9e][0x86])[0x9e]AR&lt;[0x87][[0xc4][0xf3][0xb8]C[0xbc][0x80][0xbb][0xc5][0x19]&lt;&quot;^[0xc4][0x19]1[0x87][0xd7][0xc5][0xcb]x[[0xbc][0x82][0x8b][0xb3][0xf8][0x8f]x[0x15][0xff][0x15][0xaf]Qx[0xe9][0xe5]][0x8][0xf7]Q[0x8a]W[0x80][0xbe][0x83][2h[0xe9]ka[0x97]U[0xb7]2[0xad]![0xd7][0xd4]d[0xd0]z&apos;[0xfc][0xb4][0xd5]x[0x8c]H[[0xd4][0xa7]D[0xd5]il&quot;
2013-02-06 13:51:56,982 AAD-WS DEBUG wire:63 - &gt;&gt; &quot;[0xd0]}[0xa7][0x10]Qp[0x1a][[0xa3][0xfe]f[0xdd][0xdf]B[0xfe][0xa7]PQ[0x84]|[0xd3][0xa8][0xe3][0xcd]m[\n]&quot;
2013-02-06 13:51:56,982 AAD-WS DEBUG wire:63 - &gt;&gt; &quot;[0xee][0xfa][0xdf][[0xba]zl[0xc1][0xd6](e[0x6][0xc4][0x1b]d[0xeb][0x9b][0xa8][0x15][0xc2]J[0xf1]g[0x9c]/[0xfe][0x82][\r][0xe2][0xaf][0xb8]X[0xfc][\r]M[0xe2][0xef][0x94]/o[0x91][0xad][0xff]@[0x87]x[0x1b][0xdd][0xe2][0x9f][0x88][0xd1]Z[0xbf][0xf8][0x17][0xe9][0xfb]QB[0xa8][0xc2][0xc7][0xf0]%[0xfa][0x6]i[0xb4][0x9d][0xfe]q[0xde]L[0xc8][0x7][0xf1]K[0xfc][0xc][0xfa][0xff][0x1]PK[0x7][0x8][0xf8][0xf6][0xb5]&lt;F[0x7][0x0][0x0]M[0xf][0x0][0x0]PK[0x3][0x4][0x14][0x0][0x8][0x0][0x8][0x0][0xd4]|D5[0x0][0x0][0x0][0x0][0x0][0x0][0x0][0x0][0x0][0x0][0x0][0x0]B[0x0][0x0][0x0]javax/help/plaf/basic/BasicFavoritesNavigatorUI$RemoveAction.class[0xa5]V[W[0x1b]U[0x14][0xfe][0xe]3[0xc9]$[0xe3]PJ[\n]&quot;
2013-02-06 13:51:56,983 AAD-WS DEBUG wire:63 - &gt;&gt; &quot;[0xda][0xa0][0xa5][0xa2][0xa1][0x84][[0x6]J[+`[0x85]r[0x91]TB[0xb1]\j[o&apos;[0xe1][0x90][0xc]N2[0xac][0x99]![0xd5]w[0xff][0x88]O}V[[0x8c]&gt;[0xb0]x[0xaa]k[0xf5][0xff]T[0xd7][0xf2][0xd2][0xba][0xcf]LC[0xc3][0xad]k[0xa1]y8[0x97]}[0xf6][0xfe][0xf6][0xfe][0xf6][0xde][0xe7]L[0x9e]&lt;[0xfb]u[0x7]@[0x6]_[0xeb][0xb8][0x80][0x9e][0x18][0xd2]:z[0xd1][0x17][0xa7]M[0xc][0x3]R8[0x18]CF[0x87][0x89]![0x1d][0x1d][0x18][0x8e]#[0x89][0x8b]1[0x8c][0xc8][0x93]KR[0xed][0xb2][0x8e]+xO[0xc3]U9[0xbf][0xaf]c[0x14]c[0x1a][0xc6]u[0xb4][0xe0][0x3][0x1d][0x9]\[0xd3][0xf0][0xa1][0xd4][0x9d][0xd0]1[0x89][0xeb]r5[0xa5]aZ[0xc3]G[0xc]Q[0xbf]dy[0xa9]![0x86][0xe1][0xf9][\r]^[0xe5][0xdf][0x98]%ao[0x9a][0x9b]6_7[0xf3][0xdc][0xb3][\n]&quot;
2013-02-06 13:51:56,983 AAD-WS DEBUG wire:63 - &gt;&gt; &quot;[0xe6]u9[0xce][0xf2][0xaa][0xe3]Z[0xbe][0xf0][0x16]x[0xd5]*r[0xdf]qW[0xb2]c[0xc][0xf1][0xa5]o+~I[0xf8]V[0x81][0x80][0xc6][0xad][0x8a][0xe5]_c[0xb8][0x94]&gt;1R[0xef]*[0x83]:[0xe5][0xac][0x9][0x86][0x96]y[0xab]&quot;[0x16][0xb6][0xca]y[0xe1].[0xf3][0xbc]-%[0xbc][0xe0][NeQ[0xb8][0xeb][0x8e][[0x16]k[0xc][0xe7]C[0xf]&amp;[0xbf][0xef][0x9b][0xa2]**[0xbe]9[0x19][0xa8][0xcc][0xc8]u[0x0][0xa6]/9[nA[0xcc]Z[0x12][0xa0][0xf3]X[0xc7][0x19][0x9][0xa3]a[0xce]@[0x16]7[0x18]N[0xaf][0xd7]u2[0xae](;U[0xa1][0xe1]c[0x3][0xf3][0xc8][0x19]X[0xc0]M[0x6]3[0xe0][0x95][0x91][0xbc]2[0x92]W&amp;[0xe0][0x95]9[0x16][0xde][0xc0]&quot;&gt;ah[0xb5][0xca][0xbc](&lt;3[0xc4][0xcc][0x14][0xad]u[\r][0xb7][0xc],a[0xd9]@&apos;V[0xc][0xbc][0x89][0xb7]([0xe1][0xb1][0x81]U[0xdc]6[0xf0])[0xee]h[0xb8]k[0xe0][0x1e]&gt;c[0xe8][\n]&quot;
2013-02-06 13:51:56,983 AAD-WS DEBUG wire:63 - &gt;&gt; &quot;[0xf3][0xe9][0xdd][0xb7]*E[0xd3]w[0x85]0[0xa7][0xc5]:[0xdf][0xb2][0xfd]eZ[0xe7](m[0xb6][0x81][0xcf][0xf1][0x85][0x86]/[\r]|[0x5][0xce][0xd0]s[0x9c]An[0xcb][0x97]I[0x95]v[0xb]dg [0x8f][0x82][0x81]5is[0xb6][0xa1]h{d[0xb2][0xbe]([0x1b][0x10][0xa0][0x88][0x8b][0x6]FP2`a[0x83]a[0xfc][0x84][0x15]N[0xdd][\n]&quot;
2013-02-06 13:51:56,984 AAD-WS DEBUG wire:63 - &gt;&gt; &quot;[0xc8][0x85]eb0[0xe]l[0xb3][0x95][0x8a]p[0xa7]l[0xee]y[0xc2]c[0xe8]h[0x8c]~2[0xef][0xf9].u@][0xd7]&lt;[0xa1]g[0xea][0x5]^([0x8][0x8f]z|[0x88][0xba]|[0xe6]?4g[0xd8]l[[0xbe]e[0x9b][0xf3]N[0x81][0xdb]bl[0xb6][0xe6]hX[0xa1]S[0xcb][0xb7]d[0xf8][0xf1][0xa2][0xf0][0x97]|[0x97][0x82]g[0xb8][0x9a]&gt;l[0x1c]JlN[0xe4]B[0xb5][0xba][0x87]F[0x11][0xc3][0xe5][0x82][0xcc]G*[0xf0][0x93][0x92]~R2[0xda]T[0x10]m[0xea][0x15]t[[0x1b][0xc0][0x82][0x94][0x12]V4[0xc4]b[0xe8]N[0xbf][0xda]{[0xdd][0xe0]\[0x3][0xbd]%Y[0x87][0x3][0x1c][\r][0xe2][0x98][0x95]][0x9d]-[0xc8][0xa2][0x8c][0xa7][0xf]a[0x1c][0xe7][0xa7]^[0xd7]=k[0xf2][0xd6]sDT[0xfb][0x95][0xa5]^p[0xaf]_[0xd4]rX[0xd6][0xb2][0xfd](2[0xf2]%[0x91][0x1d][0xcf]pf[0x1f][0xc4][\r][0xd9][0xf3][0xe4][0xab][0xf5][0x90][0x90]!Fl[0x82]kDoEz[0x98][0xc1][0xe5][0xd9][0xbb]f[0xd2]^VW[0xd8]&quot;|[0x93][0xb8]_[0xf2][0x2][0xa3]{G[I[0x5]2J[0x1e]{[0xc8][0xd0]F[0x80][0xf3][0xdc][0xf3][0xe5]n[0xca])o:[0x15]z[0xc4]H[0x9c]n[0xac][0xcb][0xcd][0xfc][0x6]y$[0xa4][0xb6][0xf0][0x95][0x90][0x97]w[0xd6]u[0xca][0x8b][0xdc][\r][0xb4][0xbb][0xd3][0x87][0xfd][0x1f][0xb8][0xeb]Aj[0x9a][0xc9][0xd9][0x8a]&apos;[0xdc][0x10][0xef]e&gt;Gd&gt;g[0xff][0xdf][0xdd][0x98][0xe3]^)[0xc7]7[0xeb]9[0xde]&apos;d[0xb8][0x90]&gt;L[0xe7]H[0x86][0xcd][0x1e][0xaf][0x8a]=g[0xc]J[0xba]w[0x15]][0xf4][0xc1][0xeb][0xa0]O$[0xa3][0x8f][0x19][0xbd][0x96]4[0x9f][0x83][0xfc]5[0xd1][0xaa][0x13][0xe7]i|[0x9b]v9[0xa8]$[0x1][0x6][0xfb][0xfa]k`[0x89][0xa6][0x1a][0x94][0x1f][0xa1][0xfe][0x86][0x96]D[0xa4][0x86][0xe8][0x9d][0x9f][0xa0]&gt;@[0x94]$[0x9][0xad][0x86][0xd8][0xcf][0x88][0xf7][0xf5]?[0x82][0xfe]C[0x0][0xdb]E[0xe3])([0x80][0xf2];z[0x94][0xa7][0x18]P[0xfe] [0xe9];x[0xf7][0x5][0xf4]/[0x4][0xac][0xd1]\N[0xbc]V[0x83][0xc1]r}[0xf][0xa1]?D[0xf3]6N[0xed][0xa2]eaowzTU[0xae]D[0x1e]`&quot;[0xa9][0xb6]G.&gt;F&amp;[0x98][0xb7][0xd1][0xba][0x8b]Dnp`[0x1b]g[0x6][0x1e]#Is[0xdb].[0xda]G[0xa3][0xd2][0xae][0x86][0xd7][0x93][0xd1]m[0xbc]q[n[0xb6]q[0xf6][0xbb][0x8]k[0x8f]$[0xd5][0x9d][0xef][0x9f][0xef][0xbc][0xc]m[0x94][0x82][0x83][0xf2]&apos;&quot;[0xca]_[0xd0][0x94][0xbf][0xd1][0xae][0xfc][0x83].[0xe5][0x19][0x85][0xfa][0x1c][0xa6][\n]&quot;
2013-02-06 13:51:56,984 AAD-WS DEBUG wire:63 - &gt;&gt; &quot;[0x8c][0xa9][0xc][0x13]j[0x13][0xa6]U[0x5]9U[0xc5]]U[0x3][0xa7]s[[0x8d]S[0xe0][0xa9] S[0xdd][0x98][0xa5]Y&apos;[0xc4]$[0xfd][0x1][0x98][0x1][0xfb][0x17]PK[0x7][0x8][0xea][0xcd]8m[0xf][0x4][0x0][0x0]w[0x8][0x0][0x0]PK[0x3][0x4][0x14][0x0][0x8][0x0][0x8][0x0][0xd4]|D5[0x0][0x0][0x0][0x0][0x0][0x0][0x0][0x0][0x0][0x0][0x0][0x0]B[0x0][0x0][0x0]javax/help/plaf/basic/BasicFavoritesNavigatorUI$FolderAction.class[0x9d]V[0xed]W[0x14]U[0x18][0xff]][0xbd]00[0x8c]([0x88][0xe6]b[0xa2][0xe8]*+/;XZ[0xb6][0x90][0x85]([0xb9][\n]&quot;
2013-02-06 13:51:56,985 AAD-WS DEBUG wire:63 - &gt;&gt; &quot;H[0x82][0x16][0xd9][0xdb][0xb0][0xdc][0x85][0xb1]a[0x86]f[0xee][0xa2][0xf6]j[0xf5][0xb5]?[0xa0]?[0xa0]s[0xfc]P_*[([0xce][0xe9][0xf0][0xad]s[0xfa][0xa3]:=[0xcf][0x8c]K[0xbb][0xae]K[0xc7][0xf6][0xc3][0xb3]w[0x9e][0xfb][0xbb][0xbf][0xe7][0xf5]&gt;3[0xfd][0xfd][0xfb][0x1f][0x0][0xb2][0xf8][0xc6]$a[0xb7]`[0xd8][0xc4][0x19][0xbc][0xd0]J[0xf]/[0xb6][0xe0],+[0xcf][0xb5][0xe0]%[0x13]/[0xe3][0xbc][0x89][0xe3]x[0xa5][0x15][0xbd][0xc8][0x19][0x18]1[0xd1][0x86]Q[0x16][0xaf][0x1a][0xb8]`[0xa2][0x1d][0xaf][0xf1][0x99][0xd7]M[0x8c][0xe1]&quot;[0xaf][0xc6]Mt[0xe3][0x12]o\f[0xdd][0x84][0x81]7[0xc]\iC[0x1e]WM[0x1c][0xc4]5[0x3][0x93][0xbc]9[0xc5][0xb0]iF\g1[0xc3][0xe2]M[0xb6]z[0xc3][0xc0][0xac][0x81][[0x2][0xcd]z[0xd9][0x8d][0xd2][0xc3][0x2]g&amp;[0xef]8k[0xce]={Yy[0xab][0xf6][0xaa][0xe7][0x14][0xed][0x5]&apos;r[0xb][0xf6]E[0x96][0x13][0xce]Z[0x10][0xba]ZE[0xd3][0xce][0x9a][0xbb][0xe4][0xe8] [0xbc][0x99][0x1f][0x11]h[0x9d][0xbd][0xef][0xeb]e[0xa5][0xdd][0x2][0x11][0x8d][0xba][0xbe][0xab]/[0x8][0x9c][0xcd]&lt;3[0xd3]irD[0x8e][0x7][0x8b]J`[0xef][0xa4][0xeb][0xab][0xe9][0xd2][0xca][0x82][\n]&quot;
2013-02-06 13:51:56,985 AAD-WS DEBUG wire:63 - &gt;&gt; &quot;[0xe7][0x9c][0x5][0x8f]5NA[0xbb][0x81]?[0xa3][0xc2]b[0x10][0xae][0xa8]E[0x81][0xa3][0x89][0x5][0xdb][0xb9][0xab]m[0xb5][0xa6]|m[0x8f][0xc5][0x90][0xcb][0xbc][0x8e][0xc9][0xcc][0xd9][0xa0][0x14][0x16][0xd4][0x84][0xcb][0x4]=[\r][\r]g[0x99][0xc6][0xc0][[0x16][0xde][0xc6][0xbc][0xc0][0xbe]b[0x5][0x93]-[0x6][0xde][0xa2][\n]&quot;
2013-02-06 13:51:56,985 AAD-WS DEBUG wire:63 - &gt;&gt; &quot;[\r][0xbc]c[0xe1]6[0xde][0xb5][0xf0][0x1e][0xde][0x17][0xb0][0xe3][0xb8][0xb2][0x1c]W[0x96][0xe3][0xca][0xc6]qe[0x1b][0xd2][[0xf8][0x0][0x1f][\n]&quot;
2013-02-06 13:51:56,986 AAD-WS DEBUG wire:63 - &gt;&gt; &quot;t[0xb8]+[0xce][0x92][0x8a][0xec][0x84]3[0xbb][0xe4][0x16][\r]8[0x16][0x16]P[0xb0]p[\n]&quot;
2013-02-06 13:51:56,986 AAD-WS DEBUG wire:63 - &gt;&gt; &quot;[0x8b][0x16]N -p[0xa8]*i[0xdb]dy[0xad]V[0x18][0xa4],[0x14][0xb1][0xd4][0x0]4M[0x89]c[0xd0][0xb2][0x5][0x17]w[0xc]|d[0xc1][0x3][0x1d][0xf3][0x11]XX[0xc5][0xc7][0x16]BD[0x16]4J[0x2][0xbd][0x9]At[0xd7][0xf5][0x97]l[0x1d]*e_RE[0xa7][0xe4][0xe9]9ZO[0x11][0x91]&apos;[0xd0][0xd7][0x8]3U[0xd2]\[0x12][0x86][0xb2]M[0x3]k[0x16][0xee][0xe2][0x9e][0x85][0xfb][0xf8]D Uw[0x8c][0x81]3[0x8e]&amp;[0xbf]&gt;[0xc5]g[0xec][0xe1][0xe7][0x16][0xbe][0xc0][0x97][0x16][0x1e][0xb0][0xf8][0x8a][0xc5][0xd7][0x1c][0xd5][0xe8]3[0xf6]Kz&quot;[0xce]dRt[0x1][0xeb][0x89][0xc7][0xbc][0xef][0xab]p[0xdc]s[0xa2]HE[0x2][0xdd][0xd5]n[0x8d]-D:[0xa4]~[0xaa]`[0xed]g[0xb4]L[0x9d][0xe5][0x14][\n]&quot;
2013-02-06 13:51:56,986 AAD-WS DEBUG wire:63 - &gt;&gt; &quot;*[0xa2][0x1b]3Lw[0xe6][0xf2][0xff]h[0xf5][0xa4]uK[0xda][0xf5][0xec][0xc9][0xa0][0xe0]xj[0xa4][0xb6][0xac]WH[0xdc][0xa4]]W[0xbb][0xec]~[0xeb][0x92][0xd2][0xb3]:$[0xe7][0x5][0xce]g[0xea][0xf]&apos;[0x1a][0xcf][0xa1][0xe0][0x12]X[0xc5]B[0xb5]J[0xe0]\[0x81][0xf3][0x91][0x8e][0xed][0xa4][0xd9]N[0x9a][0xbd]M[0xc7][0xde][0xa6]w[0x8][0xb7][0xa3][0x8a],N)q5&apos;\[0x2]&apos;3;[[0xaf][0x1c]8R[0x15][0xde],[0xd7][0xe1][0x89][0x18]-[0x8a]1[0xcf]w$_[0xe0][0xa2][0x8c]f[0xea]8[0x1a][0xd9][0xa9][0xd4]u[0xfb]4Y[0xeb]{[0x8a]W[0xb5]`[0xc6][0xf1][0x94]8[0xf0]4[0xff]I[0xdf][0x16])=[0x16]%]%[0xb0];[0xc3][0xba]#5[0xa5][0xae][0xb9][0xa0][0xc9][0xf8][0xe2][0x8e][0x17][0xd8]_c[0xe9]*[0xdf][0x0]r[0xa9][0xa3]NI[0xc3][0x86][0xb][0xab]&lt;[0x95][0xc]7[0xba]%l[0xa3]6[0xaa][0x9a]KD4[0x86][0xe]V[0xa7][0xe3])[0xd9][0xfd]Tgx[0x8f]`][0xc4]&lt;[0xe9]D[0x9a]O[0x8d][0x7]+[0xab][0x81]Oc[0x91][0xd4][0x99][0xea][0xda]\_[0xb8]C[0xa6]G[0x92][0x6][0x9b]q[0xc2][0x18][0xd2][0xd0][0x81][0xc7][0xcc]-[0x84]}&lt;$z[0x1a]A[0xe3][0xfd][0x91]F[0xe3] q[0xf][0xf1][0x8c]/[0xbb][0xde][0xe2]xPb[0xbb][0x94]b[0xea][0xb5]v[0xd7][0x8f]T[0xa8][0x19][0x92][0xf7]u p%So[0xe2][0x89][0x19]4[0xf2][0xdf][0x88]&lt;[0x97][0xc7][0x88][0xa3][0xe4]$[0x93][0xe3][0xb7]w[0xc][0xf2]`[0xe6]v}[0x9e][0xe2][0x97][0x8a][0xba][0xb7][0xea][0xf8][0x8b][0x15][0x9a][0x1d]J[0xc5][0xe8]}Q]}[0xf7]G[0x85]0[0xf0]&lt;~[0x98][0xb]n[0xb9][0x91][0x1b][0xbf][0xdf][0xf6]D[0xce][0x9a][0xda][0xae]![0xbd][0xff]{[0xe9]C[0x0][0x10][0xe8][0xe4][0x17][0x3][0xfd][0x9f][0x4][0xff]v[0xd1][0xea][0x14][0xfa]Hf[0xe8]i[\n]&quot;
2013-02-06 13:51:56,987 AAD-WS DEBUG wire:63 - &gt;&gt; &quot;[0x92]4[0xc0]P[0xff][0xc0][0x6]D[0xe7][0xae][\r][0xec][0xfe][0x19][0xf2]O[0xec][0xed]l[0xda]@[0xf3][0xfc]/[0x90][0xf][0xd1]L[0x9a]Nc[0x3]-[0xeb]h[0xed][0x1f][0xf8][0x15][0xe6]O1[0xed]i[0x92][0xed][0xd8][\r][0xc8]n[0xf4][0xc9][0x14][0x6][0xe5]a[0xd2][0xf6]c [0xa1][0x16][0x92][0xa8][[0x8][0xf3][0xe3]&amp;[0xda][0xe6][0xfb][0x1f][0xc1][0xac][0x18]X[0x87]55X[0xc6][0x9e]M[0xb4][0xcf][0xf][0xae]c[0xef]4o&gt;[0xc2][0xbe]2:rR[0xe4][0x9a]Rl?[0xd1]u[0xe6][0x9a][0x1e][0xa2]+%[0xcb][0xd8][0xbf][0x85][0xf6]\s[0xaa][0xb9][0x8c][0xae]\[0xd3][0xf6][0x81][0x3][8[0xc8][0xda][0xa1]T[0xd3][0x16][0x9e]K5[0xfd][0x86]C[0x2]e[0xa4]6[0xd1]=?T[0xc6][0xe1]u&lt;[0x9f]3[0x1e][0xa3]SF[0x19]G[0xaa][0xd6]=U[0xeb][0xa3][0xbc].[0xe3][0xd8][0xbf][0x91]M[0xa0][0x83]&quot;[0xeb]A[0x97]&lt;[0x8a]C[0xf2][0x18]ze/[0x86][0xe4]q[0xc][0xcb][0x13]8&apos;[0xd3][0x18][0x93][0xa7]pM[0xf6][0xe1][0x86]&lt;[\r]G[0xf6]#[0x92][0x3]x [0x7][0xf1][0xad][0x1c][0xc2]w2[0x8b][0xef][0xa5][0x8d][0x1f][0xe4]0%w0N[0xfa][0x10]n[0xd2][0xbf]I[0xec][0xbd][0xf4][0xd9]4[0x7][0xf1][0xf]PK[0x7][0x8][0x8b][0x9a]D[0x8e][0x9d][0x4][0x0][0x0][0xd3][0x9][0x0][0x0]PK[0x3][0x4][0x14][0x0][0x8][0x0][0x8][0x0][0xd4]|D5[0x0][0x0][0x0][0x0][0x0][0x0][0x0][0x0][0x0][0x0][0x0][0x0]?[0x0][0x0][0x0]javax/help/plaf/basic/BasicFavoritesNavigatorUI$CutAction.class[0xad]UKS[0x1b]G[0x10][0xfe][0xc6][0x8c]X[0xb4]Y[0x99]w[0xc][0x8e]c[0xe2][0x4][0xc7][0xe2][0xb9]`c[0x87][0x87]c[0x1b][0x83]0[0xc2][0x92]L,[0xc0][0x89][0x9d]8[0x19]-[0x3][0xac]k[0xb5]K[0xed][0x8e][0xe4][0xe4][0x96]T[0xe5][0x8f][0xe4][0x94]s[0xaa]l[0x85][0xca][0xc1][0xc5][0x89]C[0xee][0xf9];Iz[0xb4][0x6][0x14][0x1e][0x7]\[0xd1][0xa1][0xa7][0xa7][0xa7][0xfb][0xeb][0xb7][0xf6][0xcf][0xbf][0xff]x[0x3]`[0x14][0x1b]&amp;[0xfa]q[0xb5][0x5][0x9f][0x9a][0xb8][0x86][0xb4][0x89][0x1e][0xc]$q[0x1][0x83]-[0x18][0xd2]/[0xc3][0x9a][0x8c][0x98][0xa4]h&apos;[0x89][0x1b]31[0x8e][0xeb][0x6]n[0xe8]s[0xc2][0xc4]M[0xdc]2[0xf0][0x99][0x89]VL[0x1a][0x98][0xd2]j[0xd3]&amp;,[0xcc]h[0xab][0xdb][0x9a]|n[0xe2][0xe][0xee][0x1a][0xb8]g`[0x8e][0xa1]Ym[0xb9]Q[0xff][0x18][0xc3]x[0xee][0x85][0xa8][0x8a][0xef][0xed]-[0xe9]m[0xdb][0xdb][0x9e][0xd8][0xb0]K&quot;r[0x1d][0xfb][0xbe][0xa6][0xb][0xa2][0x1a][0x84][0xae][0x92]QAT[0xdd]M[0xa1][0x82]p5;[0xc3][0x90],[0xfe][0xe0][0xab]-[0xa9]\[0x87][0x80]n[0xbb][0xbe][0xab][0xee]0L[0xa4][0xcf][0x8c]4[0xb0][0xc6][0xc0][0xe7][0x82]u[0xc9][0xd0][0x9a]s}Y[0xa8][0x94]K2\[0x11]%OK[0x84][0xa3][0xdc][0xc0]_[0x96][0xe1]F[0x10][0x96][0xe5]:C_[0xec][0xc1][0x16]/[0x95]-[0xab][0xd2]W[0xf6]l]%[0xa3][0xf9]:[0x98]Y[0xc]*[0xa1]#[0x17]\[\r]p[0xf9]T[0xc7][0xa3][0x1a][0xc6][0xc0][0xbc][0x85][0xc][0x16][0x18]R[0x1b][0xfb]:[0xa3]NE[0x19]x`a[0x11]Y[0xb][0x97][0xb0]d[0xa1][0x17][0x17][0x19][0x9a]Hn[0xe1][0xa1][0xbe][0xe7][0x90]7P[0xb0][0xf0][0x8][0xcb][0x16][0xbe][0xc0]c[0x3]E[0xb]+Xe[0xb8][0x12][0xa7][0x1f][0xbd]t[0xfd]M[[0x85]R[0xda][0xf3]rCT&lt;[0xb5]B|[0x9e][0xb2][0xf4],[0xac][0xe1][0x89][0x81]/-|[0x85][0xa7][0xc][0xd7]N3[0xc8]W[0x94][0xae][0x81][0xb6]+[0x90][0x9d][0x85]gZ[0xbd][0xa7][0xa1][0xbc][0x7]Ye[0x95],[[0xf8][0x1a][0xdf]Xx[0x8e]o-|[0xa7][0xc3][0x12]([0x19]p,[0xac][0x83][0xca]0u[0xc6][0xae][0xf4][0xcf]UT\Wjt[0x3]oe}_[0x86]s[0x9e][0x88]&quot;[0x19]1\l[0xc]~[0xb6][0x14][0xa9][0x90][0xfa][0xb5][0xaf]k[0x9f][0xd1]&apos;uN8[0x8e][0x8c]h&quot;[0xc7]h&amp;3[0xef]0J[0xf1]hT[0x94][0xeb][0xd9][0xb9][0xc0][0x11][0x9e][0x9c][0xf9]o[0xc5][0x16][0x89][0xac][0xd2][0xab][0xab]\[0x1d]~rS[0xaa][0xa2][\n]&quot;
2013-02-06 13:51:56,987 AAD-WS DEBUG wire:63 - &gt;&gt; &quot;)x[0x86][0xc9][0xf4]q[0xe3]X[0xe2][0x9]J.V[0xdb][0xf7][0xd0](b[0xe8]N[0x9f][0xa0][0xb8]v[0x98][0xce][0xb8]Ng[0xff]2[0xf1]?[0xe4][0xb6]&amp;[0x1d][0x12][0x92][0xe7][0xb6][0xa3]2[0x86][0xf6]P[0x96][0x83][0xaa][0x9c][0xf5][0xbc][0x8c]&apos;[0xcb][0xb4][0x13][0x94]gS[0xba][0xbe]dz[0xba][0x18]:s[0x8d]M[[0xd2][0xf3]EH[0xed][0xc7][0x84][0xc]-T[0x9e][0xfa][0xc8][0xd2][0x1a][0xa5][0x7]r[0xc7][0x6][0xf5]`[0xa4][0xb5][0xbd].[0xa5][0xf4]d[0xbc][0xae]BmEu[0xa3]g&apos;[i[0x5]2[0xea]=[0xf5][0x91][0xa1][0x8b][0x0]s&quot;R[0xfa]6[0x17][0x94][0xb7][0x3][0x9f]r!q[0xba][0xb1][0x5][0x8f]J/[0xc8]#![0xa5]H{5[0x92]a,[0xa0][0x8c][0xc5][0xfa][0xfa][0x91][0xc6][0xbc][0xd5][0x1d][0xa0]%[0xea][0x8a]k[0xa4][0xd7]j![0xc][0xca][0xcb]&quot;[0xac]c_M[0x1f][0x8f][0xf6][0xc8][0x16][0xd6][0xfb][0x9a][0x8a]DU[0x1e]4[0xe9][0xb0][0xb5]7uk[0x97][0xde][0xb5][0xb5][0x7][0xc5][0xcf]K[0xbf][0xa2]7ZO[0xd6][0x89][0xf][0xe4]1[0x92]*[0xe3][0xeb][0xc0](K[0x9e]~:[0xb0][0x86]+[0xf4][0x95][0xe8][0xa1]O[0x8]C[0x87][0xfe][0xbb][0xa2][0xf3][0x3][0xe8][0xdf]9[0xe2].[0xe1]C[0xa2][0x97][0xe9]v[0x3]M$[0x1]:[0x7][0x87]v[0xc0]:[0xce][0xed][0xa0][0xe9]w[0xf0][0xc1][0xa1][0xd7]H[0xfc]V7[0xee]#z[0x9e][0x94][0xc0][0xef]![0xc5][0xef][0xa2][0x83][0xcf][0x92][0xf4]#[0x82][0x8f][0x1][0xfe]&quot;s[0x83][0xce][0x9f]:[0x9a]w`[0xb0][0xfc][0xe0]+$v[0xd0]RCRs[0xaf]`[0xd6][0xf0][0xde].[0xac][0xc2][0xc1]-5[0xcd][0x9b]n%~[0xc5]d/[0xef]N\[0xdf][0xc3]H[0xfd][0xac][0xe1][0xfc].Z[0xf3][0xc3]{[0xe8][0x19][0xae][0xa1]m[0x17][0xed][0xd3][0xcd]o[0xa1][0xe8][0xde][0xf1]d[0x84]h[0xe7][0xcf][0x9][0xd6][0x9d][0xe8][0xe5]o~[0xf9]gO[0xbf][0xd5][0xd0][0x15][0xab]t[0xf3][0x1a][0xde]?[0xc][0xf7]&gt;[0xda]([0xdc]y$x[0x6][0x6]_@;[0x80]&gt;[0xbe][0x88]![0x9e][0xc5]8_[0xc2][0x14][0x88][0xc][0xcf]![0xcb][0xf3]x[0xcc][0xb]x[0xce][0x97][0xe1][0xd0][0x9b][0xcf][0x8b][0xa8][0xf0][0x15][0xfc][0xc8]W)[0xa9][0x8f][0xeb][0xb5][0xfa][0x84][0xd0][0x0][0x93][0x90]/[0xd0][0xd7][0x92]R[0xff][0x17]PK[0x7][0x8][0x9f]^[[0xee][0xc2][0x3][0x0][0x0][0x99][0x7][0x0][0x0]PK[0x3][0x4][0x14][0x0][0x8][0x0][0x8][0x0][0xd4]|D5[0x0][0x0][0x0][0x0][0x0][0x0][0x0][0x0][0x0][0x0][0x0][0x0]A[0x0][0x0][0x0]javax/help/plaf/basic/BasicFavoritesNavigatorUI$PasteAction.class[0xad]U[S[0x1c]E[0x14][0xfe]:[0xf4]20[0xc][0x97]@P[0x16][\r][0x11]EY.a[0xc0]`[0x8c]l[0x8c][0x92][0xcd]&quot;[0x8b][0xb]A[0xb9][0x18][0xe3][0xb5]w[0xb7][0x97][0x1d]2;[0x83]3[0xbd][0xb][0xb1]J[0xcb][0x7][0x9f]R[0xe5][0xf][0xd0][0x17][0x1f][0xf3][0xe2]KJ\[0xd1][0x7][0x8b]&apos;[0xad][0xf2]w[0xf8];[0xd4][0xd3];[0x5]lB[0xd0][0xc2]r[0x1f][0xba][0xa7]O[0xfd][0x9d][0xf3][0x9d]sz[0xfb][0xf7]?[0xfe][0x5][0xc0][0x4]&lt;[0x13]/`[0xb8][0x5][0x9][0x13]#[0x18]5[0xd1][0x8f][0xb1]V[0xc4]1[0xde][0x82][0x8b]zg[0xa2][0x95][0x6][0xdb][0xc4]$[0xa6][0xc][0xbc][0xa8][0xe7]K&amp;[0xa6][0xf1][0x92][0x81][0xcb]&amp;[0xda][0xf1][0xb2][0xc6]\1[0xf1][\n]&quot;
2013-02-06 13:51:56,988 AAD-WS DEBUG wire:77 - &gt;&gt; &quot;f[0xda][0x90][0xc4]U[0x3][0xaf]j[0xf3]5[0x13]&amp;^[0xd3][0x96][0xd7][0xf5]r[0xd6]D7[0xae]kh[0xca][0xc0][\r][0x3]o04[0xab][0x92][0x13][0xe]M2Le7EU[0xec][0xd8]%[0xe9]n[0xd9][[0xae]([0xda]9[0x11]:y[0xfb][0xba][0x1e][0xe7]D[0xd5][0xf][0x1c]%[0xc3]%Qu6[0x84][0xf2][0x83][0xb5]L[0x92][0xa1]u[0xe5][0xae][0xa7]JR9y&quot;[0xba][0xea]x[0x8e][0xba][0xc6]0[0x9d]85[0xd3][0xc8]:[0x3]O[0xf9][0x5][0xc9][0xd0][0x99]u&lt;[0xb9]T)[0xe7]d[0xb0]*r[0xae][0xb6][0x88][0xbc]r|oY[0x6]E?([0xcb][0x2][0xc3][0x85][0xc8][0x83]-[0xb6][0x95]-[0xab][0xd2]S[0xf6]l[0x1d][0x92][0xd6][0xdf]u2s[0xc5][0xaf][0x4]y9[0xe7]h[0x82][0x81][0x13][0x1d]Oh[0x1a][0x3][0xf3][0x16]2X O[0xc5][0x3][0xcc][0xc4][0x96][0x8][0x95]4[0xf0][0xa6][0x85],[0x16]-[0xc]`[0xc9][0xc2]Sx[0x9a]!V[0xdf][0xb1]pS[[0x96][0xf1][0x96][0x81][0xb7]-[0xac]`[0x95]a0&quot;
2013-02-06 13:51:56,989 AAD-WS DEBUG wire:63 - &gt;&gt; &quot;R[0x1d]n;[0xde][0x86][0xad][0x2])[0xed][0x1b][0xb2](*[0xae]Z[0xa5][0xef]E[0x12][0xe7]ZX[0xc3][0xba][0x81]w,[0xdc][0xc2][0xbb][0xc]}[\r]i:[0x8a][0x8e][0x80][0x16]n[0xe3]=[0xb][0xef][0xe3][0x3][0x3][0x1f]Z[0xf8][0x8][0x1f][0x1b][0x10][0x16]r[0xfa][0xd0][0xf0]I^[0x16]+J[0xe7]K;[0x8b]8[0xf2](X[0x90](Z[0xd8][0xd0]l%8[0x16]6q[0xc7][0x82][0x8b]2C[0xf2][0x94]5[0x1a]Z[0xd6][0xba][0xa3]&lt;3[0xb4]=[0xb4][0xb2]2[0x9e]&apos;[0x83][0x94]+[0xc2]P[0x86][0xc][0xfd][0x8d]![0xce][0xe6]B[0x15]P[0x5][0xf][0xb0][0xf6])[0xfd]R-E&gt;/C[0xea][0xd1]I[0xea][0xd2][0xf4]h[0xae][0xa8]Y*[0xca]q[0xed][0xac][0x9f][0x17][0xae]L&gt;[0x9c][0xfb]y[0x1a][0xd6]h[0xd7]Q[0x8e][0xe][0xbf]uC[0xaa][0x15][0x15]P[0xf0][0xc]W[0x12][0xc7][0xf]G[0x16]W[0x90][0xb8][0x8]v[0xe0][0xa1][0xd1][0xc4][0xd0][0x9b]x[0xc]p[0xfd]H[0xce][0x94][0x96][0xc3]u[0x5][0x19]z[0xb2][0x8d])[[0xd0]5$[0x86][0xb3][0xc7][0x8c][0xc]-[0x14]\[0xbd][0x97][0xa8][0xad][0x13]#[0xd9]c[0xcd]p[0xd8]kt[0xbe]K[0xb][0x91][0xae][0x8c][0xae][0x8f]P%[0x86][0xf3]&apos;[0x9d][0xd1][0xdb]t$~[0xe2]&amp;[0xc3]9[0xa2][0xcb]R[0xd9][0xf5]*[0xe5][0x97][0xb7]|[0x8f]n[0x1b][0x99][0x13][0x8d][0xf2]o[0xe6]6[0xc9][0x9f][0xe][0x9e][0xd0][0xb3][0xae][0xeb]o[0x87][0xa9][0x92][0xe3][0x16][0x2]I[0xb5]oJ[0x8c][0xdc]&gt;J[0xc0][0xf4][0xff]P[0xcf]ur[0xe6][0x7]Z[0xeb][0xa3]6J[0x15]I/S[0x88]T[0xd2]x[0xa2][0xf1]P[0xda][0xab][0x94]e tVt[0x9d][0x1e][0xbb]A-[0xee][0xc9][0x1d][0x95][0x8e]([0x18][0xda]IN]H[0xca][0xaf][0xe8]5I[0xa1][0xd6][0xec]p[0xbc]P[0x6]J[0xdf][0xb7][0x8c][0xa7]|[0x86][0xf9][0xc4][0xf1][0xf4]&gt;r1[0x93][0xff][0x8e][0xc8][0xe8]&gt;[0xe9],[0x89]p[0xd1][0xf]d[0xfa]P[0x85]n[0xcc]e[0x11][0xd4][0xe3]9[0xb1][0x90]u[0x82][0xa8]O2^A[0xee][0xe8]&gt;[0xf9][0x7][0xa4]V[0xd1][0x1e][0x8a][0xaa]&lt;Lu][0xdb]:[0x6][0xe9][0xed][0xe9][0xa7][0x87][0x89][0xd1][0x8b]A|4[0x9f][0x87][0xfe][0x9d][0xa1][0xaf][0x1]\[0xa0][0xf1][0x19]Z]B[0x13]Y[0x80][0x9e][0xd1][0xb1]=[0xb0][0xee]3{h[0xfa][0x11]|t[0xec][0x7][0xc4][0x1e][0xd4][0xf][0xf][0xd2][0xd8]A p[0x89]v^@7/[0x92][0xf5]Y&lt;[0x17][0x11][0xb0].p[0xb4][0x10]f[0xb7][0xbb]y[0xf][0xc6][0xe8].b[0xbb]h[0xa9][0xa1]u[0x1f][0xe6][0xe2][0xe1][0xaa]m[0xe9]b[\r][0xd6]&gt;[0xda]gx[0x9c][0xff][0x8a]{q^C[0xc7][0xd7][0x98][0xd6][0x80]=t[0xd6][0xd0]5[0x13][0xbb][0x8f][0xbe][0xf1]x[0xec]&apos;[0x9c]e[0xd8]Gw[0x9c]kLO[\r][0xe7][0xb4][0xad][0x97][0xe1][0x9b][0xbf][0xfe][0xb8][0x8f][0x5]m|[0x82][0xb6]gb[0xf1][0xd8]o[0xe0][0xf][0xe2]1my[0xf2]rs[0x3][0x93]Qg2[0xe][0x99]b[0xbd][0xcd]D[0xf3]e3[0xd3][0xb6][0x88]I[0xa3]k[0xe8];R[0xb8]@I[0x2]w[0x10][0xe3]w[0xd0][0xc3]][0xc][0xf0]2[0x86][0xb9][0x87]q[0xee]c[0x9a]o![0xc5]?[0xc1]-[0x9a]%[0xaf][0xc0][0xe7]U([0xbe][0x8d][\n]&quot;
2013-02-06 13:51:56,989 AAD-WS DEBUG wire:63 - &gt;&gt; &quot;[0xdf][0xc1][0xe7][0xfc].[0xbe][0xe2][0x9f][0xe2][[0x9a][0xbf][0xe3][0x9f][0xe1]{[0xfe][0x5][0xa5]s[0xa8][0x9e][0xe6][0xe7]1G[0xb3]I[0x1e][0xe2][0xf4]^[0xa7][0xc1][0xfe][0x6]PK[0x7][0x8]1[0xd8][0x93][0x12][0x4][0x0][0x0]*[0x8][0x0][0x0]PK[0x3][0x4][0x14][0x0][0x8][0x0][0x8][0x0][0xd4]|D5[0x0][0x0][0x0][0x0][0x0][0x0][0x0][0x0][0x0][0x0][0x0][0x0]@[0x0][0x0][0x0]javax/help/plaf/basic/BasicFavoritesNavigatorUI$CopyAction.class[0xad]U[0xdb]S[0x1b]U[0x18][0xff][0x9d][0xe6][0x84][0x85][0xed]r/Jj[[0xa4][0xa2]M[0x0]Y[0xa0][0xb4][0xb6][0xd0]V![0x4][0xb]&amp;i-[0x97]*x[0xdb]$[0x7][0xb2][0x9d][0xcd]nf[0xf7]$[0xb5]&gt;[0xab][0xaf][0xea][0x8c][0xa3][0xb6][0xde]g[0xbc]&lt;;S#[0xe3]C[0x7]_[0xfa][0xe0][0x9f][0xe0][0x1f][0xa3]~&apos;[0x81][0x10][0xb]&lt;[0xd0]q[0x1f][0xce][0xe5][0xfb][0xbe][0xdf]w[0xff][0xf6][0xfc][0xf9][0xf7][0xef][0xf][0x0][0x8c] [0xaf][0xe3]Y&lt;[0xd7][0x8c]3:[0xa2][0x88][0xe9][0x88]`[0xb0][0x5][0xbd][0x18]j[0xc6][0xb0][0xe2]&lt;[0xaf][0x96][0x11][0x1d]&amp;F[[0xe8]4[0xa6]c[0x1c]g5L[0xa8][0xfd][0x9c][0x8e][0xf3]xA[0xc3][0x5][0x1d][0xed][0xb8][0xa8]aR[0xc3][0x94][0x8e].\R[0xe2][0x97][0x15][0xf0][0x8a]Z^[0xd4][0xf1][0x12][0xa6]5[0xcc]hH04[0xc9][0xbc][0x1d][0xc][0x8c]2[0x8c]%oYe[0xeb]]3/[0x9c][0xa2]Yt[0xac]u3c[0x5]v[0xd6][0x9c]Q[0xeb][0x9c]U[0xf6]|[[0x8a] m[0x95][0xed][\r]Kz[0xfe][0xf2][0xfc][0x14]C[0xcb][0xe2][0x1d]W[0xe6][0x85][0xb4][0xb3][0xa4][0xe8][0x92][0xed][0xda][0xf2][\n]&quot;
2013-02-06 13:51:56,990 AAD-WS DEBUG wire:63 - &gt;&gt; &quot;[0xc3]D[0xf4][0xd0][0x9a]b+[0xc]&lt;[0xee][0xe5][0x4]C{[0xd2]vE[0xba]T[0xc8][0x8][0xc9][0xca]8[0x8a]be[0xa5][0xed][0xb9][0xd7][0x85][0xbf][0xee][0xf9][0x5][0x91]c[0xe8][0xab]Y0[0xad][0xdb][0xd2][0x14]e[0xe1]Js[0xba]*[0x92]P[0xe7][0xaa]2}[0xd1]+[0xf9]Y1g+[0x5][0xa7][0xe]4&lt;[0xa2][0xd4]h[0x98]3[0xf0]2[0xae]2[0xb4][0xad][0xef][0xc8][0x8c]d[0xbd][0xe2][0x1d][\r][0xf3][0x6][0x16][0xf0][0x8a][0x81][0x93]H[0x1a]8[0x8e][0xa7][0x18][0xc2]E+[0x90][0xc2]@JQ[0xd2][0xb8][0xa6][0xe1][0xba][0x81]Wq[0xc3][0xc0]&quot;[0x96]4,[0x1b]X[0xc1]M[0x86][0xfe]Z[0x6][0x82][0xdb][0xb6][0xbb]aJ_[0x8]sV[0xac][%G.[0xd1]9E[0x81]:[0x6]^[0xc3][0xeb][0x1a]V[\r][0xac][0xe1][\r][0x86]3[0x7][0x1]R%[0xa9][0xd2][0xa0]pi[0xc2][0x19]xS[0x89][0xf7]6d[0xb8][0x1e][0xd8][0xbc][0x14][0x85][0x3]X5[0xe8][x[0xdb][0xc0];[0xb0][0xc]d[0x94][0xc7]Y[0xe4]4[0x10]y[0x1d][0x1b][0xc][0x93][0x87][0xac][0xd9]@[0x9c]2TK;[0xa5][0xbb][0xf1]b[0xcc][0xbb][0xae][0xf0][0xe3][0x8e][0x15][0x4]&quot;`8[0xde][0x18][0xd9]t&amp;[0x90]&gt;[0xd5]sG[0xd6]&lt;[0xa4]U2ee[0xb3]&quot;[0xa0][0x8e][0x1d][0xa5][0x9e]M&lt;F[0xab][0xd5]Z[0xa7]$m[0xc7]LzY[0xcb][0x11]S[0xff][0xcd][0xd9]UZ[0x96][0x89]kK[[0xb9][0xdf][0xb2]![0xe4][0xa2][0xf4][0xc9]y[0x86][0xb][0xd1][0xbd][0xe0][0x1a][0xc5][0xb1]([0xb8][0x9a][0xd8][0x8e][0x85]F[0x12]COt[0x1f][0xc1][0x95][0xdd]p[0xc6]T8;[0x97][0x89][0xff]![0xb6][0x15][0x91]%&quot;Y[0xee]x[0x94][0xc6][0xd0][0xe9][0x8b][0x82]W[0x16][0xd3][0x8e][0x93]pD[0x81]f[0x86][0xe2][0xc]E[0xab]C[0xa8]Z[0x8f][0xa1];[0xd9]X[0xb4][0x5][0xd5]|[0xa4][0xa9]s[0xf][0x91][0xa1][0x99][0xd2]S[0xed]g[0x1a][0xb3]h,[0xb9][0xa7][0x8b][0xeb][0xfd][0xae][0xf0]*[0x95][0xc2][0x11][0xb5]q[0xb6]d&gt;[0xa8][0x82][0xd6][0xf6]G)[0x1][0x2]E[0xe]d2[0x1c]#[0x85]I[0x9a]Gu[0x8b]{[0x85][0xa2][0xe7]R,D[0x8e]6[0x96][0xe0]Z[0xe6][0x16]Y$M[0xad]$[0xbd][0x1c][0x8][0xbf]F`8J[0xf7]Y![0x8a][0xaa]w[0x19]N[0xd4][0xbd][0xdf];9[0x4][0xe]Y[0xb9][0xdc]#U[0xdc]V[0x1c][%[0xd5][0x81]U[0x16]u[0xc8]n![0xcf][0xa9]B.&lt;n![0xeb][0xa9]N[0x9][0xb7][0xa4][0x86][[0xf5][0xd1][0xbe][0xc][0xb2][0x18][0x8][0x99]p[0xd5][0x9f][0x82][0xdc][0xe4][0xd1][0xd5][0xd8][\n]&quot;
2013-02-06 13:51:56,990 AAD-WS DEBUG wire:63 - &gt;&gt; &quot;[0xfa][0xe9][0xd9][0x88][0xd0][0x9b][0xc2][0xe8][0x9][0xa0][0x17][0xed]&apos;[0xa0][0xbe]#t:[0x89]S[0xb4][0xf6][0xd1][0xed],BD[0x1][0xba][0x7][0x87]6[0xc1][0xba][0x8e]l&quot;[0xf4][0x1b][0xf8][0xe0][0xd0][0xaf][0x8][0xff]R[0x5]?Mk[0x1b][0x9][0x81][0x8c]V[0xfe][0x11][0xba][0xf8]&apos;D[0xed][0xc7][0xe9]m[0x5][0x11][0xbc][0x99][0xf6][0xf][0xbb][0x9a]6[0xa1][0xb1][0xd4][0xe0]}[0x84]7[0xd1]\A[0x8b]:[0xdd][0x87]^[0xc1][0xd1]-[0x18][0xe9][0xfa][0xad]u[0x92][0x87][0xce][0x87][0xc6][0xe5][0x8][0xef][0x9][0x8f]?[0xc4]xu[0xaf][0xa0]m[0xb][0xed][0xa9][0xe1][0x87]8=\A[0xc7][0x16]:&apos;[0x9b][0x86][0xb7][0xd0]UA[0xf7][0xa4][0xb6][0xad]3[0xa2]Up[0xec][0xe6][0xfb]a[0xd6][0x13][0x8e][0xf0][0x7][0xdf][0xff][0xf3][0x87][0xa2]W[0xd0]Sc?[0xc1]+xr[0xd7][0xe7][0x19]t[0x90][0xcf][0x9f]&quot;[0xcc]?[0x83][0xc6]?G&apos;[0xff][0x2]}[0xfc].[0x86][0xf8]=[0x8c][0xf1]/q[0x91][0x85][0x4][0xff][0x1a][0xf3][0xfc][0x1b][0xdc][0xe0][0xdf]b[0x8d][0x87]&lt;[0xf1][0x2][0xfe][0x3][0xde][0xe3]?[0xe2][0x3][0xfe][0x13]E[0xf6]L5a[0x3][0x98][0xa5]]&apos;[0xcd][0xbd][0xf4][0x80][0xc6][0xc1][0xfe][0x5]PK[0x7][0x8][0x14][0xd4]#[0x16][0xd9][0x3][0x0][0x0][0xaf][0x7][0x0][0x0]PK[0x3][0x4][0x14][0x0][0x8][0x0][0x8][0x0][0xd4]|D5[0x0][0x0][0x0][0x0][0x0][0x0][0x0][0x0][0x0][0x0][0x0][0x0]C[0x0][0x0][0x0]javax/help/plaf/basic/BasicFavoritesNavigatorUI$PopupListener.class[0xa5]U[0xdd]w[0x13]E[0x14][0xff]M;t[0xed]:-[0x5]l[0x5][0x91] [0xb5]H[0x9a][0x96]n[0xab]|[0xf7]Cim1%-[0xb5])[0x15][0xaa][0xa8][0x93]tH[0xb6]$[0xbb]qw[0x93][0xca][0xa3][0xef]&gt;[0xeb][0xe1][0x95][0x17][0x9f]=b@&lt;[0x7][0xbf]9[0x8a][0x1c][0xe][0x11][0xc7];[0xbb][0xdb][0xd6][0xd2][0xe0][0xb1][0x9a][0x9c][0xdc][0xf9][0xcd][0xcc][0xfd][0x9a][0xdf][0xbd]3y[0xf0][0xe4][0xee]=[0x0][0x3]pL$[0xd0][0xdf][0x8a][0x3]8j[0x92][0x18]h[0x85][0x85]A[0x13]Cx[0xdd][0xc4][0x1b]8[0xa6][0xc5]q==[0xa1][0xd1]I[0x13][0xa7]p[0xda]$[0x95]3&amp;[0x86]1[0xa2][0xd1][0xa8][0x89][0xb1][0x8][0xbd][0xb9][0x8e][0xde]ZGgc[0x14]*[0x8f]m[0x11]:[0xda][0xb8][0xf6]&lt;a[0xe2]mL[0x1a][0x98]2[0x90]fh[0x9][0x8a][0xb6][0xdf]3[0xc8]0[0x94]Y[0x91]5[0xf9][0xa9]UT[0xa5][0x8a]U)[0xc9][0xab]VN[0xfa]v[0xde][0x1a][0xd7]rJ[0xd6]\[0xcf][0xe][0x94]?+kvA[0x6][0xae]w1=[0xcc][0xd0][0x9a][0xbd][0xee][0x4]E[0x15][0xd8]yr4b;v0[0xc6]p,[0xb9]mO[0xbd][0x8b][0xc]|[0xc2]]V[0xc];3[0xb6][0xa3]f[0xab][0xe5][0x9c][0xf2][0x16]d[0xae]D+[0xa2][0xec]V}5[0xe7])[0xdf]W[0xcb][0xc][0x89][0xc8][0xbd]%W[0x3]K[0xd5][0x94][0x13]X3zR[0xc3][0xd0]Q[[0xa8]?[0xaf]JJ[0x86][0x6][0xed]ey=[0xa7][0xb2]Ewu[0xce][0xad]T+[0xc]f[0xd6][0xad]zy5ek[0xef][0x89]gf5[0xa0][0xc3][0x8]tcZ[0xe0] ^[0x11][0xe8][0xc5][0x11][0x3][0xe7][0x5]2[0x98]10+p[0x1]s[0x6][0xde][0x15][0x98]GV`A[0x8b][0x8b]X[0x14]x[0xf][0x97][0xc]\[0x16]X[0xc2][0xfb][0x2][0x1f][0xe0][0x8a][0x81][0xf][0x5]&gt;[0xc2][0xc7][0x2][0x12]9[0x3]y[0x81]e[0xe4][0x4][0x94][0x16]W[0xb5]([0xa0](`c[0xc5][0xc0]5[0x81][0x12][0xca][0xc][0xa3][0xdb]$[0xb0]&apos;&lt;Y[0xc6][0xf6][0x3][0xe5]([0x8f](xj.[0xd2][0xe][0x8d][0x13]%I[0x14][0xfa][0xc][0xfb][0x1b][0x11]xvYV[0x2][0xad][0xdc][0x9c][0xd4],Z[0xdb]L[0x81][\n]&quot;
2013-02-06 13:51:56,991 AAD-WS DEBUG wire:63 - &gt;&gt; &quot;[0x18]x[0x8a][0x8][0xdd][0x13]W[0xdf]_[0xb5][0x9d][0x82]5[0xbd]@[0x8b][0xd4])[0xbb][0xb6],2t[0x14]T[0x90][0xa5]2[0xe5][0x3][0xdb]u[0xe6]dPd8[0x90][0xec][0xdd]d[0xae]]ZZ[o[0x93][0x9b]}[0xcf],=[0xc5]&apos;w[0x97][0xc2][0xf4][0xd3][0xd1][0xe4]2[0xc3]n[0x1a][0xb4][0xe9][0x94][0xeb]e[0xdc][0xbc][0xd4][0x81][0x18][0xe]&amp;[0xd3][0xe9][0xe][0xd3]n[0xfb]![0x83][0xb][0x9e]]([0xc4][0x9c],[0xc5][0xd1][0x1b][0xda]P[0xfb][0xab]O[0xaa][0xb2]D[0xe4]v[0xc6][0xfd]Y[0x92][0xa4]t![0xb7]B[0xc7][0x1b][0xd6][0xc6][0xa6][0xcc][0xe7][0xa9][0x85]{N[0xc][0xd2]e;[0xff][0x1f][0xee][0xc8]f^[0xb3][0xaa]&quot;=[0xbd]E[0xe9]v5[0xde][0xa1][0x98][0xbe][\n]&quot;
2013-02-06 13:51:56,993 AAD-WS DEBUG wire:63 - &gt;&gt; &quot;[0x16]m[0xdf][0xe][0xef][0x11]O.[0xe9][0xc2][0xae][0xe5]qR[0xe7]1[0xfd][0xbf][0xf3][0x98]QN5[0x1d][0xa8]2[0xa5][0xd1][0xd9]pc#[0xe2])[0x1d]qmr[0xfc][0xef][0x93][0xd3]z[0xb2][0xa3][0x12]][0xcf][0xbd][0x9b][0x3][0x84][0x85][0xd0][0xce]([0x82][0xa0]rN[0xb8][0xe5][0x8a][0xeb][0x84][0x15][0xef][0x8a][0xbb]%l[0x88][0xf5][0xf5]-[0x84][0xac]{ [0xe]|z[0x6][0xa8][0x90][0xc9]Fv[0xd4][0x15][0x8b]8D/s[0x82][0x9e]k[0xea][0x1d]}[0xeb]i&lt;[0x4][0xfd][0xe1][0x84][0xba][0xf1]*[0xc9][0x1e][0x9a]u[0xa3][0x89][0xbe][0x80][0x99][0xba][\r][0x96][0xea][0xfb][0x16]M_[0x87]6[0x87]I[0xb6][0xd0][0x8][0xfe][\r][0xc9][0xd7]p[0xe4])[0xfd][0x96]T[0xdf]m4o[0xe8][0x9a]z[0x95][0xd7][0xb1][0x83][0x93][0x1f]$[0xff][0xa5][0xfe]][0xd2][0xff][0x9e]P[0xef][0x9a]&gt;k[0xa3][0xfc]8[0xed][0x97][0xba][0x85][0xa6][[0xa1][0xc7][0x99][0x18][0xf6][0xd5][0xd1]B?[0xa3][0x8e][0xe7]fil[0xbd][0x81]/[0xfa][0xef]c[0xb2][0xff]h[0x1d][0xe6][\r][0x8c]j[0xad];x[0x9e],D[0x4][0xdb][0x8][0xb6]Gp&apos;[0xc1][0x8e][0x8][0xee]&quot;[0xb8];[0x82]{[0x8][0xbe][0xf0][0x15][0xce][0xc4][0x96][0xcd]ut[0xc6][0x96][0x4][0xbb]bK[0x82]/[0xc6][0x96][0x4][0xf7][0xc6][0x96][0x4][0xf7]Ei[0xbd]D[0xa9][0xec][0xdf]H[0xed][0xe5][0x8d]#[0x8e][0xa3][0x83][0x8e]x[0x8f]R[0xfa][0x1][0x9][0xfe]#[0xe][0xf3][0x9f]0[0xc4][0xc6][0x8][0xff][0x5][0xe7][0xf8][0xaf][0x98][0xe7][0xbf][0xe1][\n]&quot;
2013-02-06 13:51:56,993 AAD-WS DEBUG wire:63 - &gt;&gt; &quot;[0xbf][0x8f]k[0xfc]w[0xd4][0xf8][0x1f][0xf8][0x8c]?[0xc0][0xe7][0xfc]O|[0xc9][0x1f][0xe2]&amp;[0x84];[0xfc]1Q[0x93]&quot;OM[0xe8][0xc3];!i[0xf4][0xb0][0xd0][0xbf][0xdf]9[0xb0][0xbf][0x0]PK[0x7][0x8]r[0x15][0x8d][0xe8][0xac][0x3][0x0][0x0][0x8c][0x7][0x0][0x0]PK[0x3][0x4][0x14][0x0][0x8][0x0][0x8][0x0][0xd4]|D5[0x0][0x0][0x0][0x0][0x0][0x0][0x0][0x0][0x0][0x0][0x0][0x0]C[0x0][0x0][0x0]javax/help/plaf/basic/BasicFavoritesNavigatorUI$FavoritesTree.class[0x9d]:[0x9]xTE[0xd2]U/[0xd3]y[0x93]I[0xe7][0x84][0x0][0x3][0x4][0x2][0x82][0xe4]$[0x1c][0x8a][0x9a][0xc8][0x99][0x3][0x6][0x93][0x80][0x4]P[0xa2][0xae]&gt;2/[0xc9][0xe8]df[0x98][0x99]p[0xa8][0xeb][0xb5].[0xac][0xeb][0xb9][0xa2][0xae][0xe0][0xad]([0xba][0x1e][0x1c][0xc2][0x4][0xc4][0x3]/[0xf0][0xd6][0xf5]X[0xf]&lt;pu]uw[0xbd][0x17][0xf]V[0xfd][0xab][0xde]{s$[0x99][0x9][0xfa][0xe7]#[0xdd][0xfd][0xaa][0xab][0xaa][0xab][0xab][0xeb][0xea][0xe][0xcf][0xfc][0xf4][0xc0][0xc3][0x0]0^iv@7[0xfc];[0x3]&quot;[0xf0][0x1f]n&gt;[0xe3][0xe6]sn[0xbe][0xe0][0xe6]K[0x15][0xbe]r[0x80][\n]&quot;
2013-02-06 13:51:56,994 AAD-WS DEBUG wire:63 - &gt;&gt; &quot;_[0xf3][0xc7]7[0xdc][0xfc]W[0x85]o[0x1d][0x90]iB[0xbe]wP[0xf3][0x83][0x3][0xe][0xc2][0xff][0xb8][0xf9][0xd1][0x1]?[0xc1][0xcf][0xd4] [0xa8][0x88][0xe][0x18][0x80][\n]&quot;
2013-02-06 13:51:56,994 AAD-WS DEBUG wire:63 - &gt;&gt; &quot;!`[0x9a][0x3]m(TLw[0xc0]`T[0xb9][0xb1][0xdb]1[0xc3][0x81][0xe][0xcc]TQ[0x12][0x1f][0xcc][0xb2]c[0xb6][0x3]s0[0xd7][0x8e]yv[0xcc]g[0xa2][0x1][0xfc]=[0x90]G[0x5][0x8c]1[0xc8][0x1]]8X[0xc5]![0xc]v[0xaa]8[0xd4][0x81][0xc3][0x98][0xbc][0x90]&apos;Gd[0xc0]A[0x1c][0xe9][0xc0]&quot;[0x1c]e[0xc7][0xd1][0xfc]q[0x18][0x9][0xcd]K[0x1d][0xc4]1vx[0x93]g[0xc6]f[0x10][0xe4]pn[0xc6]1[0xd3]bnJ2[0xb0][0x94]`[0xd4][0x8c]c[0xfc]2[0x86][0x95];[0xe0]*[0xac][0xe0][0xd1]xn*3q[0x2]N[0xcc][0xc4]I8Y[0xc5]#[0x1c][0x84]z$7S[0x1c]0[0xb][0x8f]R[0xf1]h[0x7][0xd4][0xe3]1[0xdc]T[0xd9][0xa6][0x93]&gt;[0x1d]X[0x8d][0xc7]:`[0x3]Ne[0x84]i[0xdc]L[0xcf][0xc4][0x19]8[0x93]G[0xb3]T[0xac][0xc9][0xc0]Z[0xac]c[0xc6][0xf5]*[0xce]v@3[0xce]q[0xc0]|t1[0xc9]\[0x3][0xcc][0xbc][0x8e][0xe3][0xcf][0x6]n[0x1a][0xed][0xb0][0xcf][0xe][0xef][0xf0]L[0x93][0x1d][0xe7][0xd9]a[0xbf][0x1d][0xde]7[0xe5][0xc7][0xf9]x&lt;+c[0x1]6;p!.[0xe2][0x9d]/[0xb6][0xc3][0x87][0xe]&lt;[0x1]O[0xcc][0x80][0x12]\[0x92][0x9][0xe3][0xb0][0xc5][0x8e]&apos;1[0xe4]d[0xfe]8[0x85]G[0xbf]18[0xa8]x[0xaa][0x3][0x2][0xf0][0xb5][0x1d]O[0xa3][0x1e]5n[0x96][0xaa][0xd8]jG7[0xf]u[0xd6]x[0x9b][0xa1]vn[0xda][0x99][0xb0][0xc3][0x8e][0x1e][0x9e];[0x9d]!g[0xd8][0xd1][0xcb][0x2]t[0xf2][0x87][0x8f][0x1b][0xbf][0xa1]1[0x15][0x3][0xfc][0xb1][0xcc][0xa0][0xcf][0xc4] [0x86]T[0xc];[0xe0]B[0xec]b[0xc8]r[0xe6][0xb3]B[0xc5][0x95]v\[0xc5][0xc3]3[0x1d]x[0x16][0x9e]m.CG[0xfa][[0x83][0x5]c[0x9f][0xa3][0xe2][0xb9][0xc]&gt;[0x8f][0xf][0xe4]|[0x6]_[0xc0][0xab][0xfd]N[0xc5][0xb][0xed][0xf8]{[0x15]W[0xdb]q[\r][0x1f][0xf0][0x1f][0x1c]p[0x0]/[0xe2][0xf9]?:[0xf0]b[0xde][0x9b][0x8a][0xf6][0xd8][0x11]_[0xa2][0xe2][0xa5][0xc][0xbe],[0x86]u9k[0xb8][0x9e]?[0xaf][0xe0][0xe6]O[0xdc]\[0xe9][0xc0][0xb5]x[0x15]+[0xfc]jF[0xbe][0xc6][0x8e][0xe6]U[0xc9]L[0xaf][0xe5]~[0x9d][0x1d][0xd7]s[0x9d][0x1d][0xaf]W[0xf1][0x6][0x15]oR[0xf1]f[0x15]oQ[0xf1]V[0x4]GH[0xf7][0xea][0xad]a[0xdd][0xed][0xaa]EP[0xb8][0x91].[0x9f]O[0xf][0xd6]x[0xb5]PH[0xf]![0xc]h8][[0xae][0xad][0xac][0xec][0xd0][0xbd][0x81][0xca]F-0[0xc6]U[Md[0xee][0xa0][0xd6][0xde][0xec][0xef][\n]&quot;
2013-02-06 13:51:56,995 AAD-WS DEBUG wire:77 - &gt;&gt; &quot;[0xb6][0xea][0x8]N[0x3][0xa5]R[[0x11][0xae]t[0xfb][0xdc][0x95][0xb5][0xb1])B[0xcc][0x8b]#[0xd6][0xf8]}a}e[0x18][0xa1]([0x15][0xbe][0x85]Ad[0xd9][0xad]][0xc1][0x90]?[0xd8][0xe0]o[0xd5][0xc2][0x1e][0xbf][0xf]!7N3[0xdf][0xef][0xf1]1[0x8e]#[0xa0][0x85];[0xa2]2[0xc][0xb3][0xc4][0xc][0xad][0xf0][0xf8][0xda]+[0xc3]A][0xaf]\H[0xcd]|Ba[0xd4][0xf6][0xe]([0xec][0xea][0xd4][0xda][0x9]uD[0x9c][0x95][0x87]![0x95][0xb3][0xba][0xda][0xda][0xf4] [0xa9][0x80][0xbf][0x8];[0xdd][0xdf][0xd6][0x16][0xd2]I[0xd0][0xf4]@[0xb8]A[0xb][0xd1] [0xc3][0xa0]_@[0x8a][0x8a][0xae]d[0x90][0xb7][0xeb][0xfe][0xce]J[0x86]j[0xbe]v[0xaf]&gt;[0x89][0x15][0x93][0xd5][0xa1][0x85]:j4[0x9f][0xdb][0xe3][0xd6][0xc2][0xb4]X[0x6][0xed][0xb0][0xc6][0xd8][0xb][0xe9]&quot;Ni[0x82]x[0xad]p[0x87]&apos;4f[0x2][0xc2][0xc4]D=[0x7][0xbc]Z[[0xe5]R-[0xe4]i[0xad][0x9c][0xc5]m[0xbd][0xb6][0xdc][0x1f][0xf4][0x84][0xf5]P[0x93][0xb6][0xdc][0xd3][0xae][0x85][0xfd][0xc1]E.&quot;[0xce]h^[0xe5][0xb]w[0xe8]aO+1:[0xd6][0xe3][0xf3][0x84][0xa7]!4[0x15][0xff]jN[0x89][0x4]q[0x4][0xbf][[0xaf].Y[0x8c]`[0xab][0xa1][0x11]BN[0x83][0xc7][0xa7]7uu.[0xd5][0x83][0xb][0xb5][0xa5]^[0x82][0x14][0xf0][0xd9][0xce][0xd6]C[0xe1][0xae][0xa0]NZ[0xf0][0xb7][0xfb]&lt;g[0xea]n[0x84][0xd1][0xc5]}[0xf][0xd8]B[0xab][[0xae][0xd3][0xd9]1[0xd7][0xdc][0xd6][0xa0]N[0x1a][0x9a][0x9d]p0[0xd3][0xf]Iw[0xa8][0x93][0xcb]d[0x89]j[0x83][0xfe]@[0x9d][0x8f][0xe4][0x18][0x9b][0x84][0x9f]i/[0x6]JL[0x94][0xc][0xa6][0xaa]#[0xd3][0xb][0xf6]OCH1[0x1a];[0xd3][0xcc][[0xce]$d[0xe2][0xfe][0xc0][0xcc]V[0xb6][0xd3][0x9a][0xe][0xb2][0x4]V[0x81]1][0xb7][0xd2]C[0xf6]2*%[0xc7][0x4][0x9][0xc8][0xdc][0xa2]Vbcv[0xc9][0x4][0xf1][0x7][0x16]j[0xc1]v=[0xdc]S[0xf8][0xfe][0xf0][0x12][0x5][0xee]+F[0x14]/[0x8e][0x93]M[0xc7][0x1e][0x8e]O [0xcc]-[0xee][0xc7][0xad][0xfa][0x99][0xb2][0xe][0xca]K[0xda][0xa8]l[0xe][0x7][0x9][0x81][0x9d][0xd0][0xdc]u[0xbd][0x87]mgDJk[0x1c][0xcf][0xa4][0x12]^[0xc1][0xdb]$[0xbc][0x4][0x95][0xb0][0xb][0x1e][0x96][0xf0][0x8][0xec]&quot;
2013-02-06 13:51:56,995 AAD-WS DEBUG wire:63 - &gt;&gt; &quot;[0x96][0xf0](&lt;&amp;[0xe1]qx[0x82]$[0xed][0x19][\r][0x18]}[0x83][0x84][0xa7][0xe1][0x9][0x9][0xcf][0xc0][0x13]*[0xde][0x8e]02[0xa5][0x9b][0x8e][0xa9][0xf7][0xfa]5[0xda][0x9d]0z[0x9][0xcf][0xc2]s[0x12][0xef][0xc0][0x8d]*[0xde])[0xf1].[0xfc][0x8b][0xc4][0xbb][0xf1][0x1e][0x15][0xef][0x95]x[0x1f]n[0x92][0xb8][0x19][0xb7] [0xc]N[0xa1]&lt;^y[0xab][0xc4][0xfb]q[0x9b][0x8a][0xdb]%F[0xb0][0x1b]!?[0x86][[0xeb][0xe9][0xd4]}!2[0xc]F[0xdb]!q&apos;&gt;@!b[0xe][0xf9]Y[0xad][0xaf][0xd6]&lt;p[0x15]wI|[0x10][0x1f]&quot;[0x7][0xeb][0x15][0x1d]$[0xbc][0x0]/[0xc6]Ba[0x91]&apos;T[0xe4][0xeb][0xf2]zU|X[0xe2]#[0xb8][0x9b][0xf0][0xe7][0xb2][0xbe][0xc7]{[0xc9]-[0x9b][0xc3][0xab]X[0xa9][0xb6]&amp;[0xbf]O[0x97][0xf8](&gt;&amp;[0xf1]q$][0xbc][0x9]oI[0xd8][0xb]OI|[0x12][0xf7][0x90]c[0xc6]7[0xa1][0x85][0xb5]pP[0xf3][0x85][0xc8]}[0xe8][0xd8][0xcc][0x1]{[0xb5][0xc4][0xbd][0xf8][0x14][0xc2][0x90]d[0x11][0xc1][0x15][0xd6];U|Z[0xc5]g[0xc8][0xe8][0xfb]d[0x5][0x9][0xcf][0xd3]A[0xe1][0xb3][0xf0][0xa2][0x8a][0xa4][0xcf][0xe7]q[0x13][0xf9][0xa3]f[0xb8]EQ[0xa7]9q[0xa6][0xed]H|[0x11]_[0x92][0xf8]W|Y[0xe2]+[0xf8][0xaa][0xc4][0xd7][0xb8][0xf9][0x1b][0xbe].[0xf1][\r]|S[0xc5][0xb7]$[0xee]cE[0xbd][0x8d][0xef]H|[0x17][0xf7]H|[0xf][0xf7]K|[0x1f][0xff][0xae][0xe2][0x7][0x12]?[0xc4][0x7]T[0xfc][0x87][0xc4][0x8f][0xf0][0x9f][0x96][0x9a][0xa3][0xf6]7[0xb7]A[[0xaa]{%~[0x8c][0x9f]H[0xfc][0x94][0x9b][0xe1][0xe][0x84][0xe1][0xfd][0x5][0xc]&gt;[0x94]K[0xfc][0xf]~[0xa6][0xe2][0xe7][0x12][0xbf][0xc0]/%~[0x85]_K[0xfc][0x6][0xff]+[0xf1][0x0]~[0xab][0xe2]w[0x12][0xbf]g[0x1b][0xf8][0x81]w3([0xc6]lvPs{[0xc8]k[0xe6]kd|*[0x1e][0x94][0xf8]?[0xfc][0x91][0x17][0xdf][0x94]h[0x9a]5~/[0x9f][0xe2]+[0xf8][0x13]7?K[0x5][0x14]d[0xe1]6IE![0x98][0x92][0xc6]6[0xfb][0x1][0xbc]kE[0xa0]&quot;RRPUlR[0x11]J[0xba]TT[0xc5].[0xe1]c[0xf8]DU2[0x8]KqH%[0x93]T[0xab]H[0xa9]d)[0xd9]R[0xc9]Qr[0xa5][0x92][0xa7][0xe4]#[0x14]r[0xc0]([\n]&quot;
2013-02-06 13:51:56,996 AAD-WS DEBUG wire:63 - &gt;&gt; &quot;[0xea][0xa7][0x1b]y[0xbc][0xc8][0xe7][0xf][0x17][0xf1][0xf1][0x16][0xb5]y[0xf9][0xe0][0xa4]2[0x80][0x96]Q[0x6]*[0x5]R[0x19][0x84]/Gw[0x91][0xe0][0x9a][0xa6]N(f[0xd5][0x5][0x83]dgUER[0x19][0xac][0xc][0x91][0x8a]S[0x19][0x9a][0xc2][0x10][0x9a][0x8c][0x84] }[0xfa][0x8a][0xa2][0x80][0x16]$=[0x98]4[0xc3][0xa4]2\)[0x94][0xca][0x8]2=e$[0xeb]&quot;[0xab][0xd5][0x1f]XUd[0x1a][0x81][0x89]SD[0xaa]PF[0x91]e0qk[0x87][0xc7][0xeb]f[0xf8]h|J*[0x87][0xb1][0x9c]c[0x94][0xb1][0x14][0xab][0xfa]D[0x96]Z[0xbd]M[0xeb][0xf2][0x86][0xd9][0xe0][0x1b]iq[0xaf]T[0xe]W[0xc6][0xa9]J[0xb1]TJ[0x94]R[0x84]q[0xa9][0x8][0x1a][0xbb][0xc2]l[0xd5]L[0xc7]BK[0xa5]L)[0x97]J[0x5][0x1f][0xc1]xv[0xeb][0x91]qe[0xb8][0xbc]^[0xbd]][0xf3]6[0x93]c[0xe8]u+[[0xf5][0x80]YxHC[0xbb][0x96]r[0xa5]R[0xa9]LP[0x95][0x89]R[0x99][0x84][0x1b][0xa5]2Y9B*G[0xe2]mT[0x2][0xa5][0x8c][0x85]R[0x99][0xa2][0x1c][0xc5][0x9b]&gt;Z*[0xc7](UR[0xa9][0xc6][\r]TU[0x19][0xeb]z[0xfc][0x95][0xae]y[0x9]ke[0xf5]8I[0x84][0x9][0xc9][0xfd]u[0x91]/[0xd4][0x15][0x8][0xf8][0x83][0x84]So[0x9c]q[0x2][0x8b][0x9c][0x1e],X[0xb7][0xc7]*[0xe3][0xa4]2U[0x99]&amp;[0x95][0xe9][0xca][0xc]U[0x99])[0x95]YJMT[0x2][0xcb][0x98][0x3][0x1d][0x9e][0xd6][0xd0][0xa4]Z[0xa9][0xd4][0xe2][0x16][0xa9][0xd4])3[0xa4]R[0xaf][0xcc][0x96][0xca][0x1c]r$[0xc5][0x85]d[0x83]s[0xa5]r[0x9c][0xd2] [0x95]F[0xa5]I*[0xf3]x[0xb][0x83]\[0xbe][0xe5][0x9a][0xd7][0xe3].2V[0xf4]Z[0x95][0xda]x[0x84]1[0xb5][0x94]E&lt;&gt;[0xe3][0xb3][0xa8]U[0xf3][0xb1]A.[0xd5][0x8b]BZ[0xa7]^[0xa4][0x85][0x8a]BF[0x16][0x90][0xca]|[0xdc][0x8f]P[0x9c][0x88][0xeb][0xa3][0x13]J [0xd0][0x8a][0xdc]z[0xa8]U[0xf7][0xb9]5_x[0xbc]T[0x8e]W[0x16][0xf4][0xe2][0xdd][0x7][0xdf]4F[0x12]a[0xea][0xaf][0xac][0x80][0xc6][0xc4][0x80]|lt[0x10][0xbd][0xbe][0xf3]z[0x84][0x1a][0x13]V[0x94][0xaa]Vi[0xf0][0x84][0xc2][0xba][0x8f]=jd[0x8a][0xa4][0x91][0x1a]#Z[0x1a][0xc4]1F[0xa4]H[0xc1][0xb1][0xf2],[0xad][0x98][g[0xca]lG[0xbe]F[0xd5]E[0x9d][0xdb][0x13]6[0xab]6[q[0xb][0x13][0xf4]Nh[0xf1]r~ [0xd7][0xe][0xa6][0xfb]$[0x82][0x87][0x15][0x97][0xf4]S[0xe7][0x8f]6[0xcb][0xb9][0x4][0xba][0xde][0x85]![0xed][0xe5][0x94][0x84][0x1a][0xa4][0xc6][0xdf][0x19][0xa0]lE[0x95][0x87]+e[0xd5][0x17][0xd5]Bu[0x92][0x95][0xfb][0xb0][0xaf][0xee][0x91][0xdf]RaQ[0xe1]I[0xdb]3[0xc5]6k[0xb6][0x90][0xa1]B[0x17]M[0x84][0xfa]L[0xd8][0x8a]][0xac][0xab][0xa3][0x93][0xca][0x9d][0xaa][0x9e][0x8a]K[0xbd][0x98]o[0x1e]zx[0xa1][0xdf][0xef]=[0x83]K[0xc1][0x81][0x89]*[0xb4][0xa0]$vno[0x18][0x19][0x1c][0x91][0xcd]&quot;[0xd9][0xcd]J[0xa0][0x99]$[0xa7]P\[0xec]r%[0xd0][0xc7]j[0xb][0xe2] x[0x8a]VK[0xd7][0x97]ui^[0x12][0xbc][0xa0]8[0xa1][0x2][0x9b][0xb7][0x94][0xa3]AuI[0xb][0xc1][0x13]mi[0x91][0xab]Q[0xf3]Q[0x1e]$[0xa5][0xa4][0x19][0xe5][0xde][0xe1][0xc9][0xa8][0xfa][0x82][0x10]*[0xa5][0x91][0x1e][0xb4][0xd6]V=[0x14][0x1a]3q[0xc2][0x84]^[0xd2]Y[0xf5]![0x8b][0x9f][0x17][0xe8][\n]&quot;
2013-02-06 13:51:56,996 AAD-WS DEBUG wire:63 - &gt;&gt; &quot;[0xd7]x[0x8d][0xc4]J[0xda][0xd4][0x83][0xe1]U[0x14][0xda][0x93][0xc8][0x94]DJ[0xa2][0xce][0xe1][0x83][0xb5]n[0xb3]f[0x86][0x1a]n[0xe9];[0xe9][0xd5][0x86][0xbc][0x9c][0x8][0x16][0x85][0xf4][0xa0][0xc9]#[0xe1]xzn6*[0xfa]d[0x16][0xbd][0xfe][0xd7][0xdf][0xae],[0xa6]]a[0x8f][0xb7]r[0xe][0xdd][0xe][0xa9]\[0xaa][0xb6]BJ[0xf][0xa0]U:[0xc4][0x8b]*[0xda][0x92][0xe5]O5[0x94]Fk[0x8d]kAa[0xbf]7$sO[0xc]5M8[0xce][0xa1][0x91][0x8a][0xb][0x93]CF([0xac][0x5][\r][0x1c][0x84]k[0xf]u[0xe3][0xea]sc[0x8d][0x3][0xcc];W[0xef]ky[0x2][0xbf]T%f[0x1f][0xc7][0xe9][0x1d][0xf4][0x8c][0xd3][0x8c]nd^[0xd0][0xd3][0xee][0xa1][0x8d][0xe4]&apos;[0xfa]N[0xf4][0x9][0x0]W[0xd2]/Y[0x17][0x92][0xa1][0xe4][0x13][0x1]&apos;[0xdc][0xfa][0xc4]g[0x83][0x91]1[0x9f]I[0xf5]4[0x90]e[0x91][0xcd][0xf2]w[0xf9][0xdc][0xe4]9[0x13][0xfb][0xbb][0xf2]$[0x88][0x10][0x8b][0xb0][0xd5][0x89][0x5][0xc]jF[0xdd][0xb8] l[0x9c]5[0xba][0xd7][0xbb][0x80][0xf2][0x19][0x15][0xa0][0xc6]M3[0x85]`[0x89]h[0xd5]f8[0xe6]W[0x8][0x16] [0x16]|[0xc8]*=[0xa1][0xba][0x95][0x1][0x8d][0xd0][0xdc][0xa9][0x93][0x84])4[0xf9][0xbd][0x9d][0x98][0x18][0x85][0x13][0xe3][0xa6]X[0xd7][0x98][0xa7][0x5][0x87][0xa6][0x9e][0xa5][0x8][0xe3][0x9]5[0xe8]Z[[0xb2][0x1a][0xad][0xb7][0xec][0xe4][0x1c][0xfc]zA[0x13][0xb6]0[0xa3][0xa7][0xd4]F^M[0xe2][0xdb]---[0xae][0x96][0x92]d[0x11][0xd8][0xdc][0xd7][0x9][0x1e]w[0xb8][0xc3][0x8][0xe2][0xb5][0xfc]R[0xa3][0x87][0xe7][0xe8][0x9e][0xf6][0xe][0xe2][0xaf]r@7Bg:[0x99][0x81][0x11] [0xb3][0xad]W[0x7][0xab][0xe4][0xa1]4[0x98]hV[0xf1]J[0xa8]:1A[0xce][0xf4][0x6]:4c[0xd5][0x90][0x87][0xdf]t2i[\r][0x97][0x8f][0xdc][0xc8][0xc7]y[0xb1][0xb0][0xd8]U[0x9f][0xc0][0xa3]&apos;2[0xf1][0x91]|[0xb7][0x8f][0x13][0xf][0xee][0x9d]K[0xc]4[0x96]M[0x4][0xf8]6A[0x85]Uq_[0x89][0xc][0x4][0x95][0xd7]mek[0x1a][0xd8][0xeb][0xc][0x19][0x1a]M$[0x89]0Z[0xdd][0xa2][0xb1][0x94][0x94]m}.[0xd4]W[0x86]gs[0x84][0x19][0x18][[0xaa]y[0x15]y_[0xa7]qg1[\n]&quot;
2013-02-06 13:51:56,997 AAD-WS DEBUG wire:63 - &gt;&gt; &quot;w_8[0xe8][0xf7]6whn[0xff][\n]&quot;
2013-02-06 13:51:56,997 AAD-WS DEBUG wire:63 - &gt;&gt; &quot;[0x92][0xa9]![0x19][0x1e]-[0xa9][0xb2]f[\r][0xd5][0x8e]+[0xae][0xaf]O[0xdc][0x1a][0xcf][0xf7][0x85][0x18]o&apos;![0xdd][0xbc]9Q[0x15][0x9a][0xb0]W[0x3]d&quot;[0xb4]y[0xd8]`8&amp;[0xab]nO[0x88]t[0x94][0xb4][0xde][0xea][0xf5].cU.}[0xdf][0x1b]G[0xa7][0xae]\[0xe2]/[0x8e][0x99][0xf1][0x4]5[0xe1][0xff][0xf5][0x88][0xd6][0x98][0x19][0xd1][0xbf][0x0]|[0xa4]}b[0xad][0x91][0x12][0x13]2@[0x93][0xdf][0x8c][0xe0][0xbd]5[0xd1][0xe7]a[0xc8][0xc]7[0x89]1[0x97]s{[0xc9]/[0x89][0xcd]dD[0xf5]3[0x17][0xcf][[0xe0]ZX[0xd7]|j}[0x3][0xf]I[0x81])(k[0xe9][0xc3][0xbc][0x81][0x10]][0x81]&apos;[0x14][0xff]n[0x8e]^Pz=P[0xa5][0xa0][0xe6][0x10][0xe5]0/-[0xe6][0x16][0x13][0xe5]g&lt;[0x84])[0xbf][0x84]M[0xb2][0xf4][0xcd][0xde][0x1a][0x8f][0xc3][0xe9]Z [0xa0][0xf3][0xe3]`y[0xb2][0x1a][0xa4][0xf][0xc8][0xbc][0x1b]s[0xa0][0x9][0xfb]MH[0xef]2![0xf6][0xbc]U~[0x88][0xe2][0xa9][0x17][0xc3][0xc]#[0xef][0x4][0x8d][0xd3]*L[0x15][0x92][0xad]B%[0xd3][0xa8][0xc8][0xf5][0x0][0x1b]A43F[0x9f][0x1c][0xb9]0o[0xe9]g[0x9d][0xc2][0x1e][0x96][0xdc][0xe3]-[0xc7]0[0xb0][0x98][0xdd][0x1b][0x95]YnP[0xe7][0xb7][0x9a][0xfa][0xa0][0xbf]3*\[0xba][0x9][0x8a]m[0xf0][0x17]\[0xb3]M[0xcb]%1gz[0xbd][0xfe][0x15][0xa1][0x1a][0xbe][0xe6][0x13]3#F[0xb7][0xa4][0xba],[0x9b]%[0x9b][0xdd][0x88][0xad]n}[0xe5][0xa1]n&gt;[0x94][0xf5][0xb3]=&gt;[0xaa][0xde][0xc2][0xfc][0xed][0xf2][0x85][0xfd][0x8]s[0x92]P[0xf4][0x16][0xed][0xd0][0x18][0xae]h[0xf9]a[0xc8]]CuA[0xd8]*[0x2][0x3][0x96]u[0xe][0xb4]N[0xc0]t[0xbb][0xfe][0xe2]L/[0x9c]$[0x81][0xa0][0xf][0x17][0xe3][0xc1][0x81]3[0x83]W[0xe7]|[0x91]F5q[0xfc][0x6]r[0x88]*8[0x99][0xfd][0xd3][0xf9]y[0xfd][0x9a][0xdb]L[0x1f][0x1c][0x8d][0x8c][0x12][0xe0][0xa4]~[\r]nP[0xf1]I[0xc9]kl[0x87]n[0xd4][0x1c]Q6[0xfd]U[0x1d][0xac][0xc4][0x90]F[0xb6][0x14]59[0xd2][0x1b][0x85][0x8][0x8a]|F[0xe5][0x98][0x10]![0xd8][0x15][0xa2][0xe5][0xd7][0xa0][0xe2][0x14]5[0x96][0x1a][0xd4][0xad][0xfc][0x98][0x98]A[0xe3][0x18][0xbc]^[0xea][0xc0][0x18]K[0x11][0xec]J[0xf1][0xec]_[0x90],[0xfb]W&apos;[0x9c]6[0x17][0xc9][0xb9][0xc6][0xba][0xae][0xce]N[0xdd][0xed][0xa1][0xda][0xc1][0xbb][0xca][0xac],[0xac][0xfc]T\K?[0xc6][0x9f]I[0x88][0xf3][0x89]f[0xb7]$[0xb1]N7[0xee][0xe3]3[0xdb][0xda]&lt;&gt;[0xdd][0x8c]h[0xfe]`[0xa7]iB[0xc6][0xa7][0x97]X[0xc6][0x8b][0x89][0xc3][0x88]][0x82]H[0xc9]h[0xab][0xcd][0xe7][0xc2][0x15][0xd6][0x1f]M[0xe6]&apos;h[0xa3]wI[0x9e][0x94][0xbc][0xf7][0xdf]P[0xc][0xa2]yK[0xc9][0x93][0x96][0xeb][0xbd]&quot;1[0xef]^[0xd2][0x99][0xc5][0x9e]a[0xa2][0xe5]r[0xd0]x[0xfb]d[0x1b]H[0x19][0xba][0xc]#[0x80]Q[0x10][0x81]nH[0x83][0x1d][0xb0][0x13][0x1e][0x0][0x9]6~[0xcd][0x7][0x0][0x85][0x1f][0xf4][0x8d][0xfe]Qx[0xcc][0xe8][0x1f][0x87]&apos;[0x8c][0xfe]I[0xd8]c[0xf4]{[0xe1])[0xa3][0xda][0x82]?c[0xf5][0xcf][0xc2]sF[0xff][0xbc][0xc5][0xe7][0x5]x[0x91][0xfa]|[0xfe]S[0x1] [0xbc][0xc][0xfc][0x93]C[0xa3]W[0xe0]Uj_[0x3][0xc0][0x2][0x10][0x90]N[0xd0]{K[0xcb][0xbb][0x1]K[0xcb][0xb6][0x83]R[0x8a][0xdb]![0x8d][0x1b][0x1b]7[0x82][0x9b][0xf4][0xd2]][0xa0].[0xe9][0x6][0xfb]v[0xc8][0x88][0xf][0x1d]4[0xcc][0xa4][0xa1][0xdc][0xe]Y[0xa5][0xb6][0x8]d[0x97][0xee][0x80][0x1c]&amp;[0xdb]F[0xbf][0xe9][0xa5][0x11][0xc8]m[0xaa][0xa8][0x88]@^[0xee][0xc1]s&quot;[0x90][0xbf][0xb][0x6],)-[0xed][0x86][0x81]U6[0x9a]*[0xa8][0x12]N[0x91]K?[0x11][0x18][0xb4][0xb][0x6]/[0xc9][0x9d][0x91];[0xa3][0x1b][0x86]D[0xc0][0xb9][0xe]rJ[0xf3][0x87][0xee][0x80]a[0xbb]a[0xf8]v($f[0x85]{[0xc1][0x9e]?b[0x7][0x8c],[0xcd]/[0xca][0x1f][0x15][0x81][0xd1][H`[0x84][0xbf]Q[0xbb][0x18][\n]&quot;
2013-02-06 13:51:56,998 AAD-WS DEBUG wire:63 - &gt;&gt; &quot;[0x0]l_[0x81][0xb0]}[0x9][0xe][0xdb][0x1b][0x90]c{[0xb][0x6][0xda][0xf6][0x81][0xd3][0xf6]6[0x8c][0xb0][0xbd][0x7]%[0xb6][0xfd]p[0x84][0xed]}[0x98]n[0xfb][0x6]jm[0x7][0xe0]8[0xdb]w[0xb0][0xd8]v[0x10]4[0xdb][0x8f][0xe0][0xb5][0xfd][0xc]A[0x1]p[0x89][0xa0][0xbb][0x9e]P[0xe0]&amp;[0x91][0x6][0x1b][0x84][\r][0xee][0x11][0x82][0xb8][0xbf][0xe]o[0x98]*[0x82]{[0xc1]n[0xa8][0xc8]C[0xa2]([0x11]8[0xac][0xb1]|[0xf][0x9c]ZZZ[0xd6][\r]c[0xb6][0xc3][0xd8][0xf2][0x8][0x1c][0xbe][0x1b][0xc6]5[0x95][0xf2][0xec][0xe]([0xae][0xd8][\r]%[0x11]([0xdd][\r][0xa4][0xca][0xf2][0xad]PQe+[0x8b][0xc0][0xf8])[0xa2]@[0x88][0x9b]!+[0xbf][0x92][0xb6][0xb1][0x15]&amp;T[0x19]J*[0xe3][0xcd][0xd1][0xef]XV[0xa9][0xdd][0xde][\r][0x13]+H5[0x93][0xe2][0xdb][0x9b]DV[0x1][0xc2][0xe]v[0x91][0x1]RdB[0x81][0x90]P([0xb2]`[0x92][0xc8][0x81][0xa3]D.L[0x15]yP#[0xf2]a[0x8e][0x18][0x0][0x8d]b[0x10]t[0x88]!t[0xea]o[0xc2][[0xd6][0xe9][0x9e][0x7][0xd9][0xe0][0xa0]~H[0xfe]dZ[0x17][0x1b]I[0x94]#[0x9a]J+[0xb6][0xc1][0x91][0xf4];%[0x2]GU[0xd9][0x9c][0xb6][0xbd] [0xca]7[0x97]:[0xe9][0x0][0x8f][0xae][0x12]$M[0x6][0xcf];[0xc5]68[0xc6][0xcd]X&lt;[0xaa]rG[0xa0][0x9a]D;[0xd6]@[0x9b][0x9a]ft[0xd3][0x8]0[0xdd][0xf8][0xde][0x9]3[0x14]HK[0xdb][0x9]3[0xed]d[0xb8][0xb3][0xaa][0xd2][0x9d][0xe9]N[0x11][0x81][0x9a][0xcb][0xb8][0xad][0xbd],[0x2]u[0xbb][0xa0]~I&quot;([0xbd][0x1b]f7[0x92][0xea][0xe6]T[0xa9]NU[0xe4][0xbb]v[0xc0][0xdc][0x8][0x1c]Gdj[0x4][0x1a][0x9c][0xe9][0x11]h[0xac][0xb2];[0xed]{AM[0xdb][0x8][0xb9]N[0xfb]Nh[0xa2][0xcc]H[0xe0]y[0xa7]M[0xc9]p[0xaa]j[0x8c]@[0xdd][0x5][0xf3][0x97][0x14]d[0xac][0xce][0xdc][\n]&quot;
2013-02-06 13:51:56,998 AAD-WS DEBUG wire:63 - &gt;&gt; &quot;[0xc7][0x93]8[0xb]Vg[0xee][0x82][0xe6]%y[0xf0][0xb3][0xf9]/[0xad][0x1b][0x16]v[0xc3][0xa2][0x8],v[0xaa][0x5][0x19]i[0x84]q[0x2]-zb[0x4][0x96][0xf0]B-[0xe5][0x9b]{[0x1a][0x92][0x18][0x6]B[0x14][0x82]*F[0x90][0xb6]G[0xc2]PQ[0x4]#[0xc5]([0x18]%[0xe][0x83][0x12]1[0x6]j[0xc5][0xe1][0xe0][0x17][0xc5]p[0x9e]([0x85][0xab]E[0x19]\&apos;*[0xe0][0xe]1[0x1e][0xee][0x15][0x13]`[0x9b][0x98][0x8][0xcf][0x89]I[0xf0][0xba][0x98][0x8c]([0x8e][0xc4]&lt;q[0x14][0xe][0x12][0xc7][0x10][0xf7]}[0xf0][0xb6]eH[0xa3][0xa9]W[0xa8]O[0xcf]?[0x89]N#~[0xca][0xe][0x86][0x8a][0xa9][0xb4][0xf6]4[0x82][0xbc][0x3][0xef]Z[0xf8]e[0x4]g[0xfc][0xcc][0xfc][0x93][0xd9][0xf8][0xc9][0xe0]N[0x89][0x13]eS[0xe0][0x0]1[0x93][0x88]f[0x81]C[0xd4][0x10][0xf4][0xbd]$[0x84][0xbf]IEXO[0x84][0xb3][0x89]p[0xe]A[0xf7]&apos;!&lt;5[0x15][0xe1]qD[0xd8]@[0x84][0x8d][0x4]}[0x1f][0xfe][0xde]gk[0xa7]%[0xd9][0xda]|[0xa2]9[0x9e]F[0x1f][0xc4][0x16]ZF[0xbc]l[0xd4][0xcf]${K[0xdf][0xb][0xb6]-[0xec]&gt;[0xe9]dwfG[0xa6][0xa9][0xb1][0xb1].m*-7[0xfd][0xaa][0xb5][0x1b][0xdc]{![0xab][0x82]&lt;*[0x2][0xfa]Fp[0xd0][0xa8][0x8d]F[0xf1][0xa5]F[0x80]JK[0xb5][0x90][0xaf][0x9c][0xc][0xc3][0xc4][0xa9]P$4[0xa8][0x14]K[0xe1][0x18][0xd1][0x6]3D[0x7]a}[0x8][0xff]0[0x97]O[0x9b]MQ/[0x9f][0x2][0xe4][0xe4][0xfc]v[0x12][0x97][0x16][0xea]h$_[0xf5][0xec][0x84][0xd3][0x15]X[0xf]2[0xff][0xc][0x13][0xea]5[0x81][0x9d][\n]&quot;
2013-02-06 13:51:56,999 AAD-WS DEBUG wire:63 - &gt;&gt; &quot;YuI[0x13][0x1]|[0xe4][0xb7]N[0x1b][0xbb][0x87][0xcd][0x10][0xd2]O[0xe][0xe3][0x14]q[0x9][0xd9][0xf2][0xf7][0x98][0xa4][0xbb] @[0xa1]qY~0[0x2]![0xb6][0xdc]P[0x4][0xc2][0xac][0x1a][0xb6][0xff][0xa9][0xbb][0xa1][0xab]J[0x8d]b,g[0xc]2[0xc7][0x15]&amp;[0x86][0x15]e&quot;[0xb0][0x92][0xb1][0xec][0xd6]gU[0x86]3#[0x2][0xab]H[0x8e]*[0x7][0x8f][0xce][0xac][0xca][0xa4]U[0xce][0x9a]&quot;[0xb][0xa4][0xed]fPm[0x1b][0xc1][0x96]6%+[0xca][0xf2]lbY[0x90][0x15][0x81][0xdf][0x9a],wA[0xd7][0x92][0x8a]n8[0xa7]*;[0x8a]p.[0xaf][0x99][0x1d][[0xb3] k=T[0x9a][0xdb]8/[0xb6]~)[0xaf][0x9f][0xe3][0xcc][0xd9][0x3]vgN[0x4][0xce]w[0xda]cS[0x17][0x90]&apos;[0xfd]n7\H[0xd3]$[0xf8][0xef][0xd7]C[0x5][0xf7][0xab][0xab]r[0x9d][0xb9]{[0xa0][0xd2][0x99][0xeb]Tw[0xc2][0x1a][0x5][0xa6][0xe4]9s[0x9c][0x99][0xce][0xdc][0xdd][0xf0][0x87][0x82]&lt;[0xdb]i[0x11][0xb8]h#[0x98] [0x95][0xf1][0xff]H[0x80][0x82][0xac]u[0x90]YFA[0xe4][0xe2][0x8d]`/[0x13]F[0x9f]][0x95][0x93][0xa9]u[0x2][0xf4]{[0x19][0xcd]^[0xee][0xcc][0x8c][0xc0][0x15][0xbc][0xfb][0x1c]+[0xce]:y@[0xce][0xfc][0xa7][0x13]H[0x96]+Y[0x16]Z[0xdc]i[0x8f][0xc0]Z^[0x9e][0xba]]p[0x95][0xe1][0xe5]Ww[0xc3]5Uy[0xa5][0xce][0xbc][0x8][0xfc][0xd9][0xdc][0xc0][0xb5][0x1b][0xe1][0xd8][0xc6][0xc4]3ZO[0xda]([0x8f])c#[0x8c]hJ[0x9c][0xbd][0x9e]f+b[0xb3][ [\r]U\[0x8b][0xd7][0xc0]% [0xf0][0x0]~[0xf][0xeb][0xb8]W[0x6][0xc3]u[0x96]!~[\n]&quot;
2013-02-06 13:51:56,999 AAD-WS DEBUG wire:63 - &gt;&gt; &quot;Ud[0x88]g[0x90][0xcd]w[0x92][0x9f][0xf8]a[0x90][0x8][0x90]A.[0xa3]P[0x12][0x86]r[0xd1]E[0xc1]{9[0xcc][0x12]+[0xe1]x[0xb1][\n]&quot;
2013-02-06 13:51:57,000 AAD-WS DEBUG wire:63 - &gt;&gt; &quot;[0x16][0x8b]3[0xa1]E[0x9c][0x5][0xcb][0xc4][0xd9][0x94][0x8b][0xce][0x85][0xb3][0xc5][0x5][0xb0]V\[0x8][0xb7][0x8a][0xd5]p[0xb7]X[0x3][0xdb][0xc5]E[0xf0][0xa0][0xb8][0x18][0x1e][0x13][0x97][0xc0][0x8b][0xe2]R[0xf8]H\[0xe]_[0x88]+P[0x15]W[0xa2][0x14]kq[0xb4][0xb8][\n]&quot;
2013-02-06 13:51:57,000 AAD-WS DEBUG wire:77 - &gt;&gt; &quot;[0xc7][0x89][0xab][0xb1]\\[0x83]G[0x8b]kq[0xa6]X[0x8f].q[0x1d][0xce][0x17][0xd7][0xe3]&quot;q[0x3][0x9e]&amp;n[0xc4][0x90][0xb8][0x5][0xcf][0x17][0xb7][0xe1]j[0xb1][0x1]/[0x13][0xb7][0xe3]Zq[0x7]^#[0xee][0xc4][0x1b][0xc4]]x[0x8b][0xb8][0x7][0xef][0x12][0xf7][0xe1][0xfd]b[0x13]&gt;!6[0xe3][0xf3]b[0xb][0xbe]*[0xb6][0xe2]&gt;q?~&quot;[0xb6][0xe1][0xe7]b;[0x1e][0x10][0x11][0xfc]^[0xec][0xc0][0x9f][0xc4]Ne[0xa0]x@[0x19],[0x1e]T[0x86][0x8b][0x87][0x94]I[0xe2][0x11]#\}d[0xf9][0xb4][0xd3](9[0xc8][0x1d][0xe3]&gt;[0x99]N=[0x88][0xc7][0x8c]P[0xf1]O[0xb]m[0x92][0x15]c[0xf2]w[0xc0][\r][0xeb][0xa9]f[0xa0]3!K[0xbd]1[0x2]7[0xf5][0xe]5OB[0xba][0xd8][0x3]y[0xe2])#[0xb8]E[0x97][0xf9][0x11]2[0xcc][0x8a][0x85][0xce][0xe8][0xe6]F[0xe][0xf][0x8e][0x8][0xdc][0xb2][0x8e]cH9[0xd5]$[0xc]MLq[0xb7][0x1a][0xe5][0xc6]m[0xbb]a[0x3][0xfb][0xaa]-1[0x9a]x[0xca][0xc8]/o7[0xc4]Xj[0x89]qG[0x4]6[0xf2][0xa8][0xdc][0xc]E[0x19][0xd4][0xb9][0xd7][0xd0][0xc7][0x14][0xf3]c[0x8a]{[\r][0xa7][0xeb][0x8][0xdc]i[0xf5]&apos;[0xae][0x89][0xc0]]F[0x4][0x18]k2[0xf8][0x8b][0xd9][0xdd][0xbd][0x3][0xee][0xc1][0x8][0xdc]{[0xc2]FPI[0xa2][0xfb][0xe2][[0x9b]F[0x5][0x18][0x88][0xe7][0xc8]:[0x9e][0x87]\[0xf1][0x2]m[0xef]%[0xb2][0x90][0x97][0xc9]B^[0xa1]$[0xf3][0x1a]Y[0xc7][0xeb]d[0x1d]o[0xc0]l[0xf1]&amp;[0xa5][0xf4][0xb7][0xe0]D[0xb1][0xf].[0x12]o[0xc3][0x9d][0xe2]=[0xaa]L[0xf6][0x1b][0xe1][0xfa][0x90][0x1a][0xff][0x80][0xc0][0x1f][0xc3]&apos;[0x16][0xda]y[0xf4]Eu[0xe][0xcc]([0xdb]kE[0x8a]i[0x85][0xeb](To[0xda]\f[0xc5]&quot;[[0x19][0x99][0xff]f[0x86]m[0xd9]\N[0xc0][0xad]&lt;[0xbc]3[0x1][0xb7][0x95]Y[0x13][0xdb]7c&lt;[[0x8e][0x87]LZ[0xe5]32[0xef][0xcf]![|A[0x9b][0xf8][0x86][0xb2][0xe5][0x1][0x18]-[0xbe][0x85][0xb1][0xe2][0x7][0xa8][0x10][0x7]a[0x82][0xf8][0x9][0xaa][0xc5][0xcf]0-[0x9d]S[0xc3][0xa7][0x86][0xa8][0xff][0x82][0x87][0xa8][0x1f]J[0xa7][[0x86][0xc3][0xe1]A[0xda]@&amp;[0x1c][0x80][0xef][0x80][0xff][0xa7]g[0xe][0xde][0x8][0xf8]PK[0x7][0x8]`;[0xca][0xf6]E[0x14][0x0][0x0][0xbc]*[0x0][0x0]PK[0x3][0x4][0x14][0x0][0x8][0x0][0x8][0x0][0xd4]|D5[0x0][0x0][0x0][0x0][0x0][0x0][0x0][0x0][0x0][0x0][0x0][0x0]5[0x0][0x0][0x0]javax/help/pla&quot;
2013-02-06 13:51:57,001 AAD-WS DEBUG wire:63 - &gt;&gt; &quot;f/basic/BasicFavoritesNavigatorUI.class[0xad]:[0x7]`[0x94]U[0xd2]3[0xef]m[0xf2]}[0xd9]|@L[0x8][0xb0][0xd4][0x0][0x1]BH[0x8][0xd2][0x94][0xa5]([0x4][0x2][0x1][0x12][0x90]P[0xc]bY[0x92][\r]Y[0xdd]d[0xe3][0xee][0x86]&amp;v[0xec][0x15];X[0xb1]E[0xcf][0x8a][0x90][\r][0x88]&quot;6P[0xec]b[0xef]zz[0xa7][0xde]yzz[0xb6];[0xf][0xfe][0x99][0xf7]}[0xfb]ma[0x17][0xcb][0xfd]b^[0x9d]7o[0xde][0xb4]7[0xf3][0xbe][0xdd][0xb3][0xef][0xe1][0x1d][0x0]0\~[0x9a][0x5][0xb9][0xf8]/.[0xbe][0xe7][0xe2][0x7].~[0xe4][0xe2]&apos;.~[0xe6][0xe2][0xdf]\[0xfc][0x87][0x8b]_[0xb8][0xf8][0xaf][0x93][0x8a]}[0xdc][0xda][0xef][0x14] P[0x13]B[0x13][0xd2][0x9][0x9d][0x85][0xc3][0x9]]D[0x86]&amp;25[0xa1][0x11][0x90][0xd0][0x9d][0xb8]Xdi[0xc2][0xe9][0x84]n&quot;[0x8b]V[0x88]l.[0xc].:q[0xd1][0x99][0x8b].\[0xe4]pq[0x8][0x17][0xb9][0x9a][0xc8]sB[0x81][0xc8]rB[0x9e][0xe8][0xca]h[0xf2][0xb9][0xe8][0xa6][0x8b][0xee]N[0xd1]C[0xb8][0xcc][0xe][0xde][0xed][0x14]=E/M[0xf4]vB[0xb1][0xe8][0xc3][0xb][0xfb]j[0xa2][0x9f][0x13]J[0xcd]N[0x81]&amp;[0xfa];a[0x84][0xd9][0x19][0xc0][0xc5]@[0xc6]W[0xa8][0x89]AN[0x18]c&quot;[0x1f][0xcc][0xc5][0x90]lQ$[0x86]r[0xa1]Z[0xc5]N[0xd8]([0x86]i[0xa2]D[0x13][0xa5][0xba][0x18][0xee][0x84]I&quot;[0xc3][0x9][0x13]E[0x19][0xa3][0x18][0xc1][0xc5][0xa1][0x9a][0x18][0xe9][0x84][0xa9]b[0x14]wFkb[0x8c][0x13][0xa6][0x8b][0xb1]\[0x1c][0xa6][0x89][0xc3][0x9d]0S[0xf4][0xe1][0xce]8M[0xb8][0x9d]Pe[0x12]0^[0x13][0x13][0x9c]0[0xd7][0xec]L[0xd4][0xc4]$&apos;[0xd4][0x98][0x9d]#4q[0xa4][0x13][0x16][0x9a][0xdc][0x99][0xac][0x89])[0xba]([0xcf][0x16]S[0xc5]4MT8[0xa1][0x96]7[0xaf][0x15][0xd3][0x19]b[0x86]ji[0xa2][0xd2][0x9][0x1e][0xa6][0xa1][0x98]i[0xce][0x89]Yb6[0xb7][0xaa],P[0xab][0xa8][0xb6]Z[0xd3][0xc5][0x9c]l1W[0x1c][0xc5][0xad]y\[0xd4]d[0x8b][0xf9]fk[0x1][0x17][0xb]m&gt;/[0xd2][0xc4][0xd1]N[0x8][0x9b][0xb4][0xd4]rk[0xb1]S[0x1c]#f[0xea]b[0x9][0xc3][0x1c][0xcb]0[0xc7]i[0xe2]x&apos;[0xac]a[0x2][0xa6][0x8b][0x13]t[0xbc]Oq[0x95][0xb][0xf][0xa3]]j[0xf3][0xb5][0x8e][0xb9]Y[0xaf][0x9][0xaf][0x13][0xce][0x15][\r]:&gt;d[0x1]N[0x14][0xcb][0xd4][0x86][0x9a]ht[0xc2][0xc5][0xc2][0xc7]#&apos;2[0xe6][0x93][0xb8][0xe5][0xd7]D[0x13][0xd7][0xcd]\[0x4]4[0xd1][0xe2][0x84][0xab][0xc4][0xc9]&lt;[0x1d][0xd4]qK&lt;[\n]&quot;
2013-02-06 13:51:57,001 AAD-WS DEBUG wire:63 - &gt;&gt; &quot;Ul[0x14]!V[0xad]0[0x3][0xb4]r[0xb1][0x9c][0xc7]Vd[0x8b][0x95]b[0x95]&amp;Vk[0xe2][0x14]&apos;[0xdc]*[0xb2]t[0xb1][0x86][0xeb]S[0xb9]8[0x8d]&apos;O[0xd7][0xc5][0x19][0xdc]9[0x93][0xf1][0x9c][0xc5][0xc5][0xd9][0x8c]g-[0xb7][0xce][0xd1][0xc5][0xb9][0xba]8[0x8f]%&gt;[0x17][0x17][0xf0][0xcc][0x85]&lt;s[0x11]w/[0xe6][0xe2][0x12]]\[0xca][0xf5]e[0xba][0xb8][0xdc][0x9]o[0x88]u[0x9a][0xb8][0xc2][0x9][0xf][0xb][0x87].[0xae]d[0xc8][0xab][0xb8][0xb8]Z[0x17][0xd7]([0x84][0xac][0xcd][0xd7][0xea][0xe2]:[0xae][0xd7][0xf3][0xc8][0x6]M\[0xcf][0x9d][0x1b]tq#S}[0x13]wn[0xd6][0xc5]-NX&apos;[0x2]\[0x10][0x1f]6r}[0xab][0x13]^[0x10][0xb7]1[0xaf]oW[0xa4][0xea][0xe2][0xe][0x1e]&gt;[0x8d][0xb]&quot;[0xf4]NM[0xdc][0xa5][0x8b][0xbb][0xb3][0x88][0x84]?[0xe9][0xe2][0x1e][0xc5][0x9f],q[0xaf][0xb8]O[0x17][0xf7];[0xc5][0x3][0xe2]A&amp;n[0x93].[0x1e]b[0xc][0x9b][0xb9][0xd8][0xc2]E;/?[0x9b][[0x11]nup[0xb1]U[0x17][0xdb]t[0xf1][0xb0]Sl[0x17][0x8f]p[0xf1]([0x17];[0x9c][0xd8]M&lt;f[0xb2][0x9d][0xba];u[0xf1][0xb8].[0x9e][0xb0][0x9a]Oj[0xe2])]&lt;[0xed][0x84][0xef]XK[0xa7][0x8b]]L[0xeb]nf[0xcb]3\&lt;[0xeb][0x84]%b[0x13][0x1f]o[0xf][0x17][0xcf]1[0xc8][0xf3]\[0xbc][0xc0][0xc5][0x8b][0xba]xI[0x17]/[0xeb][0xe2][0x15]][0xbc][0xca][0xfb][0xef]5[0xd7][0x88][0xd7][0xc4][0xeb][0x16][0xd3]hS][0xbc][0xa1][0x8b]7[0x19][0xfe]-6[0x8a]jM[0xbc][0xcd]`[0xef][0xf0][0xe4][0xbb][0xba]xO[0xad]aE{_[0x13][0x1f][0xe8][0xe2]C[0xee]?[0xa2][0x89][0x8f][0x98][0xec][0xc]{[0xf2]cM|[0xc2][0xdc][0xf8][0xb3].&gt;u[0x8a][0xcf][0x98][0xf6][0xbf]p[0xfd]W[0xab][0xf3][0xb9].[0xbe][0xd0][0xc5][0x97][0xba][0xf8][0x1b][0xf][0xfc]][0x13]_[0xf1][0x8e][0xff]p[0x8a][0xaf][0xc5]7\[0xfc]SGb[0xcd][0xb7]|[0x8a][0xef]t|T[0x17][0xff][0xe2][0xe6][0xf7][0xba][0xf8]A[0x17]?*[0x1c][0x16][0xb1]?[0xe9][0xe2]g][0xfc][0xdb]2[0xa8][0x8b][0xc5]t[0xf1][0x8b].[0xfe][0xeb][0x14][0xfb][0x4][0xb9][0xca]}[0x12][0xb8]@][\n]&quot;
2013-02-06 13:51:57,002 AAD-WS DEBUG wire:63 - &gt;&gt; &quot;[0xd2]=)u[0xe9]PZ[0xce][0xc5]^][0xb2][0x9b][0x91][0x99]\h&lt;[0xb2]5[0xd6][0xd5][0xa5][0xce]u[0x96].[0xc9][0x91]N[0x97][0xd9][0xd9][0xd2][0x90][0x9d]t[0xd9][0x99][0x14]Sv!Rd[0xe][0x1d]U[0x1e][0xc2]0[0xb9][0x16][0xef]T7W[0xe6][0x91]%[0xcb][0xae][0xa4][0x11]2_[0x97][0xdd]t[0xd9]][0x93]=4[0xe9][0xd2]dOM[0xf6][0xd2]doM[0xf6][0xd1]d_[0x84]N[0x15][0x9e][0xe5][0x81][0xa0]/[0xec][\r][0xcd][0xf]z[0xbd][0x8]Fes[0xb3]7X[0xee][0xf7][0x84]B[0xde][0x10]M[0xcf][\r][0xb4][0xb4][0xb6][0xcc][0xf6][0x85][0xc2]^[0x1a]Fp[0x96][0x7]ZVM[0xae][0xb][0xfb][0x2][0xcd][0x8][0xd9]s=4[0x1e][0xed]e[0x95][0xb7][0x86][0xa3]m[0xa3]&quot;[0xe0][0xaf][0xf7][0x6][0xed][0xee]&lt;oS`y[0xc]rr}[0xbd][0xdd]n[0x88][0xee][0x8f]P8[0xfb]D[0xcf]r[0xcf][0xca][0xb2]F[0xaf][0xbf][0xa5]l[0xe6][0xc]*m[0xe2][0xaa]=[0xcb]}[0xcb]&lt;[0xe1]@p&lt;[0x82][0x8][0xb5] [0xb8],[0xd8][0xd0][\n]&quot;
2013-02-06 13:51:57,002 AAD-WS DEBUG wire:63 - &gt;&gt; &quot;_[0xf3][0xb2][0xb2][0x99]5u[0xc1][0x80][0xdf]?[0xd7][0xd3][0xec]%[0x0]-[0x1c]h[0xa9][0xe][0xd4][0xd3]iz[0xc6]c[0x8c]![0xa3]9[0x2]s[0x84][0xd5][0x89][0xf3][0x12]11[0x1b]h[0xd2][0xa8][0xb]4[0xd3][0x99][0xc3][0xf3]}a?[0x1][0xe5]*[0xa0]2[0xbf][0x87]@j[0xc2]A[0x82]$[0x18][0x19]\Z[0x87][0xd0][0xc7][0x9c][\n]&quot;
2013-02-06 13:51:57,003 AAD-WS DEBUG wire:63 - &gt;&gt; &quot;{W[0x86][0xcb][0xe6][0xb5][0xfa][0xbd]S&lt;!o}9Qc[0x91][0xab][0x11]+[0xe6][0xd3]$B[0x97][0xba][0xd6]`[0x90]pV[0xf8][0x9a][0xeb]M[0xfa][0x86]&amp;[0xec][0xcd][0xf4][0x94]M[0xf5]6xZ[0xfd][0xe1][0xaa][0xd6][0xb0]g[0xa9][0xdf][0xcb][0xd4]X[0xe4]fyb\[0xeb][0x9a][0xb0][0xce][0x1c]e[0xa2][0x83][0x89]|[0xae][0x8b]I$[0xbb]%^V[0xce][0xba]81[0x1a][\r][0x9][0xc2][0xca]ha[0x91]#[0xf4]H[0xe4][0x8b]R[0x84]*os+[0x1f][0xa9][0xde][0x13][0xf6]TyZ[0xa2][0xcc]+k[\r][0xfb][0xfc]e3&lt;[0xa1]F[0x1a][0xe4]y[0x12][0xaa]y@=[0x18][0x8][0x84][0xcd]f[0xa6]?P[0xe7][0x89][0xe3][0xa5]Z3[[0x8d]1[0xe9]![0xaf][0xdf][[0x17][0xf6]Z[0x8c][0xb1][0xbb][0x95]aoS:9[0xf2][0x1c]-[0xcd][0x89][0xc2]2[0xb3][0xe6]z[0xc2][0x8d][0x8][0xbd][0xe][0xe4]kt[0x92][0x16]8m[0xe4]SI[0x9b][0xb8][0xc8][0x8b][0xc7]Og([0xac][0x9c]Jp[0xd9][0xcd][0xde][0x15][0xa6]&quot;WU&quot;tO[0xe4][0x7][0xb3][0xc2]&quot; [0x83]$[0xc3][0x10][0xd9]!o[0x8b]&apos;[0xc8]b[0xe7]^[0x12][0xff]j[0xa2]s[0xbc][0x80][0x4][0xc3] [0x99],[0x6]nhJ:[0xdc][0xd2]M[0x11]r3[0xa3]1[0xa4]x[0x9c]M[0xaa][0xd8][0xec]U[0xd2]a[0x8b]l&amp;[0x6][0x95][0xfb]}-K[0x3][0x9e]`}&quot;7[0x17][0x12][0x94][0xa5]s[0xcd][0x87][0xd6][0x7][0xc2][0xa3][0x10]p1![0xaa][0xf7].m][0x86]0[0xa6][0x8e][0xcd][0xba]P[0x91]U[0xc8]G-l[0xf1]{[0x1a][\n]&quot;
2013-02-06 13:51:57,003 AAD-WS DEBUG wire:63 - &gt;&gt; &quot;[0x97]zB[0xbe][0xba][0xc2])\[0x1e]ho[0xb][0x88][0x90]C[0xe2][0x94]_y[0x6][0xd6][0xc6][0x9a]U[0xcd][0xe1]Fo[0xd8]G[0x16][0xa0][0xd7][0x5][0xbd][0x9e][0xb0][0x97]A[0xf]/J&lt;uy[0xa0][0xa9]%[0xd0]L:?&gt;Q[0xd5]y[0xe3]2{rA%[0x9b]c[0xb9][0x92]|[0x97][0xd9][0xbe]fouk[0xd3]Rop&gt;[[0x0]qi[0x82][0xaf][0xd9][0x17][0x9e][0x84]0[0xa4][0xe8][0xb7]8[0x88][0xa1][0xb][0x89]:_s([0xec][0xf1][0xfb][0x99][0xa4]^[0xe9]I&quot;[0xc8].!o[0xb8][0xdc][0xeb][0xf7][0xcf][0xf3]6[0x93][0x9c][0xd9][0xc5][0x8d]H[0xd8][0xc5][0xc6][0xbb][0xd0][0xe7]]1&gt;[0x85][0xab]`$[0xd9][0xad][0xcd]q[0x1b][0xe6],[0xf3][0x86][0xe7][0x6][0xbd][\r]^2[0xf6][0xfa][0x1a][0xdf]j:[0xc2][0xf0]_aK[0x99]gE[0xb8]l[0xaa][0xaf][0xc9][0xdb][0x1c]2-[0xb9]3[0xe1][0xa8][0xa2]c7[0xb5]6[0x99][0x18][0xd4][0x80]gel[0xc0][0x19][0xf4][0xfa][0x3][0x9e][0xfa][0xa9]d[0x89][0xe4][0x89][0x8a][0x98][0xc]C[0xc9][0xd7][0xd7][0xb0][0xca][0xb4][0xa1]&gt;E[0xe9][0xbd][0x1f][0x83][0x1f][0xd2][0xe0][0xf3][0xfb][0x99][0x89]5^[0xd3][0xcd][0x91]vuOXcM*[0xe8][0x9c]([0xf2][0xf2]F[0x9f][0xbf][0x9e][0xdc][0x18][0x9][0xc6][0xbb][0xb2][0xc5][0xd3]L:[0x98]_t[0xa0]{Tbh[0xb0]&lt;[0x1d]a[0x1e][0x9c][\n]&quot;
2013-02-06 13:51:57,004 AAD-WS DEBUG wire:63 - &gt;&gt; &quot;&amp;[0x95][0xee][0xea]u[0xec];[Bt[0x82]N$[0x9c][0x85][0xbe][0x90]o[0xa9][0xcf][0xef][0xb][0xaf]B()[0xfa][0xcd][0xfe][0xd2][0xd4][0x82][0xfa][0xf2]F[0xda][0xce]K$[0x16]&amp;[0x1c][0xcc][0xbb][0x9c]x[0xaf][0x8e]WE[0xc0][0xfe]i[0xcb][0xa3][0xea][0x90][0xc9][0x14][0xb3]GX[0xf6][0xdb][0xb7]J[0xe1];~[0x8f]_[0xd7]x[0xcb][0x5][0xf3]f#4[0xfc][0xce]=S[0xf0][0xf2][0xb7]mi,[0xf7][0xf8][[0xbd]6o[0x86]&amp;[0xee]k2[0x87][0xc1]k[0x94][0x9f]$[0x8d][0x8c]1[0xa8]sK0[0xd0][0xe2][\r][0x86]W[0x99][0xab][0x11][0x6]Zr][0xea][0xf5]4[0x87][0xca][0xe6]&amp;[0xcc][0xc6][0x96][0x19][0x8d][0xa6]*[0xd1][0xcd][0xcf];[0xe]H#[\r][0x82][0x88][0xdb][0xca]Zc[0x6][0xf][0xf5][0xac][0xe][0x9e][0xe5][0xde][0x8a]X[0xbc][0xd0][0x95]OI[0xc7]o[0xad][0xb][0xb7][0x6]c[0xc7][0x19][0x94][0xee]8I[0xb2]&gt;$lq$T[0xd9][0x1c]&quot;[0xa2]ym[0x8e]=f[0xef][0x1a][0x1b][0xb2]w[0xe8]B[0xc6]X[0x93]p_[0xf5].[0x1a][0x9a][0xde][0xd8][0xe8][0xf8][0xcb][0xd4][0xd1][0xa3]Wl[0xb7][0xa2]Di[0xd9][0x17]8#N[0x8c][0x95]x$)[0x98][0xa2][0x91][0xb8]P[0x8b][0x1d]CB[0x1c][0xd6][0x89][0xe7][0xe3][0xae]w[0xa7][0xa7][0xae][0xce]Kn[0xc4][0x88][0x11][0x8][0xd3][0x12][0x18][0xaf][0xbc][0xb0]r[0xff]ei[0xdd][0x82][0x91][0xda][0xd7]u[0xa6]y[0x95][0xd8][0xcc]Ne[0xd6][0x9][0xf7]E[0x94][0x8a]C[0x99][0x8a]hg[0xe4][0xff]FRb4[0x16]E:[0x8a][0x91]V[0xfc]o[0xe7][0x8c][0x85]2Q[0xac][0xa3][0xff][0x1f][0xb8]g[0xbb][0xb8]([0xd2]1[0x8c]t[0xe6][0x1f]E[0x9a]*[0x14][0x89]b[0x1e][0xcb][0x98]g[0xfd][0xcf][0x98][0xe3][0x83][0x96]([0xea][0xc3][0xe2]%xx|g[0x1c]w[0xb2]c[0x82][0xa6]^[0xf5][0xff]JBr[0xec]f[0xa3]W[0x8a][0xa4]O[0xa8][0xf3][[0xc1][0x81][0xb3]&amp;[0xd0][0x1a][0xac][0xf3]V[0xf8]8d[0xe8][0x9b][0x16][0xfd]pFn[0xe0][0x6]&lt;[0xdb][0xc0][0x8b][0xf0]b[0x3][0xaf][0xc3]u[0x6]^[0xc3][0xc5][0xd5]\\[0x89]W[0x19]x-[0xb7][0xae][0xc7][0x1b][0xc]&lt;[0x8b][0xe1][0x82][0x18]2[0xf0]f|[0xd8][0xc0]s[0xf1]&lt;M[0xf6]3d[0x1]~[0x88]P[0x90][0xa4][0xe5][0xd5][0x1][0xb2][0xd4][0xd6][0xe6][0xfa]i+[0xeb][0xbc]-[0xa6][0xed][0xf5][0x8d][0x81]T[0x7][0x14][0x10][0xf9]d[0x13]([0x18][0xc][0x4][\r][0xd9]_[0xe]0[0xb0][\r][0x1f]F([0xfb][0x9d]|&quot;&apos;[0xfa][0xeb][0xc1][0x10][0xe3][0xbe][0x8b][0x8b][0xcd][0xe4][0xee][0xe]Po[0x3][0xd7]b[0xc0][0xc0]s[0xb8]8[0x9f][0x8b][0xb][0xf0]B[0x3]/[0xc1][0xcb][0xc][0xbc][0x9c]9p[0x5][0x17][0xeb][0xf1]l[0xf2][0x81][0xc9]Jl[0xc8][0x81][0xb2][0xd0][0x90][0x83][0xe4]`C[0xe][0x91]E[0x84]=~[0xf3][0xe1]&gt;[\n]&quot;
2013-02-06 13:51:57,004 AAD-WS DEBUG wire:63 - &gt;&gt; &quot;Y59[0xd4][0x90][0xc5]r[0x98]&amp;K[0xc]Y*[0x87]#[0x8c][0xfb][0x9d]G,[0xb4]]&amp;[0x1d]A[0x96][0x19][0xb8][\n]&quot;
2013-02-06 13:51:57,004 AAD-WS DEBUG wire:63 - &gt;&gt; &quot;W#L[0xf8][0xbd]X[0xe2][0x1d][0xaa][0x81][0xa7][0xfc]![0x1c][0xf1].[0xd8][0xc0][0xd3]q[0xb5][0x81]&apos;[0xe2]I[0x86][0x1c]![0xf][0xa5][0xf0][0xc7][0xe][0xe1][0xa6][0x4][0x82][0x4]6[0xdb][0xb3]*[0xd0][0x1a]6[0xe4]H9[0xca][0x90][0xa3][0xe5][0x18]M[0x8e]5[0xe4]a[0xf2]pC[0x8e][0x93]nC[0x8e][0x97][0x13](;Hw[[0xa4][0x99]2[0xf3][0xa0],[0xbb][0xcf][0x1c][0x99]h`3[0x8b][0xed]F[0xbc][0x9]a[0xe2][0xef]&gt;R|[0xe2][0xcf][0xe8]&amp;[0x19][0xd8][0x82]&apos;[[0x8a][0x92][0x10][0xe4][0xf2][0xec][0x11][0x86]&lt;RN[0xfe][0x3][0xfb]$[0xbc] [0x18]r[0x8a],[0xff][0x3][0x9a]`_x[0x6][0xae]a[0x1][0xba]7[0x2][0xfb]F4[0xf0]4[0xc6]0[0xfe]w[0x9f]#v[0xc9][0x1a]x*[0xa3][0xe8][0x96]:A6[0xf0][0xc]&lt;[0xd3][0xd2][0x8a][0x3]|4[0xe5]9[0xd5][0x9e]&amp;[0xaf]&amp;[0xa7][0x1a]r[0x9a][0xac][0x88][0x9a]V[0xdc]Uf[0xc8][0xe9]r[0x86]!+[0xe5][0xcc][0xe4][0x1d]lo[0xcc][0xb3][0xb3]49[0xdb][0x90]U[0xb2][0xda][0x90]s[0xe4]\C[0x1e]%&apos;[0xb3]:[0xce][0xd3]d[0x8d]![0xe7][0xcb][0x5][0x86]\([0x17][0x19][0xf2]hY[0xab][0xc9][0xc5][0x86]&lt;[0x86][0xa7][0x97]P[0x81][0xf7][0xe0][0xbd][0x14][0xe7][0xa7]y=1[0xd0][0x8f]M[0x86]&lt;V[0x1e][0xa7][0xc9][0xe3][0xe9][0x9a]/[0xa7]`[0xc9][0xab][0xf6];[0xc1][0xc0][0x87][0xd8][0x8d][0x8c][0xf8]-|[0x8b][0xcf][0xa8]hG[0xe9]1[0xe4]R9[0xc6][0x90]uLR=n6[0xa4]W[0x1e]N[0xb9][0xeb][0x81][0xb9][0xf][0xab]Z[0x83]![0x97][0xf1]V)[\r][0x81][0xf3]0C6[0xe2]k[0x86][0xf4]Q[0x81][[0xb0][0xdd][0x90]&apos;[0xca][0x93](=[0xfc][0x8d][0x1]0[0x9d][0x6][0x1f]3[0xa4]_[0x92]0[0xfa][0xa7][c[0xc7][0x8b][0x86]l&amp;zq[0x7]/[0x9][0x90][0xb7][0x96]-[0xf2]d[0x3]#[0xd8]a[0xe0]V[0xde]:(C[0x9a]$co[0x95][0xcb][0xad][0x3]%&amp;O[0x96][0x10][0xe3]%&lt;[0xa5][0xb5][0xa1][0x81]3[0xcd]N[0x5][0x9c][0x81][0x15][0x84]9[0xf7]r[0x17][0x18]r[0x85]\i[0xc8]U[0xbc][0xc7]jy[\n]&quot;
2013-02-06 13:51:57,005 AAD-WS DEBUG wire:63 - &gt;&gt; &quot;!K[0xce][0xb8]L[0x98]5[0x86]&lt;U[0x86][0xc]y[0x9a]$[0xff]s[0xba]&lt;[0xc3][0x90]g[0xf2][0xd6]][0xa2][0xd0][0x5][0xc4][0xa5]&amp;w[0x1]BOn[0x14][0xf8]B[0x5][0xcd][0xad][0xb4][0x8b][m6[0xd5]|[0xb8]1[0xe4]Y[0xbc][0xcd][0xd9]\[0xac][0x95][0xe7][0x18][0xf2]\IR?O[0x9e]b[0xc8][0xf3]y[0xeb][0x1c]oSK[0x98]0[0xd1][0xd5]Z@ym[0x98]xv[0x1][0x1b][0xcf][0xb0]&apos;H[0xe1]e[0x14][0xa9];[0x1][0xe5][0x85][0xf2]&quot;[0x4]W[0x1c][0x7][0xa6]x([0x95][0x8a][0xbb][\r][0xbb][0xb6][0xb4][0x86][0xb][0xc2][0x81][0x82]p[0xa3][0xb7][0xc0]zA[0xe2]#][0xcc][0xa7][0xb9][0x84][0xb7][0xb5][0xde][0xaf][\n]&quot;
2013-02-06 13:51:57,005 AAD-WS DEBUG wire:63 - &gt;&gt; &quot;[0xf8][0x89][0x83][0x1c][0xe5][0xa5][0xf2]2ryj[0x8c][0xb8]F[0x90][0x97][0xcb]u[0x86][0xbc][0x2][0x1f][0xb3][0xee]&gt;[0x93][0xa7][0x95]~[0xbf]w[0x99][0xc7]?9[0xb8][0xac][0x95]t(l[0xef]g[0xc8]+Y[0xc2][0x9d][0xcc]$[0xb5][0x80][0x2]W[0xbf][0xb7][0xde][0xc0][0xed][0xf8][0x88]![0xaf][0x92][0x94]&gt;[0x18][0xe6][0xc][0x7][0x16][0x5]n[0x9b][0xf2][0x14]a[0x87]![0xaf][0x96][0xd7][0xb0]b^k[0xc8][0xeb][0xe4]zJ[0xd9][0x14][0x85][0xbc]([0xbf]![0xde]AG[0xf9][0xa2][0xc9][\r][0xb6][0x1b][0x8d]K[0xb]UFZ[0xd0]L[0xe6]_@[0xa7][0xbb][0x1e][0x89][0x6][0xdd]b[0xa8][[0x93]7[0x18][0xf2]FI[0x8e][0xbc]3[0xc5][0x11][0x5][0x94][0xa0][0x11]h[0xe5]T[0x9e][0xb8][0xd9][0x90][0xb7]P[0xf0]!7[0xca]sX[0xcc]Vv[0x1c]=[0x90][0xbc]U[0xae]7[0xe4]m[0xf2]vC[0xde]![0xef]4d[0x1b]w[0xef]bI[0xde]-[0xff]Da[0x91][0x9d][0x3][0xd3]%[0x8d]C5y[0x8f]![0xef][0x95][0xf7][0x19][0xf2]~[0x96][0xfd][0x3][0xf2]ACn[0xe2][0xd6]C[0xac]C[0xdd]+[0xd9][0xda][0x9b]=~[0x92]&lt;[0xdd][0xe0]![0xe5][0xb4][0xeb]V[0xf5]G[0x10][0x5][0xa4]P[0x8e][0x82][0xfe][0x13][0xa9][0xea][0x12][0xe3][0xbd][0x8a]b[0x88]d{[0x9d][0xd7][0xc]k6[0xcb]-[0x86]l[0x97][0xcb][\r][0x19]a[0xe4][0x1d][0x1c][0xe5]&lt;[0x81]O[0x1a][0xf8][0x14]&gt;m[0xc8][0xad][0xec][0x0][0xb6]1[0x9d][0xf]37[0xb3][0xcc][0x9c][0xdb]]@[0x14][0xea][0x5][0xa6][0xf0]i[0x1b]gA[0x1][0xb1]5[0xcc][0x13][0xdc][0xb1][0xb2]dV[0x98][0xed]lr$[0xc5]G[0xe5][0x16][0xda]{a\.[0xcb][0xa0]Y[0x5][0x5]Ml[0xb8][0xc][0xb9]C[0x92][0xae][0xe4][0xc5][0x9][0x82]E[0xca][0x92]2[0xe4]N[0xf9][0xb8]![0x9f][0x90]O[0xd2][0x9e]l&apos;[0xbc][0x8d]![0x9f][0x92]OS:[0x1c][0x7]_[0xd9][0xac]$a[0xd9]r9[0xbf][0x9][0xaf][0xc][0xc7][0xa9][0xb4][0xa6]t[0x9c][0xb7]5[0x14]W[0x9a][0xbd][0xe1]2[0xa2][0xd2][0x90][0xbb][0xe4][0xee]h[0xf8][0xc7]cU[0x1e]C [0xd8][0xe4][0xe5]#[0xc4]i[0xe8]-[0xac][0xe1]9[0x89])[0xb5][0xbb]@[0x93][0xcf][0x90][0xac][0x88][0x9c]g[0xe5][0x0]:Oc[0xf4][0x99][0x82][0x94]Y[0x9d][0xac][0xa0].[0x9a][0x88]:[0x1a][0x88]&quot;[\n]&quot;
2013-02-06 13:51:57,006 AAD-WS DEBUG wire:63 - &gt;&gt; &quot;[0x8a]+[0xa8][0xb2]F[\r][0xb9][0x87]E[0xd9][0xc9]v[0xad]&lt;g[0xc8][0xe7][0xe4][0xf3][0x9a]|[0xc1][0x90]/[0xca][0x97][0xc][0xf9]2[0x92]ft[0x9a]f[0x19][0x86][0xb9][0xc][0xb7]q[0x14][0xda][0xa5][0xdc]V/k[0xf8]Q5[0xdc][0x1c][0xbd][0x8][0xa3]i[0x8e]}5Z[0x90][0xc4][0x8b][0xc6][0xa8][0xc7][0xeb]d[0xf1][0xab][0xc0]c[0xa6][0xfb]][0xa2]}[0xd3][0xbe][0xc9][\n]&quot;
2013-02-06 13:51:57,006 AAD-WS DEBUG wire:63 - &gt;&gt; &quot;_[0xc0]vr[0x8c]le[0xe4]_[0xac][0x4]&gt;v,[0xf5][0xc6]I:hf[0xe5][0x9a]|[0xc5][0x90][0xaf][0xb2]F[0xed][0x95][0xe4][0xf5]_[0x97]o[0x10][0xb7]I[0x1b][0xbc]+I)[0x82][0xa1][0xb0][0xf2][0x8a]o[0xb2][0xf7][0x8][0x90][0xe5][0xd0][0x15]I^[0x80][0x4][0xd2][0x89][0x8c]q9?[0x1e][0xf9][0xc9][0xdc][0x8][0xe6]-[0xf9][0xb6]![0xdf][0x91][0xef]Z[0xe8]C61[0xf2]=[0xbe]l[0xc][0xb5][0xa7]E[0x82]![0xdf][0x97][0x1f]h[0xf2]CC~[0xc4][0xcc][0xd4][0x9b][0xbd]+[0x94][0xdd][0x92][0xf7]![0x87][0x8b]{[0xf9][0xf6][0xf9][0x98]m[0xf2][0x13]y[0x19][0x1f]f3[0xe7][0x7]7[0x19][0xf2][0xcf]l[0xc0][0xbd][0xd2][0xc6][0x10][0xac]&apos;[0xa6][0x9b][0x19][0xae][0xdc][0xcc][0xf0][0xca]fr[0x89][0xb][0xbd]A_[0x83][0x8f]/[0x84]~[0xc9]w+[0xf3]-m[0xcc][0x9f][0xf4][0x88][0x15][0xfb]H[0x93]p[0x11][0xa6]x[0xcd][0x89]A[0x16][0xa4]{[0x85][0x89][0x81][0xf4]O[0xfb][0xba][0x13][0x83][0x19]x[0x90][0xf7][0x96][0x18]TW[0x85][0xc9][0x17]([0xab][0xa1][0x3][0x93]U[0xad]6[0x9f]w[0xe3][0xdc][0x89][0xca][0x90][0xf8]E,[0x10][0xe4] [0x89][0xcc][0x9e]_=)[0xdd][0xf3][0xb0]~u-J[0x99][0xf7][0xf3]sk[0xc2]+[0xed][0x1][0xaf]1[0x89]o[0xb8][0xe6][0xb]Je[0x13][0xe1][0xac][0xac]c[0x1b][0x1e]u[0x90][0x7][0xdf][0xc4]d[0xd4]^[0xc4][0xcf]v!B[0xa2][0xd6][0xe7]&apos;[0xbe]7[0xa9]y~_J[0x8][0x0][0x17]TVy[0x9a]i5[0xf1]A[[0x16]][0x99][0xf0]&amp;:g[0xe9][0x89]$[0x9e][0xe4][0x1d][0xcd][0xcd]z$[0xc5][0x15][0xb][0xc2][0xfc]&quot;[0xea][0xe3]G[0xb0],[0xc2]6[0xdb][0xfa][0xb2]RT[0x14]{M&gt;[0xe0][0x89]9[0xf1][0x1]g[0xf4][0x1f]H[0xcc][0xe9]L:[0xb][0xc4][0xf4]E=[0x12][0x99]l[0xeb]![0x1c] [0xde][0x98]I[0x90][0xfd][0xfc][0xae]h2[0xc7],F(|.[0xf2][0x10][0xe9][0xb4]j[0xf0]A^[0x16][0xa3]P[\n]&quot;
2013-02-06 13:51:57,007 AAD-WS DEBUG wire:63 - &gt;&gt; &quot;I[0xd7]Td[0xd0]0[0xe1]Ne[0x1d][0x7]{[0x9]N[0xc0][0xcb][0xda][0x17][0x8b][0xe2][0xe]&lt;.?[0x8d]S[0x98]fm[0x93]`5[0x83][0xd2]?p&amp;l[0x91][0xe6][0x8d]^[0xbd][0xe6][0xf0][0xfc][0x1f]x?9[0xf8][0xa3][0xdf][0x14]o[0xcc][0x9][0x8f][0xe6][0xd9]$[0xbb]i[0xf5][0xbe][0xb0]i[0x9c][0x8e][0xa2][0xc5][0xea][0xf1][0x9f][0xbf]p[0x5]ZCq[0xd2][0xe9][0x1f]&apos;W[0xf3]|[0x9][0x0][\n]&quot;
2013-02-06 13:51:57,007 AAD-WS DEBUG wire:63 - &gt;&gt; &quot;W[0xee][0x81][0x8f][0x9c][0xa6][\n]&quot;
2013-02-06 13:51:57,007 AAD-WS DEBUG wire:77 - &gt;&gt; &quot;[0xa9];[0xfb][0xa0][0xdf][0x4][0xe2]M[0x82]b)[0xfb][0xdb]g[0x8c][0x80][0x1][0x7][0x10][0x90]&quot;
2013-02-06 13:51:57,008 AAD-WS DEBUG wire:63 - &gt;&gt; &quot;[0x8][0xa1]([0x90][0xb4]0[0xee][0x93]N[0xf2][0x83]Y[0xfa][0x87][0xb4][0xe2][0x83][0x99]R[0xe2]`[0x92][0xa5][0xcf][0xf2][0xae][0xa2][0xa3][0x4]N[0xf2][0x9a][0x8e]&amp;[0xae][0xdb][0xab][0xa8][0xb2]2qG{[0x92]?[0xf9][0x10][0xe3]&apos;[0xd7][0xd5][0x91][0x93]V9[0x1e][0x5][0xdb]Ei`[0x95]n[0xb2][0x98][0x9a]YH[0xf5],[0xd4]4[0x8f]fQ[0x83][0xec][0x99]~[0xd6][0xb4][0x93][0x14][0xee][0xba][0xe8][0xa0][0xcf][0xe8][0x9]\[0xee]aaHq[0xc3][0x94][0xfc][0xea][0xb7][0x85][0x4]L[0x87][0xd8]/[0xeb]4c[0xd1]7$[0xdd][0xe9][0x12][0x1][0xc7]&apos;[0xdd]Ci[0xc0]([0x1e]$[0xd6][0xd5]4[0x6]V[0x84][0xe6]Q[0xbc]0[0x83]B [0xf5][0xe5][0x8b][0xd9][0xcf][0x3][0xb][0xcd][0x90][0x81][0xc][0x81][0xf5][0x94][0xee][0x80][0x96]@[0x90][0xcc][0xdf][0x95]D[0xc4][0xcc][0xe8]T[0xb2][0xf8]g[0xc6][0xd6]LH[0xa1][0xde][0xbf]C[0xab][0x6][0xa7]1[0xd5][0xf8][0xe4]Z1[0xad][0xb7][0x19][0xc9][0xa4][0xf3][0xa3][0xbd][0xcc][0xe9]4[0x2][0xca][0xb2]~3[0xe0]&apos;[0xce]t7[0xdb])[0x9c]f[0x6][0xab].[0xcb][0xc7][0x86][0x8e]}[0x6][0xe4][0xf][0xe][0x9c][0x4]N[0xb6]~B[0xc2][0x8c][0x9b][0xea][0xf5][0xb6][0xf0][0x93][0x8b]9[[0xc1]a[0x9a]Z[0xc0][0x1e]/[0x8d]4[0xad]O%[0xea][0xf3][0x5][0x83][0x96][0x7]Z9[0xb6][0x95]EC[0xf9]K[0xb9][0xf9][0xb5][0xd3][0xf4][0x1e][0xd6]o2d[0xb][0xdf]/[0x87][0xa7][0xb8]C[0xd3][0xdd][0xaa]I^%;[0xe6][0xdf]C1[0x9][0x9b][0x17][0xe5][0xb4]f[0xca]&amp;[0xc9][0x10][0xcd][0xef]2[0xf9])&apos;[0xd4]/[0x4]([0x1d][0xf0]{9[0xf1]L[0xe]P[0xec]m2=--^[0xfe]LZ[0xf2]+[0xee].[0xfe]u[0x80]?[0x84][0x86][0x3][0xe6][0x8][0xc5]H[0x8d][0x9e]PU [0xe8][0xb5][0xb6][\n]&quot;
2013-02-06 13:51:57,008 AAD-WS DEBUG wire:63 - &gt;&gt; &quot;)[0xb6],N[0xc2][0x98][0xe2][0xa8]I[0x18][0xf3]Z[0x82]^[0xf5]B[0x99]p[0x88],[0xf5][0x5])[0xa8][0x8e] [0x97][0xf1]][0x97]&gt;.I:[0x1a][0xb]k[0x1]E[0xe9][0xe6][0x80][0x89]j[0xbe][0xca]h[0xcd]/W[0xf1]_[0x97][0xcd][0x1f]2[0x84]=[0x14][0xd6][0x93]+K[0xfa]h[0x1c][0xdd][0x84][0xce][0xd4]u[0x99]7j[0x84][0xf1]z[0xd0]Y=IT6[0xfb][0xc2]5[0xfc] [0xc1]i[[0xc8]|[0x95]5[0x9d][0xa1]m[0xb7][0x99][0xe6][0xaf][0x11][0x10][0xc6][0xa7]3[0xbf][0xe4][0xaf][0xdb])[0xfc][0xd1]})[0xa1][0xa9][0xf]7*[0xdd]M[0xe4][0x97]/do[0xe6]$[0xcf]g[0xcb]?[0xe5][0x89][0xf8];[0xb4][0xd7][0x84][0x98][0xac]`*S+[0x89]iXt[0xe3][0x86][0xd4][0xe7]}[0xdd]k[0x8b]ZS[0xf2][0xe1][0x9f][0xb5][0x90][0x9f]?[0xe6][0xa0][0xc6][0xd3][0xad][0xe8][0x98][0xd4]$d7yN[0xf2][0xda]T[0xa7][0xb][0x2][0xd4]7[0x16][0xf5][0xe9]5[0x91]#[0x94][0xff][0xfb][0xea][0x13][0x9f]*W[0x85][0xd4]c[0xa6][0xa4][0x84][0x9f][0xe]5;[0x1a][0xda][0xcf]%.[0x93][0x80][0x88]u|[0x89][0xe6][0xa5][0x18][0xe6][0x1f][0xbb]p[0xcf][0xaf]~@pr[0xab][0xc7][0x1f]R[0xbf][0xb6]2[0xd3]N[0xf3][0x9c][0xac]V[0xf3][0x2]+*[0x2][0xc1][0xe8][0xb9][0xf]Fo[0xa5][0xd2],s=[0xad][0xe2][0xa0]E[0xf9]*g[0xec]}[0x87][0xb6][0xf2][0x85]f{=[\r]fP[0xa7][0xf4][0x8a][0xa5][0xd1][0xb7][0xa8][0xf2][0xe0][0xde](&gt;#K[0xf5][0xa3][0x1][0xf2][0x8c][0x1c][0xcd]Oe[0xc1][0xa6][0xd6]#[0xfe]&gt;;[0x83][0xfc]h [0xb8][0xca][0xcc]i2[0xd9]f[0xf8]sN[0xd4]]X[0x8f][0x6][0xc][0x1c][0xe]L[i&gt;[0xa5][0xd0][0xe1][0x9b]L[0x83]2?l[0x99][0x89][0x8e][0xed][0xc0][0xcd]S[0xa5]u[0xa6][0xd6][0xd7]2[0xb6][0xa5][0xd9][0x9e][0x90]R[0x1f][0xfb]j1y@[0x1b][0xd6][0xb4]x[0xeb]L[0xf5]2)[0xeb]\[0xe7][0xf7]z[0x82][0xf6][0x16][0xea][0x97]U[0xc9];[0xe6][0x85][0xac][0xb7][0xe2]p[0xe3][0xfc][0x80][0xad]Pz[0x9d]}[0x1b][0x14][0xfe][0xca]uo[0xb1][0xad];[0xef][0xea]]A2[0xa9]O[0xda][0xe1][0x90][0xe4]c[0x86][0xe][0xa6][0xf8][0xd6]A3B[0xa6][0x14][0xba][0x15][0xa5][0x10][0x82][0x8a]`C[0xb1]O[0xf6][0x1c][0xe2])[0x87]L&lt;p[0xf4]i[0xc8][0xfc][0xbd][0x2][0xff],[0xc8][0xfc][0xb5][0x1e][0xa3]-O[0x85][0xf6][0xe0][0xde]efB[0xee][0xae][0x90]v[0x8a]!U[\n]&quot;
2013-02-06 13:51:57,009 AAD-WS DEBUG wire:63 - &gt;&gt; &quot;0[0xa9](Q[0xfe][0xbf][0x1b]a[0xdf][0xb4][0xf9][0x91][0xc5][0xe5].[0xea][0xa7]H[0xe6][0x84])[0xe3]l[0x93][0xef]V[0x0][0xce]Il[0x85]zB[0xca][0x8d][0x8b]wyD[0xe1]O[0x8][0x1b][0xe7]y[[0xc8]w[0x87][0xed]4[0xb6][0xb3][0xf5]kF{`[0xec]o[0xfc][0xed]W&quot;&quot;v[0x13]M[0x9e][0xe0]I[0xc][0xed][0xf7][0x86][0xbd][0xfe]US}A[0xfe][0xb1]O[0xc1]A[0xa2]O[0xeb]x|[0x98][0xd8][0x8f][0xfe][0xb2][0xa3][0x96][0xad][0xf4]0?[0xaa]2I[0x8e][0xb6]K[0x14][0xaa][0xb2][0xb9][0xde]W[0xc7][0x91][0x9f][0x83] [0xd5][0xef][0xc4]*[0xf]v[0x19][0xb3][0x99][0xf3][0x9b][0xd3][0xaf][0xa5]P[0x1c][0xac][0x98]/W[0xa9]#[0xb8][0xe4]_[0xe3](W[0x95]cz[0xff][0x8a]`[0xa0])z[0x13][0xab]8[0x88]&quot;=[0xce][0xc5]8[0x1b][0x18][0x98][0xce][0xd4]c@1[0x95][0x16][0x84][0x4][0x9d][0x80]7N[0xf]L[0xfd]`[0x1d][0x8d][0xbf][0xd1]%%[0xec][0xd0][0x1f]rq1d[0xe2]1[0xb8][0x4][0x8f][0xc5][0xe3][0xf0]x&lt;[0x1][\n]&quot;
2013-02-06 13:51:57,009 AAD-WS DEBUG wire:63 - &gt;&gt; &quot;[0xc1][0xc1][0x9f]@[0x1][0xa8][0xf6]c[0x93][0xaa][0x9b]1[0xa0][0xea][0x16]&lt;[0x99]j[0xc1][0x1f][0xce]U?[0x8c][0xad][0xaa]^n[0xf5]W[0xe0]JU[0xaf][0xc2][0xd5][0xaa]&gt;[0xc5][0xaa][0xd7]X[0xf5][0xa9]V}[0x9a]U[0x9f]n[0xd5]g[0xe0][0x99][\n]&quot;
2013-02-06 13:51:57,009 AAD-WS DEBUG wire:63 - &gt;&gt; &quot;[0xef]Yx[0xb6][0xaa][0xd7][0xaa][0xfd][0x4][0xc1]V[0xf5][0xb9]x[0x9e][0xaa][0xcf][0xb7][0xfa][0x17][0xe0][0x85][0xaa][0xbe][0x8]/V[0xf5]%x[0x99][0xaa]/[0xc7]u[0xaa][0xbe][0xc2][0xaa][0xaf][0xc4][0xab]T}[0xb5][0xd5][0xbf][0xc6][0xaa][0xaf][0xb5][0xea][0xeb][0xac]z[0xbd][0xb5][0xef][0x6][0xab][0xbe][0x1e]o[0xa0][0xda][0xc9][0x1f]`U}[0xb3][0xaa]u[0xbc][0x5]7[0x2][0xe2][0xad][0xc0][0xff][0x8d][0x84],[0xbc][\r]o[0xa7][0xfe][0x1d][0xd4]+[0x4][0x9]H[0xb5][0xb1][0x1d]rk[0x8b]wB^[0x7]t}[0x90][0xfa][0x88]wR[0x99][0xa9][0xe6][0xce][0xa4]^[0x1b][0xde]e[0xae]@[0x9][0xfc][0xf][0xe0][0xb2][0xe2][0xe][0xc8]/[0xde][0xe][0xdd]j;[0xa0]{;d[0x15]c;[0xf4][0xe0][0xc2][0xc5][0x85][0xc1]EO.zq![0xb8][0xe8][0xcd]E[0x1f].[0xfa]r[0x91][0xc9]E[0x6][0x17][0xe].4.$[0x17][0xfd]bX[0x91][0x9a][0x5][0xd4][0xec][0xdf][0xe]z[0xf1][0xb0][0x8][0xc][0x88][0xc0][0xc0][0xaa][0x92]][0x90]]\[0x12][0x81][0xc2]6[0xda]&amp;w[0xd0]V[0x18][0x1c][0x81]![0x9b]l[0xa2][0x97]B[0xf]*[0xcf][0x5][0x7],[0x86].[0xb0][0x4][0xba][0xc2]q[0xe0][0x82][0xe3][0xa1]/[0x9c][0x0][0x3][0xc1][0x3]E[0x4]Q[\n]&quot;
2013-02-06 13:51:57,010 AAD-WS DEBUG wire:63 - &gt;&gt; &quot;u[0xc4][0x88]z8[0xc][0xbc]0[0x1][0x1a]`2,[0x83][\n]&quot;
2013-02-06 13:51:57,010 AAD-WS DEBUG wire:63 - &gt;&gt; &quot;h[0x84]Y[0xe0][0x83][0xb9]p&quot;,[0x80][0x93]hu[0x13][0xcd][0x9e][0xc]-p[0x1e][0xac][0x82][0xf3][0xe1]T[0xb8][0x0][0xce][0x81][0x8b][0xe0]R[0xb8][0x84]v[0xba][0x1b][0xff]d2D~Flr[0x10][0xf7][0xdf][0xcf]-[0xda]J[0x84][\r][0xdb][\n]&quot;
2013-02-06 13:51:57,010 AAD-WS DEBUG wire:63 - &gt;&gt; &quot;C[0xf9][0xfc][0xdb][0xa1][0xb8][0x96]X4[0xac][0x1d]J[0xa8]][0xca][0xed][0xe1][0xed]PF[0xed][0x11][0xdc]&gt;[0xb4][0x1d]F[0x16][0xf]#[0x86][0xb7][0xc3][0xa8][0xe2]-0*[0x2][0xa3][0xab][0xb8][0xde][0xe]c[0xe8][0xbc]c#p[0x18][0xf7][0x8a]#p8[0x1d][0xb7]I[0xf1]6[0x18]&apos;[0x80]+7U[0xdb][0x80]L[0xab][0xba]t[0x17][0xe8][0xa5][0x4]1[0x81]pN[0xac][0xdd][0xe][0x93]js[0x8f][0xe8][0x80]#;`r;Ly[0x8][0xca][0xd7]C7[0x9a][0x99]Z[L[0x98][0xa6]t[0xc0][0xb4]v[0xa8]h[0x83]\[0x1a][0x9a]^k[0x8e][0xcc][0xa0][0x11]jU8&quot;P[0xc9][0xf5]v[0x98][0xc9][0xa4][0xcd][0x8a][0xc0]l[0x82][0xaa][0xe2]vu;[0xcc][0xa1][0xf6]\n[0x1f][0xd5][0xe][0xf3][0xa8]][0xc3][0xed][0xf9][0xed][0xb0][0x80][0xda][0xb][0x89][0xd6]E[0xed]p45k[0x19][0xe9][0xc8][0xe2]E[0xb9][0x8b][0xb7][0xc1]1[0x2]v[0xc2][0x92][0xe]8[0x96][0xe5][0xbd]E[0xfd][0x8d][0x8c][0xc0]qT[0x1d][0xcd][0xdd][0x8][0x1c][0xbf]([0xba][0xa2][0xe4][0x80][0x15]}i[0x94][0xff]H[0xc2]&apos;X+[0xfa]Z+&lt;[0xb4][0xdd]R[0xd6][0x1c]s83[0x2]u6[0xa2]9[0x7] [0xca][0xa0]Q[0xfe][0x9b][0x13][0x81]zn[0xe6][0x1c][0x9d][0xb1][0x15][0xbc][0x11]h[0xb0][0x96]g[0xc4][0xd3]1[0xef][0x80][0xe5][0xe][0x1a][0xe5][0xbf]y[0x11]X[0xc6][0xcd][0x9c][0xf2][0xc4][0xe5][0x8e][0xf8][0xe5][0xb][0xe]X[0xae][0xd1]([0xff]-[0x88]@#7e[0x4]|\[0xe7],LD[0xa3][0xc5][0xa3]);[0x0][0x8d][0xa4]Q[0xfe]+[0x8b][0xc0][0x89][0xd6][\n]&quot;
2013-02-06 13:51:57,011 AAD-WS DEBUG wire:63 - &gt;&gt; &quot;[0xa9]V[0x90][0xbc]&quot;p[0x12])[0x84]_[0x0]wH[0x11][0x9a][0xcc][0xc1][0xe6][0xea]R[0x1a][0xe][0x98][0xc3]De[0xb][0xd7][0xb4][0xe8][0xe4]bS[0xd1][0x82]&amp;X[0x88]6[\r][0x13]C[[0xdb]a9[0x8d],[0x8f][0xc0][\n]&quot;
2013-02-06 13:51:57,011 AAD-WS DEBUG wire:63 - &gt;&gt; &quot;sb%#[0x1f][0x95][0xbb][0xca][0x1c]\[0xbd][0x88][0xc4]}J[0xcc][0xbc]~[0x80][0x89]T^[0xe][0x19]p[0x5]t[0x82]+[0xc9][0xb4][0xae][0x82]Ap5[0x1c][\n]&quot;
2013-02-06 13:51:57,012 AAD-WS DEBUG wire:63 - &gt;&gt; &quot;[0xd7][0xc0]8[0xb8][0x96]Li=[0xcc][0x81][\r][0xb0][0x8][0xae][0x87]c[0xe0][0x6]2[0xb6][0x1b][0xc9][0xa8]n&quot;3[0xba][0x19][0xc2]p[0xb][0x99][0xd2]md@[0xb7][0xd3][0xca];[0xe9][0xdf]][0xd0][0xe][0x82]G[0xe1][0x1e]x[0x1e][0xee][0x83][0xb7][0xe0]~[0xf8][0x14][0x1e][0x80]o`[0x13][0xfc][0x7]6c7[0xd8][0x82][0xfd][0xa1][0x1d]K[0xa1][0x3]g[0xc0]V[0xac][0x81]mx&lt;l[0xc7][0x13][0xe1][0x11]\[0xe];[0xc8][0xb]&gt;F[0x1e]o&apos;[0xde][\r][0x8f][0x93][0xdf]x[0x12]_[0x86][0xa7][0xf0]]x[0x1a]?[0x87]][0xf8]/xFt[0x81]gEO[0xd8]#[0x6][0xc0]s[0xa2][0xc][0x9e][0x17][0xe3][0xe1]E[0xb1][0x10]^[0x12][0x1e]xE4[0xc1]^[0xb1][0x1a]^[0x13]g[0xc1][0x1b][0xe2]BxS[0xac][0x83][0xb7][0xc5]zxGl[0x84][0xf7][0xc4][0x83][0xf0][0x81][0xd8][0xe][0x1f][0x8a]=[0xf0][0xb1]x[0xb][0xfe],[0xde]#[0xaa][0x1c][0xfc]C[0x5][0xcb]k[0x16]Y&gt;[0xd0]([0xd9][0xe]k[0x88][0x85][0xa7]F[0xe0][0xb4][0x18][0x87][0x9c] [0xa8][0xfc][0x1b]d[0xc3][0xdf]i[0xe4][0xbe][0xa8][0xa3][0x80][0xb5]4N[0x8e][0x2][0xa6][0xe6][0x9e][0xce][0x8e]B[0xc9][0xe2][0x8c]*[0xcb][0xcc][0xcf][0x8c][0x97][0xdd]YJv[0xa3]0[0x2]g[0x9b]`k[0xc9][0x9]8[0xd9][0xfa][0xcf][0xa1][0x19]:[0xea][0xa8][0xd8]n[0xc3]i[0x1f][0x80][0xaf]I[0x1e][0xdf][0x90]&lt;[0xbe][0x85]|[0xf8][0xe][0xfa][0xc0][0xbf][0xc8][0xb3][0xf]%$[0xad]Q[0xf0][0x13][0xb9][0xb9][0x9f]a[0x12][0xfc][0x2][0xe5][0xf0]_Zu?&gt;`Q4[0x88][0xe8]aZ;m[0x87]sk[0xf][0x81]gr[0xea];[0xe0][0xbc]$[0xf7][0x8f]H[0xff]?h/)[0xb4][0x96][0x18][0xbc]$[0xa7]&gt;[0xe5][\n]&quot;
2013-02-06 13:51:57,012 AAD-WS DEBUG wire:63 - &gt;&gt; &quot;*q[0x93][0xbd]b[0xb0][0xb5][0xa2][0xb3][0xda][0xe4][0xf4][0xfd][0xf4][0x8a]5[0xc4]4[0xfe]=[0x87][0xb5]f[0xf][0xad][0xe0]5[0xcb]s[0xcf][0xb7]Yu[0xc1]nplb[0xc7][0x15][0x81][0xb][0xcd][0x91][0x8b]v[0xc2][0xc5][0xb3][0x87][0xa9]a[0xba][0x1b].[0xe1][0xfb][0x87]&amp;zD[0xe0]R[0xbe][0x85][0xb8][0xd9][0x1][0x97][0xb5]AW^dN\[0xbe][0x13][0xd6]E[0xe0][\n]&quot;
2013-02-06 13:51:57,014 AAD-WS DEBUG wire:63 - &gt;&gt; &quot;[0xb3]s[0xe5][0x8d][0xfb]?[0xb7][0xcc]h&apos;\[0x15][0x81][0xab]-GyM[0x8c][0xb9]S [0x87][0x9a]] [0x3][0xf3][0xa0][0xb]v[0x85][0x1c][0xec][0x1][0xdd][0xb1]&apos;[0xc][0xc0][0xde]0[0x18][0xfb][0xc0][0x10],[0x80]2RQ7[0xe][0x84])X[0x8][0xd3][0xb0][0x8][0x16]R}[0x2][0x96]@[0x13][0xe][0x87]V[0x1c]A[0xe7][0xda]B[0x12]3[0xcf]u+[0xa9][\r][0xab]@u[0xee][0xb5]t[0xae]a[0xd6][0x89][0xe8]([0xd7]U[0x95][0xec][0x6][0x9d]N[0xb1]~S[0xd4][0xbb][0x9b][0xfd][\r][0x9b]b[0xb7]a?[0x82][0xed]W[0x1a][0x81][0xeb][0xe9][0xef][0x86]E[0xc5][0xa5][0x1d]pc[0xf1][0xb0][0xe][0xb8])[0x99][0xde]qD[0xef]x[0xba][0xe6]&apos;P[0x8]0[0x89]B[0xa5]#[0xa0][0x1b][0x1e][0x9]=q2[0xf4][0xc2]r[0xa2]}*[0xd1]&gt;[0x8d][0xf4][0xa8][0x2][0x86][0x91]Y[0x8d][0xc5]J([0xc7]Y0[0x3][0xab][0xa1][\n]&quot;
2013-02-06 13:51:57,014 AAD-WS DEBUG wire:63 - &gt;&gt; &quot;[0xe7][0x12][0xbd][0x11][0xec][0xb0][0xe8]=[0xdd][0xa2]w[0x16]QrsU[0x1b]L [0xe2]nArN[0x1b][0xf9][0xf6][0x19][0x9e]@[0xcf]v[0xb8][0x95][0xc8][0xbc]-[0xf7][0xf6][0x8][0xdc][0xc1][0x83]TE[0xe0]N[0x16][0x1f][0x13]J[0xb][0xdb][0x10]6[0xec]&lt;F[0xec][0x0][0xd0][0xa9]y4[0xc5]&apos;[0xb5]*[0x9e][0xeb][0x86][0xc7][0xc0]@\[0x2][0x13][0xf0]X[0x98]L[0xe3]3)[0xaa][0x13][0xfc][0xa3][0x16][0x93][0x18][0xf1]*[0x11]c[0xd0][0x8a]7[0xa2];[0xdd]E[[0x10]aw[0x9b][0xdb](n:&amp;[0xd2][0xc0][0x9f][0xaa][0xdb][0xb0]k[0xa9]E[0xe9]D[0xb7][0xa3][0xf7]z[0xd0][0xe5]D[0xda][0xde]E[0xde][0xf0]R7[0xdf][0x9][0xe8]r[0xb8]2[0x14][0x17]U;[0x2][0xf7]D[0xe0]^[0x6][0xce]te[0xee][0xa6]`f[0xb][0xb8][0xb8][0xc9]0W[0xf0][0xf4]};a[0x92][[0x8b]n|?m[0xec][0xd2][0xec][0x9d]][0xda]n[0xc8][0xce]}[0x80]Zmp[0x3][0x8f]?[0xe8][0xd6][0xb9][0xda][0xe4]fD[0xfd]\Y[0x11]xh[0x3][0x94]0[0x9e][0xcd][0x1b][0xa0][0x90][0xa7][0xb6][0xac][0x87]&lt;[0xae][0xdb][0xd7][0xd3][0xca][0x88]Z[0xb9][0xd4][0xc5]wDG[0x1b][0xd4][0xba]t[0xc6][0xb7]U[0x8d][0xce]F[0xb7][0xd3][0xa5]G[0xd1][0x10][0x89][0x1b][0xb7][0xc2]6[0xb7][0xb3][\r]r[0xdc][0xd9][0xae][0xec][0x8]lWP[0x83][0xa3][0x94]=[0x92]H[0x19][0xad][0xcb]ri.&apos;[0x9f][0xb4][0xd4][0x94][0xc0][0xbe]/[0xac][0x90][0xca][0xed] V=[0xea][0xce]h[0x83][0xf1][0xae][0xc][0x9b]Yt[0xe8][0x8][0xec][0xd8][0x0]C[0xa2][0x18][0x1f]c[0x8c]4[0xb6][0x93]8[0x10];[0xb1][0x83][0x87][0x1e][0xe7]u[0xa6]T[0xe5][0xd8][0xcc]6[0x18][0x13]][0xf3][0x4][0xaf]q[0xe4][0x13][0xc8][0x93]1[0xf1]X[0x3][0xca][0x2][0x9f]j[0x83][0xc][0xb7][0xb6]6[0x13][0xf3]3[0x99]+[0xbb]6[0xee][0xdf][0xbd][0x89][0xc][0xfe][0x1b][0x94][0xe4]&lt;[0x1e][0xc6]v|[0x12]w[0xc1][0xd3][0x96][0x9e][0xbc][0x3]cI[0xea][0x8d][0xa4][0x1f]&apos;[0x92][0x12][0x9f]DJ[0xdc][0x4]}([0xa2][0x1e][0x84]-0[0x2][0xc3]0[0x9a][0xa2][0xf9][0xb1]t[0x1f][0x8c][0xc3]5p$[0x9e]N,;[0xb][0x8e][0xa5][0x88]x)[0xae][0x85]F&lt;[0x17][0x2]x[0x1][0xac][0xa2][0xc8][0xfb]r[0x8a][0xba][0xaf][0xc6]K`[0x3]^[\n]&quot;
2013-02-06 13:51:57,015 AAD-WS DEBUG wire:63 - &gt;&gt; &quot;7[0xe2][0xe5]p;[0xdd][0x1f][0xf7][0xe0][0x15]t[0xb7]\I[0xf7][0xc8]U[0xf0][0x12]^[\r][0xaf][0xe1]5[0xf0]&amp;[0xae][0x87][0xf7]q[0x3]|D[0xd1][0xf3]gx3|[0x89][0xb7][0xc0]Wx[0x1b]Qw[0x7][0xd1]w&apos;fR4[0x9c][0x83]wa[0x1e][0xdd][0x8][0xc5]x/[0x8e][0xc5][0x0][0x1e]A.r[0x6]9[0xbd]jrbG[0xe1]f[0xca]J[0xb6][0xa0][0x97][0xce]q[0x16][0x19][0xd3][0x5]4v%n[0xa3]h[0x9d]O[0xf6][0x8][0x9d][0xed]Q|[0x86][0xfa][0xaf][0xe3][0x13][0xa4][0xdf][0xdb][0xf0]a[0xcb][0xd8]^![0xfd][0xce][0xe4]x;w[0xb7][\n]&quot;
2013-02-06 13:51:57,015 AAD-WS DEBUG wire:63 - &gt;&gt; &quot;$;[0xe0][0x99][0x8]&lt;[[0x85][0xd5]m[0xb0],jw[0xeb][0xaa][0xa3]&lt;[0xde]c[0x9a][0x99][0xc5]]j=w[0x13][0xc][0xa6][0xea]y[0x2]r;[0xb6][0xc3][0xb][0xb5][0xcc][0xd9][0x17];[0xe0]%[0xa5][0xf0][0x15][0xac][0xca]/[0xb7]A[0x1f][0x2]y1:[0x9f]8[0x19]5[0xd1]8[0xff]7[0x89]&quot;h[0xc0][0xe7][0xc8][0x9f][0xbc][0x0][0x9d][0xf1]E[0xf2]/C[0x1e][0xbe]B[0xec][0x95][0xae][0xa7][0xbd][0xe4][0xf7]^#[0xdf][0xf1]:[0x1c][0x85]o[0x10][0xcb][0xdf][0x86]:|[0x7][0x9a][0xf1]=XApg[0xe0][0x87]t[0xbc][0xed][0xf8][0x88][0x95]8[0x9c]@[0xc7][0xcb]&quot;[0x9c][0x9f][0x9b]&gt;[0xfc][0x15]:[0x98][0xad][0x89]m[0xf0][0xec][0x81]&apos;|[0xd5]&lt;[0xe1]^[0xdb][0x91][0x90][0xcb][0xb9][0x95][0x6]^c[[0xcc]pe[0xb0][0x91][0xbc][0xae][0xd4][0xff]b[0xa5][0xe7][0x19][0xca]&gt;[0xde]`[0x15][0xde][0x5][0xab][0xa2]X[0xde]T[0xfa][0xbb][0x5][0xde][0xb2][0xd1]Dg[0xde]6[0xdd][0x87]5[0x8a]nm[0x98][0xe9][0x8b][0xdf]Q[0xe][0x98][0xcd]Lk#[0xe2][0xf4][0x87][0xe0][0xdd][0xe8][0x92][0xf7]bK&quot;[0xf0]~[0x1b][0xf4]&amp;[0x17]A[0xd6][0xf6][0xc1]z[0xda][0xde]A[0xa4]=[0x1e][0xe5][0xe1]h[0x97][0xe3]A[0xba][0xd7][0xd6]S`s?&lt;lq[0xf3]8[0xe8]N|[0xf8][0x9c][0x1c][0xde][0x17][0xe4][0x99][0xbf]$N[0xfe][0x9d][0x94][0xfa]+([0xc0][0x90][0xf2]~[\r][0x13][0xf1][0x1b][0xa8][0xc0][0xc2],[0xfc][0x16]j[0xf0]{[0xf0][0xe0][0xf][0xd0][0x80]?[0x12]&apos;[0x82]k[0xf0]gX[0x8f][0xff]![0x85][0xfd][0x5][0xee][0xc7]}[0xf0],[0xee][0xa7][0x80][0x6])x[0x11][0xf0][0x1e][0xe1][0xf9]L[0xe8][0xc4][0xed]Gmez[0xd5]R[0xa6][0xb3][0xe2][0xf4]([0xf7]C[0xc5][0xad][0xc6][0x18][0xab]M[0xb5][0x19][0x91]V&apos;&gt;R[0x91][0xa5][0xd5][0xf9]8[0x2][0x9f][0xb4]A1[0x1][0xff]9[0x8d][0x8e][0xc5]CF9qu[0x92]6[0x89]\[0xc8][0x12]y[0x90]-[0xe8]6[0x15][0xdd] Ot[0x87]&gt;[0xa2][0x7][0x14][\n]&quot;
2013-02-06 13:51:57,016 AAD-WS DEBUG wire:63 - &gt;&gt; &quot;[0x17][0x14]S[0xb0]6F[0xf4][0x82]I[0xa2]7[0x1c]%[0xfa][0xc1]bQ[0x0][0x8d][0xa2]?[0xac]$[0xb8]3E![0x9d]o[0x7]&gt;f[0x9d][0xaf][0x91][0xee]%[0xbe][0x99][0xe]7[0x13][0x97][0x17]j[0x87][0x99][0x84]D[0xe0]Sj}[0xb6][0x1][0xfa]S[0xf5][0xdc]D9[0x89]S[0x9e]a[0x94]r[0xfc][0x85]h[0xa6][0xbb]}[0xad][0xc4]&gt;[0xbd]7[0xee][0xff]:FU_[0xd0][0x88][0xaa][0xa1][0x90]+[0x8a][0xc1]%[0x86]A_Q[0x2][0x3]E)[0x94]Q}[0x98][0x18]AP;[0xf1]q[0xeb][\n]&quot;
2013-02-06 13:51:57,016 AAD-WS DEBUG wire:63 - &gt;&gt; &quot;[0x1a]B\[0xed]D[0xb][0x8f][0x8f]*[0xc4]_[0xad]+([0xf7]s[[0x91][0xa8][0xfb]E[0x15][0x7]$_[0xb6][0x83][0x93][0xaa][0xbf]U[0xa3][0xdb]A[0xaa][0x9b]E[0x8c][0xfb][0xbb][0xdb][0x81][0xee][0xc]tg[0x92][0xb6][0xa1][7[0xf5][0xed]+w[0x16][0x81][0xfd][0xc3][0x95]u[0x7][0x8c][0xc9][0xfd]:NA[0xbf]1[0x91][0xff][0x93][0xf1][0xcb]j[0x9c]e[0xdb][0xfb]v[0xf8][0xae]6[0xf7]_[0x1d][0xf0][0xfd]cf[0x4][0xf3][0x3][0xdd][0x12][0xce]][0x10]fW[0xff]#[0xdf][0xc][0x8f][0xc3][0xba][0xf5][0xe0]ue[0xb3][0xa4][0xc][0x97]aY[0x8d][0xee][0xd2]w[0xa9]0&quot;[0xcb][0xa5][[0xd6][0x92][0xc1][0xad][0x9f][0xc8]h[0xa8][0xfa][0xd9][0xad][0xb9]4[0xba][0xd7]][0x9c][0xb8][0x10][0xa6][0xaf][0x87][0x1][0xae][0x8c]][0xd0][0xc9][0x95]Q[0xa2][0xb4][0xdc][0xb1][0x89]m[0xab][0xb3]Ky[0xed]s[0x1f][0xdd][0xd9]*l*[0xe9][0x80][0xff][0xf0][0xbe][0xbb][0xa1][0x8b][0xea][0xb3]&quot;[0xfd]b[0xe]d[0x9b]$[0xfe]w[0x93]R[0x98]lKa[0xc][0xa5],D[0xd8][0xa7][0xd1][0xc6][0xbe]hcL8[0x11]J[0xd5]A[0x8c][0x83]^b[0x2][0x14][0x88][0x89]P$&amp;A[0xa9]8[0x2]F[0x88]#a[0xb4][0x98]L[0xd9][0xf0]T[0x98]([0xa6][0xc1][0x91][0xa2][0x2][0xca][0xc5]t[0xa8][0x10][0x95]0G[0xcc][0x86][0xa3]E[0x15][0x1c]+[0xaa][0xe1][0xc]1[0x7].[0x14][0xf3][0xe0]JQ[0x3][0xd7][0x89][0xf9]p3[0xc5][0xff]mb[0x11][0xdc]/[0x8e][0x86][0xad][0xa2][0x16][0x1e][0x15][0x8b])78[0x6]^[0x15]K([0xfe]?[0xe][0xbe][0x14][0xc7][0xc3][0xd7][0xe2][0x4][0xf8][0x89]r[0x84][0x9f][0xc5]R[0xd8]&apos;[0xea]P[0x17][0xf5][0x98]%|h[0x88][0x93][0xb0][0xbb][0xf0]co[0xd1][0x84]E[0xa2][0x5]KE[0x10]G[0x8b][0x10][0x8e][0x11][0xad]X.[0x96][0xe3]l[0xb1][0x2][0x17][0x88][0x95]x[0x9c]XE[0xaa][0xfa][0x4]&gt;i9[0xbe]&lt;[0xcb][0xf1]m[0xb6][0xe4][0x9a][0x87]t[0xac];J[0x12][0xb5][0xc6][0x9e][0xc3][0x84][0xa0][0x86][0xa2][0xc2][0xc]|p[0x98])[0xbe]j[0x16]\[0xa9]%7[0x87][0xcb][0xb1][0xb][0xca]\[0xe]w[0x86][0xbd]T[0xb0][0x8e]d[0xc4].[0xe9][0xc][0x16][0x95]%[0xb9][0x8c]a[0x8c][0xe5][0xb9][0xb1][0x19][0xea][0xa6][0x1e]0[0x8c][0xef]b6[0x9][0xb7]V[0xec][0xd2][0x94][0xf0][0x94]n[0x90][0x1a]&lt;[0xa8][0xae][0xe5][0xfc][0x8c][0x8d][0xfb][0xdf][0xc7]X[0x94]^[\r]y$[0x88]5[0xd0][[0x9c][\n]&quot;
2013-02-06 13:51:57,016 AAD-WS DEBUG wire:77 - &gt;&gt; &quot;[0xa3][0xc4][0x19]d[0x19]g[0xc2]8q6L[0x16]k[0xa1]Z[0x9c][0x3]5[0xe2]\X$[0xce][0xa3][0xb4][0xf3]|8U\[0x0][0xa7][0x8b][0x8b])Y[0xb9][0x4].[0x12][0x97][0xc2]5[0xe2]rb[0xfc]:[0xb8]]\A[0xcc][0xbf][0x4]6[0x89][0xab][0x89]AO[0xe1][0xd3][0x96]-&quot;
2013-02-06 13:51:57,017 AAD-WS DEBUG wire:63 - &gt;&gt; &quot;?@[0xc][0xa2]P[0x10][0x96][0xd9]&apos;[0x91]&amp;[0x83][0xee]Hd[0x2]:[0xe8]*tG[0x3][0xbb]u[0xcc][0x82][0xd8]m[0x10][0xc1][0xc][0xb7][0x8a][0xd7]~rk%[0xec][0x94]I=IM[0x1f],v9[0xe8]x[0xbf]D[0xc3][0x9f][0xfd]O[0xc6][0x1d]j,[0x1b][0xb3][0xb8][0x1e][0xba][0x8b][0x1b]I[0xc3]n&quot;Gt[0xb][0xc][0xa2][0xc]p[0x84][0xb8][0x95]4[0xeb]6:[0xdc][0xed]0C[0xdc]A[0xce][0xe8]N[0x98]/[0xee][0x82]%4[0xef][0x15][0x9c][0xcf][0xed][0xc2][0xdd][0x96]Kx[0x9b][0xdc][0x10]e`[0xf8]1[0x99]&lt;f[0xf2]S[0xd7][0x16][0x10][0xbb][0xcd][0xf7][0xb0][0x9e][0x9b][0xd8][0x16]H,?Rh[0xc5][0xef]a[[0xa0][0xe7].[0x18][0xc8][0x83]=#[0xa8][0x11][0xe5][0xfc]&gt;[0xc6]R[0xa5][0xbf]^[0xa6]`[0xf9][0x9d][0x8c][0xdd][0x2][0xea]UV&amp;`s%+A5[0xec]a[0xa7][0xa5]M6[0xb3][0xd8]*[0x1d][0xca][0xe8]0[0x9b]Y[0xb3]K[0xa5][0xfc]e[0x8e]m[0xa4][0xc2][0xe0][0xca][0xd8][0xf1](vr;[0x94][0x1e][0xcc]qe[0xe4]g[0x8e][0xdc][0x5]SU[0xad][0xe8]\[0xc7]&gt; [0xe6].8[0x98][0xcd]re[0xed][0x82]|[0xd5].U[0xd1][0xa7]K&apos;?[0x83][0x9d]9[0x88][0xcb][0xe2][0xb0][0xce][0xa5][0xd7][0x98][0xb1]\[0xc6][0x8e][0x8d][0xfb][0x1f]h[0x83][0x2][0xde]N[0xaa][0xed][0xf8][0x5][0xc4]n[0xa9]G[0x10][0x95][0xf1][0x90][0xe4][0xb0][0xb]k[0xf0][0xbd].[0xc7][0xe][0xc7]-[0x1c].[0xca][0x91][0xbc][0xa5][0xba][0xbc][0xaf]U[0x1e]*[0xd3][0xd2]t[0xe5][0x93][0xe6][0xda][0xc7][0xcd]I[0xc]qI[0xd6][0x4][0x89][0x87]0[0xd6]m[0x98][0xeb][0x80]68:[0xfe][0xce][0xce][0xc3][0xae]f[0x4][0x8b][0xf9][0xe6][0x1a][0xba][0xb8]71[0xee][0x9f][0xc8]|[0xb6]c[0xb7]Z[0xd5][0xee][0xc0][0xee]n[0xbd][0x84][0xce]Ep=LT.F[0xd5]I[0xa1][0xa2][0xa3]c[0xaf]M[0xa4][0xa5][0xaf]Q[0x82][0xfd]=[0x5][0xa8]+[0xf0]|[0xbc][0x88][0x2][0xc0]-[0xb8][0x17][0xdf][0xa0]|[0xd0]T[0xa7][0x17])[0xd9][0x6][0xb1][0x19]t[0xb1][0x5][0xba][0x88]v[0xe8]J[0x92][0xcf][0x17][[0xe9]6y[0x98][0xee][0xb6][0xed]p[0xb8]x[0x4]f[0x8a][0xc7]`[0x9e][0xd8][0x9][0xb5][0xe2][0x9]h[0x11]O[0xc2]y[0xe2])[0xb2][0x91][0xa7][0xe1]b[0xd2][0x99][0xcb][0xc4]3[0xe4][0xa4][0x9e][0x85][0x1b][0xc5][0x1e][0xb2][0x93][0xe7][0xe0][0x1][0xf1]&lt;[0xb4][0x8b][0x17][0xc8]I[0xbd][0x8]{[0xc4]K[0xf0][0x1a][0xa5]@[0xef][0x8a][0xbd][0xf0][0x91]x[\r][0xfe]&amp;^[0x87]o[0xc5][0x9b][0xf0]#)[0xe0]&gt;[0xf1]&lt;1[0xf8]}[0xec]&amp;&gt;[0xc0][0x2][0xf1]!9[0xa7][0x8f]p[0xa8][0xf8][0x4]G[0x8a][0xcf]p[0x92][0xf8][0xb]N[0x17]%[0xe7][0xf4]9.[0x16]_[0xe0][0xf1][0xe2]K\![0xbe][0xc2][0xf3][0xc5]?[0xf0]&quot;[0xf1]5[0xde]#[0xbe][0xc1]{[0xc5]w[0xb8]E|[0x8f]O[0x88][0x1f]p[0xaf][0xf8][0x11][0xdf][0x10]?[0xe1]Gb[0x1f][0x9d][0xea][0x19]|[0xd6]rb[0xab][0xad][0xc7][0x8b]}6[{+mD[0xba]Z[0xef][0xce][0xc3][0xbe]f[0xa7]_[0xdc]-[0x88][0xac][0x5][0xa3][0xee][0x84];y[0xbc][0xaa]$[0xf][0xfb]+[0x9b][0xcc][0xc9][0xc3][0x1][0x1c][0xde]v[0xc0])m[0xf0][0x10][\r][0xf]T[0xc3][0xc5]yXh.[0x1b][0xb4][0x13][0x7][0xb3][0xa7][0xab]([0x8d][0xe0][0x10][0xae][0xb7]b[0x91][0xa9][0xcc]C[0xdb][0xe0]LZP[0xac][0x16]t[0xcf][0xc3]a*L[0xe6][0x15][0xb0][0xa4][0x3]K[0xda][0xa0][0x8e]fK[0xa3][0xb3][0xc3][0x13]f[0xcb][0xda]`[0x1a][0xcd][0x8e]P[0xb3][0xe3][0xf3][0xf0][0xd0][0xad][0xf6][0xbd][0xd4][0x6]*[0xf0][0xdb][0x5][0x85][0x4]=[0xd2]4&gt;[0xa2][0xbb][[0x94][0xee][0xd1]j[0x8d][0x96][0xf8][0xc]F[0xa9][0x8][0x80]D[0x18]&quot;[0x1d]0Rf[0xc0]a2[0x13]&amp;K[\r][0xa6]K[0x1d][0xaa][0xa5][0x13][0x8e][0x96][0xd9]p[0x9c]4[0xa0]Av[0x82]f[0xd9][0x19]N[0x97]][0xe0][0x2][0x99][0x3][0x97][0xc9]C[0xe0]F[0x99][0xb]m2[0xf][0xee][0x93]]a[0xbb][0xcc][0x87][0xa7]e7xNv[0x87][0xd7]eoxO[0xf6][0x81]/e_[0xf8]Z[0xf6][0x83][0x9f]e[0x1][0xfc]W[0x16][0xd2][0x8e]{([0x6]7}[0xe5]0[0x8a]*[0xf9]e$;[0xf][0xc7]Xl[0x8c][0x11][0xd5][0x99]_[0xa5][0xe4][0x10][0xc8][0x94]E[0xe0][0x94]Ci[0xf4][0xf9]T[0xb][0xc7][0xa6]YXB[0xb]Ki[0xe1]p[0x1a]}[0xc1]~[0x8b][0x19]m[0xbd][0xc5]t59s[0x98]zt[0xe1][0x4]9[0x82][0x87]&apos;c[0x18][\r][0xd9]r[0xc][0xe4][0xc9][0xb1]4[0xfa]&quot;[0xbe]da[0x18]hm[0xad][0xe5][0xe1]8[0xda]:[0xe9][0xa5]L[0x8e][0xa3]m[0xdd]4[0xf2]rt[0x81]([0xb4][0xc2][0xac][0x95]y[0xe8][0xa6][0x5][0x82][0x92]z[0x1c]oz[0xd1]jjN[0xe0][0xd4][0x15]&apos;[0xb2]k[0x93][0xc3][0xc7]f[0xda][0x1a]I[0xf9][0xe9][0x1d]t[0xaf][0xe1][0x11][0xd1][0xfb]oG~[0xe6][0x9][0x8e][0xfa][0xb1][0x1c][0xcd]`[0xa9][0x95][0xe0][0xeb][0x9c]][0x9b][0x9][0xbe]n[0xaf]&lt;[0x92]][0x84]n[0xfb][0x94][0xfc][0xcc][\r]p=[0x1b][0xfd][0xe4][\r][0xea][0xe5][0x0][0xaa][0xb9]3[0xc5][0x9d]E[0xd7][0x8f]+[0xcb][0xce][0x95][0x9d][0x1c]m[0xed]Xog[0xdf]yX[0xce]x[0x9c][0xb1][0x1b]X[0xf9][0xc9][0xa9][0x84][0xa0][0x13]/S[0xf7][0xcf][0x13][0xbd][0xaf][0x87][[0xd9][0xe9][0xd5][0x8f]%t[0xa5][0xe4]&gt;[0xb3][0xc8][0xf1]M[0xe4][0x87][0x9][0xe5]W{Gp[0x9a][0xf9](aN[0x98][0xc9][0xfb][0xda][0xac][0xfd][0xf9]Y7[0xec][0xad][\r][0x1a][0xf2]3o[0x2]Oi~[0xa6][0xa3]&gt;[0x82][0x15]LF[0x96][0x2][0xcf][0xb2][0xce]g9[0xe7][0xe9][0x8e][0x13]&amp;[0x9a][0xbb]d[0x9b][0xbb]dGw1[0x8][0xc0][0xa0]]fX[0xbb][0xa8][0x9][0xe][0xbb]h[0x97][0xec][0xfd][0xf9][0xd9][0xb4]KLB[0x1b]`0Ih&quot;Ih[0x12]q[0xe2][0x8][0x12][0xed][0x91][0xe0][0x92][0x93][0xa1][0x9f][0x9c][0x2][0x83]d9L[0x94]SI[0xe5][0xa7][0xc1]|Y[0x1][0xb5]r:[0x1c]/+a[0x85][0x9c][0x5]k[0xe4]lX+[0xab]H[0xe5][0xe7][0xc0][0x95]r.[0xdc],[0x8f]&quot;[0x95][0x9f][0x7][0x8f][0xc9][0x1a][0xd8]-[0xe7][0xc3][0x1e][0x1a]M[0xd6][0xc2][r1|&quot;[0x8f]!u_[0x2]?[0xca]c1K.[0xc6][0xae][0xd2][0x83].Y[0x87][0x83]e=[0x8e][0x96]^[0x9c]$[0x1b]p[0x86]\[0x86][0xb]d#[0x1e]+}[0x18][0xa0][0xfe][\n]&quot;
2013-02-06 13:51:57,018 AAD-WS DEBUG wire:63 - &gt;&gt; &quot;[0xe9]&apos;[\n]&quot;
2013-02-06 13:51:57,018 AAD-WS DEBUG wire:63 - &gt;&gt; &quot;_[0xb1]U,H[0x9a][0xc4][0xe9][0x8e];[0xf]+M72[0xa1][0x8a]c[0xff][0xc1]%}F[0xaa]7[0xa0][0xe8];[0x8f][0xe2][0x91][0xba][0x13]u[0x8e][0x19]fr&gt;PB[0xb7][0xd6];[0xb1]3[0xf][0xe6]hM[0x6][0xe8][0xcc]-[0xa4][0xce]&apos;C[0x8e][0xc]B[0xf][0x19][0x82][0xc1]2[0xc][0xc3]d+[0x8c][0xa0][0xb1]qr[0x5]A[0xbf]j[0xef][0xff]%i,[0xa5][0x11]pM[0x1e][0xce][0x8a]z[0x16][0x9c]M78V[0xf1][[0xde][0xe3][0xb0]d=[0xac][0xe1]K~[0x17][0xb4][0xe6]a[0xb5][0xf5]4[0x13][0xbb][0xf5][0x15][0x81]f[0x1f][0xe7][0xa8]G[0xa9][0xe2][0x8][0xce][0x8d][0x92][0xcb][0xe3][0xa5][0xe4][0xc6]&quot;x[0x14][0x87][0xe]&amp;[0xd8]&lt;&gt;D7&gt;D[0x8d]uq[0x9a] [0xf3][0xa3][0x98][0xf8][0xb8]7,&quot;&lt;[0xb][0x92][0x1e][0x8][0xe5]j:[0xdb])[0xd0]Y[0xae][0x81]|y[0x1a][0xc][0x94][0xa7][0xc3]PI[0xe1][0x9c]&lt;[0x1b][0xa6][0xc9][0xb5]t_[0x9f][0xb]&apos;[0xc8][0xf3][0xe0]$y&gt;[0xb4][0xc8][0xb]`[0xb5][0xbc][0x10][0xce][0x96][0x97][0xc0]:y)\-/&apos;L{)[0xed]7[0xcf][0xdd][0x87]L[0x9b][0xbf][0x11]2[0x89]=[0x93][0xde]t[0xe5][0xb5][0xd4]{[0x1d][0xdf]H[0x1]Z[0x92][0xc][0xca]/[0xe5]o[0xa6][0x4]-K[0x2]u[0xe4]P[0xef][0xad][0x94][0xa0]#[0x93]A[0xf][0xa3][0xde][0xdb])A[0xe7]$[0x83].[0xa1][0xde];)A[0x17]$[0x83][0x9e]G[0xbd]wS[0x82][0xce]K[0x6][0xbd]O}[0x84][0x8d][0xe6][0xe4][0x93][0xad][0x8f][0xad][0xfd][0x1f][0xc2][0x85][0xeb][0xa1][0xcf]C[0xb8][0xc8]v[0x1c]G[0x93][0xe3]([0xb6][0x1f][0x16][0x92][0xdc]j[0xa6][0x13]23[0xb3][0xa1] [0xb3][0x13][0xe8][0xf8][0x1e][0xbe]O[0xc1]s[0xf2][0xce]F[0xf2]G[0xdb][\n]&quot;
2013-02-06 13:51:57,019 AAD-WS DEBUG wire:63 - &gt;&gt; &quot;[0xeb]s[0xaf][0x8e][0x1f][0xa8]w[0x18]^0[0x92][0x90][0xb1][0x1f][0xce]-[0xde][\n]&quot;
2013-02-06 13:51:57,019 AAD-WS DEBUG wire:63 - &gt;&gt; &quot;[0x9d][0x1e][0x9c][0xbd][0x1d][0xba]p[0xd6][0x9c][0xd3][0x1][0x87]&lt;f&quot;[0xa2][0x9d][0x13][0xc4][0xb2][0xd1][0xc6][0xf2][0x11][0x9d]&quot;y[0xdb][0x4]_[0x9e][0xbc][0xed][0xc7][0xf8]I[\n]&quot;
2013-02-06 13:51:57,019 AAD-WS DEBUG wire:63 - &gt;&gt; &quot;:[0x9d][0xe9][0xe9][0xfc]3~[0x9a]bAV[0xfa][0x5][0x9f][0xe1]_R,[0xd0][0xd3]/[0xf8]+~[0x9e]b[0x81][0x96]~[0xc1][0x17][0xf8]e[0x8a][0x5][0x99][0xe9][0x17][0xfc]-[0xe5][0xe][0x19][0xe9][0x17][0xfc]=[0xe5][0x2]G[0xfa][0x5]_[0xa5]\ [0xd3]/[0xf8][0x7]~[0x9d]b[0x81]H[0xbf][0xe0][0x9b][0x94]r[0xc0][0xf4][0xb][0xfe]i[0x87][\n]&quot;
2013-02-06 13:51:57,020 AAD-WS DEBUG wire:63 - &gt;&gt; &quot;K[0xac][0x5][0x85]r3[0x94][0xe7]a-[0xa9][0xd9][0xac][0xe2]][0xa0]9[0xda][0xc0][0xc1]Cm[0xa0][0xcf][0xe2]Zn[0xc6][0x85][0x9b][0x8][0xd2][0x1][0xdd])[0x8c][0x8a][0xaa][0x9c]z[0x88][0x81][0x10][0x8d][0xae][0xa4][0x8c]j[0x15][0xcd][0xad][0xa6][0xd9]S[0xa0]_[0xa6]N!D[0x88][0x88][0xfa][0x16][0xf8]W[0xe][0xdf][0xe1]R[0xaa]g[0x92][0x97][0x9e][\n]&quot;
2013-02-06 13:51:57,020 AAD-WS DEBUG wire:63 - &gt;&gt; &quot;[0xb9][0xe8]!&lt;3[0xa9][0xae][0xa3]z.[0xd5][0xf5]T[0xd7]P[0xed][0xa5][0xba][0x8a][0xea][0x6][0xaa]GP[0xbd][0x8c][0xea]R[0xaa][0x1b][0xa9].[0xa6][0xda][0x7][0xfc]x[0xd6][0x86][0x97][0x82][0xeb][0xff][0x0]PK[0x7][0x8][0xfb]V[0xe1][0xb].&apos;[0x0][0x0][0x82]T[0x0][0x0]PK[0x3][0x4][0x14][0x0][0x8][0x0][0x8][0x0][0xd4]|D5[0x0][0x0][0x0][0x0][0x0][0x0][0x0][0x0][0x0][0x0][0x0][0x0]1[0x0][0x0][0x0]javax/help/plaf/basic/BasicIndexNavigatorUI.class[0xad]z[0x7]xTU[0xf6][0xf8]9[0xe7]M[0xf2]&amp;[0x93]G[0x80]@[0x80][0x11][0x2][0x3][0x4][0x8][0xa9][0x14]A[0x9d] -![0x10]L&quot;[0x12][0x8a][0x1][0x5]&apos;[0xc9]K20[0x99][0x9]3[0x13][0x8a]em[0xa8][0xbb][0xf6]um[0x88][0xba][0x16]$[0xb6][0xdd][0x5][0x94][0x9][0x88]&quot;6[0xb0][0xd7][0xb5][0xee][0x8a][0xba][0xd5][0xde][0xcb][0xba][0xea][0xf2];[0xe7][0xbd]7-[0x99] [0xfe][0xbf][0xff][0x97]|[0xaf][0xdc]{[0xcf][0xb9][0xa7][0x97][0xfb][0xe6][0xe9][0xff]=[0xb0][0x17][0x0]J[0x94]u[0xe][0xb0][0xe3]o[0xe5]r[0x95][0x3][0xfe][0x8d][0xbf]S[0xf1]j[0x15][0xaf]q[0x80][\r][0xaf]u@[0x1a]^[0xa7][0xe2][0xf5]*n[0x92][0xf9][0x1b][0x1c]X[0x8a][0x9b]3[0xf8][0xe9]F[0x7]d[0xe0]M2v[0xb3]\~o[0xc7][[0x1c]x+[0xde]f[0xbd],[0x96][0xfb][0xed][0xb2]p[0x8b],[0xbc]C[0xc5][0xad][0xe][0x18][0x8c][0x9b][0xe5][0xa5]S.w[0xca][0xe5][0xae]L[0xcc][0xc4][0xbb]U[0xbc][0xc7][0x1][0xb9]&amp;[0xda]{U[0xfc][0x83][0x3][0xff][0x88][0xb2][0xe3]6[0xb9]ow[0x80]K[0x8][0xd8][0xe1][0x80]1[0xe6][0x8a][0xfb]d[0xe4]~y[0xdd][0xa9]b[0xc4][0x1][0x5][0xb8]Y[0xc5].[0x7][0x14][0xe1].y[0xe9][0x94][0xcb]n[0xe3]b[0xc7][0x7]d[0x93]=*&gt;[0xe8][0x80][0xc9][0xf8][0x90]@[0xef][0x95][0xa7][0x87]3q[0x1f]&gt;&quot;O[0x8f][0xca][0xe5][0xb1][0x18]+[0x8f][0xab][0xf8][0x84][0x3][0xa6][0x99][0x1b][0xed][0x97][0xa7][0x3][0xe]|R0=e`[0x92]5O[0xab][0xf8][0x8c][0x3]*[0x84][0x95][0xc9][0xf8][0xac][0x1d][0xeb][\r][0xfe][0xe4][0xf2][0x9c]\[0x9e][0x17][0xdc]/[0xc4][0xd8]|Q8|I[0xc5][0x97][0x1d]p&quot;[0xbe]b[0xc7][0x15][0xc6]^*[0xfe][0xd9][0x81][0xaf][0xe2]k*[0xbe][0xee][0x80][0xc5][0xf8][0x86][0xbc][0xbc][0x99][0x81]o[0xe1]_D[0x10]u@[0x1d][0xbe]-[0x97][0x83][0xe]X[0x8f][0xef][0xc8][0xd3][0xbb][0xe]|[0xf][0xff]&amp;[0xb3][0x97][0xcb]?[0xe4][0xf2]Ok[0x89][0x1d][0xff]%[0xb0][0xff][0x16][0x82][0xde]W[0xf1][0x3][0x7]4[0xe3][0x87]2[0xfc]Q[0x8c][0xb4];[0x84][0x8c][0x8f]e[0xec][0x13][0xb9]|j[0xc7][0xcf]d[0xe4][0xa0][0xc5]y[0x1d]~.;}[0xe1][0xc0]/[0xf9][0x9][0x7][0xe1]Wvl[0x92][0x91][0xaf]3[0xf1][0x1b][0xfc]V[0xc5][0xef]d[0xe1][0x4][0xf4]{[0x19][0xf9][0xaf][0x1d][0x90][0x97][0x1f][0x1d]p1[0xfe][0xa4][0xe2][0xff][0x1c]p6n[0xb6][0xe3]![0xbe][0x13][0xc8][0x5][0xe5]B*)L([0xd9][0x1c]p[0x1][0xa5]1y[0x94].[0xaf][0xaa]Jv[0x1][0xdc]l[0xa7][0xc]y&apos;[0xb9]8T[0xca][0xb4][0x93][0xe6][0x80]+[0xa8][0x8f][0x9d][0xb2]2[0xb0][0x83][0xfa][0xda][0xa9][0x9f][0xc9][0x1][0xbf][0xf4]W);[0x83][0x6][0xd0]@;[0xe5]8h[0x10][\r][0xe6]A[0xfc][0x8a][0xd1][0xd0][0x10];9[0x5][0xf7]Qr[0x19]*[0x97]a[0x82]0[0xd7]N[0xc3]M[0xf6]h[0x4][0xb9][0x1c]4[0x92]F[0xd9][0xb1][0xcd]N[0xa3][0x85]I[0x91][0x1a][0xe5][0xd9]i[0x8c][0x9d][0xc6][0xda]i[0x9c][0xac][0xcf][0xb7][0xd3]x[0xde][0x1d][0xf][0xda][0xa9][0xc0]N[0x85][0xcc]=[0x15][0x9][0x13][0xc5]2Yb[0xa7]RcR[0xe8][0x9b]`[0xa7][0x89]v[0x9a]${O[0x96][0xc9][0xa3][0xe5]i[0x8a][0xcc]L[0x95][0xdd][0x8f][0x91][0xb1]c[0x1d]t[0x1c][0xf5]1[0xa8][0xb7][0x93][^[0xca][0xec]4[0xcd]N[0xc7][[0x8f][0xd3]U[0x9a]a[0xa7][0x99][0xe]x[0x12][0xaf][0x93][0xad]f[0xc9][0xf8][0xec]L*[0xa7][\n]&quot;
2013-02-06 13:51:57,021 AAD-WS DEBUG wire:63 - &gt;&gt; &quot;[0xc1]1G$Vi[0x9]c[0xae][0x9d][0xe6]Y[0x8f]U29_.&apos;[0xc8][0xa5]Z[0xd8][0xa8]qP[0xad][0xec]r[0xa2][0x9d][0x16][0xc8][0xe0]I*-[0xe4]![0xaa]3`[0xe4][0xb2]([0xfa][0x84][0x9f][0xb3][0xd6]i[0xb1]JK[0xec][0xb4][0xd4][0x18]T[0xe9]d[0xb6]u[0xaa][0xb7][0xd3]2[0xc1][0xb5]\^N[0xb1][0xd3][0xa9]*[0xad][0x90][0xf9][0x95]B[0xdb]i[0xe][0xf2]P[0x83][0x9d][0x1a]98P[0x93][0x83]tjV[0xa9]E[0xa5]V[0x95][0xbc]vZ[0xe5][0x80]o[0xd9]Ci[0xb5][0x3][0xbe]&apos;[0x9f]JmB[0x83][0xdf][0x1]?P@.[0xed][0xd6][0xde]_[0xd3][0x9a][0xd8]S[0xd0]N![0x7][0x85]E[0xe][0x1d]r_k[0xbd][0xac][0xb3][0xd3]zy[0xdc][0xa0][0xd2][0xe9]B[0xcd][0x19]v:[0xd3]Ng[0xa9][0xf4]+vw:[0xdb]A[0xe7][0xd0][0xb9]r9O[0xb6]8[0xdb][0x8e][0xcd]v:_[0xa5][0x8d][0xb2][0xf4][0x2];[0xae][0xb2][0xd3][0x85][0xf2]x[0x91],[0xfe][0xb5]\~[0xe3][0xa0][0x8b][0xa9]L[0x94][0xf0][0x8e][0x83].[0xa1]KU[0xba]L[0xf8][0xbb]\[0xe6][0xae]`3[0xa7]+[0xe5][0xf5][0xb7][0xf2]t[0x95]&lt;[0xfd]N[0xc0][0xaf][0xe6][0xf5]t[0x8d][0x83][0xae][0xa5][0xeb][0xc][0x89]q[0x14][0xa2][0xeb]ev[0x93][0x98][0xdf][\r]v[0xda][0xac][0xd2][0x8d]*[0xdd][0xa4][0xd2][0xcd]*[0xfd]^[0xa5][T[0xba]U[0xa5][0xdb][0x10][0xb2]j=k[0xeb][0xd6]y[0xfd]-K[0x3][0xc1][0xd5]z[0x10]A[0xab][0xf2][0xfb][0xf5]`[0xb9][0xcf][0x13][\n]&quot;
2013-02-06 13:51:57,021 AAD-WS DEBUG wire:63 - &gt;&gt; &quot;[0xe9]![0x84]4[0xaf][0xbf]I_[0x8f][0xe0][0xaa]^[0xe5]Y[0xeb]Y_[0xda][0xaa][0xfb][0xda]K[0xe7][0xcf][0xe3]k[0x95]L0[0xb4][0xb7][0xc5][0x13][0xe][0x4][0xcb][0x10]([0xd4][0x8e][0xe0][0xb4][0xd6][0x85][0x4]g[0xe9][0xfc][0xba][0xc6]`[0xc0][0xe7][[0xe0][0xf1][0xeb][0xbc]@[\r][0x7][0xda]k[0x3]M:[0xc2][0xf8][0xa4]U[0xe1][0xa0][0xae][0x97]V[0xe8][0xcd][0x9e][0xe]_[0xb8][0xa6]#[0xec]i[0xf0][0xe9][0x8b]xH[0x96]2[0x94]M[0xa6][0x11][0x6]$#[0x96][0x5]&lt;[0x99][0x19][0xd2]=[0xc1][0xc6][0xd6]J[0xaf][0xee]kB[0x18][0xd2]m[0x8d][0xbe]&gt;l[0xcc][0xf0]B%[0xd8][0xd0][0x88][0x90]k,([\r][0xf3]D[0xe9][0xc2][0xe][0x9f]&gt;[0xdb][0x13][0xd2][0x9b][0xca][0x99]B[0x8b][0x5]5[0xe0]k[0x12]([0x84]ls[0xa5][0xcf][0xc3][0x88][0xea][0xc2]A[0xc6][0xc7][0xd3]}[0x1b];[0x82]A[0xdd][0xcf]H[0xfd]M&amp;#[0xe9][0xeb],[0xb1][0xe5]U7[0x6][0xda]JC[0x1d][0xfe]R[0x3][0xce][0x10][0x93][0xb7][0xad][0xdd]W[0x9a] \[0xc6][0x90][0xd6][0xa4]7t[0xb4] [0xe0]2[0xa6][0xb6]Q[0x84][0x9c]g[0x90][0x9c]&apos;[0x0]y&quot;[0xd6]:[0x9d]w[0xef][0x9f][0xb0][0xbb][0xa1][\n]&quot;
2013-02-06 13:51:57,022 AAD-WS DEBUG wire:63 - &gt;&gt; &quot;[0x6][0xcd][0xa8][0xdb][0xe0][0xf][0xb7][0xea]a/[0xf3]1([0xe][0x9a]&apos;[0x8b][0xf2]L[0x12][0x11][0xec][0x8d]A[0xdd][0x13][0xd6][0x17]W![0x1c][0x9b][0x9f],[0x8d][0xf2]@[{[0xc0][0xcf][0xd4][0x97]%K[0xbf][0xdd][0xe7]i.[0x8d]M.[0xae][0x12][0x91][0x97][0x1b][0xcc][0xf5][0xad][0xf6][0xfa][0xf5][0xda][0x8e][0xb6][0x6]=[0xb8]H[0x94][0xc2][0xec]N[0xf3][0xfa][0xbd][0xe1][0xe9][0x8][0xa3][0xf3][0xce][0x1e][0xc6]/a[0x92][0xbd][0xfe]P[0xd8][0xe3][0xf3][0x9]9C{&apos;[0x87]W[0xf6][\r][0xe9][0xe1]r[0xdd][0xe7][[0xa8]3[0x96][0xa0][0x8]tB[0xd2][0xe]1[0xbc]K[0xbc][0xfa][0xba][0xb2][0x14][0xa6] H2;[0xfc][0x9][0x1b][0xf6]k[0xd1][0xc3][0xb][0x82]z[0xb3][0xce]*k[0xaa][0xf3][0x9e][0xce][0xe4][0x97][0xfc][0x8c]HJ=[0xeb][0xc2][0xa5][0x15][0xde]6[0xdd][0x1f][0xf2][0x6][0xfc],[0x88],[0xc6]Q[0xc3],[0xb7]u[0xb4][0x99][0x18][0x8c][0x1][0xcf][0xfa][0xf8][0x80]#[0xa8][0xfb][0x2][0x9e][0xa6][\n]&quot;
2013-02-06 13:51:57,022 AAD-WS DEBUG wire:63 - &gt;&gt; &quot;O[0xd8][0xc3]F[0x96]/d[0xd8][0xe3][0x3][0x5]IL[0x18][0x12]2[0x18][0x18][0x9f][0xa0][0xdf][0x13][0x1b]V[0xe9][0x8d]a[0xb1][0xe5][0xf6][0xa0][0x1e]bbLPg[0x12][0xa8][0x8][0xb8][0x86][0x95][0xe2]3[0x18][0xcd][0xf2]45[0xd5]u4X[0xe6][0xc2]^:[0xb8][0xc7]b[0x1e]7[0x96][0xa6][0xeb][0xeb][0xdb]=~[0xf6][0x8d][0x9c][0xfc][0x9e][0x16]m[0xe8][0xa8][0xd9]2fF36[0xd5][0x1a]s[0xa8]#[0xec][0xf5][0x95].aB[\r]?[0xb1]7[0x8a][0xcf][0xb4][0x87]X[0x0]jS[0xa0]F[0xf][0xb6][0xf0]S[0xee]a4&amp;;[0xa5][0xb5][0x99][0xeb][0xd2][0x83]z[`-?[0xcc][0xcc]?[0xe2]0[0xd0][0x1b]{}[0xd8]n[0x96]xC[0xde][0x6][0xaf][0xcf][0x1b][0xde][0x80]Pt[0xe4](M[0x3]m*oefu[0x16]P^[0x12][0xf9][0xfa]Z[0xd6]D\[0xec]s[0xd6]F-5][0xe4]UU[0xa1][0xd2][0xed][0x1c][0xf1][0xaa]*[0x10]Z[0xfe][0xdf][0xb8][0xa8][0xf1][0xb4][0xe7]UU[0x94][0xfd][0x92]H[0xe8][0x8][0xe9]&gt;[0xd6][0x80][0x19]y[0xc4][0xbc][0x85][0xbc][0x98][0x9c]E[0x1][0xe3]{xeb[0x80][0xd6][0xd6]z|[0x1d]z[0x8c][0xe1][0xf1][0xc9][0x84][0x9b][0x1c][0xcb]vu[0xc6]6[0xec][0x1]q[0xae][0xb3][0xda][0x83][0x81]v=[0x18][0xde]`B[0xc7][0x2]@i[0x83][0xee][0xf1][0x87]J[0x17]$[0xcd][0xc6][0xc1][0xfa]5F=l[0xa1][0x1e]b[0xe1]]G[0xe5][0xc7]][0xcd][0xdc]2[0xe6][0x85][0x9][0xdb][0xc5][0xe0]j[0xd8]R[0x9a][0x12][0x7][0xea]Z[0x3][0xeb][0xfc][0x12][0x8a][0xa3][0x3][0xf3][0xbc]MM[0xba][0x8c]x[0xc][0x9a][0x17][0xe8][0xc1][0xe6]@[0xb0]M[0x80]F[0xf4][0xd8]jV7[0xb6][0x1c]f[0xfa][0xa8][0xf5][0xb4]1K[0xcd][0xbf]P[0x91])[0xdc][0xe4][0x8][0xf5][0xe8]il[0xd4]9|O[0x98]0[0x1]ai[0x92][0xd9][0x19][0xc1][0xb8][0xc1][0x13][0xf2]6[0x96][0xce][0x96]krP[0xe5][0xe0][0xfc][0xb][0xe2]It[0x9b][0x89][0xb2][0xcd][0x84]_[0xb6][0x8d]a[0xe9]f[0x92]A[0x18][0xd3]{XH[0xca]P[0xf6]i[0x8d]&gt;+?8[0xea][0x2][0x1d][0xc1]F[0xbd][0xd2]+Y[0xe3][0xa8][0x94]{[0x94][0x8][0x2][\r][0x1b]p[0xa5][0x86][0xa7][0xa1]G[0xa3]-x[0x19][0xd7][0x19][0xdd][0xd0][0xd6][0x6][0xc2][0x95][0x81][0xe][0xd3][0x9c][0xf5][0x8d]z[0xbb]([0xf]ax|Im[0xc0]X[0xc4][0x92]6[0x17][0x5][0x83][0x81][0xa0]Fw[0xd0]V[\r][0xeb][0x90][0xd3]a[0xe1]/[0xe0][0xd9]B[0xdc]{J[0x13][0x9c][0x8b][0xe4][0xc2][0x4][0xcf][0xc5]y[0x1a]u[0xd2][0x9d][0x1a][0xdd]Ewkt[0xf][0xdd][0xcb][0xb1]([0xba][0xbc][0xc4][0xdb][0x18][0xf0][0xab][0xf4][0x7][0x8d][0xfe]H[0xd2][0xb0][\n]&quot;
2013-02-06 13:51:57,023 AAD-WS DEBUG wire:77 - &gt;&gt; &quot;[4&lt;[0x16][0x8f][0xd3]h[0x1b]m[0xe7]@[0x1c][0xb3][0xc9][0xd9][0x81] &apos;[0xbb]j[0xcf][0x86]@GX[0xa3][0x1d]t[0x9f]F[0xf7][0xd3]N[0x8d]&quot;[0xd4][0xa5][0xd1].[0xda][0x8d]0[0xee][0x8][0x8d]J[0xc3]ix&lt;[0x17]-I[0xd9][0xad][0xda][0xd3][0xa0]si[0xfb][0x80]F{[0xe8]A[0xf6][0xf][0xa3][0x92]+[0x91][0xf0]e[0xcc]h[0xf4][0x10][0xed][0xe5]R&quot;u[0xc9][0xa4][0xe1]L[0x9c][0xa5][0xd1][0xc3][0xb4]O[0xa3]G[0xe8][0xd1][0xee][0xb8][0xa5][0xa2][0xf3]Y[0xbc]D[0x7]g[0x7][0xd6][[0xbc]`[0x1d]=[0xa6][0xd1][0xe3][0xf4][0x4][0x7][0xfd][0xda]@0[0xdc]*/[0xfb][0xb9][0xac][0xe9][0x91][0xb7]e[0xe9][0x1][\r][0xa7][0xe3][0xc][0x8d][0x9e][0xa4][0xa7]TzZ[0xa3]g[0xe8]Y[0x8d][0x9e][0xa3][0xe7]5z[0x81]/[0xb8][0x14]O[0xe6][0x4][0xd7]KU[0xa9][0xa1]&quot;
2013-02-06 13:51:57,024 AAD-WS DEBUG wire:63 - &gt;&gt; &quot;[0x1b][0xcb]4z[0x91]^R[0xe9]e6[0xd9]r[0xf6]l[0x9d]5[0xb5][0x2]Wr2[0xf8]9[0xed]&apos;V[0x1c][0xbc][0x11][0xbd][0xa2][0xd1][0x9f]E[0xf6][0xaf][0x8a][0x16]^[0x13]2^ge[0xd3][0x1b][0xa2][0x8a][0xec][0x9e][0x5][0x82][0x10][0xff]&amp;[0xc2][0xc0]T.[0xa9][0xd2][[0x1a][0xfd]E[0xa8]p[0xff][0x2][0x1b][0xcc]K[0xae][0xc6]e[0x83][0xbf]j[0xf4]6[0x1d]T[0xe9][0x1d][0x8d][0xde][0xa5][0xf7]4[0xfa][0x9b]P[0xf4]w[0xb6]p[0xfa][0x7][0xfd]ST[0xfb]/[0x8d][0xfe]M[0xef][0xab][0xf4][0x81]F[0x1f][0xd2]G[0x1a]}L[0x9f][0x88][0xb8]?[0xd5][0xe8]3[0xfa]\[0xc3]&amp;[0xd4]5[0xfa]B [0xb7][0xd1][0x97][0x8]#{[0xb3]([0xd1][0x86][0x91][0xea]4[0xfa]J,[0xbc][0x1d][0xd7]h[0xf4]5}[0xa3]a[0x18][0xd7]i[0xb8][0x1e][0xd7]p[0x82][0x89][0x17];.[0xaf][0xdf][0xd5][0x11]b$.[0xbf][0xbe][0xce][0xd5]f[0x2]~+d}G[0xff]Q[0xe9]{[0x8d][0xfe]K?h[0xf4]#[0xfd][0xa4][0xd2][0xff]4:[0xa4]@[0xcc][0x84][0x12][0x93][0xb8][0xa6][0xa0]B[0x1a][0xae]F[0x9f][0xa6]([0x8a][0x8d][0x9d][0xc8][0xac]W\[0x8d]\[0xc5][0xe9]l[0x85][0xad][0xe8][0xd5][0x94]4[0xfa][0xc9]2[0xd4][0xc4][0x18]4[0xbb][0xa3][0xb9][0xd9][0xe8]XL[0x90][0x5][0x9e]p[0xab][0xcb][0xad])[0xe9][0x8a]*[0x17][0xbb][0xa6]d[0xd0]V[0xae][0xa3]z0,[0x9c][0xca]bMq([0x99],bE[0xd3][0x94]&gt;J[0x96][0xa6][0xf4][0x95]m[0xfa]u/w[0xb8][0xc4]q[0xf9][0x99]?[0xc1][0xdd]O[0xd8][0xe8][0xa1][0xef][0xaa][0xb0][0xde][0xc6][0xc6][0xed][0x8d]&gt;[0xbb][0xbc]![0x97][0xbf][0xc3][0xc7],[0xf5][0xa7]o[0x8c]&quot;[0xc3][0xe5][0xe7][0xc]#[0x8][0xb2]q[0xe][0xc7][0xc9][0xb0][0x87][0xb][0xa1][0xb0][0xbc][0xf]P[0x6][0xc6]H4[0x10][0xce][0xf6]pq[0x11][0xb]v[0xaa][0x92][0xa3])[0x83][0x94][0xc1][0xd2][0xa7][0x5][0xc2].[0xce][0xdf][0x8c][0xab][0xaa][0xc2][0xe5]V[0x95]![0x9a][0xe2][0xe4][0xc0][0xa2][0x1c][0xa5][0xc]5[0xb2][0xa1]Y[0x8f]E[0xe5][0xa6][0xc][0x13][0x86]r[0x95][0xe1][0x9a]2[0x82][0xe]j[0x8a][0x8b]&gt;aAI[0x1]&amp;*kb[0x5][0xaa][0xca]HM[0x19][0xad][0xe4][0xa9][0xca][0x18]M[0x19][0xab][0x8c]c:[0x8d][0xba]L[0xe6]5[0xf4]c[0x80][0xf9]6[0xb][0xb5]|.t[0x8a]\[0xdc][0xb3][0x8c][0xd7][0x94]|[0x11]Q[0x96][0xcb][0xc5][0x1].[0xe4]e[0xbf][0x91][0xd5][0xdc]/4[0xb6][0x86]$[0xfc][0xb8]ZC%&lt;[0x13][0xf6]p[0x19][0x9e][0xcf]c[0xe3][0x8f][0xd7][0x94][0xf1]J[0x81][0xa8][0xa3]PS[0x8a]D[0xbf][0x83]][0xae][0xb0][0xa7][0xc5][0xa0][0x82][0xd3][0xb4][0xcb][0xd8][0xc1][0xe3]s[0xbb]4[0xa5][0x18][0xa5][0xac]p[0xb9][0x2][0xc1]v[0xae]&quot;t6[0x81]V[0xaf][0xaf][0x89][0xdb]-W1?[0xb2][0xda][0x5][0xa6]5[0xe4][0xe6][0xfd]2][0xae]8[0xad]J[0x89]R[0xca][0x4][0xb3][0xc1]+[0x13][0xd8][0xe0][0x95][0x89]r[0x99]$[0xec]OV[0x8e]V[0x95])[0x9c][0x8c]bU^[0xbe][0xa6]L[0x15][0x15][0xe][0xae][0x92]0[0xe1][0xf7][0xf8][0xd8][0x8c][\r]VBa[0xdd][0xdf][0xb8]a$s[0xea][0x12]~\#[0x8f][0xe7][[0xdf][0xb8][0xc5][0x19][0x99][0x85]9[0x8f][0xc1][0xe9]F[0xaa]Q[0x8e]Q[0x8e][0xd5][0x94][0xe3][0x14][0xd6]G[0x99][0xa6]LS[0x98][0xdf][0xe9][0xca][0xc]M[0x99])[0x9b]d[0x98][0x95][0xa2][0xdb][0xc5][0x2][0xb4][0xbb][0xc][0x1b][0x12][0xe2][0x1d],[0x1]=[0x14][0x96][0x9]M[0x99][0xc5][0xae][0xa6][0xcc][0x16]b[0xcb][0xf9][0x82][0x1b][0xf0]tU[0xe1][0x9a]2kIB[0xa5]&amp;@[0x19].[0xd3][0xc7][0x4]f[0x8e]R[0xc9][0xed]p[0x82][0xcd][0x88]A[0x8b][0xdd]i[0xca]\[0x85][0xd3]R#{[0xa1]R[0xa5][0xcc][0xe7][\n]&quot;
2013-02-06 13:51:57,024 AAD-WS DEBUG wire:63 - &gt;&gt; &quot;/[0xc9]R[\r][0xeb][0xb1][0xfc][0xae][0x9c][0xb5][0xc4][0xa1]&gt;![0xab][0xaa][0x86][0xe5][0xb9][0x93][0xd9]6[0xb2][0xab][0x86]&apos;`u[0xd4]{K[0x4]YI[0xd4]{[0xf1]R[0xbc]L[0xc3]Z[0x99]6[0xfc][0xa6]D[0xa0]J[0xa2][0xcd]h[0xbf][0xee]E[0x89][0xa6][0x9c] [0xb4]U+5[0xaa]R[0xab])&apos;J[0xc2][0xef]k[0xb6]i[0xd2][0xf8]x[0x84][0x12]MY[0xa0][0x9c][0xa4]*[0xb]5[0xa5]NY[0x14][0xb][0xfc][0x6][0xb][0x89][0xcb],[0x9]X[0xda][0x89][0xb3]qT|ta[0x87]?[0xcc][0xa1]:ar[0xa8][0xa1]5[0xd6][0xf9][0xda][0xc0]j[0xb1][0x9d][0xf6]$[0x84][0xb9][0x9][-e[0xd5][0x5][0xd6]%[0xd3][0xb5]X&lt;[0xad]_&quot;=[0x81][0xf6][0x8e]vMY[0xa2],[0xd5][0x94][0x93][0x95]zMY[0xc6][0xd9][0x92]%[0xbf]\SN[0xa1][0xe7]ymr[0xd1][0xec]v[0xa9][0xca][0xa9][0xec]F[0xac][0xc2][0x15][0x12][0x99]2Z[0xa3][0xdd][0x5][0x87]=C[0xbb][0xa6][0x9d][0x8b][0xfb][0xae][0xec][0x1e]hb[0x9d][0x88][0xe4][0xb6]F6[0xd1]f[0xd6] {B%[0xdf],0[0xc6][0x12][0xcb]Q2[0xac])[0xa7])[0xec][0xe6][\r][0x9a][0xd2][0xa8]0J[0x1d][0xa5]_[0x9a]c[0x85]W[0xb][0xa2]_[0xf7][0xa0][0xaa]a[0xb3][0x14]N}[0xcb]c[0x1][0xc5]X[0xa9][0xe1]*[0x9]6[0xcd]b[0xae]-[0xb8]RUZU[0x85][0x3][0xf3]*e5K[0xf5]0g*[0x1a][0xce][0xc6]rM[0xf1][0x89][0xda][0xdb][0xa4],[0xab][0xc0]9[0x9a][0xe2]W[0x2][0x1a]V[0xe2][0xf1][0x1a]^[0x88][0x17]iJ[0xbb][0xb2]FU[0xd8][0x99]B[0x82]=[0xac]tH[0xc9]4_S[0xd6]J[0xdc][0x1b][0x9c]2O[0x8a][0x99][0x8e][0xe8][0x9e]W[0x93][0xda][0x1d][0xa9][0xe7]F[0xf5][0xde][0xcf]U[0x1b][0x1e]/[0xd9]#[0xa9][0xc4]J[0xd1][0x3][0xc5]W[0x8e][0xec][0xb5][0xe1][0x89][0xaf][0xc9]M[0xd9]p[0xc4][0xe7]][0xbd][0xf5]&gt;[0xf1]%[0x86][0xd6]K[0xbd][0x81][0xd2]:[0xe][0xaf][0xec][0xb2][0xa7][0x9b]G/[0xfd]{[0xf4][0x8e][0xec][0xb3][0x1c]B[0xcd][0xde][0xc5]![0xe7][0x12]\[0xec]{D[0xa9][0x3][0xf3][0xc7][0xf7],[0xd8][0xcd][0x8e]1[0xa9]+G[0x18][0x96][0xdc]1&amp;[0xf7][0xec][0x9c]0[0x18][0xa2][0xaa][0x8d]qV5[0x8a][0x83]L&gt;\[0x83][0x9f][0xd4][0xff][0xc4][0x80][0xe4]L[0x8d][t[0x13]&gt;&apos;[0xb9][0xc1]2[0xe6][0xa5][0xd1]H[0xaa]&quot;[0x17]W[0xd5]x[0xfc][0xc]-y[0xb7]%[\n]&quot;
2013-02-06 13:51:57,025 AAD-WS DEBUG wire:63 - &gt;&gt; &quot;[0x99]t0a58[0xe3]{&quot;[0xe3]8+r0]jH2o[0xf1][0x13][0x14][0xf6]&lt;&amp;[0xc9],Uc[0xe7]R[0x86]N[0xcc]1k[0x83]4[0xa7][0xa7][0xa9][0xa9]7][0x8f]=L[0xb][0x1c]]e [0x19][0xc8]HR(zL[0xef][0x9d]p[0xf][0xf0]T[0x86]{[0xb8][0xf3][0x8a]$[0x4]C[0xba][0x89]aqXNK[0xbc]r[0xe2][0x93][0xc1][0xf2][0xaa][0xe]p[0xd1][0xc0]f[0x93][0x9f]@O[0x8f][0x93]1[0xa3] 2W[0x96][0x99]`[0xd1](o[0x9d]3&amp;[0xad]8|[0xbf][0x18][0xb3][0xc8]LC[0xf][0xdc][0x8b]TJr[0x1d][0x9c]zf[0xa0]?K[0xa0][0xbb]&apos;[0xf5]&lt;GH^ar[0x9e][0x84][0xd2](Lx[0xa6]J[0xa6][0x14][0xc6][0x19];[0xa0]K[0xcd]s[0xf2] [0xc2][0xb4][0x14]}[0xf0]/[0x0][0x1f][0x9e][0xe2]|![0xe9]4[0xaa][0xbf]H5[0x1a]w,+[0x1e][0x97][0x9f][0xe2]d!)@E[0x8d]z[0xf4][0x11],c[0x89]0[0xdb][0xbd][0xc4][0xb7][0xa2][0x9f]=[0xf]J[0x92][0xed][0x0]V[0x9e][0x1c][0xc6][0x84][0x16][0x6][0x2][0xe1]y[0x9c]T|bP[0xb6][0xfc]e[0xc6][0x1][0xe]O[0xca][0xb8]q6&apos;[0xc6][0x95][0xd9]&quot;[0x7]u[0xfa][0xba]vn[0x7][0xe5]p3[0x99][0xab][0xf9][0xd1][0xa9][0xb2]n[0xd1]`~[0x1c]fl/[0xe2]Kl[0xe2][0xc][0xc2][0x6][0x9b]ek[\n]&quot;
2013-02-06 13:51:57,025 AAD-WS DEBUG wire:63 - &gt;&gt; &quot;[0x8f][0x1b]f[0xce][0xf4][0xe6][0xd0]C[0xcd][0xe9]^[0xc4]c[0x96][0xc7][0xfa],[0x9f]/[0xb6]E[\n]&quot;
2013-02-06 13:51:57,025 AAD-WS DEBUG wire:63 - &gt;&gt; &quot;[0xaf]L[0xcb][0xaf]2[0xcc]k[0xd4][0xcf][0xe]0[0xce][0xc7][0xb9][0x9c][0xc]v[0xb4]3{[0x95][0xff]_[0xce][0x81][0xe4][0x98]5[0xc4][0xed]EX4a[0x10][0xd2]?n[0xb2][0xb3][0x3][0x1][0x1f][0xc7]*^R9[0xab][0xba]nN[0xf4][0x9b]J[0xd2]$+[0xa0][0x8c][0xd1]r[0xab][0x2]73[0x81]q[0xcc][0xbb]hC[0xbb][0x95]nb[0x1f]+[0x6][0xf5][0xc][0xb4]r&lt;[0x9b][0x90][0x87][0x92][0x83]G[0x1f][0x6][0x96][0x16]rVh[0x91][0xf1]e[0xa7]0[0x95][0x89][0xf7]zx[0x96]X[0xa5][0x19][0x14]u[0x8b]h[0xfd][0x8d]SfY[0x1c][0xa7]~zo[0x8e]{[0xa4][0xe7][0xc4]Br[0xa5]7[0x18][\n]&quot;
2013-02-06 13:51:57,026 AAD-WS DEBUG wire:63 - &gt;&gt; &quot;[0x1b]8[0x13]OZS[0xf9]r,[0xb4]&apos;M[0xf7][0x86][0xd7]@Y[0x1e][0xe8][0x90]rN[0xc9][0x1f][0xcf]u[0x8b]m[0xd1][0xc2][0xc5]s$^[0xf4][0xb2]I[0xd4][0xe3][0xd3][0xcd]v[0xdc][0xd4]N[0xb9][0xf9]iJ[0xca][0x82][0x9c]d[0x85]X&apos;[0xcd]f&gt;5[0xcb][0x85][0xfe][0xdd]K[0x81][0x90][0xc1][0xd3][0xf2][0xc3][0x15][0x3]Cz[0x9b][0x93][0x8f][0xc]k:&lt;[0xbe]P[0xb7][0x8f][0xc][0xd1]&lt;[0xbd][0xcc][0xf4][0xfe][0xf8][0xd7][\n]&quot;
2013-02-06 13:51:57,026 AAD-WS DEBUG wire:63 - &gt;&gt; &quot;g[0x92]][0xcc][0xf1]w[0xb0][0xca][0x8c][0x1a];[0xea][0xfd]=&amp;[0x18][0x83]_[0xda][0x15][0x9f][0xde][0xa6][0x8b][0x9c][0x92]+[0x9c][0xd8][0x89][0xa7][0xbd][0xd1][0xe3]?[0x92][0x8f][0x11]LQ[0xdf]VO[0xa8]&amp;[0x10][0xd4]-[0x94]!C[0xf6]&lt;n[0xd7]c[0x3][0xe9][0x9e][0xf6]v]&gt;[0x9d][0x14][0xfd][0xcc][0xf9]g[0xe2]qDY[0xb7][0xe5]I[0xc5]J[0xca][0xe5][0xf6]p [0x9a]JEAr2a[0xe8]~[0xf9]a-lP[0xfe][0xf2][0x14][0xbb][0xc8]G[0xb0]6[0xcf]j=[0x16]v{[0xcb]9[0xb2][0x8b][0x19][0xc5][0xb9][0x7]2[0x8e]![0x93][0xa4]-v[0xb9]8[0xa4][0x7]M[0xbc][0x1c]0[0xa4][0x12]c[0xcb]&quot;o[0x93][0x9c][0xb][0x1b][0xdf][0x18][0x11][0xca]zw[0xab][0xe4][0xf]5)[0xad]1[0xb1][0xf5][0xd8][0x10]2[0x8e]P[0x14][0xe][0x86]l[0x2][0xd5][0xd1][\n]&quot;
2013-02-06 13:51:57,027 AAD-WS DEBUG wire:63 - &gt;&gt; &quot;x[0x1][0xa3][0x94]:C[0xf7][0xb4][0x95]E[0x1b][0xbe][0xe4]a[0x96]Y[0xbb][0xbc][0xf9][0xfc]r[0xde][0xdd][0xd4][0x14][0xb3][0x90][0x94][0x96][0xc8][0xfc]j[0xd1][0x93][0x12]S[0xce][0xc2][0xe8][0xc2][0xc0]:[0xae]?[0xa2]r?[0x9c][0xbc][0xd8]73[0xa3][0xf0][0xc]e[0xd6]A[0xb]&lt;Ac[0xc7][0xbc][0xee][0x81])/[0x1a]P[0xe4][0xa5][0xd2]#gI[0x1b][0x98][0x8b][0x94][0xa3][0xf6]h|E[0x98][0xf7][0xf3][0x1f]&gt;[0xf]S[0xc7][0xb7]/KnV-[0xec][0x1a][0xf7][0xa4][0xf2]U[0xc0]z=[0xf6][0xb0]5[0xc9]a-[0xd0][0xde][0x18][0x8b][0xaf][0xf6][0xe8][0xa1]O[0xaf]_&quot;[0x97]I[0xa1][0xbd][0xec]0^[0x90][0xee][\r]U[0xeb][0x9e]f[0xe3][0x93]L&lt;[0xb5]dX[0xde]8[0xcb][0xd0]hUJ[0xa7][0xb7][0x85][0x8c][0xf][0xb1][0xd2][0xdd][0x18][0xcd][0xad][0x9c][0xcc]ZY*~0h[0xa6],#[0xd4][\n]&quot;
2013-02-06 13:51:57,027 AAD-WS DEBUG wire:63 - &gt;&gt; &quot;[0xae][0xe1]Q\[0xbd]1[0x97][0xd8]\[0xa6][0xfa][0x14]h[0x95][0xc0][0xc6]G[0xe][0xf3][0xab]0[0x97][0x1b][\r]\]6[0xb1]}#d[0xf7][0x88][0xc0][0xc2][0xa2]8[0xd5]B9*[0x89]F/[0xbf][0x1e].[0xe5][0x11][0xf9][0xd0][0x9c][0xbc][0xda][\n]&quot;
2013-02-06 13:51:57,027 AAD-WS DEBUG wire:63 - &gt;&gt; &quot;[0xe9][0xbe]@[0xc8]8)[0x8a]n[0x8b]B[0xf4][0xe2]R[0x89][0x5][0xa4][0xc9]v[0xaf][0x99][0xca][0xb0]h[0x8e][0xa4][0xd2][0x0]xBF[0xd8][0x89]UL[0xf2][0xbd][0x8d][0x8b][0x81]`[0xc][0x17][0xa3][0xe][0xf5]@= d[0x1d][0xc3][0x87][[0x17][0x5]b[0x11]&apos;[0xf1]03[0xf9][0xb]d[0xb7][0x2]W[0xe0]B[0x87][0x8b]t[0x16][0x85][0xf1][0x9d][0xf5]&amp;9[0xe5]2[0x12]HR[0xa6][0x8a][0x9e][0x99][0xe][0x1e]J[0xca][0x85][0xe5][0xf9])$u[0xf8][0xb0][0xd5][0xed][0xbb][0xa9][0x11]%[0xbb][0x1d]R[0x99]Y[0xd4]l[0x9e]&lt;MR[0xca]9[0xf3]{|[0x11]3[0xa7]b9[0xad][0xfb][0x4][0xc3]K[0xf6]6FL\5z[0xb8]5[0xd0][0x14][0xfb].[0x9e]D[0xe0][0xf2][0xee][0xd8][0x93]RJPo[0x16][0x1][0x95][0x9a][0x18][0xa2][0xc9]:[0xd5][0x9c]x[0x9a][0x1c]1[0xf9][0xc7][0xa5][0x8][0x91][0xa9][0x92]J*[0xa7][0x93][0xe2]_[0xfa][0xad][0xb5][0x86]8[0xa2]i[0xa2][0x8f][0x95][0xbf]f[0xcb][0xc7]8fj[0xe2]a[0xa3]i[0xbc]KZ[0xc8][0xd0][0x8c][0xde][0xa8][0xe][0x87][0xc8]q[0x81]Aa0z[0xd8][0x1a]E[0x97][0xd8] [0xc6]A[0xac][0xef][0xb8]Q I[0x8d][0xa9][0xbe][0xb3][[0xa6]Q[0xe1][\r]qm[0xbd]A&gt;[0xf][0xf][0xef][0xb5]{[0xb7]\[0xdc]&lt;[0x9a]4&apos;L[0x8d]K[0x1d]S[0xab][0xaf]3Ng[0xcd][0x93][0x8d]J[0xe3][0x18].;[0x81]2[0x19]1[0xb6];*[0x91][0xf7][0x85]z;[0x7][0xc8]p[0xec]l#[0xcb][0xfa])Ql`[0xea][0x11][0xfe]\&apos;[0x19][0x91][0xa8][0xa2][0xcd][0x13]\-[0xab]}zX[0xf7]m[0xa8][0xf0][0x6][0xe5][0x87][0x10][0x19][0xe6]o[0x5][0x8c]nE[0xb]r}[0xc6][0x81][0xa4]2[0xd0][0xd8][0x11][0x8a][0x1e][0x91][0xa6][0xfc]([0x1e][0xfd][0xcc]e[0x1c][0xe6]E[0xcf][0xf0]L[0xb6][0xab][0xe4][0x97]5[0xfe][0xc6][0x84]s[0x82][0xc4][0xaa][0xde]Rf[0x12][0x9c]Uq[0x9a][0xbf][0xa7][0xca][0xc][0x7][0xaa][0x3][0xeb][0xf4]`[0xb9]G~4[0x92]!_[0xef]9o.[\n]&quot;
2013-02-06 13:51:57,028 AAD-WS DEBUG wire:63 - &gt;&gt; &quot;[0xf4][0xf2][0xc3][0x94]*3`/[0xe2][0xa6]d[0xb5]7[0xb1][0xe0][0x13][0xb2][0xad][0xd1]X[\r][0x91]0[0xc6][0xe9][0xa0]A[0xd7]9~[0xf6][0xf3][0x86]L\U[0xfe]huU[0x91][0x9f]@d[0xcf]_[0xf5][0xd6][0xdb]&apos;[0xd1][0xc5]yL[0x9]t[0x84]a$[0xd8][0xb1][0x14][0xd2]q[0x2]N[0xc4]I8[0x19][0x8f][0xc6])[0xa0][0x81]M&gt;[0xf3][0x2][0xf0][0xdd][0x8d]e[0xc6]}[0x1a][0x1e]o[0xdc][0xa7][0xe3][0xc][0xe3]&gt;[0x13]g[0x19][0xf7][0xd9]Xn[0xdc]+p[0x8e]q[0xaf]4[0xd6][0x91]|W[0xe6][0xbb]C[0xe]@[0xf9]n[0x97][0x93]w@[0xac][0x1]0[0xde]j[0x13][0xde][0xc6]B[0x6][0x9e][0x88][0xb][0xf8][0xfd]$~[0xcb][0x3]90[0x6][0xd0][0xf6][0x80][0xbd][0xbe]`[0x1f]dt[0x81]c[0x1b][0xbf]#.[0xe4]k[0xba]1[0xb7][0x9c][0xdf][0xea]p[0x91][0x5]q2[0x10][0xc3][0x0][0xe4][0x17]tAf[0x1][0xee][0x4][0xad][0xa0]0[0x2]}&quot;[0x90]US[0xb4][0x9f]G[0x8a]&quot;[0xd0][0xb7][0x93][0x7][0xb3][0xfb][0xed][0x82][0xfe][0x11][0xc8][0xde][0x1e][0xc3]6[0x1c]T[0xbe][0xae][0x0][0x1b],[0x85][0xc]X[0x9][0xd9]p[0x1a][0xc][0x2][0xf][0x8f]7[0xc2]8[0xd0]y[0xd5]b\b[0xee][0x82]7C[0x1a][0xef][0xe]8({[0xc0].[0x18]XP[0xc8][0x94][0xed][0x84][0x9c][0x82][0xfb]!&apos;[0x2][0x83]j[0xe4][0xbe][0x7][0x6][0xd7]w[0xc1][0x90][0x8]8[0xe5][0xad] [0x2]GY[0xf7][0xa1]L[0x86][0xa3][0xa8]`7[0xc]#([0xd8][0x3][0xb9][0xbc]j[0xf8]N[0x18][0xb1][0x7]\[0xf5][0x85][0xbb]`d[0xf6][0xa8]]0[0xba][0xb][0xf2]jyn[0xc][0xcf][0x8d][0xdd][0x9][0xe3][0x8a][0x19]t\[0x84]Y[0xe2][0x1b]c[0x18][0xbf][0x7][\n]&quot;
2013-02-06 13:51:57,028 AAD-WS DEBUG wire:63 - &gt;&gt; &quot;x[0xa6][0xd0]ms[0xda][0xf6]@Q[0xbd][0xd3][0xa6]tAq[0x4]J[0x9c]6[0xbe][0x96].u[0xda][0xcc][0xf5][0x13][0x96][0xca][0x96][0xd9][0x13][0x9d][0xb6][0x8]LZ[0xca][0xf8]&amp;[0xd7][0xf3][0xc0][0x88].8z&apos;L[0xe1][0xa7])[0x11][0x98][0xea]Ns[0xa6]1-[0xc7]0-&lt;[0xc0][0xb][0x8f][0x95][0xbb][0x12][0x81][0xe3][\n]&quot;
2013-02-06 13:51:57,029 AAD-WS DEBUG wire:63 - &gt;&gt; &quot;Ln[0xdc][0xe6][0xc2]2[0x6][0x9f][0xc6][0x9b][0x1e][0xbf][0x13][0xa6][0xf3][0xc8][0xf4][0x8][0xcc]0&apos;f[0x9a][0x9b][0xcc]2[0x7]g/e[0xb1][0x97][0xc7]e[0xba][0x16]r[0xf9][0xda][0xca][0xd2]Z[0x5]}`5[0xe4]@[0x1b][0x8c][0x6]?[0x14]B[0x0]&amp;C;[0x1c][0x3]k`:[0x84][0xa1][0x8a]W.[0x83][0xd3]Y[0xca]g[0xf0][0x8a]3[0xa1][0x3]~[0xc5]g[0xc3]ep[0xe]\[\r][0xe7][0xc2][0xcd]p&gt;[0xdc][\r][0x17][0xc0]n[0xb8][0x10][0x1e][0x85][0x8b][0xe0]i[0xb8][0x18]^[0x86]K[0xe0]-^[0xf1][0x1]\[0x1]_[0xc3][0x95][0xa8][0xc0]U[0xd8][0x1f]~[0x87]9[0xc]a[0x93][0xcf][0xeb][0x96]E[0xe4][0xb3]=[0x88]EhE{[0xa0][0x82]Y[0x98][0x13][0x81][0xca]8[0x85][0xe][0xb6][0x17][0x80][0xcd][0x90][0xc9]{ [0xd6]G5[0xc]W[0xf2][0xb8][0x8d][0xef][0xd5][0xd9]sE[0xc3][0x86],[0xe6][0xd5]X:[0xac][0xb2][0xee][0xf3]-)[0xd6][0x16][0xb3][0xc]O0d[0x98][0x83][0x11][0xa8]6[0x97][0xd7]D5][0xcb]3l[0x89]9[0xf1]]&apos;[0xb1]W[0x1][0xdc][0xca]r[0xb9][0x8d][0xe5][0xb2][0x85][0xe5]r[0x7]Kj+[0x8c][0x81]N([0x82];[0xe1]h[0xb8][0xb][0xca][0xe0][0x1e][0x98][0x1][0xf7]B%[0xfc][0x9]N[0x80]m[0xc][0xb9][0xc][0x97][[0xd4][0x8d]a[0xda][0x84][0xee]&gt;{[0xe0][0xc4][0xfa][0xfe][0xf0]d[0xbf][0xa6].X[0xd0][0xdd]1[0x1e][0xe0][0xb7]Sb y[0x16][0x88]&amp; [0xfd][0x9a]RB&lt;[0xcc]o[0xa7][0xc6] [0xc6]Z[0x10]Y[0xc6]&amp;g[0x1f][0xe2][0xff][0x14]0[0x8f][0xb1]{[0xaf][0xc0][0x95][0x16]L[0x13][0xb3]$0Gg[0x9f][0x14][0x13][0xdb][0xc2]}P&apos;&quot;[0xd1]X[0x1c]r[0x8b][0xc0]&quot;[0xb6][0xa6][0xc5][0xf5][0x5][0x85]][0xb0]D[0x1c][0x94][0xc7][0xd8][0xf2][0x96]vw[0xc5][0x3][0x8c][0xeb]i[0xe8][0x7][0xcf][0xc0]`x[0x8e][0xc7]^`[0xb3]y[0x91][0xcd][0xe6]%[0x18]%[0xbf][0xac][0xb1]v[0xbc][0x8a][0xf7]K[0xe3]{m[0xe1][0x1]Pw[0xc0][0xc9][0xdb][0xc4][0xc6]#P[0xcf]^[0xbf][0xac][0x86]/[0xcb]#pJ-[0xdf]Ou[0xdb][0x8a][0x9c][0xb6]][0xb0][0xa2][0x13][0xb2]e[0x89]x[0xc5][0xca]}[0x90][0x1b][0x81][0xd3][0xe4][0xd1]s[0xd3][0xa1][0x8f]%R4D[0xa0]q[0x7]4m[0xeb][0xa6][0xaa]7X[0x16]o[0x82][0x1d][0xde][0x86][0xbe][0xf0][0xe][0xc][0x84][0xf7]`[0x18][0xfc][0x1d]F[0xc1][0xbf][0xd8][0xbc]&gt;b[0xba]&gt;[0x6]7[0xdf]g[0xc3][0xe7]0[0x1f][0xbe]`[0x89]4[0xc4]$[0x12][0xb6][0xcc]o[0xa6]i+[0xfa]&gt;h[0x8e]@K[0x81][0xe9][0x89][0xad][0xa6][0x84][0xbc][0xfb]a[0xb4][0xf9][0xb4]j7[0xac]F[0xa8].[0xdc][0xcf]D[0xca][0x12][0x16][0x91][0xaf][0xa6][0xa0][0xa8][0xb][0xda][0xe2][0xd2][0x19][0xc5]t[0x0][0xfc][0xc0][0x86][0xf3][0x13][0x9b][0x1b][0xc0][0x8][0xe4][0xe6][0x1c][0x9]&amp;[0xb0][0xb][0xb8][0xd1][0x6]3P5t[0xd2]hQ[0xf0].[0xcb]&apos;[0x83][0xef][0x1b][0xb3][0xfd][0xac][0x13][0xac])[0xdc][\r][0x9c][0x9f]j[0xcd][\r][0xdb]Y9[0x12]H&quot;[0xb0][0xc6][0x9d][0xc6][0xe1]#[0xe8]NW[0xa6][0xaa][0x9d][0x1c]L[0xd2]s[0xd4]I[0x11][0x8]9[0xd3]&quot;[0x10][0xde][0x4]C[0x8d]w[0xb7][0xdd]i[0x4][0xea]6[0x81][0xe6][0xb4]3`M&apos;dmT1Gu[0xa6][0xef][0xbd][0xf5][0xd0][0x8b][0xa9]t\[0xd4][0x9b][0x8e][0xe7]s[0x80][0x5][0x1c][0x9]i8[0x1a]T[0x1c][0x3]Y8[0x16][0x8e][0xc2]q0[0x12][0xf3]a[0x1c][0x8e][0x87]b,[0x80][0xe3][0xb1][0x10]*[0xb0][0x8][0xaa][0xb1][0x18][0x16]b[0x9],[0xe6][0xf1][0xd3]p2[0xb4]pZ[0xf2][0xe3]1p[0x6][0x1e][0xb][0xe7]sj[0xb2][0xc9][0xcf]A,n[0xaf]aish[0x86][0xc5][0xd9][0x1d][0xcc]-kt-S9[0xab]h7p_[0xbb][0xf][0xd6][0xd7][0x1a]&lt;[0xda][0x94][0xa9]i[0x9d]0\D[0xe0][0xb4][0xe5][0xa4]1[0x9f][0x1b][0x98][0xa7][0x2][0xeb][0xf9][0xf4][0x8d]i[0x98][0x93][0xe6][0xb4]1O[0xef][0x16][0xf0][0xfa]F[0x86]&gt;[0x3][0xe1][0x86]C[0xf][0xc6][0xc9]/[0xe1][0x88][0x1]8[0x93][0xc9][0x9f][0x5]}p6[0xc][0xc6][\n]&quot;
2013-02-06 13:51:57,029 AAD-WS DEBUG wire:77 - &gt;&gt; &quot;[0xc8][0xe5][0xac]7[0x1a]+a[0x12][0xce][0x85]2~[0xae][0xc4]*8[0x81][0xe7][0x17][0xe1][0x9][0xac][0x90]fl[0xb1]H|[0xc9]&quot;[0xf1][0xdc][0xec]3[0x8d][0xec][0xd1][0x5]gE[0xe0]W5X[0xdb][0x9]-QBsk[0xf7][0xc0][0xd9][0x1c][0xad][0xce][0xc9]&gt;7[0x2][0xe7]1[0x11][0xe7]G`#[0xaf][0xe6]&apos;[0xcf][0xcd]0[0xb6][0xd8]4^7&apos;[0x80][0xb][0xea]E{[0x17]v[0xc1]E[0xee]4[0xb1]1Q[0xd8][0xaf];![0x97][0x97]\[0x18][0x9d]O[0x9e][0x8c][0xb2]sm[0x9c][0x9d][0xe9]l[0xd7][0xc0]I4[0x8d][0x3]`[0x16].[0x85]~X[0xf][0x3]p[0x19][0xb3][0xb4][0x1c]&amp;[0xe3])lW[0xa7]B9[0xae][0x80][0x93][0xd8][0xae]O[0xc5][0x6]hd[0xeb][0xf2][0xb3][0xcc][0xd7][0xf1][0xba]s[0xb0][0x95][0xd9]kE[0xaf][0x95][0x1c][0xeb][0x99]=[0xb1][0xb7][0xf7]LO[0xfc][\r]3[0xb6][0x7].f^.q[0xdb]:[0xe1][0xd1][0x9e][0x1c]^jrx[0x19][0xdf],&amp;[0xf7][0xc3]f[0x1e][0xb8]|[0x1f]\![0x9][0xea][0x0]df_[0xc9][0xc3][0x9d]p[0x81][0xd0][0xff][w[0xba]3}?l[0x88][0x82]_[0xc5]p[0xce][0xf4][0xfb][0xe1]w1[0xf8][0xe8][0xcc][0xd5]&lt;R[0x18][0x1b]E[0xb7]Zh[0x1a][0xfd]5[0x86][0x7][0xec][0x82]k[0xdd]l[0xe9]#[0xdd][0xf6][0x1d]p}[0x14]dS[0x1c]$[0x2]7t[0xc2]0g[0xba]S[0x8d][0xc0][0xe6]M[0x90]a[0xa4][0xd7][0x1b][0xa3][0xc2]+s[0xda]8&amp;s[0xf8][0xd9][0xc2]1[0xfb]:K[0x8c]+8T[0x1][0xae][0xe1]&quot;
2013-02-06 13:51:57,030 AAD-WS DEBUG wire:63 - &gt;&gt; &quot;[0x9a]&amp;[0xc8][0xd5]N[0x88]E[0xd8][0x1][0x83]p-[0xb8]p[0x1d][0x1c][0x87][0xeb][0xd9][0xa0]7[0xb0]U[0x9c][0xce]Vq[0x6][0xd4][0xe1]Y[0xb0][0xc][0x5]+[0xf1]l[0xd8][0x80][0xe7][0xc0][0x15]x.g[0xb0][0xf3]a[0xb]n[0x84]N[0xe4]&lt;[0x87][0x17][0xc1][0x13][0xf8][0x1b]x[0x1]/[0x86]W[0x19][0xcf]A[0xe4][0x9c]$[0xdf][0xab]-+z[0xd9][0xb2][0xa2][0xf3][0x12][0xc]([0xfb]&amp;CL[0xad]q[0x19][0x9b][0xf6]2[0xa1]Wc[0xb8]Y[0x1e][0xa2]/[0xbf][0x8f][0xc0]-[0x9d] &amp;k/[0xc6][0x95][0xb8]2*[0x89]k[0xba][0x9b][0xd1][\r]\[0xc3]qF[0xc5][0x1b][0xd9][0x8c]nf[0x19][0xfc][0x9e][0xcd][0xe8][0x16][0xc8][0xc3][9[\r][0xde][0x6]S[0xf0]v[0x98][0x8e][[0xd8][0x94]:[0x99][0xff];[0xa1][0x15][0xef][0x82][0xf5][0xbc][0xee]\[0xbc][0x97][0xb1][0xac]F[0x9f][0xc5][0xdf]\[0xab][0x92][0x1b][0x91]}[,[0x95][0xdc][0xce]%[0xd2][0x16][0xc9][0xab]Z[0x91]i\w$D[0x94]A[0x92][0x7][0xf0]~[0xb6][0xe1][0x8][0xf4][0xc7].[0x8e][0x8d][0xbb]`8[0xee][0xe1][0xd9][0xb6][0x18][0xd2]y[0x8c]T[0xf2][0x93]+{[0xab][0xe1]z[0xec][0xec])[0xe3]rw[0xac]O0V[0xe]m[0xf8][0x14];[0xfa][0xd3][0x1c]q[0x9f][0xe1]Y[0xc][0xeb]iL[0xa8]`=6jE[0x9d][0xa6][0x15]Y&gt;kF[0xf2][0x8][0xdc][0xd9][0x5]w[0x1d][0xd1]n[0xaf][0xb2][0xd1][0xbc][0xce]Y[0xee]-([0xc5][0xbf][0xc0]1[0xf8]WV[0xbc][0x1f][0x3][0x96]}[0xc7][0xbb]9[0xf8][0xbe].[0xba][0xdb][0xdd][0xd6]n[0xd9][0xf7][0xf0]C[0x91]&lt;[0xdc][0x9b][0xe0][\n]&quot;
2013-02-06 13:51:57,030 AAD-WS DEBUG wire:63 - &gt;&gt; &quot;[0x86][0xe7]I[0x6][0xfc][0x3][0xbb][0x1f]w[0xf4][0xb6][0xa8]m[0xb8][0xd3][0xa2][0x8][0xfe]([0x1e][0x94][0x16][0xa3]W[0x1e][\r][0xdf]c?[0x8b][0xc0][0x9f][0xdc]jt[0xdd]6Y[0xa7][0xca][0x6][0xdb]e&apos;y[0xdc][0x11][0x81][0xfb],([0x95][0xbd][0xd6][0x1c][0xdb][0x4]W[0x9][0x8e][0xfb]7[0xc1][0xe8]([0xe8][0xce][0xe4]-[0x8a][0xe5][0xf9][0xc6]NXS[0xe0]L[0xe3][0x14]q[0xd7][0x11].[0x9f]-w#[0xf0]q&quot;[0xb2][0x88][0xcc]`[0xf][0xcd][0x88]@$[0x2]]Q[0xe8]][0xc9][0xd0][0x9d][0x9c][0x93][0xac]ml[0xa6][0xcd][0xfe][0xef]G#[0x1][0x94]D[0x1]vK[0x4][0xca]a[0x88][0x7]b@[0x85][0xe6][0xbb]Q![0xec]1[0x12][0x2][0xbb][0xc5][0x83][0xb7][0x1e]z![0xae],?[0xc][0xe5][0xc7][0x8f][0xd8][0xb2][0xbf][0xe2][0x4][0xfc][\r][[0xf6]w0[0xb][0xbf][0x87][0x93][0xf1][0xbf][0xd0][0x80]?[0x80][0x17][0x84][0xcb][0xf1]&apos;[0xb8][0x11][0xf][0xc1][0x16]B[0xd8]C[0x4][0x8f]S[0x6]&lt;C[0xe]x[0x85]4[0xf8][0x90][0xfa][0xc0]W[0x94][\r]?[0xd1]@T)[0x7][0xfb][0xd3] ,[0xa4]a[0xdc]y}[0x8b][0xd3]h$[0xce][0xa6]Qx*[0x8d][0xc6]U[0xfc][0xbc][0x96][0xc6][0xb0][0x11][0xb4]sl1M[0xee]r.H[0xa4][0xec]YRh[0x8a][0xa1]FB[0xdb][0x88]; [0x8b][0x9d][0xa3][0x82]m[0xe0][0xa1]Mp[0xbc][0xd8][0x9a][0xb8]p[0xa1][0xe9][0xc1][0x11][0xd8][0xcb]O[0xf7][0xdf][0x0]y|[0xf3]LW[0xa6]r4[0x1e]PP[0x98][0xc3][0xe][0xfe]0[0xb3][0xc9]v[0xb8][0xd1][0x86]9[0xb6][0xdc][[0xf]}[0x12][0xe7]q[0xac][0x84]r*[0x0];[0x15][0xc2]P*[0x86]b*[0x81][0xa3][0xa9][0x14][0x8e][0xa3][0x9]0[0x83]&amp;B5[0xdf][0x17][0xd3][0x14]N[0xdb]A[0x8e]w[0xa6][0x81][0xce][0xb0][0x12][0xc0]+[0xbc][0xcf][0xbe][0x1a][0xd3]s[0x1f][0x89]E[0xfb]G[0xa3][0xd6][0x1a]7R~}[0xac][0xf8][0xe].[0x1a][0x1f]O[0x8][0xde]O[0x98][0xeb][0xf6][0xcb][0xd2][0x3]I9p[0xf]&lt;Y[0x9f][0xfd]T[0x17]&lt;[0xfd]p[0xd1][0x1][0x18]Tl[0x4][0xf3][0x8]&lt;[0xc3][0x8b][0x9f][0xdd][\r][0xcf][0x11][0xd4][0x98]N[0xf6][0xbc][0xd4]5[0xfb]a[0xba]D[0xb0][0x17]$[0x8f]&lt;[0x2][0xb9][0x9b][0xa0][0xd4][0x99]&amp;[0xf6]c[0x98][0xb6]a?[0xaa][0x18][0xae]S[0xec][0xf6]E[0xb1][0xaa][0xfd][0xd0][0xc7]i/2&quot;[0xbe]m[0xbb][0xe1][0xa0]l8&gt;[0x8e]~[0xce][0xb4][0xa4]*l[0x19][0xfb]*[0x90][0x1b][0xd2][0xa8][0xc][0xfa][0xd0]4[0xc8][0xa7][0xe9]0[0x81]f[0xc0][0x14][0x9a][0x9]Ki[0x16]x[0xa8][0x2]t[0x9a][0x3][0xeb]i.[0x9c]K[0xf3][0xe0]B[0xaa][0x82][0xcb][0xe8][0x4][0xb8][0x86][0xaa][0xe1]F[0xaa][0x81][0xad]T[0xb][0xf7][0xd0][0x89][0xb0][0x83][0x16][0xc0]&gt;:[0x9][0x1e][0xa1][0xa5][0xf0],[0x9d][0xc]/S=+:[0xcc][0x9][0xc3][0x14]&amp;[0xb0]0[0xa5][0xde][0xdb][0x12][0x95][0xcb]K[0xa9][0x9c][0xdc][0x9c]z9)[0xec][0xb0]p[0xd2]p[0x9b]e[0x1f][0xb5][0x9c]S%[0xb][0xbc]&quot;Q[0xdd]\[0xfd]g[0xf1][0x12][[0xdc][0xeb]YVYN[0x9b][0xc9]zZ[0xa1][0x0]z[0xa6][0x9a][0x85][0xd2][0xa8]B[0xf1][0x85][0x87][\r][0xb9][0x15]8[0xd3][\r][0x81][0x18]b[0xe3][0xdc][0xb8][0xcd][0xf0][0x8d][0x1c][0xdb][0xad][0x87][0xde][0xc6]x[0xd5]lTw[0xb4][0x82]Mf%L[0xa4][0x6][0x96]J#7[0x99]:[0x9b]L3[0x94]S[0xb]TQ+[0x9c]F^[0xf0][0xd3]*h[0xa7]6XK~8[0x93][0x2]p[0x11][0xad][0x81]+)[0xc8]R[\n]&quot;
2013-02-06 13:51:57,031 AAD-WS DEBUG wire:63 - &gt;&gt; &quot;[0xc1][0xf5]&lt;v[0x1b][0xad]ei[0xac][0x8f][0x99][0xbd]nU[0xd3][0x13][0xb9][0xda][0xcf]4[0xd5][0xfc][0xea][0xf6][0x4][0x1b]7T[0xcf],[0xec][0xb5][0xee][0xaf]Y[0xf7][0xd7][0xbb][0x95][0xcf]t[0x16][0xd8][0xe8]l[0xc8][0xa4]s@[0xa3][0xf3]`[0x8][0x9d][0xf].[0xda][0xc8]J[0xbc][0x80][0x95]x![0x17][0x94][0x1b]8K[0x9b][[0xe6][0xb2][0xe][0xa4][0xd1][0x91][0xfc][0x97][0xd3][0xad][0xfb][0xa1][0xdf][0xf0][0xdb][0x19]x[0xa6][0xb9][0x94][0xe][0xb2]KJ[0x2][0xfc][0x96]{[0xc3]7jx[0xdb]7cV[0xff]V[0x92]j[0xa2][0xa3]I[0xb2]kt[0xdb]L[0x96][0xfe]*[0xd6]*[0x96][0x9b][0xb6][0xf7]!x[[0xaa][0xd5][0xf4]N[0xc8]w[0xa6][0xe5][0xa4]O[0xda][0xf][0xb9][0xc6][0x9d]MZ[0xd4][0xa1]r[0xc9]j[0x14]([0xac][0xe3][0xb7][0xeb]6[0xa6]#[0xbf][0xa5]q[0xdd][0xfa]Z[0x91]h[0xf6] [0xeb][0x14]Ws!k[0xbb][0x5][0x9b][0x9c]6e[0x92][0x15][0xd4][0xf7][0xe3][0x12]1[0xff]w[0xf6]c[0xad][0xdc][0xdf][0x15]e[0x1e][0x80]c[0x8a][0xe5][0xe5]=[0xb9][0xfc][0x8d]s[0xfb][0xdf]m\[0x86][0x94]$[0x15]G[0xff]4*[0xad][0x8][0xfc][0xcb]$[0x99][0xb][0xa4][0xed][0xa6][0xf7][0xb9]3[0xd2][0x1e][0x82][0xd7]+;[0xe0][0xfd][0x3][0xd0]7[0xfb][0x83]][0xf0]a[0xfd]}[0xf0]~&apos;[0xa4][0xf3]H][0xbd]m[0x7]|$[0xe3][0x1f][0x9b][0xe3][0x1f][0x19][0xe3][0x1f][0xd5][0xb9]5[0x86][0xfa][0xa4]^qf[0xf0][0x12][0xc1][0xfb]i[0x9d][0xbb][0x8f][0xc4][0xf2][0xcf][0xdc][0xe][0xa7][0xe3][0x0];[0xa2][0xba][0xb][0x14]wf&apos;[0xb7][0x1b][0xe]a[0xf2]sw[0xa6]33[0xfb][0xb]&apos;[0xb7][0x17]_[0xba][0xb3][0x9c]Y[0xe8][0xec][0x13][0x81][0xaf][0xf6][0xc1][0xd7]n{&apos;[0xf4]us[0xa3][0xfa]m}[0xf6]w][0xf0][0x9f][0x87][0x9d][0xf6][0x3][0xec][0xbe][0xd2][0xac]|[0xbf][0x9][0xfa]J[0xb3][0xf2][0xbd])[0xda][0xff][0xca][0xd8][0xf][0x9b]`[0x94][0x8c][0xfd]`[0x96]3[\n]&quot;
2013-02-06 13:51:57,031 AAD-WS DEBUG wire:63 - &gt;&gt; &quot;K[0xf3][0xc7][0x8][0xfc][0x14][0x1b][0x8a][0xc0][0xff][0x9c]v![0xe8]P[0x4][0xb9][0xba][0x1b][0xed][0xce][0xea])[0x4][0xc4][0xb8][0x10][0x9c]v[[0x4]i;[f[0x84][0xbb][0xd6][0xa7][0xe1][0x1f]X[0xc6][0xe1][0xb0][0x3][0xbe][0xc1]G[0xf1]Y|[0x1][0xfe]a[0xd9][0xcc]^(e+[0xb9][0x9c]c[0xc6][0x15][0xe0][0xa0][0xdf][0xb2][0xc9]][0x5]S[0xe9][0x1a][0xe][0xa6][0xd7][0xc2]l[0xba][0xe][0xe6][0xd2][0xf5]p&quot;m[0xe2][0x80]z[0x3][0x9c]J[0x9b]a[0x15][0xdd][0x8][0xeb][0xf8][0xfd]&lt;[0xba][0x5]~M[0xb7][0xc3][0xd5][0xb4][0x5]n[0xa2];[0xe0]n[0xda][\n]&quot;
2013-02-06 13:51:57,032 AAD-WS DEBUG wire:63 - &gt;&gt; &quot;[0xdb][0xa9][0x13]&quot;t[0xf][0x1c][0xa0]{[0xe1]i[0xfa][0x3]|@[0xe4][0x84]r?|I][0x98]O[0xbb][0xb1][0x8c][0x1e][0xe4][0x4][0xf2][0x10][0xce][0xa5][0xbd]x[0x12][0xed][0xc3]e[0xf4]([0xea][0xf4][0x18][0x6][0xe9]q[0xec][0xa0]&apos;[0xf0]\z[0x12]/[0xa4][0xa7][0xf0]&quot;z[0xe][0xaf][0xa0][0xe7]q3[0xbd][0x88][0xb7][0xd3]K[0x18][0xa1][0x97][0xf1]Qz[0x1d][0x9f][0xa5]7[0xf0][0x5]z[0x13]?[0xa5][0xb7][0xf0]3:[0x88][0xdf][0xd0][0xdf][0x98][0x8b][0xb3][0xb8]`5[0xe3][0x92][0xdb]: y[0xcd][0x92][0xcb][0x0]T[0xc][0x13]G[0x89]([0x3]0[0xcd]|IO[0x88][0xf1][0xa8][0x8a][0x7]m[0x85][0xad]2^S4[0x0][0xed]Fg9x[0x0]f[0x98][0xb5][0x18]:[0xf6]af[0x17]j[0x9d]p&gt;[0xcf][0xf6]1fg[0xe][0xc0],[0x13][0x9a]&apos;[0xfb]J[0xd3]:[0xae]8[0x82][0xfd][0xe4][0xbe][0xb][0xfb][0x1b][0x7]]([0xfd][0xfc][0x14][0x1e][0x1d] wst[\n]&quot;
2013-02-06 13:51:57,033 AAD-WS DEBUG wire:63 - &gt;&gt; &quot;[0x8f]v[0xc2]4F30[0xba]IN|[0x93]A]8[0x98][0xdb]?[0x9e][0x1d]b[0xcc][0xe][0x1c][0x80][0xce][0xa4][0xd9][0xa3][0xe2][0xe1]b!w[0xfb]@[0xff][0x84]q[0xf4]&gt;L[0xa2][0xf]8[0x8a]}[0x8][0xb3][0xe8]#[0xd6][0xd5][0xc7][0xac][0xa7]O`%}[0xca]q[0xfe]3h[0xa3][0xcf][0xa1][0x83][0xbe][0x80][0xf3][0xe9]K[0xb8][0x84][0xbe][0xe2][0x18][0xff]5[0xc7][0xf8]o[0xe0]^[0xfa][0x16][0x1e][0xa0][0xef]8[0xf1][0xff][0x87][0xf5][0xf4]=[0xbc]J?1[0xe6][0xb3][0xb9][0xe0]7[0xc3][0x8b]S[0xe]He[0xb7][0xed][0xc9][0xa1]EQ[0xf8][0xed][0xdc][0x9f]_[0x96][0xc1]o[0xe7][0xc5][0x96][0x95][0xf2][0x98],[0xeb]kJf[0xa8]y[0x1b][0x16][0x7][0xca][0x92][0xf0][0xa9][0xf4][0x5]U[0xe9][0x7]YJ[0x1e]=[0xff][0xe7][0xf7][0x18][0xcc]o[0x1b][0xf1][0x2]k[0xd9]7[0x8c]BJ[0x8f]kX\[0xb9][0xb2][0xc1]V[0xb8][0xd4]&lt;-[0xc4][0xe1][0xbb]p[0xc4]&gt;t[0xed][0xc4][0x91][0xe6][0xc6][0xa3][0xa4]V[0xe7]l[0x8a][0xa3]90c[0xde]~[0x18]P$[0xf7][0x8][0x8e][0xd9][0x4][0xf6][0x2][0xdc][0x89]c[0xb][0x8a]vb[0x9e][0x95]fq\m[0xf1][0x1].I[0x8c]q[0x3]_~[0x4][0xc7]o/([0xe6]w[0x89][0xf1][0xc5]V&apos;bDI[0x89]o[0xaf]G[0x1f][0xf6]F[0x1f]^[0x8b][0x93]^[0xb][0x3][0x98][0xf4]a[0x90][0xa9][0x8c][0x80]a[0xca]H[0xc8]SFA[0xbe]2[0x1a][0x8a][0x95]10C[0x19][0xb][0x15]J&gt;T)[0x85]P[0xa7][0x14][0xc1]R[0xa5][0x18]NQJ[0xa0]Y)[0x85][0x16]e&quot;[0xf8][0x94][0xa3]a[0x83]2[0x5][0xce]S[0xa6][0xc2]%[0xca]1p[0xb5][0xc2][0xe6].[0xbf][0xea][0xb5]D[0xf0][0x2][0x8b]@[0x8e][0xa8]B[0xcc][0xcd][0xd8][0x3]0!![0xc9]NdC,0+[0x8f][0xb1]L[0x11][0x8e][0x16]rq[0xa4][0x9c]=a[0xe1]&amp;[0xc8].[0xdc]&amp;0[0x85][-[0xfe][0xe3][0xa5][0xd8][0xa8]X%f[0x14][0x1b]&quot;[0xe][0xb3][0xd1][0xe5][0xcb][0xb6]hev[0xb0]{[0x8e]U[0xca]Y[0x95][0x15][0xd0]W[0x99][0x3][0x3][0x94]Jp*sa[0xb8]2[0xf][0xc6]([0xf3]a[0x92]r[0x2][0x1c][0xad],[0x80]i[0xca]I0KY[0x2][0x95][0xca]R[0xa8]VNff[0x97][0xc1]i[0xca]r[0xd0][0x95]S[0xa0][0x95][0xc7][0xd6](+[0x8d][0xa3][0xf9]hc9[0xcb]:t[0x1f][0xb9][0x3][0x8b]6A[0xee][0xe],[0x8e][0xb9]x[0x9][0xbb]sA[0xac];[0xee]nU-[0x90][0xae][0xb4][0x82]KY[0xc5][0xfd][0xef][0xaf][0xb9]s%[0x3][0xdd]p[0xab][0xe5]J[0x97]&gt;[0x95][0xba][0x1f][0x1f][0xce][0x8f]}[0x5][0xb8][0x18]/[0xb1] [0xe2][0x19][0xb7][0xab][0x87]-&amp;[0x0]\[0x8a][0x97]Y[0x0][0x93][0xac][0xfe]+[0xbb][0x80][0xf3][0xc5][0xb6][0xea]=[0x90]&amp;[0xf5]@z[0x17][0xa8][0xf][0x9b][0x88][0xf8][0xcf][0x96][0x94][0xb7][0xbb]bX.[0x8f][0x9d][0xd4][0xe5][0x1a]ky[0xb5]r[0x1f][0x16]uw[0x1][0x9d][0xb7][0xba]B[0xfc][0x3][0xaf][0xc4]c[0xf8]~[0x14]o[0xb9][0x98][0xc1][0xa7][0xf2]H[0x7][0x95]s[0x8f][0xef][0xa4][0x11]4[0x92]m,[0xe3][0xff][0x0]PK[0x7][0x8][0xb4]P[0xa8][0xa1]i![0x0][0x0][0xcb]E[0x0][0x0]PK[0x3][0x4][0x14][0x0][0x8][0x0][0x8][0x0][0xd4]|D5[0x0][0x0][0x0][0x0][0x0][0x0][0x0][0x0][0x0][0x0][0x0][0x0]@[0x0][0x0][0x0]javax/help/plaf/basic/BasicIndexNavigatorUI$NavSwingWorker.class[0xad]S[0xcb]n[0xd3]@[0x14]=S[0x87][0xa4]6[0x93][0xa4][\r]y[0xd0][0xf2]*%@[0xe2][0xb4]q[0x10]bC[0x11][0x8b]VT[0x8a]T[0xb5][0x12]i[0xd3][0xb5][0xe3]L[0x13][0x17]g[0x1c][0xd9]NZ~[0x88]5[0xa0][0x16]*[0x16][0x88]5[0x1f][0x85][0xb8]cE[0x84]G6[0x91][0xb0][0xe4];[0xd7]w[0xe6][0x9c]{[0xc6]g[0xe6][0xfb][0x8f]/_[0x1][0xd4]a[0x19]0[0xb0][0xaa]C[0xc7]-[0x15]n[0x1b][0xb8][0x83][0xbb][0x6]e[0xf7]RX[0xd3][0x91][0xc4]}UYO[0xe1]A[\n]&quot;
2013-02-06 13:51:57,033 AAD-WS DEBUG wire:63 - &gt;&gt; &quot;[0x8f][0x18][0x12]cW[0x9c]1[0x14][0xf7]N[0xed][0xb1]}n[0xf5][0x85]7[0xb4][0x9a][0xb2]+[0xce][0xdb]T[0xdf]bHF}7,7[0x18]6_1[0xf4][0xec][0x13][0xab]c[0x87][0xae]cm[0xab][0x18]#[0xf6][0xed][0xb1][0xdb][0xb3]#?8j[0x12]Po[0xbd][0x95]Q_D[0xae]C$/\[0xe9]F/[0x19]v+s[0xb1][0xcc][0x16]Um[0x93][0xec][0x1d][0xbf]+[0x18][0xb2]{[0xae][0x14][0xfb][0xa3]AG[0x4][0x87]v[0xc7][0xa3][0x8a][0xee][0xf8]2[0x8c][0x82][0x91][0x13]1[0xe4]+[0xd5][0x98][0xc1][0xf2]l[0xd9][0xb3][0xe]:[0xa7][0xc2][0x89]H[0xd9][0xe2][0x9][0xa9][0x9][0xfb][0xa2][0xcb][0xa0]U[0x14][0x99][0xd1][0xf2]G[0x81]#v]E[0xb0]:SJ][0xf1]p,[0xa1][0xc4][0x91]F[0x86][0xe3]:x[\n]&quot;
2013-02-06 13:51:57,035 AAD-WS DEBUG wire:63 - &gt;&gt; &quot;[0x8f]9*[0xa8]r[0x98](0,O[m[0xfb][0xbe]&apos;l[0xc9]Q[0xc3][0x6][0xc7]&amp;[0xea][0xc][0xcf][0xe7][0xd8]w[0x99][0xf2][0xd6][0x99]+{[0xc7]~[0xf0]F[0x4][0xc][0x99][0xbf][0xb][0xbc])[0xa5][0x8]v&lt;;[0xc]E[0xc8][0xb0][0xee][0xf8][0x3]+[0x1c]I+[0x96][0x10][0xf7]p[0x7]C[0xcf][0xfa][0x3]S[0x9b]C[0x1][0xfd][0x13][0xdb]qDH[0xce]7[0xc8][0xfb][0xe3][0xff]b[0xdb],/[0xb4][0x9e] [0xa3][0x12][0x87][0xaf][0x8f]^1[0xdc][0xd8][0xfb][0xe7][0x17]nM[0x95]&lt;QJ[0x1a][0xf3])[0xa9][0xb6][0xb1]FG[0xdf][0xa0][0x9b][0xb1]@/[0x99]F1[0xa7][0x1c][0x4][0x1d][0x1e][0xa8]G[0xa3]l[0x9][0xcb][0x14]s[0xf4][0xf5][0x94][0xd6]i4f[0xcd][0xcf]`f[0xed][0x12][0xb][0xe6][0xc6]%[0xb4][0xf]T&quot;}18Ai[0x1a][0x9][0xc6][0xa1][0xb3][0xc]2,K3y[0x14]&amp;[0x4]e&quot;`4r[0xf3][0x82][0xb0][0x17][0xd0][0xae][0x90]x[0xff][0xb][0x9d]Ts,G[0xb1][0x88][0xd2][0x4][0xf1]l[0x82]([0x98][0x9f]p[0xed][0x1b][0x92][0x1f][0x91]z[0x7]C[0xc1][0xaf][0xb0]8m[0x9c]Q[0xba]X[0x11]iVB[0x9e][0xad][0x10][0xe8]f[0xbc][0xab][0x15]&lt;[0xa4][0xd1][0xa0]U:[0xdd]kj[0xff][0x13]PK[0x7][0x8][0xf5]j[0xca][0xf8][0xe][0x2][0x0][0x0][\n]&quot;
2013-02-06 13:51:57,035 AAD-WS DEBUG wire:63 - &gt;&gt; &quot;[0x4][0x0][0x0]PK[0x3][0x4][0x14][0x0][0x8][0x0][0x8][0x0][0xd4]|D5[0x0][0x0][0x0][0x0][0x0][0x0][0x0][0x0][0x0][0x0][0x0][0x0]2[0x0][0x0][0x0]javax/help/plaf/basic/BasicIndexCellRenderer.classuS[0xdb]R[0xd3]P[0x14]]G[0xa0][0xb9][0x10]D.U*TAQ[0xd2][0x8]D[0xbc][0x81]-&quot;P[0xe8]X[0xa6][0x16][0xa5][0xc8]C_[0x9c]4[0x1c]J[0x99]4a[0x92]T[0xf8][0x15][0xbf][0x80]W}[0xa0][0xce][0xf8][0xe0][0xf0][0x84]3~[0x94][0xe3]&gt;-[0x97]Z4[0xf];[0xe7][0xac][0xac][0xbd][0xf6][0xda][0xfb][0x9c][0xfc][0xfa][0xfd][0xfd][0x7][0x80]i,[0xab][0x18][0xc0][0x88][0x82]~[0xc4]%[0xdc][0x91]pWE&apos;F%[0x8c][0xc9][0xb8][0xa7]&quot;[0x82][0xfb]*}[0x1a][0x17][0xe1][0x81][0x8][0xf]E[0x98][0xb8]X[0xe9]&quot;1!x[0x86][0xd8]&gt;[0x92]0)a[0x8a]!2_q+[0xe1][0x2]C[0x87][0x9e][0xd8]b[0xe8]L{[0xdb][0x9c][0xa1]7Wqy[0xbe]V-q[0xd3]*9[0x84][0x8c][0x94]y[0xb8][0xe9]s[0x9e][0xe6][0x8e][0xb3][0xc1][0xdd]m[0xee]s?[0xed]U[0xf7]=[0x97][0xbb]![0xc3][0xa2][0x9e][0xdb][0xb3]&gt;Y[0x87]fpPq[0xcb][0xe6][0x9a][0xa0][0xa6][0x1a][0x90][0xe9]X[0x4][0xac][0x97][0xf6][0xb8][0x1d][0xa6][0x8a][0xc5]b[0xb6][0x98]h[0xe2][0xd6]Ah^([0xa4][0x18][0xd4][0x82]W[0xf3]m[0x9e][0xa9][0x88]r[0xc3][0xcb]VP[0xb1][0xb3]T[0xe7][0xb0][0xb5][0xe2][0xb4][0xc8][0xd4]0[0x88][0xa8]F[0x13]1[0xc9][0xd6]e[0x89][0xac][0xe3][0xf0][0xb2][0xe5],[0xd9]6[0xf][0x82]U[0xdf][0xf7]|[0x86][0x89]VS!y2W[0xf8][0x8e]Us[0xc2][0xb7][0xb5]P[0xf4]%l[0xe6][0xa9]c[\r][0x8f]1[0xc3]0[0xd8][0xa4][0xef]rg[0xdf]l[0xd4][0xce][0x86][0xbc][0xca][0x0][\r]O[0xf0]T[0xc3]3&lt;[0xd7][0xf0][0x2][0xb3][0x1a][0xe6][0xf0]RCR[0xac]R[0x98][0xd7][0xf0][\n]&quot;
2013-02-06 13:51:57,036 AAD-WS DEBUG wire:63 - &gt;&gt; &quot;[0xa6][0x86][0x5][0xbc][0xd6][0xb0][0x88]%[0x86][0xc9][0x16][0x99]}[0xc7][0xda]1K[0xa2][0x19][0xf3][0xdf]-1[0xe8][0xff]3[0xd9]&gt;o[0x6]y[0xd7][\n]&quot;
2013-02-06 13:51:57,036 AAD-WS DEBUG wire:63 - &gt;&gt; &quot;2[0x9e]][0xb][0x18]X[0x91][0xa1][0x87][0xe][0xe5]C[0xc0][0xfd][0xe6]t[0xc9][0xbf][0x9e][0xb8]:s[0x6][0x89]hy[0xab][0xca][0xdb][0x9][0x85][0xd0][0xa7][0x92][0x82][0x10][0xd0][0xe1][0xf2]CR[0x88][0xea]W[0xbf][0x8b]{[0x11]-7[0x19][0x5][0xee][0x90]f[0xc5]s[0xd3][0x9e]#[0x6][0xdc][0xaf][0xff]u[0x9a][0x84][0x91]\[0xf][0xc9]e&lt;[0x9f][0x97]}[0xaf][0xe6]n3[0xc][0xe8][0xed][0x1c]!9t&amp;[0x99][0xf7][0xdc]vU[0xe1]&apos;k{[0xee][0x85][0x9f][0xf3][0xe9][0x8][0xb0][0x91],[0x7][0x8d][0x14]N[0xea][\n]&quot;
2013-02-06 13:51:57,036 AAD-WS DEBUG wire:63 - &gt;&gt; &quot;[0xe9][0xe4]&lt;[0xdb]rZ[0xfb][0xab][0x85][0x15][0xc7]l[0xa2]dH[0x9].)[0xe7][0x1d][0xb6]2[0x12][[0x18][0xa3][0x9f]b[0x0][0xe2][0xb9][0x6]&amp;.[0x18][0xc5][0x9b][0xb4][0x8b][0xd3][0x9b]n[0x0][0xba][0x8c]o`_i[0xc1]p[0x8b]b[0xa4][0x1][0x8e]S[0x1c]B[0xec][0x8c][0xfa][0x93]R[0xbb][0xe9]]6[0xa2][0xd2]1[0xae][0x1d][0xa1]+)O[0x9e][0xa0][0xb3][0x8e][0xae][0x13]D[0x92]r[0xbf][0x94]Tb[0xf2])[0xd4][0x98]\[0x87][0x9c]T[0x8c][0x98]R[0x87][0x12][0xff][0x8c][0xeb][0x86]Q[0x87]ZG[0xf7][0x11][0xba][0xc5]R[0xab][0xa3][0xc7]`u[0xc2][0xe3][0xc7][0xe8][0x15])Q[0x91]r#[0xa9][0xc6][0xd4]SP[0x1e]q[0xfb][0x8c]/[\r][0xb][0x11]([0xe8]83[0x95]A[0x1f][0xc5]Y[0xc2][0xe6][0xc8]H[0x8a][0xb0][0x5][0xc][0xd3][0x95][0x1c][0xc5][0x12]&amp;[0xb0][0x82])[0xac]b[0x86]X[0xf3]xC[0xbb]5d[0x91]C[0x1e][0xeb]([0xe0][0x1d][0x8a]x[0x8f][0x8f][0xd8][0x0][0xc7][0x16][0xa9][0xdd]n[0xcc]a[0xf8][0xf]PK[0x7][0x8]T|[0xa1][0xa6][0xac][0x2][0x0][0x0]|[0x4][0x0][0x0]PK[0x3][0x4][0x14][0x0][0x8][0x0][0x8][0x0][0xd4]|D5[0x0][0x0][0x0][0x0][0x0][0x0][0x0][0x0][0x0][0x0][0x0][0x0]&gt;[0x0][0x0][0x0]javax/help/plaf/basic/BasicTOCNavigatorUI$NavSwingWorker.class[0xa5]SMo[0xd3]@[0x14][0x9c][0xad]CR[0x1b]7[0xfd][0xa0][0xa1][0xe5][0xbb][0x94][0x0][0x89]S[0xe2]&quot;[0x84][0x84]T[0xc4]![0x11]H[0x95][0xa2]V&quot;i8;[0xee]6qq[0xec][0xc8]vR[0xf8]C[0x9c][0x1][0xb5]Pq@[0x9c][0xf9]A-H[0x8]1[0xb6]&quot;[0xc2]G[0xe][0xad]j[0xc9][0xb3][0xeb][0xf7]v[0xe6][0xcd][0xfa][0xed]~[0xfd][0xf9][0xe9]3[0x80]2L[\r][0x1a].[0xab]Pq%[0x86][0xab][0x1a][0xae][0xe1][0xba][0xc6][0xd9][0x8d][0xc][0x96]T[0xa4]q3[0x8e],gp+[0x83];[0x2][0xa9][0x81]#[0xf7][0x4][0xe6]k[0xbb][0xd6][0xc0]zev[0xa4][0xdb]3[0x1b][0x9b][0xd5]&amp;[0xa3]k[0x2][0xe9][0xa8][0xe3][0x84][0xf9]U[0x81][0xd2][0x9f][0xf9][0x9e]k[0xed][0x98]-+tl[0xb3][0x12]#[0xd7]oX[0x3][0xa7]mE~[0xb0][0xb5]N[0x9a]Z[0xed]E[0x1d][0x19]96%[0x1e];[0x9e][0x13]=[0x11][0xa8][0x14]N[0xa1]1[0xce]N[0xb1]I[0xbb]U[[\n]&quot;
2013-02-06 13:51:57,037 AAD-WS DEBUG wire:63 - &gt;&gt; &quot;L[0xd7][0x1c]On[0xf4][0xbb]-[0x19]4[0xac][0x96][0xcb][0x88]j[0xfb]^[0x18][0x5]};[0xe2]f[\n]&quot;
2013-02-06 13:51:57,037 AAD-WS DEBUG wire:77 - &gt;&gt; &quot;[0xc5][0x84]o[0xba][0x96][0xd7]67[[0xbb][0xd2][0x8e][0xe8]jr&quot;
2013-02-06 13:51:57,038 AAD-WS DEBUG wire:63 - &gt;&gt; &quot;[0x87]N[0xc2][0x8e][0xdc][0x16]P[\n]&quot;
2013-02-06 13:51:57,038 AAD-WS DEBUG wire:63 - &gt;&gt; &quot;[0xb1][0x98]V[0xf7][0xfb][0x81]-[0x9f]9[0xb1][0xc0][0xe2][0x18][0x1b][0xe5]XE[0xc7][0xc][0x16]tL![0xab][0xe3]&lt;[0xf4][0xc][0xee][0xea]([0xa0][0xa8][0xc3]@N`vT[0xa8][0xe2][0xfb][0xae][0xb4]&lt;[0x1d]%[0xac][0xe8][0xb8][0x87][0xb2][0xc0][0xa3][0x13][0xef]8[0xcf]y}[0xcf][0xf1][0xda]/[0xfc][0xe0][0xa5][0xc][0x4][0xb2][0xff][0x6][0xf4]u[0xcf][0x93]A[0xd5][0xb5][0xc2]P[0x86][0x2][0xcb][0xb6][0xdf]5[0xc3][0xbe]g&amp;[0x6][0x92][\n]&quot;
2013-02-06 13:51:57,038 AAD-WS DEBUG wire:63 - &gt;&gt; &quot;N[0xb7][0xe7][0x9a]q[0x8a]&apos;[0xae][0xcf][0xbf]a[0xd9][0xb6][0xc][0xd9][0xed]U[0xf6][0xbb]~[0xe6]f[0x8d][0xeb][0x80][0xd2][0x96]lO[0xaa][0xf1]|[0xeb][0xa9][0xc0][0x85][0xda][0xbf]nm[0xe4][0xe2]~[0xec][0xa2]|[0x1a][0x17][0xc5]&amp;[0x96]x[0xcc]5[0xde][0x82][0x9][0xbe]l[0x15]q.[0xee][0x1b]x`[0x10]?[\n]&quot;
2013-02-06 13:51:57,039 AAD-WS DEBUG wire:63 - &gt;&gt; &quot;g3[0x98]%[0xce][0xf1][0xeb][0x1][0xd7])[0x1c][0xa7][0x8d][0x8f][0x10]F[0xe9][0x0][0x13][0xc6][0xca][0x1][0x94]w[0xc][0xd1]]BN[0x11][0x8f][0x89]G[0x14][0xfe]F[0xa1][0xef][0xcc][0xcc]#7[0x14][0xc8]S@p[0xd4][0x8d]}r[0xf7][0xa1][0x1c]&quot;[0xf5][0xf6]7;[0x9d][0xe4]~[0x10]/ba[0xc8]x8d[0xe4][0x8c][0xf]8[0xf7][0x5][0xe9][0xf7][0xc8][0xbc][0x81][0x16][0xd3][0xf]19*[0x9c][0x8d]}q[0xdd][0x94]`9[0xa1][0x90][0xb4][0x98][0xec][0xea][0x12]ns[0xd4][0x98]Ry[0x87]Y[0xfe][0x17]PK[0x7][0x8][0x1a]E[0xf8][0x80][0xc][0x2][0x0][0x0][0xf6][0x3][0x0][0x0]PK[0x3][0x4][0x14][0x0][0x8][0x0][0x8][0x0][0xd4]|D5[0x0][0x0][0x0][0x0][0x0][0x0][0x0][0x0][0x0][0x0][0x0][0x0]/[0x0][0x0][0x0]javax/help/plaf/basic/BasicTOCNavigatorUI.class[0xa5]{[0x9]xT[0xd5][0xf5][0xf8]9gf[0xf2]^&amp;[0x8f][0x10][0x6][0x2][0x8c],[0xe][0x10] $![0x1][0x14][0x94][0x9][0xa0]$![0x10]L&quot;[0x12][0x16][0x3][0x82][0xe][0xc9][0x83][0x8c]Lf[0xe2][0xcc][0x84][0x0][0xda]*[0x8a]K][0xd0][0xe2][0x8a];n[0xa9]K[@[0x99][0x80][0xb8][0xa0]V[0xb0]j][0xeb][0xd2]j[0xad][0xb6]uC[0xb4][0xb5][0xda]V[0xdb]*[0xbf]s[0xde]{[0xb3]%[0x93]H[0xff][0xff][0xef][0xe3][0xbb][0xef].[0xe7][0x9c]{[0xee][0xd9][0xef][0x9d][0xf0][0xfc][0xf7][0x8f]&gt;[0x1][0x0][0xa5][0xb6]!NPq[0x95]4MNx[0x1b][0x9b][0x15][0xd4][0x15]\[0xed][0x4];[0xae]q[0x82][0x3][[0x14][0xf4]+x[0xb6][0xac][0xaf]u[0xa2][0x13][0x3][0xd9][0xdc]k[0x95]&amp;[0xa8]`[0xc8][0x9][0xb9][0x18][0x90][0xa6]M[0xc5]s[0xe4][0x1b]V1&quot;[0xdf][0xa8] [0xb4];![0x1b][0xd7]I[0xaf]C[0x9a][0xf5]*np[0xe2]F&lt;[0xd7][0x1a][0x14][0xb][0x95][0xf3][0x4][0xe6]G[\n]&quot;
2013-02-06 13:51:57,039 AAD-WS DEBUG wire:63 - &gt;&gt; &quot;[0xfe][0xd8][0x9][0xc7][\n]&quot;
2013-02-06 13:51:57,040 AAD-WS DEBUG wire:63 - &gt;&gt; &quot;[0xa9]l&lt;_[0x9a][0xb][0xa4][0xd9][0x94][0x3][0xff][0xc6][0xb][0x15][0xbc][0xc8][0x9]c[0xcd][0x8d]7+x[0xb1][0x13][\n]&quot;
2013-02-06 13:51:57,040 AAD-WS DEBUG wire:63 - &gt;&gt; &quot;[0xf1][0x12][0x19]\*[0xbd][0xcb]r[0xf0]&apos;x[0xb9][0xf4][0xae][0x90][0xe6][0xca][0xc4][0x96]W)[0xb8][0xc5][0x9][0x93]M[0xbc][0xab][0xa5]w[0x8d][0x13][0x8a][U[0xbc]V`[0xae][0x13][0x98][0xeb][0x9d]x[0x3][0xde][0xe8][0x84][0x10][0xde][0xa4][0xe0]6[0x5]ovB9[0xde]&quot;tnU[0xf1]6[0x83]3in[0x97][0xe6][0xe][0xd9][0xe8][0xce][0x4][0x83][0xdb][0x85][0xb7][0xbb][0x14][0xbc][0xdb][0x9]s[0xf1][0x1e][0x15][0x8f]77[0xc6]{[0xf1]&gt;[0x5];[0x9d]P[0x8b]?[0x93][0xc1][0xfd][0xd9][0xf8][0x0]&gt;([0xfc]?[0xe4][0x84][0x19][0xf8]si[0x8c][\r]![0xbd]_:q[0x7][0xee][0x94][0xd5]][0xd2]&lt;,[0xcd]#[0x16][0x88][0x8a][0xbb][0x5]7&amp;[0xdc]t)[0xb8][0xc7][0x9]+p[0xaf]L?[0x9a][0xe0][0xeb]G[0xc2][0xc3]&gt;[0x99]{L[0x9a][0xc7]U|Bfn[0xb4]d0[0x3][0x9f][0x94][0x9d][0xf6][0xcb]![0x9f]t[0xa2][0x1d][0x9f]R[0xd1]+3O[0xe7][0xe0]3[0xf8]+[0x5][0x9f][0x15][0xc0][0x3][0x82]zPf[0x9e]S[0xf1][0xd7]2x[0xde][0x9][0xe7][0xe1][0xb]*[0xbe][0xa8][0xe0]o[0x84][0xa3][0x97][0x9c][0xd0][0x81]/[0xb][0x1f][0xaf][0xc8][0xf0]U[0x5]_[0x13][0x88][0x80][0x8a][0xaf][0xcb]8*[0xcd]o[0x15]|C[0xc5]7[0x9d][0xb0][0x9][0xdf]R[0xf1][0xed]l&lt;[0x5][0xa7][0xe2][0xef]MVy[0xf0][0x8e][0x82][0xef]f[0xe3][0x1f][0xf0]=[0x15][0xff][0xe8][0xc4][0xf7][0xf1][0x3][0x99]|J[0xc8][0xfc]I[0xc5]?[0xb][0xed][0xbf]H[0xf3][0xa1]4[0x1f][0x9][0xc1][0x8f]U[0xfc][0xc4][0x12][0xe9][0xa7]x[0xc8][0x89][0x9f][0xe1]a[0x15]?W[0xf1][0xb][0xe1][0xf0][0xaf]*[0xfe]M[0xc5]/U[0xfc][0xbb][0x80]~[0xa5][0xe2][0xd7][0xb2][0xf1][0x8d]*[0xfe]C[0xc5][0xca][0x9][0xff]%6[0xf8][0x8d],~[0xab][0xe2][0xbf][0x8d]Ei[0xfe][0xa3][0xe2]U[0xfc]N[0xb6][0xfd]^[0x16][0x8f]p[0x8f][0x80]W[0x8][0xf9][0x8c]D[0xbc];[0xd9]x[0x81][0xec]Nr[0xe0][[0x6][0xf7]*e[0xf1][0x80][0x14][0x95]T[0x95][0xb2][0xad][0xae]S[0xa1][0x1c][0x95]4&apos;&lt;[0x8a]-2[0xd5]/[0x87]r[0xa9][0xbf][0xa0][0xe7][0x9][0xa1][0x1][0xa6][0x1c][0xc8][0xa5][0xd2]@[0xab];H[0x16][0xf3][0xa5][0x19],[0x8d]x[0x1d][\r]u[0x92][68F[0xa5]a29\[0xa1][0x11]&lt;E#[\r][0x1c]a[0xeb][0xd8]x[0xf][0x9f]d[0xcd][0x92]G[0xa1]Q*[0x8d]6&amp;[0x15][0x1a][0xc3][0x96]M[0x5]*[0x8d][0x15]Z[0xe3]d0^[0xa5]B[0x85]&amp;[0x8]f[0x11][0x8b][0x81][0x8a][0x9d]TB[0x13]U*e[0xcf][0xa6]2&apos;M[0xa2][0xc9][\n]&quot;
2013-02-06 13:51:57,040 AAD-WS DEBUG wire:63 - &gt;&gt; &quot;MQ[0xe8]8[0x85][0x8e]Wi[0xaa][0x13]&gt;f[0xff][0xa6]iN8D&apos;(t[0xa2][0xf0]0[0xdd][0x9][0x87][0xc9]+M[0xb9][0xb5][0xf7][0x87]4#[0xd1][0x9b][0xa9][0xd2],&apos;[0x9d]D[0x8a]4&apos;[0x1b]=[0x95]f[0xcb][0xb7]B[0xa1]J[0xe1][0xa3]J[0xa5]9*U+4W[0xa8][0xcd]sR[\r][0xcd][0x97][0xe6][0x14][0x15]g[0xa8]T[0xab]P[0x9d]@[0xd5][0xab]x[0xb2]J[0xa7]Jw[0x81][0xc0][0x9d][0xa6][0xd0]B[0x85][0x1a][0x14]Z[0xa4][0xd0]b[0x85][0x96]([0xb4][0x14]![0xb7][0xde][0xb7][0xae][0xa1][0xc3][0x1f]\[0xb3]4[0x14]^[0xab][0x87][0x11][0xb4][0x9a]`P[0xf]W[0x6]|[0x91][0x88][0x1e]A[0xb0]ECM[0x8]#k[0xcf][0xf6][0xad][0xf3][0xad]/k[0xd1][0x3]me[0xf3][0xe7]q[0xbb][0xe8][0xd4]J[0xc6][0xf4][0xaf][0xf1]EC[0xe1]r[0x4][0x8a][0xb4]![0xb8]-[0xa8][0x88][0xd0]+[0x9b][0xdf][0xd0][0x14][0xe][0x5][0x2][0xb]|A[0x9d][0x1][0x94]h[0xa8][0xad]&gt;[0xd4][0xac]#LH[0x83][0x8a][0x86]u[0xbd][0xac]J_[0xed]k[0xf]D[0xeb][0xda][0xa3][0xbe]U[0x1]}[0x11]O[0x9](c[0xd9]e[0x19]a`:a[0x1][0xe0][0xc5][0x1c][0xb0]&amp;[0x18][0x89][0xfa][0x2][0x81][0xc5]5[0x8][0xb8][0xc]![0xab][0xc3]:DAmS[0xa8][0xb5],[0xd2][0x1e],[0x13]D[0x93]mk[[0xa0],[0xe5][0xa8]L[0xc1][0xd1][0xac][0xaf]j_[0x83][0xd0][0xaf]2$[0x84][0x82][0xd1]%[0xbe]@[0xbb]n[0xe3][0x90][\r][0x8]C[0x9b]D[0x6][0x5][0xc6][0xce][0x5]B[0xa1]@[0xce][0xdd][0xa0]G[0x11][0x6][0x18][0xfc][0x94][0x5]|[0xcc][0x8d]!)[0xa6][0x95][0xdd][0xb0]![0x18]m[0xd1][0xa3]~[0x16][0xd7][0xe0]$j[0x81][0x0][0x15]4D[0xc3][0xbc]/[0x82][0xda][0x14][0xd6]}Q][0xf8]=[0xb1]0[0xfd]P[0x95][0xa1][0xd6][0xb6]PP[0xf]F[0xcb][0xd3][0x5][0xd4][0x16][0xf0][0xad].K,.[0xae][0x11][0xa9]T[0x1a][0x82][0xec]_[0xeb][0xf][0xea][0xf5][0xed][0xad][0xab][0xf4][0xf0]&quot;[0x91][0x1b][0x9f][0x86]?[0xe8][0x8f][0xce]B[0x18]U[0xd8][0xb7][0xc2]&amp;,a[0x86][0xfd]I[0xe1][\r][0xeb][0x9d][0x19][0x86][0xec][0x1f][0xd1][0xa3][0x95]z [0xb0]P[0xf]6[0xeb]a[0x91][0xef][0xa4]4[0xfa][0x9][0xba]K[0xfc]zGy[0x6]][0x9][0x91][0x9c][0xf6]`[0xca][0x86]yk[0xf4][0xe8][0x82][0xb0][0xbe]Z[0xf][0x87][0xf5][0xe6][0x6][0xff]Ff[0xbe][0xf4][0x7][0x4]R[0xe6][0xeb][0x88][0x96]U[0xf9][[0xf5]`[0xc4][0x1f][\n]&quot;
2013-02-06 13:51:57,041 AAD-WS DEBUG wire:63 - &gt;&gt; &quot;[0xb2][0x18]r[0x99]F[0x1d][0x1f][0xb8][0xb5][0xbd][0xd5][0xa4]`L[0xf8][0xd6]&apos;&apos;[0x9c]a=[0x10][0xf2]5W[0xf9][0xa2]&gt;[0xb6][0xe4]BaCMN[0x14][0xa6][0x1d][0x82][0xe5]c[0xb0]?!E[0xb7][0xa7][0xae]:[o[0x8a][0x8a][0xa9][0xb5][0x85][0xf5][0x8][0xb3]b&quot;[0xba][0xd3][0x10]E[0xb8]u[0xac][0x90][0x80]q[0xcc]\_ssC[0xfb]*[0xcb]T[0xd8][0x81][0x86][0xf4][0x0][0xe6]y[0x3]4K_[0xdf][0xe6][0xb]6#[0xe4][0x17][0xa6][0xec]i[0x9a][0x8a][0xa9][0xa1][0xd5][0xfe]`[0xb3]x[0x2][0x93][0x19][0x97][0x9][0xc6][0x9c]j[0x8f][0xfa][0x3]eK[0x98]Q[0xc3][0x13][0xd5]&amp;v:_[[0x84][0x8f][0xaf]4[0x87][0xea][0xf4][0xf0][0x1a][0xee][0x8d][0xe8]C_[0xb2][0x93][0xa3][0xd5][0x84][0xcb][\n]&quot;
2013-02-06 13:51:57,041 AAD-WS DEBUG wire:63 - &gt;&gt; &quot;[0xeb][0xad][0xa1]u[0xdc]9[0xb9][0xf0][0xa8][0xbd][0xb4][0xb7][0xe3][0xf5]c[0xab]Y[0xe2][0x8f][0xf8]W[0xf9][0x3][0xfe][0xe8][0x6][0x84][0x92][0xa3]&apos;i[0x9a]gse[0xb][0x1f]Vg[0x1][0x15][0xa4][0xb1][0xaf][0xaf]cM$[0xc5]&gt;g][0xdc]N[0xb3]D^5U[\n]&quot;
2013-02-06 13:51:57,042 AAD-WS DEBUG wire:63 - &gt;&gt; &quot;[0x9d][0xce][0x1][0xa9][0xa6][\n]&quot;
2013-02-06 13:51:57,042 AAD-WS DEBUG wire:63 - &gt;&gt; &quot;a[0xcd][0xff][0xdb])[0xea]|m[0x5]5U[0xe5][0xff]K[0xa0]rF[0xf4][0x0]k[0xc0][0x8c]pb[0xdc][0xc2]^B[0xce][0xa2][0x80][0x9]=&lt;25~j[0xeb]$[0xf2]$[0xe]&lt;![0x9d]q[0xf3][0xc4][0xb2]][0x83][0xb1][\r][0xdb][0xf2][0xd4][0xb9]m[0xe1]P[0x9b][0x1e][0x8e]n0[0xb1][0x11][0xc6]X[0xa6][0xb2]J[0xf7][0x5]#e[0xb][0xd2]V[0x93]hyMq[0xff]Z[0xa8]G[0xd8][x[0xd7][0xd1][0x85]IG3[0xb7]L[0xf8]`[0xca]v[0x9][0xbc]:[0xb6][0x94][0xe6][0xd4][0x89][0x86][0x96]PG[0x90][0xc3]Ebb[0x9e][0xbf][0xb9]Y[0xe7][0x19][0xa7][0xaf][0xa9]I[0xe7][0x80]8i[0xd2]$[0x84][0x86]4e[0x1a][0xe1]m[0x95]/[0xe2]o*[0xab][0x90]65Lq[0xb0];j[0xf][0x8d]o1Y[0xb6]([0xfd]_[0xb6]0,[0xc7][0xc][0xd8][0x8]c{w[0xb3][0xb4]h[0xef]l[0x8][0xb5][0x87][0x9b][0xf4]j[0xbf][0x84][0xdd][0xa1][0x19][0xc8][0x96][\n]&quot;
2013-02-06 13:51:57,043 AAD-WS DEBUG wire:63 - &gt;&gt; &quot;[0x8e][0x86]&apos;[0xe2]T[\r][0xa7][0xe1][0x9][0x1a]5[0xe2][0x99][0x8][0x9e]n[0x94][0xea]C[0xd1][0xea]P{[0xb0]y[0xce][0xfa]&amp;[0xbd]M[0xd4][0xca][0xa9]6[0x9]R[0x1f]2[0x80][0xd8][0xe8]L[0xa0]p8[0x14][0xd6]h[0x19]-[0xd7]p[0x2][0xce]d+9[0xea]C&quot;[0xc][0xef]+[0x1f][0x8][0xbd]&quot;i[0x98][0xd9]cp[0x98][0x86][0xc3]q[0x4]g[0xb1][0xee][0x92][0xa8]h_[0xcd][0x1][[0xa3]3h[0x5][0xe7][[0x8f]tV&quot;[0xb8]*[0xad][0x9c][0xe6][0x99][0xe8][0x89][0x84][0xc2]QOh[0xb5]Fg[\n]&quot;
2013-02-06 13:51:57,043 AAD-WS DEBUG wire:63 - &gt;&gt; &quot;[0x93]#q[0xa6]Fg[0x91]O[0xa3]U[0xd4][0xa4]Q3[0xb1][0xac]r[0xcc]}K[0xfd]M[0xa1][0xa0]B[0xc][0xb9][0x86]Z4t[0xe1]@[0x8d][0xfc]t6[0xc7][0xc2][0x84][0x5]V[0x84][0xc2][0x9c]mj}[0x1b]B[0xed]Q[0x8d][0xd6]R@[0xa3]V[\n]&quot;
2013-02-06 13:51:57,043 AAD-WS DEBUG wire:63 - &gt;&gt; &quot;j[0x14][0xa2]6[0x8d][0xce]!v[0xaa][0xf1]G[0xe9][0x9f][0x1a][0xe][0xc6]![0x9c][0xb5]{$&amp;&gt;2E4[0x1c][0x8a]n[0x8d][0xa2][0xd4][0xae][0xd0]:[0x8d]:h[0xbd]F[0x1b]h[0xa3]F[0xe7]r[0x83][0x13][0xb1][0x94]cx/u[0x8d][0x86][0x83]0_[0xa3][0xf3][0xe8]G[\n]&quot;
2013-02-06 13:51:57,044 AAD-WS DEBUG wire:63 - &gt;&gt; &quot;[0xfd]X[0xa3][0xf3][0xe9][0x2]6[0xa5]J6|[0x91][0xd2][0xf9][0xb4]I[0xc3][0xe3]q[0xaa]B[0x17]jt[0x11]m[0xd6][0xe8]b[0xba][0x4][0xa1][0xa8]o[0xa5][0xa5][0xe7]YWO[0xf3][0x17][0x9e]/e[0xbe][0xe8]2[0xb6]B[0xce][0xa9]VJ[0xd5][0xe8]&apos;&quot;[0x97][0xcb]EBW[0xc8][0x11][0xae]de[0xd2]U[0x14]&apos;[0x92][0x9e]=[0x85][0xc8][0x16][0x85][0xae][0xd6][0xe8][0x1a][0x9c][0xca][0xb5][0xc8]Q[0x1b]RAz[0xb9](t~[0xaa][0xd1]V[0xba]V[0xa1][0xeb]4[0xba][0x9e]n[0xd0][0xe8]F[0xd9][0xf8]&amp;[0xd6]?m[0xa3][0x9b]5[0xba][0x85]nU[0xe8]6[0x8d]n[0xa7];4[0xba][0x93][0xb6][0x8b]`[0xee][0xd2][0xe8]n[0xba]GC/[0x96]kt[0xaf] [0xf9][0xe9]&gt;[0xae]Zz[0xd3][0xa7][0xe8][0xca][0x88][0xf5][0x1a]u[0x8a][0x8d]V[0xe3]\[0x8d]~F[0xf7]k8[0x1f][0xeb]4[0xac][0xc7][0xb9][0x8][0xc7]$s[0xbd][0xa7]=[0xc2][0x14]&lt;A[0xbd][0xc3][0xd3]jb= [0xec]&lt;H[0xf]i[0xf4]s[0xfa][0x85]F[0xbf][0xa4][0x1d][\n]&quot;
2013-02-06 13:51:57,044 AAD-WS DEBUG wire:63 - &gt;&gt; &quot;[0xed][0xd4]h[0x17]=[0x9c].c+i[0xf4][0x8][0xed][0xd6]p6Vh[0x14][0xa3].[0xce]ef[0xaa][0xf6]4[0xb1][0xac][0xf5]f[\r]g[0xe1]I[0x1a][0xed][0xa1][0x1d][0x1c][0xb8][0xcd][0x95][0x5][0xbe]h[0x8b][0xc7][0xcb][0xa5]A[0x8f]#[0x8][0xef][0xb2][0xaa][0xd1]^zT[0xe4][0xb5]O[0xa3][0xc7][0xe8]q[0x8d][0x9e][0x10][0xf4][0xbc][0xee][0x19][0x9c][0xb3][0xb6]&apos;[0xc8]L{[0xbc][0x1a]=[0xd9][0x9d]=[0xd6]EMTo[0xe5][0x10][0xcb]U[0xb9][0xf4]&lt;[0xfe][0x88]&apos;[0xd8][0x1e][0xe0][0x13][0xee][0xa7][0xfb][0x8d][0x9c][0xe9][0x9][0xfa]Z[\r][0xe4][0xa7][0xe8]i.[0x6][0xa2]&gt;[0xce][0xeb]Q[0x19]?C[0xbf]J[0xb0]g[0x10][0xab][0xf0]q[0xae]L[0x4][0x1e][0x85][0x9e][0xd5][0xe8][0x0][0x1d][0x94][0x1b]A([0xea][0xe1]t[0xc4][0xb4]j[0xaa]&lt;^[0x85][0x9e][0xd3][0xe8][0xd7][0xe2][0xc9][0xcf][0xd3][0xb]Fp7[0xcb][0x8b][0xb8],[0xe8]E9[0xcc]o[0xe8]%[0x8d]^[0xa6]k5z[0x85][0xb6][0xb3]T[0xa4][0x9e][0x10][0x1d]4[0xb3]:[0x14]zU[0xa3][0xd7][0xe9][0xb7][\n]&quot;
2013-02-06 13:51:57,045 AAD-WS DEBUG wire:63 - &gt;&gt; &quot;[0xbd][0xa1][0xd1][0x9b][0xf4][0x16][0xb3][0x15]_f[0x96][0x8d][0x8a]C[0xfa][0x1a]V[0xe1][0x1c]&gt;[0xbe]Y[0x82][0x14]r[\n]&quot;
2013-02-06 13:51:57,045 AAD-WS DEBUG wire:63 - &gt;&gt; &quot;/[0xe1]u[0x9c][0xa0][0xd1][0xdb]&quot;[0xa9]\[0x8f][0x87]CF[0xc4][0xcf][0x9e]ab[0xda][0x9b]Z&quot;[0x1c][0x4]][0x9e][0x96]H)[0xaf]D}\^[0x16][0xf2][0xdc][0x4]f[0xf5]w[0xf4]{[0x89]N[0xef]h[0xf4][0xae][0xa8]o[0x88][0xc7][0x13][0xf5][0xad]1v\[0x1d][\n]&quot;
2013-02-06 13:51:57,045 AAD-WS DEBUG wire:63 - &gt;&gt; &quot;{[0x8c][0x1d]|[0x1]/G[0xb0]? [0x7][0xf3]1[0x1e]O([0xdc][0xc6][0xf9]Qg[\r][0xb7][0xf8][0x3][0xcd]a=[0xc8][0xc1][0xac]I2[0xa6][0xe0][0xb4]D[0xbc][0xbc]_[0x8e][0xc7][0x93][0xe4][0x95][0xde][0xa3]?2[0xc3]b[0xc9][0xef][0xb3]%[0xd3][0x7][0xd2][0xfc]I[0x9a]?[0x8b]8[0xfe]B[0x1f]*[0xf4][0x11];h[0xa2][0x88])[0xd4][0xe8]cQ[0xe7][0x90][0x1a][0x89][0xe]A_[0xc0][0xe3][0xf][0x1a][0xe7][0x89]D[0xf5]`[0xd3][0x86]Q|\[0x8f][0x1c][0xca]3j&amp;[0xfa]&apos;C[0xaf][0x11][0xf5][0xf9][0xf8][0x9]&lt;[0xdd]L[0x3][0x9f][0xd0][0xa7][\n]&quot;
2013-02-06 13:51:57,046 AAD-WS DEBUG wire:63 - &gt;&gt; &quot;[0x1d][0xd2][0xe8]3:[0xac][0xd1][0xe7][0xf4][0x85]F[0x15][0xfa][0xd9]f[\r][0xe4][0xf5][0xb0][0x0]U[0x8f]aJ[0xc2][0xbc][0x93]%[0xa0]G[0xa2][0xb2][0xa0][0xd1][0xdf][0xc4]C[0xbf][0x14]&gt;[0xff][0xce][\r][0x9e][0x8a][0xb][0x14][0xfa][0x8a][0xb7]X[0x92]R[0x83][0x8]R[0xb6][0xc7][0xf4][0x1f][0xc1][0xf9][0x9a][0xfe][0xc1][0xf7][0xb0]T[d[0xbb][0x16][0x13][0xd4][0xe8][0x9f][0xf4]/[0x8d]J[0xc5][0xc3][0xbe][0xa1]o[0xd3][0xb3]RM[0xd0]0$[0xcb][0xad][0xf8][0x96][0x15][0xd5][0xd7]GS[0x92][0x9d]b[0x18][0xa1]7[0xfd][0xc4]F[0xd2][0xd3]p[0x14][0x8e][0x8e][[0xa9][0x10]+[0x8d];&apos;[0xae][0xc4]35,[0x90]e[0xc3]}J[0x5][0xab]4~[0xc5][0xca][0xeb]^[0x1c]h[0xf4]o[0xe1][0xed]?[0xf4]_[0x85][0xbe][0xd3][0xe8]{[0xc9][0xc3][0xfd][0xcd][0xeb][0x87][0x94][0xf4]&gt;[0xe1]D[0xa3]#6Pl[0xa8][0xd9][0xc8]fK[0xc4]{[0xe3][0x8][0xa9]`[0x96][0x4],[0xc5]$[0x8f]qLrva{0[0xca]Q6eq[0x98][0xa1]0V[0xf7][0xba][0xd0]Z[0xb1][0x9d][0xb6]4[0x82]#R[0xb6]Z[0xca][0xaa][0xb]u[0xa4][0xf1]e[0xb3][0x8b][0xd3][0xe5][0xa5][0xf2][0x13]jko[0xd3]l[0xe][[0x96]fSl[0xaa]f[0xcb][0xb6]9Y[0xf2][0xb6][0x1c][0xcd][0xa6][0xd1]F[0x86]M/[0x7][0xbd][0x1e][0xc5][0xd6]O[0xb3][0xe5][0xd2]r[0xd6]gK[0xbc]f[0xd6]l[0xfd][0xc5]X[0x6]e[0xba][0xc6]H[0xd2][0x9a][0xce][0x96][0xb8][0x9a][0xb5][0xc5]V_[0xcd][0x1f][0xd3][0x15]8{[0xf7]K[0xa4][0x12][0x99][0xd6]ly[0xb6][0x1][0x8a][0xcd][0xa5][0xd9][0x6][0xda][0x6]i[0xb6]|,a[0x88]9V[0xa4][0xb4]0[0xf2][0xba][0x17][0x11][0x1a][0xce][0x90][0xda][0xa5]e&quot;[0x8e][0x18][0x90][0x1a][0x9e][0xcc]1[0xc6]6X[0xd2][0xd1][0xb1][0xdd][0xd3]QZ[0xb5],[0xd5][0xcc][0xe8][0xde][0xaf][0x3][0xb5][0x86]G[0xe9][0xdd][0xcb][0x83][0xc]%t[0x12]rT[0xaf][0xf5]r[0x12][0xc6][0xd3][i[0x9c][0x4]1[0xc4]Y[0xe6][0xf][0x95]5p[0x8c]b[0xbb][0xdf]h[0xde][0xca][0x7][0xf4][0xb8]Z[0xb0][0xe1]s[0x1c][0xaa][0xe7]H[0xcd][0x9e])[0x97]V[0xae]\}&quot;[0xad]A[0x85][0x13]z[0xd6][0x9f]\S[0xf8][0xda][0xda]t[0xb9])[0x96][0x14][0xf6][0xac]}{b[0x98]uZy7[0xf0][0xc][0xd5]l7p5[0x1a]Jx[0x11]s[0x95]vM[0xe4][\n]&quot;
2013-02-06 13:51:57,046 AAD-WS DEBUG wire:63 - &gt;&gt; &quot;2[0xfd][\n]&quot;
2013-02-06 13:51:57,047 AAD-WS DEBUG wire:77 - &gt;&gt; &quot;[0x93]~[0x89][0xe4][0x90][0xcf][0x18]5[0xad]|[0x8a][0x9a]&amp;[0xb1][0xeb][0xe3][0xfa][0xba]q[0xa6]]n[0x12]H[0xf2]J[0xc4]wF[0x13]??[0xfd][0x6]d[0xac]K[0xa5][0x9e][0x9f]:[0xbb][0xb8][0xa6][0xce][0x17]dl[0xc9][0x9a]k[0xe2][0x98][0xe3]z[0x95]Q[0x1a]1&gt;[0xae]H^L[0x86]+[0xf8][0xf4][0xb3]%[0xaf][0xf4][0xec]4[0xcc][0x92]Y[0x84]&amp;[0x9e]I[0xc]+0[0xe7][0xac][0xfd][\r][0xd6][0xdc]|[0xf5][0xef][0xcd]z[0xc6][0xf5]q&apos;[0x8b]C[0x19]D[0x6]1[0x91][0xc][0xa6]5[0xb6][0xf7][0xab]Y[0xf][0xf4]L[0xae][0xd0][0xd7][0x5]:[0x8d][0xc0][0xc8][0xc]W[0xe6][0xb4]{[0xf9][0x0][0x96]Z[0xc2][0x85],[0xf1][0x8d]/[0xcc]pWN[0xf3][0xb5][0xb8]4[0xc7][0x1c][0x5][0x18][0xab][0x83]O[0xd1][0x8b][0xab][0x96][0xfc][0xe0][0xcd]8[0xed]8[0x3]Y{r-[0x8d],[0xc][0x85][0xa2][0xf3]80[0x5][0xe4]1[0xc5]^[0xb8][0xcc][0xb8][0xca][0xf2][0xa2][0xcc][0x1b][0xaf][0x14][0xe2][0xa9]9k[0xe4][0xc9]B[0xef]h[0xe3]k[0x8c]&lt;[0xf3][0xa4][0x9f]j~|[0xa9][0xbc][0x9b][0x19][0xce]O[0xe2][0xd8][0x98]s[0xae][0xf1]S[0xb4][0x95][0xf1][0x19]+9[0x89]0#[0x83][0x93][0xfe][0xf][0xe8]C{s33[0xb4]$[0xde],[0x7][0xf7]4qy[0xa9]1_[0xcd][0x98][0xe0]*?[0x97]?[0x1c][0x9e]8[0xe7][0xa6]C[0xf2]\yw[0xb][0x92][0xb9][0x8c]W[0xf3]%[0x9]S[0xef][0xa1][0xe4][0xd4][0x9b][0x8d][0x1]8[0xc4][0xac][0xf4]2X[0xfb]ps[0xa5]7g[0x1a]f.[0xf7]b!fE[0xa9][0xcf][0xe][0x4][0x12][d[0xf0][0x8]GaM[0x8d]01[0xfa][0x87][0x1f][0x8a][0x8d][0xa7]R.[0xbe][0xc2][0xed]m,[0xc7][0x8a][0xff][0xef][0xe7][0xb]yo[0xe3][[0x9b][0x98][0x8b][0xbd][0xd0]`b@[0xd2][0x0]*B[0xa1][0x0][0xc7][0x8][0x6][0xa9][0x9e]][0xdb]0&apos;[0xfe][0xf6][0x9d][0xb6][0xc8][0xea][0x18][0x90]8d[0xa5]U[0xb0][0x9a][0x11][0xd8]x[0xef][[0xb4][0xa1][0x8d][0x8d]9[0x9b][0x87][0xb5]![0xae][0xd2]S[0xf3][0x8a]q[0xd3]0g[0x99]J?[0x6][0x91][0xb][0xd3][0xec][0xc8]&quot;[0xe3][0x9d][0xbd]8[0x93][0x1f][0xf7][0xfa][0xe6][0x95]Z[0xba][0x18][0xfb][0x8a][0x98][0x17]G[0xe5][0xb9][0xcf]/^6[0xc0]xT[0x14][0xe0]$[0x8f][0xb3]z3[0xf6][0xa3]}[0x16][0x14][0x96][0xab][0xfd][0xe1]H[0xd4][0xa0][0x99][0xfa][0xb0][0x96])`%[0x2]g[0xda]rot[\r][0x92][0x95][0xa1]v[0xa9]{l[0x85][0x13][0xb8][0xce][0xb0]/Z[0xb8]x[0x8e][0x4][0xc5]^6[0x89][0x87][0xb5],[0xf3][0xf2]i[0xea][0xa0][0xb2]=[0xcc]g[0x8d]J[0x9a][0xcf][0xef][0xe1]J[0xf2][0xb0]hf+3[0xfd][0xf][0xe8][0x9e]h#[0xc6][0x99][0x96][0xf7][0x95]j[0xb3][0xf4]s[0xda]}[0x81]H[0xb7][0x87][0xe3]x[0xaa][f[0xc6][0xb1][0xe4][0xb][0xb4];M[0xf9]s[0x82][0xed][0xac][0x17][0xa3][0xba][0x8c][0xc7][0xb1][0x1e][0xb]L!([0x85]z@o[0xd5]E[0x18][0xe9]eI[0xe2][0xcd]Mm[0xf2][0x5][0x8f][0xe6][0x81][0x99]9[0xea][0xdf][0xe2][0x8b][0xd4][0x85][0xc2][0xba]E2b[0x8][0x98][0xe7]U=1!2[0x91][0x8b][0xb2]![0xee][0xe5]}*up[0xe1][0xf2][0xc][0x7][0x97][0x1f][0x19]Z}k[0xf5]D8[0xef]-[0x97][0xc9].fv[0xe0]Z[0xdc]xeJ;[0xbb][0x98][0xc2][0xe2][0x88][0x1e]6[0xe9][0xb2]&apos;Ji[0xc1][0xca]$?+[0xd8][0x95][0xb1]&gt;3[0xd6]A([0xef][0xdd][0xbc][0xd3][0xdf][0xc7]3ZEj[0xad][0xbc]!b\[0xf4]m[0x1c]vXK[0xb5][0xf1][0xca]r[0x1][0x93][0x8c]2a[0xdd][0xd7]Z[0x1e][0xbf][0x8d][0xa4]O[0xb3] [0xdb]d[0x14]0[0xde]&quot;
2013-02-06 13:51:57,047 AAD-WS DEBUG wire:63 - &gt;&gt; &quot;][0x9b][0x9b][0x13]J[0xcc]h,,[0x4]-~[0xa3]7[0x85]/[0xa7]_[0x18][0xea][0xa8][0xe][0x85][0xe3][0xca][0xe8]K[0x88][0xec]#9q|[0xc6]2[0xa3][0xce][0x2]_[0xd8][0xd8][0xb1][0xa0]{[0x80]([0x88];[0xb6][0xc][0xaa]}[0xf2][0xde][0xb1][0x81]O[0x91]qV[0x8d]G3[0x84]y?[0xfc]kS[0x1f]Ufr[0xfb][0xf2][0xf4][0x9b][0x94]E][0xe3][0xb][0x93]&lt;[0x1d][[0xc3][0x13][0xfb],[0x80][0xfa]4K[0xb5])[0x11][0xe7][0xd4][0xf8][0x8b]D[0xaf]?[0x0]-[0x93]rrY[0x1f][0xd5]x[0x96]?R[0xab][0xfb]V[0x1b][0xbf]-$[0xd3]x[0xb6][0xe5]0[0xb3][\r][0x8d][0xd6]d[0xf4]K{[0xc4][0xf8][0xf5]Kjx[0xe3]6&amp;/~fN[0xd0],[0x1f][0xb3][0x82][0x9c]3[0xf9]xeV[0xb]F[0x4][0x14][0xd2]#[0xe3][0xa4]{;k[0xea][0x1d]-[0xd3][0xf]2[0xa6]%[0x98][0xaf][0xe4]|[0x16]q[0xa9][0x85][0xb5][0xcc]S&lt;[0x92][0x4][0xf5]h[0x19][0xcf]H[0xfd][0x91][0xee][\n]&quot;
2013-02-06 13:51:57,048 AAD-WS DEBUG wire:63 - &gt;&gt; &quot;V[0xc][\r][0x84]&quot;[0xc6]{E[0xf2][0xe7][0x8c]8F/[0xbe][0x93]Z[0x96][0x9a][0x7][0xea]55[0x18][0xa6][0xcb]QM[0x12][0xa4]/b[0x9][0xc4]*B[0xe4][0xf7][0xc][0xce][0xb1][0xe1][0x4]-&amp;[0x1d][0xe9]Az`[0xc4]z[0x3][0x8e][0xb6],[\n]&quot;
2013-02-06 13:51:57,048 AAD-WS DEBUG wire:63 - &gt;&gt; &quot;%[0xe2]M[0xea][0xeb]Z[0xfa]/&lt;[0xdd][0xca]f[0xc1][0x8b][0xf4][0x15][0xe7],[0xe][0x93];[0xeb][0xcd][0xf2][0xd6]b[0x4][0xf3][0xb4][0xd4][0x10][0x85]1=9[0x92][0x96]|*[0xbb][0x97]l&quot;[0xa9][0xbe][0xe3]S[0xb7][0xdf][0xa5][0x8c][0x18][0xd9][0xed][0xa9][0xc4]L[fq[0xe1]k[0x96][0xea][0xc8]][0xd8][0xe3][0x17][0x12]s)[0x91]_[0xba]/0[0xbe][0xa4]Kc[0xc6][0xa4]U[0xa7]G[B[0xcd][0x89][0xdf][0x1d][0xd3][0x18]\[0xde][0x9d]z[0xda][0x1d]6[0xac][0xaf][0x16][0x1][0x95][0x99][0x14][0xe2][0x5]q[0xa6]5q)y[0x84]a[0xf6][0xa7]g[0x88][0x85][0x99]RJ&amp;[0xef][0x92]+[0xc5]lV[0xe3]:C[0x1c][0xf1]$[0xd1][0xcf][0xf2][0xac][\n]&quot;
2013-02-06 13:51:57,049 AAD-WS DEBUG wire:63 - &gt;&gt; &quot;[0xf9][0xa5][0x86][0xf]5[0xb9][0xcf][0xb0][0x99],[0xe5][0x17]26[0x93]7[0xca][0xb1][0xa1]r[0xfb]58[0xc][0xc7]_[0xfb][0xe2][0xe4][0x86][0x14]fB[0x11][0xfd]8[0x93]H[0xe9]`[0xe9][0xbf][0xe1][0xf][0xce]d[0xc]q[0xa3][0xa9][0xf2]G[0xb8][0x90][0xdd] [0xbf][0xe6][0x8d][0xec][0xf5][0x9a]j[0xb9][0xb5][0xf9]tf.[0x98][0xb6] [0xd5]F[0xbd][0xde]a[0xbc][0x1e][0x9a]W[0xf8]j[0xe3][0xe9][0xc8][0x95][0xc2][0x8c][0xcc][0x18][0xdb][0x1d][0x93]*[0x95][0x85]z[0x1b][0xc7][0xc8]h[0xe2][0x12][0x9f][0xdb]dZobb[0xda]Q[0xfe][0x91]D:!QR[0xab]/[0xbc]V[0xa0][0x3]zT[0xf]l[0xa8][0xf2][0x87][0xe5]&apos;h-[0xcc][0x95][0x13][0x87][0x95][0xea]PS{[0x4]F[0x81][0x8a][0xf2][0xd7]w9[0xa8]a?[0xcc][0xc5][0xfe][0x90][\r]v[0xf9])[\n]&quot;
2013-02-06 13:51:57,049 AAD-WS DEBUG wire:63 - &gt;&gt; &quot;[0x80][0xbf][0x83]0[0xdf][0xf8][0xe][0xc6]![0xc6]w([0xba][0xf9]K[0xf2][0xfb][0x98][0xf1][0x1d][0x8e]#[0xf8];[0x1c]G[0xf2][0x18][0xf1]Xc[0xce][0xc3][0x14]G[0xe1]h[0x1e][0x8f][0x91][0xbf]![0xe1]QA[0xca]h[0xc]d[0xe3]X[0x1c][0xc7][0xe3][0xf1]&lt;*[0x0][0x1b] [0xb5]}[0xa0]6[0x16][0xed][0x87][0xec].p[0xee][0x90]?&lt;[0xc1]Bn[0xb3][0x8c][0xb5]z[0x1e]M[0xc0]&quot;[0xb][0xe3][0x2] [0x90][0xbf]M[0x99]W[0xd4][0x5]9E[0xb6][0xdd][0xa0][0x15][0xe1]n[0xe8][0xb7][0xf]r[0x1b][0xbb][0xa0]Q[0xc][0xf2]\[0x3]b[0xe0]r[\r][0xe4]&amp;[0x6][0x83][0xf6]@~Qq[0xc][0x6][0xc7]`H][0xc9][0x1][0xc6]([0x89][0xc1][0xd0]NFr[0xb9][0xf7][0xc0]11[0x18][0xb6]3[0xb1][0xdb]8&gt;9[0xc0]i`[0x87][0xf9][0xdc];[0x5]ra!L[0x80][0x6][0x98][0x2][0x8b]`[0x1a],[0x86]Y[0xb0][0x14][0xe6]B#C[0x17]c[0x89][0xc9][\r][0x9e][0xc4][0xd0]v[0xc6]z[0xbd][0xc7][0xfe][0xc3][0x93][0xfb][0xdb][0x85][0xc9]b&gt;[0xdc]n[0x18]Q[0xf4][0x8][0x8c][0x88][0xc1][0xc8]:[0xf9][0xee][0x83]c[0x19][0xc7][0x13][0x83]Q2b[0xd4][0xd1][0xd6]w[0xc]s[0xea],)[0xda][0xb][0x5][0x4]E[0xfb]`,C[0x8d][0xdb][\r][0xe3][0xb9][[0xd8][0xc8] [0xe3][0xbb]`[0xc2]n([0xe2][0x1e][0xc3][0x16][0xd7]Od[0xc0][0x12][0x6][0xe4][0xa1]-[0x6][0x13][0xad]oi[0x91][0xb9]U[0x99][0x9]6[0x89][0x91]&apos;3[0x9d])[0xbb][0xe1]8[0x9e]9.[0x6][0xc7][0x9b][0xb]S[0x97][\n]&quot;
2013-02-06 13:51:57,049 AAD-WS DEBUG wire:63 - &gt;&gt; &quot;[0x9c]k[0x9a]9y[0xc2]R[0x16][0xeb][0x89][0x86]X[0x93][0x82]Y[0x6][0x83][0xb9]=[0x3][0x86][0xc1]J[0xf0][0xc0][0x99]P[0x8]g[0xc1]$X[0xc5][0x2]i[0x82]jhf[0x5][0xe9],[0xaa][0xd5],[0x1a]?[0x8f][0xd6]B[0x4][0x2]p.[0x4][0xe1]Bh[0x83][0xcb][0xe1][0x1c][0xd8][0xca]3[0xdb][0xa1][0x1d][0x1e][0x82]u[0xb0][0xf][0xd6][0xc3][0xaf]a[0x3][0xfc][0x6]6[0xc2]k[0xc]e[0x97][0xdf][0x16]-[0xd5]N[0x7][0x87]!L7+lz[0xc][0xbc][0xf5]%[0xfb][0xa0][0xbc]q&quot;KnF[0x17][0xcc][0x8c][0xc1][0xac]$K[0xb9][0x86][\r]\[0x4]*l[0x86][0xa1]p1[0xcf][0x96][0xc5]u[0x2][0xf7][0xb1][0x85][0x8][0x99]U=trRR&apos;[0x86]lN[0xae][0xb3][0x4]&gt;[0xdb][0xfa]V[0xa4][0xca][0xb4][0xd2][0x90][0xe9][0x8][0x8c]A[0x95][0x9]&gt;&apos;[0xae][0x96]j^a[0xa3][0x1b][0x91][0xe4]g[\n]&quot;
2013-02-06 13:51:57,050 AAD-WS DEBUG wire:63 - &gt;&gt; &quot;h[0xdc]^[0xc6]&quot;[0xfa][0x9][[0xf8][0x15]P[0xc]W[0xc2]qp[0x15][0x94][0xc3][0x16][0xa8][0x80][0xab][0xd9][0xa2][0xae]a[0xcb][0xda][0xca]Vt-[0xb][0xf2][0x6][0xf0][0xc1][0x8d][0x8c]9[0x9]&apos;[&lt;[0x8f]e[0x8e][0x89][0xbf]l[0xc7]s[0x1b][0x7][0xc0]sy[0xcd]]0[0xaf][0xbb]#l[0xe7][0xd1][0x94][0x4]J[0x81][0x85][0xa2][0x9]J^sF[0x8c]{yt\[0x2]c[0x9c][0x85][0x91]klr[0xfe][0x11][0xfe][0x97][0x1][0xe7]~v[0xe1][0xe3]q[0xaa][0x85][0xd3][0xcc]:[0x11][0x9c][0xe3]]5[0x9][0xb1][0xcd]g[0x85][0xd4]r[0xb7][0x1f][0x8b]C&gt;18[0x85][0xad][0xab][0xb6][0xb1][0xa8][0xb8][0xb][0xea][0xd8][0x17]e[0xce][0x1e][0x83][0xfa][0xa4]xF[0x82][0xc2][0xed][0xe][0xa6][0xf5]0[0xe4][0xc1]n[0x18][0x2]]&lt;[0xb7][0x97][0xc5][0xf4]([0x8b]i[0x1f][0x8c][0x96][0xbf][0xe][0xb0]v[0xdc][0xca][0xfb]9[0xc4][0xed][0x8b][0xf][0x82][0xb2][0xb]N[0xdd]![0x16][0x1f][0x83][0x5]l[0x14][0xa7][0xd5]q[0xb3]0[0x6][\r][0xf5][0xfc]][0xe4][0xb5][0x97][0xb8][0xed]{`q&apos;[0xb8][0x4][0xc4][0xcd][.[0xd9][0xf]cc[0xb0]T[0xba][0xa7][0xdf]v[0xe4][0xb0]x~c[0xc][0x96][0xed][0x82][0xe5];[0xba][0xa9][0xea]i[0x96][0xc5]3l&gt;[0x7][0xa1]?[0xdb][0xe3] x[0x1][0x86][0xb3]M[0x8e][0x86]W[0xd8][0xba][0xdf]`[0xbe][0xde][0x4]/+[0xe0][0xf7][0xac][0xba]wX&quot;&apos;&amp;$[0x12]e[0xd3][0x13][0xe3];[0xd9][0xb4][0x95]3[0xf6][0xc3][0x8a][0x18][0xac],2[0xfd][0xf2]LSBg[0x1d][0x80]1f[0xcf][0xb7][0x17]V![0xd4][0x16][0x1f]`&amp;[0x5][0x84]E[0xd4]TWT[0xd2][0x5][0xcd]I[0xe9][0x8c]f&gt;[0x0]&gt;[0x84]~[0xf0]1[0xe4][0xc3]!8[0x16]&gt;[0x83][0x12]8[0xcc]&gt;[0xf6]9s[0xf1][0x5][0x9c][0x4]_[0x1a]:[0x99]nq[0xf0]&gt;[0xcb]GB[0xd5]f[0x97][0xce]:[0xc1][0xba][0xe2][0xbd][0xc0][0x5]r[0xbd][0xb9][0xe1][0x1a]V[0x8e][0xd7].[0x12]h[0xf1]:&amp;[0xc6][0xc0][0xef][0xcd][0xb2]MS:[0xa1][0xd4][0x9d][0x95][0xaf]L[0x89][0xc1][0xd9]nG[0xc][0xd6]n[0x83]a[0xc6][0xd8][0xab][0xba][0xd5][0xa7]`[0xc6]6[0xd0][0xdc]*#[0xd6]uB[0xee]f[0x5][0xf3][0x15]w[0xd6][0x13][0xdb][0x8f][0xbc][0x92]I[0xc7]%[0xbd][0xe9]x&gt;[0xb8][0xb8][0xab]q*[0xc9][0x5][0x5][0xf3] [0x17][0x7][0xc0]1[0xe8][0x82]Q[0x9c]J[0xc6][0xe3] [0x98][0xc8][0xa9]d&amp;[0xe][0x86]*N%[0xb5]8[0x14][0x16]r*Y[0xcc][0xf3]g[0xe1]HX[0xc3]I#[0xc8]I[0xe2]\N[0x12][0x17]![[0xb6][0xfc](n[0x9d][0xf6]z[0x96]v[0x16][0x17][0xbb][0x2]|Z[0xd6]h+s9[0xbb]d/#[0xc0]~[0x8][0xd5][0x1b]g[0xb4][0xdb][0xa6]9:a[0xa4][0x88][0xc0]m[0xcf]w[0xf0]9[0xdb][0xf8]LEV[0xff][0x9c][0xcd][0xe][0xcc]w[0xb8][0xed]|[0xa6][0xf7][0x8b][0x18]~[0x19]cs^[0xbd][0xf9][0xc8]cI[0xf6]K![0x87][0xbb][0xc5][0xcc]~[0x9][0xf4][0xc3][0x89]0[0x4][0xcb][0xd8][0xf7]&apos;[0xc1][0x18]v[0x9f])8[0x5][0xca][0xb9]_[0x8d][0xc7][0xc3])[0xbc][0xbe][0x8][0xa7][0xb1]Bf[0xe0]L[0x8b][0xc5]W-[0x16]7[0xb9]&quot;F[0xbe][0xe9][0x82]h[0xc][0xda][0xeb][0xb0][0xbe][0x13][0xd6][0xc4][0x19][0x1d][o[0x85]#[0xd7]:[0x8e]B[0xcc]D[0x9e][0x19][0x89][0xb8]w[0xfa][0xed]0n[0xa2]i[0xbc]^[0xfb]&gt;[0xe8]h[0x14][0xed][0xad][0xef][0x82][\r]^[0x87][0xd8][0x98](lc&apos;[0x8c]`[0x90][0xf5][0xf1][0xf5][0xf4][0xc5][0xf8]qnH[0x1e]g[0x16][0xdb][0xb5][0xa4]&apos;[0x7][0xce]fMT@[0x1e]V[0xc1]@[0x9c][0xc3]G[0xaa][0x86][0xe3]p.xq[0x1e]Tb[\r][0x9c][0x86][0xf3]a[0x5][0xd6]A[0x13][0xd6]3[0x9f][0xb][0xa0][0x83][0xe1].[0xc0][0x6]&gt;[0xde],[0xc6]6[0x93]\#[0x1f]O[0xec][0xed][0x3][0xd3][0x13][0xcf][0xe5][0x83][0xed][0x83][0xf3][0xf8],?[0xf2][0xda];[0xe1][0xe9][0x9e]&apos;[0xfc][0xb1]y[0xc2][0xf3][0x13][0xe1]v[0xe2][0x1][0xb8][0x85]&apos;.[0xd8][0xf][0x9b][0xbc][0xe][0xb7][0xe3] [0xe4][0xb8].[0xe4][0xe9]N[0xb8]X[0xf8][0xbf][0xc8][0x9b][0xe5][0xce]:[0x0][0x1b][0xe2][0xe8][0x9b][0x19][0xcf][0x9d][0xf5][0x8]\[0x9c][0xc0][0x8f][0xaf]\[0xc2]3[0xc5][0x89]Y[0xf4]*[0xc5][0xa6][0xd1]_jx[0xc0][0x1e][0xb8][0xcc][0xcb][0x96]&gt;[0xca][0xab][0xee][0x82][0xcb][0xe3](W$Qbpe&apos;[0xc]wg[0xb9][0x95][0x18]\[0xb5][\r][0xb2][0xdd]v[0xe6]iK\x[0xe5]n[0xfb][0xe][0xe][0x80][[0xe1][0x1e][0xe8][0xe4](n[0x8a]q%[0x87]*[0xc0]3[0xb8][0x86]Y[0x1]N\[0xc9]&quot;&lt;[0xb][0x6][0xa3][0xf]&lt;[0xb8][\n]&quot;
2013-02-06 13:51:57,051 AAD-WS DEBUG wire:63 - &gt;&gt; &quot;[0xa6]c[0x13][0x1b]t3[[0x85][0xce]V[0xb1][0x1a][0x1a][0xb0][0x5][0x96][0xa1][0x1f][0xce][0xc4][0xb3]a[0x3][0xae][0x85][0xab]1[0x0][1[0x8][0xf7]`[0x8]:[0xf1][0x1c]x[0x1a][0xc3][0xf0],F[0xe1]el[0x87]7[0x98][0xce]{x.[0x8b][0xf9][0xe4][0x84][0x15][0xbd]fY[0xd1][0x85])[0x6][0xe4][0xba][0xda][0x10]SKR[0xc6][0xa6][0xbd]L[0xea][0xd5][0x18][0xae][0x91]N|[0xf0][0xd3][0x18]l[0xed][0x4]1[0xf9]k{1[0xae]T[0xc8][0xb8]$[0xae][0xef]nF[0x17]s[0xcd]v[0x9][0xe4][0xe0][0xa5]lF?a[0x19]\[0xce]ft[0x5][0x14][0xe0][0x95][0x9c][0x6][0xaf][0x82][0xa9][0xb8][0x5]f[0xe1][0xd5]lJ[[0xf9][0xfc][0xd7]B[0xb]^[0x7][0xeb][0x19]n[0x13]J[0x8e][0x9b][0xcd][0xc6]g[0x9e]o[0xae]U[0xb9][0x1d][0xeb][0xba].[0x91]J[0xae]/[0xde][0x3]7Ha[0xa6][0x95][0x98][0xc6]u[0xe3][0xd2][0xe4][0xe6][0x83]%[0xf][0xe0][0x1d]l[0xc3][0xdb]a[0x0][0xde][0xc5][\n]&quot;
2013-02-06 13:51:57,051 AAD-WS DEBUG wire:63 - &gt;&gt; &quot;[0xbf][0x1b]F[0xe2]}[0xbc]Z[0x99] [0xda][0xc8]D%?M[0x8e][0xeb][0xfb]&amp;S[0xdf]y[0xc9][0xda][0xef][0x9c][0x8c][0x81][0xba][0xfb]6;X[0xaf];a[0x18]&gt;[0x2][0x85][0x9c][0xda]&apos;q[0xd6]G[0xac]Jls[0x16]s.[0xdb][0x9c][0x18][0xdf]f[[0xfa]6Fh[0xe7][0xaa][0xa5][0xb]n&gt;[0xaa][0xdd][0xf6][0xf3]nOs[0xda]{[0x16][0xca][0xf0][0x0][0x9c][0x80][0x7][0xd9][0x12][0xaa][0xd8]=M[0x87][0xfb][0x17][0xef][0xe6][0xe4]oG|[0xb7][[0xac][0xdd]\[0xb7]r[0xa7]D:[0xb7][0xa5][0xf8][0x86][0xe1][0x8a][0x92][0x12]og[0xe4][0x9b][0xa8]=n,^G[0x9c][0xc0][0x1d][0xe2]R[0x8e][0x4][0xbf][0xd2]5[0x9c][0x91][0x1d]/[0x6]wz[0x95]8[0xdc]v[0x81]Sd[0x83][0xbb]d&apos;[0xe9][0xde][0x1d][0x83]{,,[0x85][0xdd][0xd8][0x9c][0xdb][0x6][[0x85][0xc6][0xbd][0xdb]`L[0x1c][0xf5][0xbe][0xf4]-&amp;JK&apos;K[0xdf][0xed][0xe0][0x9c]q[0xf3]Q[0x82]W[0xc8][0xd7][0x88][0x84][0x9c][0x99],&amp;[0xb3][0xd9]e[0xb3]c[0xd0][0x19][0x83][0x9f][0xc5][0xb1][0xef]O[0xc7][0xee][0xe4]$emc7[0x8d][0xf8][0xfb][0xff][0x1a][0x19][0xa1]4[0x8e][0xf0][0x80][0x84][0xa4]|[0xc6]x0[0x81]Tl[0x8e][0x8d][0x92][0xe1]!#C[0xb0][0x9f][0xfc]|[0xfb][0x91][0x97][0x93][0xca][\n]&quot;
2013-02-06 13:51:57,052 AAD-WS DEBUG wire:63 - &gt;&gt; &quot;rA[0x7][0xf8]&amp;[0x9b][0xfa]{P[0x82][0xef][0xb3][0xa9][0xff][0x9]f[0xe3]_[0xe0]t[0xfc][0x90][0xd3][0xfa]G[0xe0][0xc7][0x8f]a[0xb]~[0x2][0xb7][0xe2]!v[0xf3][0xc3][0xb0][0xf]?[0x87]_[0xe1][0xd7][0xf0][0x2][0xfe][0x3]^g5[0x1e][0xc2]o[0xe0]+[0xfc][0xe][0xbe][0xc3]#[0xa8][0x10][0xe0][0x0][0xe2][0xcb][0x3])\[0xc5]}[0x80]3H[0xc3][\n]&quot;
2013-02-06 13:51:57,053 AAD-WS DEBUG wire:63 - &gt;&gt; &quot;[0xea][0x87]+([0x17][0xcf][0xe6][0xfe]:[0xca]c#[0xa8][0xe6][0xd8]l[0x9a][0xdc]s\[0xa1]H]p^[0xb1])[0x86]:[0x9a][0xc5]~[0xa2][0xb2][0xf6]1K[0xfc][0xb8][0xd8]rc#[0xd7][0xff]r[0x9a]CB[0xe1][0xf8]{a`[0xbe][0xc3]q7[0xa8]#[0xe8][0xe]n[0xec]w[0xc2]Ib[0x8f])[0xf0]1[0xd8][0xc1][0xbd]{o[0x86]q[0xfc]9}[0x9a]Y[0x1c][0xc],*[0xce]g[0xb5][0xee]dY[0xb0][0xb1][0x1a][0x15]@~[0xd6][0xf6]#[0x87][0x93][0x92][0xf0]r[0xc9][\r]4[0x18]T[0x1a][0x2]N[0x1a][\n]&quot;
2013-02-06 13:51:57,053 AAD-WS DEBUG wire:63 - &gt;&gt; &quot;[0xb9][0xe4][0x86][0x81]4[0xc]&lt;4[0x1c][0xc6][0xd3][0x8]8[0x89]&lt;p[0x1a][0x8d][0x82][0xd3]i4[0xac][0xa4]1[0xd0]L[0x5]p[0xe][0xcf][0xa5]B[0xae][0x0][0xe6]q[0xa6][0x89]_[0x98][0xcc]\[0xf2]:[0xef][0xbe][0xab][0xce][0xc][0x2][0xf]&apos;[0x12][0xc7]#q;O[0x9a]7[0xf]wO[0xbc][0x97][0xeb][0xcf]XJ[0x1e][0xe8]2[0xe1][0xf6][0x8][0xe8][0xde][0xb4]t[0xba][0xf][0x1e]mt[0xed][0xeb][0x82][0xc7][0x9e],9[0x8][0x83]&apos;[0x1a]y[0x81][0xaf][0x12][0xc][0xfc][0xf8]^x[0x82][0xa0][0xce]t[0xcf]&apos;El[0x7]`[0x96][0xc8]n[0xbf][0xa4][0xa4][0xa7]`[0xec]6(s;[0xc4][0xf2][0xc][0xa7]0,O[0x11][0x93]w[0x8b][0xc5]?%[0xf6]x[0x0][0xfa][0xb9]E[0x1][0x9c]&lt;[0xec];[\r][0xd7]f[0x93]k[0xe2]@[0xea]v[0xa4][0x15]t[0xc6][0x85][0x89][0xca][0xc0]A[0x93][0xa0][0x1f]M[0x86]B:[0xe]&amp;[0xd1][0xf1]0[0x95][0xa6][0xc2]R[0x9a][0x6]&gt;[0x9a][0xe]:ya=[0xcd][0x80]M4[0x13].[0xa1]Yp[0x15][0x9d][0xc][0xd7][0xd3]l[0xb8][0x95]*[0xe0]&gt;[0xaa][0x84][0x7][0xa9][\n]&quot;
2013-02-06 13:51:57,053 AAD-WS DEBUG wire:63 - &gt;&gt; &quot;v[0xd1][0x1c][0xd8]O[0xd5][0xf0][0x14][0xd5][0xc2][0x8b]T[0x7][0xaf]Q=[0x9b][0xc8]|N[0xd7][0xa6]0[0x81][0x85])&amp;rO\.Og[\n]&quot;
2013-02-06 13:51:57,054 AAD-WS DEBUG wire:63 - &gt;&gt; &quot;[0xf][0xe6][0xd2]3i[0x1][0x8b][0x85][0xe3][0xc0][0x1d][0x96]e[0xd5]sz[0x96][0x84][0xf2]+I[0x10]&amp;[0xf4][0xb3][0xe2]_[0xf6]d[0xbc]`Y[0xe5][0xba][0xed][0xe6][0xd1][0x1d][0xc5];[0xc][0xd3]1k[0xae][0xd1][0xc5][0xe2]E;[\r][0xb9][0x15][0xb9][0xb3][0xc][0x81][0x18]b[0xe3]4[0xbb][0xc3][0xf0][0xaa]|[0xfb][0xf6]#[0xc0]d[0x1]n[0x14][0x8a][0xd4][0x0][0xc3]h[0x11]L[0xa6][0xa5],[0x95][0xd3][0xe1][0x4]Z[0xc6]&amp;[0xb4][0x9c][0xef]\g@[\r][0xad][0x80][0xb3]h%[0x4][0xe9]Lh[0xa3]U[0xb0][0x8e][0x9a][0xe0]&lt;j[0x86]Ki5\CkXJ-p[0x13][0xcf][0xdd]EkY[0x1a][0xf5][0x9][0x87][0xd1][0xad][0xc2]|2_[0x1c]rL5[0x1f][0xd8][0x99]b[0xf9][0x86][0xea][0xf9][0x8];[0xac][0xef]A[0xeb][0xfb]\[0xb7]J[0x9c][0xc2]`[0xa7]([0xe4]P;h[0xd4][0x1]Ci=[[0xf9][0x6]V[0xe2]FV[0xa2][0xdc]XO[0xe5]:[0xc9][0xdc]r[0x4][0xeb]@[0xee]L[0x92]JGt[0xbb]H[0xd1][0x8f]yt[0x1a].4A[0xe9][[0x8e][0xfb][0x9c]K[0xc9][0xc1]l[0xfd][0xba][0x8e][0xb7]}&gt;a[0xf5]/[0xa4][0xa9]&amp;&gt;[0xfb]b[0x9a]][0xa3][0xd7]n[0x1e][0xe9]7b[0xad]b[0xb9][0x8e]&apos;[0x1e][0x87][0x97][0xa4][0xf0][0xcd][0xea][0x84]B[0xb7]#?k[0xca][0x1].~[0xe5][0xcb]&amp;-[0xea]P[0xb8][0xfa]5j[0x1d][0xd6][0xf1]K[\r][0x9b][0xb3][0x90]G[0xe].[0x81][0xdf],[0x11][0xcd][0xbe][0xcc]:[0xc5][0x8d]\[0x13][0xdb][0xef][0xc4][0x88][0xdb]n[0x9b]b[0xa5][0x83][0x3][0xa8][0x8b][0xf9][0xbf]r[0x0]W[0xc8][0xf7]UQ[0xe6]A8a[0xa2][0xc]^[0x93][0xe6]u.[0x13]~k[0xe7][0x8a]ffZ[0x9d][0xf5][0xa6]Q[0xb4][0xc5][0xe0]-[0x93]e[0xae][0xb5]v2[0xc3][0xda][0xb6][0xa4]*Lg[0xf4]f;[0x1e][0x87][0xb7][0x1b]m[0xbb][0xe0]w|[0xf7]r[0xfd]~[0xf][0xbc][0xd3][0xf8]0[0xfc][0xae][0x13][0xb2]x[0xa6][0xa1][0xd1][0xbe][0xb][0xde][0x95][0xf9]?[0x98][0xf3][0xef][0x1a][0xf3][0xef]6x5[0xc6]z[0xaf][0xd1][0xe6][0xce]f[0x10][0xd9][0xe6][0x8f][\r][0xde]~[0x92][0x14][0xde][0xf7]:[0xdd][0xce][0x83][0xec][0x97][0xca][0x1e][0xb0]ys:[0xf9]&quot;[0xe3][0x94]3[0xe0][0xcd]q[0xe7][0xb8][0xfe][0xe4][0xd6]b[0xf0]go[0xae];[0x17][0xdd]|[0x85][0xf9][0xcb]~[0xf8][0xd0][0xab]vB/_[0x81]?nt}[0xd2][0x5][0x9f]&gt;[0xe9]V[0xf][0xb2]7[0xcb]5[0xe8][0xd0]6[0xe8]/[0xd7][0xa0]C&amp;[0xc7][0x9f][0xc9][0xdc][0xe1]m0Z[0xe6][0xe][0x9b][0x85][0x92][0x8d][0x85][0xfb]y[0xc][0xbe]HL[0xc5][0xe0][0xaf]nU[0x18][0xfa][[0xc][0xbe][0xec][0x84]1[0xde][0xdc][0xc]2[0xf9]{R&amp;n[0x95]e[0xff][0xd5]N6T6@x[0x9e][0xb][0xc1][0xf9][0xb8][0x9]7[0xc3]G[0xf8]*[0xbe][0xc3]Y[0xe6][\r][0xcb][0x84][0x9e][0xe7]{*[0xd0]E[0x1c]B6s[0xbc][0xbd][0x84]-[0xf0]R[0x98]F[0x97][0xc3]t[0xba][0x2]*[0xe8]J[0x98]KW[0xc1][0xa9][0xb4][0x5][0x16][0xd3][0xd5][0xb0][0x82][0xae][0x81][0xb3][0xe9][0xa7][0xd0][0xc1][0xe3][0xb][0xe9]z[0xb8][0x8c]n[0x82][0xeb]h[0x1b][0xdc]F7[0xc3][0x3]t[0xb][0xec][0xa4][!Fw[0xc2]A[0xda][0xe][0xcf][0xd3]][0xf0])[0xdd][\r][0x87][0xe8][0x1][0xf8][0x92][0x1e][0x84]o[0xe8]![0xf8][0x96]v![0xd2]n&lt;[0x81][0xba]p&gt;=[0x8a][0xa7][0xd1]&gt;\B[0x8f][0xe1]Y[0xf4][0x4][0xfa]i?F[0xe9])[0xdc]DO[0xe3]fz[0x6][0xaf][0xa1][0x3]x=[0x1d][0xc4][0x1b][0xe8][0x5][0xbc][0x9d]^[0xc4][0x7][0xe8]%[0xdc]E/[0xe3][0xb3][0xf4][\n]&quot;
2013-02-06 13:51:57,054 AAD-WS DEBUG wire:63 - &gt;&gt; &quot;[0xbe]Jo[0xe0];[0xf4]&amp;[0xbe]Go[0xe1]w[0xf4]6~O[0xef][0x92][0x9d][0xde][0xe7][0x13]5[0xe0]&quot;+d[\r][0xb6][0x1e]g[0x9e][0xe8][0xf1]8[0xf3][0xb5][0xe9][0x5][0xff][0x88]Op[0xff][0x9f][0xa9]Y[0xe0]_[0xe2]c[0xf7][0xc1][0xa5]2_W[0xe2][0xfa][0xc6][0xb8][0xc5][0xe][0x90][0x2][0xef][0xdb][0xfd][0xf0][0xef].[0xf8]O&apos;[0xac]-q[0xfd][0xd7][0x98][0x9e][0xe0][0xfa][0xce]D[0xe2][0xa5][0xef][0xe5]b,%[0xf0][0x11][0xf9][0xee]A[0xe3][0xa1],[0x86][0xd8][0x9]3J[0x6]&quot;[0x19][0xf0]C[0x6][0xa2][0xcd][0xaa][0x16][0xbf][0xdd][0x8f][0xf6].[0x94][0xcb]$[0xaf]f[0x19][0xab][0x83][0x6][0xa2][0x92][0xb6][0xaa]&amp;#F5[0xc]`=[0xfd][0x19]J[0xe9]#[0xd6][0xcd][0xc7]0[0x8b]&gt;a[0xdd]|[0xca]z9[0xc4]y[0xf0]3h[0xa2][0xc3][0xb0][0x96]&gt;[0x87][0x8]}[0x1][0x9b][0xe9][0xaf][0xb0][0x85][0xfe][0xc6][0xba][0xf9][0x92][0x83][0xd7][0xdf][0xe1]![0xfa][0x8a]C[0xfc][0xd7][0xf0]8[0x7][0x7][0xc4][0xc5][0xb8][0xc4][0x8a]*[0xc6][0x13][0xab][0xec][0xb0][0xb3][D9[0xc2][0xa3][0xa5]?[0x8]fs[0xf0][0xe8][0xf4][0x4]X[0x1][0xcf][0x9][0x98]j[0x9e];;[0x9][0xed][0x94]y[[0xe](6[0x8d]g[0x1a][0x98][0xb0][0xb][0x8c][0xff][0xce][0x90][0x2][0x86][0x99][0xc0][0x86][0xf3]ui[0x19].[0xe7][0xe0]&lt;[0xde]x[0xfb]1+[0xf4],[0xb9][0xd6]P[0xf7][0xd7][0xa6][0xd9][0x89]G[0xe2]3[0xf8][0x8a]E[0xdd][0xa2]jW[0xf][0xe2])[0x8]+[0xf1]L[0xb]a[0x8a]U[0x9d][0xbb][0x8a]8[0x8][0xec][0xa8][0xdd][0x7][0xe][0x89][0xf9]Y][0xa0]&lt;i[0x12]2[0x1e][0x16]S%[0xb9][0xdb][0xa2]B|[0xf][0x93][0xd6][0x87][0xac]F8[0x86][0xe9][0xd4]2e)[0xc4]N[0xe1][0xb2][0xac][0x16][0xdc][0xf8])~F[0xaf]A[0xf6][0xff][0x1]PK[0x7][0x8]is[0xf4][0xac][0x0][0x1e][0x0][0x0][0xc5]&gt;[0x0][0x0]PK[0x3][0x4][0x14][0x0][0x8][0x0][0x8][0x0][0xd4]|D5[0x0][0x0][0x0][0x0][0x0][0x0][0x0][0x0][0x0][0x0][0x0][0x0]0[0x0][0x0][0x0]javax/help/plaf/basic/BasicTOCCellRenderer.class[0x85]Vks[0x13]e[0x14]~[0xb6]-[0xa4][0xd9]l[Z[0x8][0x12].[\n]&quot;
2013-02-06 13:51:57,055 AAD-WS DEBUG wire:63 - &gt;&gt; &quot;[0x82][0x90][0xa6][0x85][0x80][0xc8]- [0x2]-[0x85]`[0xda]B[[\n]&quot;
2013-02-06 13:51:57,055 AAD-WS DEBUG wire:77 - &gt;&gt; &quot;[0x14][0x11][0xb6][0xe9][0xdb]&quot;
2013-02-06 13:51:57,056 AAD-WS DEBUG wire:63 - &gt;&gt; &quot;[0x10][0xd8][0xec][0x86][0xdd][\r]-(:[0x8e][0x97][0xf1]6[0xe3]8^F[0xf0][0x3][0x1f][0xbc]T[0xf1][0x3]8c[0xc3][0x88]3[0xe][0xe3][0x87]:[0xfa][0xa3][0x1c][0x9f][0x93][0xa4]m[0xda][0xc2][0xf4][0xcb][0xc9][0xd9]s[0x9e][0xf7]&lt;[0xe7][0xf2][0x9e]w[0xf2][0xef][0x8f][0xfe][0x4][0xb0][\r]o[0xe9][0xd8][0x8c]}:[0xb6] [0x11][0xa4][0xb6]_[0xc4][0x81]z[0xbc],[0xbf][0x7][0x3]x%[0x80]C:[0xea]q8[0x80]#:tt[0x8][0xbc]S[0xc4]Q[0x11]]&quot;[0x8e]U4[0x1d][0xc7]CH[0xe2]D[0x0][0xaf][0xea]X[0x8e]T[0x0][0xdd]b[0xec][0x11]w[0xaf][0x88][0x93]&quot;N[0xcd]h}3ZI[0x13][0xca][0x1][0x1d][0xa7]1([0xe9][0x9c][0x12][0xed][0x8c]h}[0xa2][0x9d][0x15][0xad]?[0x80]s[0x1][0xc]i[0xa8][0xcd][0x99]y[\r][0xcb]RW[0xcc][0xeb][0xe6]x[0xfc][0xb2][0xb2][0xf2][0xf1]n3[0xbf]_C[0xdd][0xf5][0xac][0x1a][0xd3][0xb0][0xa2][0xda]3[0xd0][0xdb]1H+[0xbd]K[0xf]d[0xed][0xac]P[0xc3][0xf2][0xe8][0xfc][0xa3][0xad][0x83]&lt;[0xdc][0xe1][0x8c]([\r]M[0xa9][0xac][0xad]z[\n]&quot;
2013-02-06 13:51:57,056 AAD-WS DEBUG wire:63 - &gt;&gt; &quot;[0xb9]a[0xe5][0xe][0x98][0xc3][0x16]-[[0x16][0xc0][0x9f][0x14]_B[0xac][0xcd]([0xc0]U[0xaa]CYV[0x9f][0xb2]G[0x94][0xab][0xdc][0xe]&apos;[0x97]wle[0xfb][0x1a][0xe]M[0x7][0xf2][0xc6][0xb2]v&amp;~B[0xa0][0xe5]Xq[0xcb][0xa4][0xa1]w[0xf8][0x8a]J[0xfb][0xfb][0x87][0x86][0x86][0x92]C[0xad]e[0xbb]9[0xe6][0xc7]g&quot;[0xb0][0x86][0x10][0x19]R[0xca][0x1c]M[0xa6][0x1d][0x9b][0x85]F[[0xe7]D[0x14]k[0x5][0xd4][0x9b]Wv[0x19][0xd4][0xc0][0xaf][0xe][0xcb][0xf1][0xd4]H[0xf9][[0xef]w[\n]&quot;
2013-02-06 13:51:57,057 AAD-WS DEBUG wire:63 - &gt;&gt; &quot;nZue[0xa5][0xb6][0xc8][0x11][0xd3][0xcb][0xa6]YCu[0xca][0xdb]$[0xa6][0x81]vl[0x17]q[0xde]@[0x14][0xad][0x6]bh[0xd3][0x0][0x3][0xaf][0xe1][0x2]+[0x9d][0xcd]:iY*cZ[0x87][0xd3]i[0xe5]yG][0xd7]q[0xd9][0xb2][0xea][0xac]|[0x96][0x19][0xef]T[0xa3]f[0xc1][0xf2][0xbb][0xb][0xbe]4U*[0xef]a[0xbb][\r][0xbc][0x8e][0x8b][0x1a]Z[0xe6][0xf6]3[0xe9][0xab][0x9c][0x81]K`[0xe][0xc3]H[0x1b][0x18][0x1][0x81][0xa3][0xc8][0x18][0xb8],Z[0x16][0xb9][0x0]l[0x3][0xe]x[0xb][0xc2]s[0xea][0xcf][0x99][0x19]%UJ[0xde][0xd7]8[0xe8][0xd9],[0x8f][0x8e][0xa7]U[0xde][0xcf][0x8a][0xcb][0x85]g[0xc0]G[0xc1][0xc0]u[0x8c][0x19][0xd8][0x89][0x97][0xc][0xec][0x12][0xb1][[0xc4]8.[0x4]p[0xc3][0xc0]M0[0x87]7D[0xbc][0x89][0x9c][0x86]XU[0x8a]y[0xcb][0x1c][0x8d][0xf]K[0xe3][0xe2]Oj[0x9f][0x86][0xe8][0xd3][0xca][0x9f]9x[0x97][0xa3]rq[0xea]/[0x9b]^[0x97][0x93].x[0x1a][0xb4][0xa1][0xf2][0xc8]N{[0xca]-_[0x88][0xd9]9[0xcf][0xb9]&amp;[0x1a][0x2][0x84][0xf5][0x98]95[0x1f][0xd0][0xef][0xbb]$[0x16][0x80][0xc7][0xfb][0xa8][0xc6][0x19]![0x1c]][0xe8][0x17][0xe2]p[0xa6][0x8c][0xe8]W[0x16]c[0xb2]=[0x1d][0x8e]%[0x3]l[0x89][0xce][0xb9][0x80][0xb4]1\[0x3][0xc3]u9[0xae][0xca][0xb8]N[0xc1][0x1e][0x99][0xd9][0xa3]*[0x8c][0x84]\U[0x9][0xd9][0xe3][0xd8][0xf3][0xa3][0xea]t[0x95]g[0xd4][0x19][0xc0]-[\r]5[0xc9]N[\r]F[0xd2][0xb6][0xb9]&amp;[0x96][0xe9]y[0xca][0x93]L[[0xe7][0xad][0xdb][0xa6]d&apos;[0xc9][0x1b][0xe7][0x1a]yN[0x9a][0xd4][0x97][0xea]r[0x9d][0x9c][0x84][0xd9]8K[0xe5]X[0xa5][0x8][[0xf9]qB[0x19][0xa5]9:[0xd7]&quot;[0x9][0x7]e[0xa7][0x9c][0xb4]iU7[0xb2][0xe0]g[0xad]x[0xd9][0xca]cAo[0x16]2[0xdd][0xca]j[0x84][0x84][0x91]f[0x97]7,[0x1c]][0xb8][0x95][0xa5]){[0xa5]~[0xa8][0x91][0x5]7~[0xb0][0xf4]n5I[0xe7][0x9c]|6][0xe9][0x91][0x86][0x95][0xb2][0xbb][0xa6][0xaf]2[0x8e]{[0xa3][0xb4][0xd1][0xd3][0x8e]UU[0x8e][0xca]rO[0xbb][0x9a][0x17][0xb4][0x1][0x1b][0xf8][0xb6]n[0xe1][0x83]_[0x83]:[0xd9]eju[0xb2][0xce][0xfc]][\n]&quot;
2013-02-06 13:51:57,059 AAD-WS DEBUG wire:63 - &gt;&gt; &quot;[0x8d][0xab][0xb2][0x95]r[0x1b][0xbf]6[0xa2][0x96][0x18] [0x10]k[0xd3][0x1e]B[0xfb][0x95][0xaa][0x86]8[0xa5]^2[0xbf]H[0xf8][0xce][0xd2][0x81][0xed][0x95][0x3];i[0xaf][0xe5]oS[0xec]!jbm[0x93][0xa8][0x8d][0xb5]O[0xa2]n[0xf6]`[0xb][0x99][0xc0][0xc5][0xaa][0xc3][0x1e][0x4][0xb1][0x17][0x8d][0xd8]G[0xcf][0xe][0x86]*[0x5][0xd0][0x14][0x8f]7[0x10][0xf1]O[0xcb][0x92]D},[0x1c][0x98][0xc4][0xd2][0x9],I[0x4][0xdb][0x1f][0xa3][0xbe][0x88][0xe0]c[0xe8][0x89]`$8[0x5]=[0x12],&quot;DH[0x84]fc[0xdd]m4[0xc6]bE4[0x14][0xd1]8[0x81][0x90][0xa8]ME,[0xd3][0x12][0xba]`[0xdb][0x5][0xdb][0x9c][0x8]EBSX[0x1f][0xfb][\r][0xb5][0x91][0xd0][0xef]h[0xa9]A[0xc2][0xf8][0x3][0xcb][0xcf]E[0x8c][0x87]X[0x91][0xd0][0x85][0xc5][0x10]tX[0xd0]+[0xcb][0xe8]`,[0x12]*[0xe2][0x99][0x88]&gt;[0x5]#[0x16][0xd1][0x8b]X5[0x81][0xb6][0xf0][0x92][\n]&quot;
2013-02-06 13:51:57,059 AAD-WS DEBUG wire:63 - &gt;&gt; &quot;[[0xa4][0x88][0xd5][0x13]X[0x13][0xae][0xab]|[0xaf])bm[0x85]}][0x11][0xcf][0xc6][0xd6]M[0xe2][0xb9][0xd8][0x83]R[0x93]u[0x16][0x15][0xc0]Y[0xe4][0xe1]!\i[0xc5]M&lt;Ky[0x9c][0xde][0x14][0xfd][0xdd]h[0xc2]I[0xac]A?[0xd6]c[0x80][0xc3]9[0xc3]![0x9c]ec[0xce][0xe1][0x0][0xce][0xa3][0x93][0xef][0xe2]1\$[0xf2][0x12][0x11]&amp;=i([0xbe][0x83]y[0xca][0x2][0xae]2[0x96][0x85]w[0x90][0xc3][0x7][0xb0][0xf1])9&gt;[0xe7]{v[0x87][0x9e][0xbb]|[0xd2][0xee]a[0xc][0xf7][0xf9][0x8c]=&quot;[0xea]/[0xdc][0xc2][0xdf]x[0x9b][0x19][0xf0][0x95][0xab][0xcc][0xec][0x1a][.C[0xd9][0xa1][0xa5][0xd8][0x9c][0xba])l[0x96][0x9f]&quot;[0xd6]w[0xb7]Oa[0xb5][0xf4][0xab][0xbd][0xd4][0xae][0x1e][0xe9][0xd6]V6+[0xd5][0xf6][0xa0][0x87][0xf3][0xdd][0xf0][0x80][0x1][0xc2][0xbc]5m3%m[0xe6]L[0x81]wY[0xf2]{[0xd4][0xde]G3[0x13][\n]&quot;
2013-02-06 13:51:57,059 AAD-WS DEBUG wire:63 - &gt;&gt; &quot;[0xe3]C[0x96][0xf4][0x11]o[0xd9][0xc7]D~[0xc2][0xcb][0xf2][0x19][0xd1][0xbb][0x16][0xa5]~[0x11][0xfa][0x8d]O[0xa3][0xff][0x82][0xf4]_R[0xfb][0x8a][0xf4]_[0xd3][0xf7][\r][0xe9]o[0x93][0xfe][0xe][0x91][0xdf][0x92][0xfe].[0xd1][0xbb][0x17][0xa5][0xdf][0xb4][0x8][0xfd][0xb]O[0xa3][0xff][0x8e][0xf4][0xdf]S[0xfb][0x81][0xf4]?[0xd2][0xf7][0x13][0xe9]&amp;[0xfd]=&quot;![0xfd]}[0xfa][0xf7][0x94]vo/[0x87]&amp;[0xab][0xa4][0xe1][\n]&quot;
2013-02-06 13:51:57,060 AAD-WS DEBUG wire:63 - &gt;&gt; &quot;[0xff](]E[0xe4]PK[0x7][0x8][0xb5][0x1b]g[0xad][0x1b][0x5][0x0][0x0][0x87][0x9][0x0][0x0]PK[0x3][0x4][0x14][0x0][0x8][0x0][0x8][0x0][0xd4]|D5[0x0][0x0][0x0][0x0][0x0][0x0][0x0][0x0][0x0][0x0][0x0][0x0]4[0x0][0x0][0x0]javax/help/plaf/basic/BasicGlossaryNavigatorUI.class[0x9d]9[0x7]xT[0xd5][0xd2]3[0x93]M[0xee]fs[0x9]dc[0x80][0x5][0x81][0xa5][0x87][0x14][0x82]t[0x13]@![0xa1][0x4][0x93][0x80][0x84]&quot;Q[0x84]Mr[0x93],lv[0xe3][0xee]&amp;[0x1][0xec][0x8a][0x8a][0xbd][0xa2][0xa2][0x88][0xa2]b[0xec][0x82][0xc0][0x6][0x8d]R,[0xa0][0xa2]b[0xd7]g[0xaf][0xcf][0xa7][0xcf]^^[0xf1][0xf9][0xe4][0x9f][0xb9][0xf7]nK[0x93][0xf7][0xdf]~[0xf7][0xde]s[0xce][0xcc][0x9c][0xe9]3[0xe7][0xec][0xb]&lt;[0xbe][0x7][0x0]F[0xd3]?[0x14]\[0xa2][0xe0])6@\j[0xc3]D[0xac][0xb0][0x1][0xe1][0xa9]2&lt;M[0x1e][0xcb][0xac]x[0xba][\r][0x97][0xe3][\n]&quot;
2013-02-06 13:51:57,060 AAD-WS DEBUG wire:63 - &gt;&gt; &quot;s0L[0xde][0xae]d~T[\n]&quot;
2013-02-06 13:51:57,060 AAD-WS DEBUG wire:63 - &gt;&gt; &quot;`[0x95][0x82][0xd5]6[0xe8]i`i[0xf2][0xa8]Q[0xb0][0xd6][0x6][0xe9]X!0u[\n]&quot;
2013-02-06 13:51:57,060 AAD-WS DEBUG wire:63 - &gt;&gt; &quot;[0xba]m[0xb8][0x12]WY[0xd1]#[0xef]z[0x1b][0xf4]F[0xaf][0x82]&gt;[0x1b][0xf4]7 [0x1a]d[0xe6][0xc][0x19][0xfa][0x15][0xc][0xd8][0xc0][0x89][0x15][\n]&quot;
2013-02-06 13:51:57,061 AAD-WS DEBUG wire:63 - &gt;&gt; &quot;[0x6]m0[0x4][0x1b]e[0xa0][0xc9][0xa3]IX[0xb1]Y[0xe8][0xaf]Vp[0x8d][\r]F[0xe1]Z[0xc1]&gt;S[0xbe][0xce]J[0xc1][0xb3][0xf1][0x1c][0xf9]:W[0x1e][0xe7]E[0x4]8_[0xc1][0xb]l0[0xd6][0xd8][0xe8]B[0xf9]Zg[0xc3][0x8b][0xb0]I[0xc1][0x8b]m0[0x9]/[0x91][0xc7]zy\[0xaa][0xe0]e)[0xf0]9^n[0x83][0x2][0xbc]B[0xa0][0xaf][0x94][0xaf][0xab]d[0xed]j+^[0xa3][0xef]+[0x83]k[0x85][0xec]u[\n]&quot;
2013-02-06 13:51:57,061 AAD-WS DEBUG wire:63 - &gt;&gt; &quot;^o[0x83][0x99]&quot;[0xf3]([0xbc][0xc1][0x8a][0x99][0xba]&quot;[0xe4][0xb1]A8[0xb9]1[0xa2][0x8a][0x9b][0x84][0xe6][0xcd][\n]&quot;
2013-02-06 13:51:57,061 AAD-WS DEBUG wire:63 - &gt;&gt; &quot;n[0xb4][0xc1]&lt;[0xbc][0xc5][0x8a][0xb9]:g[\n]&quot;
2013-02-06 13:51:57,062 AAD-WS DEBUG wire:63 - &gt;&gt; &quot;[0xde]*T6[0x89][0x92]n[0xb3]A9n[0x96][0x7]o][0x8f][0xb7][0xcb][0xd7][0x1d]6[0xdc][0x82]w[0xca][0xea]][0xf2][0xb8][[0x1e][M[0x10][0xc4]{d[0xd3][0x16][0x5][0xef][0xb5][0x81][0xb][0xef][0x93][0x99][0xfb][0xad][0xf8][0x80])r9&gt;(d[0x1e][0xb2][0xe1][0xc3][0xf2][0xf5][0x1d]&gt;b[0xc5][0xb1]2[0xb3]-[0x5][0xb7][0xe3][0xa3][\n]&quot;
2013-02-06 13:51:57,062 AAD-WS DEBUG wire:63 - &gt;&gt; &quot;[0xee][0x10][0xc0][0x9d][0x82][0xb5]KfBVl[0x95][0xc1]n[0x1b][0x9c][0x8b][0x8f])[0xf8][0xb8][\r][0x82]Xa[0xc5]6y?![0x8f]&apos;[0xe5][0xb1]G[0xc1][0xbd][0xc2][0xc5]&gt;[0x1b][0xac][0xc5][0xfd][0xc2][0xc0]S2|Z[0xc1]g[0x4][0x91][0x11][0x9e][0x95][0xf1][0x1e]y[0x1c]P[0xf0][0xa0][0x15][0x9f][0xb3][0xc1]:|[0xde][0x8a]/$c![0x1e][0xb2][0xe2][0x8b][0x86][0x8a]x[0xf0][0x92][0x82]/&apos;[0xe3]a|[0xc5][0x8a][0xaf][0xda][0xf0]5|]&amp;[0x1f][0x11]2oX[0xf1]M[0xa1][0xfd][0x96]&lt;[0xde][0x96][0xc7];B[0xf0]/V|[0xd7][0x10][0xf][0xdf][0xc3][0xf7]m[0xf8][0x1]~(,d[0xc5][0x8f]EL])[0x9f]X[0xf1]S+~f[0xc5][0xcf][0x5][0xe3][0xb]+[0xfe]U[0xf6][0xbf][0xdc][0x8a]_Z[0xf1]o&quot;[0xff]W&quot;[0xc6][0xd7][0xb2][0xf8]w+~[0xa3]/[0xca][0xe3][+~g[0xc5][0xef]e[0xf7][0x1f]d[0xf1]G[0xf9][0xfa]IV~[0x96][0xfd][0x91][0xb9]_m[0xf8][0xf]|^[0xe7][0xdf][0x8a][0xff][0x94][0xc1][0xbf][0xac][0xf8]o+[0xfe]f~[0xfe]G[0xc1][0xdf][0xad][0xf8]_[0x1b]&lt;[0x89]^A[0xfa]C[0x94]tD[0x97][0x9f]Y#[0x90][0x7]Z[0x89][0xac][0x94]`([0x85],[0xc]F[0x89][0xf2]H[0x92][0x87]&quot;[0x10]V[0x1b]%[0xf3][0x6]d[0xb3]R[0x8a]L[0xaa][\n]&quot;
2013-02-06 13:51:57,063 AAD-WS DEBUG wire:63 - &gt;&gt; &quot;[0xf5][0xe0])J[0x8d][0x10][0xea][0xc9][0x1e]I[0xbd][0xcc][0xe1]:|0[0x85][0xd2][0xc8][0xae]P[0xba][0x95][0x8e]1[0xe9]f[0xd8][0xa8]7sD}[0xf8]M}[0xcd][0x81][0xc3]J[0xfd]d[0xdc]_[0xa1]c[0x85][0xcc][0x0]+[\r][0xb4][0xd2] [0x85][0x9c][0xb2][0xcd]`[0x1b][\r][0xa1][0xa1][0xf2][0x18]f[0xc5][0xf1]V[0x1a][0xae][0xd0][0x8][0x81][0x1a]i[0xc5][0xc9]V[0xca][0x94][0xcf]Q6[0xca][0xc2][0x89][0xfc][0xb7][0xdb]([0x9b]r[0x14][0xca][0xe5][0x0][0xa1][0xd1][0x1c][0xb2][0x94][0xc7]&gt;Fcdx[0x9c]|[0x8d][0x95][0xaf]q[0x82]4[0x9e][0xe1]i[0x82][0x8d]&amp;[0xd2]$[0x9d]YY[0x9d],[0xab][0xc7][0xb3][0xed])[0xdf]J[0x5][\n]&quot;
2013-02-06 13:51:57,063 AAD-WS DEBUG wire:63 - &gt;&gt; &quot;MQh[0xaa]B[0xd3][0x14]:A[0xa1][0x13][0x15][0x9a][0x8e]`[0xad][0xf5][0xf8][0x2][0x1][0x97][\r][0xc2][0xd0][0x92][0x95][0xae]&amp;[0xd7][0xea][0xbc]:[0xcd][0xd3][0x90]7w[0xe]?g[0x9b]ke[0xae]&amp;w[0xad]+[0xe8][0xf3][0x17] P[0xa0][0x1][0xc1]a[0x82][0x6][0x9a][0xdd][0xde][0xda][0xbc][0xb9][0xe5]U~[0x9f][0xc7]3[0xdf][0xe5][0xd5][0x18]@[0x9][0xfa][0x1a][0xca]|[0xd5][0x1a][0xc2][0xa8]8[0xa8][0xa0]_[0xd3][0xf2][0x8a][0xb4][0x1a]W[0xa3]&apos;X[0xda][0x18]tUz[0xb4][0x85]&lt;%[0xa0][0x8c]e[0x91]e[0x84][0xf4]x[0xc2][0x2][0xc0][0x8b])[0x1][0xcd][0xe5][0xaf][0xaa][0x9b][0xe5][0xd6]&lt;[0xd5][0x8]}[0xdb][0xc1]h[0xab][0x83][0xfa][\n]&quot;
2013-02-06 13:51:57,064 AAD-WS DEBUG wire:63 - &gt;&gt; &quot;[0x3]&amp;[0xf8]+[0xab][0x10][0x6][0xe8][0x0]yA^[0xc8][[0xd0][0xe8][0xd1]f[0xb8][0x2]Zu!sh[0x8a][0xa0][0xf8]&lt;[0xd5][0x82][0x85]`7 =.&amp;T[0x1e][0xf4]3=^[0xee]Y[0xd5][0xe8][0xf7]k^&amp;[0xea][0xad]6[0x4]Ijrk[0xcd][0x9a][0x1f]aP[0x7][0x15][0x15][0xfa][0xbc]A[0x86]][0xac][0x3]0rb[0xb5]V[0xd9]X[0x8b][0x80][0x15][0xac][0xdb]*[0xbf][0xe6][\n]&quot;
2013-02-06 13:51:57,064 AAD-WS DEBUG wire:63 - &gt;&gt; &quot;j[0x8b][0x8a][0x11]&amp;g[0xc6]3][0xe8][0xab]o[0xf0]y[0x19][0xb1] ^I[\r][0x1e]WM^dqQ[0xb1]h[0xa6]P[0xe7][0xa1]g[0x89][0xdb][0xab][0x95]5[0xd6]Wj[0xfe][0x85][0xa2];[0xe6]j[0x8a][0xdb][0xeb][0xe]NC[0x18][0x91]y[0x14][0x96][0x1b][0xb5][0x18]![0xd9][0xed][\r][0x4]][0x1e][0x8f]p[0xd4][0xbf]k[0x8e][0x18][0xb2]g@[0xb][0x16]j[0x1e][0xcf][0x2][0xcd][[0xad][0xf9]E[0xf4]1q[0x9b]D[0xe8][0x8a][0xe0][0x5][0x9d][0x18]M[0x88][0xa4]4zc6[0xec]U[0xab][0x5][0xe7][0xfb][0xb5][0x1a][0x8d][0x95][][0xee]^[0xcb][0x12][0x8c][0xfe][0x13][0xad][0xe4][0xb9][0x9a][0x83]yE[0xee]z[0xcd][0x1b]p[0xfb][0xbc][0xac][0x8b]T[0xa6]Q[0xca]R[0xd7]7[0xd6][0x1b][0x14][0xf4][0x9][0xd7][0xea][0xe8][0x84][0xcd][0xaf]y|[0xae][0xea]&quot;W[0xd0][0xc5][0xee][0x90])lX[0xa3][0x13][0xc7][0xc6][0x9][0x11]V[0x92].[0x83]@:[0xe2][0x96]E[0x8f][0xa5][0xac]{[0x8f][0xbe][0x96][0xea][0xaa][0xae].o[0xac][0x94][0xc9]r-[0x18]@[0xe8][0xd3][0x1][0x98][0xe7]u[0xd0]$mu[0x83][0xcb][0xcb][0x9e][0x9a][0x91][0xd9][0xd1][0xbf]t;[0xd4][0x98][0xae][0x15][0x88][0x18]/[0x1e][0xc6][0x98]j[0xc][0xba]=y[0x8b][0xb5]*[0xc3]k[0xad]U[0xe2][0xc1][\r][0x1][0x16]R[0xa9][0xf6][0x95]j[0xfe]Z[0xfe][0x1a][0xd0][0x8d]Ud[0xa7][0xc4]z[0x3].[0xc9][0xaf][0xd5][0xfb][0x9a][0xf8][0xe3][0xc4][0xcc][0xa3][0xe][0xca][0xae][0xc4][0xeb][0xc1][0xbe][0xb1][0xd8][0x1d]pW[0xba]=[0xee] [0xe7][0x8d][0x9c][0xa3]&apos;i8aua[0x1d][0xb][0xab][0xb1][0x82][0x86][0xc5][0xb1][0xaf]5[0xb1][0xe9][0xa3]j[0x9f][0xd9][0x14][0xf6][0xc6]$[0xd1]Wq[0x91]B[0x85][0x9c][0x8a][0x8b][0x10][0xd4]b[0xaf]W[0xf3][0x17]z\[0x81][0x80][0xe8][0xb0][0xf6][0xff]&apos;T[0xa9][0xab]aXqQ[0xc1][0xff][0x92][0xa6][0xc4][0x89][0xe3]B[0x1e]ap[0xe6][0xa8]?[0xcd][\n]&quot;
2013-02-06 13:51:57,064 AAD-WS DEBUG wire:63 - &gt;&gt; &quot;[0xb6][0x80][0xe6]a;[0x1a][0xd9]Dh[0x8]P[0xc4]Zb[0xc6][0x8e]4b[0x93][0xae][0xda][0xe4][0xf2]4j[0x11][0xb5][0x8d][0x8a][0x97][0xd7][0xd0][0x9b]pY[0xae]o[0xc3][0xb1][0x12][0xd5]]j[0x83][0xdf][0xd7][0xa0][0xf9][0x83]k[0xc]lN[0xf3][0xa6][0xc3]Uj.o o~[0xdc]j[0x14][0xad][0xa7]K[0xa7]3_[0xf3][0xd7][0xf8][0xfc][0xf5][0xb2][0xe9][0xa0][0xcc]hL[0x1a];No[0xb7][0x95][0xcd]H[0xd3]e[0xae]z[0xde][0xa6][0xe6][0xb4]I&apos;[0x1]pt&amp;[0xb1]N[0xa9][0xf2][0x98][0x89][0xd0]V[0xee]k[0xf4]Wi[0xb3][0xdc][0x92][0x1e][0x7]p[0xda]wWuH[0x84][0x8b][0x8a]G[0xb]mN&gt;1[\n]&quot;
2013-02-06 13:51:57,065 AAD-WS DEBUG wire:63 - &gt;&gt; &quot;[0xd7][0xd3]n[0xa5][0xc0][0xe7]u[0x85][0xc5][0x86][0xfe][0xd3]$[0xab][0xe2][0x10][0x1c]*[0x8f][0xd1]*[0x15][0xd1]L[0x95]f[0xd1]l[0x95][0xe6][0x90]d[0xbf][0x18][0xe0][0xd1][0xee]*[0x9f]W[0xa1][0xb9]*[0x9d]D%*[0x1e][0x8b][0x13]TLAU[0xa5]R*[0xe3][0xa4][0x11][0xd1][0xf2][0xc][0x9f][0x9f][0x93]o[0x89]k[0x8d][0xaf]1[0xa8][0xd2]&lt;[0x9a][0xaf][0xd2][0xc9][0xb4][0x0]a[0xe4]Q*G[0xc5][0x9e][0xd8][0x8b][0x8b]\\[0x8e]-qUj[0x1e][0x85][0xca]UZH[0x8b][0xd8][0xce][0x1c]Y[0xda][0xea][0xd1][0x12]`[0xfa][0x8a]J[0x8b]i[0x89][0x88]0[0x1][0xa1]w[0xe7]uV[0xc5]t&lt;F[0xa5]Sh[0xa9]J[0x15]tj[0xfb][\r][0xa4][\r][0xf0][0x98]b[0x84]&apos;g[0xf8]V[0x9b]b[0xe0][0x10]:M[0xa5]et:[0xe7][0xa6]2[0x9f]?X&apos;[0x83][0xe5][0x8]i[0x1d]J[0x88][0x80][0xae]P1[\r][0xed]*[0xb9][0xa8]R[0xa1]*[0x95][0xaa]IS[0xa9][0x86]jU[0xaa][0xe3][0x7][0x8e][0xc0][0x91][0x9c][0x87][0xbb]hET[0xec][0x81][0xa9]*[0xb9]i[0xa5]B[0xab][0xda][0xb]S[0xde][0xc0][0xb9][0xcb][0x80][0x1a]B,t[0xbd][0xd0][0xf4][0xd2]Rv[0x9b]ncY%[0x1f]5[0x88]z[0xc6][0xa9][0xd8][0xf][0xfb][0xab]t[0x86] [0xfa][0x5]1[0xa9][0x90][0xa1][0x4]&quot;@,f.[0x8e][0xe6][0xcc][0xd8][0x8d][0x8b][0x15][0x8b][0xde]cK,[0x8b]C[0x8d]*5[0xd1][0x2][0x95][0x9a]E[0xce][0xd5][0xe2]Fkh[0xad][0xa9][0xe0][0xf8]b(|[0x9f][0x19][0x11][0xbe]C9S1[0xf][0xc7][0xa8]t[0x96][0x90]8[0x9b][0xce][0x11]c[0x9f][0xab][0xd2]yt[0xbe]B[0x17][0xa8]t![0xad]S[0xe9]&quot;[0xba]Xt[0x89]J[0xeb][0xe9]R[0x15][0xc7][0xb2]H[0xec][0x80][0x97]E[0xfc][0xbc][0xa3]{[0x89]U[0xf4][0xcc][0xac][0xd2][0xe5]L[0x18][0xa7][0xe1][0x9][0xac][0xaf]h[0xc1]u[0xba][0xbd][0xce][0xc6][0x0]c9[0xbd]Z[0xb3][0xb3][0xde][0x80][0xbc]Bv[0xbf][0x92][0xae]R[0xe8]j[0x95][0xae][0xa1]kU[0xba][0x8e][0xae]W[0xe8][0x6][0x95]6[0xd0][0x8d][0x11][0xdf][0x89]-2*[0xdd]D7[0xab]X[0x80][0xf9]*m[0xa4][[0xb8][0xe0][0x18][0xf5][0xd4]Y[0xc5][0x9d][0x84][0xc6][0xee]7[0x11]&apos;[0xa9]t+]o[0x1a]56s[0xcc]h[0xac][0xa9][0x91][0xa4][0xac][0x1a]([0xf3]][0xc1]:&apos;[0x93][0xd9]D[0xb7][0xc9]c[0xb3]J[0xb7][0xd3]9\[0xe7];H([0xa2][0x9][0xb0]Jw[0xd0][0x16][0xd1][0xed][0x9d]*[0xdd]Ew[0xab][0xb4]U[0xb6][0xe9][0xd5][0xbe][0x1c]s[0x9]vzY&gt;[0xa1]}[0x8f][0x88]qL[0x8c][0x18][0xba]e[0x8b][0x83]Z={[0xb5];[0xfc][0xed]t[0x7][0x9c][0xde]F[0xf]+[0xa4][0x85][0xee][0xd5][0x8b][0xa0][0xd3][0xcb]yR[0x8][0xdc][0x87]}9[0x8b][0x5]]\[0xa8][0x83]2[0xbe][0x9f][0x1e][0x88][0xb0][0xa8][0x13][0x9c][0xe1][0xe2][0xe2]7su[0x95][0xd6] [0xf9]V[0xa1][0x7]Uz[0x88][0x1e][0xe6][0xd4]^[0xe6][0xb]:[0xb9]20[0xad][0xe2]&quot;g[0xbe]B[0x8f][0xa8][0xb4][0x8d][0x93][0x9]m[0xa7]G[0xa5][0x8d]5[0xfb][0x85][0xb0][0xde]h[0x87][0x8][0xb4][0x93]v[0xa9][0x14]b[0x17][0xa5]V[0xba][0x98][0x15]%[\r][0x82][0x98][0xac][0x9a][\r][0xa8][0xd0]n[0x95][0x1e][0xa7]6[0x85][0x9e]P[0xe9]I[0xda][0xa3][0xe2][0xf1][0x98][0xcf][0xcc][0xea][0xcd][0x83][0x0][0xa9]8[0x5][0xa7][0xb2][0xf0]F7[0x91][0xc9][0xd5]8[0xc7][0xc9][0xbd][0xee]([0x95][0xf6][0x8a][0x9e]R[0x9d]N[0xce]l[0x1]7[0xfb][0xb3]@s[0xef]ZU[0x17]`x[0xbb][0xb3].0[0x9a]W[0x82].[0xee][0x7]3yn[0xd4]T[0x95][0xf6][0xd1]~[0xb1][0xc9]S*=-F[0xee][0xe3]t[0x6]][0xb5]:+\q[0x9c][0xfa][0xe].O[0xbe]S[0xa5]gp[0x1c]W-[0xa7][0xd3][0xe7]o[0xe0]&quot;[0xa5][0xb1][0x1f][0xd4][0xb9]=[0xd5][0xdc][0xa1];s[0xf9][0x93]m/8u[0x81]|[0xde]/[0xc5][0xe9][0x8c][0xf2]J[0xcf][0xd2][0x1]fX&lt;[0xfc] {8=&apos;[0x8f][0xe7]E[0x7]/[0xd0]![0x85]^[0xe4]z[0x11]iE2UzI[0xec][0xd8][0xa7]Xb[0xd8][0xeb][0xf2][0xb0]/[0xeb][0xa2][0x4]8[0xf6][0xab][0xd6][0xc]fI[0x9d]&quot;[0x8f]s[0xf0]T~[0xf5][0x8c][0xba][0xdd]L[0xbf]_[0xdc]!5[0x82][0xa7][0xc9][0x84]J/[0xd3]a[0x95]^[0xa1][0x1b]U[0x9c][0x81][0xb3]T,[0x96]PI6[0xda][0x98]|&apos;+[0xce][0xea][0xd4][0x1d]H[0x98][0xb6][0xb1][0xe4]Z ([0xb]*[0xbd]*[0x11][0xfb][0x9a]0[0xf9]:?p.[0x9e][0xa4][0xd0][0x1b]LqL[0x3] H[0xc9]N#[0xc0][0x4][0xe7]Mz[0x8b]ON1[0xe]#[0xde],N[0xa7][0xd2][0xdb][0xf4][0x8e][0x8a][0xb3]q[0x8e][0x84][0xf6]_[0x14]zW[0xa5][0xf7][0xe8]}n [0xe2][0xdc]Uw!3[0xf8][0xf4]l[0xb7]:[0x18][0xf1]66[0xb6][0xee]~[0xb2]g[0xaf][0xf8]V&quot;[0xdf][0xa9][0xd0][0x7]l}[0xe6][0xe0]C[0x89][0xaa][0xe4][0xba]p[0xe7][0xc6]![0xab]3g[0x98]G\[0xef][0xa3][0xf6]A[0x12][0xe9][0xf2]$U[0x1e][0xc7][0x9a][0xad][0xe1][0x8d][0xd9][0x80][0xb3][0xf8]e[0xa2]1[0x95]H[0xde][0x93]i[0x95]&gt;[0xa6]O[0x14][0xfa]T[0xa5][0xcf][0xe8]s[0x95][0xbe][0xc0][0xe1][0xc]1[0xd3]L[\r]&amp;F[0xaf][0xf6][0x9]A[0xc5][0xf1]R[0xca]z[0x16]F[0x82]A[0x87]Tq2NP[0xe8][0xaf][\n]&quot;
2013-02-06 13:51:57,066 AAD-WS DEBUG wire:63 - &gt;&gt; &quot;}[0xa9][0xd2][0xdf][0xe8]+&gt;[0xf]usfT1[0x3]{[0xab][0xf4][0xb5][0xa4][0xb2][0xbf][0xf3][0x3][0xfb]`_[0x95][0xbe][0xa1]oUt`/[0x15][0x17] [0x97][0xd3][0xef][0xe8]{[0x85]~P[0xe9]G[0xb1][0xe0]O[0xf4][0xb3][0x14][0xf6][0x1]*[0xfd]&quot;[0x91][0xda][0xaf][0xab][0xae]B[0xd4]:[0xa8]}[0x95][0x88][0xeb][0xfe][0xa4][0xf3][0x18][0xd2]u[0x93]\[0xa2]{[0xa8][0xa4][0xbc][0xb8][0xae][0xa0][0x93][0x96]0[\n]&quot;
2013-02-06 13:51:57,066 AAD-WS DEBUG wire:63 - &gt;&gt; &quot;9[0xb8][0xcb][0xfe]/[\n]&quot;
2013-02-06 13:51:57,066 AAD-WS DEBUG wire:77 - &gt;&gt; &quot;3[0xa0][0xd3]^/&quot;
2013-02-06 13:51:57,067 AAD-WS DEBUG wire:63 - &gt;&gt; &quot;[0xba][0xae][0xdb]2[0xcf][0xed][0xcb]+[0xe7]Xg[0xff]Y+[0x8d][0x87]B[0xbf]F*yL[0x87]m[0xb4][0xbc]q[0x87][0x13]9[0x8a][0x8d][0xea][0xfa][0xe8][0xc2]y[0x89]1[0x8a][0xeb]][0xb5]Zq[0x95]8[0xe1][0xb8][0xee][0xce]9q[0xcd]b[0x4]I[0xe][0xfa]|R1[0xf0]3[0xe2][0xbb]Q}]Z[0xd6][0xb8].eQq[0xa9][0xcb][0xcb][0xd8][0x92][0xde]k[0xc3][0x98]q[0xe7][0xb3]y[0x95]+Y[0x99][0xed]w46[0xb3][0xca]Q[0xd4][0xf0][0xfe][0xbe][0xf1][0xb2]E[0xf][0x92][0x1c]$[0xcc][0x92][0xd1][\n]&quot;
2013-02-06 13:51:57,067 AAD-WS DEBUG wire:63 - &gt;&gt; &quot;E[0x8e][0xe0][0xba][0x96][0x8d]9s[0xe3]0[0xca][0x7][0xce][0xae][0xac]3[0xa2][0x9b][0x1e]&gt;[0xc][0xa5][0x13][0xe9][0xdb][0x8e][0x8d]EA9[0xb4][0xb9][0xe5][0xd0][0x94][0xcc][0xfc][0x96][0xf8][0xb8]6p[0xd8]d[0xc6]p[0xd2][0xe1][0x10][0xae][0xd7]=[0x3][0xb2][0xc0]@3B+r[0xab][0x11][0x7][0xd1][0xe5]i6[0xfe][0x92]%E[0xd7][0x3]7[0x9c][0xb3]$}[0xf6][0xe9]|[0x16] [0x8d][0xb5][0xd0][0xde][0xf7][0x86]tq[0x12][0x89][0x97]&lt;[0x8e][0xa4]^zx[0xa5]X[0x96][0x12][0x98]&amp;BVw2[0xc7]O&quot;L[0xe9][0xe4][0x94][0xfe]?[0xa0][0xf][0xec][0xe4]0[0x14]w(N[0x13][0xad][0x86]#[0xd5][0xf4][0xa2][0x91][0x99][0x9d][0x1c][0x83][0xe2]B:[0xec]TC[0x8f][0x2][0x8c]5[0xc2]bw[0x91][0x11]r[0xfe][0xf4]@[0x19][0xa7][0xdb]t6^y[0x9d][0xaf]9[0xb0][0xc0][0xe7][0xb][0xce][0xe1][0xfc][0xeb][0x11][0x87][0xb2]dV[0xe8][0x7]N^[0x94]y[0xfd][0x8a]@[0x9c]+[0xa5]V[0xd3][0xbb][0xe7][0x6]n[0xf7][0xe5][0x8e]%^[0xaa][0xb9][0xe1][0xa5][0x82]v[0xd1]87[0x8a][0x93][0x98]Y[0xac][0x93][0xce]`[0xd2][0xf3][0xbc][0xda]B_cU[0x9d][0x91][0xf8][0x8d][0x9b]0[0xb9][0xad]Z[0xe8]k[0x88]h[0x9c]k[0xaa]y[0xc6][0xe6][0x8a][0xc6]]b[0xc7]p[0x94][0xbb][0xc][0xe]Y[0x91]c[0x8d][0xb7][0xaa][0x8e][[0x14][0xfe][0x9c][0xe1][0xb][0x6]}[0xf5]1Td[0xb2][0xc8][0xdd]$[0xfd][0x8c]x[0xb7]Q[0xf]-[0x99][0xba][0x13][0x8d][0xe8][0xc2][0xa4][0xb1]-[0xbd][0xae][0xac]c[0x8d]f[0xa9][0xab]P[0xee]o,wa[0x18][0xa3][0xf5][0xd2][0xa6]{[0xd8]~}[0x8c][0xef][0xce]Rw[0xd7](q[0x96]cM[0xea][0xdc][0xa7]E[0xe8][0x16][0x9a][0xcd][0x94][0x91]r[0xf5]k[0xa5][0x85]k[0x1a]X[0xa9][0xc7]dv[0x1a][0xb8][0x91][0xe9][0xf8][0xb4][0xd0][0x83][0x91][0xe5][0xc]0=[0xb0]P[0xbf][0xc8][0xcd][0xee][0xcc]y[0xbb]&lt;[0xc3][0xc7][0x1e][0xba]t[0x16][0xda][0xe5][0xaa]4[0xfd][0x1a]K[0x80][0xa3][0xec]N[0xeb]*$[0x8f][0xf6]&quot;JX[0x9e][0xe5][0xf6][0x7][0x82]:[0xcd][0xd8]K[0x98][0xce][0xa2][0x14]ax&apos;[0x16][0xef][0x8a][0xae]N[0xb2][0xd0][0xd7](^[0x94][0x90]9[0xaa]XR@[0x17][0xd4][0xc3]A[0x9c]d[0x1c][0xa4][0x8c][0xda]c[0xdc][0xa1][0xa4][0xb5]/[0x9b][0x1][0x9d][0xcb]S[0xbb]+[0x9c]}[0xbb]Z[0x93]{[0xc9]3[0x1a]][0x9e]@[0xbb]{[0xc9]pM[0xab]0&quot;5z[0xc1][0xe9][0x88][0xb3][0xf4]Lo#[0x1b]A[0x8f][0x81]p[0xa4]vX`[\n]&quot;
2013-02-06 13:51:57,068 AAD-WS DEBUG wire:63 - &gt;&gt; &quot;^i[0x1e]=Z[0xbd][0x1e]?[0xf1].dn$7[0x99].[0xef][0xd1][0xdc]_2G=[0xeb]\[0x81]R[0x9f]_3I[0x6]tm[0xca][0xd5][0xba][0x16][0x99]Hr54hr[0xdb][0x9a][0xd3][0xf5]Mj[0x87][0x13]bA;[0xf0][0xb8][0xc2][0xde])[0xb8]5[0xe8][0xb][0x97]=1[0x90][0x1c][0x16]u[0xa3][0x9e][0xda][0xad][0xcf][0xf4][0xce]&lt;[0xb5][0x93]][0xe4]n[0xbc][0xde][0xb5]J[0x8b][0xa4][0xc8][0xae][0xea][0x83][0xec]bd[0xdc][0x6][0xbf][0xa6][0xdf][0x6][0xc5]i[&lt;mQ@[0xf3][0x1b]t9[0xba][0xa5]k)[0x12][0xfb][0xc6]%&lt;[0xf3][0x9e][0x93][0xcf]0nVS[0x92][0xf1][0xaf][0x4]BA[0xd7][0x1][0x14][0xe7][0xdb])[0xad][0xd8]N{M@?[0xed]&amp;[0xf0][0xd9][0x87]7/[0x9][0xb7][0x86][0xf3][0x99][0xa4][0xf4][\n]&quot;
2013-02-06 13:51:57,069 AAD-WS DEBUG wire:63 - &gt;&gt; &quot;[0x9a][0xab][0xbe][0xc0]&lt;[0xa0][0xb4][0x9b]f]6[0xc8][0xc8][0xc3][0xc2][0xd8][0xb8]&lt;E&lt;[0xa7]S[0xf]e=[0xa8][0xe1]C[0xad][0xa1]Q[0xc0][0x2]_3[0xf7][0x10]a{t[0xa7]G[0x8e][0xc2][0x94]0&gt;c[0x19][0xbd][0xcc]|[0x97]_[0xdf]qX[0xfb][0x14]4,[0x9c]:d0[0xcb]%[0xc7][0xfe]5,E[0xa7][0xb3][0xd6]p[0xea]D[0x98][0xf3][0xe7][0xff][0x93]t[0xd3][0xc3]F[0xb7][0xf][0xab]8v[0x8e][0xe5][0xe7]#X[0x95][0x16][0x8][0x98][0xc3][0xc9][0xdd][0xf6][0x15][0xdd]z[0xa6][0xb5]*[0x92]I[0xad][0xe1][0xa3]y[0x97]jTH[0xb3]Z[0xd1]Mt$[0xb9][0x3]%[0x9a][0xab]F[0xbf][0x3][0x8e][0x16][0xde]d3J[0xa7][0xeb][0x16]-[0xee]4[0x19]X[0x2][0xfa][0xff]6rB[0xd0]K[0xba]\n[0x19][0x5][0xc8][0x16][0xbd][0xc3]1[\n]&quot;
2013-02-06 13:51:57,069 AAD-WS DEBUG wire:63 - &gt;&gt; &quot;[0xba][0x9e]T[0x85][0xd6][0xc0]0[0xad][0xae][0x84][0x8b]=Ru[0xf6][0xaf][0x82][0xd9][0xc6][0xea][0xb7][0xc5][0xc6][0xde][0x91][0xda]kl[0xd7]e-[0xd0]=[0x89]3[0x9b]4[0xcf][0xae][0x80][0x9e][0x6]b[0x1a][0x86][0xd4]*[0x8f][0xe6][0xf2]Gh1[0xe9]@[0x7][0xd2][0xe9][0x1][0xf3][0x8a]2X[0xb7][0xd0][0x17][0xc9][0x0][0xb1][0xf7]=[0xf1][0xd7][0xff][0xed][0x9a]C[0xc1][0xb]t[0x97]yL[0xe][0xa3];k[0xd5]r[0x17][0xa0]&apos;[0xf4][0xb8][0xca][0x11][0xbe]%0[0xba][0x94][0xf8][0x94]![0x97][0xbd][0xb1][0xc7][0x96][0xbe]][0xad][0xb1]K[0xca]_[0x85][0xc6]?[0xa6][0x92]{[\n]&quot;
2013-02-06 13:51:57,070 AAD-WS DEBUG wire:63 - &gt;&gt; &quot;3;I[0x17][0xdd]&apos;[0x9a]vw[0x8];[0x3][0xbb][0xff][0x8b][0x82][0xb][0x83][0xfe]o[0xa2][0xb1]`[0x14]K)^eZ[0xb3]~Qb[0x1c][0xfd]f[0xe9]W[\n]&quot;
2013-02-06 13:51:57,070 AAD-WS DEBUG wire:63 - &gt;&gt; &quot;[0xf6][0x98]&gt;_ft[0xfa][0xfd]bU[0xb7]@k`[0xef][0xf]F[0xe][0xa9][0xe6][0x1f][0xc0][0x91][0x89][0x89]G[0xf9][0xef]m&lt;![0xc9]y[0xf5].[0xff]*[0x81][0xf6]hA[0xcd][0xb3][0xa6][0xc8][0xed][0x97]?[0xcc][0xfa]uzz1[0x5][0xb3]G[0xef]![0xc2][0xd7][0xf][0x86]l[0xc5][0xf2]W[0xaa][0xb7]*[0xe6][0xb4][0x16][0xdb][0x81][0x8d]*[0xe9][0x88]W`[0x94]*[0xe3][0xaf][0xee][0x94][0xa0][0xaf][0xc4][0xd7][0xac][0xf9][0xb]][0xf2][0xf]br[0x15]3[0xc5][0x99]o[0xa1][0xaf][0x8b])[0x8b][0x8d][0x90][[0xe8][0xf3]yV[0xb9]cK[0xb9][0xb0]m[0xce]F[0xaa]@[0xcc][0x1c][0x7]t[0xa5][0xa6]5H&quot;[0x8][0xba][0xfc][0xc1][0xc0][0x12][0xb7][0xf8]|[0xa7][pRI[0xd0][0xcf][0xc1][0xa9][0xf1][0xe][0x3][0x83][0x1]1[0x11][0x12]1[0x9][0x15][0xb4]b2[0xda][0xc0][0x6][0x16][0xf9][0x87][0x4][0x80][0xdf]=0U[0xf7][0xc4]^[0xfa];[\r][0xed][0xfa];[0x1d][0x8f][0xd1][0xdf][0x19][0xd8][[0xf7][0xc1][0xbe][0xfa][0xdb]a[0xc2][0xf5][0xc3][0xfe][0xfc][0xb6][0xc9][0xad][0xc][0xbf][0x7]A2[0xe][0xc4]A[0xbc][0x93][0x93]G[0xc3] [0x1][0x90][0xdf]j[0x1b][0xe0][0xd2][0xac]}@[0xad][0x90][0xb0][0x8d][0xc7][0x88][0x83][0xf9][0x99][0xa4][0xaf][0x95][0xf2]h[0x8][0xe]51[0xe6][0x1]1[0xe][0xc0][0xd0][0xac]V[0xb0]de[0x87] 1[0x4]I[0xa5]9[0x7] %+&apos;[0x4]J[0xb][0xa8]Yv[0xeb]nH[0xe][0x81]m{[0x84]P?&amp;[0x5]0[0x1f],p2[0xf4][0x80][0x5][0x90][0x6][0xe5][0xe0][0x80]E0[0x4][0x96]0[0xc4]0[0x1c]n[0x10][0xc7]/ [0x11][0x14]~[0x17][0xdb]Sv3[0xa1]lfh[0x17][0xf4][0xc8][0xda][0x9]=B[0x90]Z*[0xef]6[0xe8][0xb9][0xb4][0x15]z[0x85] MFY![0xb0][0xf3][0xd6][0x9]Ym[0x90][0xce][0xd3][0xc7][0xec][0x82][0x8c]6[0xe8][0xbd]4{7[0xf4][0xb1][0xf7][0xdd][\r][0x8e]V[0xe8]W[0xc6]k[0xfd]y[0xed][0xd8]]0 [0x97]q[0x6][0x84]`[0xa0][0xbc][0x18]uP[0x1b]8yep[0xbe][0xc5]ai[0x83]!K[0x1d][0x96][0x84]V[0x18][0x1a][0x82]a[0xe]Kn[0x8][0x86]/qX[0xc][0xf8][0x11]Kd/[0xfb]H[0x87]%[0x4][0x99]K[0x98][0xde][0xa8][0xa5]&lt;[0x91][0xd1][\n]&quot;
2013-02-06 13:51:57,070 AAD-WS DEBUG wire:63 - &gt;&gt; &quot;Y[0xbb] [0x9b][0xbf]X[0x9]9[0xf9][0x89][0x8e][0xc4][0xac][0xc7] [0x97]@&amp;[0x18]p[0xb4][0xbc][0x13]B[0x90][0x97]e[0xb0]?[0xc6][0x0]&lt;[0x8e][0xd1][0xc7][0xf2][0xa6][0xe3]v[0xc1]x[0x9e][0x19][0x1f][0x82][0x9][0xc6][0xc2][0xc4]%m0ii[0x2]s09?[0xc9][0x91][0xc4][0x14][0x8e]w$[0x19][0x10][0xf9][0x8c]S[0xb0]4[0xe7]1[0x98][0x82][0xd0][\n]&quot;
2013-02-06 13:51:57,071 AAD-WS DEBUG wire:63 - &gt;&gt; &quot;Sw[0xc1]4[0x9e][0x9f][0xc6][0xb4]O[0xd0]![0xa6][0x85][0xe0]D[0x9d][0xc1][0xe9][0x8e][0xa4][0x10][0xcc]X[0xe2]HJ[0x83][0x9d]!(d[0x3][0x15]EMp[0x19]+[0x1b][0xa0][0x82][0x15]|[0x1a][0x9b]`[0x19]d[0xc0]r[0x18][\n]&quot;
2013-02-06 13:51:57,071 AAD-WS DEBUG wire:63 - &gt;&gt; &quot;+ [0x1b]\[0x90][0x7][0x1a][0xe4]C-[0x9c][0x4]nX[0xc]+[0xe1]t[0xf0]@[\r][0xd4][0x83][0xf][0xbc]p[0xe]?/[0x82][0x6][0xb8][0x1a][0xfc]p+[0x4][0xe1]~h[0x84][0x1d][0xd0][0x4]m[0xd0][0xc]O[0xc3]j8[0x4]k[0xe1]]8[0xb][0xbe][0x80][0xb3][0xe1][0x17]8[0x17][0x8e][0xc0]y[0xec][0xc3][0x17][0xb0][0xaf][0xae]c/[0xbb][0x8]G[0xc2][0xc5]8[0x6][0xd6][0xe3][0x14][0xb8][0x14][0x8b][0xe0]r[0x9c][0x3]W[0xb0]O[0x8e][0xe0]y[0xc3][0x9f]2[0xd9][0x9b][0xc4][0x9f][0xd4][0x9c]6[0x98][0xc9][0x8a][0x99][0x15][0x82][0xd9]Q[0xae]m[0xec]m[0x0]7@[\n]&quot;
2013-02-06 13:51:57,071 AAD-WS DEBUG wire:63 - &gt;&gt; &quot;l[0xe0][0x99][0xcc][0xb0][0xa3][0xc0]:[0x9e][0xb7][0xf0][0xbb][0xc8]&gt;G[0x1c]E[0xd7]pq[0xa9][0xe9][0x12]sM[0x9b][0x94][0xe5][0xb2]EN[0xd2]-[0xd2][0x3]CPb[0x80][0x89][0xaf][0xda]rx[0xa5][0x8c]W[0x90][0xdd]+[0xba][0xdb]h[0xde][0x7]X[0xca]D[0xd8][0xc4]:[0xda][0xcc]:[0xba][0x1d][0x6][0xc0][0x1d][0x1c]%[ [0x7][0xee][0x84]qp7L[0x82][0xad]0[\r][0xee][0x85]B[0xb8][0x8f][0xb1]Fa[0x96][0xc9][0xd1]p[0xe6]Gxe[0xf][0x9d][0xb7]4[\r][0x9e][0xeb]U[0xdd][\n]&quot;
2013-02-06 13:51:57,072 AAD-WS DEBUG wire:63 - &gt;&gt; &quot;[0xf3][0xdb][0x87][0xd2][0xc3]&lt;[0xca][0x8e][0xa0][0xc]3QTA[0xe9]U[0xdd])[0xc6][0xe][0x1e][0xe5]D0F[0x98][0x18][0xa9][0xfa]&amp;[0xe7][0x1e][0xe1]_&apos;8[0xad]@[0xf2]7[0x9c][0x89][0x93][0xcf][0x18][0x82][0xd3][0xdb]~rDU[0xb][0xf6]AyIVv+,[0x8c][\n]&quot;
2013-02-06 13:51:57,072 AAD-WS DEBUG wire:63 - &gt;&gt; &quot;o[0xd7][0x15][0xda][0xc6][0xc2][0xef][0x81]^[0xb0][0x97][0x85][0xe7][0xe8][0x93][0xd3]L:[0xf7]1[0x95]D~/[0xcb]&gt;[0x8][0x96][0xed][0x12][0x0]!X[0xc4]j^\[0xca][0x8f]%!8[0xa5][0x8c][0xdf]K[0xf3]-9[0xe][0xcb]n[0xa8]h[0x1][0xbb][0x80]H[0xc8][0x9c][0xba][0xf][0xd2]Cp[0x9a]|.[0xbb][0xed][0xc8]7[0x92]3N[0xf][0xc1]r[0xc3]H+[0xf6][0x81]+[0x4][0x95]YF@UE[0xd9][0xc9][0x7][0xc9]v[0xcf]0S[0xcf][0xf2][0xb6][0xcf][0x83][0xca][0x9e][0x96][0x6]/q[0xda]8[0xcc]9[0xec]5[0xd6][0xf7][0xdb][0xec];[0xef][0xb0]=[0xde][0x86][0x13][0xe0]}[0x98][\r][0x1f][0xc1]B[0xf8][0x84][0xbd][0xfb]S][0xfc][0xe3]L[0xb6]C[0xcc]v2[0xbf]k[0xec][0xd5],&gt;[0x96]f[0xeb]aTf[0xe8]Ac=H[0xf4][0x87][0xa0]&amp;?[0x91]c[0xbe]6?)a&quot;[0xe7][0xb0][0xd1][0x8e][0xa4][0xc]el[0x8][0xea][0x1c][0x9c][0xdd][0xdc][0x1b][0xa1][0xbf]&gt;[0xce][0xb7]:[0xac][0xfb][0xa1]|#[0xa8][0xe]+#[0x96][0xb6]@[0xea]:[0x5]3[0x14]G[0xd2][0x9e]-G^[0xc9][0xca][0x89]S[0xe7]4[0xe8][0xc9][0xcf][0xaf][0x98][0xf7][0xaf]9[0xa5]}[0xc3][0xd2]|[0xcb]i[0xf0];[0xce][0xf1][0xdf][0xc3]H[0xf8][0x1]r[0xe1]G[0x98][\n]&quot;
2013-02-06 13:51:57,073 AAD-WS DEBUG wire:63 - &gt;&gt; &quot;?A[0x11][0xfc][0xc]%[0x1c]9[0xb][0xe0]WN[0x88]?pD[0xfe][0xc6][0xd1][0xf8][0x1f][0x8e][0x91][0xb1]8[0xce][0x94]a[0x3]G[0x88]$[0xd0]E[0xf6][0x95],[0x3]km[0x15][0xef]=[0x9d][0x13][0x2]w![0xfb][0xa0][0xbe]L[0xe7][0xdc][0x92]01[0xb1]E[0xcf]m=[0x1c][0x96][0x8c]D[0xe6][0xde][0xcb][0x9c]f[0x99][0xdf][0xbe]u[0x89][0x98][0x91][0xe8][0xb0]0[0xa7][0x1f]g1[0xfc]r[0xc6][0xe6]bu[0xcb][0x91]&apos;[0xda][0xb9]?[0xb2][0x95]1[0x81][0x3][0xc6][0x2]}0[0x9][0x6][0xa0][0x2]C[0xd1][\n]&quot;
2013-02-06 13:51:57,073 AAD-WS DEBUG wire:63 - &gt;&gt; &quot;c1[0x19][\n]&quot;
2013-02-06 13:51:57,074 AAD-WS DEBUG wire:63 - &gt;&gt; &quot;[0xf8]{[0x16][0xa6][0xc0]I[0xbc][0xbe][0x10]{[0xb0][0x9a][0xc7][0xe3][0x4][0x93][0xc5]WM[0x16][0xcf][0xb7][0x9f][0xa1]g[0xee]V[0xf0][0x87] P[0x8a]e-P[0x1b]f4[0xbd][0xac][\r][0x82][0x1c][0xe2][0x8d][0xf6][0xa6][0x10]43[0x13][0xab]C[0xb0][0x86][0xa1][0xf9]k[0xd9]f[0x18][0x91]k[0xb8]J&gt;[0xe7][0xe2][0xb5]K[0xc5]&amp;g[0xb6][0xc2]Y[0xf9][0x89][0xe2]&apos;b[0x86][0xb3][8[0x81][0xf3]dx=~1,[0xce][0x8d][0xed],[0xc0]51[0x91][0xeb]a*:[0xa0][0x17][0xd7][0xc1]t&lt;[0x96]E[0x1a][0x0][0xe3]p [0xe4]s~*d[0xe6]Of[0xe8]e8[0xc][0xaa]8[0xbb]x9/53[0xdc]y[0x1c]r$[0xff][0xb7][0x9a][0x85]i)[0x8b]&apos;^[0xf4][0x89][0xe1][0xf7][0xe7][0xb0]`mp.[0xcb]r^[0xbe][0xa5][0x5][0x9e][0xea]([0xe1][0xf9][0x86][0x84][0x17][0xf0][0xcb][0x14][0xf2][0x0][0xdc][0xca][0x13][0x17][0xee][0x83]uR+[0xe]B[0x8a][0xfd]&quot;[0x9e]n[0x81][0x8b][0x84][0xff][0x8b]%[0xe7][0x1f][0x80]5a[0xf4]K[0x18][0xcf][0x91][0xb4][0x13][0xd6]G[0xf0][0xc3]+[0x97][0xf2]Lvd[0x16][0xf3][0x95]l[0xc3][0x95]/[0xd3][0xfd]z7\[0x9e][0xcf][0xfe];8[0xdf][0xfa](\[0x19]F[0xb9]*[0x8a][0x12][0x82][0xab][[0xe0]XG[0x92]C[0x9][0xc1]5[0x1b]!Y[0xaf]t[0xd7][0x86][0x95]W[0xe0][0xb0]l[0xe3][0xc]r[0x1d][0xa7][0xb9][0x16]N[0xd3][0x86][0x1a]O[0x87]&gt;[0xac][0x80]q`[0xc5][0xf1][0xdc]DL`[0x15]N[0x82][0xde]8[0x19][0x9c]x&lt;[0x1c][0x8f][0xf9]0[0x15][0xb][0xd8]+[0xa6][0xb0]WL[0x85]r&lt;[0x1]*[0xf0]DX[0x8e][0xd3]a[\r][0xce][0x80][0xab][0xb1][0x10][0xae][0xc3][0x99]p7[0xce][0x82][0x16]N[0xfd]Oa1&lt;[0x8b]&apos;[0xc1]a,[0x81]7[0x99][0xce][0x87][0xb8][0x80][0xd5]&lt;9[0xe2]E[0xaf][0x99]^tA[0x8c][0x3][0xd9][0xaf][0xd3][0xd5]T[0x17][0xd5][0xb1][0xe1]/c[0xba]t[0x86][0xeb][0xe5]#&lt;[0xb8]![0x4][0x1b]Z@\[0xfe][0xc6].[0x9c]+[0x16]2[0xac][0x89][\r][0xed][0xdd][0xe8]4n[0x9b][0x96]A[\n]&quot;
2013-02-06 13:51:57,074 AAD-WS DEBUG wire:63 - &gt;&gt; &quot;[0x9e][0xce]n[0xb4][0x82]u[0xe0]b7[0xaa][0x84]aX[0xc5]5[0xa4][0x1a]&amp;[0xa0][0x6][0xd3][0xb0][0x86]][0xc9][0xcd][0xf2][0xaf][0x84]:\[0x5][0xab][0x19][0xee]|[0xf4]2[0x15][0xd1][0x92]![0xdf]l[0xb3]y[0x1a]d[0xbf])[0x92][0x8b]o[0xe6]ne[0xa3][0x14]%5[0xc7]p[0xae][[0x96]D7[0xef]-)[0x17][0x9b][0xd8][0x87]WC[0x1a][0xae][0x81][0xc]\[0xb][0x3][0xf1]l^-[0x88][0x10][0x9d]c&amp;x[0xa7]A[0x94]-}[0xeb][0x9f][0xe4]V[0x83][0xea]%Lu=[0x9b][0xf4]r[0xe][0xf4]+`[0x10]^[0xc9][0xab]S&quot;TW0[0xa3]Bur[0xd8][0x8b]6[0x19]^d[0xc6][0xac]N[0x94][0x87][0xb7][0xb5][0xc2][0xe6][0xa3][0xda][0xed]&amp;v[0x9a][0x8d]0[0x4]7A[0x1e][0xde][0x6][0x93]p3[0x1b]~[\n]&quot;
2013-02-06 13:51:57,074 AAD-WS DEBUG wire:63 - &gt;&gt; &quot;[0xbb][0x8c][0x11]_[0xff][0xe4][0xdd]l[0xfc]n[0xe][0xef]v[0xbb][0xb9][0x9b][0xfd][0xe][0xfe][0xc8][0x91][0x8f]-1[0xa1][0xa0]G[0x9e][0xd4][0x9b];9[0xfc][0xf8]|g[0x9][0xfb]F~b[0x98][0xc0]][0x12]A[0x89][0x11]~[0xe5]S[0x8f][0xbd]$i[0x92][0xee][0xce]W[0xc2]p[[0x5]N[0x91][\r][0xee][0x91][0x9d][0xe4][0xb3]%[0x4][0xf7][0x9a]X[\n]&quot;
2013-02-06 13:51:57,075 AAD-WS DEBUG wire:63 - &gt;&gt; &quot;G[0xad]1[0xb7][0x11][0xae][0x13][0x1a][0xf7]m[0x84][0xa1]a[0xd4][0xfb][0xe3][0xb7][0xc8][0x95][0xef]k[[0xe0][0x8c],G&quot;[0xd7][0x82][0xcd]G[0x9]&gt;C[0xde]z[0xe2][0xe3][0xf2]b2[0x99][0xcc][0x11][0xca][0x1d][0xf4][0x3]!x0[0x8c][0xfd]P&lt;v[0xb][0xd8][0xc2][0xdb]X[0xc][0x9f][0xfd][0xe3]w[0xbd][0x0][0x8c][0xe]#&lt;,[0x19]([0x83]1[0x1e][0x89] e[0x1b]c[0xbd][0x1e]o[0xd3][0xb][0x2][0x87][0xc5][0xf6]-G[0xe]G[0x8d][0xe5][0x5]&gt;,[0xe0]C[0xec][0xd9][0xbb] [0x7][[0xd9][0xb3][0x1f][0x83][0xe9][0xd8][0x6][0xa7][0xe0][0x13]P[0x89]O[0x82][0x1b][0xf7][0xc0]U[0xb8][0x17]6[0xe1]~[0x8e][0xea][0xa7][0xa1][\r][0x9f][0x81]g[0xf0][0x10][0x1c][0xc2][0x17][0xe1]u|[0x19][0xbe][0xc6][0xc3][0xf0]3[0xbe][0x1][0xff][0xc5][0xb7][0xf8][0x10][0xf3]6[0x1f]R[0xde][0xe1][0x8e][0xe7]C.f[0xbb][0xd9][0xdc][0x9f][0xe1][0xc][0xfc][0x1c][0x97][0xe1][0x17][0xb8][0x92][0xbf][0x9b][0xf0]Kv[0x82]i[0x9c]3[0xc][0x97][0xbb][0x8a][0x8b][0xbd]t[0x18][0x8b][0xb3][\r]5[0x94]Jhfl[0x85]T[0xe][0x8e]&quot;[0xf6][0x81]G7[0xc2]T[0xf1]5[0x9][0xe1]l#[0x82]C[0xb0][0x83][0xbf][0xee][0xbb][0x5][0x86][0xf1]k[0xd9][0xb4][0x84][0x89][0x9c][0x8d][0xd3][0xb3][0xb2]38[0xc0]w[0xb2][0x98][0xec][0x87][0xeb][0xf8]`d[0x19][0xb0][0xe5][0xc8][0xb7]Q[0x19]GH*[0xc7]o8[0xa3]}[0xb][0xfd][0xf1]{[0xc8][0xc5][0x1f]`&lt;[0xfe][0xc8][0xd9][0xec]&apos;8[0x1][0xb9][0x1c][0xf3]{[0x11][0xbb]$[0xe2][0x89][0x9c][0xc7][0xc][0x7][0x1d]m[0x16][0x80][0x3][0xbc][0xcf][0xae]R#rC[0x91]l[0xdf][0x1a][0xf6][0xd6][0xa8][0x93][0xf2]pw[0xee]V[0xc8][0xe7]&lt;l[0x8c][0xd3]nL&gt;~[0xdc][0x80]n[0x13][0x84]&apos;[0xa2][0x95][0x90][0x81][0xda][0xe0][0xc9][0xa5][0xf6]=[0xad][0xb0]wo[0xce]A&gt;[0xd5][0xe8]q[0xb5]O[0x1a][0x94][0x3]0M[0x92][0xd6]~)[0x1d][0xfb]!}#[0xe4]9[0x12][0xc5]eto[0xd6]]F[0x11]_u[0x88][0xab]&gt;%[0x8e]t[0x80][0xbb][0x0]k[0x8e][0x9e][0xe4][0xb9]Y[0x13]=[0xb2][0xaf]&lt;[0xcd][0x9][0xcf][0x91][0xd8][\n]&quot;
2013-02-06 13:51:57,075 AAD-WS DEBUG wire:63 - &gt;&gt; &quot;[0xcf]Du[0xb1][0x98][0xfb]&lt;[0xc0][0xdf]9[0x15][0xfc][0x97]k[0xfe][0x1f][0x90][0xc9]1?[0x86][0x10]&amp;[0x13][0xc1]2J[0x80]ZJ[0x82]U[0x94][0xc]A[0xb2][0xc1][0x1a]J[0x81][0xf3][0xa8][0x7][0xac][0xa7]T[0xb8][0x9a]z[0xc2]F[0xea][0x5][0x9b])[\r][0xb6][0x92][0x1d]vP:[0xec]$[0x7][0xec][0xa5]~[0xf0],[0xf5]g[0xbb][0xce][0xe0][0x9c]o[0xe8][0xe]XwV[0xde][0xeb][0xee][0xb0][0x2][0x9e][0xed],[0xa6][0x8d][0xa5][0x3]qY[0x86][0xb5][0x90][0x88][0xdb]Lw([0xe3][0x12]*I[0xff][0xa0]$q[0x3][0xfa]9[0x9][\n]&quot;
2013-02-06 13:51:57,078 AAD-WS DEBUG wire:63 - &gt;&gt; &quot;K4[0xc8]YO[0xa9][0xe][0x8b]!vb[0xb6] .[0x9b]h[0xf4]EC[0xb2][0xc5][0xf5]w[0xea]:[0xcb]r$[0xe9][0xca][0xd0]U[0xc6][0xa5][0xd0][0x8][0x85][0xc][0xcb][0x96]#[0x1f]`[0xb4][0x97][0x9e][0xcb][0x1d]1[0x90][0x13][0xfa][0xd3]`8[0x8e][0x86][0xc1][0x4][0x1a][0xe][0x93]h$[0x9c]@[0x99]PH[0xa3][0xa0][0x98][0xb2]`[0x5]e[0x83][0x97]r[0xa0][0x81][0xf2][0xa0][0x89][0xc6][0xc0]Yt[0x1c]\B[0xe3][0xe0][0x1a][0x1a][0xf][0x1b]h[0x2][0xdc][0xcc]sw[0xd2]dn[0xe6]fs[0xf5]3[0xbc]|[0x0]+D[0xba]t[0xa9]=[0xd3][0xda][0xb5][0xee]4[0x85][0x15]W[0x1c][0x9][0x8][0xcd]&lt;[0x1b][0x1d][0xc7]-w[0x8a][0xe1][\r][0xcf]o[0x8f][0xf1]~[0xf1][0xc3]l[0x96]v[0x87][0xf9]~[0xc1]|[0x1f][0x8a][0xda]w[0x88]h[0x9e][\n]&quot;
2013-02-06 13:51:57,078 AAD-WS DEBUG wire:77 - &gt;&gt; &quot;[0xc1]B3![0x85]f[0x81]Js[0xa0]/[0x15][0x83][0x93][0xe6][0xb2][0xad]Ob[[0x97]0ws[0xb9]&amp;w[0xe4][0xae]G{[0xee][0xe6][0xf1][0xa8][0x4]K#=[0x91]E7[0xeb][0x17]|[0xe4]z[0xb1][0x94][0xb7]})[0x12][0xf]/[0xc7]Y1&lt;{8[0xae][0xeb][0xc3]|[0x8b]![0xd2]+[0xe2][0xd4][0xe2][0xe0][0x89]{[0x9e][0x84]W[0xa5][0x8f]Mj[0x81]LGbF[0xd2][0xd8][0x3]0@[0xb3][0xe7][0x8b][0xe5][0x14]nf[0xf5][0xd6][0x85][0xdd][0xe1][0xd5][0xf2]uI[0xc8][0xa3]D[0xee]h[0xdf][0xca][0x11]&apos;xM[0xcc]_[0xc1]-[0xae][0xe5][0xe]([0xe7][0xb3][0xfc]X3[0xdd][0x1f][0x80][0x99][0x12]%[0xaf][0x1f][0xe0][0xec][0x11][0x82]7B[0xf0][0xa6][0xc][0xdf][0x92][0xc7][0xdb]\[0xef][0xdf][0xb1]p[0xb3]34_[0x89][0x9][0xd0]w[0xf5][0xee]+[0x4][0xef]E[0x2]s[0xfb]vV[0xc0][0xfd][0xb0][0x9f][0xf]$1UR[0xc1][0x85][\r]h!$[0xd2]&quot;[0xb0][0xd1][0x12][0xd6][0xe8])0[0x91]N[0x85][0xe3][0xe9]4[0x98]A[0xcb]`6[0x9d][0xe][0xf3]h9,[0xa2][0x15][0x1c]I.XI[0x95][0xd0][0xcc][0xe3][0xb][0xa8][0x86]#[0xc8][\r]7[0xd0]J[0xb8][0x8d]V[0xc1][0xfd]T[0xf][0xfb][0xc9][0xb][0xcf][0x90][0xf]&gt;[0xa3][0x6][0xf8][0x9c][0x82][0xbc]C[0x19][0xce]3[0xd5]l7[0x8f][0xba][0xa1]0w[0xef][0x1b][0xca][0xfd]@[0x2][0xe8]C[0xe3][0xfb][0xa3][0xd8][0xb4][0xf3][0xb1][0x98][0xee][0x1e]X/[0xf3][0xa5]9[0xf6]O[0xf4][0x13]Lo[0xfb][0xa7]fs[0xf0][0xd9]&gt;[0xf8][0xbc][0x15][0xbe][0x90][0xbe][0xdc][0xfe]W}m[0x94][0xfd]K[0x3][0x93][0x97][0xfe]&amp;&apos;[0xa3]l[0xb6][0xd2]W[0xf2][0xde][\r]_[0x1b]6[0xfa]{[0xb]L[0xce][0xb1]c[0x92][0xfa]6J[0xea][0xbb]V[0xf8][0x9e];[0xca][0x1c][0xfb][0xf][0xfa]Z&quot;
2013-02-06 13:51:57,079 AAD-WS DEBUG wire:63 - &gt;&gt; &quot;[0xba][0xfd][0xc7][0xb8][0xb5][0x9f][0xb6][0xb7][0x8b][0xa7]f[0x18]Nk[0xd9][0xeb][0xce][0xe4]x:[0xb][0xa6][0xd1][0xd9][0x1c]K[0xe7][0xc0][0xc9]t.T[0xd0]y[0xb0][0x9c][0xce][0xe7][0x8c]s[0x1][0xf8][0xe8]B[0xce]4[0xeb][0xe0]R[0xba][0x8][0xae][0xa2][0x8b]a[0x13]][0xc2]Yf=[0xeb][0xea]R[0xd8]E[0xd2][0xa8][0xcc][0xc7][0x93]M[0x8f][0xfd][0x95]CD[0xaa][0xc6][0x6][0xde][0xf4]g[0xb9][0xb0][0xb9][0x7][0xae]0[0xef]\~[0xd9][\r][0xbf][0xee][0x83][0xec][0x82][0x1a][0x17]9[0xff][0x92]6K[0xb2][0xe2][0xbf]%r~;[0x0][0xe9][0xd2]r[0xfd][0x16][0x82][0xff]l[0x4][0xab][0xdc][0x5][0xfc][0x9e][0x95][0xb3][0xb]~[0xb][0xa7][0xcb][0xff][0x96][0xe5][0x1e][0xe4]j[0xa2][0xcf][0xeb][0xf4][0xfe][0x8][0xc1][0x91][0xed]Y[0xb9]&lt;[0x96] [0xcc]5[0x9b]H[0xdd][0x8d][0xc5][0x1][0xf][0x85]?v[0x84]?^[0x88][0x8a]_[0x6][0xe9],[0xfe][0xf5][0x1c][0x84]7[0xc2][0xb1]t3[0xc][0xa3][0x8d][0x1c][0x80][0xb7]@.m[0xe2][0x94]r[0x1b][0x14][0xd1][0xed][0x9c]R[0xee][0x84]r[0xba][0xb][0x96][0xd0][0xdd]p[0x1a]m[0x85][0x1a][0xba][0x87][0xd5]q/x[0xe8][0x1]N[0xbe][0xf][0xb2][0xeb]&lt;[0x4][0x97][0xd3][0xc3][0xec]:[0xdb]9O,[0xc0]rS[0x5][0x87]X[0x5][\n]&quot;
2013-02-06 13:51:57,079 AAD-WS DEBUG wire:63 - &gt;&gt; &quot;[0xbf]}[0xbc][0xef][0xef][0x7]!&apos;&amp;a[0xe6][0xe6][0x86][0x10][0x8c][\n]&quot;
2013-02-06 13:51:57,080 AAD-WS DEBUG wire:63 - &gt;&gt; &quot;2D8[0xfa][0xb7]|[0xe7][0x84][0x90]{1{[0xf6]6[0x81][0xcf][0xbe][0xc7][0x94]=ZA[0x87]D[\n]&quot;
2013-02-06 13:51:57,080 AAD-WS DEBUG wire:63 - &gt;&gt; &quot;[0xa8]^0D[0x15]F [0xf1]c[[0xb8][0xa0]~[0xd8]!W&gt;[0xe][\n]&quot;
2013-02-06 13:51:57,081 AAD-WS DEBUG wire:63 - &gt;&gt; &quot;[0xb5]AOz[0x2][0xd2][0xe9]Ip[0xd0][0x1e][0x18]H{[0xd9][0xde]O[0xc1]hz[0x9a]m[0xfe][0x1c]W[0x95][0xe7]a*[0xbd][0xcc][0xf1]q[0x18][0xe6][0xd0]+,[0xec]k,[0xe8][0xeb][0xe0][0xa2]7[0xa0][0x9a][0xe7][0xea][0xe9]m[0xfd][0xa2]2|[0x1e][0x98]n^O[0xe]~[0x14]Y][0x3][0x1e][0xc5][0x4]3[0x8][0xd2][0x91][0x19]l[0xce][0x8a][0x1c]j[0xa2]zN[0x95][0x8c]I[0x1f]A[0x12]}[0xcc]![0xf9])[0x17][0xf9][0x85][0x91][0xab][0x90][0x1]:1Nn[0x9];[0x90][0xa2](Fr[0xfb][0x80]U[0xba][0x88]G[0x84][0x8b][0xf9][0xc4]&quot;[0xf7]![0x84][0x85]4[0x3][0x8b][0xc0][0x81][0xef][0xe1][0x7][0xf4][0x18]$[0xff][0x1f]PK[0x7][0x8][0x2][0xb8][0x8b][0x9b]m[0x1c][0x0][0x0][0xc8]:[0x0][0x0]PK[0x3][0x4][0x14][0x0][0x8][0x0][0x8][0x0][0xd4]|D5[0x0][0x0][0x0][0x0][0x0][0x0][0x0][0x0][0x0][0x0][0x0][0x0]G[0x0][0x0][0x0]javax/help/plaf/basic/BasicSearchNavigatorUI$SearchActionListener.class[0x95]V[S[0x14]G[0x14][0xfe]Z[0x91][0x81][0xa1][0x15]][0xc5]h[0x8c]a[0xbd][0xc5][0x15][0xd1][0x15]4[0x89][0x8a][0x9a] b[0xc4][0x0]^[0x16]5j[0x8c][0xe][0xb3][\r][0xc][0xc][0xb3][0xcb][0xcc][0xec][0x82][0xb7][0x98][0x9b][0xb9][0x98][0xfb]=[0xe6]~[0xab][0xca]K^[0xac][0xd2][0x91]2Uy[0xb5]*[0xaf]y[0xca][0x1f][0xc8]s~A*[0xe7][0xcc][0xac][0xbb][0x8b]l[0xb0][0xd8][0xaa][0xed]&gt;[0xe7];[0xa7][0xbf]&gt;}[0xfa]tO[0xff][0xf1][0xef][0x9d][0xdf][0x1]l[0xc6][0xcf]:[0x9a][0xb1][0xa3][0x16][0x1b][0xb1][0xb3][0x16]m[0xd8][0xa5]c7[0xf6][0xe8]$=[0xc5][0xea][0xd3]:[0xda][0xb1][0x97][0xd5][0xe]n[0xf6]1[0xd6][0xa9]c[0x84]=[0xc3][0xcd][0x1][0x1d]]8[0xc8][0xd2][0xb3][0xec][0xdc][0xcd][0xd6]n[0xf6][0xeb][0xa9]A/[0xc3][0x87][0x98][0xf2][0xb0][0x8e]#8[0xca]pJG[0x1f][0x8e]i8[0xae]c9v[0xd4][0xe0][0x4][0xf7][0xcf][0xf1][0xd0][0x93],[0x9d]b[0xf3]in[0x9e]/`[0xbb]q[0x86][0xd5][0x17]4[0x9c]-M[0xa0]c-[0xce][0xb1][0xcd][0xd0][0xd1][0xf]3[0x94]4[0xa4]5[0xc]j[0x18][0x12][0xa8][0xf6][0x87],o[0xed][0x16][0x81][0xcd][0xdd][0xc3]F[0xde][0x98]H[0xe]);[0x9b][0xcc][0xda][0xc6]@[0xb2][0xdf][0xf0],3[0xb9][0x97][0xdb][0x94]2\s[0xa8][0xd7][0xc8][[0x83][0x86][0x9f]q[0x8f]u[0xb5][0x9][0xd4][0xa6][0xce];[0xfe][0x90][0xf2]-[0x93]XvY[0x8e][0xe5][0xef][0x11]hI[0xcc][0x8e]f[0xc3]q[0x81][0xaa][0x8e]LZ[0x9][0xd4]w[[0x8e][0xea][0xcd][0x8d][0xf6]+[0xb7][0xcf][0xe8][0xb7][0x19]1L[0xdf][0xca]8[0x87][0x95];[0x90]qGUZ[0xa0]1[0xa2]O[0x1a][0xe3]~R[0xe5][0x95][0xe3]&apos;[0xdb]C[0x97]N[0x96]C2=[0x95][0xc9][0xb9][0xa6][0xda]o1[0xc1][0x8a][0xca][0xb3]nf[0xe][0x89][0x16]X[0x92][0xf6]5[0xa9]aXb[0x4][0xb6][0x86]Q[0x9][0x7][0x19][0x89],[0xc6]$\x[0x1a]|[0x89][0x1c][0xf2][0x12][0xe3][0x98][0x90]8[0xcf][0xf0][0x5]\[0xd4]pI[0xe2]2#/bL[0xc3][0x15][0x89][0x97][0xf0][0xb2][0xc4]+[0x8c][0xbc][0x8a][0xd7]$[0xae][0xe2]u[0x81][0x18][0xa7][0xc0][0xb][0xe7][0x8e][^[0xdc][0xc9][0xd9][0xb6][0xc4][0x1b]xS[0xe2]-\[0xd3][0xf0][0xb6][0xc4];xW[0xe2]=[0xbc][0xaf][0xe1][0x3][0x89][0xf][0xf1][0x91][0xc0][0xd2]pu[0xb6][0xe1][0xc]&amp;S[0xbe]k9[0x83]{s[0x3][0x3][0xca][0x15]Xb[0xda][0x96]9[0x12][0xcf]8[0xf1][0x2][0xe3]xrg\[0xe2]c|&quot;[0xf1])&gt;[0x93][0xf8][0x9c][0x9b]/p][0xe2]K^[0xd6]W[0xf8]Z[0xe2][0x1b]|+[0xb0][0xb8]D[0xd9]9a[0xaa],[0xa7]K[0xe2];v[0xfa][0x1e]?h[0xf8]Q[0xe2]&apos;X[0x2][0xed][0xb3][0xd9][0xb7][0xb5][0x11][0x12]%[0xbf][0xdb][0xf2]|[0xe5][0x84]QV[0x86]e[0x97]C}[0x87]mx[0x9e][0xf2][0x4][0x16][0x96]&quot;:[0xd4]?[0xac]L_`e[0xc5]]-1[0xcc]M[0xf0][0xde]6[0xcf]&amp;D*[0xd0](U[0x8e][0x91][0x17]XU^[0x96][0x7][0xf]P{[0xdf][0x0]*[0xe8][0xc6][0x7][0xb8][0x8][0xd4][0xc]*[0xbf][0x87][0x8a][0xd5][0x16]X[0x96][0xd8]PN[0xc9][0xee][0xa1][0x85]xt[0xc3]4[0x95]G[0x87]j[0xb][0x1d][0xab][0xf6][0xd9][0x1e][0x88]R[0x81]w[0xe4]\/[0xc]LF[0xb][0xc9][0x1a][0xae]1J[0xf9][V`[0xf4][0xc6][0xa9]@[0x92][0x7][0xfb][0xd4][0x84][0xbf][0xdf]Rv[0xba][0xad]P?[0xd3]-[0x94][0xb][0x8a]&lt;[0xe2][0xa3][0x8a]HT[0x9a][0xa4][0x14]u[0xab][0xc0][0xd1]YF=[0x8d]o[0xa6][0x19]Z8/U[0xbe][0xab][0xe8][0x84].[0xbe]o-[0x4][0x92][0xe7][0xa2]i`[0xf9][0xe8][0xd6][0x92][0xd2][0xca]T[0xf5][0xf7]ME[0xac][0xb4][0xda][0xc3][0xae]J[0xab][0x1][0xba]R[0xd2][0xf7][0xd0]%[0x89][0xae][0x99][0xc2]jeb[0xaa][0x19][0xbf][0xe4]?}Y|[0xc3][0x94][0xce][0xb5]@[0xbc]&lt;O[0x11][0x98][0x8c][0xd2][0xd3][0xe9][0xc][0xd2][0xe4]e[0xfc][9[0xd6][0x86][0x2]g[0xd9][0x11][0xf]I[0xeb])[0xe2][0xf2]q[0x2][0xab][0xa7][0x16]Xe[0xee]Gg[0xf6][0x10][0xa8]3]e[0xf8][0xea]HN[0xb9][0xe7][0xe9][0x14][0xcc][0xc0][0x19][0xba][0x10]e][0x84][0x8e]E#[0x1a][0x1f][0xe8][0xbf]rF[0x7][0xda]K#[0x9d][0x8e][0x80][0xd2]q^[0x97][0xf8]_[0xda]{NaV[0xaa][0x8d]lV9T[0xbe][0xcd][0x95][0xd2]6[\r][0x8a].K[0x8a]I[0xa3]lr[0xf1][0xf3][0x1e]Nw#[0x87][0x1a]?[0x13][0xc9]$Z[0x1e][0xdf]6y[0x15][0xde]2[0xa7][0xa8]2=?[0x93][0x8d]NLw[0xc6]4[0xf8];Rd[0xc9][0xf9][0x96][0x9d][0x8c]Pb[0x99][0xe7][0xf9][0x86]K[0x93][0xac][0xaf][0x10][0xdd]t[0xff]p[0x9b][0xb3]d[0xf4]S[0xbe]a[0x8e][0xf4][0xb9][0x86][0xc9]e[0xcd][0xa1]f2[0xf6][0x88]U[0x1e]-[0x97]\[0x1]m[0xbb]wa[0x96]a[0x14]d[0xbf]RY[0xc4][0xe9]1[0xd2][0xc][0x81]M[0xf4][0x8f][0xf1][0xa7][0x8c][0xfa]-[0xe0][0xdf][0x1c][0xfa][0xb7][0xa0][0x95][0xf4][0xad]$[0xad]&amp;[0x9d][0x11][0xbd][0xe9]6D[0xd3][0xc6][[0x98]s[0x83]4[0x81]m[0xd4]VS[0xf][0x9c][0xc6]*&lt;[0x8e]&apos;&quot;[0xf1]&apos;[0xe6][0xa2][0x8a][0xfa]T[0xd3]M[0xcc][0xb9][0x89][0xb9][0x1][0xaa]zX[0x9c][0xc4][0xbc][0xbb]h`)2T[0x7][0xd0]&amp;Qs&quot;[0xb2][0xd5]N[0xb1][0xe9][0x1][0xea]&amp;![0xb][0xb6][0xf9]wQ[0xcf]R[0xf5]$[0x16]L[0xa2][0xfe]Da|[0xc1][0x18]`aaP[0x11]X[0x14][0x1][0xb1][0xbb][0xd8][0x1e][&lt;[0x89]%%b[0x8a][0xa6][0xe1][0x16]b% [0x16]`[0xe9]-&lt;[0x14])a[0x17]`[0xd9]oX~[0xf2]6[0x1e][0x8e][0xad][0x8][0xf0]H1[0xd8][0x95][0xa4][0x4]x[0xb4]@G[0xce][0x1][0x1a][0xaf]c~Q[0x89][0x97]q[0x84][0x3]V[0x15][0xa7]\[0x1d]`[0xcd]/[0xd8][0xd7];%[0xf0]y[0x1][0xd6]M[0x9][0xbc]6[0xc0]c[0x9b][0x2][0xac]/[0xe]K[0x4][0xd8]PT[0x9a]H[0xb9]A)[0xae][0x13][0xb][0xc4]&quot;z[0x96]E[0x1b]0@o9[0xe0][0xc][0xea]p[0x16][\r]8[0x87][0xf5][0xf4]Lk[0x81][0x89][0xe]([0xf4][0x90][0xf5]$[0x86]0[0xc][0xb][0x17][0xe9][0x8d]r[0x15]6[0xae]a[0x94]&gt;[0xef][0xe]~E[0x6]w0[0x86][0xbf][0xe8][0xa5][0xf2]7&lt;[0xfc][0x83][0x9c]X[0x80]&lt;1[0x8f][0x8b]5[0x98][0x10][0xdb]pAl[0xc7]%[0xd1][0x89][0xcb][0xe2]([0xae]P[0x1]&lt;[0x19][0x16][0xc6]v[0xe2][0xa4]R[0xa0][0xd9]7[0xd2]#S[0x1][0xff][0x1]PK[0x7][0x8][0x8b]X2[0x81][0xb][0x5][0x0][0x0][0xe2][\n]&quot;
2013-02-06 13:51:57,081 AAD-WS DEBUG wire:63 - &gt;&gt; &quot;[0x0][0x0]PK[0x3][0x4][0x14][0x0][0x8][0x0][0x8][0x0][0xd4]|D5[0x0][0x0][0x0][0x0][0x0][0x0][0x0][0x0][0x0][0x0][0x0][0x0]C[0x0][0x0][0x0]javax/help/plaf/basic/BasicSearchNavigatorUI$SearchItemsFound.class[0x9d]V[0xff]w[0x14][0xd5][0x15][0xff][0xbc][0x97][0x90][0xd9][0x9d][0xbc][0xf0]%[0x10][0xea]*[0x81][0xa5]R[0xb3][0x84][0xc8][0xa6]*h[0x17][0x15]%_$t[0x13](![0xb4]h[0xab][0x9d][0xec][0xbe]M[0x6]wg[0xb7]3[0xb3][0x1]Z[k[0xed]W[0xa5][0xad][0x8a][0xda][0x12][0xbf] V[0x8d]UQ@[0x98][0x0]Q[0x1b]m[0xcb][0xf][0xfd][0x1b]zN[0xcf][0xe9]9[0xfd][0xa1][0xa7][0xe7][0xf4][0xf]h[0xcf]i{[0xef]L[0x12][0xf2][0x8d]Z:?[0xdc][0x99]w[0xdf][0xbd][0xf7]}[0xde][0xbd][0x9f]w[0xdf][0xfc][0xe1]_[0x97]&gt;[0x2][0xb0][0x19][0x97]M[0xdc][0x81][0xfb][0xe2][0xb8][0x1d];Y[0xf4][0x18][0xd8]e[0xa2][0x96]5_D[0xd6]D[0x1c][0xbd][0xf5][0xe8][0xc3]n[0x3]{X[0xfd]%[0x1e][0xec][0x8d][0xa1][0xdf][0xa4][0xe9]}l3`b?[0xbe]\[0x8f][0xaf][0xe0][0x80][0x81][0xfb]M[0xac][0xc0]}1&lt;[0xc0][0xef][0xaf][0x9a][0xf8][0x1a][0x1e][0xe4][0xaf][0x7][0xf9][0xeb]![0x13]_[0x87]e`0[0x86][0x1c]+[0xf3][0x6][0xb4][0x89][0x4][\n]&quot;
2013-02-06 13:51:57,082 AAD-WS DEBUG wire:63 - &gt;&gt; &quot;,[0x86]L[0xac][0xc1][0xb0][0x1];[0x8e][0x83]x8[0x86]b[0xc]%[0x13][0xe][0xca][0xbc]h[0x85]a|[0xc3][0x80]k[0xa2][0x5][0x1e][[0xfa][0x6][0xaa][0xec]6[0xc2][0xe2][0x10][0x8b][0xc3]&amp;Zq[0x84][\r][0xbe][0xc9][0xe2][[0xec][0xf2][0x8][0x83][0xfc]6[0x83][0xfc][0x8e][0x89]G[0xf1]][0x3][0x8f][0x99][0xd8][0x82][0xef][0x19]x[0xdc][0xc0][0xf][\r][0xfc]H@h[0x81]u[0xd9][0x83][0xd6][0x88]u8=[0xac][0x8b][0x95][0xb4][0xa7]-77[0x9c][0xee][0xf]_]#[0xda][0xf1][0xb7][0x9][0xd4][0xf9][0xc3][0xb6][0xb7][0xa1]]`[0xf3]l[0xd3]J[0xd1]*[0xa4][0x7]-[0xcf][0xce][0xa5]w[0xb0][0x8c]|[0xfa][0xac][0x11]{[0xc8][0xf2][0xcb][0xee]@[0xf]y[0xc6][0xfb][0x8f]8[0xfe][0xb0][0xf6][0xed][0x1c]E[0xb9][0xd3]vl[0xff]n[0x81]=[0xa9]k[0xb][0xf3])[0xf8]6[0xee][0x17][0xa8][0xed]([0xe7]i+[0xcb][0xb2][0xb6][0xa3][0xfb][0xaa][0xa5]A[0xed][0xee][0xb3][0x6][0x8b][0xa4][0xa9]q[0xab][0xe][0xc9][0x14][0x1b][0x99][0xfd][0xe5][0xaa][0x9b][0xd3][0xdd]6O[0xdc][0xb0][0xf8]b[0x9b]y-[0x85][0xed][0xe8]T[0xb8][0x13]w)d@[0xdb]X[0xce][0xda]t[0xd5][0xb7][0x8b][0xe9][0xfd]:G[0x86][0x6]~[0xac][0xf0][0x13]&lt;[0xa1][0xf0]$[0x8e][0x1a][0xf8][0xa9][0xc2][0xcf][0xf0]s[0x81][0x96][0x8][0xa9]w[0xc8]v[0x86][0xd2][0xbe][0xab]u[0xba]S[0x17][0xac]j[0xd1][0xef][0xad][0xfa][0x8c]g[0x1f][0xa9][0xfa][0x8][0xa9][0xc2]SxZ[0xe1][0x19][0x1c][0x13][0xa8][0xb7]}][0xf2][0x92][0x85]r[0xd5][0xc9]+&lt;[0x8b][0xe7][0x14][0x9e][0xc7]/[0xc][0xfc]R[0xe1]8F[\r][0xbc][0xa0][0xf0]&quot;^[0x12]X[0x1d]b(Z[0x14][0xb9][0xdf]wi[0x81][0x1d][0xd5]BA[0xbb][0xb4][0xb9]a/[0xa3][0xf0]2N[0x18]xE[0xe1]$^U[0xf8][0x15]^3[0xf0][0xba][0xc2][0x1b]8*[0xb0][0xe6]j[0xe9][0xeb][0xa1][0x85][0x5]b[0xc9]$#[0xc8]$9[0xc6][0x98][0x80][\n]&quot;
2013-02-06 13:51:57,084 AAD-WS DEBUG wire:63 - &gt;&gt; &quot;[0xd7]q[0xb4][0x9f][0x1e][0xd8][0x9b]Ux[0x13][0xbf]Vx[0x8b][0x83]n[0xc7][0xdb][0x2]kgf{[0xad]b[0xa1][0xec][0x96]t[0x9e][0xcc][0xba][0xe][0xe7]t[0xc5][0xb7][0xcb][0x8e][0x81]w[0x14]N[0xe1]][0x81][0xeb][0xbb]-[0xca]s&gt;[0xe9][0x97][0x93]9W[[0xbe]N[0x92]][0xb2][0xe0][0x96]KI[0xa2][0xdd]#[0x6][0xde]S8[0xcd][0x9b]=[0x83][0xa3][\n]&quot;
2013-02-06 13:51:57,084 AAD-WS DEBUG wire:77 - &gt;&gt; &quot;g9{[0xd7][0xcd][0x2][0x1a]![0xdc][0xb7][0xbb][0x83]A*[0xbc][0xcf]([0xce][0xe1][0xbc][0xc0][0xaa][0x5]F;m_![0xc0][0xb8][0xc2][0x5]\T[0xb8][0xc4]b;&amp;[0x14]&gt;[0xc0][0x87][0xfc][0xf5][0x11][0xb][0xca][0xf6]o0[0xa9][0xf0]1&gt;1[0xf0][N[0xed][0xef][0x4][0xd6]_[0xad]\\[0xa7]^[0xaa]SQ[0xe1][0xf7][0xe8][0x14][0xb8][0xeb]Z[0xf8][0xba][0xe1]Jv[0xbd]n[0xae]*[0xf1]g[0xa1]J[0xf5]8[0x8e]v;[0x8a][0x96][0xe7]io[0x9a]aauw[0xf][0x1e]$[0x8e][0x9]4^Q[0xed][0xad]:N[0xc4][0xe7][0xb6]kA&quot;`[0xf8][0xe5]J_x46f[0xff]Gn[0x12][0xdd]c[0xb9]a[0xbb][0x98]w5[0x9d][0x9c]D*r[0x8c][0xc8][0xdf][0xe5]TK[0xda][0xb5][0xb8][0xd2]d[0xd6][0xb4][0xe8][0x4]1[0xda][0xd1][0x87][0xfd][0xae][0xa2].[0xd1][0xe9][0xa4][0x82]MG[0x98][0xb5]9r6[0xad]|~[0xc6][0xa6])[0xb5][0xd0][0x84]O[0xec][0xb2]a[0xcb][0xeb]-[0xbb]z[0xca][0xd0][0xb]O[0xf2][0xfd][0xec][0x9c][0xcb]i[0xcf][0xdb]pk{[0xfb]&lt;[0xe7][0xe8]h[0x84][0xce][0xf1][0x88][0xec][0x8e]5B[0x95][0x9e][0xdd]Cv[0xed]$9/Y[0x84]h[0xdd][0xa7][0x98]P^[0x86][0xb4][0x1f][0xd2][0x82][0xb8][0x9a][0xda]8;$[0x9b][0x87]3[0xdb][0xe6]2tFO[0x98][0xc9]9[0x8a]J[0x1b]^[0xbd][0xd0][0x9d][0xf4][0xdc]j[0xad]JE3?[0xda][0x16][0xdb][0xd5][0x2]U[0xd4][0x3][0xb6]M[0x91]en4[0xc2][0xeb][0x97]#[0xb3][0xf9]U[0x98][0x8a]&apos;[0xb0][0x94]@u[0x94]K[0x83][0xd4]6[0xf3][0xbd]V[0x85][0xe2][0xcc][0x5]F:[0xb2]j[0xfe][0xaf][\r]8[0x8a]2[0x8b][0xe1][0xf3][0xc0]O[0xd7][0xf3][0xea][0xe0][\r][0xf2]&apos;[0x6][0x13]K[0x97]O[0xc3][0x9c][0xea]?4YO[0x93][0xdc][0xb2][0x1d][0xab]D[0x6]7[0xa6][0xe6][0xce]/^[0xfa]Y[0xa7][0xa9][0xff][0x88][0x17][0xb6][0xb9][0x1a][0xed]R[0x5][0x9b]&quot;{[0xbb][0x9c][0xde]C[0xc6]&gt;[0xb9]h[0xab]D[0x8b][0xac]\DM[0xb8]*&lt;*[0x12][0xa5]cz[0x86][0x81][\r][0x84]g[0xc0][0xd3][0xee][0xf4]1[0xad][0xe3][0xf1][0xde],[0xd9]x[0x84]0[0xba]\V[0xcc]C[0xc9][0x9c]m[0x8]S[0xed][0x14][0xec][0xbc]vr:drgD[0xa9][0x1d]z[0xc8][0x8e].[0xa9][0x9e](\[0x17][0x13][0xa0].[0xd5][0xd9][0xd3][0xc3][0x9b]QtRf:[0x1d][0x9f][0xc8][0xec]b-0[0xdc][0xf7][0xfa][0xd4]U[0xef]J[0xae]Lh3}vn[0xe3][0xb3][0xd3][0xf1][0xff]\[0xc5][0xb3]/[0xc2][0xe8][0xf6][0xe5]vBI[0x9c][0xd3]bvqC[0xa1][0xd4][0xae]X[0xa0][0xa4][$[0xb5]H;[0x9a]i[0xba]|[0xc]\],[y$[0xe9][0x97][0xec][0xe][0x8]|[0x1][0x92][0xfe][0xd6][0xe8].&amp;[0xd9][0xc8][0x17]3[0xe9][0xee][0x6]?[0xac][0xdf][0x8e]{h|/}[0xa5]i\C[0xef]e[0xad][0xe3][0x10][0xad][0x9b][0xce]C[0xb6][0xb6][0x9d]G[0xcd][0x19]R[0x9][0xec] [0xb9][0x94][0xa7][0xe5][0x13][0x88][0xcb]&apos;[0xb1]T[0x1e]%m[0x7]:#g[0xd9][0x7][0x83][0xe6]![0x9e][0x99]@[0xed][0x81]q,[0xe9]m=[0x7]y[0xe]u[0x1][0x8c][0xbe]1[0xac][0xba][0xf9]&quot;b[0x2][0x93][0x88]gj[0xdb][0x12][0xb5][0x1]LR[0xd4][0xb][0x8c][0xfe][0xfb][0xaf][0x8d][0xea][0x2][0x1a]&quot;[0xe3][0xa5][0x1][0x96]ej[0x13][0xb5][0x17][0xb1]\ [0xb3]d[0x2]+(Rc[0xe3][0xca][0x0][0xab][0x12]K[0x2]4[0xd1];[0xc0]j2[0xe7][0xd1]g2u[0xe4]U[0x13][0xe0][0xba][0x8c]1[0x86]&amp;[0x8c][0xa9][0x15][0x12][0x99][0xd8][0xb4][0xe3][0xf5][0xec][0x18][0xb]pC[0xe4]5[0x81]5[0x7]x[0xd8][0xcc]b[0xed]8[0xd6]e[0xe2]c[0xb8]%c[0x9e][0xc5][0xfa]i[0x8f][0xcf]Ny4[0x93]S[0xe3][0x8d]S[0x83][0xb5][0xd1][0xba][0x1]6[0x8c][0xe1]X[0xcd]VSd[0xea][0xdb][0x2]|.[0xa3][0xc6][0xf0]@B[0xcd]l[0xac]&gt;Q[0x1f][0xe0][0xa6]I[0xb4]d7[0x5]He[0x1a][0x12][\r][0x97][0xb1]-[0x11][0xbf][0x8c][0xad][0x89]x[0xa2]![0xc0][0xc6][0xe3]h[0xbb]b2[0x81][0xd6][0x10][0xcc]&amp;[0x16]m,n[0x1e][0xc7][0xe6][0x0][0xe9][0xda][0xad][0xe6][0x18][0xed]PM[0xe5][0xe7]d[0x93]9[0x8a][0xe6][0x9][0xb4][0x90][0xf5]8[0xda][0xb3][0x13][0x88][0x1f][0xd8]4[0x8e][0xcf][0x13][0x6][0xe]f[0xf2][0xbe]CC[0xc1]9l[0xbb][0x80][[0xa2]\[0xde][0x1a][0xe0][0xb6]Il[0x9][0xb0][0xf5][0xc]Uh[0x94][0xfe]+N[0x13]![0xa2]:[0xbe][0x8a][0x14]U[0xec])[0xc4][0xe4]1[0xac][0x94][0xcf]b[0xb5]|[0xe][0xeb][0xe5][0xf3]h[0xa1][0xef]vy[0x1c][[0xe4]([0xee][0x95]/`[0x97]|[0x11]y[0xf9][0x12][0x1e][0x96]/[0xc3][0x97]&apos;pH[0xbe][0x82][0xc7][0xe5]I[0x8c][0xca][0xd7]pJ[0xbe][0x8e][0xd3][0xf2][\r][0xfc]Q[0xbe][0x89]?[0xc9][0xb7][0xf0]g[0xf9]6[0xfe]&quot;[0xdf][0xc1][0xdf][0xe4])[0xfc]][0xbe][0x8b][0xc8][0xf7]D[0x8d]&lt;-[0xe2][0xf2][0x8c]h[0x96]g[0xc5]M[0xf2]}q[0x8f][0xc]D[0x87][0x1c][0x17][0xdd][0xf2][0x94][0xd8]#/[0x89][0x1]9![0x1e][0x92][0x1f][0x8][~([0xca][0xf2][0x84]8&quot;&apos;[0xc5]c[0xf2]c[0xf1][0xb4][0xfc][0x84][0xa8][0xd8][0x15][0x12][0xb4][0x1b]?[0xa0][0xb7]I[0xc8]o[0xa7][0xf1][0xef][0x3][0xff][0x1]PK[0x7][0x8][0x16][0xa5][0xea][0x94][0xb0][0x6][0x0][0x0]}[0xc][0x0][0x0]PK[0x3][0x4][0x14][0x0][0x8][0x0][0x8][0x0][0xd4]|D5[0x0][0x0][0x0][0x0][0x0][0x0][0x0][0x0][0x0][0x0][0x0][0x0]4[0x0][0x0][0x0]javax/help/plaf/basic/BasicSearchNavigatorUI$1.class[0x95]SkO[0x13]A[0x14]=[0xb3]`[0x97][0x96][0xe5][0xed][0x3]EyV)[0xad]vA[0xc5][0x17][0xc8]C[0x8c][0x9][0xa6][0xd4][0xc4][0xa2][0xdf][0xa7][0xed]@[0x87][0xc][0xbb][0xcd]vZ[0xf5]g[0x99] F?[0x18]?*[0xbe][0xfe][0x91][0xf1][0xde][0xf2][0xd2][0x80][0x9]l2w[0xe6][0xde]9{[0xcf]=wfv~[0xfc][0x4] [0x8b][0xc5][0x4]:1[0x10]G[0x7].[0xc7]q[0x5][0x83][0x9][0xc]a[0xb8][0x1d]#[0x18]ew,[0x81]$[0xae]r[0xec][0x9a][0x8b][0xf1][0x4][0xe2]H[0xb1]3[0xc1]&amp;[0xed]&quot;[0xe3]&quot;[0xeb][0xc2][0x17][0x88][0xd9][0x8a][0xae]%&apos;[0x5][0xb2][0xb9][\r][0xd9][0x90][0xaf][0xfd][0x8a]2U[0xbf]j[0xe4][0x9a]_[0x94]5][0xf2][0x1f][0xb1]-([0x19][0x95]*y[0xd9][0xd0][0xeb][0xd2][0x86][0xd1][0x8b][0xe5][0x19][0x81]x[0xe1]M`+[0xca][0xea][0x12]e[0x99][0xd5][0x81][0xb6]s[0x2]S[0xa9][0xd3][0xa5][0x99]x)[0xd0][0xba][0x14][0x96][0x95]@WN[0x7]*_[0xdf],[0xaa]hU[0x16][\r]EZ[0xa2]z@6[0xc5][0xa0]D![0xac]G%[0xf5]D[0xf3][0xc6][0xc0][0xf1][0xd9][0xb2]L[0xed][0xa1][0xf][0xfd][0x1e][0xba][0xd1][0xe3]b[0xd2][0xc3][0x14]n[0xba][0xb8][0xe5][0xe1]6[0xa6]][0xdc][0xf1]p[0x97]7[0xef][0xe1][0xbe][0x8b][0x7][0x1e]f[0xd8][0x99][0xc5]C[0x81][0x91][0xdd][0xaa]k[0xaf]t[0xb0][0xee][0xdb]H)[0xff][0xb1]Z[0x93]ucWi[0xbd]B[0xf5][0x19][0xf]s[0x8c][0x9e]g[0xb3][0x80]~j[0xd8]i[0x84]&amp;[0xa7][0x4] [0xe0]-[0x7][0x81][0x8a][0x96][0x8c][0xac][0xd5]TM&quot;
2013-02-06 13:51:57,085 AAD-WS DEBUG wire:63 - &gt;&gt; &quot;[0xa0][0x9b]S[0xf8]F[0x12][0xe7][0xb3][0xe2][0x86]*Y[0x81][0xde][0xc3][0xd0][0xf3]z[0x10][0xec]6[0xe2][0xfa]i[0xa8][0xa8][0xa1],@[0xa0]/[0xf7][0xb7][0xa8][0xa7][0xac][0x84][0x8e][0xad][0xe7]H[0x90]b[0xeb][0xca][0x16][0x94][0xa1][0x2]t[0x18]4[0xd5][\n]&quot;
2013-02-06 13:51:57,086 AAD-WS DEBUG wire:63 - &gt;&gt; &quot;[0x8c][0xa7]&amp;rG[0x9a][0xc2][0xf0][0x81][0x94]q[0xec][0x4]0[0x81][0xce][0x92][0xa1]J[0xf][0xa2][0x2][0xae][\r][0xab][0xf9][0xe6][0xc9][0x1f]C[0xb4][0xd7][0xfd][0x95][0xba][0xe5][0xe]p&gt;[0x86][0x12][0xd9][0xf8][0x9][0xa1]$*R[0x9b]aC-[0x1a][0xb3]T[0xd1][0xa6][0x1c])[0xe2]l#[0xa1]{[0xf5][0xc][0xfe]O[0xdf][0xbe][0xac]X[0xa4]L([0xcb]t[0xf5]t[0xd0][0x90]F[0x97][0xa5][0xa5][0xac]n[0xa4][0xaa]R[0x7][0x16][0xc3][0xf4][0xf0]:[0xe9]H[0xbb]h[0xf4][0xf2]uk[0xce][0xfc]94[0xfa]p[0x96][0xfc]s[0xb4][0x1a]%[0x9f]#[0x89][0xf4]{[0x88]t[0xe6][0x1d][0x9c][0xb7][0xe0][0xab]p[0x9e]l[0x8c]f8_[0xc8]^@[0xff][0x1e][0xbe]J3[0xe3][0x17][0xd2][p[0xb6][0xd0][0xb2][0x8d][0xd6]\[0xe6][0x3][0xce][0x8][0xec][0x6]b[0xdb]p[0xf][0xb6][0xda]&gt;#[0xbe]M[0xa9][0xf7][0xfd][0xf6][0x83][0x95]w[0xc8]2[0x8][0x97]X[0xbe][0xa2][0xdd][0xd9]A[0x8f][0xf3][\r][0x3][0xce]wd[0x9c][0x1f][0x98]v~b[0xde][0xf9]El[0x17][0x9b]U_[0xc2][\r][0xae][0x93][0xfe][0xea]h[0xea][0xc0][0x1f]PK[0x7][0x8][0x9]uA[0x93]M[0x2][0x0][0x0]k[0x4][0x0][0x0]PK[0x3][0x4][0x14][0x0][0x8][0x0][0x8][0x0][0xd4]|D5[0x0][0x0][0x0][0x0][0x0][0x0][0x0][0x0][0x0][0x0][0x0][0x0]4[0x0][0x0][0x0]javax/help/plaf/basic/BasicSearchNavigatorUI$2.class[0x95]T[S[0x14]G[0x14][0xfe]z [0x8c];[0xdb]*[0xa0]&quot;F[0xf1][0x2][0xa8][0xcb][0x82];[0xb]!7!$q[0x95][0x0]Y[0x16]u[0xd7]+^[0xd2];4[0xec][0x90]qvkf[0x16][0xf5]![0xf9])y[0xcd]s[0xaa]t[0x8d]Ze[0xf9]d[0xaa][0xf2][0xae][0xa6][0x12][0x1f],[0xcd][0xef]H[0xe5][0xf4][0xcc]&quot;+[0xac][0x89]L[0xd5][0x9c][0xee]&gt;}.[0xdf][0xb9][0xf4][0xf9][0xfd][0x9f][0x7][0x8f][0x0][0xa4]P2[0xd0][0x8d][0xc3]1[0xec][0xc6][0x91][0x18][0x8e]&quot;a`[0x0]I[0xb5][0x1b]Td[0xc8]@[0xc][0xc7][0x14]I[0xe9]0[0xe3]HcX[0xc7][0x88]:d [0x8e]Q[0xc5][0xf9]X[0x9]~b[0xe0]S|f[0xe0]s[0x1c]W[0xc7]1[0x83][0xc8][0xb8][0x81]/0[0xa1]v_*[0xab][0x13]:[0xbe][0xd2][0x91][0xd1]q[0x92][0xa1]-([0xd9]~[0x9a]![0x95]][0x16]+[0xe2][0x96]Y[0x92]N[0xc5][0xac]8b[0xd1],[\n]&quot;
2013-02-06 13:51:57,086 AAD-WS DEBUG wire:63 - &gt;&gt; &quot;[0xdf][0xb6][0xcc][0x13][0x8a][0xe6][0xa5][0xf0][0xac]RN[0xac][0xd8]K&quot;({[0xe7][0xa6][0xc7][0x18]b[0xf9][0xdb]nP[0x92][0x81]m[0x91][0x95]q[0xdb][0xb5][0x83][0x9][0x86][0xe1][0xc4][0xe6][0xcc][0xc][0x9c]gh[0xcd][0x94][0x17]$[0xc3][0xf6][0xac][0xed][0xca]\[0xf5]FQz[0x5]Qt[0x88][0xd3][0xe2]U][0xa2][0x9]%d[0xe4][0xcb]U[0xcf][0x92][0x93][0xb6][0xba][0xd8][0xdb][0xdc]ZJ[0xb9][0xe6][0xe8]A/[0xc7][0x87][0xd8][0xab][0xe3][0x14][0xc7]$[0xbe][0xd1]1[0xc5]1[0x8d][0x19][0x8e]o[0x91][0xe5][0x98]U$[0x87]9[0x8e][0xd3]8[0xc3]p4[0xc2][0xeb][0xdf][0xb4][0xdd]%3[0xf0][0xa4]4O[0xca]EQu[0x82][0xd9]j[0xa0]`[0x14][0x88][0x95]#[0x80]:[0xce]r[0xe4][0xd1][0xcb][0xb0]g[0x83][0x86][0x92]9-[0x82][0x12]G[0x1][0xe7][0x14][0x80][0xf3][0x1c][0x17]p[0x91][0xe3][0x12].[0xeb][0x98][0xe7][0xb8][0x82][0xab]:[0xae]q\W[0xd0][0xbe][0x3][0x81],[0xc2][0xd2][0xb1][0xc0]![0xb1][0xc8][0xb1][0x4][0xca]aj3[0x89][0xeb][0x1f]a[0x0][0x3][0x9f]v][0xe9]e[0x1c][0xe1][0xfb][0xd2]ghW&amp;LG[0x10][0xae][0xb9][0xe2][0xb2][0xb4][0x2][0x86][0xce]5[0xd6][0xd9][0xaa][0xeb]F[0x89][0x1d][0xda][0x8c]+*[0x90][\n]&quot;
2013-02-06 13:51:57,087 AAD-WS DEBUG wire:63 - &gt;&gt; &quot;[0x92]aG[0xb6]1[0xf0][0x19][0x15]4[0xb5]A[0xc7][0x6]&amp;[0xf1][0x96]d[0x90][0x97][0xe][0x1][0xb0][0xcb][0xee],%[0xcf][0xa1]&lt;&apos;[0x6][0xb2]M[0x13][0xf7][0xb6] Y[0x8c]S8Aa.[0xe3][0x86]m[0xd1]D[0xab]y[0x81]HS[0xf][0xca][0x95]\[0xa8][0xb5][0x95][0x10]dJ[0xb6][0xb3][0x90])W[0xdd] l[0xa2][0xe9][0x88];i{~t[0xc5][0xd0][0xf3].Lu{}[0xef][0x1][0x98]a[0x9b][0xe5]P[0xce][0xde]p[0x9][0x6][0xb9]Q[0xed][0xc0][0xb0]?10[0xff][0x9f][0x1e][0xba][0x12][0xd1]}c[0xd1][0xc2]G[0xd1][0xee]7[0xa4]p[0xd5]XsS[0xea]6[0xd4][0x89][0xf9]a[0xed]\[0xb1][0xc2]p[0xa8][0xf1][0x1d][0xce]L[0x11]]WXr~[0xe0]D[0xe8][0xd5]Q$[0x85]r[0xd9][0xf9][0xde][0xa6][0x1c][0xee][0xac]g[0xcb][0x14]7[0x3][0xb3][0xce][0x1d][m[0xba][0x6][0x1e]5LQ[0xca][\n]&quot;
2013-02-06 13:51:57,087 AAD-WS DEBUG wire:63 - &gt;&gt; &quot;ug[0x84][0xa7]&quot;&lt;q[0x83][0xba][0xb3]{][0xff][0xc8][T[0xc][0xe9],[0x90][\r]CX[0x96][0xf4]i[0xe][0xa5]i[0x12]}[0xbd][0xd9][0x19][0xb2][0x86]*S[0xf5][0xfc]0[0xb4][0xae][0xe6][0xae][0xc2][0x1c][0x5][0x91][0x94][\n]&quot;
2013-02-06 13:51:57,088 AAD-WS DEBUG wire:63 - &gt;&gt; &quot;h[0x83]f8j[0xea]`[0x86][0xd3]i[0x1c][0xa4]q[0xdc]M[0xf]m[0xf][0xfd][0x9d]j[0xa8][0xd0][0xba][0xf][0xea][0xd3][0xe8][0xef][0xc1]~:[0x1f][0xa0]]/[0x9d][0x15][0xc7]H[0xde][0x3]K[0xe][0xde][0x85][0xf6][0xb][0xd4][0x3]=H[0xb4][0x8d]VhO[0x89][0x1e]&quot;[0xb9]H[0xfe][0x1]Z[0xd1]B[0xeb][0x8f][0xc9];[0xd0][0xee][0xa0][0xa5][0x86][0xd6]l[0xb4][0xfd][0xe0]7[0x8c]G[0xbb][0xb6][0x1a][0xf4][0x9f]`[0xbe]9ly[0x8c][0xd8][0xec][0xd0][0x13]$[0x7][0xef][0xc3]`[0x18]|[0x88][0xf8][0xa5][0xa1][0x1a][0xf8]=l[0xbd][0x8f]m[0x1a]~F{$[0xbb][0xbd][0x86][0xf6][0x1a]:[0xa2]C[0xa7]Z~[0xc5][0x8e][0x1a]v[0xd6]}E[0x8c]]5t[0xad]aL[0xc2] [0x8c][0xcf][0x10][0xd7][0x9e][0xa3]W[0xfb][0x3]i[0xed]O[0x8c]j[0xe1][0xb8][0xf6][0x2]9[0xed]%[0xe6][0xb5]Wp[0xb4][0xd7][0xf8]A[0xfb][0x9b][0xe2][0xec][0xb][0xe3][0xef][0xc7][0x9][0x15]1Y[0xd8][0x1d]f[0x4][0xff][0x2]PK[0x7][0x8]6[0xfe][0xae]Ug[0x3][0x0][0x0][0xcb][0x6][0x0][0x0]PK[0x3][0x4][0x14][0x0][0x8][0x0][0x8][0x0][0xd4]|D5[0x0][0x0][0x0][0x0][0x0][0x0][0x0][0x0][0x0][0x0][0x0][0x0]2[0x0][0x0][0x0]javax/help/plaf/basic/BasicSearchNavigatorUI.class[0x9d]9[0x9]xT[0xd5][0xd5][0xe7][0xdc][0xcc][0xe4]M^[0x1e]![0xc][0x4][0x18]![0x10][0xf6][0x90][0x15][0x2]D[0x9][0x88]@[0x0][0x9]&amp;[0x1][0x13][0x16][0x3][0x8a][0xbe]d^[0x92][0x91][0xc9]L[0x9c][0x85][0x80][0xb]n[0x88][[0xdd]W[0xdc]A[0x14][0x17]T@[0x99][0x80][0xa9][0x14]k[0x1b][0xb5]vq[0xab][0xd6][0xb6]Z[0xbb][0xa8][0xb5]n[0xd4][0xda][0xf6][0xaf]V[0xf9][0xcf][0xb9][0xef][0xcd][0x9a][0x9]H[0xf3][0xc1][0xbd][0xef].[0xe7][0xdc][0xb3][0xdf]s[0xee][0xfc][0xec][0xbb]g[0xf][0x2]@[0x99][0xf8][0x91][\n]&quot;
2013-02-06 13:51:57,088 AAD-WS DEBUG wire:63 - &gt;&gt; &quot;[0x99][0xb8][0x80][0x9b][0x85]Y[0xd4],[0xe2][0xe6]Tn[0x16]+X[0xa3][0xe0][0x12]^9M[0x85][0xf7][0xb0]V[0xc1]:[0x15]T[0xac][0xe7][0xc5][0xa5]*([0xb8][0x8c][0xd7]N[0xe7][0xa6][0xc1][0x81][0x8d]*.[0xc7][0x15]r[0xc0][0x1b]V[0xf2][0x86]U[\n]&quot;
2013-02-06 13:51:57,088 AAD-WS DEBUG wire:63 - &gt;&gt; &quot;[0x9e][0xa1]B[0x1e][0xd6][0xf2][0xa0][0x89][0x9b][0xd5][0xdc][0xac][0xc9][0x86]n&lt;S[0xc1][0xb3]T\[0x8b]g;[0xf0][0x1c][0xee]u[0x15]F`[0xb3][0x82]-[0xe]t[0xab]P[0x80][0x6]ci[0xe5][0xc9]6[0x1e][0xb6]+[0xe8]Qa&quot;Sq[0xae][\n]&quot;
2013-02-06 13:51:57,089 AAD-WS DEBUG wire:63 - &gt;&gt; &quot;[0x85][0xb8][0x8e][0x7]M[0xdc]xe[0xe3][0xc0][0xe]F[0xed]S[0xd0][0xaf]B9[0xd6]2t&apos;7[0xe7])[0x18]Pa[0x1a][0x6]y[0x10][0xe2][0xaf]p6[0xae][0xc7].[0xfe][0xda][0xc0][0xcd]F[0x5][0xcf]W[0xa1][0xca][0x4][0xb9][0x80][0xbf].T[0xf1]&quot;[0xc6][0xb8]Ibd[0x96].[0x96][0xdc]ps[0x9]7[0x97]2[0x86][0xcb]bL][0xce][0xfc]lV[0xf0][\n]&quot;
2013-02-06 13:51:57,089 AAD-WS DEBUG wire:63 - &gt;&gt; &quot;[0x15]jp[0xb]c[0xb8]R[0xc1][0xab]T[0xa8][0xc5][0xab][0x19][0xe7]51Y]+[0xd1][0xf0][0xee][0x1f][0xf0][0xf0]:[0x7]^[0xcf][0x1b]n[0x90][0x1b][0x14][0xbc]Q[0x85]Ux[0x93][\n]&quot;
2013-02-06 13:51:57,089 AAD-WS DEBUG wire:63 - &gt;&gt; &quot;[0xcd]x[0xb3][0x8a][0xb7][0xd0][0x17][0xde][0x8a][0xb7]17[0xb7]+x[0x87][\n]&quot;
2013-02-06 13:51:57,089 AAD-WS DEBUG wire:63 - &gt;&gt; &quot;g[0xe1][0x9d][0xbc]q+o[0xb8]+[0x1b][0xef][0xc6]{[0x14][0xbc][0x97]g[0xee][0xe3][0xe6]~[0x9e]y@[0xc1]m*[0xb4]b[0xad][0x3][0xb7]s[0xff] 7;[0xb8]y[0x88][0x85][0xf8]0c[0xdc][0xa9][0xe0]#*[0xf8][0xf0][0xd1]l|[0xc][0x1f]w[0xe0].k[0xe5][0x16]&amp;[0xaa][0x19][0x9f]P[0xf0]I[0x15][0xc2][0xf8][0x14][0xcb]f[0xb7][0x8a]{p/7OK[0xd2][0x1d][0xf8][0x8c][0x3][0xf7][0xf1]8[0xe2][0xc0]n[0x7][0xee][0xb7]&gt;[0xf]([0xf8][0xac][0x3]{T[0xb8][0xc][0x9b][0x19][0xee][0x87]*\[0x8f][0xcf]1[0xe9][0x7][0x15]$[0xb][0xbb][0x8a][0x91]Ldf2[0xf1][0x90][0x3][0x9f][0xe7]=?V[0xf0][0x5][0xde][0xf1][0x13][0xde][0xfb]S[0x9e][0xe9][0xe5][0xe6]En^[0xe2][0x8d]/[0xab][0xf8]3&gt;[0xf2][0x15][0x7][0xfe][0x9c]&apos;[0xa1][0xe0]/y[0xea]W&amp;[0xbe]hs[0x13][0xcb][0xf3]U[0x5]_[0xcb][0xc2][0xd7][0xf1][\r][0x7][0xbe]i[0x1d][0xf7]k|[0x8b][0xbf][0x9e][0x8e][0xed]y[[0xc1][0xdf][0xf0][0xe0][0x1d][0x5][0xc7][0xfd][0xbb][\n]&quot;
2013-02-06 13:51:57,090 AAD-WS DEBUG wire:63 - &gt;&gt; &quot;[0xbe][0xa7][0xc2][0xe3][0xf8][0x7]n[0xde]W[0xe1]Q[0xdc][0x92][\r];[0xf1][0x8f][0xe][0xfc][0x93][0x3][0xff][0xac][0xe2]_0[0xc2][0xcd][0x7][0xf2][0xcb][0x81][0x1f]r[0xff][0x91][0x82]e[0xda]&gt;v[0xe0][0xdf][0x1c][0xf8][0x89][0x82][0x9f][0xb2][0xf4]&gt;S[0xf1]s[0xfc][0x82][0x9b][0xc3]L[0xe8]g&lt;[0xf7]wn[0xbe][0xb4]h[0xf9][0x7]~[0xc5][0xac][0xfe][0x93][0x9b]9[0xf0][0xdf]*[0xfe][0x1f][0xfe][0x87][0x9b][0xaf][0x19][0xd9]7&lt;[0xfd]_[0x86][0xfc]V[0xc1][0xef]T[0xf8]9[0x1e][0xa1][0x81][0x0]n[0x90]6[0x8][0xc1]M[0x6][0xe1][0x12]6E[0xd8]UxCd[0xaa]B[0x11][0xe][0x87][0xc8]R[0x84][0xaa][0xc2][0xdb]X[0xaf][0x88]l[0x15][0xde][0x91][0xce])4[0x92][0x84][0x18][0xe0][0x10]9[0x8a][0x18][0xa8][0x88]\E[0xc]R[0x84]S[0x11][0x83][0x15]1[0x4]![0xb7][0xd1][0xd0][0x3]-[0xed]5![0xa3]#[0xb8][0xc8][0x1f][0xf6][0xb9][0x11][0xb4][0x1a][0x9f][0xcf][0x8]T{[0xf5]`[0xd0][0x8]&quot;[0xc]1w[0xcc]k[0x9]y[0xfc][0xbe]ZO0d[0xd0]*BVPN[0xfb][0xf4][0xf5][0x8]cj[0xcf][0xd5][0xd7][0xeb][0x1b][0xca][0xdb][\r]og[0xf9][0x92][0xc5][0xd4][0x9a]0[0xf5][0xfa]zO[0x9b][0x1e][0xf2][0x7]f![0x88]`&apos;[0x82][0xcb][0xda][0x18][0xec][0xf2][0xf8][0xda][0xca][0x97]4[0xb6][0x4][0xfc]^[0xef]2[0xdd]g[0xd0][0x6][(`[0x18][0x8][0x83][0x93][0xb7],[0xa7]IZTB[0xfe][0xce]z[0xbf][0x9b][0xd6]&apos;&apos;[0xad]3L[0xf9][0x2][0xa3]U[0xf]{Cu[0xe1][0x90][0xde][0xec]5[0x18][0x82][0xb7][0x12][0x94]f[0xd2][0xd8][0xa9][0x7][0xf4][0xe][0xe2]dx[\n]&quot;
2013-02-06 13:51:57,090 AAD-WS DEBUG wire:63 - &gt;&gt; &quot;jcCh[0x91][0xc7][0xf0][0xba]ig[0x8e][0xdb][0x13][0xec][0xf4][0xea][0x1b][0x97]v2[0x97][0xb4][0x17]W#[0xa8][0xcc][0x8f][0x89][0x2][0xa1] [0x91]Gs[0xb2][0xdc][0xe4]r[0xa1][0xaf][0xcd]#9[0xc8]6[0xa7][0xcf][0xb][0x1b][0x81][0x8d][0x8][0xa3][0xfb][0x5]8[0x9d]7[0xf0]~[0x12]qh[0xf9][0xd2]j[0x9f]dL[0xf5][0x19]][0xa6][0xe8]B$[0xf4]D`k6[0xce][0x90][0xa9][0x8b][0xe8][0x11][0xe5]zW[0xa8][0xdc]Xo[0xf8]B[0xe5][0xc9]J[0xe2]#$[0xef][0xd5][0xe1]@[0xd0]O:[0x1b][0x14][0xdf]oN[0xd1][0xe][0x95]E[0x18][0xdd][0xa0]v[0xe9][0x9e]Pt`w[0x1b][0xcd][0xe1]6[0x4]GK[0xc0][0xd0]C[0xc6][0x8a][0x1a][0x84][0x93][\n]&quot;
2013-02-06 13:51:57,090 AAD-WS DEBUG wire:63 - &gt;&gt; &quot;[0x93]EX[0xed][0xef][0xe8][0xf4][0xfb][0xe8][0xe4]Y[0xc9]j!Q[0xb6][0x96][0xc7][0x16]W[0xd4][0xb0]z[0xab]%[0x97][0x3]kIV[0xf5][0xe1][0x8e]f#[0xb0][0x9c][0xb5][0x85][0x90]9[0xdb][0xe3][0xf3][0x84][0xe6] [0x8c]/&lt;[0xa6][0x19]M^I[0x86][0xe7][0xf1][0x5]C[0xba][0xd7][0xcb][0xf4][0x8c][0xe8][0x9f][0x1e][0xda][0x99][0x1d][0xf6]%[0xec][0xcd]m3B[0xcb][0x2]F[0xab][0x11][0x8][0x18][0xee]F[0xcf][0xf9]tt[0xd9]1[0xd8][0x91][0x92]Z[0xe0][0xe9]0|A[0x12]+[0x9b][0x9][0xe1][0xa8]#r;[0xc2][0x1d]&amp;[0x6]9[0xa1]o[0x88]O[0xa8][0x1][0xc3][0xeb][0xd7][0xdd][0xb][0xf4][0x90][0x8e][0x90]Q[0xc8]d[0xb8][\n]&quot;
2013-02-06 13:51:57,091 AAD-WS DEBUG wire:63 - &gt;&gt; &quot;S[0x95]YG[0xa2][0xf0]J[0x12]st[0xb7][0xbb]1[0xdc]li[0x98][0xec]nX[0x9f][0xcd][0xac]y[0xde]j[0xef]0[0x2]mtB~[0xd2][0x8e][0x98]lVz[0x8c].[0xb9]/3`t[0xf8][0xd7][0xb3][0xa8][0x83]F[0xa8][0xda][0xf0]z[0x1b][0xc][0x9f][0xdb][0x8][0xb0][0xcf]N9[\n]&quot;
2013-02-06 13:51:57,092 AAD-WS DEBUG wire:63 - &gt;&gt; &quot;h[0x1a][0xb7]3[0xa5][0xed][0xae]n[0xd7]}m[0x86];UA[0xa6][0xc5][0xc5][0xd8]Y[0xb8]&gt;*v[0x16]4O[0xc7][0xf0]3[0xcd][0x93][0xfb][0xe8]618h[0xeb]uo[0xd8][0x88][0x1d]49Y/[0xe6]ILR[0xa3][0xe1]5[0xa4][0x89][0xc7]O[0xcb][0xe9][0xc][0xf8];[0x8d]@h[0xa3][0x9][0x8d]0[0xce][0x4].o6t_[0xb0]|Y[0xd2]j[0x2][0x91]-Q]7[0x18]A[0xd2][0x1c][0x9d]:[0xb6]0[0xd5][0x9d]b[0xf6][0x90]p\[0xc][0xae][0x8e][0x84][0xec]N[0x9c]hl[0xf7]w[0x91]S[0xe][0x8c]M,[0xf6][0xb8][0xdd][0x6][0xcd]d[0xb7]z|[0xee][0x9a][0x5][0xfe][0xc0][0x8a][0x86]ZE[0xc][0xa5]XX[0xb3][0x0]!\[0xf8][0xbd]#Y[0xa2][0xec][0xea][0xf4][0xce][0xf1]5[0xb][0xcc][0xa9]r[0x9f][0x11]*&apos;[0xa4][0xb3][0x8e]&apos;(*[0x1][0xc3][0x1f]p[0xb3]9[0xe4]Y[0xc][0x87]C[0x1e]o[0xf9]J[0x12]l[0xd4][0xc3][0xce][0xb]{Z[0xd6]5[0xfa][0x3][0x14][0x88][0xca][0xb][0xd7]|o[0xdc]55[0xc]m[0xb]v[0xe9][0x14][0xea][0x15][0x16][0x83][0x1e] [0x85][0xac]8nF[0x8f][0xbd]q29[0xb4][0xea]I[0xb8][0xb4][0xc6][0x16][0xf6][0x1f][0x9f]c[0xca][0x1b]`[0xce]7[0x86][0xf4]@H[0xea][0xce][0x1c]/&quot;[0x8f][0xe][0xb6][0xf3]DT&quot;^2[0x96][0xf2][0xc6]P[0x80][0xc8][0x90][0x80][0xaa][0xde][0xd2]b[0x4][0x83][0xe3][0xa7]L[0x99][0x82]0/[0xe9]([0x19][0xea][0x9a][0xf5][0xa0][0xa7][0xa5]|&gt;[0xb7])![0x8b]b[0xdf][0xe4]4Q7[0xab]q[0xa3]/[0xd4]n[0x84]&lt;-[0x89][0xc8]+[0x10][0x1a][0x8e][0x13]y[0x1f][0xdc][0xe9]N[0x8b][0x9e]0[0x95][0xc9][0x8f][0xf]*[0xe2][0x83][0x8a][0xc4][0x95][0x8a][0xc4][0x95]i[0x89]+[0xd3]yP[0xfd]?[0x91][0x98]jd[0x8e][0xd9]-^+[0xf0][0xab][0x8d][0xfe]p[0xa0][0xc5]X[0xe4][0xe1][0xeb]`Dz,e[0x8c]D[0xc3][0xc9]X[0xa4][0xd1][0xe5]&lt;][0x83]#[0xf0][0xad][0x6][0xdf]q[0xf3]_[0xf8][0x16][0xa1][0xe4]xH[0xa2][0x9b][0xf3][0x18]7[0x8d][0x86]v[0xcc][0xe4]f [0xe9][0xfb]xP[0x8f]O[0x97]-[0x11]&quot;1L[0x83][0xaf][0xe1][0x1b]M[0xc][0x17].M[0x9c] Fhb[0xa4][0xc8]&apos;[0x13][0x8c]a([0xf3][0xb4][0xf8]}[0x8a][0x18][0xa5][0x89][0xd1][0xa2]@[0x83][0x8f][0xe0][0xaf][0x9a][0x18]#[0xc6][0x92]Q[0xc6][0x14]:_:n[0xad][0xbe][0xd1][0x1f][0xe]ib[0x9c][0x18][0xaf][0x89][0x9]b[0xa2]&amp;&amp;[0x89]BML[0x16]E[0x8][0xce][0xa4](^[0xab]7[0x1b]^E[0x14]k[0xa2]D[0x94]R[0xcc]3[0xcd][0xbd][0x8c][0xc3][0x91]\[0xd2]D[0x99](g.[0xa7]#[0xc]M[0x9f][0x1b]![0x0]S?E[0x83]/[0xe0][0xb0]&amp;[0xa6][0x8a][\n]&quot;
2013-02-06 13:51:57,093 AAD-WS DEBUG wire:77 - &gt;&gt; &quot;ML[0x13][0xd3]SO[0xe2][0x1c][0xce]k[0x91][0x1a][0x9d][0x9c][0xef][0xdf]`[0x91]J[0x8]fh[0xa2]R[0x9c]H[0xb7]X=[0x85][0x95]v[0x1e][0x9c][0x84]0[0xe9]{[0xba][0xbb][0x6][0x9f][0xc1][0xe7][0x1a][0xfc][0x1b]&gt;[0xa7][0x1c][0xa6][0xcf]=[0xc5][0xe8]gj[0xf0][0x9]|[0xaa][0x89]*1K[0x11][0xb3]5q[0xb2][0x98][0xa3][0x89]S[0xc4]\M[0xcc][0x13]s[0xe9]V[0xed]&apos;[0xed][0xd4][0xe0]c[0xf8][0x9b]&amp;[0xe6][0x8b]jEPH[0xce][0xac][0xa6]H[0xc1][0xea][0xca][0xc1][0x81][0x9a]X[0xc8]R][0xc4][0xf2]=[0x95][0xb1]-[0xe6][0xb9][0x9a][0x98][0x90][0x93]s[0x3][0xa6]a[0x89]&amp;N[0x13][0xb5][0x8]#[0x13][0xf][0x8b][0x9f][0x15]U[[0x9d][0xa8][0xd7][0xe0][0x1f][0xf0][0x95][0x86]Cq[0x98]&amp;[0x96][0x8a]e[0x1a][0xe]B&apos;[0xc2][0x9][0xf1][0xd4][0xa1] [0x1c]$[0xe0][0x2][0xca][0x8][0xb]:[0xf8]r[0xd5][0xe0][0xff][0xe0]?1[0xf1]JK4[0xed][0x86][0xaf]nM[0x9c].[0x1a]4[0xd1]([0x96]+b[0x85]&quot;Vjb[0x95]8C[0x13]Ml[0xbb][0x13][0xfa][0x6][0xc5]:J#[0x8]yb[0xee][0xca]&amp;0D[0x13][0xab][0xc5][0x1a]M[0x9c])[0xce]R[0xc4]ZM[0x9c]-[0xce][0x89])91[0x17][0xd1][0x84].[0x9a]5[0x1c][0xcc][0x0]-[0xc2]m[0x19]Nb[0xc4][0x9c][0x1f]nm[0xe5][0xeb][0xc5][0xd1]a[0x9e]T[0xa0][0x9]C[0xb4]r[0xd3][0xa6][0x89]v&amp;[0xd5][0xc3][0xcd][0xb9]b[0x1d][0xf1][0x9c]6[0x81][0x95][0x11][0x9b]EJ[0xc6][0xdb][0xa1][0x9][0x9f][0xf0]S[0xc4][0x94]i[0x8d][0x89][0xae]S[0x9c][0x87]PzL[0xb7]LL~[0x18][0x1b]5CEP[0x11][0xc4]CX[0xac][0xd7]D[0x97][0xd8][0xc0][0xb7]H4[0xc1])[0xa4][0xc0]2Y[0x13][0x1b][0x99][0xf1]a5l[0x8]&gt;[0xdd][[0xe0][0xf1][0x91][[0x6][0xa5]#[0xb7]l[0x1c]CwwA[0x1][0xdd]q[0x5]cN[0xa6]n`[0x9c][0xf5][0x85][0x81][0x0]&apos;:918[0x83]&apos;4q[0xbe][0xb8]@[0x13][0x17][0x8a]s4q[0x11][0xe3][0x1d][0xde]G[0x83][0x94][0xff]s[0xf1][0xa5][0xe1][0x4]$[0x2][0x6]q-P[0xe0][0xf6][0xb8]}[0x93]B[0x5][0xc6][0x6]:V[0x13][0x9b]X[0x91][0xae]&gt;[0xae][0xc2][0xa6][0xbf]Lg_[0xba]X\[0xc2][0xec]][0xaa][0x89][0xcb][0xc4][0xe5][0x9a][0xd8][0xcc][0xcd][0x15][0xd4][0xe0][0x9]8B[0x11][[0x88][0xaa][0x95][0x9][0xe9]U[0x15][0x11][0x9e]U`[0xda]U[0x15][0x9][0xf3]Jq[0x15]U][0x9]t1bI[0x92][0xb8]Z\[0xa3][0x89]k[0xc5][0xf](#KX[0xaf][0xf1]Q[0xb6][0xe6]q[[0xf6]P[0xed]&apos;[0x8e]7[0x84][0x16]nh1d[0xed][0xa4][0x88][0xeb]4q[0xbd][0xb8][0x81]2[0x80][0xf9]:e=U[0x5][0x8a][0xb8]Q[0x13]7Q[0xcc][0x16]7[0x8b][[0x92]E[0xc0]a&amp;[0x96]Aj[0xe2]V[0xb1]N[0x11][0xb7]%[0x7]s+&quot;[0xc4]v[0x8d][0x8f]Nx[0xda][0xda][0xbd][0xf4][0x9f]r[0x94][0xdc][0xd4])M[0xdc].[0xce][0xa2]&quot;[0xaa][0x8f][0xb0][0x17]{h[0xed][0xe][0xb1]N[0x13]wr[0xb3]U[0xdc]C:&apos;y[0xe4]&amp;&apos;[0x91]L[0xf3][0xbd][0x9a][0xb8]O4[0x90][0xa8][0xda][0xe3][0xf4][0xdd][0xcf]*[0x1c][0x92][0xe2][0x13][0xe6][0x1a][0x85][0x8c]\[0xb2][0x8b]V[0x92][0x6]%|[0x8b][0xa8]+h[0xb1][0x12][0xd2][0x1]1[0x1b][0xe7]iM&lt; [0xb6])b[0xbb]&amp;[0x1e][0x14];4[0xf1][0x10]:4[0xf1]0[0x87][0x96][0x9d]H[0xd5][0xf9]#[0x9a]xT&lt;[0xa6][0x89][0xc7][0x99][0xbc]][0xe2][0x9][0x82][0xb6][0xd2][0xb5][0x2][0xb6][0xc]2[0xde]&apos;5[0xf1][0x14]/[0xee]&amp;}c1[0x96]p([0xdd][0xc3]7[0xc5]^[0xaa][0xc3][0xfb][0x8b][0xa7][0xac]R[0x8b][0x87][0xa7][0xf9][0xac]g[0xb8][0xd9]G[\r][0x96]!][0x0][0xa5][0x8c]&amp;&quot;[0xba][0x11]N[0xfe][0x1f][0xee][0xba][0xf8][0xdb][0x1][[0xe1]~E[0x1c][0xd0][0xc4][0xb3][0xa2]&apos;[0x96]^[0x15][0xc4][0xf2][0xad][0xb2][0xe3][0xc2]&gt;[0xf5]x[0x1]*(5[0x80]/5[0xf1]C[0xb6][0xbe][0xe1][0xe9]7[0xb1][0xf5][0x8f]N[0xc5][0x9a]T[0x8e]pz0[0xb6][0xff]:&apos;[0xfe][0x2]R[0xd0]_[0xc2][0x19][0xdf]2[0xa6][0xdf]J$[0xbe]&apos;[0xe9][0x12]LS[0xea][0xa4][0x1c][0x98][0xae]&lt;[0x89]nQ[0xc4]s[0xb1][0xb]2[0xa1]X@[0x98]z[0xbc])[0xab]U[0xc6]%[0x95][0x88]t[0xb3]%[0x97]q[0xc9][0x5]$Uq[0x4]Q[0xd3][0xa1][0xb7][0x19]5-[0xfc]:1[0xed]h[0x85]jR[0xa6][0x1f][0x3][0xe2][0xf2][0x84][0xaa]V[0x13]&gt;/[0xb9]n[0x90][0xeb]LXR[0x92][0xb1][0xa2][0xa6]N[0xf7][0x11]4[0x89]Gi[0x8b]BNLL[0xe3][0x97]6[0x9f]K[0x82]L=[0xd1]&lt;[0xcc][0xc1][0xe5];k[0x95][0xec]%[0x99][0xb7]x[0x99].[0x9f][0xba]B[0xe6][0xed][0x1d]{q[0x90]Z0[0xe7][0xac][0xf3]%i.*[0xe7][0xfb][0xd3][0xf3][0xc4][0xa3][0xd4][0xa5]&quot;
2013-02-06 13:51:57,093 AAD-WS DEBUG wire:63 - &gt;&gt; &quot;[0xb1][0x17][0x1b]F2[0x84][0x90][0xf4]Q-][0xe5][0xfd][0x97][0xa7]}[0xc0][0xd3]X[0xeb][0xa4][0xa3][0x15][0xef]I[0x8][0x86][0xa7][0x88]a[0x5]e[0xee][0x9e][0x90][0x87][0xdf][0x2][0xb3]H^[0xb5][0xfe][0x16][0x9d][0x13][0xf5][0xc2][0x4]z[0xfa]&lt;[0x9c][0xc8]l[0xdf][0xdc]9[0xcb][0x4]3s[0x83][0xd8][0x13]R[0xd2][0x8e]4EW[0xdf])[0xca]4[0xd2]Tg[0xb2][0xe4][0xcc][0x96][\n]&quot;
2013-02-06 13:51:57,094 AAD-WS DEBUG wire:63 - &gt;&gt; &quot;[0xa2][0x84]v[0x11][0xdf][0xc1][0xc3][0xd2][0x13]F[0xfb][0x6][0x91]hR[0xdf]1[0xfb]V[0xfd])[0x8f]hR$I(}![0xdd][0xc3]+[0xf2][0xec][0xc][0xc2][0x89]Pt4a$O&quot;[0xcc]N[0xc3][0xc7]q[0x80][0x8f]JSO[0xc7][0xb]cf[0x93][0xc5][0x1d][\r][0x1f][0x96]yO*L[0xf3]F[0x90][0x14]g[0xa2][0xd6]&gt;[0xee]{l#[0x89][0x10][0xdb][0xfd][0x84][0xa9][0x92]c[0xbe][0xde]$[0xc9]v0)[0x8f][0x9f]N[0x82][\r]~h[0xb1][0xee]s{[0xd9][0xd2]l[0x85][0xab][0xe5]s[0xb]-[0xf2][0xfc]JO[0xd0]#_[0xb][0xb3][0x89]7[0x8e] [0x9d][0xf2]u[0xc2][0x95][0xc2][0xd5][0x92][0xe8][0xd2][0xac][0x94]0[0xb1]$[0xe]3[0xcc]|[0x1f]K[0xe3]a#[0xcd][0x95][0xfe][0x1c]x[0x84][0xb9][0xdc][0xf][0xd7]f~j[0xcc][0xf3]zcG[0xa4][0xf1]B{[0xa1][0xf9]H&quot;[0x1d][0xc9][\n]&quot;
2013-02-06 13:51:57,094 AAD-WS DEBUG wire:63 - &gt;&gt; &quot;)&apos;[0x14]N[0xee]/[0xa6][0x90].;[0xcc][0xe7]Fs[0xde]|c,Jk[0x8d][0xfd]&lt;Y[0xaa][0xd6]k[0x9c]|V[0x1e][0xda]7[0xc8][0x99][0xf][0xcb][0x8a][0xc][0xf6][0x1d][0x84]|HaZ[0xdf][0x1b][0x94]z[0x1b][0x4][0xe5][0xab][0xde][0x9a]Dt[0xa9][0xf7][0xc1][0xf0][0xfe][0xd6][0xe8]rI=[0x82][0x8a]/[0xe3][0xbc][0xb0][0xee][\r][0xa6]&lt;[0xc2]D[0xa3][0xf7]j&quot;!&amp;[0xe1][0xea]v[0x8f][0xd7][0x1d][0xe0][0xa7]5~[0xe3]L[0xac]db[0xcf]Gy[0xa8][0x97][0x11]#.[0x95]`[0xdc][0x8c][0xcc][0xa0][0xb4][0xd0][0x17][0xa6][0xca]E[0xf][0x99][0xf2][0xcb]K[0xbb]@[0x18]|[0x9c][0xf5]z[\r][0x92]t(Uj[0x16][0xd1][0xfc]t[0xae][0xfb][0xea][0xbe][0xc7][0xb3]-q7[0xb0]][0xf][0xd6][0xf9][0x3][0x86][0x85]2(_[0x8f]i&gt;S[0xef][0xec]4[0xf8][0x85][0xab]$[0xdd][0xdb]T[0x9f])[0xb3][0xf8][0x9a][0x95][0xb2]=[0xe9][0xe]L[0xbb][0xdd][0x11][0xf2]G[0x15][0xc1][0xb6][0xc0][0x89]9[0x9d][0xed]5|m[0xa1]vIJM&lt;[0xe2]&apos;[0xa2][0xac]I[0xff]`[0x96][0xd4][0x98]J[0xdc][0xea]rb[0x99][0x11]h[0xf5][0x7]:87[0x1c][0xdd]O[0x1c]Nxzm[0xe3]j[0xa3][0xa3][0x99]t[0xe8][0xae][0xe3]&apos;Fg[0xb2]5[0xd3][0x1c]12[0xb8]0u[0x8e]a&apos;[0xf6][0x13]3[0x13]KD[0xb9]117L[0xf7][0xc2]M.[0xcc]i[0xc6][0x2]6[0xd3][0xd4][0xd3][0xf9]][0x96][0x84]F[0xeb]+[0x1a]j[0xc9][0xc6][0xa3]6[0x11]}[0xa5][0xb5].B[0xf9][0xd8]e[0xe6]W[0xb1]8[0xc2][0x85]\[0xe2]3y[0x9a]:[0x8f][0xc0][0x87][0xc8][0xa8][0x11][0xc][0xf1]0[0x16][0xbf][0xa8]D[0xe0][0x13][0x83]F[0xc0]T[0x9]?I{[0xc9][0xde]c[0xb8]M[0x8d][0x9a]&apos;[0x8c][0x8a][0xbb]l[0xba][0xdb][0x83]#[0xc4][0x9a]4v[0xc3]O[0xa0][0xc6][0x86]N[\n]&quot;
2013-02-06 13:51:57,095 AAD-WS DEBUG wire:63 - &gt;&gt; &quot;[0xce]Q4G[0xa1]S&amp;[0x8f][0xc1]&gt;[0xcc][\r][0xe]ZO![0xa1][0xf6][0xe5][0xfe]X&lt;w[0xf5][0xfb][0xb3]@[0xca]=[0xc6]p[0xc1][0xa3]1`[0xc9](~[0xb2][0xe1][0x96][0x95][0x9][0xbb]wR[0x98][0x8a][0xd6][0xb7][0x92]P[0x8d]$[0x9][0x7]([0x98]H[0xa5]V[0xa7]ZO[0xfc][0xad][0xbd][0xcf]m[0x9d][0xfe][0xc7][0xc][0xc9]}[0x2][0xc0]F2[0xf9][0xe][0xf2] #[0xc0]/[0xee]&amp;*[0x8f][0x9f][0xf2]?[0x8f][0x8f]s&quot;C[0xef][0x98]e[0x95][0xdf])[0xd3][0xa4][0xb6]N[0x1e]y}[0xf2][0xe1]:J[0xa5]4[0xad]9[0x85][0xc9][0x96]u[0xdc][0x14]:[0xda]=[0xe4]Ka[0xb6][0x9e][0x11]G)[0xb6]M[0xdb][0x8a][0xd5][0xce]A3c[0x9e]oP[0x1c]5[\r]}!G&amp;[0xa6].V{S[0x89]z[0x90][0xc]=[0xa1]&lt;/L[0x11]b[0xcd]?&gt;[0xb6]O[0x92]5[0xaa][0xdf][0xc][0xd9]r[0xbe][0x81][0xf2]G&lt;s[0xc1][0xbc][0xaf]8[0x92][0xd7][0x1b]][0xf2][0x85][0xc3][0xac][0x1e][0x16][0xc9][0x1a][0xdc][0x99][0x10]OxF[0xe2]?![0xd1]r[0x1a][0x8c]N[0xba]9C[0xb1][0xfa]![0xa7][0xc5][0x94]pl[0xa2][0xf2]{[0xfe][0xda][0x99][0x8c][0x88][0xd5][0xd9][0xa1][0x7][0xd6][0xf1]n[0xaf][0x11]2[0xbc][0x1b][0x17]x[0x88]ZYF[0xb0]Y[0xca][0xc]A[0xb][0xd0]mg[0x4][0x89][0xd6][0x96]0IUK[0xd4]&amp;[0x9]9H[0xac][0x99][0xcf][0xe1][0x83]R4[0xcd]W[0x2][0xeb]D^[0x81][0x96][0x6][0xd5][0xe8]x^[0x88][0x1d][0xa4][0xa6][0x9f] byxn[0xfc]B3[0x9f][0xe3][0xf9]&apos;[0x1b][0x99]W8Z[0xfc][0x9d][0x1b]k|![0xac][0xd8]H[0xc2][0xd1][0xe7]7[0x98][0x95][0xd2][0x1d][0xd3][0x1f][0x16][0xcd]&amp;3[0xcd]GM~g3[0x9f][0x8d][0xf4][0x90]![0x83][0x92]&quot;[0xb3]x[0xf1][0xfb]Z=n[0xc3][0xc7]Q[0x91]n[0x1a]r[0xc3]e[0xff][0xcb]O[0xc]G[0xff][0xed]&apos;I[0xf5][0x8d][0xdc]&amp;[0xd4]5[0xd9]D[0x9c][0x9d]QK[0xc4]%[0x14][0x10][0xd2][0x9f][0x1a][0xc2]&gt;[0x1f][0xb3]-[0x91]d[0xc8][0x84]-&apos;9D$?[0x17][0xf4]c[0xde]0[0x6]2[0xe1]=[0xb0][0xc3][0x1f][0xe0]}[0xf8]#[0xfc][0x9][0xfe][0xc][0x3][0xc1][0xc6][0xaf][0xfc][0x0][0xd4][0xc][0x93][0xfd]&apos;[0xf0][0xa9][0xec]?[0x83][0xcf]e[0xff][0x5][0x1c][0x96][0xfd][0xdf][0xe1]K[0xd9][0xff][0x3][0xbe][0x92][0xfd]?[0xe1]_[0xb2][0xff][0xb7][0xdc]&apos;[0xf8]y[0x18][0xf8][0xef]k[0xf8]F[0x8e][0xff][0xb][0xdf][0xca][0xfe];[0xab]?&quot;{[0x95][0xdf]G[0xa8][0x9f][0x4]Y[0x88]([0x0]1[0x83]F[0xe3]![0x3]h[0x1][0xb4][0x1e][0xc8]l*:[0x4]J78v[0xd3][0x18][0xd1]Fm[0xa6]\[B#;fZ[0x10][0xed]t2[0xf7][0xd3][0x8b][0xba]![0xab][0xa8][0x7][0xd4]&amp;[0xfa][0xc8][0xde][0x7]Z[0x11][0xee][0x83][0x8c][0xa2][0xe2][0x8][0xc][0x88]@N]I/d[0x17][0x95]D`[0xe0]NZq[0xe6][0xee][0x87]A[0x11]p[0xee][0x89]a[0x1e][0xb][0xe]j[0xeb][0x8][0xd7]J[0xc8][0x85]&amp;[0xc8][0x83]z[0x18][0x5]Ki~[0x19][0x14]A[0x3]L[0x83][0xe5][0xb4]SA[0x87]y*[0xde]L[0xd2][0xcb][0xa4]&gt;[0xa7][0xa8][0x98][0x88][0xdc][0x7][0x83][0x8b][0x9e][0x81][0xc1][0x11][0x18]R[0xc7]}[0xf][0xe4]5u[0xc3][0xd0][0x8][0xc][0xe3]QQ[0x4][0x86][[0xbd][0x8b][0xa8]PK[0x8a][0xe][0xc0][0x9][0x2]z`DS[0xf1]~[0x18][0xe9][0xcc][0xdf][0xf][0xa3][0xba]at=[0xd1]^[0xd0][0xe4][0x1c][0x93];[0xa4][0x1b][0xc6][0xee][0x83]q[0xa5][0x4]3.[0x2][0xe3][0xb9][0xa3][0xff]Z[0x4]&amp;[0xf4][0xc0]D[0xc2];[0xa9][0xca][0xe6][0xb2][0xf5]@a[0x93][0xcb][0x96][0xd1][\r][0x93]#P[0xe4][0xb2][0x95]F[0xa0]x[0x95][0xcb]f[0x82][0x94][0xac][0xe2][0xe3][0x9c][0xa5].[[0x4][0xca]V[0x11][0xda]r[0x82][0x9a][0xb2][0xf][0xa6][0xb2]D*h&lt;[0xad][0x89]6L[0xed][0x86][0xe9][0xfb]`[0x6]}[0xcd][0x88]@e[0x95][0xdd]e&apos;[0xba]N[0x14][0xc0][0x13][0x19][0x11]8[0xc9][0xea]g[0xd2][0xfe]*[0x82][0x9f][0xb5][0xf]f[0xd3][0xd4][0xec][0x8][0x9c]l[0x82][0xcc]1O9[0xc5][0x9c][0x9c][0xbb][0x8a][0xa4]&gt;/.[0xcf][0x0][0x8c][0xa4][0xf6]r[0x92][0xea]f[0x92][0xe7][0x16][0x92][0xe5][0x95]0[0x11][0xae][0x82]2[0xb8][0x1a]*[0xe0][0x1a][0x98][0x9][0xd7][0x91][0x1e]o I[0xdf][0x8]:[0xdc][0x4]^[0xb8][0x5][0xc2]p+[0xed][0xbe][\r][0xae][0x85][0xdb][0xa9][0xbd][0x13][0xb6][0xc1]V[0xd8][0x5]w[0xc1][0x1e][0xb8][0x1b][0xe][0xc1][0xbd][0xf0]2[0xdc][0x7][0xaf][0xc1][0xfd][0xf0][0xe]&lt;@V[0xbb][0x8d][0xac]s;Y[0xd8][0x83][0x98][0x5];p[0x0]&lt;D&apos;gE[0xf5]C[0xa7][0x9]`:N5[0xf5]2[0xbf][0xce][0xd2]@[0xb5][0xd5]/[0xb0][0xf8][0xae]/%[0xae][0x17]J[0xae][0x7]c[0x4][0x16][0x99][0xdb]O[0x8d][0xea]i1[0xad][0x90][0xd0][0x6][0xc7][0x19]+[0x83]lj[0x1f]![0xc6][0x1e]#[0xc6][0x1e][0x87][0xe1]Db[0x1]&lt;Af[0xfc]$[0x94][0xc3]SPI[0xe4]V[0xc1]^[0x98][0x7][0xcf][0xc0]&quot;[0xd8]GP*f[DM [0x92][0x4][0xf5][0x3]z[0xa0][0xa6]i[0x10][0xbc][0x94][0xeb][0xee][0x86]%[0xa9][0xd6][0xfd]#[0x1a]i1[0x90][0x85][0x16][0xc8][0x4][0x16]s/[0xe4][0x99][0xd2]&gt;[0xed][0x10][0xd4][0x9a]_u[0xbb][0x19]W[0xae];[0x5]U[0x8e]t[0x89][0x17]@[0x81][0x9f][0x80][0xb]ziv@[0xc][0xe5]D[0xb]e[0x8e][0xa4][0xe2][0xe2]#[0xf4]/[\r][0x19][0xaf][0x80][0xe0]_[0x9e],[0x98]U[0x84][0x8f]a[0x8a]Y[0x1a][0xf5]E[0xa6][0x94][0x96][0x9a]2\f[0x8e]N[0xaf]-[0xee][0x85][0x1]E[0xc5][0x7][0xa0][0x1]![0x2][0x8d]q[0x91][0x9d][0xc0][0x9e][0x2][0xaf][0x93][0xc7][0xbc][0x1]C[0xe0][0xd7]d[0x19]o[0x91][0xc8][0xde]&amp;[0xbf]zG[0x1e][0x92]k[0x1d][0xf2][0x1d][0x11][0xc6]^x[0xbb]s[0xf9]~[0x10][0xf2]$[0xac][0xb3][0x10][0xee][0x83][0x15][0xe6]1+[0xf][0xc1][0xaa]z2[0xf7]3[0xaa][0xd8][0xda]WD[0xa0][0xa9][0xca][0x9e]Q[0x99][0xb9][0x13][0xca]\[0xf6][0xbc][0xcc][0x8a][0x8][0xac]f[0xb3]_[0xb3][0x15]F[0xc8]q[0x95][0xe2]R[0x9e][0x87]U[As)[0x4]Y[0xb7][0x13]r6gb^[0xa6][0xcb]~p[0xdb][0x91]WK^[0x4][0xdb][0x1e][0xf6][0x85][0x8][0x9c]i:[0xee]YM%[0xdd][0xb0]6[0x2]g[0x17][0x95]D[0xb9]3[0x8f]I[0xe0]g%E[0x7][0xa0][0xc8]i&apos;+T)zj[0xf0][0x17][0x18][\n]&quot;
2013-02-06 13:51:57,095 AAD-WS DEBUG wire:63 - &gt;&gt; &quot;[0x1f]PT[0xfd][0x90][0xcc][0xe0]#[0x98]Bq[0xb4][0x92][0xa2][0xe8]&quot;[0x8a][0xa3]u[0x14]EW[0x90][0xa5][0xae][0xa1]([0xba][0x96][0xe6]=[0x14][0xf3]:(r[0xfa](j[0x86])nn[0xa6]Xy[0x1d]Y[0xf1]m[0x14][0x13]m[0xfc][0xd3][0x9b]%[0x8b][0x1b]H[0xe0],[0xb5]F[0x8a]_[0xe7][0x10][0xd5][0xb]J[0xe][0x80][0x8e][0xe4][0x6][0xcd][0xcc]|S[0x95]-[0xa3][0xd2][0xbe][0x13][0xc6]0[0xd1].[[0x9e][0x9d][0xf8]n[0xd9][\n]&quot;
2013-02-06 13:51:57,096 AAD-WS DEBUG wire:63 - &gt;&gt; &quot;[0x3][0x13][0x86][0xee][0xcd]v[0xcc][0xb3][0xbb]l[0xc4][0xe6][0xbb]E[0x4][0xd2]H[0x8][0xe8]J[0xbb][0xeb][0xc8][0x81]8#ED&gt;[0xd0]q[0xe][0x1a]9)[0xa0][0xe]G[0x5]F[0x91][0xb][0x95][0x92]K[0xcd][0xa4][0xef][0x5]d35[0xb4][0xde]@[0xee][0x85][0xfc]+[0x9b]E[0xdc]:&quot;[0x8d][0xfb][0xea][0x1e]h[0xa5][0xd0][0xd0][0xe6]l[0x8f][0x80][0x87][0x8]=7[0x2][0xeb]Xs2[\n]&quot;
2013-02-06 13:51:57,096 AAD-WS DEBUG wire:63 - &gt;&gt; &quot;y9[0xe4][0x8e][0xa3][0x88][0xdb][0xb1][0x15]Fr[0x0][0xeb][0x1][0x1f][0xc7][0x9d]q[0x83]2&gt;v[0x8e][0xe9][0x6][0xff][0x1][0xe8][0x14][0x10]&apos;f([0xc9][0x13][0xe8][0x88][0xa1]8[0x8c][0x88][0x18][0xe][0x93][0xd1][0x5][0xf3]1[0x9f]V[0xf3]b[0x7][0xaf][0xa5][0x83][0xd9][0xc][0xab][0xa2][0x7][0x9f][0x97][0xe6][0xe0]@[0xef][0xf7]:[0xcf][0xc9][0xf1][0x1][0xc7][0xd3]y[0x93][0xa0][0x0][0xb][0x89][0xe1][0x12][0xd2][0x0][0x9f]n[0x9e]5[0x9f][0xd6][0xa5][0xf5][0x16][0xb3][0x91][0xd0]![0xc1][0x8][0x84][0xea]Kz [0xdc]T[0xda][\r][0xeb]#[0xd0][0x95]J[0xfb]4[0x82][0x9f][0xe]v[0xac][0x84][0x1]x&quot;[0xb8][0xf0]$Z[0x1d]N\[0x98]7[0xc6]&amp;[0xc2][0xa6][0xf2][0xad]H[0xa8]6[0xd4]Q[0xb3][0xb1][0xde][0xb4][0xe8][0xf3][0xab]lQv.[0xb0][0xd8]q^H[0x1f]&amp;O4[0xbc][0xc8]e{[0x8]f87[0xd1]([0xba][0xf1]bs[0xe3]%[0xbc][0xf7]R[0xfa]f[0x9b][0xb7][0x84][0xd0][0x3][0x97]59/[0xef][0x86][0xcd]?2[\r][0xf8][\n]&quot;
2013-02-06 13:51:57,096 AAD-WS DEBUG wire:63 - &gt;&gt; &quot;[0xe][0xed][0xbd]0[0xc7]e[0x8f][0xc0][0x96][0xaa]LW[0xe6][0xf3]P[0xbe][0x15][0xca]][0x99][0x87][0xa0][0x9c][0xbd]#[0x2]W[0x1e][0x82][0xab][0xaa][0x1c].G/[0xb8]\[0x8e][0x8]\][0x95][0xe5][0xca]&quot;Wve[0x91][0xf2][0xae][0xd9][0xca][0x1e][0xc2].RB\_[0xcb][0xf0]/B[0xae][0xf3][0x7][0xa6][0xb4][0x9][0xfd]u{z[0xe0][0xfa]&amp;Wf[0x4]n[0xe8][0x86][0x1b][0xab][0x14][0x9e]e[0xa4]7E?n[0x8e]~[0xdc][0x92]r;[0xe0]|[0x92]U5[0xe5][0x1][0xb]([0xf4].[0x84]2&lt;[0x15]N[0xc4][0xc5]0[0x1b]k[0xe0]l\[0x2][0x1e][0xac][0x83][0x0][0xd6]C[0x17].[0x85]Mx:l[0xc1][0x6][0xb8][0xe][0x1b][0xe1][0xe]\[0xe][0xf7][0xe0][\n]&quot;
2013-02-06 13:51:57,097 AAD-WS DEBUG wire:63 - &gt;&gt; &quot;[0x8a][0xfb]+a[0xf][0xae][0x82][0xbd]x[0x16][0x1c][0xc4][0xb5][0xf0][0x2][0x9e][0x3]/[0xa1][0xe][0xbf][0xc2]fx[0x15][0xdd][0xf0][0x1e][0x1a][0xf0][0x11][0xb6][0xc2]al[0x83][0xff] e[0x9][0xfc][0xb][0xa4][0xa5][[0xb2]*[0x19][0xe4][0xec][0xac][0x81][0x94][0xc8][0x87][0xeb]h4R[0x1a]^[0x6]g+4K[0x11][0x1f][0x97][0xd3][0xa5]qk[0x1d]I[0xe4][0xb6][0xfa][0xa8][0x12]nO2[0xbe][0xe8][0xec][0x1d]4[[0x1a][0x9b]E[0x19][0xa6]HNw[0xc6][0xd4]p[0xf0]9[0xd8][0xca][0xfe]K1[0xab]P[0xc6][0xa8]^[0xc8][0xb7]b[0xd7][0x16]S&apos;6[0x8a]O[0xa6]^[0xb6]6[0xc6][0xa3][0xd5][%[0xac][0xe5][0xbb]\[0xb6]^x[0x99][0xfc][0xda][0xf6][0x0][0xfc][0x98]2[0x80][\n]&quot;
2013-02-06 13:51:57,097 AAD-WS DEBUG wire:63 - &gt;&gt; &quot;V[0x1e]i[0xa5][0x17][0x9e]a%[0xdc][0xdd][0xb]&apos;[0x96][0xf2][0xc7]=[0xdc][0xdc]KN[0x9f][\r]v[0xc2][0xdc]*e/&lt;[0x10]%q[0x1b][[0xc]-o7[0xc9][0x8c][0xc0][0x83]{x[0xb8][0xa3][0x17][0x86]I[0xd8][0x1d][0xdc]&lt;D[0xb0][0xf]3[0xac]mO[0xe9][0xf3][0xb0]s+,[0xe7][0xd9]G[0x9e][0x83]G[0xab][0x94][0x8c]J[0x7][0xf][0x1e][0xab][0xca]b[0x1e][0xb2][0xac][0xd0][0xf4]x[0x95][0xea]R[0xf2][0x1c]=[0xf0]h[0x93]K[0x8d][0xc0].n[0x9e][0xe8][0x86]&apos;[0x1b]7;[0x90]7[0xc9][0xf0][0xf3]f[0xe9]![0xd8][0xe9]R[0xe][0xc0]S[0xec][0x8c]H[0xb7]h[0xf][0x1c][0xa4]K[0xdd][0xd4][0xc0][0xcd][0x94][0x0][0x2][0x6][0xc9]0Bd[0x18][0xeb][0xc9]1[0xbb][0xa0][0x12][0xcf]&apos;[0xe7][0xbc][0x80][0x82][0xc1][0x85]p*^[0x4]K[0xc9][0x95]V[0xe0][0xc5]p[0x16]^[0x2][0xe7][0xe2][0xa5]d [0x9b][0xe0]2[0xbc][0x2][0xae][0xc2][0xab][0xe0]V[0xbc][0x1a][0xee][0xc5]k`;^[0xb][0x8f][0xe1][0xf5][0xd0][0x83]7[0x90]q[0xdc][0x8][0xef][0xe2]Md[0x10][0xb7][0xc0][0x87]x[0x1b]|[0x8d]w[0xc2]7x[0x17][\n]&quot;
2013-02-06 13:51:57,098 AAD-WS DEBUG wire:63 - &gt;&gt; &quot;[0xbc][0x9b].[0xda]{p [0xde]Kn[0x1f][0xba][0xf0]~[0x9c][0x80][0xf][0xe0],[0xdc][0x86]sh[0xbc][0x18][0x1f][0xc2]F|[0x94]([0x1b][0x85][0xa3]-[0xc3]y[0xdf]J+[0xee][0xb4]DY[0xc4][0xe][0xb8][0x9b][0xc4][0xe9][0xdc]c[0x1a][0xc3][0xde][0xe8][0x4]}?[0x9d][0xe8][0xc4][0xcf][0xb0][0xa9]=[0xc]:[0xcf][0xd7][0x95]8[0xf7][0xc9];j[0x10][0xa7][0xa7][0x91]C[0xd0][0xdd][\r][0xfb]w[0xc2][0xc2][0x12][0xe7][0x1]9=[0xdb][0xf9][0xac][0x9]DK=[0x1c]%[0xc6][0x91]A[0xfd][0x90][0xfb][0xfd][0xf0][0x9c][0x19][0xe4][0xe][0xb2]U[0xd1][0xac]trs[0x96][0x8c][0xec]`[0xdc][0xc5]([0x8][0xd1][0xe7].r[0xab][0xa7]Hz[0xbb]a[0xe][0xee]![0xe9]=M[0x92][0xdb][0x7]k)[0xd3]i[0xc1]nX[0x87][0xfb]![0x88][0x7][0xe0]R|[0x16][0xae][0xc6][0x1e]r-N&gt;[\n]&quot;
2013-02-06 13:51:57,098 AAD-WS DEBUG wire:63 - &gt;&gt; &quot;p[0x8c][0xc5][0xad]K[0xa6][0xeb][0x84]fO[0x8a][0x8b][0xfc][0x94]Fc[0x8f][0xbd][0xed][0x15][0x1a][0x8d][0x8b]m+[0xa7]9[0xde]6[0xd0][0xe4][0xe0][0x90][0xd9]=[0x1f][0x7][0x92]I[0xb][0xbe][0x6][\n]&quot;
2013-02-06 13:51:57,098 AAD-WS DEBUG wire:63 - &gt;&gt; &quot;[0xbe][0xe]9[0xf8][0x6][0xcd][0x8e]?[0xf6][0x19][0x9c]BL[0xa0][0xf0]mn[0xfb][0x5]i&apos;[0x8b][0xfa][0x8d][0xc5]VX[0xb3][0xb1][0xbb][0xcc]d[0xc7][0xf9][0xb1][0xe9][0x80]N[0xba][0x95]r\v3[0xb4][0xd9][0x8b]w[0xf3][0xd2][0xe][0xd3][0x81][0x9c][0xa5][0xb4]$[0x1d][0xe0][0x5][0xb9]D8~Ri&amp;[0x17][0xe3][0x8a][0xf3]h[0xfa][0xa7][0xd2]=[0x8b]\[0x8a][0x19][0xb]e[0xc8][0xcc]t9vK[0x1f][0xcd][0xb3]o;[0xf2]{[0x8c][0x7][0x93][0xf9][0x94][0x1e][0x2][0xfe][0x81][0xaa][0x9b][0xf7][0x89][0x9b]?B[0x1e][0xfe][0x9]&amp;[0xe1][0x9f][0xe9]^[0xfb][0x0][0xa6][0xe0][0x87]d[0xce][0x1f][0xd1][0x5][0xfb][0x9],[0xc1]Oa[0x19]~[0x6]k[0xf0][0xb][0xf2][0x90][0xc3]d[0xd2][0x87][0xe][0x9a][0xeb][0xc2][0xaf][0x88][0xb5][0xc9]Xd[0xb1]v7[0xdd]1[0x8c]w[0x95][0xb3][0xd7][0xc][0xbe][0x9c][0xb4][0x10][0x89]/&gt;[0x7][0xe5]u[0xc5][0xc4][0xcf]KE%[0x19]%[0x7]m[0xee][0x8][0xbc][0x9c]1g&apos;[0xe4][0xca][0xa0][0x9d]OQ[0xe5]g[0x9b]30[0xbf][0x84]&quot;[0xc8]a[0xd3]J^9[0x4]?[0x8f][0xc0]/[0xcc][0xc1]/[0xcd][0xee]Wq[0xb9]VPB[0x3][0xf8]5[0xf9][0xe0][0xb7][0xa0][0x9][0x84]!B[0x80]K[0xd8]a[0x9c]p@[0xa1][0xc8][0x82][\n]&quot;
2013-02-06 13:51:57,099 AAD-WS DEBUG wire:63 - &gt;&gt; &quot;[0xea]g[0x89][0x1][0x94][0x1b][0xe7][0xc0]R1[0x10]V[\n]&quot;
2013-02-06 13:51:57,099 AAD-WS DEBUG wire:63 - &gt;&gt; &quot;f[0xb4][0x98][0xae]O[0x93][0xd0][0xcf][0x88]L[0x85][0xfa]+FV[0xda][0xf2]+[0xed][0xf9]#w[0xc0][0x85]#[0xf3][0xcf][0xb1]{Y[0x90]KwB[0xe6]f[0x1b][0xe6][0xd9][0xf2][0xb7]SUT[0x9c]g[0xab] [0xc9]Vt[0xc3][0xab][0xf7][0x1e][0xf9][0x84][0x97][0xec]G[0xf2][0xec][0x4][0xe0][0xa4]%{t[0xe9][0xee]#[0x9f][0xe4]QR[0xf3][0xa0][0x9c][0xa5][0x8f]nx[0x8d]P[0xf0]V[0x1a][0xec]8[0x12][0x19][0x99]g[0xdf]N[0xc5]]1[0xf5][0xc4][0xbb]D[0x9d][0xcd];[0xf3]i[0x94][0x92][0xb5][0x89]1[0x90]![0xc6]B[0xa6][0x98][0x0][0xd9][0xa2][0x18][0x9c][0xa2][0xc][0xf2][0xc4]t[0x18].f[0xc0][0x8][0xea][0xa7][0x88]*[0x98]&amp;fA%[0xf5][0xa7][0x89]9[0xd0] [0xe6][0xc2][0x1a]1[0xf][0xd6][0x8a][0xf9][0xa0][0xd3][0xde]vQ[0x3]&gt;[0xb1][0x4][0xd6][0x8b][0xa5]p[0xa1]X[0x6][0x9b]E#[0xe9][0xa8]4[0xc6][0xfa][0xc]b[0x9d]2[0x1][0x18]T&lt;[0xb2][0xa2][0xca]V&lt;[0xb2]8[0xbf][0xa2][0xb1]8[0xdf]ekLI;[0xc4][0x19]`[0x17]MD[0xc2]j[0xc8][0x15]g[0x12][0x8a]2,[0xb7]P&lt;H[0xeb][0xd9]V[0xe2][0xc7][0x16][0xcc][0xe9][0xde][0xeb]3[0xed][0xd4]&gt;R[0xc9][0x17]r[0xd4][0xaa]yV[0xe1][0xee][0x91]Ju[0xb8]}[0xb8]r[0xc7]}[0x84]r[0x17][0xdd]y[0xf][0xd8]m[0xbb][0xf2][0xb2][0xf2][0xd4][0xed]&lt;[0xc5][0x1f];x&amp;cW[0x8c][0x88]9T[0xef][0x83]p[0x83]C[0x18][0x90]#ZI[0xc5][0xed][0x90]/&lt;0^[0x9c][0xb][0xc5][0xa2][0x83]d[0xe0][0x87][0x19][0xa2][0x13]N[0x16][0x1]8E[0x84]a[0x91][0xe8]&quot;uo u[0x9f][0xf][0xa7][0x8b]M0[0x6][0xa7][0xe0]T[0x8b][0xe0][0xc9][0xf1][0xa2][0xe6][0x8d][0xa6][0xa2][0xe2]nxs?[0xfc]:[0xce][0xaf][0xca][0x8b][0xe2]r[0xb2][0xa4][0xcd][0x4]V[0x11][0x3][0x9b]jU[0x14][0x83][0x9c]o[0xc9][0xcb][0xf3]m.[0xdb][0x93][0x4]*[0xe3][0x81][0xe8]%&amp;([0xe5][0x10][0xaf][0x11][0xf8][0xb4][0x18]x[0xa1][0x5]NY[0xde];[0xc][0xf9][0xdb]4[0x87][0xbe]I[0x2][0xfe][0x90][0xdf][0x19](+3[0xa1][0xe6]Z[0xaf][0xb][0x5]{[0xe1]w[0x94][0x95][0xee][0x85][0xdf]G[0xaf][0xc4]w)V[0x17][0x99][0xf1][0x9a][0xaf][0xc3][0x14][0x1a][0xbe] [0x8b]9[0xc][0xa3][0xc5][0x97][0x94]*[0xcf][0xa0][0xfc]N[0xf4][0xc9]&quot;[0xec][0xa9][0xf5][0xd3]LJ[0x1][0xf9][0xcf][0x81]&apos;[0xe1]L[0xb]`[0xb4]E[0xb4]RT[0xbc]z[0xdf][0xd1]@[0xaa][0xd2][0x9e]a[0xeb][0x1f]`V?g[0x1c][0x5]dv[0xda]32[0xfa][0x7]8[0xb9][0x9f]3[0x8e][0x2]2[0x87]$[0x9f]z[0x6]i{O[0xbf][0x0][0xa7][0xe0]\[0xb]`[0x14][0x9d][0xc0]gd[0xb2]I[0xa5]F[0xfd][0x4][0x88]y[0xb1][0x1a]5_[0xae][0xd0][0x11][0x19]O[0xc3][0xef]R[0x0][0xc4]g[0x84]v&gt;[0xdf]![0x94]q~@}[0x15][0x85][0xa8]7h[0xed]/[0xd2]Z2[0xa9]r[0x3][0x9c]([0xf2][0xa8][0x16]p[0xc1][0xa3][0xf8][[0xfc]=]#o[0x83][0xf9][0xf7][0x8e][0xd9][0x89][0xbb]`[0xa7][0xb8];3[0xeb][0xff][0x1]PK[0x7][0x8]M[0x92][0x1a]H[0x13][0x1a][0x0][0x0][0x9f]8[0x0][0x0]PK[0x3][0x4][0x14][0x0][0x8][0x0][0x8][0x0][0xd4]|D5[0x0][0x0][0x0][0x0][0x0][0x0][0x0][0x0][0x0][0x0][0x0][0x0]U[0x0][0x0][0x0]javax/help/plaf/basic/BasicSearchCellRenderer$ValueJLabel$AccessibleValueJLabel.class[0xa5]TMo[0xd3]@[0x14][0x9c]uB[0x9c][0xf]C[0xdb][0xd0]PZ[\n]&quot;
2013-02-06 13:51:57,099 AAD-WS DEBUG wire:77 - &gt;&gt; &quot;[0xb4]$[0xa5][0x89][0xd3][0xc6][0xf4][0x88][0x8a]*A$$P[0xa0][0x12]A=p[0xdb][0xb8]K[0xb3][0xc8]v+@[0xfa]&quot;
2013-02-06 13:51:57,100 AAD-WS DEBUG wire:63 - &gt;&gt; &quot;[0x9f]8[0x80]T[0x84][0xc4][0x81]#[0x87][0xfe][0x0][0xce][0xdc][0xb9]sD[0xbc]M[0x1c])[0xb2][0x13][0x9][0x8a]-[0x8f][0xbd]o[0xe7][0xcd]&lt;[0xbf]][0xfb][0xfc][0xf7][0x97][0xaf][0x0]Z[0xd8])B[0xc7][0xcd][0x2]r[0xb8]U@[0x11][0xb7][0x15][0xac])X[0xd7]qG[0xc7][0x86][0x8e]M[0x86]\[0xd8][0x97]AmGG[0x83][0xa1]t[0xc0][0x9d]H&lt;[0xed][0xf0][0x9e]p[0x18][0x8c]&apos;[0x9e]&apos;[0xfc][0xb6][0xc3][0x83]@[0x4][0xc][0xbb][0x9d]7[0xfc]-[0x1f]X}[0xe1][0x9c]X&apos;[0xe]m[0xf5]x m[0xeb][0x91][0xc2][0xae][0xe0][0xbe][0xdd]o[0xb][0xc7]y![0xbc]C[0xe1][0xb][0xbf]6[0xa1][0xb5][0xcb]P[0xe8][0x9e]za_[0x84][0xd2]&amp;[0xcb][0x7][0xd2][0x93][0xe1][0x1e][0xc3]^[0xfd]?4[0x1b][0x7][0xc][0xd9][0xf6][0xf1][0xa1]`[0x98][0xeb]HO&lt;[0x8f][0xdc][0x9e][0xf0]_[0xf2][0x9e]C[0x91][0xf2][0x91][0x8][0x1f][0xda][0xb6][0x8][0x2]I[0xe3]a[0x1a][0xc3]f[0xbd][0x11][0xfb][0xf1]xJ:2&lt;[0xb5][0x12]D[0xaa]v[0x99][0xd2][0xdb][0x91][0xef][0xb]/[0xad][0xb2][0x18][0xab]X[0xe][0xf7][0x8e][0xac][0x91][0xab]J[0x9]f[0xa7]T[0xea][0xe9][0x8c][0xc6][0xab][0x91][0xcd]3[0xea][0x85][0x1b][0xb9][0xa9][0x9c][0xe1][0x1c][0x1f]L[0x9d]+v[0x8f]#[0xdf][0x16][0x8f][0xa5]z[0xd5][0xd5][0x19][0xcd]j)K[0x3]s0[\r][0x14]p[0xd9]@[0x13][[0x6][0xb6][0x15][0xb4][0xb0][0xc5][0xb0][0xe1][0xd6][0xd7][0x12][0x5][0x8d]7Lej\[0x87][0xc5]P[0x1d][0x99][0x5][0xef]$u [0xa5]2[0x16][0x98]O[0x87][0xaa][0xb1]`:[0xee]1[0xdc][0xbf][0xf0][0xeb]0,[0x8d][0xf7][0xe1]d}[0xc3][\r]V[0x1a][0x19][0xc7]}/O[[0xf8][0xbc]+[0xbd]x&gt;[0xef][0xf2][0xc1][0x98][0x9a][0x16]d[0xd8][0xfe][0xa7][0x1a][0xb1]N_[0xae][0xe][0x92][0xa5][0xab][0xac][0xd6][0x90][0xee]W[0xa0][0x8e][0x1c][0xb2][0xb4][0xb0][0xf3]4^[0xa0]Q[0x15][0x1a][0x9d]@[0xc9]l~[0x6]3[0x9b][0x9f][0xa0]}[0xa4][0xa1]JRTF[0x8f][0xdf][0x8][0xaf]b1NX[0xa1];E[0xa1][0x99][0x1f][0x12][0xbc]s[0xc2][\n]&quot;
2013-02-06 13:51:57,101 AAD-WS DEBUG wire:63 - &gt;&gt; &quot;[0xae][0xc5][0xbc][0xb5][0x98][0x97]7[0xcf][0xa0][0x9d]![0x93]d&apos;\[0xc2][0xf5][0x9]UU[0x86][0x96]y[0x9f][0xe0][0xfd] \[0x9e][0xa5][0x9a]M[0xaa][0xfe]$\[0x99][0xc5][0xbe][0x94]d[0xff]&quot;[0xcf][0x1b][0xca][0x15][0xab]0[0x86]Ud[0xe8][0xf]WG[0x89]&quot;9z[0xaa]R[0xab]t[0xd4]p[0x17][0xd9]?PK[0x7][0x8]=0~[0x83][0x13][0x2][0x0][0x0][0x19][0x5][0x0][0x0]PK[0x3][0x4][0x14][0x0][0x8][0x0][0x8][0x0][0xd4]|D5[0x0][0x0][0x0][0x0][0x0][0x0][0x0][0x0][0x0][0x0][0x0][0x0]?[0x0][0x0][0x0]javax/help/plaf/basic/BasicSearchCellRenderer$ValueJLabel.class[0x9d]U[O[0x13]A[0x14][0xfe][0xa6]WXV[0xcb]][0xca]M[0xc0]&quot;[0xed]rY[0xc0]+[0x82][0x17](&quot;[0x18][0x82][0x89]5$&gt;[0xf8]0-#][0xb3][0xdd][0x92][0xee][0xa2][0xf0]K|[0xf7][0xfa][0xaa][0x9][0x5]/[0x89][0xaf]&amp;[0xfe]([0xe3][0x99][0xe9][0x2]%EC[0xdd]d[0xbf]3[0xe7][0xec]7[0xe7][0x9c]9sf[0xf6][0xd7][0xef]o?[0x0]L`EC+&amp;4[0xb4][0xc1]l[0xa4][0xd1][0xa4][0x84])[0x9][0xd3][0x12][0xae]H[0xb8]*[0xe1][0x9a][0x84][0xeb]Q[0xdc][0xd0][0xa0][0xe1][0xa6]R[0x14]h[0x98][0xc1][0xad][0xa3][0xd1][0xac][0xcf][0xba][0x1d][0xc5][0x1d][0x86][0xa6]uno[0x8b][0x87][0xab]&lt;+l[0x6]}[0xc5]qD)ms[0xd7][0x15].C[0xc7]|.&apos;\[0xd7][0xca][0xda][0xe2][0x4]M[0xe3][0xca][0xbe][0xc6][0xb][0x82][0xa1]u[0xf5][0x5][0xc9]M[0x9b];[0x9b]f[0xc6]+Y[0xce][0xe6][0xec][0x11]cQ[0xb8]9[0x8a]QQ[0x94][0x8b][0x93][0xfc][0xb5][0xed]BV[0x94][0x88][0xdf]P[0xb0][0x1c][0xff]{C[0x81][0xef][0xf8][0xc3][0x88][0x97][0xb7][0xdc][0xc4]$[0x83][0xa9][0xe6][0xec][0x98]yao[0x99][6nf[0xb9]k[0xe5][0xcc][0x5][0x89][0x19][0xc1]K[0xb9]|Z[0xd8][0xf6]c[0xe1]l[0x88][0x92]r[0xd8][0x98][0xd9]u[0xbc][0xbc][0xf0],[0x8a][0x1f][0x99][0xb3][0x1c][0xcb][0xa3][0xc5]N&apos;[0xeb][0xf4][0x93]Zg[0x8][0xa5][0x8b][0x1b][0x94]Kl[0xd5]rD%[0xdf]&apos;[0x9c][\n]&quot;
2013-02-06 13:51:57,101 AAD-WS DEBUG wire:63 - &gt;&gt; &quot;[0xc2][0xd0][0xec][\n]&quot;
2013-02-06 13:51:57,101 AAD-WS DEBUG wire:63 - &gt;&gt; &quot;[0xef][0xb0]@[0x96]my[0xbb][0xc][0xcf][0x92][0xb5][0xc5][0xf8][0xa7][0xc5]/[0xc0]Y,2[0x97][0xf6][0xcd][0xe3][0x90][0xb6]H[0x17][0x1d]O[0xec]x[0xc][0xa9]d[0xca]_[0x18][0xaf][0xce][0xc7][0xac][0xa1][0xce]Fq[0x97][0x1][0xc][0xb9]z+Q[0x1f]=1[0xa5][0xd2][0xd5]2[0xc5][0xed]RN,Y[0xb2]\[0xbd][0xe1]NH[0xcf]:[0x6]1$[0xe1][0x9e][0x8e]~\[0xd4]q[0x1]]:[0xe2][0x12][0xba][0xd1][0xa3][0xa3]WB[0x9f][0x84]y,0&lt;[0xaa]/[0x9b][0xaa][0xe6]M[0x9c][0xda][0xd2]2r:[0x8a]E[0x1d][0xf7][0xb1][0xa4][0xe3][0x1][0x96][0xa2]Xf[0x98][0xf9][0xef]0[0xd4][0xe6][0x95][0xb9][0xee]+[0xda]q[0xf3][0xd0]h[0xd6]YE[0x86]`R[0x16][0xb2][0x85][0xd7]n[0xfa][0xc8][0x19][0xb7][0x9c][0xe1]N[0x9d][0x9b]][0xbd][0x10][0xb5][0x8f][0xc3]g[0x8a][0xc4][0xd0][0xe5]V[0xb7][0xa7]&lt;[0xfc]%k[0xcb][0xb3][0x8a][0xe]]%[0xa7][0x9c][0xc][0xb5][0xb2][0x13]S*7[0xca]x][0xd9]b[0x80][0xee][0xb3]6[0xba](#[0xf4]R[0xdb]@&gt;q_R[0xf3]([0xd9][0xeb][0xcb]&gt;%[e[0x8f][0xd1])[0x18]P[0xb6][0x10][0x2][0xb2][0xfb]H[0xbf]D[0xda][0x10]i[0x1][0x92][0x9a]q[0x80][0x80]1ZF[0xf0]3[0xe4][0x89]I[0xa8][0x8][0xf2][0xf0][0xbc]&amp;[0x1c][0xc6]e[0x9f][0xbf]Ll[0x19][0xb9]WrC[0xc6]X[0x19]ac[0xbc][0x8c][0x88][0x11][0xf][0x95][0x11]5[0xe2][0xe1]2[0x1a][0x8e]=tK.{[0x83]0{[0xb][0x8d][0xbd]C[0x8c][0xbd]G[0x7][0xfb][0x80][0x1e][0xf6][0x91][0x18]#H[0xfa]^[0xd7])+&amp;/c[0xf][0x8d]?[0x11]3[0xbe]C{J[0x19]5[0x95][0xa1][0x93][0xe9][0x1c][0xbd][0xe1]}[0x9c]&apos;[0x11][0xa3]7[0xb4][0x8f]f[0x12]-[0x9f][0x8e][0xe2]t&quot;L[0xc3]=DY[0x19]m[0xec][0x0][0xfd][0xec][0xb]R[0xec]+}[0x19][0xc4](e,c[0xf4][0x93][0xc][0xca]U[0x19][0xa3][0x7]`[0xb5][0xab][0xac]T&apos;[0x80]1[0x85][0xe3][0xe8]P[0xf9][0x7][0xa9]zsh&apos;[0x8b][0xfc]+uR[0x9e])[0xd2][0xe9][0xf9][0x3]PK[0x7][0x8]f[0x98][0xdd][0xe1][0xc8][0x2][0x0][0x0][0xaf][0x6][0x0][0x0]PK[0x3][0x4][0x14][0x0][0x8][0x0][0x8][0x0][0xd4]|D5[0x0][0x0][0x0][0x0][0x0][0x0][0x0][0x0][0x0][0x0][0x0][0x0]5[0x0][0x0][0x0]javax/help/plaf/basic/BasicSearchCellRenderer$1.class[0x95][0x8c]=[\n]&quot;
2013-02-06 13:51:57,102 AAD-WS DEBUG wire:63 - &gt;&gt; &quot;[0xc2]@[0x14][0x84][0xe7][0xc5][0x9f]h[0xb4][0xf0][0x0][0x16][0x16][0xb6]f[0xf1][\n]&quot;
2013-02-06 13:51:57,103 AAD-WS DEBUG wire:63 - &gt;&gt; &quot;[0x6][0x4]+[0xc1][0x9c]`[0xb3]&gt;M[0xc2]c[\r][0xbb]*[0x9e][0xcd][0xc2][0x3]x(1[0xab][0xb5][0x85]S[0xcc][0xc][0xc][0xf3]=_[0xf7][0x7][0x80][0x14][0xa3][0x18][0xfd][0x18]CB[0x92][0x9f].[0xce][0xf0][0xba][0x12]&amp;LW[0xda]W&amp;g[0xed]L[0x99][0xb1][0xc8][0x8e][0xed][0x9e][0x1d][0xbb][0xb4][0xd6]W[0x1d]#![0xa8][0xd0]n[0xaa]diT#[0xfa][0xa0][0x8a][0xf0]P?~[0xf3]%[0x1][0x84][0xf1][0xc6]Zv[0x99]h[0xef][0xd9][0x13]&amp;[0x81][0xa1]D[0xdb][0xa3][0xda][0x16]5[0x9b]3a[0xf1][0x17][0x16][0xb3][0x16][0x1a][0xe1][0xab][0x8][0x9d][0x8f]w1h3i[0x17]B/[0xc]oPK[0x7][0x8][0xa1][0xe1][0xc2][0xba][0x99][0x0][0x0][0x0][0xec][0x0][0x0][0x0]PK[0x3][0x4][0x14][0x0][0x8][0x0][0x8][0x0][0xd4]|D5[0x0][0x0][0x0][0x0][0x0][0x0][0x0][0x0][0x0][0x0][0x0][0x0]3[0x0][0x0][0x0]javax/help/plaf/basic/BasicSearchCellRenderer.class[0x9d]X{`T[0xe5][0xb1][0xff]Mv[0x93][0xb3]9[0x9c][0x10]XHH [0xe1][0xa1]T[0xc2]&amp;$[0x5][0x14]%&lt;[0xc]$[0x5]B[0x13]@B@[0xf0]ANvO6[0x7]6[0xbb]a[0xf7],[0x1]|T[0x5]_T[0xad][0xa0][0xb6][0xa6][0xbe][0xb0][0xb7]-^[0xb5]jQNRQk[0xeb]-[0xb6][0xda][0xa7]}[0xb7][0xf6]&gt;[0xfa][0xb8][0xb7][0xf6][0xa1][0xf7][0xf6]mm[0xb5]3[0xe7][0x9c][0xb0][0x9b][0xcd][0xa6][0xad]7[0xcc][0xf7][0xed][0xcc]|[0xbf]o[0xbe][0xf9][0xe6][0x9b][0x99][0x93][0x97][0xde]~[0xfa]9[0x0][0xf5][0xf4][0xa0][0x8a][0xa3][0xf8]z1[0x8e][0xe0][0x1b][0x1][0xbc][0xa2][0xe2][0x9b][0xf8][0x96][0xca]?[0xbe][0x1d][0xc0]wd[0xfc]n[0x0][0xdf][0x93][0xf1][0xfb][0x1][0xfc]@[0xc6][0x1f][0x6][0xf0][0xaa][0x8c]?[\n]&quot;
2013-02-06 13:51:57,103 AAD-WS DEBUG wire:63 - &gt;&gt; &quot;[0xe0][0xdf]E[0xf9]?[0x14][0xfc][0xa7][0x8a]I[0xf8]/A[0xf8][0xb1][0x82][0x9f][0xa8][0x98][0x82][0x9f][0x8a][0xc6][0xcf][0x14][0xfc][0xb7][0x8a]r[0xfc][0x8f]H~.[0xb3][0xd7]d[0xf6][0xb][0x5][0xbf]T1[0xc3][0xdd][0xf2]W[0xa2][0xf8]k[0xf9][0xf9][0xba][0x90][0xd7][0x14][0xbc][0xa1]b[0xe][0xfe]W[0xc5][0xff][0xe1]7&quot;[0xfb][0xed][0xb8]D[0x96][0xff]N[0xc8][0xef][0x85][0xfc]A[0xc8][0x1f][0x85][0xfc]I[0xc1][0x9b][0x1e][0xe0]Q[0xbc][0xae][0xe0][0xcf]2[0xbe][0xa5][0xe0]/*[0xce][0xc5]_[0x15][0xbc][0x1d][0xc0]]*[0x96][0xe0][0x1d]F![0xb0]YD2+[0xe0]5[0xee][0xcc]&apos;[0xab][0xdf][0x92][0x99]_H[0xa1][0xa7][0xe2]HE@E[0xa4]0[0x0][0x5]DZ,3U[0xa5][0x9][0xa4][0x89]^I[0x80]&amp;[0xaa]TJ[0x93][0x14][0x9a][0xac][0xa2][0x8d][0x82][0xc2][0x9c]&quot;:S[0xd9]6*[0x93][0x9f][0xe5][0x1][0x9a]V[0xd4]4[0x15][0xce][0x9f]p+&lt;neQ[0xd3][0xfc][0xc]w[0xba][0xc7][0x9d]Q[0xd4][0xb4]4[0xc3][0xad][0xf2][0xb8][0xd5][0xf2]c[0xa6][0xf7]cV[0x80]f+4GE[0xf][0x9d]%[0x86][0x96][0x88][0xf0]l!s[0xbd][0x13][0x1c][0xa1][0xf7][0xa8]t[0xe][0xcd][0x93]YM1[0xe6][0xd0]|!![0xe1][0xd5][\n]&quot;
2013-02-06 13:51:57,103 AAD-WS DEBUG wire:63 - &gt;&gt; &quot;[0xaf]N[0xc8][0x2]![0xf5][0xc2]k`[0x9f][0xd1]{[0x5]j[0xa1][0xcc][0x16][0x89]`q1[0x9d]K[0xe7][0x9]Y&quot;[0xdb].[0x92][0xd9][0xf9]B.Pi)5:&lt;Y[0xc1]d[0xe]-[0x93][0xcd][0x97][0x17][0xd3][\n]&quot;
2013-02-06 13:51:57,104 AAD-WS DEBUG wire:63 - &gt;&gt; &quot;Z[0xa9][0xd0][0x85]*[0xae][0xc7][0xd7][0x3][0xd4][0xc4]#[0xad][0x12][0xb2]Z[0xa5]fj[0x9][0xd0][0xfb]8[0x82]hM[0x80][0xd6][0x6]h][0x80]Z[0x3][0xb4]^[0xa1][0xf7]+[0xd4][0xa6]P[0xbb]B[0x1b][0x8] h[0xad][0xf1][0xb8][0x91]l[0x8e][0xe9][0xa9][0x94][0x91]&quot;L[0xd8][0xaa][0xc7][0xd2][0xc6][0xfa]6[0xbd][0xdb][0x88][0x11][0x2])#f[0x84]-#B[0xa0][0x1d][0xfc][0xb3]WO[0xad]I[0x84][0xd3][0xac]7=[0x92][0xd4][0x7][0xdc][0x1f][0xab][0x13][0xc9][0x88][0x91]\[0x95]L[0xa4][0xe3][0x91][0xd6]p&quot;N[0x8]Z[0xc6]&gt;[0xab][0xc3]Yj&amp;[0xe2][0xcd][0x89]X&quot;I[0x98][0xd4][0xb6]K[0xdf][0xab]7[0xe8][0x3]V[0x83][0xc3]YF([0x13][0xbd][\r][0x89]x[0xae]jE[0xb7][0x1e][0xde][0x1d]u[0x0]sE32[0xa2]&lt;[0xb][0xa7]v;[0xb6][0xe4][0xb2]}}z[0xff][0x88][0x1][0xfb][0x1a]z[0x8d]XC[0xbb][0xde][0xcf][0x6][0xf8]{M[0x8b][0xf][0xb3],[[0xd2][0x1f][0xd3]{[0x1a][0xba][0xf5][0x94][0x19]nX-[0xb4][0xc3][0xd0][0x93][0xe1][0xde]f#[0x16][0xdb]l[0xc4][0x19][0xdc]H[0xce][0xcd][0xf2][0x11][0x83]({[0xd2]z[0xcc][0xb4][0xf6][0x13][\n]&quot;
2013-02-06 13:51:57,104 AAD-WS DEBUG wire:63 - &gt;&gt; &quot;-[0xd3][0x8a][0x19]l[0x86][0x87][0x97][0x1a]0[0xe3][0xd1][0x86]3[0x8a][0xbc][[0xb4][0x97][0xbd]3J*[0x1e][0x13][0x90]&gt;#[0xe2][0x8a]}}[0xe2][0xee]&quot;[0xa6][0xb1][0xc4][0x0][0xff]tha[0xc4][0xe8]NG[0x99][0xbd][0xdc][0x8c][0x9b][0xd6]J[0xc2][0x94][0x9a][0xdc][0xd3][0xcc][0xdf][0xca];4&apos;&quot;[0xbc]i[0x9b][0x19]76[0xa4][0xfb][0xba][0x8d][0xe4][0x16][0xbd][,*K[0x19][0xd6][0x96]&lt;[0x97][0xe2][0xc1]d[0xdd][0x8a][0xc0][0x94]E[0xf3]k[0x7]k[0xe6][0x8f][0xbd][0xc4][\n]&quot;
2013-02-06 13:51:57,106 AAD-WS DEBUG wire:63 - &gt;&gt; &quot;[0xf]:[0xdf]=F[0xc7][0x15][0xcd][0xe0]U[0xab][0xc7][0xbf][0xe5][0xe8][0xdf][0x93][0xce][0x1c][0xb5]6[0xf][0xf8][0xcc][0xe8]?P[0x98]&amp;[0x8]yCeZt&lt;[0x89][0xc2]k[0xd6]$[0xe2][0x96][0xb8]![0xe3][0x5][0xe1]8&gt;+[0x19]e[0x14][0xa1]J[0xce][0x9e]4[0x8c][0xec][0xc0]iN[0xf4][0xf5]&apos;[0xe2][0x86]`4[0xd5][0x8c][0x8e][0x11]Qu[0xc3][0xb0]![0xa6]3cc[0xf7].[0xde]}[0xd9][0x8e][0x1d];Zw[0x8c]r[0xba][0x87][0xc0][0x8e]/[0xec][0xd7]M[0x81]*[0xcf]2gmR[0xef][0xef]5[0xc3])[0xd7]$6[0xc1][0x89][0xbd][0xe]KO[0xb2][0xa2][0xaf]f~+?[0x3][0xe6]nJ[0x1a]=F2iD:[0xcc][0x3][0x86] dm[0xd1]b[0xf6][0x19][0xf1][0x94][0xe9]DeYM[0x96]I[0x1d]V[0x92]Mu[0x90][0x3][0xcb][0xc3]1/[0x10][0x19][0x94][0x19]jG&quot;[0x9d][0xc][0x1b]kL[0x9][0xb6][0xaa]q[0xde]M[0xbd]`ix[0x2]_[0xd1][0xf0]1[0xfc][0xb][0xc7][0x87][0x9c][0xba]&gt;5[0xe2][0xe8]5[0x89][0xa4][0xe1][0xba]O[0xa1][0x8d][0x1a]m[0xa2][0x8b]4&lt;[0x85][0x93][0x1c][0xa5][0x8e][0x9e]$[0x8b][0x8c][0x8a][0x86]a[0x11][0xe5]@dn@[0xc3][0xd3][0xa3][0x97]f[0x8b][0x9e][0x11]Qe[0xce]R[0xe7][0xd6][0x9d][0xcb][0xd6][0xf0][0x9c]([0xcc]r[0x14][0xc6]Ot[0x1a]m[0xa6][0xe][0xc2][0xe4][0x8c][0x8b]V&apos;[0x12]1Cg[0xc1][0x16][0xea][0xd4]p[0xf][0x6][0xd9][0x85][0xd9][0xd7][0xbc]:[0xb1][0xaf]M[0xdf][0x9f]H[[0xec][0x5][0xda][0xaa][0xd1]6[0xba][0x98][0xb0][0xf4][0xff][0x9d]|[0x4]e[0xbb][0x86][0x8f][0xe3][0x13][0x1a][0xa7][0xe7]K4|[0x12][0x9f][0xe0][0xf0][0x1c][0x9b]|4[0x1c][0xc7]C[0x1a]]J[0x97]ix[0x1e][0x9f][0xf3]tF_[0xb7][0x80]][0xae][0xd0]N[0x8d][0xba]H[0xd7][0xa8][0x9b][0xc2][0x1a][0xee][0xc5]}[0x1a][0xee][0x17][0xf2][0x80][0x90]cB[0x1e][0xc4]}[0xec][0x9a][0xec]=[0x1c][0xa3][0xe5]!t[0xb6]n6RN [0x10]f[0x8f][0xd1]p\[0x9b]Q[0xd1][0xf0]yq[0xf2][0xbc]l=[0x8b][0x1d][0xde][0xd0]b[0xf4][0xe8][0xe9][0x98][0xd5][0x9e][0xb6]$w[0xc9][0x1d]l[0xe0][0xac][0xa6]Q[0x84][0x18][0xb6]&quot;[0xcb]Y[0xae]s[0xb6]lln[0xb5][0x8c]&gt;[0x8d]z([0xaa][0xe1]3[0x18][0xd2][0xa8][0x17]&apos;5[0xd8]&lt;[0xc3])![0xcf][\n]&quot;
2013-02-06 13:51:57,107 AAD-WS DEBUG wire:63 - &gt;&gt; &quot;[0xcf][0xc4][0x90]B[0xbb]4[0xda]M1[0x8d][0xfa][0x84][0xc4])[0xa1]Q?[0xbe][0xa8][0xd0][0x1e][0x8d][0x92][0x94][0xd2][0xc8][0xc2][0xcb][0x84][0x89])[0x7][0xb6][0x9e]KC[0x8b][0x91][\n]&quot;
2013-02-06 13:51:57,107 AAD-WS DEBUG wire:63 - &gt;&gt; &quot;+[0x94][0xd6]h/[\r][0x8c][0xba][0xe7][0xd6][0xb8]eD[0x8d][0xa4][0xb8][0xec][0x12][0x8d][0xf6][0xd1]~[0x8d][0xe][0xd0][0x15][0x1a][0xfe][0x15][0xf]kt%][0xc5]u[0xf4][0xc]J[0xb4]W[0xc3]#x8[0x3][0xdc]gF\[0xee][0xa3][0xc2]U3\[\r][0x9f][0x12]NI[0x86][0xc3][0xb9]_[0xc3]c[0xd9]jN5[0x8]z?[0xbc][0xc2]#f[0xf2][0xbb][0xce][0x98][0xd7][0x92]H[0xb3][0xe7][0xc4][0xba][0xab]5[0xdc][0x8d]A[\r][0x1f][0x15][0xf2][0xa2][0x9c][0xf5][0x3][0x1a]][0xc3][0xee][0xa1]k[0xf1][0x92]F[0xd7][0xd1]A[0x8d][0xe][0x9][0xb9][0x9e]n[0xd0][0xf0]Yq[0xd4][0x8d][0xf8][0xa2]F7[0x9][0xb9][0x99]yt[0x18][0xa7]5[0xfa] [0xff][0xc4][0x97]d[0xc5]-t[0xab]B[0xb7]i[0xf4]!Yt[0xbb][0x90]#B[0x8e][0xd2]A[0x85][0xee][0xd0][0xe8]N[0xba]K[0xa3][0xf][0xd3][0xe5][0x1a][0x1e][0xc7][0xa0]B[0x1f][0xd1][0xe8]n[0xe2]GP[0x9e][0x9b]EV[0xa7]{8[0x1][0xf1][0x1b][0x1c]&apos;[0xca][0x1b]gk[0xf4]Q[0xba]G[0xa3]{)[0xaa][0xd0]}[0x1a][0xdd]/WS[0xea]*[0xae]c[0xef][0xd5][0x9b][0xce][0x3]|[0x80][0x8e][0xb1];\v[0xbb][0x11]9#ao[0x9f]az[0x8c][0xc9]g[0x18]m[0x89][0x81][0xd1]J[0x19][0xc6][0x82]w[0xf5][0x16]s[0xdf][0xda]&amp;=.][0xd3][0x9c]1![0x9d][[0x8][0x8][\r][0xef][0xee][0xd1]/[0xcc]I$[0x9d][0xad][0xed]z\[0x8f][\n]&quot;
2013-02-06 13:51:57,107 AAD-WS DEBUG wire:63 - &gt;&gt; &quot;R[0x80][0xf3][0xb9]W[0xa2][0xe6][0xd6][0x8c][0xad] y*[0xb6][0x8f]W[0x10][0xce][0x19]_9[0x9b][0xc5][0x1d]b[0xb7][0x9b][0xd5][0x9c][0xc4][0xe3]$|n[0x5]+F5[0xe]q[0x8b]K[0x91][0x91]\[0xd6]*[0xb5][0xa0]8%eG[0xb2][0x1c][0x17][0xf2],5[0x97][0xe7][0xd9][0xed][0x94][0x91]p[0xcd][0xbb]k[0xbc][0xde]m[0x9f][0xb6][0xd0][0xd9][0xa5][0x9c][0xed]Y[0x97]H[0x9a][0x7][0xc4][0xcc][0xd8][0xaa][0x98][0x19][0x8d][0xf7]95[0xd8]_[0xe3][0xd8][0xab]DG[\n]&quot;
2013-02-06 13:51:57,108 AAD-WS DEBUG wire:63 - &gt;&gt; &quot;[0xfb][0xe4][0xec]:[0xe8]Tv[0xae][0xb2]5[0xad][0x8e]ViN[0x1e]gN8i[0xe8][0x96][0xb1][0xd9][0x8c][0x9a][0x91]U&lt;%[0x84]j[0xf2][0x95][0xd1]q[0xca][0xb7]O[0x8f]DF/[0xc9]H[0xc7]Y&quot;[0x5][0xbd]3e$[0xdd][0xab][0xe1]&gt;[0xb3]&amp;[0xef][0x85][0xc9][0x81]6[0xe8]}F[0xae][0x82]W[0xc0][0xdd]^%SI][0xdc][0xec][0xde][0xc5]M%i[0xcb][0x8c]5[0xb4]%[0xc2][0xba][0xd4]t[0x95]U[0xbc][0xc4][0x9c][0x5][0x9b][0xa5][0xc2][0xb0][0xc5][0xd2]ox[0xfa]N[0x10]x[0xf3][0x91].&quot;[[0xdb][0xe9]&quot;8[0xc5]6[0xf3][0x8e][0xd6][0xa8][0xe4][0xe5]Z[0xc9][0xa7][0xd8]+[0xf1][0xb6][0xb1]G[0xd6][0xb7][0xe6]=[0x86][0xe2]u[0x9e][0xa3][0xab][0xc2]:&amp;[0x9d][0xbc][0x93]i[0x99][0xf2]A#F[0x8d]@^[0x90][0xc7][0x90]&lt;[\r]N[0xbe][0xbd]&amp;[0xf1]^[0xab][0xc2]a#[0x95]2[0xbb]M[0xb7][0xdb][0xbf],Os[0xf4]w9nG[0xfe]OqF[0xda]7~Z=f[0xc4][0x88][0x87][0xdd][0x87][0xd7][0xe2][0x1e][0xda][0xfd][0xca]*[0x1b][0xdd]B:[0x1f][0x12][0xce]G@M[0x8b][0xc][0x93][0xc7]4[0x85][0xce][0xf7][0xdc]H[0xae][0x90] q[0xbb][0xbf][0xc2][0x1]3b[0xf1][0x87][0x7]qsX[0xd4]kp[\n]&quot;
2013-02-06 13:51:57,108 AAD-WS DEBUG wire:63 - &gt;&gt; &quot;e[0x8f][0x6]zLyH[0x12]e[\n]&quot;
2013-02-06 13:51:57,108 AAD-WS DEBUG wire:63 - &gt;&gt; &quot;[0xbf][0x0][0xf7][\r]H[0xaa][0xd9][0xe6]*[0x8b][[0xd7][0x8d][0xe8]J[0x8b][0xe4][0xea][0x96]8=is[0xaf][0x19][0x8b]$[\r][0xb6][0xd1][0xcf]j[0x17][0xbb][0xda][0xad]q[0xde]&lt;%[0x9f][0x1c]Y[0xd1][0xed]2[0x97]y[0xcf]+[0x8b][0xc5]KcF[0xf]#[0x16]&amp;[0xdd]M|V[0x82][0xbf][0xe1][0x8a][0xba][0x13][0x96][0x95][0xe8][0xe3][0xcc][0x9d]qY[0xbb]n9[0x9f]M[0xfa]&gt;[0xef][0xb5][0xb6][0xba]^rO[0x97][0x1d]Y[0xfb]S[0xdc]([0xb0][0xaa][0x93][0x9a][0xca]\+[0xcc]D[0xc3]&amp;[0xbe]([0x89][0x11]C[0xef]cK[0x8a][0xf4][0xfe]~C^A][0xbe][0xe6]w[0xc][0xcb][0xad]d[0xbc].`%F[0xe2]lJ[0x1e]d[0xb6][0xa9]_~[0xc5][0xe2][0xae][0xef][0xdd];[0x1c]?[0x9][0x8f][0xba]V[0xcc][0xc1][0x11][0x1c][0xe5][0xaf][0xf5];[0x10][0x84]_J:[0x80][0x2][0xa9][0xea][0xce]x[0x8f]3[0xfa][0xa5]]s[0xc6][0xfb][0xbd][0xf1][0x1]o&lt;[0xe6][0x8d][0xf]z#7[0xdf][0xce][0xc8][0x8d][0xa3]3~[0xd2][0x1b][0xb9]I[0xe4]Q[0x95]6[0xc6][0x19][0x1f][0xf1][0xc6]G[0xbd][0xf1]S[0xde][0xf8][0x98]7&gt;[0xee][0xec];[0x85][0xed]z[0x2][0x9f]fz[0x2][0xa0][0x9d]([0x84][0x8f][0xb9]o[0x84][0x86]@[0xa1][0xda][0x93]([0x8][0x5]}[0xc3][0xf0][0xdb]([0xc][0x5][0x8b][0x9c][0x89][0x12][\n]&quot;
2013-02-06 13:51:57,109 AAD-WS DEBUG wire:63 - &gt;&gt; &quot;[0x6][0x9c]Iq([0xa8]:[0x93][0x9][0xa1][0xa0][0xe6]LJ[0x82][0x13][0x87]Q[0xda][0x1e][0xaa];[0x8d][0xc9]u[0xcf]c[0x92][0x8d][0xc9][0x83]P[0xfc][0xc7][0xe1][0xf7][0x9d]D0t[\n]&quot;
2013-02-06 13:51:57,109 AAD-WS DEBUG wire:77 - &gt;&gt; &quot;S[0xb6][0x87]|C[0x98]j[0xa3][0x8c][0x94]o[0xf][0xd1][0x10][0xa6][0x9d]DE[0xe8])T[0x14][0xda][0xa8][0xcc]fN[0xe7][0x1f]3[0xb6][0xf][0xa1][0xea]$[0xaa]Y^[0x1d][0xb2]1[0xd3][0xc6],[0x99][0xb2][0xea]l[0x96][0xce][0xd9][0xae]0[0xd8]Y[0xc3]8[0xdb][0xc6][0xdc]m![0x96]L[0xb7][0xf1][0x9e]m9[0x92]s[0x1c]I[0x85][0x8d]y[0xb9][0x92][0x1a]GRmc[0xfe][0xb6]OC[0xfe][0x99][0xf2]$[0xd3][0xcb]1[0x8d]i7[0xbb]3[0x8c]b[0x18]|a=[0x98][0x81]([0xe6][0xa2][0x17][0xb]`b[0x9]va9v[0xa3][0x3]qt![0x81]&gt;[0xf4]#[0x8d]=[0xb8][0xe]I[0xdc][0x8a][0x14]_[0xae][0xc5][0x17][0x96]f[0x87][0xee][0xe5]O[0x98][0x1][0xbc][0x8c]}[0xf8][0x16][0xf6][0xe3]g8[0x80][0xd7]q%[0xef][0xc2][0xdf]D[0xae][0xb3]q[0x16]_~[0x1][0x8f]E[0xe2][0xe8]P[0xc6][0x6]&quot;
2013-02-06 13:51:57,110 AAD-WS DEBUG wire:63 - &gt;&gt; &quot;[0xd5][0xe1][0x1e][0xe4][0xab]8[0xc4][0x1c][0xee][0x84]=[0xfd]j[0x1e][0x89][0xc7]B6;[0xf4][0xc4][0x19][0xf5]&quot;[0x87]y[0x98][0xe9]p~[0xe8][0xda]\[0xe8]#[0xc]-[0xf1][0xf8][0x99][0xbc][0xd0][0xb5][0xb9][0xd0]w3}:?t].[0xf4][0x3][0xc]}[0x8c]9[0xa7][0xf2]B[0xd7][0xe5]B[0x1f]g[0xfa]L~[0xe8][0x5][0xb9][0xd0][0x8f]1[0xf4][0xe3][0xcc]y6/[0xf4][0x82]\h[0x1]}.?t}.[0xf4]3[0xc][0xfd],s&gt;[0x9b][0x17][0xba]&gt;[0x17][0xfa][0x5][0xa6][0xfc]![0xe6][0xa9]n[0xf6][0xa0][0xcf][0xaa][0xfd][0x1c][0x1a][0x6]QHm[0xb5][0xa7]9[0xda]9[0xb4]N[0xf3][0xd3][0xe0][0xa1][0xd6][0xc6]{C[0xb5]CX[0x98][0xd9]v&amp;[0x14][0xa6]/1}[0x99][0xc3][0xec]+([0xc1]W1[0x15]_C[0x15]^[0xe1]l[0xf1]M[0xd6][0xfa][0xfc][0x19][0xd3][0x17]{[0xf8][0xa5][0x8c][0xbf][0xc8][0xc1][0x17][0xb0][0xc5][0x19]0I*[0xc0][0xf7][0x19][0xec][0x7][0xc][0xf6]CL[0xc4][0xab],y[0x1][0xff][0xe6][0x2][0x14][0xc4][0x99][[0xca][0xca][0xf][0xf3][0x9b]&lt;[0xd7][0xc6]y[0xcf]cIc x~cqe[0xe0]4[0xd4][0xca][0x80][0x8d][0xb][0x1a][0x8b][0xab][0x7]1O[0x1e][\n]&quot;
2013-02-06 13:51:57,110 AAD-WS DEBUG wire:63 - &gt;&gt; &quot;[0xbf][0xb3][0xa5]6[0x1a][0xbd]&apos;[0xb7][0xcc][0xc6]ro[0xba][0xc2][0xc6][0xca][0xe3]X[0xcc][0xb3][0xb][0x1b][0xd5]J[0xf5]E~[0xff]6[0x9a][0x1a][0xd5][0xcc][0xa2]U[0x9e]&amp;OW[0xcb][0xb4]R[0xb5][0xd1]&lt;[0x8c][0x16]V[0xe7][0x8d][0xca]d[0xa3][0xf7][0xc9][0xd2][0xd3][0xbc]Tdk[0x98]M[0x13][0x84][0xbd]v[0x89]8[0xaa][0xa2]l[0xc2]0[0xd6][0xd9]h[0x95]9U[0xaa][0xc1][0xf5][0xc3]x[0xff])[0xb4]m/[0x9b]0[0x84][0xf6][0xb1][0x13][0x1b][0x1b][0xa8]Q[0x93][0xf5][0x1b][0x97][0x96]T[0x94][0x94][0xde]}/[0xa7][0x10][0xce][0x2]&apos;[0xb0][0xc9][0xc6]E[0xbc]~3[0xaf]o[0xd4][0x8e]#UQ2[0x15][0x1d][0x19]q[0xa7][0x8d][0xad],[0xde][0xe6][0x89][0xb7][0x88][0xf8][0xe2][0x8c]x[0x87][0x8d]KX|[0xa9]&apos;&gt;O[0xc4][0x97]e[0xc4];mt[0xb1]X[0xf7][0xc4][0xe5].[0xb7][0xdb]F[0x98][0xb9][0x11][0x87]+[0xac]J[0x8d][0x1a][0xce][0x9]z[0xb6]W[0x94][0xc]!:v[0xc2]&apos;p[0x1c]Ul[0xa3]7T}[0x12]f[0xa8]L9[0x89]]Y[0x8f][0xfb][0x4][0xea][0x98][0xbe][0x6][\r][0xbf][0xc2]$[0xce] ex[0x83][0x83][0xe4]7[0x98][0x8d][0xdf][0xa2][0x16][0xbf][0xe3]|[0xf4]{[0xb4][0xe0][0x8f]X[0x8f]?a#[0xde]D&apos;[0xfe][0xcc]y[0xe9]-[0xce]P[0xe1]L[0xf4][0xe][0xf6]S[0x1][0xae]&amp;[0x1f][0xae]&apos;?[0xe]S!n[0xa7]b[0xdc]E[0x13]p/ix[0x88]J[0xf0][\n]&quot;
2013-02-06 13:51:57,111 AAD-WS DEBUG wire:63 - &gt;&gt; &quot;M[0xc1][0xb7][0xa9][0xc][0xaf]R9~B[0xd3][0xf0]k[0xaa][0xc0][0x9b]TI[0x5]4[0x9d]4[0x9a]A[0x15]TEs[0xa8][0x9a]ji&amp;[0x9d]O[0xb3][0xa8][0x89]f[0xd3]z[0xe6]l[0xa5][0xb3][0xa9][0x8b][0xe6][0x92]I[0xf3][0xf8][0xb3][0xb1][0x9e][0xee][0xa3][0x85][0xf4]1ZD[0xf][0xd1]b[0xb6][0xfc][0xb]8[0xed][0x5][0xef]/[0xf8][0xc9][0x14][0xf2]x[0x3][0x9f][0xd3][0x1c][0xe4][0xf7][0xc0][0x81][0xd4]~[0x1c][0x93]%[0x8c][0xda][0xeb]^D[0x80]&apos;[0xbb][0xdb][0xb]Vr[0xc9][0x98][0xc7]5&apos;[0xb6][0xb2][0xb6][0xce]F[0x1f]3[0xe3][0x8d][0xfe][0xda]j_[0xa5][0xff])$[0xfc][0x91][0xea][0x88]L[0xfa]m[0xec]a[0x98]][0x83]8[0x8f][0x87][0xe0] [0x2]&gt;[0x8e][0xc8][0x92][0xea][0x82]c[0xc][0xe3][0xac][0xe5]uI^[0xce][0xb]y[0x96][0x92]u&lt;Z[0xfe][0x88][0x8d][0xb4][0xbc][0x99][0xbd][0x99]7[0xb3][0x99][0x9f][0x1b]h9[0x14]Z[0x81]R[0xba][0x10]S[0xa9][0x89]cn[0x15][0xaa][0xa9][0x19][0xb3][0xa8][0x5]g[0xd3][0x1a][0xd4][0xd0]Z,[0xa0]uXL[0xad]XKm[0x1c]m[0xed][0xe8][0xa4][\r][0xd8]A[0x9b][0xb0][0x93].B[0x84]:[0x10][0xa3]-[0xb8][0x86][0xb6][0xb3]/[0xe1]G[0xca][0xdf][0xe8]Y[0xf9]FR[0x85][0xea][0x96][0x98][0x1][0xe4][0xd1][0xd1]I[0x84].g[0xca][0x1f][0xe5]^[0xe1]][0xca]o[0xb8][0x88]e_[0xe0][0x83][0xec]k[0xf3][0xad][0xf0][0xad][0xe4]$[0x12][0xa8][0xe5]C[0xaf][0xe4]#[0xec]o[0xf4]W[0x89][0x7][0xe][0x8][0xb9][0xa2][0xab]k[0xc5][0xa1][0x2][0xbf][[0xef][0xae]l,[0xac][0xaa],d&apos;u[0xad][0xa8][0x96][0xb1]_4[0xae][0xea][0x12]zu[0xd7]0&gt;[0xb0][0xd2][0xd5][0xe4][0xfa]w[0xcd]?[0xa7][0xc9][0xc6]^[0xfb][0x8f]5}l][0x99][0x94]S[0xb6]0Q[0xd4]%vrYm[0xab][0xad][0xe2][0xe5][0xd7]e[0x15][0x90]nT[0xf0][0xb4][0x87][0x93]V[0x94]][0xdd][0x8b]b[0xda][0x8d][0x12][0x8a]!H[0xfd][0xec][0xee]=8[0x87],[0xcc][0xa7][0xbd]XD[0x3]h[0xa4]}[0xd8]DW[0xa0][0x83][0xae][0xc4][0xa5]t[0x15][0xbb][0xf7]j[0x1c][0xa0]kq[0x15]][0x87][0x1b][0xe8] n[0xa3]C[0xf8]8[0xdd][0x88][0xe3]t3[0x1e][0xa1][0xc3]x[0x96]n[0xc1][0xb]t[0xab][0xd3][0xc9][0xbc][0xec][0xb9][0xbd][0x89][0xbb][0x17]q[0xfb][0xec][0x13]88[0x88][0xaa][0x13]8t[\n]&quot;
2013-02-06 13:51:57,111 AAD-WS DEBUG wire:63 - &gt;&gt; &quot;[0xd7]s[0x17]qC[0xf0]F[0x1b]7[0xb1]&apos;o[0xb2]q[0xb3][0x8d][0xc3][0x99]@[0x98]([0xfd][0xe][0xa7][0xd7][0xa2][0x2][0xc2][0xac][0x2][0x1f][0x2][0xf8]2[0xe7]c[0x17][0xed]2[0x7][0xb]X[0x10][0xfc][0xe0]0ny[0x12][0x9b][0x82][0xb7]:cg[0xf0]6g[0xdc][0x11][0xfc][0x90]3[0xee][0xc][0xde][0xee][0x8c][0xdd][0xbe]&apos;q0&apos;[0xc9][0xd3][0x11][0x4][0xe8](&amp;[0xd1][0x1d]|[0xe0];1[0x9b][0xee][0xe2][0xb8]z[0x1b]u[0xcc]/[0xe0][0xa4]/{[\r][0x1f]v[0xb2]x[0x1][0xee][0xe4][0xd2],[0xe5]&lt;~[0x4][0x5][0x3]PK[0x7][0x8][0xf9][0xed][0x10][0xbe][0xe6][\r][0x0][0x0][0x86][0x1c][0x0][0x0]PK[0x3][0x4][\n]&quot;
2013-02-06 13:51:57,111 AAD-WS DEBUG wire:63 - &gt;&gt; &quot;[0x0][0x0][0x0][0x0][0x0][0xd4]|D5[0x0][0x0][0x0][0x0][0x0][0x0][0x0][0x0][0x0][0x0][0x0][0x0][0x14][0x0][0x0][0x0]javax/help/plaf/gtk/PK[0x3][0x4][\n]&quot;
2013-02-06 13:51:57,112 AAD-WS DEBUG wire:63 - &gt;&gt; &quot;[0x0][0x0][0x0][0x0][0x0][0xd4]|D5[0x0][0x0][0x0][0x0][0x0][0x0][0x0][0x0][0x0][0x0][0x0][0x0][0x1b][0x0][0x0][0x0]javax/help/plaf/gtk/images/PK[0x3][0x4][0x14][0x0][0x8][0x0][0x8][0x0][0xd4]|D5[0x0][0x0][0x0][0x0][0x0][0x0][0x0][0x0][0x0][0x0][0x0][0x0]#[0x0][0x0][0x0]javax/help/plaf/gtk/images/Back.png[0x1]#[0x5][0xdc][0xfa][0x89]PNG[\r][\n]&quot;
2013-02-06 13:51:57,112 AAD-WS DEBUG wire:63 - &gt;&gt; &quot;[0x1a][\n]&quot;
2013-02-06 13:51:57,113 AAD-WS DEBUG wire:63 - &gt;&gt; &quot;[0x0][0x0][0x0][\r]IHDR[0x0][0x0][0x0][0x18][0x0][0x0][0x0][0x18][0x8][0x6][0x0][0x0][0x0][0xe0]w=[0xf8][0x0][0x0][0x0][0x6]bKGD[0x0][0xff][0x0][0xff][0x0][0xff][0xa0][0xbd][0xa7][0x93][0x0][0x0][0x0][0x9]pHYs[0x0][0x0][0xb][0xe][0x0][0x0][0xb][0xe][0x1]@[0xbe][0xe1]A[0x0][0x0][0x0][0x7]tIME[0x7][0xd4][0x5][\r][0x16]5[0x1d][0xa6]m[0xd2][0x99][0x0][0x0][0x4][0xb0]IDATx[0xda][0xad]UKh]U[0x14]]{[0x9f]s[0xcf][0xfd][0xbd][0xfb][0xde]K[0xd2][0xbc]$[0xcd][0xcf]4i[0x92]R[[h[0xa1]![0x88][0xfd][0xc]J[0xf1][0x93][0xc4][0x82]U[0xd4][0xaa][0x14][0xb]&quot;[0x14]&apos;J[0x11][0x85]f[0xa2][0x82]t[0xe0]@[0xb0][0xa8][0x1d][0x14][0xab][0x93][0xe][0xc4]iQ[0x90]RD[0x10]-[0x94]Rk[0xed]GI[0x1d][0xb4]I[0x9a][0xb4]y[0xef][0xe5]}[0xce][0xd9][0xe][0xf2]^[0x1b]K[0x82][0xad][0xb8][0xb8][0x9b]s.[0xfb][0xdc][0xb5][0xd9][0x9b]{[0xd6]R[0xb8][0x10][0x0][0xc6][0x3]B[0xdd][0xe7]9[0x6][0x10][0x10][0xc1]&apos;[0x2][0x1]p[0xf]T`[0xe8][0xbd]-[0xba]sG[0x87][0x9e][0xf8]v[0xc2].C[0x9e][0x10]Sw[0xd2][0x12][0xb7]g[0xda]R[0xec]i[0x95][0x9f][0xcf]W[0xdc]=[0x9d]qm[0xff][0xf][0xe8][0xda][0xea][0xd5][0xa2][0xbc][0x4]y[0xc][0xc2][0x1a][0x0][][0xd5][0xb5][0xb9][0xaa]|[0x1f]%[0xe1][0xe4][0xcc][0xf5]|[0xb5]v[0xc6][0x0]Hj[0xdf][0x97][0x0][0xcc][0xd7]x,[0x0][0xf9][0xb7][0x99]&apos;[0x0]6[0x11][0xd1][0xfb]~[0xca][0xbb][0xa2][\r][0x8b][0xd2][0xfc]a[0xd7][0xc3][0x9d][0xe9]Z[0xde][0x0][0xe8][0x1][0xf0][0x12][0x80][0xd7][0x1]&lt;[0xf]`&apos;[0x80]n[0x0][0x1][0x0][0xd2][0xf7][0x10][0xca][0xa2]}[0x8]`[0x80][0x8][0xbb]Y[0xd3][0xde][0x9e][0xcd]+Zf[0xfe]*[0xb8][0xeb][0x17]oK~[0xa6]P[0x1f]o[0x86][0x14]mcEG[0x88]I[0x83][0x8]b[0xc5]:[0xeb][0xe][0x8a][0x95][0x13] \[&lt;&quot;[0xae][0xb5]H[0xb5][0xea][0xab][0x88]0&amp;[0x82]W[0x1f][0xda][0x9c]nh][0x93][0xa5][0xc2]l[0x95][0x88][0xa9][0xa1]T([0xb5][0x3][0x98][0x6]0[0xec][0x85][0xfa][0xe3][0x81]&apos;:[\r]3[0xde][0xa0][0xf8]Ff[0xaf][0x15]&amp;[0xfe][0xfc]nb|~[0xa6]4[0xab][0x94]:[0xae][0x17][0xcd]Z[0x3][0xa8][0x0][0x88][0x1][0xf4][0x13]a[0xb7][0x8][0xf6][0xf7][\r]7d[0x1a][0xfa][0xd2][0x94][0xea]k%s[0xa1][0x4]qS[0xeb][0x8b][0xb7][0x8a][0xfb][0x0][0xdc][0x4][0xd0]FLJ[0xc5]~c[0xdc][0x11]kh[0x85][0xa4];[0xdd]u[0xfd][0xcc]$[0xdb][0xa2][0x8b][0x1a][0xda][0xb2][0xa6]^[0xa0]Z[0x1b]O[\n]&quot;
2013-02-06 13:51:57,113 AAD-WS DEBUG wire:63 - &gt;&gt; &quot;[0xc0] [0x11]FE[0xb0][0xbf]w[0xb8]![0x93]Y[0x15]+[0xd5][0x99][0xa1]J[0xac]aI[0xe0][0x9c][[0xf][0x87]&gt;[0x0][0x96][0x98][0xac][0xad][0xb8][0xe9][0xf3]&apos;.[0xe5][0xb4][0xaf][0xb0][0xf1][0x95]~[0x84][0xb1]Q[0xe4][0x1c]r}[0xcd][0xcd][0x1b]F6$[0xf5][0x2][0xe][0x80]&quot;B[0x1b][0x80][0xa7]Y[0xf3][0xb][0xdd][0x9b][0xd3][\r][0x99]U1q{[0x9a]\[0xca] _*[0xa2]i[0xb5]ADM[0x81]X[0x9][0xc8][0xf7]@[0xa1]qlt[0x85]}[0xad][0x89][0x9]&amp;[0xf6][0x91]k[0xeb][0x80][0xef][0xff][0x1][0x80]*^h[0xac][0xbe][0xf3][0xbb][0x12][0xba][0x5][0x18]3[0xa1][0xda][0xb3]r][0xd2][0x96][0xed]M[0x11]Zc[0xb2][0xb1][0x81]&quot;[0xa0]Z[0xa9][0xc2][0xeb]J`[0x9a]|[0x90]u`[0xad][0xc1][0x9e]bb[0xf6][0xd9]([0x90]RH[0xc7]Y[0xf4]t[0xe]&quot;[0xc]~A~._[0xae][0xe4][0xcb]U&gt;p[0xe2][0x0][0x11]S+[0x4][0x8f][0x7][0x89][0xde][0xdb][0xb2]6[0xd5][0x95][0xed]O[0x91]][0x11][0x92][0x8d][0xc][0x1c][0x3]N[0x4]N[0x1c]$[0xd0][0xa0][0xa6][0x18][0xdc][0x92][0x6][0xe7]R[0xe0][0xa6][0x18][0xaa])[0x86][0xca]DP[0xa9][0x10]Q*[0x8d][0x15][0xe9][0x1c][0x8c]2pUg][0xd9][0x89][0x9e]/[0xcf]G~[0xec]ob[0xcf][0xed]i[0x1e]H:[0xb2][0xab]C[0xd8][0xac]O6[0xd4]P[0x4][0xb0][0x13][0x8][0x9][0x9c]u &quot;[0x88]b[0x88]b@+@1H)[0x10]3H[0x8][0x9e][0xe7][0xc3][0xd3][0x1e][0x88][0x8]D[0x4][0xf6]X[0xb4]@[0x98][0x98][0x14])&quot;[0x93][0xf1]][0xd0][0xde][0xc8][0xb7][0xa5][0x2][0x1][0xe0][0xdc][0x2][0xa9][0xa3][0xda]Z{&apos;[0xa2][0xbb][0x5]Y &quot; [0x10][0x98][0xee]j[0xa1][0x88]TLl,[0x97][0xca][0xa5][0xb9]r[0xa1]|[0xba]8U9r[0xe3][0xb7][0xc2][0xd9][0xe2]4$[0x8c]#[0x1][0x0]q[0x2][0xe7][0x1c][0xc4]-[0x90][0x88][[0x8]&apos;[0xe]&quot;[0xb][0xb9]z[0x9e][0xa4]&amp;C[0xb5][0xab]Z.[0x96][0xe7][0x82]$([0xf1][0xb1][0x97][0x8f][0x89][0xad][0xd8][0x9b][0x8d]][0x8d]_K^[0xe]^[0xfe][0xe6][0xf2][0x19][0x9a]&quot;[0x84]A([0x4][0xba]C[0xbe]p[0xbd][0x9][0xb][0xcf]][0xb2]z[0x9e][0x88][0xa0]X[0x81][0x98][0x4][0x0][0x8a][0xb3][0xc5]|bR[0xa5]zO[0xde][0xe4][0xd5]I[0xbd][0xed][0xb5][0xad]?Fq[0xb4][0xef][0xec][0xd1][0xb3][0x97][0x82]r[0xe0]|[0xcf]_[0x18][0x83][0x8][0x8c]g[0x10][0x87][0x91]K[0x85]q5[\n]&quot;
2013-02-06 13:51:57,114 AAD-WS DEBUG wire:63 - &gt;&gt; &quot;[0xa2]j[0xe8][0x87][0x12][0xfa][0xa1][0x4][0xc6][0x17][0xdf][0xf8]0[0x9e][0x81]o[0xfc][0xea][0xd4][0xb5][0xa9][0xaa]s[0xee][0xaa][0xad][0xd8][0xe9][0xb5][0x8f][0xae][0xb5][0xb4]H*[0x14][0x80][0xf9][0xb1][0xf1]Qu[0xee][0xe4][0xb9][0x9e][0x8b][0xa7][0xff]a[0xe8][0x9d][0xa1][0xc6][0x92])[0xb1][0x15][0x8b][0x96][0xe6][0x16]$~R`[0xa1][0xdb][0xc4][0xac][0x94][0xe6][0x84][0x88] [0x10][0xc5][0x8a]5[0x81]][0x83][0xc9][0xde][0xf8][0xe2][0x8d][0xe3]T[0xbe]U~[0xe6][0xab]s_[0x9e]z[0xb2][0xe3][0xa9][0xa5]}ct|[0x84]G[0xc7]G[0x9a][0x88][0xe8][0xc6][0xf0][0xbb][0xc3][0xd5]-[0x1f]lq[0xbb]&gt;[0xd9]U[0xed][0xdd][0xd1][[0x97][0xe0]e#L[0x85][0xeb][0x8e]^[0xf8][0x9c][0x16][0xeb]}][0x19][0xbd]E5[0x1c][0x80][0x9b][0xab][0x87][0xfb][0x86]~[0xfa][0xe8][0xa7]+2%[0x8][0xfc][0xa0][0xae][0xb2][0x87][0x1][0xb4][0x2][0xc8]-[0x13][0xe7][0x97][0xf2][0x1]Z[0xca][0x8d][0xc6][0xc6]GU[0xae]/[0xb7]1Y[0x99][0xfc][0xbc][0xfd][0xed][0xed]n`g[0xbf][0x3]0[0xfe]_[0xbc]yY[0x8c][0x1e][0x1a][0xd1][0xd9][0x95][0xd9][0xe1][0x96][0xc1][0xdc][0xa9][0xa8]1[0x12][0x0][0x87][0xf0][0xe3][0xb9][0xc3][0xcf][0xea]([0x1b]=[0x16]f[0xc2][0x17][0xa3][0xc6][0xe8][0x91][0xe5]:^[0xce][0x16][0xef][0xb]o[0x9d]|S[0xcd][0x95][0xe6][0xb8]b+[0xee][0xd3][0x91][0xcf][0xec]=[0xe][0xb8],[0xfe][0x6][0xe0]C[0xc8][0x8b]C[0xfc]R[0xda][0x0][0x0][0x0][0x0]IEND[0xae]B`[0x82]PK[0x7][0x8][0xbe][0xfc][0x6]([0x5][0x0][0x0]#[0x5][0x0][0x0]PK[0x3][0x4][0x14][0x0][0x8][0x0][0x8][0x0][0xd4]|D5[0x0][0x0][0x0][0x0][0x0][0x0][0x0][0x0][0x0][0x0][0x0][0x0]&amp;[0x0][0x0][0x0]javax/help/plaf/gtk/images/Forward.png[0x1][0x17][0x5][0xe8][0xfa][0x89]PNG[\r][\n]&quot;
2013-02-06 13:51:57,114 AAD-WS DEBUG wire:63 - &gt;&gt; &quot;[0x1a][\n]&quot;
2013-02-06 13:51:57,115 AAD-WS DEBUG wire:63 - &gt;&gt; &quot;[0x0][0x0][0x0][\r]IHDR[0x0][0x0][0x0][0x18][0x0][0x0][0x0][0x18][0x8][0x6][0x0][0x0][0x0][0xe0]w=[0xf8][0x0][0x0][0x0][0x6]bKGD[0x0][0xff][0x0][0xff][0x0][0xff][0xa0][0xbd][0xa7][0x93][0x0][0x0][0x0][0x9]pHYs[0x0][0x0][0xb][\r][0x0][0x0][0xb][\r][0x1][0xed][0x7][0xc0],[0x0][0x0][0x0][0x7]tIME[0x7][0xd4][0x5][\r][0x16];[0x14]A2G[0xb3][0x0][0x0][0x4][0xa4]IDATx[0xda][0xad][0x95][0xdf][0x8b]]W[0x15][0xc7]?k[0xef]s[0xf6][0xb9][0xe7][0xdc];s[0xef][0xdc]$[0xb7][0x93]f&amp;h3m[0x13][0x6][0x15][0xc5]B[0xe2]Pj#A[0x82][0xf][0x89][0xf8][0xd0][0x1f]j[0x1f][0xd4]*[0xbe][0xf8] [\n]&quot;
2013-02-06 13:51:57,115 AAD-WS DEBUG wire:77 - &gt;&gt; &quot;R[0x10]; *[0x15][0xc1][0x17]A[0x1f]L[0xdf][0x85]`Z[0xfd][0x3]D[0x89]Q,[0x1a][0x8][0xc5]L0M[0xaa][0x89]!N[0xa7]3[0xcd][0xcd][0x9d];[0xf7][0x9c][0xb3][0xd7][0xf2]an&amp;[0xd3][0xd8]6[\r][0xb8]8[0x8b][0xbd][0x1f][0xf6][0xfa]~[0xd7]Z[0xfb][0xec][0xf5][0xf5][0xdc][0xbb][0x9][0xe0][0xde][0xef]a[0xaf][0xe0]&quot;[0x4][0x11][0x1a][0xe3]X[0x5][0xec][0xbd][0x2][0x92]w[0xc9][0xf0][0x96][0xdb]6[0xa7][0xd3]k&amp;[0xa1][0x1d]vo[0xf4][0xcb]^[0xff]?[0xeb][0x3]S[0xbb][0x2][0xf4][0xc7]Do[0xb3]C?8[0x18][0x0]M[0xee][0x0][0xf6]@[0x0][0x1a]@[0x6]Tc[0x80][0x12][0xa0][0x98][0xc8][0xb3][0xb2][0xae]?[0xa6][0xb5]&gt;[0x6]\C[0xf8][0x1d][0xc6][0xab][0xc0][0xe0][0x1d]H[0x1a]@[0x95]l[0x3][0xcf][0x80][0xfb][0x80][0xfd][0xc0]N[0xa0][0x3][0xdc][0x4]~[0xf]\[0x5][0xaa]$[0xcf][0xdd][0xf5][0xf3]W[0xf][0x89][0xe3][0x1b][0xa1]H.[0x97][0x83][0xba]mX[\r],[0x8d][0xcf]n[0xb5][0xeb][0xcc]s[0xba][0xb1]=[0xf7][0x14][0xf8][0x80]x[0xf9][0x96][0xf][0xbe]N[0xf2][0xc4][0x92][0x86]7[0x1f]\%^[0xbe][0x4][0xec][0x2][0x92][0x1d]3;&amp;[0x9d]s/L?[0xdc][0x8e][0xfb][0x1f][0xdf]][0xfb][0xd4]][0x15][0xe1][0x87][0xc0][0xc7][0x81]b[0x9c][0xe8][0xf6][0x8e]l[0xde][0x81][0xf7]&gt;[0x8d]1[0x1e][0xc9]&amp;[0xc3][0xe2][0xde][0xc3]3[0xff]l[0xef])fdT[0xca][0xf0][0xad][0xea][0xfc][0xd2]o[0xff][0xf5][0xb3][0xf2]f[0xb5][0x6][0x9c][0x1e][0xad][0x8f][0xba][0xe2]d*4[0x83][0x9b]&gt;[0xd0][0xb1]j4[0x9c][0xbe][0xf8][0xc7][0xb5]gEP36[0x80][0x8b][0xc0][0xc6][0xb8][0x92][0xdb]w[0xb0]c[0xb6][0x1b]V[0xaf][0xad][0x15][0x8d]n#[0x9f][0xf9][0xc4][0xf4]^+kO[0x9d]Q[0xd6][0x83][0xae]8[0xf1][0xc0]a[0xe0][0xc0][0xf0][0xc6]p[0xca][0xd4]&gt;[0x1c][0xa6]&amp;h[0xcd]MKw[0xb0][0x8e][0x88][0xb4][0xff]qz[0xf5]k&quot;[0x88][0x19]&apos;[0x81][0xb][0xe3];I[0x80]:[0x1]x[0xe4][0xe9]G&amp;[0xce][0xbe]tv[0xd7][0xfa][0xa0]/~P[0xfa][0xe1][0xa0][0xe4]o/^[0xa0][0x1e][0xc5]^[0xac]tE[0x9c]|[0xce][0xd4]|[0xac][0xa3][0x7][0x8a](F[0xd5]L[0xf0][0xb3]mik[0xf4][0xfb][0xa0]}[0xf1][0xf4][0xea]WE[0xc0][0x8c]S[0xc0][0xf9]q%1[0x1]H[0xf3][0x10]A[0xaa],[0xcb][0xe9][0xed][0x9e][0xe5][0xda][0xb5]+&lt;[0xf4][0x99]YL-[0xd1]Q[0xdd][0xd1][0xb2]NmX:[0x1b]U[0x88][0x17][0xf2][0xb9][0xc0]`4D[[0x1][0xb7]gR[0xda][0xe0][0x1f]0[0x9b]z[0xfd]/7[0x9e][0xd1]Z[0x1d][0xf0][0xa2][0x19][0x97][0xb6]ZT[\r][0xca][0xba][0xda][0xa8][0xca]f[0xab][0xc9][0x7]g[0xf7][0xb3][0x1e]GH3[0xc5]bD[0xcb][0x98][0x99]*ZE[0xb4][0xae]1[0xef][0xb0]f[0xa0][0xae]jL 6[0x3]L7[0xa5][0x3]hd[0xf7][0xbf][0xcf][0xf5][0x9f]([0x87]q[\r][0xe1]$[0xc6][0xe5][0x4]@K5[0xad]5[0x6][0x1f][0xd8]9[0xd9][0xa3]hM2[0x90][0x11][0x86]&quot;[0xaa][0xa8]*[0xa8]BT[0xd4][0xc][0xc5][0xd0][{[0x7]V[0x4][0xd8][0xa9][0xd2][0x1][0xa2][0xda][0xde][0xe5][0xa5][0xc1]3[0x1b]7[0xea][\r]qr2[0x1]p[0xa9]3[0x11]ADH[0x93][0x94]4[0xcd][0x90][0xd4][0x83]8D[0x15]b[0x84]([0x9b]O:*[0x16][0x15][0x8d][0x8a][0xa9]aj[0xa8]@[0xcc][0x13][0xfc]T&amp;[0xdd][0x3][0x98]K[0x92][0x99][0xe5][0xa5][0xfe][0x13]Z[0xb9][0xd7][0x1d]@h[0x86]hf[0xd5][0xad][0x1f][0xd8][0xc9][0xe6],3[0xb3]MW[0xdb][0x2][0xd4]qE[0xb7][0xf6][+[0x10][0x8b]@cO[0xd7][0x85]v[0xa6][0xe2]E[0xc4][0x89]O[0x0][0x1a][0x13][0x8d]Q9,on[0xa2][0x8e]_[0x89][0x9]f[0xdb][0x0][0xcd]P[0xbb][0x9d][0xf5][0x16][0xf1][0x98][0x4] o[0x16]6[0xbc]R[0xb1]|a[0xfd][0xdc]p[0xa5]:!^N;[0x80][0x89][0xd0][0x1a][\r][0xdf][0x1a][0xe][0x0][0xc4][0x89]y[0xe7][0x11][0x91]-[0x90]-R[0x84][0xcd]OnW[0xa8][0x86] [0xe4][0x8d][0xdc]dEx[0xed][0xe5][0xd7][0xce][0xda][0xc0][0xbe][0xd3][0xdd][0xdb]=[0x15][0xab][0xb8][0xea][0x0][0xe6][0x1f][0x9d][0x8f][0xb1][0x8a]o[0xaa][0xea][0xe5][0x95][0xab]+u[0x16][0xb2]:[0xa4][0x81],d4Bfy[0x96][[0x9e][0xe5]V4[0x8a][0xba][0x95]7[0xeb]f^hH[0x3]f[0x86][0x88][0x90][0xa5][0x19][0x8d][0xb2][0xa1][0xe7]N[0x9c][0xbb]X4[0x8b]/?[0xfe][0xf5]O[0xfe][0xf9][0x8d][0xcb]o$@[0xba]5;~s[0xe5]e[0xf7][0xd4][0xfc][0xd3][0x8f][0x86][0xc9][0xf0][0xab]/[0xfc][0xf4][0xf3][0xb6]Z[0xae][0xed]2[0xd4]i[0xd4]Z[0x90]hf[0xc4]Z[0xfb][0xa6][0x1a]Ul[0xa2]?[0xea][0x17][0xd7][0x97][0xaf][0xe3][0xc5][0x93][0x95][0x99][0x9e][0xf9][0xfe][0x99]7[0x1f]\[0x98];4d[0xfe][0xd2][0xaf][0xbf]w*[0x8e][0xa7]i|[0xdb]|=[0xb1][0xf4]K[0xc9][[0xf9][0x87][0xee][0xd0][0x81][0xff][0xf1]}[0x9f][0xda][0x17][0x8f][0xfe][0xfc]h}[0xf0]G[0x7]u[0xe1][0xbb][0xb][0xb5][0x88],[0x1f]_&lt;[0xb6][0xe3][0xf8][0xe2]1w7[0xc1]1[0xe0][0xef]@[0xef]][0x4][0xca][0x1][0xdf][0x6][0xbe][0xd9][0xc8][0x1a]f+[0xc6]+[0xbf]x[0xe5][0xd2][0x83][0xb]sG[0x81][0xd5];4!}&apos;![0xba][0x9b]9`[0xf1][0xe1]O?[0xa4][0x87][0x9f];[0xac][0x13][0xf7]O[0xfc][0xb5]7[0xd7][0xfb][0xe8]g[0x17][0x8f][0xfb][0xf7]P[0xc6]{[0xb6][0xe7][0x8b]na[0xf7][0xed][0xef][0xfd][0xa1]sg[0xe1][0xf8][0xf3][0xc7][0x12][0xfe]O&amp;[0x80][0x14][0xdd][0xe2]#y;[0xff]b[0xd1])[0x1e]{[0xea]&apos;O&amp;[0xef]&apos;[0xe8]^[0x8][0xec][0xd9][0x97][0xbe][0xe2]S[0x9f][0xba]V[0xd6][0xd2][0x17][0x8e][0xfc]8[0xde]-[0xe8][0xbf][0xbe][0xec]P[0xda]nc[0x8f][0xdf][0x0][0x0][0x0][0x0]IEND[0xae]B`[0x82]PK[0x7][0x8][0xea][0x88][0x1a][0x89][0x1c][0x5][0x0][0x0][0x17][0x5][0x0][0x0]PK[0x3][0x4][0x14][0x0][0x8][0x0][0x8][0x0][0xd4]|D5[0x0][0x0][0x0][0x0][0x0][0x0][0x0][0x0][0x0][0x0][0x0][0x0]$[0x0][0x0][0x0]javax/help/plaf/gtk/images/Print.p&quot;
2013-02-06 13:51:57,116 AAD-WS DEBUG wire:63 - &gt;&gt; &quot;ng[0x1]}[0x5][0x82][0xfa][0x89]PNG[\r][\n]&quot;
2013-02-06 13:51:57,116 AAD-WS DEBUG wire:63 - &gt;&gt; &quot;[0x1a][\n]&quot;
2013-02-06 13:51:57,117 AAD-WS DEBUG wire:63 - &gt;&gt; &quot;[0x0][0x0][0x0][\r]IHDR[0x0][0x0][0x0][0x18][0x0][0x0][0x0][0x18][0x8][0x6][0x0][0x0][0x0][0xe0]w=[0xf8][0x0][0x0][0x0][0x6]bKGD[0x0][0xff][0x0][0xff][0x0][0xff][0xa0][0xbd][0xa7][0x93][0x0][0x0][0x0][0x9]pHYs[0x0][0x0][0x1c][0x1f][0x0][0x0][0x1c][0x1f][0x1]`[0xfd][0x4][0xda][0x0][0x0][0x0][0x7]tIME[0x7][0xd4][0x3][0x11][0x13].)[0xbd][0xab]2[0xda][0x0][0x0][0x5][\n]&quot;
2013-02-06 13:51:57,117 AAD-WS DEBUG wire:63 - &gt;&gt; &quot;IDATx[0xda][0xdd][0x95][h\u[0x1e][0xc7]?[0xe7]2gf[0xce][0x99][0x99]$[0x13][0xd3]t2[0xc9]$i[0x9b]tL*[0xdd][0xa6][0xae][0xdd]J[0x97]&amp;[0x85]n[0xc1]+&quot;&quot;&quot;^[0xc0][0x7][0x5][0x9f][0xec][0xa3] [0x82][0xa0]O[0xba][0xb0][0xaf][0xbb]/[0xe2]CY[0xd8]UA[0xf7][0xa1]Xv[0xb7]UX[0xcd][0x1a]K[[0x93]I:[0x9d]f[0xda]I[0x93][0xcc][0xfd][0x92][0xb9][0x9c]3[0xe7][0xea]C[0xd3] [0x5][0xc1]*[0xfb][0xb2][0xbf][0x97][0xff][0xc3][0xff][0xe1][0x3][0xdf][0xcb][0xef][0x7][0xff][0xe3][0x11]~[0xf4][\n]&quot;
2013-02-06 13:51:57,117 AAD-WS DEBUG wire:63 - &gt;&gt; &quot;[0x80]x[0xd7][0x9f][0x7][0xd8][0xbf][0x16] &gt;[0xf7][0xc2][0xab][0xe3][0x7][0x1f][0x98]:8666[0x1c][0x1f][0x1a][0xec][0xef][0xe9][0x9][0x5][0x1]1[0xe0]W[0x8a][0x93][0x93][0x93][0x2][0xba][0xbf][0x14] [0x3][0xd2][o[0x9e]~][0x8d][0xec]~[0xc3][0xb2][0x1c]&lt;[0xcf][0xc5][0xb6][0xbb][0xd8][0xa6]N:s}[0x1][0xf8]7P[0x1][0x8a]@[0xeb]^[0x1]&quot;[0xe0][0xfe][0xe7][0x9b][0xef][0xd2][0xa6][0xe5][0xa0][0x1b][0x16][0xa5]b[0x1][0xab][0xdb]&amp;[0x12][0xe]q[0xff][0xf4][0xcc][0xe1][0xa5][0xf4][0xc6][0x85][0xf5]|}[0xf9][0xfd][0xf][0xfe]x[0xe4][0x97]J$[0xc4][0xe3][0x13][0xc9][0xf9][0x85]o[0xaf]4[0x9a][0xba][0xdc][0xdc]*Q7[0xc2][0xc8][0x92]HH[0xf5][0xa1][0x5]}[0xe4][0xd7][0xb3][0xd9][0x93]s[0xf][0x9d][0x2][0xae][0xdd][0xb3]D[0x8f][0xfd][0xe1][0xf4][0x9f]c[0xb1][0xc4][0xf3][0xe9]T^[0x1e]Jh[0x88][0xa2][0x8c]&quot;Kh[0xaa]o[0x7][0xd0][0xd2][0x14][0xe9][0xae][0x0][0xfc]|[0x89][0xc][0xdd][0xf9][0xa0][0xd3][0xb6]7V[0x96]J[0x84]C~[0xf0]\&quot;a[0x85][0xb0][0xe6]#[0xac]*[0x84]5[0x85][0x3]S[0x93][0xf1][0x99][0x99][0x99][0xa9]m[0xcf][0xee]i[0xa4][0xd5][0xdc]|yW4[0xb9]Z)7N[0x9c]&lt;u8T[0xa9][0x16][0x19][0x8e][0xf][0xa1]([0x12]!U![0xa4][0xfa][0xf0]+[0xb2]8:::[0x94]Z[0xbc][0xbc][0xfe][0xbb]#33[0x7][0xa6][0x93][0x8f][0xcc][0xcd][0x1e]{zx8v0[0x1e][0x1b][0xac]fo[0xe4][0x1a][0xdb][0x91][0xfe][0xc9][0x1e]p[0xfc][0xe8]k[0xef]&lt;[0xf9][0xd4][0xec][0xe9]c[0xb3]{[0xb5][0xd8][0xf0]8&gt;YB[0x91]=l[0xdb][0xa0][0xb5]U[0xa7][0xb1][0xd5][0xe0][0xe2][0xc2][0xbc][0xdb][0x17][0xed][0x15][0xf7][0x8c]%@[0x94]0[0xba][0x16][0xd9]l[0xae][0x9b][0xbe]z[0xed][0xb3][0xb3]g[0xcf][0xbd][0xfd][0xf5][0xfc][0xc2][0xb5][0xbb]{#=[0xf3][0xf4][0xe3]}[0x7][0xa6][0x93][0xaf][0xec][0x9b][0xc]?[0xd8][0xe9][0xb4][0xe]$[0x93][0x9]1[0x93][0xbe]B1[0x9f][0xa5][0xb5]U[0xc2][0xea][0xb6][0xb1]-[0x3][0xc1][0xb3][0xe8][0xef][0x8f][\n]&quot;
2013-02-06 13:51:57,118 AAD-WS DEBUG wire:63 - &gt;&gt; &quot;[0xb2]$Q[0xad]5[0x0][0x8]i[0x1]&quot;[0x91][0x88][0x9c][0x18]ML[0xef][0x9b][0xd8][0xf7][0xb2] x[0x99][0xe5][0x95][0xf4]U[0xc0][0xdd][0x1]L[0xec][0x1b][0xe6][0xa5][0x17]_[0xfc][0xcb][0x89][0xb9]c[0xd3]SS[0x9]Q[0xf1][0x9][0xec][0x1a][0xe8]E[0x96][0x4]DIf[0xa0]?[0x8a][0xa6][0x6][0x90][0xa4][0xdb][0x1e][0xbb][0xae][0x8b][0xed]8[0xd4][0x1b][[0x18]][0x13]MSq[0x1c][0x8f][0x9e][0x9e][0x1e]edd[0xe4][0xd1]f[0xa3]q[0xf1][0xfa][0xea][0x8d][0xd5];[0x92][0x89][0xa6]ii[0xa3]c#D{C[0xec][0x1d][0x8b][0xd1][0x1b]Q[0x1][0x8f][0xfb][0xfa]{[0x19][0x88][0x86][0xa8][0xd6]jt::[0x96][0xed][0xe0][0xba].  [0x88]&quot;[0xa2](R[0xa9][0xd4][0xc8][0xe7][0x8b][0xe0]A[0xf4][0xa3]3[0xc4][0xe3]C[0xc1][0xb9][0xb9][0xe3][0xef][0x85]BZ`&apos;E[0xbb]cC[0x9a],I[0x4][0x3]&gt;[0xc2][0x9a][0x9f]D|[0x80][0x90][0xea][0xa7]k[0xda]x[0x8]h[0x9a]B[0xbe]X[0xa1]^o[0xa2][0xeb]]L[0xcb][0xc2][0xb6][0x1d][0x1c][0xc7][0xc3][0xf3]`3_[0xa4][0xbe][0xb5][0xc5][0xe2][0xc9][0x13]\[0xba][0xb2]H[0xad]^[0xdf];2&lt;[0xa4][0xee][0xf4][0xc0]s=[0x11]&lt;DA@[0x10]n{[0x1e][0x8f][\r][0x90][0xb9][0xb1]I[7[0x91]%[0x11]E[0x91]Y[0xbb][0xb5][0x81]_[0xf1][0xe3]m[0xcb][0xd4]l[0xb5][0xd9],[0x14][0xa9]7[0xb6][0x98]_[0xb8][0x84]i[0x9a]h[0xaa]Jjq[0xf1][0xdc][0xf2][0xca][0xb5]&gt;[0xc0][0x2][0x9a][0xb2][0xeb]y[0x98][0x96][0x83]e;x[0x9e][0xb7][0x3][0x89][0xed][0x8a][0xb2][0x92]YG[0x14][0x5]$[0xc9]G[0xb5][0xd6][0xa0]R[0xad][0xd1]l[0xb5])[0x16][0xcb]tt[0x1d][0xcb][0xb2][0x91]%[0x91]NG[0xc7][0xe8]v[0x9]([0x8a];[0xff][0xdf][0xef][\n]&quot;
2013-02-06 13:51:57,118 AAD-WS DEBUG wire:63 - &gt;&gt; &quot;[0xc0]Q`[0x1][0xb8].[0x17][0xb]y[0xcb]0,[0xda][0xba]EXs[0xf0][0xfb]owIQdn[0xdc][0xcc][0x91]Y[0xcd][0xb1][0xbe][0xb1]I[0xb9]R[0xc1][0xb2],[0x1c][0xdb]am[0xed][0x16][0x86]a[0xb0][0xbe][0xb6][0x89][0xdf][0xdf][0xc3][0xcc][0x83][0xfb][0x11]E[0x91]B[0xa1]h[0x19]F7[0x9][0xe4][0x81][0xc][0xe0][0x93]M[0xd3][0xb4]*[0xd5][0x6][0x9a][0xea]&apos;[0xe0][0x97][0xe9]%[0x88]$[0x8b][0x94]+[\r][0xfe][0xf6][0xc9][0xe7][0xb4];:[0xa6]i[0x92][0xbb][0x99][0xa3]Zi[0xe1][0x97]G[0x11][0xbc]0[0xf][0x1f]}[0x8a][0x13]G[0xa7][0x88][0xf6][0xc5]i[0xb5][0xbb]TkW1[0xdb]K[0xe2]o[0xf][0xef][0x1e][0xcb][0xad]-M[0x14][0x8a][0x99][0x14][0x90][0x95][0xb][0xa5][0xd2]?S[0xa9][0x95]T$[0x12][0x9a][0x92]$[0x1][0xdb]vQ|[0x12][0xe7][0xbf][0xfa][0x96][[0xb7]6[0xb0]l[0x1b]C7y[0xe2][0xd4][0xbb][0xc][0xe]$[0xb1],[0x8f]r[0xb9]D[0xa5]\[0xa2][0x90]o[0x10][0xf0][0xf][0xd0][0x1f][0xed]c[0xf2][0xf7]t[0x8c][0x9]9w3[0x1d][0xff]G[0xb5]2R [0x13][0x1][0x14][0xa9]T[0xaa][0xb4][0xd2][0xe9][0xe5]/d[0xc9]7[0xa8]j[0xa1][0xfd][0xfe]@P4M[0x87]3[0xfd];[0xa9][0xe5][0x15][0xf4]N[0x87]h_?[0xf5]Z[0xd5]u[0xdd][0xb6][0x1b][0x8][0xda][0xc2][0xae][0xc1][0x1e]oxdD[0x88][0xc7][0x7]=_[0xa0][0xe6][0x15][0x8a][0x97][0x9b][0xe7]/|z[0xe9][0xec][0x17]g[0xfe]u[0xee][0xfc][0x87][0x1f][0x97][0xab][0xd9]/[0x81]E`[0xfd][0xce][0xaa][0xf0][0x1][0xea][0xa1][0xdf]&lt;phv[0xf6][0xf8][0xb3]{[0xc6][0xc7][0x1e]&gt;[0xe1][0xcb]d[0xb3][0xd9]l[0x9a][0xa6][0xfd][0xfd][0xd2][0xd2]R[0xb6][0xd5][0xee][0xa4]t[0xdd]X[0xd9][0x93]8&quot;[0xf][0xed][0x9e][0x1a]W[0x83][0x91]C[0x92]$[0xd9][0xf5]F[0xe9][0xf3][0x8b][0x8b][0x9f]^[0xee]v[[0xd2]v[0xb9]L[0xa0][0x3][0xb4][0xef][0xbe][0x84][0xc2][0x1d][0x10][0x10][0xd8]?[0xb9]7[0x8]D[0x80]a`[0xf][0x10][0x3]B[0xdb][0x1b]U[0xf8][0xa9][0xdb][0xc2][0xff][0xdd][0xfc][0x0][[0xeb]C[0x0][0x9b]~0P[0x0][0x0][0x0][0x0]IEND[0xae]B`[0x82]PK[0x7][0x8][0x93][0x90][0xd0][0x3][0x82][0x5][0x0][0x0]}[0x5][0x0][0x0]PK[0x3][0x4][0x14][0x0][0x8][0x0][0x8][0x0][0xd4]|D5[0x0][0x0][0x0][0x0][0x0][0x0][0x0][0x0][0x0][0x0][0x0][0x0])[0x0][0x0][0x0]javax/help/plaf/gtk/images/PrintSetup.png[0x1][0xea][0x5][0x15][0xfa][0x89]PNG[\r][\n]&quot;
2013-02-06 13:51:57,119 AAD-WS DEBUG wire:63 - &gt;&gt; &quot;[0x1a][\n]&quot;
2013-02-06 13:51:57,119 AAD-WS DEBUG wire:63 - &gt;&gt; &quot;[0x0][0x0][0x0][\r]IHDR[0x0][0x0][0x0][0x18][0x0][0x0][0x0][0x18][0x8][0x6][0x0][0x0][0x0][0xe0]w=[0xf8][0x0][0x0][0x0][0x6]bKGD[0x0][0xff][0x0][0xff][0x0][0xff][0xa0][0xbd][0xa7][0x93][0x0][0x0][0x0][0x9]pHYs[0x0][0x0][0x1c][0x1e][0x0][0x0][0x1c][0x1e][0x1][0xb2][0xba][0xe6]&gt;[0x0][0x0][0x0][0x7]tIME[0x7][0xd4][0x3][0x11][0x13]7[0x18]wu[0x9b][0xf8][0x0][0x0][0x5]wIDATx[0xda][0xdd][0x95]]l[g[0x19][0xc7]&gt;[0xe7][0xf8][0x1c][0xc5]N[0x9c][0xe6][0xc3][0xb1][0xd3]8.m[0x93][0xb0][0xad]t[0x1d]Z=uK[0xdb]-[0x9][0xda][0xd6]&quot;4*D[0xa5][0x82][0x86][0x18][0xdb][0x84][0x10][0x1f][0x12]7[0x15][0xd2].*[0xd0]n[0x18]Z[0x85]@T[0x88][0x8f][0xa2]UH%[0xed][0xc5][0x6]LM[0xbb][0xa5][0xab]4[0x8][0xac][0xa8]-[0x89][0x93]%i[0xec]:v[0xfc][0xed][0xc4][0xc4][0xc7][0x1f][0xe7][0x1c][0x9f][0xc3][0xc5]B[0x5]CH[0x9d][0x10]7&lt;[0xd2][0xa3][0xf7][0xe2][0x95][0x9e][0xdf][0xfb][0xe8][0xf9][0xbf][0xcf][0x1f][0xfe][0xc7]a[0xfb][0xa7][0xd3][0x6][0x8][0x1f][0xba][0xb3][0x0][0xe3][0xbf][0x5][0x8][0x9f]?[0xf1][0xfc][0xe0][0x9e][0xfb]G[0xf6][0x84][0xc3][0xe1]P[0xb0][0xaf][0xa7][0xd3][0xe7][0xf3]8[0x1]!&lt;[0xb0]}[0xcf][0xa9]S[0xa7]2[0xc3][0xc3][0xc3][0x85][0x3][0x7][0xe][0xcc]$[0x12][0x89][0xb][0xe3][0xe3][0xe3][0x1f][0x19]h[0x8f][0xcd][0xbf][0xff]J&quot;][0xb1][0x96][0x12]ek)^[0xb4]n&apos;[0xb2][0xd6][0x95][0xb7][0xae]Z[0x13][0x13][0xa3][0x96][0xcb][0xe5][0xb4]\.[0xa7][0xf5][0xd4]S[0x8f][SSS[0xe7]-[0xcb][0xea][0xfd]([0xc5]%[0xc0]|[0xf7][0x8f][0xd7][0x17][0x1f];[0xf4])[0x1a][\r][0x9d][0xdb][0x8b]7[0xf9][0xc9][0x8f]^[0xa1]X\[0xe3][0xc5][0x17][0xbf][0xc8][0xcb]/[0x9f]DUk[0xcc][0xcc][0xdc][0xe0][0xe4][0xc9]o6[0x95][0xfa][0xfa]A[0xa0][0xeb]^[0x1][0x2]`[0xbe][0xf4][0x9d][0x97][0xae][0xba][0x14][0xc1][0x10][0x5][0x93]`[0xb0][0x1b][0xd3][0xac][0xf3][0xc2][0xb]_`l[0xec]q[0xb6]o[0x0][0xc3]h[0xb1]sg[0x98]#G[0x9e]`r[0xf2][0xb5]m[0xb5]Z[0xed][0x9e][0xbb][0x10][0x9e][0x1e][0xff][0xd6][0x99]&apos;[0x9f][0xf8][0xea][0xf5][0xc5]XV[0x12]m[0x6][0xf1][0xf8][0x1d][0xae]][0x9b]![0x1a][0xdd]G 0B,[0xf6][0x7]T[0xb5]F[0xb5]Z[0xa3][0xaf]/[0xc8][0xe5][0xcb][0xd7]([0x97][0xcb][0x8e]{[0x6]4[0xea][0xad][0xef][0xd7]Tcma[0xae]@[0x9b]Ga[g&apos;`CUk$[0x93]1[0xaa][0xd5][0x1a][0xaa][0xfa]A[0xfa][0xfd][0xdb][0x10][0x4][0x81]T*[0xe5][0xbd]W[0x80][0xb8][0x92][0x9c])v[0xfb][0x87]VJ[0xc5][0xca][0xe1][0xb1][0x89]}[0x9e]L6M.[0x1b][0xc7][0xe9]t [0x8a][0xe6][0xd6][0xeb]U|[0xbe].&quot;[0x91]a[0x12][0x89]%~u[0xf6][0xac]|[0xec][0x99][0xa3][0xa3][0xa1]P`O0[0xd0]S[0x8e]&apos;[0x92][0x95]-I[0xff];[0x0] [0x9e][0x9c]Y[0xec]l[0xff][0x98][0xaf]e[0x98][0xf][\r][\r][0x7][0xe4][0x91][0x8f][0xef][0xe5][0xf4][0xab][0xa7]io[0xf7]&quot;[0xcb]2&gt;_&apos;[0xdd][0xdd][0xfd][0xec][0xdf][0xff](KK+[0xdc][0xba]u[0xfd][0xc1]][0xbb][0xc2][0xd1][0xfd][0xfb][0x1f][0x1e][0x8b]D&quot;[0xcf]=p[0xdf][0xc8]}[0xcd]Fc6[0x95]^[0xdb][0x0][0xcc]Q[0xd1][0xb1]g[0x8e]t[0xd8]l[0xb6][0xe3][0xbd][0xbd][0xc][0xad]ef[0x95][0x96][0x1e][0xc0][0xd4]+[0x1c]?~[0x82]+W~[0xcf][0xdb]o[0xbf][0xb]@4[0x1a]e[0xf2][0xfc]k[0x9c][0xfe][0xe1][0x19][0x6][0x6]v[0xf1][0xbb][0xdf]N[0xd2][0xe9][0xf7][0xb0]#2[0xa0][0x84]B[0xc1]c[0x83][0x91][0xc1]&apos;[0x3]}[0xbd]_[0xbe]p[0xf1][0x8d]I@[0xbf][0xfb][0xd1]&gt;}d[0xe2][0xc4][0x97][0x9e]}[0xf6]l8[0x1c]B[0xd7]5DQ@[0x91]%2[0xd9][0x2][0xa2][0xa4][0xa0][0xc8]2[0xed][0xed]m[0xb4][0xc][\r][0xb0]XId[0xf9][0xc1][0xab]?&amp;[0x16][0x8b][0xf1][0xd3]3[0xa7][0x9][0x4][0xba]h4[\r]L[0xd3]&quot;[0x9d]^[0xab][0xff][0xfc]g[0xbf]&lt;v[0xe9][0xf2][0xf4][0x9b]@[0xb]@[0xd0]4[0xdd]=[0x10][0xee][0xc7][0xdf][0xee]aG8@[0xbb][0xd7][0x5]X[0xc][0xe][0x4][0x18][0x8]v[0xe0]rJ[0xd8]E[0x90]e;[0xa6]i[0xd2][0xbd][0xcd][0xcb]7[0xbf][0xf1]&lt;[0xa3][0xa3][0x8f][0xf1][0xdc]W[0xbe]F6[0x9b][0x7][0xb][0xfc]g[0xcf][0x11][0xc][0xf6]9[0xf][0x1d][0x1a][0xfd][0x9e][0xc7][0xe3][0xbe][0xab]2[0xa9]7[0xd0][0xe7][0x96]D[0x11][0xa7][0xc3]N[0x9b][[0xc1][0xeb]q[0x90][0xce][0x14]P[0xeb][0x1a][0x8a],[0xe1]v[0xcb]ds%d[0xbb][0x1d][0xcb]2[0xd1]t[0x1d][0xd9].r[0xf4][0xe9]q[0xe][0x8d]F[0xc9]d[0xf3] H[0xa4][0xc6][0xe][0x93][0xbf]5[0xcb][0xfa][0xc6][0xc6][0x8e][0xfe]P[0x9f]k~aI[0x5][0x90],[0xd3][0x12][0xc0]B[0xb0][0xd9][0xb0][0xd9]&gt;[0xd8]}[0xc1]@[0x17][0xcb][0x89][0xc]j]C[0x12][0x5]dYb5[0xb5][0x86]&quot;+X[0x80]i[0x9a][0xb4][0xcc][0x16][0x95]j[0x95][0x8d][0xca][0xdf][0x98]y[0xef][0x6][0x9a][0xa6][0xe1]v[0xb9][0x88][0xcd][0xce]N[0xcd]/,ul[0xcd]aS2-[0xb]Mo[0xa1][0x1b]-,[0xcb][0xba][0xb][0x9]t[0xfb]YXN#[0x8]6D[0xd1]Ny[0xbd]B[0xa9][0xbc][0xce]fU%[0x9f]/R[0xab][0xd7][0xd1]u[0x3]I[0x14][0xa8][0xd5][0xea]4[0x9a]M[0x1c][0xb2]l[0xce][0xfc][0xe9]z[0xe][0x88][0x2][0xef][0x1][0xb7][0xa5]|.[0xab]7[0x1a]:j][0xa7][0xcd][0xdd]BQ$[0x0]dY&quot;q&apos;[0xc9][0xf2]J[0x92][0xf4]Z[0x86]b[0xa9][0x84][0xae][0xeb][0xb4][0x8c][0x16][0xab][0xab])[0x1a][0x8d][0x6][0xe9][0xd5][0xc][0x8a][0xe2][0xe3][0xc1][0x87]v#[0x8][0x2][0xb9]\^o4[0x9a]C@[0x16]X[0x6][0xec][0x92][0xa6]iz[0xa9]\[0xc1][0xed]Rp([0x12][0xed]8[0x11]%[0x81]b[0xa9][0xc2][0xf9][0xb][0xaf][0xa3][0xd6][0xea]h[0x9a]F[0xf2]N[0x92]r[0xa9][0x8a]&quot;[\r]`[0xb3][0xda]x$[0xfa][0x19][0xe]GG[0xf0]w[0x4][0xa9][0xaa]M[0xca][0xeb][0xef][0xa3][0xa9]s[0xc2]&apos;[0xf7][0xf5][0x86][0x93][0xab]s;s[0xf9][0xe5][0x18][0x10][0x97]r[0x85][0xc2][0x95]Xl![0xe6][0xf5]zFD[0xd1][0x86]a[0x98][0xc8]v[0x91][0xe9]k&amp;[0x95]ZC7[0xc][0x1a]u[0x8d][0xa3][0x13][0xdf][0xa5][0xa7]k[0x8]][0xb7]([0x16][0xb][0x94][0x8a][0x5]r[0xd9][\n]&quot;
2013-02-06 13:51:57,120 AAD-WS DEBUG wire:63 - &gt;&gt; &quot;[0xe][0xa5][0x8b]N[0x7][0xbb][0x87][0x1e][0xa5][0xd6][0xd8])%[0xef],[0x6][0xdf]([0x97][0xfa]s,{[0x1]Y,[0x14]J[0xd5][0xc5][0xc5][0xf9]K[0x92]h[0xef]q[0xb9]=[0xbb][0x15][0x87]S[0xd0][0xb4][0x16][0xe7]~[0xfd][0x1b]b[0xf3][0xb][0xd4]k5[0xfc][0x1d][0x9d]l[0xac][0x97]M[0xd3]TM[0x87][0xd3][0xb0]u[0xf7][0xf8][0xac]P[0xbf]-[0x18][0xec][0xb1][0xec][0x8e]u+[0x97][0xbf][0xb9]9}[0xf5][0xe2][0x8d]7/[0x9d]{kj[0xfa][0x17][0x93][0xc5]r[0xfc][0x1d]`[0x16]H[0xff][0xc3]2[0xed][0x80]k[0xef]&apos;[0xee][0xdf]{[0xf0][0xe0][0xe8][0xe7]&quot;[0x83][0xe1]G[0xa6][0xaf][0xbe]3[0xb4][0xb9][0xb9][0xb9][0xa9]i[0xc6]_[0xe7][0xe6][0xe6][0xe2]U[0xb5][0x16][0xab][0xd7][0x1b][0xb][0x91][0xed][0xf]K}[0xbd]#[0x83].[0xa7]w[0xaf]([0x8a][0xc6]F[0xa5][0xf0][0xfa]_f/[0xde]l6[0xab][0xe2][0xd6]&gt;[0xd2][0x80][0x1a][0xa0][0x2][0xcd][0xf][0xdb][0xa7][0x1d]p[0x1][0x8e][0xdd][0xbb]v8[0x1]/[0x10][0x2]&quot;@[0x0][0xf0]l[0x99][0x94][0xed]?[0xd8][0xaf][0x8d][0xff][0xbb][0xf8];s=vfJ[0xd7]T~[0x0][0x0][0x0][0x0]IEND[0xae]B`[0x82]PK[0x7][0x8][0xbf]T[0xd6][0xd5][0xef][0x5][0x0][0x0][0xea][0x5][0x0][0x0]PK[0x3][0x4][0x14][0x0][0x8][0x0][0x8][0x0][0xd4]|D5[0x0][0x0][0x0][0x0][0x0][0x0][0x0][0x0][0x0][0x0][0x0][0x0]%[0x0][0x0][0x0]javax/help/plaf/gtk/images/Reload.png[0x1][0xe2][0x5][0x1d][0xfa][0x89]PNG[\r][\n]&quot;
2013-02-06 13:51:57,120 AAD-WS DEBUG wire:63 - &gt;&gt; &quot;[0x1a][\n]&quot;
2013-02-06 13:51:57,121 AAD-WS DEBUG wire:63 - &gt;&gt; &quot;[0x0][0x0][0x0][\r]IHDR[0x0][0x0][0x0][0x18][0x0][0x0][0x0][0x18][0x8][0x6][0x0][0x0][0x0][0xe0]w=[0xf8][0x0][0x0][0x0][0x6]bKGD[0x0][0xff][0x0][0xff][0x0][0xff][0xa0][0xbd][0xa7][0x93][0x0][0x0][0x0][0x9]pHYs[0x0][0x0][0xb][0x85][0x0][0x0][0xb][0x85][0x1][0xec][0xbe]D[0xda][0x0][0x0][0x0][0x7]tIME[0x7][0xd4][0x5][\r][0x17]([0x18]([0xa9] =[0x0][0x0][0x5]oIDATx[0xda][0xb5]U[l[0x1e]G[0x15][0xfe][0xce][0xec][0xcc][0xce][0xee][0xfe][0xfb]_|K[0x9c][0xa6]v\[0xa7]I[0x8b][0x9][0x14][0xe2][0xa4][0x94] [0x90][\n]&quot;
2013-02-06 13:51:57,121 AAD-WS DEBUG wire:63 - &gt;&gt; &quot;[0xbd] [0x81][0x5]U[0xa4][0xf6][0xa1]*[0xa8][0xd0][0x1a][0x9][0xde]x[0xe7][0x89][0xf2]\[0x4]*Bi[0x1f][0x90][0xe0][0x81][0xa4]*/[0xbc][0xb4][0x95][0x10][0xa8][0x8][0xa9]jQ/I[0x1b][0xda][0x94]&amp;[0xb5]c[0xff][0xa9][0xed][0xd8][0xff]}[0xf7][0xdf][0x9d][0xcb][0xe1][0xc1][0xb6][0x94][0x92]([0x8]![0xce]ht[0xa4][0x19][0xcd][0xf9][0xe6][0x9c][0xf9][0xe6]|[0xc0][0xff][0xd9][0x82][0x9b]m[0xee][0xfb][0xea][0xa4][0x82][0xe2]9[0x8]z[0x0][0x84]*[0x1b][0xee][0x2]([0xfe]g[0x80][0x13][0xa7][0xee][0xc1][0xd4][0xc2][0xad][0xe2][0xf2][0xcb]+szV[0xff]@([0xfa]1;[0xb6][0xae][0xeb][0xce][0x3][0xd8][0xfa]o[0x0][0xe4][0x8e][0xa7][0x1d][0xcf]_&lt;u7[0x96][0xfe][0xb0],;[0xef]u[0xa7]0[0x83]&apos;[0xc3]y[0xfd][0xa8][0xee]F[\r][0xbc][0xd6][0xaf][0x17]+[0xc5][0xad][0x0][0xec][0xbf][0xc5]0[0xba][0xa6][0xd7][0x8b]na[0xfe]#[0xc0][0x89]S[0xf7][0xf0][0x87][0xbf][0xbd][0xa8][0xb2][0x8d]l[0xda]%nQ[0x1f][0xd3][0x8f][0xd3]qJp[0x16][0x9e]4}.9[0x18]+R[0xa2]K[0xb4]{[0x82] [0x9c][0xd8]r][0xf7][0xfc]3[[0xbf]&lt;[0x7][0x0]O[0xc8][0xc5]O[0x0][0xec][0xde]\[0x92]$[0xb1][0xff][0xc1][|[0xf7]R[0xf7]@[0xe9][0xcc][0xf][0xa3][0x85]h[0xd1][0xde]m[0x13]UQ[0xa2]Q4[0x8c]\[0xb][0x86]( [0x84]$E[0x82][0x4][0x3]BB[0xb2][0xee][0x85][[0xab][0xa7][0xaf][0xfc]Ud[0xe2]I[0x95][0xc8][0xf6][0xc9]W[0x1e][0xf2]O[0xa7][0xbf][0xb8].[0x3]-c[0x19][0xb7][0xce][0xb6][0xab][0xbe][0xea][0x17][0xe3][0x85][0xf8][0x89][0xf2]xY[0xc9]9&apos;m4z[0x95][0xae]Tw[0xca][0x98][0xa4] ![0x84] &amp;[0xc0][0x0][0x9]W[0xe8][0x96][0xca][0xc4][0xe8][0xfc][0xd1][0xe3][0xf]&gt;[0xf7][0xc0]s[0xbf][0xd1][0xb5][0xf0];[0x0][0xda][0xd7][0x95]HU$[0x89]*[0x1d][0xc6],?[0xa2][0x8e][0xa9][0xef][0x17]G[0x8b]xX[0xe][0x9][0x0][0xac][0xb1][0xe8][0xe7][0x3][0x12][0x91][0x90]A[0x12]@*[0x89] [0x13][0xa0]K[0x80]m:[0xb4]g[0xda]A8[0x17]j[0x10]fk[0x87]k[0xf1][0xf9][0x97][0xde][0xed][0x0][0xe0][0xaf][0xfd][0xe4][0xde][0x14][0x80][0x91][0x0][0xe0][0xd9][0x1e]Q[0x8d][0xe0]G[0xfa][0x90][0xb8][0xcf][0xcd][0x99][0xca][0xd0][0x14][0xe0][0x82]A[0xff] [0xf8][0x81][0x7]&lt;[0x80][0x19] 8[0x1c][0x0]c[0x80][0xeb]y[0xb8]7,[0x8a][0xbf][0x15][0xd8][0x9c][0xdb]@s[0xd8]$[\n]&quot;
2013-02-06 13:51:57,121 AAD-WS DEBUG wire:63 - &gt;&gt; &quot;(Lf[0xe2]Z[0xf7]joc[0x87][0x8][0x19][0x0][0x96][0x0]@[0x2]c[0xc2][0xfb]C[0xa1]55[0xee]0[0xe7][0xca][0x93]y[0xb]H?H[0xa1]}[0x8]f[0x8f]r[0xcd][0x80][0x5][0x80][0x8][0xc0][0x10]P6@[0xa2][0x15]h[0xdd][0xe0][0xfc][0x1f][0xdf][0x5][0x0]U[0xb4][0xca][0xb1][0xb5]W[0xd6][0x97][0x0][0xd8]?[0xfd][0xf4][0xcf][0x0]@[0xdb][0xff]@ &quot;`[0x8c]J[0x9e][\n]&quot;
2013-02-06 13:51:57,122 AAD-WS DEBUG wire:77 - &gt;&gt; &quot;[0xc1][0x8d][0x90][0x8][0xc3][0x97]A[0x87][0xee][0xbc][0x1d][0x13][0x13][0xa3][0xa8]T[0x13][0x14][0x1f][0x97][0xb0]e[0x9]X[0xf]^[0xf1]PM[0x85][0xf1]d[0x14][0xb5][0xf1][0x18][0x9d][0xd5]6:k[0x83][0x92][\r][0xbf][0xd5]y[0xaf][0xb7]j3;[0xdc]-[0x0][0x0]l1d[0x83][0xae][0xcf][0x11]Q&amp;[0xa6]R[0xa9][0xd3][0xec][0xac][0xa7];N[0xcc][0x82][0x18]h][0xee][0xa0][0xb9][0x8f]b[0xbd][0x84]]2[0xb0][0x17],T&apos;[0xc4][0xd8][0xfe][0x9][0xd4][0xa7]k[0xf0]E[0x1];4bp[0xb5]p[0xb6]o[0xd6][0xc0]h[0xef][0x94][0xc9][0x5];d[0xb5]p[0xe8][0xfb][0x12][0x1d][0xc]E[0xa4]l4[0x99][0xad][0xbb]t[0xfe][0xfe][0xcf][0x93][0xb5][0x16]ef[0x10][0xc6][0x12]i[0x1c][0xa3][0xc2][0x11]*[0xac]QkTP[0x9b]n [0x1c][0x8d]!B&quot;[0x15]@[0xfa][0xd2][0x8d][0xd9][0xc2]G[0xde][0xf1]&amp;[0x80]M[0x10][0xf2]m[0x9a]2[0x88][0x81][0x1],[0xde]ty [0xf2]f[0x10][0xbb][0x82][0x17][0xe]L[0xdd][0x1e][0xab][0xea]e[0x8a][0xc6]b[0x94][0xc3][0x2][0xde]8[0xb8][0xd2][0xc0][0x1b][0xb]([0x1]J5,1D=Fz[0xa0]N [0x9e][0x4][0xd1][0xd7][0xfb][0x1b][0xf9][0xb0][0xc8]l[0xe1][0x8c]c[0xb7][0x17][0x89][0x1d][0x9f][0xd5][0xc7]k[0xbd]8[0x8d]h[0xd0][0xce][0xbe][0xfc][0xad][0xef]~;[0x19]pN[0x5][0xc]H[0x7][0x8][0xe2][0x10][0xa2][0x12]B[0xa4][0x11]([0xd1][0x80][0x10][0xf0][0xce][0xc3][0xb1][0x7]K&quot;
2013-02-06 13:51:57,123 AAD-WS DEBUG wire:63 - &gt;&gt; &quot;B[0xa0][0x4][0xa4][0xa0][0x94][0x9d][0x9f][0xf0][0xc6][0x83][0x1d]_[0xda][\r][0xec]wjfo[0xbb][0xeb][0xb6]V}[0xef][0xc8][0xfb][0x0][0xf2]P[0x86][0xac]T[0x88]@)[0x88]P[0x81][0x94][0x4][0x5][0x12][0x8][0x4][0x18][0x80]w[0x1e][0xde]{03&lt;[0x8][0x9c][0x84][0x94]N[0xd7][0xd1][0x98][0xaa]O[0x86][0x95][0xf0]KB[0x8a]i[0x1][0x0][0xe3]/[0x8c][0xf0][0xf8][0xb]#[0xc][0x0][0x7][0xe7][0xf]Z[0x1d][0x87][0x9b][0x0][0xcc][0xf6][0xf3]lw[0x13]f[0x86][0xe7][0x9d][0x80][0x8e][0xb7]&apos;3[0xbc][0xf7][0xf0][0xce][0x83]=[0x83][0xa4][0x84][0xac]$[0x4][0x19]v![0xc4]?[0xbd][0xe7][0xad][0xdd]V[0x11][0x2]P[0x0][0xfa][0x8d][0xd1][0x86]k]iw[0xbd][0xf3]%33[0x81][0x0][0xc6]v`[0xcf][0xf8][0xc4]`[0xde]^[0xf3][0xc]0[0xa0][0xa4][0xf2][0xbd][0xa5]^[0xde][0xbb][0x92][0x9d][0xb6][0x99][0xfb][0xbd][0x10][0xc1]9[0x1][0x0]WO[0xb6][0x8a][0xab]&apos;[}[0x0][0x98][0xff][0xca]Q[0xde]X[0xde][0xc8][0x1]\lo[0xb6][0x8b][0x80][0x2][0xa7][0x95]f[0xad]4Ga[0xc4][0xb1][0x8e]9[0x89][0x12]W[0x89][0x13][0x1b][0xeb][0x88]E [0xc0]`[0xe8]Psv)[0xeb]7[0xff][0xde]|f[0xf0][0xf1][0xe0][0xe9]23[0x17][0xca][0xbc][0xe4][0xeb][0x4]ga[0xf1][0x9b]8[0xf7][0x97]w[0xca][0xb4][0x96][0xbe][0xf8][0xf6][0xab]o[0xcf]I-[0xf7][0xc]{[0xc3][0xa8]l[0x95]0m[0xe3]][0xdb]8[0xd3]2%[0xe7]0a[0x18][\n]&quot;
2013-02-06 13:51:57,123 AAD-WS DEBUG wire:63 - &gt;&gt; &quot;[0x4][0x8][0xe0][0xe1][0xfb][0x1f][0xf6][0xb3][0xa5]W[0x97][0x9e][0x95][0x81][0xfc][0xf5][0xde][0x99][0xbd][0xcb][0xeb][0x1f][0xad][0x97][0xcc]l[0xe9]F&quot;[0xf1][0xd2][0xc5][0x17][0x1][0x80][0x1e][0xfe][0xc2]#Gt[0xa2][0x1f]f[0xe2][0xd1]m63[0xc0]`g][0xad]:Q[0xfd][0xf4][0xd4][0xd1][0xa9][0xbb]j35j[0xbe][0xd3][0xcc]V^[[0xf9][0x95][0x80]8U[0x1d][0xa9].[0x1f][0xff][0xc6]1s[0xfa][0xa9]3[0xe2]Z=[0xb8][0xa1][0xc5]i[0xac][0xf2]~[0xbe][0xf7][0x9a][0xb6][0xbe]k3[0xfb][0xe7][0xf6]?[0xb6][0xef]S[0xfb][0x1e][0x97][0x89]l[0xaf][0x9e][[0xfd][0xdd]`}[0xf0][0xf3]=3{[0x96]?{[0xef]g[0xec][0x99][0x9f]=[0xbf]K}[0x96]7[0x3][0xc8][0xfb][0xb9][0x1][0xb0]r#%[0xec]m[0xf4]:[0xde][0xf9][0x8d]d$93l[0xe7][0xcf][0xde][0xff][0xbd][0xfb]&gt;[0x2][0xe0]O?u[0x6][0xd7]P[0xff][0xe6][0x19][0xdc][0xc4][0xea]*RG[0x94]V[0xb3]q-~slr[0xf4][0xfd][0xb][0xaf]pCM[0xfe][0x17][0xc1][0x15][0xa4][~[0xbf]N&gt;[0x0][0x0][0x0][0x0]IEND[0xae]B`[0x82]PK[0x7][0x8]![0xbe][0xfc]D[0xe7][0x5][0x0][0x0][0xe2][0x5][0x0][0x0]PK[0x3][0x4][0x14][0x0][0x8][0x0][0x8][0x0][0xd4]|D5[0x0][0x0][0x0][0x0][0x0][0x0][0x0][0x0][0x0][0x0][0x0][0x0]([0x0][0x0][0x0]javax/help/plaf/gtk/images/Favorites.png[0x1][0xb8][0x5]G[0xfa][0x89]PNG[\r][\n]&quot;
2013-02-06 13:51:57,124 AAD-WS DEBUG wire:63 - &gt;&gt; &quot;[0x1a][\n]&quot;
2013-02-06 13:51:57,124 AAD-WS DEBUG wire:63 - &gt;&gt; &quot;[0x0][0x0][0x0][\r]IHDR[0x0][0x0][0x0][0x18][0x0][0x0][0x0][0x18][0x8][0x6][0x0][0x0][0x0][0xe0]w=[0xf8][0x0][0x0][0x0][0x6]bKGD[0x0][0xff][0x0][0xff][0x0][0xff][0xa0][0xbd][0xa7][0x93][0x0][0x0][0x0][0x9]pHYs[0x0][0x0][0x1c][0x1f][0x0][0x0][0x1c][0x1f][0x1]`[0xfd][0x4][0xda][0x0][0x0][0x0][0x7]tIME[0x7][0xd4][0x5][\r][0x16]:[0x18]Q[0x9f]:[0xd9][0x0][0x0][0x5]EIDATx[0xda][0xb5][0x96][0xcf][0x8f][0x1c]G[0x15][0xc7]?][0xdd]==[0xbf]vfxx=[0xbb][0xf6][0xb2][0x89]v[0x11]2X!([0x6][0xaf][0x10] ![0xa4]H[0x1c],Y[0x2][0x89]cr[0xe3][0x0]\[0x82][0xc4]%[0x91][0xe0][0xc0][0x81]?[0x80][0x13][0xbf][0xc4][0x9][0x11]q@[0xb2]6[0x8e][0x4]&quot;qp[0x12][0xa7][0x1d]d[0x92][\r][0xc4]Z[0xb2]^{[0xa7][0xf7][0xe7][0xec][0xce][0xaf][0x9e][0xe9][0xee]WU[0x1c]fvc&quot;[0xdb][0x1c][0x10]O*U[0xa9]J[0xaf]&gt;[0xf5][0xbe][0xaf][0xfb]U9[0x0][0xd6]Z[0x0]g[0xd8],[0x3][0xb3][0x8e][0xe3][0xf0][0xbf][0x9a]c[0xad]u._[0xbe][0xbc][0x90][0x8f][[0xcf]=[0xed]%_[0xad]8[0xb6]vh[0x9c][0xad][0xf7][0x12][0xe7][0xe6][0xbf][0xfa][0xe6][0xed]B[0x10]\{[0xf9][0xc7]?[0xd9][0xad][0xae]\:q[0xfa][0xca][0xa5]K[0xb9]8M[0xbf]\[0xb5][0xb2][0xf2][0xa4][0xf4][0x9e][0x9e][0xc9][0x92][0xb][0xb1][0xa5][0xf5][0xbe]_[0xfa]K[0xdd][0xb]~[0x19][0x86][0xe1][0xdb]&apos;[0x80]+W[0xae][0xcc]/[0xf7][0xf6][0xf1][0xfc][0xb4][0xbf][0x12][0x8c]N[0x4]N[0xbe][0x88]MSt[0xb3]A[0xa3][0xdb]=x[0xb5][0xa9][0xef][0xbf][0xde][0xf3]~=}j[0xea]W[0x5]W[0xb5][0xdf][0xf9]h[0xe3][0xd9][0xa7]L[0xfc][0xdc][0x97]L[0xf7][0xfc]|[0xd6]_[0xc8][0xb4]E[0xc4][0x90]e[0x82]$[0x19]7[0x82][0x91]7WG[0xa7]_[0xc][0xc3][0xf0][0x1a][0x80][0xbb]tz[0xea][0xfb]?:[0xed]~[0xa7][0xb8][0xb0][0x1c][0x4][0xcb][0x17][0xf0][0xcf].[0xe1]T[0xc6]q[0x8a][0x15][0x8a][0xb9][0xa0][0xb8][0xec][0x9b][0x99][0x8b][0xc4]_[0xdc]l[0xb6]W[0xee][0x1d]5[0xbf][0xfe][0xbc]=[0xfc][0xee][0x8a][0x93]|a[0xc4]Qc[0xe2][0xf8][0x88][0xca][0xa3][0xfd][0x12][0xc6]/b,L[0xb5][[0xb5]}[0xd7][0x1b][0xf7][0xcf]-[0xbc][0x1c]E[0x91][0xf6][0x9e]q{[0xdf][0xc8]Uj[0x81]7[0xb7][0x88][0xbf][0xf0]i$3`][0xe8][0xa7][0xd8]~[0x1f][0x93][\n]&quot;
2013-02-06 13:51:57,125 AAD-WS DEBUG wire:63 - &gt;&gt; &quot;[0xc5]TW[0xbe]%[0x87]_[0xeb][0xdb]^jU.&apos;[0xe2]#[0x99]F[0x0][0xed][0x5][0x98]B[0x5][0x82]2t[0xda][0xd8]t[0x9d]&apos;[[0xcd]&apos;&gt;(W[0x17][0x81]5o[0xd4][0xd1]5[0xc7][0xf]P[0x85][0x12]:[0xd5]H[0x1c][0x93][0xed][0xd4][0xd1][0xf5][\r][0xa4][0xd9] [0x8b]c[0xb2]$C[0xe3][0x81][0xeb][0xe7][0xb4]X$K[0x90]$C[0xc4][0xa0]][0xa0][0x94][0xc3][0x19]?[0x83][I[0xb1][0x8d]}[0xf2][0x7][0xdb][0x0][0xe3][0x0]^Kl[0xdd][0xf4][0xe3]99[0xd8][0x7]rHc[0x8f][0xec][0xce]m[0xa4][0xbe]A[0xda][0xed] [0x99]A[0x1b][0xc8][0x8c]E2[0x83]$)i[0xdc]G[0xd2]t[0x10][0x85]JP[0xa5]Sx[0xf9]2X[0xd0]V[0xd1]u&lt;[0x80]6[0x80]w[0xb3][0xaf]^[0xfb]vc[0xef][0x99][0xac][0xbe][0x81]JR[0xf4][0xd1]&gt;[0xb2]W&apos;[0xdd][0xdb]&amp;[0xeb][0xf5][0xd1][0xc6] [0x1a][0xc4](D[$[0x13]t[0x92][0xa1]3[0x19][0xc0]=[0xc0]:[0x90][0xcb]#[0x8d]=$[0xee][0xb2][0x9b][0xcb]u[0x81][0x0]x[0x1b])[0xdd]:jo[0xcd]E[0x9b]gL[0x9a]&quot;I[0x8a]$[0x9][0xa2]5[0x92]e[0x88]XD[0x9b][0x8f][0xfb][0xcc]&quot;[0xa2][0x7][0xf2][0x18][0xb0]^[0x0][0xe5]q[0x8c]1$[0xdb][0xf7]H[0xda]MY[0x9b][0xaf][0xfd]![0xc][0xc3][0x4]@[0x19]c[0xfe][0xb4][0xda][0xe6]C[0xdd][0xd8]&amp;[0xdb][0xb9]O[0xd6]jb4[0x18]|[0xb4]Uhm[0xd0]b[0xd0][0xa2][0xd1][0x99][0x19][0x80][0xb5]A[0xb4]E[0xe3]a[0xcb][0x13]8[0xa3]S[0xa4][0xfb][0xbb][0xf4][0xb6]6[0xf8][0xc8]s7[0xba][0xbe][0xbf]z[0xfc][0x1f][0xa8]0[0xc][W{[0xfe]o[0xeb][0xad]x7[0xdd][0xdf]%;j[0xc][0xbe]i[0xc7]C[0xa3][0x10][0xc3]@[0x1a]=[0x88]@[0x8b][0x1d]4[0x3]&amp;_FM[0xce]c,[0xc4][0x1b][0xff]$[0xd9][0xdf][0x96][0xb7]f[0xa6][0xaf][0x2][0xb7]N[0x0][0x0][0x6]~[0xf7][0x9b]N[0xee][0x86][0xb4]Zd[0xcd]C$[0x8e][0x11]c[0x11][0xbc][0x8f][0xb5][0x1f][0x9e][0xfa][0xb8]7n[0x80][0x1a][0x9b][0xc5])[0x8f][0xd3][0xaf][0xdf][0xa5][0x9d][0xf7]J[0x85]w[0x1b]A[0xf0][0xf3]0[0xc][0xcd]1[0xc0][0x5][0x88][0xa2]([0xb5]3s[0x1f]N[0x98][0xf4][0xe2]l[0xda][0x9b][0x91]L[0x10][0xb1]h[0xad][0x7][0xc9][0x1c][0xca][0xa3][0xc5][0xc][0xb4]w&lt;[0xa8]N[0xe2]N[0x9f]C[0x92]&gt;[0xbd][0xf5][0xf]8[0xe8]6w^9w[0xf6]g[0xef][0xdc][0xba][0xf5][0xca][0x83][0xb5][0xc8]=[0x1e]DQ[0x14]5N/[0xe4]&gt;&apos;[0x9d][0xa7][0x82]4-[0xeb]!D[0xc4][0x9c]$UD[0xa3][0xad][0xc2][0x6]#[0xa8][0x89]3X/[0xa0]w[0xf7][0xe][0xbd][0x83](^[0x9d][0x9f][0xfb]}&apos;[0x97][0xfb]i[0x14]E[0xfa][0xa1][0x0][0x80][0xe9][0xd9][0xd9][[0xeb][0xe4]f/[0xf4][[0x9f]A$[0x10][0x19]$Tk[0x10]a0vs8[0xa3][0xd3][0xd8]b[0x95]d[0xb7]N[0xba][0xbd][0xc9]k3S[0xd7][0xee]V[0xab][0xdf][0xb][0xc3][0xb0][0xf5][0xc9]j[0xfa][0x1f][0x80]([0x8a]L[0xf9][0xcc]\[0xb8][0xa9]rK[0x9f][0xed][0xb6][0x96]t[0xa6][0x95][0x88]A[0xac][0xc2][0xe0]bp[0xb1][0x85]*[0xce][0xc8][0x4]Y[0xa7]M[0xba][0xbd][0xc9][0x8d]Sc~r[0xf2][0x87]a[0x18][0xae]?[0xac]\[0xbb][0x9f][0x9c][0x88][0xa2]([0xe]jg[0xdf][0xda]S[0xfe][0xf9][0xa5]ns[0xf1][0x4][0xe0][0x6][0xd8]|[0x5][0xa7]4[0x86][0x16]M[0xba][0xbb][0xc5][0x1b]c[0x95][0xeb][0xb7][0xa7]&amp;_[0x8][0xc3]0|[0xd4]}[0xe0]&gt;l2[0x8a][0xa2][0xa6];[0xee]o)[0xce][0xf2]|[0xa7][0xbd][0xa0][0xb5][0xc5][0xba][0x1][0x94]F1([0xd2][0xc6].oT[0x8b][0xd7]o[0x9f][0x9a][0xf8]A[0x18][0x86]7[0x1f]w[0xe1][0xb8][0x8f]Z[0x88][0xa2]hW/,[0xde]IP[0x9f][0xaa][0xb5]Z[0xb][0xda][0x80][0xb1][0xe][0x12]w[0xb8]&gt;Rx[0xfd][0xcd]B[0xfe][0xa5][0xb5][0xb5][0xb5][0xbf]+[0xa5]|[0xa5][0x94][0xa7][0x94]r[0x95]R([0xa5][0xac]1[0xe6][0xbf][0x3]&lt;[0xcf][0xf3]vvv[0xf4]V[0xbe][0xd8]&gt;,W[0xce][0x8e][0xb6];#N[0xdc]uW[0xab]#[0xf7]^[0xed][0xb6][0xdf][0xdd][0xda][0xda][0xaa][0x2][0x17][0x81][0xcf][0x3][0xe7][0x81]%[0xa0][0x6]T[0x87][0xa0][0x9e]1[0xc6]8[0x8f][0x1]L[0x0][0xdf][0x4][0x9e][0xf5]&lt;o[0xb1]\.[0xd7][0x94]R[0x85]N[0xa7][0xa3][0xd3]4}[0xd0]/[0x3][0xfa]@[0xc][0x1c][0x1]w[0x81][0xab][0xc0][0x1f]E[0xe4][0xc0]{[0x8c]|[0x9][0xb0][0x1][0x84]&quot;[0xb2]wtt4[0x1][0x8c][0x0]%[0xc0][0xe0][0x81][0x90][0x1][0xdd]ay&gt;[0x0]6[0x87]~[0xc9][0xf1]K[0xe2]Q[0x11]0[0xdc][0xa8][0x4][0x8c][0x2][0x15][0xa0][0x8][0x4][0xf][0x1]$[0xc3][0x8]Z[0xc3]([0xba]@&amp;&quot;[0xfc][0xdf][0xed][0xdf][0xc8][0xc2]=[0x15][0xe6]V#[0xd3][0x0][0x0][0x0][0x0]IEND[0xae]B`[0x82]PK[0x7][0x8][0xea] M[0x10][0xbd][0x5][0x0][0x0][0xb8][0x5][0x0][0x0]PK[0x3][0x4][0x14][0x0][0x8][0x0][0x8][0x0][0xd4]|D5[0x0][0x0][0x0][0x0][0x0][0x0][0x0][0x0][0x0][0x0][0x0][0x0]#[0x0][0x0][0x0]javax/help/plaf/gtk/images/Home.png[0x1]&gt;[0x6][0xc1][0xf9][0x89]PNG[\r][\n]&quot;
2013-02-06 13:51:57,125 AAD-WS DEBUG wire:63 - &gt;&gt; &quot;[0x1a][\n]&quot;
2013-02-06 13:51:57,127 AAD-WS DEBUG wire:63 - &gt;&gt; &quot;[0x0][0x0][0x0][\r]IHDR[0x0][0x0][0x0][0x18][0x0][0x0][0x0][0x18][0x8][0x6][0x0][0x0][0x0][0xe0]w=[0xf8][0x0][0x0][0x0][0x6]bKGD[0x0][0xff][0x0][0xff][0x0][0xff][0xa0][0xbd][0xa7][0x93][0x0][0x0][0x0][0x9]pHYs[0x0][0x0][\n]&quot;
2013-02-06 13:51:57,127 AAD-WS DEBUG wire:63 - &gt;&gt; &quot;[0xeb][0x0][0x0][\n]&quot;
2013-02-06 13:51:57,128 AAD-WS DEBUG wire:63 - &gt;&gt; &quot;[0xeb][0x1][0x82][0x8b][\r]Z[0x0][0x0][0x0][0x7]tIME[0x7][0xd4][0x3][0x1c][0x0]5[0x19][0xde]N[0xc][0x18][0x0][0x0][0x0][0x1d]tEXtComment[0x0]Created with The GIMP[0xef]d%n[0x0][0x0][0x5][0xa2]IDATx[0xda][0x95][0x95]pTW[0x15][0xc7]?[0xf7][0xbe][0xfd][0xf9]6[0xef][0xed][0xb2]I`[0xdb]Tl[0xd2][0x90]Dp[0x1a][0x12](-Vk[0xfd]G[0xc7]?[0x94][0xce][0x14][0x19][0xaa]0[0x16]0[0xe2]8[0x8e][0x3]T;[0x83][0xd6][0xd1]i[0x87]Q[0x14]ke[0x84][0xa1][0x8d][0x85]*&quot;[0xa9][0x93]&amp;jK[0xa3]-v[0xb0]5[0xc][0x85]P~[0x5][0xd2][0x0][0xe9][0xa6]$[0xd9]l[0x12]H[0xb2]![0x9b][0xb7][0xfb][0xde][0xbb][0xfe][0x91][0xb7]I[0xc0][0xb6][0xea][0x9d]9[0xf3][0xde][0x9d]s[0xde][0xf7]{[0xce][0xf7][0xbe]s[0xae][0xe0]\7.=[0x1c][0x1f][0x1d][0x9d][0xa8][0x9b][0x1c][0x19][0xf8]Wo_8^[0x9b]([0xdb]y[0xbe]%[0xf8][0xe5][0x17][0xdf]&gt;[0x15][0xda]u[0xea][0xa2][0xf8][0xb0][0xef]|[0xff][\r]x[0xc7][0xf]7[0xed]t,k[0xd3]S[0xbf]p[0xcd]L&amp;[0x0][0xca][0xbc]h[0xe8][0xf9]w[0x97][0xad][0x16]c [0x14][0xc0][0xc9][0x3]e[0xc6][0xb2][0xaf][0xf5]e[0xfe]o[0x82][0xef]5[0xac]S[0xa7]O[0xdb][0xd4],[0xe8]e[0xe9][0xed]i[0xf4][0x85][\n]&quot;
2013-02-06 13:51:57,128 AAD-WS DEBUG wire:63 - &gt;&gt; &quot;G[0x4]k,W[0xaf][0x81][0xb2][0x99][0xb8]w[0x93][0xc5][0xb1]o[0xad]*Y[0xbe][0xa7][0xf5][0xf4]?n[0xc5][0x90][0x1f][0x6][0xde][0xb0]f[0xbd][0xea][0x1f][0xe][0x1f][0xdc][0xb6][0xfd][0x9][0xc6]Y[0xc8]p[0xc6][0xc0][0xa7]9[0x1f][0x18][0xfb][0x97]c[0xf5][0xef]Y[0xb6][0xa1][0x80]Z@[0xfb]H[0x82]_n}[0xf0]+[0xdb]6[0xaf]V[0xe5][0x15]~~[0xd7][0xbc][0xf7][0x91]3[0xdd][0xdd]l[0xfe][0xfe]vN][0xad][0xe1][0xca]`[0xc9][0x7][0x12]TU*9[0xe6]T[0xbf]V][0xb1][0xc2][0xf][0x4][0xe7][0xfa][0xb4][[0x83]c[0xf1][0xcf][0x9e]7[0x8b]u~[0xbc][0xb3][0x91][0xa6][0xd6]6Z[0xfe][0xfa][\n]&quot;
2013-02-06 13:51:57,128 AAD-WS DEBUG wire:63 - &gt;&gt; &quot;f,[0xc6][0x9a][0xb5]k9[0xfa]F;VNaFl:[0xfb]l[0xa2]c[0x6][0x9d][0xfd][0x3]$[0xee][0xbe][0x9d][0xb0][0x11][0x94][0x82][0xf9][0xab]c[0xc6][0x1d][0xbb][0xaf][0xa6][0xba][0xb2][0xff]A[0xf0][0x9b][0x1f]=[0xb4][0xb1][0xa6][0xbc][0xaa]#[0xa0][0x9b][0xec][0xdc][0xfb][0x1c]M[0xad]m[0x9c][0xed][0xbc][0xcc][0xd6]-[0xdb]h[0xf9]s[0xb][0xd2]/yh[0xcd][0x6][0x9e][0xdf][0x2]=hcD[0x1c][0xd2][0x86]CW[0xd6]&amp;58[0x8c][0xc][0x4][0x98]WZ[0x14][0x9e][0xcc]D[0xaa][0x13][0xa5][0x15][0x87]{[0xfb];C[0x80]O[0x3]pS[\r][0xc6][0xd3]{9[0xe6][0xf][0xc7][0xd8][0xb5][0xef]Y[0x9a]Z[0xdb][0xf8][0xdb][0x91]7[0xd9][0xb4][0xe1][0xbb][0x8]4[0xaa][0xab][0x96][0xd0][0xdc][0xd2][0x8c]/[0xe8]c[0xe3]7[0xd6][0xf1][0xfa][0xab][0x87][0xb1][0x9d][0x0][0x11]][0x11][0xc]F[0x18][0x1c][0xcd]3[0x96][0xc9]aF[0xa3][0xc4][0x13][0xf1][0x1a]k[0xca][0xf7][0xf1][0x5][0xf1][0x8a][0xf3][0xc9][0xbe][0xf3]#[0x9a][0x1a]l0[0xbe][0xba]ql\[0xf8][0x8a]h[0xfc][0xe3]4[0xf8][0xc1][0x17]_[0xe2][0xdb][0xdf]|[0x1c]=l[0xa0]\[0xf0][0xfb][0x82],[0xad][0xbd][0x8f][0xe7]_x[0x96][0x88]Y[0xc4][0xaa][0x87][0xbf][0xce][0xa1]C[0xff]t[0x95][0xd2][0x84]i[0x80][0xf4][0x85][0x8]GL[0xa4]4H[0xf][0xd8]Vj0U[0x9e][0x99][0xb8][0xde][0x9d][0x1a][0xea]Ijg[0xcf][0xd5]Y5U[0x92]][0xfb]~KSk[0x1b]/[0x1c]h[0xe2][0xb1]-[0xdb]1[0x8d]8[0xae][0xcb][0x8c][0x9][0xa1][0xb1][0xe4][0x13][0xf5][0xfc][0xfe][0xe0]~[0xa2][0xf1]([\r][0x9b]7[0x8a]C[0x7]^qB[0xe1][0x90],.[0xd6][0xe9][0x1b](R]][0xe3]\[0xba][0xda][0xa9]u[0xbc][0xf3][0xda][0xe1][0xd4]P[0xcf]9 )[0x1]~[0xf2][0xf4]~[0x9a]Z[0xdb]h[0xdc]w[0x80][\r][0xeb][0x1e]C[0x12][0xa2]7[0x99]dr&quot;[0x87][0x9d][0x13]3V[0xa4][0x97][0xb0]~[0xed][0x16]v[0xef]m[0xe4][0xe8][0xf1][0x93][0xfc][0xe0][0xa7]Oi[0x1d][0x17]\[0xfb][0xc8][J[0xbd][0xd3][0xd9]CN[0xfa][0x84][0xd4][0x3][\n]&quot;
2013-02-06 13:51:57,129 AAD-WS DEBUG wire:63 - &gt;&gt; &quot;[0xe8][0x2][0xce][0x1]7[0xc4][0xc8][0xf1][0xc5][0x89][0x86]&apos;V[0xee][0xe9][0x99]H[0xae]l9[0xd8]4 [0x15]%5[0xd8][0xcb][0xaf][0xf6]&lt;[0xce][0xa2][0xbb][0x96] [0x84][0xc6][0xbc]X)o[0xb6][0x1f][0xe6][0xe7]O[0xfe][0x9][0x80][0xf4]P[0x1f];[0x9e][0xd9]J,[0x1a][0xe7][0xf2][0x85][0xcb]* MQ[0xb5][0xe8][0x1][0xee]*[0xbf][0x9b][0xbf][0x1f][0xdb][0xe1][0x9c]8[0xda][0xf6])[0xe0]8[0xe0][0x93]7r[0xce][0xb5][0xe6]W[0x1b]_[0x92]R&amp;[0x83][0x1][0x1d]&apos;[0xf][0xa5][0xf1][0x85]d2c[0xfc][0xfa][0xc9][0xcd]|[0xe7][0xb][0x16]u[0xfa][0xeb]([0xe5]r[0xe7][0xc7][0x4]N[0x1e][0xf4]`[0x14][0x94][0x9f][0xb][0x1d][0x97][0xb9]#q[0x9f][0xb8][0xe5][0xa3]TV[0xd4][0x11][0x8b][0x16][0x83][0x90]i[0xa0][0x1b][0x10]@[0xd8][0xb7][0xf0][0xd3]]9 [\r][0xd4]*[0x5]v~vn[0x9],[0x8a][0x83])[0xaa]U+[0x96][0xf5] [0xae]+[0xb0][0xf3]`[0xdb][0x2]M[0xfa][0xb8][0xf7][0x9e][0xf5]D[0xcd][0x18][0xa6]ab[0x1a]QL[0xc3][0x4]([0x6][0xb2][0x80][0x1f][0xb0][0xb][0xb3][0xa8][0x1a][0x8][0xa0][0xc0][0xc9][0xcf]6[0x9d][0xb2][0xb3][0xb8]v[0x16]e[0xab][0xe9][0xbd];[0xed]w[0xf2] [0x84][0x9c][0x1]-&lt;[0xc3]a[0x1d][0x1][0xca][0x9b]qS@[0xde]73[0xf4][0xd4]4[0x80][0x9d][0x9b]%p[0xed],[0xca][0x99][0xc2][0xf5]F[0x90][0xeb][0xf9][0xed][0x1c]H!n[0x2][0xd7][0xf5][0x8]B[0x8][0xbc][0xfa][0x8b][0x81][0x9] [ [0x18][0x1]po[0x91]H[0xd9]Y[0xdc][0xfc]$[0xca]f[0xa6][0x2];/pl[0x81][0x94][0xb3][0x15]D&quot;E[0x8]![0x18][0x9f][0x18][0xc6][0x9d][0x9e][0xe][0xf7][0x2]C@[0xba]@P9[0x9d][0xe2][0xcd][0x12]MW[0x90][0xc5][0x9d]CP[0x90]HJ[\r][0xd3]0)*2[0x10]B[0x90][0x1e]y[0x8f]7[0xda][0xf7][[0xc3][0xfd][0xef]_[0x1][0xbe][0x4]\[0x5][0xba][0xb][0x4]) [0x1d]/[0xf1][0xcf]_R[0xb][0xc3][0xe9]B[0x5][0x93][0xb8][0xf6][0xe4],[0x81][0x9a]5!$[0x86]a&quot;[0x84][0xe0]l[0xd7][0x11][0x8e][0xbe][0xfd][0x7]u[0xf1]t{n[0xfc][0xfa][0x88][0x9][0xd4][0x1]%[0x80]V H[0xba][0xca][0xe5][0xf3][0xab][0xd6][0xf0][0xc0][0xfd][0x9f]a[0xc5][0xb2]z[0x0][0xde][0x1f]p[0x98][0xca]U[0x93][0xd3][0x8d][0x99][0xaa][0xaa][0x17][0xc3]@[\n]&quot;
2013-02-06 13:51:57,129 AAD-WS DEBUG wire:63 - &gt;&gt; &quot;[0xa4][0x94][0xe4][0xed])[0xde]:[0xd9][0xc4][0xa9]3m[0xf6][0xc5]3[0xed][0x19]k*[0x9b][0xf5][0xe][0xd7][0x2]r[0xc0][0x8c][0xe0][0x8f][0x2]5[0xcb][0xef][0xf9][0xe2]#F[0xb4]X[0xf][0x85][0xf4][0x90][0xd0]d[0xd0]U[0x8e][0x1c][0xba][0x9e][0xd4][0xfc][0xfe][0x10][0xb6][0x93]#QZ[0xc9][0x8a][0xfa][0xe5][0xd4]/][0xcc]3{v3[0xcf],[0xe3]D[0xc7][0xcb]C[0xbd][0x97]:[0xaf][0xe4]s[0xd6]80[0x9]d[0xbc]3[0xed][0x7]z[\n]&quot;
2013-02-06 13:51:57,129 AAD-WS DEBUG wire:77 - &gt;&gt; &quot;[0x4][0x9f][0x3]b[0xc0]&apos;[0xbd][0xff]7[0xe0][0x99][0xf][0x90][0x95][0x8b][0x96]&apos;[0x12][0xb7][0x95][0xcf][0x8f][0xc6]J[0xcb][0xa4][0xa6][0x5]-g[0xb2][0xf4][0xda]h`A[0xc9][0x9d][0xf6][0xcb][0xcd][0xbb]6[0x7]8[0x3][0x8c]{v[0x1d][0xb8]V [0xb8][0xcd][0xd3],[0xe8][0x11][0xf8]=p[0xcd][0xeb][0xc8][0x9b][0x96][0x90]RD[0xe3][0xa5]%[0xa3][0xc3][0x83][0x3][0x9e][0x14][0x96]&apos;[0xcd][0x94][0xd7]d[0x85][0xf7][0x9c][0x98]su[0x9a]^[0xd6][0xfe]9[0xd9][0x8b][0x8f][0xb8][0xb7]][0xa6][0x9b]*7G[0xf7])o[0xef][0x16][0x82][0xfe][\r]-[0x8a]e[0xce]9Qv[0x1d][0x0][0x0][0x0][0x0]IEND[0xae]B`[0x82]PK[0x7][0x8][0xfb][0x8b][0x80]tC[0x6][0x0][0x0]&gt;[0x6][0x0][0x0]PK[0x3][0x4][0x14][0x0][0x8][0x0][0x8][0x0][0xd4]|D5[0x0][0x0][0x0][0x0][0x0][0x0][0x0][0x0][0x0][0x0][0x0][0x0])[0x0][0x0][0x0]javax/help/plaf/gtk/images/SearchHigh.gifs[0xf7]t[0xb3][0xb0]L[0xe4]a[0xe0]a[0x98][0xf8][0x9f][0xe1][0xc0][0x81][0x3][0xfb][0x19][0xa0]@[0xf1]&apos;[0xb]#[0x88][0xd6][0x1][0x11] y[0x7]&amp;[0xf1][0x16]A[0xc9][0xf4]W][0xf3]z[0x8c].f[0xad]O[0xfe][0x91][0xf0][0xbb][0xb5][0xdf][0xac][0xe8]B [0x3][0x83]5[0x0]PK[0x7][0x8][0xf1][0xb4][0x4]c=[0x0][0x0][0x0]F[0x0][0x0][0x0]PK[0x3][0x4][0x14][0x0][0x8][0x0][0x8][0x0][0xd4]|D5[0x0][0x0][0x0][0x0][0x0][0x0][0x0][0x0][0x0][0x0][0x0][0x0])[0x0][0x0][0x0]javax/help/plaf/gtk/images/HistoryNav.gifs[0xf7]t[0xb3][0xb0]L[0x14]`[0x10]`x[0xf6][0x9f][0x1][0x8][0xfe][0xff][0xff][0xe0][0xc0][0x81][0x9]}[0xdb][0x17]/&lt;7u[0xf2][0xee][0x86][0xfa]U[0xf5]u[0xcb][0xa7]M=[0xd2][0xd6][0xba]~[0xd6][0xcc][0xe3][0x13][0xfa]w[0xb5][0xb5][0xae][0x99]7[0xf7][0xd4][0xd4])[0xfb]{{[0xb6][0xf6]to[0x9e]6u[0xff][0xa2][0x85][0xe7]&amp;O[0xda][0xb5]`[0xfe][0xa9][0xf9][0xf3]N[0xce][0x99]}d[0xe6][0x8c][0x3][0x13]&apos;l[0xdb][0xbe][0xed][0xe9][0xb2][0xa5][0x17][0xe6][0xcc]&gt;[0xbc]b&quot;
2013-02-06 13:51:57,130 AAD-WS DEBUG wire:63 - &gt;&gt; &quot;[0xf9][0xc5]eK[0xcf][0xcf][0x9b]{t[0xe3][0x86][0xdb][0xeb][0xd6][0xde]X[0xb5][0xf2][0xf2][0xb2][0xa5][0xe7][0x96],&gt;[0xbd]h[0xe1][0xc9][0xd9][0xb3][0xe]l[0xda]x{[0xed][0x9a][0xab][[0xb7][0xdc][[0xb3][0xfa][0xf2][0xf6]m[0xf7]W[0xae]8[0xb7]{[0xd7][0xe3]M[0x1b]o[0xec][0xd9][0xfd]x[0xdd][0xda]K;w[0xdc]?u[0xf2]C{[0xfb][0xd6][0xea][0xea][0xa5]--[0x1b][0xfa][0xfb][0xf7]vw[0xef][0x98]8qG[0xc7][0xa6][0xa9]S[0xf]uwomo[0xdf]0a[0xc2][0xae][0x9e][0x9e][0xad][0xf3][0xe7][0x9f][0x99]9[0xf3][0xc8][0x8c][0x19][0x87][0xe7][0xcc]9&gt;u[0xea][0xbe][0xe5][0xcb][0xaf],Xpz[0xd6][0xac]#[0x8b][0x16][0x9d][0x9d]7[0xef][0xc4][0xf4][0xe9][0xfb]{z6N[0x9b][0xb6]w[0xc5][0x8a]K[0xcb][0x96]]X[0xb2][0xe4][0xec][0xaa]UW[0xf6][0xec]y[0xb9]~[0xfd][0xcd][0xd5][0xab][0xaf][0x1c];[0xf6]e[0xf3][0xe6][0xbb][0x87][0xe][0xbd][0xdd][0xb4][0xe9][0xd6][0xc6][0x8d]7[0xce][0x9c][0xf9]q[0xe2][0xc4][0xa7]K[0x97][0xfe][0xee][0xdd][0xfb]d[0xc7][0x8e]{[0x87][0xe][0xbd]&lt;|[0xf8][0xe5][0x8d][0x1b][0xff];:[0xb7][0xf4][0xf6][0xed]Z[0xb9][0xea][0xd2][0xa7]O[0x9f][0xfa][0xfa][0xfa]xyy[0x19][0xa8][\r][0x14][0xb2]02001[0xe8][0x80]8[0xa0]8a`_[0xdf][0xc0][0xd4][0xd4][0xdc][0xd2][0xda][0x92][0xc2][0xd0][0xd1][0xd5][0x99][0xcc][0xd8]n[0xc4]a[0xc6]ejg)[0xe5][0x98][0xd2][0xdb][0x94]&quot;9&apos;[0xc8]?&lt;$2&quot;[0xce]-%[0xa9][0x89][0xc1][0x82][0xc1][0x99]7[0xc1][0x84][0xcf][0xca][0xd5]&amp;[0x98][0xa1][0x8f]iN[0x8a][0xb9][0x90][0x83][0xb7][0xbb][0x82]op[0xe2][0xf2][0xa6][0xa4][0xe][0x16][0x87]x6nN&apos;[0x1][0x9d]m[0xcd][0xc7][0xec][0x15]E[0x3]d5[0x2][0xf5][0xc2][0x8e][0xcc]f[0xf0][0x13][0xb1][0xb1][0xf6][0xb0][0x15][0x13][0x8e][0xb9][0xb8]c[0xae][0x8b][0xbc][0x8f][0x96]zTh[0xac][0xc1][0xdd]U[0xc]j2[0xe2][0xfc]r[0xac][0xca][0xaa][0x86]/[0x8b]\[0x5]6*[0xb2]v[0x8a]io[0xdb][0xf3]&quot;-[0x87][0xad][0x8f][0x99]YB[0xc3]3[0x88][0xc9]yY4S[0x8f][0xea][0xad][0x15][0x1e][0xc2][0x8a][0x86][0x8c][0xe]]&lt;[0x9d][0x17]&apos;[0x9c]tl[0x4][0xfa][0xe1][0x9f][0xbf]s~AeQfzF[0x89][0x82][0x91][0x81][0x81][0x81]BR[0xa5]Bpi[0x9e][0x82]ofrQ~qeqIjn[0xb1][0x8e][0x82]g^[0xb2][0x9e][0x82]cN[0x8e]B[0x10]Ha[0xb1]BPjqjQYj[0x8a][0x1e]/[0x97][0x97][0x8f][0x9b][0x82]{[0x90]BXj[0x91][0x82][0xa1][0x9e][0x1]/[0x17][0x83]5[0x0]PK[0x7][0x8][0xe3][0x96][0x93][0x89]t[0x2][0x0][0x0][0xa5][0x2][0x0][0x0]PK[0x3][0x4][0x14][0x0][0x8][0x0][0x8][0x0][0xd4]|D5[0x0][0x0][0x0][0x0][0x0][0x0][0x0][0x0][0x0][0x0][0x0][0x0]&apos;[0x0][0x0][0x0]javax/help/plaf/gtk/images/IndexNav.gifs[0xf7]t[0xb3][0xb0]L[0x14]`[0x10]`X[0xf4][0x9f][0xe1]?[0x10][0xa4][0xa5][0x9d]9[0xf3][0xe6][0xcc][0xff]ig[0xd2][0x18][0x18][0x18][0xe][0x1c]8[0x0]$[0x15][0xb2]020[0xb0]1[0xe8][0x0][0xd9][0xc] [0xb5][0xc][0xcc][0xb6][0x19][[0xef][0xe4]l[0xe8][0xf0][0xcc]T\[0xe2][0xc2][0xb8][0xeb]}[0xf8][0xb6][0xda][0xf8][0x15][0x9a]2[0x9c]I[0xcb][0x97]4q[0xb7][0xec]s[0x10]d[0xc9]]u[0xeb][0xc7][0x8f]O[0x96]R[0x17][0xb6]w[0xb]z6[0xa7]|[0x98]*[0xa3][0x13]z6f[0xa9]P[0xaf][0xc5][0xba][0xe5],[0xc][0xd6][0x0]PK[0x7][0x8][0xc2]RLSx[0x0][0x0][0x0]x[0x0][0x0][0x0]PK[0x3][0x4][0x14][0x0][0x8][0x0][0x8][0x0][0xd4]|D5[0x0][0x0][0x0][0x0][0x0][0x0][0x0][0x0][0x0][0x0][0x0][0x0]([0x0][0x0][0x0]javax/help/plaf/gtk/images/SearchLow.gifs[0xf7]t[0xb3][0xb0]L[0xe4]a[0xe0]a[0x98][0xf8][0x9f][0xe1][0xff][0xff][0xff][0x7][0xe][0x1c][0xd8][0xcf][0x0][0x2][0x8a]?Y[0x18][0x19][0x18][0x18][0x19]t@[0x1c][0x90][0xbc][0x3][0x93]\[0x8f][0xb2]f:[0x13][0xff][0xfd][0xa2][0x8d][0xe7][0xb8][0xf4][0xcf][0xf5][0x9e]*U[0x9][0x14][0xca]kH[0xeb]z[0xd6][0xb9][0x84]g[0x91][0x1]+[0x83]5[0x0]PK[0x7][0x8]Q[0xa9][0xc2]oJ[0x0][0x0][0x0]M[0x0][0x0][0x0]PK[0x3][0x4][0x14][0x0][0x8][0x0][0x8][0x0][0xd4]|D5[0x0][0x0][0x0][0x0][0x0][0x0][0x0][0x0][0x0][0x0][0x0][0x0]([0x0][0x0][0x0]javax/help/plaf/gtk/images/SearchMed.gifs[0xf7]t[0xb3][0xb0]L[0xe4]a[0xe0]a[0x98][0xf8][0x9f][0xe1][0xff][0xff][0xff][0x7][0xe][0x1c][0xd8][0xcf][0x0][0x2][0x8a]?Y[0x18][0x19][0x18][0x18][0x19]t@[0x1c][0x90][0xbc][0x3][0x93]l[0x8f][0xb2]f[0xfa][0xab][0xae][0x86]9%[0x9c]Q[0x17]o[0xe7][0xae][0x9f][0x1c][0x12][0xdf][0xe2][0x19][0xa6]Y[0xd5][0xb7][0xcc][0xe8][0x8d][0x84][0x8][0x83]5[0x0]PK[0x7][0x8][0xbf][0xdf][0x9c]nI[0x0][0x0][0x0]L[0x0][0x0][0x0]PK[0x3][0x4][0x14][0x0][0x8][0x0][0x8][0x0][0xd4]|D5[0x0][0x0][0x0][0x0][0x0][0x0][0x0][0x0][0x0][0x0][0x0][0x0],[0x0][0x0][0x0]javax/help/plaf/gtk/images/SearchMedHigh.gifs[0xf7]t[0xb3][0xb0]L[0xe4]a[0xe0]a[0x98][0xf8][0x9f][0xe1][0xff][0xff][0xff][0x7][0xe][0x1c][0xd8][0xcf][0x0][0x2][0x8a]?Y[0x18][0x19][0x18][0x18][0x19]t@[0x1c][0x90][0xbc][0x3][0x93]T[0x8f][0xb2]f[0xfa][0xab][0xae]y.[0xb]n[0xed]z[0xd2][0xb3][0xbb]s[0xb6][0x8c][0x94][0xc9]4[0xa9]r#[0xbe]`[0x6][0x6]k[0x0]PK[0x7][0x8][0x15][0xfc][0xc4][0x86]F[0x0][0x0][0x0]I[0x0][0x0][0x0]PK[0x3][0x4][0x14][0x0][0x8][0x0][0x8][0x0][0xd4]|D5[0x0][0x0][0x0][0x0][0x0][0x0][0x0][0x0][0x0][0x0][0x0][0x0]+[0x0][0x0][0x0]javax/help/plaf/gtk/images/SearchMedLow.gifs[0xf7]t[0xb3][0xb0]L[0xe4]a[0xe0]a[0x98][0xf8][0x9f][0xe1][0xff][0xff][0xff][0x7][0xe][0x1c][0xd8][0xcf][0x0][0x2][0x8a]?Y[0x18][0x19][0x18][0x18][0x19]t@[0x1c][0x90][0xbc][0x3][0x93]|[0x8f][0xb2]f:[0x13][0xff][0xfd][0xa2][0x8d][0xe7][0xb8][0xf4][0xcf][0xf9]VNs9[0xe9][0x98]x[0x8b][0xad]%[0xa3][0xab]B[0xef]r[0x9f];#[0x83]5[0x0]PK[0x7][0x8][0xcc][0xf0][0xbe];K[0x0][0x0][0x0]N[0x0][0x0][0x0]PK[0x3][0x4][0x14][0x0][0x8][0x0][0x8][0x0][0xd4]|D5[0x0][0x0][0x0][0x0][0x0][0x0][0x0][0x0][0x0][0x0][0x0][0x0]([0x0][0x0][0x0]javax/help/plaf/gtk/images/SearchNav.gif[0x1][0x8f][0x1]p[0xfe]GIF89a[0x10][0x0][0x10][0x0][0xa5]&lt;[0x0][0x0][0x0][0x0][0xfe][0xfe][0xfe][0xfd][0xfd][0xfd][0xe0][0xe0][0xe0][0xc1][0xc1][0xc1][0xf1][0xf1][0xf1][0xc3][0xc3][0xc3][0xfb][0xfb][0xfb][0xa8][0xa8][0xa8][0xad][0xad][0xad]vvv]]]@@@[0x89][0x89][0x89][0xe2][0xe2][0xe2][0x85][0x85][0x85]KKI[0x16][0x16][0x16][0x88][0x88][0x88]lll[0xd6][0xd6][0xd6][0xf3][0xf3][0xf3][0xee][0xee][0xee][0xc5][0xc5][0xc5][0xef][0xef][0xef][0xca][0xca][0xca][0xf6][0xf6][0xf6][0xd2][0xd2][0xd2][0xec][0xec][0xec][0xc4][0xc4][0xc4][0xb4][0xb4][0xb4][0xe7][0xe7][0xe7][0xf9][0xf9][0xf9][0xe3][0xe3][0xe3][0xeb][0xeb][0xeb][0xed][0xed][0xed][0x83][0x83][0x83]fff[0xb3][0xb3][0xb3]kkkooo[0xcf][0xcf][0xcf][0xea][0xea][0xea][0xe8][0xe8][0xe8][0x84][0x84][0x84][[[[0xcd][0xcd][0xcd][0xc0][0xc0][0xc0][0xe9][0xe9][0xe9][0xa9][0xa9][0xa9][0xe6][0xe6][0xe6][0xe5][0xe5][0xe5][0xb2][0xb2][0xb2][0xe4][0xe4][0xe4][0xa5][0xa5][0xa5][0xc2][0xc2][0xc2][0xbd][0xbd][0xbd][0xbc][0xbc][0xbc][0xbb][0xbb][0xbb][0xa0][0xa0][0xa0][0xff][0xff][0xff][0xff][0xff][0xff][0xff][0xff][0xff][0xff][0xff][0xff]![0xfe][0x15]Created with The GIMP[0x0]![0xf9][0x4][0x1][\n]&quot;
2013-02-06 13:51:57,131 AAD-WS DEBUG wire:63 - &gt;&gt; &quot;[0x0]?[0x0],[0x0][0x0][0x0][0x0][0x10][0x0][0x10][0x0]@[0x6][0x93][0xc0][0xdf][0xf]@,[0x16][0x85][0xc8][0xa1]`D*[0x99][0x8]&apos;TJE[0x0] [0x1][0x81]B[0xa1]Al8[0x1e][0x90][0x88]U[0x8][0x10]|&gt;[0xb2][0xf4]lF;[0x92][0xb3][0xda][0xb8][0xe1][0x80][0x18][0xbf]1[0x80][0x8c]&amp;P[0x1]l8[0x1d]ve**00+.E1[0x82]78[0x8e]99:[0x92]:;[0x82][0x1][0x97][0x98][0x2][0x3]UICpq[0x5][0x9][\n]&quot;
2013-02-06 13:51:57,132 AAD-WS DEBUG wire:63 - &gt;&gt; &quot;[0xb][0xc][0x96][0x5][0x12][0x13][0x14][0x15][0x13][0x12][0x16][0x16][0x17][0x82][0x2][0x16][0x0][0x1e][0x1f] !~&quot;[0x6][0xb1]&quot;+,D-D./[0xb1]+i[0xc7][0x1e]FW[0x2]2k355!!46vCF[0xd8]vA[0x0];PK[0x7][0x8][0xb5][0x88]eW[0x94][0x1][0x0][0x0][0x8f][0x1][0x0][0x0]PK[0x3][0x4][0x14][0x0][0x8][0x0][0x8][0x0][0xd4]|D5[0x0][0x0][0x0][0x0][0x0][0x0][0x0][0x0][0x0][0x0][0x0][0x0]%[0x0][0x0][0x0]javax/help/plaf/gtk/images/TOCNav.gifs[0xf7]t[0xb3][0xb0]L[0x14]`[0x10]`X[0xf4][0x9f][0xe1][0xff][0xff][0xff]g[0x80]`f[0xda][0xcc]4[0xe3][0xb4][0xb4]4[0x6][0x6][0x86][0x3][0x7][0xe][0x0]I[0xc5][0x9f],[0x8c][0xc][0xc]l[0xc]:@6[0x3]H-[0x3][0xb3]mF[0xd4][0x9d]s[0xa7]D[0x14][0x1b][0xf6]N[0x9b]b:[0x9f]{[0xb6][0x8a]O[0x88][0xa7][0xe8][0x3]%[0x9e]e[0x9d]m[0xc2][0xb7][0xe7][0xad][0xd4]8[0xbf][0xbe]j[0xfb]N[0xdb][0xcb][0x1b][0xae][0xe6][0x87]t[0xf3]V[0x1f][0x93][0xf]Z[0xa1]cT[0xe8]&apos;[0xa4][0xa7]r[0xb3]Bj&quot;[0xb][0x83]5[0x0]PK[0x7][0x8][0x16].[0xfa][0x89]x[0x0][0x0][0x0]x[0x0][0x0][0x0]PK[0x3][0x4][0x14][0x0][0x8][0x0][0x8][0x0][0xd4]|D5[0x0][0x0][0x0][0x0][0x0][0x0][0x0][0x0][0x0][0x0][0x0][0x0]*[0x0][0x0][0x0]javax/help/plaf/gtk/images/GlossaryNav.gif[0xed][0x93][K[0x93][0x1][0x0][0x86][0x9f][0xc9][0xa7][0xa9]S[0x9a][0x4][0xed]B/[0x16]t[0x93][\r]J[0x90][0xc8]DR/[0xca][0xc0][0x8b][0xc8][0x82][0xee]j[0x15]T[0xe0][0xc5][0xfa][0x7]+-[0xb4][0x13][0x8b][0xce][0x96]de[0xa4][0xee][0xf4][0xed][0xf0]m+[0x8a],[0xca]J[0xc]M*3[0xa7]s[0xd3][0xe9]&lt;L7[0x8f][0x9b][0xa7][0xb5][0xfd][0x8a]nz._x[0x9f][0x9b][0x97][0xf7][0xe0][0xa1][0x3]{[0x8b]4[\n]&quot;
2013-02-06 13:51:57,132 AAD-WS DEBUG wire:63 - &gt;&gt; &quot;[0x14][0x8c][0x93]d}}}cccmmmuuuee%[0x16][0x8b][0x9][0x82][0x10][0x8d]F[0x97][0x97][0x97]CPRR[0x12][0x8f][0xc7][0x97][0x96][0x96]&gt;[0xc0]$,...,,[0xb4][0x93][0xec][0xea]t[0xba][0xf9][0xf9][0xf9][0xb7][0x10][0x80]p8[0xfc][0x1a][0xfc][0x10][0x89]Dfgg[0xdd][0xe0][0x85]P($[0x81][0x7][0xe6][0xe6][0xe6][0xa6][0xa6][0xa6]l[0xf0]&apos;![0x99][0x9c][0x14][0xa1][0xf]fff[0xa6][0xa7][0xa7][0x83][0xc1][0xa0][0x9]~$[0x84][0xe3][0xe3]m[0xd0][0xb][0x13][0x13][0x13][0x81]@[0xa0][0x5][0xba]allltt[0xd4][0xef][0xf7][0xbf][0x80].[0x18][0x1e][0x1e]~[0x6][0x9d]044[0xd4][0x4][0x9f][0x13]r[0x8f][0xa7][0x11]&gt;[0xc2][0xc8][0xc8][0x88][0xcf][0xe7][0xf3]z[0xbd][0x83][0x83][0x83][0x3][0x3][0x3][0xfd][0xfd][0xfd][0x8f][0xe0][0x1][0xbc][0x3][0xb7][0xfb][0x95][0xcb][0xe5]v:]j[0xb5]Z[0xab][0xd5]:[0x1c][0x92][0xdd][0xee][0xb0][0xd9][0xec]V[0xab]][0x14]m[0x16][0x8b][0xd5]l[0x16]M&amp;[0x8b][0xd1]h1[0x18][0xcc]mm[0xa6][0xbb][0xf0][0x6][0x9c]N[0xb7]$[0xb9]$[0xc9][0xe9]p8333[0x95]J[0xa5][0xcd][0xe6][0xb0]Xlf[0xb3][0xd5]d[0x12][0x8d]Fsk[0xab][0xf1]6[0xd8][0xed][0x92][0xc1]`ji1[0xe8][0xc1][0x5]7[0xc1][0x91][0x8][0xc1][\n]&quot;
2013-02-06 13:51:57,133 AAD-WS DEBUG wire:63 - &gt;&gt; &quot;f0[0xc0]Kh[0x86][0xc7][0xd0][0x0][0xf][0xe1]&gt;[0xdc][0x83];p[0xb]n[0xc0]5[0x88][0xff][0xe7][0xdf][0xb1]-&amp;[0xc8][0x12][0x13][0xa0]N&gt;![0xf9][0x9][0xd2][0xed][0xc4]3[0xf2]*[0xc4][0xa6]Rd)[0xe9][0xc7][0xd3][0xf1][0x91][0x92][0x9a]E[0xb4]O|Z.[0x93][0xb][0xa8][0xa0][0xac][0xe6]jnN~[0xd7][0xef][0x9e][0xd3][0x82]&gt;o[0xd3][0xf5][0xac][0x9e][0x9c][0xf2][0xd4],[0x95]\q[0xb8][0xbe][0xa0][0xf4][0xa2][0xb0]k[0xbf][0xae]PU[0x15][0xb8]D[0x9a][0xaa][0xba]Bs[0xea]l7[0xf2]4U[0x9d]NS+[0xd7]g([0xc2][0xdb]EU[0xf0][0xca][0xe6][0x9d][0xd5][0xba][0xda]v[0xa9][0xac]&amp;[0xb5][0xf2][0xd8][0x99][0x9f][0xb2]#[0xb5]u[0xd9][0xe7][0x94]Z[0xed][0xbe][0xe6]/9[0xfa][0xca][0x86][0xc2][0xb]~[0xa1]s[0xcb][0x8e][0xa3][0xc6][0x93][0xdf]Sz[0xbf]*wk~[0xa1][0xaa][0xfa]T[0xb9]u[0xcf][0xf9][0xfc][0xce][0xa2][0xf7][0xfe][0xcb][0x8d][0xc5][0xd9][0x91][0xa0][0xef]y[0xc7][0xb7]&apos;[0xf5]i[0x5][0xb9][0x9e][0xae][0xd8][0x89]R[0x8a][0xff][0x2]PK[0x7][0x8][0xe8]G[0xfb]H&lt;[0x2][0x0][0x0][0xd6][0x3][0x0][0x0]PK[0x3][0x4][0x14][0x0][0x8][0x0][0x8][0x0][0xd4]|D5[0x0][0x0][0x0][0x0][0x0][0x0][0x0][0x0][0x0][0x0][0x0][0x0]+[0x0][0x0][0x0]javax/help/plaf/gtk/images/FavoritesNav.png[0x1]b[0x3][0x9d][0xfc][0x89]PNG[\r][\n]&quot;
2013-02-06 13:51:57,133 AAD-WS DEBUG wire:63 - &gt;&gt; &quot;[0x1a][\n]&quot;
2013-02-06 13:51:57,134 AAD-WS DEBUG wire:63 - &gt;&gt; &quot;[0x0][0x0][0x0][\r]IHDR[0x0][0x0][0x0][0x10][0x0][0x0][0x0][0x10][0x8][0x6][0x0][0x0][0x0][0x1f][0xf3][0xff]a[0x0][0x0][0x0][0x6]bKGD[0x0][0xff][0x0][0xff][0x0][0xff][0xa0][0xbd][0xa7][0x93][0x0][0x0][0x0][0x9]pHYs[0x0][0x0][0x1c][0x1f][0x0][0x0][0x1c][0x1f][0x1]`[0xfd][0x4][0xda][0x0][0x0][0x0][0x7]tIME[0x7][0xd4][0x5][\r][0x16]8[0x1e][0x8a][0xca][0xfd]n[0x0][0x0][0x2][0xef]IDATx[0xda]e[0x92][0xcb]k\e[0x18][0xc6][0xe7];g.v.[0x89]f:[0xa9][0x9][0xc9]LP\[0xd8]b[0xa9][\r][0x15][0xbc][0x80][0xf5][0xb2][0xb1]Rb[0xff][0x81]H[0xf7].E[0xf0]op[0xe3][0xc2][0x95].\[0x8][0xea]R[0xb4]5[0x8].[0x2]Vl[0xe9]I&amp;[0xa1]J[0x13][0xa7]MBgz2i[0x93][0xf6][0x9c][0xb9][0x9d][0xef]r[0xce][0xe7][0xa2]S[0x88][0xed][0x3]/[0xbc][0xef][0xe2][0xfd][0xf1]&lt;[0xf0]8[0xd6]Z[0x16][0x16][0x16]&amp;[0xa2](:n[0x8c][0xc1][0x18]sK)[0xd5][0xf6]}[0x9f][0xc3][0x9a]?}[0xba][0xe][0xd4]-[0x18]`[0xc5][0xf7][0xfd][0x1][0x80][0xf3][0xd1][0xb9][0xf][0xe6][0x17][0x8b][0xf2][0xdb]S[0x95][0xd2][0xb]8.[[0x7][0xe1][0xc3]F$[0x97][0x97][0xe3][0xcc][0x97]gO[0xbc]r[0xed][0xd2]_[0x9e]}&apos;[0x89]&gt;[0x99]S[0xc3][0xd7][0x9e][0x95][0xf1]s}[0x95]H_[0xe4][0xaf]][0x1e][0x9b][0xbc][0xe8][0xfb][0xfe][0x8e][0xf3][0xf5][0xf9][0xb7]~&gt;[0xff][0xea][0x89][0xf][0xf3]&apos;_&apos;[0x89]%[0xba][0xb5][0x85]j[0xdd][0xa6][0xdd]n[0x87]&lt;[0x90][0xab][0xf3]2[0x9c][0xcf][0x19][[0x8c][\r]h&apos;[0x8f]I![0xee][0xdc][0xe5]r[0xbe][0xf8][0xc5]7[0xcd][0xad]O[0xc5]1[0xcf][0x9e][0xf1][0xa6]j0^[0xc5][0x18][0x8b][0xee]u[0xd1]:[0xa5][0x9c][0xc9][0x8f][0xbd][0x9b][0xe3][0xed]g[0xdc]\Q[0x19][0xd0][0xc6][0x92][0xe4][0xc7]p[0xe6]NA[0xa5][0xc6]D[0x1c][0x1f][0x7][0xf0][0xfa][0xca][0x4][0xe6]^[0xa7][0x9a]x[0xff]&quot;[0xff][0xb9]N[0xbc][0xb1][0x86][0x1c][0xc4]hc[0x91][0xda][0xa2][0x6]1[0xb2]?DIC[0xea][0x16][0xc9][0x8e]O[0x92]xMb+[0xba][0x0][0xde]F7^z[0xa3][0xf9][0xf7]I[0xd1][0x1f][0xa0]:m[0xe4][0xc1]&gt;r[0x10][0xa3][0x8c]Ei[0x8b][0x92][0x6]-[\r]:q[0x10][0x99][0x2]F)[0x86]{[0xbb][0xe9][0xad]R[0xe9]W[0x0][0xf1]K[0xdf][0xfb][0xb1][0x1d][0x4][0x7]r{[0x13]=[0x94]h2hc[0x1f]=I[0x8d]R[0x6][0xa5]S[0x92]l[0x11][0xaa]5[0x6][[0x1b]l[0xc7][0xbd][0xdb]A[0xa1][0xb0][0x4] Rk[0x1b]?[0x85][0xe9][0xf7]q[0xd0]B[0x86]![0x1a][0x17][0x9d][\n]&quot;
2013-02-06 13:51:57,134 AAD-WS DEBUG wire:63 - &gt;&gt; &quot;[0x94]IQ:A[0xeb][0x14]c][0xa8][0xce]a[0xa4]&amp;[0xba][0xd9]P[0xab][0xe3][0xe5][0xaf]|[0xdf][0xdf][0x5]p[0x83] `89{}J[0xf5][0xdf][0x9f][0x88][0xfb][0xc7][0x94][0xb6]h[0x9d][0x8c][0xac]&apos;hcI[0xcb]UD[0xb5]Ns[0x9d][0x6][0xea][0xb7][0x1b][0x95][0xca]gA[0x10]h[0x0][0x17] [0x8][0x82][0xfe][0xc3][0xe7][0xeb]7_[0x8e][0xa3]s[0x99]8.([0x9d]&gt;[0xca][0xaf][0x13][0x8c]w[0x4][0xa7]Z#[0xee][0xdc]e;[0xba][0xbf][0xf9][0xfb][0xcc][0xcc][0xa2][0xbf][0xb2][0xb2][0xfb][0xb8]`[0xee][0xe3]e&apos;[0xd8][0xdd][0x91][0xd3][0xb5][0xfb]/[0xf5][0xa2][0xf7]P:k[0xac][0x8b]qrP[0xae][0xa2][0x95][0xa6][0xf5][0xa0]sgiv[0xe6][0xe3][0xab][0x8d][0xc6][0xea][0xe1][0x86][0xba][0x87][0x8f][0xc2][0xf4][0xec]zGdL[0xbd][0x1b][0xbe]i[\r]^Z[0xac][0x90][0xba]9Z[0xdd][0xfd][0xf6][0xa5][0xe9][0xa9][0xc5]+kk[0xcb]&lt;[0xa1][0xff][0x1][0x82] [0xb0]f[0xe2][0xe8][0xd5][0xfd]|!;[0x1d][0x86]gP[0x89]w&apos;[0xd1][0xf7][0xbe];[0x92][0xfd]|[0xbd][0xd9][0xbc]![0x84]([0xb]![0xf2]B[0x8][0x84][0x10]I[0x9a][0xa6][0xd6]y[0x92][0xe8]y[0xde][0xac][0xe3]8[0x17][0x8f][0x96]J[0x17]^[0xb4]vn=I[0xc2][0xde]`[0xd0][0x7]R[0xa0][0x7][0x1c][0x0]M[0xe0][0x7][0xe0][0x8a][0xc7][0xd3][0xea]ZkW[0xf7][0xa2]h[0xb8][0x7][0x93]@[0x19][0xf0][0x0];[0x2][0xec][0x3][0xdb]@[0x0]&lt;[0xed]`[0xe4][0xc2][0x1][0xb2][0xa3]q[0x1]1[0x2]$[0x80][0x6][0xa4]1&amp;[0x5][0xf8][0xf][0xbc][[0xb6]v99[0xfe][0x86][0x0][0x0][0x0][0x0]IEND[0xae]B`[0x82]PK[0x7][0x8][0x5]([\n]&quot;
2013-02-06 13:51:57,135 AAD-WS DEBUG wire:77 - &gt;&gt; &quot;og[0x3][0x0][0x0]b[0x3][0x0][0x0]PK[0x3][0x4][0x14][0x0][0x8][0x0][0x8][0x0][0xd4]|D5[0x0][0x0][0x0][0x0][0x0][0x0][0x0][0x0][0x0][0x0][0x0][0x0]+[0x0][0x0][0x0]javax/help/plaf/gtk/images/OnItemCursor.gifs[0xf7]t[0xb3][0xb0]LT`P`x[0xce][0xcd][0x0][0x4]g[0xce][0xfc]OK[0x9b]9q[0xe2][0xd4][\r][0xeb][0xf7]-[0x98][0xbb]sR[0xff][0xb6][0x9a][0xca][0xe5]qq[0x1d][0x96][0xf6]1[0x9a][0x6]N[0xff][0xff][0xff][0xbf]q[0xfd][0xf6][0x93]G[0xbf]O[0x1f][0xff][0xb1]o[0xc7][0x97][0xcd]k?[0xac]\[0xf4]f[0xde][0xb4][0x17]=[0xad]7C[0xc2]&apos;[0x99]X[0xa7][ZG^[0xbf]~[0xeb][0xf5][0xab][0xe7]N[0xfd]:[0xbc][0xef][0xdb][0x8e][0xcd][0x9f][0xd6][0xad]x[0xb7]d[0xce][0xab][0x99][0x13][0x9f]M[0xec]x&lt;[0xbd][0xff]I~[0xce][0x8e][0xf0][0xe0][0xa5][0xee][0xae][0xb9]3g[0xce][0xf9][0xf5][0xeb][0xdf][0xb5]KN[0x1e][0xf9][0xb1]o[0xe7][0x97][0xa9][0x13][0xaf][0xd4]W[0x1f][0xd9][0xbe][0xf9][0xf1][0xba][0x15][0xaf]&apos;w=[0x99]?[0xfd][0xc5][0xc2][0x99][0xcf]2[0x13][0xe][0xc5][0x86]-[0xdd][0xb5]k[0xdf][0xa7][0x8f][0xff][0x8e][0xec][0xff][0xb6]t[0xc1][0xd3][0xa4][0xe8][0xed]![0xfe][0x93][0xa6]M[0x9b][0xf9][0xf6][0xcd][0xef][0xd9][0x93][0x9f]-[0x99][0xfb]j[0xf5][0x92]W[0xa9][0xb1][0x9b]&quot;[0x2]guwOZ[0xb4]`[0xfb][0xfc]9[0xbb]Z[0x1a]V[0x87][0x5]L[0x8][0xf0][0xcd][0xbc]~[0xfd][0xde][0x91][0xfd][0x1f]V-~[0xb3]|[0xe1][0x93][0xf0][0x80]Y~[0x1e]M[0xb7]o=[0xd9][0xb6][0xe1][0xcd][0x8c][0x9][0xcf][0xd6],}U[0x90][0xb5][0xd2][0xdb][0xad][0xf1][0xe5][0x8b][0xcf][0x1b]V[0xbd][0x9e][0xd4][0xf5]d[0xde][0xd4][0x17][0x8b][0xe7]&lt;[0xcd]N[[0xe8][0xea]Xdc[0x19]x[0xe7][0xce][0x83][0xe3][0x87]?N[0xec][0x4][0xba][0xf9][0xe9][0xb4][0xfe][0x9b][0x11][0xc1][0xed]vV[0x9]&quot;
2013-02-06 13:51:57,135 AAD-WS DEBUG wire:63 - &gt;&gt; &quot;?[0xfe]]2[0xf7][0xc5][0xa4][0xce]&apos;[0xb3]&apos;?[0xf5][0xf3]*37[0x9][0xed]l:[0xd6]Py[0xa0][0xae]b[0xb3][0x99][0x89][0x8f][0xa1][0xbe]}pP[0xd4][0xde][0xbd][0xc7][0xae]][0xfa][0xba]h[0xf6][0xb3][0xcc][0xdc]y[0x9]Is[0xc3][0x82]+[0xff][0xfc][0xfe][0xbb]l[0xfe][0xcb][0x15][0xb]^[0xaf]][0xfe][0xa6][0xa6][0xe4]dr[0xec][0xe2][0xef][0xdf]m\[0xfd]v[0xed][0xb2]w+[0x17]=[0x9][0x9][0x98][0xe9]`[RQ^w[0xf4][0xf0][0x95][0x19][0x93][0x8f][0xf8]y7hj[0x4][0x8b][0x8b]+[0x88][0x88][0x88][\n]&quot;
2013-02-06 13:51:57,136 AAD-WS DEBUG wire:63 - &gt;&gt; &quot;[0x8][0x8]rs[0xf3][0xb2][0xb3]s022[0xfe][0x1f][0x5][0xb4][0x7][0x8a][0xff]D[0x9d][0x8b]R[0x13]KRS[0x14][0xca]3K2[0x14]B2R[0x15][0xdc]=}[0x3][0x18][0x14][0xb2]0r1[0xfc]g[0xd0][0x1]e[0x11]Pfq[0xe0][0xf8][0xc7][0xf0][0x9f]S[0xc6]c[0xc3][0x82][0x83][0xcd][0x1c][0xff]59[0x14][0x16],lj[0x11][0x10][0xd4][0x93]X[0xf1]@[0xf1]h[0x97]h[0xa7]H[0xa0][0xc2]C[0x8e]I*b[0xca]j![0x6][0xed]~[0xb2][0xd6][0x8a][0xee][0xcb]DN[0x6])[0x1e][0xee][0xe2]N:&amp;[0xb2]bAc3[0xbb][0x80][0x92][0xc7][0xc][0x87][0x85]M[0xad][0xd3]8[0xf]j[0x8][0x18][0xb7][0x9d][0xf1]Z[0xe0]1YKwG[0xc0][0x81][0x8b]KE$[0xcd]J8[0xa6]*[0xf8][0xb4]jzj[0x18][0x14]2[0xb9]r[0x89]rEl)[0xf8][0xc8]t[0xec]rs8[0xb7][[0xa0]A[0xab][0x97][0xa8][0xb6][0xe8]j[0xbe][0x18]e[0xf1][0x85][0xf2]=\l[0x8c][0xc][0x1][0xdb][0xd7][0xc7][0xcf][0xaa][0x9f][0xc9]f[0x11][0xbd]u[0xe5][0xe5][0x3]m+[0xbf][0xf9][0xf6]\[0xd7][0x8a]c[0xe5][0xe4][0xb8],[0xb3]Ga]([0x8f][0xa4]I[0xce][0x83][0xb][0x7][0xf][0xb3][0xb]([0xba][0xcc][0x9]5[0x98][0x98][0xe6]![0xc9]etaE[0xa2]3#[0x1f][0xab]U[0xd9][0x87][0x17][0x8a]7[\r][0xf][0xa9]r[0xcd]*)[0xf8][0xb4][0xa4][0xec][0xe0]L[0x96][0xcd][0x1a]7[0xe]-[0xed][0x16][0xbf][0xaf]S[0x98][0x1c][0xf2]y:[0xef]=[0x8b]z[0xd1]&apos;[0x17]7[0xb7][0xf3][0x9a][0xd6][0xc2]%i[0xd5][0x92][0x91][0xff][0xe0][0xbd].3#[0x13][0x83]5[0x0]PK[0x7][0x8][0x3][0xbc][0x1c][0xd5][0x3][0x3][0x0][0x0]&lt;[0x4][0x0][0x0]PK[0x3][0x4][0x14][0x0][0x8][0x0][0x8][0x0][0xd4]|D5[0x0][0x0][0x0][0x0][0x0][0x0][0x0][0x0][0x0][0x0][0x0][0x0]2[0x0][0x0][0x0]javax/help/plaf/gtk/images/OnItemCursor.properties][0x90][0xdd][0x8a][0xc2]@[0xc]F[0xef][0xe7])[0x2][0xbd]q[0xc1][0xad][0xae] Z[0xa9]&quot;,[0xb8]z[0xe3][\n]&quot;
2013-02-06 13:51:57,136 AAD-WS DEBUG wire:63 - &gt;&gt; &quot;[0xee][0xb][0x84]6[0xb6][0x3][0xce]L[0x99]D[0xd0][0xb7]7[0xd5][0xb2][0xfe][0x84][0xb9][0x9][0xf9][0xce][0xf9]`[0x12][0x93][0xc0][0xb2][0x97]|[0xc0][0xaf][0xdf][0x8][0xb9][0xef]S[0xe4][0x10][0xd3]&amp;[0x86][0x86][0xa2]Xb[0xf8]JG[0xf0][0x9]Gd[0x81][0xa2]F_[0x11]8,[0x9][0x86][0x93][0x81][0xbe]lj[0x12][0x15][0xdc])[0x86][0xdd][0x3];[0xd8]#[0xdd]n[t[0xba][0xfe]lV[0xd3][0xc]8[0x9c]b[0xd1][0x1e]CT[0x86]%[0xb8][0x14]}[0x9]R[0x93][0x8d][0x80][0xcc][0xa1][0xb0](T[0xc2]:[0xc8][0xbe][0x9][0xc2][0xad]HU5[0x1]_[0xbc][0xe0][0x19],[0xcf]:4]i[0xd3]&lt;o[0xfb][0xbc]V-4[0xf7]6][0xae][0x93][0xcd][0xf3][0xf3][0xa2][0x9f]_4g[0x9e][0x5][0xd6]aE&lt;x[0xf9][0x85][0xca][0x1e][0xcc][0x1b]&lt;[0xee][0x8f][0xcc][0x15]PK[0x7][0x8][0x8d][0xb2][0xcb][0xe3][0xc4][0x0][0x0][0x0]3[0x1][0x0][0x0]PK[0x3][0x4][0x14][0x0][0x8][0x0][0x8][0x0][0xd4]|D5[0x0][0x0][0x0][0x0][0x0][0x0][0x0][0x0][0x0][0x0][0x0][0x0]([0x0][0x0][0x0]javax/help/plaf/gtk/images/DnDCursor.gif[0xcd][0x91][0xeb]KS[0x1][0x0][0xc5][0x8f][0x9b][0xe9][0x9c]6[0x1f]s[0xa6][0xf9][0xda][0xc3][0x15]i[0xa1]_[\n]&quot;
2013-02-06 13:51:57,137 AAD-WS DEBUG wire:63 - &gt;&gt; &quot;{|X*3q[0xd1][0x3][0x9][0x82][0x92]][0x98]`$I&amp;hAy[0xb3]5[0x97][0x9a]][0xb5]V[0xd9]2[0xb3]i7[0x9b]s[0xd3][0xb5]D[0x87][0x8a][0xce]%*b[0xf6][0xd0]^[0xe6][0x8b][0x12]IR[0xd4]^[0xa4][0xeb][0xfa]_t&gt;[0x9d][0xf3][0xe3]p[0xbe][0x9c][0xe4][0x14]y[0xfc]nB[0x6][0x19][0x9c][0x87][0xc0][0xa8]P[0x8d]Wo1[0xfa][0x1e][0xef]&gt;[0xe2][0xc3]8&amp;g[0xf0][0xd7][0xe5]}B[0x85][0x12]=[0xaa]h[0x94][0xd7][0xa2][0xd2][0x80]Z#t4[0x8c][0xcd]X[0xfa][0x81][0x95]_HW[0x81],[0x84][0xbe][0x1][0xf5]f8[0x9c]X\[0x86][0xce][0x80]j#[0xc]&amp;[0x98][0xac][0xb0][0xb5][0xa2][0x90][0x19][0xf1][0xa5]M0[0xdb][0xd0]f[0x87][0xbd][0x3][0xc3]#[0xc][0xe1][0xab]5[0xe8][0xea][0x86][0xb3][0xf][0xdd][0xe][0x8c][0xbc][0xc6][0x9b]1[0x6][0x86]h[0xb4][0x18][0x1c]bL[0xa8]R[0x85][0x8e].[0xcc]/[0xa0][0xaf][0x1f]C[0xc3][0xf8]4[0x81][0xaf]s[0xc][0xf][0xff][0xf9][0x7][0xa7][0xb3][0xf0]y[\n]&quot;
2013-02-06 13:51:57,137 AAD-WS DEBUG wire:63 - &gt;&gt; &quot;[0xd3]_[0x98][0x18][0xd9]`[0xc4][0xf9][0xb]Xu[0xe5]]&quot;[0xc1][0xe1][0x82][0xaa]`[0xa0][0xff][0xaa]+{[0xd5]u[0xd6][0x8b][0x7][0x93][0x99][0x89]^V[0x1b]S8y&amp;[0x1f][0xa5]eh[0xb6]B_[0x8d][0xe3]Yp[0xfd][0x12][0xad][0x9][0x12]s2[0x88][0xdc][0xc][0x95]0[0xef]Tn[0xa6]0-3C[0x98][0x9c]r[0xf0]0D[0xbf][0xdd][0xdd][0xb8]([0xc0][0xf6][0xf5][0x8b][0xd6][0xcf][0x82][0xe7][0x1a]YPxE}US[0xa4][0xbd]V\Rz[0xbd][0xec][0x6]U^Qy[0xf3][0x96][0xee][0xf6][0x9d][0xbb]U[0xf7][0xf4][0xf7][0xab][0x1f][0xd4]&lt;[0xac]}d[0xa8][0xab]L?ixjl45[0x99]-[0xcd]-[0xd6]g[0xb6][0xe7]:[0xb4][0xb5][0xdb][0xdb][[0xe0][0xc6]b[0xb3][0xdd]{6xxx[0xa2][0x93][0xe3][0xc5][0xf5][0xf6][0xd9][0xc8][0xf3][0xf5][0xf3][0x1f][0xe8][0xc][0xe0][0xfb]p[0xb9][0x81][0x82][0xa0]M[0xa3]c[0xc1][0x82][0x90][0xcd][0xa1]aA[0xe1][0x11]S[0x16][0x4]D[\n]&quot;
2013-02-06 13:51:57,137 AAD-WS DEBUG wire:63 - &gt;&gt; &quot;[0x84]a&quot;[0x91]X&quot;[0x89][0x9a]o[0xfa].][0xde]&quot;V[0xe8]e[0xe5][0x9][0xbd][0xc5][0x17][0x1b][0xc7]-q[0xc4]~e[0x11][0x87][0x9c][0x16]N[0xb0]&amp;[0xa3][0x11][0xab]tP/[0x9]g[0xa9][0xff][0xb6][0xa3][0x9c][0x9a]#=[0x9a][0xde][0xb4][0xe0]l[0x7][0xc8]D5X[0xfc]s[0xb3][0xb4]e:*[0x1a][0xfb][0xf2][0xbf][0xcd][0x11][0x97]e&lt;[0xf6][0x9e]\j[0x81]X[\n]&quot;
2013-02-06 13:51:57,138 AAD-WS DEBUG wire:63 - &gt;&gt; &quot;$#[0x7][0xc8]Yn[0x8e][0x98][0xe6][0x89][0x12][0xb5][0x81];[0xeb]J[0xfc]H[0xb1]\&gt;[0x1b][0x9f][0xa0][0xea]K;[0xd6]N%[0x1d][0x10][0xaf][0x4]A*B[0xf0]&quot;5[0x13]3&amp;[0x8d]NU[0xc4][0x11]S[0xbb][0x8][0xfe]V[0xc9]\[0x1b]k&quot;)[0xd6][0xd4]I[0xb2][0xbd]#[0x14][0xad][0xe6][0xc9][0x1e]-?&amp;}[0xb0][0xd5]2[0xfd][0x82][0x92][0xa4]F[0x8]8[0xd8][0xfb][0xf]PK[0x7][0x8][0xaf][0x94]&apos;[0xcd]^[0x2][0x0][0x0][0xe5][0x2][0x0][0x0]PK[0x3][0x4][0x14][0x0][0x8][0x0][0x8][0x0][0xd4]|D5[0x0][0x0][0x0][0x0][0x0][0x0][0x0][0x0][0x0][0x0][0x0][0x0]/[0x0][0x0][0x0]javax/help/plaf/gtk/images/DnDCursor.properties][0x90][0xcd][\n]&quot;
2013-02-06 13:51:57,138 AAD-WS DEBUG wire:63 - &gt;&gt; &quot;[0xc2]@[0xc][0x84][0xef][0xfb][0x14][0x81]^[0x14][0xb4][0xd5]^[0xaa]R[0x8b][0xa0][0xf8]s[0x11]A_ [0xb4]i[0xbb]`w[0xcb]f[0x5]}{S-*[0x86]\[0xc2][0xcc]7[0x3][0x9]T[0x0][0xab]A0[0x84][0x8d][0xd9][0xac]o[0x8e][0xad][0xb][g[r^[0x13][0xc3]4[0x8c]a[0xc]Wd[0xf]y[0x8d][0xa6]&quot;h[0xb0] [0x98]$[0x91][0xec]|[0xa6][0x2][0xa1][0xdf][0x14][0xc3][0xe9][0x8b][0x95][0xfa]J/[0xed][0x88][0x8d][0x9c][0xbb][0xc3]v6[0x7][0xb6]7[0x97]w[0xa2]u[0xc2][0xb0][0xb7][0xcd][0x7]ES[0x80][0xaf]I;@f[0x9b]k[0xf4]T[0xc0][0xde][0xfa]sk=wA[0x12]u[0xa9][0x9][0xf8]a&lt;[0xde]A[0xf3][0xa2]G[0xc3][0xad]4-[0xd3][0xae][0xcf]HU&amp;[0xbe][0xbf][0xe9]}}[0xd8]2[0xbd]g[0xa3][0xf4]!&gt;[0xf5][0x1b][0xa0][0x1b][0xac][0x88][0xa3][0xef][0xb]*][0xaa]?2NFq[0xa2][0xd4][0x13]PK[0x7][0x8][0x96][0xf6][0xed][0xf8][0xc1][0x0][0x0][0x0]0[0x1][0x0][0x0]PK[0x3][0x4][0x14][0x0][0x8][0x0][0x8][0x0][0xd4]|D5[0x0][0x0][0x0][0x0][0x0][0x0][0x0][0x0][0x0][0x0][0x0][0x0]*[0x0][0x0][0x0]javax/help/plaf/gtk/GTKCursorFactory.class[0x95]Wkx[0x1c]U[0x19]~[0xcf]fwgv2I[0xda]m[0xb7]dZ[0xaa][0xcb][0xad]nB[0x92]E[0xdb][0x6][0xd8][0x0][0x92][0xa4]i[0xb3][0xd0]$[0x95][0xb4])K[0xb8]Mv&apos;[0xbb][0xd3]nf[0xb6]3[0xb3]MS[0xa8] W[0x91]&quot;(([0x18]([0x88]m[0x89][0xa0]bh[0xeb][0xa6]6[0xb5]*^[0xa2][0xa8][0x88]wE}[0xf8][0xe7]/[0xfd][0xa5]&gt;[0xf][0xfe]Q[0xbf]3{[0xc9][0xe6]R[0x9f][0x9a][0xe7][0xd9]s[0xe6]|[0xe7]=[0xef]w9[0xdf]w[0xce][0xc9][[0xff]&gt;s[0xe]@[0x1b][0xfe],[0xa1][0x7][0xc3]&quot;[0x6]%[0xf8]p{[0x80][0x9a];[0x4][0xdc][0xc9][0x7][0xc3]|p[0x97][0x88][0xbb][0xf9]@[0x15][0xb1][0x8b][0x8f]GD$[0x5][0xa4]$[0xd4][0xf1]E[0x1a][0xef]Gy[0x93][0xe6]4[0x19][0x11][0xba][0x88]=[0x12][0xf6]&quot;[0xcb][0x9b]1[0x11][0x86][0x8]S@N[0x82][0x82]}&quot;,[0x9]6[0x1c][0x11]y[0x1][0xfb]E[0x8c][0xb]8 `B[0xc2]%[0xd8]&apos;[0xe0][0xa0][0x84][0xcb]p[0xf]o[0xee][0xe5][0x92]C[0xbc][0xf9]8[0x1f][0xde][0xc7][0x9b][0xfb]E|B[0xc4][0x3][0x12][0xc2]H[0xb]xPB+[0x1e][0x92][0xf0]0[0x1e][0x11][0xf0]([0xef]?)[0xe1]1|[0x8a]=.[0xe1]*[0x1c][0x16][0xf1][0x4][0xc7]|[0x9a]7O[0xf2][0xe6])[0x9][0x9f][0xc1]gy[0xf3]t[0x0][0xcf][0xe0]s[0xbc][0xf9][0xbc][0x80]g%\[0x8f][0xe7]$|[0x1][0x93][0x1c][0xf5][0xbc][0x84][0x17]pD[0xc0][0x8b][0x1c][0xf8][0x92][0x80]/[\n]&quot;
2013-02-06 13:51:57,139 AAD-WS DEBUG wire:63 - &gt;&gt; &quot;x[0x99]A6[0x8d][0xb8][0xa3][0x8d]u[0xe7]-[0xdb][0xb4][0x18]Vn[0xdf][0xa3][0xee]W[0xa3][0xea][0xb8][0x13]-[0x8a]:[0x18][0x2])#U[0x9e][0x97][0x9c][0x8c][0xb6]UM:[0xa6]5[0xc1][0xb0][0xc1][0x5][0x1f][0x88]f[0xb4]l.[0x9a][0xcb][0xaa][0xa3][0xd1][0xb4][0xb3]7[0xba]m[0xe7][0xcd]Et[0x9]G[0xc][0xbe][0x94]6[0x92]O3[0xb0][0xdb][0x18][0xea][0xba]M[0xc3]vT[0xc3][0x19]R[0xb3]y[0xad][0x86]6[\n]&quot;
2013-02-06 13:51:57,139 AAD-WS DEBUG wire:63 - &gt;&gt; &quot;[0xc][0xfe][0xeb]tCwn`[0xa8][0x89]4[\r]1x[0xbb][0xcd][0x94][0xc6][0xd0][0xb0]]7[0xb4][0xfe][0xfc][0xd8][0x88]f[0xed]TG[0xb2]\[0x92][0xd6][0x9c][0x81][0x5][0x6][0xaf][0x8a]4-c[0xb2]L[0xb8]-[0xc6][0x96]2HNZ[0x9a][0xea]h[0xe5][0xe1][0x15][0x91][0xe2][0x92][0xac]j[0xa4][0xa3][0x83][0x8e][0xa5][0x1b][0xe9][0x8e][0xe5]XB[0xcb][0xe1][0xc8]&lt;i[0xd0][0xcc][Im[0xab][0xce]M[\n]&quot;
2013-02-06 13:51:57,139 AAD-WS DEBUG wire:63 - &gt;&gt; &quot;-[0xf6][0xb7][0x8d][0xaf][0x91]1[0x80][0x1d]2n[0xc6][0xad]2[0xe2][0xb8][0x89][0xe1][0xf2][0xb][0x9][0x95][0x8c][0xad][0xd8]F[0xe6]V[0xbb](c[0x8][0xbb]e[0xf4][0xf2][0x89]@[0x95]Ok[0x16][0x9b][0xd6][0x95][0x1f][0x1d][0xd5][0xf8][0x16]vW9[0x1b][0x1e][0xa5][0x9f][0x8c]/[0xe1][0xa8][0x8c]c8.[0xe3][0x15]L1[0x8][0xfa][0x98][0x9a][0xd6][0xec](Cm[[0xce]2s[0x9a][0xe5][0xe8][0x9a]-[0xe0][0xcb]2^[0xc5]k2[0xbe][0x82][0xe3][0xb4]Y|:l[0x98][0xe]q[0xe4][0x8d]T[0x1b]C[0xd8]U[0x99]w[0xf4]ltGq[0xd5][0xc4]-[0x9a][0xed][0xc6][0xa2][0x8b][0x10]Y[0x8d]{[0xfd]UZU[0xd4][0xdd][0xc6][0x3]$[0xe0]k2^[0xc7][0xd7][0x19][0xea]K[0xd2]^[0xd3][0x19][0xcc][0x99][0xe][0xc3][0xa5][0xf3]t}[0xba]m[0x93][0xb]e[0xb6][0x9e][0x3]I-[0xe7][0xe8][0xa6]A.[0x87]uc[0xbf][0x9a][0xd5][0xb9][0xfe]U[0xee][0x2][0xdd][0x8c][0xc6][0x7][0xaa][0x10][0xeb][0xca][0xd2]b[0x0][0xb4]T[0xdc][0xc8][0xe5][0x1d][0x8a][0x89][0xa6][0x8e]1[0xac][0xaf][0xcc]N8Z[0xa7]e[0xa9][0x13][0x3]y[0xa7]2[0xcf][\r][0x9e][0x96][0xf1][0x6]N[0xc8]8[0x89]S2[0xbe][0xc1]w[0xad][0xc0][0x9b][0x19][0x9c]&amp;[0xed][0xe3][0xaa]e[0x90]a[0xb1]0[0xe5]^X[0xb7][0xc3][0x7]5[0xcb]l[0xcd]jF[0xda][0xc9][0xd0][0xd6][0x17][0xf7][0xd4][0x1e]&apos;D4[0xce]C[0x1a]O[0x9a][0x6][0xe7][0xfc][0xa6][0x80]32fq[0x96][0xdc][0xae][0xe4][0xd5][0xe]S7[0x1c][0x19][0xdf][0xc2]9[0x1][0xdf][0x96][0xf1][0x1d]|[0x97][0xf][0xde][0xe4][0xf8][0xef]1\[0xb4][0xd3]4[0xb3]{u[0x8a][0xb6][0xe6]$3[0xc4][0x18]N[0x96][0xf6][0xff][0xfb][0xf8][0x81][0x8c][0x1f]bN[0xc6][0x8f]0&apos;[0xe0][0xc7]2[0xde][0xc2]Od[0xfc][0x14]?[0x13][0xf0][0xb6][0x8c][0x9f][0xe3][0x1d][0x19][0xbf][0xc0];[0xc][0x17]WT[0xb9][0xfb];[0x1f][0x10]&gt;[0xe2]j~)[0xe0]W2~[0x8d][0xdf][0xc8][0xf8]-~&apos;[0xe0][0xf7]2[0xfe][0x80]w[0xcb][0x81]us[0xa9][0x12]X[0x19][0xc4][0x9f][0xca][0xd1]u[0xa7][0xfa][0xcd][0xc1]|2[0xd3][0xa7]9[0x19]3[0xd5]cY&lt;[0x9]W[0xcc][0xcf][0xe][0x8c][0xec][0xd1][0x92][0xb4][0xab]~5[0x97][0xd3][0x8c][0x14]C[0xcb][0xf9][0xab]lI[0xd6]R[0xb1][0x89][0x8e]Y[0x94]0[0xac][0x8e],[0xc5]q[0x4][0x15]uwV[0xb5][0xed][0xaa][0xaa]w[0x11][0xae][0x90][0x0][\r][0x8b]D[0x84][0xa3]%[0xe5][0xa4][0xea][0xb4][0xcb]9[0xd1]t~[0xcb]xr[0xcd][0xa7][0xf]q[\n]&quot;
2013-02-06 13:51:57,140 AAD-WS DEBUG wire:63 - &gt;&gt; &quot;[0xc4][0xd0][0xaf][0x8e]Q[0xa1]7F[0x96][0x85][0xf0][0x3][0xa1]q&gt;[0x93][0x17][0x16][0x4]e[0x10][0xad]/[0xfb][0xb5][0xe1][0x82]&quot;BJ[0xbd][0x91]8[0xa7][0xf5][0x8d][[0xba]C[0x1c]Bd[0xb8]+[0xee]J[0xbc][0xa4][0x92]B[0xeb]#AS[0x9c][0xfa]d[0xd6][0xb4][0x9][0xe0][0x1b][0xcd][0xe6]mJ[0xc8]Z[0xc7][0xac][0xa4]9gi[0x1a][0xee]*[0x81][0x87][0x16][0xec]U[0xd9] A7R[0xda][0x81][0x81][0xd1][0xa2]F&quot;[0xc][0xd8][0xf9][0x11][0xbb]4[0xb9]&amp;B:[0x97][0xb3]n[0xe5][0xbc],n8Z[0x9a][0x1f]:bN[0xb5]l[0x8d][0x86][0xe7]95[0xe3]\[0xbe]&lt;[0x9d]/R[0xf4][0x8d]o[0xaf][0x9b][0xa9][0xc][0xc1][0xea]C[0xdd][0x95][0x95][0xce]t^_[0xbb][0xf5][0x14]/&gt;[0xba])[0x88][0xb4][0xae]$[0xec][0xd5][0xf4]t[0xc6]);[0xc9][0x97][0x95][0xca][0x89][0xcc][0xe5]w[0x81]6[0xaa][0xe6][0xb3]NE[0xb6][0xba]ZAI[0xda]Q[0x84]vi[0xb6]S&lt;[0xa9][0x6][0xf5][0x83][0xee][0xb6]W[0xc2][0xc0][0xc1][[0xf4]1[0xcd][0xb0][0xa9]&gt;[0x8][0x1e]\*[0xe5][0x9b]V[0xb4][0x8f][0x91]u[0xfe]L[0xc9],?[0x91][0xb8]N[0xd6]/t[0x8b][0xb6][0x8c]Tn[0xb3][0xd4]\FO[0xda]&lt;FU[0xaa][0xca]b[0xd2][0xb4][0xa2][0x1c][0x9b][0x81][0x11][[0xb3][0xf6][0xf3][0x88][0x87][0xab][0xa1][0xc5]z_[0x80][0xa8]lT5[0x15][0xbf][0xcc]-u[0xbc][0xa4]{cdq[0x94][0xe3][0xf1][0xff][0xcd][0xd9]D[0x17]x[0xb0]|[0x99][0xda][0x8e]Y[0xb9][0x86]{[0x96]P[0xcd][0x8f][0xdd]s[0xaf][0xe3]B[0xae]\z[0x16][0xf9][0xe8][0xad][0x5]x![0xf1][0xab][0x90][0xbe]$~[0xf3][0xb9]=][0xa3][0xd4][0xaf][0xa5];u;[0xbd][0x18][0xfa][0xe8][0xdb][0x83]~[0xc2]3~[0xd5]R[0xfb]1[0x92][0xac][0xa7][0x9e]Q[0xef]k[0x9e][0x1]{[0xc3]}Z[0xdc]B[0xad][0xdf][0x15]6#[0x80]A[0xec],A[0x87]h9[0xff]k[0xe]zN[0xa3][0xe6][0x4][0xbc]s[0xa8][0x9b][0x85]/1[0x3][0xff]IxO@[0x98]C=I[0x83][0xe2][0xc][0x2]&apos;![0x90]`[0xba][0xc2][0xb7][0x96][0x18][0x81][0x8d][0xa4]|[0x13]j[0xb1][0x19]!\[0x8d]u[0xb8][0x6][0x1b][0x10]#[0x1d][0xbb][0x96][0xd1]!-[0xab][0xa3][0xb6][0xa4]Cvu[0xd4][0x92]`[0xb1][0x8e]N[0xd2][0xd1]E:[0xba]IG[0xf][0xe9][0xd8]J:z[0x89][0x95][0xde][0x4]E[0x1d]5*[0xe1][0x1a]([0x16][0x9][0xd6][0xc7][0xfa]gQG[0xe4][0xf5][0xc1][0x86][0x2]V\I[0xbf][0x2]V[0x92][0xe2][0xe6][0x2][0x82][0xe5][0x99]U[0xa5][0x99][0xe0][0xea][0xe2]t[0x1][0xa1][0x98]_[0xf1][0xcf]aS[0x9][0xc1][0xc1][0x5][0xac][0xe1][0x90][0x8b]x[0xb3]`A[0xb0][0xb1]B[0xca][0xa6]g[0xa1]$[0x14][0xff][0xc][0xd6][0xc6][0x4]E[0x8][0xae]+[0xe0][0xe2]&gt;[0xea][0xd7]S[0xdf]?[0x5]=&amp;\[0x10][0xe1][0x7][0xab][0x8]c[0xe2][0xff][0xbd][0x84][0xc5][0x4][0xe]n[0xe1]n[0x88][0x8a]8[0x87][0xe6][0xe5])Z[0x96][0x1a]IB[0xa1][0xbd][0xbd]4[0x16][0x98][0xc5]e[0x89][0x95]^[0xba][0xf0]/[0x8f]I[0xd4][0x9f][0x15]c[0xc2][0x14][0xea][0x14]I[0x11]jB[0xb5][0x5]\[0xa1][0x4][0x14][0xa1][0x80][\r][0x89][0xf6][0xda]#[0xff][0xf9][0xab][0x12]([0xe0]C[0x8a]T@[0x84]7M[0xdc][0xf5]s[0x93][0x8][0x97][0xc3][0xdb]\[0xd6]ue[0x95][0xae])4p[0xe3][\n]&quot;
2013-02-06 13:51:57,140 AAD-WS DEBUG wire:77 - &gt;&gt; &quot;h)[0xa9]nM([0xc2][0xc][0xda]b[0xde]V[0xe][0x8e][0xb6][0x93][0xdf]W%ZkB[0x4][0xf9][0xf0]i|[0xa4]5$z[0xef].`#}[0xce]`S[0xcc][0x17][0xdc]L[0xeb][0x14]o[0x1][0xed][0xb1][0x0][0xef][0xae]n[0x97]xwM{[0xed]i\[0x1b][0x93][0x15]9$qCc[0xb1]:[0xa5][0xee][0x14]:B[0xd2]Q[0xb8]_[0xd7][0x85]j[0x8f]a[0xf3],[0xae]O[0xb8]rW[0xe4][0x9b][0xc1][\r][0xb1]z[0xa5][0xbe][0x80][0x8f][0xba][0x8c]5.[0xf1][0x8d][0x5]t[0xee]V[0xea]c[0x81])[0xf8]hV&amp;[0x97]}[0xe4]A[0xf7]t,[0xc0][0xa6])[0x5][0xf7][0xe1]0[0x9e][0xc4][0x7][0xdc][0xfe]M[0xfa]?[0xe5]}6[0xc9][0x8e] [0xec]i[0xf4][0xf4]xz[0xd1][0xc5][0xde][0xf3][0xec][0xf2][0xec][0xc2][0x96]R[0xea][0xbe]M[0xa5][0x1][0xaa]R[0xf]U[0xa9][0x97][0x92]t-[0x15]D[0x7][0x95][0xc5][0x8d][0x94][0xb6]&amp;n%[0x96]a[0xdc][0x8b][0xdb][0xf1][0x10][0xee] [0xbe];[0x89][0xf9].z[\r][0xa9][0xc4][0x9c][0xc4][0xdf][0xa1][0xe1][0x9f][0xd0][0xf1]&gt;,[0xe6][0x81][0xc3][0x4][0xe4]Y[0xb][0xc6]Y[0x1b]&amp;[0xd8][0xb5][0xb8][0x87][0xf5][0xe0][0x10][0xdb][0x8e][0xfb][0xd8][0x0][0xee]g[0x9][0xea]G[0xf1][0x0][0xdb][0x8b][0x7]Y[0xe][0xf][0xb3]q&lt;[0xc2][0xe][0xe1]Q[0xf6][0x1c][0x1e]c[0x93]x[0x9c],&lt;[0xcc][0xa6][0xf0][0x4]{[0x15]O[0xb1]Sx[0x9a][0x9d][0xc5]3[0xec]]&lt;[0xcb][0xde][0xc3]$[0xfb][0xb][0x9e]g[0xc3][0xb][0xec][0x1f]x[0x91][0xfd][0xb]/y[0xbc]x[0xd9][0xd3][0x88][0xa3][0x9e][0x16][0x1c][0xf3]t[0xe2][0xb8][0xa7][0x7][0xaf]xn[0xc2]k[0xe4][0xd5][0xeb]t[0xf6][0xd0];[0xbe]T[0xd2][0x8a][[0xa0]Xz[0xba][0x9c][0xa1]6[0xe1][0x1e]J[0xb7][0xfd][0x17]PK[0x7][0x8]|[0xe0][0x87][0xc0][0xd3][0x7][0x0][0x0][0x81][0xe][0x0][0x0]PK[0x3][0x4][0x14][0x0][0x8][0x0][0x8][0x0][0xd4]|D5[0x0][0x0][0x0][0x0][0x0][0x0][0x0][0x0][0x0][0x0][0x0][0x0]%[0x0][0x0][0x0]javax/help/plaf/HelpNavigatorUI.class}[0x94][S[0xd3]P[0x10][0xc7][0xff][0xa7][0xb7][0x94][0xb4]r)[0xd7]*HA[0x90][0x96][0x2]QQ[0xd0][0x16]PlA:[0x2][0xce][0x88][0xc5]A[0x9d]qB{[0xa8][0xd1]6[0xe9][0xa4][0xe1][0xf2][0x8d]|[0xc5][0x19][0x85]Qf[0xf4][0xcd][0x7]?[0x94][0xe3][0x9e][0xa4][0x94][0xd2][0x16]_[0xf6]${[0xfe][0xfb][0xdb]=[0xbb]&apos;[0xf9][0xf3][0xf7][0xc7]O[0x0]3X[0x93][0xd1][0x89][0xb1]6t`\[0xc2]m?&amp;d[0xb8][0x11][0xf5]#&amp;c[0x12]qa[0xa6]dLc&amp;[0x0][0x5]w$[0xdc][0x95][0x11][0xc0]=[0x9][0xb3]~[0xdc][0x97][0xf0]@[0xc2][0x1c][0x83]G[0xcb][0x19]:Ch[0xfd][0xa3]z[0xa0][0x1e])[0x95]CM/([0x19][0xf2]%[0x19]|[0xb][0x9a][0xae]YK[0xc][0xee]hl[0x9b][0xa4])#[0xcf][0x19]:[0xd6]5[0x9d]o[0xee][0x97]v[0xb9][0xf9]J[0xdd]-[0x92]G[0xaa]p+ccz[0xa3][0xcd][0x1c][0x11]*[0x15][0xce][0x15]=[0xd1]X[0xab]T[0xde][0x12]7[0xb][0x84][0x1a]&quot;
2013-02-06 13:51:57,141 AAD-WS DEBUG wire:63 - &gt;&gt; &quot;:[0x7]|[0xe0][0xc5][0xb2][0xb2][0xa9][0x1e]h[0x5][0xd5]2[0xcc]m[0x8d][0x1f][0xda] [0x9f][0xc9]K[0xc6][0x1][0x9][0x83][0x82]XR[0xb][0xdc][0xc1][0xce][0xfe]/[0xee]r[0xc2][0xf3][0xa0][0xa4][0x3]Y[0xce][0xe7][0x97]s[0x96]&amp; }[\r][0xb5]9~[0xd2][0xc9][[0xc6][0xbe][0x99][0xe3][0xab][0x9a]8m[0xcf][0x1a][0xa5][0xa8]e[0xc8]ffDH[0x10][0xdd][0xe8][0x9][0xa2][0xb]![0x86][0x9][0xe1]P[0x8a]*[0x11][0xb2]ze[0xbf]\6L[0x8b][0xe7]_[0x94][0xb9][0xa9][\n]&quot;
2013-02-06 13:51:57,141 AAD-WS DEBUG wire:63 - &gt;&gt; &quot;[0xde][0xca]Q[0x8e][0x97][0xab][0x9][0xed]SG[0xb4]JD7[0xac]HM*`[0xf3][0xc][0xfd][0xce]Y[0x9b][0xb6]%&lt;[0xc][0xe2][0x11][0x16][0x83]X[0xc2]c[0x9]O[0x82]X[0xc6]S[0x9][0xa9] [0xd2]X[0xa1][0x19][0xb4]&lt;[0xad]`[0xae]2t_[0xd4]VW[0xc7]P}[0x1f][0x9a][0xf2]1[0xc][0xd7][0xf5][0xb6]\T[0xf7][0x94][0x86][0x16]0[0xc][0xd6]&apos;[0xb5]%)[0xa3]T6t[0xae][b[0xbb]z/[0x9c][0xc4][[0x96]I*{[0x9c][0x3]W[\r][0x8d]z^[0x1b]pZ[0xc2]3[0x6]W&amp;M[0x3][0xcb][0xe8]:7SE[0xb5]R[0xe1][0x15][0x81][0x8d][0xd5][0x8f]}C-[0x8f]e[0xd2]I&apos;V[0x94][0xb8][0xc5][0xad][0xfa][0xa9][0xda][0xa2][0xaa][0x9f]T[0xa1]f/C;[0x85]R[0xe9][0xbb]t[0xc7][0xf3][0xc4]#US[0xe][\n]&quot;
2013-02-06 13:51:57,142 AAD-WS DEBUG wire:63 - &gt;&gt; &quot;m[0xbf][0xec]qnR[0xf6][0xe5][0xfa][0xaa]i[0x94]D[0x9d][0xb7][0xa2]-[0xea]r8[0x8a][0xce]-[0x85][0xa4]D[0xe9][0x8a]^[0xf6][0x88][0x8e]t5[0xc5]yF[0xe8][0xfb][0xee][0xa4][0xef][0x9d]z .[0x18]=I[0xf4]L[0xf7][0x8d]l/[0xbd][\r][0xd1][0xca]h[0xf5]N[0x9e][0x82]}[0xb1][0x85]}d}[0xb6]s[0x8a]l?[0x6][0xaa][0xd2]QB[0xb8][0xc4][0xde]d[0xfc][0x1b]\[0x17]Z[0xd9][0xf6][0xce][0xc1][0x8b]y[0xf2][0x84]q[0xbd][0x9][0xfd][0x15][0xae][0xe3][0x6][0xf4]&quot;[0xd9][0x1b][0x18][0xac][0xa1][0xdd]6D&gt;[0x83]{&apos;[0xe4]9[0x85][0xf7]W[0x83]&gt;Mv[0xe8][\n]&quot;
2013-02-06 13:51:57,142 AAD-WS DEBUG wire:63 - &gt;&gt; &quot;[0xbd][0xaf][0x85][0xfe]9[0xd9][0x9b][0x18][0xae][0xea]?[0x91][0xde]G[0xab][0xc2]6[0xe2]&apos;[0x90]6[0xa7]c[0x9c][0x1e][0xfc]&apos;hKx[0xc2][0x9e][0xe9][0xef][0x90]]Hx[0xcf][0x10][0xd8][0x9]{O[0x11][0xdc][0xf8][0xc]o[0xc2]3uL[0xe1][0x1]D[0x11][0xc7][0xb5]*|[0x14]~[0xb2]YJ[0xbe]M[0x8d]|M[0xbb];[0xd4][0xca]7[0x94][0xea]-[0xe9][0xde][0xd1][0xff][0xf2]=)#[0x18][0xa9]+[0x94][0xd5][\n]&quot;
2013-02-06 13:51:57,143 AAD-WS DEBUG wire:63 - &gt;&gt; &quot;moQ[0xe8][0x1e][0xb1]Fiu[0xe1][0x16][0x16][0xec]n2$[0xe8][0x97][0x9b]D[0xf8][0x1f]PK[0x7][0x8][0x8c]z$[0xae][0xd5][0x2][0x0][0x0][0xab][0x5][0x0][0x0]PK[0x3][0x4][0x14][0x0][0x8][0x0][0x8][0x0][0xd4]|D5[0x0][0x0][0x0][0x0][0x0][0x0][0x0][0x0][0x0][0x0][0x0][0x0])[0x0][0x0][0x0]javax/help/plaf/HelpContentViewerUI.class;[0xf5]o[0xd7]&gt;[0x6][0x6][0x6]=[0x6]^.[0x6]f[0x6].v[0x6]nv[0x6][0x1e]F[0x6]6[0x9b][0xcc][0xbc][0xcc][0x12];F[0x6]f[\r][0xcd]0F[0x6][0x16][0xe7][0xfc][0x94]TF[0x6]~[0x9f][0xcc][0xbc]T[0xbf][0xd2][0xdc][0xa4][0xd4][0xa2][0x90][0xc4][0xa4][0x1c][0xa0][0x8]Wp~iQr[0xaa][&amp;[0x88]#[0xe1][0x91][0x9a]S[0xe0][0x9c][0x9f]W[0x92][0x9a]W[0x12][0x96][0x99]Z[0x9e]Z[0x14][0xea][0xa9][0x97][0x95]X[0x96][0xc8][0xc3][0xc0][0xc2][0xc0][0xca][0xc8][0xa0][0xc]bW[0xe8]g[0x0]U[0xe9][0x17][0xe4]$[0xa6][0xe9]cQ[0xcf][0xc8] [0x3]QU\[0x9e][0x99][0x97][0xe]Q[0xe6][0x9c][0x9f][[0x90][0x9f][0x7]T[0x14][0xea][0xc9][0xa2][0xc8][0xc0][0x4]t&apos;[0x8]0[0x2]![0xd0]X [0xc9][0x6][0xe4][0xc9][0x82][0xf9][0xc][0xc][0xac]Z[0xdb][0x19][0x18]7[0x82][0xa5][0xd9][0x81]$[0x1b]XP[0x11]Hr[0x0]i&amp;[0x6]N[0x0]PK[0x7][0x8][0xf3][0xad][0x8f][0x8f][0xbc][0x0][0x0][0x0][0xf0][0x0][0x0][0x0]PK[0x3][0x4][0x14][0x0][0x8][0x0][0x8][0x0][0xd4]|D5[0x0][0x0][0x0][0x0][0x0][0x0][0x0][0x0][0x0][0x0][0x0][0x0][0x1c][0x0][0x0][0x0]javax/help/plaf/HelpUI.class}P[0xb1]N[0xc3]0[0x14][0xbc][0xd7][0xa6][0x9][0xa4][0x81][0x0][0x95][0x98]([0x12]bI[0x19][0x9a][0xf][0x0]u[0x89][0x84]([0xaa][0xba]@[0xd9]]b[0x82]Q[0x12]Gn[0x12][0xf8]-&amp;[0xa4][0xe]|[0x0][0x1f][0x85][0xb0][0x9b][\n]&quot;
2013-02-06 13:51:57,143 AAD-WS DEBUG wire:63 - &gt;&gt; &quot;e@x[0xb8][0xb3][0xef][0xde][0x9d]-}[0xaf]?[0x1][0x8c]1p[0xd1][0xc5][0x81][0x83]C[0x7]G[0x4][0xfb]J[0xe4][0xa2][0x9c][0x10][0xba][0xc1][0xe8][0x81]`E2[0xe6][0x4]&amp;r&gt;[0xaf][0xb2]%W[0xf7]l[0x99]j[0xc5]cq&lt;g[0xb5]HX)[0x15][0xe1]4[0x98][0xbd][0xb0][0x9a][0xbd][0x85][0xcf]&lt;-[0xc2][0xdb][0x1b][0x8d][0xbf][0xee][0xa5])[0xf2][0x15][0xcf]d[0xcd][[0x91][0xc1][0x8a][0x97]Q[0xa5][0x14][0xcf][0xcb][0xb6][0x9a][0xfc][0xa5][0xe][0x83][0xd1]?[0xfd][0x4][0xf7]NV[0xea][0x91]_[0xb][0xf3][0xb4][0xbe]q[0x17][0xd3][0xb1][0x9]x[0xb0][0xd0]#[0x1c][0xb7][0xc2]E[0xca][0x9e][0xc2]f[0x84]p[0xd2][0x18][0xab]W[0x91]&apos;[0x8d][0x13][0xc9][0xac][0x90][0xb9][0xbe]~1[0xb5][0xce][0xd0][0xd1]cV[0xf]d[0x9a]4[0xda][0xfa]4[0xd4]LF[0xbd][0xf8][0x0][0xbd][0xeb][\r][0xc1][0xd1]ho[0xc4]s[0x8b][0xb0][0x83]]@[0xb3][0xbb][0xe5][0xfe][0x96]=[0xec]m[0xa6][0xf7]5v[0xe0][0xff][0x0]PK[0x7][0x8][0xe4] [0xe2]V[0xfb][0x0][0x0][0x0][0x84][0x1][0x0][0x0]PK[0x3][0x4][0x14][0x0][0x8][0x0][0x8][0x0][0xd4]|D5[0x0][0x0][0x0][0x0][0x0][0x0][0x0][0x0][0x0][0x0][0x0][0x0]#[0x0][0x0][0x0]javax/help/AbstractHelpAction.class[0x95]T]o[0x13]W[0x10]=7[0xfe]X{[0xbb][0xf9]`[0x83]I[0xd3]$[0x14][0xd3]B[0x9c][0x8d][0x13][0xb7][0x14]B[0xd2]@H[0xe2][0x86][0x6]0[0x86]6(R[0x90][0x80][0xae][0xed]K[0xb2][0xc8][0xd9][0xb5][0xd6]k[0xd4][0xbe][0xb5]R[0xab][0xaa][0xfd]#}[0xe9][0x3]HM&quot;[0x81][0xd4]W$~[0x14][0xea][0xb9]k[0x9b]$[0x8e]CAQfvg[0xce][0x9c];w[0xce]x_[0xbf]y[0xf1]/[0x80]i|[0xaf]c[0x8]3I[0x9c][0xc2]eef[0x13][0x98][0xd3][0xe9][0xbf]V/[0xf3][0x1a][0xae][0xe8][0xd0]pU[0x99][0x5]e[0xae])[0xb3][0x98][0xc0][0xb0][0x86]%[0x1d][0xbd]XV[0xd8]E[0x85][0xcd][0xeb]0[0xf1][0x8d][0x86][0x15][0xe5]g[0x94][0xb9][0xae][0xcc][0xb7][0x1a]V5[0xdc][0xd0]pS@[0x93][0xae]][0xaa][0xca][0x8a][0x80][0xb8][0xcf][0xb7][0xb2][0xe7][0x6][0xbe]W[0x15]0[0xb]O[0xec][0xa7]v[0xae]j[0xbb][0x9b][0xb9];[0xa5]&apos;[0xb2][0x1c][0xcc][0xb][0xc4][0x2][0x85][0x15]H5[0x93][0x8d][0xc0][0xa9][0xe6]V[0xed][0xfa]V[0x18]f&gt;U[0xf3][0xbd][0x9a][0xf4][0x83][0x9f][0xf2][[0xac][0x93]k[0x8d]Z[0xcd][0xf3][0x3][0x81][0xb3]M|I[0xda]n=w[0xb7][0x1b][0x86][0xc5][0xf1]+[0x8e][0xeb][0x4][0xb][0x2][0xe3][0x99][0xa3]g[0x1f][0x88][0xac][0x5][0xbe][0xe3]n[0xce]O[0xac][0xb]D[0xf3]^[0x85][0xed][0xf4][0x17][0x1c]W[0x16][0x1b][0xdb]%[0xe9][0xdf]k68lW*[0x87][0xcf])8[0xf5]@[0xba][0xd2][0x17]8[0x9f]9[0xbe][0x9b]6*d[0x1f][0xf5][0xe5][0xb6][0xf7]T[0x1e][0xc7]c&gt;v[0xfc][0x8e][0xa4][0xc0]\[0xe6]h[0xa7][0xef][0xbc]M+[0xa2][0xce]K:[0xf5][0x95][0xb6][0x18][0x91][0xcc][0x4][0xe5][0xd0][0xeb]2x[0x1b][0x8a]f[0xee]+[0x94][0xbe])[0x83]|[[0xa5][0x93][0x99][0x89]n:%[0x88]Y[0xb7][0xab][\r][0xb9][0xdb]C[0xa3][0xeb]ZSk[0xb4]k[0xc6][0xdf][0xeb][0x12]a3k^[0xc3]/[0xcb][0xeb][0x8e][0x1a][0xfa][0xd0]R[0xa9][0x1e][0xf8]v9X[0x95][0xd5][0xda]R9p&lt;wZU[0x19]H[0xe3][0x96][0x81]a|b`[0x4][0xa3][0xbc][0x89]koK[0x3][0x17][0xf0][0x95][0x81]OqF[0xe0][0xcc][0xff][0xad][0x87][0xa2]([0x18]8[0x87][0xf3][0x6][0xc6][0x95][0xc9]`B[0xe0][0xc4]~O[0xcb][0x9e]We[0xb9][0xc2]M[0x19][0x18][0xc3]i[0x3][0xb7]Q[0x14][0x18][0xec][0xb2][0xa8][0x6][0xee][0xa0]h[0xe0].[0xbe][0x13][0x18]S[0xf9][0x1f]s[[0xec]8w[0xb4]}[0x81][0x81][0xce]ks[0xc9][0xf][0x94][0x1c][0x84]R2N$[0xd5]eyU&lt;BI:[0xd4]hg[0xbb][0xa9][0x11]o[0xee][0x1e][0xeb]([0x8b][0xc0][0xec][0xbb][0x12][0xc7]3E[0xd3][0xfc][0xc][0xc]A[0xe0]cD[0xd1][0xa3]4[0xe0][0x7][0xa6]G[0xc9][0x10]z[0xe]*[0xf4]T[0x81]&gt;[0xc9][0xff]4[0xce][0x12][0xfd][0x19][0x9f][0x16][0x10][0xe1][0x1f]p[0xca][0xda][0x83][0xb0][0xa2];[0xe8][0xb1]&amp;w[0x10][0xb1][0xcc]hv[0x17][0xb1][0xe7][0xcc][0x8]|[0xae][0xf2][0x88][0x85]uQ*[0x93]du[0x1f][0xab]S[0xcc][0xa4][0x95]\-[0xae][0xc5][0xf0]t`[0xd4][0xfa][0x7][0xf1]W[0xe8][0xb7]^B[0xdb] ob[0x7]q[0x15][0x9a][0xdc]Er[0x9f][0xd1]$[0x1a][0xb8][0xc4][0xaf][0xda][0xc][0x6]1[0xcb]n[0xe7][0xc8]6[0xfe]!lz&apos;[0xdb]5[0xf5][0x8d]$[0xdb]2[0xd9][0xf2][0x8c]p[0x81]Zl[0x97][0xf9][0xa6][0x10][0x83]M[0xb6][0xe8][0xf3][0x90]&quot;;[0xb5][0x8b][0x8f]:I[\n]&quot;
2013-02-06 13:51:57,144 AAD-WS DEBUG wire:63 - &gt;&gt; &quot;$[0xb9][0x8d][0x4][0xf7][0xc7][0xe4][0xfa][0x8]X[0x98]l[0x91][0x8c][0xd1][0xb][0xfa][0x18][0x8b]{[0xfe]~[[0x16][0xf][0x83][0xeb][0xb4]YL[0xb5][0xa0]+[0x8c][0xaa][0xb9][0xa6][0x15][0xf4][0xaa]5[0xa2][0x6]k[0x1a]/[0xd1][0xbb]1[0xba][0x87]&gt;[0xe5]G[0xe8]w[0xd1][0xdf]y[0xfa][0x3][0xe][0xfa]!t&lt;[0xa2]X?03[0x8d]\[0x97][0xd3]#[0xcf]:NL[0xfb][0x5][0xbe]lA/prjv&amp;[0xa1][0x3][0xaf][0x10][0x13][0xcf][0xd4][0x3]&apos;vb[0xbf][0xae]/[0xec][0xcf][0xe7]e[0xeb]T[0xb4][0xc1]([0xaa][0xad][0xfa]JkZ[0x17][0x9b][0xf5]}[0x9c][0xbd][0xb9][0xb1][0x87][0xc1][0x1d][0xc]d[0x95][0x14]M[0xb2][0x93][0xc5][0xbf][0xd0][0x1b]&gt;sWREkr*{[0xe8]B[0xa7][0xc9][\r][0xfc]L[0xfb][0xb]/[0xf7]+w[0xe8]7n[0xce][0xef][0x9c][0xd2][0x1f]&lt;[0xe9]O[0xa2].[0x86]{y[0xe9]?PK[0x7][0x8][0x88][0x96]\[0xbb]g[0x3][0x0][0x0][0x13][0x7][0x0][0x0]PK[0x3][0x4][0x14][0x0][0x8][0x0][0x8][0x0][0xd4]|D5[0x0][0x0][0x0][0x0][0x0][0x0][0x0][0x0][0x0][0x0][0x0][0x0][0x1b][0x0][0x0][0x0]javax/help/HelpAction.classu[0x90]MN[0xc3]0[0x14][0x84][0xc7]%4m[0xf8]i[0x81][0xb2]@b[\r][0xc9][0xa6]9@W[0xa8][0x2]uQ[0x9][0xa4]J]t[0xe7]$Oi*cG[0x8e]S[0xc1][0xd5]Xp[0x0][0xe][0x85]p,A+[0x8]^[0xf8][0x93][0xe6][0xbd][0x19][0x8f][0xfc][0xf1][0xf9][0xf6][0xe]`[0x8c][0x91][0x8f]s[0x1f][0x17][0xc][0xfd][0xa2][0xba][0x97]&lt;[0x11][0x94]1[0x1c][0x84][0xd1][0x8a]![0xa8][0xc8][0xfc]H^[0xb8][0x8a][0x96]V[0xcb][0xc9]L[0x95]4Z[0x9][0x86]Q[0x18][0xcd]7|[0xcb]c[0xc1]e[0x1e]?&amp;[0x1b]J[0xcd][0x84][0xa1]gw[0x96]\[0xd4][0xc4]p[0x13][0xee]-,[0x8c].d&gt;i[0xf7][0x94][0xf5][0xb7][0xe7][0xb6][0xc5][0xf3][0xd7][0xd2][0x94][0xb9][0xe2]Y[0xf6][0xa4]UI[0xda][0xbc]N[0xd7]vH[0xf3][0xa2]2$I[0xef]^N[0x88][0xcb]*n[0xdf]r![0xd7][0x9a][0x9e][0xd5][0x96][0xfe][0xcb][0x9][0x16][0xaa][0xd6])=[0x14][0xc2]V[0x1b][0xcc]H[0x94]w[0xa9])[0x94][0x1c]7[0xe9][0xc][0x97][\r]^[0xe2][0xb5][0xd5][0xe3][0xdd][0x90]a[0xf8][0xbb]p[0x97][0x81][0xa1][0x83][0xe6][0xf8][0x9e][0xfd]ax[0x80][0xe5]![0xba][0x8e]&gt;z[0x8e]}[0x4][0x8e]G8v&lt;[0xc1][0xa9][0xe3][0xa0][0xa1]M[0x18][0xda][0xbb][0x83][0xb3]/PK[0x7][0x8]3I[0xb8][0x9c][0xfe][0x0][0x0][0x0][0xbf][0x1][0x0][0x0]PK[0x3][0x4][0x14][0x0][0x8][0x0][0x8][0x0][0xd4]|D5[0x0][0x0][0x0][0x0][0x0][0x0][0x0][0x0][0x0][0x0][0x0][0x0]([0x0][0x0][0x0]javax/help/BackAction$TimeListener.class}S]O[0x13]A[0x14]=[0xb3][0xad],][0xd6]~[0x9][0x82]&quot;[0xb6]B[0xd5]v[0xa9]l}[0xe0][0x9]c[0xa2][0x88][0x89]I[0xfd]H &gt;[0xf8]6[0xdd][0xe]v[0xb0][0x9d]%;[0xd3][0x82]?[0xc5][0x9f]a&quot;H|[0xf0][0x7][0xf0][0xa3][0x88]wV[0x92]M[0xb0][0xb8][0x9b][0xbd]s[0xe7][0xcc][0x9d]s[0xcf][0xdc];{~[0xf1][0xeb]7[0x80][\r][0x84][0x1e][\n]&quot;
2013-02-06 13:51:57,144 AAD-WS DEBUG wire:63 - &gt;&gt; &quot;X*`[0x16]w[0xac][0xb9][0xeb]a[0x19][0xf7]&lt;[0xac][0xe0][0xbe][0xf5]j[0xd6][0xd4]]&lt;p[0xd1]p[0xf1][0x90][0x81][0x9][0x86][0xe5][0xee][0x1][0x9f][0xf0][0x90][0x1f][0x99]PL[0x84]2[0xe1][0xdb]x[0xac][0xc5][0x8e]u[0xb7][0x18]f[0xcc]@[0xea]F[0x87]a1[\r];[0xe][0x7]bx[0x18][0xbe][0xe4][0xd1][0x97][0x17][0x91][0x91][0xb1][0xa2][0x90][0xc2][0xee]We[0x6][0xc2][0xc8][0x88][0xc2][0x9f]I%[0xcd]s[0x86][0xcd][0xe6]5[0xf1][0xff][0xc9][0xd6][0xfa][0xc8][0x90][0xdf][0x8e][0xfb]$[0xaa][0xd4][0x95]J[0xbc][0x1b][0x8f]z&quot;[0xd9][0xe3][0xbd][0xa1]Ex[0xba][0xff][0x83]H[0xf6][0xe3]d$[0xfa][0xc][0xb5][0xe6]U[0xae][0xbf])22o7[0x1e]&apos;[0x91]x-S[0x82]L[0xc4][0x86][0xdd][0xe7][0xa3][0x8c]G&gt;n[0xa2][0xe8]c[0xe][0xbe][0x8b][0xc7]&gt;[0x9a]h[0xb9][0x8]|[0xac][0xdb][0x95]6[0x9e][0xf8]T[0xd2][\n]&quot;
2013-02-06 13:51:57,145 AAD-WS DEBUG wire:63 - &gt;&gt; &quot;[0xc3][0xea][0xd4][0xa3]4[0xf6][0xe4]Ht[0xa5]6B[0x89][0x84][0xc1][0xbf]2}[0xa3]h[0xdc][0x1e]r[0xad][0x85]f([0xa7]R[0x87]\}[0xe][0xdf][0xf7][0xe]Dd[0x18]V[0xa6][0xaa][0xcf][0x18]rM{[0x86][0x85][0xa9][0xb9][0xe9]l&lt;[0x8a][0x84][0xa6][0xd6]t[0xa8]9[0xed][0xeb][0xaa][0xdd][0xba][0xc4][0xf5][0x91][0xa4][0xcc]VaB[0x1d][0xab][0xfc][0x3]R[0xe1][0xb5][0x89][0xf][0xa9][0x99]R[0xef]([[0xf1]~*[0xe0]S[0x96][0xe8]i[0xa7][0x83]:[0xdd][0xa9][0x2][0x8][0x83]C/U[0x8d].][0xd5][0x96][0x90][0xb0][0x12][0xec][0xe3][0x90]WF[0x85]l[0x95]f![0xcd]s4[0x96][0x82][0x9f]`[0xc1][0xfa][0x9][0x9c][0xa0]}[0x82][0xdc]w[0x82][0x18]n[0x91]-[0xa6][0xcb]#&quot;U[0xe4][0xc7][0x84][0xce]c[0xe1]r[0xf3][0xab]4[0x9]P[0xf]~[0xc0]9C[0xfe][0x14]7[0xac]w[0x8a][0x99]o(Z[0x8f][0xbe][0xdc][0x19][0xdc][0x8c][0xad][0x8a]&lt;[0xd9][0x84][0xe4]i[0xe2]1[0xa8]aB[0xc][0xb7]SY[0x8b]X[0xa3][0xd1][0xa3][0xc8]Y[0xfa][0x9]V[0xe1][0xfc][0x1]PK[0x7][0x8]Dt[0x87]}[0xdc][0x1][0x0][0x0]4[0x3][0x0][0x0]PK[0x3][0x4][0x14][0x0][0x8][0x0][0x8][0x0][0xd4]|D5[0x0][0x0][0x0][0x0][0x0][0x0][0x0][0x0][0x0][0x0][0x0][0x0]1[0x0][0x0][0x0]javax/help/BackAction$HistoryActionListener.class}RKo[0xd3]@[0x10][0xfe][0xc6]ic[0xe2][0x9a][0xa4][0xb4][0x84]B[0xd3][0xd2][0x2][0x1][0x92]T[0xaa]+[0xe]\[0x82][0x90][0xa0]*j[0xa4][0xf0][0x90][0x8a][0xb8]o[0x9c][0x81]lq[0xd7][0xc8][0xde][0x96][0xe6][0x0]H ~[0x10][0x12][0x15][0x8f][0x3]G[0xe][0xfc]([0xc4][0xd8][0x89]T[0x84][0x12]li[0x1e][0xdf][0xce]|;;3[0xbf]~[0xff][0x1]`[0x13]M[0xf]..[0x94]P[0xc4]R&amp;.z[0xb8][0x84][0xe5]9[0xd4][0xb0][0xe2]b[0xd5][0xc5][0xba][0x8b]+[0x84]Ym[0xfa]|L[0xa0][0xe][0xa1]h[0x7]:[0xad]o[0x11][0x96][0xba][0xfb][0xea]H[0x1d][0x7][0x3][0x8e]^[0x5][0xf7]U[0xf8][0xf2]^hul[0xda][0x84][0xd2][0xde][0xd0][0xd8][0x1][[0x1d]J[0xf8][0x1d]m[0xb4][0xbd]K[0xa8]5[0xa6][0xc4]w[0x9a][0xcf][0x8]3[0xdb]q[0x9f][0x9][0x95][0xae]6[0xfc][0xe8][0xf0][0xa0][0xc7][0xc9]S[0xd5][0x8b]2D[0xe5]QO8y[0x1e]&apos;[0x7][0xdc]&apos;[0xac][0x8d][0x88][0x2][0xf5][0xda][0x6]|[0xc4][0xc6][0x6]#[0xa2][0x9d][0xcc]ngd[0xde]^|[0x98][0x84][0xfc]@[0xe7][0x4][0xa7]Wmfy&gt;[0xca][0xb8][0xea]c[0xe][0xbe][0x8f][0x12]&lt;[0x17][0xd7]|[0xd4]q[0xdd][0xc5][\r][0x1f]7[0xd1] lL,[0xb3][0xbe][0xab]S[0x1b]&apos;[0xc3][0x91][0xd7][0x15][0x87][\r]&apos;[0x84][0xea][0x14][0xdc][0xef][0x18][0xd1][0xdb][0x91]JSN[0x9][0xf3]y[0xc9][0x91]2/[0x82][0xc7][0xbd]}[0xe]-au[0xe2]+N[0x19][\n]&quot;
2013-02-06 13:51:57,145 AAD-WS DEBUG wire:63 - &gt;&gt; &quot;[0x8d][0xec]-[0xd5][0x89][0xd5][0xc8][0x1b]U[0x18]r[0x9a][0xd6]om[0xc9](nO[0xeb]m[0xf3]o|W[0xc4][0xb8][0xda][0x87][0xd2][0xed]H&amp;U[0xfb][0xcf][0xb1][0xb4].e;Fv[0x8c]M[0x86]2[0xa6][0x86]L[0xb][0xeb][0xb2](.[0x8]g[0xe0][0xc8]/M[0x94]MZ[0xc8]:*[0xd8]Yd[0x9f]#V[0x19][0x15][0x91][0xf3][0xe2][0x5][0xe2][0x17]DWZ_@[0xad][0x8d][0x13]8[0xad][0x95][0x13][0x14]&gt;[0x9]D8&apos;[0xb2][0x9c][0x1f][0xbf][0x11][0xaa][0xb7]b[0xbf][0x13]t[0x1][0x8b][0xe3][0xe4]v~[0x9]Pk}[0x86][0xf3][0x15]3?[0xb1]8[0xb6]D[0x15][0xbe]a[0xd6][0xc1][0xbf]D[0xef][0xa5][0xa2][0xf]X[0xc6]GI&lt;[0x9f]WS[0xc5][0x9a]hO[0xa2][0x8a][0xb2][0xdf][0x97][0xe1][0xfc][0x1]PK[0x7][0x8][0x86][0x7][0xcd][0xe5][0xc7][0x1][0x0][0x0][0x0][0x3][0x0][0x0]PK[0x3][0x4][0x14][0x0][0x8][0x0][0x8][0x0][0xd4]|D5[0x0][0x0][0x0][0x0][0x0][0x0][0x0][0x0][0x0][0x0][0x0][0x0][0x1b][0x0][0x0][0x0]javax/help/BackAction.class[0x8d]Wyx[0x1b][0xd5][0x11][0xff]=[[0xf6][0xae][0xd6][0x1b][0x1b][0xcb]1D$N [0x17][0xb6]|[0xc8]I[0xc1][\r]r[0x9a]`[0x1c][0x81][0x95]Z&amp;`[0xc7][0xc1][0xa1]M[0xbb][0x96][0x17]{cyW[0x95]V[0xb6]C[0xef]6[0xf4][0xa0][0xd0]r4@R[\n]&quot;
2013-02-06 13:51:57,147 AAD-WS DEBUG wire:63 - &gt;&gt; &quot;[0x5]JMO0%r[0x8c][[0x1a]z$m[0x9a][0xb6][0xb4][0xa5][0xf7]}[0x9f][0xf4][0xf8]&gt;[0xfe].[0x9d]Y[0xc9][0xba],c[0xf4]}z[0xc7][0xbc][0x99]y3[0xbf][0x99]y[0xef][0xed][0xb9][0xff]=[0xf3],[0x80]6[0xfc][0xd7][0x8d][0xab]0[0xaa]P3[0xc6]#C[0xc6]a[0x5]][0x18][0x97][0x10]UP[0x89][0x89]*[0x98][0xb0][0xb8][0x89]1[0xcf][d[0xc4]e$[0x14][0xd8]H[0xf2]|[0x92]y[0xa6][0xaa]0[0x8d]#[\n]&quot;
2013-02-06 13:51:57,147 AAD-WS DEBUG wire:63 - &gt;&gt; &quot;n[0xc1][%[0xbc]M[0xc1][0xdb][0xf1][0xe][0x19][0xef][0x94][0xf1].[0x5][0xef][0xc6]{[0x1c]6[0x19][0xef][0x95]q4#[0xb1][0xe][0xb7]Jx[0x9f][0x84][0xf7]+h[0xc0][0x7]x[0xfe]Ann[0xe3][0xe5][0xf][0xf1]V[0xb7]K[0xb8]C[0xc6][0x87][0x15]l[0xc2]G$[0xdc][0xa9]`+[0xee][0xe2][0xc5][0xbb][0x9d][0x8d][0x98][0xe3][0x1e][0x5][0x1f][0xc5][0xb1]*[0xdc][0x8b][0xfb]$[0xdc][0xaf][0xa0][0x15][0xc7]e[0x9c][0x90][0xf0]1[0x5][0xed],[0xf3][0x80][0x82][0xed][0xf8]8O[0x1e]d[0xe9][0x87][0x98][0xf3][0x13]&lt;z[0x98][0x9b]GX[0xf3][0xa3][\n]&quot;
2013-02-06 13:51:57,148 AAD-WS DEBUG wire:77 - &gt;&gt; &quot;&gt;[0x89][0xc7][0xb8][0xf9][0x14]73L{\[0xc1][0xa7][0xf1][0x19][0xc7]Q[0x9][0x9f][0x95][0xf0]9[0x9][0x9f][0x97][0xf0][0x5][0x81][0xfa][0x1e]#a[[0xf1]#][0x11][0xdb][0xb0][0xcc]^[0x9a][0xe8][0xa6][0x1e][0x17]PC&amp;[0xf5][0xdd]Q-[0x91][0xd0][0x13]4[0x1d]0&amp;[0xf4][0xdc][0xaa][0xab][0xaf]+[0x1c][0x14][0xf0][0xf4][0x1e][0xd6]&amp;5T3G[0xfd][0xfd]v[0xdc]0G;[0x5]Vu[f[0xc2][0xd6]L{P[0x8b]&amp;u[0x81][0x8a]=[0xc1][0xde][0xae]![0x1][0x11]*[0x7][0xc4]KD[0xb0]I[0x17])[0xa9]s[0xa4][0xa7][0xfd][0x89])[0x12][0xf4][0xf3][0x6]q[0x12]W[0xc7][0xd2][0x6][0x85][0xad][0x11]=*[0xd0][0x90]a[0x1a][0xd3][0xa3]1[0xf]5=y[0xcb][0xc4]^[0xb9][0xd3]0[\r]{[0x17]9[0xd2][0x98]g[0xcc]u[0xc3][0x87][0xf5][0x88][0xdd][0xd9]4H[0xa6]v[0x13][0xa7]@M[0xaf]a[0xea]}[0xc9][0x89]a=&gt;[0xa0][\r]G[0x89]R5a%[0x13]zp[0xda][0xb0][0xf5][0x11][0x81][0xf5][0x19]qm[0xca][0xf6][0xeb][0x93][0xba]i[0xfb][0xc3][0xce]2[0xf][0x1d]=[0xab][0x1c][0xf6][0x1b][0xf4][0xa8][0xae]%X@u[0xe6][0xfb]&quot;
2013-02-06 13:51:57,148 AAD-WS DEBUG wire:63 - &gt;&gt; &quot;[0xe2]z&quot;o[0xda][0x1d]5&quot;[0xe3][0xb9]i[0xd0][0xb4][0xf5]8O[0xeb][0x12]c[0xd6][0xd4][0xd5]Zd|J[0x8b][0x8f]d&lt;[0x10][0xa8][0xce][0xb8][0xda]=F63[sc[0xbe][0xb7]i3[0x8a]}[0xce]Y[0xa4]h[0x91][0x8][0xed][0xbe][0xb9][0xbd][0xbd]][0xa0][0xa5]@[0x94][0xb7]JG[0xb4][0xb3][0xa9]$[0xca][0xee][0xfe]#[0xa6]=[0xa6][0xdb]F$[0xa7]g[0x1b][0xeb][0xb9]b9=+[0xc0][0xb3][0xa8]d;+[0xe9]X[0xc9][0x98][0xe5][0xa2][0xa9][0xf4][[0xc9]xD[0xbf][0xc6][0xe0][0x0][0xd5][0xe4][0x4][0xdb]XL[0xc5]u[0xd8][0xa7][0xe2]&amp;[0xc][0xaa][0x8][0xa3][0x8f][0xb8]s[0xc]*[0xae][0xc7][0x13][0x2][0x17][0xe4][0xa9][0xdf][0xcb][0xfa]U&lt;[0x89]Y[0x9]O[0xa9][0xf8]&quot;[0x9e]Vq[0x12])[0x15]s8EiaD,[0xb3]p[0xf][0xa6]H[0x98]W[0xf1][0xc][0x16]T|[0x9]_V[0xf1],[0xbe]&quot;[0xe1][0xb4][0x8a][0xe7][0xf0]U[0x9]_S[0xf1]u|[0x83]R%[0x97]g}[0xc9]ht[0x9f]ep[0x98][0x83][0xd3][0x11]=[0xc6]z$[0x9c]Qq[0x96][0x19]%[0xdb][0xb2][0xa2][0xb6][0x11][0xa3]B[0xc9][0x8c][0xda]r[0xdb]I[0xf8][0xa6][0x8a]o[0xe1][0x1c][0xa5]p[0x1a]:[0x81][0xda][0xf4][0xa0]-[0xdf][0xad]o[0xe3]&lt;-,[0x9][0xa1][0xc0][0xc6][0x92][0x8]o[0xce][0xaf]S[0x6]e[0x98][0x9b][0xef][0xa8][0xf8].[0xce][0xab][0xf8][0x1e][0x9e]W[0xf1]}[0xd6]xa[0xbe][0xc6][0xbd][0xfb][0xac]X2[0x16][0xd6][0xcd]$![0xb8][0x98][0xa5][0x97]dB[0xc3][0xf2]? [0xa0][0x1c][0xa7][0x93][0xb6][0x11][0xa5]J&apos;[0x16]&amp;[0x93][0xc6][0x1f][0xe2][0x5][0x15]?[0xc2][0x8f]%[0xfc]D[0xc5]O[0xf1]3[0x9]?W[0xf1][0xb][0xbc] [0xb0][0xa1]d&amp;[0xe7]RX[0xc5]/[0xf1]+[0x81][0xd5][0x99][0x1a]hK[0x9a][0xe3][0xa6]5e[0xe][0x18]6[0xc7][0xbe][0xbe][0xc0]&gt;6-d[0xeb][0x13]T![0xa5][0xbd].y[0x88][0xb1][0x89][0xbf]V[0xf1][0x1b][0xfc]V[0xc5][0xef][0xf0]{[0x15]`[0xf7][0xff][0xc8])[0xf0]&apos;6[0xfb][0xcf][0xf8][0x8b][0x84][0xbf][0xaa][0xf8][0x1b][0xfe][0xae][0xe2][0x1f]L[0xfe]&apos;7/[0xe2]_[0x12][0xfe][0xad][0xe2]?x&gt;kG[0xd1]~t,[0xe5][0xd1][0xbb][0x86][0x13]v\[0x8b][0xd8][0xec][0xdf][0xe2][0xfa][0xba]R[0xd5][0x92];?[0x9b]V,[0xf3][0x1c][0xef]e%[0xe][0xb6][0xa5][0xe7].[0xd7]`[0xcd][0xa8]n[0xf7][0x14][0x9c][0x9e][0x1b][0x1a]W[0xaa][0xb8][0xb5][0xaf][0xb0]L[0xab][0xda][0xc8][0xc8][0xf2][0x96][0xb5][0xbd][0x8a][0xe3]j[0x91][0xdb]1P&amp;[0x3]C[0xe6][0x88]&gt;-P[0xde][0xd8][0x14][0xa2][\n]&quot;
2013-02-06 13:51:57,149 AAD-WS DEBUG wire:63 - &gt;&gt; &quot;N[0xe8]v[0xd0][0xe4][0xf3][0x98]N?W[0xe3]Af*[0x8][0xfd][0xfe]PX3[0xb5]Q[0xde]Mba[0xa7]h[0xb7][0x96]:[0xea][0xb][0x8e]9[0xe6]#[0xe7][0xe4]Xr[0xf1][0x16]*@1[0x83]Y[0xe9][0xb][0x83][0x8d][0xcc][0xb8][0xbf][0xae][0x10][0xbe][0x1]}[0xda][0xce]&amp;1[0xa9]_[0xb3][0xdc][0x1a]9[0xc6][0xa1][0xa0]i[0xbf]nS[0xb1]-[0x8d][0x2][0xd1]I[0x81]g)[0x95][0x8e]f[0x12][0xed][0xb5]&quot;[0x1a][0x97][0xc1][0xea][0x8c]d[0xba][0xf0][0xd2][0xd4][0xce][0xcc]1[0x97]OKo[0xb8]G[0xbf]YKF[0xed]B[0xc3]X[0xef]~[0xe2]4l[0x83]/r[0xd6][0x9e]v_`G[0xe3]R[0xe5]%2[0xab][0xd4]%[0xef][0xa2][0x8][0xc7][0x9c]([0x12]b[0x9b][0x1a]C[0xc5][0xb7]Ca%:[0xb8]V[0xd0][0xa3] [0xce][0xfe][0x19][0x89]l[0xc8]I[0xfe] [0x1d][0x80][0xa3][0x16][0xd7]V[0xd1][0x1d][0x9e][0x97][0xd8][0xec][0x1c][0xbd]*[0xec][0xb8][0x15][0xcd][0xc3]$?p[0x84]%[0xf1],[0xb9]a[0xb][0xf1][0x1b]$N+^[0x88]_[0x9a]FQ[0xa7][0x8b]}[0x82],&apos;[0x88][0xbc][0x5]BA3I[0xe7][0xad][0xe6]\_[0x99][0xe4]\[0xb2]@[0x8f][0x9][0x93][0xe2][0x1f]L[0xab][0xa0][0x8b]=W[0x88]}[0xda][0x84]^ls[0x16][0xc5][0xb5][0xcb][0xdd][0x93]![0xf6][0xba][0x96][0x8a][0xaf][0xf8]Y[0xb6]q[0xc9]3[0xa5][0x4][0xd2][0xae]X21[0xf6]JeR[0x4]][0xcd][0x98][0x96][0x8][q=[0x98][0x85][0xc0][0x95]0n![0xb3][0xcb]cN[0x90][0xc9][0xe][0x81][0xf6][0xc6][0x82][\n]&quot;
2013-02-06 13:51:57,149 AAD-WS DEBUG wire:63 - &gt;&gt; &quot;[0xcb][0x9e][0xc9]E[0x95][0x97][0xa3][0x13][0x90][0xcb]&gt;[0x19][0xe8][0x81][0xe4][0x84]t&quot;f[0x99][0xce]t[0xb1]D[0x1c][0xee],[0x9d][0x13][0x8d][0xf8]nLwCl[0x17][0xbd][0xa3]8B[0xa5][0x98]C[0xe]j[_[0xdd][0xb][0x8a][0x92][0xca]H[0xd0][0xeb]m[0xd2] [0xa3]p)=[0x8c][0xbb]P[0x86][0xab][0xd1][\r][0x17].[0xc6][0xb5][0xe8][0x81]@[0x88][0xbe]#[0xca][0x9c][0xf9]^[0xbc]&gt;;[0xef][0xa5]?=?[0x9c]1=H[0xa8][0xaf][0xa2][0xb5][0xeb]q[0x3][0xb5][0xfd]4;G[0x12][0x15][0xd4]O[0xfa][0x9a]=[0xae]9T4?[0x87][0xca][0xe3]8[0xdc]|[0x1a][0x95]a_K[\n]&quot;
2013-02-06 13:51:57,150 AAD-WS DEBUG wire:63 - &gt;&gt; &quot;[0xd2]I[0x8][0xdf][0xd3][0xf4][0x9f][0x87]\[0x6][0x1f][0xf][0xe7][0xe1][0x16]x[0x10][0x92]k[0x6][0xae][0xf2][0x14][0x14][0x9f][0xa7][0xca][0xa3][0x9e][0xc2][0xaa][0x14][0xaa]E[0x1f][0x89][0xd4][0xcc][0xe3][0x2][0x81][0x14]j[0xfb]f[0xe0][0xe][0xb8]N[0xa1][0xae][0xcf][0xe7]Y[0xdd][0xea][0xa9]?[0x85][0xb]S[0xb8][0xc8][0xe7]Y[0xd3][0xea][0xf1]:[0xe3][0x8b]g[0xc9][0x8a]k1[0x80][0x3][0xf0][0xd0]h[0x80][0xec][0x8][0xa0][0xda][0xf9][0x1e][0x92][0xe0][0xa7]Q;[0xea][0xb0][\r]k[0xe9]#b[0xb].[0xa7][0xb5][0xe][0x4][0xb1][0x83]$[0x2][0xc4][0xdb]IR;[0xf1]F[0xec][0x82][0x81][0xdd]H[0x12]&quot;[0x2][0xfb]1[0x98][0xf1][0xcb][0xeb]xLO[0xf8]Yn[0x1c][0xd5][0x95][0xd4][0x83][0x84][0x5][0x9].[0xb2][0xf9][0xa9]g[0xb6][0x1a]r[0xac][0xfc][0xc][0xf9]B][\n]&quot;
2013-02-06 13:51:57,150 AAD-WS DEBUG wire:63 - &gt;&gt; &quot;ksB[0xd5][0xa0][0xef][0x0]BP&quot;[0xc][0xab][0x9]?[0x81][0x1b][0xb3][0xc2][0xbb]!;[0xc2][0x1b]|[0xb]X7T+^Z@[0xc3][0x90][0xaf]y[0xe][0xeb][0xe7][0xb0][0xe1]$[0xca][0xd3][0xca].)V6[0x88][0x8b][0xc8][0x82][0xf5][0xa4]H`([0xab]lG[0xc6][0x92]5[0xc][0xf1][0x19][0xd4][0xf9]R[0xb8][0xf4]8[0xd4]4[0xe0][0x1b][0x5][0x8a][0xb5][0x1c][0xa2][0xfe]M[0xa4]I#[0xea][0xc1][0x95][0xdd][0x1e]%[0xf2]M[0x8b]lb&apos;[0xc5]\![0xea][0xf9][0x5]l[0x1a][0xf2]l[0x9e][0xc3][0x96]0ot[0x16][0xae][0xd9][0x5]l[0x1d][0x9a][0xc3]e}[0xb4]#%[0x81][0x13][0xce]&amp;&apos;[0x9c][0x1]W[0xda][0x18][0x1f][0xcf][0x9a][0x3][0x15]&quot;PY[0xde]![0xcd] [0xec][0xad][0x98]G[0x8b][0xc0]i[0xb4][0x6]d[0xaf]|[0x6]Wz[0xe5][0x14][0xda][0x2]n[0xaf][0xfb],T[0xaf][0xcb][0xe3][0xa7]`[0x7][0xdc][0xb]h[0x1f][0xf2][0xba][0xe7][0xb0]-P[0xe9][0xad]\[0xc0][0xf6]!_[0xbd]4[0x87][0xd7][0xa4]py[0xab][0x97][0xb6][0xb9][0xe2][0xc0]QI[0xb0][0xa6][0xe][0x81][0x13]/?[0xd1][0x9a][0xc2]k;[0xe4][0xf2][0xe][0xf7][0xc]&lt;-4[0xd9]q[0x1a][0xed])\y[0xe0][0xa8][[0xd4][0xbb][0xeb][0xe5][0x87]_~[0xb1][0xa5]9[0x85][0x0][0xfd];[0xe9][0xbf]3[0x85][0xd7][0xe5]&lt;&gt;D[0xb0][0x0][0xb7][0x91][0x87][0xb7][0xa3][0x16]wPn[0xdd]IUq[0x17]e[0xd5][0xdd][0x94]1[0xf7]P[0xdc][0x8e]Q[0x1e][0xdd]KUp[0x1f]!r?[0xe5][0xd0]q[0xc][0xe3][0x4][0xc6][0xf1][0x0]&amp;)[0xb3]o[0xc5]C$y[0x8c][0xa8][0x8f][0xd0][0xe8]Q&lt;F[0xdf][0xa5][0xb3][0xd4]/`[0x86]^[0xb8][0x8f][0xd3].o [0x99]4[0xe0][[0x8]W[0x6][0xdc][0xed]#3v[0xa5][0xb0];g[0x86][0xe2],[0xcc]R[0x92]&lt;E[0xff]C[0x14][0xad]2G[0xa4][0x81][0xd6]9$[0x15][0x9c][0x1f]O[0x16][0xc5]i3[0xde][0xc][0xfe][0xc9][0x14][0xd8][0xe1][0x8c][0xc0][0xfa][0xcc][0x1e][0x95][0x9c][e[0xc5][0x91][0xcd]ID0Rb[0xb][0xb1][0xdc][0x16]e[0xd0][0x9d][0xf6]f[0x2][0x3][0x4]R[0x19][0x95][0xd9]U[0xd8]C}[0x3][0xf5][0xd7][0xa0][0xec][0xff]PK[0x7][0x8][0xc1][0xd3]C[0xc8][0x12][0x8][0x0][0x0][0x9d][0x10][0x0][0x0]PK[0x3][0x4][\n]&quot;
2013-02-06 13:51:57,151 AAD-WS DEBUG wire:63 - &gt;&gt; &quot;[0x0][0x0][0x0][0x0][0x0][0xd4]|D5[0x0][0x0][0x0][0x0][0x0][0x0][0x0][0x0][0x0][0x0][0x0][0x0][0x11][0x0][0x0][0x0]javax/help/event/PK[0x3][0x4][0x14][0x0][0x8][0x0][0x8][0x0][0xd4]|D5[0x0][0x0][0x0][0x0][0x0][0x0][0x0][0x0][0x0][0x0][0x0][0x0]/[0x0][0x0][0x0]javax/help/event/HelpHistoryModelListener.class;[0xf5]o[0xd7]&gt;[0x6][0x6][0x6]=[0x6]nv[0x6][0xe]v[0x6]Nv[0x6].F[0x6][0xbe][0x8c][0xcc][0xe2][0x92][0xfc][0xa2]J[0xe7][0x8c][0xc4][0xbc][0xf4][0xd4][0x14]F[0x6]m[\r][0x9f][0xac][0xc4][0xb2][0xc4][\n]&quot;
2013-02-06 13:51:57,151 AAD-WS DEBUG wire:63 - &gt;&gt; &quot;[0xfd][0x8c][0xd4][0x9c][0x2][0xfd][0xd4][0xb2][0xd4][0xbc][0x12]}[0xf] [0xd3][0x3][0xa2][0xce]7?%5[0xc7][0x15]$j[0xad][0x19][0xc6][0xc8][0xc0][0x15][0x9c]_Z[0x94][0x9c][0xea][0x96][0x99][0x93][0xca][0xc8] [0x8b][0xae][0xce][0x7][0xc8]N[0xcd]K-[0xd2][0x3][0x99][0xc8][0xc8][0xa0]I[0xd0]`[0x98][0x6]F[0x6][0x1][0x90]Z[0xfd][0x1c][0xa0][0xa3][0xf4][0xfd][0x93][0xb2]R[0x93]K[0x18][0x19][0xc4][0xc1]B[0xa5]%[0x99]9[0xfa]`[0x7][0xc0][0x14][0xb3]12020[0x1]13[0xd0]w[0x8c],[0x8c][0xc],[0xc][0xac] [0x16][0x3][0x1b][0x90]db`[0x7][0x0]PK[0x7][0x8][0xab][0x18][0xa2]&gt;[0xa9][0x0][0x0][0x0][0xf8][0x0][0x0][0x0]PK[0x3][0x4][0x14][0x0][0x8][0x0][0x8][0x0][0xd4]|D5[0x0][0x0][0x0][0x0][0x0][0x0][0x0][0x0][0x0][0x0][0x0][0x0]([0x0][0x0][0x0]javax/help/event/HelpModelListener.class;[0xf5]o[0xd7]&gt;[0x6][0x6][0x6]=[0x6]nv[0x6][0xe]v[0x6]Nv[0x6].F[0x6][0xce][0xcc][0x14][0xe7][0x8c][0xc4][0xbc][0xf4][0xd4][0x14]F[0x6][0x15][\r][0x9f][0xac][0xc4][0xb2][0xc4][\n]&quot;
2013-02-06 13:51:57,152 AAD-WS DEBUG wire:63 - &gt;&gt; &quot;[0xfd][0x8c][0xd4][0x9c][0x2][0xfd][0xd4][0xb2][0xd4][0xbc][0x12]}[0xf] [0xd3]7?%5[0xc7][0x15][0xc4][0xb5][0xd6][0xc]cd[0xe0][\n]&quot;
2013-02-06 13:51:57,153 AAD-WS DEBUG wire:63 - &gt;&gt; &quot;[0xce]/-JNu[0xcb][0xcc]Ied[0x10][0x83]+[0xf0][0xc9],.I[0xcd]K-[0xd2][0x3][0x99][0xc1][0xc8][0xa0][0x84][0xdb]([0x98]JF[0x6][0x1][0x90]&quot;[0xfd][0x1c][0xa0][0xfd][0xfa][0xfe]IY[0xa9][0xc9]%[0x8c][0xc][0xe2]`[0xa1][0xd2][0x92][0xcc][0x1c]}[0xb0][0x95]0[0xc5]l[0x8c][0xc][0x8c][0xc]L@[0xcc][0xc][0xf4][0x3]#[0xb]#[0x3][0xb][0x3]+[0x88][0xc5][0xc0][0x6]$[0x99][0x18][0xd8][0x1]PK[0x7][0x8]9[0xf7]B@[0xa1][0x0][0x0][0x0][0xde][0x0][0x0][0x0]PK[0x3][0x4][0x14][0x0][0x8][0x0][0x8][0x0][0xd4]|D5[0x0][0x0][0x0][0x0][0x0][0x0][0x0][0x0][0x0][0x0][0x0][0x0],[0x0][0x0][0x0]javax/help/event/HelpHistoryModelEvent.classmPMK[0xc3]@[0x10]}[0xdb][0xb4]I[0x1a][0xa3][0xa9][0xd5]Z[0x11]{[0xf0]&quot;M[0xc4][0xae][0x7][0xf][0x82]&quot;[0x88](=[0xd4]*(=[0xf4][0x96][0xd6]E[0xb7][0xc4][0xa4][0xe4][0xa3][0xd4][0xff][0xe4]E[0xb0][0x8][0x1e][0xfc][0x1][0xfe](q[0xb2]J[0xf]R[0x16][0xde][0xec][0xbe][0x99][0xf7]fv[0xbe][0xbe]?&gt;[0x1][0xb4][0xb0]i[0xa1][0x84]j[0x19]E[0xac][0xe5][0xb0]n[0xa0]f`[0x83][0xa1][0x18][0x8a]i[0xca][0xc0][0xfa][0xc][0xe6]8[0x16][0x13][0x19]e[0x9][0x83]~&quot;C[0x99][0x9e]2[0xd4][0x9b][0x9d][0x91]?[0xf1]y[0xe0][0x87][0xf][0xfc]z0[0x12][0xc3][0xf4][0xb8][0xdf]w{$&lt;[0x8f][0xee][0x5][0x83][0xd3][0x91][0xa1][0xe8]fO[0x3][0x11][0xdf][0xf9][0x83][0x80][0x18]K&amp;7s#[0xad][0xe9][0x92][0xb3].[0x93][0xae]jc[0xdd]FY&lt;[0x14][0x97]2/[0xdc]j[0x8b]`[0xdc][0x96]I[0x1a][0xc5][0xcf]Wd[0x16]\LD[0x98][0xb6][0xf2]~6[0xca][0xa8][0xdb][0xd0]a[0xd8]0a0[0xec][0xe6][0xec][0x94]?[0x92][0x82][0x8b][0xbc][0x8c]/[0x14]3[0xd4][0xd4][0xb8]Y*[0x3][0xae][0x98][0xdf][0x99][0x89]_[0xf0][0x11][0xb7][0x87][0x1d][0xda]E[0x89][0x16]T[0xa0]C[0xdd][0xd4][0xcd]TQ[0x3][0xa3]!,[0xc2]%z[0x1d][0x12]_[0xa4]X[0xf1][0xf6][0xde][0xc1][0xbc][0xc6][0xc][0x5]o{[0x6][0xed][0x95]8[0x6][0x9b][0xb0][0xaa][0xf2][0xfb][0xe4][0xd6]&quot;[0x15][0x87][0x83][0x3][0xca],c[0xe5][0xcf][0xa1]A[0x91]Q,yo[0xd0]^[0xe6]2][0x91]G[0x84][0xce][0xc2][0xd2][0xc2][0xff][0xd2]3[0xc2][0x8a][0x9a]s[0xf5][0x7]PK[0x7][0x8][0x8d]3[0x98]%;[0x1][0x0][0x0][0xdd][0x1][0x0][0x0]PK[0x3][0x4][0x14][0x0][0x8][0x0][0x8][0x0][0xd4]|D5[0x0][0x0][0x0][0x0][0x0][0x0][0x0][0x0][0x0][0x0][0x0][0x0]%[0x0][0x0][0x0]javax/help/event/HelpModelEvent.class[0x9d]T[S[0xd3]`[0x10]=_oiK(w[0xb1]@[0xa5]V[0xd4]6[0xb4][0x4][0x14]Q.[0xa2][0x8]8[0x4][0xa1][0xa0][0xa8]3&gt;xIK,a[0xd2][0xb4][0x93][0xa6][0x88]o&gt;[0xfb][0xe6][0xff][0xf0]Ag[0xec]0[0xa3]3[0xea][0x1b]3[0xfe]([0xc7][0xfd]B[0xa1]W}[0xf0][0xa1]g[0x9b][0xdd][0xb3][0xbb]gw[0xdb][0xfc][0xfa][0xfd][0xf5];[0x80][0x9][0xac][\n]&quot;
2013-02-06 13:51:57,153 AAD-WS DEBUG wire:63 - &gt;&gt; &quot;[0x98][0x12]p-[0x88][0x10][0xae][0x7][0xd1][0x85]i[0x1]7[0xfc][0x98][0x9][0xc2][0x8b][0x9b][0x1]r[0xde][0xe2]0[0xcb]a[0x8e][0xc3]&lt;[0x87][0x5][0xe][0xb7][0x5],[\n]&quot;
2013-02-06 13:51:57,153 AAD-WS DEBUG wire:63 - &gt;&gt; &quot;[0xb8][0xc3][0xe0][0xd2]w[0x5],[0x91]UV[0x18]D[0xc5]45k[0xd9]PK%[0xad][0xc4][0xd0][0xb7][0xb1][0xaf][0x1e][0xa8][0x87][0xf2][0x9e]f[0x14][0xe5]M[0xb5]8[0xa6][0xac][0xcc]3[0xb8][0xcb][0x96][0xc1][0x10]rb[0xb2][0xa9][0xd9][0xf2][0x93]G[0x1b][0xe4][0xee][0xd8][0xd3]Kv[0xc1]z[0x9b]V[0xf3][0x1a]C[0xef]I[0xd8]P[0xcd][0x9c][0xbc]c[[0xba][0x99]#J[0xc0]T[0xf][0xf4][0x9c]J,[0x86][0xe1][0xfa][0xda][0xeb]k[0x84][0xe9][0xd3] 1=[0xc5]Bi[0x92][0x81])&apos;_[0xa7][0x18]|[0xb][0xba][0xa9][0xdb][0x8b][0xc]3[0xf1][0xba][0xd2][[0x99]}-k[0xcf][0xb7][0xd1][0xd9](/[0xf1][0x94][\n]&quot;
2013-02-06 13:51:57,154 AAD-WS DEBUG wire:63 - &gt;&gt; &quot;-[0x17]vIY[0xd7][0x86]nj[0xe9]r&gt;[0xa3]Y[0x8f][0xd5][0x8c]A[0x9e][0xec][0xff]Tl[0x9d][0xef][0x1f][0x3][0xf1][0xf6][0x83]m[0xba]([\n]&quot;
2013-02-06 13:51:57,154 AAD-WS DEBUG wire:63 - &gt;&gt; &quot;[0x8f]xs[0x9a][0xcd][0xb7]?[0x10]O[0xb4]][0xb8][0x8f][0xe2][0xd4][0x92][0xa1][0xbb]J[0xa8][0xdb]z[0x88]bk[0xf5][0x8b][0xef]?[0xe5]4[0xae]^$^[0xba][0xb6][0xfd]Hc[0xab][0x96][0xfd][0xb]D[0xdf]vN[0xe0][0x8e]&apos;[0x94][0xb3]g[0xba]Cp[0xa7]P[0xb6][0xb2][0xda]}[0x9d]o[0xae][0x8f][0xe7]m[0xd2]Z[0x8d][0xd5][0x3][0xcd][0xb4]&apos;xI[0x92][0xd9][0xdc][0x9f]![0xfc][0xd7]f&quot;. [0xc6][0xe1][0x1e]C[0xac][0x96][0xa8][0x18][0x86][0x96]S[0x8d]%+W[0xce]S[0xe5][0xd5][0xc3][0xac]V[0xb4][0xf5][0x82][0xc9]0[0xa4][0xac]D[0xb]V[0x94][0xc6][0x8f][0xe6][0xcb]%;j[0x16][0xec]hF[0x8b][0x9a]e[0xc3][0xe0]e[0x96]Et[0xa3]_[0xc4][0x0][0xce][0x89][0x18][0xc4]y[0x11]a[0xc][0x89][0x18][0xc6][0x88][0x88][0x8]F[0x18]F[0xeb][0xa4]h\[0xb5][0xdc]8[0x4][0xdd][0xc1][0x91]Q[0xb6]uCv&lt;&apos;[0xc7][0x12]@&apos;[0xea]i[0xb9][0xf]?[[0xeb]a[0xf9]Y[0x1b][0xfc][0xd5]Cp[0xa8][0xb1][0x6].[0xd2][0xdf][0xb1][0x8b][0xfe][0xcd]&gt;[0xb8][0xb8]t[0xfa][0xe6][0xe2][0xea][0x1d]K[0x3]8[0x96]fp,[0x8d][0xe1][0xd8][0x88]c[0x3]`4[0xf1](a[0x94][0x9e][0x92]T[0xc1]C[0xb6][[0x1a]O[0xa6][0xd8]O0[0xfa][0xb8][0x8e][0xe0][0xfe]L&gt;F][0x80] e[0x2][0xb3][0xd4]m[0xce][0xc9][0x8c]U33pS.[0xbd]O[0xa4][0xf1]#x[0x92][0xc7][0xe8]I[0x1d][0xa3][0xf3][0x1b][0xbc][0xcf]z}G[0x10]~H[0xc9][\n]&quot;
2013-02-06 13:51:57,155 AAD-WS DEBUG wire:63 - &gt;&gt; &quot;[0xfc]R[0xaa][0x82][0x80][0x14][0xf6]T[0x10][0x94][0xc2][0xde][\n]&quot;
2013-02-06 13:51:57,155 AAD-WS DEBUG wire:63 - &gt;&gt; &quot;:juc[0xf0][0x13]*[0xf4][0xd2]YG&apos;[0x1e][0x90][0xea]M[0xd2][0x97][0xa6][0xd8][0x16][0xae]b[0x1b])&lt;t[0xfa]][0xaa][0xf6][0x9b]&amp;[0x1d]U[0xa5][0xd4]O[0x1a][0xa9]@[0x94]&quot;[0x15]t[0xd6]*[0xf6]:[0xf1][0xe7]T[0xf1][0x5][0xa9]~I[0x8a]_Qd[0xc][0x97][0xab][0x15]&quot;d[0x19]Y[0xaf][0xf4][0x5][0xfe]Ogi&gt;[0xc7][0xf9][0x9a][0xf0][\n]&quot;
2013-02-06 13:51:57,155 AAD-WS DEBUG wire:63 - &gt;&gt; &quot;5n[0xa5][0x6][0x9a][0xa9]&amp;a[0x1c][0x89]6[0xd4]`3[0xf5][\r][0xa1][0x84][0xf1]6[0xd4][0x8e]f[0xea];[0xc2]$M[0xdd]J[0x15]?6Q[0xdf][0x13]N[0xb4][0xa5]v6S?[0xd0][0xd6]d[0xe7][0xfa][0x93][0xe8]s[0xae]I[0xbf]G[0xdc][0xa5]][0x85][0xff][0x0]PK[0x7][0x8][0x9c][0x90]%[0xff][0xed][0x2][0x0][0x0][0x10][0x6][0x0][0x0]PK[0x3][0x4][0x14][0x0][0x8][0x0][0x8][0x0][0xd4]|D5[0x0][0x0][0x0][0x0][0x0][0x0][0x0][0x0][0x0][0x0][0x0][0x0]([0x0][0x0][0x0]javax/help/event/EventListenerList.class[0xb5]V]lSe[0x18]~N{NO[0xd7][0x15][0x18][0x85][0xe]:([0x94][0xff][0xad][0xed][0x18] [0xa0]nc:[0xe6]&amp;[0x85]n[0xd3][0x95][0x1f][0x7][0x2][0xeb][0xd6][0xb3]Q&lt;kG{[\n]&quot;
2013-02-06 13:51:57,156 AAD-WS DEBUG wire:77 - &gt;&gt; &quot;[0xc]c4f[0x17]F[0xd4]xg@[0x85]HdS[0x83]Q[0xfc][0x19]D`[0x82][0x17][0xa0][0xc4][0xc4][0x9f][0xb]M[0x8c]&amp;[0x9a][0x88]?1z[0xa1][0x9][0x1a]/[0x98][0xcf][0xd7]v[[0xd7]mz[0xe5][0xcd][0xfb]}[0xdf][0xfb][0xbd][0xbf][0xcf][0xf7][0xbe][0xef]9[0xd7]o[0xbd]7[0x4]`%R6[0x14]aC[0x1][0x16][0xa1]F[0x90][0xbb]T[0xdc][0xad][0xa2]V[0xc5]F[0x1b],[0xd8]`E[0x9d]X[0xef][0x11][0xa4][0xde][0x8a][0x6][0xb1][0xde]k[0x83][0x82]M6[0xc8][0x8]X[0xb1]Y[0xc5][0x16][0x1b][0x82]h[0xb4][0xa1][0x9][0xcd]*[0xee]Sq[0xbf][0xb8]j[0x11][0xe7][0x90][\r][[0xb1]M[0x90][0xed]*v[0x8][0xf6][0x3]6[0xfa]h[0xb5]b[0xa7]0[0xb4][0xcb][0x8a][0x7][0xad][0xd8]m[0xc5][0x1e][0x15]{%[0xd8][0x9a][0xb6][0x5][0x83]{k[Zj[%[0xcc][0xda][0x15][0xdc][0x1f]&gt;[0x18][0xae][0xd0][0xc3][0xb1][0xae][0x8a][0xe6][0xf6][0xfd]Z[0x87]Q%[0xc1][0xae]G[0x93][0x86][0x16][0xd3][0x12]A[0xae][0x12],[0xd5][0xd1]X[0xd4][0xa8][0x91]`.-[0xdb].A[0xae][0x8b]G4[0x9]3[0x82][0xd1][0x98][0xd6][0x94][0xea]n[0xd7][0x12][[0xc3][0xed][0xba][0xe0]tiFp[0x9c][0xa6][0xb3][0xb4]lR[0x7]E9[0x92]u[0xf1]T[0xcc]H[0xdb][0xe]H[0x98]][0x9a]#^[0xa7][0x87][0x93][0xc9]*[0xc1]6[0x87]#[0x11][0x9][0xe5][0x13]/3[0x8c][0x94][0x11][0xd5]+[0xea][0xf]j[0xb1]Q[0xa3]U&quot;PKB[0xeb][0x8e][0x1f]d`[0x85][0x87][0x12]QC[0xcb]x[0x97][0xb0]0k&amp;[0x1a][0xcf][0x6][0xd4][0x9c]2zRF[0xc8]Hh[0xe1][0xee][0xb4][0xa2][0xad][0xfe]p[0x87][0xd6]cD[0xe3][0xb1][0xa4][0x8a]6[0x9e]y[0x13][0x19]Q_[0x90][0xaf][0x1e][0x88][0xe5]j[0xab][0x8]K[0xb0][0x1a]q2[0xa2][0xb1].[0x91]QYN[0xd4][0x19].[0x11][0xb0]Vw[0xe8]YTm[0xa1]x*[0xd1][0xa1]5D[0x5][0x86][0xc5][0xe3][0xd2][0x10][0xeb]J[0xa1]m[0xc7]2,[0xb7]c1[0x96][0xd8][0xb1][0x14]K[0x88]u[0x1e][0x12][0x12][0x16][0x8f]q[0x2][0xba][0xae]u[0x85][0xf5][0xda]DW[0xaa][0x9b][0xd6]F[0xb3][0xa1][0xf9][0xfc]P6[0xa6]:;[0xb5][0x84][0x84][0x82][0x11][0x97][0x1e];[0xda][0xd1]![0x8][0x11][0xb7]z[0xa2]IO,[0xa5][0xeb]v[0xdc][0x81];E[0x10][0x9a][0x1d][0x9d]`ZE[0xe9][0x9b][0xb8][0xe1][0x89]wz[0x8c][0xde][0x1e][0xcd]CV[0xfe]C[0xab][0xd8]gG[0x14][0xfb]U&lt;d[0x87][0x8e][0xe5][0x12][0xe6]L[0xf1]\[0x84]i[0x4][0xd3][0x90][0x96][0x88][0x86][0xf5][0xe8][0x11]QRvt[0xb][0xaf][0xab][0x11]S[0x11][0xb7][0xa3]G@[0xb0][0xe][0x7][0xc6][0xb9][0xca][0xa4]aG[0x2]I;[0xfb][0xac][0x82]5=[0x1][0xc2][0xca]tR|;[0xbb]g[0xa4][0xb2][0x93][0x95][0x8c][0xd8]2[0x12][0xba]m[0x94][0xef][0xc9][0x2]y[0xb8]b[0x9f][0xa6][0xf7]Th[0xc2]T[0xc5][0x4][0x83]t2[0x12]o[0xa0]9[0x7]^O[0xde][0xab]4[0xc5][0x8d][0x6][0x96]w$G[0xc4][0x12][0xee][0xe9][0xd1]b[0xc4][0xd6]_:[0xb1].&amp;[0x96]J[0xe6]}[0xaa][0xf2][0xc4][0xb3]&quot;
2013-02-06 13:51:57,156 AAD-WS DEBUG wire:63 - &gt;&gt; &quot;[0x8d][0xf4]/[0xe2][0xce][0xc9][0xac][0x8b][0xd2][0x8e]&amp;[0x3][0xb1][0xa4][0x11][0x8e]uhyB#6w[0x8e][0x87][0xb7][0x97]Yw[0xb3]&gt;[0xc2][0x89]D[0xb8][0xb7]#[0xde][0xd3]+[0xc1];[0x89]Z`[0x12]V@8,[0x99][0xba][0xd7]$8&quot;Zg8[0xa5][0x1b];r[0xfb]S[0xe5]ph[\n]&quot;
2013-02-06 13:51:57,156 AAD-WS DEBUG wire:63 - &gt;&gt; &quot;wO[0x15][0x1f]m[0xba][0xa6]l@[0x9]3[0xb3]&amp;[rZv|[0xf][0x8e]N![0xb5]3[0x9e][0xc8]8Z[0xf6][0x1f]o[0x91][0x19]6[0x12][0xe6][0x95][0x6][0xa6][0xc4][0x9c][0x13]w[0x11]g&lt;[0xbd][0xc1][0x84][0x12][0xd1][0xaa][0x1c][0xfc]}[0xa2][[0xb9][0xda][0xc8]g[0x7][0x93][0xae][0xe0][0xc9]O[0x9][0x89][0xab][0xdd]{[0xe][0x92][0xf7]-[0x98][0xde][0x85][0xf9],[0xcf][0x12]JI[0xa7][0xc3]L[0xda][0xc1]1[0xde][0x85]B[0xae][0x12][0xca][0xe0][0xcd]j[0xba][0xb9][\n]&quot;
2013-02-06 13:51:57,157 AAD-WS DEBUG wire:63 - &gt;&gt; &quot;M[0xc5][0xfb][0xe][0xcc]o[0x8e][0xaa]X[0xd2][0xcc][0x87]I}4[0x9e][0x11][0xf5]d[0x9d]X[0x85][0xe8][0x90][0xa2][0x9f][0xc9][0x93]~&lt;-][0x9e][0x95][0xde]A[0xa7][\n]&quot;
2013-02-06 13:51:57,158 AAD-WS DEBUG wire:63 - &gt;&gt; &quot;[0xd7][0x15][0xe6][\r]B[0xbe][0xc9][0xbc]^[0x1e][0xc0]l_[0xb9]S^s[0x19]r?,}&amp;[0xa9]O69[0xe5][0xf2][0xa1][0x97][0x86][0x99]?fl[0x1]T[0xd2]&apos;[0xe9][0xec](wOa[0x1a][0x9e][0xc6]\&lt;[0x83]y[0xdc]/[0xc3][0xb3][0xc4][0x84]M[0x99]u[0xf2][0x3]][0x8]&apos;&apos;[0xfc]W[0xa1][0xfa][0xae]a[0xc9][0x5]([0xad][0x17]`i=[0x7][0xd5]a[0x1d]D[0x81][0x10]6G!7[0x83][0xb0][0x9f][0xc3][0xb4][0xf7]}dL?[0x8e][0x15][0x93][0xca][0xcd][0xe0][0xc6][0xc7]MVV[0x84]M([0xfb]Q[0xec]U.[0xa1][0xa8][0xd5][0xec][0xb][0xb5][0xca][0xfe][0x10][0xa1][0x1d]@E[0x1a][0x83][0x1a][0xb7][0xd2][0xc6][0x9b]JY[0x9c][0xcc].[0xd9][0xec]&gt;[0x8f][0x99].[0xd9][0xed][0xb][0x91][0xc8]m[0xfe][0x90][0xd7]%[0x8f]{[0x89][0xf5][0xcc][0x6]8[0xe]+[0x9e][0xe7][0xf9][0x4]V[0xe1]$?[0xb2][0xa7][0xb0][0x7][0xa7]q[0x0][0xaf][0xe0][0x10]^[0xc5][0xa3]x[0x8d][0x99][0x9f]a[0xa6][0xaf][0xe3]9[0xbc][0x81][0x17]q[0x96]9[0xaf][0x1a][0xc9]Y*#[0xdc][0x16]Z[0xf9][0xec][0xff][0xc8][0xd9]T[0x93]y[0xdc][0x88]x[0xad][0xa5]b[0xcf][0xf7][0xf2][0x9][0x8][0xd2][[0xb9]m[0x8d][0xbf][0x1f][0x5]N[0xb9]f[0x0][0x85]}[0xf2]-[0xa7][0xfc][0xc2][0xf0]7n[0xd3]I4d[0xd5][0x4][0x1a]J[0x6][\r]%[0x8d][0x86][0xdb][0xa5][0xc][0x9d][0x82]S[0xb0][0x8][0x96]K[0x11]gw[0x84][0x17]^n[0x8e][0xa3][0x80][0x0][0xf]@q)[0xe3]`j[0xc0]L[0xd2][0x8b][0x84][0xe9][0x12][0xcf]W[0x98][0xfc][0x7][0x84][0xe9]*[0xb6][0xe3][0x1a][0xc7][0xee][0x87]8[0x82][0x8f][0xf0][0x8][0xae][0xe3]1[0x9e][0x9f][0xc0]&apos;,[0x90]Oq[0xc][0x9f][0x13][0xc4]/[0x8][0xdc][0x97][0x18][0xc2]W[0xe4]|[0xcd][0x12]Z[0x8d]5[0xa4][0xa2]T[0x8e][0xb2][0x1e][0x5]l[D([0x8d]L[0xd9]af[0x12]k[0xfd]nQ[0x8e][0x95][0xb2][0x9f][0xef][0xc5][0xdd][0xac]J[0xc6]r[0x15]%.[0xe5][\n]&quot;
2013-02-06 13:51:57,158 AAD-WS DEBUG wire:63 - &gt;&gt; &quot;f[0x1f][0x83][0xc3][0xe7][0x92][0x7][0xe1][0x1c]D[0xb1][0xcf][0xa5][0x90][0xf6][0x99]Mn?[0xeb][0xf5]c[0x9f][0xc4][0xd3]X[0xc0]+[0xd9]W[0xc0][0xb7][0xac][0xc5][0xef]P[0x80][0xef][0xd9]q7P[0xcc][0xea][0xf4][0xe0]G6[0xc4]O|[0xf7][0x9f]QM~=~[0xc5]f[0xfc][0x86][0xdb](-Sw-[0x83][[0xc7][0xdb]L[0x88][0xbb][0x19][0xa2][0xcc][0xb5]&lt;[0xdb][0xc1][0xc]r[0xce][0x0][0xe6]p[0x99][0xcb][0xc8][0x9a][0xbc][0xfe][0xcb]p[0x9d]GI[0xf9] [0xe6]I[0x82][0xd9][0xda][0xd8]?|[0xe3]l^[0xe3][0xfc]N[0xfa][0x7][0xc3][0xb9][0xc9] [0xfe]d[0x10]qp[0xdc]d[0xf][0xff][0x9d]vj[0xa1][0xab][0xb5][0xb8][0x9d][0x1a][0xfc][0xfc]f[0x9b][0xe8]4[0x9d][\n]&quot;
2013-02-06 13:51:57,158 AAD-WS DEBUG wire:63 - &gt;&gt; &quot;[0xb7][0x7][0x4]2A[0xc7][0xfc][0xc6]l[0x91][0xf8]Ei[0xb0][0xcf][0x7][0xe1]v,[0xc8][0x94]S[0xa3][0xc0]lc[0xce][0xbd]c[0xa1][0x10]Jc[0x98][0xc6])-[0x94]{[0xef]I[0xdf][0x13][0xdb]L[0x8d]5[\n]&quot;
2013-02-06 13:51:57,159 AAD-WS DEBUG wire:63 - &gt;&gt; &quot;[0x4]i4[0xf2][0xf2][0xf0]E[0xff][0xd8][0xb8]Y[0xcc][0xa7][0x16]3D[0x91][0xf8][0x8b] [0x99][0xf8]?bF[0xa9]$c[0x93][0xa4][0xf0][0xaf][0xc1][0x8c][0xb8][0xa4]R[0xa2]rt[0xde]y[0xd2][0x3][0x87][0xa3][0xc8][0xcc][0x82]{[0x1b][0xa6]1[0x10]2[0xa3]H#[0xad][0xe2]jB[0xf5]?PK[0x7][0x8][0x97]d/[0xe0][0xf6][0x5][0x0][0x0]1[0xb][0x0][0x0]PK[0x3][0x4][0x14][0x0][0x8][0x0][0x8][0x0][0xd4]|D5[0x0][0x0][0x0][0x0][0x0][0x0][0x0][0x0][0x0][0x0][0x0][0x0]&amp;[0x0][0x0][0x0]javax/help/event/HelpSetListener.class;[0xf5]o[0xd7]&gt;[0x6][0x6][0x6]=[0x6][0x1e]v[0x6]Nv[0x6].v[0x6]nF[0x6][0x9e][0x8c][0xd4][0x9c][0x82][0xe0][0xd4][0x12][0xc7][0x94][0x94][0xd4][0x14]F[0x6]%[\r][0x9f][0xac][0xc4][0xb2][0xc4][\n]&quot;
2013-02-06 13:51:57,159 AAD-WS DEBUG wire:63 - &gt;&gt; &quot;}[0x90][0xb0]~jYj^[0x89][0xbe][0x7]D[0x85]+[0x88]c[0xad][0x19][0xc6][0xc8][0xc0][0x7][0xd5][0x13][0x94][0x9a][0x9b]_[0x6][0xd2][0xc5][0x15][0x9c]_Z[0x94][0x9c][0xea][0x96][0x99][0x93][0xca][0xc8] [0x2]U[0xef][0x93]Y\[0x92][0x9a][0x97]Z[0xa4][0x7]2[0x90][0x91]A[0x1][0x97][0xb9]0u[0x8c][0xc][0x2] %[0xfa]9[0x89]y[0xe9][0xfa][0xfe]IY[0xa9][0xc9]%[0x8c][0xc][0xe2]`[0xa1][0xd2][0x92][0xcc][0x1c]}[0xb0][0xfd]0[0xc5]l[0x8c][0xc][0x8c][0xc]L@[0xcc][0xc][0xf4][0x11][0x13][0xb]#[0x3][0xb][0x3]+[0x3][0x3][0x90]f[0x3][0xd1]@qv[0x90]8[0x3][0x7][0x0]PK[0x7][0x8][0x97]P[0x9b]V[0xad][0x0][0x0][0x0][0xf4][0x0][0x0][0x0]PK[0x3][0x4][0x14][0x0][0x8][0x0][0x8][0x0][0xd4]|D5[0x0][0x0][0x0][0x0][0x0][0x0][0x0][0x0][0x0][0x0][0x0][0x0]#[0x0][0x0][0x0]javax/help/event/HelpSetEvent.classuT]O[0x13]A[0x14]=[0xd3][0x96][0xee][0xb2][0x96]&quot;[0x15]*[0xa8][0xc5][0x82][0x8a][0xfd][0x82][0x5][0xc4][0xcf][0xa2]X[0xe8]&quot;D[0x4]B[0xb1][0x86]&apos;[0xb3][0xb4]C][0xb2]l[0x9b][0xb2][0xad][0xfc][0x16]}[0xf5][0xd1][0x7]L[0x84]&amp;[0x92][0xc8][0xa3][0x89]?[0xca]xg[0xbb]@-[0xf5][0xa1]w[0xee][0x9c][0x9e][0xb9][0xe7][0xce][0xbd]w[0xf6][0xf7][0x9f][0x1f]?[0x1]L[0xe0][0x95][0x82]0R[0xdd][0x18][0xc0][0xb8][0x84][0x9][0x19][0x11][0x5]^[0xa8]b?)aJ[0xc6][0xb4][0x2][0x9][0xaa][0x84][0x7][\n]&quot;
2013-02-06 13:51:57,160 AAD-WS DEBUG wire:63 - &gt;&gt; &quot;[0x14][0xcc][0xc8]x([0xd6]G[0xe2][0xff][0xc7][0xc2]{&quot;[0xe3][0xa9][0x8c]g[0xc2]M;[0xa0][0x8c]Y[0x9][0xcf]%[0xbc]`[0xe8]Y[0xd2]V[0xd6]s[0xda][0xe6][0xfb]L6[0xab]e[0x19][0xd8]2a[0xb]ek[0xdf][0xd6]-;[0xaf][0x9b]5[0xee][0xa5][0x14][0xc0][0xd0]{F[0xdc][0xd0][0xde][0xac][0xe5][0xb5][0xac][0x80][0x19][0x83][0xf4][0x81][0x9b][0x95]}n3[0xf4][0xaf][0xec][0xea]u[0xfd]@[0x15][0x80][0xba]D&amp;[0xc7][0xed]4[0x83]_/[0xd8]F[0xd9]&quot;g[0xd6][0xb0][0xc][0x9b]$[0x13]1[0x87][0xa9][0x9a][0xba]UR[0xd7][0xb6]wy[0xc1]Nw:[0xbb][0x1c][0xcf]3[0xf8][0x16][0xca]EN[0xea]+[0x86][0xc5]Wk{[0xdb][0xbc][0xba][0xa9]o[0x9b][0x84](%n[0xbb]L[0x86]p,[0xde]Y[0xbd][0x9b]X[0x19]7[0x1]o,N[0x97][0x93][0xed]r[0xce][0xae][0x1a]V[0x89]2vO53i[0xa2]tF[0xc9][0x95]k[0xd5][0x2]_4[0x84]L[0x9f][0x1b]K[0xab]s[0xcb][0x9e][0x10][0xec][0x0][0xa2][0x98][0xb] [0x82]a[0x86][0xe1][0x8b][0xe3][0xab]5[0xd3]\/[0x1b][0x96][0xcd][0xab][0xda]A[0x81]W[0x84][0xa6][0xa0][0xbe][0xc][0xe0]6[0x6][0x19]F/[0xa8][0xcb][0xa6][0xc9]K[0xba][0x99][0xa9][0x96]j{[0x14][0xf5][0x9c][0xce][0x10]4[0xac][0xba]n[0x1a][0xc5][0xe8]Y[0xd1][0xc2][0xed][0xf9][0xcd][0xd7]vvxU[0x4][0xce][0x88][0xe6][0xb5]$[0x17][0xb]`[0x1e][0xb][0x1]d[0xa1][0x9]o[0x91][0xc1][0x93][0x8a]R[0x83][0xd2]Q[0xbd]X[0xe4][0xc5][0x0]b[0x88]SA[0xd2][0xd1]*[0xdf]+[0xd7]y[0x91]![0xd2]R2.B[0xa8][0xad][0xf1][0x18][0x6][0x1c][0xf1][0x9a]m[0x98][0xaa][0x83]4{Ex[0x87][0x6][0x8a]^[0xfd][0x83][0xbb][0xe5][0x14]8[0x15]&gt;/[0x6][0xa1]R[0xe1][0x16][0xc9][0xa6]:[0xd1].A[0xcd][0x8b][0x8a][0x1][0xda]w[0xda][0xc1][0x10][0xba][0xac][0xda][0x16][0xec],[0x97][0xff][0x5][0xc3][0x8]M[0x98][0x6][0xd7][0x87]!\[0xc7] [0x8d][0xf5][0x10][0xed]&lt;[0xb8]A[0xeb][0xcd][0x96][0xfd]-[0xfa]Q[0x83][0x1d][0x9f][0xba][0xe7][0x9c]`T[0xf3][0x11][0xb2][0xa3][0xb4][0xe3][0xf4][0xfe]|[0xb4]N%[0x92][\r][0xb0]D[0xea][0x88]j[0xfd][0xb]=&apos;[0xf0]n[0x85]|[\r]t[0x9d]&amp;&quot;G[0xf0]G&gt;C[0x8e][0xf8][0xbe][0x8]\[0xda][\n]&quot;
2013-02-06 13:51:57,160 AAD-WS DEBUG wire:63 - &gt;&gt; &quot;[0xc9][\r]t[0x9f]~s[0xde][0xd2][0x1d][0xb2][0xa3][0x90][0xc9]&amp;[0xd1][0x85][0x14][0xbd][0xcb]q[0x4][0xe9][0x9d][0xf]b[0x92]d[0xa7]0[0x86]i[0xf2]f[0x88]y[0x17][0xf7]\[0xc9][0x8][0xad][0x8c][0xd6][0xae][0xc4]wx[0xe][0xcf][0xc3][0xf8][0x1d]0Kv[0xc][0xf7];P[0xfd]_[0xdb][0xa8][0xaf][0xc9][0xd2]$[0xb8][0xd4][0x8f]tA[0x81][0xbe][0x13][0xd4]OH[0x9e]@[0xd9]j[0xe0]J(p[0x8c][0x1e][0x82][0x82][0xc7][0xe8][\r]]m[0xfa][0x1e][0xe1][0xf7][0x91][0x8c][0xd0]a[0x1b][0xef]Z;[0xaf][0xdf][0xe5][0x9d][0x8b][0x7]!&gt;[0x18][0x1b][0xf4][0x9d][0xca]A[0xc5][B[0x13]Nu[0x93][0x1]PK[0x7][0x8][0xa9][0xe4][0xca]C[0xb7][0x2][0x0][0x0][0xe5][0x4][0x0][0x0]PK[0x3][0x4][0x14][0x0][0x8][0x0][0x8][0x0][0xd4]|D5[0x0][0x0][0x0][0x0][0x0][0x0][0x0][0x0][0x0][0x0][0x0][0x0],[0x0][0x0][0x0]javax/help/event/TextHelpModelListener.class;[0xf5]o[0xd7]&gt;[0x6][0x6][0x6]=[0x6]nv[0x6][0xe]v[0x6]Nv[0x6].F[0x6][0xc1][0x8c][0xcc][0xf4][0x8c][0x1c] .)v[0xce]H[0xcc]KOMad[0xd0][0xd0][0xf0][0xc9]J,K[0xac][0xd0][0xcf]H[0xcd])[0xd0]O-K[0xcd]+[0xd1][0xf]I[0xad]([0xf1][0x0]r}[0xf3]SRs\AB[0xd6][0x9a]a[0x8c][0xc]\[0xc1][0xf9][0xa5]E[0xc9][0xa9]n[0x99]9[0xa9][0x8c][0xc]R([0x8a]|2[0x8b]KR[0xf3]R[0x8b][0xf4]@f12[0xa8][0xe1]7[0x12][0xa6][0x9a][0x91]A[0x0][0xa4]P?[0x7][0xe8][0x16]}[0xff][0xa4][0xac][0xd4][0xe4][0x12]F[0x6]q[0xb0]PiIf[0x8e]&gt;[0xd8]j[0x98]b6F[0x6]F[0x6]&amp; f[0x6][0xfa][0x8b][0x91][0x85][0x91][0x81][0x85][0x81][0x15][0xc4]b`[0x3][0x92]L[0xc][0xec][0x0]PK[0x7][0x8][0x9b]d[0xff]T[0xac][0x0][0x0][0x0][0xf2][0x0][0x0][0x0]PK[0x3][0x4][0x14][0x0][0x8][0x0][0x8][0x0][0xd4]|D5[0x0][0x0][0x0][0x0][0x0][0x0][0x0][0x0][0x0][0x0][0x0][0x0])[0x0][0x0][0x0]javax/help/event/TextHelpModelEvent.classe[0x8e][0xcb][0xe][0x1]A[0x10]Eo[0xf]f[0x18][0xc4]J[0xac][0xb1][0xf1]H[0xa6]?[0x80][0xd8][0x8][0xb1][0xf0]X[0x10][0xfb][0x19]*[0xb4][0xb4]![0xd2]#~[0xcb]Jb[0xe1][0x3]|[0x94][0xa8][0x1e]KUI=N[0xdd]T[0xee][0xfb][0xf3]|[0x1][0x8]P[0xf6][0x91][0x81][0xef][0xa1][0xe8][0xa1]$[0xe0][0xf6]U[0xac][0xcc]@[0xa0][0xda][0x9a][0x1e][0xc2]k(u[0x18][0xef][0xe4]&quot;:[0xd0][0xc6][0xf4][0xda]k[0x81][0xec][0xf0][0xb4]%[0x81][0xca]T[0xc5]4O[0x8e][0x11]]Va[0xa4][0x99][0xf8][0xcb]Sr[0xd9][0xd0]X[0xd9][0xa5][0xb6][0xa2][0x9b][0x99][0x90]&gt;[0xcf]X[0xad]GW[0x8a]M`[0xdf][0x95][0x90]EN[0xa0]i[0xe7][0x9b][0xdc][0xb3]@[0x92]=[0xca]=[H[\r]$Fi[0x99][0x92][0x9f][0xb][0xd4][0xe1][0xb0]c[0x1b][0x82][0x93][0xff]quyk0w[0xb8][0xbb][0x9d][0xee][0x3][0xe2][0x9e][0xde]=[0xae]~J[0x3][0xd6]I&amp;y[0x9e][0x1d][0x14][0xbe]PK[0x7][0x8][0xf6][0xf6][0xfb][0x17][0xc2][0x0][0x0][0x0][0xff][0x0][0x0][0x0]PK[0x3][0x4][0x14][0x0][0x8][0x0][0x8][0x0][0xd4]|D5[0x0][0x0][0x0][0x0][0x0][0x0][0x0][0x0][0x0][0x0][0x0][0x0]![0x0][0x0][0x0]javax/help/HelpHistoryModel.classuRMO[0xc2]@[0x14][0x9c][0x7]H[0x1]A&gt;[0x4][0x11]Q[0xe][0x9e][0xca][0x85][0xfe][0x0]n&amp;[0x12]H0[0x1e]H[0xb8]/[0xf4][0xa5][0x16]k[0xd7][0x94][0x82][0xe8]O[0xf3][0xe0][0xf][0xf0]G[0x19][0xb7][0xeb][0x6][0x15]%M:[0xbb][0xd3]y[0xf3][0xde][0xec][0xf6][0xfd][0xe3][0xf5][\r]@[0xf][0x1d][0xb]g[0x16][0xda][0x16][0xce]-\[0x10][0xda][0xc2]u[0x87][0x1c]&lt;[0xe][0xfd]e,[0xa3][0xe7][0x1b][0xe9]r0Vk[0xe]9&quot;[0xf4][0xec][0xf1]B[0xac][0xc5][0xc6][0xb9]S[0x12][0x87][0xd7][0x1c][0xc6][0xce]&gt;u[0xbf];%t&quot;~[0x90]k[0xde][0xef]h[0xb9][0xfe]r.&quot;[0x97][0x90][0xb6][0x93][0x82][0xbc]&apos;[0x7]2z[0xd2]L[0xd6][0x93]Wb~O[0xa8]y[0x1c]&apos;[0xab][0x84]66[0x84][0xba][0xdd][0xd5][0xc3]8[0xab][0xd8][0xf][0x9c])[0xcf][0x15][0xdd]&apos;T[0x95][0xd6]8l[0xa5][0xe5]%[0xc7]fs[0x1d][0xc6][0x9][0x93][0xb1]GI[0xb7][0xd2][0xf7]x[0x13][0x8e][0x9][0xcd]_[0xf9][0xc][0xad][0x83][0x14][0xbc][0xad][0x5]![0xa7]6[0xa3][0xd0][0xe5][0x8d][0x9e]zD(&amp;[\r][0x94]Z[0x87]#[0xb4][0xfe][0xd8][0xe8][0xf]_F[0x13][0xb9][0x8a][0xe6]&lt;[0xf0][0x3]&amp;4v[0xf][0xa6][0x97][0xd4][0xa9][[0xd8])[0xff])!Tt[0xec]@[0x84][0x9e]s;[[0xa8][0xe0][0x84][0xcb][0xaf]e[0xe7][0xac][0xeb][0xba][0xce][0x97][0xce][0x84]#_[0x4][0xfe][0x8b][0x98][0x5][0x9c]%[0x10]R[0xea]I#[0xa3]~[0x88]b[0x86]p[0x80],[0xa0][0xd0]2[0x98]C^c[0xc1][0xe0][0xa1][0xc1]&quot;J[0x1a][0x8f][0xc][0x96]Q[0xd1]XEM[0xe3][0xb1][0xe1][0xeb]hh&lt;ASu [0x9c][0xaa]w[\n]&quot;
2013-02-06 13:51:57,161 AAD-WS DEBUG wire:63 - &gt;&gt; &quot;[0xad]OPK[0x7][0x8]sn[0xf3][0xb7]P[0x1][0x0][0x0][0x83][0x2][0x0][0x0]PK[0x3][0x4][0x14][0x0][0x8][0x0][0x8][0x0][0xd4]|D5[0x0][0x0][0x0][0x0][0x0][0x0][0x0][0x0][0x0][0x0][0x0][0x0].[0x0][0x0][0x0]javax/help/HelpSet$DefaultHelpSetFactory.class[0xa5]Y{|[0x1b][0xc5][0x11][0xfe][0xf6]V[0xd2][0x9d][0xe4][0xb3][0xe3][0xc8]q[0xc2]%q&quot;B[0x1e][0x8e],GIx[0x94][0xc8]$[0xb4][0xc1]J[0xe3]4v[0xc]6[0x9]6P8[gGA[0x96][0x8c]$[0xe7][0x9][\r]$[0xb4])[0xa5][0x84]W)M [0x14][\n]&quot;
2013-02-06 13:51:57,161 AAD-WS DEBUG wire:63 - &gt;&gt; &quot;[0xc5][0x85]R m&quot;[0x1b][0xdc]Bx%[0x5][\n]&quot;
2013-02-06 13:51:57,161 AAD-WS DEBUG wire:63 - &gt;&gt; &quot;}C)[0x85][0xbe][([0xaf][0xb6]@[[0xca][0xab][0xb3]w&apos;[[0x92]e~.[0xfc][0xa1][0xdd][0xbb][0xd9][0x99]ogfgf[0xe7][0xec][0xc7][0xdf][0xbf][0xef]~[0x0][0xb][0xd8]4[0xf][0xce][0xc0]E2.[0xf6]@[0xc2]En[0xac][0xc3][0xe]1[0xec][0x94]q[0x89][0x82][0xb3]&lt;p[0xe1][0xf3][0xe2][0xfd][0xb][\n]&quot;
2013-02-06 13:51:57,162 AAD-WS DEBUG wire:63 - &gt;&gt; &quot;vyP[0x85]/*[0xb8]T[0xc1][0x97]&lt;D[0xba][0xcc][0x83]0[0xbe][0xac][0xe0]rA[0xdf][0xad][0xe0][\n]&quot;
2013-02-06 13:51:57,162 AAD-WS DEBUG wire:63 - &gt;&gt; &quot;A[0xbc]R[0x10][0xaf][0x12][0xc3][0xd5][0x1e]\[0x83][0xdd][0xe2][0xe9]+[\n]&quot;
2013-02-06 13:51:57,163 AAD-WS DEBUG wire:63 - &gt;&gt; &quot;[0xae]u[0xd3][0xcb]W[0x5][0xc3]u[\n]&quot;
2013-02-06 13:51:57,163 AAD-WS DEBUG wire:63 - &gt;&gt; &quot;[0xbe][0xe6][0xc1]&quot;[0xec][0x91][0xb1]W,^/[0xe3][0x6][0x19][0xfb]&lt;[0xf0][0xe1]F[0xf]f[0xe2][0xeb][0x82]x[0x93][0x82][0x9b][0xc5][0xfc][\r]1[0xdc]&quot;[0xe3]V[0x5][0xdf][0xf4]`[0x1e]nS[0xd0]/f[0xd2][0xf7][[\n]&quot;
2013-02-06 13:51:57,163 AAD-WS DEBUG wire:63 - &gt;&gt; &quot;n[0x97]q[0x87][0x82]o[0xcb][0xb8]S[0xc6]w[0x4][0xe6]E[\n]&quot;
2013-02-06 13:51:57,163 AAD-WS DEBUG wire:63 - &gt;&gt; &quot;[0xee][0x12][0xf3][0xdd][0x1e][0xdc][0x83][0xfd]B[0xf6][0xbb]B[0x89][0xef][0xc9]8 [0xe3][0xa0][0x7]K0([0x88][0xf7]*[0xb8]O[0xc6][0x90][0x7]K[0x85][0xc4][0xf7][0xc5][0xfc][0x3]1[0xdc][0xaf][0xe0][0x1]1[0x1f][0x12][0xca]&lt;([0xe3]![0xc1][0xfc][0xb0][0x18][0x1e][0x11][0xc3][0xa3]2[0xe]+8&quot;[0xfc][0xf4]C1&lt;[0xa6][0xe0][0xf1][0x12]&lt;[0x81][0x1f][0x89][0xc5]&apos;[0xc5][0xf0][0x94][0x82][0x1f][0xb][0xca]O&lt;[0xf8])~&amp;[0xac][0xfd][0xb9]x[0xfa][0x85][0x18]~)[0xe3]i[0x19][0xbf][0x92][0xf1],[0x83][0xd2]c[0xa4]Rz[0xb7][0x91]b[0xf0][0xae][0xde][0xa0]o[0xd4][0x83]}[0xe9]h,[0xb8][0xd6][0xe8]L&apos;[0x92]u[0xc][0xae]T[0xa2]/[0xd9]i0[0x94]Y[0xab]q#[0x1d]&lt;[0xfd][0xb4][0xd5][0xb4][0xe2][0xd9][0xa8][0xc7][0xa2][0x91]f=[0x99][0xa2]U[0xd6]N[0xac]&apos;E[0xe3][0xd1][0xf4]2[0x6]^=-[0x83][0xe3][0x94]D[0x84]V&amp;[0xac][0x8e][0xc6][0x8d][0xa6][0xbe][0x9e][0xe]#[0xd9][0xaa]w[0xc4][0x4]R/[0xc9]D[0xe3][0xdd]-i=[0x99]6&quot;[0xc][0x13][0xab][0xf3][0xb1][0x85]tYo2[0xd1]I[0xaa][0xd5][0xaf]9[0xa5][0xb5][0xad]9[0xcc][0xb0][0xc4]f[0x8a][0xe9][0xf1][0xee]`K:I[0x0]u[0xe3][0xa1][0x8]0[0xb7][\r][0xd6][0xdc][0xc0]Pg[0xe1]l[0xe][0xae]7b[0xbd][0xc1][0x95]4[0xb4][0x18][0xe9]q#[0xa9]6Rk4-L[0x99]?N0!Zj[0x8b][0xae]L[0xf4][0x18][\r][0xf5]#[0xef][0x8d]z[0xef]iF[0x17]C[0xe0]C[0xb0][0xcc]3Y[0xa9][0xa7][0xd6][0xa7][0x85][0xb]M[0xb8][0x12][|m[0xd4][0xd8][0xc4]p[0xfd]G[0xb6]j,J[0xc1][0x96][0xff][0x17][0x9b]I\[0x9d][0xe8][0xd4]m]+[0xb2][0xfe]O[0x1a])#[0x9e][0xd6][0xd3][0xd1]D[0x9c]a[0xd7]8unoo[0xb7][0x88][0xfa][0xa6]t[0xb0]&gt;[0xda]c[0xc4]S$_7BkND[0xe3][0xe3]3[0xb6]}t[0x88][0xb][0xfd]&amp;[0xda][0xfa][0xb5][0xf4]u[0xd8]j[0xd0][0xf1]$[0x8d][0xde]D2[0xdd]h[0xa5][0x7][0xc3][0xe4]&quot;[0xf1][0xd7]n[0x86]D,[0x9a][0xca][0xb2]Q[0x16]i[0xd5][0xf3]s6[0x9][0xc7][0xfb]z[0x8c][0xa4]ip[0x9d][0x88][0x1e]+[0xf2][0xc3][0xf1][0x88][0x88]{Q[0x7][0xcc]/F[0xcc][0x91]M&amp;[0x13]I[0x86][0xca]&quot;[0xea][0x8]m[0xe6][0x8d]+M[0xac][0xc][0xb3][0x0][0xd7][0xe9][0xc9]8M[0x94][0xd0]-f[0xaa][0xaf][0x88][0x8a][0xc8]V[0xed][0x9d][0x17][0x8]Y[0x15][0xe7]Bg(/t[0x9e][0x8a]v[0x9c][0xa9][0xe2][0xb3]8[0x87]a[0xc6][0xc8]&amp;M}[0xb1][0x98]y&amp;F2[0xbc][0xb9][0xd3][0xe8][0x15][0xd6][0xb][0x88]m*[0xce][0xc2][0xd9][0xc][0xcb]j[0x83][0xc1][0x96][0xbe][0xb8][0xaf]1[0xda][0x99]L[0xa4][0xb6][0xa4][0xd2]FO[0xca][0xd7][0x10][0xef]\[0x10][0xc][0xd6][0xb7][0xd6][0xfb]V[0x11][0x90][0xd8][0xdd]g[0xab][0xe0][k$[0xc5][0x89][0xfb][0x16]-X[0x18][0xc][0x86][0x9b]T[0xfc][0x1a][0xcf]}t[0x94][0xc5][0x16][\n]&quot;
2013-02-06 13:51:57,164 AAD-WS DEBUG wire:63 - &gt;&gt; &quot;[0xb9]Px8E&amp;nJ&amp;[0xe2][0xdd][0xcd]}[0x1d][0xb1]hgC[0xbd][0x8a][0xad][0xb8]@[0xc5]o[0xf0]&lt;[0x3]T[0xbc][0x80][0xdf]Re[0xcc][0xe3]4s_[0xc5][0x85][0xe8]V[0xf1];a[0xd4][0xef][0xf1]G[0x19]V[0xf1][0x17]l[0xa3]X[0xcf][0xe3][0xb5][0x92]][0xc5]_[0xf1][0xa2][0x0]&amp;/+1[0xca][0xb][0xcb]#/[0xe1]oY[0xa7][0xe6][0x1c][0x8e][0x8a][0x97][0xf1][\n]&quot;
2013-02-06 13:51:57,164 AAD-WS DEBUG wire:63 - &gt;&gt; &quot;[0xed][0x99][0x13][0x5]+bz[0x9a][0xca][0x4][0x9d]Jn[0x9d][0x14].}U[0xc][0xaf][0xa9]x[0x1d][0xa7][0x92][0xd0][0xa3][0xf7][0xfa][0xa2])_[0x9c][0xfc][0xaf][0xe2][0x1f]B[0xb5][0xe2][\r][\n]&quot;
2013-02-06 13:51:57,165 AAD-WS DEBUG wire:77 - &gt;&gt; &quot;[0xef][0x1c][0xa8][0xd6][0xe4][0x16][0x13][0xa9][0xd4][0xe6][0xb5][0xde]U[0xbc]i2f[0x1][0x12]i_[0x96]q[0xc6][0xf0][0x96][0x8d]z[0xac]+[0x91][0xec]1&quot;[0xb4][0xf7][0xf0][0xb9]2L[0xca][0x1a][0xdc][0x93][0xb3]N~0[0xe5][0xa2][0x89]`[0xc3][0x9a]b[0xcc][0xd1]xg&quot;[0x99][0xa4]([0xca]a6[0x9d][0x90][0xc3]\Q[0xa4][0xc2][0xd0][0xbd][0x12][0xd1][0xd3][0x14][0x91]o[0xe1]_2[0xfe][0xad][0xe2]?x[[0xc5][0xf1][0x8e]xz[0x97][0xd2]/[0xc7][0xd6][0xe5]z[0xa4][0xa1]&gt;[0x7]o[0xe6][0xe8][0xc4][0x9a][0x9d]_[0x92][0xd4][0x82][0xd7][0x86]x[0xdc]H[0x9e][0x12][0xd3]S)#%&lt;[0xfd][0x9e][0x8a][0xf7][0xf1][0x1][0x1d]Zg[0xd2][0xd0][0xd3]Fn[0xbd][0x98]\x[0x8e][0xcb][0xfb][0xba][0xba][0xc][0xca]T[0xd5][0xe7][0xcb][0x1e]y&quot;
2013-02-06 13:51:57,165 AAD-WS DEBUG wire:63 - &gt;&gt; &quot;[0xc8][0xa7][0xd2]U[0xc9]T&amp;[0x89][0xe8]*[0xf7][0xf9]:[0xf4][0x94][0xe1][0xb3]]b-r[0x95]9[0x98]3[0xff][0xf8][0xed]=T[0xe6]b2i[0xc1][0x14][0x95][0xb9][0x99][0x87]a[0xda]h[0x9e][0x1c]k[0xb5][0xac][0xab]S[0xc3]Z[0xb6]&amp;[0x13][0x14][0xe5][0x86][0xca]J[0x98][0xaa][0xb2]R[0xd0][0xc5]Q[0xd1]lU[0x1]_[0x97]Ny[0x1f][0xf1][0xd1][0x9][0xfa]dV[0xa6][0xb2][0x9][0xac]\e[0x13][0xf1][0xbc][0xca][0xbc][0xac][0x82][0x14][0xf3][0xa8]l[0x12][0xab][0x94][0xd9]d[0x95]Ma[0x15]*[0xd2][0xe8][0x13]OG[0x89]Ac[0xa8].[0xe2][0xdb]z[0xa3]K[0xef][0x8b][0xa5][0xed][0xd7][0x15][0xba]([0x19][([0xef][0xc6][0xa0][0xe7]d[0xc2][0x9a][0x8e][\r][0x14][0x1a][0xf9][0xa7]Y[0xc8][0xee][0xee]L[0xf4]P[0x9]3Z[0x13]cTC[0xba][0xec][0x95]n2[0xda][0xba][0xaa]&apos;e[0xeb]r.[0xf]5-[0xc6][0xf9]}z,U[0x0]a[0xed]_7[0x9f][0xba][0x1a]%5[0xc][0xe1]&amp;[0xb4][0xec][0xed]-[0x89][0xa1][0xb2]:[0xaf]XS[0xbe][0xcc]n[0xa8][0xaf][0x93][0xd9][0xd4][0xfc][0x9c][0xb3][0xe8]$[0x9f][0xca][0x91][0x8f]F[0x86];[0xae]|[0x8d]x[0xb7][0x8][0xa7][0xb9][0xc5][0xd4][0x19]M[0xa2]D[0x16]JY[0xae]1S[0xa9]&lt;k[0xe7]H[0xa7]vLAU[0xfc]&gt;[0x98]S[0x8c][0xab][0xf0]n[0x12][0x8d][0x7]mh[0xde][0xed]fy[0xf0][0x8e]r[0x81]h[\r][0xf5]Nq[0x9d][0xce]^[0xb8]p![0xf1][0xa7]r[0xf9]+[0xaa][0xb][0xd9][0x5]&amp;[0xd7]#[0xe4][0xe][0xde][0xdb]G[0x96][0x9f]X[0xc4][0xf2]q[0xfa][0xe2][0xa8][0x1c][0xe8]&amp;}c[0xb4][[0xa7]P[0xb1][0x1a]$[0x97][0x95][0xb1][0xc][0x97][0xcc]N)[0xb7][0xb7][0x19]gS[0x94][0xe7][0xa1]&lt;[0xbd]Hg[0x99]L[0xb7]T[0xac][0xaa][0x1e][0x9b]O8[0xa9]n[0xac][0xab][0xfd][0xc3][0x1a][0x8];&amp;[0x19]R[0xc5][0xfa][0x97][0x8f][0xd3]X[0xe5]o0Fg5[0x81][0xac][0xcb][0xaf][0xa9]s[0x8a][0xf9]?[0xaf][0xc][m[0x95]K[0xef][0xed]5[0xe2][0x91][0xe1][0xbe]8?^G[0x91][0xac]jKv*[0xe9][0x84]E)[0x90],[0x12]7[0x5][0x92][0x9e][0x4]mH4C[0xef]a[0x98][0x92]M#q[0x83][0xc5])0[0xad][0x85]:[0xab][\n]&quot;
2013-02-06 13:51:57,166 AAD-WS DEBUG wire:63 - &gt;&gt; &quot;[0xac]N[0xe8][0x11]Q[0xdb][0xb5][0xbc][0xa2]b^[0x14][0xd6][0x12][0xf1]UW[0x8f][0xb1]4[0xfa]c[0xa7][0x94][0xbc][0x94]{[0x97]L)[0xde][0x18][0xae][0x15][0x99][0x15][0x89][0x84]c[0x6][0x1d]Uz[0x8c][0x92]EL[0x8a]aq[0x88][0xaa]V[0xb4][0x15][0xa5][0xa4][0x8c][0x1b][0x9b][0xd3][0xc3]@[0xf9][0xb5]q8[0x9d][0xb2]i[0xbc]H[0xa4][0xf1][0xc8][0xcb][0xe2][0x82][0xea]4[0xe6][0x99][0x10][0xc4][0x84][0xf5]z[0xaa]1[0x91]4[0xc2][0xc3][0x1a][0xd1][0xc7]a{~[0xa6][\n]&quot;
2013-02-06 13:51:57,166 AAD-WS DEBUG wire:63 - &gt;&gt; &quot;[0xfb]N&apos;[\r][0xa3][0xe9][0xa8]h[0xa0]eQ[0xb3]I[0xbb][0x82]J0v/[l[0xdf]U[0x1f][0xf5]k[0xb1][0x18]XY~[0xb8][0xe3]h[0xfa][0x9a]&gt;[0x3][0xc]m[0xe0][0xf4][0xed]M-0@3[0xb5][0xb6][0xe6]L[0xdd]0[0xcd][0x13]i[0x9d][0x9a]f[0x1a];[0xe8]m[0x9]qR;[0x89]J[0xff][0x0][0x98][0x8]R[0xdb][0x0][0xf8]A8[0xfc][0x8e][0x83]p[0xee][0xa7][0x5][0x86]N[0x1a][0xbd]p[0x10][0xc2]&gt;8[0xa4][0x1b]1A[0xba][0x9][0x93][0xe8][0x99]![0x2][0xc3][0x86]9[0xd1][0xdc][0x10][0x98]Ts[0x4][0xa5]Cp[0xb5]y[0xe5][0x1]([0xf][0xf8]k[0xe][0xc2]][0x88]r[0x1b][0xa1][0xf4][0xa3]L[0xba][0x1d][0x15][0xd2][0x1d][0xb4][0xd2][0x85]n[0x1b]e[0x19][0xa1][0x10][0x7]f[0x4][0xe][0xa3]2[0xe0][0xf5]dP[0xb2][0x7][0x15][0x1][0xaf]j&gt;x[0xfc][0xde][0xd2][0xc0][0x0][0xca]F[0xf0][0xca][0x88][0x1f][0xd2][0x1]L[0x96][0x6]P%[0xdd]K[0xd4][0xf5][0x88][0xda]X[0x1a][0xfd][0x4][0x16][0x1b]aw[0x9]K[0xa5][0x87]h[0xdc][0x80][0xf3]l[0xb6][0x95][0xc4]$[0xd8]|5[0x19]Lh[0xaa]=[0x8c]I[0xb5][0xde][0xf2][0xc]&amp;[0xee]E[0x89][0xdf][0xeb][\r][0xd4][0xe][0xa0][0xa2]&amp;[0x90][0xc1][0xa4][0x11][0x94][0xc9]p[0x12][0xca]cpJ[0x8f][0xc3]+=[0x81][0xa9][0xd2][0x93][0x98])=E[0xab][0xb1]a[0xd4]&amp;[0x1b]u.[0xa1]V[\n]&quot;
2013-02-06 13:51:57,166 AAD-WS DEBUG wire:63 - &gt;&gt; &quot;T[0xd5]D[0x9d][0xbc][0x7]%[0x2]m[\n]&quot;
2013-02-06 13:51:57,167 AAD-WS DEBUG wire:63 - &gt;&gt; &quot;[0x99][0xef][0xf7][0x1e][0x15][0xa8]=[0x0]m[0x0]S[0xb][0xb1][0x9f]&amp;[0xec]g[0x8][0xfb]Y[0xc2]~[0xe]s[0xa4][0x17]h[0xb5][0x7]q[0xb][0x9b][0x1d]Mv([0xc4][0xbb]/[0xe0][0x9d][0x96][0xc1][0xf4]C[0xa8]j[0xa2]]f[0x84][0x1c]C[0x98][0xd9]6[0x4]_[0x9b][0xe6] [0xad][0x8f][0xae][0x19][0xc0][0xac][0x90][0x93]V[0x8e][0x9][0xb9]4[0xd7][0x11]L[0xf4][0xce][0x1e][0xc4][0x9c][0x1a][0xcd][0x99][0xc1][0xdc]~[0x84]5[0xd7][0x83][0x98][0xb7][0x7][0xd3][0xbc][0xd5]D[0xd5]\[0x87]0O[0xac][0xcc][0xaf][0xd1]\[0xe6][0xfa][0x1c][0xaf][0x9f][0xe8]C[0x98]G[0xe1]P[0x13][0x92]5Y[0xd0][0xe7][0xd3]d1[0xc9]&amp;SU[0xc8][0xe9][0xf7][0xd6][0xd2]fe[0xfd][0x98][0x18]r[0xf9][0xbd]A[0xeb][0xd9][0x19][0x92][0xf7][0xd3][0xc9][0x94]c;v `[0xce][0xbb][0xb1][0xc0][0x9c][0xf7]b[0xa1]mj;[0x19][0xb][0xe9]Ex[0xa4][0x97]P.[0xbd][0x8c][0xd9][0xd2]+[0xf0]K[0xaf]&quot;([0xbd][0x86][0xe3][0xa4][0xd7][0xb1]Tz[0x3]a[0xe9]M[0xac][0x92][0xde]B[0xab][0xf4]6[0xce][0x96][0xde]A[0x87][0xf4].[0xce][0x93][0xde]CRz[0x1f][[0xa4][0xf][0xb0][0x9d]s[0xec][0xe0][0xe]\[0xc6][0x9d][0xd8][0xcd]][0xb8][0x8e][0xcb][0xb8][0x81]{h[0x87][0x4]z[0xed][0xa3][0xd8]N[0xee][0xf2][0xd0]|[0xb2][0xe6]:[0x8c]i[0x9a]|[0x4][0xea][0x10][0x16][0x91]Y[0x8b][0x85]Y[0xde]c[0x85]a[0xc7][0xad][0xab][0x9][0xd4]j[0x8a][0xe6][0xd0][0xe4]A[0x1c][0x1f]rk[0xee]#p[0xf5][0xc3]][0xa3][0xb9]38A[0x18]DA[0xcc][0xcc]l9i[0xd8][0x80][0xb9]p[0x3]|*[0x9c]|[0x1a]&lt;|:*[0xf8][0xc]T[0xf1]Y[0xa8][0xe1][0xd5]8[0x96][0x7][0xb0][0x84]/[0xc0]2[0xbe][0x88][0xb8][0xcf]G[0xd2]Vf&apos;J(hI[0x19][0x16]R5w[0xcd] &gt;[0x11]R[0x5]&lt;[0xa5][0xcc][0x92][0xb6]@[0xa5][0xa3][0xd2][0xa9][0xb9][0xc8][0xc9][0x8a][0xa6]Vz[0xb4][0x92][0x1][0x84]B[0xa5]Z[0xa9][0xa9][0x8b][0xa7]F+[0xad][0xca][0xa0][0xce][0xe4][0xde]O[0xb9][0xc6]M[0xa8][0x13][0xc9][0xab][0xb9]J[0xcd][0x12][0xa1][0xc1][0x97][0x83][0xf3]z[0x94][0xf0]0[0xca][0xf9]J[0xf8]y[0x13][0x16][0xf3]SI[0xa1][0x16]Rh-q[0xa6][0x86][0x83][0xc9]Ia*[0xbc]s[0x95][0xf7]$:[0xef][0xd1][0x11][0xb5][0x94][0x1c][0xb5][0xcc]{r[0x6][0x9f][0xac][0xa5]_[0x6][0x9f]2[0xa3][0xc2][0xa2].&apos;[0x8a][0xe6][0xc8][0xe0][0x14][0x8b][0xcc]BN[0x16]r[0x8d][0x4]`[0xc8])[0x82][0xa5]^x[0xf9]0[0xaa][0x86][0x10]n#[0xd0][0x15][0x9a]s[0x0][0x9f][0x16][0x11]yX[0xb8][0x97]|[0xbf][0xb2][0x1f][0x93]C[0xb2][0x8] [0xa5][0x1f]j[0xc8][0xed][0xf7][0xae][0xaa]5[0x93][0x9c]Snn[0xa5]o[0xd9][0x80]9[0xef][0xa0][0x0][0x12][0xf3].4[0xd8][0xa6][0xae][0xa2]r[0x2]~6[0xf9][0xff][0x1c]L[0xe0][0xe7][0xa2][0x92]w[0x90][0xef];[0xb1][0x9c][0x1b][0x8][0xf3].[0xac][0xe4][0xeb][0xd1][0xca][0xcf][0xc3][0x99]&lt;[0x86]sy[0xf][0x12]&lt;[0x8e]4O`+OR[0xe0][0xf4][0xe1][0x12][0xbe][0x19][0xbb][0xf8][0x16]\[0xc9][0xb7][0x11]&quot;}4[0xd8]g[0xb4][0xd4]t.P[0xe5]?[0x0][0x7][0xa9][0xfc][0x19]?=8)s[0xa7][0xef][0x81][0xec][0xe8][0x87][0x83][0xe7]UF[0xb3][0x6][0xf1][0x8b][0xa1][0xf0][0x1d][0x98][0xce]w[0x12]u#6[0xd9]P&gt;[0x9a]E[0xd8]([0x2]*[0x83][0xd5][0xf7][0xe4][0x97]&quot;~)[0x8d][0x9b][0xb1][0xc5][0xe6]~[0x86]6v[0xd1]|EM[0xa3][0xd8]q/v[0xb1][0xc6][0xac][0xaf][0x1b][0xc9][0xd7]Dt[[0xde]n[0x12]x[0xb5]B5[0xb]7Dj5k[0x8e]{[0xd1][0xc4]pH[0xa4][0xe5] [0xd6]P[0x9c]k47[0xaf][0xeb][0xc7][0xf1]6[\n]&quot;
2013-02-06 13:51:57,167 AAD-WS DEBUG wire:63 - &gt;&gt; &quot;Q[0x9][0xc6]{j[0xf6]$[0x9b][0xd7][0xe5]-[0x88][0xe3][0xca].[0x8][0xb0][0xd3][0x18][0xf6]~pg`D[0xe9][0x13]PJJ_[\r][0x89]_[0x3]7[0xbf][0x96][0x2][0xec]:[0xcc][0xe2]{([0xc0][0xae][0xc7][0x9]|[0x1f]y[0xfe]&amp;[0xf2][0xfa][0xcd]8[0x95][0xdf][0x82][\r][0xfc]V[0xec][0xe4]7[0xe0]r~;[0x99][0xb5][0x15][0xdb]l#[0x3][0xe4].[0xe1]][0x95][0x82][0xbf][0xa5][0xd1][0x1f][0xe0][0x19][0xb4][0x16]:[0xf3].:[0xd3][0xbb][0x9][0xfd][0x1e]S[0xf2][0x2][[0xb2][0xd6][0xbe][0x1c]Jk[0x2][0x83]8[0xbd][0xc9]_[L4[0x3][0x17][0x1f][0x80][0xca][0x7]M[0xd1][0xec][0xbd][0xb2][0x90][0xd6][0xa8][0xb0][0xa2][0x9c][0xd2]|[0x10]kC[0xe][0xbf][0xe6](&amp;}?[0x9d][0xe2][0x3][0x14]L[0x87]H[0xfa][0xc2][0xf][0x95]v[0x14][0x91]~[0x98][0xa4][0x1f]![0xe9]GI[0xfa]s[0xe6][0x85][0xbb][0x1d][0x3]4O[0xa5][0xd5]%[0x8]#[0x3][0xf1]?[0x82]0[0x9d][0xb3][0xf8];[0xff][0x9f][0xf0][0x7]h[0xff][0x3]PK[0x7][0x8][0xc2][0xd5][0xe4]Nh[0xb][0x0][0x0]a[0x18][0x0][0x0]PK[0x3][0x4][0x14][0x0][0x8][0x0][0x8][0x0][0xd4]|D5[0x0][0x0][0x0][0x0][0x0][0x0][0x0][0x0][0x0][0x0][0x0][0x0]%[0x0][0x0][0x0]javax/help/HelpSet$Presentation.class[0x85]W[p[0x1b][0xd5][0x19][0xfe][0xd6]{[0xa4][0x95]V[0x1b][0xcb]V[0xa2][0xd0]5N[0xe3]$J&quot;[0xcb][0xc1]*[0x84][0x92][0xb0][0xe]$[0xc1][0x17]&quot;p.[0x8d][0x83][0xc1][0xe6][0xd6][0xb5][0xbc]v6[0x95]W[0xae]v[0x85][0x1d]z%[0xd0]B[0xb][0xb4]@[0xcb]--[0x97]@[0xc1]M[0xb9]%[0x10][0xd9]ILB[0xe8]L&apos;3}[0xea];3[0xc]3[0xd0][0x86][0xa6][0xed]L[0x1f][0xfa][0xd0][0x87]N[0xdb][0xff][0xec][0xca][0xb6].K[0xfb][0xf2][0x9f][0xcb]9[0xdf];g[0xf7][0xf7][0xff]&gt;{[0x1e]@&apos;~+#[0x8e][0xe1]0[0xae][0xc1][0x9d][0x9c][0xdc][0xc5][0xc9][0xdd][0x9c][0xdc][0xc3][0xc9][0xbd][0x9c]|[0x9d][0x13][0x9d][0x93][0x11]N[0xb2][0x12]FeD0,[0xc3][0xc0][0x18][0x9f][0x8d]Gp[0x10][0xa6][0x84]oH[0x98][0x8][0xd3][0xa6][0x15]B[0x9e]3&apos;%|3[0x8c]&amp;[0x14]d4[0xc3][0x96][0xe1][0xa0][0xc8]g[0xf7][0xc9][0x98][0xc2][0xb4][0x84][0xc3][0x9c]w[0x8][0xdf][0x92][0xf1]m|[0x87][0x93][0xef]J[0xf8][0x9e][0x8c][0x9d][0xf8]&gt;[0xd7]~ [0x82]#xP[0xc2]C2[0x12][0xf8]A[0x8]?[0x8c][0xe0]J&lt;,[0xe1][0x11]~[0xe4][0x8f]$[0xfc]X[0xc2][0xa3]2:0[0x1c][0xc2]c||[0x9c][0x93][0x9f][0xc8]H[0xe1][0xa7][0x1c][0xcf][0x13][0x12][0x9e][0x14][0xc0],}[0xc2][0x10][0x10][0xeb]?[0xa4][0xdf][0xa7][0xa7]s[0xba]5[0x9e][0x1e]p[\n]&quot;
2013-02-06 13:51:57,168 AAD-WS DEBUG wire:63 - &gt;&gt; &quot;[0xa6]5[0xde]%@[0x19]5[0xed][0xc9][0x9c]~x[0xd0]4[0xa6]l[0x1][0xc2][0xb0][0x80][0xe6][0x8a][0xad][0xcc][0x84]&gt;n[0xd0]&gt;[0xb3][0xcd][0xfb][0xc9][0xc4][\n]&quot;
2013-02-06 13:51:57,170 AAD-WS DEBUG wire:63 - &gt;&gt; &quot;[0xcf][0x84]&gt;[0xe5][0xa4]{[0xcc][0x9][0xc3][0xb2][0xcd][0xbc]EFB[0xb9]|Vwh.[0xa0]iIb_[0xde][0xb4][0x1c][0xe2][0x6][0x1c][0xd3][0xc9][0x91][0xb2][0xe4][0xe4][0xf3][0xb9][0x11][0xbd]  r[0xd0][0xc8]M[0xee][0xcc]r[\r]{[0x11]W[0xd1]1s[0xe9]A#[0xeb][0xe4][0xb][0xa4]$[0x99][0xfc][0xe4]L[0x8f][0x84][0x9f][0x9]h[0xc8][0xf4][0x10][0xd2][0x8c]e[0x19][0x85][0xee][0x9c]n[0xdb][0x1c][0xd1]rWk:[0xcd]M[0xa5]w[0xeb][0x93][0x89]L[0xf][0xa9][0x5][0xb7][0x99][0x96][0xe9][0xdc]([0xc0]N[0xd6]{;&lt;[0xec][0x7][0xbf][0x16]p[0xbd][0x9e][0xcf]I[0xc3][0xf5][0x98][0xdb][0x7])L[0xdd][0xf9]Q[0xf2]4[0xda]oZ[0xc6][0x9e][0xe2][0xc4][0x88]Q8[0xa0][0x8f][0xb8][0xbe][0x8f][0x1b][0xce][0x1e]7[0xb]+[0x92][0xed]~y[0x8][0x91][0xc0][0x1]/N2M3[0x9e][0xf7][0x2][0xe2]e[0xf1]ZG[0xa3][0xa6][0xcd][0xf3][0xd3][0xe3][0xa5][0xca][0x18][0x15] &amp;[0xdb])yqo[0xdf][0xcb][[0x5][0x97][0x3][0x18]ps[0xb8]r[0x1]@m[0x16]#$[0xd2][0xbf][0x98][0xc8]X[0xa5][0xd8]B*[0xc3][0xa6]}`![0x89][0x8d]$[0xbe][0xab]2[0x8f][0xdb][0x93][0x95]H9k[0xc0][0xa8][\n]&quot;
2013-02-06 13:51:57,170 AAD-WS DEBUG wire:63 - &gt;&gt; &quot;[0xe7][0xde][0x91]C[0x14][0xaa][0xae][0xf6][0x8a][0xd8][0xf5]Z[0xc5][0x9][0xa3][0xe0][0x1e]I[0xe6][0xe5][0x81]|[0xb1][0x90]5[0xfa]L[0x1e][0x6][0xa5]l[0xa1][0x93]K+[0xe8][0xc5][0xcf][0x15]l[0xc6][0xb5][\n]&quot;
2013-02-06 13:51:57,170 AAD-WS DEBUG wire:63 - &gt;&gt; &quot;[0xbe][0x8a][0xeb][0x14]l[0xe1]d+[0xae]W[0xa0][0xa1]K[0xc1]6[0xce][0xd8][0x81][0x1e][0x5]7p[0xc6][0x8d][0xd8]N[0xa5]X[0x9b]&quot;[0x9]O+x[0x6][0xcf]*x[0xe][0xcf]K8[0xaa][0xe0][0x17][0xf8][0xa5][0x84][0x17][0x4]$[0xea][0x81][0xf7][0xe9]\[0xe5]pb[0xc9]E[0xc2]W[0xb9][0x88].9[0xe6][0x16][0xa5][0x82][0x17][0xf1]R[0xf9][0xd4]N[0xbe][0xdd][0xe9][0xf9][0xab][0xe0]e[0x1c][@S[0x11][0x7][0x5][0xaf]p[0xd0][0xaf][0xe2][0x98][0x84]_)x[\r][0xc7][0x14][0xbc][0x8e][0x19][0x9][0xbf]Vp[0x1c][0xbf][0xa1]T[0xd6][0x80][0xf2][0xe]V[0xf0][0x6][0xde][0xa4][0xa6]r[0xfb]C[0xc2][[\n]&quot;
2013-02-06 13:51:57,171 AAD-WS DEBUG wire:63 - &gt;&gt; &quot;[0xde][0xc6];[\n]&quot;
2013-02-06 13:51:57,171 AAD-WS DEBUG wire:63 - &gt;&gt; &quot;N[0xe0]d[0xd5][0x19]^a)x[0x17][0xef])8[0x85][0x92][0x84]Y[0x5]s8[0xbd]h[0xd6][0x9e]&quot;~[0xda][0xab][0xb3],7[0xdb][0x8b]3T[0xc0][0xa6];?[0x8b]y[0xea][0xb0]%k[0xbd][0xd3]Yc[0xd2];[0xfd]}[0xbc]#[0xa0]e[0x89][0xb5][0xbf]h9TD[0x8b][0x12]T`[0xb5](n*[0x8e][0x8d][0x19]T1[0xad][0xdd][0xf9]bn[0xb4][0xcd][0xca];m[0xd9][0x82][0xa1];F[0xdb][0x92][m[\n]&quot;
2013-02-06 13:51:57,171 AAD-WS DEBUG wire:63 - &gt;&gt; &quot;[0xce][0xe1][0xbc][0x82][0xf]p[0xb][0x87]rA[0xc1][0x87][0xd8]+`u}b[0x12][0xfb][\n]&quot;
2013-02-06 13:51:57,172 AAD-WS DEBUG wire:63 - &gt;&gt; &quot;[0x86]mXN[0xb9]N[0x95][0xea]es][0xb3][0xb8][0x9d]A[0xbd][0x19][0xab]7E[0x5][0xed][0xd6][0xbc]&gt;[0xca][0xe1][0xa9]U[0x9d][0xe9][0xe6][0xd4]c[0xf1][0xf6]4r[0x6]u[0x8a]cW[0x88][0xf9][0x14]p[0xdc][0x97]A[0xad]e[0x19][0xd3]N[0xaf]g[0xa2][0xf6][\n]&quot;
2013-02-06 13:51:57,172 AAD-WS DEBUG wire:63 - &gt;&gt; &quot;(w[0x5][0x19][0xfe][0xc2]&quot;[0xa4][0x98]f9[0x1c][0xb7]L[0x13]\+[0xe1]i[0x91][0xbf][0xb5][0x90][0xf9]%[0xe8][0x9][0xb]X[0xef]s[0x9][0xd6][0xf9][0xc8][0xdb][0xda]U[0xf0][0xee]&apos;i,_[0xf0]fq[0xdf]`[0x90]t[0x8e]&amp;[0xee][0x8e]w[0x9]tS[0xf7];[0x85]&quot;G*`s[0xf2][0xce][0xba][0x3]*[0x8f],[0x18]c9[0x2][0x9e][0xae]P&quot;[0x0][0xab][0xfe][0xa7][0x80][0x1b][0xbf][0xa9][0xc][0xad]u+K[0xc0]6V[0x9d]Q}[0xab]T[0x87][0x94][0xe9][0x8e]C[0xea][0xf1][0x8a][0x84][0xed][0xd2][0xed][0x83][0xe][0xbf][0x94][0xbb][0x16]*[0xbc]z[0x9b][0xe][0xa3][0x16]pt[0xd3][0xb2]o5[0xe][0xf3][0xb][0xd8][0xe7],[0xba]h[0xc5]q^?[0x1b][0xfc][0xb8]~H[0x82]^[0xc5][0xb][0xe8][0xf2][0xc9][0x89][0xdf][0xbd][0xe9][0xed]{[0xf1][0x9e][0x18][0xa1][0xf7]e[0x94]6[0x97][0xae][0xe9]%A.U[0xbd]CMBj[0xb7][0xed][0xef][0xef]+[0xe4]&apos;xC[0xac]K[0xfa][0x18]/[0xc3][0xb6][0xc]&apos;M[0xa2]d[0xa5]9Y[0xbd][0xc3][0x9b](4Yt[0x6][0xf5]\[0xd1][0xcd][0xc2][0x17]8R[0x1d][0xc]R[0x12][0xf5]Qz[0x81][0x82][0xfa][0xe4][0xa4]a[0xd1]d[0xd3][0xff][0xa9][0xca][0xca]K[0x83][0xb7][0x9e][0x93][0xf7]vjr[0xb1][0xa0]I[0x7]D[0xf][0xea][0xf6][0xee]|[0xc1](w[0x98][0x8d]5[0xf4][0x89][0x16][0xa7]O[0xbb]0[0x1a][0xf8][0x9b]A[0xb3][0x6][0xfe]l[0xb8][0xe3][0x96][0xf2]H[0x8f][0x87];[0xd2][0xfb][0xe1][0x8e][0xdb][0xca]r7[0x94][0xf9][0xf4][0x86][0xb8]#[0xbd]*4[0xca][0x10][0xe8]Z[0xea]#z3[0xad][0xa6]i_[0xa6]qkj[0xe]B[0xaa][0xa3][0x84][0x86]Tk[0x9]bjU[0x9],[0xa5][0xb2][0x12][0x2])5PB0[0xa5][0x6]K[0x90]R[0xaa]TB([0x15][0xf][0x95][0x10]N[0xa9][0xe1][0x12][0xe4][0x93][0xa4]+`[0x97][0xfb][0xf1][0x19][0x1][0xc4]O[0xc1][0xc4][0xcf][0x10][0x16][0xff][0x88]F[0xf1]OX.^[0x82]*~[0x8e][0xd5][0xe2][0x9f][0xb1]^[0xbc][0x8c][0xe][0xf1]/[0xb8]Z[0xfc]+[0xb6][0x88]#[0xad][0xc]n)[0xa3]XE[0xa3]@c u[\n]&quot;
2013-02-06 13:51:57,173 AAD-WS DEBUG wire:63 - &gt;&gt; &quot;[\r]&apos;[0x16]M[0x6][0xf9][0xa6][0xf8]w[0xa2][0xb7][0xfa][0x8a]J[0xb5][0xa2][0xff] [0xda][0x8f][0xdd]&gt;[0xa2][0xa1]Z[0xd1][0x12][0xdd][0x83][0xbd]&gt;[0xa2][0xe2][0x9b]5[0xa2][0xff]&quot;[0xba][0xcf]W[0x94][0xd5][0x88]2[0xbe][0xfa][0x1a][0xf6][0xfb][0x88][0x6]j[0x0]0Ft[0x0][0x7]|D[0x83][0xb5][0xa2]![0xa2][0xb7][0xf9][0x2][0x8][0xd7][0x2]P[0x88][0xe][0xe2]vOTx[0x1b][0x1][0xfa]B[0x87][0xd0]2[0x8f][0xc8][0xd0][0x1c][0x94]=[0x1d][0xb3]X[0xa6]1R[0x94]/&quot;t[0xd5],[0x1a]O[0xf0]9[0x8d]Zh[0x6][0x9f][0xab][0xa1]3[0x88][\n]&quot;
2013-02-06 13:51:57,173 AAD-WS DEBUG wire:63 - &gt;&gt; &quot;[0xb8][0x80]&amp;-[0xcc][0xce][0xa1]yH|[0x17][0xb1][0x8b][0x88][0xc6][0x96][0x9f][0xc6][0x8a][0xa1][0xf7][0x10][0x9b]A[0x90]v[0x6]4[0x99][0xb8][0xf1]!q[0xd3][0x80][0x16]Q[0xd9]E4[0xa9][0xe1]SXy[0x1a]Wh[0x81][0x19]DU[0xe6].g[0xf1]%-[0xa0][0x6]T[0xb2][0xae]jA5[0xa8]Ff[0xd1]r[0x1]Wj[0x12]g[0xb7][0xc6]V[0xcd][0xe2][0xcb][0xcf]#[0xb3][0xb8]X}[0x1]m[0x9a][0xa2]*[0x1d][0xa7][0xb1]F[&amp;h[0x8d][0x84]u[0xad][0x16]U[0xa3][0xea][0xb2]3XG[0xd5][0xdd]4[0x8f][0xc4][0x90][0xda]4[0x87][0xf5]Z[0xa3]*[0xc5]6[0xa8][0x8d]g[0xb0]Q[0xc4][0xc][0x2][0xda][0xb2][0xab]Ti[0x16][0xed][0xb7][0xcf] [0xa1][0xc9][0xf3]H[\r][0xcd][0xa3][0x83][0xfc][0xdd][0x14]#[0x17];[0xcb]h:g[0x91][0x9e][0xc3]W&gt;[0xe0]N^-[0xe0][0xe8]V[0xb8][0xfe]S[0xfd][0x1f][0xc7]G[0xf8][0x18]I[0xea][0xb4]K[0xb8]L[0xa3][0x17][0xcf][0x2]Z)[0x9e]+[0x11]bW[0xa0][0x91][0xb5]&quot;[0xce]V[0xa3][0x85][0xad][0xc1]:[0xb6][0x16][0x1b][0xd8]:\[0xc3]6b[0x1f]Kb[0x98][0xb5][0xe3]^[0x96]B[0x8e]m[0xc2]4[0xeb][0xc4][0x3],[0x8d][0xc7][0xd9]f[0x1c]e[0xd7][0xe2]8[0xbb][0xe]&apos;[0xd9][0x16][0x9c]b[q[0x96]][0x8f][0xdf]1[\r]`][0xf8][0x88]m[0xc3]&apos;l;.[0xb1][0x1d][0xb8][0xcc]v[\n]&quot;
2013-02-06 13:51:57,174 AAD-WS DEBUG wire:77 - &gt;&gt; &quot;[0x11][0xb6]V[0x88][0xb3]&gt;[0xc2]r[0x87][0xdb][0xa9]C[0xe8][0xa6][0xb1][0x5]&quot;[0xfd]=[0x1d][0xc1]MP[0xe9][0xd7][0xea][0x10]r[0xe0]?l[0x6][0x9e]B[0xf8][0xbf]PK[0x7][0x8][0xba][0xfb]Z|[0xf3][0x6][0x0][0x0][0xf1][\r][0x0][0x0]PK[0x3][0x4][0x14][0x0][0x8][0x0][0x8][0x0][0xd4]|D5[0x0][0x0][0x0][0x0][0x0][0x0][0x0][0x0][0x0][0x0][0x0][0x0]&amp;[0x0][0x0][0x0]javax/help/HelpSet$HelpSetParser.class[0x9d]:[0x9]x[0x14]E[0xd6][0xef][0xcd]tUw&amp;[0x1d]B&amp;[0x4][0x18]P[0x8][0x18][0x10]&amp;[0x17][0x8]&quot;[0x84]C[0x10][0x82]DI[0x82][0x10]@&quot;.L[0x92]&amp;[0x19][0x99]d[0xc6][0x99][0x9][0xa7][0xcb]z[0xe0][0xb5][0x9e][0xeb][0x9]x[0xe3]j[0xbc]X[0x5]I[0x2][0xa2][0x88][0xa0][0xc1][0x83][0xf5]XuEQ[0x17][0xc5]{q[0xef][0xd5][0xf5][0xf8][0xd7][0xff][0xbd][0xee][0x9e][0x99]d2a[0xd9][0xfd][0xf2][0xf5][0xab][0xaa]W[0xf5][0xee]W[0xaf][0xaa][0xe6][0xcb][0xcb][0xff]~j7[0x0][0x14][0xe1][0x17].[0xb8][0x1f]&gt;M[0x83][0xcd][0xf0][0x19][0x83][0xcf][0x19]|[0xc1][0xe0]K[0x15][0xbe]r[0x81][0xb4][0xe6][0xfe][0xe8][0x82][0xa3][0xf0]5[0xf7][0xfe][0xc4][0xe0][0xcf][0xc][0xfe][0xc2][0xe0][0xaf]*[0xfc][0xcd][0x5][0xbd][0xe0][0xef][0xc][0xfe][0xc1][0xe0][0x9f]*|[0xe3][0x2]7|[0xaa][0xc1][0xb7][0xdc][0xfe][0xcb][0x5][0xdf][0xc1][0xf7]i[0xf0][0x3][0xfc][0xc8][0xc3][0xff]cN[0xff][0xe6][0xe1]O.[0x4]D[\r][0x1d][0xdc]:][0xa8][0xa0][0xd0]P[0x12]ST5[0xd4][0xb8]M[0xd3][0xd0][0xe5][0xc2]t[0xd4]5[0xcc][0xd0][0xb0][0x97][0x86][0x99][0x1a][0xf6][0xd6]0[0xcb][0x85]n[0xcc][0xd6][0xb0][0x8f][0x86]9[0x1a][0xf6][0xd5][0xb0][0x1f][0xb1][0xc3][0xfe].[0xa2][0xf0][0xb8]p[0x0]f[0x93][0x8][0x1c][0xa8][0xe1][0x9][0x1a][0x9e][0xc8]K[0x7]i8X[0xc3]\[0x9e][0x1f][0xc2]`([0x99][0x85]&apos;i[0x98][0xc7][0xed]0[0x15][0x87][0xbb]`2|[0xaf][0xe1][0xc9][0x1a][0x8e][0xe0][0xf9][0x91][0xc][0xbc][0x1a][0xe6]kX[0xa0]a!3/J[0xc7]b[0x1c][0xa5][0xe1]h[\r]Oa[0xcd][0xc6]h8V[0xc3]S5[0x1c][0xc7][0xa3][0xd3]T[0x1c][0xef][0x82]J2[0x19]&apos;P[0x8b]%[0x8c][0x9c][0xc8]`[0x12][0x83][0xc9][0xc][0xa6]0[0x87][0xd3][0xb9]7[0x95][0xc1]4[0x6]g0[0x98][0xce]`[0x6][0xcf][0x96]j[0xb0][[0xc5][0x99].X[0x82]g2[0x98]E[0x80][0xdd][0xb8]G&quot;
2013-02-06 13:51:57,174 AAD-WS DEBUG wire:63 - &gt;&gt; &quot;[0xc5]2[0x17][0xd4]1[0xb2][0xe][0xcf]&quot;[0xc0][0xc8]}*[0x9e][0xed][0x2]?[0xcb][0x9c][0xcd][0x1c][0xca]U[0xac]pA#[0x9e]CH[0x9c][0xab][0xe1]&lt;[0xe6]X[0xa5][0xe1]|[\r][0x17]h[0xb8]0[0x8d]\r[0xae][0x86][0x8b][0xd8]5[0xd5][0x1a][0x9e][0xa7][0xe1]b[\r][0xcf]g[0xec][0xcf]4\[0xc2][0xd8][0xa5].[0xf4]a[\r]cj[0x19][0xd4]Q[0xd8][0xd0]`[0xb0][0x8c]9[0xd5]s[0xaf][0x81][0x81][0x9f][0xc1][0x5][0x8c][[0xae]a@[0xc3]F[0xf6]V[0x93][0x86]A[\r]C&lt;u![0xbb]&lt;[0xcc][0xc8][0x8][0xfb]7[0xca][0xa0][0x99][0x97][0xaf]`[0xb0][0x92]|[0x8d][0xab][0x18][0xb7][0x9a][0x97][0xac][0xe1][0xde]Z[0xf6][0xff][0xd7][0x9c][0x0][0x17][0xf1][0x92][0x9f]so[0x1d][0x83]_hx[0xb1][0x86][0x97]hx)[0x85][0x95]2[0x87]P[0x97][0xa9][0xb8]^[0xc5]+T[0xbc][0x12]A[0x8b][0xfa][0xea][0xe7]E}[0xb5][0xcb][0x11][0xb2]f_[0xe0][[0xe1]+n[0x8e][0xfa][0x3][0xc5]&amp;j&quot;BF[0x9d][0xb1][0xcc][0xd7][0x1c][0x88][0xce][0xe][0xd6][0xfa][0x2][0x6][0x82][0xbb][0xd3][0x1a][0xb]G[0x8b]\[0x1]_$[0xbe]Bi\=k[0x1e]B[0x1f]s[0xe1][0xaa][0xe2][0x6]#[0x10]*[0x9e]E`[0x9e][0x11][0xe5][0xa5]&lt;[0x1b][[0xaa].[0xf3][0xd5]F[0x83][0xe1][0xd5][0x8][0x3]S[0xac][0x9e]iM[0x12][0x91]J:V[0xf8][0x1a][0x13][0xe2][0x3][0xbe][0xa6]zR1[0xec]o[0xaa][0xa7][0xe9][0xb4][0x15]~c[0xe5]l_[0x8d][0x11] s[0xb8]_[0xb5]:Dk][0xdc]-m[0xaa][0xf7]7[0x19][0x96][0x99]e[0x8d][0xbe]z[0xea]f[0xb2][0x90]i[0xb5]Q[0xb0][0xc9][0xc6][0x98]D3|Q[0x1f][0xd9][0xcb][0xdd]r#\oXLdC[0xd4][0x9a][0xc8][0xe9]d[0xf8],_[0xa4]![0xea][0xab]1m[0xcf][0xb6][0x1d]4&apos;lD[0x8c][0xa6][0xa8][0x8f][0xd9][0xd2]V[0xac]F[0xd0][0xeb][0xfc][0x91]P[0xc0][0xb7]z[0x1]q[0x8c][0x90]w;[\r]M[0xb9][0x84]S&quot;[0xfe]5F[0xcc]W[0xc5][0xbe][0x95][0xd1][0xe2][0x19][0xfe]F[0xa3])B&lt;[0x88][0xb5][0x16] ?Y[0xfc]z&apos;V[0xcc][0x9][0xfa][0x9b][0xd8][0x93]Y[0xa1]N[0x12][0xab][0xfc]Q[0xd3][0xa1][0xd1]`0P[0xe3][0xb]#[0xa4]&apos;[0x8c][0x8c]t[0x8d][0xda][0x2][0x83][0xdd][0xca][0xa1]H,!;&apos;[0xf9][0x9b][0xfc][0xd1])[0x8][0x83]F[0x1c]#[0x14]#[0x17][0x90][0xce][0xd3][0x83]u[0xec][0xc5][0xd9][0xe4][0xd7][0x8a][0xe6][0xc6][0x1a]#\[0xc5][0xae][0xa0]0[0x84]|[0xe1][0x88]Q[0xd6][0x14][\r]&quot;[0x9c]lq)[0xf6][0x7][0x8b][0xe7][0x1a][0xbe]:#&lt;1U:0;W[0xe9][0xaa]Z#d[0xea][0xa9][0xe2]UV[0xa0]f[0x6][0x9b][0x9b][0xea]L&amp;[0xb5][0xc1][0xc6][0xe2]HsS[0xb1][0xc9][0xcc][0xa4][0xf5]7[0x86][0x2][0xc5]sXR[0xb8]t[0x5][0x99]o2QC~[0x9b]F[0xaf][0xb][0xd6]F)r[0xf6]0[0xad][0xb6][0xc1][0xa8]]^[0xd1][0x1c][0x8]$t[0xea][0x9c]&lt;[0xdd]1[0xcc].-j[0xac][0x8a][0xda][0x1c]\F8[0x1c][0xc][0xc7][0xb8][0x93]&gt;[0x14][0x9f][0xd8][0x9c][0xf4][0xd5][0xd5]U[0xf9][0xea][0x11]F[0xf7][0xa8])MO[0xec][0xbe]eL!a[0xa3]1[0xb8][0xc2]0[0xe9][0x7][0x1f][0x93][0x9e]W[0xeb][0xec]\[0xd2][0xaf][0x94][0xb5][0xa1]lLa[0xb]/[0x9b]p\6[0xa6][0xa6]M_[0x19][0xe]6[0xd5][0x93]k[0xc9]@[0xb2][0xbb][0xb9][0xa9][0xc6]GKj[0x8d][0xba][0xd8]Tl[0xdb][0xc6][0x84]t[0xb6][0xe8]x0f[0xb8][0xe7][0x5][0x9b][0xc3][0xb5][0xc6]L?3[0xd2][0xed]D([0xe2][0xa5]:[0xec][0xc7][0xab]ux[\n]&quot;
2013-02-06 13:51:57,175 AAD-WS DEBUG wire:63 - &gt;&gt; &quot;v[0xe9][0xf0]4[0x83]g[0x18]l[0x81][0xdf]P[0xae]%[0xd5]%[0x1d][0x1e][0x80][0x7]U[0xfc][0xa5][0x8e][0xd7][0xe0][0xb5]:[0xb4][0xc0]C:&lt;[0xcc][0xe0][0x11]xT[0x87][0xc7][0xe0]![0x84][0x13][0x8f][0x99]9,[0xeb]:[0x1d][0xaf][0xc7][0x1b]t[0xbc][0x11][0xaf]F[0xe8][0x9b][0xec][0x91]3[0x9a][0x97]-3[0xc2][0x9c][\n]&quot;
2013-02-06 13:51:57,175 AAD-WS DEBUG wire:63 - &gt;&gt; &quot;v:[0xe6][0xea][0xf8]+[0xbc]I[0xc5][0x9b]u[0xbc][0x5]oU[0xf1]6[0x1d][0xc7][0xc2][0x13]:[0xde][0x8e][0x1b]t[0xdc][0x8][0x1f][0xe8][0xb8][0x9][0xef]P[0xf1]N[0x1d][0xef][0xc2][0xbb])[0x8d]W5[0x6]J[0x98][0x9f][0x8e][0xf7][0xe0][0xbd]*[0xde][0xa7][0xe3]f[0xbc][0x9f][0xf8]5rm[0xe1][0xc][0xd5][0xa1][0x1d][0x9e]@[0x10]~[0xae][0x5]:[0xb4][0x9a][0x83][0x95][0xfe][0xba]h[0x83][0x8a][0xbf][0xd6][0xf1][0x1]|[0x90][0xab][0x8f][0xe1][0xaf]o[0xa0]h[0xe0]*[0xfa][0xa8]N[0xaa]v[0xb5][0xa1]m[0x18][\r]7[0x1b]*[0xb6][0xe8][0xf8][0x10]&gt;[0x9c](6+[0xac]b#[0x96][0xf9][0x2][0x11]#Qt[0x18][0xed][0xb7][0x8b][0x8e][0xca][0xde][0x88][0x18]Q[0x1d][0x1f]a[0xf][0xbf][0x7][0x87]T|T[0xc7][0xc7]p[0xb][0xcd][0xad]0[0xc2][0x11][0xb3] 8G[0x17][0x8d][0xd2][0xf1]7[0xac][0x85][0xf3][0x94][0xa2]Q[0xe4]&quot;[0x9b][0xac][0xa8][0xb9]iySpe[0xd3][0x2]k[0xa5][0xe][0xef][0xc3][:[0x1c][0x84]wu|[0x1c][0xc9][0x86][0x9c][0xd8]:3g[0xaa][0x82][0xa1][0xd9][0xc6][\n]&quot;
2013-02-06 13:51:57,176 AAD-WS DEBUG wire:63 - &gt;&gt; &quot;#[0xa0][0xe3]V[0xdc][0x86]0[0xb4][0x87][0xb0][0xcc]&amp;O[0x95][0x6][0x8c]F3[0xf5]D[0xd4][0xaa]fz[0xe7][\n]&quot;
2013-02-06 13:51:57,176 AAD-WS DEBUG wire:63 - &gt;&gt; &quot;[0xa7][0xc3][0x1f]X[0xce]G[0xf0]1[0xbb]%[0xd8]h[0x94][0xcd][0xe0][0xb3][0xc6][0x17]&quot;[0x8b]$5ac[0x99][0x8e]O[0xc2].[0x15][0xb7][0xeb][0xd8][0x8a]m4Yg[0x16]n[0x85]m[0xd7]a[0x7][0xec][0xa4]~[0x93]y[0x8a](Q[0xb3][0xb6][0x8b][0x0][0x9f][0x19]:lg[0xd7]g[0xa7]([0xef][0xe4][0xf][0xd3]ie3tl[0xc7][0x1d]:&lt;N[0x11][0x87][0xad][0xc][0xb6]1h[0xe3][0x4][0xd8][0x89]O[0xe9][0xb0][0x1b][0x9e][0xd5]a[0xf]&lt;[0xa7][0xc3]^[0x9e][0xd8][0xc7][0x8e]}[0x1e]^[0xd0]q[0x17]&gt;M[0xe5][0xb7]{y[0xe7][0xc]|F[0xc7][0xdd][0xf8][0xc]B[0xaf][0xae][0xb5]][0xc7]g[0x19][0xdb];[0xb9]d[0xdb][0x15][0xdb]Wk[0xb9][0xa3][0x83][0xb5][0xce][0xeb][0xb1]V[0xe7][0xcd][0xea]T[0xdd]][0x9d][0x7]zYS[0x93][0x11][0x9e]Ngv[0xc4][0x88][0xb0][0x1e]{t|[0x8e]s[0xc8][0x15]i[0xae][0x89][0xe7][0xc6]^[0xd3][0x85][0x1c][0x1c][0xfb][0xc4]$l[0xd8][0xa8][0xf7]G[0xa2]|^[0x9b][0x98][0x9a]pp[0xb9][0x11][0xae]eF:[0xee][0xc3][0xe7]IgF[0x9f]a[0xa2][0x8b]m[0xfc][0xb][0xd8]A[0x16]r[0xc][0xa8][0x90][0xc6][0xe9]][0x16][0xc2][0x8a]C[0xba]5[0xb0][0x9][0xf6][0xe3][0x8b][0xb6][0xc7]V[0x15]1[0xbb]&quot;[0xdb].[0x1d]_[0xc2][0x97]U|E[0xc7][0x3][0xf8][[0x1d]_[0xc5][0xe7]u|[0x8d][0xc1][0xeb][0xbc][0x3][0xdf]`[0xf0];|S[0xc7][0xb7][0xb8][0xf7]6[0x83][0xdf]3x[0x7]&gt;D[0x0][0xda][0x9]][0xd3][0x92][\n]&quot;
2013-02-06 13:51:57,176 AAD-WS DEBUG wire:63 - &gt;&gt; &quot;&lt;g.[0xcd][0xa5][0xc7][0x8b]}I.[0xed][0xdb][0xdc]\[0x1e][0x97][0xd0]v?[0xc8][0xe4][0xef][0x12][0x80]79[0xf3]v[0xe3]{:[0x1e][0xc2][0xf7]u[0xfc][0x0]?[0xd4][0xf1][0xf][0x4]`?g[0xfd]a[0xfc]H[0x87][0xc3]\[0x1]&gt;[0xc6]mLv[0xaf][0x8e]G[0xf0][0x13][0xee]}[0xca][0xe0]3J[0xae].[0xc2]c%[0xd6][0x9d][0xd8]Q[0x89]R[0xdb]u[0xa9]U9[0x99][0xcb][0xe7][0x8][0xb9][0xdd][0x83][0x9d]g[0xb7]VY[0xa3][0xeb]K[0xd2][0xb8]w[0xa2][0xae]U[0xd6]\@i[0x84]0[0xec][0x98][0x95]q6[0x5][0xc8]hb[0xd2][0xec][0xd8][0x1]^V[0x19]?[0xa2][0xa9][0x16][0x8c][0xe0]*[0xee][0xee][0xae][0x9][0x95]6[0xaa]k[0xb1]#[0xa2][0xcf][0x88][0x91][0xa9].[0x8a][0xd9][0xdd][0xae][0x5][0xcc]-[0x8b][0x8e][0xd1]d[0xe9][0xde][0xff]p[0xf6][0xc7]V[0x9a][0xc][0x84]y[0xf3][0xe0][0xf3]8[0x14]2[0xf8]`.Hu&lt;vCY5~b[0xcf]U[0xa9][0xd3]5[0x83][0x98][0x93]y[0xe6]a=[0x88]l;[0xc6]i[0x8d]0[0xa0][0xe7]Y[0xbe][0xdf][0x4]-[0xe9][0x9d][0x9c][0xd4][0xf5]:[0xeb][0xf2][0xd5][0xd6][0x1a][0x91]H[0xde][0xa8]QTu[0x15]_4J[0x15]n[0xf8]1$[0xce][0x9][0x7]C[0xb4][0x95][0xfc]F[0x84][0x88][0xf3][0x8e]g[0x1d][0xd5][0x0]2[0xa6]S[0x99][0xeb][0xd7]%\[0x9d][0xaf][0xb7][0xe9][0xb4][0xd0]&amp;[0xa4]m;[0xfc][0xb8][0xfc]Jd[0xfd][0x93][0x12]d&gt;[0xf1][0xf5][[0xa2]{[0x5][0xcc]l[0x98][0x19][0xe]6r[0xd5]?&amp;[0xd3][0xae][0xd9][0x93][0x95]XF[0xb7]L[0xa3][0x9e][0xf3]D[0x8b]]:{[0xb8][0x13][0x95]u[0xd9][0x3]1[0xcf]K[0xe3][0xc2]f: [0x93]h[0xac][0x1d]2qd5[0x9f][0xca][0x91]RN[0xa4][0xde][0xc9]j$[0xc2]s[\n]&quot;
2013-02-06 13:51:57,177 AAD-WS DEBUG wire:63 - &gt;&gt; &quot;[0x87]gd[0xaa][0xdb]rO[0x17]&gt;[\n]&quot;
2013-02-06 13:51:57,177 AAD-WS DEBUG wire:63 - &gt;&gt; &quot;[\r]ikT[0xd1][0xfd]X[0x18][0x8d]!v(m&apos;[0x92][0xa6][0x84][0xc]cyr&gt;[0xd8][0xda][0xf0][0x19][0x14])[0xb5]V{z[0xac][0xf6][0xb4][0xf3]C[0xe1] [0xeb]U[0xee][0xb][0xcd]5[0x96][0xc5][0xb7]@[0xcf][0x9a]%[0xa2][0xcc][0xca]9C[0xcd][0xe4][0xc2][0xf1])[0xdc][0x91][0xc2]A[0xa9][0xb4]L[0xb7][0xe5][0xf3][0xf3][0x6][0xe1][0x8e]cH[0xff]o[0xef][0xa6])u[0xfe][0xaf][0x96]%G&quot;[0xdb][0xd6][0xb5][0xeb][0x9b][0xed][0xca][0xe3][0xd4][0xb9][0xba][0xba]:[0xd5]{-[0xf9][0x85]v&lt;[0xa6]Uw[0x97][0x99][0xf5]lDY[0x99][0xf9][0xac][0xa1]s`[0x9e][0xf9]BL[0x8f]X[0xb5][0xd5][0xd2][0xd4][0xdb][0xe3]-?Ud[0xa9][0xba][0x9a][0xaf]E[0xd3][0xe4]y[0xcd]5[0xf1][0x82][0xad]se[0x98][0x1b]?[0x93][0xdd][0xa9][0xc2][0xea]&quot;[0xc1]g[0x1b][0xab][0xad]7[0xf0][0x84]c[0xa7]Gw3c[0x9]Cj[0xf4]7[0x8f]w[0xeb][0xbe][0x92][0xc7][0x1e][0xce][0x8b][0xeb][0x91][0xd5][0x89][0xc2][0xbc][0x96][0x90]\i-[0xa7][0xe3][0xea]?[0x94][0x9c][0x18]Af[0x12][0x8a][\n]&quot;
2013-02-06 13:51:57,177 AAD-WS DEBUG wire:63 - &gt;&gt; &quot;[\r][0x95].[0xb3];;[0xc8]G[\r]m[0x9f][0x11][0xdd][0x8][0xad])&amp;_[0xee][0x8f][0xf2][0x8b]?[0xe1][0x8e],[0xc2]X[0xd3][0x9]\[0x9a]y[0x6][0xf0][0x5][0x9e][0x82]C[0xd0]rKZ,[0x9d][0xa8][0xd8]L[0xfc][0x9f][0x13][0xdf][0xc]8[0xf1][0x9c][0x1b][0xc]F[0xed][0xba][0xdb]\[0x13][0xf0][0xd7][0x96][0xd5]Y[0xa3]y[0xab][0xe9][0xc4]k[0xe4]Q/[[0xde][0x8c][0xca][0xe9]U[0x8b][0xe6][0x94]Zd|[0xa3]1_[0x5][0xfe]F[0xb3][0xac][0x90].i[0x86]u[0xa3][0x9e]f[0x16][0xc7][0xb2][0x94][0xdb]V[0xb7]y[0xd9]? [0x1c][0xab][0x9e]%+[0x1b][0xab]8[0xb3]b[0x97][0xf1]Ps[0xa4]![0xa9][0x9c][0x1f][0xab]b8C[0xc1][0x10]q[0x9][0x1b][0xa1]`8ZN[0x8c][0xcc][0xdf]b[0xfa][0xa6][0x88]w5[0x8b][0x1b]|[0xcf][0xf7]T[0xa7][0xd1]Y[0xff][0xeb][0xab]8[0x15][0xb3][0xc5][0xff]#[0xb3][0xe3]b[0xf][0xb9][0xb0][0x19][0xee][0xa7][0xeb][0xea][0xaf][0xa1]?8[0xf8][0x99][0xb]@-[0xbd]p[0xcd][0xf6]a[0xbb][0xa5]w[0xae][0xd9]&gt;f[0x8f][0xe9][0x95]l[0xb6][0xf4]&gt;1[0xdb][0xad]v[0xbb][0xcd]n[0x9f][0xb4][0xdb][0xed]v[0xdb]j[0xb7]mv[0xdb]n[0xb7][0xf4]H2[z[0x84][0x9b][0xed][0xd3]v[0xfb][0x8c][0xdd][0xd2]3[0xc7]l[0xe9][0xa5]c[0xb6]{m[0xba]}[0xf6]&lt;=y[0xcc][0xb6][0xc3][0xc4]g[0xd1][0xb7][0x1f]^$k^[0xa2]^)[0xe1][0x1d][0xd4]z[0xbc][0xed][0x80]^g+8[0xbc]J+8[0x19]([0xde][0xfc]V[0x10][[0x81][0xef][0xe9]/[0x13][0x1c][0x0][0x12]@[0xf9][0xe][0x14][0xe5]([0xa4])_C/[0xe5]O[0x90][0xad]|[0xf][0xfd][0x95][0x1f][0xc8]A[0xaf][0xc0][0x1]b[0xc4],#[0xe0][0x4][0x85][0xda][0x89][0xde]] [0x17][0xb5][0x83][0xda][\n]&quot;
2013-02-06 13:51:57,178 AAD-WS DEBUG wire:63 - &gt;&gt; &quot;[0x9a][0xb7][0xa0][\r][0xd2]Z[0xc1][0xe5][0xf5]n[0x7]W+[0xa4]{[0xb]ZA[0xb7][0x91][0x19][0xbb][0xa0][0xd7][0xa2][0xfc]v[0xc8][0xac]([0xf4][0xb6]A[0xef][0xc2]6[0xc8]J[0x8][0x1d][0xe]i[0x0]B[0x81]t! [H[0x18](T[0xc8][0x15][0x1a][0x8c][0x10]i0Z[0xb8]`[0x9c]H[0x87][0x12][0xa1][0xc3]oi[0xad]B4[0xaf][0xd2][0xf7][0x1a][0xbc]nY[0xa7]/[0x5][0x1d]z[0x3]h[0x8f][0xed][0x2]7i[0x92][0xed][0xee][0xd3][0x6]9[0xf9]m[0xd0]w;[0xf4][0xa3]^[0x1b][0xf4][0xdf][0x1][0x1e],gL[0x89][0xe2]Q[0x8][&quot;[0x9c][0xe3][0xa4]s[0x9c][0xea][0x1c][0xa7]9[0xc7][0xa5]1j@[0x89][0xcb][0xe3][0xda][0xf][0xf4][0xa8][0x7][0xcd][0xe3]j[0x83][0x81]%[0xe9][0x1e]W[0x7]|[0xe1]q[0xb9]Oh[0x83][0x13]Kt[0x8f][0xbe][0x3][0x6][0x95]{i&lt;[0x98][0xc6][0xad][0x90][0xcb][0xdd]!fw([0x96]d[0xd0][0xe0]$^[0x97][0xe1][0xc9][0xe8][0x0][0x97]&apos;c[0x7][0xe4][0x8d][0xd3],[0xfc][0xb0]d|[0x9a][0x85][0x1f][0x9e][0x8c][0x97][0x16][0xfe][0xe4]d[0xbc]j[0xe1]G[0xc4][0xf1]nO[0x86]{d[0x1b]x7[0x92][0xcb])[0x84][0xe]k&gt;[0xbf][0xcb]|[0x81]=O[0xc1]vZ[0xf3][0x85]=[0xcd]+[0x5][0xfb][0xa9][0xb3][0x1d][0xd2][0xcb]=[0xc2]]d[0xe2][0xc3][0xec][0x93][0xe2][0x8d][0x14]=[0x8f][0xd2][0x6][0xa3]Z`i[0x1][0xc7][0xb4][\r]Fo[0x82][0xc1][0xdc][0xcd]0[0xbb]}[\n]&quot;
2013-02-06 13:51:57,178 AAD-WS DEBUG wire:63 - &gt;&gt; &quot;:[0xa0]7[0x8d][0xf4][0x82][0x1d]p[\n]&quot;
2013-02-06 13:51:57,179 AAD-WS DEBUG wire:63 - &gt;&gt; &quot;G[0xdb][0xc5]N+$acl[0xa7]u[0xc0]`[0x8f][0xee][0x1e][0xdb][0x6][0xa7]n[0x84][0x1c][0xea][0x8d]3{[0xe9]^[0xf7]i[0x1e][0xbd][0x1d][0xc6][0x13]{Rd[0xc2]V[0xe2][0xa1][0xb5]A[0x89]93[0xd1]#x[0xc6][0xc4]L[0xda][0x3][0x93]+H[0xf1])[0x1c]4[0x9d][0xd4];[0xdd]T[0xef][0xfc]$[0xf5][0xe4][0x93][0xc4][0x9a]5[0xdf]d[\n]&quot;
2013-02-06 13:51:57,179 AAD-WS DEBUG wire:63 - &gt;&gt; &quot;[0x99]j[0xf6][0xd2][0xbd][0x1e][0xc1]B[0xa6]%T[0x1f][0x98]P[0xbd][0xb7][0xd7]D[0xf3][0xb8][0x1d][0xce][0xb0][0xf5]h[0x91][0x17][0x90][0x8c][0xe9][0xa6][0x8c]Q[0xc9]2*[0x89][0xf3][0x8c][0xae][0x9c][0xe3]dc[0x88][0xac][0xd4]$[0xab][0xb4][0xc9][0xfa]p;sS[0x82][0xbc]wwr{[0x89][0xcb]fC[0xba][0x8]v[0xa6]&apos;}&apos;[0x9c][0xe9][0x84][0x16][0xf1][0x1]q[0x9d]er[0x9d][0x90][0xa4][0x8c][0xd8]K[0xdc][0xca]Ln[0xbd]b[0xdc]Z[0x12][0x8c]&lt;[0xe9][0xad]pV[0x8b][0xb8][0x8b][0xe8][0xcf]6[0x17][0xf5][0xa3][0xde]l[0xb3][0x97]A[0xbd]!&amp;[0xcf][0xc9][0xc9]&lt;[0x9b][0xe2]&lt;[0xfb][0xc7][0x9d][0x98][0xe0].*c[0xd6][0x8a]R[0xe2]Qn[0xf2]X[0x90][0xcc][0xc3][0x9b]B/[0x91][0xf3]_D@[0xf9][0x82][0x98][0x97][0x99][0xcc]_[0xb4][0x99][0xdf]g1[0xa7][0x85][0x15][0x1d]p[0x12]5g[0xed]&apos;[0xee][0xbb][0xa0][0x92]6[0xfb][0x1c]2[0x94]1[0xee]sx[0xba][\r][0xe6].[0xa4]6[0xb7][0xe7]e[0x83]y[0xda]^f:[0x9b][0xbe]y[0xf4]U[0xd1]7[0xdf][0x93]Np[0x1][0xaf]+[0xd8][0x9][0xb][0xd3][0xc0][0x8b][0xad]4I[0xa0][0x8a][0xc1]|[0x6][0x15][0xc][0x16]08[0x8b]An[0x8b]2&gt;[0x9e]z[0x9][0x8b][0x95][0x93][0xe2][0xe6]x[0xc8][0x9c][0xa9][0xa6]9[0x9b]ls&quot;qs:+[0xe0][0xa0][0xcf]I[0x9f]B[0xdf][0xb9][0xf4]-[0xa2][0xaf][0x9a]m[0xa2][0xef]&lt;[0xfa][0x16][0xef][0x84][0xf3]u[[0xa3][0xa4][0x2]N[0xb8]s[0x19],bPmiIK[0xce][0xe3][0xde][0xe2][0x16][0xe7][0xed])[0x14]t^[0x1a]S[0xd0][0xb9][0x8a][0x14][0xfc][0x99][0xa9]`[0xc8]Vp[\n]&quot;
2013-02-06 13:51:57,179 AAD-WS DEBUG wire:63 - &gt;&gt; &quot;[0xab][0xb0][0x1f]r[0xc8]wK[0x16][0xe5]h9i[0xed][0xb0][0x94]D[0xb4][0x10]=M0[0xa2][\r]|[0x89][0xd2]9s[0x93]s[0xac][0x1d]~g~[0x8a][0xc4]q[0xf6][0x8d][0xa5]%[0xf3]k[0x87][0x1a][0xe6][0xe5]D[0x12][[0xdb]M[0xec]&quot;Kl[0xdd][0xa2][0x1c][0x99][0xa3][0xb6][0x83]AFYbMD[0x1b],[0xb3][0xea][0xb6]%[0xd6][0xf1][0x8c]-[0xd6][0xb1]=[0x85]X[0xc7]=[0x9][0xb1]u$[0xb6][0x9e]y9~Ib[0x1b]L[0xb1][0xd3][0x93]R[0xd7][0x11]L[0xc5][0xa4]:[0xc1][0xc4]OL. [0x8f][0xb2][0xd3][0xcf]kqL%N[0xcb]MN[0xcd]6[0xa7][0x8a]x`[0x3][0x1d][0x8e]!v[0xe2][0x95]dp[0xf0]vA#[0x7]4[0xe0][0xa1]Toj[0x83] [0xa7][0xdf][0xd0][0xe]*[0x12][0x19][0xee]![0xdc]53[0x92][0xc2]5[0x94]A[0xa0][0x5][0x8f][0x90].[\r]I[0xba][0xe0][0xab][0xb1][0x98][0xe1][0xf3]${[0x86]){L[0x92][0x15][0xf8]p[0x8a]h[0xe3]-qJ[0xb6]?[0xd4]e[0xfb]&apos;[0x17]*[0xac]?FY[0xba][0x90][0xca][0x12][0xce]$[0x1e][0xe1][0xd4][0xd2][0xf3]SI[0xef][0x1b][0x97][0xce][0x15]&lt;bR[0xd6][0xf5] [0x1d][0xbe]$[0xe][0xe1][0xe4][0xc2][0xf6][0x96][0xb9]:[0xa1][0x12][0x9f]2{[0xe8][0x94][0x89][0xc6][0x8f][0xb4]m[0xac][0xe1]6hv[0xaf][0xf0]PuY[0xd9][0x2][0xf7][0x91][0xa8]U[0xa6][0xa8][0xdb]{[0x12][0xb5].[0x95]([\n]&quot;
2013-02-06 13:51:57,180 AAD-WS DEBUG wire:63 - &gt;&gt; &quot;Q[0xf3]I[0xd4]jK[0x94][0xcb][0xbd][0x86];[0xbd]X[0xe6][0x14]O[0xaf][0xe][0x98][0xb0][\r][0xd6][0xee][0x87]L[0xf7]E;[0xe0][0xe7][0x8b][0x9e][0x84][0xb5]- [0x9][0xd3][0x6][0xeb]J2-[0x95]~[0xe1][0xc9][0xf0][0xf4]&quot;[0x95][0xac][0xd1][0xc5]4[0xca][0xa4]Q[0xfc][0xee][0xe3][0xdc][0xc]_[0xd0][0xdd]&apos;[0x13]N[0x10][0xbd]a[0x90]pC[0x9e][0xc8][0x86]|[0xd1][0x7]N[0x13]90E[0xf4][0x85][\n]&quot;
2013-02-06 13:51:57,180 AAD-WS DEBUG wire:63 - &gt;&gt; &quot;[0xd1][0x1f][0xe6][0x9][0xf],[0x16][0x3][0xa0]F[0xc][0x84]Fq[0x2][0xac][0x12]&apos;[0xc2]Z1[0x8][0xd6][0x8b][0xc1]p[0xb5][0xc8][0x85][0x1b][0xc5]P[0xb8]Y[0x9c][0x4]w[0x8a]&lt;[0xb8]O[0xc][0x83][0x87][0xc4][0xc9][0xf0][0xa8][0x18][0x1][0xdb][0xc5]H[0xd8])[0xbc][0xb0]G[0x14][0xc0]&gt;Q[0x8][0x7]D[0x11][0xbc]![0x8a][0xe1][0xa0][0x18][\r][0x87][0xc4])[0xf0][0x89][0x18][0x3][0x17]c[0xe1]_b[0x1c][0xfc] NCE[0x8c][0xc7]l1[0x1][0xfb][0x8b][0x89]8PL[0xc2]&lt;1[0x19][0xc7][0x88])8^L[0xc3]I[0xe2][0xc][0x9c]&amp;J[0xf1]l1[0x13][0xe7][0x89]3q[0xb1]8[0x1b][0xc3][0xa2][0x1c]W[0x88][\n]&quot;
2013-02-06 13:51:57,180 AAD-WS DEBUG wire:63 - &gt;&gt; &quot;\&apos;*[0xf1]21[0x17][0xaf][0x12][0xf3][0xf0]W[0xa2][\n]&quot;
2013-02-06 13:51:57,181 AAD-WS DEBUG wire:63 - &gt;&gt; &quot;[0x1f][0x11][0xb]q[0x9b][0xa8][0xc6][0x9d]b1&gt;%[0x96][0xe0][0xf3]b)[0x1e][0x10]u[0xf8][0x8e]0[0xf0][0xb0][0xa8][0xc7][0xaf][0x84][0x1f][0xff]&amp;.[0xc0][0x1f]D[0xc0][0x91])[0x9a][0x1c][0xfd]D[0xc8]Q([0xc2][0x8e][0x12][0x11]u[0xcc][0x10]+[0x1c][0x15]b[0x95]c[0x81]X[0xed]X&quot;[0xd6]:[0xfc][0xe2]&quot;[0xc7][0x85]b[0x9d]c[0xad][0xb8][0xd8]q[0xb9]X[0xef][0xb8]U\[0xee][0xb8][\[0xe9]xH\[0xe5]xB\[0xe3][0xd8]![0xae]u&lt;+np[0xbc]!nr[0x1c][0x12][0xb7]8[0x8e][0x88][[0x1d]G[0xc5][0xed][0x8e]o[0xc4][0x6]&apos;[0x8a]MNM[0xdc][0xe9][0xcc][0x12]w;[0x8b][0xc5]f[0xe7]i[0xe2]~[0xe7]T[0xf1][0x80][0xb3]J[0xb4]8[0x97][0x88][0x87][0x9d]~[0xf1][0x98]3&quot;[0x1e]w[0xae][0x15]O8[0xd7][0x8b]m[0xce][0xeb][0xc5][0x93][0xce][0x8d][0xa2][0xd5][0xf9][0xb8]hw&gt;-v:;[0xc4][0xd3][0xce][0xd7][0xc5]n[0xe7]A[0xf1][0xac][0xf3]C[0xf1][0x9c][0xf3]S[0xb1][0xd7]yT[0xec]s~+^P[0x84]xQ[0xd1][0xc5]KJ[0xb6]xY[0x19]$[0xe]([0x5][0xe2]5e[0x8e]xG[0x99]/[0xe]*[0xd5][0xe2]]e[0x89]xO[0xa9][0x13][0x87][0x14][0xbf]x_i[0x12][0x1f](+[0xc4]a[0xe5]b[0xf1][0x91]r[0x8d]8[0xa2][0xdc]*&gt;S[0xee][0x11]_(-[0xe2]Ke[0x8b][0xf8][0xa3][0xf2][0xb1][0xf8]V[0xf9]\[0xfc]K9*[0xbe]S[0xfe]*[0xbe]W[0xbe][0x11]?(?[0x88][0x1f][0x5][0x88][0xff][0x13]B[0xfc][[0xb8][0xc4]O&quot;S[0x82][0xe8]&apos;[0x9d]b[0x88]TD[0x81][0x94]b[0x9c]L[0x13]Se[0xba][0x98]%uQ)3[0x84]Of[0x8a][0x80][0xcc][0x12]A[0xe9][0x16]a[0x99]-[0xd6][0xc8]&gt;[0xe2]2[0xd9]O\&apos;[0xfb][0x8b][\r]r[0x80][0xb8]G[0xe][0x14][[0xe4] [0xd1].s[0xc5][0xb3]r[0x88][0xe8][0x90]C[0xc5]A[0x99]&apos;[0x8e][0xc8][0xe1][0xe2]3y[0xb2][0xf8]R[0x8e][0x10][0x95]#[0xc5][0xf7][0xb2]@*[0xb2]Pf[0xca]b[0xd9]W[0x8e][0x92]yr[0x8c],[0x92][0xa7][0xca]q[0xf4]w[0xba][0x1c]/[0xcb][0xe4][0x4]Y%&apos;[0xca][0xf3][0xe4]$[0xb9]LN[0x96]Mr[0xaa]\%[0xcf][0x90][0x17][0xcb][0xe9][0xf2][\n]&quot;
2013-02-06 13:51:57,181 AAD-WS DEBUG wire:77 - &gt;&gt; &quot;9C^&apos;K[0xe5]mr[0xa6]|T[0x9e])[0xb7][0xc9]Yr7Q[0xec][0x93]g[0xcb]Wd[0x85]|[V[0xca][0xc3][0xf2][0x1c][0xf9][0x15]q[0xf8][0x87]\ [0x94][0xb]U![0x17][0xa9][0x99][0xb2]Z[0x1d] [0x17][0xab]yr[0x89]Z$k[0xd5])[0xb2]N=S[0xd6][0xab][0x95][0xb2]A] [0x97][0xab][\r][0xb2]Q[\r][0xcb][0xa0][0xba]F[0x86][0xd4][0xcb]dT[0xbd]N6[0xab][0x1b][0xe4]Ju[0xb3]\[0xa3]&gt;&amp;[0xd7][0xaa]O[0xcb][0x8b][0xd4][0x17][0xe4]:[0xf5]5[0xf9][0xb][0xf5]=y[0x89][0xfa][0xb1][0xbc]T[0xfd]R[0xae]W[0xff]$/W[0xbf][0x95]W[0xa8]?[0xca]+[0xb5][0xc]y[0xbd][0xd6]O[0xde][0xa0]&quot;
2013-02-06 13:51:57,182 AAD-WS DEBUG wire:63 - &gt;&gt; &quot;[0x9d],o[0xd4]F[0xc9][0x9b][0xb4][0x12]y[0xb3]V*o[0xd5][0xca][0xe5]mZ[0x95][0xdc][0xa0]-[0x92][0x1b][0xb5][0x1a][0xb9]I[.[0xef][0xd0][0x9a][0xe5][0x9d][0xda][\r][0xf2].[0xed].y[0x8f][0xf6][0xa8]|[0x90]v[0xea][0x1b][0xb1][0xd7][0x6][0x9c]B/[0x10]~K[0xf5][0x8d][0xd5]E[0xba]w_B[0xdf][0xa5];[0xe1]2[0x5][0x12]o[0x1a][0x17][0xaf][0x92][0xf]C[0x8e]|[0x84]0[0xbf]KMOt[0xeb][0xe9][0xbb][0x9c][0xbe]+v[0xc2][0x95][0xdd][0xe9][0xb7][0x10][0xfd]o[0xa8][0xf7]&amp;[0xbc][0xd5][0x89][0xde]I[0xad][0xbb][0xc0]}[0x95]}[0x9d]t_[0x9d]_[0xd0][0xe][0xbf]L[0xd0][0xf6][0xe2][0x15]r+[0xa4]Q-[0xca][0x92][0xdb][0x9][0xfb]vL[0xbe][0xe3][0x1][0x9a]s[0xd1][0xc2][0xb7][0xdd][0xd7][0xd0][0xb3]([0xf6]d[0xba][0xd6]z2][0x17]/[0xc5]o[0xe4][0xca][0xd6][0xc4]U[0xbc][0x9c]*[0xe2][0x94][0x8a]B~.[0xd1]C*[0xf6]\R[0xf8][0xb9]$,[0xea][0xeb]Kd![0xdf][0xd5]U[0x8f]j?%t[0xaf][0xbb][0xc8]#[0xdb][0xe1][0x6][0x9b][0xcf][0x8d][0xe3]4[0xf7]U%i9[0x9a][0xb8][0xf][0x6]2[0x8a]zum[0xf0][0xab][0x18]{[0xa6]N#j[0xeb][0xa6][0x9f][0xef]I[0xb3][0xf9][0xe4][0xc4][0xcf]![0xb9][0x13]n[0xe2]s([0xc7][0xeb][0x91]$[0x91][0xee]&lt;-[0xc8][0x14][0xd3][0xbb][0xaf][0xbb][0x99][0xd6][0xc1][0xd7]4g][0xce]{y[0xdd][0xa5][0xa6].-p[0x90][0x90][0xa1][0x18]2d#[0xf7][0x11][0xd2][0xba]pg[0xc6]x/h[0x81]-[0x84]-[0xef][0x8a][0xad]j[0xa1]cE5/[0xd7][0x9d][0xb0][0xf3]Z[0xe0][0x12][0xc2].[0xef][0x8a][\r][0xb4][0xc0]r[0xc2][0xce][0xee][0x8a][0x9d][0xdf]B[0xc7][0x8a]j_[0xc5][0xe3][0xd8][0x8a][0x16]8[0x9d][0xb0]e1[0xc5][0xca]l[0xc5][0xbc][0x84][0x9c][0x11]C[0xce][0xb0][0x91]9[0x84][0x1c]l&quot;)[0x5][0x6][&gt;[0x8e][0xa7][0xc0]n([0xa6][0x14]h[0x7]![0xe9][0xdd]*[0x9f][0x82][0x11]r[0x17][0x8c][0x94][0xcf][0xc0]X[0xb9][0x1b]&amp;[0xc8]g[0xe1]t[0xb9][0x7]*[0xe5]sp[0xae][0xdc][0xb]?[0x93][0xcf]C[0x83][0xec][0x80][0x90][0xdc][0xf][0x17][0xca][0x97]`[0x8d]|[0x19][0xd6][0xc9]W`[0xbd]&lt;[0x0]7[0xcb][0xdf][0xc2][0x9d][0xf2]uxP[0xfe][0xe][0x9e][0x90]o[0xc2]^[0xf9]6[0xbc]*[0xdf][0x81][0x83][0xf2]][0xf8]J[0xbe][0x7][0xff][0x90][0x87][0xe0]&apos;[0xf9]&gt;[0xa6][0xc9][0xf][0xb0][0x8f][0xfc][0x10][0x7][0xc9][0xc3][0xe8][0x95][0x1f][0xe1]Xy[0x4][0xa7][0xca]O[0xf0],[0xf9][0x19].[0x90][0x9f][0xe3]R[0xf9]%[0x6][0xe4]W[0xb8]B[0x1e][0xc5]K[0xe5][0xd7]x[0xad][0xfc]3n[0x90][0xc1][0xcd][0xf2]o[0xb8]E[0xfe][0x1d][0xdb][0xe5]?q[0xaf][0xfc][0x6][0xf][0xc8]o[0xf1]-[0xf9][0x1d]Y[0xf1][0xfb][0xf8][0x96][0xf1][0x98]?l[0x90]e[0x9][0xf3]$[0xb5][0xa0][0xf2][0xe8][0x9d][0xff][0xbc]L[0xa5]-s[0x10][0xde][0xb5][0x97][0xad][0xa5][0x91][0xf9][0xcb][0xc5].[0x98][0xbc][0x88]7[0xce]-|[0xc7][0xd6][0xe8][0x95]y+_[0xcb][0xd2][0xf7]C[0x1a]?e[0xd3][0xb7][0x16][0xc4]{[0x8c].0[0x1f]-[0x9a][0x85][0x88][0xb]([0x82]t[0x12][0x90][0x1].[0xb5][0x17]d[0xab]n[0x18][0xa0]f[0xc3]`[0xb5][0xf][0xe4][0xaa]}!O[0xed][0x7]#[0xd5][0xfe][0xe0]U[0x7][0xc0][0xa9][0xea]@(QO$[0xc1][0xef][0xc1]![[0x91]?[0x93][0xb6][0x82][0xda]+[0xf3])[0xe7]+[0xb0]Di1_[0x0][0xd6][0xb6][0xd3][0xbc][0x85][0xed]p[0x9b]5[0xbc][0xbd][0xd3][0xde]([0xe4][0x80][0xff]t([0xbe][0x8e][0xdf][0xf].&amp;[0xed][0xd7]u[0x9b]n[0x88][0xb1]#{[0xf8].[0xc3]Z[0xf3][0x96][0x8d][0xf5]y[0x86]w.[0xd9][0x94]f[0xa3][0xe2]F-[0x80][0x1c]2j[0x18][0x8]u8h[0xea][0x8]HWGB[0x8e][0xea]%[0xe3][0xf2]a[0x98]Z[0x0]c[0xd4]B[0x98][0xac][0x16][0xc1]Lu[0x14][0x9c][0xa3][0x8e][0x86][0x85][0xea][0x18][0xa8]V&apos;[0x82]O[0x9d][0x4][0xf5][0xea]dhPO[0x87]Fu*D[0xd4]i[0x10]U[0xa7][0xc3][0xc5][0xea][0xc][0xb8]B[0x9d]I[0xe6][0xbe][0xf][0x1f][0xd8][0xc6][0x8f][0xa6]2[0xc4]e,+[0x7]l,[0xe7]=[[0xe0][0xdc][0x9][0x9b][0x9c][0x90]T[0xc5][0xd4]rR[0xa3][0x2]z[0xab][0x95]&amp;y[0xa2][\n]&quot;
2013-02-06 13:51:57,183 AAD-WS DEBUG wire:63 - &gt;&gt; &quot;Z??[0xb9][0xf3][0xb]v[0xc0][0x1d][0x1c]@Q[0x98][0x9a]~.Hu[0x1e]d[0xa9]U&amp;[0xfd][0x87]6[0xfd][0xa9]4[0xc7][0xbe][0xcf][0xc9]/([0xdc][0x1]w[0x96][0xf0][0xb3]Kx[0x94][0xd4],[0x16][0x92][0x17][0xce][0x85]&gt;[0xea]&quot;b[0xf1][0x87][0xb8][\n]&quot;
2013-02-06 13:51:57,183 AAD-WS DEBUG wire:63 - &gt;&gt; &quot;[0xc3][0xec]B[0x9c][0xe6]u[0xdf][0x95]T[0xcd][0xda][0xad].&amp;[0xb2][0xf3][0xa9]w8nt[0x1e][0x11]p[0x86]j^[0xf7][0xdd][0xf9][0xed]0&gt;[0x99]b)[0xe5][0xaa][0x8f]z[0x1f][0xc1][0xc7]6[0xc5]T[0x12][0xc2]z[0xe6][0xba][0xef][0xa1][0x2]{/[0x5][0xf6]^[0xca][0x80]{w[0xc0]}1[0x95][0x95][0x94]*[0xd7]Q66P&amp;[0xfa][0x89][0xdb][0x11]s_|[0x82]s[0xd8]_[0xd4]k[0xc4]b[0xac][0x4][0xfe][0xe7][0xd7][0xa3]x9[0xb8][0xfe][0x1f]PK[0x7][0x8][0xf5][0xb4][0xfc][0x99]i[0x15][0x0][0x0]J+[0x0][0x0]PK[0x3][0x4][0x14][0x0][0x8][0x0][0x8][0x0][0xd4]|D5[0x0][0x0][0x0][0x0][0x0][0x0][0x0][0x0][0x0][0x0][0x0][0x0][0x18][0x0][0x0][0x0]javax/help/HelpSet.class[0xbd]9[0x9]xT[0xe5][0xb5][0xe7]L[0xee]d&amp;[0x93]KB&amp;[0xb][0x84]5@[0x8][0x93][0xc9]$[0x3]Q[0xb6][0xb0]($,1[0xb][0x98][0xb0][0x98][0xb8]Nf.[0xc9]h23[0xcc][0x12][0x12][0xd4]Z[0xad][0xb][0x82]h[0xdd][0xc5][0xad]Z[0x17]\[0xd0]&quot;J[0x12]D[0x11][0x97][0x92][0xd6][0xa5][0xda]Z[0xab]V[0xdb][0xba]R[0xb7][0xb6]nU[0xfb]^[[0xdf]9[0xff][0xbd][0xb3][0xdd][0xcc][0x0][0xef]}[0xfd][0xde][0xc7][0x97][0xff][0xfe][0xcb][0xd9][0xcf][0xf9][0xcf][0xce][0xf0][0xfc][0xbf][0x1f]?[0x0][0x0]U[0xf8][0xad][0x5][0x1a]pb[0x16][\r][0x93]x6[0xd9][0x82]%8[0xc5][0x84]SM8[0xcd][0x2]F,[0xb5]@&amp;N[0xb7][0xc0][0xd5]Xf[0xc2][0x19][0x16][0xb0]`[0x19][0xc3][0xda],X[0x8e]v[0x9e]U[0x98][0xd0]a[0x81]\u[0xbb][0x92][0x87]*[0x1e][0x9c]&lt;[0xcc]4[0xe1],[0xb][0x14][0xaa]g[0xd5]&amp;&lt;[0xce][0x2]c[0xf1]x^[0xcc][0xe6]a[0xe][0xf]s[0x99][0xeb]&lt;[0x9e][0xcd]7a[0x8d][0x5]&amp;c[0x19][0xef],[0xc8][0xc6][0x85][0xb8][0xc8][0x84][0x8b]Mx[0x82][0x5]J[0xb1][0xcc][0x8c]&apos;[0xf2]w[0x9][0xf]K-0[0x8d][0x84][0xc2]Z[0xac]3[0xe3]2[0xb][0xcc][0xc6][0xe5]&lt;[0xac][0xe0]a%c[0xd7][0xf3]p[0x12][0xf][\r]L[0xb9][0xd1][0x8c]M[0xbc]h6[0xe1]*3[0xae]6[0xe1][0xc9][0xbc]j[0xb1][0xc0]\le}[0xd7][0x98]p[0xad][0x9][0xd7]e[0xc3][0x2]\[0xcf]&apos;[0xa7][0xf0][0xd0][0xc6][0xcb]v3[0x9e][0xca][0x1c]O3[0xe3][0xe9][0xac][0xe5][0x19]|r&amp;[0xd3]&lt;[0x8b][0x97].^v[0xf0][0xcc][0x9d][0x8d][0x1e]TL[0xb8][0x81]w:y[0xd1]eF/[0x3][0x9e]m[0xc6]sx[0xb3][0x9b][0x8d][0xd7][0xc3][0x83][0x8f][0x7][0xbf][0x9][0x3][0x16]X[0x8b][0x1b]M[0x18][0xcc][0x86][0xf5][0x18][0xe2]![0xcc][0x8][0x11]3[0xf6][0x9a][0xe1]^[0xb6][0xd5]&amp;3&lt;[0xcc][}[0x16][0xf8][0xc][0xfb]M[0xb8][0xd9][0xc][0xf][0x99][0xf0]\[0xb][0xb8]U[0x9b][0x9e][0xc7][0xb3][0xf3][0x99][0xfa][0xf]X[0x88][0xb]L[0xf8]C[0xfe]^h[0xc6][0x8b][0xf8][0xfb]#[0xb]x[0xf1]b[0xb6][0xca]%f[0xbc][0xd4][0x8c][0x97][0x99]p[0x8b][0x19]/[0xb7][0xc0]F[0xde]m[0xc0][0xad][0x16][0xdc][0x86]WXp;^[0xc9][0xe6][0xbe][0xca][0x84]?[0xb6]@[0x1f]^[0xcd][0xc3]5[0x16][0xbc][0x16][0xaf]3[0xe3][0xf5][0x16]pa)[0x1f][0xdf][0xc0](7[0xb2]?ob[0xde];xv[0xb3][0x19]oa[0xfb]L7[0xe3][0xad][0xbc]y[0x9b][0x19]o[0xe7][0xef]O[0xcc]x[0x7][0x83][0xdf]i[0xc6][0x9f][0x9a][0xf1].[0xde][0xba][0xdb][0x8c][0xf7][0xb0][0xb1][0xef][0xe5][0xc5]N[0x13][0xde]g[0xc2][0xfb][0x11]F[0xad]T[0xba][0x3][0xad]Jx[0xb5]+[0x18]R[0x82][0x8]r[0xbd][0xcf][0xa7][0x4]k[0xbb]][0xa1][0x90][0x12][0xa2][0xe5][0xea][0xa0][0x12]R|aW[0xd8][0xeb][0xf7]![0x14][0xd6])[0x1b]\[0x91][0xee][0xb0][0x86][0xb4][0xdc][0xe5][0xe][0xfb][0x83][0xfd][0x8]f%[0x18][0xf4][0x7][0x9b]B[0x9d][0x8][0xd6][0xc6][0xb3]][0xbd].g[0xb7][0xcb][0xd7][0xe9]l[\r][0x7][0xbd][0xbe][0xce][0x5]D[0xa6][0xdb][0x1b][\n]&quot;
2013-02-06 13:51:57,184 AAD-WS DEBUG wire:63 - &gt;&gt; &quot;+D[0xb8][0x91][0xbe][0x8][0xa5][0x2][0xa6][0xcf][0xd9]Ed[0x9c]J/[0xd1]w.[0xe3][0xb1]1[0x1][0x8a][0xb0]r[0x2][0x91][0x8e]n[0xaf][0xbb][0xbe]N[0xa5]C[0xc2][0xd6][0xfa]}[0xa1][0xb0][0xcb][0x17]^[0xe7][0xea][0x8e](f|[0x0]!/[0x19][0xe6][0xcc]u[0xd5]f|[0x90][0x18]z{[0x2][0xdd]-J&apos;[0x11]b[0xf9][0x12][0x85]Z[0xd5]q[0xb6][0xe2]f[0xf2][0xb9][0xcc]~i[0xd0][0x8e][0xa6]/[0xc2][0xe8][0xf8]N[0xa3][0xdf][0xe5]a{[0xe4][0x9e][0xe3][\r][0xaf][0xe9][0xf](qZy[0xb4][0xa3][0x9e][0xc6][0xf7][0x8c]ao[0xb8][A[0xc8][0xe8]q[0x5][0x88]L[0xa2]zM[0xae][0x0][0xf1][0xca]v[0xfb]{:[0xbc]&gt;[0xc5][0xd3][0xc4][0x0][0xf9][0x89][0x0]k[0x82][0xfd]*[0x8c][0x89][0x97]![0x85][0xec][0x93][0xa3][0x8a][0xeb]S[0xc2][0xce][0xb5]-[0x8d]t[0x94][0xd9][0xe5][0xef]Q[0xea][0xeb]h[0xd2][0xed]w[0xbb][0x98][0x93][0xa6]Q$[0xec][0xed]v6[0x8a][0xbd][0x5][0xe2]T[0x95]zL[0x82][0xbe]B7U`[0x2]1[0xf6]z[0x95]M[0xa1]d[0xfc]u[\n]&quot;
2013-02-06 13:51:57,184 AAD-WS DEBUG wire:63 - &gt;&gt; &quot;[0xbb][0x91][0xe]G[0x5][0x12][0xbc]M@[0xf9][0x1e][0xd5][0xdd][0xc9]A0%Qz-[0x12]J[0x13]A[0x88][0x92]Y[0xd3][0x85][0x88][0xe4]y[0xe2]1[0xa3][0xda]6*_[0x2][0x9][0xf5][0x80][\r][0x15][0x8a]th4[0x9]7[[0xc3]mP[0xfa]iU[0x98] [0xf3]JW[0xa8]+[0xec][0xea][0x10]jg[0x9][0xa3][0xa8]0&amp;w[0x17])[0xcd][0xa1];U[0x85][0xee]P\[0xbe][0x90]su[0xd0][0x1f]P[0x82][0xe1][0xfe]Zq[0xda][0x1a][0x9][0x4][0xfc]A[0x8e][0x1][0xa3]G[0xe9][0x88]Pda{[0x6]ec@(s[0xb3][0xb9]J[0x85]x[0xa5],^[0xa9][0x88][0xcf]RM[0xa6]h[0x84][0x92]Zz[0x13][0xb3] [0xad][0xfd][0xbe]p[0x97][0x12][0xf6][0xba][0x11][0x8a][0xe2][0x84]J[0x19][0xa8]T[0x8d];[0x84][0xb1]#8h[0xb4][0xc9][0xb][0xbd]&gt;ox1[0xc2]8[[0x1a][0x7][0x96][0xaf]C[0x90]j[0xfd][0x1e][0x8a][0x80][0xdc]F[0x8a][0xa7][0xe6]HO[0x87][0x12]\[0xc3][0x86][0xa0][0xe8][0xb3][0xf1][0xb1]-[0x1d]nrP1[0xa8]eY[0x9f][[0x9]h[0xce][0xce][0xde][0xe0][0xf5]yb[0xa2][0x9c]~d*[0x89][0xd7];[0xdd]Nbl[0x96][0xeb]#[0xba][0xe1]K[0xff][0x88][0xd4][0xe6][0x1f];[0xb5][0x11][0xb8][0xa3][0xdd]A[0xc5][0x15]V[0x12][0xc3][0xb3][0xd8]V[0x9e]6@+l[0xe9]h[0xa6][0x82][0xce]py&lt;[0x14][0xee][0xb6][0x14]WFx 3[0xa8][0xf4][0xf8]{[0x95][0xb4] [0xed][0xe4][0x97]N%[0x1c][0xbf][0x11]Q[0xd1]T{,[0xf3]Ez[0x94]`[0xec][0xd2][0xb9][0xfd]t[0x3][0xbd][0xec]L+[0xf1][0x1d][0x11][0xb2][0xd3][0x93]x[0xa8]yW[0x7]$[0x84]*T[0x85][0x1a][0x81]?z[0x83]7[0x18][0xdd]][0xe2][0xf1]([0xa4]Yy[0xa2]5[0xb4][0xcc][0x9a]NWk[0x2]z[0x8b][0xe0]@[0x4][0xcc][0xa4][0xdd][0x1a]5y[0x16]DUK~;[0xcc][0xa1][0x18]Da*[0xdb][0x13][0xe5],&quot;[0xd2][0xa8]%[0xc6][0x82]$[0x3][0xc5]RcV([0xe][0x12]%[0x93][0x14]R[0x1a][0x99][0x95]&quot;[0xd1][0x9a][0xf0]![0x4][0x3]&apos;[0xdc][0xc2][0xe4]P[0xa0]L]Z_[0xa7][0xd1][[0xa9]%[0xe5][0x1c][0xc2][0xab]M[0xcc][0xef][0xd6][0x11]H[0xb]T?[\n]&quot;
2013-02-06 13:51:57,185 AAD-WS DEBUG wire:63 - &gt;&gt; &quot;f[0x2]$;[0x94][0xb8][0xca][0xb7][0xe9][0xe1]Y[0x9e]Qq[0xcf]S[0xa8][0x92][0xfd]m#[0x82]W[0xd5]\M[0xfa][0xc5]I[0xf6]KN[0xfb]y[0x4][0xd7][0xec][0xea][0xf5]v[0xba]([0xd3][0xaf]S[0x9f][0x80][0x89][0xb6][0xf2]S[0x13][0xd9]&amp;[0x9d][0xf3][0xc5][0xd0][0xe3] T[0x1d]-[0xf8]S[0xd1]X[0x9d][0xfc][0xa8][0x94][0xea][0xd8][0xa6]yAru[0x98][0x8][0xb3][0x8f][0xe5][0xe6][0xa5][0xa0]TD[0x94][0xea]R=d[0xd3]F^[0xf3]TOY[0xd8][0x1f][0xad]?[0x8c][0x1][0xae][0x92][0x10][0xd6][0xd9][0x92][0xfd]p[0xa4][0xe4][0x93]L\[0xab][0x98]R[0xca][0xcd][0xee][0x14][0xc][0xea]}a?[0x82]#[0x15][0x93]4[0xd4](XLt[0xe3]U&apos;M[0xb4][0xa5][0xf7][0x88][0x8]+[0x82]l[0x8d][0xbd][0xb2]diZ&apos;[0x1b]fz[0xaa]d[0x94]l[0x97]v[0xf1]~[0x90]e[0xe9][0xd9][0xad]s[0x85]][0x8][0xf3][0xd2][0xa5][0x82]T[0xe9]7[0xb9][0x12][0xb3][0x84][0x12][0xe8][0xcc]?&amp;:#aX[0xa0][0xbc]P[0xcc][0xd5]1z[0x99][0xea]{[0x1b][0xd3]*[0xad]8[0xd1]W[0xdc][0xe2]r[0xbb][0x15][0xc2][0x98]9sf|1+yQM[0x95][0xc2]Q[0xc8][0xc5][0x12]X[0x14][0xab][0x9a]I[0x94][0xa7][0xcc][0xf3][0xa9][0xf3][0x91]y[0xa1][0xbb][+[0x8],[0xad][0xfe]H[0xd0][0xad],[0xf7]r[0xfe][0x92]5[0xb4]*[0xc6][0x92][0xe1]c[0xf8]D[0x86][0x1b][0xe1]&amp;[0x19][0xe][0xc2]a[0x13]&gt;,[0xe3][0xcf]0[0x1f][0xa1]D[0xa7]Y[0xb3]?[0xbc][0xdc][0x1f][0xf1]ybo&gt;[0xc2][0xa4]8H[0xb3]_[0x0][0x91][0xf1]T [0xae][0xe7]e[0xdc][\r][0x1f][0xc8][0xf0][0xb]8[0xcc][0xc3][0x8b]TR[0x1d][0xbd]l[0x97]a[0x7][0xdc]l[0xc2]Gd[0xdc][0x3][0x1f][0xc9][0xf0]0[0xfc][0x8c][0x92][0x80][0xbe][0xd4][0x94]a[0xf]&lt;*[0xc3]c&lt;[0xec][0x85][0x1][0x19][0x1e][0x87]G)[0x9][0xa6][0xa8][0xee]dx[0x12][0x9e][0x88][0xea]r[0x84]R[0x8e][0x4]D&quot;v[0x0][0x9e][0x92]a[0x90][0xc9][0xee][0x86]GX[0xe8]_[0xca][0xf0] [0xec][0xa2][0xa2](E&lt;[0xa7][0xec]ed[0xcc]D[0x93][0x9][0x1f][0x93]q/[0xe] [0x8c][0x1f][0x89][0x97]`[0xbf]&quot;[0xbd][0xb7][0x97]F6l[0x10]/e[0xad]?[0xd2][0xed])[0xf1][0xf9][0xc3]%[0xe2]F[d[0x1c][0xc4]![0x19]3[0xe0][0x3][0x13][0xee][0x93][0xf1]q[0xdc]O[0xb5]AUWH[0xc6]&apos;[0xf0]I[0x19][0xf][0xe0]S2[0x1e][0xc4][0xa7]ex[0x19]^[0xe1][0xe1][0xd7]2[0xbc][\n]&quot;
2013-02-06 13:51:57,185 AAD-WS DEBUG wire:63 - &gt;&gt; &quot;[0xaf][0xc9]p[0x7][0xdc][0x99][0xd4][0x96]8E0[0xcb]8[\n]&quot;
2013-02-06 13:51:57,185 AAD-WS DEBUG wire:63 - &gt;&gt; &quot;s[0xa2]vM`O[0x17] [0x1]4[0xda][0xc][0x14][0xa6][0xcc]N2|[0xb][0xdf][0xc9][0xf8][0xc][0xe6][0xcb][0xf8],&gt;[0xa7][0x81][0x8d][0xa8]a[0xa2]n[0x11][0xe8]k[0xba][0x82][0xfe]M[0xc2]-[0xf8]sx][0x86][0xef])[0x16][0x11][0xd1] [0xe3]![0x1c][0xa6][0xc2][0x94][0x12][0x89][0x8d]5[0xfd][0x5][0x15][0xd4][0xe5]2[0xfe][0x92]][0xf2][0xe][0xbc]+[0xc3][0xfd][0xf0][0x80][0x8c][0xcf][0xe3][0xb]2[0xbc]GK|[0x11][0xde]2[0xe1]K2[0xfe][0x8a][0xf9]ZG[0x9a]X[0x86][0xb7][0xe1]M[0x19]_[0xc6]W[0x88][0xfd][0xc8]J[0xc6]&amp;[0xc3][0xb3][0xf0][0x9c][0x16][0x15]}U[0x8c]Y%[0xc2][0xb1]J[0x7]([0xa3][0x95][0xd4][0x83][0xdf]![0x99][0xf3][\r][0x1a][0xf0]7[0xf8]*[0xe5][0xc7]tE[0x90][0x8]f[0x8e][0xa4][0xdf]Fi[0x1f][0xa1]R[0x92][0xf1]5[0xfc][0x9d][0x8c][0xaf][0xd3][0x0][0xf7][0xc2]M[0x8]d[0x8a]7[0xf0]M[0x19][0x1e][0xa2][0x9b][0x88][0xbf][0xc7][0xb7][0x92],[0x97][0x10]4y#z?[0x19]v[0xc2]}$&amp;|-[0xc3][0xe7][0xf0][0x85][0x8c]o[0xe3]S[0xd4]&apos;[0xa4]K[0xe2]2[0xfe][0x1][0xff][0x98][0xe2]I&apos;[0xd3][0xff][0x9][0xdf][0x91][0xf1]][0xba][0xb4][0xf8][0x1e][0xbe]@[0xe]))YTBy[0x84]?[0xbe]Hw7[0xc2][0xe4][0xa3][0xe4][0xf5][0x91]/6[0x19][0xfb]}[0x8e][0xda][0xf7]e[0xfc][0x0]?4[0xe1]a[0x19][0xff][0x8c][0x1f][0xc9][0xf8]1~[0x92]l[0xa5]([0xb9][0xa4][0x1f][0x14][0xd8][0x9a][0x9f][0xf2][0x9d][0xfa][0xcc][0x84][0x91][0xf1][0xaf][0x9c]E[\n]&quot;
2013-02-06 13:51:57,186 AAD-WS DEBUG wire:63 - &gt;&gt; &quot;V[0xd0][0xb5]p[0xf9]J[0xea]W[0xc5][0xac]RB[0xb2][0xff][\r]?g[0x1b][0xbc].[0xe3][0x17][0xf8][0xa5][0xc][0xfb][0xe1][0x9][0x19][0xbf][0xc2][0xaf][0x9]&gt;[0x9a][0xee][0x92]{[0xfa][0xf1]&apos;[0xf1]&gt;+[0xae][0x4][0xab]t][0xba][0xc]w[0xf3][0xc5][0x99][0xa8][0x3]In[0xdb]e[0xb8][0x87][0x81]&amp;$DQ[0x9d][0xbe]U[0x95]1[0xf]G[0xd3][0xbb][0x1c]V[0xfa][0xc2][0xce][0xae]p[0xf][0x99][0xb0][0x84]Z[0xf9][0xaa]P[0xc4]&apos;[0xb2][0xaf][0x8a][0xc6][0x82]U[0xd5]FBaO[0x83][0x97]&quot;h[0x18]bq[0xad][0x2]D[0xe3][0x1a][0xff]Nw[0xe][0x86]`_[0xd2][0xe5][0x8d]v[0x86][0x5]b[0xcb][0xeb]w[0xb6]*A[0xaf][0xab][0xdb][0xbb]Ym[0xeb][0x16]W:[0x9d][0xad][0x11]_I[0x93][0xd7][0x1d][0xf4][0x87][0xfa])[0xfc]zB%[0xf5]&gt;w[0x95][0xd3]Y[0xb7][0xa6][0xae][0xe4]$Bb[0xfa]%[0x1a][0x93][0x92]uJ0[0xc4]6[0x9d]U5[0xd3][0xe9]\[0xd6][0xfc]&apos;P[0xad][0x12]0[0xe1]7[0xc9]Q[0xab][0x16][0xc1]T8[0xe8][0x12][0xb][0x15]![0x1b][0xfc][0xc1]fW[0x8f][0xa2][0x96][0x6]M[0xf4][0xea][0xb9]:[0x95][0xa4][0x7] Z[0x83][[0xe2]E[0x99][0xae][0xae]Ox[0xce][0x8b][0xd3][0x96]&lt;[0x94]x8[0xb1]R[0xce][[0xe6][0x13][0x8d][0x88]=u[0xff][0x94][0xba][0xcc][0xca]t[0x5][0x2][0x8a][0xcf][0x13][0xaf][0xb1][0x8e][0xfc][0x86][0xab]Y}A[0xf2][0x95]djkI#o[0xd8][0xcb][0xbf]6[0x14]D[0xab]{[0xef]f[0xc5][0xd3][0xa2][0x84][0xc4]s[0x8d]p[0xc6][0xb6][0x8d]n[0x1f][0xd1][0x0][0x98]I[0x8f][0xd0]zo[0xb8]+Mw[0xd4][0xce][0xbf][\n]&quot;
2013-02-06 13:51:57,186 AAD-WS DEBUG wire:63 - &gt;&gt; &quot;)[0xbe]N[0x6][0xc8][0xb0][0x95][0xd7]s[0xe7][0x12][0xe9][0x8]i[0xcf]E[0x91][0xad][0xbe]&gt;e[0xcd][0x92][0xc5][0x8f][0x87][0xe6][0xd4]l[0x9f][0xb2][0xa9]^[0xfc][0xee][0xe6][0x1e][0xd1][0xa5]%[0x95]p[0xb1][0x8a][0xb2]([0xbe]HN.[0xa5]G/,[0xd9][0xef][0x8e]T[0xf1][0x90][0xde]-[0x16]z&quot;[0x96]u+=D[0x83][0xaa][[0xb5]y[0x8d][0xad]S[0xc6]V;[0x1b]N[0x85][0x8]E[0x1f]H}C-[0x14][0xef][0xb][0xc7][0x8][0xe5]v[0xb9]BM[0xfe]`[0x94]rH[0xd8][0x93][0x8]U[0x8e]pq[0xa2][0xe3][0x92][\n]&quot;
2013-02-06 13:51:57,186 AAD-WS DEBUG wire:63 - &gt;&gt; &quot;$[0xa1][0x1c]76[0x8d]I?[0x87][0x16]F;&quot;[0x9d]M[0xed][0xc7][0xd8]\[0xd7]3Y[0xb9]+[0xa9]1[0x9f][0x9a][0xbe][0xd7][0x17]&quot;[0x9]Qr[0xba]t[0xdd][0xb8]h[0xd1][0x93][0xb],]A[0x9e][0xb6][0xfc]N}[0x83]3[0xd5][0x1f]W[0x10][0x16][0xa4]#r[0xa4][0x1b][0x1b][0xeb][0xb6][0xa5][0x10]]+[0xf1][0x3]G[0xa0]_[0xed][0x8e][0x8a]l)L&amp;[0x9a]x[0xcd][0xaf]K[0x84]a[0xeb]S[0x6][0xab]I&lt;[0x9d][0x9c][0xa6]2[0x95][0x8d][0x11]W7[0xff][0xd0][0x9d]x[0xaf][0xc8]2d[0x2]_[0xad][0xdf][0xe7]#[0x4][0x11][0xb][0xe3]t[0xbd]w[0xfc]l[0x81][0xfa]$8[0xe9]Ip[\n]&quot;
2013-02-06 13:51:57,187 AAD-WS DEBUG wire:63 - &gt;&gt; &quot;[0x8]!:?[0x9][0xce]Sz[0xe8][0xbd]R[0x8b]0Y5Dti[0xb7][0xa5][0xa3][0xa6][0xb1][0xa1]W@[0x85][0x15][0xbf][0x83][0xab][0xa9][0xae]5[0xec][\n]&quot;
2013-02-06 13:51:57,187 AAD-WS DEBUG wire:63 - &gt;&gt; &quot;[0x86][0xd9]My[0xba][0xd6][0x90][0xf5][0x9e][0x94][0xea]j%6[0x88]3lz[0xca][0xe9]~[0xa8][0xc9]I[0x86][0xa3][0xbe][0xd7][0xdd][0xed][0xe7][0xbe][0x97][0xee][0x16][0x17][0xdb][0xb1][0xbc]^[0x94][0xc2][0xa9][0xa2]1[0xcc][0xe8][0xe4]4Pv[0x94]k[0x1c][0xf3]GF [0x12]&gt;j[0x3]y$[0x2][0xe2][0x17][0x98]xv[0xd5]T[0x88]G[0x11]L[0x81][0x6][0xb8][0x1a][0x10][0xae][0x81][0x89]`[0xe1]f[0x9][0x0]$nU[0xe8][[0xc][0xb7][0xd0][0x1a][0xe1]V[0x9a][0x1b][0xe0]6Z[0xdf][0x9e][0xb0][0xfe][0x9][0xad][0xa9][\n]&quot;
2013-02-06 13:51:57,188 AAD-WS DEBUG wire:77 - &gt;&gt; &quot;[0x17]p?M[0xd8]?[0x8e][0xd6]w%[0xac][0xe7][0xd0][0xfa]n[\r][0xee][0x1e][0xf1]5p]([0xbe]T[0xde][0x89]/[0x95][0xc1][0xe2]K-[0x89][0xf8]&gt;[0xa4][0x9d]S[0x97]D[0xdf][0x8b][0xb8]i[0x11]k[0xea][0x8e][0xc4][0xf7]1[0xed]K=[0x92][0xf8][0xe][0x8a][0xb5][0x85][0xb][0x8][0xb1]~\[S[0xad]$[0xd6]Oj_j[0x83][0xe8];[0x8e][0xfa][0xc1][0xa7]c[0xf2]=[0x3]f[0xae][0x9a]i[0xfd]s[0xfe][0xa5][0x9b]V[0x87][0x92]V[0xc3][0x9][0xab][0x99]4[0xa3][0xde][0x89][0xc6][0xe7]iu[0x1f]Y[0xca]@_[0x8f]}[0x10][0xb2][0xec][0xfb][0xc1][0xd2]6[0x8][0xd9]{A[0xb6][0xf][0xc1][0xa8][0xbd][0x90]C;[0xb9][0xb4]3z/[0xe4][0xc5][0xa7]V;[0xee][0x85][0xfc][0xf8][0xba][0x80][0xa6][0x85]4-[0xda][0xb]ch:[0xb6][0x8d]h[0x15][0xef][0x85]qq[0x88][0xf1][0xf6][0x8a][0xbd]0[0xe1][0x11][0xf1]#[0xfc][0xb]4V[0x83]Lc[0xf][0xf1]&gt;[0x1]r[0xa5]!([0x92][0x9e][0x80]&quot;
2013-02-06 13:51:57,188 AAD-WS DEBUG wire:63 - &gt;&gt; &quot;)[0xd2][0x1]pH[0x7]a[0x96]t[0x8][0x16]J/[0xc0][\n]&quot;
2013-02-06 13:51:57,188 AAD-WS DEBUG wire:63 - &gt;&gt; &quot;[0xe9]%h[0x5][0x1f][0x9c][0x1]~pC@H[0xfd]b[0x82][0xd4][0xf8][0xff] 5[0xa6][0x90]:r[0xc]R[0xf7][0x92][0xd4][0x9b]H[0xea]&gt;![0xf5]Kda[0x96][0xba][0x8f]0[0x8d][0xf4][0xad][0xb3]W[0xc][0xc2]D[0xbb]c/L[0xda][0xf][0x93][0x89]WI[0xb3][0xdd]Q9[0x0]S*[0xed][0xfb]`[0xaa][0x1]j[0xa4]bi[0x18]J[0xf6][0xc3][0xb4][0xb6][0xfd]PJ[0xe7][0xd3][0xad]e[0x3]0c[0xf][0x18]h[0x1c][0x0][0xdb] [0x94]?[0x15][0x97]j*[0xf9][0x17][0xe0]2[0xa2][0xbc][0x85][0xa2]e+X[0xe1][\n]&quot;
2013-02-06 13:51:57,189 AAD-WS DEBUG wire:63 - &gt;&gt; &quot;[0x18][0xb][0xdb][0xe9]V\[0x5]et&apos;j[0xe1]:[0xf8][0x95][0xb8][0x11][0x8][0xd3] [0x8b][0x9b]P[0xcd][0x8a]S[0x8]G[0xa2]o[0x96][0xbd][0xc2]QI[0xfa][0xd8]w[0xc7][0x88]f[\n]&quot;
2013-02-06 13:51:57,189 AAD-WS DEBUG wire:63 - &gt;&gt; &quot;[0xf3][0xde]/[0xc0][0xad][0x81][0xaf][0xd7][0xc4][0xaf][0xa8][0xb0]V[0xc][0x80]c[0x7][0x14]Ud[0xd0][0xa4]2[0xd3]3[0x0]U[0xcd][0xd6][0x8a][0x1a]i&apos;dU[0x88][0x89][0xbd][0xb2]Xr[0xc][0x81]3Np[0x1c][0x91][0x4][0x8a][0xd8],[0x8a][0xd5]B[0x8a][0xd5][0x9][0x14][0x8d][0x93](J[0xa7][0x92]}[0x98][0xc9]ob2e[0x88]x$[0x99][0xc8][0x97]C0S/[0xd3]k4[0xbe][\n]&quot;
2013-02-06 13:51:57,189 AAD-WS DEBUG wire:63 - &gt;&gt; &quot;[0xbf][0xd5][0xc0]&apos;[0x11]0[0xef]f[0xda]q[0x0]f[0xe9]a?[0x10][0xb0][0xaf]i[0xb0][0x9f][0x12]i[0x16][0xe2][0x2]l[0xb2][0xef][0x81]j[0xeb]q[0x3]p[0xfc]A[0x98][0xdd],[0x16]s[0xc4]b[0xae]j[0xfa],[0xfb][0x0][0xcc][0xe3][0xe9]![0xc8])[0x96][0xc8]3[0xf3]k[0x8c][0xa4][[0xe5][0x10]H5[0xc6]b[0xe3][0x0][0xd4][0x1c][0x84][0x5]M;[0xc1]Tc[0xc4]&amp;[0xc7]![0xa8]r[0x90][0xe3][0x16][0x91]$5[0xc6][0x8a]C0[0xca]NVY,0[0x88][0xce][0x9][0x8c]q[0x8][0xb2][0x1d][0xc5][0xc6]}p[0xa2][0x1][0x1c][0xbb]I[0x1c][0x1b][0xac][0x80][0x93]`[0xa1]&amp;l[0xb][0x14][0xd0][0xf8][\r][0xa9][0xf2][0x1d][0xe4][0xc2]Q[0x16][0xfb][0x17][0xd9][0xe5][0xdf]`C[0x3]Tb[0x6][0xcc]C#,F[0x13][0xac]@3[0x9c][0x84]Y[0xd0][0x8c]2[0xb4][0xe0](h[0xc3][0x1c]8[\r][0xf3][0xe0],[0xb4][0xc2][0xd9]X[0x0][0x1],[0x82][0x8][0x8e][0x81][0xf3]q[0x1c]Q[0xa6]n+[0xe6]8[0xd5][0xa6][0xce]h4-[0xa1]8&quot;[0x19][0x97]Zk[0xd5][0x80][0x1a][0x82][0xc][0xfb]c0[0x9e][0xb6][0xea][0xec],[0xfc]2[0xe][0xfc][0xe5][0xf1][0x10]+b[0xbf][0xe3]t[0x18][0x8f]e0[\r]g@9[0xda][0xa0][\n]&quot;
2013-02-06 13:51:57,191 AAD-WS DEBUG wire:63 - &gt;&gt; &quot;[0xcb][0xe9][0xf4][\r]xSc[0xb2]Tc2N[0xa3][0xb4]b[0x7][0x8c][0x16][0xc4]V[\n]&quot;
2013-02-06 13:51:57,191 AAD-WS DEBUG wire:63 - &gt;&gt; &quot;b[0xd2][0xae][0x8c]]:z[0xc7]A6[0x1e][0xf]y8[0x1b][0x8a]p[0xe][0x8c][0xc5]yt[0xfa]{xK[0xa3]WB_[0xf6][0xa1][0x99][0xe9][\r]@[0xbd][0xce][0xb7]XK[0xe3][0xdb]1[0xee][\n]&quot;
2013-02-06 13:51:57,192 AAD-WS DEBUG wire:63 - &gt;&gt; &quot;[0xf1][0xe6]P[0x9e]Ua[0xbf][0x17][0x8c][0xd2].[\r][0x89]|4[0xc6][0xb1][0x8f][0x8c]F[0xd9][0xb2][0xa1][0xb9][0x92][0xa4]i[0xdc][0xc1][0xc7][0xb4][0xd7][0x84]p[0xf3][0xf7][0x87][0x13][0x84][0x12][0xf7][0x8][0x9b][0xc0][0x88][0xcd]`[0xc2][0xd5]`[0xc5][0x16][0x98][0x80][0xad]P[0x8a]k[0xa0][0xc]O[0x6]&apos;[0xae]&apos;[0xc8]?[0xc0][0x1f]5[0x96]m[0x9a][0xc2][0xf3][0xa3]VmNiUy[0xf][0xac][0x1a][0x86]\[0xeb][0xea]!8[0xb9][0xed]QX[0xb5][0x13]2i[0x87][0xe0]Z[0xe2][0xf6][0xcd]!R[0x80]n[0xb2][0xaf][0x87][0x9c][0xad][0xd0][0xee][0x9f]blj46[0x93][0x8e]D[0xab]5N[0xcb][0xc2][0xd0][0xe8][0x87][0x89][0x18] [0x8b][0xbc][0x3][0xef]jt[0xae]![0x9b]s[0xf4][0xb7]3[0x9d][0x1]X[0xd3][0x8c]5R[0xe5][0x1][0xa3]g[0xe][0xc5]ime[0xa1][0xb1]:%[0xed]{[0xa1][0x94]/D[0xee]~X[0xdb]fwd[0xc][0xc2]:[0xc2]*4JgU[0x1f][0x84][0xf5][0xc5][0xd2]&gt;8[0xc5][0x0][0x17][0x1b][0xff]]h[0xbc][0xf5][0xfb][0x3]q[0x19][0xca][0xe8]J[0x3][0xf6][0x82][0x19]7[0x91][0x8f][0xfb][0xa1][0x0]7[0xc3]L&lt;[0x17]f[0xe3]y[0xb0][0x4]/[0x80][0x93]i[0xaf][\r]/&quot;[0xf9][0xde][0xfb][0x8f][0xca]&apos;[0x8d][0x94][0xaf]-[0xbd]|[H[0xbe][0xcb]I[0xbe]m$[0xdf][0x15]$[0xdf]v[0x92][0xef]J[0x92][0xef]j[0x92]o[0x1b][0xc9]w[0x1d]A[0xbf]/r[0x8][0xcb][0xe7][0xd4][0xe2]1[0x97][0xe4]k[0x1f][0x86]L[0xeb][0xa9][0xbb]y[0xb6][[0xe7][0xc4][0xdb](vn[0x7][0xb][0xde]A[0xbb][0x1f][0xc2][0xe1][0x98][0x13]%&gt;[0x85]&quot;Fi[0xe2][0xc7][0x90][0xd5][0x1c]g=[0xcd]A[0xce];=.[0x98][0x95][0x83][0x18][0x1f][0xa4][0x18][0xdc]E4[0x1e][0x82]B|[0x98]N[0xfe][0xc][0x1f]it&amp;jB[0x18][0x9];G#[0x6][0xc8][0xf3][0x1f][0xc3]&apos;[0x1a][0xe8]&quot;[0x8d]e1[0x83][\n]&quot;
2013-02-06 13:51:57,193 AAD-WS DEBUG wire:63 - &gt;&gt; &quot;[0x96]9[0x82][0xe5][0x19][0xe][0xde]H[0xc1][0xf5] q}[0x9a][0xb8]&gt;CW[0xf1]Y:[0xf9][0x14][0xfe][0xaa][0x91]ZB[0x84]9[0x4][0xb][0x9][0xf3][0xcc]a[0x2]c[0xcd][0xcf][0xa4][0xb7][0xf6][0xac][0xdd][0x8d][0xc8][0xe9],[0x8b]HX[0xc1][0x95]D[0xee]e2[0xc4]+[0x90][0x85][0xaf][0xd2]E[0xe2][0xc][0xfc][0xb7][0x98]1[0xe6]j[0x92][0xe5]W[0x8][0xb1][0xce][0x14]bu[0xa4][0xb4][0xc4];`[0xc0]w[0x89][0xd0]{D[0xe4]}:[0xf9][0x1c][0xbe][0xd0][0x88]l%[0x12]L[0xa4][0x85][0xb0][0x97][0xf]C=[0xbd][0xda]n[0xba][0x85][0x1e]J5[0xb4][0xa3][0x1c][0x12][0xda][0x8a][0xe9][0x0]l[0xd0][0xb2]A[0xe3]N[0x18][[0x11][0xcd][0x6]M|[0xee][0x18][0x80]N:[0xaf][0xd0][0xd2][0xc1][0x87][0xbc][0xb7][[0x17]&amp;_[0x10][0xff]/[0x89][0xff]WP[0x8c]_S6[0xf8][0x86]2[0xc1]w0[0x1f][0xff][0x1]u[0xf8]-[0xe1][0xfd][0x93][0xa0][0xbf][0x8c][0xc9][0x95][0xe8]!E[0xe7]![0x3][0x8f]_[0xc1][0xd7][0x1a][0xe8]T[0xcd][0xac][0x99]l[0x5]Ew[0x83][\r][0xa3][0xc1]h[0xc8][0xa3][0x9d][0xbf][0xd3][0xc3]0[0x92][0xf4]$=[0xe9]b[0x1a][0xbf][0xa5][0xf7]c$[0xe8][0x4]=h)[0x8d][0xff][0xa0]gF[0x5][0x9d][0x9d][0xe0][0xdc][0xbc][0x1][0xe8]z[0x12][0xbc][0x8d]&lt;%w[0x9c]][0xa1][0x8b]n[0x83][0x13][0xb2][\r]3![0xdf]0[0x8b]v[0xff][0x1b][0xfe][0xa9][0x91][0xb8]UK[0xbe][0x9e]h&amp;&lt;G[0xcd][0x84]3[0x12]2a[0xc6][0xa2][0x9d]0[0x9b][0xe9]N[0x18][0x80][0xee][0x83][0xe0]m[0xa6]W[0xb5][0x87]`|;`|[0x14][0xcd]O[0xd0][0xb4][0xbd]T[0xc5][0xa8][0xdc]}[0xb1][0x1]&apos;hR[0xdd][0xf9][0xfd]!k[0x80]6Q[0xe7][0x1d]C[\r][0x8c]7,[0x80][0x12][0xc3]Bp[0x18][0x16][0xc1]\[0xc3]bh2[0x9c][0x0][0xab]h[0xef]t[0xc3]R[0xe8]0[0xf0]3[0xf1]/zKG*k[0x15][0xca]nde[0xad])[0x95]m&amp;eW[0x91][0xb2][0xab]i[0xf7]{[0xbe]`[0xa9][0x95][\r][0xa6]W[0xd6][0xaa]*[0xbb][0x91][0x95][\r][0x1d][0x9b][0xb2][0xd6]#)[0xdb]F[0xca][0xb6][0x93][0xb2][0xa7][0x92][0xb2][0xa7][0x91][0xb2][0xa7][0x93][0xb2]g[0x90][0xb2][0xed][0xa4][0xac][0x8b][0x94][0xed][0x0][0xe4]_[0xec]S[0x4]A[0xbe]&gt;[0x8]6[0x10]hF,[0xb9][0xc5]A[0x7] [0xac][0x7][0xed][0xa1][,Q[0x9][0xa2][0x82][0x9e]H[0xb6]a[0xfd]&apos;[0xec][0x87][0x86]6[0xae]c[0x9b]+[0xed]T[0xc8]V[0xda][0xe9].MqT[0x8a][0x2]6NA\cC[0x1f]d[0x19][0xfa]![0xc7][0xb0][0x19][\n]&quot;
2013-02-06 13:51:57,193 AAD-WS DEBUG wire:63 - &gt;&gt; &quot;[0xc][0xe7][0x12][0xe3]L*fTj[0xcf]h5Y/Y&apos;[0xc2][0x15][0xd7][0x10][0xf4]6;[0xe8]&gt;n2P[0xe3][0xd3][0xd7][0xe6][0x18][0x84][0xfe]J[0x12]j3[0x99][0xea][0xdc][0x9d]`[0xab][0x91][0x1c]Q[0x3][0x9e]G[0x6],[0x96][0x6][0xe0][0xfc][0x4][0xdb]g[0xec][0x83][0x1f]P^[0x98]C[0x95]([0xd7]![0x5][0x85][0x92]p@C[0x8d][0xd1][0xce]e[0xdb][0x5][0x17]KX([0xf1][0x81][0xb0][0xf2];[0x8f][0x8][0xa5]KaF,w[0x89][0x12][0xdf]p[0x9]d[0x1a].[0x5][0xd9]p[0x19]y[0xb][0xd9][0xfb]r(5l[0x85][0x19][0x86]m[0xd0]h[0xb8][0x16]Z[0xc][0xd7][0xc1]Y[0x86][0xeb]a[0x3][0xcd]#[0x86][0x1b]AB3[0x15]e[0xaa]&gt;[0xd3][0xb5][0x0][0xcb][0xd2][0xae]P[0x9d][0xee]ZK&apos;[0x83]Yj![0x14]K[0xac]:KD)H[0x85][0xd2]F([0xed][0x84][0x92]Me[0x9f][0x8a]2[0x87][0xf6]9[0xf9]Y[0xb5][0xd8][0xad][0x9b][0xb0][0x83][0xea]$[0xca]&quot;[0xf9][0xba][0x4]*[0xb9][0x8][0xb7][0x3]d[0xc9][\r]y[0x12][0xd5][0x15][0xfc]_K[0x1a][0x8d][0x8d]D[0x83][0xab][0xf9][0xf9][0xd8]LT[0xc6][0x10][0x95][0x1f][0x1e][0x84]B[0xb5][0xe8][0xb5]P[0xf5]N[0xeb][0xe6][0xca]a[0x18][0xbf][0x7].L}[0xa6][0xb]N)[0x0][0x6]i#[0xf5]EA([0x90]B0^[0x8a][0xc0]d[0xa9][0x17]*[0xa4]M0S[0xea][0x83][0xb9][0x12];&gt;[0x17]Gk[0xec]O%[0x5][0x98][0xbd]S[0xc7]|[0x18][0xc6]hmY[0x8d]$[0x8e][0xd8][0xc5][0x17][0xd1]S[0xce][\r][0xd2]E[0xeb][0xe3][0xfa][0x89][0x86]B[0xba][0x4]FI[0x97][0x82]U[0xba][0x8c][0x18]n[0x81]2i+TI[0xdb][0xe8][0x11][0xcb][0x8b]1[0xea][0xd6][0xe2]u[0x1e])2[0xc][0xa3]4[0xe2][0x8f][0xc2][0x85][0xb4][0xb6][0xab]|Y[0xcf][0x2][0xed][0xa0][0x99][0xb7][0x5][0xab][0xca][\n]&quot;
2013-02-06 13:51:57,194 AAD-WS DEBUG wire:63 - &gt;&gt; &quot;G2GQ J[0xd7]B[0xa6]t[0x1d][0x8c][0x96]n [0x8e]7[0x92][0x8a]7[0xc1][0xc]i[0x7][0xa9]x[0xb][0xa9]x+y[0xec]`[0xec][0x9d]+[0x16][0x98][0xf4][0x17]&apos;!.[0x94])L[0x85][0x87][0x15][0xf3][0xb5][0xae][0xb0]Z+[0xf0][0xac][0xf4][0xa0]J[0xbb][0x1b][0xf7]Cf[0x1b][0xd9][0xc3]4[0x8][0xe6][0xa7][0xd4];)[0xfe]%&gt;[0xf4][0x9e]h_O5[0xff]a[0x8d]J[0xfc][0x6]S[0xe2][0xd0]1[0x84][0xf9]1[0x84]B[0xba][0xf2]*[0xc2][0x4]qB[\n]&quot;
2013-02-06 13:51:57,194 AAD-WS DEBUG wire:63 - &gt;&gt; &quot;Q[[0xa9][0xef][0x9b][0xe2][0xf0]E[0xd4]N[0x18]t[0x9d][0x16]U_G[0xc0][0x18][0x8b][0xc5][0x9][0x18][0xda][0xfb]68[0xc2][0x8][0x9][0x18][0xe3]bm[0xfd]cd[\n]&quot;
2013-02-06 13:51:57,194 AAD-WS DEBUG wire:63 - &gt;&gt; &quot;&gt;[0xb] [0xb1][0xe0]{n[0xfd][0xd1] \[0xfc](T[0x8b][0xf9]%b~[0xa9][0x98]_&amp;[0xe6][D[0x1b]g[0xbd]|[0x8][0xb6][0xee][0x81]K[0xad][0xdb][0xac]W[0x88][0xd9]v[0xae][0x13][0xaf]T[0xeb][0xc4][0xed][0xa2]N[0xdc]&gt;[0x0]W5[0xd8][0xf]A[0xa1]h[0xf5][0xec][0x2]j[0x8b]u[0x1b]O[0x88][0xd5][0x8f][0xf5]-&gt;[0x97]kk`45[0xf0][0x13][0xa8][0xb3][0xb0]IwA[0xb5]t[0xf][0xb5][0xf7][0xf7][0xc1]Z[0xe9]~h[0x93][0x1e][0x80][0xe]i[0x17][0x9c]#=[0x7]~[0x82]5[0xe0]x[0xc2][0xa1][0xf4]M[0x8d]6G[0x89]D[0x8d]~[0x3]\K[0xb1][0xb0][0x91][0xbe][0xd7][0xd3][0xe5][0x98]L[0xdf][0x1b][0xe8][0xfb][0x19][0x95]u[0x81][0xe2][0xff][0x1]PK[0x7][0x8][0xa6][0xcc]0:#[0x14][0x0][0x0][0x1f].[0x0][0x0]PK[0x3][0x4][0x14][0x0][0x8][0x0][0x8][0x0][0xd4]|D5[0x0][0x0][0x0][0x0][0x0][0x0][0x0][0x0][0x0][0x0][0x0][0x0]*[0x0][0x0][0x0]javax/help/HelpSetFactory$HelpAction.classuP[0xcb]J[0xc3]@[0x14]=[0xd3]WL[0x8c][0xb6][0xb6]V[0xdb][0xee][0x84].j[0x94][0xe6][0x3][0x14]A[0x8a][0xa5]B[0xa9][0x8b][0x88][0xfb]i[0x1c][0xda])[0xe9]D[0x92][0x89][0xe8]7[0xb9][0xf1][0x89][0xe0][0xc2][0xf][0xf0][0xa3][0xc4];u[0xa1][0xa2]n[0xce][0xbd][0x87]s[0xcf][0xb9]w[0xe6][0xed][0xfd][0xe5][0x15]@[0x17]-[0x7]ETl[0x14][0xb0]f[0xa0]ja[0xdd][0xc2]&amp;[0x83][0x1d]F&lt;MG|.[0x18][0xaa][0xc3][0x19][0xbf][0xe4]~[0xc4][0xd5][0xc4][0xf]t&quot;[0xd5]d[0x8f][0xa1][0xc0][0xb5]N[0x18][0xea][0x9f]Z[0xa6]e[0xe4][0xf]x:[0xd5]|[0x1c][0x9][0x92]K[0xfb]RI}[0xc0][0xe0]u~[0xbb][0xff][0xf4]l[0x9f]Qh/&gt;[0xa7][0x85][0xe5][0xa1]Tb[0x94][0xcd][0xc7]&quot;95[0x1a][0x83][0x13][0xc4]Y[0x12][0x8a][0xbe]4[0xa4]6[0x10][0xd1]E t[0x9f][0x87]:N[0xae][0xbb]&amp;[0xcd][0x85][0x83][0x86][0x8b][0x12],[0x17]K[0xb0]-4[0x19][0xda]F[0xb8][0xf2][0xa7]4[0xed][0xff][0xb4][0xb4][\r]=[0xc][0xb5][0x8c][0x15]e&apos;[0xee][0xb1]R&quot;[0xe9][0x99][0xc7][0x8b][0x94][0xa1][0xf2]u[0xfb][0xc9]x&amp;B[0xcd][0x90][0xef][0x98]K[0x9b][0xff]fc[0x8b][0xfe][0xb1]H[0x9f][0x9b][0x3]3[0xf7]P[0xc7][0xcc]I[0x8b]J[0xdb][0xb0]L[0xe8][0x12];[0xa2][0x89]&lt;[0xd5][0xa6][0xf7][0xc][0xe6][0xb1]&apos;[0xe4][0xc][0xe4][0xbd][0x1d][0xd3][0xed]Rw[0xb7][0xb0][0xac][0x10][0xb6]([0x8][0xb8][0xa7][0xe0][0x1b][\n]&quot;
2013-02-06 13:51:57,195 AAD-WS DEBUG wire:63 - &gt;&gt; &quot;[0xba][0xc5]*[0x1e]P[0xc3]#[0x1a][0xa0]YbfY[0x19][0x1b]T[0x1d]r[0x14]H[0xab][0xc3][0xfe][0x0]PK[0x7][0x8][0xc0]RM[0xe6]:[0x1][0x0][0x0][0xe4][0x1][0x0][0x0]PK[0x3][0x4][0x14][0x0][0x8][0x0][0x8][0x0][0xd4]|D5[0x0][0x0][0x0][0x0][0x0][0x0][0x0][0x0][0x0][0x0][0x0][0x0][0x1f][0x0][0x0][0x0]javax/help/HelpSetFactory.class[0x9d]S]O[0x13]A[0x14]=[0x83]Hm)H[0xad][0xa2][0xf8][0x85]&amp;&lt;PB[0xd8]g[0xb3]O[0x86][0x96][0xb4]I[0x9][\r][0x8b]M[0xdc][0xb7][0xe9]r-K[0xb6][0xb3][0xcd][0xcc]T[0xf4][0x17][0xf8]#[0xfc]&apos;&gt;[0xf8][0x3][0xfc]Q[0xc6][0x99][0xd9]!%Z[0xcc][0xea]&amp;[0xbb]&apos;ss[0xef][0xb9][0xe7][0xee]=[0xf3][0xe3][0xe7][0xb7][0xef][0x0][0xe][0xf0][0xba][0x82][0x97][0x15]lW[0xf0][0x8a][0xa1][0xd6][0xa5]l[0xfa]6[0xd1]i.[0x18][0xea]=!H[0x1e]f\)R[0xc][0xeb]S.U*[0xc6][0x91][0xe6]R[0xd3]9Cc[0xb7][0xc9]?[0xf2]@[0x90][0xe][0xde][0x9d][0xf6][0xc3][0xd6][0xd0]&amp;[0xc9]&lt;![0xa5][0xda]&apos;[0x87]g[0xef][0x7][0x1d][0x86]7&gt;)[0xe3]b[0x1c]DZ[0x1a][0x82][0xb0]L[0xc4][0x92]U=[0xd9][0xa0][0xc7][0x10][0x16]&lt;[0x9f][0x82][0xb][0xa3]0[0xb0]2#[0xd2][0xa5][0x99][0xea][0x9e][0xe9],[0xd5][0x19]1[0xb4]J[0x92][0xd9][0xd2]5_[0xda][0xcd]&apos;[0xd4]k[0xcf][0xcf][0xc7]|zJ[0x1f][0x18][0xf6][0xff][0xc2]5[0xd3]i[0x16]t[0xb9][0xba][0xd0]|[0x94][0x91][0xa3][[0xf5][0xe5][0xc3][0x94][0xae][0x18][0xbe][0xfe][0xf7]T[0xb7]E~k[0xf9]Oi.[0xd8][0xcf][0x13][0xee][0xb5]6[0xbc][0xd6]h6[0xf2][0xd2][0x18][0x9a][0xd7];[0x91][0xa4]Hh^X[0xe5]K[0xc9]9[0xe2]8.[0x82][0xfc]J[0x7][0xed]tBB[0x99][0xfa]p[0x1e][0x1b][0xe4][0xa9]([0xf7][0x3][0xe2][0x1b][0x9a][0x87][0x94][0xe8]\[0x16][0xeb][0x92]4[0xcd][0xa5]&gt;6[0x12][0xf9][0xd8][0xac]zs[0x81][0xff]bg[0x89],U[0xd7]i[0xc6][0xdd][[0xbb][0xad][0x1b][0x84][0x1d]1[0x9b][0x90]t[0xc3][0x85][0xd6]=[0x85][0xf3];[0xe2][0xdc][0xfa]~o[0xe1][0xb0][0xad]EAs[0xa3][0xa2]|&amp;[0x13]:J[0xad][0xef][0x9a]&gt;~[0xc4][0xad][0xde][0xcf][0x7][0xb6][0xc2][0xb4][0xfe][0xb3][0xd0]&apos;0l[0xcc][0xc5][0x9f][0x8c].[0xcd][0x98][0xc];[0xb7][0xa6][0xef][0xcc]o[0xef][\n]&quot;
2013-02-06 13:51:57,196 AAD-WS DEBUG wire:77 - &gt;&gt; &quot;[0xc0][0xb0][0x4][0xfb][0xd4][0x97][0x19]VP[0x1][0xc][0xde]C[0xd5]a[\r][0xab][0xe][0xeb]Xs[0xb8][0xee][0xf1]&gt;6[0x1c]6[0xf0][0xc0]a[0xd3][0x9f][0x1f][0xe2][0x91][0xc3]M&lt;v[0xf8][0x4][[0xe][0x9f][0xe2][0x99][0xe9][0xb0][0x84][0xe7][0xee][0xfb][0x2]w[\r][0xd6]L[0xe7];[0xe6]]F[0xf5][0x17]PK[0x7][0x8]s&amp;[0xca][0xe][0xc9][0x1][0x0][0x0]d[0x4][0x0][0x0]PK[0x3][0x4][0x14][0x0][0x8][0x0][0x8][0x0][0xd4]|D5[0x0][0x0][0x0][0x0][0x0][0x0][0x0][0x0][0x0][0x0][0x0][0x0][0x1a][0x0][0x0][0x0]javax/help/HelpModel.class[0x95]R[0xdb]N[0xdb]@[0x14][0x9c]-)[0x86][0x90]p[0x87]4[0x94][0x96][0xab][0x80][0xbc][0xe0][0xf]@[0xe2][0xc5][0x1][0xd5]([0xd0][0xaa]Q[0xfb][0xbe]$G[0xc6][0xc8][0xac][0xa3][0xf5]b[0x85]_[0xe3][0x81][0xf][0xe0][0xa3][0x10][0xc7][0x1b]+qB[0xfa]P?x[0xa4]9[0xb3]sf[0xcf][0x9e][0xd7][0xb7][0xe7][0x17][0x0][0xa7]8t[0xf0][0xdd][0xc1][0x8e]@9![0xf3][0x83][0xa2]^[0x9b][0x8c]@[0xed][0xa4]u/S[0xd9]w[0xef][0x98]qs[0xfa][0xac][0xf1][0x97]eAA[0xb6]y[0xd2][0x98][0xa6][0x13][0xa8][0xb0][0x99][0xf7][0xa8]5)[0xe3]7[0x1d][0xec][0x9]|[0xf2][0x9b]L[0xfb]J[0x91][0xf6]&quot;[0x99]$[0x94]d[0xc7][0x8b][0xa7][0xaf]e[0xef][0xd0]o[0xe][0x9a]\[0xf4];[0xd4]3a[0xac][0x12][0x7][0xfb][0x2][0xde]4[0xa1][0xa5][0xdc]H[0xaa][0xc0]m[0x1b][0x1d][0xaa][0xe0][0xac]([0xba][0xca][0xc2][0xdc][0xc8]4[0xc][0xa4][0x89][0xb5]u[0xad][0x4][0x85]P[0x2][0x1b][0xe3][0xe1]sW[0x81][0xea]([0xfb][0x9f][0xdf]-[0x81][0x95]AsW[0x91]q[0x99][0xb0]V[0xe7][0x13][0xdc]g[0xa9][0x6][0xe3]M[0x96][0xf3]0CG[0x81]u[0xd9][0xed]f[0x7][0xaf][0xe3].E[0xad]01[0xc4][0xb3][0x13]8[0x1e][0x9b][0x5][0xa5][0xec][0xe0]~[0x90][0xd9][0x1e]5M[0xf]qJS&lt;[0xea]l[0xfd]K[0xc7]=[0xd2][0xe6][0xc9][0xbb][0xe3][0xd4]4[0xaa][0x1d][0xe5]W[0xbb]%[0xa9][0x12]w[0xba][0xca][0xda]o[0xf][0xec][0xff][0xe5]Sn[0xc7][0x8f][0xba]C[0x97]aD[0x2][0x8b][0xc3][0x10][0xa7][0x99]9_nbml[0x8d][0xc7]0[0x9a][0xe3][0xcf][0xdb]{[0xea][0x18][0x7][0x7][0xfc][0x2][0x1f][0x9e]I[0xa0]Q[0xe0]|[0x95][0xca]([0xec][0xe6][0xeb][0xe7][0xc5][0xca]P[0xdf][0xc]W[0x88][0xbb][0x8f][0x9f][0x9f][0x15][0xe0]}D[0xf6]UJ[0x2]3([0x1][0x8c][0x9f]1k[0xd1][0xc1][0x2][0xd7]+\-1V-[0xb3]8[0xc1],a[0xd9]jW[0xb0][0x9a][0xe3][0x9a][0xc5]ulX[0xdc]D[0xcd][0xe2][0x97][0x1c][0xeb][0xd8][0xb2][0xf8]5C[0xee][0xbd]m[0xff][0xdf]Pf,[0xb3][0xe7][0x1c]v1[0x8f][0xfa];PK[0x7][0x8][0xaf][0xe8][0xb7]9[0xa1][0x1][0x0][0x0][0x96][0x3][0x0][0x0]PK[0x3][0x4][0x14][0x0][0x8][0x0][0x8][0x0][0xd4]|D5[0x0][0x0][0x0][0x0][0x0][0x0][0x0][0x0][0x0][0x0][0x0][0x0]![0x0][0x0][0x0]javax/help/HelpSetException.class;[0xf5]o[0xd7]&gt;[0x6][0x6][0x6]=[0x6]^.[0x6]f[0x6].v[0x6]nv[0x6][0x1e]F[0x6]6[0x9b][0xcc][0xbc][0xcc][0x12];F[0x6]Q[\r][0x9f][0xac][0xc4][0xb2]D[0xfd][0x9c][0xc4][0xbc]t[0xfd][0xe0][0x92][0xa2][0xcc][0xbc]tk[0xcd]0F[0x6][0x16][0xe7][0xfc][0x94]TF[0x6]~[0x9f][0xcc][0xbc]T[0xbf][0xd2][0xdc][0xa4][0xd4][0xa2][0x90][0xc4][0xa4][0x1c][0xa0][0x8]Wp~iQr[0xaa][&amp;[0x88]#[0xea][0x91][0x9a]S[0x10][0x9c]Z[0xe2]Z[0x91][0x9c]ZP[0x92][0x99][0x9f][0xa7][0x7]2[0x8c][0x87][0x81][0x85][0x81][0x95][0x91]A[0x1a][0xc4][0xae][0xd0][0xcf][0x0]*[0xd1]GW[0xc7][0xc8] [0x8c][0xb0][0x16].[0xca][0xa0][0xc8][0xc0][0x4]t%[0x8]0[0x2]![0xd0][0x14] [0xc9][0x6][0xe4])[0x1][0xc5][0x99][0x80]4[0x9b][0x96][0xf6]v[0x6][0xc6][0x8d]`yv [0xc9][0x5][0x16][0xd5][0x0][0xaa][0xd3][0x4][0x8a]p[0x0][0xd9]L[0xc][0x9c][0x0]PK[0x7][0x8][0x15]:[0x5][0xe1][0xba][0x0][0x0][0x0][0xf3][0x0][0x0][0x0]PK[0x3][0x4][0x14][0x0][0x8][0x0][0x8][0x0][0xd4]|D5[0x0][0x0][0x0][0x0][0x0][0x0][0x0][0x0][0x0][0x0][0x0][0x0][0x1b][0x0][0x0][0x0]javax/help/HelpBroker.class[0xad]TYW[0xd3]@[0x18][0xbd][0x83]Hd[0x87][0xb2][0x89][0x1b][0x8a][0xa8][0xc5][0x85][0xba][0xa1][0xb2])[0xb4][0x5][0x89][0x80] =[0xf0][0xc0][0x8b]&apos;[0x94]9![0x18]&amp;=I[0xca][0xe2]O[0xf3][0xc1][0x1f][0xe0][0x8f][0xf2][0xf8][0xcd]$%[0xd3]P[0x8f]x[0xb4]}[0xb8][0xc9][0xfd][0xee][0xdc][0xf9][0x96][0xc9][0xfc][0xf8][0xf9][0xed];[0x80][0x9][0x94][0xc][0xbc]7[0xb0][0xcc][0xd0][0x16][0xf0]p[0x99][0xbb][0x95][0x12][0xf][0x19][0x86][0xb2][0xab][0x7][0xd6][0x91]u[0x92][0xdb]&apos;&amp;[0x17][0xd3]3[0xe3][0xdb]$[0xb3]5[0xd9]`v[0xbc][0x91][0x8e][0x2][0x89][0xd9][0x86][0xcf][0x3].B+t&lt;a[0xe0][0x3]C[0x87][0xce][0xd0][0xab])[0x4][0xf7][0xb][0xae][0x15][0x4]&lt;`[0x18]k[0xb4][0xf3][0x98][0xbe]D[0xa5][0xd1]Ji[0xac]ze[0xcb][0xe5][0xc][0xfd]q[0x16][0xb9]j[0xe8][0xb8][0xb9][0x88][0xa5][0x1c]Z[0x83]D2[0x90]=[0xaf][0x90]6[0x6][0xd9],y[0x82]J[0xe9][0xad][0x99]X[0xc7]aNR[0xe4]`[0x4][0xb5]h&quot;
2013-02-06 13:51:57,196 AAD-WS DEBUG wire:63 - &gt;&gt; &quot;&amp;[0x9b][\n]&quot;
2013-02-06 13:51:57,197 AAD-WS DEBUG wire:63 - &gt;&gt; &quot;[0xca][0xc5]][0x14].T}[0x9f][0x12][0xdb]v[0xf8]q[0xb2][0x8b]k[0x9];W[\n]&quot;
2013-02-06 13:51:57,197 AAD-WS DEBUG wire:63 - &gt;&gt; &quot;}G[0xd8][0x91][0xd0]N[0x9][0xcf]2[0xd6][0x95][0xc]=[0x8e]p[0xc2][0xfa][0xee]\[0xca]J[0x83][0xe][0xda][0xa9][0xe8][0x4][0x15][0xd7]:[0xe5]{[0xc][0xcd][0xd9][0x1d]5[0x8a][0xc5][0x93]2[0xaf]H]``[0x85][0xa1][0xdd][0x9]4[0x11][0xad][0xdc]!.nB[0xe4][0xd6][0xa7][0x95][0xb1][0xe1]9q[0x1d][0xed][0xb6][0xae][0xc9][0xe8][0x8d][0x88]DQ&apos;J[0xce]W~v2T[0xb4][0xe8][0x1c]r[0x11][0xd4]F&quot;{[0x19]i[0x6]u[0x8b]D[0x14][0x8d][0xa4]T[0xf6]9[0x17][0xb2][0x8][0xb3]6[0xc8][0x1a]E)[0x9b][0xd4][0x5][0x12][0xc9]6i[0xb5]t;A[0x8a]i[0x9][0xf6][0xbd]c[0xb3]h`[0x8d][0xa1][0xc9],2L[0xd7][0x9d][0x9b]5[0xab]2f[0x16]g[0xce]7[0xb9][0xd1][0x80][0xc]|d[0x98]j0[0xbb][0x8b]._[0x8f]&amp;[0x14][0x8f]Xf3[0xd8]([0x1b]5I[0xbb]N7P[0xff][0x1][0xc5]B[0x86][0xce][0xc4]nksU[0x9e][0xce]hg[0xc1][0xc3][0x1c][0x11][0xca][0xaa][0xd3][0xae][0xd7][0xf4][0xd4][0xba]^[0x13][0x91][0x84][0xb]k[0xd7][0xe5][0xf2]+Z[0xe1][0xa7][0xc]s[0xda][0xf0][\n]&quot;
2013-02-06 13:51:57,197 AAD-WS DEBUG wire:63 - &gt;&gt; &quot;[0xde]a[0xc5][0x13][0xb4][0xf8]we6[0xf8][0xf8][0xad]X[0xb1]f[0xd2][0xa9]Nrf[0x98][0xd5]6\[0xe3][0xa2]j[0x86][0xfc][0xf0]/[0xf2][0xcd]$^[0xeb]&quot;_[\r]Cy[0x5]m0|[0xd6][0x87][0xbd][0xbe]{[0xc0][0xcb][0xff][0xbd][0x8a][0x92]W[0xf5][0xcb]|[0xc9][0x91][0xb7]O[0xb7]\[0x9d][0xf7][0xbd]/[0xdc][0x9f][0x90]j[0x9a]{[0xca]:[\n]&quot;
2013-02-06 13:51:57,198 AAD-WS DEBUG wire:63 - &gt;&gt; &quot;[0xd2][0xc][0xd3]i[0x19][0xf8][0xc4]0[0xf2][0x87][0x1b][0x91]![0xab])[0xb6]DP[0xad]T&lt;?[0xe4]{[0xeb][0x15][0xee]+[0xc5][0xd9]Ma`[0x93]N[0xd3][0xb9]#[0xc7]0[0xae]q[0xa6]8[0xb2]\g/[0xde][0xaa]@[0xf7][0x1d]?[0x9][0xcf],[0x18][0x86]5m[0xde][0xda]3[0x8b]Zl4[0xa9][0xc0]t]n[[0xee][0x82]oW[0xe9][\n]&quot;
2013-02-06 13:51:57,198 AAD-WS DEBUG wire:63 - &gt;&gt; &quot;[0xd0][\r]2[0xe7][0xb][0xa2][[0xb2]&gt;[0xab][0x16][0x6][0xfa][0xb4]![0xa3][0xcd]t7[0xa0][0x19] [0xbc][0x8c][0x16][0x85][0x6][0xda][0x15]v[0xa0]Sa[0x17][0xba][0x15][0xf6][0xa0]Wa[0x6]}[\n]&quot;
2013-02-06 13:51:57,199 AAD-WS DEBUG wire:63 - &gt;&gt; &quot;[0xfb]1[0xa0]p[0x10]C[\n]&quot;
2013-02-06 13:51:57,199 AAD-WS DEBUG wire:63 - &gt;&gt; &quot;[0xaf]bX[0xe1]5\&apos;[0xff][0x1b][0xe4][0xde]Lx[0x93][0x98][[0x18]Q[0x91][0xdb][0xb8][0x93][0x8a][0x8c][0xe2]n[0x8a][0x19][0xc3][0xbd][0x14]s[0x1f][0xf]RL[0x16][0xe3])[0xe6]![0x1e][0xa5][0x98][0xc7][0x94][0x85][0xdc][0xf3]I[0xbc][0xf7][0x4][0x9e]i[0x8a][0xe7][0x8a]y[0xa1]1/[0x89][0x99][0xc4][0xab][0x94]f[0x92]j[0xac][0xd7][0xbc][0xc6][0x1b][0xe5]7[0x85]i[0x85]3[0x98]U8[0x87][0xb7]1[0xbe]S8[0x1f][0xbf][0xcf]cAa[0x9e][0xde][0x13][0xa7][0x82]bj[0x91][0xa2][0x1e][0xa1][0xc9],[0xd2]s[0x13][0x96][0xd0]F[0x98][0xa1][0xa7]+0[0xd1]J[0xff][0x1c]V[0xf1][0x14][0xc3][0xbf][0x0]PK[0x7][0x8][0xd6][0xe3][0x10][0xc6][0x15][0x3][0x0][0x0]b[0x8][0x0][0x0]PK[0x3][0x4][0x14][0x0][0x8][0x0][0x8][0x0][0xd4]|D5[0x0][0x0][0x0][0x0][0x0][0x0][0x0][0x0][0x0][0x0][0x0][0x0][0x17][0x0][0x0][0x0]javax/help/Map$ID.class[0x8d]U]s[0x13]U[0x18]~N[0x92]f[0xd3][0xed][0x92][0x96]@[0x91][0x82]@kQ[0xd2]Mh@&gt;D[0x8a](i[0xa8]D[0x92][0x82][0xa4]t[0xa6][0xdc]m[0x9b][0xd3][0xb2]L[0xba][0x1b][0xb6][&gt;[0x1c]t[0xbc]S[0xb9][0xe2][0xce][0xa9][0x97]2[0x83]^[0xf4][0xa2][\n]&quot;
2013-02-06 13:51:57,199 AAD-WS DEBUG wire:63 - &gt;&gt; &quot;[0xb4][0x3][0x1d][0x5]np[0xc6][0x1f][0xe5][0xf8][0x9c]$[0x8d]e[0x13][0x87]N&amp;[0xef][0xbb][0xe7][0xfd]|[0xde][0x8f]=[0xfb][0xf7]?[0xcf][0xff][0x4]0[0x8c]I[0x1d]Gp[0xb4][0xb][0x1f][0xe2][0x98][0x86][0xe3][0x1a]N[0xe8][0x88][0xe0]d[0xc][0x1f])~J[0x91][0x8f]u[0x84]qZ[0xc3][0x88][0xe][0x1d]gt[0xec][0xc2][0xc9]N&gt;}[0xa2][0xc8]Y[0xe5][0xf8][0xa9][0x86][0xcf]t[0x9c]CV[0xe9][0xb2]1[0x8c][0xc6][0x90]S[0x8e][0xe7]5[0x8c]i[0xf8]\ d[0x97][0x5][0x12][0x85][0x1b][0xd6]-+S[0xb1][0x9c][0xb9]L[0xc9][0xf7]lgn[0x84][0x9a][0xeb][0xb][0x2];k[0x9a];[0x99][0xeb][0xb2]R[0xcd]\ )I[0x9f][0xba][0xe8][0x8c]&apos;-_[0xd2]([0x9f][0x13]0[0xf2][0x8e]#[0xbd][0xd1][0x8a][0xb5][0xb0] [0xe9]3[0x92]l[\r][0xd7].[0xcc][0xd0]fa[0xd1][0xaa][0x1e][0xcc][0xe7][0x18]:2[0xea][0x96][0x19][0xb8][0xbb]`;r|q~Zz[0x13][0xd6]t[0x85][0x12][0xfd][0xfc][0x9d][0x19]Y[0xf5]m[0xd7]a[0x8e][0xe8][0x19][0xdb][0xb1][0xfd][0xb3][0x2]C[M6[0xc9][0x8]s[0xd2]o[0x9c][0x5]v%[0x87][0xda][0xd7][0xd6]E[0xab]|[0xae][0x1e][0x8a][\r]h[0x98][0x5][0x9a][0x13][0xa5][0xd1][0xd5]+[0x5][0x81][0x9e][\r][0xbd]#[0xfd][0xc]%J&apos;o.Z[0x15][0x82][0xec][0xdd][0x8c][0xed][0xd2][0xf4][\r]9C[0x1c][0xd7][0x4]b[0xbe][0xbb][0x11]^/[0xb9][0x8b][0xde][0x8c][0x1c][0xb3]U[0x85]16aXyh[0xb8]` [0x8f]/4\4P@Q[0xa0]o[0x13][0xd4][0xac]U[0xce][0xe7][0x9a][0xcd]`%A|[0xd9][0xc5][0xd9]Y[0xe9][0x19][0x18][0xc4][0xb8]@|[0xdc][0xf5][0xfb]oY[0x15][0xbb][0xdc][0x9f][0xcf][0x9d][0xee]7p[0x9][0x97][\r][0x1c]FR[0xe9][0xbf][0x14][0xd8][0xde]2[0x4][0xa5]8h`7[0xfa][0xc][0xec][0xc1]^[0x3]WP[0x12][0xd8][0xdf][0xac][0xb2]hUf]o^[0x96]Yn[0x13][0x86][0x86][0x9][0x3])[0xa4]9@[0x95][0x86][0x9b][0x91][0xae][0xe5][0xba][0xca][0x16][0x5][0x9b][0xc0][0xae][0xd6]D[0xb6][0x9b])I[0xcf]&amp;[0xb6][0xaf][0xea]#N[0xb4][0xe][0x84][0x5][0xb0][0xd5][0xa3][0xee][0xfc]4[0xf7][0xa1]L[0x80][0xb4]J[0x6]7[0x87]M[0x8f][0xbf])[0x11][0xe8][0xb4][0x17]&amp;U[0xd5]jA[0xb7][0xbc]$[0x1c]N8[0xa9]V%jU[0xab][0xd2][0xe1][0xab][0x91]n[0xe3][0xda][0xba][0x11][0xf5][0x8e][0x13][0xc6][0xc5][0xb7]dR`[0xb7][0xbe][0xb0]F}[0xcb][0xc6]&lt;w^[0x95]1[0x98]l[0xf3][0xc6][0xb4][0xac]_O0|[0xa0][0x88][0x8d]E[0xfc][0xbf]&quot;p[0x14][0xea][0xb2][0x10]x[0x7]!R[0xae][0x1]/#[0xa1]6[0x81]\C&apos;[0xde][0xc5][0x1]j[0xfa]yr[0x10][0xe5][0xfd][0x3]dS[0xaf][0xa1][0x99][0xa1]C[0xac][0xa4]V![0x8a]i3[0xf5][0xc][0xa1]0~[0xc2][0xc0]:[0xc2]S[0xeb][0x88]L[0xad][0xa1]#[0x11]][0xa5][0x15][0xff][0xab][0x88][0xd1]b[\r][0x9d]/[0xd6][0xa1]O[0xa9][0xa7][0xae][0x95]Z[0x8e][0x1][0xd2]=[0x8c][0x9][0xdc]F[0xc]w[0x89][0xe3][0x1e][0xba][0xf1]5e[0xdf][0xe0][0x14][0xbe][0xc5]{[0xd4]Dh[0x17]f~[0xee]h[0x3][0xc5]1r[0x85][0xa2][0xdb]\[0x83]a[0xa6][0x9e]b[0x9b][0x99]~[0x8a][0xf8]o[0xcd][0x90][0x9]:[0x1][0xdf][0x91]~O[0xf8]? [0x8e][0xfb][0x9b]B[0x9][0xbc][0x8f][0xf]HU[0xa8]}[0xe4][0x82][0xbc][0xc3]|[0x82][0xf8][0x98][0xa2]5[0xe1][0x3][0xd2]CH[0xb6]1[0xdd][0x16]4[0xfd][0x91]t[0x8]f[0x3]`[0x91]&lt;D&gt;[0xa0][0xa2][0xbe][0x86][0xae]&lt;j[0xcd]Rg[0xf6][0xcb]|[0x86][0xee][0x10]V[\n]&quot;
2013-02-06 13:51:57,200 AAD-WS DEBUG wire:63 - &gt;&gt; &quot;[0xa9][0x17]t[0xeb][0xc1]~[0xfe]z[0xde][0x80][0xfe]3!?[0xa4][0xec][0x11]5[0xbf]6[0xa1]+[0x1b][0xbe]q[\r]&lt;[0x13][0x8d].[0x1c]I[0xbd][0x82][0xbe][0x4]3[0xf5][0x12]z1[0xcd]L*[0xdb]*[0xb6]/[0xa1][0x97][0xa7]x=eb[0x9]Z[0xe4][0x17]D[0xc2][0xcb][0xe1][0xe5]@[0x9b]~[0xe7][0x8c][0x1f][0xc3][0xc0][0x13]~[0x80][0x88]M[0xdd][0x14][0x8d][0xc]#[0xb5]}[0x0][0x6]7[0xe6][0xb9]C[0xcd][0xb3][0x16]]K[0xec][0xac]?3v/[0xc7][0x1b][0xec][0xc7][0x1f]t[0x1d]&amp;[0xf]![0xc3][0x12][0xc0][0xc1][0xf2][0xea][0xe3][0xe7]i[0x1f][0xfa][0xfe][0x5]PK[0x7][0x8][0x9c][0xaf][0xe2][0x2][0x86][0x3][0x0][0x0][0xee][0x6][0x0][0x0]PK[0x3][0x4][0x14][0x0][0x8][0x0][0x8][0x0][0xd4]|D5[0x0][0x0][0x0][0x0][0x0][0x0][0x0][0x0][0x0][0x0][0x0][0x0][0x14][0x0][0x0][0x0]javax/help/Map.classmQ[0xcb]N[0xc2]@[0x14]=[0x83][0x95]BE[0x4][0xdf]h[0xe2]F[0x13][0xcb][0x86]~@W[0x86]Bl[0x2]1[0x91][0xe8][0xc2][0xdd][0x8]#[0xe][0x99][0xb6][0xa4][0x1d][0xc][0xdf][0xe6][0xc2][0xf][0xf0][0xa3][0x8c]w[\n]&quot;
2013-02-06 13:51:57,200 AAD-WS DEBUG wire:63 - &gt;&gt; &quot;[0x1][0x89]L2s[0x92]{[0xcf]9[0xf7]1[0xdf]?[0x9f]_[0x0]Z[0xb8][0xb4]qf[0xe3][0xdc]F[0x83][0xa1][0x10][0x6][0xc][0x95]0[0x8e]E[0xda]V&lt;[0xcb]D[0xc6]P[0x96][0xd9]3WrdRM[0xb7]7[0xe1][0x1f][0xdc]S&lt;[0x1e]{[0x3][0x9d][0xca]x[0xec][0xe7][0x91][0xb9][0xf7].[0xd4][0xd4][0xbb][0xa7]g [0xb4][0xdf]|![0xdd]X[0xe8];[0xa5][0xc2][0x80]&lt;[0x1a]ns![0x9c]i[0xa9][0xbc]N&lt;[0x8b]D[0xca][0xb5]Lb[0x9f][0xca][0x11][0xef][0xe9][0xb1][0xd7]M[0x93][0xc8][0x94][0xb8]v[0xff][0x1a][0xf6][0xf9][0xf4]&amp;[0xc][0xfc][0xa5]:[0x16][0xda]#*[0x89][0x9c][0xce]|([0xa6][0xc6]![0xb3]q[0xc1]`[0xc9][0xcc][0x88][0xeb][0xee]&amp;[0xd1][0xf4]a[0xfc][0xc3][0xc0][0xd8]Sd[0xe5][0xbf][0xa6]l)[0xb7][0x10][0xb5]UB[0xb][0xd0][0xc6][0xb7][0x98]{[0xd0] [0xb7][[0xd5][0xdb][0xc6]r[0x6][0xc9],[0x1d][0x8a][0xae]T[0x82][0xa1]D[0xc6]-[0xc3]d[0xa8]n[0x96]c[0xa8][0xad]7[0xfa][0xf0]:[0x11]CMc[0xfc]k[0x89][0xe1]jU[0xb7][0xcf][0xd5][[0x92]FbD[\r][0xac][0xd6]Pd[0xa0][0xef][0x83]9[0xb6]E[\r][0xc3][0x6][0x8]K([0xe7][0xe8]`[0x8f][0xf2][0x15][0xca]Z[0x84][0xfb][0x14][0xa9][0xe2] [0xcf][0xd4]P[0xcf][0xf1]p[0x89]G8&amp;V[0x1]&apos;[0xf9]{[0x8a]]B[0x87]4;t-4~[0x1]PK[0x7][0x8]S[0xf]imG[0x1][0x0][0x0]7[0x2][0x0][0x0]PK[0x3][0x4][0x14][0x0][0x8][0x0][0x8][0x0][0xd4]|D5[0x0][0x0][0x0][0x0][0x0][0x0][0x0][0x0][0x0][0x0][0x0][0x0][0x1e][0x0][0x0][0x0]javax/help/NavigatorView.class[0xb5]V[0xeb]s[0x13]U[0x14][0xff]m[0x9b]d[0x93][0xed][0x96][0x96][0xf4][0x1]k-m5[0xd0]4M[0x1b][0x10]A[\r]X[0xd0][0x96]J0[\r]h[0x10][0x89]([0xb8]M[0xb7][0xe9][0xe2]f[0xb7]n7m[0x1][0xc5][0x17][0xe2][0x13][0x9f][0xf8][0x16][0xfd][0xe2][0xc8]7E4-#[0xa3][0xf0][0x9][0x1c][0xc7][0x19][0xc6][0xbf][0xc1][0xff][0xc3][0xf1][0xdc][0xdd][0xd0]n[0x1e]e[0xfc][0xa0][0x93][0x99]s[0xf7][0x9e][0xf3];[0xe7][0x9e]s[0xee]9&apos;[0xf7][0xf7][0xbf][0xfe][0x15][0xc0] [0xbe][0x12][0xb0][0x6][0x87]x&lt;[0xc9][0xe3])[0x1]u8,[0xa0][0x1e]G[0x4][0xf4][0xe0]i[0x1e][0xb2][0x1f][0xe3][0x2]x[0x1c][0x9]`=[0xb2]~l[0x11]0[0x1][0x85][0xc7][0xa4][0x80][0xad][0xc8][0xf9]1[0xc5][0xf8]*#G[0x19]y[0x86][0x11][0x8d][0x91]&lt;#[0xba][0x0][0x3][0xd3]&lt;[0x9e]e[0x1b][0xd3][0x8f][0x19][0x81]V[0x8b]m[\n]&quot;
2013-02-06 13:51:57,201 AAD-WS DEBUG wire:63 - &gt;&gt; &quot;~[0xcc][0xb2]u[0xce][0x8f]y[0xb6][0x1e][0xf3][0xe3]8[0x8f][0x13][0x2][0x9e][0xc3][0xf3][0xcc][0x9f][0x93][0x2]^[0xc0][0x8b]&lt;^[0xe2][0xf1]2[0x8f]W[0xfc]8%[0xa0][0x17][0xaf]2[0xfd][0xd3]&lt;^[0xe3]P75[0xc3][0xa1]5yT[0x9e][0x95][0xe7]cS[0x8a]6[0x1d][0xdb]M$[0xad]X[0xdb]8xt9[0xaf]p[0x8][0xda][0xd2][0x98]&amp;[0xeb][0xb9]X[0xda]2U=G2[0xaf]&amp;[0x8f]+[0x1a][0x7][0x9f]fdem[0x19]U[0xb0]T-[0x96][0xb4]y[0x84][0xf2]M[0xcb][0xa6][0x9c][0xa7][0x13][0xda]\[0xd2][0xdd][0xf2][0xcc][0x94]%[0x8f][0xdb][0x0]^[0xcd][0xcb]9%1[0xc2][0xe3][\r][0xf2]%1[0xc2]AL[0xe8][0xba]b[0xe]k[0xf2][0xcc][0x8c]B[0x8a]-n[0xd7][0xc6][0xe4][0xe9]Pb[0x84][0xd4][0x2]y[0xc5][0xcc])[0xfb][0x8f]M[0xd3][0xc1]k[0xb3][0xc][0x1b][0xb2]a![0x6][0xb][0x95]&quot;[0xe0][0xb0][0xda][0xe5][0xb9]m[0x91][0xa9][0xa6][0x8f][0xe9][0xd6][0x94]b[0xa9]Y[0xe][0xed][0xcb][0xaa]![0x6][\n]&quot;
2013-02-06 13:51:57,201 AAD-WS DEBUG wire:63 - &gt;&gt; &quot;9[0xe1][0x95][0xb][0x98][0xcf][0xa1]d)J[0xa9]R[0xb0][0x14][0xc][0x5][0xbb]][0xd5]Uk[0x88][0xc3]x[0xb8]V&gt;[0xab][0xb3][0xb8][0x12][0xc7][0x9d][0xc3][0x9a]y[0xeb];@[0x97]3lL[0xd0][0xa1]MIUWR[0x85][0xfc][0xb8]b[0xee]/[0xb9][0x91]5[0x15][0xd9][0xa2][0x8f]3[0xff][0xb9][0x1b]+`\[0x8e][0xb9]OL[0xc9][0xb3]jN[0xb6][0xc][0xf3][0x80][0xaa][0xcc]Q[0xe6][0x85]][0xf3]Ye[0xda]R[\r][0x9d][0xee][0xb5][0xc9][0xf1]r[0x9][0xc3]!Z[0xe5][0xee][0x18]E[0xa8][0x95]l[0xc6][0xe4]9+6l[0xe4][0xa7][\r]][0xd1]Yq[\n]&quot;
2013-02-06 13:51:57,201 AAD-WS DEBUG wire:63 - &gt;&gt; &quot;9[0xc5]Z[0xba][0xe8][0xf6]p_[0xed][0x12][0xe6][0x9][0x95][0xb2][0xab][0xb8][0xb5][0x4][0xa9][0xa8]c?[0x1][0x92]N)o[0x8]W[0xc7]]S&apos;[0xc0]tJ[0x5][0xb1]d[0xb6][0xbc][0xf0][0x1b][0x9][0xb2][0x8f][0xd5][0xbe]b)&amp;[0x85][0xbb][0xa6][0xc][0xe6][0xee][0x0][0x91][0x90]c[0xcb][0xd5][0xcc][0xc2]J8=A]S[0x1e][0xd6]R[0xf9][0xfb][0x9c]*[0xe4][0xb0]&gt;\[0xed]__[0x8d][0xa2][0x17][0xd2]F[0xc1][0xcc]*[0xa3][0xaa][0xdd][0xa9]e[0x17]3[0xc8][0xd0]&quot;[0xde][0xc4]A[0xe][0xdd][0x15][0x9a])[0xc3][0x1a]5[\n]&quot;
2013-02-06 13:51:57,202 AAD-WS DEBUG wire:63 - &gt;&gt; &quot;[0xfa][0xc4][0xd2][0xc5]qX[0xb7][0xc]I[0x19]6hD[0x99]t@[0xa6]i[0x98]&quot;[0xde][0xc2][0x98][0x88][0x7][0xf0]6#g[0xca][0xf1][0x5]M[0xdb]g[0xa8]:e[0xc4]e[0xb0]-[0xa1][0xcf][0xca][0x9a]:[0xd1][0xcd][0x86]M[0xb7]av[0xdb][0x83]E[0xc4][0x16][0xdc][0xc7][0xe3][0x1d][0x11][0xef][0xe2]=[0xe][0xcd][0x95]Q[0x8a][0xd8][0x85][0xf7]o[0xce][0x1][0x8b]2&apos;&quot;[0x8e][0x98][0x88]([0x6]D[0x9a][0xc5][0xf4][0xb5][0x91][0x91]M[0xb8]K[0xc4]f[0xdc][0xcd][0xe3][0x3][0x11][0x1f][0xe2],[0xd5]]E[0x88]&quot;[0xb6]a;[0xe5][0xc4]N[0xf3] K[0xf3]`[0xa9]zD&lt;[0x8e][0x83]&quot;[0x86][0x98][0xd8]&gt;[0x90]i[\r][0xde]&lt;[0xc7]2[0x9f][0xdd][0xe9][0xa0]s[0xf5]&quot;v2~[0xcb]2[0xdf]5 \Q[0xec][0x1d]?[0xaa]d-[0x1e][0x1f][0x89][0xf8][0x98][0x9d][0xf2][0x9]&gt;[0xe5][0xf1][0x99][0x88][0xcf][0xf1][0x5]M[0xb4][0x95][0x9a][0xa8]d[0xd8]1[0xe1][0xca]a[0xd8][0xa5]PJg[0x99][0x9e][0xb][0xda]&lt;l[0x14]4J[0xb6]au;[0x1d][0xc8][0xee][0xe9]K[0x11])[0x8c]Q1[0xdb][0xd6]U#[0x96]VL[0x95][0xac][0x1c]g~[0xf3]8G[0x93][0xb4][0xaa][0xc][0xa9][0xb7]&amp;[\r][0xd3][0xe9]-[0xc1][0xae][0xe1][0x99][0x19]*[V[0xb4]5j[0x92][0x6]V}[0x98][0xd1][0x96][0x1a]]@[0xb2][0x1c][0xeb][0xe2][\r]nM&apos;Ce[0xd5]\bq[0xd8]V[0xe3][0x88]Z[0xfd]_[0xbb]{[0x82][0xd5][0xc8][0x9b]=-O(4[0x89][0xa4]pU[0xf]9&quot;Rn[0xab]) }[0x8d]&gt;l[0xe][0x87]Udk[0x98][0xa6][0x9c]e[0x16][0xb2][0xf6]h[0xdb][0x1c]&gt;T[0xd5][0x94][0xee]#LeR[0xa3][0xc8]b.%:[0xaa][0xf3][0x96][0x0][0xe][\r][0xba]2[0x97][0xa0][0xbd][0xac]g)[0x85][0xbd]eg[0xdc]*{[0xa7][0xff]e[0xf6][0xfe][0xdf][\n]&quot;
2013-02-06 13:51:57,202 AAD-WS DEBUG wire:63 - &gt;&gt; &quot;[0xaa][0x85]U[0xe5][0xb7][0xe3][0xe9][0xa1]WI[0xf]8[0xf4][0xa3][0x81][0xde]O[0xd4][0xca][0xf4][0xae][0xaa]c[0xdd]l[0xaf][0x1b]K+[0xf5][0xb4][0xbd]R[[0xdb]+[\r][\n]&quot;
2013-02-06 13:51:57,203 AAD-WS DEBUG wire:63 - &gt;&gt; &quot;{[0x8d][0xdb]r?[0xeb]g[0xb2]q?`[0xef][0x86][0xca]v;[0xca]v;];[0x11][0x1e]j[0x84][0x7]i?L[0xbb]&quot;=[0xdd]xZ[0x95][0xc8]&quot;|[0xd1]k[0xe0][0x7][0xae][0xa3][0xf1]2[0xf8]L[0xd0][0xbf][0x88][0xc0][0x95][0x8]W[0x84] y[0xaf]!*y[0x83][\r][0xb][0x10][0xaf][0xa2]1[0xee][0x93]|[0xd7][0xd0][0x18][0x91]|[0xfd][0x97][0xb0][0x8a][0xe4][0x11][0x92]59[0xb2]&quot;[0x9a]#[0xfd]E[0xac][0x8e]D[0x8b][0x8]F[0x6][0x8a]h[0x89]H[0x9e]&quot;Z[0x9]RD[0xdb][0xf]t[0x10][0x87][0x11][0xa2]Ch[0xb2][0xa9][0x87][0x1c]e[0x93][0xa4][0x9d][0x1c][0xea] [0x87][0xba]I[0x1a][0xa5][0x89][0xb7][0x9][0xa3][0x14][0xde]CH[0xd0]/[0x85]=H[0xe3]a[0x1c]D[0x12][0x87]1F[0xcf][0xc9][0x14][0x2][0x84][0x19][0xa5]TP[0x8]\/[0xed]D[0xb2][0xf6]Wd[0x1][0xed]q[0x9f][0xff][0x17][0xac][0xc9][0xd4]_[0xc4][0xda][0xeb]h[\n]&quot;
2013-02-06 13:51:57,203 AAD-WS DEBUG wire:77 - &gt;&gt; &quot;J[0x97]p[[0xe6]G[0xac]=[0xf][0x1f]q[0xd2][0x19][0xcf]Et0[0xfe][0xed][0xe][0xbf][0xc3][0xe6]w[0xa4]3[0xde][0x15][0xf8]D;[0x19][0x9d][0xc3][0xef][0xb4][0xf9][0x9d][0xe9][0xc][0x11]][0x8c][0xdf][0xed][0xf0][0xbb]l~W:.[0xd0][0xe9]=[0x99][0xfa][0x8][0x9d][0xd4]OV[0xa3]da[0x80][0xd0][0x92]7[0x1d]o[0x90]|[0x94]Z[0xc9]s[0x9]\[0x9c]?[0xf]Q[0xf2]I[0x9e][0x5][0xdc][0x11][0xe7]%^[0x12][0x16]pg&lt; [0x5]$Jq[0xe8]*[0xd6][0xc7][0xfd][0x92][0xff]B&lt;p[0x19][0xbd][0x99]`8[0xd2][0x1f][0x1d][0x90]&lt;[0x92]w[0x11]}W(}[0xc0][\r][0xfa]m(%2[0x2][0x81]h[0x1e]&gt;z7[0x9f][0x82][0x89][0xaf]Q[0xc0]7[0x98][0xc5]w[0x98][0xc7]&quot;[0x8e][0xe3]*N[0xe0][0xf]z#[0xdf][0xc0]IJ&apos;([0xe1][0xd4]@[0x1e][0xe][0xbb])[0xb1][0xec]2[0xf6]Pb[0x9d]J[0xe8][0xa4][0x95]Y[0xf7]F~[0xc2][0xea][0xb]K7[0xe5][0xb3][0x99]g[0x89]&amp;)[0xf7][0xd5][0xd0]`%[0xf4][0x1c][0xd1][0x14][0xf6][0xba][0xa0]u6t[0x1][0x91]J[0xe8][0xb7]6[0xb4][0x96][0xd5][0x96]J[0xe8][0xf7]D[0xf7][0xe1][0x91][0x1a][0xd0][0xd6]J[0xe8][0x2][0xd1]G[0xa9]b[0xaa][0xa1]m[0x95]P[0x96][0xcf][0xfd]5[0x1d]h[0xae][0x84][0xfe]F[0xf4]1[0x1c][0xa8][0x1][0x15]*[0xa1]R[0xc7][0xd1]?[0xaa]S[0x9e][0xd4][0xc3][0xf5]v[0x6][0x82][0x11][0xba][0xf9][0xb][0xc9][0xcb][0xa8][0xcf][0xf4]/[0xc0][0xb3][0x8][0xaf]s[0x9b]^[0xfa][0xd5][0x95][0xe9][0x1b][0xa5]N[0xad]C[0xc6][0xa6]O[0xe0]^Z[0x5][0x92]m[0xc5][0xeb][0xb8][0x7][0xd2]?PK[0x7][0x8]l[0xd4][0xaa]&gt;[0xe][0x6][0x0][0x0][0x8a][\r][0x0][0x0]PK[0x3][0x4][0x14][0x0][0x8][0x0][0x8][0x0][0xd4]|D5[0x0][0x0][0x0][0x0][0x0][0x0][0x0][0x0][0x0][0x0][0x0][0x0]&amp;[0x0][0x0][0x0]javax/help/TryMap$TryEnumeration.classuRMO[0x13]Q[0x14]=[0xaf][0xd3]v[0xec]t[0x84][0x16]+[0x88][0x1f]X[0x11][0xa1][0x9d]&quot;[0xa3]n%[0x6][0x83][0x98][0x90][0x14]L[0x4]][0x98][0xb8][0x98][0xe2][0xb][0xc]N[0xa7]d:5[0xf8]C\[0xe8][0x1f]`[0xc3]B[0xa3][0x8d][0xc1][0x85][0xba][0xd2][0xc4][0xe1]Wb4jL\[0xb8][0x12][0xcf][0x9b][0xd6][0x6]+l[0xee]}[0xef]~[0x9c]{[0xcf]y[0xef][0xcd][0xef]g[0xcf][0x1]L[0xe0][0xac][0x81]4[0x8e][0xa6]`[0xe0][0x98]2C[0xca][0x1c]O[0xc3]D^[0x99][0x13]:[0x86][0xd3][0xd0]qR[0x99][0x11][0x1d][0xa3]:[0x8a]:,[0x1]![0x5][0x6][0xca][0xab][0xce][0x1d][0xc7]n[0x84][0xae]g[0xcf][0xf8][0x8d][0xaa][0xc][0x9c][0xd0][0xad][0xf9][0xe7][0x99][0xbd]-[0xa0]5[0x2]O[0xa0][0xa7]U[0xe3][0xcb][0xd0][0xbe]v[0xb5][0xcc]Tr[0xd2][0xf5][0xdd][0xf0][0x82]@[0xa1][0xb0]G[0xfb][0xbf][0x1d][0xc5][0xeb][0x2][0xf1][0xe9][0xda]-[0xce][0xeb]-[0xbb][0xbe][0x9c]oT+2Xt*[0x9e][0x8a][0xac]8[0xf5][0xb9]Z g&lt;Y[0x95]~X[0xe7][0xd4]B[0xf1][0x86]@[0xda][0x97][0xeb]a;([0x90]+[0x14][[0x98][0x9e][0xe3]/[0xdb]W*[0xab]r)[0xe4]&amp;[0xc6]B[0xad][0x11],[0xc9][0xcb][0xae]BJ/[0x6]w[0xe7][0x9c][0xb5][0x9]Ug[0xa2][0xf]%[0x13][0xfb][0xd1]c[0xa2]W[0x99][0xc][0xb2]&amp;[0xfa]1`[0xe2][0x10][0x6][0xc9]I[0x15][0xad][0xdb]+[0xd2][[0xb3][0xd9]cb[0x1c][0xa7]MJi[0xeb]8#[0x90][0xdf][0x91]m[0x81][0x8e][0xd0][0xed] H[0x80][0xee][0x80]9[0xeb][0xfb]2[0x98][0xf6][0x9c]z][0x92]D[0xa6]{[[0x81][0x83][0xbb]j[0x15][0xf1][0xa5]@[0xa9]e[0x19]^[0xf4][0xbc][0xd9]Kl[0x1e][0xfc][0xcb]v[0x97]wI[0xb2].*[0x1a]+t[0xa9][0xbc]gK[0xf6]?:[0xc8]C[0xfd][0x19]n[\r][\r]1%[0x13]?RL)[0x15]y[0x8a]E[0xaf]1[0xdf][0x87][0x3][0xb4]9[0xde]&amp;[0x19][0xd7][0xe8]s[0xd6]S[0x8][0xab][0xd4]D[0xcc][0x12]Mh[0xd6]x[0x13][0xf1]G[0x8c][0x93][0x1f]m?[0x12][0xb4]o[0x11][0xc7];[0xa4][0xf0][0x9e]x[0x1f][0x88][0xf0][0x91]Yj[0xdf]F[0xba]&quot;
2013-02-06 13:51:57,204 AAD-WS DEBUG wire:63 - &gt;&gt; &quot;[0x17][0xcd][0x4]nn`[0xca]z[0x82][0xd8][0x16][0x12][0x2][0xf][0x90][0xd0]6[[0xb7][0xa4][0xc0]K[0xe8]e^[0xe2][0xaf][0x91][0xb1]J[[0xd8]&apos;[0xc0]Q[0x1b][0xc8]Z%[0x15][0xdd]B*[0xa6][0x2]&lt;k[0xaf][0xb6]_([0x17]a[0xdc][0xdf]~[0xdc]9ovV[0x1a][0xe5]&quot;[0xc0]&apos;[0xe][0xfd]L[0x82]_H[0xed]+[0x86][0xf0][\r][0xa7][0xf0][0x1d][0xe7][0xf0][0x3]S[0xcc]-[0xe0]&apos;[0xab][0xf9]3[0xda]+[0xe][0xd3][0xb]z[0xa3][0x85][0xc7][0x8d][0x1e]v[0xf0][0x92]Q[0xe6][0x17])[0x1c][0x8e][0xc4]:[0x82][0x82][0xaa]d[0xd4] [0xe6][0x18][0x8c]?PK[0x7][0x8][0xde]i[0xe2][0x12]+[0x2][0x0][0x0][0x98][0x3][0x0][0x0]PK[0x3][0x4][0x14][0x0][0x8][0x0][0x8][0x0][0xd4]|D5[0x0][0x0][0x0][0x0][0x0][0x0][0x0][0x0][0x0][0x0][0x0][0x0][0x17][0x0][0x0][0x0]javax/help/TryMap.class[0x95]V[0xdb]s[0x13]U[0x18][0xff]mn[0x9b][0xcb]B[0xa1]@%\[0x8b]TI[0xdb][0x94][0x80][0xa8]h[0x8b]([0xf4][0x2][0x81][0xa6]([0x85]J[0xb9][0xba]iN[0xdb][0x94]dS7[0x1b]Z[0xee][0xa2][0xe2][0x8b][0xb7][0x19][0xdf]t[0xc6][0xbb]3}[0xe1][0x1]Fh-[0x9d]A[0x1c][0x15][0xd4]q[0xc6]g[0x1f][0x9c][0xd1][0xd1][0xbf]C[0xfd][0x9d][0xcd]6M[0xd3][0xe0][0x8c][0xf][0xfb][0x9d][0xcd]9[0xdf][0xe5][0xf7][0xfd][0xbe][0xef]|[0x9b][0x9f][0xfe][0xbe]}[0x7][0xc0]f[0xbc][0x11]D[0x3][0xf6][0xa9][0xd8][0x1f][0x84][0xb][0xfb][0x2][0xd8][0x88]n[0xf9][0x96][0x90][0xa2]G[0x8a][0x3]*[0x9e][0xf][0xc2][0x8f]}~[0xbc] [0xd7][0x83]R[0xf4][0x6][0xa9]x([0x84][0xc3][0xe8]S[0xf1]b[0x8]58&quot;[0xf4][0xab]8[0x1a]D-[0x8e][0xf9]q\[0xaa][0x9d][0xf0][0xe3][0xa4]&lt;&lt;%[0xc5]K~[0xe8]rMJ[[0x8a]z[0xc]H[0x91][\n]&quot;
2013-02-06 13:51:57,204 AAD-WS DEBUG wire:63 - &gt;&gt; &quot;B`P[0x8a]![0x15][0xc3]r&apos;[0xad]bD[0xc5]i[0x15][0x19][0x15]Y[0x5][0x8b][0xf][0x99]g;[0x8d]BV[0x98][0xba][0x95][0xce][0x19][\n]&quot;
2013-02-06 13:51:57,205 AAD-WS DEBUG wire:63 - &gt;&gt; &quot;[0xb4][0xb8]a[0x8][0xb3]=[0xa3][0xe7][0xf3]&quot;[0xaf][0xc0][0x93][0xd5]G[0xb9][0xd4]v[0x8f][0xe8]g[0xf4]X[0xc1]Jgb}b[0xc0][0xca][0x99]m[\n]&quot;
2013-02-06 13:51:57,205 AAD-WS DEBUG wire:63 - &gt;&gt; &quot;[0xbc])[0x91],[0xc])P[0x8e]*X[0xd4][0x9e]3[0xf2][0x96]nX}z[0xa6] [0xdc][0xcc][0x1e][\n]&quot;
2013-02-06 13:51:57,205 AAD-WS DEBUG wire:63 - &gt;&gt; &quot;|;[0xd2]F[0xda][0xda][0xa9][0xc0][0x1d]i[0xec][0xa3][0xaf][0xf6]\J([0xa8][0xe9]N[0x1b][0xa2][0xa7][0x90]M[\n]&quot;
2013-02-06 13:51:57,206 AAD-WS DEBUG wire:63 - &gt;&gt; &quot;[0xf3][0x90][0x9e][0xcc]p[0xc7][0xad][0xa7]R[\n]&quot;
2013-02-06 13:51:57,206 AAD-WS DEBUG wire:63 - &gt;&gt; &quot;[0x96]E[0xec] [0xe3][0xb1]a[0x91][0x19][0x8d]%[0xf4][0xd1]6i[0xe4]3E6wFT=f\uHX[0x9][0x1b]b8[0xd2]X[0x6][0xb2],&apos;&quot;[\r][0xa4][0xf3][0xc4][0x95]N[0xc5];[0x14]4[0x16][0xfd][0xc4]2[0xba]1[0x14][0xeb][0xb5][0xcc][0xb4]1[0xd4]V[0xee]y/E[0xaf][0xb0]l[0xef][0x1]z[0xdf][0x95][0xc9][0xc4];[0xe8]_[0xe3][0xfb][0xe1][0x83][0xdd]]f.[0x1b][0xef]PA[0xaa]\[0xd2][0xdd][0xc6]JX[\r][0xf1][0x8e]6[0x7][0x89]![0xac][0x18]M[0x8] [0xd8]9&gt; F%[0x1a][0xc9]i:/-[0x97]F[0xe6]k[0xc9][0x80]2H[0xbc]C[0xc6][0xe0]N[0xc9][0xf9][0x9c]J[0x95]XE[0xa3][0xf6]L[0x8e][0xf5][0xb2][0xa4]_[0x9f][0xed][0x83]q6U[0xb5][0xae][0xc6][0xcf][0x8a]*[0x9c]H[0xf2][0x83][0xbd][0xb9][0x82]9 [0xba][0xd2][0xb2]J![0xb6][\n]&quot;
2013-02-06 13:51:57,206 AAD-WS DEBUG wire:63 - &gt;&gt; &quot;cn[0x96][0x9a][0x1a][0x9b];[0xa6]`IeWh[0x88][0xa0]QC[0xe][0xa3][0x1a]^[0x6][0xe6][0xb1]]A][0xa5][0xf3][0xdd][0x85][0xc1]Aa[0xd2][0xa9].[0xf5][0x1a],[0x14]4[0x9c][0xc1][0x98][0x86]&amp;[0xec]Q1[0xae][0xe1],[0xce][0xb1]C[0xe7][0xa7][0xac][0xe1])&lt;[0xad][0xe1]&lt;.([0xa8]/;*[0x82]k[0x98][0xdf][0xce][0x12][0xe6]E6gy[0xe9]&quot;2[0xd2]%v-q[0xb6]a[0xa7][0x86][0xe7][0xb0][0xab][0xa8]R&quot;[0x9e]*[0xbb][0xd1][0xae][0xe1][0xb2][0x4][0xf3][\n]&quot;
2013-02-06 13:51:57,207 AAD-WS DEBUG wire:63 - &gt;&gt; &quot;[0xc6]T\[0xd1][0xf0]*^[0xd3][0xf0]:[0xae][0x92][0xef]rVe[0x88]=[\n]&quot;
2013-02-06 13:51:57,207 AAD-WS DEBUG wire:63 - &gt;&gt; &quot;[0xd6][0x95][0xf6][0x12]zf0gfE[0x8a][0x87][0xa5][0xaa][0xb3][0xda][0xb][0xb0][0xce][0xd2]g[0xf3]r 9B[0x2][0x15],[0xb7][0xb7][0xd2][0xb9]X[0xaf]0[0xd3][0xa4][0xe6]\[0xf1][0x86],]Pw[0x92][0xc7][[0xd3][0x99][0x11]YaX[0x15][0x15],:[0xb3]+[0xb8][0xa8]x}[0xfe][[0x8f][0x8d][0xe7][0x17]E[\r][0xb6][0x8d]O[0x1f][0x1d][0x15][0x6]/d[0xb4]ZW,[0xd8]*[0xd6][0x92]M[0xe4][0xb7]r[0xc5][0x1d]f[0x11]Y[0xa8]&apos;[0xdb][0xac]j[0xff][0xb1][0xb3][0xc]1n[0x95] [0xce]7v0rl[0xc][0xeb][0xf9]D[0xce][0x9c]M%oO[0x15]&quot;[0x8f]D[0x1e][0xd0][0xd6][0x15][0xcd][0xdf]W[0x91][0xd0]l[0xf2][0xf]NH^[0xa4][0x83]b[0x90]-h[0xe5]:[0xc7]-a[0x1a]z[0xa6][0x8b][0xa5][0x9d]W[0xb8][0xd9][0x94]C[0x9c][0x98]V[0xdc]H[0x89][0xf1][0x3][0x83][0xf][0xb8]Pq[0xe][0x94]|![0x99]w,[0xea]&quot;[0xf1]x[0x15][0x9a][0xb0][0x81][0x13][0xbc][0x81][0xdf][0x86][0x1a]&lt;B[0xe9][0x92]7[0x8a][0xd3]t[0x15]oE3gj[0x94][0xef].[0xb4]@[0xe3];[0xef] [0xe5][0x16][0xee]l[0x81][0x9b]o[0xc0][0x92][0xa6])(M3p[0xf5]O[0xc1]}[0xb][0x9e][0x1b][0xf6][0x1c][0xde]J[0xb9][0x18]n[0xfb][0x93][0xe4][0xa1]M[\r][0xf5][0x15]&lt;[0x86]m[0x8e]u1[0xe][0x10]h[0xba][0x9]O[0xf3]$[0xbc]sfA[0xfb][0xa0][0x95][0x9f][0x9b]6[0xee]&lt;[0x8e]&apos;[0x1c][0x93][\r][0x15]&amp;[0xbe]k%[0x13][0x9f][0x8d][0xa4][0x93][0xf2]Ilw[0xd4][0xeb][0xb9][0xca]][0xbf]T[0x9f][0x84]z[0xbd]B[0xbb][0x87][0x92][0xf7][0xda][0xd1].[0x10][0xab]W[0xfa][0x98][0x81][0x9f][0x89][0x4]j[0x83][0x93][0x8]1Hh[0x12][0xda]WX[0xe4][0xf8][0xe8][0x99][0xc0][0x9a][0x96]i,Vp[0x17]5[0xad][0x9e][0xb0][0xa7]9:[0x8d]%n[0xbc][0xf][0xaf][0xe7][0x1a][0xf][0x96]*[0xf8][0xe0][0x9f]?[0xdc]s[0xc0][0xd6]A[0xa5]&lt;[0x8a]:[0x1c]#[0xfe][0x13][0xa4][0xf2]$[0x83][0x9e]bv[0xc7][0xd1][0x8e]$[0xb5]ZK[0x80]#$[0xca]&amp;t[0x6][0xb5][0xfd]N@e[\n]&quot;
2013-02-06 13:51:57,208 AAD-WS DEBUG wire:63 - &gt;&gt; &quot;[0xcb]*[0x81][0x9f][0xa6][0xe4][0x14]![0x17][0xd2][0xea]*W[0x9]&lt;1[0xb]|y[0x11][0xf8][0x8a][0xda][0xba][0x12]z%1[0x87][0xed]|[0xfc][0xd3]x[0x88][0xe][0xa2][0xf7][0xe0][0x8d]^[0x9f]M[0xe0][0xf7][0xe8]\[0xc8]G[0x11][0xa0][0x1c][0xc3]j[0x8c]c-[0xa7]c[0x84]cp[0x1b].`[0x7].r[0x8a]][0xe2][0xd0]:[0x87][0xfd][0xb8][0x82]g[0xa9]%[0xe1]?[0xcc][0x87][0xd3][0xcd]I[0xe9][0x8][0xc1]y[0xb8]F[0x9d][0xf8][0x89][0x9][0x84][0xa3][0xb3][0xf1]{Z[0x18]}[0xa5][0xab]H^[0xd4][0x89][0xfd]W[0x19]y[0xab][0x98]0[0xf0]&amp;Bx[0x1b]+[0xf0][0xe][0xd6][0xe3]][0x92][0xf8][0x16][0xbb][0xf2]=jp\:Q[0x16]P[0x10][0xfe][0x9f][0x14][0xac]ZH[0x81]RI[0xc1][0x87][0xa4][0xe0]#R[0xf0]1)[0xf8][0x94][0x14]|F[\n]&quot;
2013-02-06 13:51:57,208 AAD-WS DEBUG wire:63 - &gt;&gt; &quot;&gt;g[0xaa]_[0x10][0xc8]&apos;[0xa4]`[0x82][0xda][0x1d]%H2m?[0xd7][0xf3][0x8c]K$[0xab][0x1d][0xf7][0xd1][0xfb][0x8]4[0xdf][0x87]W[0xb9][0xce][0xcd]5=-[0xf7]p[0x8c]/k%[0xc]w[0xd8][0xd3]2[0x89]u[0x9e][0xd4]$[0xd6][0xb7]zfP[0xdf][0x1f][0xf6]LaC[0xab][0xd7][0xc1][0xdd][0xea][0x9b][0xc0][0xfa][0xb0][0xaf][0x84]\[\r][0xab]ao9tyfc[0xff]m[0x2][0xde]V[0x86] [0x94][0xed][0xfc][0xee][0x8c][0xd9]5[0xd9]jw[0xfc]2[0xca][0x1b]d[0xeb]K[0x82][0xbb][0xc9][0xfb]|[0x8b]wt[0x9a][0xcd]y[0x1b]+q[0x87][0xc9]}M~[0xef]b[0x13][0xbe][0xa1][0xe5][0xb7]L[0xec];[0xda][0xdc]c[0xfb][0xde]G[\n]&quot;
2013-02-06 13:51:57,208 AAD-WS DEBUG wire:63 - &gt;&gt; &quot;?`[0x18]?b[0x4][0xdf][0xd3][0xe7][0xcf][0xec][0x84]_[0xe8][0xb5][0x13]]e[0xcd][0xeb][0xaa]h[0xde][0xe6]*[0xcd][0xfb]+[0xaf]7[0xbf][0xb5][0x8e]U[0xd8]&gt;[0xe5]sc[0xbe][0x9a][0xe2][0xa5][0xb3][0xbd][0xf6][0xd8][0x89][0x13][0xe][0xf8][0x17][0xd4][0xc5]g#k[0x11]$[0xef]5x[0x6][0xe1][0x1]PK[0x7][0x8][0xa0]-[0xc4]z[0x93][0x5][0x0][0x0][0xf2][\n]&quot;
2013-02-06 13:51:57,209 AAD-WS DEBUG wire:63 - &gt;&gt; &quot;[0x0][0x0]PK[0x3][0x4][0x14][0x0][0x8][0x0][0x8][0x0][0xd4]|D5[0x0][0x0][0x0][0x0][0x0][0x0][0x0][0x0][0x0][0x0][0x0][0x0]/[0x0][0x0][0x0]javax/help/InvalidHelpSetContextException.class}QMO[0xc2]@[0x10]}S&gt;[\n]&quot;
2013-02-06 13:51:57,209 AAD-WS DEBUG wire:63 - &gt;&gt; &quot;X[0x5][0xf9][0xd2][0x8b][0x7][0xe3][0xc5][0x96][0x8f]^[0xb8][0xa1]^[0x88]F[0x13][0xe2][0x5][0xc3][0xbd][0xc0][0x6][0xd6][0xd4]-[0xc1][0x85][0xf0][0xb3]4[0x91][0x98]x[0xf0][0x7][0xf8][0xa3][0x8c][0xd3][0xa6]*1[0x8d][0xd9][0xe4][0xcd][0xce][0x9b]y3[0xb3][0xb3][0x1f][0x9f]o[0xef][0x0][0xda]8, [0x83]r[0x1e]iTB[0xa8][0x9a][0xa8][0x99][0xa8][0x13][0xcc]q[0xa0][0xb4]XkB[0xb5][0xef][0xad][0xbc][0xb5];[0x13][0xfe][0xdc][0xbd]f[0x18][0x8][0xdd]%[0x18][0xb3]GB[0xf6]L*[0xa9]/[0x8][0xe7][0xa7]Q[0x96][0xeb]{j[0xea][0xe][0xf4]B[0xaa]i7I[0x97][0xc4][0xd9]CB[0xba][0x17]L[0x4][0xa1][0xd8][0x97]J[0xdc].[0x1f]Fbq[0xe7][0x8d]|f[\n]&quot;
2013-02-06 13:51:57,209 AAD-WS DEBUG wire:63 - &gt;&gt; &quot;S[0xa1]{[0xdf][0xa3][0xd4]O[0xed][0xe4]a[0xc2][0xac][0xd8]cg[0x10],[0x17]cq%C[0xfd][0xc9][0x8d]Zy[0xbe][0x9c][0xc4][0xd1][0xb8][0xd4][0xe5]z,[0xe6]Z[0x6][0xaa][0x1d][0x96][0xb3][0x90][0xc7][0x81][0x85],L[0xb]9[0x98][0x4]{[0xab][0xc9][0xff]zB[0xe5][0xf7][0xdd][l-a[0x1f][0xf6][0x10][0xc7][0xbc][0xe2][0xc][0xef][0xdd][0xe0][0xc3][0xed][0xa2][.[0xb2])[0x10]OQ`[0xdc]a[0xaf][0xc3]|[0x9a]m[0xc9]i[0xbc][0x82][0x9c][0xe6][0x6][0x86][0xd3][0xda] [0xf5][0xcc][0x1c][0xc1]b,G[0xf1][0x6]Wk[0xb2][0xaa][0x85]&quot;[0xff]%a[0x17]{q[0x85]#[0xb6][0xc4]6[0xe3][0xbc][0xc0]x[0xfa][0x91]e#[0xb2][0xc3]XLLM[0xfd]M[0xed]2[0x96][0xa2]9[0xf7][0xbf][0x0]PK[0x7][0x8][0x8][0xcf]z[0xa0]8[0x1][0x0][0x0]4[0x2][0x0][0x0]PK[0x3][0x4][0x14][0x0][0x8][0x0][0x8][0x0][0xd4]|D5[0x0][0x0][0x0][0x0][0x0][0x0][0x0][0x0][0x0][0x0][0x0][0x0]8[0x0][0x0][0x0]javax/help/JHelpNavigator$AccessibleJHelpNavigator.class[0x8d]R[K[0x2]a[0x10]=c[0xea][0xb6][0xb6]][0xd4]nf[0xf7]$*[0xa1][0x8d]^[0x8b]@[0xa4]([0x11][0x89][0x8a][0x9e][0xdb][0xb6][0xf][0xfd]b[0xdd][0x8d][0xdd][0xcd][0xf2]_U[0x10]A[0xf][0xfd][0x80]~T4[0xbb][0xd9]E[0xd1][0xea]{[0x98]a[0xce]|[0xe7][0xcc]p[0x98][0xd7][0xb7][0xe7][0x17][0x0][0xeb]XL [0x86][0xa4][0x8a](R*[0xd2][0x18]U0[0xae]`[0x8a][0x10][0xf7]k[0xd2][0xcb]m[0x10][0xb2][0xe5]K[0xa3]a[0xdc][0xea]5a][0xe9][0xa5]}[0x8e][0x15][0xa3]![0xab][0x86][0xef][0xb8][[0x4][0xf5][0xb8]i[0xfb]5[0xe1]K[0x93])[0xdb][0xd2][0x96][0xfe][0xe]av[0xe5][0x17][0xce][0xea])!Zt.[0x4]a[0xb8],mQ[0xb9][0xae][0x9f][0xb][0xf7][0xc4]8[0xb7][0x18]IV[0x85]_0M[0xe1]y[0x92][0xeb]#&apos;[0xc0][0x96]WV[rF[0xab]#-[0xe9]7[0xf5][0xf6][0xbc]K[0xe2][0xd8][0xb9]vM[0xb1]&apos;[0x3]V[0xba]}[0xec]z[0xa0][0xa0]A[0xc5][0xb4][0x86]8[0x14][0x5]3[0x1a]f1[0xa7]`[0x9e][0xb0][0xd9]s[0xd9][0xdc][0xf7][0x8c][0xf6][0x6]a[0xb2]wK;[0xb0]m[0xe1][0x16]-[0xc3][0xf3][0x84][0xa7]`[0x81][0x90][0xff][0x98][0xe0][0xdd]H[0xbb][0xaa][0x97][0x8a]N[0xfd][0xca][0xb1][0x85][0xed][0xff][0x94][0xff][0x2][0x9][0xa3][0xdd][0xe1][0xec][0xa7][0xab][0x9d]2[0xa1][0xa5][0x8b][D[0x88][0x1d][0x16]*[0xbb]eB[0xee][0x86]fz[0x1a]C[0x18][0xef][0xbe][0xb][0x16][0xf8][0x92]b|Y[0x84]T`4[0xe7]~[0x4]/[0xc2][0xb8][0x8a][0x4][0xd7][0x3]\-q[0x1d][0xe1]&lt;[0xb0][0x96][0x2][0xad][0xe5][0x1f][0x11][0xb9][0xf]I[0x1a][0xc7]8g[0xd0][0x19][0xc7]A[0xc][0xb5][0x8][0xd3][0x9c][0x19]E[0xf4][0x1]}w[0x1d]?%K[\r][0x87]#F0[0xc9]9[0x15][0xe][0x1b][0xc3]D[0xb8]J[0x6][0xd9]([0xbd][0x3]PK[0x7][0x8]a[0xa6][0xc8][0x9e]s[0x1][0x0][0x0][0xef][0x2][0x0][0x0]PK[0x3][0x4][0x14][0x0][0x8][0x0][0x8][0x0][0xd4]|D5[0x0][0x0][0x0][0x0][0x0][0x0][0x0][0x0][0x0][0x0][0x0][0x0][0x1f][0x0][0x0][0x0]javax/help/JHelpNavigator.class[0x8d]W[0xd9]w[0x13][0xd7][0x1d][0xfe][0xae][0xb7][0x91][0xc7][0x83][0xc1][0xb2]-[0x8c][0x9][0x8b][0x13][0x8][0xb2][0xe4][0xa2][0x90][0x94]@[0x2][0xa1]%&amp;[0x14][0x11][0x19][0xc]FN[0x9d][0xb4]I[0xc6][0xd2]E[0x1e][0x18][0x8d]TidL[0x97]t_[0xd3]}M[0xf7][0x95][0xa6]K[0xda]B[0x1b]d[0x1a]N[0xdb][0xbc][0xb4]9[0xa7]/}[0xee][0x1f][0xd0][0xed][0xf4][0xa9]o[0xed][0xe9]9=[0xfd][0xee]h[0xd0]2[0x92] &gt;[0xc7][0xbf]+[0xfd][0xee][0xf7][0xdb][0x97][0x19][0xfd][0xf1][0xaf][0xfc][0x16][0xc0]^[0xdc][0xd0][0xb1][0xf][0xf9]A[0xdc][0x7]GCAG[0x11][0xef][0xd0][0xd1][0x8b][0x92]NNY[0x11]W[0xdd]U4[0xac][0xea][0xb8][0x84]5[\r][0x8f][0x84]pY[0xf1][0xdf][0x19][0xc2][0xbb]4[0xbc][[0xc7]F[0xe4][0x95][0xd8]{[0x14]yN[0x91][0xf7][0xaa][0xeb][0xf7][0xe9][0xd8][0x8a][0xf7]+[0xd9][0xf][0x84][0xb0][0xdf][0x13]P[0xe4][0x83][0x8a][0xf3]![\r][0x1f]Vf?[0xe2]}[0xd1][0xf1]Q|L[0xc7][0xc7][0xf1][0x9][0x5]x[0xde]C)[0xf2][0xc9]!|[\n]&quot;
2013-02-06 13:51:57,210 AAD-WS DEBUG wire:63 - &gt;&gt; &quot;[0x9f]V[0xe4]3[0x1a]&gt;[0xab]c7[0xf2]!|N[0xc7][0xe7][0xf1][0x5][0xf5][0xe5][0x8b]J[0xf8]K[0x1a][0xbe][0xac]#[0x8e][0xaf]x_&lt;[0xa2][0xd4][0xbd][0xa0][0xe1][0xab][0x1a][0xbe][0xa6][0xe1][0xeb][0x2][0x13]G3[0x19]Y.[[0xcb][0xb6]&lt;yB[0xda][0xc5]S[0xe6][0xaa][0x95]3[0xdd]BI[0xc0]H:[0x8e],[0xcd][0xda]f[0xb9],[0xcb][0x2][0x83]+[0xbc][0x9e]+d[0xa5]-[0x10]I]0W[0xcd][0xb5][0x84]b%N[0xdc][0xe2][0x1f][0x12][0xe8]s/[0x17][0xa5]@[0xd8][0xbb]O[0xd8][0xa6][0x93]K,[0xb8]%[0xcb][0xc9][0xf1]n[0xc3][0x85][0x95]y3s[0xd1][0xcc][0xc9]Sf[0x9e][0xa0][0xbe]UK^[0x12][0x98]l[0xd6]U7[0xbf][0xc8];%S[0x96][0xb6][0xcc][0xb8]2[0x9b]te[0x9e]ND[0x9e]jF[0x9f]+I[0xa9].[0x8][0xec][0xcf][0xca][0xe5]JN@&lt;I[0xa1][0xd9][0x82]SvM[0xc7]]4[0xed][0x8a][0xec]e!!0p[0xd8]r,[0xf7][0x88][0xc0][0xb6]hw[0x83][0xd3][0x8b]tk[0x96][0xb1][0x8]lLY[0x8e]&lt;U[0xc9]/[0xcb][0xd2]9[0x93][0xd9][0x11]x[0xe0]6[0x82][0x9d][0xf3][0xa1][0xd4]m[0xca]Iw[0xa1]5[0x88][0x89][0xe8]t[0xb7]06[0x95][0xdb][0xd0][[0xa2][0x9d][0xc1]J[0xb9]A[0xe5][0xe9][0xa4]W[0xa2][0xe4]1[0x81][0xb1][0xe8]t[0xa7][0xc4][0x87]2[0xa6]3&apos;K9y[0x87][0xe0][0x99][0xba][0xfe]|[\r]7P[0x92][0xf9][0xc2][0xaa][0xac][0xb9]_[0x87][0xd5][0xea][0xd6][0xc2]Z[0xf4]jx[0x97]o[0xb8]K[0x15]G[0x9a]%R[0xe6][0xb2]j[0xa1]{k[0x9e]$*[0xae]e&apos;R[0x85][0x8c]i[0xcb]C[0x1d][0xbd][0xd7]([0x9c][0xcc][0x14][0x9c]Fxk[0x89][0xf2]%[0xde]%[0x14]W[0x85][0xc7][0x9c][0xf9]}[0xb9]%[0xda][0xbd][0x10][0xa1]\[0x1d]6[0xd1][0xea]ns[0x3][0xf7][0x97]UF[0x5]v[0xb5]h*[0xda][0xe6][0xf9]D[0xcb]x[0xa4][0x93][0x9e][0xd2][0xfe]\[\r]~O[0xab][0xc6][0x8e]x[0xba]P)fMW*[0x81][0xde][0xa8][0x12][0x1f]3[0xb3][0xd9][0xba][0xf5][0x94]Uv%&apos;N`O[0x8b]q[0xb9]*[0x1d]7[0xd1][0x6][0xf3][0xec]o[0xae][0xd5][0xa9][0x83][0xe]#S[0x92][0xb4]5o[0x96]L[0xd5]E[0xbb][0xfd]t;[0xd2]M[0xa4][0xcf][0xa6]n[0xa5][0xda][0xcb][0xfe][0x9][0xb3][0xbc][0xe2][0xaa][0x1e][0xa7][0x8b][0xe3][0xd1][0xf6][0x1a]x[0x9e]2[0xd0][0xc6][0xaa][0xe0][0x80][0xb9]r[0xcd][0x15][0x98][0xae][0xc7]m[0xfa][0x97][0x96]m[0xb9][0x97][0x13]mP[0x15][0xfd][0xe1][0x8c][0xed][0xcf][0xa0][0xbe]P[0xa8][0x94]2[0xf2][0xb8][0xa5][0xe6]j[0xb4]u[0xf1][0xec]U[0xfa][0xc]&lt;[\n]&quot;
2013-02-06 13:51:57,210 AAD-WS DEBUG wire:63 - &gt;&gt; &quot;[0x92][0x87]A[0xb9][0xad]M[0xb9]8&amp;[0xcf][0x9b][0x15][0xdb][0xad][0xc7][0xab][0xe1][0x1b][0x6][0xbe][0x89]o)[0xfc][0xb7][\r][0xbc][0x15]K[0x6][0x9e]U[0x92][0x87][0xf1][0x8]5w[0x98][0x1b][\r][0xdf]1[0xf0]]|[0x8f]M[0xdb]2h[0xb3]+[0x8c]Xf[0xe7]K[0x85][0xa2],[0xb9][0x97][\r]|[0x1f]?[0xe0][0x16][0x8][0x14]Q [0xda][0xa4]3[0xed][0x94]+[0xc5]b[0xa1]D[0x1d][0xa7])e[0xba]V[0xc1]yl-#[0x8b][0xea][0x83][0x81]+H[0x19][0xf8]a[0x8d][0xa4][\r]&lt;[0x8d]g[0xc],[0xe2][0x9][0x3][0xfb][0xf1][0xa0][0x81][0x17][0x95][0x9b]?[0xc2][0x8f][0x5]v[0xdc][0xa1]s[0xc][0xbc][\r]?[0xd1][0xf0]S[0x3]/[0xc1][0xd4][0xf0]3[0xa5][0xea][0xe7][0x8a][0xf9]v[0x3]O[0xe2])[\r][0xbf]0[0xb0][0x8c][0x8c][0x81],2~[0xd0][0x81][0xc2]r[0xab][0xb1][0xf1]({[0xd5][0xc0]5[0xe5][0xd0]/[0xf1]+[0x3]/[0xe3][0xba][0xc0][0xfd]M[0xc6][[0xb][0xb1][0xab][0xdb][0xa3]A%[0xbb]j`[0x1d]&amp;&apos;[0xae][0xab]8[0x97]u[0xf3][0xb0][0x9e][0x9c]-[0xe4][0x8b][0x5][0x87][0xad],[0xb0][0xfd][0xf6]-[0xc3][0x1][0xed][0xb6]L[0xd8]:lDegARQ[0xa4]}[0x90][0xc9]g[0xcf]ln[[0x4][0x8a][0xef][0xed][0xe3]F{[0x9f]^[0xbe][0xc0][0xfa]s[0x88]36[0x1d][0xb][0xae][0xcf][0xda]-u[0x85][0xcf][%y[0xab]/jm&quot;[0xf0]P[0x87]9i[0x17]n[0xe7]([0x17]4o[0x1d][0xaa]U[0xaa]v[0x92][0xbf][0xf]u[0xcb]Y5mK[0xed][0x7][0x81][0x9e][0x8a][0xc5],[0xb5],;[0xaf]1[0xea]9[0xf4][0xd6][0xc9]T[0xf4][0xf6][0x8]ek[S[0x1a][0x16][0x14]L[0xe5]&quot;[0xed][0xaa][0x94][[0xea][0xa9]&gt;b[0xa9]G[0xa5]m[0xa7][0x93][0xfe]h[0x91]7[0xde][0xac]5[0x9d][0x9c]3[0x1d]&gt;[0xb3]Y[0xcf][0x83][0xad][0xf6][0x1a][0x15]=4}&apos;W[0xc7]:[0xad][.[0xa9][0xe6][0x9d][0xc4]t[0xb8][0x85]Z*[0xb9][0x1f][0x8b][0x15][0xb7]n[0xf1]N9[0xed]T[0xb5][0x11][0xb3]}[[0xed]y[0xdd][0xbb]j{K[0xff][0xb4]6[0xb6][0x97][0xd7]I?o[0xa9]B[0xe1][0xe2]Q&apos;{\J[0xfb]V[0x2]1[0xc5][0x17][0xad]}|[0xe5][0xb8][0x1f][0x3][0xe8]S[0xc3][0xce][0x17][0x90]&gt;[0x1c][0xc0]A[0x9e]:[0x1e][0xf2][0xce][0x1e][0xb5][0xdb][0xbc][0x93][0x9b][0x8a][0xe7]$[0x8e][0xe0]M[0x94]y[0xb3][0xc7];[0x8a][0x9]~~[0x14][0xb3][0xa4][0xc7][0xc8]Y[0xa2]|[0xf][0xcf][0xe9][0xd8]:D,~[0x1d]=[0xf1]?`&lt;v[0x13][0xbd]K[0xf1]*[0xfa][0xd6][0xd1]_[0xc5][0xc0][0x8b][0x8][0xc5][0x4][0xcf]X[0x15][0xda]5[0xef][0x9d][0xe7]1[0xd2][0xed][0xd0]HOR[0xc1][0xe3][0x18]D[\n]&quot;
2013-02-06 13:51:57,212 AAD-WS DEBUG wire:63 - &gt;&gt; &quot;[0x1b]0[0x87][0x1d]8[0x8d]]8[0x83]([0xce]zf[0x8e][0xfb]f[0xe][0xd1][0x88]z][0x1a][0xad][0x9b][0x89][0xcd][0xb4])[0x8c][0xa0][0x9f][0xf4]i*|[0x86][\n]&quot;
2013-02-06 13:51:57,213 AAD-WS DEBUG wire:63 - &gt;&gt; &quot;[0x9f][0xc5]0L[0x84][0x91][0xe1][0xed][p[0xc2]Wt[0x80][0xa7][0xe0][0xb9]9[0xf6]2B[0xaf]![0xd4][0xfb][0x1b][0xc]^U[0x9f][0xab][0xd0]_[0xc5][0xd0][0xd5][0xba][0xb2]a[0xcf][0x9e]E[0x1f]/[0xc0][0x80]Mn[0x92][0xbe][0xd6][0x94]&lt;L[0x13][0xea]6[0xa2][0x4][0xe7][0x94];[0xa1]X[0xd8][0x98][0xa9][0xa9][0xd9][0xd0]p(L[0x1c][0xe0][0xd2][0xad][\n]&quot;
2013-02-06 13:51:57,213 AAD-WS DEBUG wire:77 - &gt;&gt; &quot;[0xd3][0xbb][0x8a]q[0xbe][0x89][0xb]F[0x9b][0xf2][0xf5]l[0xf5][0x9d][0xe9][\r][0xf]7[0xc][0xf]x[0xac][0xe7]H[0xe7]p[0xca][0x7]N[0xf2]TY[0xee][0xe9]})[0x80]{[0x9e][0xf4]t[0xbd][0x1a];[0x89]R[0xb8][0xd0]Ml\Z[0xc7][0xa6][0xdf][0x5][0xd0]/[0x90][0xce][0xbf]n[0xf4][0x15][0xd2]3ugw[0xfa][0xce][0x86][0x18]fO[0x15]#A[0x8f][0xaf][0x91][0x9e][0xc5][0x82][0x8f][0xde][0xe6][0xa3][0xfb][0x15]:[0x8]}[0x85][0xf4]\7[0xc5][0xe1] [0xfa][0xf7][0x1e]:[0xed][0xa3][0xa7]|[0xa7][0x7][0x15][0x9a]-6[0x1a][0x84][0xff][0x89][0x94][0xcf][0xb2]6[0xe5]U[0x8c]U1[0x1e]D[0xff][0x99][0x94][0xcf]f[0x1f][0xfd][0xb8]_[0xd8]&quot;
2013-02-06 13:51:57,214 AAD-WS DEBUG wire:63 - &gt;&gt; &quot;[0x1d]T[0x1e][0x99][0x8b][0xcf]\a[0x9f][0xb0][0xba][0x91]Xx[0xb3][0xaa]n[0xa4][0x8a][0x9][0xea][0xd9][0xd2][0xa8][0xf0]$[0xd5][0x0]a[0x85][0xff][0xca][\n]&quot;
2013-02-06 13:51:57,214 AAD-WS DEBUG wire:63 - &gt;&gt; &quot;[0xff][0x8d][0xbf][0xa9][0xfe]N[0xde]?[0xd8][0xdb][0xff]$[0x82][0x8f][0xc0][0xe][0xe9][0x88][0x4]}[0xf8][0x17])[0x1f][0x99]&gt;t[0x9f][0x1f][0xe0][0x8][0xa1][0x93][0xaf]bk[0xfc][\n]&quot;
2013-02-06 13:51:57,214 AAD-WS DEBUG wire:63 - &gt;&gt; &quot;[0x9d][0x8f][0xaf][0xe3][0xae][0x86][0xd5]Zo[0xfe][0x1b]C[0xf8][0xf]6[0xe1][0xbf][0xe4][0xf2][0x9][0xde]![0x9b][0xdb]([0x1e]0&amp;[0xd4]-[0xdf]C[0xea][0xe3][0xd0][0xe3][0xa1]Go`{,v[0x3];(Q[0xc5]N[0x6]9[0x15]hc1[0x84]^a`Xl@X[0xc][0xf3]f[0xd9][0x9b],[0xa5]d[0x8f][0xef][0xf1][0x10][0xc5][0xee][0x8e][0xff][0x1a][0xf7][0xf4][0xa0]![0xac][0xab]+1[0x5]][0xdc]MN[0xb6][0xab][0xd0][0xae]v[0xa1]8[0x85]f8|[0x12][0xe7]}[0xa1][0xfd][0xc]\[0x9][0x8d][0xdf][0xc4]nv[0xec][0xbd][0xa9]xx[0xf][0xe5][0xa3]UL?[0x11][0xf][0xcc][0xae][0xd8][0x8f][0x90]x[0x10][0xa3][0xe2][0x0][0xd5][0x1d]A[0xce]W[0xb1][0xc5]C[0xf1][0xff]Z 1[0xc7]HW8[0xf0]5[0xd8]A[0xc6][0xac]`[0x13]Lc[0xec]5l[0xe4]F[0x8b]/q[0xf9][0xcc]\[0xc7][0x1b][0xc8][0xda][0x1b]46[0xf]M[0x9c][0xa1][0xb1][0x5][0x84][0xb8]0[0xcc]z1j}7[0x90][0x8]F7[0xc6]|[0x8e][0xf2][0xd3]Eo[0xaf][0xda]x[0xa3]w#[0xf8][0xa3][0xf8]&gt;&lt;[0x80][0xbe][0xff][0x3]PK[0x7][0x8][0xfe]}[0x8d][0xc][0x1d][0x7][0x0][0x0][0xe9][0xf][0x0][0x0]PK[0x3][0x4][0x14][0x0][0x8][0x0][0x8][0x0][0xd4]|D5[0x0][0x0][0x0][0x0][0x0][0x0][0x0][0x0][0x0][0x0][0x0][0x0].[0x0][0x0][0x0]javax/help/UnsupportedOperationException.class}[0x8f][0xbf]N[0x2]A[0x10][0xc6][0xbf][0xe1][0xcf][0x9d][0x9c](44[0x16][0x1a]([0xf4][0xc4][0x84]{[0x0][0x8d][0x8d][0xd1][0x8a]`&quot;j[0xbf][0xc0][0x6][0xd7][0x1c]{[0x9b]u[0x8f][0xf0]ZV$[0x16]&gt;[0x80][0xf]e[0x9c]![0x6][0x13][\n]&quot;
2013-02-06 13:51:57,215 AAD-WS DEBUG wire:63 - &gt;&gt; &quot;[0xb7][0xf8]f[0xe6][0x9b][0xdf][0xcc]d[0xbf][0xbe]?&gt;[0x1][0xc][0xd0]NPCS[0xe4] [0xc6]a[0x8c][0x16]![0xba]2[0xd6][0x84]kB5=&amp;[0xd4]n[0x8a][0x99]&amp;[0xb4][0x86][0xc6][0xea]Q[0xb9][0x98]h[0xff][0xa8]&amp;9;[0x9d]t[0xf8][0xaa][0x96]*[0xcb][0x95][0x9d]g[0xe3][0xe0][0x8d][0x9d]_[0xca]@2.J?[0xd5]wF[0xa0][0xde][0x93]}+[0x9d]+|[0xd0][0xb3]{[0xa7][0xbd][\n]&quot;
2013-02-06 13:51:57,215 AAD-WS DEBUG wire:63 - &gt;&gt; &quot;[0xa6][0xb0][0xb7][0xab][0xa9]v[0x92][0xc]dA[0x13]uD&quot;[\r]B*[0xc6]*{[0xd1][0xb9][0xcb][0xfe][0x9d]$[0x1c][0xfd][0x1d](m0[0xb][0xbd]m[0xa2][0x8b]*[0xff]H^[0x5]$[0xeb]Yc[0xae][0xba][0x1c][0x89]c[0xbd][0xbf][0x6][0xbd]sB[0xd8]cM[0x18][0x3][0x8e]y[0xe4]d[0x83]7~[0xf1][0x1e][0xfb][0xd2][0x89][0xfa][0x17]kTv[0xf9]S&amp;[0xcf][0xd8]I6g[0xf6][0x0]PK[0x7][0x8][0xbb]a*&apos;[0xed][0x0][0x0][0x0]S[0x1][0x0][0x0]PK[0x3][0x4][0x14][0x0][0x8][0x0][0x8][0x0][0xd4]|D5[0x0][0x0][0x0][0x0][0x0][0x0][0x0][0x0][0x0][0x0][0x0][0x0][0x1f][0x0][0x0][0x0]javax/help/BadIDException.class}Q[0xcb]N[0xc2]P[0x10]=[0xb7][0x94]&quot;XEy)*[0xbe]VP[0x81][0xba]r[0xa3][0x92][0xa8]h$[0x82][0x1b][0xc][0xfb][0x2]7[0xa5][0xa6][0x14][0x82][0xc5][0xf0]Y[0x9a]HL\[0xf8][0x1]~[0x94]qn[0x83][0xf2][0x8c][0x9b]3[0xbd]s[0xce][0xcc][0x99][0xe9]|}|[0x2][0xc8]c?[0x4][0x5][0xc9] [0xfc][0xd8][0x12][0xb0]-`&apos;[0x80]T[0x0][0xbb][0xc][0xbe][0xb6][0xd1]eX+?[0x1a][0xcf][0xc6]@oq[0xbb][0xab]W[0x8c][0xee])[0x83]d5[0x19]&quot;^^[0xb7][\r][0xc7][0xd4][0xab]n[0xcf]rL[0xc1][0xb4][0x9e][0x18]b[0x93][0x15][0xb7][0x4]U[0xee][0x12][0xa7][0x9c]Y[0x8e][0xe5][0x16][0x18][0xee][0xd2][0xf3][0xa5][0xb3]&amp;[0xff]+~[0x9b]fj[0xc][0xf2]U[0xa7][0xc9][0x19][0xc2]e[0xcb][0xe1][0xf7][0xfd]v[0x9d][0xf7][0x1e][0x8c][0xba]M[0x19][0xc5][0xe4]nEl[0x10]Ig[0xe6]w[0xf0][0x13][*[0xd2][0xb0]#rf[0x91][0x10][0xd1]#[0x17][0x86][0xc4]t[0x83][0xf1]J[0xa1]j[0xa7][0xdf]k[0xf0][0x1b]K[0xf8]E/[0x8d]f[0xa9]x=h[0xf0][0xae]ku[0x9c][0xbc][0xa8]P[0xb1][0x82]=[0x15][0x1],[0xa9][0x8]&quot;[0xa4]b[0x19]*Cr[0xa2][0xd9]t[0x11][0xc3][0xe1]x[0x98][0x92]ms[0xd3][0xb0]/zf[0xbf][0xcd][0x1d]wB[0x14]_[0xf0][0x7]35[0x1c][0xd0][0xf5][0x14][0xba][0xab][0xf][0x92][0xb0][0xa4]/I[0xb8]z[0x91][0x8c])[0xca]`4[0xd1]*a[0x98]^[0x5][0xca][0xfb])&amp;[0xb4][0xa3]w0-;[0x84][0xa4][0xe5][0x86][0xf0]iIy[0x8][0xf9][0x95][0x18]:[0xbf][0xe0]=U[0x96]0G[0xdd][0xf2]T[0xab]#[0x8e]cb[0xd7][0x11][0x19][0xf5]JQd[0x14][0xfd][0xda][0x1b][0xa4][0x97][0xbf]R[0xc5]K[0x9e][0x10]F[0x11][ [0xf5][0xcd]J[0xcf][0x9][0xe3][0xe4]8/[0x95]g[0xa5]E[0xc2][\r]o[0xb9][0xcd][0x1f]PK[0x7][0x8]![0xcc][0xb4][0xb8]v[0x1][0x0][0x0][0xd1][0x2][0x0][0x0]PK[0x3][0x4][0x14][0x0][0x8][0x0][0x8][0x0][0xd4]|D5[0x0][0x0][0x0][0x0][0x0][0x0][0x0][0x0][0x0][0x0][0x0][0x0].[0x0][0x0][0x0]javax/help/InvalidNavigatorViewException.class}[0x92][0xcb]n[0xd3]@[0x18][0x85][0xcf][0xb8][0xb1][0x1d][0x7][0xd3][0xd2]6)[0x18]([0x97]p[0xa9][0xe3][0xb6]1[0xf7][\r][0x15][0x9b][0x8]TP[0x14][0x81][0x82]&quot;[0x16]Hh[0x92]Z[0x89][0x91]cG[0x8e][0x13][0xfa][0x4]&lt;[0xf]HXH,x[0x0][0x1e][\n]&quot;
2013-02-06 13:51:57,216 AAD-WS DEBUG wire:63 - &gt;&gt; &quot;[0xf1][0x8f]k5[0xae]c[0xba]9[0xff]\[0xbe][0xf9][0xe7][0xcc][0xb1][0xff][0xfc][0xfd][0xf5][0x1b]@[0x13][0xcd][\n]&quot;
2013-02-06 13:51:57,216 AAD-WS DEBUG wire:63 - &gt;&gt; &quot;4[0xdc][0xd5]P[0xc6]=![0xf7][0x85][0xec][0x8]1[0x85]4[0x84]X*vU[0xec]1H[0xa3])C[0xb5][0xfd][0x99][0xcf][0xf9][0xb1]=r[0xbc][0x89]}H[0xd2]u[0xa2][0xe7][0xc]%[0x9f][0x8f][0x1d][0x86][0x8d]d[0xd7][0xf6][0xb8]?[0xb4][0xbb]Q[0xe8][0xfa]C[0xda][0x93]=[0xde]w&lt;[0x6][0xc5][0xb][0x6][0xdc][P[0xb3][0xc8][0xf5][0xec]v[0xb2]F[0x94]6[0xf0][0xf8]t[0xda]I[0xda]([0x13][0x1e][0xf2]1[0xdd]V[0xcb][0x90][0x87]|:[0x8a]x?[0x81][0x95][0x3][0xd7]w[0xa3][0x17][0xc]_[0xcd][0xe5][0x1b][0x8b][0x1c][0xfe][0x87]*X[0xc9][0xba]:[0x97]Y[0xf8]i[0xf4]([0x80]VpD[0xce][0xd7][0xda][0xae][0xef]tf[0xe3][0xbe][0x13][0xbe][0x17]{[0xc][0x95][0xa1][0x13][0xa5].[0x18][0xb6][0xcc]Fq~*Q&apos;o[0xaf][0xa6]H.[0xc4]2[0x1][0xed][0x93][0x1c]51L[0xa3]&lt;[0xa5][0xcf][0x86][0xa9][0x13][0xd2]Z[0xe4])N[0xbc]M#[0xbd]|[0xe6]D6[0xd4]J7[0x98][0x85][0x3][0xe7][0x95]+[0x1a][0xd7]_[0xfb]s[0xee][0xb9]G[0x1d]&gt;w[0x87]&lt;[\n]&quot;
2013-02-06 13:51:57,216 AAD-WS DEBUG wire:63 - &gt;&gt; &quot;[0xc2][0x9e][0xeb]|yy&lt;p&amp;[0x91][0x1b][0xf8]M[0xd1]AG[0x15][0xfb]:*[0xb8][0xa0]C[0xc7]E[0x1d][0xab]B[0xd6]pI[0xc7][0xba][0x18]m`[0x93][0xc1][0xcc]&lt;[0xf7][0xdc][0x96][0xc][0x9b][0x8b]ggVk[0x5]_[0xb8][0xd1][0xc3]m[0xfa]35[0xfa][0x85][0x15]H[0xc2][0x1][0x8d]$a&quot;[0xa9][0xab]i%+I]O[0xe7]d[0x88][0xaa][\n]&quot;
2013-02-06 13:51:57,217 AAD-WS DEBUG wire:63 - &gt;&gt; &quot;[0x8a][\r]5[0xd2]-[0x9a]}[0xa4][0xf5]2U[0xd3][0xda][0xfd][0x9]f[0xed][0xc5][0x90][0xac][0xfd][0x18]+[0x96]Q[0x8a]Q[0xb2][0xc]9[0x86]l[0x19]J[0xc][0xc5]2[0xd4][0x18][0xea]wb)D[0xd2]zr[0xce][0x86][0x8c][0x7][0xe4][0xe0]![0xdd][0xf6][0x88][0xba]&gt;[0xc6]5&lt;!wO[0xb1][0x83]gD^[0x81][0x91][0xde][0xb4]M[0x95]Q[0x95][0xad][0x1f][0x90][0xbe][0x9d][0xb6]Q[0x92][0xc5][0x3][0xd2][0xab]tt[0x19]][0xc9][0xa3]-[0xd2][0xeb][0x85]h)[0x8f][0xbe]![0xdd][0xc6][0x8d][0x2]T[0xce][0xa3][0xef]Ho[0x16]vU[0xf2][0xe8][0x7][0xd2][[0xf4][0xc4]eT[0xcd][0xa3][0x9f]H[0xeb]I[0xf6]w[0xfe][0x1]PK[0x7][0x8][0x90]W[0x87][0xd0][0x8][0x2][0x0][0x0]s[0x4][0x0][0x0]PK[0x3][0x4][0x14][0x0][0x8][0x0][0x8][0x0][0xd4]|D5[0x0][0x0][0x0][0x0][0x0][0x0][0x0][0x0][0x0][0x0][0x0][0x0][0x19][0x0][0x0][0x0]javax/help/TreeItem.class[0x85]VIp[0x1b]E[0x14]}#[0xcb][0x1a]Y[0x1e]/[0x91][0x1d]&apos;[0xb6]Ib[0xb2][0x80],[0xdb]QX[0xb3][0xd8][0x4][0x1c][N[0x94][0xc8][0xb][0x91][0x9d][0x5]H[0xc2][0xd8]j+[0x93][0x8c]FB[0x1a]%NX[0x8f][0x14]G[0xb8]qK[0x15][0x7][0xa8][0xa2][\n]&quot;
2013-02-06 13:51:57,217 AAD-WS DEBUG wire:63 - &gt;&gt; &quot;[0xa7][\n]&quot;
2013-02-06 13:51:57,217 AAD-WS DEBUG wire:63 - &gt;&gt; &quot;[0xdb]TR[0x5][0xc5][0x91][0xdc]8[0xc2][0x8d]3&apos;[0xe]\[0x81][0xd7][0xa3][0x91]%[0x8f]&amp;[0x85]\[0xfa][0xdd][0xfd][0xfb][0xfd][0xf7][0x97][0xfe][0xdd][0xf2][0x93][0x1e][0xfd][0x8][0xe0](&gt;[0x8e]`[0x0][0xd7][0xda][0xd0][0x8f][0xeb]R[0xdc][0x90][0xe2]])[0xf4][0x8][0xc5][0xb2][0x14]+Rd[0xa5]ND[0xf0]&lt;VU[0xe4][0xe4][0xe2][0xa6][\n]&quot;
2013-02-06 13:51:57,218 AAD-WS DEBUG wire:63 - &gt;&gt; &quot;#[0x8c][[0x11]t[0xe0][0xb6]\[0x9b]R[0xe4]UX[0x11]DqM[0x8a]B[0x18]E9[0xbe][0x17]FI[0x8e]e[0x15][0xb6][0x8a][0x8a][0x8a];[\n]&quot;
2013-02-06 13:51:57,218 AAD-WS DEBUG wire:63 - &gt;&gt; &quot;vM&apos;g&amp;[0x97][0xd2][0x8b]7[0x92]W[0x16]&amp;[0xe7]2[0xa9][0xf9]9[0x5]JJA[0xc7]T[0xc1]*[0xdb][0xba]e_[0xd2][0xcd][0x8a]h[0xf9][0x97][0x1f][0x5][0xe1][0xa9][0xf9]tzr![0x93]la[0xcc]P[0x10]r[0x8c][0xa6][0xe5]JQ[0x10][0xb4][0xf4][0xbc]P[0x10]M[0xdf][0xd2][0xef][0xe8][0x9]S[0xb7]r[0x89][0x8c]]2[0xac][0xdc][0xb8][0x82][0x80][0x91]U[0xb1][0xc6]15[0xad]@KY[0x96](M[0x99]z[0xb9],[0xca][\n]&quot;
2013-02-06 13:51:57,218 AAD-WS DEBUG wire:63 - &gt;&gt; &quot;z[0x1c][0x83][0xb5][0xc4]Ma[0x16][0x13][0xb3]z[0xf1]pj[0x9a][0x16]![0xb3][0xb0][0xa2][0x9b]u[0xbe][0x8a]m[0x98][0x89][0xb4][0xa3][0xe3]n[^[0x94]rb[0xf1]^[0x91][0x80][0x90]X+[0xea]V[0x96][0xbc][0xc5][0x92]([0xb][0xcb][0xd6]m[0xa3]`)[0xe8]n\[0xce]9[0xb1][0x5]n[0xd2]_o[0xa3][0xbf]s[0x14][0x19]aK[0x87][0x13][0x86]e[0xd8][0xa7][0x15]L[0xc4]|[0x2][0xf2][0xb3]i[0xe]l[0xf8][0x12][0xcb]0U[0xc8][0xd2]UW[0xda][0xb0][0xc4]\%[0xbf],J[0x8b][0xfa][0xb2]L$[0xf6]T[0xde]&amp;[0x8e][0xdd][0xb1][0xe6]&quot;J}KLJ[0xb5],[0xec]j&gt;j[0xae]6[0xeb][0x8d][\r][0xfb][0xd5][0xbd][0x95]PY[0xf2]&gt;?[0xdf][0x92][0xab]5W[0x5][0xec]v[0xed][0x9b][0x8e][0x81][0xfb]K[0x17][0xd3][0xac]f[0xcd][0x81]%[0xec][0x4]5[0xdc][0x8b][0x90][0xdc][0xad][0x85][0x82]=1[0xbf][0x12]I[0x17][0x91]\[0x3][0xac]o[0xa7][0x9f]z[0xf9][0xdb][0x88]J[0xbb]G[0xbe][0x9d][0xcc][0xce]C[0xd7][0xe8]o[0xb6]~[0xee]Zn[0xc7][0xb2][0x9b][0xbb]I[0xd9][0x9]e[0x1e]wU[0x15][0x8c][0xa5]d[0x0][0xdd][0xb9][0xa6][0x1d][0x16][0x92]M[0xde]E[0x93][0x85][0x1d]=[0xd3][0x95][0xf3]jz&lt;[0x98]j[0xb9]{r~[0xda][0xb0]][0xa8]V^A[0xfb][0xdd][0x92]a[0x8b][0xf9][0xe5][b[0x85]Y[0x1f]p[0xcf][0xd3]($[0xaa][0xaa][0xf9][0x8a]][0xac][0xd8][0x4][0xb]=_-RrmE[0x14]%[0x15]o[0xe7]=[0xae][0xb9][0x93][0xad][0x99][0xef][0xf7][0x9a][0xa7][0xac]Fk[0x15][0xf7]i[0x90])TJ+b[0xc6][0x90][0x5][0xec]X,[0x9][0x91][0xb2]E[0xfe][0xa8][0xb4][0xd3][0xf0][0x12]Nj|d[0xf6]ix[0xe]q[\r]/[0xe0]E[\r]#[0x18][0x95][0x1b]/k8[0x85][0x13]rv\[0xc3]a[0x1c][0xd1]0[0x89]3L[0xb0][0xde]L[0xdb][0x91]i[0x18][0xc3][0x11][0x5][0x7][0xeb][)[0xd3][0x14]9[0xdd][0x9c],[0xe5]*y[0x96]b[0x1b][0xc9]sNYwt[0xd3][0xc8][0xe][0x89]Z[0xe1][0x87]lV^[0xfa][0xa1][0xb3][0x84][0xf4]sL[0x92][0xf5]y[0x9b][0xf6]LeuU[0x94]4[0xbc][0x8f][0xf][0xf8][0x12][0xc5][0xe4][0xe4]CN[0x86]5d0[0xe1][0xc6][0xe5]6O-I[0x9e]p[0x9d][0xa5]V[0xb3][0xde]Z[0xc5]2[0xa2]d0[0x92][0xfb][0xf2][0x12][0xaa][0xf8][0x88]O^S[0x9f][0xd7][0xd2]%:5[0xdf][0x90][0xc4]P[0x9d][0xd6]y[0xad][0xe6][\n]&quot;
2013-02-06 13:51:57,219 AAD-WS DEBUG wire:63 - &gt;&gt; &quot;[0xf6]L[0xa1]be[0x1b] ![0xbd]X[0x14][0xf2][0xf1][0x19]m[0xbc][0xb2][0xd5] [0xc6][0x9b][0xaf]d5[0xbb]q[0xf][0xbc]v[0xc3][0x9f][0xe][0xef][0xdc][0x19]3[0x9e][0xe5][0x1b]?[0xc0][0x17]x[0x10][0xed][0x9c]=[0x83]}[0x9c][0xef][0xe7]3[0x1c][0xc0][0x1][0xae][0x87][0x1a][0xd6][0x12]y[0xb0]a}[0x88]_[0x1e][0xb3]3g3p[0xc][0xca]Vp[0xd6]c[0xae][0x9e][0x9d][0xe2][0x8c][0x9]w}[0xcc][0x1d][0xd9]7[0x1c][0xf7][0x90][0x8b]}C[0xf9][\n]&quot;
2013-02-06 13:51:57,219 AAD-WS DEBUG wire:63 - &gt;&gt; &quot;WI[0xea][0x83][0x1c][0xfb][0xe3][P[0xe2][0x81][\r][0x4][0xe2]#[0x1b]h[0x89][0x8f]n [0x18][0x1f][0xdb]@[0xeb]C[0xe7][0xa7][0xe2]U[0xca][0x1][0x84]([0xcf][0x12]&gt;[0x8e]6[0x9c]C&apos;R[0xe8][0xc1]y[0xec][0xc5][0x5][0x87][0xf2][0xb8]Ky[0x98][0x8][0xf9][0x9b][0x12][0x8e][0x8f]([0xa3][[0x8][0xd5][0x19]&quot;t[0x6],A[0xc5]%[0xc7][0xe2][0x84]k1F[0xb][0xb9][0xd3][0x11]W[0x14][0x85][0x16][0xf1][0x91]M[0xa8]u[0xb3]N[0x87][0xee][0x1a][0xcd][0xae]C[0xc3][\r][0xc7][0xf4][0xa4]kz[0x88]{[\n]&quot;
2013-02-06 13:51:57,219 AAD-WS DEBUG wire:63 - &gt;&gt; &quot;G5.-[0xc3]^_[0x82]1[0xaf]Rsj[0xdb][0xd7]A[0xea][0xe5]NH[0xe6][0xd9][0xe6][0xc5][0xdf]F+Lj[0xc6]1[0xe1][0xe2]e[0xe9][0xa5][0x83][0xd6][0xf8][0xf7]h[[0xdf][0x86][0x87][0x1c]e[0x89][0xf2]5[0x9c][0xf6][0xa3]n[0xf1]R[0xdf]#[0xf5]}j^[0xc7][0x1b]&gt;[0xd4]-^[0xea]O(y[0x95]]h[0x82][0xa3]$i[0x97][0xd0]MD[0xd6][0xd3][0xca][0xba][0x3][0xb][0xf3][0xaf]}[0x87][0x9f]O[0xa9][0xf9][0x8c][0x9a])L[0xfb][0xc5][0x15][0xf4][0xc6][0xf5]9[0xe3][0xfa][0x82][0x9a]$f|[0xe2][\n]&quot;
2013-02-06 13:51:57,220 AAD-WS DEBUG wire:63 - &gt;&gt; &quot;z[0xe3][0xfa][0x92][0xf2],O[0xbf][0x19][0xda][0xea][0x85]&gt;[0xa0]L[0xf9][0x17]^[0xf3]F[0xf1]5[0xa3][0xf8][0x86][0x9a][0xf3][0xbe][0x85][0xd7][0xbc][0xd4][0xdf]Q^@[0xda][0x85][0x9e]f[0x13]H[0x92][0x81][0xc1][0xc0][0x3][0x84][0x7][0x83]_[0xa1][0xe3]1:[0xae]F;[0xb7][0xd0][0xf5]S|[0x90]M]w[0x17]u[0xda]}[0x8b]n@/[0x1e][0xf1]z=[0xe6][0xce],[0xe6]|[0xdc][0x6][0xbe][0xf5][0xb8][0xfd][0x99]r[0xde]?[0xa3]noF[0xbf]0[0xa3]&apos;[0xd4],[0xf8]f[0xd4][0xed][0xcd][0xe8]W[0xca]7[0xfd][0xa9]wy[0xa9]#[0xf5][0xef][0xd4]\[0xf4][0xa5][0xde][0xe5][0xa5][0xfe][0x83]2[0xb3][\r][0x1d]&apos;[0x85][0xd4][0x1e]z[0x8c][0xe8][0xd5]-[0xf4]T;[0xaa]7[0xba]{[0x13]}[0xb2][0xc7]9D[0xf7]Plb[0xaf][0x97][0xe8]O[0x9a].[0xf2][0xfe][0x6][0x1c][0xa2]~[0xe7]Q![0xe2][0xa1][0x7][0xf6][0x17][0xaf][0xb7]|[0x97][0x14]\&amp;[0xe0][\n]&quot;
2013-02-06 13:51:57,220 AAD-WS DEBUG wire:63 - &gt;&gt; &quot;[0xae][0xfe][0x9f][0xc1][0xdf][0x8e]A[0x88][0x9b][0x97][0xf1][0x16][0xe5][0xdb][0xe][0xf0][0x1d][0xc];[0x19]+[0xfc]o[0xf9].b[0xe8][0xff][0xf]PK[0x7][0x8][0x9b][0xec]?[0xce][0x1f][0x5][0x0][0x0]n[0xb][0x0][0x0]PK[0x3][0x4][0x14][0x0][0x8][0x0][0x8][0x0][0xd4]|D5[0x0][0x0][0x0][0x0][0x0][0x0][0x0][0x0][0x0][0x0][0x0][0x0]&amp;[0x0][0x0][0x0]javax/help/JHelp$AccessibleJHelp.class[0x8d]R[0xdb]N[0xc2]@[0x10]=[0x8b]@-T[0xb9][0x8]x[0x1][0x15][0x90][0x18].[0x9][0xf5]]cB[0x88]F[0x9]!F[0x8d][0xef][0x5]7[0xb0][0x6]ZB[0x8b][0xca]g[0xf8][0xea]W[0xa8][0x89]1[0xf1][0xc1][0xf][0xf0][0xa3][0x8c][0xd3][0x8a][0xb7]B[0xa2]}[0x98][0x93]sv[0xe6][0xcc][0xec]t_[0xdf][0x9e]_[0x0][0x94][0x91][\r][0xc0][0x87][0x88][0xc]/[0xa2]2[0x16][0x10][0x93][0x90][0x90][0xb0][0xc2][0xe0][0xb7]:[0xc2][0xcc]m1D[0xeb][0x17][0xda][0xa5]v[0xad]vx[0xb7][0xaf][0xd6][0xe](n3[0xc8]&apos;#[0xdd][0xea]pK[0xb4](sG[0xe8][0xc2][0xda]e[0x88][0xe7]&apos;S[0xb]g[0xc][0xde][0xaa]q[0xce][0x19]Bu[0xa1][0xf3][0xc6][0xb0][0xd7][0xe4][0x83]S[0xad][0xd9]%%[0xd2][0xe6]V[0xa5][0xd5][0xe2][0xa6])[0x88][0x1f][0x1b][0xb6][0xb6][0x99]/[0x8c]][0xb4][0xf1][0x89][0xe8][\n]&quot;
2013-02-06 13:51:57,220 AAD-WS DEBUG wire:63 - &gt;&gt; &quot;k[0xa4][0xfe][0xce][0xa3][0x11][0x2]&apos;[0xc6]p[0xd0][0xe2][0xfb][0xc2][0xae][\n]&quot;
2013-02-06 13:51:57,221 AAD-WS DEBUG wire:63 - &gt;&gt; &quot;8[0xdd][0xca]v[0xa1][0x2][0x19])[0x5]~H[0x12]V[0x15][0xac]a]B[0x9a]![0xed][0x1e]-[0xf7][0xed][0xe8]p[0x1a]pBQ[0xe]u[0x9d][0xf][0xaa]][0xcd]4[0xb9])![0xc3]P[0xfa][0xb0]1[0xaf][0x84][0xde]VkU[0xa3][0xd7]7t[0xae][?[0xcd][0xbe]D[0x86][0xd8]t9[0xf9][0xb9]([0xb7][0x8d][0xb3][0xae][0xec][0xdf][0xd7]g[0xf0][0x1d]U[0x1a]{u[0x86][0xdc][0xff][0x96][0x15]v[0xdf][0x9e]!1}[0x4]d[0xe8])[0xf8][0xe8]i[0xd0][0x9f][0xb7][0x97]H8[0xb][0xfb][0xf3][0x90].#@&lt;Hl[0x83][0xb8][0x87]0X,=[0x81][0x15]K[0x8f][0xf0][0xdc];E[\n]&quot;
2013-02-06 13:51:57,221 AAD-WS DEBUG wire:63 - &gt;&gt; &quot;E?!&lt;7[0x14][0xe7]0?.H[0x11][0x92][\n]&quot;
2013-02-06 13:51:57,221 AAD-WS DEBUG wire:63 - &gt;&gt; &quot;[0xef][0x3]f[0xee]\[0x99][0xb7]d[0x15]rZ[0x84][0xb1]D[0x18]u[0x9a][0xc5][0xb1][0xe8][0x8c][0xb2][0x8c][0xa4][0x97][0xbd][0x3]PK[0x7][0x8]W)[0xbf][0xe4]n[0x1][0x0][0x0][0xb0][0x2][0x0][0x0]PK[0x3][0x4][0x14][0x0][0x8][0x0][0x8][0x0][0xd4]|D5[0x0][0x0][0x0][0x0][0x0][0x0][0x0][0x0][0x0][0x0][0x0][0x0][0x16][0x0][0x0][0x0]javax/help/JHelp.class[0x95]X[0x9]|T[0xf5][0x9d][0xff][0xfe]&amp;3[0x99][0x97][0xe1]%[0x90][0x9][0x1]B[0x8][0xc][0xca][0x91]L.O[0xc0][0x4][0x11][0x8]([0xd1]$&quot;[0x1][0x94]x[0xe][0xc9]K[0x18][0x99][0xcc][0xc4]9[0x2]x[0x1f]`[0xbd][0xcf]Z[0xd1][0xda]zT[0x8d]Z[[0xc1][0x96][0x4]dWmUh[0xad][0xb6]V[0xdb][0xee][0xae][0xdd][0xdd]n[0xf7][0xea][0xb1][0xbb][0xdd][0xbb][0xdb]K[0xed][0xf7][0xff][0xde][0x9b]7gb[0x97][0xcf][0x87][0xff][0xff][0xcd][0xff][0xff][0xbb][0xef][0xde][0xfe][0xf8][0x95]W[0x1][0xb4][0xc8]A/[0xfe][0xd1][0x7][0xc1]?[0xf9][0xd0][0x8e][0xf6][0xe1][0xe][0xfc][0xcc][0x8b][0x9f][0xab][0xfd][0x17]&gt;[0xdc][0x89]_[0x96][0xf1][0xeb]_[0xd4][0xf2][0xaf]j[0xf9]7/~[0xe5][0xc3]4[0xfc][0xbb][0xfa][0xf1][0x1f]j[0xf9]O/[0xfe][0xcb][0x87][0xe9][0x16][0xe0]{[0xf1]?&gt;[0xf8][0xf1][0xb][0xf5][0xe3][0x15][0x91]_[0xab][0xe5][0xff][0xd4][0xf2][0x1b]u[0xf6][0xdb]i[0xf0][0xe0]w[0x8a][0xd5][0xef][0xbd][0xf8][0x83][0xf][0xb5][0xf8][0xa5][0x86][0x8f][0xd4][0xfe][0xb1]Z&gt;[0xe1]&quot; [0xb4][0x88]&amp;.[0x9f][0x94][0x88][0xdb]+[0x1e]MJ5[0xf1][0x92][0x89]hit)s[0xbe]|[0x1a][0xee]S[0x18][0xd3][0x14]c[0xc5]N[0xf4]iR.[0x15][0xea]k[0xba]ZfL[0x93]J[0xf1][0xfb]p[0x8e]T[0xa9][0xaf][0x99][0x8a]P[0xb5]Of[0xc9]l[0x9f][0xcc][0x91][0x1a][0xaf][0xcc][0xf5][0xe1][0xc][0xa9][0xf5][0xca]&lt;E[0xae][0xce]+[0xf3][0xcb]d[0x81][0x4]4Y[0xa8][0xc9][0x9]&gt;9Q[0x16]i[0xb2][0x98][0xc4]e[0x89][0xc3]s)u[0x91]z[0xaf]4[0xd0]D[0x12]4[0xf8][0xa4]Q[0x9a]|[0xd2],-[0x8a]g[0xab]ZN[0xd2][0xe4]dMN[0xd1][0xe4]TMN[0xd3][0xe4]t[0x1f][0x16][0xc9]2[0x9f],[0x97][0x15][0x9a][0x9c][0xe1][0x93]6E[0xeb][0xe]i[0xd7]d[0xa5]&amp;g*eWir[0x96]:Z[0xad][0xc9][0x1a][0x5][0xbc]V[0x93][0xe][0xb5][0xaf][0xd3]d[0xbd]&amp;gkr[0x8e][0xba][0xdd][0xa0]I[0xa7]&amp;[0xe7][0xaa][0x8b][0xf3][0x94][0xa6][0x1b]([0x96]t[0xa9][0xa5][][0xa7][0xa5]|Sz[0xcc][0xb][0xaf][0x9c][0xaf][0xf6][0x8d]j[0xb9]@[0x1]lR[0x98][0xbd][0x9a]lV&amp;[0xd9][0xa2]~l[0xd5][0xe4]B[0xaf]\[0xa4][0xc9]6[0x1f]vK[0xad]2P[0x9f]Z.V[0x10][0x97][0xa8]e[0x93]&amp;[0x97]*[0xdc][0xcb]4[0xec][0xb7]v[0xb9]\[0xa9]}[0x85]WB&gt;[0xec]3[0xe3]A[0xae]0[0x17]e[0x88][0xed]^[0xe9][0xf7][0xca][0x80]W[0xc][0xaf][0xc][\n]&quot;
2013-02-06 13:51:57,223 AAD-WS DEBUG wire:63 - &gt;&gt; &quot;[0xa6][0xaf][0xe9][0xef]7[0x12][0x89][0xf0][0xf6][0x88]q[0xee][0x6]#2&quot;[0xd0];[0xa3]Q#[0xde][0x11][0x9]%[0x12]FBP[0xb6][0x83][0xa7][0xdd][0xb1][0x1]#&quot;[0x98][0xdb]ueh4[0xb4][0xbb]U[0x1d][0xb5]n6v&apos;7[0xa4][0xef][0xda][0x89][0xb7]#[0x9c]H[0xc6][0xe2]{l[0xd8][0xba]lX[0x5][0xb7]![0xeb][0x9a][0xe0][0xbe]hh4&lt;[0x14][0xe2][0x11][0x99][0xf8]M[0xe0][0xd6]T2[0x1c]i[0xdd]j[0xf4][0xf3]P[0x11]$[0xc4][0xba]pb$[0x12][0xda]c[0xc][0x8][0xa4]O0#[0x19][0x8b]E[0xb6][0x87][0xe2]Y[0xc7][0xa5];[0x12][0x1b][0xe3]F[0xc2]+C[0xc4]P_F4[0x19]J[0x86]cQ[0xc1][0xc2]|[0x11]z[0x8d][0xe4][0xa2]l[0x10]2)[0xef][0x8f]E[0x93][0xfc][0xbd]5l[0xec]2[0xe2][0x82][0x5][0xd9]8[0xa6]E:[0xb2][0x1][0x88][0xe1][0x19]0[0xb6][0xa7][0xc8][0xac]te8[0x1a]N[0xae][0x12][0xcc][0xae]/[0xc2][0xa7][0xbd]a[0xab][0xc0][0xdd]Aei[0xe3][0xae]p[0xd4][0xe8]I[\r]o7[0xe2][0x9b]C4[0xb4][0xa0][0xa4]^][0xd7][0xd5]OnOu[0xf1][0x14][0xf7]SZ[0xf7]S[0xf5]V[0xd4][0xa7]&apos;[0x8c]dj[0xa4]&apos;[0xcb][0xb][0x1a]Ol[0xef]iC[0xce][0xe7][0xbc][0xfa][0x86][0xa9][0xdc]&gt;[0x9d][0x90][0x1b]r&lt;[0xbf] [0x17][0xa1][0x88][0xef]g[0x91][0x91]-W[0xae][0xc7][0x16][0x15]3e[0xa1][0xe8][0xb3][0x86]&amp;[0xc1]?[0xb1][0x90]u[0x11][0x9f]Wd[0xd8][0xf7][0x8e][0x18][0xfd][0x82]j[0x8b]mk$[0x14][0x1d]j[0xed]M[0xc6][0xc3][0xd1]![0x93]Oy[0x86][0xcf][0x96]M][0xc]?[0x9b]|k[0xd4]H[0xb6][0xf2]DE[0x3]im[0xe9][0x14][0xd4][0xe6]H[0xce][0xe0][0x1c]4[0xb9]o[0xe9]4[0x9]y[0x86],[0xa8][0xb9][0xb9][0xf2]e[0x83][0xd1][0xe6][0xa9][0x91][0x81]P[0xd2]Pp[0xba][0x9]o[0xe6]`[0xe7]:[0xc1][0xcc]4[0xdf]l[0x1])[0xde]`8:[0xe0]8P[0xd0]ZL[0x8d][0x82]xv[0x10][0xcc][0x9c][0xb5][0xb4][30[0xa0]r[0xe9][0x84][0x1c]%[0x8c]Q[0xda],m[0xc3][0xf5][0xea][0x87][0xa9][0x8b]/40`[0x1f][0xd2][0x94]6[0x81]M[0xc6]plT[0x91]([0x8f][0x9b]_[0xe][0x80]N[0xfb]t[0xa4][0xe2]qbw[0xae][0xf3]JX[0xe0]R[0x1a][0xcd][0xca][0xe1][0xd4][0x1d][0x1a]Y[0xd4][0xb9][0xce][0xa2][0xbe]~w[0xbf]1[0xa2][0x1c][0xc5][0x80][0xec]([0x6]U[0xa8][0xe3][0x14]*6l[0xf5][0xca][0x95][0x94]*#[0x85][0xe9][0xc8][0xca][0xfa]\?*[0xce][0xab][0xf2][0xce][0xfe][0x9f]|[0x18][0x1d]tZ[0xaf][0x11]a[0xf9]2[0x6]:[0x93][0xc6]0[0x15][0x98]S[0xdf]pqN[0xf2][0xc4][\r]C][0xd1][0xf4]3l3f[0xf9]o~[0xfd][0xa7]p[0xa8][0xca][0x18]7[0xb][0xad][0xd2][0x8e][0xd2][0xec]T[0xae]IG[0x8c]YR[0xd7]GS[0xc3]F&lt;[0x1d][0xfe]U[0x19]cdQ[0xa9][0x1a]*vZW?u[0x0]U[0x93][0x96][0xf3];[0xab]*[0xbb][0xeb][0xfb][0x94][0xc0]3[0xc3][0x89]b[0xb7],}[0x96][0x1c][0x9b][0xb][0xea][0xb9]?[0x9c](&lt;T[0xa6][0xed][0xc8]-[0xd4][0xb][0x8b]H[0x96]_[0xaa]g[0x12]-[0xd3][0xdf][0xcc][0xdb][0xdd][0x8c][0xc9][0x6][0x7]5d_[0x86]#[0xe1][0xe4][0x9e][0xd6][0x2]P[0x95][0x94]+[0xfb]#v[0x9d][0xf7][0xf5][0xc6]R[0xf1]~[0xe3][0xec][0xb0][0xaa][0xe0]&gt;[0x93]a[0x8b]&quot;[0xc3][0xe4][0xcf][0x12]d[0x9d]1[0x18]JE2%R[0xc7][0x13]xR[0x97][0x9d]8[0xa0][0xbe][0x9e]eLLVL[0xd5][0xfd]3jyZ[0xc7][0xe7][0xf0][0xb0][0x8e][0xfd]jy[0x1c][0xf]31[0x8b]3[0xc8].[0xab]D[0x14].[0xf][0xe0]A[0x1d][0x8f][0xe0]1[0xda],[0xbf][0xa5][0xea][0xf8],[0x1e][0xa2]K[0xa7][0xb4][0x9a][0x8e]/[0xe0][0x8b]:[0x9e]S[0x92][0x8c])I[0x8e][0xa8][0xe5]&gt;[0xdc][0xaf][0xcb][0xb0]Du[0x89][0x9]G[0x84]Y[0xf9][0xa9][0xb1]658[0xa8][0x9c][0xe2][0x1d]%[0x91]D[@[0x97][0xab]$[0xae][0x96][0x84].I[0x1c]UZ[0xbc]L[0x87][0x7][0x2]#[0xf1][0x98]i[0xe3][0xe8]P [0x1c][0x1d][0x8c][0xb5][0x5][0xbc][0x92][0xd2]eTv1d&apos;[0x8d]3A [0x1a][0xb][0xe4][0x9e][0x5][0x6][0xf9]([0xcc][0xaa]d[0x12][0xa2]L[0x81][0x0]3J[0x11]N[0xee]0[0x2][0xce]p[0xa1][0xcb]n[0xd9][0xa3][0xcb][0xd5]r[0x8d].[0xd7][0xaa][0xe5]:[0xb9]^[0xc7][0x97][0xf1][0xa2]Wn[0xd0][0xe5]F[0xb9]I[0xc7][0x4][0xe][0xeb]x[0x1f][0x1f]x[0xe5]f]n[0x91][0xbd][0xba][0xec][0xc3]{[0xba][0xdc][0x8a][0xf]u[0xf9][0xc][0x9e][0xf6][0xca]m[0xba][0xdc].wx[0xe5]N][0xee][0x92][0xbb]Y[0xd3][0xb2][0xeb][0x84]r[0x18]u[0xf3][0x17][0xb6][0x1d][0xe5][0x91]{[0xa8]u[0xc6]XNm[0xf3][0xca][0xbd][0xba][0xdc]&apos;[0xf7][0xb][0x16]o[0x8e][0xc7]R[0x8c][0xb8][0x0][0x93]![0xa9][0xa4][0xcf]jL[0x81]d,[0x90]P[0xfb][0xb5][0x9c]~[0xae][0xf5][0xca][0x3][0xba]&lt;[0xa8]x[0x95][0x6][0x2][0xc6]n[0x1a][0x19][0xcf][0xe3][0x5][0x1d]_[0xc3][0xd7]u[0xf9][0xac]&lt;d[0xbb][0xa5][0xb0][0xb5][0xe8]8$[0x9f][0xf3][0xca][0xc3][0xba][0xec]W[0xda]&lt;B[0x8d][0xe5]Q[0x1e]b\[0x97][0xcf][0xe3]i[0xd2][0xb3][0xe0]X[0xcd]s[0x1a]J=[0xb9]6[0xd0][0xa7][0x1]e[0xcd][0xb6][0x0][[0xbd][0xf9][0xd5]2[0xa4]R~[0xd8]P^~[0xc]G[0xbd][0xf2][0x5]][0xbe]([0x8f][0xb3][0xc8]f7[0x13]N[0xe0]O[0xe8]x[0x1d]O[0xda][0x13]$[0xd5][0xb][0xb4]1k[0x87]C[0x89][0xa4][0x11][0xf][0xa4][0x8f]v[0x85][0x93];b[0xa9]d[0xc6]_[0xc][0x98]&apos;qT[0xb0]$[0xd3]e[0xda][0x2][0x91]Xl[0xa7][0xb2][0x8d][0xf2]y4&apos;[0x2]t[0xfc][0x19][0xfe][0x9c]Y[0x1a][0x8][0xf0]g*:[0xa0][0xcb]S[0xf2]%[0xce],[0x81]@([0xda]m[0xc4][0x87](f2[0x9e]2[0xda][0x3],[0x80]C[0xa4][0xd1][0xd2][0xd2][0xa2][0xcb][0xd3][0xf2][0xc][0xcb]f6[0xcc]`([0x92]`V[0xeb][0xa4][0x13][0x8d]%-ZT8[0xb7][0xbb][0xd5][0xeb][0xf8][0xa6]R[0xa8]![0xa7][0xc7]M%[0x1e][0xb3][0xad]P[0x12][0x13];-[0xca][0xb3][0xc2]D{[0x3][0xc7][0xd4][0xf2]-][0xc6][0xe4]9[0xd2][0xcf][0xf2]cgt4[0x14][0x9][0xa7]Ma[0xd7]%&apos;[0x8e]t[0xbc][0x8d][0xef][0xa8][0xe5][0x1d][0x1d]?[0xc4][0x8f]t[0xbc][0x8b][0xef]R[0xb3][0xfc][0xd6]R[0xaf][0xcb][0xf3][0xc]i&lt;&apos;7[0xb1]([0x16]i&quot;t[0xf5][0xfc]L[0x98][0xf6][0xa4]&quot;[0x91][0x8d][0xb1]0Y[0xc5][0x1d]NtcVN[0xbd] [0x8f][0xeb][0xf2]e|[0xa0][0xe3][0x7]x[0x8f][0xc1][0x1f]-([0xf2]*[0xd1]^d[0xf0][0x98]Y[0xab]B[0xe5]+[0xf2]U[0xe6]q~[0x8e]/[0xca]{~[0xe8][0xf2][0x92][0x8a][0xc8][0x19][0xf9]pNp&apos;v[0xd1]r[0xad][0xe7]v[0xc4][0x86]GbQV[0xad]\[0x9a]9#K[0x17][0xab][0xa3][0x11]Uei[0xfe][0xd4][0xd5][0x9e]#[0xeb][0xa7][0xc][0x8d]^9@[0xb3][0x16][0xcc]&quot;[0xb9]Ekmh[0xa0]s][0x96][0xc1][0xd4][0x94]j[0x17][0xeb][0xdc])[0xb5][0xba][0xb0][0xcf][[0xb3]Of[0xdc]T[0x13]R[0xb1]Q[0xb6][0xdd]j[0xf7][0x8e][0xe3]T[0xd1]N[0x98]m:g[0xce][0xc8][0xb9]&apos;Nihd[0xc4]P[0x11][0xdd]4[0xe9][0x88]XX[0xce][0xdb][0xf3][0xc0][0xcf][0xdf]~%[0xfb][0xc8]T[0xe0]Z2f[0x9d][0xe4]v[0xb9][0x1c]i[0x98]U[0xfd]q[0x83]snVyo*[0x18][0xfb][0xed]G[0x90][0xc5]*[0xb4]+[0xd9][0xea]8[0xbc][0xdd][0x9a]@[0xd7]G[0x8c]a[0xd3][0xfd][0xd5][0xc5]D[0xa4]1[0xab]s[0x92]4[0x13][0xb][0x8b]&apos;[0x9f]q[0xd3]@&amp;[0xbe]?S[0x80]2[0xc8][0xfe][0xc1]p[0xdc][0xd8][0x18][0x8f][0x8d][0x18][0xf1][0xe4][0x9e][0x8e][0x1d]d[0xc9][0xe0]9[0xa3][0x88]M[0xb]e*.em[0x9e][0xde][0xb9]/)[0xdd]~[0xa8][0xd8]?k&amp;3[0x93]R[0xb7][0xe8][0xb4]&apos;[0x98][0x16]U[0xf5]&quot;m[0xac][0xdc][0x87][0x84]-[0x7]=b[0xd9]*[0xcb]#[0xd3]w[0x84][0x12][0xdd][0xb1][0xb8]ac2[0xc4]*-[0x98]5[0x91]H[0xe6]lF&gt;-[0xeb][0xe1]h[0xbe][[0xd8][0xf8]r[0x98][0x99][0x87][0x8a]W[0xde][0x11][0xbb]N[0x1a][0xa5]+[0x16][0x1a]PV[0xae])D[0xb4][0xae][0x88]^_?[0xc9]U[0xe1]@[0x9f]%][0xef][0x1e]zp[0x98][0x83][0xa7][0x11]&apos;[0xfd]j[0xb]6[0x1c]k[0xdd]Hg%[0xe9]2#[0xa4]F[0xf2][0xaa]&quot;[0xc7],a#[0xea]W[0x84][0xb6]t[0xa5][0xf8]|[0x99][0xdf][0x95]][0x88][0xcc]6[0xeb][0xc4][0xa6][0xf9][0x8c][X?5[0x84][0xf9][0xf2][0xcf][0xf2]c[0xaf][0x2]3;pR[0x15][0xa6][0xb0][0xfa][0xa3]Ke8[0x9a]H[0x86]&quot;[0x91]-[0x9d]v[0x1]I[0xd8][0x1e]NS[0xdd][0xd2][0xd9][0x1d][0x8a][0x86][0x86][0x94][0xb5]V[0xe4][0xf2][0xcb][0x94]F[0xe7][0xed]7[0xa9][0xa8][0xbe][0xb0][0xd5]][0x98][0x8d][0xd6][0x8c][0xed]D[0x80]j[0xf0][0xb9][0x16][0xb4][0xf3][0xba][0xd4][0xb8]*[0xc5]^9I[0xde][0xf5][0xe5][0xaa]V[0xf8][0x82][0xa4]9[0xed][0xf1][0x81][0xa1][0x92]n[0x8c][0xf9][0x9][0xc9][0xad]^[0x8a][0xa8]g[0xf8]O[0x80][0xa3]]K[0xad] [0xe5][0x87]Uc[0x4][0xed][0x93]%g[0xfe][0x9f]k[0x8a][0xbc]4[0x99][0x80],[0x2]YYa?n[0x9d]t[0xd2][0xc]&apos;[0x15]f[0x17][0xe1][0xd3]g[0xbe][0x81]*C[0x85]/[0x90][0xa5][0xf2][0xfb]c[0xae][0x1d][0x9]][0x9c]1[0xd6]D[0x7][0xce]6[0x8c]H&amp;$*re[0xc6]B[0xdc][0x81];[0xe1][0xc2]][0xb8][0x1b][0x1a][0xdc]jl[0x7][0xb8][0xf3]Q`[0xee][0x9c][0xff][0xcd][0x9d][0xaf][0xb]s[0xdf]o[0xef]|/[0x98];G[0xee].[0xf5][0xe6][0xe0]^[0xf]Qo[0x17][0xae]O[0xf1][0xd7]2[0xde][0xbb][0xb8][0xcf][\r][0x1e][0x85]lk[0x9c][0x80]K[0x1a][0x8f][0xc3]+c[0xf0]6[0x8e][0xa3]d[0x2][0xee][0x83][0xbc][0x15]|[0x89][0xab][0xcf][0x84]\[0x87][0x1a][0x9c]c[0xd2]x[0xda][0xa6][0xb1][0x98][0xe7][0xc2][0xbd],([0xaf][0xc3]3[0x81][0xd2]|[0x94]n[0x8a][0xdd]c[0xa2]&lt;c[0xa3],[0xb2][0xd9]j[0xc1]F[0x91]&quot;L.[0x84][0x17][0x17][0x99][0x18][0xcf][0xda][0x18]/[0x13][0xc3][0xcd][0xfd][0xb2][0xe0][0x4][0xbc]A[0xf7]![0xa2]r)[0xb][0x96][0x1c][0x82][0xaf][0xe9]8[0xfc][0x94][0xda]6[0xde][0xe9][0x87]P&gt;[0xc6][0xcb]&amp;[0xee][0xc1][0xe6]C[0xa8][0xe0][0xc5][0xf4]m[0x13][0x98]q[0x8][0x95][0x16][0xda]Q[0xf8][0x95][0xa2]U[0x87]03H[0x1d][0xab][0x1b][0x8f][0x91][0xe0]8f[0xf1][0xff][0xec][0x8c][0x1c]k1[0x83][0xeb][0x0]y[0x9e][0x8e]2[0x9a][0xa9][0xc2][0x15]F[0x15][0x6]1[0x1b]CX[0x82]0[0x1a][0xb1][0x13]&apos;a[0x18][0xed][0x88]b5[0xe2][0xe8]B[0x12][0x17] [0x85]-[0x18][0xc5]6[0xec][0xc1][0xa5][0xb8][0x9a][0xb8]c[0x8e][0x91][0xbe][0xc3]_[0x1e][0xee]7[0x4][0xbf][0x8e]9GP#[0xe8][0xa2][0xa1][0xdd][0x7])[0xc1][0xdc]n[0xca]TK[0x19][0xe7][0xf9][0xeb][0xc6]1[0xbf]i[0x1c][0xb][0xc6][0x11][0x98][0xc0][0xc2][0x92]Uc8[0xcf][0xb9];A[0xdd][0xd5][0x9d][0xe2][0xdc][0xf2][[0xd1][0x1a][0xc7][0x89][0xaf]cQ[0x9b][0xbb][0xc6]}[0x1c]z[0xd0][0xbf][0x98]7c4[0x87][0x9]?x_Y[0xe3][0x1e][0xc7][0xd2][0xbd]%R[0xd7][0xf4][0xea][0x93][0x9f][0x1c][0xca]([0xd8][0x86][\n]&quot;
2013-02-06 13:51:57,224 AAD-WS DEBUG wire:63 - &gt;&gt; &quot;[0xae][0xd7][0xd1][0xe0]7[0xf0][0xeb]FL[0xc7]^[0xcc][0xc4][0xad]T[0xec]6*v;:[0x19]o[0x17][0xe1]^*r?[0xd5]~[0x10][0x11][0xc6]Y[0x8a]w[0xd7]3[0xae]D[0xbd]$m[0xc5]&gt;[0xa2]b[0xa5][0xdc][0xef]V[0xc2]t76=[0x83]}M[0xc7]P[0xde]t[0x4][0x1c]?i[0xd3][0x86]`[0xe3]![0xcc][0xa1][0x91][0xab][0x1a][0x8f] ([0xe8]i&gt;[0x6][0xad][0x99][0x17][0x8d]AS[0x93][0xa5]A3[0xb7][0x99][0xb4]D[0xb][0x8f][[0x9]v[0x92]Ka[0x9e][0xdc][0xd3][0xac],[0xc4][0xaf]S[0xda][0xdc]c[0xa8][0xae]q[0x1f][0xc1][0xa9][0x2][0xa5][0xad][0xa7][0xb9][0xc6]3[0x8e][0xd3][0xd4][0xc9][0xe9][0x82]G?[0xf9][0x99][0xd2]t[0x1c][0xcb][\n]&quot;
2013-02-06 13:51:57,224 AAD-WS DEBUG wire:63 - &gt;&gt; &quot;[0xfd]x[0x19]=[0x6][\n]&quot;
2013-02-06 13:51:57,224 AAD-WS DEBUG wire:63 - &gt;&gt; &quot;[0xea][0xe1]/[0x1f][0xbd]QA[0xc1][0xe7][0xd0]/uTa![0x9f]Z[0xf5]x[0x1]M|9[0x9e][0x8c][0xaf]b%[0xe]2[0xbc][0xbf][0xc6]X[0x9d]@/^a[0x14][0x1e][0xa5][0x9]^E[0x88]&lt;[0x87][0xf1][\r]$[0xf0][0x1a][\r][0xf6][0x6][\r][0xf5]&amp;[\r][0xf1][0x16][\r]t[0x9c]\[0xf8]\[0xb3]MQ[0xc7]]%[0x82]Giu[0xc0][0x11][0xa1][0xd4]&lt;|[0x97]+[0x1f][0xa8]E@[0xcb][0xf3]A[0xc4][0xf5]+[0x94][0xc7][0x2]=[0x81][0x19][0xa1]r[0xa2]T[0x19][0xb2]&quot;?S[0xfe][0x96][0x9a][0xfd][0x84]&apos;/[0xe1]@[0x11][0xd2][0x15][0xf9][0xa4][0xce][0xf5] [0x93][0xc9][0x2]}[0xc3][0xf6][0xdd]5[0xb4][0xd9][0xf2]q[0xac]hs[0x1f][0xc5][0x19]*9[0xda][0xba][0x8f][0xa2]}[[0x8d][0xbb]i[0x2]+{[0xc6]pV[0x9b][0xe7]e[0xac]J[0x7][0xe2]Y[0xc]D:k[0xbe]5[0x17][0xc6][0xe2]8[0xd6]d[0xdd][0xae][0xe5][0xa1]r[0xce][0x2][0xeb]Fz[0x94]oUqifqQ.V[0xbf][0xc7][0xd1][0xc1][0xcc][0xb3]&lt;[0xc5]7[0x8]e[0xe][0xe0]L[[0xd0][0x16]L[0xe3][0xfa]k[0x9e][0xfe][0x6]~[0xfc][0x96]w[0xbf][0xe3][0xed][0xef][0x99]e@[0x1f][0xc3][0xed][0x12]|[0x82][0x9d][0xd4]eT[0x4]W[0x8b]*=|+[0xdb][\n]&quot;
2013-02-06 13:51:57,225 AAD-WS DEBUG wire:63 - &gt;&gt; &quot;[0xad][0xe4][0xae][0xac]2[0xc7]fr[0x4][0xeb][0xac]D[0xf3][0xc8][0x1][0x8a][0xbc]&gt;c[0xe][0xbf][0xaa]&amp;[0xa2][0xa1]\[0xca]P)&gt;T[0x89][0xce][0x1b][0xbe][0x9e]mJ&apos;[0xdb]V[0xaf]$[0xa5][0xb3]_[0xc7]9[0x8d][0xcf][0xa8]b5[0x81][\r][0x19][0x7]T[0xa0][0x84][0x9f][0xb3]1M[0xe6]`[0x86][0xcc][0xe5][0xe9][0x4][0xe][0xdb][0xe8][0x1][0xdb][0x9][0x1a][0xd1];[0x89][0x9e][0xe7][0x7]Q[0xf7]G[0x9c][0xe2][0xb0][0xdc][0xae][0xa0]U[0x87]qn0x[0x18][0xe7][0x11]c[0x1c]][0xb4]O[0xf7][0xc1]&lt;[0x89][0x83]([0x91]FTH[0x13][0xfc][0xd2][0xcc][0x9b]W[0x18][0xa3][0x16][0x91]Z[0x9b]e[0x89][0xbf]&apos;[0x9f][0xdb]i[0xa4][0xcf][0x17][0xb5][\r][0xf8][0x12][0xe5]V[0xa5]t[0x97]SZ[0xce]O{t[0xa3][0xe5]QU:[0x98]u[0xdd],?M[0xe9][0x9c][0xeb]q[0xa0]/ P[0xb3]S[0x86][0x9c][0xe3]M[0xd6]q[0xaf]CB[0xfd] [0xd5][0xcd][0x8f][0xc0][0xd3]|[0xa0][0xc9][0xce][0xd4][0x97]%#[0xdc][0x12][0xfa][0x18][0xd2][0x8e]y[0xb2][0x12][0x8b]d[0x15]Z[0xe4],[0xac][0x97][0xd5][0xb8]\[0xd6][0xe0]JY[0x8b][0x88][0x9c][0x89][0x94][0xac]&apos;[0xf4][0xab][0xcc]&lt;K[0xf8][0xf3](&lt;[0xcd][0x8e][0xa5][0xe][0xdf]-[0x96][0xf0][0xb][0xb2][0x84][0xe7][0xcf][0xad][0xdd]A[0x6][0xef][0x85][0xf9][0xe6][0xdb]Hf[0x17]`[0xa1]l[0xc2][0x12][0xe9][0xa5]U^OwB[0xd9]@[0xb2][0x1a][0xe1][0xde]s[0x8]_d[0x13]vh[0xce][0xed].Y[0x95][0xae]F[0x15],[0xa9]vA[0xba][0xd0])C[0xbf][0xaa]{[0x94][0x6][0xf1][0x13]{a[0xba][0x9d][0xb6]y[0x82]5[0x1e][0xb6]E+[0xdc]g[0x1d],Y[0xe6][0x19][0xc3]PS[0xb5][0x87][0x85][0xbc][0xaf][0xad][0xd4]av[0xb1]J[0x9b][0xd2][0x8c][0xf9]kJ&apos;pI[0x9b][0xb7][0xc6]{[0xc]&apos;[0x5][0xfd][0x97][0xf2][0xa8][0xc6]ka][0xf6][0x8]I[0xf9]/[0xcf]:[0xb9][0xc2],[0xf8]![0xb3][0xf2][0x97][0x5][0xfd][0xdb][0xf9][0xb1][0xd7]#[0xd5][0x1e]U[0xf1][0xf7]g,0[0xc8][0xce]M[0xa9]0[[0xfa]h[0x85][0xcb]1_[0xae][0xc0]R[0x9][0xb1](_[0x81][0x95][0xd2][0x8f][0xd5]2[0x80][0xb3][0xc5][0xc0]F[0x19][0xc4]6[0x19][0xc2][0xa5][0xb2][0x3][0x97]I[0x4][0x3]2[0x8c]a[0x89]b[0x9f][0xc4]p[0xb7][0x8c][0xe0][0x1][0xb9][\n]&quot;
2013-02-06 13:51:57,225 AAD-WS DEBUG wire:63 - &gt;&gt; &quot;[0xfb]%[0xce][0x17]}[0x2]/H[0x12][0xe3]2[0x8a][0xd7]d[0xf][0xde]&quot;[0xec][0xf7][0xe4]:r[0xfb][0xc6][0x14][0xee][0xea][0x9f][0xc2]][0x3][0xf9][0xee][0xba][0x85][0x82][0xee][0xa5][0xbb][0xf6][0xd1]][0xb7][0xd2]][0xdf]t[0x6][0x97]wHV[0x95][0xae]km[0xbf][0x8c]a[0xc0]l[0x8e]}mn[0x87][0x95][0xa1]l[0xea][0xce][0xb2][0xa9][[0xd9][0xd4]S[0xe3]9[0xc6]2d[0xd9][0xd4]c&quot;[0xd1][0xa4]3[0x83][0xfe][0xc1][0xcc][0xc1]P[0x11][0x8b][0xda]-[0xf4]1[0xbb]G[0xed]p!#[0xed]*[0xb6]O[0xc8][0xed],3w[0xc2]&apos;w17[0xef][0xa6]Y[0xef][0xc1])r/[0x96][0xcb]}8S[0xee][0xc7][0x6]y[0x0]=[0xf2] M[0xfb][0x10][0xb6][0xcb]~[0xec] [0xec]U[0xf2]8[0xae][0x91]&apos;H[0xe5][\r][0x1c][0xa3]~J[0xb3]S[0xec][0xca][0xe3]W][0x84][0x9d]Tm[0xe4][0x17][0xce][0xe6]g[0x95][0x9e][0xe7]9[0xa8][0xbd][0xc0][0xea][0xf5]&quot;[0xfb][0x90][0x1a][0xf4][0x4]1[0x93][0xd2][0xb7]lJ[0xa7][0xd9]3[0xd3]L[0x8b][0xd2]t[0x93]RS[0xf3][0x11]\[0xe9].[0xa0][0xc5][0xa9]J[0xe][0xb3][\n]&quot;
2013-02-06 13:51:57,226 AAD-WS DEBUG wire:63 - &gt;&gt; &quot;[0xbe][0x92]G[0xeb]e[0x9b]V[0x87][0xed][0xc8]Z[0x93][0x8]m[0xb0][0xf3][0x8][0xf3][0x93][0xf5]n[0xf8][0x8][0xa2].6Tw[0xf7]A[0xb3][0xfc][0xcc]b[0x94][0xc5]rH[0xbf][0x85]Yr[0xc]s[0xe5][0xdb][0xe][0xe9]o[0xf3][0xff][0xdb][0x1c][0x89],W.[0xb5][0x15][0x9e]fk:[0x92][0xad][0xa9][0xd9][0xe5][0xe4][0xfb][0xb4][0xea][0xfb]&amp;[0xd2];6R[0x83][0xad][[0xb9][0xa3][0xd4]U[0xee][0x2][0xb4][0xf][0xa1][0xcb][0x8f]y[0xf2].[0xbe][P[0x97][0xc7][0x11][0x1f]G&quot;[0xbf]R[0xfe][0x94][0xeb][0xf7][0xf0][0x9e][\r][0xdd]o+[0xbd][0xdc][0x9][0xa9]da[0xf4][0xaa][0xd1][0x83]GK[0xd5][0xc4][0xd2][0xdd][0xc4][0xaf][0x94]i[0x9e]q[0x8c]f[0xc4][0x99][0xab]bU&gt;b4[0xcc]J[0xf7][0x9][0x1a](][0x8b][0xab][0x4][0xcb]\[0xca][0x1c][0xdf]w[0x18]Fm[0x86][0xab][0x1c][0x86][0xbb][0x8a][0xa4][0xcb]q[0x94][0x1f][0xc5][0xee]m[0xfe]=[0x13][0xb8][0xfa]5[0x9b][0xfd]5[0x17]:[0xfc]O[0xcb][0xf0][0x9d][0xcf]9[0x1a].[0x1d][0xf3]\[0xe5][0x8][0xb8]*[0x10]t[0xcd][0xc0][0xa9][0xae]J[0xac]p[0xf9]q[0xa6][0xab][0x8a]P[0xef][0xe3][0x83]&quot;-[0x8b][0xb3][0xd4][0xb5]y[0xa6]q[0xd5]p[0xfd][0x81]#i#[\r]\b:-[0xcd][0xf6][0xba][0xbc][0x90]r-[0x82][0xc7][0xb5][0x18]&gt;[0xd7][0x12][0x9e][0xfe][0xd0][0x1c]j[0x9e]2[0x8b][0xbe][0xd5][0xa2]}[\n]&quot;
2013-02-06 13:51:57,226 AAD-WS DEBUG wire:63 - &gt;&gt; &quot;[0xb1][0x8b]x[0xd7][0x1f][0xc8][0xf5][0x9a][0xab][0x89]x[0xaa][0xb5][0xfd][0x5][0xfe][0xd2][0xc6]Yk?[0x17][0xe6]S4[0xad][0xf6]q[0xb6][0xf7]Z5[0xc9][0xfb]o[0xa8]}[0x14]^[0x16]cwI[0xed]8n[0xcc]+[0x1e][0xae]e[0xd0]\[0xcb]Q[0xee]Z[0x81]:W[0x1b]o[0xfe][\n]&quot;
2013-02-06 13:51:57,227 AAD-WS DEBUG wire:77 - &gt;&gt; &quot;[0x1f][0x16][0x19][0x91][0xb4][0x17][0xf3][0xf4][0xec][0xe0][0xfa][0xe3][0xa2][0xac][0xcb][0xd2][0xac]Y[0x12]n[0xca]f}s&gt;k[0xbe]x\=d}&gt;Y_[0xc0][0x9b][0xbf].[0xca][0xba],[0x9f]u[0x1f][0xd7][0xbf][0xe1]HW[0x8]:3[0xdf][0x1b][0xdb][0xcd][0x7]]z[0x90][C[0x83]+)U0[0xfa][0x1e][0xc1][0xbc][0xac]y[0xec][0x16][0xbb][0xb7][[0xe3]X[0xbe][0x8f]v[0xc2][0xeb][0x8a]04[0xa2]&lt;[0xfd][0x9][0xfe][0xce]&amp;[0xb7][0xc2][0xcc]Rk[0x8c][0xda]{[0x9c][0x85][0xe3]([0xf6][0xa9][0xc7][0xd5][0xad][0x87][0xf0][0x19][0x1e][0xdd]v [0x8f][0xca]M[0xa4]r3[0xaa]\{[0xd9]A[0xea]L5[0x1]X[0xff][0xdc][0x87]q{^f[0xba][0x92](q%[0xf8][0xf5][0xf7]P/[0xd3][0xe0];C%I[0x9][0xf6][0xf1][0xad]{[0xf][0xb9]?[0xca][0x87][0xd5][0xe7]9[0x1e][0xbc][0xc9][0x1e][0xf4][0x16]j[0xfe][0x8]PK[0x7][0x8]o[0xab][0xf1][0xf0][0x7][0x11][0x0][0x0]=%[0x0][0x0]PK[0x3][0x4][0x14][0x0][0x8][0x0][0x8][0x0][0xd4]|D5[0x0][0x0][0x0][0x0][0x0][0x0][0x0][0x0][0x0][0x0][0x0][0x0]([0x0][0x0][0x0]javax/help/TextHelpModel$Highlight.classuN[0xcb][0xe][0xc1]P[0x10]=[0x97][0xea][0xd5]*[0x11]+k[0xb1]`[0xa3][0x1f]![0x84][0x85]tQ?p[0xd5][0xe8]#7%[0xed]%[0xbe][0xcd][0xc2][0x7][0xf8](1W&quot;aa[0x92][0x99]sr[0xe6][0xcc][0xc9]&lt;[0x9e][0xb7];[0x80][0x19]z[0x12][0x9e]D [0xd0]K[0xc9][0xc4]FU&amp;:[0x1c]j2[0x2][0xcd][0xc9]t-[0x10][0xb0][0xbc]([0xf7][0x1f][0xd1][0x8f][0x8f][0xe7]*[0xa1]e[0xae]I`[0xb0][0xa5][0xab]Y[0x91]&gt;m[0x8e]{[0xd2][0xb3]B][0x94]DW`d[0xd9]5[0xcc]x[0x13][0xfe]X[0xc6][0xab]&lt;[0xcd]47&apos;y_&lt;X[0x97]%Us[0xad][0xea][0x9a]j[0x81][0xbe][0xbd][0xf][0xb5]*[0xd3]0[0xda][0x15][0x94][0xb0]c[0xf8]/[0xd2][0x15][0x10]&quot;
2013-02-06 13:51:57,227 AAD-WS DEBUG wire:63 - &gt;&gt; &quot;h[0xc0]V[0xc3][0xe1][0xa7][0xe1][0x0][0x8c]-[0x8b][0xac][0xbb][0xef])[0xd1]a[0xf4]a[0xbd]m[0xf8][0xae][0xf7][0x2]PK[0x7][0x8][0xc8][0x8f][0x83][0xbe][0xb5][0x0][0x0][0x0][0xff][0x0][0x0][0x0]PK[0x3][0x4][0x14][0x0][0x8][0x0][0x8][0x0][0xd4]|D5[0x0][0x0][0x0][0x0][0x0][0x0][0x0][0x0][0x0][0x0][0x0][0x0][0x1e][0x0][0x0][0x0]javax/help/TextHelpModel.class[0x8d]R[0xcb]N[0xc2]@[0x14]=#[0x8f]B[0x5]E[0x1e][0x8a][0xe2][0xca][0x98]8[0xc4][0x84]~[0x80]+[0xa3]1[0x90]`\@[0xdc][0xb8][0xaa]pSJ[0x86][0x96][0xb4][0x3][0xe1][0xdb]\[0xf8][0x1]~[0x94][0xf1]vL[0xb0][0x4][0x89].[0xee][0x9c][0xc9][0xcc][0x99]s[0xcf]=[0x99][0x8f][0xcf][0xb7]w[0x0][0x1d][0x9c][hZ8[0xb5]pf[0xa1]%P[0xec][0xfa][0xde]Dqi[0x81]R/[0x8]([0xba]Sn[0x1c]S,P[0xf1]H[0xdf][0x87][0xa3][0xc5][0x8c][0x2]=[0xf4][0xb5]&quot;[0x81][0xba]l[0xf7][0xa7][0xee][0xd2]u[0x94][0x1b]x[0xce]@G~[0xe0][0xdd]03[0xde]b6[0xe4]6[0xb1][0xfd],P[0x8b]h[0x16].[0xe9]V[0xa9]ucn[0x95][0x91][0xc9]][0xc9][0x1d][0x8f]Svr[0xb2][0xd7]K[0x8e][0xcb][0xac][0x9e]&amp;K[0xf9]b[0xb4]W[0xce][0x84][0xd4][0xdc][0x19][0xd2]Jwy[0xf3][0x18][0x8e]I][0xae][0x89][0xa6][[0xd9][0xdb]|z%[0xdb][0xff]z+[0xd0]d/[0x1b][0xb7]}?[0xd6][0xc4][0xf1][0x8]\[0xcb][0xb4][0x4]-yh[0xe7]W[0xaa][0xb1][0xd0][0xfa][0x1e]x[0x87][0x96]=[0x8][0x17][0xd1][0x88][0x1e][0xfc]$[0xb3][0xea][0x6][0xa9][0x93]4a#[0xbb][0xec]r[0xec]?[0x9]?[0xbd]Ni[0xc4][0x99][0xd5]S[0xec][0x14][0xf3][0xe2][0xef][0x99][0xf3][0x2][0x2]{\[0x19][0xfe]&amp;[0x85][0xac][0x80][0x85][0x2][0xc0]X[0x84]mp[0x1f]%[0x83]e[0x1c][0x18]&lt;D[0xc5][0xe0][0x11][0xaa][0x6]k[0xa8][0x1b]l$[0xc8]J[0xc7]f=A[0x9e][0xd1]f[0xdd],W._[0xfc][0x2]PK[0x7][0x8][0xce]y[0xca][0x82]:[0x1][0x0][0x0][0x89][0x2][0x0][0x0]PK[0x3][0x4][0x14][0x0][0x8][0x0][0x8][0x0][0xd4]|D5[0x0][0x0][0x0][0x0][0x0][0x0][0x0][0x0][0x0][0x0][0x0][0x0]@[0x0][0x0][0x0]javax/help/JHelpContentViewer$AccessibleJHelpContentViewer.class[0x8d]R]K[0x2]Q[0x10]=c[0xea][0xb6][0xba]e[0xda][0x87]}X[0xa6]I[0x94]B[0xf6]\[0x11][0x88][0x14][0x15][0x12]Q[0xd1][0xfb]j[0x17][0xbd][0xa1]w[0xc3][0xdd][0xb2][0xfe]G[0xaf][0xfd][0x87][\n]&quot;
2013-02-06 13:51:57,228 AAD-WS DEBUG wire:63 - &gt;&gt; &quot;&quot;[0xe8][0xa1][0x1f][0xd0][0x8f][0x8a]f7[0xfb]R[0xb1][0xee][0xc3][0xc]s[0xe6][0x9e]9[0xc3]a^[0xdf][0x9e]_[0x0][0xac] [0x1d]B[0x0]Q[0x1d]~[0xc4]t[0x8c]bL[0xc3][0x84][0x86]iB[0xd0][0xa9]I;[0xb3]JH[0x96][0xce][0xcc]K[0xf3]*_[0x13][0xf5][0xf3][0xfc][0xde][0xe][0xc7][0xa2][0xa5][0x1c][0xa1][0x9c][0x13])Z[0xa2][0xb9]N[0xd0][0x8f][0xae][0x95]S[0x13][0x8e][0xac]0mC*[0xe9]l[0x12][0xd2]K[0xf0][0x96]O[0x8][0xfe][0xa2]u*[0x8][0x91][0x92]Tb[0xff][0xa2]Q[0x16][0xcd]c[0xb3]\g$Z[0x15]N[0xa1]R[0x11][0xb6]-[0xb9]&gt;[0xb4]\lqi[0xb9]=[0xd2]lwd]:[0xd7][0xf9][0xdf][0xff]x[0x9f][0xd0][0x91]u[0xd1][0xac][0x88]m[0xe9][0xb2][0xe2][0xdd][0xd2]+[0xee][0x14][0x3]:[0x12][0x6][0x82][0xd0]4[0xcc][0x1a][0x98]CR[0xc3]&lt;a[0xad][0xef][0xd2][0x99]o[0xad][0xee]&amp;![0xd1][0xbf]m[0xec]*%[0x9a][0xc5][0xba]i[0xdb][0xc2][0xd6][0x90]&quot;[0xe4]&gt;[0xd4][0xec][0x96]T[0xd5][0xfc]^[0xd1]j[0x9c][[0x8a][0x9]?e[0xbe]@[0xc2]Xox[0xe6][0xd3][0xe9][0xce]1[0x9e][0xc5][0xe9][0xbf]-#[0x4][0xe][\n]&quot;
2013-02-06 13:51:57,228 AAD-WS DEBUG wire:63 - &gt;&gt; &quot;[0xfb][%B[0xe6][0x6][0xcf][0xf6]5[0x89]0[0xd1]{[0x1f][0xa4][0xf8][0xca][0x2]|u[0x84][0x98]k&lt;[0xe7]A[0xb8][0xcf][0xc7][0xb8][0x8e][0x10][0xd7]a[0xae][0x16][0xb8][0xf6]q[0xe]gsO[0xa0]l[0xee][0x11][0xbe]{[0x8f]dp[0xc]r[0x6][0xdd]p[0x1c][0xc2]p[0x9b][0x90][0xe0][0xcc]([0xfc][0xf][0x18][0xb8][0xeb][0xf8]y[0xcb][0xa3]&quot;[0x9e][0xc4][0x8]&amp;9[0xc7]&lt;[0xb1]q[0xc4][0xbd]U[0xa6]0[0xe3][0xa7]wPK[0x7][0x8]c[0xc2][0xb0][0xc6]w[0x1][0x0][0x0][0xb][0x3][0x0][0x0]PK[0x3][0x4][0x14][0x0][0x8][0x0][0x8][0x0][0xd4]|D5[0x0][0x0][0x0][0x0][0x0][0x0][0x0][0x0][0x0][0x0][0x0][0x0]#[0x0][0x0][0x0]javax/help/JHelpContentViewer.class[0x8d]X[0x9]|T[0xe5][0x11][0xff][0xb9][0xde]f[0xf3] $[0x1c]![0x4][0x90]K[0x92]l[0x2][0xeb]}$T[0x85][0x4][0xca]B[0x82]H[0x12][0x11][0x11][0xe5]e[0xf3][0xb2]y[0xb2][0xd9]]v[0xdf]Bb[{(jk[0xe9][0xa1][0xb6][0xd5]^[0xda][0x83][0xd2][0xaa][0xb5]`e[0x1][0xa9][0x96][0x1e]Jk[0xf][0xed][0xa5][0xbd][0xb5][0x87][0xbd][0xef][0xd6][0x9e][0xd6][0xf6]?o_v[0xb3]W[0x94][0xdf]/[0xf3][0xf6][0xcd]7[0xf3][0x9f][0xf9][0xe6][0x9b][0x99]o[0x1e]O[0xbc][0xf4][0xf0][0xa3][0x0]V[0xaa]:/.[0xc3][0xfe]jl[0xc6][0xdb][0x84][0xbc]][0xc3];[0xbc][0xa8][0xc0];[0xbd]|[0xb9]M[0xc8][0xed][0x1a][0xee][0xf0][0xc2][0x83][0xfd][0x1e][0xbc]K[0x9e][0xef][0x16][0xf2][0x1e]!w[0xca][0xf2]][0xa2][0xf5]^[0xf][0xde]&apos;/[0xef][0x17][0xf2][0x1][0xf]La~P[0xc3][0xdd][0x2]~[0x8f]0?[0xe4]p[0xbc][0xf8]0&gt;[0xe2][0xc5]Gq@x[0x1f]s[0xa5][0xf][0xd6][0xe0][0xe3][0xf8][0x84][0xbc][0xdc]+[0xbf][0xee][0xf3]b[0x14][0xf7];&lt;[\r][0x9f][0x94][0xe7][0x3]B&gt;%[0xe4][0x90][0x90][0xc3]B[0x1e][0x14][0xc0]Okx[0xc8][0xb][0x1f][0xf6][0xb]9[0xa2]![0xe5][0xe8]W[0xe3]([0x8e]yI[0x8e]kxX^Nh[0xf8][0x8c][0xbc]?[0xe2][0xc5][0xd9]x[0xd4][0x8b][0xcf][0xe2][0xa4][0x90][0xcf][0x89][0xd6][0xe7]5|[0xc1][0x8b][0xb][0xf1]E/V[0xe0]1/[0x1e][0xc7])[0x1][0xf9][0x92][0x90]/[0xb]yB[0xc8]W&lt;[0xb8][0xc9][0x83][0xaf]z[0xf0]5g[0x9b][0x1e][0xdc][0xec]&lt;[0xab][0xf1]u&lt;[0xe9][0xc1]S^|[0x3][0xdf][0x14][0x87][0xbe][0xa5][0xe1][0xdb]^l[0xc4]w[0x9c][0x17][0x87][0xc8][0x9e][0x9f][0xd6][0xf0][0x8c][0x86][0xef]j[0xf8][0x9e][0xc2][0xfc][0xd5][0xc1][0xa0][0x99]HX[0x83]as[0xc3]z3[0x1c][0xeb][0x8a]Fl3b_n[0x99]{[0xcd][0xb8][0x82][0x1e][0x88]D[0xcc]xW[0xd8]H$[0xcc][0x84]B[0xe5]ht[0xc8][0xc]+[0xcc][0xeb][0xb9][0xd6][0xd8]c[0x8c][0xf9]G[0xa8][0xe1][0xef]7[0xc7]lQ[0xed][0x95][0xb5]N[\n]&quot;
2013-02-06 13:51:57,229 AAD-WS DEBUG wire:63 - &gt;&gt; &quot;%[0xc6]#[0xc1][0x11][0x5]u[0xa5]B[0xcd].[0xcb][0xde]b[0x86][0xac][0x84][0x1d][0x1f]W[0x98][0xed][0xa8][0xf9][0x93][0xb6][0x15][0xf6][0xaf]7[0x12]#[0xb6]A[0xb3][0xa2]1d[0xe]&amp;C[\n]&quot;
2013-02-06 13:51:57,229 AAD-WS DEBUG wire:63 - &gt;&gt; &quot;U[0xab][0xac][0x88]e_[0xa4][0xd0][0xd0]2[0xd9][0x80][0x80][0xf7][0x99]vg[0xeb][0xe5][\n]&quot;
2013-02-06 13:51:57,229 AAD-WS DEBUG wire:63 - &gt;&gt; &quot;[0x15]][0xb4][0xa2]P[0xdb]cE[0xcc]M[0xc9][0xd1]A3[0xde]/ [\n]&quot;
2013-02-06 13:51:57,230 AAD-WS DEBUG wire:63 - &gt;&gt; &quot;[0xe5]-[0xb2][0xbc][0xa0][0xa5][0xb4]g[0xb2][0xee]I[0x98]voz[0xf][0x9e]P[0xe6][0xe7][0xfc][0x96][0xd6][0xa9]7d[0xda][0x3][0x1][0x85][0x96][0x1c][0xf0]X[0xd8][0x18][0xf6][0x17][0x84]l [0xe0][0xd8][0xa9][0xc][0xa5]U[0x9a]s[0x91]K[0xea][0xd0][0x9d]dl[0xc8][0xb0]MQ[0xd2][0x1d]e&apos;[0xe8][0x81]n[0x85]Y.[0x86]?lDB[0xfe]&gt;;nEBT[0xd0][0xe9]UW2[0x1e]&apos;L[0xa0][[0xc3][0xf][0x14][0xca]DzN[0x8e][0x93][0xbd]FlY[0xa0][0xdb]q[0xc9][0xbb]v,h[0xc6]l+[0x1a][0xe1]A[0xce]n)[0x84]l[0xbd]\[0xc3][0xf][0x15][0xa6]eq[0x7][0xb6][0xf4]([0xd4][0xb9][0xa2][0x11][0xd3][0xf6][0x93][0xe1]`M[0xb][0xe5][0xca][0xcc][0x98]pqB[0x88],[0x8a]tG[0x83][0xc9]Q[0xca][0xf4][[0xb6][0x1c][0x91]n[0xc][\r][0xad][0xb7]B#a[0xfe][0xd9][0x8c]QK  `3[0xe3][0xe6]ht[0x8f][0xb9]:[0x1c][0xce],&amp;[0xd2]&apos;[0xd5][0x97]N[0xa4][0x8a][0x96]+[0x9d][0xb3][0xb]e8&lt;l&amp;[0xd7][0x82]`[0xdc]d[0xc8][0xd6][0xe]Yv4[0xbe][0xd1][0xb2][0xd7]E[0xe3]n\[0xfb][0xc7]c[0xb4]wF[0xb1]M[0xba][0xd1]I[0xec][0xe5][0x9b][0xdf][0xe6]I[0xfb]3[0xfa][0xf4]z.][0xcc]9[0xfe][0x1e][0xa6][0xae][0x19][0x91]Rh[0xcb][0x9][0xac][0xb9][0x87]f[0xfc]EE[0x9d][0x8]5[0xa4]7U[0x4]g[0x96]D[0xa1][0x90][0xdd]\[0x4][0xbe]8te0l[0x1a][0xd4][0xa8][0x8a][0x9b][0xe1][0xa8]1DD[0x6]&amp;[[0xc6]N[0x8][0xc6][0x18][0xdf][0xd6]L[0xee][0x19][0xee][0xa2][0x15][0xb6][0xec]q[0x81][0xa8]d[0xdf][0xaa]`[0xd8][0xad]=o_4[0x19][0xf][0x9a][0xeb],9[0xb2][0x86][0xc2][0xa6][0xb0]R0u\[0x85][0x9d]:[0xb6][0xe2][\n]&quot;
2013-02-06 13:51:57,230 AAD-WS DEBUG wire:63 - &gt;&gt; &quot;[0x1d][0xdb]q[0x85]B[0xd3]$[0xe7][0xbb][0xcd]a#[0x19][0xce][0x6]F[0x84]w[0xe8][0x18][0x4][0xd5],[0xec]d[0x8e][0xe6][0x1f][0xcb][0x9a][0xe4][0xf0][0xb0][0x4][0xc1];Q[0x9e][0x1d][0x8b]t[0xfc][0x8]?[0x16][0xf2][0xac][0x8e][0xe7][0xb0]K[0xcc][0xec][0xd6]1[0x0][0x6][0xa0]z$[0x8b][0xfc][0x13][0xfc]T[0xc7][0xcf][0xc4][0x97][0x9f][0xe3]y[0x85][0xa5][0xaf][0xa0][0xd8]t[0x98][0xf8][0x85][0x8e]_b[0xa7][0x86]_[0xe9][0xf8][0xb5]&lt;[0xa3]#[0x84][0xdf][0xca][0xca]0[0x13][0xb2][0x88][0x92][0x86][0xdf][0xe9][0x8]#[0xaa]#[0x88]![0x1d][0xbf][0xc7][0x1f]t[0xfc][0x11]b[0x94]&apos;Y[0xc]D[0xf6][0x18]ak[0xc8][0xed]Wnt3e[0xa7]#[0x1][G[0x12]{t[0xec][0x95][0x1d][0x8d]a\[0xc7]u[0xe2][0xfb]60[0x9d]g[0x16]i[0x8e]:[0xfe][0x8c][0xbf][0xb0][0xdf][0x96]NZ[\r][0xd5][0xf1]7[0xbc][0xa0][0xe3][0xef][0xf8][0x7][0xcb].?[0xb4]:[0xfe][0x89][0x17]X[0xf0]Y[0xbe][0xd3]Xz[0x98]9f\[0xc7][0xbf][0xf0]o[0x1d][0xff][0xc1][0x8b][0x1a][0xfe][0xab][0xe3]%[0xbc][0xa8][0xe3],T[0xa5]T[0xd9][0x84]C[0x8e]N[0xff]H&lt;[0xba][0xd7]qH[0x95][0xd3]aU[0xa1][0xa0][0xa9]J[0x1d][0xaf][0xc7][0x1b]t[0xbc][0x11]o[0xd2]U[0x15][0x9]n[0xc4]&gt;[0x1d]7`[0x1f][0x9b][0xff]&quot;V[0xe9][0xd8][0xf8]u[0x9a][0xd2]t[0xe5]Q[0xd5][0xcc][0xd2][0xc2]T[0xea]X[0xa4])[0xaf][0xae]jx[0xb2]JW[0xd3][0x14]:&amp;[0x5][0xb3]P|[0xd9]Tw[0x15][0x93]LM[0xd7]U[0xad][0xe4][0xd7][0x82])a[0xdc][0xfc][0x9b][0x8][0xe7][0x86][0xae][0xe8]h,[0x1a][0xe1][0xb2][0xc2][0xc2][0xa9][0xeb]ES3[0xd8][0xf][0xb][0xda][0xab]B[0xe3]$[0xde][0x1a]c([0xd0][0x9d]9t[0x96][0xa9][0x11][0x8b][0x99][0x11][0x96]i{[0xc9]vTX[\n]&quot;
2013-02-06 13:51:57,231 AAD-WS DEBUG wire:63 - &gt;&gt; &quot;[0x9d]y[0xe2][0x97][0xe]^k[0x6][0xed][0xa9][0xc4]=v4[0xcd]Q[0xa8][0x1f][0xb6][0xe2][0xe6][0xe6]x4f[0xc6][0xed][0xf1][0xae][0x11][\n]&quot;
2013-02-06 13:51:57,231 AAD-WS DEBUG wire:63 - &gt;&gt; &quot;[0xb3][0x92]/,b[0xbd][0xd0]@[0x11][0x93]ruX[0xe9][0xc4]f[0xb3][0xe5]-[0x93][0xb4][0x18][0xa8][0x9c]6[0xea]TZ&amp;[0x8c][0xce]u[0xb6][0xb8]ej[0x9][0x81][0xd5][0xe2]f[0xcc][0xb0]$[0xee][0x93][0xf][0xac]O[0x14][0xe4][0xd0][0x6]l[0x89][0xbf]%sG[0x9d][0x15]I[0xd8]F8&lt;[0x10]p{K[0xc2][0xcd][0xe8][0x9][0xfc][0x81]@[0xaf][0x11]1Br[0xb8][0x17][0xe4]Z[0xce][0x1e]o^[0xef]/[0xe2][0xf4][0xdc]RC[0x0]C[0xc0][0x1e][0xeb][0xd6][0xb5][0xdc][0xb1][0xad][0xc5][0xe6][0x13][0x9e]u[0xfa]FR[0xe8],[0x15][0xed][0xfc][0x91][0xa6][0xc8]e[0xcd][0xc2][0x9][0x89][0x95][0xe5]/[0x93][0x0].[0x8b][0xe7]][0x8][0xcc][0x9][0x89][0x93][0x97]\[0x83][0xd9][0xe9][0xab][0xbe][0x98][0xae][0xec]k[0xa3]9[0xde]m[0xd8]F&amp;t[0xa5]2[0xa2]H[0xce]fp[0xea]h.[0xdd]S[0xb2][0x6][0xab][0x89][0x9d][0xe6][0xb1]Br[0x86][0x98]I-[0x88][0xba][0xd5]r[0x8d]9,[0x85][0xd3]_[0xa6]H[0x1c]1[0xea][0xd4][0xe6][0xb1][0x98]M[0xc3][0xd1][0xf8]&amp;c[0x94][0xc1][0xaf][0x89][0x98]{[0x3][0x92]0[0x91][0xa0][0x99]?&gt;e[0x1c].[0x8f]%[0xed][0x97][0xdd][0xf1]TQ[0xaf][0x8d][0xd1]9[0xbb][0xcf]6[0x82][0xbb][0xfa][0xe3][0x86]X[0xe2][0xc5][0xcc]\[0xe2][0xa5][0x99][0x93][0xe9]N[0xbd][0xd9][0x90][0x95][0xa6][0xf4]TPb[0xc2][0x98][0xdc][0xbb][0xc7][0xc9][0x1c][0xa5][0x97]f&lt;[0x9e][0x99][0x9b][0xad][0xa8]s[0xda]&amp;[0xb3]l[0xb4]s[0xa2]A[0xe7][0xb2][0x19][0x8][0xc7][0xb1]0[O[0x9d]Q8[0x15]4[0xbf][0xe2][0x99]`I[0xce]DR[0xd8]G[0x9d][0x1a][0x9e][0xe7]VfO4[0xba]kudh[0x9d]i[0x86][0xb3]%:=7[0xb9][0xb1][0x98]_ [0x97]Aa[0xb]?[0xe9]*[0xe4].[0xe7]7_[0x99][0xc][0x11][0xce][0x93][0x97][0xa0][0xf3][0xdc][0xee][0xbc][0xcf][0xa7][0x1c][0xc7][0x6][0xd2][0xab][0xf9][0xb6][0x91][0xf2]e|[0x9e][0xe6];[\n]&quot;
2013-02-06 13:51:57,231 AAD-WS DEBUG wire:63 - &gt;&gt; &quot;[0xe5][0xab]8[0x82]2_[0xf9][0x11][0x94][0xfb]N[0xa0]b[[0xdb]QT[0xa6]P[0xe5]KA;L[0x11][0x85]kH[0xe7][0xa1][0x8a][0xf4]B[0xaa][0x9d][0x81]j[0x95][0xc0]tt[0x90][0xd7][0x89][0x85]X[0xe5][0x0][0xef][0x9c][0x4][0xac]J[0x0][0xab][0xd2][0xc0]k&amp;[0x1]w[0x91][0xd7]M[0xe0][0xb5][0xe][0xb0][0xe1][0x2]w[0xd3]_[0xf1]xn[0x1e]p[[0x9][0xc4][0xde]I[0x88][0x9b]0[0x13][0x97][0xa2][0x81][0xd1]R25[0xb9][0x88][0xc3][0x94]([0xe7][0xf3]&lt;:[0xe7][0xd9]v[0x14][0xd5][0xf5][0xde][0x14]j[0x88][0xa7][0xa7]0[0xed]([0xa6][0xfb][0x1e]Bmo[[0xfb][0x1]4[0xf8][0xda][0x8e][0xa0][0xd6]W?[0xa3]]X)[0xd4][0xd1]^}[0xd6][0xde]Bh[0xa4][0xdb][0x88]%[0xa3][0xbc][0x9d][0xa7]r[0x15][0x96]3[0xd2]g[0xd2][0xca][0xb9]N`8[0xe2][0xb8]6[0x17][0xf0])[0xe1][0xa9][0x14][0xa4]C[0x19][0x88]*[0x87]i[0x92]r`rE[0xbb][0xdc][\r]7[0xf9][0xea]g[0xa6][0xbd][0x99]u[0x12][0xb3][0xdb][0xe]@[0xf7][0xf1][0x84][0xe6][0xd0][0x87][0x86][0xac][0xf]sPI[0x1a]!P[0x14]u[0x88][0xf1]}7[0xe3][0x90][0xe0]j[0x8]#.[0xe0]&quot;[0xd7][0xb6][0x87]Ps[0x9][0x95]o~[0x9c][0xd4][0xca][0x1c][0xe4][0xf9]4.[0xdc][0x99][0xc7][0xd0][0xe8][0xf3][0x1d][0xc3]&lt;j[0xa4][0xe8]L[\n]&quot;
2013-02-06 13:51:57,232 AAD-WS DEBUG wire:63 - &gt;&gt; &quot;[0xf3][0xb3]f[0xeb][0x19]Bp@)[0xe7][0xa4]2[0x1d][0xfb][0xf8]~[0x13]W[0xae][0xc5].[0x17][0xa4][0xc9]5Y^[0xbf] [0xdf][0xda]~R[0xce][0xb4]&quot;[0x82][0xcd][0xee]fk$.m[0xc7][0xb1][0xb0][0xc]Y+^g[0xe9]n&gt;[0xef][0xe1][0xd6][0xe0]d[0xd8]RG}[0xb7][0xab][0xde]E[0xf][0xca][0x9d]X[0x89]:}&lt;[0xed]880[0x1d][0xc3][0xe2][0xe3]XR[0x86][0x83][0xa8][0xe8]=[0xec]X[0x9d][0x83]FGU`[0xa7];*[0xf7][0x92]w[0x1f]c[0xf5]@[0x6]:[0xce]?N[0x96][0xee][0x16][0xf2]=[V[0xe8]Y[\n]&quot;
2013-02-06 13:51:57,234 AAD-WS DEBUG wire:63 - &gt;&gt; &quot;[0xf2][0xdf][0xf]J&amp;QWi[0x89][0xbb]o[0xaf]([0x1d][0xc7][0xe9][\n]&quot;
2013-02-06 13:51:57,234 AAD-WS DEBUG wire:63 - &gt;&gt; &quot;[0xf9][0xdb][0x84]to&amp;Ny[0xf2][0xcb][0xb][0xe5][0x1f]#[0x1d]s[0x8e]H[0xe4][[0xdc][0xfd][0xea]&quot;[0xdf]4[0xff]8[0x9a][0xcb][0xb][0xbc]z[0x12]5x[0x8a][0x9c][0xeb]2G[0xba]&lt;[0xd7]J[0x8b]*[0xd0]y[0x1a][0xd5]x[0x86][0x9c][0xd7][0xe0][0xb5][0x19][0xcf][0xd2][0xdb][0xaf][0xf2]5[0xb1][0xe4][0xf2][0xe5][0x9f]e[0xda]=G[0xce][0xeb]p}[0x91][0x4]/[0xbb]?o[0x13][0xcf][0x93]r[0xc2]M[0x8b][0xaa][0xa5][0xdc][0x82]T[0xce]A[0xd5]K[0xe1][0xd6]S[0xac][0xab][0x13][0xf0][0xb1][0x10]Ym[0xad][0x7]Ypd[0xb2][0x1a][0xdb]ObEo[0xfb])[0xc4][0xd2]^[0xaf]T[0xd8][0xb4][0xe2]A[0xf8][0xb9]r[0xc6]I[0x9c][0xd9]Q[0xd1]Xq[\n]&quot;
2013-02-06 13:51:57,234 AAD-WS DEBUG wire:63 - &gt;&gt; &quot;[0x95][0xea][0x10]yg[0xa5]ygwT6V[0x9e]B[0xf5][0x8a][0x14][0xce][0x91][0x9f][0x8f][0xa3][0xb6][0xb1][0xb2][0xb1]&quot;[0x85]s;[0xaa][0xe][0xc2][0xdb]Xq[0xc][0xe7]uT5V[0xa5]p[0xbe]@;f[0xda]S[0xb8]`[0xeb]A[0xe8]i~[0x87][0xea]m[0x1c]5dvR[0xe2]P[0xdb]1[0xac][0xea]m?D[0xb7]w[0xe0][0x16][0xdc][0xca].[0x98][0xde][0xd4] [0xe6]r[0x1b]U(S[0x1a][0x1b]M5[0x1a]8y/U[0xd3][0xd0][0xcc][0xa9][0xf9]L5[0x3][0x17][0xa9]Y[0xe8]R[0xb3][0xb1]V5`[0x8b][0x9a][0x87][0xad][0xaa][0x9];[0xd4]i[0x18]T[0x8b][0x10]QK[0x90]T[0xcb]p[0xbd]:[0x1d][0xb7][0xa8][0xe5][0xb8]U5[0xe3]6[0xd5][0x82];[0xd4]J[0xdc][0xa9][0xfc][0xb8]G[0x9d][0x85][0x3][0xea][0x1c]Z[0xe2][0xd7]@A*2[0xc1][0x99][0x8a][0xaf]*HEu1[0xbc][0xea][0x12]rn([0xa9]tQ[0xa1]R[0x80]J[0x1b][0xc8][0xe1][0xd7]F[0x9][0xa5][0x8b][0xb][0x95][0xfa][0xa9]4[0xe0]X*[0xa5]tI[0xa1][0xd2][0xd5]T[0xba][0x86][0x9c][0x9b]29[0xd9][0xec][0xde][0x17]5[0xbe][0xfa][0xd5][0xf5]k[0xea][0xbb]R[0xe8][0xce]W2[0xa9]$M[0xf1][0xe6]bJk[0xd3]J[0xeb][0xf2][0x95][0xc2]T[0x1a]u.[0xbf][0xdd][0xae][0xd2]j[0xa6][0x9b][0xb8][0xb7][0x98][0x7]^~[0x17][0xe6]?[0x88]WO[0xf4][0xfd][0xf5][0xe9][0xbe]_[0xc3][0xbe][0x9f]B [0xb][0xe5]t[0x8][0x95][0xe4][0xa7][0xd9][0x1e][0xb6][0x93]1ro[0xc1][0x9b]][0xb8][0xb]\[0x1f][0xe6][0x12]n[0xc3])f[0xeb][0x9]l[0xdc][0xc6][0xbb][0xa9][0xe7][0x8]$[0xa5]6[0x1d][0xca]C[0xb9][0x91]([0xfb]0S[0xdd][0xc][0xf][0xde][0x92][0xd9][0xc9]&quot;[0xa4][0xff]1&apos;/[0xcd]/[0xae];[0xa8]w;[0xdd][\n]&quot;
2013-02-06 13:51:57,235 AAD-WS DEBUG wire:63 - &gt;&gt; &quot;[0xb9][0xc5][0xdf][0x8a]~[0xa7][0xe1][0x96][0xf1][0x8a][0xdd][0x8c]&gt;Z[0x1f][0xc5][0xf7][0xd9][0xf1][0x1b][0xff][0xf]PK[0x7][0x8][0xf7]b[0xcc][0xf6][0x3][\n]&quot;
2013-02-06 13:51:57,235 AAD-WS DEBUG wire:63 - &gt;&gt; &quot;[0x0][0x0][0xec][0x15][0x0][0x0]PK[0x3][0x4][0x14][0x0][0x8][0x0][0x8][0x0][0xd4]|D5[0x0][0x0][0x0][0x0][0x0][0x0][0x0][0x0][0x0][0x0][0x0][0x0])[0x0][0x0][0x0]javax/help/HelpUtilities$LocalePair.classuQMO[0xdb]@[0x10]}[0x13];q[0xe2][0x18][0x12]R[0xc2]GK![0x14][0xa4]&amp;v[0x8a])[0x1f][0x2][0x89][0xaa][0x17]$[0x4]R[0x80]J[0x5][0x84]zb[0x13]V[0x8d][0x91][0xeb][0xd0]8[0xa9][0xfa]W[0xe0][0xf][0xf4][0x92][0xb][0x12]P[0xa9][0x7][0x4][0x17][0xe][0xfc]([0xd4]Y[0x93]&quot;&gt;[0xd4][0x95]vfwf[0xde][0x9b]7[0xbb]7[0xb7].[0x0]La[0xc2][0x84][0x81]|[\n]&quot;
2013-02-06 13:51:57,235 AAD-WS DEBUG wire:63 - &gt;&gt; &quot;q[0xc](3hb[0x8][0xc3][0x6]^)?j`[0x8c]`[0xf8][0x8d][0x9a][0xf0][0xe5]{B[0xae]r ~[0x8][0xb7][0xdd][0xf2]|[0xb7][0x12][0x5][0x97][0xee][0xd3]3[0x84][0xc4][0x7]/[0xf0]Z[0x1f][0x9]o[0x8b][0xcf][0xb][0x9f]GJ;[0x4]}[0xb9][0xb1]/[0x9][0x99][0x8a][0x17][0xc8][0x8d][0xf6][0xb7][0xaa]ln[0x89][0xaa][0xcf][0x91]d][0x84][0xf5][0xbb][0xa4]V,[0xad]1[0xb9][0xfc][0xde][0x16]~H[0xc8]w[0xc9]}[0x11]|u7[0xab][0x7][0xb2][0xd6]Z*}![0x98][0x9f][0x1b][0xed]fM[0xae]x[\n]&quot;
2013-02-06 13:51:57,236 AAD-WS DEBUG wire:77 - &gt;&gt; &quot;[0x9e][[0x95][0xfe][0xe1]67[0xf3]Z[0x9e][0xc][0xa7][0x14][0xc0]B[0x1a][0x5][0xb]I[0xa4],[0x98]H[0x19][0x18][0xb7][0x90]A[0xd6][0xc0][0x1b][0xc2][0x84]*[0xf8][0xe9][0xd6][0x19][0xe4]&gt;BN[0xde]i[0xfd]$[0xbc]&amp;wxx[0xb1][0xd6][0x82]@6[0x97]}[0x11][0x86]2[0xb4][0xd0][0x87][0x1c]![0xfb]TX$~[0xe7]_[0xe2][0xc1][0xf0][0x84][0xa1][0xff][0xb5]D[0x81][0xbf][0xc1][0xe0][0xbf][0x89][0xf1]f[0xb5]P[0xcb][0x8c][0xbc][0xc6];[\r][0xb][0x84][0x1e]&gt;[0xcd]r[0x85][0x8a]d[0xec][0xdf] [0xdb]9C[0xcc].[0x9f]A;[0xe1][0x10][0xa1][0x97]m[0xe]:[0x1f]m[0xe8][0xe4] Ee[0xf4][0xd2];[0xce][0xf0][0xcc]][0x82]&quot;[0x13][0x10][0xfb][0xac]}[0x8a][0xd8]9tv[0x1a][0xbb][0xbd][0xce]=CB[0xe5]i[0x9a]-[0xcf][0xd7]E[0xed]v[0xdb][0xce]9[0xd7]0[0x9d]+[0xc4][0x8f][0x11][0xd7]:[0xce]%[0xe2][0xeb][0x8a][0xa7][0x1c]q%[0x8e][0x90]Wt[0xe5][0x88][0x92]o[0x86][0xfe][0xb][0xba][0xd6]y[0xa2]m[0xe]i[0x9a]G[0xf]-[0xf0][0xeb]-2[0xef][0x8b]h[0xec]~[0xbc][0x8e]F&amp;~[0x88][0x97][0x18]A[0xf2]/PK[0x7][0x8]`[0xd5]sT[0xb3][0x1][0x0][0x0][0xad][0x2][0x0][0x0]PK[0x3][0x4][0x14][0x0][0x8][0x0][0x8][0x0][0xd4]|D5&quot;
2013-02-06 13:51:57,237 AAD-WS DEBUG wire:63 - &gt;&gt; &quot;[0x0][0x0][0x0][0x0][0x0][0x0][0x0][0x0][0x0][0x0][0x0][0x0][0x1e][0x0][0x0][0x0]javax/help/HelpUtilities.class[0xad]X[0xb]x\U[0xb5][0xfe][0xd7]&gt;3s[0xce]LN[0xda]d[0xda][0xd3]v[0xfa][0xc0][0xe9][0x3][0x9a][0xe6])[0xf][0xa7]t[0xd2][0xd6][0x96][0xb4][0xa5][0x81]$-M[0x9b][0xda][0x7][0x94]Ir[0x92]L;[0x99][0x9]3[0x13][0x9a]bQ[0x14][0xa9][0xa2][0xc0][0xbd][0x82]&quot;-W[0x8a][0x8a][0x4][0xb4]@-[0x9a][0x16][0x91][0xa7][0xdc]VQ[0xc0][0x7][0xe8][0x15]E[0xae][0xe2][[0xf1][0xc9]E[0xab][0xd2][0xde][0xb5][0xce][0x9c][0x99]&lt;:[0x95][0xe8][0xe7][0x97]/g[0x9f][0xb3][0xf7][0xbf][0xd7]{[0xaf][0xb5][0xf6]&lt;}[0xe2][0x8b][0x8f][0x2][0xa8][0xa5]=[0x1]\[0x8d][0x7][0x3][0xf8]&lt;[0xbe]P[0x82]![0x1c]6p$[0x80][0x87][0xf0]E[0x1d][0xf][0xeb][0xf8]R[0x0][0x8f][0xe0]Q[0x3][0x8f][0x5][0xe0][0xc3][0xe3]:[0x9e][0x8][0xa0]D[0xc0]%x[0xd2][0xc0][0x97]e|JV[0xfe][[0x1e]G[\r][0x1c]3[0xf0][0x15]g[0xb3][0x81][0xaf][0x1a]x:[0x80][0xdd][0xf8][0x9a]&lt;[0xbe]^[0x82]g[0xf0][0xac][0xc0][0x9f][0xb][0xe0][0x1b][0xf8][0xa6]&lt;[0xbe][0x15][0xc0][0xb7][0xf1]|[0x0]/[0xe0];[0x1]|[0x17][0xff]#[0x8f][0xef][0xe9]xQ[0xa0][0xdf][0xd7][0xf1][0x83][0x0]6[0xe2][0xa5][0x0][0xe6][0xe2][0x87]~[0xa6][0xf0]r[0x0]K[0xf1][0xbf]:~d[0xe0][0xc7]B[0xf1][0x95][0x0]*[0xf0][0x13][0xc1]&lt;e[0xe0][0xa7]B[0xf9]g2[0xf3][0xa0][0x81][0x9f][0xcb][0xf2]/[0xe4][0xe3][0x97]&quot;[0xd5][0xaf]d[0xed][0xd7][0x6]~c[0xe0]U[0xa1][0xf1][[0x3][0xbf][0xb][0xe0][0xf7][0xf8][0x83][0x8e]?[\n]&quot;
2013-02-06 13:51:57,237 AAD-WS DEBUG wire:63 - &gt;&gt; &quot;[0xe1]?[0xc9][0xe3]5y[0xfc][0x9f][0x8e][0xd7][0x5][0xf1][0xa0][0x8e]?[0x1b][0xf8]K[0x0][0xcb]p\[0xc7]_u[0xfc][0xcd][0xc0][0xdf][0x3]X![0xb2][0xef][0xc6][0x1b][0xf2]8![0x8f][0x93][0xfc] 0[0x8c][0xc8] e[0x90]&amp;[0xaf][0x1e][0x83][0xbc]:[0xf9][0x2]X+[0xf0][0xb5][0xa4][0xeb]d[0xc8][0xe8]gY(`P[0x89]N&amp;KM[0xa5][0xf2]=A[0x1e][0x13][0xe5][0xb3][0xcc][0xa0]r[0x83][0x82]&quot;[0xf0][0xaf][0x3]4[0x89]&amp;[0xcb][0xc3]2h[0x8a] [0xa6][0xca][0xc7]4[0x83]B[0xac][\n]&quot;
2013-02-06 13:51:57,238 AAD-WS DEBUG wire:63 - &gt;&gt; &quot;M[0xf][0xd0][0xc][0x9a][0xa9][0xd3],[0x19][0xcf]0[0xe8]-[0x6][0x85][0xe5]u[0xb6]&lt;[0xe6][0x18]4W[0xc0][0xf3][0x9c][0x87]Ag[0x1a]t[0x96]A[0xf3][\r][0xaa]0h[0x81][0x0]*[\r][0xaa][0x92][0xb1][0xda][0xa0][0x1a][0x83]j[\r][0xaa][0x13]%[0xde][0xaa][0xd3][0xd9]:[0x9d][0xc3][0xca]4[0xa5]:b[0x9]{m,[0x9e]&amp;[0x98][0x8d][0xc9][0xa4][0x9d]nH[0xc4]2[0x19];C[0x98][0x98][0x8d][0xc5][0x13][0x99][0xb5]v:[0x87][0xe1][0x19][0xab]i{[0xec][0xca]X]6[0x9e][0xa8][[0x1d][0xcb][0xf4]dc[0xed][0x9][0xbb][0x9e][0xa0][0xb7][0xf7]&apos;;[0x1d]D[0x80]7g/p[0xbe][0x8][0xd3]G[0xc0][0xd7][0xd9][0x99]T[0xba][0xc3][0xce][0xad][0xd5][0xbb][0xc8][0x1c]eBp[0x4]27[0xc7][0x8]o[0xa7][0xdd][0xde][0xdf]M[0xa0][0xcd][0x84][0xd2][0x86]T2[0x93][0x8d]%[0xb3]m[0xb1]D[0xbf][0xad]q[0x1c][0x83][0xe0][[0x1c]O[0xc6][0xb3]K[0x9]Z[0xc5][0x82]6[0x82][0xa7]![0xd5][0xc9][0xb4]&amp;6[0xc5][0x93]vKo[0xbb][0x9d]^/[0xf2][0x11][0xa6]t[0xdb][0xd9][0xd5]v[0xa2][0xaf][0xd5][0xce][0xb6][0xc4]z[0xed]U[0xe9]T[0xef][0x5]v,I8[0xb3]&quot;[0xc7]7[0x11]Kv[0xd7]9z[0xd7]/[0x18]1[0xd3][0x9a]M[0xc7][0x93][0xdd],[0xc9]$&amp;[0xd0][0xb8]&quot;[0xf7]9[0xbc][0xdb][0xe2][0xd9][0x15]vW[0xac]?[0x91][0xbd][0xa4][0xdf]N[0xef]Z[0x99][0xec]f[0xce][0x84][0xc9][0x15]E[0x89]Lf[0xb8][0xa3][[0xfc]*[0xbb]3o[0xe][0xc2][0xa5][0xa7][0xc8][0xd0][0x94][0x8a]u[0xda][0xe9][0xfa]Si[0x9c]nf[0xa4][0xd9]\[0xd6]I;[[0xb7]a][0x13][0xb3][0xbd][0xec][0xdf]K[0xf3])[0xc]JY[0xaf][0x86]X[0xb2]3[0xde][0x19][0xcb]J[0x8]TU[0x9c]V*gje[0xb2][0xbf][0xd7]N[0xc7][0xb2][0xf1]T[0x92]w[0xfb][0xf3]VaST[0xb8];c;[0xb3]u[\r][0xa9][0xde][0xbe]T[0xd2]NfG[0xed]-[0xc4][0x86]l[0xcb][0x87]Y[0xed][0x9b]0&lt;%[0xf4]dsNA[0xc2]Y[0x15][0xa7]j][0xd4]}:oZo[0xf]d[0x9][0xe7][0x17][0xd9]2N&quot;[0x17][0x8d]k[0xeb]8[0x89]m[0xfd][0x17][0x89][0x8d][0x93][0xfc][0xf9]E[0xcc]:[0xce][0xad][0x13][\n]&quot;
2013-02-06 13:51:57,238 AAD-WS DEBUG wire:63 - &gt;&gt; &quot;[0x6]^[0x9e]N[0xc7]v[0x11][0x16][0x8d][0x8f][0xd6][0x96]d[0xb3][0xbc][0xf7][0x9f][0xb4][0xd9]?Kl[0x9c][0xe4][0x93][0xff]6[0xf2][0xe3][0xb5]t[0xc2]a&quot;I[0xa9])[0xf6]&amp;[0xf1]&lt;[0xfa][0x4][0x95][0xc5]3[0xb9][0xe5][0xc6]d[0xfe],[0xac]p[0xf7]f9[0xcc][0xeb][0xd6][0xf5]&apos;[0xec][0xb]b[0x19][0xbb][0xb3]![0x95]H[0xc4][0xb2][0xa9][0xf1]%[0x8c][0x5][0x9b][0x87][0x9d][0xed][0xcc][0xaf]i[0xdf]nwd[0xeb][0xc7]3#9[0xdc]*[0xb2]W[0xe6][0xe7][0x8f][0x8b][0xa6] [0x8d][0xc5][0x1d][0x9][0xb7],[0x4]Z[0x9d]s[0xbf]*[0xee][0x94][0x18][0xa9][0x0][0x1b][0xd8][0x4][0xf1]l[0xdc][0xce][0xd4][0xca]^[0x13][0x1f][0xc2][\r]:[0x9d]k[0xd2]y[0xf4]6[0x9d]&quot;&amp;-[0xa4][0xf3][0x9]%=[0xc3][0xb5]B[0xa7]E&amp;EI[0xec]5VW.[0xb][0xc3]S+[0x7]:[0xec]&gt;Ii:-6i[0x9]n[0xe1][0xb2]Uk[0xd2]Rz;[0x97][0x9f][0xb1];/[0xe8][0xef][0xea][0xb2][0xd3]&amp;-[0xa3][0xe5][0x9c]WD[0xae][0xda][0x9e][0x8c]I[0x17][0xe0][0x16][0x93][0x1a]h[0x85]I+i[0x15]+R[0xe7][0xae]p[0xa1][0x13][0x89][0x1a]W[0xf0]Km6[0xe5][0xbc]Tw[0xa4]zk3[0xfd]IG[0x8f]ZY[0xae][0xcd][0xd8][0xb1]tGO[0xad][[0x91]Z[0x9d][0xaf]\I2[0xf1][0x11][0xdc]j[0xe2]c[0xb8]M[0xa7][0xb]MZM[0x8d][0xac]9][0xa4][0xd3][0xc5]&amp;5Q[0xb3]I-[0xd4][0xac][0xd3][0x1a][0x93][0xd6][0xd2]%:[0xad]3[0xa9][0x95][0xd6][0xeb][0xb4][0xc1][0xa4]6[0xda]h[0xd2];p[0xc3](U[0xd7][0xf7][0xa4]S;[0xa5][0xb0][0x9a][0xb4]IJ[0xf3]\Y[0x1a][0xa8][0x13][0x19][0xea]F[0xd9]x[0xde]poa[0xd2][0x16][0xda]*L/5q[\r][0xde]c[0xd2]e[0xb4]-oR&apos;,[0xdb][0xd8]})nAf[0x8c]*&amp;[0xe1][0x9a]pG[0xac][0xa3][0xc7][0xee][0xc]w[0xa4][0xfa]v[0x99]x?[0xee]7[0xe9]r[0x8a][0xb1]q[0xb7][0x99][0xd4]N[0x1d][0x9c][0xcb][0xc3][0xe1]Xg&apos;[0x1b]5,[0xcb][0xf][0x98][0xd4])[0x98][0xa5][0xc4][0xd2]u[0xd1]F[0xae][0xba][0xb9][0xf5][0xee]d[0xb8][0xa6]&amp;[0x9c][0xec]O$d$[0xc0][0xa4]n[0xea][0xe1][0x96][0xc7][0xe9]q[0xc2][0xf1]Lx[0xc9][0x92][0xb0]Nq[0x13]{i+[0x87][[0xa1][0xe]5&amp;[0x12]vw,Q(G[0xad]Y[0x16][0xac][0xe0]m[0x13][0xd7]a[0x8f][0x89]k[0xf1]&gt;[0x13][0xef][0xc5]{[0xf2]v[0x1a][0xdd] [0x11][0xa6][0x9d][0xae][0x18][0x11][0xce]p[0xac][0x97][0xf3]`[0xda]][0xcb][0xd4][0xe6][0xbb][0x9d][0x8c][0x89][0xdb]i;a[0xce]0[0x81][0xe6]x&amp;[0xc3][0xea][0xe6][0xe9][0x14]D[0xe1][0xc6]gD8[0xa6][0xd3]b[0xcd][0xf9][0xab]b[0xd9]X&quot;[0x1a][0xce][0x83][0xc3]][0xa9]tXP[0xc2]N[0x94][0xee][0xcd][0x11]3[0xf1]q|[0xca][0xc4]~[0xc][0xca][0xe3][0x1e]f[0x8a][0xff][0x92][0xb9];[0x8]Q[0x97][0x84][0xdb][0xb9]8e;[0xcc][0xce][0x89]9[0xb4].bZ[0xab]]Z[0xed][0xe9][0xd4][0xe];Y[0x1b][0xe][0xbb][0x12][0xb2][0x95][0xbd][0xe1][0x1d][0xf6][0xae]Z[0x13]w[0xd1][0xe]n[0xcf][0xc4][0xfa][0x84][0xa9][0xc3])[0xa6][0xd9][0xce]db[0xdd][0xf6][0xaa]T[0xba]7[0x96]5)A[0xbd][0xae]=rJ[0xb4]0~m*[0x9e][0xcc][0xda][0xe9]a[0x83]S[0x92]R&amp;[0xf5][0xc9][0xb9][0xa2][0x9a]Q![0x94][0x8b]6[0x9][0xb2]+[0x4][0x90][0x96][0xb3][0x94][0x91]O.[0xd9][0xd3][0xc6]&amp;[0xbb]p[0xce] K[0xf8][0x98][0x85][0xb3][0xb1]t[0xb7][0x1d]^[0xa2]S[0xbf]IWR[0x87]I;[0x9d][0xe3][0xbb][0xcc][0xa4][0x1][0xda]e[0xd2]U[0xf4]N[0xe][0xa3][0x9d]=[0x9c]E*[0xb2][0xe9]~{A8[0x9b][0xea][0xea][0xca][0xd8][0xd9]%r[0x82]w[0xeb]t[0xb5]I[0xef][0x92]P[0x9c]1B[0xf4]TkGO[0xb3][0x9d][0xed]Iu:[0xbe]0[0xe9][0xdd][0x12][0x8d]zfM[0x9a]{[0xaf][0x1c][0xdb][0xdc][0xab]I[0xd7][0xc8]){[0xf]q0[0x98]I6[0xcb][0xf0][0xc2]{eK[0xf9][0x9a][0xa4][0x1d][0xce][0xe4][0x84][0x8e]e[0xc3]v[0xb2][0x93][0x10]nI[0x85];[0xe3]]]2[0x91][0xed]a[0xdb][0xf7][0xa5]2[0xf1],;[0xa6]#[0x95][0xcc][0xc6][0x93][0xfd]Lj.[0xeb]i&apos;[0xbb][0xb3]=[0xe2][0x9a][0x8c][0xcd][0xb][0x9d][0xb1][0xf4][0xae]p_[0xab]C[0x9c][0xa3]}I[0xf8][0xad][0x84]y[0xc5]Q5[0xe1][0xbe][0xf5]y[0x9c][0xc0]&amp;[0xe5]&gt;bi;[0xcc]&apos;)[0x95][0xce][0x9d][0xfe]k[0xe9]}l[0x98][0xd6][0xc2][0xae][0x15]qIkv[0xb2][0x83][0xd7][0xae][0x93][0xb5]I[0xeb][0xed]t6.K[0x9d][0x85]%B[0xf3]r&gt;[0x8f][0xe2][0xcb]X&quot;[0x9c]L%k[0x98]b{[0x8e]d[0xb8][0x9d][0xeb]M[0xb8][0xa3]&apos;[0x96][0x8e]u[0xb0][0xd3][0xc3][0xf1][0xa4][0xeb][0xa6][0xbc][0xfe]5[0xf9]o[0x96][0xb6];m[0xf3]I[0xe4] [0xaf][0x1b]AoX[0x5];a[0xf7][0xf2]q[0xcd][0x9c][0xba]C[0xf2][0xc4]}[0xee][0x99],[0x96][0xb6]F[0xa5][0xfa]\a[0xc9]Gm;[0xf7][0xfd][0x99][0xba][0xc6]d6[0x9d][0xca][0xf4][0xb9][0x19][0xab]D:Q[0x9e]oLv[0xa5][0x86][[0xd8]So[0x14][0xb9][0xbd]yd}&gt;U[0x8c][0x9e]fw[0xbb][0xe4]V[0xd8][0x99][0x8e]t[0xbc][0xcf]a1[0xab][0xe2][0x14][0x1a][0xc3][0xcb]L)t[0xda]E[0x8e]3[0xa6][0xe7][0xdc][0x99][0xde][0xbc][0xd5]u[0x8b][0xe8][0xa8]D[0xe2][0xa8][0x90]k~[0xa5][0x1c][0xb2][0xba]rmkLv[0xda][0x3]k[0xba][0xc6][0x94][0xeb]&lt;[0xc9]F[0xae]S[0xb1][0xbe]&gt;&apos;R[0xab][0xc7][0xd5]^[0xe7][\n]&quot;
2013-02-06 13:51:57,239 AAD-WS DEBUG wire:63 - &gt;&gt; &quot;&quot;s6[0xb2][0xa9]|q[0xf5]g[0xfa][0xdb]3[0xee][0xfb][0x94][0x8a][0xc6][0xc6][0xe2]My[0xda][0xee]K[0xc4]$[0xaa][0xa6]T44[0x14][0x85]XEo[0x1e][0xac][0x88][0x9c][0xb5][0x95][0xb9]([0x19]{g+X[0xa2][0xa8]~my[0xa2]c[0xaf]T9[0xef][0xb5][0xee][0xca]d[0xed][0xde][0xe1][0xb][0xde][0x9c][0xd3][0x9b]`[0xf8][0x12]%Q4[0xbc][0xc5][0x1c][0xb9][0xca]M^[0x8a][0x8d][0xc9]%![0xc9]B9[0xb2]O[0xaf][0x18]M`x[0xad]&gt;[0xdf]n[0x9c][0xb2][0x92][0xeb][0xca][0x1b][0x93]}[0xfd][0xd2][0x9a][0xdb]1[0xce][0xb5]S[0xf3]d[0xe2][0xa9][0xba][0x11][0xb][0x85][0xd8][0x1c]=[0xcd][0x19][0x9c][0x87]N[0xe7][0xb6][0xcd].[0xf6]v$R[0x19][0xb9]n[0xf7][0xc4]2[0xcd][0xa9][0xb4][0xed][0x9a]2[0xe3][0xac]s[[0x10][0x18][0xbe][0x1d][0x8f]0[0xef][0xe8][0x1e]t[0xfe]i[0xdb][0xe5]Qw96[0xb8][0xc6][0xd4][0xc6]Dp[0xbe][0xe7]+[0xe6]7[0xc3].H[0x13][0xaa][0xf8][0x7][0x97]O[0xce][0xe2]MN[0xfe]c[0xe5]*[0x1a][0x85]Q[0x80][0xbb][0x85]BT[0xc8][0x9c]Ds[0xc2][0xc5]hl[0x8c]1[0xf7][0xbf][0xd3][0xf7][0xa2][0xc5][0xe4][\n]&quot;
2013-02-06 13:51:57,239 AAD-WS DEBUG wire:63 - &gt;&gt; &quot;[0x9e]z[0xbf]%,;[0xed]=n[0xdc]7[0xda][0xf9][0xc5]b[0xac][0xe8]m[0xca]Q[0xd9][0xbd]o[[0xc5].[0xce]l[0x3]_[0x97]S[0x91][0xdf][0xdc][0xde][0xc3][0xe7]0[0x9e][0xcf][0x8][0xc5]$)~[0x86][0xa6][0x14]A:[0xe6][0xb6]*[0x8a][0x1f][0xf6]E[0xff][0xea][0xe5][0xb9]-_[0x9b][0x8b]_l8[0xe1]g$V;[0xc4]%[0x99]x[0xee][0xb0]H[0xde][0x14][0xa4][0xfc][0xa6][0xc5][0xad]X:[0x9b][0xd9][0x18][0x97][0x10]([0x9a][0x11]6[0xbb][0x8d][0xab]C[0x90][0xb7][0xbb][0x1][0xd4][0x98][0x95]P[0x13][0x6][0xc5]~2X0[0xe2][0xb2]u[0xba][0x9d][0xac][0xf5][0x8c]b[0xd6]($[0xcc]9oN#[0xe7][0xf3]5N[0xcb]&quot;][0x98][0xf3][0x1b][0x86][0xfc][0x4][0x92][0x9f]2[0xfb][0xd2][0xf1]^[0xae][0x99]N[0x91][0xcf][0xa5][0xa2]|[[0xc0]I[0xa3]PR[0xdd]e9[0x13][0xad][0x84][0xd2][0xac][[0xdb][0x9d]i[0xcc][0xc6]n\[\r][0xc0][0x8b][0x80]4[0xf8][0xfc][0x16][0x90][0x86][0xd8][0x19][0xb9];vFn[0x95]y[0x9c][0xce][0xe5][0xf7][0x3] \[0xcf][0xef][\n]&quot;
2013-02-06 13:51:57,239 AAD-WS DEBUG wire:63 - &gt;&gt; &quot;[0x1f][0xe4]o[0x92]k[0x18]?o[0xe4][0x99]Y&lt;[0x92][0xd0][0xa9]&lt;[0xc][0xfa][0x9c][0xf3]+[0xdf]M[0xfc][0xf4]9[0x93][0x8b][0xe1][0xc7][0xe0]?][0xe8][0x11]x[0x98][0x1d][0x90][0xa8]&lt;[0x2][0xd5]\[0xfd][0x10]4&gt;_[0x9e]!x[0x1f][0x87][0xaf]i[0x10][0xbe]fj[0xaa]:[0x86]5[0x95]C0[0x9a][0xab][0x83][0xfe]![0x4][0x96][0xce]Rwb[0xfa][0xc3]([0xd9]t[0x18]f[0xf5][0x10]J[0x83][0x13][0xf8]1[0x84][0x89][0xc][0x9f]_[0xad][0xcd][0x1a]BY[0xd4][0xe3].[0x87]&lt;e[0xb5]euC([0x17]X[0xd0][0x85]U[0x1d]t[0xe4][0x98][0x8c][0xa9][0xd0]][0xc9][0xce][0x81][0xc9][0xcf]V[0x96]d=[0xcf][0xb7][0xf1][0xca]FVi[0x13][0xce][0xc0]f[0xcc][0xc5][0x16]Tb+[0xea]p[0x19]V[0xe1]r[0xb4] [0x86][0xed][0xe8]d-&gt;\[0xd0][0xa2][0x9f][0x8d] ?g.[0x1a][0xa9][0xc5][0xa4]!L[0x1e][0xa5][0xc5]LG[0x8b][0x91][0x92][[0xa7][0x17]i[0xe][0xc]~fX[0xa4],[0xcf][0xf7][0xf3][0xca][0x95],[0xd2][0x0][0x8b][0xb4][0x8b]E[0xba][\n]&quot;
2013-02-06 13:51:57,240 AAD-WS DEBUG wire:63 - &gt;&gt; &quot;[0xb][0xd9]W~[0xdc][0x8c][\[0x11]f8[0x14][0x0]-8[0xe5][0xe0][0x18][0x8b]_[0xc7][0xc0][0x8f][0xe0][0xa3].p6[0x93][0xf4][0xf0][0xe8][0xaf][0xac][0xaa][0xae][0xd1][0x8e]`[0xea]X[0xf8][0xdd][0xe][0xfc]V[0x17][0xfe][V[0xac][0x84][0xc7]=5G0-[0xea][0x1b]D6[0xe4]{[0x8]![0x2][0xab][0x16][0xd5]E[0x99][0xaa][0xc3][0x98][0x1e][0xd2]Y[0x93][0xea][0x9c]6Q[0xa3][0xf2][0x18]JC[0xc6][0x11][0xcc][0x88]z[0x7]QR[0x19]2[0x86]03[0xea][\r]y[0x8f]b[0xa1][0xe5][0xd9][0x8b][0xba][0x90]w[0x8][0xec][0xa7]3[0xa2][0xfe][0x90][0xff]([0xa6][0x85][0xd8][0xad]o[0x89][0x4]d[0x8][[0x1][0xb5][0x1f][0xbe][0x90][0xf7] o[0x8c][0xfa][0x7][0x9d]Wa8[0x87][0xb0][0xef][0xe4][0x7]H[0xec]t1R[0x90]X[0xcd][0xc9][0xdc][0x82]I[0xfc]|[0x84]e~[0xc][0x16][0xb]U[0x85]&apos;[0xd8]UOb[0x11][0x9e][0xc2]r[0x1c]e[0x97][0x1d][0xe3][0x1d]Oc[0x3][0xbe][0xc6][0xce][0xfc]:;[0xef][0x19]t[0xe1]Y$[0xf0][0x1c][0xd3][0xf9][0x16][[0xf7]y[0xec][0xc4]w[0xd8][0xa2][0x8f]r[0x84][0xbf][0x88][0x5]r[0xc3][0xce][0xe9]Nw[0xb0][0xa1][0xfc]L[0xfd][0xc4][0xc3][0x98][0xbb][0x89]];[0xef]0[0xce]l&gt;[0x84][0xb3]X[0xd1][0xf9][0x8f][0xa3][0xa2][0xa9][0xea]([0xfb]p[0xc1][0x11]TV[\r][0xa1][0xea] {[0xb7][0xba]E[0xc][0x12][0xac]a[0x8b][0xd4][0xb0]1[0xa2][0x9e][0x9a]c[0xf0][0x87]&lt;[0xda][0x10]j[0x1f]F[0x5][0xbb][0xbd][0x8e][0xa3][0xa1]&amp;[0xf8][0xd6][0x90][0xe7][0x8][0xce][0xe]y[0xc4]X[0xde]*[0xb1][0xc6]9!o[0xd9][0xb6]![0x9c][0x1b][0xf1]Y&gt;6@ [0xe4][0xb1]|[0xbc]I [0xe7][0xed];[0xf9][0xcd][0xe0][0xdb][0x84]I0[0xc2]@[0x11][0xe3][0xd3][0xd8][0xc2]Of[0x17][0xf5][0x16][0xf8][0x9][0x95][0xd2]([0x9b][0xeb][0x18]&quot;![0x9f]p[0xcc]q[0xf2][0x9]&apos;[0x9f]p[0xd2][0xab][0xc4]K[0xe7][0x84][0xf4][0x1c]&apos;[0xc3]2[0x1c]N&gt;[0xcb][0x10]N[0xbe][0x1c]&apos;[0xd1][0x8e][0xb5]Y[0xb8]1x~[0x15][0xef]t[0x14]+[0xc4][0xc7]M[0x1c]y[0xc0][0xeb]|X[0xfe][0xcc][0xf1][0xf8][0x17][0x8e][0xb9][0xe3][0x8][0xe3][0xaf]8[0x13]o[0xf0][0x11]9[0xc1]6?[0x9][0xbe][0x15][0xa1][0x81][0x14].&amp;[0xf]Z[0xc8][0x8b][\r][0xe4][0xc3]V[0xd2][0xd1]N[0x6]v[0x90][0x1f]WP[0x0][0x3][0xbc]v[\r][0x95][0xe2]:[0x9a][0xc0]7[0xbb][0x89][0xb8][0x99][0xca][0xb1][0x8f][0x82][0xf8][0xc]M[0xc2][0x3]4[0x19]Gh*[0x1e][0xa3]i8J!|[0x9d][0xa6][0xe3][0x5][0x9a][0x81][0xef][0xd3]L[0xfc][0x98][0xa6][0xe0]W[0x14][0xc6][0x9f]h6[0x8e][0xd3][0x1c][0xf6][0xcd]^[0xec]s[0xe3]t)[0x8f][0x8a][0xc7] [0x7][0x9f][0xce][0xd6][0x11]w,:[0xd8]$o[0xbc]b[0xa0][0x94][0xff][0xa2][0xae][0x1e]A9[0x0][0xb4][0x16][0x1e][0xba][0x4][0x6][0xad]G)[0xb5][0xb1][0xfc]|]vi}[0x92]c^[0x8e][0xf3][0xba]C[0xa8][0xaf][0xbc][0x1b][0xfa]!,&gt;x[0x8]K8[0xaa][0x1f][0xc6]R[0xf6][0xe2][0xdb][0x1f][0xc4][0x12][0xfe][0xae]t[0xc2]`[0x99][0x1c][0xed][0xd9][0xc1][0xe5][0xec][0x98][0xb][0xd8][0xbb][0x13][0xf8][0x80][0xaf][0xd8][0x14]\y[0x18][0xab][0x1e][0x13][0x8c]c[0xcc][0xaa][0x7][0xb1][0xb8][0xf2]A[0xd4];[0xe7][0xbc][0x12]g[0xe3]&lt;4[0xb8][0xb2]DX.[0xd0]V[0xe8]t)Jh[0x1b][0xca][0xe9]r[0xcc][0xa0]v[0x9c]E[0x1d][0xa8]$[0x1b]gS7[0xce][0xa3][0x1e][0xbc][0x9d][0xb6]c5%[0xd0]D[0xbd]XKI[0xd6][0x9d]o[0xf6][0xae][0xbc]a[0xd6]\N.[0x1f][0xb9]y,[0xc6][0x85]cN4[\r]0z[0x1]=[0x87][0xb5][0x17]t@[0xd0]DG[0xb0]z,~[0xb7][0x83][0xbf]s[0x4]^[0xe5][0xf1]U[0xc5][0xf0][0xd7]:[0xf8]O[0x8c][0xc0]k[0x5]|u[0x11][0xfc][0x87][0x1c][0xfc]&apos;][0xfc]\7![0x95][0xe4][0xf0][0x9c]g[0x1a][0xc7]n[0xf8][0x88][0xa3][0xee][0xa7][0xdc][\r][0xeb][0x19].[0x1b][0xaa]Y[0xd7][0x8b][0x9a]%\/&gt;[0xd8]&quot;VwSk[0xb0][0x89][0x8f]B[0x95][0xe4][0xd7][0xe6]\F[0x12]_[0xf0]^/&apos;[0xb2][0x92][0x82][0xe1]&apos;[0x88][0x90]t;[0xbc][0xf4]q6[0xfc]~[0xe6]p[0x17]&gt;}Z[0xe]-[0xff]2[0x87][0xbb][0x98][0xc3][0xdd][0xcc][0xe1][0x1e]G[0xe9][0xbc][0xe][0x92][0x85]U.[0xb][0x93][0xf8][0xe0][0x14][0x95][0xf]9[0xf0][0xbb]G[0xc0]57i[0x17][0x85]?[0xe4][0xc0][0x7][0x8b][0xe5][0xf8]b[0xf0]&apos;[0x1c][0xf8]=.[0xfc]y[0x6][0x7]x[0x1c][0x10]u[0xa3][0xde][0xea]c[0xf0][0x5][0xd7]4[0xd7]8CK[0xc8][0xc3][0x7]*[0xb8]&amp;[0xea][0x9]y[0xc5][0xd2]Q[0x9f][0xef][0x11][0xf8]6i[0xd5][0xad][0x9b]&lt;5[0xad][0x9b][0xbc]!O[0xab][0x94][0x81][0xb5][0x9b]B[0xbe][0xc3][0xb8]$j[0x84][0xc]&gt;[0x16][0xeb][0x6][0xe1][0xe5][0xe4]nH[0xc2]Y0[0xea]{S[0xd3])6Z#[0x9a][0xb8][0x4][0xcf][0xe2][0xf2][0xdb]V0a[0x94][0x8d][0x8][0xfa][0x1a]|[0xf4],[0x2][0xf4][0x1c][0x9f][0xd4]o[0xf2][0x9][0xf9][0x16]&amp;[0xd3][0xf3]\[0x83]^[0xc0],[0xfa][0x1e][0xce][0xa4][0x17]q&gt;}[0x9f][0xb3][0xce][0xf][0xd1]H/s[0xd6][0xf9][0x11][0xda][0xe8][0x15][0xd6][0xf0]^|[0xc6][0xcd][0xe4]oc[0x83]H&amp;[0x82]Z([0xea][0xe1][0x14][0xe1][0xb]y[0xe]V[0x6]9Io[0x88]x+[0x83]m2[0xfa],/w[0x16]39[0x1][0xdf][0x89])[0x95]M[0xc1][0x8][0x9f][0xe4][0x8d][0x9b][0xaa][0xaa][0xf][0xe3][0x1d]Q[0xcf] [0xf6]8[0xcb][0xa5]N~[0xd6]-[0x1f]o[0xd3],[0xce][0xb9]eML[0xc6][0xf2]z.[0x1f][0xc2][0xa6][0x88][0xce][0xa4][0xf2][0xef][0x86][0xa5]3&gt;[0xcc]Y[0x96][0xdb][0x95][0xca][0xdc][0xec][0xe6][0xd1]$[0xcf]u [0xa5]N&quot;[0xd6]-[0x83][0xb7][0xb][0xcc]b[0xa3][0x95]5WZ[0xba][0xb3][0xa3]%[0xb7][0x83]S[0xfc][0x16]v[0x81]g[0xd8][0x91][0xed][0x98][0xc6][0xaf][0x81][0xa2][0xe3][0x1c]a[0x85][0x9f][0xfe][0x6][0x93][0xde]`[0xd3][0x9c][0xc0]L:[0x89][\n]&quot;
2013-02-06 13:51:57,240 AAD-WS DEBUG wire:63 - &gt;&gt; &quot;[0xe][0xaf]JE[0xa8]Q[\n]&quot;
2013-02-06 13:51:57,241 AAD-WS DEBUG wire:63 - &gt;&gt; &quot;[0xf5][0xca][0x83][0xb][0x95][0x17][0x17]+[0x1d][0xad][0xca][0xc0]6[0xe5][0xc7][0xe][0x15][0xc0]NU[0x82]k[0x94][0x89][0x9b][0xd4][0x4][0xec]S[0x13]q[0x87]*[0xc7][0xbd]*[0x88]Cj[0x12][0x1e]US[0xd8]d[0x9f][0xc5][0x81][0x9c][0x9][0xbd][0xcb][0xd9]I[0xcc]Q+[0xcf];rk[0xde][0x91][0x97][0xe][0xd7]~)SG[0xa1]s[0x4]y[0xb5][0x3][0xbc]x[0xd9]&gt;[0xa7][0xd3][0xe1][0xc1][0xeb]9[0xe0][[0xaa]E|[0x95]l[0xb3]m[0x1c]&quot;[0x97]G[0xf5][0x90][0x1e][0x8c][\r][0xa1]}/|[0x1e][0x9e]gt[0x7][0xbb][0xa6]Z[0x6][0xaf][0x16]1[0xb4][0x88][0xdf][0x13])[0xf3]D[0xca][0xb5]Hp[0x10]Z[0x9e]k&apos;3[0xb2][0xb8][0x95][0xb3]s[0xdc][0x9c][0xe2][0xda]%[0xe1]6E[0x8a]eO[0xc4][0x8]ye[0x99][0xa7][0xcc][0xe8][0x94]A[0xe8][0xd1][0xa9][0xda][0x1][0xa9][0x8d]=[0x11][0xbf][0xe5]gk[0xfb][0x6][0xd5][0xda]&lt;[0xad][0xb8][0xd0][0xe2][0xea]g[0x7][0xb7][0xcb][0x9b][0xbf]@u[0x10][,[0xc3][0xf2][0xdf][0x89][0xa0]l[0xdd]![0x2][0xac][0x15]j[0x17][[0x9c]b[0x13][0x91][0x80][0xe5][0x97][0xa1][0xc4][\n]&quot;
2013-02-06 13:51:57,241 AAD-WS DEBUG wire:77 - &gt;&gt; &quot;X%#1[0xd5][0x82]&quot;
2013-02-06 13:51:57,242 AAD-WS DEBUG wire:63 - &gt;&gt; &quot;[0x99][0xef]r[0xcb]3[0xe9][0x1d]MZ[0x84]8[0xf9]iG[0x14]6[0x91][0x16])[0xd3]&quot;[0xe5]l[0x8e][0xa4][0xe7][0x13][0xd0]9$&lt;Zd[0x92]5)2[0x99][0xa7]R[0xde][0xc2][0x94][0xc5][0x6][0xb0][0xca][0xf6]rW[0x95][0xd3]qPLVf[0x95][0xcb]L[0x8e][0x9b]3S[0xee]DRN[0xcf][0x92]`[0x9f](BecDv[0xd4][0x9a]m[0xf9][0xf6]b[0xb2][0x15][0xd8][0x8b][0x89][0xd6][0xe4]}[0x8][0x8]G[0xe6][0x12][0xbc]B[0xb6][0x9c][0xbc]M[0xf4][0xda][0x8f][0x1][0xcb][0xd8][0x7]?[0x8b]7xr[0x8f][0xe5]w^[0xcb][0x6]O[0xbe][0xd3][\n]&quot;
2013-02-06 13:51:57,243 AAD-WS DEBUG wire:63 - &gt;&gt; &quot;[0xec][0xc3]\k[0xf2]^[0xee][0xdb][0x84][0xf5]FW[0xfb]`Z[0xf6][0x9e][0xd8][0xe2][0xe0][0xdb][0xac][0x92][0xe2][0xa0][0x8c][0x3][0x8a]8[0x94][0xce][0x1e][0xbd][0x94]u[0x96]f[0xf0][0xa6][0x93]SE[0xe6][0xfe][0x88])2[0xf7]GJ-[0xd3]*[0xdd]?[0x96][0xd2][0x95][0x2][0xe3]7[0x96][0xb5][0xf7][0xc4]/[0x4][0xbe]32A[0xe0];#[0x13][0xad][0x9][0xd6][0xc4][0xfd]&apos;[0xbe]=[0x1a]&gt;[0xe0][0xc0][0x1f]q[0xc][0xd4][0xe2][0x98][0xe4][0x14][0xd9]v9[0x90]}[0xe][0xef][0xbd][0x98]UD[0xfa][0xab][0x1c][0xc4][0x80][0xe3][0x4]&gt;[0xe0][0xec][0xc8]#[0x9e][0x3][0xda][0x1][0xce]-7r[0x1f]~+[0xba][0x9d][0x8c]}[0xaf];[0xde][0xcf][0xbd][0xfc][0xab]x[0x8d]{[0xa5]n*[0xa7]i[0xdc][0xc3]t[0xe7][0x8e].[0xbd].[0xb7],u.[0xde][0xa2]&quot;[0x98][0xaf][0x16]b[0x81]Z[0x84][0x85]*[0x8a]Ej)[0x1f][0xd5]eX[0xaa]V[0xa0]A[0xad]D[0xa3]Z[0xc5][0xc7][0xb5][0x11]m[0xaa][0x19][0x97][0xaa][0x16]t[0xaa]K[0xb0]]m@[0x9f]jCFm[0xc6][0x95]j[0xb]nT[0x97][0xe1][0x16][0xb5][\r][0xb7][0xa9]v[0xec]W[0x9d][0xb8][[0xd9][0xf8][0xac][0xea][0xc6][0xfd]j[0x7][0x1f][0xe3]^&lt;[0xa4]RxL[0xf5][0xe1]I[0x95][0xc1]+j[0x17]~[0xa6][0xae][0xc2][0xab]j7^SW[0xe3][0xb8]z7[0xfe][0xae][0xde]K[0x9a][0xba][0x96][0x2][0xea]}T[0xae][0xf6][0xd0]4[0xf5]~[0x9a][0xa5][0xae][0xa7][0xb0][0xba][0x81][0xe6][0xab][0x1b]i[0xa9][0xda]E+[0xd4][0x87][0xe9]&quot;u35[0xa9][0x8f][0xd2][0x1a]u+[0xad]S[0x1f][0xa3][0x98][0xba][0x8d]l[0xb5][0x97][0xb2][0xea]v[0xda][0xa9][0xee][0xa0][0xdd]j?[0xed]Q[0x9f][0xa0][0xeb][0xd5][0xa7][0xe8]&amp;u[0x17][0xdd][0xa6][0xee][0xa6][0xdb][0xd5]ghP[0x1d][0xa0][0x3][0xea]&gt;z@[0x1d][0xa4]![0xf5]9zD}[0x9e][0x9e]R_[0xa0]g[0xd5][0x10]}[=L[0xdf]U[0x8f][0xd3][0x8b][0xea][0xcb][0xf4][0xb2]z[0x8a]~[0xac][0xbe]B[0xbf]T_[0xa5][0xdf][0xaa]g[0xe8][0xf][0xea]YzM}[0x83][0x8e][0xab][0xe7][0xe9][0xef][0xea][0x5]:[0xa9]^R[0x1e][0xf5]#[0xe5]W[0xaf][0xa8][0x89][0xea]&apos;j[0x8a][0xfa][0xa9][0x9a][0xa1]~[0xa6][0xce]P[0xbf]R[0xf3][0xd4][0xaf][0xd5][0x2][0xf5][0xaa][0xaa]U[0xbf]S[0xe7][0xa9][0xdf][0xab]z[0xf5][0x7][0xb5]L[0xfd]Q5[0xa8][0xd7]U[0xa3]:[0xa1][0xd6][0xa8][0x93][0xaa]M[0x83][0xda][0xa2][0x91][0xba]L[0xb][0xa8][0xe][0xad]Tm[0xd7]&amp;[0xa8]+[0xb4][0x89]j@+W[0xef][0xd2][0x82][0xea]:m[0x92][0xfa][0xa0]6Y[0xdd][0xa8]MW7k3[0xd5]^[0x8d][0xef][0x99][0xda][0x19]jP[0xb][0xab][0xfb][0xb4][0xd9][0xea][0xf3][0xda][0x1c][0xf5][0x90]6W}I[0xab]SOj[0x11][0xf5][0xb4]V[0xaf][0xbe][0xa1]-V[0xdf][0xd5][0x96][0xa8][0x1f]hK[0xd5][0xcb][0xda]r[0xf5]sm[0x85][0xfa][0x8d][0xb6]R[0xfd]Q[[0xa5][0x8e]k[0x17][0xaa][0x13][0xda]j[0x8d][0xb4]&amp;[0xad]Tk[0xd5]&amp;j[0x1b][0xb8][0xc6][0xbe][0x1f][0xf7][0xb9]57$w5I[0xe6]c[0xee][0xc7]Z[0x87][0x3][0xbb][0xbf]P[0xc9]5[0xa7]Y[0xf3]W[0x6]#[0xc1][0xc8][0x11][0xbc]s,[0xbc][0xd3][0x81]?[0xe0][0xc2][0xe7]1\[0xda][\n]&quot;
2013-02-06 13:51:57,243 AAD-WS DEBUG wire:63 - &gt;&gt; &quot;Cn[0xb][0xa3][0xd0][0x1][0x99][0xd7][0xba][0xa0]k[0xdd][0xdc][\r][0x1f],[0xdc][0xd5][0x17]:x`R[0xa1][0xb5]=[0x8b][0xb8][[0xe5][0xff][0xfa][0xe1][0xcd]N[0xc3][0x8c][0x97][0xb8][0x4][0xaf][0xc2][0x4][0xba][0x90][0xbf]_[0xe2]m[0x9f]s.[0xff][0x87][0xf0]n[0x87]&lt;q#[0xb7][0x1b][0xef][0x82][0xf1][0xff]PK[0x7][0x8]r[0xe5]~[0xae][0x12][0x13][0x0][0x0][0xa3]&amp;[0x0][0x0]PK[0x3][0x4][0x14][0x0][0x8][0x0][0x8][0x0][0xd4]|D5[0x0][0x0][0x0][0x0][0x0][0x0][0x0][0x0][0x0][0x0][0x0][0x0]([0x0][0x0][0x0]javax/help/FlatMap$FlatEnumeration.classuSKo[0x12]Q[0x18]=w[0x6][0x19][0x81][0xb1]Pl[0xad][0xd4][0xfa](V[0x1d][0xa0]2[0x1a][0x97]5n*M[0x9b][0xc]v[0x81][0xe9][0xc2][0xdd]@o[0xca]4[0xc3]@[0x86][0xc1][0xf0][0x8f][0xdc][0xb8][0xd0][0xc4][0xc6][0xc7][0xc2][0xb8][0xf6][0xb7][0xf8]H\[0x18][0x8d][0x89][0xf1][0xdc][0x81]X[0x10][0xcc]$[0xe7][0x9b]9[0xdf][0xeb][0x9e][0xef][0xbb][0xf3][0xf1][0xf7][0xbb][0xf7][0x0][0xaa][0xb8][0x9b]F[0x1a][0xab])[0xa4]pI[0xc1]Z[0x6][0x19]\Vp[0xc5][0xc0][0xd5]4[0xae]a[0xdd]@[0xd1][0xc0][0x86][0x81][[0x6],[0x1]![0x5]V[0x9c]c[0xf7][0xa9]k[0xf]&quot;[0xcf][0xb7]k[0xc1][0xa0]#C7[0xf2][0xba][0xc1][0x96][0x80][0xd6][0xee][0xb],[0xc5][0xee][0xa1][0xdd][0x96]~[0xcf][0xde]%4dD_[0xf2][0xbe][0x17]x[0xd1][0x3][0x81][0xaa][0xf5][0x9f][0xfc]yy[0xa5][0x3][0x81][0xc4]v[0xf7][0x90]m[0xb3][0x8e][0x17][0xc8]G[0x83]NS[0x86][0x8f][0xdd][0xa6][0xaf][0x98][0xb6][0xdb][0xaf]wCY[0xf3]eG[0x6][0x11]{[0xeb]V[0xe9][0x89]@&amp;[0x90][0xc3]hL[0xf2]&lt;Vi[0xd4][0xd0]w[0x83]#{[0xbf]y,[[0xea]&lt;[0xe9]Fw[0x10][0xb6][0xe4][0x8e][0xa7]*[0x99];[0xbe][0x1b][0xd5][0xdd]^U[0x5][0x9a][0xc8][0xa1]d[0xc2][0xc4]9[0x13][0xb][0xc8][0x9a]X[0xc2][0xb2][0x89][0xb]X[0x11][0xc8][0x9d][0x16]jD[0xa1][0x17][0x1c][0x19][0xa8][0x98][0xb8][0x8d][0xaa][0xc0][0xf9]SWm[0xd8][0x92]=%[0xc9][0x80]-P[0x9c][0x90]5n[0xb3][0xa1][0xec][0x84]tJ[0x99]a[0xcc][0xbd] [0x90][0xe1][0xb6][0xef][0xf6][0xfb][0xb2]?[0xd5]y$A`y[0xee][0x18][0xe3]![0x1c][0x18][0xb8]#[0xb0]8[0xd1]Yu[0xdd]{[0xc8][0x15])H[0xb6]B[0xe9]F[0xd4][0xbd]e9[0xff]*[0x9a][0xbf][0x6]g[0xa6][0x14]G[0x98][0x9f]U&amp;[0xb0]0[0x1d][0xc9]+[0x94][0xe2][0x15][0xe3]R[0xa0][0xf1][0xe1]Py[0xef]45WZ[0x9d]|[0xe][0x8b][0xc4]&lt;[0xbf][0xee][0x91][0xd7]i[0xb3][0xe5][0xd7][0x10][0xe5][0xca][0x9][0xb4][0xf2][0xe6][0x9][0xf4][0x97][0xa4]8^b[0x1e][0x9][0xe2]&apos;[0xe2]g[0x16][0xfd][0xc2]&quot;_[0xe9][0xe1]v[0xc6][0x5][0x8a][0xb4][0x82]6]~[0x5][0xed]-[0x12][0x2][0xcf][0xff][0xe6]&amp;c[0xcf]7&quot;[0x17]9[0x8e][0xdf][0x1d]7\[0x13][0xce]([0xe3][0x8c][0xc0][0x7]$[0xf9][0xae][0xbf][0x81][0xe1]&lt;C[0xa2]^y[0xc1]X[0x8d]9[0x5][0x9c][0x9d]:[0xc5]w[0xb2]?[0xc8][0xff][0xc4]*~[0xf1][0xfd]b,[0xab][0x80][0x9b]q[0x84][0xc6][0xf3]][0xc7][\r][0xa8]?[0xa8][0x8c]M[0x14][0xfe][0x0]PK[0x7][0x8][0xff][0xd6]r/[0xfc][0x1][0x0][0x0]q[0x3][0x0][0x0]PK[0x3][0x4][0x14][0x0][0x8][0x0][0x8][0x0][0xd4]|D5[0x0][0x0][0x0][0x0][0x0][0x0][0x0][0x0][0x0][0x0][0x0][0x0].[0x0][0x0][0x0]javax/help/FlatMap$FlatMapResourceBundle.class[0x9d]W[0x9]|[0x14][0xd5][0x1d][0xfe][0x1e][0xd9][0xcd]L[0x86][0xe1][0xc8]r[0xc8][0xa2][0xc0]&quot;[0x88]a[0x13][0xb2]Hm[0x8b][0x1b][0xd1][0x96][0x90]@0[0x9]H[0xc2][0x8d][0xe8][0xb0];I[0x6]vg[0x96][0xd9]Y[0xe][0xdb]bK[0xad][0xb5][0xad][0xad][0xad]V,[0xd4][0xab][0x87][0xd2][0xc3]+U[0x12][0xd0]z[0xb4]*[0x1e]m[0xed]a[0xef][0xcb][0xde][0xf6][0xd0][0xde][0xd5]^[0xbf][0xb6][0xdf][0x9b][0x99]MB[0x8][0xc7][0xaf][0xf9][0xfd][0xf2][0xe6][0x1d][0xdf][0xff][0xff][0xbe][0xf7][0xbf][0xde][0xdb][0xe7][0xfe][0xf3][0xd0][0xa3][0x0][0xea][0xf1]/[\r][0xcb][0xe0]Ua)J[0xb2][0xd9][0xa1]`[0xa7][0x86]H0[0xb3]K6[0xbb]es[0xa5][0x86][0xb7][0xe0][0xad][0x1a][0xde][0x86]=[0x1a][0x87]Wix;[0xde][0xa1]`[0xaf][0x82]wj[0x18][0xb]O[0xc5][0xd5][0xf2][0xfb].[0xd9]\[0xa3][0xe2][0xdd][0x1a][0xc6][0xe0]Z9[0xb8]V[0xc2][0xdf]#[0x9b][0xf7]j[0x98][0x86][0xf7][0x8d][0xc6]ux[0xbf][0x82][0xf][0xc8][0xc1][0xf5]r[0xf0]A[0x5][0x1f][0x92][0x83][0x1b][0x14][0xdc][0xa8]a[0x6]&gt;,[0x9b][0x9b]d[0xb3]O[0xc3][0xcd][0xf8][0x88][0x8a][0xfd]U8[0x80][0x8f]j[0xb8][0x5][0xb7][0xca][0xde]m*n[0xd7]0[0x15]wH^[0x1f]S[0xf1]q[0xa9][0xfc][0x13]*&gt;[0xa9][0xe1]N[0xdc][0xa5][0xe2][0xa0][0x8a]O[0xa9][0xf8][0xb4][0x8a][0xcf]H[0xb5][0x9f]Uq[0xb7][0x94][0xba]G[0xc5][0xbd]*[0xee][0x93][0x82][0xf7][0xab][0xe8]U[0xf1]9)[0xf6][0x80][0xdc][0xe2]A[0x15][0x87]T[0xf4][0xa9][0xe8][0x97][0xa3][0xc3][0xf2][0xf4]Gd[0xf3][0x90][0x94]X[0xc5][0xe7]5&lt;[0x82]Ge[0xf3][0x98][0x82][0xc7][0x15]&lt;[0xa1][0xe0]I[0x5]O[0x9]T[0xe6][0x1c]g[[0xa9] 0[0xa9]u[0xab][0xb1][0xc3]H[0x95]&lt;+[0x97]Zf[0x14]{&lt;cK[0xce]l[0x10][0xd0][0x8a][0x9e][0xe1]zf6o[0x10]$6P[0xa2][0xe8][0x94][0xdc][0x8c])06[0x90][0xb0]M/[0xb5]zU+[0xa1]j[0xde],[0x16][0x8d]n[0xb3]([0x10][0x1b][0xa2]m[0x8d][0x99][0xf1][0x1c]W[0xaa][0xda]a[0xe4][0xac][0xec]J[0xc3]-R[0xba][0xd2][0xeb][0xb1][0x8a][0xb3][0xe7][0xb]L[0xf4][0xa1][0xbb]R=f[0xae][0x90]j[0xce][0x19]^[0x9b]Q [0xb8][0xaa]c[0xb7][0xed][0xf5][0x98][0x9e][0x95]![0xf6]B[0xcb][0xb6][0xbc][0x8b][0x4][0xce][0xa9][0x19][0x9]|,[0x8f][0xb9]k[0x4]&quot;[0x8d]N[0x96]{[0x8c]k[0xb5]l[0xb3][0xbd][0x94][0xdf]b[0xba][0x9d][0xf2]8[0x9c][0xe9]1[0xec]l[0xce]\jz+[0xb6]l%/[0x81]9[0x81][0xca]T[0xce][0xb0][0xbb]S[0x1d][0x9e]k[0xd9][0xdd][\r]s[0x87]L[0x5]8[0x12]R[0xba]M[0xef][0x12]s7[0xf][0x17][0xaf][0x99];[0xe4]xMv)o[0xba][0x86]g96Q[0xd1]Bp[0xbc][0x9][0xa1]Z[0xcb]I[0xad]2[0x8d][0xac][0xe9][0xfa][0xbc][0xb4][0xa6]][0x19][0xb3] [0xa1]E[0x5]Gi1[0xcf][0xe8]nvJvV[0xe0][0xdc][0x9a][0xd6][0x8c][0x93]O[0x15]Kv[0xca][0x17][0xf4]Oh[0xe5][0xb][0xb9][0x94]o0[0xb7]i[0x87]i{[0xbe][0x12][0xa5]`[0x85]2z[0xd6][0xc9]x[0xbb][0xb]f8[0xac][0xf2][0xcc]]^y[0x89][0xca][0xf2][0x94][0x8][0x87][0x9a][0xe9][0xba][0x8e][0x1b][0xe][0xc6][0xb8]f[0xc1]q[0xbd][0xb6][0xc0][[0x2][0x93]G0[0xc1][0x6][0xb9][0x93][0x9e][0xb3][0x8a]e[0x18][0xcf][0xad][0xcb][0xb3]q[0xb1][0xc9][0xce][0x9a]TSQ[0xe3]c[0xca][0x93]r[0x3][0x86][0xd1]H[0xe6]\[0xe3][0x1f][0xef][0xb8][0xf9][0x91][0x91]Z[0x87][0x1f]_[0xcd][0x96][0xf4][0x97][0x1e][0xfa][0xb8]^Bu[0xac][0x85][0xad][0xa3][0x13][0xab]u\[0x82]V[0x81][0xf1][0xc3][0x83]L[0xc7][0xa5]X[0xa5][0xa3][0x3][0xed]:V`[0xa5][0x82][0xa7]u&lt;[0x83]g[0x15]&lt;[0xa7][0xe3]K[0xf8][0xb2][0x8e][0xcb]q[0x85][0x82][0xaf][0xe8]x[0x1e]6}4[0xb8][0xff][0x80]_h[0x8d][0xe1][0xac][0x16][0x97][0xba][0xba]L[0x1e]m[0xc6][0x0]([0x91]1J[0xdd]=^bg[0xf]I&amp;B[0x3]$t|[0x15]_[0x93][0xcd][0xd7][0x99]([0x1c]}[0x3]/[0xe8][0xd8][0x8a]m:[0xf2][0x92][0xf6]7[0xb1]Y[0xc1][0xb7]t|[0x1b][0xdf])3[0x1f][0xb2][0x89][0x8e][0xef][0xe2]{:[0xbe][0x8f][0x1f][0x94]y[0x1d][0x9b][0x89][0xf2][0xec]?[0x14][0x98]v[0xd2][0x18][0x91][0xa0]+t[0xfc][0x8]?[0x96]&apos;[0xb5][0x15][0xbc][0xa8][0xe3]&apos;[0xf8])m[0xda][0x19][0xc6]Y:[0xa1][0xe0]g:~[0x8e]_([0xf8][0xa5][0x8e]_[0xa1][0xa0][0xe3]%[0xfc][0x9a]q[0xcb][0xfc]nY[0xa2][0xe3]7[0xf8][0xad][0x8e]6[0xb4]3/9So[0xd9]~[0xce][0xd2][0x3][0xcd][0x8e][0x9b]7&lt;[0x1d][0xe][\n]&quot;
2013-02-06 13:51:57,244 AAD-WS DEBUG wire:63 - &gt;&gt; &quot;2y[\r][0x97][0xe9][0xa0][0xe0]w:^[0xc6]+[0x8c][0x85][0x92][0x9b][0x13][0x98][0xda]lX[0xb9][0x92]k&amp;,;[0xe1][0xeb]K4[0xba]f93[0xb4]D&quot;[0x90]J&apos;[0x18][0xc3][0x89][0x4]%[0xd2][0xb4][0xd2][0xef][0xf1][0x7][0x8a][0x13][0xad][0xe3][0x8f]r[e[0x87]IsJGT[0x9c]W?_[0xc7][0x9f][0xf0]gv[0x17][0xd4][0xb3]R[0xc4]$[0xa3][0x92][0xbd][0xcd]vv[0xda]k[0x2][0x94][0xe4][0xb3]][0xc7]_[0xf0][0x82]@z^*[0xd5]Q[0xb2][0x13]mV[0xc6]u[0x8a][0xbb][0x8b][0x9e][0x99]/&amp;Z[0xec]L}*[0xb5][0xa4]sIb9-[0xb6][0x8c][0x6]K[0xf0]0[0x89]P&lt;[0xc1]-R[0xa9][0xa6][0xf6][0xff]OxAY[0xb8]Z[0x12][0xdb][0xe9]:v[0xf7][0xca][0xd2][0x96][0x9c][0x95][0x91][0x86][0xfc][0xab][0xf4][0xfe][0xdf][0xf0][0xaa][0x8e][0xd7][0xb0]Y[0xc7][0xdf][0xfd][0x80][[0x19][0x86]J[0x17][0xed]df[0x13]][0x8e]K[0xfc]C[0x82]_[0x91][0xcd]?[0x5]j[0x8e][0xaf]o[0xb3][0xc3][0xef]*3[0xa8][0xbc][0x8b]K[0xb2][0x84]1[0xd5]N0[0xaf][0xb7][0xd8][0xb6][0xe9]6[0xe6][0x8c]bQf[0xed][0x94][0xc1]h[0x1a][0x8e]&lt;[0xe7][0xa4][0xd1][0xd4][0xca][0xe4]7m[0x19][0xf9][0x13][0xcb][0xa5][0xac][0xc3]t-[0xc6][0xc3][0x95]A1[0x9d]P[0x9e]nY1$[0xf4][0xa1][0xd5][0x98][0xb7][0x84]S0[0xed]F[0x87][0x94]2[0xc1][0xfa][0xd4]r[0xf5][0xc]![0x83]k[0xc][0x92][0xc4][0x9][0x18][0xad][0xcb][0xe7][0x82]2*+[0x9b][0x8c])[0xb3]&lt;L[0xd6][0x9c]H[0xdb][0xdc][0xe1][0x15][0x98]d[0x8e][0x9d]a[0xd8]gr[0x8e][0x1b][0x19][0x5][0xd2]dQ[0xab];[0xc5]u0[0xb4]$4[0xc][0x83][0x87]W[0xc5]I[0xe0][0xaa][0xe7][0x4]3[0xb4]i[0xcd][0xf1]8&quot;&quot;[0xdb][0xfc]+f[0xd2][0x88][0xf7][0x8b][0xc0]h[0x9b]%[0xbe])g[0xca][0xd2]&gt;\[0xc7][0xc0]MU[0xc1]$[0x1b]v[0xb1][0x8d]@m[0x0][0xce];[0xb1][0xd8][0xe6][0xb8]f[0xa8][0xb6][0xe8]Wv^[0xf4][0x91][0x9a][0x16]Y[0x8f][0xab][0x8d]lvx@$OqY[0x95][0x91]~A?[0xfb][0xd4][0xf7][0x1a][0x1d]@[0xce],R[0x2][0xd3]y[0xa6][0x13][0x8]p[0x9d]t[0xa7][0x9e]x[0x95][0x9c]m#o[0xe]&lt;?[0x8e]5m[0xec][0xf8][0xd4]bU22[0x19]^p[0xb3][0xe7][0xcf]g[0x81][0x89][0x18][0x9e]&lt;[0xfe][0x9c][0x93][0x10]X[0xe9]2[0x9e]][0xcf]2[0x8b][0xd4]Xin/[0x19][0xb9][0xe2][0xb0][[0xaf]lk[0x9a]p[0xf6][0xe9]([0xa2]Wy[0xf8]p[0xbc][0xfb][0xd4]/[0x92][0x81][0x3]U[0x14]J[0xb4][0xdc][0xc2][0x11][0xf6]&gt;M[0xcf]G[0xad]b[0x93][0xff]p M[0xde]bf[0xa7]s[0x82][0xb][0xbc]%[0xe4][0x18]T[0xb7]l[0xf0][0x18][0xea]d(J[0x3]f[0xb3][0x3][0x1]9[0xa2][0x1d][0x18][0x2][0xaa]9[0x10][[0xcc]8[0xd3]p[0xc3][0xb2][0x14]zCV[0xd6][0xd5][0x8c]u+0[0xc7][0xc2][0xd3]{+[0x1c]?[0x85][0x99]|[0xf]/[0xc3]([0xb4]`9*[0xf9][0xe5]+[0x81]?[0x10]F[0xc9][0xb][0xcd][0xff][0xf2]M[0xe0][0xf9]J[0xf0][0xbf][0x1d][0xfe]|L&gt;) [0xb0][0x6][0xf2]o[0x1c]{k[0xb1][0x8e][0xed]z[0x8e]^C[0x5][0x14]~oN[0xf6]C$k[0xf]aTR[0x1c]BE[0xf2]aD[0xd6][0xf7]#z[0x8][0x95][0xc9][0xc8]!([0xc9][0xba]CP[0xeb][0xfa]P[0x95][0x8e][0xc4]#[0x87][0xa1][0xb5]&apos;[0xe7][0xf5]a4[0xff][0xf5][0x83]H[0xa6]#[0x84][0x8f]%|\l|[0x1f][0xaa][0x9][0x8b][0xc5]&amp;[0xb0][0x13][0x8f][0xf4]a&quot;[0xbf]}[0x98]T[0xd1][0x87][0xc9][0xdc][0xe1][0x8c][0xe4][0x83]`wJ:r[0x10][0xd3][0xe2][0x91]#[0x88][0xb]&lt;[0x8e][0xa9][0xe9][0xa8][0x9c][0x8f]G[0xfb]p[0xa6][0x1c]U[0xca][0x95][0xb3][0x4][0xe][0xfc][0xf7][0xc5]^[0xd2][0x9c][0x85][0x85]h[0xe0]o[0x15][0x81][\r]$[0xda][0x8c]j@[0x8c]G[0x95][0xa8][0xc2]X[0xb1][0x8f][0x1a]n[0xc6]tQ[0x8d]Yb&quot;[0xe6][0x8a]IH[0x89][0xc9]8_[0x9c][0x81][0x85]b[\n]&quot;
2013-02-06 13:51:57,245 AAD-WS DEBUG wire:63 - &gt;&gt; &quot;[0x1a]D[0x1c][[0xc4]Y[0xe8][0x12][0xd3][0xe0][0x8a][0xe9][0xd8]#f[0xe0]:[0xf6][0xf7][0x89][0x99][0xd4][0xb2][0x11][0x9b]B#[0xcc][0xa4][0xa9]F[0xf1][%i[0xd4][0x92][0xc5][0xfd][0x1c][0x4][0xdb]U[0xf2][0xb]q.[0xdb][0xcb][0xb0]9[0x84]&apos;[0xf8][0xe5],[0xd4][0xf0]4[0xc3][0xd1][0xf5]D[0xf0]!F[0x95][0x12][0xbd][0x8c]?S*[0xa4][0x14][0x8d]4m[0xfd]x[0xad][0x1f][0xd3]i[0xe0][0x87]1c}m?[0x12]mu[0xc9]&gt;[0xcc][0xa4][0xc9][0xce][0xee][0x1d][0xd0]2[0x19]Qv[0x17]b[0x8c]Hc[0xb2]h[0xc0][0x99][0xe2]B[0xcc][0x10][0x8b]`p-B[0xcc][0x16][0xfe]g[0x90][\r][0xd8][0x88][0xbb][0x2][0xf][0x8a][0x98]h#[0xf5]Y[0xed]eW[0xcc][0xa6][0xe5][0xe7]=[0x88]s[0x2][0x7][0x1c][0xc6][0x1c][0xe][0xce]MG[0xe4]T[0xac][0xa6][0xf]s[0xf7]c[0xf][0xf9]&apos;[0xf][0xf0][0xd4]12[0xa9][0x13][0xe9][0xa8][0x90][0xa6]?[0x8a]I[0xf1]H[0x8c][0xae][0xad]OG[0xd9]I[0xc9]Ne&lt;z[0x14]j[0xbc][0xf2]i,J[0xc6][0xe6]G[0xa4]3[0xcb][0xdb][0x9c]&apos;[0x1d][0x1d][\r]69fa[0x81]\[0xa8][0x1c]\[0xe8][\r]|,[0xa7]^[0xb7][0xb6][0xd7][0xa7]q[0xbe]Oc#[0xfb][0xaf]?[0x80][0xa5]r[0xeb]y[0xdc][0xf1][\r][0xc1][0xd6][0xdc]qF&lt;[0x1a]{c[0x1f][0x16][0xee]&apos;[0xa5]h[0xec][0x2][0xbf]7:[0x19]K[0xc7][0xa3][0xfd]h[0x90][0xe4][0xf7][0x97][0xc9][0xcb] M[0x1e][0xc4][0xb8]`RMVp[0xd8];h[0xd1][0xbd][0xf4][0x8]D#F[0x89]%PD[0x13][0x12][0xa2][0x19]sD[0xb][0x16][0x88][0xe5][0xb8]@\[0x82][0x8b]E;[0x16][0x8b][0x15]h[0x12]+[0xb1]\\[0x8a][0xe][0xb1][\n]&quot;
2013-02-06 13:51:57,245 AAD-WS DEBUG wire:63 - &gt;&gt; &quot;[0x9b]D&apos;[0x3]g5[0xf2]b[\r][0xae][0x11]kq[0xbb]X[0x87];[0xc4][0x6][0xdc]-6[0xe2][0x1e][0xb1][0x9]G[0xc4]ex\l[0xe6][0x8f][0xcc][0xcb][0xf1][0xbc][0xb8][0x2]/[0x89][0xc][0x9f]z]xUt[0xe3][0xdf][0xc2][0x12][0x11][0xb1]M[0x8c][0x16]91^8[0xa2]Zl&apos;[0x13][0xb3][0xec]3[0xc4][0xfd][0xec]$[0xa5][0xde]a[0xa1][0xb3][0x8b]m[0xd7][0x0]l)]+Cg[0x16][0x1d]{a[[0x1d]=S[0x17][[0xe4][aB][0xec]&quot;[0xbf][0xa3]%c[0x17][0xd7][0xd1][0x1a][0x83][0x8a]b[0x8c][0x11][0x88]=[0x88][0x8a][0xab][0x18]9{q[0xb6][0xb8][0x9a]+[0xdd][0xa7][0xde][0xfb]:[0xb6]=[0xa7][0x86]][0xcf][0xd6][0x1a][0x80][0xcd]!A[0x9][0xd3][0x92][0xe4][0xf8]&amp;[0x99][0xe6][0x83]xM[0xae][0x88][0x1b][0x98][0xaa]7r[0x86][0xbf][0x14]B[0x99]E[0x9c][0x97][0xc7][0x9a]FoUR[0xec][0xcd]Iv[0x14][0xba][0xf6][0xac][0xfd]PX[0x19]&quot;[0xf4][0x9e]2[0xa8]f[0xac][0x4][0x8b][[0xa1][0x8a][0xdb]X[0x15]n[0xe7]ln[0xc4]Td`-[0x1e][0x9e][0x8a]wr+[0xfe]:[0x9][0xd1]7[0x85][0x1b][0xaf][0x97][0xfb][0x1d][0xc0][\n]&quot;
2013-02-06 13:51:57,245 AAD-WS DEBUG wire:77 - &gt;&gt; &quot;[0x19][0x91]GI[0xdd]O[0xe3][0xc6]r[0xe0].a[0xcc]rJe[0x19][0xb][0x12]&apos;[0xd4][0xdd]z[0x10][0xd5][0xb5][0xe5][0x92][0xd5]V[0xc7][0x85][0xda][0xb0]L[0xbd]|[0x90][0x4]X6[0xd5]A[0xd2]I[0x9e][0x1e][0xe2][0x1e]F[0xdb][0xbd],S[0xf7]a[0x92]x[0x0][0xf5][0x84]\ [0xfa][0xd1]([0x8e]`[0xa9][0xe8]c[0x94]=[0x82]u[0xe2]1[0x92][0xe2][0x8f][0x8e][0x90]b][0xe8]r[0xbd][0xf6]0[0x9a][0xda][0x92]u[0xc7]Z40[0xc5][0x13][0xf4][0xed][0x93][0x18]-[0x9e][0xf2]%[0xb7][0x87][0x92][0xf3][0xb8]F[0xcf]cL-[0xa9]5[0xb3]@[0x8f]$[0xfa][0xc]*[0xc5][0xb3][0xd0][0xc5]s[0x14]u}[0xf][0x17][0xf1]E[0xdf]U[0x82][0xd1]v[0xb][0xbe][0x80][0xc8][0xff][0x0]PK[0x7][0x8][0xb][0xb5][0xa7] [0x89][0x9][0x0][0x0]v[0x12][0x0][0x0]PK[0x3][0x4][0x14][0x0][0x8][0x0][0x8][0x0][0xd4]|D5[0x0][0x0][0x0][0x0][0x0][0x0][0x0][0x0][0x0][0x0][0x0][0x0][0x18][0x0][0x0][0x0]javax/help/FlatMap.class[0x9d]Wkw[0x1b]W[0x15][0xdd]cK[0x1a]Y[0x1e];[0xb1]c[0x9b](%[0xa9][0xea]:[0x89]l[0xd9][0x96][0x1b]h[0x0]9[0xb4]M[0xfc]h[0x95]Z[0xe][0xc4][0xae][0x8b]] [0x19]Kc{[0xc2]h[0xe4][0xce][0x8c][0x8a]S(}[0xd0][0x17][0xe5]] 4i)-/[0xf3][0x8]&quot;
2013-02-06 13:51:57,246 AAD-WS DEBUG wire:63 - &gt;&gt; &quot;[0xad]C[0x13][0xdb][0xad][0x81][0xc2][0xa7][0xac][0xc5][0xe2]3[0x8f][0xb2]x,[0xd6][0xe2];[0xbf][0x0][0xd8]w4[0x1a]K[0xb6][0xc]Y|[0xd0][0xbd][0xd2][0x9d]s[0xce][0xdd]{[0x9f]s[0xcf][0x1d][0xfd][0xe6]_o[0xfd][0x12]@?[0xae]E[0xd0][0x8b]3[0x11][0xf4][0xe1][0xac][0xc]5[0x82]z[0x9c][\r]cV[0xcc]Y1[0xe4][0xc4][0xa0]E0[0x87]y[0x19][0xb]a[0xe8][0x11]Dp[0xae][0x11][0x9f][0x80]!#[0x1f]A3[0xcc][0x6][0x6]([0x88]aQ[0xc][0xf][0x86]aE`[0xc3][0x91]Q[0x94][0xf1][0x90][0xf8][0xfa][0xc9][0x8]:[0xb0][0x14][0xc6][0xf9]0[0x1e]n[0xc0])|J[0xc][0x9f][0x96][0xf1]H[0x4][0xfb][0xf1][0x19][0x11][0xeb]Q[0x19][0x8f][0x9][0xcb][0xc7][0xc5][0xca][0x13]2&gt;+[0xe6]&apos;#[0x88][0xe1][0xa9][0x8]m[0x9f][0x16][0x18][0x9f][0x91][0xf1]l[0x4]q[0x9c][0x15][0xc3][0xe7][0xc4][0xf0][0x9c][0x8c][0xcf][0xcb][0xf8][0x82][0x8c]/[0xca][0xf8][0x92][0x84][0xf6]QCu2[0xea][0xe2]i[0xcd].[0x14][0xad][0xac]v[0xa2]h[0xe6][0xc]M[0x82][0x92]6M[0xcd][0x1a]2T[0xdb][0xd6]l[0x9][0xbb][0x84][0xd9][0x88]Y[0xcc]k[0x96][0xea][0xe8][0x5]SB`V[0xb5]i[0xd7]&lt;vN}HM[0x9a][0x9a][0x93][0xbc][0xef][0xf4][0xd8][0xa0][0x84][0xb0][0xe5]E[0x92][0xb0][0xaf][0xf4][0xac][0xe8][0xe8]F[0xb2]:&gt;[0xed][0xe4][0x5][0xcd]X[0xb4]5GB[0x9b]k[0xb6][0x94][0x14][0xb][0xc9]{8Lh[0xe][\r][0x9a][0x17][0x8b][0xb3][0x86][0x9e]M[0xf]O8[0x96]n[0xce]Kh-[0x85]3Ts&gt;YZ[0xa3]U[0xd3]P[0xc1][0xb4][0x1d][0xd5]t[0xa6]T[0xa3][0xa8][0x85][0xf1]e[0x9]-[0xd5][0x8e]g[0xa6][0x8e][0x84][0xf1][0x15][0x9][0xc1][0x9c]6[d[0x18]i[0xa6][0x9e]9[0x84][0x84][0xd0]1[0xdd][0xd4][0x9d];$[0x1c][0x8c]W[0x93][0xa8][0x85][0xa7]{[0x8a][0x94][0x87][\n]&quot;
2013-02-06 13:51:57,246 AAD-WS DEBUG wire:63 - &gt;&gt; &quot;9[0xd2][0xda]5[0xa6][0x9b][0xda]x1?[0xab]Y[0x93][0xea][0xac][0x10]+2[0xb2][0x94][0xd5][0x16][0x85].[0xb6][0x8c][0xaf][0xf2][0xf7][0xbc][0xe6]x[0x8e][0x12]:[0xe2][0xdd][0xb5][0x9]6[0xe8]6A[0xeb][0xb9][0xf4][0xb0][0x84][0xee][0xf8]vr5a[0xcc][0xd0][0x8f][0xd1][0x8f][0x1b]Fz[0x98]y[0x89]z[0xc1]K&quot;W$[0x88][0xf1][0x15][0xda][0x91][0xce][0xa8]U[0xc8][0xa7][0x87]e&lt;/[0xa1]Nluk[0xbc]20S[0xdf][0x95][0x1e][0x1e][0xec][0xae]V@[0xc6][0xd7]HW[0xb7][0x85]}[0xcb][0x16]u[0x4][0x4][0x11]:=,&quot;s[0xc5][0xf][0xb9]iRc[0x87][0x92][0xd3][0x90]Q`=9&quot;n[0xc8][0x8d]A[0xe][0x87]kz[0xd7]b[0xd4]^C%[0x91][0x98][0x88][0x9a][0xcd]j[0xb6][0xdd]500@y&amp;[0xce][0x9b][0xce][0x82][0xe6][0xe8]Y&gt;[0x98]p[0x8b]nTwK[0xda]+[0xf5]~[0x11]C[0xc1][0x9d][0x98]Qp[0x2]_g[0x86][0xb6][0x6]=Q[0x9c][0x9b][0xd3],&gt;[0x18][0xb2]4[0xee]m[0xce][0xc7]&lt;[0xd7][0xd8]\[0xc1]J[0xc5][0x14]|[0x3][0x17][0xc4][0xf0]M[0x5]/[0xe0][0xa2][0x8c]K[\n]&quot;
2013-02-06 13:51:57,247 AAD-WS DEBUG wire:63 - &gt;&gt; &quot;^DFB[0xe7]f[0xa0][0xb4]ah[0xf3][0xaa]q[0xdc][0x9a]&apos;[0x1][0xd3][0xf1][0xb][0x84]b[\r][0xa9][0xa6]YpbY[0x11][[0x8b][0xf5][0xc5][0xbc][0xdc][0xc6]t;&amp;[0xd6][0xe7][0xb8][0x95][0x0]6#[0xe3]%[0x5][0xdf][0xc2][0xcb][0x12][0xe2][0x15]rzH[0xba]j[0x9e][[0xe1][0xf7]m[0x5][0xb7][0xe3][0xa8][0x82][0xf7][0xe0][0xbd][\n]&quot;
2013-02-06 13:51:57,247 AAD-WS DEBUG wire:63 - &gt;&gt; &quot;[0xde][0x87][0xf7]S[0x5][0xbf][0xd0]b2^Q[0xf0]*[0xbe]S[0xc6][0xea][0x8a][0x9c][0xd1]m[0x9b]$[0xcb][0xa1]*[0xb0]v[0xee][0xb0]qEZ[0x14]|[0x17][0x19][0xb1][0xef][0xf7]x[0x18]++.[0xce][0xa3][0xd6][0xad][0xe0][0xfb]H)[0xf8][0x81][0x80][0xa1]TfYx,+[0xf8]!~$a[0xf7]V[0xfd][0x15][0xfc][0x18]?Qp[0x19][0x93][0x12][0xf6]l&gt;[0xf4][0x81])[0xf8]).*x[\r][0xaf]+X[0xc1][0x15][0x5][0xf7]a[0xaa][0x1c][0xc6]e4[0xa5]e[0x9d][0x82][0xa5][0xe0]gxC[0xc1]U[0x91][0x9a][0xd6][0xed]L[0xaa]6&gt;5{[0x8e]&gt;[0xec]:[0xd5][0x95][0xcb][0xee][0xe4][0xda][0xe8][0x85][0xe4][0x84]f[0xe9]T[0xf1][0xe1][0xd2][0x91]O[0xf5]%[0x93][0x13]E3[0x96][0xd1][0xb3]V[0xc1]&gt;o;Z[0xde][0x8e][0xa5][0xcd]l29&lt;9[0x1c];I&apos;[0x91][0xd7][0x98]([0x9a])[0xcd][0xb2][0x89]:v[[0xff]@292[0xfe][0xff]9[0x1f]);[0xef])[0x3]J[0x9f][0xaa][0xc8]T[0xcb][0xb6][0x13]&apos;[0xe1][0x80]/xF5X[0xb9]y-G[0xe5]+[0x9c][0xea][0xe3][0xe2][0xf4][0x84][0xd4][0xc5]E[0xcd][0xcc]I[0xe8][0xad]u[0xbc][0xb6]-[0x95][0xe][0xc7][0xe0][0x16][0xf3][0x92]~[0xff][0xcd]&lt;[0xec][0x14][0xca][0x9d][0xbc]-[0xbe][0xdd]n[0xb0]:G~[0xfb]l[0xdc][0xec][0xa5][0xec][0x15][0xed]5[[0x3]{[0xf2][0x82]jg[\n]&quot;
2013-02-06 13:51:57,248 AAD-WS DEBUG wire:63 - &gt;&gt; &quot;[0x96]6bh[0xe2][0xb8][0xd9].[0xb7][0x19][0xbf][0xb5]W&apos;~pK[0xbf][0xa1][0x6]{w[0xba][0xa9]J[0xed][0xb6][0xc][0xfc][0xd0][\r])$n7:[0xdd][0xab][0x9d]&apos;[0x8e][0xfe][0xf8][0xe][0xed]l[0xa7][[0xa6]Ng*[0xea][0x16][0xec][0xed]m[0xb5]v[0xf3]k4[0xb5]%[0xc7][0xe3][0xbd]UZ/+%[0x12][0xe5][0x12][0xff]_$|[0xa7][0xb0][0xad][0xe6][0xbd][0xde][0xd9][0xec][0x14]F[0x96][0x1c][0xcd]2Uc[0x94][0x85][0xc4][0x80][0xd9]B~Q[0xb5][0xb4][0xc9][0xc2][0xe]m9[0xcd][0xc2]*[0xb5]8[0x9][0x83]7z[0xbb][0xd5][0xbc]7&quot;j.[0xe7][0xf3]k[0xaf]UtT![0xac]y[0x99][0xc7]-|[0xed][0xe9]C[0x1d][0xdf][0xd2][0x92][0x8]qf[0x1f][0xe4]u_&apos;[0x9a][0xa2];[0xb3]%r[0x8e][0xe2][0x3]H[0xf1]%`[0xd0]];[0xc6][0xdf][0x1f][0xac][0xf8]}[0x7][0xf6][0xf1]~[0xb8][0xcb][0xff]}[0x1c][0x8d][0xfc]~[0x2]C[0xfc]&gt;[0xcc][0x95][0xa7][0x10]D[0x80]s[0xa6]g[\r]u[0x1b][0xa8][0x9f]^C[0xa0]5[0xb8][0x8a]Pb[0x15][0xf2]*[0xc2][0xeb][0x90]zW[0xd1]0[0xbe][0x8c][0xa6][\r]D[0xa6][[0x1b][0xd7][0xa0][0xbc][0xdd][0xf7]&amp;[0x9a]$\[0xfa][0xf7]?{6[0xd0]&lt;[0xdd][0x93]X[0xc3][0xae]k[0xd8][0xdd][0x93][0xb8][0x86][0x96][0x9e][0xde]kh[0xbd][0xe2][0xbe][0x95][0x8c]p&lt;[0x84][0x6][0x8e]wr[0x8b][0xbb][0x8]d[0x8][0x9d]\[0xed][0xe5][0xc6][0xb7][0xe3]^[0x82][0x18][0xc3][0xdd][0xc8]p[0x1c][0xc7]([0xad][0x2][0xf4][0xb9][0x9b][0x9f]{[0x90][0xe6]([0xc0][0xed][0xe7],q[0xe][0xf6]\E[0xeb][0x8a][0x1f]4[0xe4].Nr&lt;[0xc9]0%[0xd3][0xfb][0xc9]G[0xf0]8\[0xe6][0xb0][0xa7][0xc4]!T[0xe2][0xc0][0x0][0xbb][0xf9][0xab][0x8d]&lt;B[0xe3][0xf5][0x97][0x3][0x97][0xe9][0xd6][0x81][0x9b][0x89][0xa7][0xdd][0xb][0xda]A![0x0][0x95]s[0x8e][0xeb][0x1a][0x9f][0xcc][0xe1] [0x16][0xf8]t[0x8c][0x18]K[0x9b]$\[0x8c][0xc0][0x9e][\r]tL[0x8b][0x90][0xab]x[0x97][0x80][0xb6][0x86][0xbd][[0xd1]=[0xc8]q[0x1c][0x1f][0xf6]T~[0x9e][0x8e]![0xce][0xe3]etQO[0xe1][0xd6]}&gt;[0xc4][0xc4]U[0xdc][0x94][0xe1][0xf0][0xee][0xf1][0xde][0xeb][0x8]J+R* [0xb6][0xa0][0xfa]m[0xa9][0xc0][0x6][0xf6][0x8b][\r][[0xa2][0x81]5[0x1c]H[0x5][0xa3][0xc1][0x95][0x14]M[0xb8]G?58[0xe9][0x93][0xe8][0xe1][0xdb]9[0xf0][0x8]n[0xc2][0xa3]|y~[0x8c][0x4][0x1e]G7[0x9e] [0xf0]&apos;i[0xf9]4[0xeb][0xe5][0x19]J[0xfc],=[0x9e][0xf3]%?[0xcd][0xcf][0x84][0xab]f[0xb9][0x1e][0x84][0x10]i[0x8f][0x1e][0x5];[0xca]t[0xdf],[0xe1]W[0x88]m[0xe2][0x10]O[0xa3][0x81]U[0xdc][0xc2]U&quot;[0xca]$[0x8][0xb3]3[0xf0][\n]&quot;
2013-02-06 13:51:57,248 AAD-WS DEBUG wire:63 - &gt;&gt; &quot;[0x82][0x81][0xcb][0xcb][0x8][0xa6][0x2][0xe5][\n]&quot;
2013-02-06 13:51:57,248 AAD-WS DEBUG wire:63 - &gt;&gt; &quot;[0xb9]^/[0x94]nd[0x89][0x1e][0xc3][0xad][0x1e][0xc8]N[0x84]9^[0xe0][0xea][0xb]T[0xfb]&quot;[0x81][0xbd][0xc8]R~[0x89]6/[0xb3]\/[0x10][0xe0][0xab][0xb4][0xe4]E[0xe8]A[0xfa][0x5]a[\n]&quot;
2013-02-06 13:51:57,249 AAD-WS DEBUG wire:63 - &gt;&gt; &quot;[0x8f]|[0xc2][0xd5][0x85][0xb2]u[0x95][0xa4]![0xbc]Tp[0x19]c[0xd1][0xa0][0xf]0[0xe4][0x2][0xa3][0xa2]m[0x99]2[0xd4]^[0xe2][0x1b][0xef][0xbb][0x8e][0xd0]2:[0xfb][0x84][0xaf][0x1c][\r]DY[0xda][0x7]/[0xa1])*[0xec][[0xd7]qhE[0xa0][0x96]E [0x17][0xf6][0x8a][0xab]m[0x17]&gt;[0x8a]3&gt;[0xec][0xa3]h[0xe2][0xf8][0x1a][0xf3][0xf8]:[0xc4]e[0xbd][0x17]Wh[0xf1][0x6][0xe1]_[0xe5][0xd9]Zc9[0xaf][0xb3]t[0xdf][0xa4][0x9e]o[0xd1][0xef][0xe7],[0xa5][0x15][0xfe][0xb5]y[0x9b][0xde][0xf7][0xfb]T[0xe][0xb0][0x1e][0xea]D[0x8d][0xf4][0x90][0xc5][0xe1][0xad]5[0xf3][[0x8e][0x1f][0xc1][0xb4]g[0xbb][0xee][0xd1]6[0xa4][0x8c][0xc4][0xba][0x89][0xb3]n[0xba][0xab]x[0xf][0xde][0x0][0xef]D_)/[0x11]r[0xe6][0xd3][0x9e]j[0x9a][0xbf][0x16]u,[0xd2][0x98][0xf0][0xab][0x98][0x17][\r][0xb][0xfe][0x94][0xcf][0xfa][0x8][0xb9][0x2][0xbf]&apos;[0xea]?[0x10][0xcf][0x1f][0xa9][0xc1];[0xec]0[0xa2][0xd5][0x9f][0xd9][0x95][0xfe][0xc2][0xb4][0xfe][0x95]v[0xa3][0xcf][0xdf]Y[0xed][0xef][0xe0][0x1][0xfc][0x83]5[0xc8]7R[0x8f]E[0xd4][0xe5][0xc8][0xcf][0x95]j[0xb2][0xd2][0xef]H[0xee][0x1][0x9a][0xd5]m9[0xe9][0xeb][0xdb]Lq[0x98]z[0xc2][0xed]^[0x1f]s[0xc7][0x8f][0xe3]6[0xce][0xfb][0xf8][0xcf][0xb4][0x99][0xcd]d[0x80][0xb8]:8[0x1f][0x81][0xf8][0xaf][0xd8][0x8f][0xf]![0xfa][0x1f]PK[0x7][0x8][0xbe]e[0x94][0xfe]j[0x7][0x0][0x0][0xde][0xe][0x0][0x0]PK[0x3][0x4][0x14][0x0][0x8][0x0][0x8][0x0][0xd4]|D5[0x0][0x0][0x0][0x0][0x0][0x0][0x0][0x0][0x0][0x0][0x0][0x0]2[0x0][0x0][0x0]javax/help/DefaultHelpModel$DefaultHighlight.class}QKk[0x13]Q[0x14][0xfe]N&amp;[0x99]G:I[0xdb]hj5[0xa9][0xd6][0xd8][0xd6]t[0x94][0xe6][0x7]([0x82][0xd4][0x8a][0x3][0xd5].R[0x4]W2In[0xa6]Sno[0xca][0xcc][0x8d][0xe4][0xc7][0xf8][0x13][0xdc][0x8][0x96][0x82][0x82][0xee][0xdd][0xa8]([0xea][0xd2][0xad]B&lt;W[0x12][0x1b][0xea]cq[0xcf][0xe3][0xbb][0xe7]|[0xe7][0xf5][0xf6][0xc7][0xcb][0xd7][0x0]6[0xd0],[0xc2][0xc3]9[0x7][0x8b].f[0x8a][0xc8][0xe1][0xbc][0x8b][0x92][0x7][0x17][0x17][0x8c][0xa8]9Xr[0xb0][0xec][0xa0]A(d:J5[0x81]B[0x82]%T[0x8f]`[0xdf]LT[0xa2]o[0xf1]W3[0xc][0xd7][0x1f][0x12][0xf2][0x9b][0x83][0x9e] [0xcc]n&apos;J&lt;[0x18][0x1e]tD[0xba][0x1b]u$#[0xe5]X[0xe8][0xb6]I[0xdf][0xe9][0xf7]3[0xc1]$Vs[0x9d]i|[0x86][0xb7]To[0x2][0x16][0xdb][0x83]a[0xda][0x15]w[0x13][0x93]R[0xbd]#[0xfa][0xd1]P[0xea]{B[0x1e][0xde]gZ[0xb9][0xb1][0x1f]=[0x89]|[0x94][0xb1]Bh[0x18][0xbb]%#[0x15][0xb7]B)E[0x1c][0xc9][0xdb]i&lt;&lt;[0x10]Jo[0x8d][0xba][0xe2]P&apos;[0x3]e&quot;W}[0xcc][0xc0][0xf7]Q[0x82][0xef]`[0x8d]p[0xdd][0xa4][0x8d]Z{L[0xd9]:M[0xbf]2[0x1][0x92]xO[0xf2][0xe3]~[0xe6][0xfe][0x84][0xfc]P)[0x91]n[0xca]([0xcb]D[0xc6][0x11]&apos;}[0xec]t[0xf6]EW;[0xb8]:[0xee]n\fW[0x8c][0xa6]jL1yS6o[0x83][0xb7]Wmn[0x9f][0xd0][0xb5]u[0x9a][0xa8][0xf8][0x86][0xc1]k[0xff][0xe9][0x9a][0xb0][0xf8][0xaf]b[0xb8][0xcc][0x7][0xf4][0xc0]k[0xe5][0xab][0x92]Y[0x4][0xdf][0x9b][0xcc].X[l[0x95]1[0xcb]r[0x8e][0xbd][0xc7][0xec][[0xac][0xaf][0x5][0xc7][0xa0][0xda]S[0x94]^![0xf7][0xa8]b[0x1d]#[0xff][0xa6]&gt;[0xf1][\n]&quot;
2013-02-06 13:51:57,249 AAD-WS DEBUG wire:63 - &gt;&gt; &quot;[0xc6][0xb]jG[0xb0][0x83][0xfa][0x11][0x9c][0xe7][0xbf][0xc8][0xe6]Y6[0xb8][0xc][0xe8][0x1d][0xf2][0xf4][0x1e].}@[0x85]&gt;b[0x81]&gt;a[0x99]&gt;c[0x95][0xbe] [0xa0][0xaf][0x1c]Y[0xc1][0x99]q[0xb1]%[0xd6][0xc4][0xba][0x10][0xbc][0x80][0xfd][0xec]7[0x8d]m@[0xfa][0xc6][0xf2][0xec]_C[0x9d][0xd3][0xa1][0xdf]y[0xac]*{9,[0xe0][0x12][0xeb][\n]&quot;
2013-02-06 13:51:57,250 AAD-WS DEBUG wire:63 - &gt;&gt; &quot;[.[0xea][0xb8][0xc8]C[0x17]y[0xf8]+[0xb6][0xf7][0x13]PK[0x7][0x8]q[0xff][0x81][0x17][0xcc][0x1][0x0][0x0][0xe5][0x2][0x0][0x0]PK[0x3][0x4][0x14][0x0][0x8][0x0][0x8][0x0][0xd4]|D5[0x0][0x0][0x0][0x0][0x0][0x0][0x0][0x0][0x0][0x0][0x0][0x0]![0x0][0x0][0x0]javax/help/DefaultHelpModel.class[0x9d]Y[0xb]|[[0xe5]u[0xff][0x1f][[0xf6][0x95][0xe5]k[0xc7]Q[0xe2]$[0x8a][0x9d][0xc4][0x89][0x9d]D[0xb1][0xfc][0x0][0x87][0x4]&quot;[0x92]@[0xb0][0x1d]bj;!N`n[\n]&quot;
2013-02-06 13:51:57,250 AAD-WS DEBUG wire:63 - &gt;&gt; &quot;E[0xb6][0xaf]m[0x81],[0x19]YN[0x9][0xa3][0xdb]h[0x19]][0xd9]Z[0x1e]}@R[0xd6][0x96][0xb6]$[0x4]JK[0x2]Q[0x12][0xc][0x9][0x1b]k[0xd2][0xd2][0xe][0xda]=h[0xbb][0xd1][0xc7][0xd6][0xd7][0xb6]n[0xf4][0xb5][0xee][0xd5][\r][0xf6]?[0xf7]J[0xb2]$K[0xa1][0xed]/?[0xdf][0xfd][0xce]w[0xde][0xe7]|[0xe7][0x1c][0xfd][0xf2][0xd2][0x1b][0xcf][0x9e][0x1][0xd0]&amp;[0xd7]{[0x90][0xc4]I[0x3][0xa7][0xc][0x9c][0xf6][0xa0][0x4][0xcf]zP[0x8a][0x19][0xf]F[0xf1][0x9c][0x81][0xe7]=0[0xf0]\[0x5],[0x9c]1p[0xd6][0x3][0x8f]sxA[0x97]?3[0xf0][0xe7][0x1e]T[0xe3]E=[0xfc][0x85]._p[0xe3][0x9c]B[0xce][0x1b][0xf8][0xa2][0x81]/y[0x8]z[0xc9][0x83]/[0xe3]+z[0xf9][0x97][0x1e]D[0xf1]r[0x5][0x97]Wt[0xf9][0xaa]^|[0xcd][0xc0]_[0xb9][0xf1][0xd7][0x1e],[0xc3][0xdf][0xe8][0xf9]o+[0xf1]*[0xbe][0xae]_[0xdf]P[0x92]oz[0xf0]wxY[0x97][0xbf][0xf7]`!^3[0xf0]-[0xd5][0xe7][0xdb][0xca][0xf8];[0xba]|W[0xf1][0xff][0xc1][0xc0]?z[0xd0][0x82][0xe7][0xdc][0xf8][0x9e][0xee][0xdf][0xd7][0xe5][0x7]n[0xfc][0xd0][0x8d][0x1f][0xe9][0xe7]?)[0xe6]?[0x1b][0xf8][0x17][0xf]6[0xe0][0xc7][0xca][0xe0]_[0x15][0xf2]on&lt;X[0x89]Cx][0x97][0x9f]([0xf8][0xa7][0xba][0xfc][0xcc][0x8d][0x9f][0xbb][0xf1][0xb]%[0xfc]w[0xd5][0xe1][0x97]n[0xfc][0x87][0x7]k[0xd5]#k[0xf1][0x9f][\n]&quot;
2013-02-06 13:51:57,250 AAD-WS DEBUG wire:63 - &gt;&gt; &quot;[0xf9]/7[0xfe][[0x19][0xfc][0x8f][0xba][0xe3]W[0xba][0xfc][0xaf][0x1b][0xff][0x97][0xb9]~[0xc3][0x8d]7[0xe9][0x4][0x81].B[0x88][0x94][0xb8][0xa5][0x94]h[0xe2]2[0xa4][0xcc][0x83][0x1])w[0x8b][0xe1][0x16][0xb7][*[0xf4][0xe4]qK[0xa5][0xee][0xa6]!U[0x95][0xd8]&apos;[0xd5][0x86][0xcc][0xf3][0xe0][0x6][0xbc][0xe8][0x96][0x1a]C[0xe6]W[0xe2]&amp;[0xf1]V[0xc8][0x2]Y[0xe8][0x96]Z[0x8f],[0x92][0xc5][0x86],1[0xc4]g[0xc8]RC[0xea][0x4]5][0xd6]hh:[0x92][0xd8][0x11][0x1e][0x1b][0x8f][0xf0]/!0{[0xa2]Q+[0xde][0x19][0x9]MMYS[0x2]c[0xdc][0x8a]LNY[0xbc]X[0xd8]{sh[0xe8][0xb6]v[0x5][0xb4][0xef][0xe0]2`%.[0x17]T[0xc]O[0xc7][0xe3]V4[0xd1][0xd3]eH[0xbd][0xa0][0xa4][0xa7]K[0xb0] [0x1b][0xb5]/4[0xd9][0xd4][0xd3]ELO[\n]&quot;
2013-02-06 13:51:57,251 AAD-WS DEBUG wire:63 - &gt;&gt; &quot;s[0xef][0xee]^A[0xb5][0x8d][0xd2][0x1e][0xb5][0x12][0xed]&lt;[0xf3][0xb6],[0x1a][0xda][0xaf][0xb4]^[0xe7]&quot;[0x12][0x8a][0x8e][0xb5][0xf]$[0xe2][0xe1][0xe8][0x98][0x92][0x8e][0xa7][0x15][0x9c][0xca]`L&apos;[0xc2][0x91][0xf6][0xeb][0xac][0xe1]D,[0xae][0xe4][0x89]p&quot;bQ[0xfd]Hx*a[0xd1][0x82]^[0xee][0x82][0xa6]lM[0xac][0xfd][0x94][0xde][0xde][0xad]ko[0x16][0x16][0xa9]k[0x12][0xd6]m90[0x1a]&gt;&lt;N[0x15][0xd4][0x5][0xab][0x1c]yCV(:[0xd5][0xbe]+[0x1e][0x9b][0xb4][0xe2][0x89][0x3][0x9d][0xf6][0xed][0xc0][0xf4][0xe4]d,[0xae][0x1c][0xca]F[0xac][0xa1][0xe9]1[0x81][0xbc]][0xe0][0x1f]V[0xef]5[0xd9][0x92][0x9b]Tr[0x93]-[0xb9]I[0x9d][0xd6][0x17][0x1b][0xb1]&quot;iI[0x82][0xf9]Y[0xd6][0xda]&gt;W[0x8f][0xe][0x1c][0x88]&amp;[0xc6][0xad]DxX[0xd0]R[0x84][0xd5][0x1e][0xea][[0x80]][0xf9][0xe6]p4[0x9c][0xd8]*X[0xec]/[0x14][0xad]u[0xd7][0x9]\[0x9d]$[0x11][0xcc][0xeb][\r]G[0xad][0xfe][0xe9][0x89]!+[0xbe]&apos;4[0xa4][0x9e][0xf3]0[0xca])D[0x1e][0xc6][0xb2][0xe][0x8b][0xfc][0xeb][\n]&quot;
2013-02-06 13:51:57,251 AAD-WS DEBUG wire:77 - &gt;&gt; &quot;[0xc7][0xde]$Ig:[0xfc][0x8a]W [0xee]*[0xd3][0xd3]}[0xdb][0xb0]5[0x99][0x8][0xc7][0xa2]tgg![0xac][0xb9]A[0xcf]F[0xba]FE[0xf6][0x87][0xf6][0x87][0xc7]B[0x1a]mei[0x8e][0xe5][0x88][0xae][0xcd]U1[0x93]sU[0xb3][0x1a][0xda]i7[0xdf][0x9f][0x9b]w[0xca]jk[0x1e][0xec]7[0xd6][0xa5]j,WHMJ[0x99][0xac][0xec]6C##Y[0x8f][0xac][0xcc][0xdf][0xd3][0xa3][0x94][0xb][0xe2][0xd6]Dl[0xbf][0xb5]-[0x12][0xd9][0x91][0x95][0xe0][0xa5]~[0x9b][0xab][0xc6]#[0x3]5d[0x19]3#[0x8b][0x85][0xdf][0xbf]/[[0xad][0x9c][0x84]h[0xca][0xe0]e[0xf4][0xcb][0xe6][0xbf][0xd6][0xbf][0xee][0xd7][0xa2][0xe5][0x9b]W[0xb5][0xe7][0xa6][0xd9]Z[0xff][0xdc]g5[0x7][0xcd][0x16][0xbd][0xd8]1[0xb0][0x0][0x8f]%d]$[0x8b][0x3][0x5][0xd8][0x17]D[0xb5]E[0xd4]9&quot;[0x8a][0xf0][0xf2]QL[0xee][0x9b][0x9d][0xbd][[0xe3]/[0xfe][0xb2]sD[0xd4];&quot;[0x8a][0xf1][0xa9]a[0xa4][0xba]b[0xc3][0xd3][0x13]Tt[0x8f]S[0x86]j[0xfd]s[0xb3]H9[0xd5][0x8c][0xcd]A][0x98][0xce][0x96][0xdc][0x92]W5[0x1a][0x8e][=][0x8e][0xac][0x11][0xc1]p6[0xc7][0x9d]C7[0xb3][0xf0]]^[0xf4]![0xfd][0xd6][0xa9][0xbc][0xf1][0xb7][0x91][0xa2][0x84][0xb5][0xaa][0xee]l[0x92]e[0xd4][0xae]-[0xc0]P[0xf1][0xcb][0x9d][0xc2]&amp;X][0xc8]S[0x5][0xaa][0xa2]{[0xf3]p$U[0xdc]&lt;[0x3][0xb1][0xe9][0xf8][0xb0][0xb5]=l{:[0xdd][0xc2][0xd2][0xb1]oSZC[0x96][0x9b][0xb2][0x2][0xc7][0x5][\r]y[0xac][0xfa]c[0x89][0xed][0xb1][0xe9][0xe8]H[0xa6]$[0x9][0x96][0xcf][0xa2][0xf4][0xc7]l$[0xf2]t[0x90][0xe2][0xf1]X[0xdc][0x94][0x6]&lt;a[0xe2][0xbd]8[0xaa][0xcb]C[0xc]b~[0xff]11[0x8d][0xfd]l[0x14]o[0xdd]kL[0xdc][0x86][0x3]&amp;n[0xc7][0x81][0xb4]f[0x17]h+*[0xee])[0x13][0xbf][0x8b];L[0xdc][0x82]H[0xaa][0x19][0xb3][0xf4][0x9a][0xb2]RV[0xa5][0xf5][0xc8]r[0x1c][0xd3][0xbd]hxM[0xdc][0x83][0xf][0x18][0xd2]hJ[0x13][0xee]51[0x81]ISV[0xcb][0x1a]S[0xd6][0x82][0xfc][0xfc][0x88][0x98][0xb2]N[0x9a][0x5][0xeb][0xb2]8[0xf4]D[0xf7][0x87]&quot;[0xe1][0x91]T[0xc1][0xef][0x8c]E[0xb5]Mf9[0xae][0xea][0xfa]x,:[0xd6]0[0xec]\P][0x9][0x98][0xd2]&quot;[0xad][0x86][0xb4][0x99][0xd2].[0x17][0x99]r[0xb1][0xb4][0x9a][0xb8][0x15]qC:LYO7[0xca]%[0xb2][0x81]uoV[0xf3][0xc];S6[0xca][0xa5]&amp;&gt;[0x8b]&apos;M[0xdc][0x87][0x7]L[0xb9]L6[0xb1][0xa7][0xe4][0xdb]x[0xd5][0xf4][0xe8][0xa8]&gt;[0xba][0xaa][0xec][0x8a][0xea]7%([0x97][0xeb][0xb2][0x99]#HK[0x3][0xfb][0xf0]:S[0xb6]h[0xd8][0xde][0x8d][0xa3]l[0xa3]YF[0xe5][0xe7]KS[0xfe][0xc][0xa4]n[0xff][0xa8])[[0xd5][0xf7][0x9f][0xe7]&quot;W[0xc8][0x95][0xa6]l[0xd3][0xe5]*]:E{][0xa1][0xca][0x18][0xa4]`WCC$[0xa8][0x9a]t[0xab][0xec][0xdf][0x13][0xc0][0x94][0xed]x[0xc8][0xc4][0xef][0xe3][0xf][0xd2])[0xd2][0xa6][0x8a][0xb4][0xd9])[0xd2]6[0x87][0x89][0x89]c8n[0xca][0xd5][0xb2][0xc3][0x94][0x1e][0xd9]!XZ[0xac]R[0x6][0x1b]L[0xbc]G[0xb9][0xae][0x99][0xc3][0xb5] [0xbe][0x89]Gq[0xd8][0xc4][0x11]][0xde][0x5][0xf6][0x90][0xaa][0x91][0xec]Rd[0xca]5[0xf2]6[0xc1][0x8a][0xe2][0xa5][0xdd]Ngu[0xcf][0x93][0x1c] r[0xea][0x93]Z^[0xd2][0xc0][0xa5][0xac][0xa1]!&lt;[0xb2][0xc5][0x94]^[0xdc][0xab][0x87][0xe9]x[0x84][0x87]&gt;|[0xb8][0xd0][0xeb][0x98][0xab][0xa0][0xf4][0xcb]NA[0xe3][0x85][0xab][0xbf][0xad][0x5][K[0xc1][0x8a][0xa3][0x8a][0xac][0xf9][0xf5][0xba][0x87])[0xbb][0xe4]ZCv[0x9b]2 {8V[0xe6]&apos;F[0xb0][0xc1][0x90][0xbd][0xa6]\[0xa7][0x9]Tw[0x81][0x4][0xca]y[0x88]N[0x89]c{+[0xd6]_Y[0xf0]m[0xec]p[0xac]}[0xc0][0x8a][0x87][0xf9][0xbe]nw[0xe6][0xaf][0xf9]s[0xca]l[0xae][0xcf][0x8a]tiF&quot;[0xaf][0xc2][0xb1]N[0x8c][0xc6][0xe2][0xfd][0xa1][0x9][0xcb][0x99][0xe3][0xfa][0xac][0xa9][0xa9][0xd0][0x18][0xf]^[0xf5]Xn[0xa5][0x11]l*P[0x8b][0xf4][0x80]9E[0xdc];w*[0xe4][0x90][0xa2][0xd3]Fl[0xc2]R[0xfd][0xcb][0xad][[0xa7]C[0x91][0xa9]&quot;m[0x80][0xa3]rI[0x98]=[0xa2]d[0x9c][0x18]n[0xad]&quot;[0xa1][0xb0]N[0x88]E[0x86]W[0xa2]o)[0xa6]l[0x1e]n[0xb1][0xe1][0xb7]Z&apos;[0xb5][0xd8][0xc4][0x10]g[0xdf][0x11][0xfa]&quot;
2013-02-06 13:51:57,255 AAD-WS DEBUG wire:63 - &gt;&gt; &quot;[0x98][0x16][0xcc][0x99][0x1b][0xd9]j[0xaa]s![0xce][0xb0][0xc9]F[0xb7]=[0x1e][0x9b]P[0xab][0x1a][0xb][0xce][0xb9][0xf9]#_%[0x89]zc[0xc3][0xa1][0x88][0xc3]&quot;[0xfb][0x96][0x8e][0xe1][0xe5]nkT&gt;[0xc5]&amp;&amp;CqkO[0xac][0xc8][0xd0][0xd0][0xc3]pr[0xbe][0x18][0x8][0xdf][0xce]`[0xb9][0xfc]=[0xe9][0xe1][0xb7][0xa7]K[0xd5][0xb1][0x99]5[0xe6][0xf][0xb5][0x5]G[0xe1][0xf2][0xd0][0xe4][0xa4][0x15][0xa5][0xbb][[0xde][0xa2][0xe3]f[0xd7]Y[0xd2][0xd5]Qf[0xf1][w&quot;[0x96][0xee]=[0x1e][0xd6][0xa9][0xee][0x88]5a[0xbf]N[0xf5][0xf4]@&quot;[0x14]O[0xec][0x1c][0x1d][0xb5]&gt;r[0xa8][0xed]q4[0xef][0x8e][0x8e][0xa4][0x81][0xae])[0xdb],[0xc6]~[0xf2]@O4[0x11][0xd3][0xdf][0x10][0xfb][\n]&quot;
2013-02-06 13:51:57,255 AAD-WS DEBUG wire:63 - &gt;&gt; &quot;[0xe7]ZK[0xa1][0xc]*[0xae][0xd7][0xbc]I[0x1e]U[0x83][0xe1][[0xf6][0xc4]C[0xc3][0x14]RJ[0xf5][0x4][0xad][0xfe]9[0xb3]E[0xd6][0xcf][0xc9][0x9c]~[0xed][0xcc])[0xce][0xe8]G[0x86][0x1a][0xce][0x9c]_[0x88][0xb5][0xe9]1:G&apos;V=;:N[0x8c][0xed][0xf8]T[0x84]G2[0xf3]P[0xd3][0x85]Fg[[0xbc]-v[0xfe][0xf8][0xdc]Q[0xca][0xff]Vc[0xf1],y[0xf6]dp[0x80]:O[0xd0]|+[0xce][0xae]Y[0xdb][0x9b].&gt;[0xbb][0x1c][0xff][0xc4][0xad][0xd0][0xc4][0xe5][0xe9][0x86][0x9c][0xb]f[0xe2][0xd9]N[0x8c]D[0xb1][0x12][0x16]FQ[0x82]1[0x8c][0xc3][0xe4][0xce]i[0x4][0xe0][0xce])[0xc2][0xde][0xd9][0xe1][0xed]}[\n]&quot;
2013-02-06 13:51:57,255 AAD-WS DEBUG wire:63 - &gt;&gt; &quot;[0x9]{[0xe7]8d[0xef][0xef][0xb2][0xcf].[0x1d]z[0xec][0xfd][0xf6][0xd4][0xce][0x91][0x86][0xbb]G[0x1b]$w[0xb7][0xf6]F[0x8][0xee][0x4][0xec][0xd3]{[0xb2]Nu[0xfc]z/[0xee][0xe2][0xfa][0x87]&lt;[\r][0x93][0xb6][0x84][0xfb][0xa5][0xcd]&apos;Q[0xde]&lt;[0x3]c[0xf0]$[0xdc]&apos;P[0xc1]O[0xf]?+O[0xc0][0x9c][0xfd][0xac][0xe2]g[0xf5] 1[0xe7][0x9d]@Ms[0xe0][0x4][0xe6][0x1f]#[0xa9][0xe0]n[0xae]KQ[0xce]u3[0xd9][0xb5]a[0x1e]:x^[0x8f][0x8b][0xb1][0x5][0x1b][0xb1][0x95][0x18][0xef][0xcb][0x8][0xc][0x12][0xa3][0x94][0xfb][0xa2][0xe6]g0[0xbf][0xcf]f[0xc2][0xaf][0x1a][0xaf][0xb7]%[0x90][0xc4][0x82]Y~^[0xe2][0x1]](C7[0xcd][0xda][0x8e]Z\[0xcd][0x9b]?[0xc2][0xfb]S|[0x96]q[0xe7]([0x80]2[0xe5][0xf3]T[0x86][0xac][0xdc][0x6][0xee][0xe4]z[0xf][0xfe][0x98][0x96])js[0xca][0xc6][0xea][0xe6][0x80][0xbc][0x80][0x85][0xfc][0xab]Mb[0xd1][0xac]([0x8f]}[0xfb]NT![0x84]?[0xb1][0xbd])6{[0x8e]w[0xe][0x7][0x99]&quot;[0xdf]J[0xde][0xfc](p[0x1e][0x95]*0[0x89][0xc5][0xbd][0x81]s[0xa8][0xe][0xf0][0xb0]$[0x9][0xdf]A[0xb8][0x8e][0x5][0x9e][0xc1][0xd2][0xa0][0x8b]k][0xd0]V[0xca]W[0x96]D[0xfd]!,[0x98][0xc1][0xb2]A[0xef]r[0x7]r[0x12]+[0xce]:[0xf4][\r][0xc1]r5~I h[0xf8]l[0xf4][0xc3][0xa8][0xf1][0x95][0x7]Nce[0x9][0x82][0xee]#X[0xa8][0xe4][0xab][0x82][0x15][0xbe][0x8a]4[0x8c]H[0x8d][0xe7]p[0x85]n&gt;w[0x12]M[0x7][0xb1]^[0xbf][0x93]XM,[0xb7]n[0x1e]_[0xc5]yT[0xf8]&lt;[0xe7][0xa9][0x8d][0xaf][0xe2][0x1c][0x16][0xf8]&lt;[0xd4][0xd1]GH[0x12]k[0xe][0x11][0xd8][0xec]cl[0x1b][0x8f][0xc0][0x13]4[0x9a][0x85]_[0xa4][0xaf](M[0xc2][0xdf][0xdc][0xac]v([0xb7][0x96][0xd6]$[0xd6][0x1d][0xa3][0xf1][0xbb][0xf1][0x5]|[0x11]kS.[0x8a][0xa3][0x9e][0xeb][0x4]][0x13]e[0xba]N2[0x89][0x14]2[0x8d]ULK?[0x93][0xf1][0x12]&amp;b[0x17][0x93][0xae][0x8f][0x89][0xb6][0x9b][0xe9][0xb6][0x97][0xf1][0xbe][0x91][0xae][0xbb][0x85][0x91][0x8f]3jw[0xd0][0x99][0xf7][0xd2][0x9d][0xf][0xe1][0x83][0xf8][0x4][0x87][0xd1][0xa3][0xb8][0x1f][0x8f][0xe3]#8[0x83][0x7]q[0x16][0x87]([0xeb]c[0x94][0xf6]0^[0xc1]#[0xf8]:&gt;[0x85][0x1f][0xe2][0xd3]9[0xa1][0xf8] [0xa9][0xe7][0xc6]}I~[0xdc][0x9f][0xe4]z[0x1f]YK[0xf1][0xb8]7[0xe7][0xc7][0xfd][0x14][0xe3]~[0xda][0xa6]{[0xc0][0xa1][0x93]e[0xe4][0xa6][0xc9]|[0xb4]t[0xa3]K}r[0xde]N[0xd6][0xc6][0xc0][0xa3]X[0xa9]!ktmt[0x1d]I[0x81][0x18][0x86]C[0xcc][0x88][0x14][0xd4]A[0xae]U[0xcd][0xce][0xe1]Z[0xf5][0xf0][0x12][0x1b]w{*[0xe4]z[0x1a][0x1][0x6][0xd3][0xd6][0xfe][0xbc][0xed][0xf2]%[0xbe][0xb2]G[0xd1][0xd4][0xec]+Kc[0xa7][0x80][0xcc][0xaa]C||ix[0xad][0xeb] [0x96][0x16][0x8d]W[0xda][0xa4]!,[0xe1]z[0x8e]/[0xec]K4[0xef]%[0xbe][0xa2]/c1[0xbe]B[0xaf][0xbd][0xc2]8}[0x15][0xad][0xf8][0x1a].[0xc2][0xab][0xb8][0x94]^[0xde][0x8a]o[0xa0][0x13][0xdf]D[0xf]^[0xc3]&gt;|[0x8b][0xb4][0xdf]f[0xbc][0xbe][0xc3][0xd2][0xf3]][0x96][0x99][0xef][0xb1]H|[0x9f][0xaf][0xed][0x7][0x8c][0xc3][0x8f][0xe9][0xd2][0xd7]q[0x10]?[0xc1]c[0xf8][0x19]%}[0x8][0x1f].[0x10][0x8d][0xc6][0xfc]h[0xfc][0x8a][0xeb]G[0xf0][0xd1][0x14][0xea][0x8d]|[0xca][0xfa][0xf0][0x83]3ha9i[0xf5][0xb6]%[0xd1]^[0x97][0xc4]E[0xde][0x8b][0xf9]Q[0xaf][0x1f][0x1d][0xfc]Hb[0xfd])\[0xa2][0x86][0xce]`[0xc3]`][0xfd]IlL[0xb2]:5&apos;qY^q[0x90]24I9.[0x11][0x3][0x9b][0xc4][0xcd][0x9b][0x7][0x99]^[0x8e][0xac]K[0x19]Y[0xd5]`[0x81]wS[0x8a][0x99][0xe3][0xb5][0x2]L[0xaa]Q&amp;[0xf3]P%5[0xf0][0xca]|[0xde][0x1c]d[0x16]:L[0xee][0xa4][0x19][0xaa]pO[0x9a]&gt;[0xa0][0xef][0xaa]t[0xcb][0x11]F+[0xa5]^[0xa0][0xbe][0xe3]4[0x82][0x2]{g[0xd1]w[0x94][0xbd][0xab]D[0xea][0x3]g[0x1e]y[0xf3]5EKb[0xf3][0xc7][0xe1][0xce][0x13][0xbd][0x6][0x15][0xfc]\[\n]&quot;
2013-02-06 13:51:57,256 AAD-WS DEBUG wire:63 - &gt;&gt; &quot;[0xb7][0xd4][0xf1][0xc7]L=[0xc5]/[0xa7][0xf8][0x15][0xb8][0x88][0xfb]&amp;Y[0x85]Ni[0xc4][0xe]YM[0xec]?[0xc5][0xc7]S[0xea]l[0xa0]M[0x9a][0xaf][0xb5])[0xae][0xcf]cC[0xaf]~2[0x7][0xb7][0x4]f]_[0xad]:K+*[0xa5][\r][0xb][0xa4][0x9d][0xd0]O[0xe0][0x93])[0x16]w[0xf3]N-[0xea][0xf7]n[0xa5][[0xd2]q[0xb8][0x82]^&apos;[0x93]+[0x1d][0xcf][0x1f][0xc7][0xb6][0x83][0xf0][0xce]`[0xed][0xa0][0xf7][0xaa][0x93][0xe8]&lt;[0xdb][0xd7][0x92]D[0x17][0xe5][0x98][0xc7][0xd1]}[0x1e][0xf3][0xbc][0xdb]O[0xe1][0xea][0xc1][0xa7][0xd1]}[0x4][0xe5][0x84][0x90]n[0x87]V[0x8b][0x95][0x8][0xf0]_[0xba]Z,[0x87]A[0x1d]6[0xd3][0xb3][P[0xc7][0x9f]}+[0xe5]J[0x4][0xe4]*[0x9a][0xd7][0x8d]&gt;[0xfe]v[0x13][0xbe][0xf2][0xb4]NAj[0xa4]f-[0xbf][0x90][0x8c][0x9e][0xbc]G+[0xd7]b[0x99][0xec]&amp;[0xe4]S[0xac][0x13][0xf9][0xb6]][0xf3][0x1b][0xd9][0xf6]6[0xca][0xad]:[0x8e]^[0x95][0xdb][0xe7][0xc8][0xed][0xb5][0xe5][0xf6]^[0xc8][0xb6][0x1b]h[0xdb][0x8d][0xb4][0xed]&amp;[0xda]6D[0xdb]Fh[0xdb][0x18]m[0x1b]&apos;[0xd6]g2:e[0xdb]VT[0xc6][0x1c][0xdb][0xa6]h[[0x82][0x10][0xfe][0xb4]L[0xf1]Y[0x9d][\n]&quot;
2013-02-06 13:51:57,256 AAD-WS DEBUG wire:63 - &gt;&gt; &quot;}[0x85]vJ[0x92][0xf4][0xe7][0x93][0xdc][0xc1]Lz7!G[0x8a][0x92][0xec][0xcc]&apos;[0xb9][0x9b]$[0xef]#[0xe4]1[0xd6][0xe2][0xb9][0x9d]y[0x97][0xdd][0x99]w[0xd9][0x9d][0xf9][0xda]B[0x9d]Y[0xee][0xa3][0x7][0xee][0x87]G[0x1e]@[0xad]|[0x88]7[0x8f][0xe3][0x89][0x2]5aW^M[0x90][0x87]I[0xfc]Y[0xbb]N+[0xea][0xeb]t&amp;_[0x2][0x1e][0xd7][0xe0]&apos;[0xb1];X.l[0x87][0xe5]g[0xca]F6[0xb2][0x5][0xde][0xef]+[0xaf]uw[0x14][0xcc][0x89][0xc3][0xb8][0xd5]g[0x9c][0xd7][0xde]:0[0x18]hi[0xf5][0xb9][0xb4][0xb5][0xee][0x9][0x1a][0xde][0xbd]Y[0xc1][0xbf][0x8e][0xc1]W[0x16][0xae][0x9b]:2)[0x90][0xbe][0xbb]^[0xef][0x8c]$~[0x87]7[0xde][0xc1][0xd4][0xe1][0xed][0x19][0xb4][0x14][0xd9][0xb][0xd8][0xe7]3N[0xe3][0x1d]%[0xb8][0xcb][0xfd]F[0xad][0xfb][0xe1]7&apos;g[0xdd][0xd0][0xc1]F[0x8][0xf9]$*[0xe4][0x11][0xbe][0xe1]Oc[0x91]|[0x6][0xeb][0xe5]Q\&amp;[0x87][0xf9]v[0x1f]c2[0x1c]EX[0x1e][0xc7]}[0xf2][0x4][0x1e][0xe1][0xfd]Q[0xf9][0x9c]m[0xfb][0xe7]R[0xb6][0xb7][0xd0]#:[0xe2]p[0x90]ji[0x9d][0xed]O[0xeb][0xf2][0x3]u[0xc][0xf3][0xe4]81?[0x8f][0xa7]R[0x94]/[0xf3]T[0xc6][0xfd][0x1e]M+z[0xad]O[0xfa][[0xd4]e[0xec][0x1d][0x89][0x96]ZWG[0xc1]L;[0x8c][0xbd][0xad][0xe7]a[0xce][0xe0][0x86][0xc1][0xc0]I[0xdc][0xd8][0xef]}g[0x9e][0xa7]HY[0xc8]Qz[0xd5][0x9a][0x81]:H/[0xe0][0xa6][0xd6][0xd3][0x8][0xd1]+[0xae]7j][0xf][0xbf][0xf9][0x81]|[0xaf][0x9c]`r%[0x99][0x1c][0xa7]X[0x82]N[0xa3]][0x9e][0xa5]gf[0xb0]Y[0x9e][0xc7]69[0x83]w[0xc8]Y[0xc4]i[0xed][0x9d][0xbc][0xbf][0xbc]hO[0xad][0xe9]$[0xbc][0x92])[0xa8][0xc9][0xd3]`[0xbf][0xd5][0xfa][0xe3][0x18]J+2LE[0x9a][0x9d][0x6][0x91][0xc4][0xc8][0xac]D[0xa7][0xe0][0xfd][0x1c][0xe5][0xf2][0xb][0xac][0x90]_r[0xda]=[0x86][0xe3][0xa9][0xc9][0xaf]#[0xf5][0x0][0xbd][0xcd][0xa7] O[0xf5][0xce][0xa0]t[0x90][0xb9][0xec]:[0x89][0xb2][0xb3]N[0x8a][0xf2]_IN~vgf[0xe6][0xa7]3[0xdd]d[0x99][0x8d]K[0xec][0xd2][0xa7][0xb1][0xed]X^B[0xff][0x94][0xc][0x9e][0x81][0x8e][0xe6]&apos;p[0xb3]=[0x7][0x97][0xb2]T[[0x8]C[0xff][[0xf5]U[0xc4][0xe0][0xe3]|3[0x86][0x8f][0x95]W[0xfc]?PK[0x7][0x8]eo[0x89]&amp;[0xa1][\r][0x0][0x0][0xe4][0x1d][0x0][0x0]PK[0x3][0x4][0x14][0x0][0x8][0x0][0x8][0x0][0xd4]|D5[0x0][0x0][0x0][0x0][0x0][0x0][0x0][0x0][0x0][0x0][0x0][0x0]%[0x0][0x0][0x0]javax/help/SwingHelpUtilities$1.class}Q[0xcb]N[0xc2]@[0x14]=[0x83][0xd2]B[0xc1][0x17]&gt;[0xf0][0x85]v[0xc1][0x2][0x8d])[0xb8]3[0xc1][0xb8][0x10]C$![0xba]@[0xd9][0xf]u[0xd4]1[0xb5]5[0x9d][0xa9][0xaf][0x9f][0xd1]O[0xd0][0x95][0xc6][0x85][0x1f][0xe0]G[0x19]o+[0xb][0x82][0xc4][0xc5][0xdc][0xb9][0xaf]s[0x1f][0xe7]~}|[0x2]p`[00[0x9d][0xc1]L[0x6][0x5][0xb][0xb3][0x98]31ob[0xd1][0xc4]2[0x83][0xb1]+}[0xa9][0xf7][0x18][0xc6]*[0x1b]][0x86][0xf1]Fp&amp;[0x18][0xa6][0xda][0xd2][0x17]G[0xd1]uO[0x84]&apos;[0xbc][0xe7][0x91]&apos;[0xe7][0x86][0x82]k[0xd1][0xe5]^D[0xd6]V[0xa5]}[0xc5]o[0xf9]}U[0xdd]I[0xff][0xa2]z[0xda]:[0x10][0xe7]&lt;[0xf2][0xb4][0xaa]o$[0x81][0xaa][0xc7][0xc9]}[0xdc][0xbb][0x12][0xae][0xae]3X[0x9d] [\n]&quot;
2013-02-06 13:51:57,256 AAD-WS DEBUG wire:63 - &gt;&gt; &quot;][0xd1][0x94]q[0xa5]b&apos;[0xc6][0x1c][\n]&quot;
2013-02-06 13:51:57,257 AAD-WS DEBUG wire:63 - &gt;&gt; &quot;[0xef][0xe6]TKOj)[0x94][0x13]c[0xf2][0xc8] [0xcb]PI[\n]&quot;
2013-02-06 13:51:57,257 AAD-WS DEBUG wire:63 - &gt;&gt; &quot;;[0x97][0x14]wn&lt;~[0xee][0xf4][0xb8][0x92][0xae][0xb3][0x1f][0xcb]F[0x14][0xaa] lrW[0x7][0xe1][0x3]My![0xf4][0xb1][0xdf][0xd2][0xe2][0xfa]7`b5[0x8f][0x12][0xd6][0x18][0xd6][0xa7][0x8b][0x8b]T[0xff][0xb6]+o3[0x80]![0xdf][0xf2]}[0x11]6&lt;[0xae][0x94]P[0xc][0xd3][0xc3][0x83][0x9b]Xg[0xb0]G[0xef]Yn[0xf3][0xc7][0x87]&gt;[0x19][0xd9][0x1][0xbd][0xf4]ocb[0x82][0xbb][0xae]P[0xaa]\[0xab][0xd5][0x18]v*[0x3]dutH[0xe9][0xf5][0xbf][0x9e][0x91][0x8c].[0x8c][0x1e][0xb]6[0xd2]tk[0x6][0x93][0xe][0x9f][0xa2]G[0x94][0x92]e[0x91]V[0xa2][0x9f][0xd6]Fz[0xf3][\r][0xec][0x15]1[0x1]9[0x92]F[0xe2]|[0x8a][0xe9][0xc0]D?[0xd5]&amp;h[0x2].[0xa4][\n]&quot;
2013-02-06 13:51:57,257 AAD-WS DEBUG wire:63 - &gt;&gt; &quot;c[0xef][0x18][0x19][0xca]~[0xa6][0xe8]d[0xd2]`[\n]&quot;
2013-02-06 13:51:57,257 AAD-WS DEBUG wire:63 - &gt;&gt; &quot;E[0xfa][0xb][0xa4][0xa5][0x81][0xa4][0x9d][0x89]%[0xac][0x18][0xd9][0x1f]PK[0x7][0x8][0xa8][0xbe]5rz[0x1][0x0][0x0]|[0x2][0x0][0x0]PK[0x3][0x4][0x14][0x0][0x8][0x0][0x8][0x0][0xd4]|D5[0x0][0x0][0x0][0x0][0x0][0x0][0x0][0x0][0x0][0x0][0x0][0x0] [0x0][0x0][0x0]javax/help/SeparatorAction.class;[0xf5]o[0xd7]&gt;[0x6][0x6][0x6]=[0x6][0x1][0xe][0x6]n.[0x6][0x16][0x6][0x1e]v[0x6]^v[0x6]&gt;F[0x6]6[0x9b][0xcc][0xbc][0xcc][0x12];F[0x6]Q[\r][0x9f][0xac][0xc4][0xb2]D[0xfd][0x9c][0xc4][0xbc]t}[0xff][0xa4][0xac][0xd4][0xe4][0x12]k[0xcd]0F[0x6][0x16][0xe7][0xfc][0x94]TF[0x6]~[0x9f][0xcc][0xbc]T[0xbf][0xd2][0xdc][0xa4][0xd4][0xa2][0x90][0xc4][0xa4][0x1c][0xa0][0x8]Wp~iQr[0xaa][&amp;[0x88]#[0x12][0x9c]Z[0x90]X[0x94]X[0x92]_[0xe4][0x98]\[0x92][0x99][0x9f][0xa7][0x7]2[0xb][0xa8][0xb]M[0x98][0x87][0x81][0x95][0x81][0x9f][0x91]A[\n]&quot;
2013-02-06 13:51:57,258 AAD-WS DEBUG wire:63 - &gt;&gt; &quot;$[[0xa1][0x9f][0x91][0x9a]S[0xa0][0x8f][0xa6][0x82][0x91]A[0x16]I[0xd2]1[0xa9][0xb8][0xa4](1[0xb9][0xc4][0x3][0xc8][0x81][0xc9][0xab]cq([0x92]HpIQf^:[0xd0][0xe9][0xc][0x8a][0xc][0xcc]@[0x9f][0x82][0x0]#[0x10][0xb2]2[0xb0][0x1]Iv O[0x5]([0xce][0x4][0xa4]9[0xb4][0xb4][0x85][0x18][0xb7]30m[0x4][0xab][0xe0][0x0][0x92]\`qU[0xa0]*5[0xa0][0x8]&apos;[0x90][0xcd][0xc4][0xc0][0x5][0x0]PK[0x7][0x8][0xe0][0xb6][0xb4][[0xdd][0x0][0x0][0x0]&lt;[0x1][0x0][0x0]PK[0x3][0x4][0x14][0x0][0x8][0x0][0x8][0x0][0xd4]|D5[0x0][0x0][0x0][0x0][0x0][0x0][0x0][0x0][0x0][0x0][0x0][0x0]%[0x0][0x0][0x0]javax/help/SwingHelpUtilities$2.class}Q[0xbb]N[0x2]A[0x14]=[0xa3][0xc0][0xc2][0x8a][0x82][0xf8][0xc0][0x17]JA[0x81][0xc6],[0xc4][0xca][0x4]c![0x84]hB[0xb4]@[0xed]g[0xd7][0x11][0x87][0xac][0x8b][0x99][0x99][0xf5][0xf5]A[0xda]j[0xa5][0xb1][0xf0][0x3][0xfc]([0xe3][0xdd][0x95][0xc2]([0xb1][0x98][0x99];[0xe7][0xde]s[0x1f][0xe7]~|[0xbe][0xbd][0x3]pP[0xb6][0x91]B&gt;[0x8d][0xe9]4[\n]&quot;
2013-02-06 13:51:57,258 AAD-WS DEBUG wire:77 - &gt;&gt; &quot;6f0ka[0xce][0xc2][0x82][0x85]%[0x86][0xd4][0x8e][0xc][0xa4][0xd9]e[0x18][0xaf][0xae][0x9f]2$[0x9a][0x83]3[0xc1][0x90][0xeb][0xc8]@[0x1c][0x86][0x97][0xae]P[0xc7][0xdc][0xf5][0x9][0x99][0xf0][0x94][0xe0]F[0x9c]r?[0xa4][0xdf]f[0xb5][0xd3][0xe7][0xd7][0xfc][0xb6][0xa6]od[0xd0][0xab][0x9d][0x1c][0xb4][0xc4]9[0xf]}[0xa3][0x1b][0xeb][0xb1][0xa3][0xe6]s[0x82][0x8f][0xdc][0xbe][0xf0]L[0x83][0xc1][0xee][0xe]B[0xe5][0x89][0xb6][0x8c]2[0x15][0xbb][0x11]g_[0xf8]W&apos;F[0xfa][0xd2]H[0xa1][0x9d][0x88][0x93]E[0x1a][0x19][0x86]j[0x9c][0xd8][0xb9] [0xbf]s[0xe5][0xf3]s[0xc7][0xe5]Zz[0xce]^t7C[0xa5][0x7][0xaa][0xcd]=3Pw[0xc][0xd9][0x9e]0[0xad][0xa0][0xf5][0x8d]ZX[0xc9][0xa2][0x84]U[0x86][0xb5][0xef][0xd6][0xa2][0xc][0xb5][0xbf][0xb5]*[[0xc] [0xee]A[0x10][0x8][0xd5][0xf4][0xb9][0xd6]B3[0xe4]wma[0x8d][0xa1]&lt;z[0xc8]J[0x87][0xdf][0xdf][\r][0x95][0xc8][0xfc][0xb0]K[0xff][0x16]&amp;[0x19][0xb8][0xe7][0x9][0xad]+[0xf5]z[0x9d]a[0xbb][0xfa]C[0xa9][0xae]Q[0x14][0xde][0xf8][0x8b][0x8c][0x94]s~t[(#I[0x8b]f[0xb0]h[0xeb]ctHO[0xfa][0xd9]d[0x95][0xe8][0xa5][0xb1][0x91][0xdc]x[0x1]{F$[0xc0][0x4][0xdd][0xa9][0x18]|[0x88][0xe4][0xc0][0xe4]0[0xb4]L[0xd4][0x98]\[0x18]+[0x8c][0xbf]&quot;[0xf1][0xf4]+[0xfa][0x91][0xbc]Sq[0x81][0x1c][0x8a][0xf4][0x16][0xc8]J[0x2]q9[0xb][0x8b]XNe[0xbe][0x0]PK[0x7][0x8]0[0x8d]I9y[0x1][0x0][0x0]y[0x2][0x0][0x0]PK[0x3][0x4][0x14][0x0][0x8][0x0][0x8][0x0][0xd4]|D5[0x0][0x0][0x0][0x0][0x0][0x0][0x0][0x0][0x0][0x0][0x0][0x0]%[0x0][0x0][0x0]javax/help/SwingHelpUtilities$3.class}Q[0xcb]N[0xc2]@[0x14]=[0xa3]@y[0xa9][0x88][0xef][0x7][0xc2][0xa2][0xb]0[0xa6][0x90][0xb8]1[0xc1][0xb8][0xc1][0xa8]D&quot;[0xb][0x1e][0xfb][0xa1][0x8e]X,[0xc5]t[0xa6]*[0xfe][0x93]FW[0x1a][0x17]~[0x80][0x1f]e[0xbc]-,[0xc][0x12][0x17]3[0xf7]y[0xee][0xe3][0xdc][0xaf][0xef][0x8f]O[0x0][0x6]rqD[0x90][0x8a]b1[0x8a]t[0x1c]KX[0xd6][0xb0][0xa2]a][0xc3]&amp;C[0xe4][0xd0]r,u[0xc4]0[0x9b]/[0xb4][0x19]B[0x95][0xc1][0xa5]`X[0xa8]Y[0x8e][0xb8][0xf0][0xfa][0x1d][0xe1]6y[0xc7]&amp;O[0xc2]t[0x5]W[0xa2][0xcd]m[0x8f][0xac][0xbd]|[0xad][0xc7][0xef][0xf8]CQ[0xde][N[0xb7][0xd8][0xaa][0x1e][0x8b]+[0xee][0xd9]J[0x96][0xb]A[0xa0]hsr[0xd7];=a[0xaa]2C[0xbc]1[0xf0]\S[0x9c]X~[0xa5][0xb5][0x86][0x8f]9[0x13][0xf6]mKY[0xb6][0xa5],![\r][0x1f][0x93]D[0x14]1[0x6]=(l\S[0xdc][0xb8][0xb5][0xf9][0x95][0xd1]U7[0xc6]i[0xf3][0xbc][0xe2][0xb9]r[0xe0][0x9e]pS[\r][0xdc]!M[0xd8][0x15][0xaa][0xee]T[0x95][0xe8][0x8f][0x2][0x1a][0xb6][0x93][0xc8]`[0x87]!;[0x9a][0xcc]/P[0xfc][0xdb]J[0xdf]g[0x0]C[0xb2][0xea]8[0xc2][0xad][0xd8]\J![0x19]R[0x93]Ck[0xc8]2[0xe4][0xa6][0xef][0xa8][0xd7][0xf8][0xe3]pLD[0xec][0x97][0x9e][0xf9][0xb7]1[0xb1][0xc0]MSH[0xa9][0x97]J%[0x86][0x83][0xfc]/[0xa2][0x1a][0xca][0xa5][0xf4][0xf2]_[0xcf]T6W[0xa7][0x8f][0x85][0x1c][0xc2]tg[0x6][0x8d][0x8e]&gt;C[0x8f][0xe8]$+NZ[0x86]$[0xad][0x8d][0xf0][0xee][0x1b][0xd8]+|[0x2][0x12][0xf4]G[0x2][0xe7][0x93]O[0x7][0xe6][0xc6][0xa9]9[0x82][0x6][0xe0][0xf4]Lz[0xf6][0x1d][0xa1][0x97][0x89][0xec]g[0x8a][0xce][0x7][\r][0x16][0xb0]F2MZ[0x18][0x8][0xda]i[0xd8][0xc0]V$[0xf6][0x3]PK[0x7][0x8][0xa2][0x1f][0x5][0x1c]x[0x1][0x0][0x0]x[0x2][0x0][0x0]PK[0x3][0x4][0x14][0x0][0x8][0x0][0x8][0x0][0xd4]|D5[0x0][0x0][0x0][0x0][0x0][0x0][0x0][0x0][0x0][0x0][0x0][0x0]%[0x0][0x0][0x0]javax/help/SwingHelpUtilities$4.class}Q[0xcb]N[0xc2]@[0x14]=[0x83]B[0x1]Q[0x10][0xdf][0xf][0x84][0x5][0xb]4[0xa6][0xb0]pa[0x82]q[0x3]A[0x8d]D[0x17][0x8][0xfb][0xa1][0xe]X[0xac]-[0xe9]LU[0xfc]*M4[0x1a][0x17]~[0x80][0x1f]e[0xbc]-,[0x88][0x10][0x17]3s[0xef][0xb9][0xf7][0xdc][0xc7][0x99][0xef][0x9f][0xcf]/[0x0]:rqD[0x90][0x8a]b1[0x8a]t[0x1c]KX[0xd6][0xb0][0xa2]a][0xc3]&amp;C[0xe4][0xc8][0xb4]Mu[0xcc]0S[0xd8]m1[0xcc]V[0x9c]k[0xc1][0x90][0xac][0x9b][0xb6][0xb8][0xf0][0xee][0xda][0xc2][0xbd][0xe2]m[0x8b][0x90]9[0xc3][0x15]\[0x89][0x16][0xb7]&lt;[0xf2][0xf6][0xb][0xf5][0x1e][0xbf][0xe7][0x8f]E[0xf9]`[0xda][0xdd]b[0xf3][0xac]*:[0xdc][0xb3][0x94],[0xef][0x6][0x81][0xa2][0xc5][0x9][0xbe]l[0xf7][0x84][0xa1][0xca][0xc][0xf1][0x86][0xe3][0xb9][0x86][0xa8][0x99]~[0xa5][0xb5][0x86][0xcf]9[0x15]V[0xbf][0xa9]L[0xcb]T[0xa6][0x90][0xba][0xcf]I [0x8a][0x18]C&gt;([0xac][0xdf]P\[0xef][[0xbc][0xa3]w[0xd5][0xad]~ru^[0xf1]\[0xe9][0xb8]5n([0xc7][0x1d]0$[0xba]BU[0xed][0xea][0x10][0xd5][0xb0][0x9d]@[0x6];[0xc][0xd9][0xe1]X&gt;[0xbb]8[0xd9]&apos;[0xc0][0x0][0xe2][0x9e][0xd9][0xb6]p+[0x16][0x97]RH[0x86][0xd4][0xdf][0x89]5d[0x19]r[0xd3][0x17][0xcc][0xd7][0xf9][0xd3]`[0xa4]Bl[0xcc][0xce][0xfc][0xdb][0x98]$[0xe0][0x86]![0xa4][0xcc][0x97]J%[0x86][0xc3][0xc2][0x98]J[\r][0xe5]Rzy[0x12][0x99]*[0xe5][0xea][0xf4][0xb1][0x90]C[0x98]&gt;[0x99]A[0xa3][0x1f][0xf][0xd1]!-[0xc9][0x8b][0x93][0x95][0xa1][0x97][0xd6]Fx[0xef][0x1d][0xec][0x5][0xbe][0x0]stG[0x2][0xf0][0xd5][0x97][0x3][0xf3][0xa3][0xd4][0x1c]Q[0x3]r:[0x94][0x9e][0xf9][0xc0][0xec][0xf3][0x9f][0xec]7[0x8a].[0x4][\r][0x92]X[0xa3]7MV[0x18][0x8][0xda]i[0xd8][0xc0]V$[0xf6][0xb]PK[0x7][0x8][0xb7][0xcd][0xf3]w[0x1][0x0][0x0]u[0x2][0x0][0x0]PK[0x3][0x4][0x14][0x0][0x8][0x0][0x8][0x0][0xd4]|D5[0x0][0x0][0x0][0x0][0x0][0x0][0x0][0x0][0x0][0x0][0x0][0x0]%[0x0][0x0][0x0]javax/help/SwingHelpUtilities$5.class}R]O[0x13]A[0x14]=[0xd3][0xe2]nwY,T[0x1][0xbf]&quot;
2013-02-06 13:51:57,259 AAD-WS DEBUG wire:63 - &gt;&gt; &quot;[0x90][0x2][0x83][0xb4][0x85][0xec]&gt;[0xf1][0x4][0xf1]A[0x8c]q[0x93]F[0x1f]*$&lt;N[0x97][0xa1][0xc]Y[0xb6]dw[0x8a][0xe2][0x1f][0xf2]U[0x5]#[0xf1][0xc1]&apos;[0x88][0x89]?[0xca]xg[0x8b][0xa6][0xa1][0xd5]I[0xe6][0xce]G[0xce]9[0xf7][0xde]3[0xf3][0xf3][0xd7][0xb7][0xef][0x0]|[0xac][0xb9](a[0xda][0x81][0x8d][0x19][0x7][0xb3][0xb8]W[0xc2]}[0x97][0xd6][0x7]&amp;&lt;[0xb4][0xf1][0xc8][0xc6][0xbc][0x8d][0x5][0x6][0xe7]D[0xc4]\[0x1d][0x89][0x8e]d[0xa8]4[0xf][0xc5][0x89][0x8]b[0x91]t[0x82][0x96]NU[0xd2][0xd9] @[0xeb]4[0xd1][0x7]R[0xab][0x88][0xc1][0xda]T[0x89][0xd2]O[0x19][0xa6]k[0xc3][0xd0][0xfa][0xe][0xc3][0xd8]Vw[0x8f][0x84][0xca]M[0x95][0xc8]W[0xbd][0xa3][0xb6]L[0xdf][0x88]vL7[0xe3]Q*[0x85][0x96];&quot;[0xee][0xd1]i[0xad]O[0x17]do[0x89][0x19]l[0x87][0xcf][0xe5][0xbe][0xe8][0xc5]:[0xdb][0xa8][0xf][0xe8][0xbe]n[0x1f][0xca]HS[0x9]n[0xab][0xdb]K#[0xf9]B[0x19][0xa5][0xd9][0x96][0xe1][0xbc][0x94][0xf1][0xf1][0xb6]V[0xb1][0xd2]Jf[0xbe][0xe1]x[0x98][0xc0][0x92][0x7][0x17][0xe3]6[0xb8][0x87]e&lt;aX[0xc8][0xb3][0xf8][0x7][0x4][0xf6][0x8f]c[0xb1][0xef][0xb7]E[0xa6]&quot;[0xff][0x99][0x89][0xb9]B[0xe8]a[0x5]5[0xf]u4[0x18][0xe6][0xfb]5[0x19]t0[0x9c][0x84][0xaf]3[0x80][0xc1][0xb][0x93]D[0xa6][[0xb1][0xc8]2[0x99]1L[0xde],[0xd7][0xc6]*Cutw[0xbc])[0xde][0x9f]^[[0xe0][0xc][0xec][0x8b]5[0xe3][0xdd][0xdc][0xd3]3[0xac]D&amp;)[0xcf]Q[0xdc][0xa0][0xb8]i[0x89][0xe7]-[0xf1][0x81][0x96][0x18][0xa6][0x6]L[0xcc]+%[0xf][0xad]&gt;[0x9b]ay[0xd4][0xd3][0x8d] x[0x1d][0xa9]C[0xf3]/[0xc2][0xa8][0x9b]0l[0xd6][0x86]0[0xff][0xd2][0xf9][0xd3][0xf8]_6[0xa9][0xcd][0x8c]v[0x4]U[0xfa][0xa0]%[0xb2][0xd5][0xa1]Y1[0x8f]g,[0x86][0x19][0x5][0x9a][0x13][0xb8]M[0xe7]2[0xed][0x16][0xe9]ln[0xdc][0xc6]W[0xb0][0xc6][0xea][0x17][0x14]&gt;[0xc1]&lt;[0xc7]$E[0x8b]V[0xe0][0x92][0xe2][0x14]i[0xf4][0xf1][0xeb][0xd7][0xf8][0xb9][0xcf]([0xfe]@[0xb9]2v[0x81][[0xbb]g(~[0x80]E7[0x8d]s[0x14].`}[0xbc]!qE[0x94];y[0xea][0xbb]xLk[0x85]vv^L[0x89][\n]&quot;
2013-02-06 13:51:57,260 AAD-WS DEBUG wire:63 - &gt;&gt; &quot;[0xac]b[0xd1]r~[0x3]PK[0x7][0x8][0xce][0xa9]H1[0xe2][0x1][0x0][0x0]`[0x3][0x0][0x0]PK[0x3][0x4][0x14][0x0][0x8][0x0][0x8][0x0][0xd4]|D5[0x0][0x0][0x0][0x0][0x0][0x0][0x0][0x0][0x0][0x0][0x0][0x0]%[0x0][0x0][0x0]javax/help/SwingHelpUtilities$6.class}R[0xcb]n[0xd3]@[0x14]=[0x93][0x14];v][0x92][0x6][0xfa][0xe0]Q[0x1a][0x8a][0xb][0x89][[0xd9]+[0xd8][0xb4]b[0x13]T[0x88][0x88]`[0x91][0xb6]R[0x97][0x13]3u]\[0xbb][0xb2][0xc7][0x85][0xf0]Cly[0x8a][0x8a]E[0xb7]H|[0x14][0xe2]N\P[0x94][0x4]F[0x9a][0xa7][0xce]9[0xf7][0xde]s[0xe7][0xe7][0xaf][0xef][0x17][0x0]\l[0x9a][0xa8]`[0xc1][0x80][0x8e]E[0x3]KX[0xae][0xe0][0x86]I[0xfb]M[0xb5][0xdc][0xd2]q[[0xc7][0xaa][0x8e][0xbb][0xc][0xc6][0x19][0x8f][0xec][0xf0][0x84][0x7][0x82][0xa1][0xde]=[0xe6]g[0xdc][0x8b]x[0x1c]x=[0x99][0x86]q[0xb0]E[0x80][0xde] [0x96]GB[0x86]&gt;[0x83][0xb6][0x1d][0xc6][0xa1]|[0xcc][0xb0][0xd0][0x9c][0x84][0xb6][0xf6][0x19]f[0xda][0xc9]+[0x12][0xaa]v[0xc3]X[0xbc][0xc8]O[0xfa]&quot;[0xdd][0xe5][0xfd][0x88]^f[0xfd]Tp)[0xf6]y[0x94][0xd3]m[0xb3][0xa0][0xbf][0xf5][0xb2]7[0xc4][0xf4][0xf6]:O[0xc4]![0xcf]#[0x99]m[0xb5]Ft_[0xf6][0x8f][0x85]/)[0x5][0xb3][0x97][0xe4][0xa9]/vB[0xa5][0xb4][0xd4]S[0x9c]g&quot;:[0xdd][0x93]a[0x14][0xca]Pd[0xae][0xe2]X[0x98][0xc3]=[0xb]&amp;fu[0xd8][0x16][0xd6]q[0x9f][0xc1][0x1e]Fq[0x8f][0x8][0xec][0x9e]F[0xfc][0xd0][\r][0xe4]k[0xf7][0xe9][0xee][0xf3]v[0x9e]fI[0xba][0xc3]}[0x99][0xa4][0x3][0xb][0xf][0xd0][0xb4][0xd0][0x82][0xc3][0xb0]Z[0xa4][0xa5][0x8][0xde]d[0x1c][0xfb][0x11][0x3][0x18][0xac]N[0x1c][0x8b][0xb4][0x1d][0xf1],[0x13][0x19]Cm&lt;c[0x1d][0x1b][0xc][0x8d][0xe9][0x5][0xda]][0xfe]np[0xe9][0x82]1r.7[0x95]}+[0xff][\r][0xcf][0xe0][0xf8]*hQ[0x95][0xad]P[0xb6][0xaa][0xca][0xa6][0xaa][0xec][0xf1][0xaa][0x18][0xe6]G[0xac][0x1c]&amp;KNj[0x85][0x0][0xc3][0xfa][0xb4][0x6]N!X[0x81][0x90][0x1d][0xf5];:~[0x12]3l7&apos;0[0xff][0xd2][0xf9]S[0xfb]_6[0xa9]-N7[0x5][\r][0xfa][0xa6][0x15]r[0xd6][0xa0]YW-T.C[0x8d][0x12][0xcd]9\[0xa5]{[0x95]NktW/[0xa6][0xf3][\r][0xcc][0xd9][0xf8][0x8a][0xd2]G[0xa8][0x8e][0xd4]h[0xd5][0xa0][0x9a]S[0xa5]u[0x9e]4[\n]&quot;
2013-02-06 13:51:57,260 AAD-WS DEBUG wire:63 - &gt;&gt; &quot;[0xfc][0xc3]K[0xfc][0xca]&apos;[0x94][0xa0]Z[0x9f]9[0xc7][0x95][0x83][0xcf]([0xbf][0x87]F/[0xce][0x17][0x94][0xce][0xa1]}[0x18][0x93][0xa8][0x11][0xe5][0xda]0[0xf4]u[0xdc][0xa1][0xbd]N&apos;}[0x98]L[0x85][0x12]l`M3~[0x3]PK[0x7][0x8][G[0xb2][0xfb][0xe7][0x1][0x0][0x0]f[0x3][0x0][0x0]PK[0x3][0x4][0x14][0x0][0x8][0x0][0x8][0x0][0xd4]|D5[0x0][0x0][0x0][0x0][0x0][0x0][0x0][0x0][0x0][0x0][0x0][0x0]#[0x0][0x0][0x0]javax/help/SwingHelpUtilities.class[0xd5]Xy\\[0xc7][0x91][0xfe][0x8a]k[0x9a][0xe1]q=.[0x81].$a[0xc4]9[0xe8][0xc4]2H[0x8a][0x11][0x12][0x12][0x16][0xa0][0x3][0x1d]F[0xf8][0x1a][0x86][0x7][0x8c][0x18][0xe6][0xa1][0x99]7 ,[0xc7][0x8a][0x1d]&apos;q[0xe2][0xd8][0xb1][0x15]_[0xb2]#[0xdb]9[0x1c][0xe2]+[0x91]P[0x82]H[0x88][0xed][0x9c]R[0xe2]d[0xbd][0xb1][0xb3][0x9b][0xbd][0xe2][0xbd][0xcf][0xec][0xbd][0x9b][0xec][0x95]l[0x9c][0xea][0xf7][0xde][0x1c]o[0x18]$[0xff][0x9b][0x1f]?[0xaa]_U}]][0xdd]]U[0xdd]=o[0xfc][0xfa]k[0xaf][0x1][0xf0][0xd0][0x8c][0x1b][0x8f][0xe3][0xf][0xdc][0xf0][0xe0][0xf]][0xf8]#[0x17][0xfe][0xd8][0x8d]t[0xfc][0x89][0x1b][0x19][0xf8][0xa9][0x1b]Mx[0xc7][0x8d]?[0xc5][0x9f][0x9][0xfc][0xb9][0x1b][0x81][0xbf][0x94][0xd8][0xbf]r[0xe3][0xaf][0xf1]7[0xd9][0xfc][0xf5][0xb7][0x92][0xfc][0x9d]d[0xff]^[0x92][0x90][0xec][0xcf]\[0xf8][0xc7]l[0xfc][0x13][0xfe][0xd9][0x85]q[0xa3][0x18][0xef][0x8][0xfc][0xab]l[0xff]M[0xe0][0xdf]e[0xfb][0x1f]n[0xfc]&apos;~.[0xe1][0xbf][0x10][0xf8]/)[0xf9]oi[0xf4][0xdc][0xf8]_[0xfc][0x9f][0xc0]/%[0xf3]+[0x81][0xff][0x97][0xed][0xaf][0x5][0xde][0xe5][0x96] [0x9][0x9]J[0x13][0x94][0xee][0xa6][0xc][0xca][0xe4][0x81](K[0x90]K[0xca][0x5][0xbb]N[0xd9].r[0xbb]([0xc7]M[\n]&quot;
2013-02-06 13:51:57,261 AAD-WS DEBUG wire:63 - &gt;&gt; &quot;[0xe5]J&gt;[0xcf]M[0xf9]T[0xe0][0xa2]B[0x17][0xa9]nl[0xc2]O[0x5][0x95][0x8]*[0x15]T&amp;h[0x89][0xa0]rA[0x15][0x82][0x96][\n]&quot;
2013-02-06 13:51:57,261 AAD-WS DEBUG wire:63 - &gt;&gt; &quot;Z&amp;h[0xb9][0xa0][0x15][0x82]V[\n]&quot;
2013-02-06 13:51:57,261 AAD-WS DEBUG wire:63 - &gt;&gt; &quot;[0xaa][0x14][0xb4]J[0xd0]jAk[0xa4][0xf9]*A[0xd7][0xc9][0xb6]Z[0xd0]ZA5r[0xa4]ZAu[0x82][0xea][0x5]5[0x8]j[0x14][0xe4][0x11][0xd4]$h[0x9d][0xa0][0xf5][0x82]6[0x8][0xda](h[0x93][0xa0][0xcd][0x82][0x9a][0x5]]/h[0x8b][0xa0][0x1b][0x4][0xb5][0x8]j[0x15][0xb4]U[0xd0]6A[0xdb][0x5][0xbd]O[0xd0][0x8d][0x82][0xda][0x4][0xed][0x10][0xd4].h[0xa7][0xa0]][0x82]:[0x4][0xed][0x16][0xb4]GP[0xa7][0xa0][0x9b][0x4][0xed][0x95]3[0xec][0x92][0xe3]u[0xbb][0xa8][0xc7][\r]]:[0xbf]O[0xba][0xb2]_[0x92][0x3][0x82][0xe]Je[0xaf][0xa0]C[0x82][0xe][0xb]:&quot;[0xe8][0xa8][0xa0][0x9b][0x5][0xf5][0x9]:[0xe6][0xa2]~9[0xfd][\t[0xab][0x1b][0xa7][0xe9]6[0x17][0xdd][0xee][0xc6]=t[0x87]$^)[0x19][0x90][0xc4]&apos;[0xd9]AI4[0x17][\r][0xf1]n[0xd1][0xb0][0x1b][0xf7][0xcb][0xad][0xf1][0xd0][0x88] [0xbf][0xa0][0xe3][0x82]F[0x5][0x5]\4[0xe6][0xc6][0xc3][0x14][0x94][0x3][0xeb][0x82][0xc6]9 [0xe8][0x84][0xc0][0x9b].[\n]&quot;
2013-02-06 13:51:57,262 AAD-WS DEBUG wire:63 - &gt;&gt; &quot;[0xc9][0xfd]yG:[0x12]v[0x91][0xe1][0xc6]Y[0xbc][0xe3][0xa2][0x88][0x1b]O[0xcb]v[0xc2][0x8d]s[0xb2][0x9d]t[0xe3]Y[0xd9][0x9e][0xe4][0x1d][0x8c][0xf8]wjC[0xde]H[0xc0][0x8][0x13][0x96]t[0x1d][0xf7]NxO6[0x85]&apos;[0xfd][0xc1][0xe1][0xa6][0xc3][0x9d]QM+!wl[0xaa][0xab][0xad][0xa3][0xcb][0x1f]6[0xb4][0xa0][0x16]&quot;[0xac][0xb4][0xa1]#Z`[0xbc][0xa9]W[0xe2][0xf7][0xf0][0xd7]a[0xc3][0x1f][0xf0][0x1b]~M[0xf6][0xc8][0xf7][0xe9]A[0x6][0x1b]G[0xfc][0xda][0xa4][0x16]:[0xdc]IP[0xcd]&gt;M[0x1]/[0x1b][0xef]5B[0xdc][0x87]a[0x85][0x3][0xde][0xb0][0xdf][0xb7]/[0xd8]ihc[0xed][0x91]PX[0xf]9[0x81][0xfb][0x6][0x8e]k&gt;[0x83][0x81]y&amp;pgpg[0x14][0x95]?l[0x8c]:[0xfb]),I[0x0]d[0xe]j[0x3][0x91]a[0x2][0x1d]c[0xff][0xdb][0xf5]`[0xd8][0xf0][0xb2];[0xde]@DK[0xe7][0xc][0x3]a[0x85]/[0xe0][\r][0x87][0xab][0xcc][0x99]T[0xc9][0x99]T9&amp;[0xc1][0xce]%8[0xd2].[0xb1][0xec]Gv[0xef]T[0xd0][0x18][0xd1][0xc][0xbf][0x8f][0xb0]v[0x81][0x81][0xf1][0x80]w[0xa8][0xca][0xf4][0xb4]j[0x87][0xa4][0xa6]A[0x9e]{]j$;\[0xb5][0xfb][0xd0]^[0xcb][0xe3][0xe][0xaf][0xcf][0xd0]CS[0xe][0xb3]U[0x3][0x9a]7[0x18][0xae][0xda][0x1f][0xd2][0xc7][0xb5][0x90]1[0xd5]&gt;[0xc2][0xae]h[0xf1]m[0xc8][0xda][0xea][0xf][0xfa][0x8d][0xed][0x84][0xf4][0x9a][0xda]#[0x84][0x8c]v}P[0xe3][0x95][0xe9][0xf2][0x7][0xb5][0x9e][0xc8][0xd8][0x80][0x16]:[0xe4][0x1d][0x8][0xb0]$o[0xdc]a[0x80][0xb0][0xa6][0xc6][0x9a][0x9a]i[0xbe][0xc9]i~[0xd7][0x4]o[[0xab][0xb4]W[0xe8][0x97][0x8b][0x16][0x8][0xc4]C[0x81]7&apos;[0xac][0x19][0xed][0xc9][[R[0xb3]po[0xa5][0x81][\n]&quot;
2013-02-06 13:51:57,263 AAD-WS DEBUG wire:63 - &gt;&gt; &quot;[0xdb]@[0x97][0xae][0x8f][0xb6][0x5][0x7];4-[0x10][0xb7][0xe4][0xf6][0x85]4[0xaf][0xa1]ur[0xa0][0x10][0xb6][0xa4][0xb0][0x90][0xc2]f[0xaa][0xc8][0xc8][0x1d][0xf3][0x8e]j[0xe6]j[[0xa6][0xaa]S9[0x93][0xaa]c[0xb1][0xed][0x9d][0xd9]7[0xee][0xd7][0xd2][0x9a][0xc5][0xf2]@N)[0xda][0xa9][c[0x1a][0xef]Tj[0x8b][0x8f][0xfa][0x83][0x83][0xfa]d8[0xae][0x88][0xe1]u[0xc3]?[0x14][0x17][0xe7]H[0xa7]y[0xeb]-[0x97]U[0x1b][0xc4][0x82]8D[0x19][0xd6][0x8c][0xce]1[0xef][0xb0][0xbd]B[k[0x16]D[0xe3]b[0xf3][0x8c][0xba][0x1e][0xeb][0xcd][0x93]-[0xf7][0xe][0xe].[0x16]F[0x8e][0xc5][0xb7][0x97]g[0xf1][0xf8][0x88][0xf6]3[0x97][0xa3]$EW)[0xcf][0xb2]b[0x98]p[0xdd]5v#[0x9a]Wn[0xaf][0xcf][0xa7]q[0x8f]u[0xeb][0xd6][0x11][0xc4]V_[0xc0][0x8e]lw[0xaf][0x1e][0x9][0xf9][0xb4][0xe][0xbf][0x8c][0xe3][0xb2][0x85][0xa5][0xc6]#M)[0xf8]&amp;[0xbe][0xa5][0xd0][0x14][0xde]&amp;T&amp;[0xd9][0xee][0xd1][0x8d][0xe]=[0x12][0x1c][0xdc]u[0xd2][0xa7][0x8d][0x1b]~[0xb9][0x94]+[0xe2][0x90][0x1e][0xdd][0x4][0xf1][0xaa][[0xa0]PH[0xf])t&apos;[0x9d]Rp[0x9][0xaf]K2[0xe7][0xa2][0xbb][0x14]z?[0x9d][0xe2]M[0xb][0xc4][0xe3][0xd8]Ew+t[0x9a]&gt;[0xa0][0xe0][0x1b][0x12]r[0x8f]B[0xf7][0xd2][0x7][0x15]|[0x6][0x9f]U[0xf0]9&lt;[0xaf][0xd0]}[0xf4]![0x5]oJ[0xf2]yL[0x13][0x8a][0xe2]c[0x1e][0x1a][0x9][0xe9][0x93]21][0xf4]a[0x85]&gt;B[0xf7]s[0xf8]$[0xaf][0xd1][0x8e][0xc8][0xd0][0x90][0xdc][0x9a]&quot;G[0xae][0x99][0xbe]V*[0xf4]Q[0xfa][0x18]&apos;u[0xe5][0xa0][0xae][0x85][0x83]k[0x8d]J[0xed]$o[0x89]B[0xf][0xd0])[0x17]}\[0xa1][0x7][0xd9]qz[0x88]&gt;AX[0xbe]x[0xfe]U6[0x9a]v[0x1e]V[0xf0][\n]&quot;
2013-02-06 13:51:57,263 AAD-WS DEBUG wire:63 - &gt;&gt; &quot;~[0xe4][0xa2]G[0x14]:#[0xa7][0x98]i[0xc6][0xa9][0x82][0xef][0xe3]2[0xc1]eG[0xb3][0x82][0xef]I6[0x9d][0xc3]S[0xc1][0xf]pY[0xc1][0x15][0xc9]/[0x9b][0xd0]B[0xfe]!v[0xb6]2!G*[0xad][0x92][0xb7][0x8d]C[0xc0][0xfa]r[0xd1]&apos;[0x15]z[0x94][0x1e]Sp[0x1]3|[0xc8][0x98][0x1][0xea][0x91]5[0xd0][0xe3][0xd8]H[0x5]o[0xe1]m[0x85][0x1e][0xa7]&apos;[0xb8][0x82]%[0xed]![0xa1] 9[0xca]\[0xf4][0xa4]Bge[0x8f][0xa7][0xe8]i[0x17]}J[0xa1]s[0xf4][0x8c]c[0x99][0x13]6|[0xe5]UO[0xab][0xaa][0xcd]$[0x8f][0x3][0xa5]3[0x18][0xb4][0x97]X[0x16][0xff][0xd2][0x4]Ge[0xb1][0xf6][0x98]e[0xdd][0xc3][0x19]m[0xd6][0x8b][0x5]50[0xc7]Q[0xf0]U[0xf9]qh_{[0x8f]w[0xc2]?[0xec][0xe5][0xba].[0x85]E&amp;$YZ,[0xa1][0x9d][0xc1]A[0xed][0xa4]C\b[0x95][0xb4][0x85]r[0x9][0xef][0xd5][0xbc]![0xdf][0x88]C^j[0xe2]S([0xca]d[0x87][0xdd][0x1]=[0x1c][0xf6][0x86][0xa6][0x1c][0x9a]%f[0x97][0xd4]*[0xd9][0xa9][0xc3];[0xa1][0x87][0xfc][0x86][0x16]v[0xa8][0xca][0xcd]^[0xa9]uE[0xb2][0xdb][0x82][0xa5][0xc9][0x95][0xd2][0xd8][0xc9][0xac][0xe0]E[0xbc][0xc0];*[0x85][0x89][0x7][0xb8][0x82]/Hy[0xfe][0xe][0xaf]o[0xb4][0xcd]&apos;7[0xce][0xe3]7+_[0xbe]_[0xd6][0xb1]p[0x93]Tx[0x86]et~[0x1b][0xdf][0xe1]%[0xee][0xd0]C[0x93][0xde][0xd0][0xa0][0x3][0xab][0xda]X[&apos;[0xe1]&lt;[0xd4]~N)[0xc3][0x81]+[0xb0]q[0xa6][0xc6]B[0x95][0x98][0xdf][0xbd][0x9a][0x11][0x19]w@K[0x12][0xa1][0xa6][0xda][0xc2][0x17][0x1e][0xd4][0x2][0xba][0xd7]9|[0xa1][0x8d][0xb5]T[0x16][0xae]8[0xb6]T[0xe]hq[0xd4][0xd3][0xa8][0xd6]B[0xe7][0xef][0xd1][0xc7][0xb4][0x94][0xd3][0x97][\n]&quot;
2013-02-06 13:51:57,264 AAD-WS DEBUG wire:63 - &gt;&gt; &quot;{[0xe4][0xc4][0xc5][0xb7]Qe[0xc9][0xe6][0xa4][0xca]D[0xe7]Fc[0xc8]F[0x16][0xd9][0xc8][0x98][0xd8]D[0xe5]Xa[0x99]4[0xf][h&quot;[0xf2]b[0xb1][0x95]4[0x83][0xb8][0xdc]Z[0xed][0x84][0x80][0xb2][0x91][0xa5]62Qc[0xcf][0x96]+[0x97][0x9e][0x8][0x8d][0xae]v[0x82]&quot;q[0xf4].}2[0xe5][0xe8]Rn[0xad][0x8d][0xc5]wk[0x83]qh[0x99][0x3]j[0xab][0x12][0xad][0xb2]([0xa5]U)7qj[0x8c][0xdf][0xe3][0x1f][0x1e][0xb1][0xb1]K[0x92][0xb1][0xa6][0xce][0x9a][0x97]%K[0x0][0x97]8[0xc0]Q[0xa4]B[0xcf][0xd2]s[\n]&quot;
2013-02-06 13:51:57,264 AAD-WS DEBUG wire:63 - &gt;&gt; &quot;[0xbe]+[0xcb][0xe9]5[0x8a]T3;[0x97]\[0x92][0xf8][0xfe][0xe8]Q[0xf0]2^P[0xf0][0x92][0x99];[0x89][0x99]2[0x1e][0x1c]V[0xf0][0x86][0x99])II[0xc1][0x9a][0xe4][0xc]0E)&quot;[0xdd][0x94]&apos;E[0xb5])[[0x18][0xbe][0xa6][0xd8][0x11][0xac][0xa6]$e`[0x9a][0x9a][0xb4][0xfe][0x1d][\n]&quot;
2013-02-06 13:51:57,264 AAD-WS DEBUG wire:63 - &gt;&gt; &quot;}[0x9a]&gt;[0xc3]W.[0xb3]j[0xfb][0xf5]&amp;[0xeb][0xd8][0xd3][0x6];[0x83][0xe3][0x11][0x83]OB[0xcd];[0xc6]g0}[0x96][0x8f][0xb2][0x18]d[0xca][0xd0][0xda]B![0xef][0xd4][0xbe][0x88][0xe1][0x0]}N[0xa1][0xe7][0xe9][0xf3][\n]&quot;
2013-02-06 13:51:57,265 AAD-WS DEBUG wire:63 - &gt;&gt; &quot;M[0xd3][0x17][0x14]z[0x1]s[\n]&quot;
2013-02-06 13:51:57,265 AAD-WS DEBUG wire:63 - &gt;&gt; &quot;[0xbd]([0xc9]K[0xf4]r[0xf4]X[0xe0][0xde][0x9d][0xfb]b[0xc7][0x82]B[0xaf][0xd0][0xfd][\n]&quot;
2013-02-06 13:51:57,265 AAD-WS DEBUG wire:63 - &gt;&gt; &quot;}Q[0x1e]{[0xd4][0xc4][0x19]P[0x19][0xd4][0x8d][0xca]!y[\r][0xe0]*[0x9f][0xcd]+[0x15][0xe4]Mh[0xa9][0xe4]IU[0xfa][0xc3][0x95]wj![0xbd]1[0xa0][0x5][0x87][0x8d][0x11]^[0xa9][0x94][0xd7],[0xe9][0xc5][0x97][0x14][0xcc][0xca]sn[0x95]Dx[0xcc][0xfb][0x93]&apos;[0xf5][0xfd]I[0xa1][0xf3]t[0xc1][0x9e][0xd8][0xa2][0xdb][0xae][0xe0]U[0xcc]]36[0xd6]_[0x13][0xb1][0xe1][0x9a][0x88][0x8d][0xd7]Dl[0xb2]gu[0xd5][![0xdf][0x1a][0x86][0xf4]P[0x8f]w[0x8c][0xaf]kn[0xbe][0xc1]v[0xf3][0xa5][0xce]+[0x9f][0x1c][0xc5]5[0xb5][0xa9][0x1e][0x80]+[0xae][0xfe][0xe][0x91][0xef]&lt;[0xcd][0x88]*,[0xb3][0x5][0xc9]f[0xf8][0xae][0xa1][0x9d][0x88]x[0x3][0xe1]E[0xee][0xa3][0xc7][0x92]6[0xec]pg[0xb7]7[0xc8]N[0xb1][0xb3][0xa5]l=[0xe5][0xeb][0xa4][0xa2][0xa6]v[0xf1][0xe7][0xf0][0xb2][0x90]6[0xa6]Oh[0x8b][0xad]@[0xf5]U^W[0x8e][0xdb]s[0xe2]L[0xa6]X&gt;[0xc6][0x97],=[0xc2][0x93].[0xe9][0x8a][0x6][0xac][0x95][0x8b]f[0x90][0xf3][0xc0]Y[0xde][0xf1]q-8Hh[0xb8][0xc6][0xb5]:[0xf1][0x16][0xc9][0xfd][0x84][0xa1]G[0x97][0xaa]([0x85]e[0xde][0xb4]q[0xc9][0x5][0xb8]P[0xe5]9WD[0xbe][0x87][0x9c]+[0x91][0xa0]lMr$[0xba][0xe0][0x8b];R[0xb6][0x88]%[0xbe]y[0xca][0xe7][0xce][0xce][0xe8][0xbd]k[0xc1][0xaa]sF2 :[0x89][0xea][0xf7]4j[0xab]5[0x1b][0xf3]J[0xd7][0xc5][0x95]K[0xee]My[0xcd][0x82][0xd7][0x87][0xa5]j[0xb5][0x83]d[0x81][0x82]G[0x96]e[0xcf][0xbe][0x88]f[0x9b]1m[0x8c][0xe8][0xbc][0x9]7[0xa6][0xd8][0x84][0xfe][0x5]o[0x9b][0xc4][0xf1]B[0xda]P[0x80]}m[0xb2],[0xb4][0xda][0xd7][0xe1]T:[0xde]kpB[0x1f][0xe5]x[0xbf]![0xc5]d[0xfb][0xaf]&gt;[0xff][0xd8][0x1b]7[0x87]Kd[0xc2]+[0xb5]&amp;U?[0xe][0xc4]&quot;[0x9e][0xd5]A-l&gt;[0xb5][0xda][0xc2][0xd1][0xa0][0xa8]]&lt;[0xc8]d)[0x8d][0xd7]h9[0x91][0x9a][0x94][\n]&quot;
2013-02-06 13:51:57,266 AAD-WS DEBUG wire:63 - &gt;&gt; &quot;[0xf3]g[0x89][0x9a]N[0xd9]dN[0xca][0xf2][0xcf][0xa1]V[0xd3][0xbf][0xa3][0xd3][0x94]d0[0x84]&apos;[0x9a][0xc9][0x82]Z[0xbe]&amp;f[0xfa][0xf8]z[0xc0][0x80][0xcc][0xa1]@$[0xcc]E6[0xc7][0xd0]c[0xc5]^Z[0xa9][0xed][0xdf][0xc1][0xf9][0xa1][0x85]d[0x8d]a[0xad]b`vf[&quot;[0xba][0xd1]&lt;[0x99][0x85][[0xdc][0x8a]Ux[0x1c]M|[0xcb][0xff]4[0x14][0xb8][0xe5]3[\r][0xe0][0x96]_jf[0xcb]O4n[0x85][0xbc][0x81][0x9a][0xed][0x8b]v[0xfb][0x92][0xdd][0xbe]l[0xb6][0x15][0xfc]V[0xfa]&quot;[0xdb][0xf8][0x12][0xa7][0xe1]&lt;[0xcb][0xf9]I[0xc3][0xfc]E[0xf9]{[0x12]s_vp_qp[0xb3][0x9]\[0x11][0xf1][0xc3][0x92][0xe9]W[0x99][[0xce]-?@[0x90]Yw[0x9][0xae][0xb][0xe6]/S_c[0x9a]e[\n]&quot;
2013-02-06 13:51:57,266 AAD-WS DEBUG wire:63 - &gt;&gt; &quot;72[0x9d][0xc7][0xd7]mh3[0xf]+[0xbc]R[0xeb]g![0xba][0x1b][0xd4][0xec]Y[0xb8][0xcf]&quot;k[0xe]9[0xf1]~*2[0x98][0xee]A&amp;:[0x91][0x87][0x9b]P[0x88].[0x1e][0xfe][0xd5][0xd8]p[0xfb][0xd8][0x86][0xb4][0xbc]r[0xe][0xca][0xde][0x19][0xe4][0xd6]=[0x8f][0xd2][0xba][0x8b][0xc8][0x9d]A[0xde][0x1c][0xf2][0xd9][0x94][0xf9]Q[0x10]7[0xb8][0x2].[0xa6][0xbd]l[0xf6][0x10]rp[0x18][0xf9]8[0x82][0x12][0x1c][0xc5][0x12][0xdc][0xcc][0xba]c[0xc8][0xc6]kx[0xdd]6&gt;[0xc8][0xee][0xa5]q[0xbb][0xae][0xee]2&lt;usH[0xeb]b[0xd3][0x85][0xd3]X[0xdd]5[0x83][0xa2]y[0x14][0xf7]]B[0x89]Z:[0x8b][0xb2]:[0xfe]W[0x97]0[0x99]E[0xf9],*.p[0xff][0xc][0xe4][0xa2][0x80][0xdd][0xb7]F[0xad][0xe0][0x5][0x0][0x6]X:[0xc8]#[0xc][0xb1]n[0x98][0xb5]#[0xbc][0x87][0xa3]&lt;[0x9d]o[0xc4][0xa6]s[0xc5][0x1e][0xf1][0xf4][0x1c][0x96][0xee][0xe5])uEGYf[0x8d][0xb2][0x9c][0x7][0x98][0xc3][\n]&quot;
2013-02-06 13:51:57,266 AAD-WS DEBUG wire:63 - &gt;&gt; &quot;[0xf6]gg[0xfd]e[0xdc][0xc8][0x92][0x95]j[0xa5][0xb9]l[0xee][0xfa]9[0xac][0x9a]F[0xa3])Z[0x1d][0x13][0xad][0x99]F[0x85])[0xaa][0x8a][0x89][0xae][0x9b][0x86][0x8b][0x9b][0xea][0xa8][0xe9][0xb5]l[0xba]^[0xad][0x99]E[0xad]5[0x1][0xb6][0x1f]_[0xae]fv[0x15]8[0xc1][0x8e][0x87][0xd8]Q[0x83][0x97]h[0x2][0xd5][0x98][0xc4][0x6][0x9c][0xc4][\r][0x98][0xc2].[0xdc][0xc9];r[0x8a][0x17][0xef].[0xdc][0x8e][0xd3][0xf0][0xe1]^[0xdc][0x8d][0xfb]8[0x8][0xbf][0x89]o[0xd9][0x93]z[0x8c]&apos;%[0xb8]=0[0x83][0xba]+[0xc8]Wy[0xf0][0x86][0xbe][0x8b][0xa8][0x9b]F[0x16]Kf[0xd1][0xd8][0x9d][0xfe]*&lt;=L[0x9a]Z2[0x1a][0xae]@[0x91]K[0xdd][0x92]9[\r]w[0x3]k[0xd7][0xb5]d[0x96]g[0xd6]7[0xce]b}KVy[0x16][0x95]g[0xcc]bC[0x8b][0xab][0xdc]u[0xbe][0x87][0xce][0xf3][0x0][0xe5][0xe8][0xe1][0xbf][0x8d][0xb6][0xbb]u&lt;0[0xf0][0x0]K[0x1f]dW[0x1f]B[0x15][0x1e]A[\r][0xce]`=[0x1e][0xc5][0x16][0xce][0x99]6&lt;[0x81][0xbd]x[0x92]{&lt;[0xc5]H~x[0xd9].[0xae]b[0x17]e[0x18]e[0xcf]cS[0x1f]G[0xee][0xe6][0xf3]I[0x91][0xfb]m[0x86][0xf3][0xbd][0xd6][0x82][0xa7]m[0xe1]x[0xe4][0xb8]L[0x13]jst[0x87][0xea]e[0x8]\o[0xad]`[0xf7][0xc][\n]&quot;
2013-02-06 13:51:57,267 AAD-WS DEBUG wire:77 - &gt;&gt; &quot;/[0xc3][0xc5][0xb4][0xbb][0xa0][0x99]g[0xd5][0x97][0xae][0xd6][0xf4][0xf6]e$&quot;[0xb7]X[0xc8][0xde][0xbe]L[0xf5][0x86][0xde][0xbe][0xac]DUKT[0xe5]R[{[0xfb]D[0xa2]jkTU[0x90][0xa5]nc[0xea]JTn[0x8f])[0x85][0xfa]&gt;[0xa6][0xd9][0x89][0xca][0x1b]cJ[0xb7][0xda][0xc6]4&apos;Q[0xb9]#[0xa6]T[0xd4]v[0xa6][0xb9][\r]L[0xf2][0xd4][0x9d]L&quot;
2013-02-06 13:51:57,267 AAD-WS DEBUG wire:63 - &gt;&gt; &quot;[0xf3]g[0xb0][0x8b][0x9b][0x2][0xb5][0x83]i[0xe1][0xc]vs[0xa3][0xaa]{[0x98][0x16][0xa9][0x9d]s[0xb8][0x89]?[0x8a][0xd5][0xbd]LK[0xd4].[0x8b]-U[0xbb][0x99][0x96][0xa9]=[0x16][0xbb]D[0xdd][0xc7][0xb4]\[0xdd]o[0xb1][0x15][0xea][0x1][0xa6]K[0xd5][0x83][0x16][0xbb]L[0xed]e[0xba]\=d[0xb1]+[0xd4][0xc3]LW[0xaa]G,[0xb6]R=[0xca]t[0x95]z[0xb3][0xc5][0xae]V[0xfb][0x98][0xae]Q[0x8f]Yl[0x95][0xda][0xcf][0xf4]:[0xf5][0x16][0x8b][0xad]Voe[0xba]V[0xbd][0xcd]bk[0xd4][0xdb][0x99][0xd6][0xaa]wXl[0x9d][0xea]eZ[0xaf][0xe]Xl[0x83][0xea]c[0xda][0xa8][0xe]Z[0xac]G[0xd5][0x98]6[0xa9]C[0x16][0xbb]N[0x1d]f[0xba]^[0x1d][0xb1][0xd8][\r][0xaa][0x9f][0xe9]F[0xf5][0xb8][0xc5]nRG[0x99]nV[0x3][0x92][0xed][0xa9][0xe3][0xc8][0x1c]K./[0xbf][0xcb][0xe1][0xf4][0x16][0xca][0xf0]6[0x97][0xc3][0x1f]sp[0xfd]$-[\r]?Os[0xe1][0x17][0x1c]EW[0xa2]Q[0xc4][0xf2]h[0xa9][0x9c]C0n[0xc2]mV[0x80]_r[0x80][0xfd][0x8a][0xbf][0xbf][0xf7][0xde][0xe0][0xef]&quot;[0x83][0xe4][0xf7][0xf7][0xdf][0x13][0x9c][0xd2][0x19][0x9e][0xc1][0xdf]o[0xa4][0xca][0x0]]f[0xc0]xR[0x6]P[0x1e][0xc3][0x10][0xcb][0x80]6[0xce][0x80]Lns9[0x3][0xd4][0x13][0xdd])[0x92][0xa0]&apos;[0x96][0x4]=[0xbf][0x9d]I[0xd0][0x98][0x98][0x4][0xa1][0xc4]$[0x8]&apos;$[0x81]1[0x87]HB[0x12]LXl4[0x9]&amp;-6[0x9a][0x4]&apos;-6[0x9a][0x4]S[0x16][0x1b]M[0x82];-6[0x9a][0x4][0xa7],6[0x9a][0x4]wYlB[0x12]D[0x9c]I[0x10]q&amp;A[0xc4][0x99][0x4][0x11]g[0x12]D[0x9c]I[0x10]q&amp;A[0xc4][0x99][0x4][0x11]g[0x12]D[0x9c]I[0x10][0xe9]m[0xc9][0xa8][0x93]e9![\r]V[0xcb][0x82]OeH[0xa7]%[0xc8][0xa2][\n]&quot;
2013-02-06 13:51:57,268 AAD-WS DEBUG wire:63 - &gt;&gt; &quot;T[0xd0]RT[0xd2]2T[0xd1][0xca][0xb4],[0xda][0x96][0xa6][0xd0]v&gt;[0x7][0x88][0xdf][0xb1][0xc2][0x89][0xe]r[0xb4][0xcb][0xc4]y[0xbb][0xfe][\n]&quot;
2013-02-06 13:51:57,268 AAD-WS DEBUG wire:63 - &gt;&gt; &quot;2[0xe9]|[0xc6][0xab]xw[0x1d]o[0xcb][0xdd]=[0x8d][0xa6]`[0x1e][0xa7][0xfb][0x1a]/[0xe1][0x3]-[0x1c]?[0xf7][0xf4][0x15]f[0xf0][0x85][0xe3][0xde][0x96][0xcc][0x86]t[0xfe][0xfa][0xba][0xe8][0x9d]F^93[0x1b][0xd2]K[0xb2]f[0xf1][0xc1][0xf2][0xc][0xfe][0x9c][0xc5]}}[0xcd]Y[0xe7][0xde][0xfd][0x99]t[0xec]C[0xe5][0x99][0xb3][0xf8]pC[0xba]l&gt;[0xc2][0xe8][0x2][0x8e][0xcd][0x8f]r[0xde]~[0x8c][0xcf]j:[0xcf][0xe8]+[0xa8]c[0x89][0x1d][\r]|[0xe6]&lt; [0x3][0xe2][0xe3][0xf2]\[0x94][0x1f][0xf][0xc6][0xe]v[0x13][0xfc][0xda]SX[0x13]G[0xab][0xf]Ea[0x9f]H[0x80][0xcd][0xe3][0xe1]&gt;[0x86]^[0xc2]#[0xf2][0x8c][0xca][0xe1]cq[0x8][0xf7][0xdb]k3[0xc4][0xa7][0x13]h/g`[0x17][0xaf]M[0xf]rh?[\n]&quot;
2013-02-06 13:51:57,268 AAD-WS DEBUG wire:63 - &gt;&gt; &quot;[0xe9][0x0]Jx[0x15][0xca][0xe8][0x10]V[0xd1]a4[0xd2][0x11]l[0xa6][0x9b][0xb1][0x85][0xfa][0xd0][0xce][0xed][0x1][0xea][0xc7][0x11][0xba][0x5][0xfd]t+|t[0x1b][0x86][0xe8]v[0x9c][0xa0];[0x10][0xa6][0x1]L[0x91][0xf][0xcf][0x90][0x86][0xe7]h[0x18][0xd3]4[0x82][0xef][0xd2]q\[0xa1]1[0xde][0x81]7[0xb9][0x10]Y[0xd9]=j[0x1d]Xh[0xe5][0x95][0xf5][0xf4][0xa5][0xcf][0xe0][0x8c]&lt;[0x88]?i[0x1d][0xc4]g[0xcc][0x83][0xf8]Low[0x86][0x99][0xa6][0xf5]\[0xd4]f[0xf1][0xa8][0xfa]X[0x3][0x9f][0xb9][0xb2][0xbc]m8:[0x8d][0x8c][0xee][0xb]fyh[0xe6]S?z[0xd8][0x96][0xca][\n]&quot;
2013-02-06 13:51:57,269 AAD-WS DEBUG wire:63 - &gt;&gt; &quot;@!,[0xa7]0[0xaa][0xc9]@3E[0xd0]B[0x93]\&apos;^[0xc1][0x8f][0xec][0x81][0xcb][0xcd][0x90][0xe0][0xff][0xa4][0xab] [0xdd][0xcb][0xfe][0xbd][0xc5][0x5]2[0xcd][0x84]m[0xb0][0xef]=[0xaa]&lt;[0xfa][0xcf][0xf3][0x99][0x9a][0xd1][0xc7]k[0x9a]y[0x9]Y[0xaf][E[0x8c][0xff][0xd2][0x1d][0x7][0xf2][0x3][0xb1][0xbb][0xe8][0x8f][0xf9][0xa2]aYY[0xc1][0xad][0xb4][0x92]U[0xc7]W[0xc]J&gt;[0xc2]7[0xc6]z[0xfc]^[0xec][0xbe]5a[0xe2][0x81][0xed][0xc4]w[0xc6]y&lt;[0xce];[0xfa][0xc4]E[0xe4]1W8[0x87]&apos;[0xe7]q[0x96][0x5]O][0xc4][0xee]y&lt;[0xcd]_[0x9f][0xba][0x88]][0xf3]8[0xc7]_[0xcf]\Dx[0x1e][0xcf][0xf2][0xd7]s[0x17][0x11][0x8a][0xcf][0xad][0x9a][0xa3][0x1a][0xd8][0xcc]k[0xdd][0xcc][0xd7][0xd5][0xeb][0xf9][0xfe][0xd7][0xc2][0xb7][0xcb]g[0xb0][0x92]o[0xe6][0xb5]|[0xef][0x96]&gt;lc}[0x1a]~[0xdf][0xbc]u[0xff][0x84][0x8a][0xcd][0xd9]ga[0x93][0xed][0x9b]n[0xb7]g[0xed][0xf6]i[0xbb]=g[0xb7][0xcf]Z[0xed]o[0x0]PK[0x7][0x8][0xb9]H180[0xf][0x0][0x0]Z![0x0][0x0]PK[0x3][0x4][0x14][0x0][0x8][0x0][0x8][0x0][0xd4]|D5[0x0][0x0][0x0][0x0][0x0][0x0][0x0][0x0][0x0][0x0][0x0][0x0]([0x0][0x0][0x0]javax/help/DefaultHelpHistoryModel.class[0x95]W[0xb]x\e[0x99]~[0xbf]d2[0xe7]dr[0xd2][0xb4]i[0xa6]tH[0xd2][0xe]$[0xd0]t[0x92]&amp;[0x10]J)[0xd3]6[0xd0][0xab][\r]$[0xa1]6[0x14]l[0x11]e[0x92]9M[0xa6]$3qfR[0x8a].[0xac][0xba]u[0xd7]U`]Y[0xb5][0x95][0x8a][0x16][0x17]*[0x17]]Z[0xe8][0x94]Z[0x85].[0xab][0xa9][0x8b][0xca][0xae][0xa0][0xac][0xba]&quot;[0xe2][0xea][0xae][0xba][0xae][0x88][0xb2][0xa8][0xab]K}[0xbf]3g[0xae]I[0xa0][0xce]&lt;[0xcf][0xfd]n[0xff][0xfb]][0xfe][0xff]&lt;[0xf5][0xda][0xe7][0x1f][0x7][0xd0])=&gt;|[0x18]w[0x1a][0xf8];[0x3][0x1f][0xf1][0xa1][0x2][0x1f][0xf5][0xa1][0x12][0x1f][0xf3][0xe1]z[0xec]3[0xb0][0xdf][0x7][0x3][0xfb][0xaa][0xf1]V|\[0x9b][0xbb][0xc][0x1c][0xf0][0xa1]&amp;[0xbb][0xf2][0x9]m[0xee][0xf6][0xe1][0x93][0xf8][0x94][0x8f][0xa3][0x83]:[0xbd]GG[0x9f][0xae][0xc1][0xdf][0xe3]^m[0xee][0xd3][0xb5]C&amp;&gt;[0xa3][0xcb][0xf7]+[0xe7][0x3][0xda]&lt;[0xa8]R[0x1f][0xd2][0xb5][0xcf][0xea][0xe8]s[0xda][0xfc][0x83]N[0x1f][0xd6][0xd1]a[0x3]G|[0x8]b[0x9f][0x89]G[0xb4]T[0x9b][0xa3][0xda]d[0x94][0xe6][0x98][0xd2]&lt;[0xa6][0xcd]q[0x13][0x9f]7q[0xc2][0xc4][0x17]L|[0xd1][0xc0][0xe3]&gt;,[0xc3][0x13][0xda][0x9c][0xd4][0xe6][0x1f]M&lt;[0xa9]L[0xff][0xa4][0x93]/[0xa9]5_V[[0xa7][0xc][0x9c]2[0xf1][0x15][0x9d][0xff][0xb3][0xda][0xf2][0x94][0x81][0xaf][0xfa][0x10][0xc6][0xd7]L|[0xdd][0xc4][0xd3]&amp;[0xfe]Eg[0xff][0xaa][0x9c][0xdf]0[0xf1][0x8c]N[0x9e]5[0xf0][0xcd][0x1a][0xac][0xc7][0xb7]L&lt;g[0xe2][0xdf]L|[0xdb][0x87][0xef][0xe0][0xbb]&gt;[0xfc];[0xbe][0xa7]v&lt;o[0xe2][0xfb]z[0xd0][0x17][0xaa][0xf1][0x3][0xbc]h[0xe2][0x87]&gt;[0xfc][0x7]~[0xa4][0xcd][0x8f]M[0xfc][0xa7][0x89][0xff][0xaa]&amp;[0xf9]OL[0xfc][0xd4][0x87][0x9f][0xe1][0xbf]k[0xf0]s[0xfc][0x8f][0x89]_[0x98]x[0xc9][0xc4]/[0x95][0xe5]e[0x13][0xbf]2[0xf0]k[0x3][0xaf][0x18][0xf8]_[0x81]1[0x1a]K[0xa5][0x13][0xc9][0x9b][0x5][0xf5]}[0xbb]&quot;[0xbb]#][0x93][0xe9][0xd8]X[0xd7]5[0xf6]0[0x17]W[0x9],w[0xbb]7[0x1e][0xb5][0xf7][0x8][0xa4]WP=j[0x8f]M[0xf4]&apos;[0xa2][0xf6][0x98]`[0x81][0xc3][0xb3][0xa7]K[0x97][0xba]6[0xe7][0xd6][0x95]o[0x8c]|v[0xdc]N[0xf6][0xb1][0x17][0xb4][0x16][0xd3][0xd9][0xbb][0xed]x[0xba]k[0xa3][0xb6]}ET[0xe4][0xf2][0xe8]~[0xce][0x12][0x97][0xfa][\n]&quot;
2013-02-06 13:51:57,269 AAD-WS DEBUG wire:63 - &gt;&gt; &quot;[0x15][0xcb][0xbd][0xaa][0xa8]=49B[0x13]v[0x8][0xba][0x86][0xc7]&quot;[0xa9]T[0xab]C[0xd5][0xaa]T[0xad][0x8e][0xcc]V%[0xdd][0x9c]5[0xd8]1$&apos;^0/{[0xb8][0xb1]H|[0xa4]k[0xbd]2Sb[0xf5][0xe0][0xcd][0xf1][0xf4][0xa8][0x9d][0x8e][\r][0xb][0xbc][0xab]c[0xf1]X[0xba]G[0xe0]o[0x9b][0xae]|[0xe9]54m=[0x5][\n]&quot;
2013-02-06 13:51:57,270 AAD-WS DEBUG wire:63 - &gt;&gt; &quot;[0xea][0xfa]bq{`r|[0xc8]N^[0x1d][0x19][0x1a][0xe3][0x8a][0x95][0xb2][0xd3][0x9b][0xb][0x88][0x4][0xda]f[0x86]De,J[0xda][0xe3][0x89][0xdd][0xf6][0xec]Vv[0xb6]M[0xc7]i6jGbc$[0x1a][0x9d]][0x9c][0x11][0x8d][0xa5][0x86]#[0xc9][0xa8][0xa0][0xb2]M[0xa9]}#45[0xe7][0xee][0x86][0xb6][0xa5]39[0xbc].kc_$[0x95][0xde][0x18]O+[0xa1]I.[0xd7][0xfd][0x14][0xa3][0x1]0[0x92][0xd8][0x94]H[0xde][0xe4][0x8][0xf6][0x8e]$[0xd6]E[0x86]o$[0xc0][0xa4]rW[0xf3]*[0xea][0xb9][0xa6][0xbb]%[0x8b]u[0xa9][0xbc][0x11][0xae][0x2]O[[0xaf]ZW[0xbf]3[0x96][0xb4][0xdd][0x9d][0xf5][0xa3]t[0x94]M[0xf9]g[0xb5][0x15]9[0xee][0xaa][0xa1]]4s[0xd5][0x8e][0x1d]J^[0x1d][0x8b][0xe6][0xa9]Zg[0xc1][0xcd][0xc1][0xc3][0x9]4[0x7][0xad][0xda][0x2][0xfe][0x83]v:/[0xbc][0xc8]W\v([0xf5][0xcc][0xae]C[0x17][0xba]8[0xcd][0x10][0xe4][0xfe]b[0xe3][0x6][0xd3][0xc9]X|[0xc4][0xe1][0xf6]f[0xc3]Sp[0xde]L[0x4]3D[0xa2][0xb9]zx[0xcc][0x8d]?[0xdf]`b29lo[0x8a]il5m[0xb0]wF&amp;[0xc7][0xd2][0xe5].[0xee]T[0x11][0x6]^[0xb5][0xf0][0x1b][0xdc]![0x8][0x96]I[0x1c]H[0xd0][0x15][0x93][0xf1][0xe8][0xc6]=[0xc3][0xf6]D:[0x96][0x88]3[0xf4][\n]&quot;
2013-02-06 13:51:57,270 AAD-WS DEBUG wire:63 - &gt;&gt; &quot;$[0x3][0x9][0x87][0x88][0xa2][0xb3]D[0xc9]d&quot;i[0xe1][0xb7][0xf8][0x9d][0x85]8n[0xd3][0x86][0x9e][0x9e][[0x1e][0x1a][0x16][0xde][0x8e][0x1b],D0$8[0xf7][0x8d][0x93][0xd9][0x82][0x8d][0x9d][0x16]F0j[0xe0][0xff],|[0x0][0xbf][0xb7][0x90]D[0xca][0xc2]0[0xa2][0x16]n[0xc2][0x1e][0x3][0xb0][0xf0][0xff]x[0xcd][0xc2]imn[0x4][0xa1]^[0xea][0xc8][0xed]T[0xb9][0x9d][0x8e][0xdc][0xce][0xd9]b[0xdb][0xc2][0xed][0xb8][0xc3]b1[0x10]K*[0xb4][0xa9][0xc4]_X[0xd8][0x8b][0xf7]Y[0xe2][0xc1]-[0x96]T[0xe9][0xf4][0xbd]l[0xc4]+[0x6][0xcb]T[0xb9][0x17][0xd6]M[0xee][0xdc][0xa9][0x19]27[0xb8]3[0x1b][0xb3][0xc1]T[0xec][0x9d]v0[0x1c][0xb4][0xc4][0x94]jm|[0x96][0xd4]($1BB[0xf9][0xb5][0x96][0xcc][0x91]:[0x86]yp[0xc8][\r][0xe8][0x1c][0x7][0x3][0xb7][0xb0][0x16][0xd3]&lt;q[0x16][0xe7][0x96][0x85]y[0x1b][0x8d]]*X[0xfc][0x6]qj[0xc9]\[0x99]oI[0x83][0xf8]-Y g[0x9][0xe6][0x4][0x83][0x94][0xb4]~2[0x99][0xe4]n[0xef][0x6]5m[0xa1]%[0x1][0x9a]&amp;gK[0xa3]%M[0xd2],[0x98]_8_[0x91][0xcf][0xeb][0x8a]Y[0xb7]m[0xed][0xb3]d[0x91],[0xb6]$([0xe7][0x8][0xce][0xc3]:[0x93]5[0x87][0xd1][0xf0]&gt;[0xd6][0x8a][0xe9][0xa9][0xa9]g[0xac][0x8][0xb2][0xa9][0x9][0x6]&apos;[0x92][0xf6][0xee]Xb2[0xb5][0xc6][0x92]s[0xa5]EMd[0xec]{[0x83]q{O[0x9a]K[0xe7]IK[0xce][0xb5]gR[0xd7],9_[0x96]0[0xf][0xf2][0xe9][0xdd][0xa6]n[\n]&quot;
2013-02-06 13:51:57,270 AAD-WS DEBUG wire:63 - &gt;&gt; &quot;[0x16][0xdf]Ck[0xd6][0x14]/u[0xaa]#[0xd6][0xac]1[0xa4][0xcd]&quot;[0xc2]!C[0xda]-[0xe9][0x90]e[0x96]tJ[0x17]s&gt;[0xeb][0xa7]![0x9b][0x8e][0xb6][0x83][0xea][0xcf]][0x86]\`[0xc9][0x85][0xd2][0xcd][0x1a][0xe2].[0x87][0x83][0x86]\d[0xc9]r[0xf5][0xf5]rusMpr&quot;[0x1a]I[0xdb][0xc1]X[0x94]G[0xb4]r[0xb3][0xc9][0xe4][0x18]#[0xe4]bYA[0xfb][0x82],&amp;[0x91]X&lt;[0xb8][0x8c][0xbc][0x97]X[0xb2]R.5$l[0xc9]*Y][0xb4][0xd9][0xe3]p;[0x16]Dv[0xa6][0xed]$[0xa7]fv[0xa0][0xa1][0xb6]Fm[0xa8]][0x17]I[0xc5][0x86][0x15][0x8d]m[0xbd][\n]&quot;
2013-02-06 13:51:57,271 AAD-WS DEBUG wire:63 - &gt;&gt; &quot;jqr[0xcd][0x92][0xfe][0xb9][0xf4],*[0x8a][0xbc][\n]&quot;
2013-02-06 13:51:57,271 AAD-WS DEBUG wire:63 - &gt;&gt; &quot;[0xca][0x8a]T)C]Y[0x89][0xe0][0xe5][0xc0][0x93][0xf]D[0xc6][0xed][0xec][0xb5][0xd0]o[0xa7]R[0x91][0x11][0xbb][0xe8]Z([0xae]Y[0xae][0xc2][0xe2]K[0x91][0xc5][0xa9][0xb4]0^Mo[0x17][0x17][0xc7][0x86][0x99][0x8a]&amp;kn[0xa1][0x6][0x97][0xdd]VK^[0xaf][0x88][0x97][0xdc]z[\r][0xee][0xad]W&amp;[0xc0][0x9b][0x15]-X[0xd6]6[0xad][0xc6][0x16]]u%[0xb5][0xca][0x91]WIy[0x4][0x84][0xc9]2HO[0xf1]BJ9[0x9d]{[0x15]n[0x1c][0xb3][0xc7][0xc9][0xb1][0x96][0x18]W[\r][0x8f]%[0xe2][0xd3]@r[0xaf]%[0x1a][0x10][0x99][0x98][0xb0][0xe3][0x14][0xd5][0xf1][0x6]u[0xbf][0xb8][0x8][0x91][0xaf][0x91][0x17][0xe0][0xec][0xbb]f:[0x91]]a[0xbc][0xda][0x5][[0xfc][0xa5]Ly#|&lt;[0x8c]kr[0xd9][\r][0xe5][0x92][0xe8][0x89][0xab][0xf4]N[0xdf][0xc0][0xc][0xd6][0xc6][0xea][0x8d][0x13][0x9][0x7]&apos;;[0xa5]&lt;%~[0xed][0x8f]L[0xb4][0xf6]n[0xd0][0xd3][0x91][0x87]U[0x84][0xb1][0x90];}[0xdc]NwqE[0x9f]{[0xdc][0x1b][0x88][0xec][0x8e][0x8d]D[0x18]s[0x82][0xe6]R[0x11]N[0xc0][0xe4][0xb7]W[0x95][0xe1][0x93]3kv[0x4][0xe6][0x14][0xde]-[0xd9][0x88][0xb5][0x8a]K[0xa2]`}[0xdb][0xc][0x6]O[0xf7][0xc0][0xeb][0x98][0xa4][0x98][0xcc]/[0x8]-:[0xca][0xa2][0xe9][0xef][0xc1]R[0xb6][0xda][0x92][0x1a]+[0xe8]i+[0x5][0xe7]O[0xb6][0xa3][0x8e][0xa7]-[0xbe]J[0x1d][0x8f]\7[0xa3][0xab]c[0xa9]-n[0xe9]u[0xde]f;4[0x94]v[0xbc][0xe][0x90][0xde]Xj[0x80]iJDG[0xcb][0xde]Y[0xed]g[0xf0][0xf2],&lt;[0xa4][0xe6]M[0x83][0x9b][0xb2][0xed]wLF[0xc6]R[0xb3][0xc4][0x1c]M[0xb3][0x8a]aaX[0xa7][0xe8][0xca][0xec]3g^[0x19]dJm[0xba][0xa1][0x9e][0xd2]&apos;u[0xf1]Kuc|r[0xdc]NF[0xf4][0x8a][UR[0x8][0x7]o&amp;f[0xe3][0x4][0xc2]N[0xd2]o[0xfe],K,[0xd1][0xb5][0x85][0x10][0xa4][0x9][0x84][0x1d][0x19]_[0x95][0xbb]*K[0x97][0x99][0xfb][0x13]:[0x1b][0xe3][0xa5]Y1J[0x8d][\r]3[0xbd][0xb]y[0xd1]O_[0xcd][0x6][0xe7][0xfa][0xc4][0xf8][0x10][0xbf][0xb][0xa2][0xc4][0x82]T[0xd3][0xf2]GC[0xb8]t%[0x9b]1[0xbd][0x1b]6%[0x13][0xe3][0xe][0x1a]-[0xe5][0x10][0xcc][0x98][0x82][0x95][0x89][0xc9]4[0xce][0xe1][0xc7][0xdf][0xf5][0x10][0xbc][0x8d][0x1f][0x83][0x1e]}[0x95][0xf1][0xc3][0xda][0xa3][0xf]3[0xa7][0xe7][0xfb][0xca][0xe9][0xf9][0xfc]rz[0xbe][0xc0][0xd8][0xfb][0xf4][0xde]co[0xea]C[0x8b][0xbc][0xe3][0xd0]_[0x3]Gq$[0xd8]Npf[0xf3]K[0xbc][0x82][0xfd][0x85][0xa1]c[0xf0][0x86]N[0xc0][0xd8]~[0xc][0xe6]QT[0x87]*[0x8e][0xc2][0xc7]y[\r][0xe7][0xd6]Q[0xd4][0x86][0xda][0x8f]bN[0xfb][0x14]jB[0xed][0x19][0xd4]e0[0xf7]0[0x99][0x4][0xef]`{.[0x15][0x0][0xdd]T[0xbb][0x4]uh[0xa3][0x82][0x10][0x16][0xe3]&quot;[0xb4]b9g[0x17][0xe3][0x2]\BJ[0xbe][0x3]][0x95]#T[0xa8]*[0xbb][0xda]C[0x8f]b[0xde]}[0xf0][0x1c][0xe]eP[0xaf][0xe3])[0xea]a[0x17]:[0x8e][0xf9][0x15][0xa0]2_;[0x87][\r][0x15]P[0xe5][0xf3][\n]&quot;
2013-02-06 13:51:57,272 AAD-WS DEBUG wire:63 - &gt;&gt; &quot;[\n]&quot;
2013-02-06 13:51:57,272 AAD-WS DEBUG wire:63 - &gt;&gt; &quot;[0xcf]G5[0xdb][0xcb][0xa8][0xf6]r[0x8e][0xd6][0xa1][0x96][0x1f][0xce][\r][0xd8][0x80]E[0xd8]Hc6a)[0xde][0x84]Nl&amp;u[0x1a][0x93][0xae][0xd2][0xb0]{[0xce]ETP{[0x4][0xfe]S[0xa8][0xab]_[0xf0][0x18][0xce][0xda][0xfe][0x8][0xfc][0x87][0xe0][0xe5][\n]&quot;
2013-02-06 13:51:57,273 AAD-WS DEBUG wire:63 - &gt;&gt; &quot;[0xcf][0xb5][0xb0][0xa0][0xc3][0xe7]PoE3[0x6][0xb9][0xb2][0xfb]O[0x93][0x13]([0x97]s=[0xe5][0xbc][0x8d]+|[0x2][0xbb]r.%\[0xc2][0xde]O9[0xd5][0x95][0x19][0x9c][0x9d][0x5]&lt;T[0xc9]qc[0x81][0xbd][0x9e]d[0xa0]sM:[0xaa][0x96][0xce]m z[0x82][0x9b][0xf1]NWL3{[0x15]S[0xa5]b[0x1e][0xce][0xb3]y[0x9d]E[0xf5][0xf1][0xbb][0xf2][0x1a][0xd7][0xba][0x96]7+i[0x6]M[0xab][0x1b][0xef][0xc6]|[0x1d][0xbb]sO4[0x83][0xe6]r[0xcd]7Q[0xf3][0x1e]X[0xd4][0xd8][0xe4][0xe8][0xfc]3[0xdc]2[0x83]f[0xdf]Ce[0x9a][0xdf][0xc3][0xf6][0xd6][0xbc][0xe6]%[0xd4][0xac][0xab]5![0xa5][0xf5][0xdc][0x90][0xc1][0xa2]r[0x80][0xde][0xcf][0xfe][0xaf][0xb9][0xf2][0xe7][0xb3]1Eg`[0xfa][0x1b][0xf6][0x1f][0xe2][0xca][0xbb][0xf3]p[0xbc][0x97]LU[0xec][0x7][0xb2]gZ|[0x12]F[0x9f][0x1b][0xd3][0xfd][0xf4]KS[0xcf][0x9][0x4]99[0xa7][0xfe][0xdc][0xc]Z[0x9a]3h[0xcd][0xe0][0xbc][0xc7]p~[0xd6][0xac][0x15][0x9e]C[0x98][0xdb][0xd1][0xee][0xf7]d[0xb0]$[0x83][0xb6][0xbd][0x1e][0xf1]{[0x9a][0xf][0x9e][0xfe]eG[0x1][0xd7]l[0xa8][0xef]C[\r][0xf6]c&gt;&gt;[0x8e][0x85][0xb8][0x8b][0x91]v[0x80][0xde][0xfc][0x4]c[0xf0][0x0][0xfa][0xf0]IR[0xbe]&apos;o[0xcf][0x1][0xda][0xe3]8[0xd0]5[0xa2][0xaf]`W[0xce][0x94][0xa5]4[0xa5][0x83][0xb6][0xe5][0xad][0xc9]m0+Z[0xd4][0xb2][0xfc]F[0xc7][0x14][0x9a]*{[0xe][0xa1][0xae][0xbd][0xa3][0xd9][0xb5][0xb1]R[0xd4][0x9d][0xbe][0x83][0xa7]_j/X[0x99][0xcd][0x8f][0xcf][0xd0][0xd6][0xfb]i[0xe5][0x3][0xe8][0xc0][0x83][0xcc][0x8c][0x87][0xd0][0x8b][0xcf]b[0x0][0x9f][0xc3][0xb5][0xec][0x87]p[0x84][0xd4][0xfc]X[0xca]Z*[0xe3][0xb4][0xd3] [0xd7][0xf3]9[0xed][0x84][0xab][0xa5][0x91][0xaa][0xeb]i[K[0x1e][0xa6]y[0xa7][0x98][0xae][0x8d]waN[0xa3][0x1b]5[0x7]aj[0xf6][0x1e][0xd6])[0xc9][0x97][0x9c][0xc4][0xb2][0xfe]P[0xa3]&apos;[0xca]`&amp;c[0xe7][0x0][0x9b][0xae][0xb0][0x87][0xed][0x5][0xe1][0xaa]eSX[0x9d][0x13]![0xa5].[0xcb][0xa0][0xbb] y[0x19][0x89].R[0xc2][0xe3]X[0xee]A[0xa0]j[\n]&quot;
2013-02-06 13:51:57,273 AAD-WS DEBUG wire:63 - &gt;&gt; &quot;[0x16][0x97][0xe7][0x4][0xaa]2[0xb8][0xf8]p[0xd8][0x1b][0xf0]L![0xef][0xbe]K[0xc8][0x1d][0xf0][0x94][0xb0][0x7]&lt;[0x5][0xfe][0x95]3[0xf0];V2l[0xde][0x8e][0x8f][0xf2][0xbf][0x82][0xe]{[0x8e][0xff][0x15].dq4[0xb2]=[0xc1][0xf6]q:[0xf9][0x9][0xb4][0xe0]IV[0xb4]/q[0xff][0xcb][0xac]^_[0xa1]s[0x9f][0xc2][0x15][0xf8]*[0xae][0xc2][0xd7][0xb0][\r]_[0xc7]ux[0x9a][0x92][0xbe][0xc1][0xb2][0xf0][0xc][0xfe][\n]&quot;
2013-02-06 13:51:57,275 AAD-WS DEBUG wire:63 - &gt;&gt; &quot;[0xcf][0xe2]6|[0x13][0x1f][0xc1][0xb7]([0xf9]9[0x86][0xc7]w)[0xfd]y&lt;[0x8a][0xef][0xe3][0x14]^ [0xc7][0xf][0xb8][0xf3]&quot;w~[0x88]o[0xe3]&apos;[0xf8][0x1e]~J[0xb0][0xf9][0xd9][0xea][0x6][0xc9][0xcf][0x18][0xb2][\n]&quot;
2013-02-06 13:51:57,275 AAD-WS DEBUG wire:63 - &gt;&gt; &quot;[0xfd]}ZR2[0xb8]4[0xec][0x91]pU[0xc0][0xf3]xUt[0x85][0xf7][0x10]n[0xf]x[0xfc][0xde][0xee][0x19]+[0xcd]}[0x18][0xf]Tq[0xf9][0x4][0xc2][0xdb][0xdb][0x9b][0x9a][0x8f]aU[0xb8][0xaa]~uQ[0x4][0xad]q`[0xf2]{=7t[0xe7][0xb1][0xca][0xed][0xf5][0xe8][0x1e][0xb1][0xb9],[0x83][0xcb][0xeb][0xd7][0xba][0x93]u[0x9c]d[0xc9]\[0xb6][0x93]X[0x1f][0xa8]:[0x8e][\r][0x15][0xd8][0xeb]}[0xcd][0xef]=p:]H[0xc2]n[0xd6][0x5][0xe0][0x17][0xc][0xb6][0x97]8z[0x19][0xb][0xf0]+V[0xfd]_c%^a1~[0x95][0xe1][0xf6][0x1b]V[0xad][0xdf][0x12][0x9b][0xdf][0x11][0x8f][0x97]q/[0xfe]@[0xce][0xbf]$^[0xce][0xb9]+[0xc][0x16][0x8b]J[\n]&quot;
2013-02-06 13:51:57,275 AAD-WS DEBUG wire:63 - &gt;&gt; &quot;[0xbb]3g[0xd2]FZ[0xc1][0xb0][0xeb].[\n]&quot;
2013-02-06 13:51:57,276 AAD-WS DEBUG wire:63 - &gt;&gt; &quot;[0xb9][0xdc][0xd6][0xa6][0xf2]\[0xc8]m[0xbc])[0xbb]Q][0x9c]@J[0x98]/j[0x9f][0xc2]j[0x1d]Sn[h[0xbb][0x93][0xe7]N[0x9d]U[0x9a][0xbb]a0[0xe5]=[0x95]%[0xf4][0xf7][0xb8][0x8b]Z[0x86]u[0xa3][0xe2] ^)#[0xf8]Q[0x91][0xa0]l[0xfd][0xf4][0xb9][0x91][0xdf]q[0xca]M[0x7][0x8d][0xfd])\[0xd6][0xee]t+u[0xa6][0xc3][0xc]6[0xef]G[0xe8][0xc][0x95]k[0xe6]dEteEt[0xe9]0[0x83][0xde]3[0x17]Q[0xb0][0xee][0xec]&lt;[0x6]g[0xc6][0x99]w[0xf2][0x10]k[0x1c][0xc4]@[0xa3][0x98]X.[0xd5][0xd8]&quot;5[0xb8]A[0xe6]`T[0xea][0x90][0x94][0xb9][0xd8]&apos;[0xf3][0xb0]_[0x1a]pX[0x16][0xe2][0x84][0x4][0xf0][0x94]4[0xe1]iY[0x84]gd1[0x9e][0x95][0x16][0xbc][0xc4][0xf]{??[0xed][0x17]H;[0xbf]{;[0xe5]-[0xfc]&lt;[0xdf].[0x17]I[0x94][0x1f][0xd4]c[0xfc][0xa4][0xfe][0xb0][0xac][0xa4][0xa6][0xf7];[0xc5]_[0x83][0xe2]J[0x86]D[\r]5&gt;[0x98]5[0xeb][0x8a]|[0x99][0xbc]r[0x6]G[0x1f]A[0xdf]~07[0xfa][0xeb][0x7]2[0xb8]JK[0xe3][0xd9][0x9c](Us[0xd6]![0xe][0xe6][[0xdc]*[0xe9][0x94][0xab][0xd3]/[0xba][0xa3][0x1e][0xb7]$[0x87]=[\n]&quot;
2013-02-06 13:51:57,276 AAD-WS DEBUG wire:63 - &gt;&gt; &quot;[0xc2][0x8a][0xaa]JM[0xb6]&apos;u[0xd3][0xef][0xcd]2[0x87][0x8d][0x80]A[0x1]a3g[0xc2][0x9b]5K[0xcc]|&amp;[0xe9]nW[0xb8]:[0xb7][0xbb]Uw[0xab][0xb][0xbb][0xe6][0x14][0x96][0x7][0xcc]G1[0xd8]~/[0xda]sDW[0x97][0x89][0xf0][0xe4][0x15][0xd2]7[0x87]pY[0xa0]z[\n]&quot;
2013-02-06 13:51:57,276 AAD-WS DEBUG wire:63 - &gt;&gt; &quot;a[0xfa]i[[0xa0][0xfa]8[0xae][0xa9]@[0xd8][0x17][0xf0][0x9d]B[[0x8e][0xfd]Ze[0xf7][0xcd][0xc2][0xbe][0xd7]+~//[0xac][0x9e]P[0xc0][0xa3]/[0xb8][0xbc]c[0x19][0xa7]9[0x1]o[0x99][\r][0xc5][0x8b][0x15][0xc5][0xed][0x8a][0xe2][\n]&quot;
2013-02-06 13:51:57,277 AAD-WS DEBUG wire:77 - &gt;&gt; &quot;[0xe3][0x10][0x1a]][0x18][0xfd]F[0x9]&quot;
2013-02-06 13:51:57,277 AAD-WS DEBUG wire:63 - &gt;&gt; &quot;[0x8e][0x86][0xf8][0x8d]&lt;[0x90]/[0x84][0xb2][0xa1]Ut-[0xdf][0xc1][0xba][0x9][0xb9][0x1c][0xa6][0xac]E[0xab][0xac]GH6[0xa0][6[0xe2][0x12][0xd9][0x84]+[0xd9]o[0x97]^D[0xe4][\n]&quot;
2013-02-06 13:51:57,278 AAD-WS DEBUG wire:63 - &gt;&gt; &quot;[0xec][0x92]+1![0xfd][0xd8]-[0x3][0xd8]+W[0xe1][0x83][0xb2][0x5][0xf7][0xc8][0x9b]q[0xbf]l[0xc5]I[0x19]d[0x0]][0x8d][0x1f][0xcb]6[0xbc]*[0xd7][0xe2][0xf7][0xc][0x17]SvH[0xad]\&apos;[0xad][0xf2]V[0x6]Q[0xbf][0xac][0x92][0x88][0xac][0x95]![0x19]`[0x18][0xed][0x12][&amp;d[0xa7][0xec][0x91][0x11][0xb9]UF[0xe5]N[0xf6][0xf7][0xc8][0x8d][0xf2][0x80][0xc4]Ye?[0x80][0xf][0xce][0xf0]^[0x99]W[0xf6]R[0x92][0xdd][0xce][[0xf9]6[0x97][0xf4]r[0xf7][0xe9][0x11]t[0x90]i:[0x82][0x1d]9[0xf8][0xae]S[0xf8][0xb2][0xc5][0x89]P[0x15][0xe]&gt;[0xc7])d[0xb7][0xc0]+[0xb7]b[0xb1][0xbc][0x9b]7[0xef][0xed][0x4][0xa3][0xc2][0x91][0xd6][0xed][0xbe][0xbb][0xea]C[0x8f]A[0x1e][0xe6]s[0xa4]r;[0x1d][0xec]9[0x86][0xaa]&apos;[0xb2][0x6][0xf1]_Q[0xf2]z[0xda][0xea][0xbe][0xd4]M[0xbe]p[0xf6][0x14][0x99][0xaf][0xbf][0xaa][0xca]G[0xd0]w[0xb8][0xcc][0xfc]wQ[0xc0][0x87]8[0xab][0xc0][0xdf]J[0xbd][0xf3]&lt;[0x12]|[0x7]?gj[0x6][0xfe][0x8]PK[0x7][0x8]Y[0xee]3[\r][0x19][\r][0x0][0x0][0x84][0x1b][0x0][0x0]PK[0x3][0x4][0x14][0x0][0x8][0x0][0x8][0x0][0xd4]|D5[0x0][0x0][0x0][0x0][0x0][0x0][0x0][0x0][0x0][0x0][0x0][0x0]([0x0][0x0][0x0]javax/help/JHelpFavoritesNavigator.class[0xa5]T]O[0x13]A[0x14]=C?vY[0x8b]`[0x5][0xa4][0x8][0x82] XZ`QT@QC[0xaa][0x84][0x1a][0xbe]&quot;[0x96]D[0xe3][0xcb][0xb4][0x1d][0xca][0x92]e[0xb7][0xd9][0xdd][0x96][0xfa][0xe2]/[0xf2]A_[0xc0]h[0xe2][0xf][0xf0]G[0x19][0xef]l[0x9b]fY[0x8a]&lt;[0xf8][0xd0];;g[0xce][0xb9]s[0xe6][0xde][0x99][0xfe][0xfe][0xf3][0xe3][0x17][0x80]y[0xbc][0xd4][0xd0][0x8b][0xfb][\n]&quot;
2013-02-06 13:51:57,278 AAD-WS DEBUG wire:63 - &gt;&gt; &quot;[0xd2]r[0x9c][0xd1][0xd0][0x85][0x8c][0xfc][0xca][0xaa][0x98]U1[0xa7]b^[0xc3]u[0xe8]*[0x16][0xfc]Q[0x86][0x7][0x1a][0x1e]bQ[0xc1]#[0x5][0x8f][0x19]beQ[0xac]U[0x18][0xd8][0x7][0x86][0x9e][0x9c]m[0xb9][0x1e][0xb7][0xbc]}n[0xd6]D[0x84][0xf2][0x83]![0xbe]jX[0x86][0xf7][0x82]a4[0xbd]y[0xc4][0xeb][0xbc][0xa1][0x1f][\n]&quot;
2013-02-06 13:51:57,278 AAD-WS DEBUG wire:63 - &gt;&gt; &quot;[0xb3][0xaa]o[0xf3][0xba]Q[0xe1][0x9e][0xed][0xec][0x1b][0xe2][0xe4][0xd9][0xcc]&gt;C4g[0x97][0x5]C[0xef][0xa6]a[0x89][0xed][0xda]qQ8[0xef]x[0xd1]$d[0xf1][0x1f][0xc2][0xe0][0xca][0x6][0x85]-[0xca]a[0xfa][0xe9][0xf2][0xe9][0xf0][0xda][0x9e][0xf0][0x9a]|[0xdd][0xe4]VE[0xdf][0xf3][0x1c][0xc3][0xaa]\[0x8a]X[0xc2][0xd3][0xb]o7[0xfd]\[0xda][0xeb]FIT=[0x83][0x8e][0xa7][0xe0][0x9]C[0xa2]&quot;[0xbc]B&gt;gr[0xd7][0xcd][0xbf]b[0xe8]O[0xcf]\[0xcc][0xc2][0xa0][0x96][0xb8][0xb5]%[0x9c][0x8a][0xb8][0xe2][0xec]T9U4[0xaa][0xdc]*[0xcb]d[0x3][0xe9][0x8b][0xb9]|[0xf]%[0xdb]4y[0xd5][0x15][0x92]$[\r][0xac][0x95][0xcb]k%[0xe9][0x89]a[0xb0]e[0xa0][0xa1][0xbb]&apos;[0xc4][0xd7][0x9b]8Y[0xd0][0xf6][0xec][0x9a]S[0x12][0xeb][0x86][0xac][0xe3][0xc8][0x1b]Y[0x85]u^[0xb7][0x1d][0xc3][0x13]n[0xdb][0xc5][0xbc][0x94]&amp;[0xd0][0x8f]![0x86][0xa1][0x80][0xcd]6S[0xda]L`[0x9][0xcb][0x92][0xb4]&quot;[0xc3][0x0]1;&apos;+[0xe4][0xa9][0xe5][0xcd][0xd3][0xd0][0xa5][0x18]O[0xe0])[0xfc]R[0xb4][0xcc]&apos;[0xb0][0x8a][0xe7][\n]&quot;
2013-02-06 13:51:57,279 AAD-WS DEBUG wire:63 - &gt;&gt; &quot;^$0[0x89]{[0xc][0x13][0x81][0xed].q[0xc7][0x90][\n]&quot;
2013-02-06 13:51:57,279 AAD-WS DEBUG wire:63 - &gt;&gt; &quot;[0x93][0x2]k[0xe9][0xc0]Z[0xde][0xaa]s[0xd3]([0x9f][0xab]n[0xbb]qT[0xb3][0x92]#[0xb8]&apos;v[0xb9][0xc3][0x8f]][0x86][0xa9]t[0xa8][0xcf][0xcd]i[0xcd]3L}[0x83][0xbb][0x87][0x9e][0xbc]|d}[0xf7]?[0xef]Q([0xa1]le[0xf2][0xc0]p[0xc4][0xae]cW[0x85][0xe3]}[0xca][0x1d][0x92][0x84][0xba][0xb3][0xd2][0xa1][0xef][0x1]d[0xa7]x$J^[0x7]D&amp;[0x8c][0xf9][0xf7][0x91]a[0xb2]}[0xf]|[0xb3]U[0x93][0x1f][0xe8][0xe7][\n]&quot;
2013-02-06 13:51:57,279 AAD-WS DEBUG wire:63 - &gt;&gt; &quot;V[0xc8][0xd3][0x89][0xc6][0xae][0xa0][0xe0].[0xbd][0xf2]^[0xff][0xf1][0xe][0xa3][0xf]7hL[0xd2][0xac][0xb]7[0xd1]M[0xdf][0xd4]}[0x8a][0x83][0x84]L&quot;B([0xa0]d[0xb2][0xec][0xc][0xec][0x9b]/[0xb9]EQ[0xf3][0xe1]9[0xc4][0xe9][0xf]F[\n]&quot;
2013-02-06 13:51:57,280 AAD-WS DEBUG wire:63 - &gt;&gt; &quot;[0x86][0x2][0x82]HS0[0xdb]A[0xb0]D[0x82]e_[0x90][0xa2][0xb9][0x14],@A[0x8c][0xc6][0xfe][0xcc]Ot[0xbd][0xcf][0xce][0xce][0xa5][0xa2][0xdf][0x11]9C[0xf4][0xc][0xb1][0xb0]z[0x83][0xfc][0xe5][0xc9]1[0x10]%[0xfc]6[0xfd]F0[0xda][0xda]X[0xce][0x18][0x8d][0x91]d[0xfc]k[[0x16][0xf7][0xa1][0x1d][0x8a]w0[0xd6]&quot;[0xe][0xd3]([0x93]uE[0xbe][0x84]x[0x1f])[0x8e]Si[0x9a][0xbc]i[0xda]D[0xf2][0xb4]LRI[0xaa][0xd9]St[0x87][0xed][0x8]*[0xd6][0x1]![0x13][0x9d]4[0x9a][0xaf][0xb9][0x16][0xd6]X[0xa4][0xb1][0x9][0xa1][0xb7][0xd1][0xd2][0x8c][0xb7][0x8c][0xab][0x99]S$N[0xd1][0x13]v_&apos;e_{[0x87][0x94][0xbf][0x8a]`e[0x9b][0xb4][0xcf][0x14][0xa7][0xfc][0x1e]N[0xff][0x5]PK[0x7][0x8][0xfc]T[0xd2][0xa0][0xc9][0x2][0x0][0x0][0xfa][0x5][0x0][0x0]PK[0x3][0x4][0x14][0x0][0x8][0x0][0x8][0x0][0xd4]|D5[0x0][0x0][0x0][0x0][0x0][0x0][0x0][0x0][0x0][0x0][0x0][0x0]+[0x0][0x0][0x0]javax/help/ForwardAction$TimeListener.class}SmO[0x13]A[0x10]~[0xf6]Z9z[0x9e]}[0xc3][0x17][0x4][0xb1][0x5][0x8b][0xb4][0x7]r[0xf5][0x9b][0x89][0xc6][0xc4] $&amp;[0xf5]%[0x81][0xf0][0x81]o[0xdb][0xeb]j[0x97][0xb4]{dw[0xdb][0xea]O[0xf1]g[0x98][0x8][0x12]?[0xf8][0x3][0xfc]Q[0xc6][0xd9][0x93][0xa4][0x11]-w[0xb9][0xd9][0xd9][0xd9][0x99]g[0x9e][0x99][0xd9][0xfb][0xf9][0xeb][0xfb][0xf][0x0][0xdb][0x88][0x3][0x14][0xb0]X[0xc0]&lt;[0xee]:[0xb1][0x14]`[0x19][0xf7][0x2][0xac][0xe0][0xbe][0xd3]jN[0xd4]}[0xac][0xfa]h[0xf8]Xg`[0x82]a[0xb9]s[0xcc][0xc7]&lt;[0xe6][0x13][0x1b][0x8b][0xb1]P6~[0x9d][0x8e][0x8c][0xd8]u[0xea]S[0x86]9[0xdb][0x97][0xa6][0xd1]fX[0xca][0xdc]&gt;[0xc6]}18[0x89][0xf7]R=[0xe1][0xba][0xf7]&quot;[0xb1]2U[0xe4]U[0xd8][0xff][0xa4]l_X[0x99]P[0xc4]3[0xa9][0xa4]}[0xce][0xf0][0xa4]9;[0xe4][0x8a][0x9c][0xad]C[0x86][0xfc]N[0xda]#j[0xa5][0x8e]T[0xe2][0xcd]h[0xd8][0x15][0xfa][0x80]w[0x7][0xce][0xc2][0xb3][0xf8]wB[0xbf]O[0xf5]P[0xf4][0x18]j[0xcd][0xcb]XRL[0xc1][0x82][0xfd]t[0xa4][0x13][0xb1]&apos;[0x1d]@[0xf5]/[0x1e][0xdb].4D[0x19][0xf]C[0xdc]@1[0xc4]u[0x84]&gt;6B4[0xd1][0xf2][0x11][0x85][0xd8]t&apos;[x[0x14]Ro+[0xc][0xeb][0xb3][\n]&quot;
2013-02-06 13:51:57,280 AAD-WS DEBUG wire:63 - &gt;&gt; &quot;j[0x1c][0xc8][0xa1][0xe8]Hc[0x85][0x12][0x9a]![0xbc][0xb4]}[0xa5]h[0xdd][0x19]pc[0x84]a(g[0x84][0x7]\}[0x88][0xdf]v[0x8f]Eb[0x19]V[0xfe][[0xc3][0x14]![0xd7]t[0x95],[0xce]JOE[0xf2]$[0x11][0x86]&amp;[0xd5][0xa6]Y[0xc5]Wt[0xbe]uqd&amp;[0x92][0xf2];[0x9e][0x9a][0x6]X[0xf9][0xc7]HC06=[0xa1][0xd9]J[0xb3][0xab]\[0xf7]{[0x19][0x8d][0xa3]i[0xae][0xc7][0xed]6[0xea]t[0xcb][\n]&quot;
2013-02-06 13:51:57,280 AAD-WS DEBUG wire:63 - &gt;&gt; &quot; [0x1b]&lt;z[0xa9]}t[\r][0xab][0xae][0x97]d+[0xc1]=[0x1e]ieTHVi[0x17][0xd3]&gt;Gk)[0xfa][0x6][0x16]m[0x9e][0xc2][0x8b][0xb6]N[0x91][0xfb]B&amp;[0x86][0x5][0x92][0xc5][0xec]xH[0xa0][0x8a][0xf4][0x94][0xac]7q[0xeb]&quot;[0xf8]e[0x96][0x4][0xa8]G_[0xe1][0x9d]#[0x86]kN;[0xc3][0xdc]g[0x14][0x9d]F_[0xee][0x1c][0xfe][0x14][0xad][0x8a]&lt;IM[0xf4][0xc][0xe1]X[0xd4]0&amp;[0x84][0xdb][0x19][0xad];x@k@[0x9e][0xf3][0xf4][[0xac][0xc1][0xfb][\r]PK[0x7][0x8];[0xff][0x15][0x1b][0xdf][0x1][0x0][0x0]F[0x3][0x0][0x0]PK[0x3][0x4][0x14][0x0][0x8][0x0][0x8][0x0][0xd4]|D5[0x0][0x0][0x0][0x0][0x0][0x0][0x0][0x0][0x0][0x0][0x0][0x0]4[0x0][0x0][0x0]javax/help/ForwardAction$HistoryActionListener.class}R[O[0x13]A[0x14][0xfe]f[0xb]][0xbb][0xac]-[0x16]Ql[0xb9][0xa9][0x5][0xdb][0x9a]t[0x89]o[0xa6][0xc6][0xc4][0x10][0x8]M[0xea]%[0x81][0xf0]&gt;[0xdd][0xe]t[0xc8]2kf[0x87]K[0x1f][0xd4]D[0xe3][0xf]2[0x91][0x8]&lt;[0xf0][0xe8][0x83]?[0xca]xf[0xdb][0x84]K,[0xbb][0xc9][0xb9]|g[0xce]7g[0xce]9[0xfe][0x9e]_[0x0]h[0xa0][0xe6][0xc1][0xc5][0x83][0x1c][0xb2]xh[0xc5][0x8c][0x87]G(M[0xa0][0x8c]Y[0x17]s.[0x16]]&lt;f[0x18][0x97][0xaa]+[0x8e][0x19]X[0x8b]!kz2[0xa9][0xac]0[0x94][0xda]{[0xfc][0x90][0x1f][0x7]=[0x11]}[0xc][0xd6]c}[0xc4]u[0xf7]Mhd[0xac][0x9a][0xc][0xb9][0xcd][0xbe]2=adH[0x19][0xaf][0xa4][0x92][0xe6]5[0xc3]|utJ[0xab][0xb6][0xcd]0[0xb6][0x1a]w[0x5]C[0xa1]-[0x95]xw[0xb0][0xdf][0x11]z[0x8b]w&quot;[0x8b][0xf0][0xf4][0xd4][0x7][0xa1]wb[0xbd]/[0xba][0xc][0xb][0x3][0xae][0x80][0x1f][0x99]@[0x1c][\n]&quot;
2013-02-06 13:51:57,281 AAD-WS DEBUG wire:63 - &gt;&gt; &quot;e[0x82][0x1][0xd1][0x9a][0xb5][0x9b][0x96][0xcc][0xdb][0x8c][0xf]t([0xd6][0xa5]%(^[0xbb][0xad]aS}[0xe4][0xf1][0xc4][0xc7][0x4]|[0x1f]9x.[0x9e][0xfa][0xa8]`[0xc9][0xc5][0xb2][0x8f]g[0xa8]24F[0x15][[0xd9][0x90][0x89][0x89]u[0xe0][0xb5][0xc9][0x11]Jh[0x86][0xe9][0x11][0xb8][0xdf]R[0xa4]W#[0x9e]$&quot;a[0x98]L[0xb][0x8f][0xb8][0xda][\r][0xde]w[0xf6]Dh[0x18][0xe6][0xfe][0xfb][0x96]K[0x86]L[0xd5][0xbe]hfTA[0xf4]X[0x1e][0x86]&quot;I*/Vh2/o[0xe9]s[0xed]jh[0x83][0xc4][0xb0][0xe6][0xb7][0xd4][0xf9][0x88][0x6]W[0xbe]%LsH[0x84][0x19]&quot;k[0xca][0xe8]&gt;[0x8d][0xac]J[0x93][0xc3]&quot;[0xad][0x8e][0xb][0x86];p[0xe8][0xa7]n[0xd2]n[0x15]mk[0x9][0xbb][0xb][0xfb]9d[0xe5]Q 9I^@~[0x86]t[0xa1][0xfe][0xb][0xac][0xfe][0xfc][0x4]N}[0xf6][0x4][0x99][0x1f][0x4]1[0xdc]#[0x99]O[0xc3][0x9f][0x88][0xea]3[0xd9]_[0x8]-bj[0x98][0xdc]L/[0x1][0xca][0xf5][0x9f]pN1[0xf6][0x1b]SC[0x8b]T[0xe6][0xc][0xe3][0xe]n[0x12]}[0xa5][0x8a][0xbe][0xa1][0x84][0xef][0x94]x?[0xad]f[0x1a][0xb][0xa4]=:[0x95][0xa5][0x8d][0x9f][0x87][0xf3][0xf]PK[0x7][0x8]_[0x88][0xaf][0xfa][0xca][0x1][0x0][0x0][0x12][0x3][0x0][0x0]PK[0x3][0x4][0x14][0x0][0x8][0x0][0x8][0x0][0xd4]|D5[0x0][0x0][0x0][0x0][0x0][0x0][0x0][0x0][0x0][0x0][0x0][0x0][0x1e][0x0][0x0][0x0]javax/help/ForwardAction.class[0x8d]W[0xf9][0x14][0xe5][0x19][0xff][0xbe][0xc9]&amp;3;[0x19][0x2]Y[0x88][0xb2]B[0x82][0xca]a[0xb2][0x81]l@KqC[0xa5]iX[0xcc][0xd2][0xec][0x82]&amp;[0x4]C[0xab]e[0xb2][0x19][0x92][0x81][0xcd][0xcc]vw[0x96][0x84][0xde][0x87][0xda]V{X[0xaf][\n]&quot;
2013-02-06 13:51:57,281 AAD-WS DEBUG wire:63 - &gt;&gt; &quot;^[0xd5]V[0xb1][0x87]JT6[0xc4][0xb4][0x16]m[0x1b]Zz[0xdf][0xf7][0xfd]/[0xf8]s[0xdb][0xe7][0x99][0x9d][0xec][0xee]l6[0xc0]~&gt;[0xfb]^[0xcf]}[0xbe][0xef]\[0xfc][0xef][0xeb]o[0x0][0xe8][0xc4][0xfc][0xe8][0xc6][0x88]BC[0x92]W[0xa3]2t[0x5];qD[0xc2][0x98][0x82]z[0x8c]7[0xc0][0xc0]Q[0x1e][0x8e]1NJ[0xc6][0x84][0xc]S[0x81][0x85]4[0xef]?[0xc8]8[0x99][0x6]da+[0xc8][0xe1][0xb8][0x84]I[0x5]S8![0xe3]C2&gt;[0xac][0xe0]#[0xf8][0xa8][0x83]&amp;[0xe3]c2&gt;[0xee]R[0xac][0xc5]&apos;$|R[0xc2][0xa7][0x14][0xb4][0xe0][0xd3][0xbc][0xbf][0x9b][0x87]{[0x18]|/[0x8b][0xfa][0x8c][0x84][0xcf][0xca][0xf8][0x9c][0x82][0xf5][0xb8][0x8f][0xf][0xef]w[0x4]0[0xe4][0xf3][\n]&quot;
2013-02-06 13:51:57,282 AAD-WS DEBUG wire:63 - &gt;&gt; &quot;[0xbe][0x80]/6[0xe0]Kx@[0xc2][0x97][0x15]t[0xe0]A[0x19][0xf]IxX!S[0xee][0x93][0xf0][0x88][0x82].&lt;[0xca][0x9b][0xaf]0[0xf5]c[0x8c]yR[0xc1])&lt;[0xce][0xc3][0x13]&lt;&lt;[0xc9][0x80][0xa7][0x14]&lt;[0x8d][0xaf]:[0x16]IxF[0xc2][0xb3][0x12][0xbe]&amp;[0xe1][0xeb][0x2][0xcd]}F[0xd6][0xb6]2&apos;z[0x92][0xb6]a[0x99][0xfd][0xb4][0xd1]M=#[0xa0][0xc6]L[0x9a]{SZ6[0xab]gi;hL[0xe8]%[0xa8]/[0xd1][0x13][0x8f][\n]&quot;
2013-02-06 13:51:57,282 AAD-WS DEBUG wire:63 - &gt;&gt; &quot;[0x4][0xfa][0x8f]j[0xc7][0xb5]pJ3[0xc7][0xc2][0x3]v[0xc6]0[0xc7][0xba][0x5][0x96][0xf5]Zf[0xd6][0xd6]L{HK[0xe5]t[0x81][0xba][0xdd][0xd1][0xfe][0x9e]a[0x1][0x11][0xab][0x5][0xc4][0xdb]t`[0x13]/b[0xb2][0xd2][0xa1][0x9e][\n]&quot;
2013-02-06 13:51:57,283 AAD-WS DEBUG wire:63 - &gt;&gt; &quot;g&apos;[0x89]0[0xcc][0x2]2D[0xae][0x8e][0x17][0x14][0x8a][[0xa3]zJ[0xa0][0xc5]E[0x1a][0xd7]S[0xe9]p[0x1f][\r]}e`B[0xaf][0xdf]i[0x98][0x86]}[0xb][0x19][0xd2]V[0xa6][0xcc][0xbe][0x91][0xa3]z[0xd2][0xee]n[0x1f]&quot;U{[0x9]S`y[0xbf]a[0xea][0x89][0xdc][0xc4][0x88][0x9e][0x19][0xd4]FRt[0xd2]0a[0xe5][0xb2]zt[0xca][0xb0][0xf5]Q[0x81]V[0x97]\[0x9b][0xb4][0xc3][0xfa]q[0xdd][0xb4][0xc3]q[0x7][0xcc]K[0x87][0xcf]2[0x7][0xfd]v=[0xa5]kY&amp;P[0x9d][0xfd][0xfe][0x8c][0x9e]-[0xdb][0xf6][0xa6][0x8c][0xe4][0xb1][0xd2]6j[0xda]z[0x86][0xb7][0x81][0xec][0xb8]5[0xb9][0xc7][0xca]Lj[0x99]Q[0xd7][0x0][0x81]F[0xd7][0xd2][0xde]qR[0x99][0xb1]:[0xda][0xca][0x8d]-hQirI!EK&amp;I[0xf8][0x86][0xae][0xae].[0x81][0xb0][0x87][0xd4][0x95]T[0x88]iw{U?[0xfb][0x7]N[0x98][0xf6][0xb8]n[0x1b][0xc9][0x12][0xab][0xad][0xcc]j[0xc7]%X][0xc6]G[0xb]|[0xb6]1[0x9f][0x9b][0xaf]@[0xa5][0xa5][0xa2][0xaa][0xc]X[0xb9]LR[0xdf]cp[0xa0][0x2][0x1e][0xda]N[0xa6]T[0xb1][0x17][0xef]U1[0x84][0xdb]T[0xf4]!F[0xd1][0xf1][0xe0][0xa8][0xe8][0xc7]s[0x2]+[0xca][0x84][0xec]e)*[0x9e][0xc7]i[0x9]/[0xa8][0xf8][0x6][0xbe][0xa9][0xe2][[0xf8][0xb6][0x8a][0x17][0xf1][0x12]%[0x89][0x91][0xb4][0xcc]E[0x92][0xf8]P[0xc2][0xcb]*[0xce]`Z[0xc5]+xU[0xc5]k8+![0xaf]b[0x6][0xe7]$[0xcc][0xaa]x[0x1d]s[0x94];[0xa5][0xc4]K[0xe4]R[0xa9][0xfd][0x96][0xc1]q[0x8f]N%[0xf5]4[0xf3][0x91][0xf0][0x1d][0x15][0xdf]eD[0xc9][0xb6][0xac][0x94]m[0xa4])[[0xdd]U[0xa7]G[0xa2][0x84]7T|[0xf][0xe7])[0xad][0xb][0x9e][0x14]XUXtV[0xd8][0xf7]&amp;[0xde][0x12]hZ[0x14]W[0x81][0x8d]K[0xf9]|Cy[0x5][0xb3][0x83][0xee][0xe4][0xe1][0xfb]*~[0x80][0xb7]T[0xfc][0x10][0xf3]*.0[0xd3][0xab][0xca][0x99][0xee][0xdd]o[0xa5]s[0xe9][0xb8]n[0xe6][0xa8][0x82]\v[0xd7][0xba][0xb1]b[0xf2][0x1f][0xa9][0xf8]1.[0xaa][0xf8][0x9]~*[0xe1]g*~[0x8e]_H[0xf8][0xa5][0x8a]_[0xe1][0xa2][0xc0][0xba][0xaa][0xc9]\[0xca]b[0x15][0xbf][0xc6]o[0xc8]B[0xb7][0xc]:s[0xe6]1[0xd3][0x9a]4[0x7][\r][0x9b][0xa3][0xde][0xec][0xd1][0x83]U[0x88][0xd9][0xfa][0x84]@[0xe7][0x92][0x6]V[0xed]d[0xac][0xe5]oU[0xfc][0xe][0xbf]W[0xf1][0x7][0xfc]Q[0xc5][0x9f]0/[0xe1][0xcf]*[0xfe][0x82][0xbf][0xaa][0xf8][0x1b]g[0xc0][0xdf]y[0xf8][0x7][0xfe])[0xe1]_*[0xfe][0x8d]y[0x81][0xd5]K[0xc9][0xa0]~T[0x6][0xea][0x19][0xc9][0xda][0x19]-i[0xb3]Y[0xb][0xf0][0xb5][0xd5]*[0xa4][0xd4]8[0xdb]/[[0xe0]%[0xdc][0x1b][0xaa]t[0xb4][0xc5][\r][0x97][0xeb]n[0xf9][0x98]n[0xf7]y[0xda][0xe6][0xba][0xb6][0xcb][0x95][0xd8][0x9a]K[0x80][0x9][0xaa][0x8d][0x8e].[0xad]Y[0xe7][0x15]4[0xaa][0x5]lGA[0x99][0x14][0x8c][0x99][0xa3][0xfa][0x94]@m[;[0xd5][0xab][0x92][0xd5][0xed][0xa8][0xc9][0x8d][0x98][0xfa][0x9e][0xaf][0xed][0x10]#y&quot;~ [0x16][0xd7]Lm[0x8c][0xa5]IL[0xec][0xd4][0xe7][0xa6]j=[0xde][0xd3][0xdd][0x18][0x8f][0x8c][0x93][0xd3][0xb9][0x85][0xeb][0xc7][0xe3]E[0xd7]g[0xd5]o[\n]&quot;
2013-02-06 13:51:57,283 AAD-WS DEBUG wire:63 - &gt;&gt; &quot;V[0xd2]5[0xad][0xd7]}[0x83][0xfa][0x94]][0xcc][0xdd]no~x`d[0x18][0x87][0x82][0xb6][0x3][0xba]M[0xb5][0xb4]8[\n]&quot;
2013-02-06 13:51:57,284 AAD-WS DEBUG wire:63 - &gt;&gt; &quot;tN[0xc][0x2][0x8b]O[0xa9]#[0x13]i[0xbf][0x95][0xd4]8[0xfb]W[0xb9][0x94][0xe1][0x9c]m[0xa4][0xc2][0x85][0xd3]n[0xb7][0xa3][0x95][0x9f][0x15][0x4][0xee][0xd6][0x8f]h[0xb9][0x94][0xed]U[0x8c][0xf9][0x1e] L[0xc3]6[0xf8][0x6]g[0xee][0x5][0xf3][0x8b]-[0xde][0xc3][0xbc]JfU[0xbb][0xdd]}[0x14][0xe1][0xb4][0x13]E[0xf2][0xd8][0xfa][0xb6]X[0xe5][0x8d][0xe0][0xad]&gt;[0xc7][0xaf]u[0xf4][0x1a][0xc8][0xb0]}F[0xb6][0x18]r[0xa2]?[0xc4]:YnyU[0xdc][0xdf]e[0xb9][0xcd][0xf6][0xd1][0x8b][0xc2][0xce]X[0xa9]2[0xb7][0x94][0xc7][0x8e][0x1a]![0xe1]T[0xde][0xae]^[0xf][0xe][0x11][0xa2][0x95][0xf1]z[0xb0]pFq[0xa7];}[0x82]t&apos;&apos;[0x5]=DQ3G=Usn,7=[0x17][0x1][0xe8][0x1d]aR[0x6]D[0xb],[0xe8]R/[0x95]bB[0x9b][0xd0]+U.[0xfa][0xb1][0xf5][0x12][0xb7]c[0x8c][0xed]n[0xa2][\n]&quot;
2013-02-06 13:51:57,284 AAD-WS DEBUG wire:63 - &gt;&gt; &quot;[0xac]|[0x94]][0xbf][0xe8][0x91]R[0xc5][0xdd][0xb5]D([0xd0][0xd5][0xe6][0xa9][0x8b]b[0x3][0xad][0xa8][0x97][0xd2]9u[0x91]q-[0x1b][0xb7]2z[0xb4][0xe4][0x8e]%[0xaf]{z[0xe1]8q[0x99]H[[0xa6][0xb3]]Hu[0x7][0xbb]x[0xce][0x9]Cxw[0x14][0xa6]aN[0x1f]z[0x8][0xb1][0x9f][0xab]![0xc7][0x1c][0xc3]7][0xd9][0x1b][0x88][0xee]H#[0x9b] [0xd7][0xe3]:z[0xd5][0xee]D[\r][0xde][0x85][[0xe0][0xc3]5x[0xf]z![0xb0][0x9b]^[0xfb]5[0xce]&gt;[0x8a]=[0xc5][0xfd][0xad][0xf4][0xa7][0x7][0x83][0xb3][0xa6]&apos;[0x4][0xcd][\r][0x4][0xeb]G[0x9c][0xc6][0x4][0xed].[0x12]E[0x1d][0xcd][0xc7]C[0x1d][0x1][0xdf][0xc][0xea]:[0xde]D[0xfd]I[0x1c][0xed]8[0x8f][0xfa]xhs[0x1e][0xd2]Y[0x88][0xd0]k[0xf4][0x9f][0x85]\[0x83][0x10]/g[0xe1][0x17]x[\n]&quot;
2013-02-06 13:51:57,285 AAD-WS DEBUG wire:63 - &gt;&gt; &quot;[0x92][0xef]4|[0xb5]y([0xa1]@C@=[0x87]ey4[0x8a][0x4][0x91],[0x9f][0xc5][\n]&quot;
2013-02-06 13:51:57,285 AAD-WS DEBUG wire:77 - &gt;&gt; &quot;[0x81]&lt;[0x9a][0x12][0xa7][0xe1][0x8f][0xf8][0xce]ae&quot;[0x14]X[0xb5]%[0xd0]|[0xe]W[0xe5]qu([0xb0]zK [0xe8][0xac][0xaf][0x99]&amp;-n[0xc5] [0xe]&quot;@[0xab]}[0xa4]G[0x4][0x8d][0xce]W[0x8b][0x84]0[0xad][0xba][0xb0][0x12][[0xb1][0x6][0xdb][0xb0][0x11]7[0x11]l;[0xd9][0xb6][0x83](&quot;D[0xd3]MT;q&apos;[0xf9][0xc0][0xc0].[0xfa]4[0xe9]![0xe][0xfb]q[0x9b]kW[0xd0][0xb1][0x98][0xde][0xdf][0xd3]&lt;8[0xac][0xeb]i[0x6][0x11][0xb][0xdc]^D[0xb][0xd3][0xcc]h[0xcb][0xc9][0xb0][0xda]y[0xb2][0x85][0xa6]&lt;[0xd6][0x94][0x88][0x1a]A[0x8f]x[0xf2][0x96]D[0xe8][0x8d][0xc4]_`[0xa0]H[0xbc][0xb][0xb2]C[0xbc].4[0x87][0xb5][0xc3]M[0xe2][0xed]9[0xb4][0xc][0x87]:f[0xd0]:[0x83]ugQ[`vm%[0xb3]!\M[0xaa][0xb7][0xe2][0xe]:[0x1d],2[0xdb][0xe1]j[0xb2][0x9a]]&lt;[0x8f][0x95][0xa1]&lt;[0xae];[0x9][0xb5][0xe0][0xf0][0xeb][0x5]*[0xb9][0xdc]E[0xf3][0x7][0x88][0x93]F[0xa7][0x7].o[0xf6][0x18][0x1d][0xf]-[0xa0][0x89][0x15]t[0xaa][0xd0][0xe9][0x99]9[0xac][0x1f][0xe]l[0x98][0xc1][0xc6]8[0xb][0xba][0x0][0xdf]4[0xc9][0xdd]D[0xc1]w[0xc2]xC![0x8c][0x5][0x1d][0xda]x[0xd3][0x1e][0xf1][0x89]H]1[0xb]|[0x87][0xb7][0xd7][0xd7]n[0x97]Nc_[0xd0]7[0x8b][0x90][0xc0]ytD[0xe4][0xa0]&lt;[0x8f][0xee][0xa0][0x9c][0xc7][0xe6][0x88]?[0xe8][0xbf][0x80][0x86]-[0x81]-[0x14][0xef][0x88][0xe][0x9d][0xc3]A[0xff][0xc][0xc2][0x91][0xba]`[0xdd][0x1c][0xba][0x86]C[0xcd]Rs[0xfd][0xe1][0x19]l[0xcd]c[0xdb][0xe6]`][0x1e]7[0x1e][0xbc][[0x12][0xcc][0xeb]&amp;[0x81]S[0xff]{qsG[0x1e][0xef][0xa0][0xff]v[0xfa][0xbf]3[0x8f][0x1d]%[0xab][0x12][0x94][0x19][0xa0]OE[0x85][0xbe][0xff][0x9a][0xf0][0x0][0xe5][0xcf]C[0x94]#[0xf][0xe3]F&lt;BY[0xf2](U[0xc4]c[0x94][0xf5]&apos;[0xc9]5[0xa7]p[0x8][0x8f][0x93][0x9b][0x9e][0xc0][0x11]&lt;[0x9][0x93]&gt;[0xb]&quot;
2013-02-06 13:51:57,286 AAD-WS DEBUG wire:63 - &gt;&gt; &quot;O[0xe0][0x19][0xdc][0x8f]g[0xf1] [0xe1]&lt;M/[0xe4][0x97][0xf1][0x2]q=[0xe8][0x4][0x84][0x9d][0xb8][0x91]|[0xc5]N[0xf4][0x87]H[0xec][0xcd]yDJb[0x15][0x7]0M[0x81][0x85][0xfe][0xc3][0xc4][0xba][0xc6]!i!8[0xbb][0x99]]S{[0xa6][0xc2][0xf7][0x1b][0xf0]&gt;[0xf0]O[0xc6][0xfb])_[0xb][0x4][0xad][0xae][0x8c]z[0xce][0x97][0x9a][0xca]h[0x95]([0xee][0xa2] /[0x16]![0x96][0x12]Q[0x83][0xc3][0xce][0xa8][0xe1][0xdd]4[0x7]h[0xd5]E[0x85][0xb2][0x8b][0xe6][0x16][0x9a]{P[0xf3]PK[0x7][0x8][0xf6][0x97]?[0x11][0xa6][0x7][0x0][0x0][0x17][0x10][0x0][0x0]PK[0x3][0x4][0x14][0x0][0x8][0x0][0x8][0x0][0xd4]|D5[0x0][0x0][0x0][0x0][0x0][0x0][0x0][0x0][0x0][0x0][0x0][0x0][0x1c][0x0][0x0][0x0]javax/help/PrintAction.class[0x95]V[0xdd]W[0x13]G[0x14][0xff]-$lX[0x7][0x90] [\n]&quot;
2013-02-06 13:51:57,286 AAD-WS DEBUG wire:63 - &gt;&gt; &quot;*([0xd2]B[0x12][0xc][0xdb]Z[0x8b][0x9a][0xa0][0x15][0x11][0x5][0xc][0x11][\r]P[0xab]mu[0x93][0x8c]q[0xed]f7n6[0x82][0xfd][0xd2][0xb6][0xf6][0xfb][0xfb][0xeb][0xc1][0x97][0x9e][0xd3]&apos;[0x9e][0xfa][0xe0]9mJ{N9[0xf6][0xc5][0x87][0xfe]-[0xfd][0x1b][0xda][0xde][0xd9][\r]%[0x91][0xe0]i[0x1f]2s[0xe7][0xce][0xbd][0xbf][0xf9][0xdd][0xb9]w[0xee][0xe6][0x8f][0xbf]~][0x5]0[0x8c]o[0x3]8[0xac]`[0x0]G[0x9a][0xf1]$b2[0xe2][\n]&quot;
2013-02-06 13:51:57,286 AAD-WS DEBUG wire:63 - &gt;&gt; &quot;FqT[0xc][0xc7][0x14][0xf8][0xf0][0xdc][0x16][0x1c][0xc7][0x98][0x82][0x13][0x18][0x97]qR[0xc1][0x4]N[0x5]p:[0x80]I[0x5]S[0x98]V[0xc8][0xe7]L[0x0][0x89][0x0]f*b2[0x80][0xb3][\n]&quot;
2013-02-06 13:51:57,287 AAD-WS DEBUG wire:63 - &gt;&gt; &quot;fq[0xce]][0x8b][0xe1][0xbc][0x80]I[0xc9][0x98]S0[0x8f][0x5][0x1][0xfc][0xbc][0xc0][0xbc] [0xa4][0x17][0x14]\[0xc4][0xa5][0x0]^T[0xf0][0x12]^[0x16][0x8b][0xcb]2[0xae]([0xd8][0x7]M[0xb8][0xa6]edddep[0x19]W%[0xf8][0x92]c3[0x13][0x12][0x82][0x89][0xeb][0xda]MM543[0xa7][0xa6][0x1c][7sq[0x9]-[0xe3][0x96]Yt4[0xd3]Y[0xd0][0x8c][0x12][0x97] _[0xd3][0xcc][0xac][0xc1]m[0x9][0x91]D[0xc6][0xca][0xab][0xc5][0x92][0xa9][0xba]n[0xd7][0xb8]QP[0xf5]|[0xc1]P[0xa7]&apos;I[0x9c]%g[0xd2][0xb3]%[0x98][0xa6]Q[0xdd][0xd4][0x9d]c[0x12]:CU[0xa7][0x9c]M_[0xe7][0x19]&apos;[0x1e]^ [0xe][0xe3]V[0x96][0xe0][0xdb][0x12][0xba][0xc9][0x93][0xa5]|[0x9a][0xdb]sZ[0xda][0x10][0x1a]-[0xe3][0xe8][0x96]9[0xcb][0xed][0xab][0x96][0x9d][0xe7]Y[0x9]{*[0x10][0xda][0xa2][0xa3][0xf2][0x9b][0xdc]t[0xd4]1[0xd7]dB[0xc8].Xk[0xc1][0xb6][\n]&quot;
2013-02-06 13:51:57,287 AAD-WS DEBUG wire:63 - &gt;&gt; &quot;[0xdc]vn[0x8d][0x13][0xdb][0x1c][0x81][0xf4]W\[0xd2]\3[0x8b][0xea]l[0xcd][0xee][0xba][0x9b][0x92][0xb2]Jv[0x86][0x9f][0xd2][0xc5][0xb9][[0xdd][0x8]&lt;[0xe4]a[0xe1],aK[0x95][0x8a]Q[0x8a]s[0xc][0xfb][0x11]%S[0xb1][0xbd][0xe4][0xdd][0x80][0x1b][0xbc][0x8c]k[0xc]:[0xae]3[0xbc][0x2][0x83]![0xf]S[0x86][0xc5]P[0xc0][\r][0x19]6C[0x11][0x8e][0x84][0xde][0xf5]kH[0x96][0xc]c[0xd6]&quot;hnO,exA[0xe0][0xcb](1[0xdc][0x14][0x86][0xb2]cY[0x86][0xa3][0x17]$tT[0xa4][0xe1]*[0x1e]2[0x16][0x19][0x96]p[0x8b][0xe1]U[0xbc]F[0xf7][0xac]e2[0xbc]X[0xa4]dzB[0xb5])][0xb2][0x9e][0x11]SMhB%[0xe3]u[0x86]7[0xf0]&amp;[0xc3]m[0xdc]ax[0xb]oK`.?[0x93];[0xea][0xfc][0xf9][0x84][0x8c]w[0x18][0xee][0xe2]][0x86][0xf7][0xf0]&gt;[0xc3][0x7][0x9e][0xf4][0xa1][0x8c][0x8f][0x18]&gt;[0xc6]&apos;D[0x92][0x9b]&quot;]TR[0x9f]2|[0x86][0xcf][0x19][0xbe][0xc0][0x1d][0x9][0xed][0xeb]A[0x9e] [0xee]t[0xfb][0xc]_[0xe2]+[0x86][0xaf][0xf1][0x8d][0x84][0xed]U[0xf7]V[0xc3][0xb3][0xa7]jc,]tl[0xaa][0x1]q[0xaf]k[0xfb]}[0x9b]&amp;3[0xa1][0x17][0x1d]n[0x8a][0xf2][0xec][0xa9][#[0xeb][0xfb][0x83]u[\n]&quot;
2013-02-06 13:51:57,287 AAD-WS DEBUG wire:63 - &gt;&gt; &quot;q[0xe3][0x3][0x10]e[0x11][0xfa][0xaf]u.a[[0x8e];u[0xd4][0xc7][0xbc][0xb3][0xaa]K$[0x1e][0xfe]?[0xcf][0xa7][[0xcb]f7[0xb]t[0xe0]1[0xb5][0xbd]f[0xe5][0xc6][0x11] r3[0xf4][0xca][0xc][0x9][0xbb]C[0xe1]jFs|[0xc9][0xbd]_w[0x97][0x8e][0xeb][0xda]l[0x8f][0xde][0x8][0x81][0x88]e[0x8a]Sin[0xaf][0x85][0xa9][0xe8][0x9] [0xb8]Q+[0xa1][0x99]\[0x13]VF[0x13][0xaf]k[[0xc5]S-9[0xba][0xa1]z[0xda]x[0xe5]%U[0xeb][0xbc][0x3]O[0xf2][0xab]Z[0xc9]pj[0x89][0x9][0xdc]y[0xb2][0xd4][0x1d][0x9d][0x17]=t/i[0x12][0xe][0x87]6[0x82][0xd7][0xc9]m[0xbd]~[0x17]([0x94][0xd6]Z]M[0x85]T[0xc][0xea]7[0xaf]N[0x8f]Vq[0x91]L[0xd4][0xf9][0xa9][0x19][0xcd][0xd4]r&quot;52q[0x9a]r[0x9f][0xdc]@[0xbd][0xb6][0x97][0xa8]v[0x13]vq/\j[0xb9][0x8e]m[0x19]U[0xb7]T[0xed]F[0xb7]$B[0xe5][0x6]-xv[0xca][0xe1]y[0x8a][0xbe]+[0x14][0xbe]T[0x93]Q[0x9b]s[0xb1]E[0xd6][0x1d]u[0xd4][0xd4]([0x8][0x83][0x1e]6[0x81][0xad][0x9d]Qy[0xea][0xe4][0xe1]/[0x88][0xea][0xa3],[0x86].[0xd5]n[0x89]X[[0x4][0xc1][0x92]m[0xd3][0x9b]r[0xfd][0xdb]C[0x1b]mz[0x1f][0xdf]l[0xa9][0xa9][0x13][0xc8][0xda]FR[0xcb][0xf3]GC[0xfd]7[0x1d][[0x1f][0xd5][0x11]s~[0xa3][0xa4][0x19][0xc5]M&gt;%[0x17][0xa9]M[0x13]x[0x92]/V[0xb2][0xc8][0xd2]^[0xe3][0xa9],[0x1b]C[0xc2]D)rg[0xc2][0xeb]X[0xd4][0x15]C[0x17][0xc3][0xb][0xe8][0xa3][0xef][0xe2][0x0][0x1a]0[0x88][0x10][0x8d];[0x11]F[0x4][0x12][0x86][0xe8][[0xde]@s[0x83][0xe8][0xf4]$7[0x92]&lt;[0xc][0x95][0xc6][0xa7]h[0xb5]B_`?[0xcd][0xd9][0xc8]PP[0xfa][0x19][\r][0x11][0xe9]&apos;4[0xe][0xfd][0xe][0xdf]=L[0xe]=[0x80]o&amp;[0xb2][0x5]~[0xd2]E~[0xa4]_[0x19]MRr[0x19][0xf2]/[0x8]H([0xa3]9[0xb9][0x8c][0xe6][0x98]o[0x5][[0x92][0x91] [0x8b][0x6][V[0xd0]ZF[$[0xb8]5[0x1a]lw[0xe5]`$[0xd8][0x11][0xdc][0xb6][0x82][0xce]2[0xb6][0xdf][0xa7]3#8[0x84][0x18][0x14][0x92][0x9e][0xa6]Sch[0xa5]1[\n]&quot;
2013-02-06 13:51:57,288 AAD-WS DEBUG wire:63 - &gt;&gt; &quot;[0x99][0x18]3[0xe2][0xd4]A[0xda].&lt;[0x83][0xbd]8H[0x9a][0x11][0xb2]&gt;L[0xf6]G[0xc8].F[0xff][0xb]F[0x91][0xc0]Q\[0xc0][0x18]2[0x18]&apos;[0x84][0x3]d[0xe9]E[0xf1][0x3]E[0xd1]D3[0x17],[0x1f][0xe2][\n]&quot;
2013-02-06 13:51:57,288 AAD-WS DEBUG wire:63 - &gt;&gt; &quot;[0x11][0xdd]![0xc8][0xbb]d[0xbb]b[0xbe]n[0xdf]C[0xc]v[0xfb]VCw[0xb2]q[0xc4][0xbf][0x8c]`[0xb4][0xd3][0xdf][0xed][0xeb][0xf4][0x1f](cg[0xea][0xae]_[0x12][0xab][0xd5][0xef][0xff][0xfe]3[0xfa][0x10][0x1d][0xd1][0xd5][0xef][0xd0]*[0x80][0xa2]e[0xec]ZF[0x87][0x10][0xbd][0x98]w[0x8b][0x98]{[0xee][0xd3]A[0x1e][0xfd][0x11][0xb4][0xd0]x[0x8a][0xe8][0x9f]F[0x1b]&amp;[0xd1]N|v`[0x1a][0xbb]q[0x6][0xfd]D6[0x8c][0x19]&lt;K[0xf3]q[0xfa][0xd7]3[0x85]s[0x98]C[\n]&quot;
2013-02-06 13:51:57,289 AAD-WS DEBUG wire:63 - &gt;&gt; &quot;Y,[0x90][0xf7]A[0xd2]{[0xd4][0xe3][0x94][0x98][0x6][0x9a]w[\r][0x95][0xd1][0x1b][0xdc]S[0xc6][0xde]{h[0x8f][0xd0][0xa2][0xef][0x1][0xf6][0x95][0xd1]_[0xc6][0x13][0xeb][0x7][0xb6]R[0xf6][0x80][0xcb]tWW([0xbf]i[0xd2][0x8e][0xb8][0xd9]=[0xf4][0xf]PK[0x7][0x8][0x84][0x1f][0xfc]$[0xc][0x5][0x0][0x0][0xb4][0x9][0x0][0x0]PK[0x3][0x4][0x14][0x0][0x8][0x0][0x8][0x0][0xd4]|D5[0x0][0x0][0x0][0x0][0x0][0x0][0x0][0x0][0x0][0x0][0x0][0x0]![0x0][0x0][0x0]javax/help/PrintSetupAction.class[0x95]UYW[0xdb]F[0x14][0xfe][0x86]MF(,j $[0x4][0x92]4mb[0x9b]Em[0xd2]4[0x4][0x13][0x1a] PH[0x8d][0xe3][0x94][0xa5]-[0xe9]&amp;[0xdb][0x83][0x11][0x95]%G[0x1a][0x3][0xe9][0xbe][0xfc][0x8a][0xfc][0x82]&gt;[0xe7][0x9c][0xc6][0xa1][0xed]9=[0xe9]K[0x1f][0xfa][0xa3]zzG[0x12]`[0xb0][0xc9]i[0x1f]4[0xba]s[0xe7][0xde][0xef][0xae]s[0xe7][0xef]~[0xfb][0x3][0xc0][0x18]~[0x8a][0xe1][0xba][0x8a]Kx[0xab][0x1d][0x17]qC[0xa5][0xe5]m[0x5]7U[0x8c][0xe3][0x96]\&amp;T[0xb4]&quot;[0xd5][0x81]I[0xdc]V1[0x85]w[0x14][0xdc]Q1[0x8d][0x99][0x18]fc[0xb8][0xab]b[0xe][0xf3]R[0xe7][0xdd][0x18][0x16]bX[0x8c][0xc8]{1[0xbc][0xa7]&quot;[0x8d][0xa5]`/a2*[0xee]#[0x1b][0xc3][0x3][0x15][0xef]cYnV[0x14][0xac][0xaa][0x18][0xc4][0x9a][0x94][0xf9]@[0xc1][0x87][\n]&quot;
2013-02-06 13:51:57,289 AAD-WS DEBUG wire:63 - &gt;&gt; &quot;&gt;R[0xb0][0xae][0xe0]!CKfzi[0x8e]AOo[0x99][0xdb][0xa6]a[0x9b]N[0xd1]X[0x16][0x9e][0xe5][0x14]S[0xc][0xa7]f][0xc7][0x17][0xa6]#[0xd6]L[0xbb][0xc2][0x19][0x94]M[0xd3])[0xd8][0xdc]cH[0xa6][0xf3]n[0xc9][0xf0]+[0x8e][0x11][0xa8]mr[0xbb]lX[0xa5][0xb2]m[0xdc][ 2K[0xfa]b![0x94]%[0x98][0xb6]I[0xcb][0xb1][0xc4][0x14]Co[0xbc][0xc6][0xca][0xfd][0xdc][0x16][0xcf][0x8b]Tb[0x8d]|[0x98]u[0xb][0x4][0xdf][0x95][0xb6][0x1c][0x9e][0xa9][0x94]r[0xdc][1s[0xb6][0xe4][0x98]ya[0xb9]N[0x96]{[0x1b][0xae]W[0xe2][0x5][0x86][0xb][0x11][0x84][0xb9]#[0xc][0xbe][0xcd][0x1d]aL[0x7]&quot;s[0x92][0xe][0xc0]:[0xcb][0x9e][[0xe6][0x9e]x&lt;K[0xde][0x16][0x9][0xe4]r[0xa4][0x92][0xe3][0xa6][0xe3][0x1b][0xd9]#[0xa7][0x87]j[0xea][0xb2][[0xf1][0xf2]|[0xde][0x92]v{[0x83][0x8][0x96][0xb9][0xa8][0x94]C[0xf8]1[0x89][0xc0][0xd0]}[0x9c][0xaf]![0x81][0x8f]5\E\[0xc3]&apos;[0xf8][0x94]$[0xa4][0xe0]n[0x98][0x90] [0x17][\n]&quot;
2013-02-06 13:51:57,289 AAD-WS DEBUG wire:63 - &gt;&gt; &quot;&gt;[0xd3][0xf0]9L[\r]9[0xe4]5[0x14][0xc0][0x15]lh(bS[0x81][0xa5]a[0xb]_0[0xc][0x1d]f%S[0xb1][0xed][0xac]KF[0xb8]7[0xb7][0x9b][0xe7]eiD[0x81][0xad][0xa1]$[0x5][0x15][0xe1][0xba][0xb6][0xb0][0xca][0xc][0xfd][0x11]5v[0xdc]#[0x5][0xe4][0x94][0x8b][0xb2][0x86]G[0xa0]B[0xb5][0x99][0xf9]&lt;[0xf7]}[0x86]3!Q&apos;O[0xd9][0xb7][0xf2][0xf2]W[0x1f][0xb3][0xe4]+[0xf0]5[0x8]T4lcG[0xc1][0xae][0x86][0xc7][0xf8][0x92][0x1c][0xe1][0x8e][0xac]PA[0xc1]W[0x1a][0xbe][0xc6]7[0x1a][0xbe][0x95][0xd1][0xf7][0x1c][0x6]2C[0xfe]Q[0xc2]5|[0x87][0xef]5[0xfc][0x80][0x1f][0x19][0x6]jrS[0xef][0xc6]`[0xcd][0xe9]t[0xce][0x17][0x1e][0xd5]^&amp;p[0xff][0xfc][0xd2][0x89]EL[[0xbe][0xe0][0x8e]l[0xcb][0xc1][0x86][0xbd]qx~[0xb5]A[0x3][0xd6]7~[0xd0][0xe]E.[0xa8][0xfb][0x85][0xe7][0xda][0xc][0xa7][0xe3][0x89]z=[0x86][0xf8][0xbd][0x3][0x84]@p[\r][0xd8]S[0xa1]?[0xb5][0xfd][0x92]J[0xfc][0x9f][0xab]u[0xd6],[0x14]NJ[0xc6][0x95][0x97][0xf4][0xfd][0xbe]T[0x10]k[0x8c][0x9c][[0xa2][0x1b]H[0x91][0x9e][0x8f]&quot;[0x8d]&lt;Z[0xe1][0xbb]A[\r][0x82]S2[0xd7][0xd2]Y[0x98]0[0xb9][0xa5][0x9a]2[0xf4][0x1d][0x85][0x89][0xf8][0x4][0xa0][0xd7]s[0x19][0xda]I5[0xed][0xe6]My[0xf3][0xe]R][0x11][0x96]m[0x84][0xdc]Tt[0xad]jy[0xa1][0xc1][0xbb]|[0xc3][0xac][0xd8][0xe2][0xa8]c[0x12]w[0x95]$-aq?D[0xf][0xb][0xcb]0[0x1e][0xaf][0x7]oP[0xff]F[0xb3]0V[0xae][0xec][0x8f][0xc1]#][0x14][0x9]4[0x1e]l[0xbd][0xa1][[0xfe][0xe][0x89][0x18][0xab][0x8b]K[0xa6]c[0x16]ei[0x14][0xf2]i1[0xb8]uW[0x1a][0x8d][0xc4]t[0xad][0x9a][0x94]#[0xfb]j[0xf9][0xe0][0xc6]04[0xc7]%[0xfa][0xd0][0xcb][0xc7][0x1a][0x8d]O2[0xb3][0x90]1K[0xfc]x&apos;[0x1f][0x4][0xd7]}[0x9c]G[0x83][0x83]?[0xaa][0x98][0xb6][0xc2][0xd0]^g[0xe8] [0xf0][0xc][0xdf][0x89]r[0xa2][0xe5][0xc2][0xfb][0x1e]m[0xc9]A[0x12]Q}.[0xe6][0xc2]AAc&amp;[0xbe][0x9e]X[0xa3][0xc7][0xef]&quot;}Mx[0x15][0x97]i=[0x87][0xd7][0xf0]:([0xb][0xf4]&lt;6[0xd1][0xbf]INR[0xa2][0x9b][0x89]N I[0xeb]0[0xed]~G[0xb]=[0x8c]@19[0xac][0xb3][0xe7]hJ[0xb2]ghNV[0xd1][0xf2]&apos;Z[0x9f]`a[0xf8][0x5]Z[0x97][0x92]#{h[0x93][0xec]_[0x82]#[0x85]eF[0xaa][0x88][0xfd][0x8a]v[0x86]*[0xd4][0xcc][0xcf]h[0x9f]h[0xd9][0x83][0x96]I[0xea][0xa7]F[0xf5][0xce]=tU[0xd1][0x9d][0xd4]{Fu=[0xa0]_I[0xea][0xa7][0xf5][0xde]=[0xf4]Uq[0xe6])[0x99][0x1d][0xc5][0x4]n[0xa3][0x83][0xa8][0x11]2&lt;[0x81]NZG[0xa0][0x90]{[0x1a][0xbd][0xe3]}x[0x3][0x3][0xb8]F!\&apos;[0x7]o[0x90][0xf4]M[0x92][0x19]&apos;[0x8d][[0x98]E[0x8a]^[0xdc]I&lt;[0xc4][0x1d]l`&amp;[0xc0][0x1a][0x8b][0x2]1[0x82][0x10][0x81].[0xe9][0xe5]_P[0xe5][0xaf][0x8a][0xfe][0xa7][0xc4][\n]&quot;
2013-02-06 13:51:57,290 AAD-WS DEBUG wire:63 - &gt;&gt; &quot;[\r]uR[0xe4][0xa0]w^[0xc1]&lt;[0xd1][0xb][0xc4]5[0xc8]T[0xa8][0x9c]&quot;U[0xa9]&lt;0\[0xc5]Y[0xfd]\[0x15][0x3]O[0xd0][0x93][0xa4][0xcd][0xf9][0x17][0x18][0xac]b[0xa8][0x8a][0xb][0xc7][0x81][0xb2][0xe4][0xed][0x3]J[0xf2]2q[0xdf][0xc]R|[0xed]_PK[0x7][0x8]m[0xf2][0xa5][0x0]8[0x4][0x0][0x0][0x8c][0x8][0x0][0x0]PK[0x3][0x4][0x14][0x0][0x8][0x0][0x8][0x0][0xd4]|D5[0x0][0x0][0x0][0x0][0x0][0x0][0x0][0x0][0x0][0x0][0x0][0x0] [0x0][0x0][0x0]javax/help/FavoritesAction.class[0x85]UKs[0x1b]E[0x10][0xfe]F^{[0xa5][0xd5]:[0x8e][0x97][0xf8]![0x13][0xc7]![0xe4]!K[0xb1][0x15][0x12]B[0x1c])1[0x11][0xb6]D[0x1c]$[0xc5][0xc4][0xf][0xc0]&lt;W[0xd2]X^[0xb3][0xda]5[0xab][0x91][0xe3]+U[0xdc][0xb8]p$[0xb9]C[0xce][0xa9][0x2][0xc5][0xe6]@9[0x17][0xe]\[0xf9]?@[0xcf]J6[0x92][0xac][0x14][0x97][0xdd][0x99][0xee][0x9e][0xaf][0xbb][0xbf][0xee][0xe9][0xf9][0xf3][0xef][0xdf]~[0x7]0[0xb]/[0x88]k[0x1a][0xa6][0xf0]V[0x8][0xe7]p]~n[0xa8]x[C?n[0x86][0xf1][0xe]n[0xa9][0x98]Sq[C[0x8]I[0xb9]Oidq&apos;[0x88][0xbb]A[0xcc]kx[0x17][0xf7][0xe4]&gt;-[0xcd][0xdf][0xb]c[0x1][0x8b][0x1a]2[0xc8][0xaa]x_[0xc3]},[0x5][0xf1] [0x88][0xf]4[0xe4][0x90][0xf7][0xcd][0x82]([0x4][0xf1][0xd0]_[0x86]q[0x1e][0xcb]*&gt;T[0xf1]H[0xc5][\n]&quot;
2013-02-06 13:51:57,290 AAD-WS DEBUG wire:63 - &gt;&gt; &quot;[0x83]RH[0xe7]3[0xc]Fn[0xdb][0xdc]5[0x13][0xb6][0xe9]T[0x12]+[0xc2][0xb3][0x9c]J[0x8a]ap[0xc1]uj[0xc2]t[0xc4][0xba]i[0xd7]9Ch[0xd3][0xdc]u=K[0xf0][0x1a][0xc3]E[0xff][0xc0]^b[0x8b][0xdb];[0x89][0x7][0xf7][0xe9][0x9b]=R[0x16][0xcc]][0xab]b[\n]&quot;
2013-02-06 13:51:57,291 AAD-WS DEBUG wire:63 - &gt;&gt; &quot;[0xd7]#[0x88][0xb1][0xe3]#[0xe9][0x92][0xb0]\&apos;g[0xd5][0x4]w[0xb8][0xc7]0[0xd5][0xf4]h&gt;[0x16][0x9][0xbe][0xcb][0x1d][0x91][0xe8]4[0xa0][0xb3][0x3]w,[0xc7][0x12][0xf3][0xc]#[0xd1][0xb6][0xe8][0x1e][0x16][0xb7]yI[0xa4][0xa6][0xd7])[0xf6][0x5][0xb7]La[\r][0xe5],[0x87][0x17][0xea][0xd5]&quot;[0xf7]V[0xcd][0xa2]-%[0xa6][0x8f][0xb5][0xcc][0xbd]M[0xd7][0xab][0xf2]2y[0x8b][0xf6]v[0x97][0x91]k[0x1f]L[q[0xeb]^[0x89]g-[0x9]p&amp;[0xdb][0x19][0xf6][0xac]&lt;L[0xb8]]b[0x1d]Q[0xac][0xea][0xb8][0x88]K:.[0xe3][\n]&quot;
2013-02-06 13:51:57,291 AAD-WS DEBUG wire:63 - &gt;&gt; &quot;[0xc3][0xe9]nRt[0xac]a][0xc5]G:&gt;[0xc6]&apos;[0xc][0x91]n[0xfd]1W[0xc][0x17][0xfe][0x9f]P[0x1d][0x1b][0xf8]T[0xc7]g[0xf8]\[0xc7][0x17][0xf8][0x92][0x18][0xb0]J[0xae][0xd3]#\)V[0xf1][0x95][0xe][0x13]E[0x1d]%[0x94]upl[0xaa][0xa8][0xe8][0xd8][0x82][0xa5]b[[0xc7][0xd7][0xb0][0x19][0xce][0xfd][0xc7]k[0xa1]n[0xdb][0xcb][0xae][0xe5][0x8][0xee]e[0xf6]J|G[0xe2][0xa8][0xa8][0xea]p[0xa4][0xa1]*\[0xd7][0x16][0xd6][0xe]U[0xb4][0xb5][0x9a][0xed][0xf2][0xa9][0xc2][0xd5][0xb1][0x83]o[0xa8]nf[0xa9][0xc4]k[0xd4]#[0xa3][0xcd]E[0xb7][0xa5][0x8e][0xab][0x98]a[0x98]h[0xcb][0xb7][0xcb][0x82]a[0xb2]M[0x99].[0xd6][0x84]G[0x15][0x95][0x9c]t[0xe8]_[0xd9]&lt;[0xc]Wz[0xb4][0xcc][0xc9][0x16][0x97]u[0x1f][0xae]p[0xd1]Q[0x9][\n]&quot;
2013-02-06 13:51:57,291 AAD-WS DEBUG wire:63 - &gt;&gt; &quot;&lt;[0x12][0x9d]n[0x1a][0xd7][0x85]e&apos;2N[0xbd][0xca]=S:[0xa0][0xae][0x1c][0xe9][0xa9]`[0x8];|Odl^[0xa5]p[0xa8]&quot;G[0x8][0xed][0x1]0[0xe8][0xe4],].[0x1f]e1[0xda][0xb2][0xda]K[0xd4][0x1e]S&lt;[0xad],[0xc8]nh[0xcb][0xac][0xe5]][0x8f][0xb7][0xf0]([0xa4][0xbe][0xe8][0xf4][0x6]5i[0x8d][0x8b][0x8c]#[0x9b][0x9c]zZ[0x89]n[0xc8][0x4]F[0xda][0x11][0xd6][0x96][0xf2][0xa6]cV$[0x5]*[0xf9]Z[0xf2][0xdb][0xe3]r[0xaf][0xfb][0xd3][0xe1]X[0xda][0x91][0xdb][0xe0]N[0xfd][0xe8][0xae]w[0x10][0xd8][0xa2][0xab][0xf7]-[0xc][0x92][0x9f]&lt;]D[0xea][0x92][0xb3][0xc7][0xf9][0xf8][0x85][%F$[0xb5][0xbe][0x96][0xe0][0xc7]_[0xa5][0xa3][0xc4]ZUX[0xe1][0xa2][0x9d][0x16][0xdf][0xb4]%&apos;[0x0][0xe3][0xa4][0x94][0xa6][0x12][0x1d][0xcd][0xb9]%[0xd3][0xbf][0xb7][0x1d][0x85]kJS[0xad]k[0xd9].k:\[0xe4][0x9b]f[0xdd][0x16][0x9d][0x81]I[0xdc]5[0xb2][0xb4][0x84]%[0xe7][0x9c]Do[0xa6][0xcf]0[0x17]=[0x9][0xde][0xa3][0xa9]N[0x8a][0xf0][0x6][0x8d][0xde])0[0x9a][0xbd]}[0x98][0xa0][0xdd][0x5]Z[0xbf]I[0xcf]@[0x80][0xfe][0x1]9?[0xfc]5[0x8d][0x90][0x96],[0x8a]i[0xfa][0xc6][0x0]f@[0xc1][0x0]I[0x8e][0xc5][\r][0xf6][0x2][0x81][0x18][0xfb][0x15]}[0xf2][0xa3][0xc4]_[0xa2][0xff][0x9]~[0x88][0x1f][0xa2]?[0xb5][0x81][0x81][0xc2]3[0xc4]f[0xe][0xa0]2[0x1c]&quot;[0x98]T&quot;[0xca]K[0x84][0x9e]`,[0x16]Q[0xe][0x11][0x92][0x87]b[0xbf][0xa0][0xaf][0x1][0x8d][0x8e][0x92]Y[0x98][0xe1][0xe9]?I[0x99][0xf2][0x7]T[0xe5][0x19][0x14][0xd2][0xe9]1c[0xd0]8[0xb5][0x8f][0xa1][0x6]N[0xb3][0xa4]B[0xa8][0xc3][0x7]0[0x18][0x1a]x-I&amp;Z[0xb2][0x1f]#I%f[0x8c]F[0x14]cl[0x1f][0xe3][\r]Db[0xc6][0x4]m^[0xf7]7g[0x9f]S[0xd4]5|[0x8b][0xef]p[0x86]Vq[0x8a][0xfb][0x11][0xad]@[0xf9][0xa8][0x94][0xaf][0x9c][0x94][0xc3][0x94][0xd9]8e6I[0xda]K4[0x8][0xae]a[0x6]s[0xf4][0x1c][0xa6][0x91][0xa0][0xe7]*N[0xe3][0xf2][0x6][0x8d][0xaa][0x9b]4In[0x11][0xd2]m[0xc2]J[0x12]Z[\n]&quot;
2013-02-06 13:51:57,292 AAD-WS DEBUG wire:63 - &gt;&gt; &quot;[0xdf][0xe3].~[0xc4]&lt;~[0xc2]=B[0xa6][0x1][0xd2][0xe4][0x7][0xd7][0x89][0xaf][0x0][0xfd][0x8d]f&amp;[0x83][0xf2][0x17]?[0xc0]d[0x0][0xcf]I[0xda][0x8c][0xe1][0x14][0xb1][0xe]z$U,[0x92][0xff],Ig}[0x9e][0x13][0xff][0x2]PK[0x7][0x8][0xb0][0xa3]eU[0x3][0x4][0x0][0x0][0x8d][0x7][0x0][0x0]PK[0x3][0x4][0x14][0x0][0x8][0x0][0x8][0x0][0xd4]|D5[0x0][0x0][0x0][0x0][0x0][0x0][0x0][0x0][0x0][0x0][0x0][0x0]6[0x0][0x0][0x0]javax/help/FavoritesView$DefaultFavoritesFactory.class[0x9d]V[s[0x1b]U[0x12][0xfe]:[0x96]5[0xa3][0xf1][0xd8]N[0xc6]v[0x12][0x85][0x4][0x14][0x8][0xc1][0x96][0x15][0x8f][0x9][0xb0][0x9b][0xc8]$$[0xf1][0x85][0x98][0xb5][0x15][0x83][0x1d][0x83][0xcd]ew&quot;[0x1d][0xdb][0x13][0xc6]3[0xca][0xcc]([0x17][0xf6][0x12]X[0x96][0xfb]u[0x17][0xd8][0xdd][0x84][0xeb][0x3]Uy[0x85][0xad][0x8d][0xcc]n[0xaa][0x80]&apos;R[0xc5][0x13][0x14]OP[0xf0]HQ&lt;[0xf1][0xf][0xd8][0xed]3[0x92][0xe5]KdH[0xf1][0xa0]&gt;[0xa3]&gt;}[0xbe][0xd3][0xdd]_w[0xcf]|[0xfa][0xe3]?[0x4][0xd0][0x83]w4[0x98][0x18]Q0[0xaa]a[0x1d]F[0x12][0xac][0xc9]IqD[0xc1][0x98][0x8a][4[0xc4]q[0xb7][0xfc][0x8f][0x8a]q[\r][0x1d][0x98]PqT[0xc3]$[0xee][0xd5]Xy[0x9f][0x8a])[0x5][0xd3]*[0xee][0xd7][0xb0][0x1e]w[0xab]x@[0xc3][0x83]xH[0xc1]o[0x15][0xfc]N[0xc3]F[0x8c][0xa8][0xb0][0xe4]zL[0x8a][0xbc][0x86][0x2][0x84][0x8a][0x19][0x15][0xb3]*[0xe6][0x14][0xd8][0x1a][0xae][0xc3]q)[0x1e][0x96][0xc2][0x91]b^[\n]&quot;
2013-02-06 13:51:57,293 AAD-WS DEBUG wire:63 - &gt;&gt; &quot;&gt;[0xe6]Jw&lt;)[0x8a][0x9][0x9c][0x80][0xaf]&quot;[0x90][0x18][0xa1][0x86][0x12]N6[0xe1][0x14]NKqF[0xc1]#[\n]&quot;
2013-02-06 13:51:57,293 AAD-WS DEBUG wire:77 - &gt;&gt; &quot;[0xfe][0xa8][0xe0]O[0x4]u^[0x4][0x81]5+[0x2][0x82]1&quot;
2013-02-06 13:51:57,293 AAD-WS DEBUG wire:63 - &gt;&gt; &quot;r[0xdc]:i[0x99][0xa5][0xd0]v[0xcc]I[0x91][0xf]=[0xbf][0x8f][0x10][0xf][0xbc][0x92][0x9f][0x17][0x84][0x96][0xca][0xae]+B[0xf3][0xe8]=#[0xbc][0xa3][0x9d][0xb4][0x1c][0xbb]0f[0xf9][0x1][0xef][0xd2]4[0x9b][0xde]n[0xbb]v[0xb8][0x9f][0xd0][0xd0][0xd9]5I[0x88][0xf5]{[0x5][0xde]i[0x1d][0xb1]][0x91]+[0xcd][0x1f][0x13][0xfe][0x84]u[0xcc][0x91]HE&gt;c[0xbb][0xb3][0xe3][0xa1][0xe5][0x87][0xa2]@[0xd8][0xd0][0xb9][0x12][[0x9e]n)[0xfa]^[0x9e]][0x1b]8[0xd2]?156H[0xd8][5r,w[0xd6][0x1c][0xf]}[0x6][0xe8][0xbb][0x1a][0x8d][0x4]KT[0xc1][0xc6][0x86][0x9]}[0x15][0x9c][0xd3][0xe6][0x9c]p[0x8a][0xe6]a[0x16][0xe3]&quot;[0xbc]j$-[0xef][0xb]+[0x14][0xc3][0xa1][0x98]&apos;[0x14][0xd6]t)[0xca][0xe1]a+[0x98][0xb]e[0xc8]}k[0xdf][0x18][0x19][0x8e]xy[0x8b][0xad][0xba][0x96][0x9b]M[0xf8]&quot;[0xba][0x85][0x13][0xbd][0xa9]s[0xad][0x9d]f_[0x14]=?[0x1c][0xad]PH[0xd8]X[0xc7][0xa1]i[0xe9][0xb6][0xee][0xd8][0xc1][0xa2][0x19]3[0x9d][0xac]&quot;V[0xae][0x1f]tK[0xf3][0xc2][0xb7]B[0xdb]s[0x19]S[0xaf][0xb2]3[0xe8][0x16]$7[0x13][0x8b][0xe9][\n]&quot;
2013-02-06 13:51:57,294 AAD-WS DEBUG wire:63 - &gt;&gt; &quot;N[0xb1][0xd2][0xc][0xf9]rs@[0xcc]X%&apos;[0x1c]-E[0xd1]IrLu[0xcd][0xff][0x9f][0xb7][0xe4]&lt;[0x8e]Ge5d[0xcb][0x82]0[0x86][0xac][0x93][0x9e]o[0x87]&quot;[0x98][0xb4][0xc5][0xa9][0x1e][0x89][0xa2][0xe3][0xd7][0xd8]CX[0xbf][0xba]&quot;u[0xdc][0x8c][0xdd]:n[0xc3][0xaf][0x8][0xd7].[0xc5][0x9a]+9[0xce][0x98]g[0xbb][0xa1][0xf0][0x7]O[0xe7]EQ[0xc6]&quot;![0xce][0xea][0xb8][0x5][0xb7][0x12][0xe][0xec]2[0xcd][0xf1][0x92][0x9b][0x1a][0xb5][0xf3][0xbe][0x17][0x9c][0x9]8}Aj[0xd8][0xcd][0xf7][0x98][0xe6][0xc0][0xc4]@[0xea].[0x6][0x92][0xbc][0xa4]j[0x8e][0xa4]&amp;[0x5]g[0xc1]sS[0xbb]{zMs0[0xa7][0xe3]Q&lt;FH[0xcd],[0x1a][0xf4][0xd8]nT[0xff][0xb5][0x13]C[0x9e]?o[0x85][\n]&quot;
2013-02-06 13:51:57,294 AAD-WS DEBUG wire:63 - &gt;&gt; &quot;[0xfe][0xac][0xe3]q[0xfc]E[0xc7][0x0][0xb8]h[0xf5]E{;*[0x98][0xeb][0x97]&lt;[0x1e]v[0x1c]1k9[0x7][0xfd]YN[0xbe][0x1b][0xd6][0xbc]&amp;([0xa1]5[0x9b][0xb3][0xe6]9/qn[0x90]Y[0xc1][0x98]O[0xe8]x[0x12]O-[0xa6]c[0x19][0xbb]L[0xf9]j[0xd5][0xa1][0xd2][0xcc][0x8c][0xf0]#[0x18]y8[0xab][0xe3]i&lt;[0xa3][0xe3]Y&lt;[0xa7][0xe0]y[0x1d]/[0xe0],[0xb7]f(N[0x87][0xdc][0xa7]%[0xdf]a[0xc3][0xb9] [0xb4]C[0xc9][0xc3][0xe6]eUV[0x8b]K[0x96][0x9a]L[0xe5][0x8b]:^[0xc2]s:^[0x96][0xe2][0xaf][0x92][0x1c]C[0xcc][0x17][0xc3]3)[0x19]Z[0xaa][0xd2][0x16][0x5][0x1d][0xc3]+:^[0xc5][0x9d][\n]&quot;
2013-02-06 13:51:57,295 AAD-WS DEBUG wire:63 - &gt;&gt; &quot;^[0xd3][0xf1]w[0xfc][0x83][0xd0]6V)([0xce][0x1d][0xb3]]H[0xcd]x~J:[0xf5]O[0x5][0xe7]t[0x9c][0xc7]Y[0x5][0xaf][0xeb]x[0x3]o[0xea]x[0xb]o[0x13]z[0xeb]y![0xb]cG[0xb5][0x9a][0x96]Rn[0xc9][0x92]8[0xc3][0x1d][0xb2][0xe6][0x8e]&gt;[0xec][0xba][0xc2][0xef]w[0xac] [0x90][0x85][0xbf],[0x81]G[0x8e][0x1d][0xe7][0x8a]&quot;l[0xa9][0xd3]Z[0xb5][0xe3][0x1d]u[0x1a]J[0xf6]S\[0x9c](YN[0xb0][0xca][0xa0][0x2][0xd9][0xd7]5[0xbd]2[0x95][0xb2][0xb2][0x8e]r[0x9][0xdb][0xa1]-}P[0x98][0x95][0x89]([0xff]{[0xae]j[0xa4]u][0xa9][0xe2][0xa4][0xd6][0x19]3L(C[0x13]v[0xd6][0xf3][0xe9]J[0x15]Ga[0x15][0x8b][0xc2][0xe5]&amp;[0xcf][0xd4][0xb][0xf3][\n]&quot;
2013-02-06 13:51:57,295 AAD-WS DEBUG wire:63 - &gt;&gt; &quot;U[0xa5][0xb2][0xf8][0x9c][0x1a]z[0x8b][0xe5][0xd7][0xde]Y[0xd7][0xbd][0xba][0x95]$9[0xe4][0xce][0xb7][0xf2]r[0x14][0xef][0xe8][0xed][0xed]%&lt;[0xf8][0xb][0x87][0xfa]O[0xce][0xdd][0xc5]q*[0x7][0xbf][0xcc]u[0xd4][0x7]|1K~[0xbb][0x8c][0x17]E[0x9e][0xd0][0x14][0x88][0xf0] [0xf7][0xac]S[0x90][0xbd][0xa2]Y[0x85][0xc2][0xa0]#d#[0xae]A)c[0xa9][0xa2]b[0xb1][0xb2][0x8c][0xc6][0xa3]a[0xc2][0xa9][0x17]&gt;[0x3]uT[0x8e][0xda][0x9e]9[0xc6]^[0x85][0xec][0x9b][0xb0][0xe4][0xa0][0xce][0xfc][0xc]%[0xab][0x12][0xdc]V[0x7][0x85][0xb][0xa7]([0xff]9&lt;&quot;:[0xea][0xe]o[0x8e][0xca][0xe5][0xba][0xaa][0x5][0xb2][0x92][0x9b][0x1a][0xeb][0xad]sV0[0xea][0xf9]b[0xb0][0x16][0xe][0xbf][0xaf][0xa7][0xb1][0x9d][0xbf]LLp[0xfb][0xa1][0x81]?[0x1f]x[0xca][0xf2]w[0xce]:9=[0xa3][0x95][0x7].[0xaf][0x9][0xde][0xe7][0xb9][0xcc]r/[0xff][0xdb][0xcb][0x96][0xc4]kGz[0x1][0x94][0xbe][0x84]uS[0xb]h[0xb8][0x88]X:v[0x11][0x8d][0xef][0xf3][0x6]![0xcb][0xd2]@[0x8c][0xe5]g,?G+[0xbe]@;?[0xf3]k[0x18][0xb7]Wa[0xf6]D[0x17][0x2][0xed][0xdd][0x97][0xd1]|[0x9][0xf1])CY[0x80][0xfa]Q[0xba][0xfb]&quot;[0x12][0xab]Q[0xbe]d[0xf9][0x15]Z[0xf0]5[0xda][0xf0][\r][0xef][0xec][0xc3][0xfe]e[0xce]H[0x8b]d[0xe6][0x13][0xe8][0x19]C+[0xa3][0xe9]&lt;Z[0xd2][0x86][0x9e][0xf9][0x0][0xcd][\r]e[0xb4],A[0xb5][0xb0])[0xf0]-[0x9a][0xf1][0x1d]6[0xe3]{[0xd6][0xde][0x81][0x3]U[0x98]$[0xff]$[0xc]-[0x99][0xc7][0xa3] `y[0x10][0x87]*f[0xa4]@A[0x13]k/t[0xf3]m[0xdd]Fkt[0x1b];[0xbf]~[0xca][0xd8][0xb0][0x0][0xe3]#[0xca]6R6NY[0x85][0xb2]*e[0x13][0x94][0xd5][0xd8][0xad][0x13][0x19][0xa3][0xad][0x8c][0xf6][0x8f][0xd1][0x91][0x8d]_[0xc2]F[0xce][0xd6]&amp;cs[0x19][0xc9]d[0x9c]E[0x19][&gt;[0xc0]5[0x19]ck[0xd5]B[0xc9][0x18][0xdb][0xaa][0x8f][0x89][0x8c]qm[0xf5]Q[0xbb][0x84][0xeb][0xa6][0x92]J2[0x9e]L$[0xb5]dl[0x1][0xa9]lc[0xb2][0xb1][0x8c][0xed][0x97][0xb1]U[0xae][0xd7]_F[0xbb]\o[0xb8][0x0]][0x9a].`[0x87]4x[0xaf][0x16]L[0x8e][0x13][0x7][0xe2]/[0x7]Z[0x87]M[0x14][0xc3][0x16]j[0xc4]6[0x8a]#[0xc5]![0xdd]@*vR[0x2]][0xd4][0x84]][0xa4][0xf3][0x88]o[0xc6][0x11]j[0xc1]4[0xb5]B[0xd0]z[0x14]i[0x3][0x1e]&apos;[0x3][0xaf]P[0x1b]^[0xa7][0xe][0xbc]K[0xc9]()[0xfd][0xd5][0xdc]u1[0x8d]2U[0xcd][0xc6][0x8d][0x1c]J[0xf5][0xfa][0xa5][0xab][0xe5]W)([0x85]F[0xda][0xce][0x1a]~=V[0x8f][0xed]c[0xbd]$d[[0xfa][0xdf][0x88]u[0x97][0xb1]3[0xcd][0xf][0x8d][0xe7][0xd0][0xb4][0xf5][0x1c][0x94][0xd8][0x5][0xc4][0x1a]V[0x94]S[0xc4][0x1e]uB[0xa5].l[0xa5]4k[0x87]pg[0x15]*[0xc5][0xab][0xf4]@[0x95]Pe[0xdc][0xf4][0xde]J[0x12][0xa9][0x97][0xe5]a[0xc]W[0xad][0x9f]f[0xa4]F^[0xc7][0xba]G[0xe5][0x8d][0xe7]q[0x98]F[0xff][0x85][0xce]Ej[0xba][0x98][0x15][0xd6]&apos;[0xca]H39etWAs[0x17][0xb0]q[0xd7][0x90]!HFb|&quot;[0xc9][0xea]nV[0xed]&quot;[0x9c][0xff][0xdf]w[0x99][0xa5][wr[0xc7][0x80]8@[0xda][0x8f][0x4][0x1d]@[0x13][0x1d][0xc4]Mt[0x8][0xbb]i[0x0][0xfb]h[0x88][0xbf][0x10][0xfa][0x91][0xa3]aN[0xc0]]Q[0x97][0xfd][0x6][0x88][0x12]E[0xdc][0x8b][0x5][0xfc][0x1e][0x89][0xff][0x3]PK[0x7][0x8][0x1][0x3][0x96][0xea]~[0x6][0x0][0x0]p[0xc][0x0][0x0]PK[0x3][0x4][0x14][0x0][0x8][0x0][0x8][0x0][0xd4]|D5[0x0][0x0][0x0][0x0][0x0][0x0][0x0][0x0][0x0][0x0][0x0][0x0].[0x0][0x0][0x0]javax/help/FavoritesView$FavoritesParser.class[0x9d]Wy|[0x14][0xf5][0x15][0xff][0xbe][0xc9][0xee][0xce]f2@X[0xce]E[0x8e][0xa8][0x8]as,[0xe0][0xbd][0xf1][0xa8][0x2][0x1]l[0x12]([0xe1][\n]&quot;
2013-02-06 13:51:57,297 AAD-WS DEBUG wire:63 - &gt;&gt; &quot;[0x95][0xea]d3[0x9][0xb][0x9b][0xdd]uv6[0x80][0xd4][0xa3][0xd6][0xa3][0xad][0xf5][0xa8]Z4h[0xab]x[0xa1][0xd6]VA[0xd8][0x80][0xb1][0x8a][0x17]x[0xd5][0xd6][0xfb][0xaa][0xb5][0xa7]=[0xb5][0xb6][0xd5]zK[0xdf][0x9b][0xd9][0xdd][0x1c]$[0xe0][0xa7][0xcc][0xef]|[0xef][0xfd][0xde][0xfb][0xbe][0xe3][0xf7][0x9b][0xa7][0xbe][0xb8][0xff]A[0x0][0xd5]4^C#[0xd6][0x16]c[0x11][0xd6][0xa9]X[0xaf][0xa1][0xc8][0x9d][0x9c]-[0xcd][0x6]i[0xbe][0xa9][0xe1][0x1c][0x9c]+[0xa3][0xf3][0xa4]9_[0xc5][0xb7]T\[0xe0][0xc7][0xb7]5[0xe8][0xb8]PC[0x9].[0x12][0xae][0x8b]e[0xf3][0x12][0x15][0xdf][0xd1][0x10][0xc0]w[0xa5][0xf9][0x9e]4[0x97]j[0xf8]&gt;.+[0xc6][0xe5][0xb8][0xc2][0x8f]+5[0xfc][0x0]Wi[0xb8][0x1a][0xd7][0xc8][0xca][0xf][0xfd][0xd8][0xa8][0xe1]Z\&apos;[0xac][0x9d]~l[0x92][0x9d][0xeb]Kp[0x3]~$[0xdb]?[0x96][0xe6]F[0x91]}[0x93][0xc6][0x4][0x9b][0x85][0xf9]f[0xd9][0xbd]E[0xc5][0xad][0x1a]n[0xc3][0xed]~l)[0xc6][0x1d][0xb8][0xd3][0x8f][0xbb]4[0xfc][0x4]w[0xab][0xf8][0xa9][0x86]j[0xac][0xf5][0xe3]g[0xd2][0xdf]#[0xcd][0xbd]~l[0x95]~[0x9b][0x86]r[0xdc][0xe7][0xc7]v[0xe1][0xdc]!b[0xb2]&quot;[0xba]K[0xc][0xd8])[0xf2]w[0xf9]q[0xbf][0x1f][0xdd]~&lt; :[0xfd][0xdc][0x8f][0x7]E[0x9d][0x87]D[0xff][0xdd][0xd2]&lt;,[0xcd]#[0xc2][0xf8][0xa8]0&gt;[0xa6][0xe2]q[\r]sq[0x99][0xc0][0xb0]G[0xf6][0xf6][\n]&quot;
2013-02-06 13:51:57,297 AAD-WS DEBUG wire:63 - &gt;&gt; &quot;[0xdf][0x13]2}RFO[0xe5]Fs[0xf1][0xb4] x[0x9d][0x8c][0x9e]Q[0xf1][0xb][0x15][0xbf]R[0xf1][0x1c]ah4cYf[0xc2]^hXis^#ad[0xdd]j[0xa3][0xc3]X[0x17]^e[0xc6]S[0xe1]y[0xdc]4[0x9a]v[\r][0xa1]8[0x91]l1[0x1b]m#[0xba][0x86]0[0xdc]![0x9]g[0xec]X&lt;[0xec],[0xc9]~[0xcc]6[0xdb]s[0xfb]~[0xdb]h[0xcb][\r][0x87][0xb4][0x98][0xad]F&amp;n[0xd7]%[0xa3]F[0xdc]$[0x4]z[0xb1][0xba]k[0xcc][0xab][0xc5][0x8d]t[0x81][0xa2]4m[0x1b][0x96]m[0xb6][0xb4][0x1a][0x1d]I[0x8b][0x85][0xa6][0x9][0xb4][0x82][0xa0][0xb6][0x1a]Q;i[0xad]&apos;[0x8c][0xef][0xad][0xe0]b[0xcb]4[0xe7][0xf3][0xc9][0xb5][0xee].[0xb][0xf3][0x9d][0x10]K[0xc4][0xec][0x93][0x8][0x93][0xca][0xf]D8m)[0xc1]3[0x8b]m&quot;[0xc][0xab][0x8b]%[0xcc][0x86]L{[0xb3]i-6[0x9a]E[0x7]oJ[0xd0] ,rE[0x84]c[0xc9][0xf0]&quot;[0xd3]h1[0xad][0x9a][0x81][0xc0][0xd9][0xdf][0xa4]i[0xbd][0xc9]j[0xf3][0x86]4[0xf0]ib[0xed][0x9c]uQ3e[0xc7][0x92][0x89][0xb4][0x8a][0xe7]][0xb4]j[0x93][0x99]D[0xb]ajy]4[0xd9][0x1e]Ng[0x12]aG[0xa6][0xc3][0x1f]kO[0xc5][0xc3][0x8e]{[0xac]9[0x1d][0xec])Gu5[0x15][0xcb][0xf1][0xe8]-[0xc9][0xa8][0xbd]&gt;e[0xe6][0xa6][0xc5][0xb6][0xb9][0xce][0xce]o[0xb1][0xb0]v[0xe6][0xc8]M5[0xd3][0xb2][0x92]Vn[0xe2]3ZZ[0x16][0x1b]m[0x84][0x19][0x83][0x9e][0xc9][0xdb][0x3][0xd9][0xc6][0xa7][0x17][f{[0xb2][0xc3]t[0xf8]&apos;[0x1d][0x90]_[0xa8][0xb5][0xc6]d[0xc6][0x8a][0x9a][0xb5]1&apos;[0x0][\n]&quot;
2013-02-06 13:51:57,297 AAD-WS DEBUG wire:63 - &gt;&gt; &quot;p,[0x8d][0x99]k[0xab][0x85]EG3^[0xd0]q&amp;[0xc][0xf6]E[0xbf][0xc8][0xd2][0xb1][0xc][0xcb]u4I[0xb3][0x2][0xcb]U[0xbc][0xa8][0xe3]%[0xbc][0xac][0xe3][0xeb]8][0xc7]J[0x9c]N[0x18];[0x18][0xd6][0x83]lI[0x14][0xb0][0x9][0x85][0xb9][0x1c][0xff][0x8a]4[0xaf][0xea]x[\r][0xaf][0xeb]X[0x2]Vz[0xc2][0x1][0x1d]![0xe4]o[0xe8][0xf8]5[0xde][0xd4][0xd1][0x8a][0x17]T[0xfc]F[0xc7][[0xf8][0xad][0x8a][0xdf][0xe9][0xf8]=[0xfe][0xc0]N][0xd7][0x1e][0x8f][0xc4][0x8d]D[0x9b][0x8a]?[0xea][0xf8][0x13][0xde]V[0xf1]g[0x1d][0xc1]_u[0xfc][\r]g[0xd7][0xe4][0xc3][[0xd2]F[0xc5]?t[0xbc][0x83]wu|[0x3]g[0x10][0xca][\n]&quot;
2013-02-06 13:51:57,298 AAD-WS DEBUG wire:63 - &gt;&gt; &quot;[0xa1]_[0x1d]Kt[0x18][0xf1]XKA[0xd7][0xda][0xa4][0xd5]n[0xd8]:[0xfe])[0x2][0xdf][0xd3][0xf1]/[0xfc][[0xc7]p[0x86][0x8e][0xf7][0xa5][0xf9][0x0][0xff][0xd5][0x91][0x6][0x13]|[0x88][0x8f]t|[0x8c]O[0x8]#[0x1c][0x3]D[0x95]p![0xf0]T|[0xaa][0xe3]3|[0xce]a[0xc0][0xc9][0xd6]f[0xda]*[0xbe][0xd0][0xb1][0x8f]3[\r][0x87][0xd7][0x1a][0xb1]x[0xc6]2[0xcb]b[0x89][0xb2]&gt;[0x90][0x95][0xcd][0xb2]LC[0x98]k[0xca]T&quot;[0x9d][0x14][0xbc]B[0x18][0xdd]#[0xbc][0xd1][0xb6]b[0x89][0xb6]S3[0xad][0xad][0xa6][0xc5]r[0xcb][0xca]b-[0x91]2[0x9d][0x8a][0xc8][0xa3][0x93][0x97]|[0xce][0xd2][0xaa][0xb4][0xbb][0xa4][0xea][0xe4][0xc7][0xb][0x8c][0x82][0xd9][0x9e][0xb2][0xd7][0x97][0x9][0x6]e[0x87][0xea]T,~[0xf8][0x98]4[0x9d]J[0xd8][0x10]&gt;c[0x88][0x8e][0xb3][0xc0][0xd2][0x8a]{[0x15][0x3][0xb5][0xc3][0xb4][0xd2][0xac][0x6][0xa1]hf[0xf5]t[0x9d][0x86][0xd2]0vt[0xf]d[0x99][0xc4][0x9a]Drmb[0xa9]K[0xc5]PQ[0xa9]N[0xc3][0xc9][0xa7]S@[0x9a][0x11][0xd2][0x8c][0xa4]Q:[0x8d][0x16][0xfb][0xf][0x1b][0xc4][0xcd]ul[0xd2][0x9c][0xb8])[0xd9][0xa3][0xd3][0x18][0xe6]a9[0xcc]8V[0x9a] [0xab]I[0xe3][0xf0][0xb6][0x4][0x81][0xa5][0xd3]!x[0x99]P&gt;P[0xa4]I[0x84]O.[0xcc][0xdc][0xc8][0xe1][0x10][0xdf]oE[0x9f][0x9f]H[0x98][0xd6],[0xae][0x82]i[0xb1][0xb0][0xb4][0x7][0xd4][0x5][0xcd][0xab][0xcd][0xa8]M8[0xe2][0x80][0xd1]X[0x17]K[0xdb]fB$[0x8d][0xc8][0x97][0xab][0xf9][0xb][\n]&quot;
2013-02-06 13:51:57,298 AAD-WS DEBUG wire:63 - &gt;&gt; &quot;[0xce]f[0xa0][0xca]%[\r]K[0xfb][0xa7]2g&amp;[0xbb]~[0xb6][[0xa0][0xb9][0xf0][0x97]O[0x1b][0xa8]8[0x8f][0xca][0xd5][0xc0]^Nv[0xb2]zB[0xf9][0x80]ENB[0xc5]-[0xae][0xa9]Lz[0x15]aJov[0xd7][0x9c]\y[0xec][0xb3][0xc4][0xaa][0xef]WkE[0xca]p.S[0xfd][0x8d][0xc][0x1d][0xa4]J[0xe6])[0x1d][0x1][0x83]9[0xb8]WA[0xe5][0xd0]d[0x1c][0x9c]b6[0x91]18@5#[0x8c][0x1b]|[0x97]M6l[0x9b][0xfd]7[0xe5][0x0]&quot;[0x16]Z[0xc9][0x94]i[0xd9]13[0xcd][0xc2]&amp;[0x19]:B[0x9]k[0x97][0x9b][0xaf][0xef][0x7]h[0xde][0x1f][0xfb]/[0xf5]-~rU-a[0xb7][0xc6]\[0x89]C[0xe3][0x8e]wk[0xad]d[0xbb][0x4][0xfa][0x1][0x85][0xf6][0x8d][0x6]O[0xc2]h[0xef][0xb9][0xc6][0xfb][0x1e]X[0xda][0x8d][0x81]5[0xcf][0xca][0x18][0xf1]t[0xbf]([0xca][0x87][0x81]\[0xeb][0x82]&lt;[0xdf]X[0x8c][0xec][0xe0][0x97]5?#,3[0x95][0xb4][0xec]z3[0x9d]6[0xda][0xf8][0xfc][0xd1][0x3][0xe8][0xbb]B[0xdc][0xed][0x8d][0xa5][0xe7][0xc8][0xf5][0xa6]r/[0xb5][0x85][0x83]?[0x95]L[0xf5][\n]&quot;
2013-02-06 13:51:57,299 AAD-WS DEBUG wire:63 - &gt;&gt; &quot;[0xee][0xbe]A[0xa7][0xf3][0xf1][0xf3][0x8c][0xf4]*[0xdb][0xbd][0xf7][0xc7][0xf4]I[0x81][0xc2][0x86]\[0xda]Q[0xa9]~[0xa6]{w[0xb4][0xc]p[0xfa][0x80]|[0xff][0xc7]k!oz[0xcd] [0xb7][0x97][0xd4][0x14]V[0xc7][0x88]F[0x19][0x8b][0xc9]3[0xa6]Ow[0xd2]{E_[0xf4][0xd7][0xa7][0x1d]=[0x8b][0xf8][0xc2]g[0xe8][0xb]y[0xb5][0x90]5[0xb5]Y_[0xd3][0x10][0xf1]#[0x6]X[0x96][0x87][0x85][0xcc][0xe2][0x9]y![0xa4]R[0xa6]`Y[0xf9][0xa5]&quot;[0xce][0xad][0xfc]5[0xf2][0x9e]I[0xe6][0xdd][0xdf][0x17][0xf5]B[0xa0]T[0x1e][0xa4]&amp;[0xf4][0x13]8,[0xe5]*[0xc8][0xcf][0x81][0xc5][0x96][0x11]5{[0xcc][0x9f].[0xe6][0xe7][0x9d][0xb6]?[0x80][0x9e][0x94]i[0xf2][0x1b][0xb4][0x88]kH[0xe1][0xd0]u[0xe1][0xf4]Z[0x16][0x1e]fs[0xcd]p[0xae][0xf6][0xd5]g[0x1c]w[0x9][0xa7][0xf3]Fs[0x9e]8[0x9c][0x9b][0xfc][\n]&quot;
2013-02-06 13:51:57,299 AAD-WS DEBUG wire:63 - &gt;&gt; &quot;4[0x17]&apos;[0x7])[0x81][0xf3][0x9][0xc7][\r][0x1a][0x7][0x7]MN[0x89][0xfb]E[0xc9][0xa4][0x9d][0xcb][0xee]Ls&lt;[0x16][0x9d][0xdf][0xe2][0xce]\[0xf7][0xc9]lh[0xca]J[0x8a][0xa1][0xb3][0x17][0xcc]Z[0xdc][0xb4]p[0xe][0xe1][0xf8]/u[0xe2][0xc0][0x5][0xdb]k[0xba][0x9]!G78Y[0xec][0xe1]Mqy:[0xbf][0xe0][0x8b]&amp;[0x13]Q[0x83][0x95]*f[0x1a]7:Q[0xc6]?%[0x8d][0xfc]0X[0xc]?[0x14]y[0x1b][0xf1][0xff][0x9a]&quot;[0xaf]2[0xa7]o[0xca][0xf5]+r=?[0xcb][0x9c]~e[0xae][0xe7][0x7][0x8d][0xd3][0xf3][0xe3][0x8e]{[0x8d][0xbf]fDYZ[0xb][0x8f]B[0xbc][0xae][0xc8]j[0xa8][0xb][0x14][0xaa][0xd8][0x1]e+[0xcf][0x8]&amp;[0xb7]C[0xf9][0xdf][0x6][0xb4][\n]&quot;
2013-02-06 13:51:57,299 AAD-WS DEBUG wire:63 - &gt;&gt; &quot;[0x1e][0x8a][0xa1][0x98]V[0xb3][0x16][0xad]hcj[0xe1]{[0x18]^[0xf8][0xb8][0xcf][0x84][0xba]Q[0xd4][0xd4][0x5][0xcf][0xe]x{[0x86][0xbe][0x9e][0xa1]Z[0xb5][0x17]CB;[0xe1][0xdf][0x81][0xe2]-[0xf0][0x87][0xaa][0xb8][0xf][0x85][0xb6][0xa3]x[0x7][0xb4]n[0x94]4uCo[\n]&quot;
2013-02-06 13:51:57,299 AAD-WS DEBUG wire:63 - &gt;&gt; &quot;[0xc][0xe9][0xc2][0xd0].[0xc][0x8b]xx[0xc3][0x1b][0xf4]dQ[0xba],T[0xb9][0x3][0xc3][0xbb][0x11]h[0xaa][0xe8][0xc2][0x88][0x88]7[0xe8][\r]e12[0xe8][0xcd]bT[0xd0]soA[0xc5][0x8]+[0x9][0xb2]QB[0x19][0x8c][0xa6][0xe][0x1c]J[0xeb]p[0x4][0xad]G[0x98]6[0xe0](:[0x7]&apos;[0xd0]yh[0xa0][0xf3][0xb1][0x9c].[0xc0]J[0xba][0x10]mt[0x11][0xda][0xe9]b~[0xcf]\[0x82]U[0xcc][0xef]a91[0xfe]Vc[0x8d][0xb][0x88][0x92]e[0xc3][0xfc],[0xf3][0x11][0xaa][0xaf][0xc8]btC[0xd5]v[0x8c][0x89]x[0x82][0x9e]=[0x8][0x4]=[0x81][0xb1]Y[0x4]E[0x99][0x9d][0x18]W_[0xb9][0x97][0xcd][0xd9][0xe][0xad][0x9e]I[0xe][0x9][0x8c][0xcf]bB&apos;[0x8d][0xe1][0x85][0x89][0x9b][0x10][0xe0]N[0x9]L[0xda][0x89][0xb2][0xa2]]8[0xb4][0x8]LqX&apos;[0xca][0xb8];|[0x13][0x82]bd[0x16][0x93][0x97]q[0xef]s[0xfa][0xaa],[0x8e][0xd8]J[0x11]/E|r[0x90]&amp;[0x8]L[0x89][0xf8][0x1c]![0xe3][0x83][0xd2][0xf][0xaf][0xdc][0x85][0xa9]^D[0xbc][[0x90][0x8c][0xf8]vbZ&apos;[0x96]QD[0x15]j[0x9d][0xd5][\n]&quot;
2013-02-06 13:51:57,300 AAD-WS DEBUG wire:63 - &gt;&gt; &quot;[0x89]Z[0xea]6T[0x4]*[0xb3][0xa8][0xe2][0xbe][0x1b][0xd5][0xc]80=[0x8b][0x19]A[0x95][0x9b],f[0xf6][0xdd]9[0x92][0x17]Ep[0x16]G[0xb9]{A[0xd6][0xe5][0xe8][0xc0]1;q[0xac][0x9c][0xbb][0xb][0xc7][0x11][0x1f]&apos;[0x1e][\n]&quot;
2013-02-06 13:51:57,300 AAD-WS DEBUG wire:77 - &gt;&gt; &quot;zwC[0x17][0xef][0xf8]\[0xc5][0x8f][0xdf][0x8d][0x12]&gt;Z[0x15][0x86][0x88]k[0xd2][0xb5]b[0x8a]8[0xa7]t[0x99][0xe3]A[0x9f]3[0xaa]bej[0xb6][0xe0]l[0x7][0x9f][0x13][0x4][0x1f]$[0x4][0x89]MX&quot;[0x8a]W[0xb2][0xe2]&apos;[0xe6][0xf0][0xdc][0x83][0x89]Ao[0xe0][0xa4],N[0xee][0xc4]H[0xc7][0xee][0xaf][0x8][0xc8][0xa7][0xb8][0xf0][0x9][0xa8][0x9d][0xfb][0x81][0x1a][0xe2][0xe8][0x9a][0x98]?d[0xa4]K[0xe3][0xf][0x15]9[0x8b][0x2][0xe8]V[0xf6]h[0x1a][0x1b][0xd1][0xc9][0xfb]n[0xb4][0xbc][0x8e]c[0xd8][0xb3][0x97]C[0xa1]+[0xa0][0xd2][0x95][0x18]BW!@W[0xe3][0x10][0xba][0x86]#g#G[0xce][0xb5][0x8][0xd1]&amp;[0x1c]C[0xd7][0xe3]D[0xba][0x1]ut#V[0xd0]Mh[0xa6][0xcd]XM7#I[0xb7] E[0xb7]#Mw[0xa0][0x83][0xee][0xc4][0x6][0xba][0xb][0x17][0xd0][0xdd][0xd8]H[0xf7][0xa2][0x93][0xb6]b3m[0xc3][0xad]t[0x1f][0xee][0xa4][0xed][0xd8]FY[0xdc]O]x[0x91]v[0xe2]=[0xda][0x85][0xf][0xa8][0x9b][0xff][0x4][0x1e][0xe0]g[0xf8]C[0xfc][0xfe][0xdd]M[0x93]8[0xc2][0xa6][0xd0][0xa3]TE[0x8f][0xd1][0xb1][0xf4]8[0x9d]B{[0xe8]4z[0x82][0x96][0xd2][0x93][0xb4][0x92][0x9e][0xa2]fz[0x9a][0xd6][0xd0]3t6=K[0x97][0xd2]st[0x15]=O[0x9b][0xe9]%[0xba][0x9d]^[0xa6]{[0xe8]U[0xca][0xd2]k[0xd4]Mo[0xb0][0xa4]7[0xe9]az[0x8b]-[0x8c][0xe7]c[0x18]A&apos;[0xdd][0xd9][0xd4][0x9e]\[0xf6]q[0xf]z[0x9b][0xdb][0xf6][0x2][0xd9]L[0xe]![0x1b]-[0xc0]r[0xb0][0x9f][0xca][0xdf],[0xfe]f[0xef][0xc2][0x1c][0xf]zx5[0xa1][0xa2]w0[0x8a][0xde][0xe5][0x95]D[0x81][0xff]&amp;[0xae][0xf]R[0x3][0xce]d~[0x8e][0xb1][0xda]Nx[0xb6][0xba]C[0xe][0x91][0xb9][0xf5][0xec][0x98]y[\r]=[0xb9][0x81][0x1a]7[0xde]yO[0x97][0x84][0xca]b[0xbe]x~[0xaf][0xe4][0x15][0x1f]zZ[0x16]_[0xcd][0xa2][0x8e]=[0x19][0xf4][0x4][0xbd][0xee]B[0xbd][0xb3][0xd6][0xd0][0xa3]I5Jx[0xf8]&gt;4[0xfa][0x80]S[0xfe]CN[0xf9][0x8f][0xd8]y[0x1f]c*}[0x82]#[0xe9]SD[0xe8]3[0x9c]L[0x9f]s[0xca][0xef][0xc3][0x19][0x8a][0xc2]\[0xc9][0x83][0x82][0xa2]x[0xb9]M[0x15][0xc8]*[0xd8](![0x1b][0x96][0x3][0xe5]47[0xd8][0xfa][0xa1][0xa1][0xf8]1T)f[0xfc][0xf8][0xd7]([0xc7][0xb8][0x81]g[0x1e][0xee]k[0xba]1[0xb7][0xa9][0xa2][0xb2][0xb][0xb][0x1a][0x4][0x8c][0xaa]\Rh{[0xb9][0xee]qM[0xd3][0xb6]V[0x16]F[0xb2][0xcc](-[0xdc][0xc4]q[0xeb],[0xf4]5T[0x19][0x6]M)[0xc5][0x8]e$[0xc6])[0xa3]0I[0x19][0x8d]2e,&amp;+ALS[0xc6]![0xa4][0x8c][0xc7][0xd1][0xca][0x4]D[0x94]I|0[0xff]q[0xe6][0x14]y[0x87][0x15][0xf4]r&quot;
2013-02-06 13:51:57,301 AAD-WS DEBUG wire:63 - &gt;&gt; &quot;Q[0x5]c[0xdf]@[0x11][0xcf][0x16][0x14][0x15]&lt;[0xe4][0xdb][0x82]Y[0xee]dr[0xde]GL[0xc5]JN[0xd8][0xb4][0xef][0xcd][0x2][0x95].[0x5]Z[0x18][0xc7][0xf4][0xf5][0xe7][0xd7][0xf2][0xc2][0xd8][0x1a]-[0x14][0xf4][0x88][0xce]AO[0xcf]Xv[0xc4][0xb3]lQqn[0xa9]`[0xd2]R[0x8c]b[0x93][0xa6][0xc2][0xab][0x94][0xc3][0xaf][0x84]P[0xa2]T`[0x94]R[0x89][0xb1]J[0x15][0xe]W[0xaa]1C[0x9][0xa3]F[0x99][0x8e][0xd9][0xca]L,P[0x8e][0xc4][0x12][0xe5]h,WNd?[0x9e][0x4]S9[0x19][0xad][0xca])X[0xa3][0x9c][0x8a][0xb3][0x94]Y[0xb0][0x94]98W[0xa9][0xc5][0x85][0xca]&lt;66[0xe3]x[0xb6][0x3][0xbf]t[0xbc]C|W[0xde][0x86]g[0xa1][0xfd][0xf]PK[0x7][0x8][0x4]7[0xfd][0xa9][0xbb][\n]&quot;
2013-02-06 13:51:57,301 AAD-WS DEBUG wire:63 - &gt;&gt; &quot;[0x0][0x0][0xd8][0x14][0x0][0x0]PK[0x3][0x4][0x14][0x0][0x8][0x0][0x8][0x0][0xd4]|D5[0x0][0x0][0x0][0x0][0x0][0x0][0x0][0x0][0x0][0x0][0x0][0x0][0x1e][0x0][0x0][0x0]javax/help/FavoritesView.class[0xad]Wi[[0x1b][0xd7][0x15]~[0x7]$[0x8d]4[0x1e][0x8c][0x91][0xb7][0xc8]1[0xb6][0xe2][0xba][0xa9][0x10][0xa0][0xc1]v[0x92][0xb6][0x82]l[0x6]S[0xe3][0x2][0xa6][0x86][0x90]`[0xb7]v[0x86][0xe1][0x82][0xc6][0x1e][0xcd](3#[0x96][0xa6][0xcd][0xda]%m[0xd3][0xba]K[0xd2]$N[0xe2]&amp;iS[0x9a][0xa5]-8[0x89]d[0x9b][0xd4]iVg[0xe9][0xf2]k[0xfa][0xb5]O[0xcf][0x1d][0x8d][0x4][0x2][0x8b][0xc7][0x1f][0xfa]Awf[0xce]=[0xeb]{[0xce]=[0xf7][0xe8][0xf3][0xff]^[0xbe][0x2] [0x85]G[0xd0][0x85][0x9][0x89][0x16]&amp;a[0x12]S[0x12]nG[0x86][0xd3]t[0x11][0xa7]%[0x84]p[0x86]S[0x8c]0[0xb2][0x9c][0xc7][0x14]aI[0xd8][0x80]\[0x18][0xf][0xf0][0xa7][0xcd][0x17][0x87][0xb][0xba][0xfc][0xcd][0x15][0x91][0x97][0x10]E[0x8e][0xf3]N[0x87]1#a[0x16]s&quot;[0xbe][0x1b][0xc1]v&lt;[0x18][0xc6][0xf7][0xc2][0xf8][0xbe]D[0xaf][0xf][0xf1][0xe5]a[0x11][0x8f][0x88]x4[0x8c][0xc7]$[0xec][0xe2][0xa4]f&lt;[0xce][0xe9]?[0x10][0xf1][0xc3][0x8][0xc9][0xfd]H[0xc2][0x8f][0xf1][0x84][0x84][0x9f][0xe0][0xa7][0x12]~[0x86]&apos;7[0xe0][0xe7][0xf8][0x85][0x88][0xb3][0x12]Z[0xf0]K[0xbe][0xfc]J[0xc2][0xaf][0xf1][0x1b][0x11]O[0x85][0xf1][0xb4][0x84]v[0xb8][0x9c][0xe3][0xb7]|y[0x86][0xeb]y[0x96]/[0xcf][0x85]qN[0xc4][0xf3][0x12]n-Yx[0x81][0xbf][0x91][0xcc][0x8b][0x12][0xbe][0x8e][0xf3]\[0xea][0xbc][0x88][0xdf][0x89]xI@c[0xaf]:m[0xd9][0xba][0xcb][0x9c]![0xd5]v[0x98]-@[0xee]3Mfw[0x1b][0xaa][0xe3]0G[0xc0][0xf6][0x1e]6[0xa9][0xe6][\r][0xb7][0xc2][0xd7][0xab]j[0xae]e[0xcf][0x9][0xd8][0x98][0xcb][0x8f][0x1b][0xba][0xd6][0xd7]3[0xec][0xda][0xba]9% [0xda]Z[0x9d]V[0x15]C5[0xa7][0x94][0x12][0xad]S@C[0xb7]e:[0xae]j[0xba][0xa3][0xaa][0x91]ga[0xbc],[0xa0]iF[0xb5]M[0xda]=:[0xd9][0xab][0xea]F[0xde][0xe6]f[0x84][0xe3][0x2][0xea]2[0xf4][0xb2][0xc5]S2[0xab]d[0x98][0x91]S[0xe][0xd3]2[0xcc]\R[0xb3][0x81][0x99][0xea][0xb8][0xc1]&amp;[0x86][0xd5]i&amp; 8[0xc1][0xc6][0xf3]S[0xf5][0x94]K[0x8][0x8]u[0xe9][0xa6][0xee][0xde]!`(q-[0xd9][0xb5]N[0xd5][0xa2][0xe4]][0xdd]P[0xe][0xab]N[0xc6][0xe5][0xa6]:[F[0x5][0x4][0xba][0xad][0x9][0xb2][0xd7][0xd8][0xaf][0x9b]l0[0x9f][0x1d]g[0xf6][0x8][0xdf][0x13]0[0xfe][0xff][0xb0][0xd5]oi*[0x19][0xaa]i[0xbd]Q[0xb3][0x99][0xea][0xb2]AuZ[0x9f]R[0x9]t[0x1]mk[0xcc][0xe][0x90][0x83]FgKI[0x87]:[0xe3]*[0xdd]V6g[0x99][0xcc][0xe4][0xa8][0xc9]S[0xcc][0x1d]`[0xf6][0x14][0x1b][0x99][0xcb][0x91][0xd3][[0x12]-[0xd7]L[0x11]q[0xf5][0xa8][0xae]z[0xb7]3b3b[0xdb][0xe9][0xb3][0xf9]V*[0x99][0x1f]$S[0xc4][0x1e][0xcc][0xf1]J[0x11]pr[0x1d][0x8][0xd6][0x84][0xe7]sq[0x3]}.[0xcb][0xfa]E[0xd4][0xb9][0xae][0xa1][0x6][0x87][0x92]]![\n]&quot;
2013-02-06 13:51:57,302 AAD-WS DEBUG wire:63 - &gt;&gt; &quot;hN[0xd4][0xe6][0xe6]pmM[0xac][0x8d][0x8e][0xd3]%U[0xd3][0x98][0xe3][0xec][0xed][0xe8][0xe8][0x10][0x10][0x19][0x9e]3[0xdd][0xc]sumyc[0x1f][0xdf][0xa8]O[0xb4]P[\r][0x86][0xbb]4[0xc3]/&apos;&quot;p[0xe1]a+ok[0xac]W[0xe7]Y[0x8f]V[0x8c][0x8e][0xea]l&amp;[0xc5][0xad][0xc9]8[0x84]^[0x19]GpB[0xc4]+2~[0x8f]?[0xc8][0xe8][0xc7][0x90][0x8c]&gt;[0xf4][\n]&quot;
2013-02-06 13:51:57,302 AAD-WS DEBUG wire:63 - &gt;&gt; &quot;[0xd8][0xb3][0xc2][0xe1]#[0x1c][0xa2]e[0xaf][0xcb]I[0xe5][0xec][0xaf][0xca][0x18][0xc6][0x8][0xe9][0xf7][0xd8]S[0x9c]=5hy[0x99][0x93][0xf1]G[0xcc][0xb][0xd8][0xb6]:[0xb2][0x83][0xf9][0xc9]I[0xe6][0x9][0xab]t:2%[0xf4][0xe3][0xba][0x19][0x97][0xf1]&apos;[0xbc][0xc6][0x97][0xd7]e[0xbc][0xc1][0x95]v\[0xb]4[0xee][0xff][0xde][0x1a]G[[0xc6][0xbd][0xb8][0x8f][0x90][0xca]S?He[0xac],[0x13][0xf1][0xa6][0x8c]?[0xe3]/TP[0x9e][0x1b][0xba][0xa5]p&lt;d[0xfc][0x15][0x7][0x89]/u[0x84][0x88]&lt;8JYEWj6kp[0xef]N[0xc8]X[0xc0])[0x1]7[0xd4]J][0x8d]-^%[0xa4][0xbb][0xf2][0xcd]u-[0xca][0xb8][0x80][0xb7][0x4][0xec][0xf2][0xbc]0[0x99][0xab][0xc][0xa8][0xc6][0xa4]eg[0xd9][0xc4]=[0xc7][0xfa][0xf][0xcd]j,[0xe7][0xea][0x96])[0xe3]m[0xbc]#[0xa2] [0xa3][0x88][0x8b]&quot;.[0xc9][0xb8][0x8c]%[0x11][0xef][0xca][0xf8][0x1b][0xae][0x88]xO[0xc6][0xdf][0xf1][0xbe][0x80]DM\V[0xf5]Dn[0xfa][0x3][0xe][0xca][0x87]&quot;&gt;[0x92][0xf1]1G|[0xf3]r&gt;*v[0x5][0xec][0xae][0xbc][0xc7]55?[0x95]q[0xe3]3[0x19][0x2]*[0xce]O[0xc][0xe5][0x8c]r[0xf3][0x9][0xae][0xca][0xf8][0x14][0x9f][0xc9][0xf8][0x1c][0xa7]d|[0xc1][0x13][0x14]1[0xd9]L|[0x92][0xf8][0xd2]&gt;[0x16]e[0x80][0x8f][0xe6][0xdd]\[0xde][0xa5]|35+[0xe3][0x1f][0xf8][0xa7][0x80][0x1b]W[0xd4][0x1][0xd3][0xf2][0xe4][0xe5][0xdc][0x8a][0xb8][0xff][0xc5]][0xbb]&amp;[0x9c]&lt;[0xae][0xea][0xad]J[0x1][0x96][0xb6][0xee]jW[0x94][0xe1][0xbc][0x19][0x1f][0xd0]5[0xdb]r[0xe6][0x1c][0x82][0xdf][0x89][0xf7][0x99]ZJQzFz[0xe2][0xe5][0x14][0xc7]+[0x1a][0xe3][0xa3][0x8c][0x82][0xa2]H[0xf7][0xa7]:[0x14][0xe5][0xd0]`[0xb9]z[0xab][0xda][0x1][0x5]G[0xcd][0xa5][0xd4][0x8]V[0xf4][0x9f][0x95][0xed]A[0xc0][0x81][0xaa]s][0xe5]Wg[0x8d]v[0xc7][0xf]&amp;)[0xae]X[0xd9]V[0xdd][0xb2][0x96][0xef][0x8d][0x90][0x9a][0xcb]1s[0xa2][0xd2]9[0xab][0x9b][0xc3][0x1a]R[0xe9]Tu[0xae]b?:~[0x9a]i[0xee]z[0xec]a[0xd7]*[0xdf][0x82][0x9b]V0y0[0xd2][0xf1]$W[0x87]l+[0xc7]l[0x97][0xee][0xcd][0x9b][0xaf][0xcb][0x13]R[0x1a]q[0x18][0x15]N[0xa9][0xf1][0x87][0xd8][0xac][0xee][0xb8][0xb5][0x9b] ?.[0x1e],A[0xd7][0xa2][0xb3]@n[0x94][0xb1][0xe6][0xc7][0x84]([0xa4][0xaf][0x9e][0xd9][0xa4]ik[0xb9][0xc4][0x86][0xc8][0x8e]_][0x9d][0xe5][0x8a][0xae]&amp;[0xb][0x10]s[0xfc][0xcb]0Wu[0xd7]2&quot;[0xa3][0xe5][0x96][0xe0][[0xa1][0xa9][0x80][0xc2]4[0xe9][0xce]7i[0xdf];[0x13];V9[0xb2][0xbc]GF[0xe3][0x9a][0x95]U[0x9c][0xbc][0xa9]x[0x1c]^Hz6g([0xf7]e[0x8d]cL[0x9d][0xf0][0xe6][0x91][0xd2]%X[0xfe]L&amp;jik[0xa9][0x4]V[0xe2]%[0xf5];j_=|~)[0x9d][0xca]aW[0xb5]]F%[0xd2]T[0xad][0xda][0x8b]nwb[0xdd][0xeb][0x8b]8[0x8e]%V[0xdb][0xbd][0xbe]kq[0xdd][0xab]oc[0xb5]JJ[0xab]fX[0xfc][0xd2]m[0xb0]Y[0xce][0xb2][0xe9]Rw[0x1c]u[0x8a][0xf1][0xc2]_[9[0xc7][0xbd][0xb4][0xf8][0xd1][0x1d]2&apos;xl#[0xe5]8[0x9c][0x19]&quot;*[0x94]][0xa6][0xf8][0xed] [0xef]M[0x1c]&lt;[0xb6][0xd2]Uz[0xdd][0x9c]T[0x96][0xd9]3[0x13][0xba]Me)[0xf2][0x12]W[0xdd][0x8c]W[0xa9][0xdc]C[0x1][0xb1]e`V6[0xb2][0xd2]d[0x93]+[0x15][0x99][0xaa][0x9d][0x19][0xb1]U[0x8d][0xe1]&amp;[0x9a][0x9d]o[0xa7]q.[0x88][0x18][0xee][0xc6]A[0x1a][0xeb][0xba][0xe9][0xab][0xe]=[0x90][0xf8][0x5][0xeb][0xbd][0x3][0x87][0xbd]g[0x9f][0xf7][0xbd][0x83][0xee][0xdc][0xde][\n]&quot;
2013-02-06 13:51:57,303 AAD-WS DEBUG wire:63 - &gt;&gt; &quot;[0xdf]7i[0x10][0x17][0xa8]O[0xf][0xd0]:H[0x94][0x3]4[0xc4][0x7][0xe9][0xb9]9[0xd9][0xda][0xd6][0xde]Z@},PD [0x19]x[0x7][0xc1]Eoj&lt;J[0xeb]F[0xf0][0x11][0xb2][0x1f][\r]d&lt;[0xea][0x89][0xd2][0xcd][0xed]+[0xd8]G[\n]&quot;
2013-02-06 13:51:57,303 AAD-WS DEBUG wire:63 - &gt;&gt; &quot;B[0xf4]l[0xe2][\n]&quot;
2013-02-06 13:51:57,303 AAD-WS DEBUG wire:63 - &gt;&gt; &quot;b[0x81]X[0xb0][0x96][0xf8])[0xb2][0xdc][0x85]M[0xb8][0x9f][0xa8][0xdf][0xc2]1_|[0xf][0x2][0xe4][0x15] -!4[0x96]l-B\[0xa8][0xc8][0x85][0xe8][0x9][0xe8][0xb4][0xd2][0xa5][0xef][0xf3][0xef][0xa7]&apos;[0xe7][0xdf][0x98],&quot;[0xdc][0xdf]z[0x15][0xa1]hd[0xa1]uY&amp;J[0xfa][0x80][0x1c][0xc5][0xf4][0x0]&quot;[0xb0]![0xc3][0xa5][0x9d]{0[0xea][0xcb][0xf][0xd3][0xe][0x97]?[0x90],@[0xea]_[0xc2][0x86][0xb1]&quot;[0xe4]hC[0x81][0x14][0x16][0xd0]H[0x0]l[0xa2][0xd7][0x2][0x9a].[0xa2].[0xd9][0xca][0xf1]XB[0x94]X6[0x17][0xb0]eaU@[0x8f][0x90][0xaa]G)[0x80][0xc7][0x89]J[0x83]@[0xc9][0x80][0xd0]AT[0x89]v?[0x15][0xd2]A![0x1d][0x8a]n[0xbd][0x88]miq[0x9][0xdb][0xc7]|c1[0x91],\[0xc0][\r][0xb4]Fc[0xcb][0xaf];Jv[0x8b][0xb8]1[0x1d][0x8e][0x85][0xb][0xd8]y[0xe][[0x96][0xd0]LR[0xbb][0xc6][0xa2][0xbb][0x8b][0x88][0x17]q[0xd3][0x2][0xdf][0xd8][0x93][0xe][0xcd][0xa3]![0x1d][0xb9][0x80][0xbd][0xb1]H[0x1]_[0x8e][0x85][\n]&quot;
2013-02-06 13:51:57,304 AAD-WS DEBUG wire:63 - &gt;&gt; &quot;[0xb8]9[0x1d][0x89]E.[0xe2]+[0xe9]@{,t[0x9][0x89]:,[0xa1]e[0xac][0xbd][0x88]d,[0xd0][0xda]V@k:[0x18][0xb][0x14][0xd0]6[0x8f]DZl/G[0x9d]&quot;[0x93]\[0xba][0x91][0xbb][0xa4][0x94][0xec][0xd7]_BG=[0xda]c[0xc1]K[0xd8]WG[0xf7][0xf3][0x2][0xc1]5[0x82][0x13]8[0x89]/QB[0x9e][0xc2]3[0xf4][0xaf][0xa8][0x84]B/[0x9a]h}[0x96][0xb0]x[0x8e]v[0x9e][0xa7][0xea]x[0x1][0x9d]x[0x91][\n]&quot;
2013-02-06 13:51:57,304 AAD-WS DEBUG wire:63 - &gt;&gt; &quot;[0xed]&lt;I[0xbc]D2/[0x93][0xd4]+[0xc8][0xe0]UX4[0x9d]Mc[0x1e][0xf][0xd1][0xbc]u[0x16][0xaf][0x91][0x9e][0xd7]I[0xd3][0x1b]x[0x97]F#[0x1]c8[0xee][0xa7][0xe7]?[0x94]&gt;^MO&apos;[0xdf]F[0xf0][0x1c][0x2][0x8b][0x1e]~[0x83]+[0xe0]k[0xaf]F[0xcf][0x87],[0xc0][0xc3][0xdb]o[0x19]b[0xfa]8[0xb0][0x6][0xda]t[0xb0][0x1c][0xf8]-&lt;[0xf0]`%[0xd1][0xad]K[0xb8]u[0x8c][0x17][0xee]mc[0x3][0x5]|[0x95][0xf0][0xfa][0xda]&lt;[0xb6][0xe]$[0xeb][0xa9][0x8a][0xe9]#=[0x8f][0xf0] [0x99][0xed]\$([0xc2]x[0x18][0x8f][0xd1][0xbf]C[0xfe]&lt;[[0x81][0xe2][0xe]4[0xd2]z[0x19]&quot;[0xe1][0x1e][0xc6][0x15]*[0x90][0xf7][0xd0]A[0xe8][0xdd][0x86][0xf7][0xa9][0xf6]&gt;[0x80][0x81][0xf][0xf1] &gt;&quot;[0x99][0x8f]I[0xfa][0x13]&lt;[0x81][0xab]x[0x92][0xc6][0x9b][0xb3][0xf8][0x8c][0xa0][0xf8][0x82][\n]&quot;
2013-02-06 13:51:57,305 AAD-WS DEBUG wire:63 - &gt;&gt; &quot;[0x86][0xe6]b[0x1f][0x82][0x98]Wf[0xf4][[0xac]&gt;[0x8]u#[0xa4][0xfa][0xdb][0xc4]V[0xe7][0xb1]5[0x13][0x8d][0xb3][0x5][0x93][0x14][0xc1]*V[0xb4][0xe1];[0xfc]?[0x1f][0x9][0x9c][0xa4]sW[0x12][0xd8][0xe9][0xed][0x0][0x81][0xb][0x10][0xde][0xac][0xc9]?T[0xdf][0x8f]f[0x9f]?X[0xff][0xd6][0x1a]_p[0xb])[0x1d][0xf7][0x1a][0x8a][0x86];[0xbd]cWG[0xff][0xb9][0xbb][0x8][0x8][0xfe][0xf][0xbf][0xb]w![0xf2]?PK[0x7][0x8]&gt;[0xb2]T[0xe5][0x1f][0x8][0x0][0x0]E[0x10][0x0][0x0]PK[0x3][0x4][0x14][0x0][0x8][0x0][0x8][0x0][0xd4]|D5[0x0][0x0][0x0][0x0][0x0][0x0][0x0][0x0][0x0][0x0][0x0][0x0][0x1e][0x0][0x0][0x0]javax/help/FavoritesNode.class[0x8d]W[0xf9]w[0x13][0xd7][0x15][0xfe][0xc6][0xb6][0xa4][0xb1][0x18]6a[0x16]A[0x8]B[0x84][0xc4]x[0x1b] iJ[0x8d]1[0x5]Y[0x6][0x13]K&amp;X[0x98][0x98]&amp;[0xa5][0xb2]4[0xc6][0xa2][0xb2][0xa4]hF`[0x9a]4[[0xd3]4i[0x9b]=m[\n]&quot;
2013-02-06 13:51:57,305 AAD-WS DEBUG wire:63 - &gt;&gt; &quot;[0xdd][0xb3]9[0xb][0x9]K@[0xe]!Ii[0x9b][0xb2][0xa4][0x1b][0xdd][0xd2][0xbd][0xa7][0xe7][0xb4][0xa7][0xe7][0xf4][0xa7][0xfe][0x3]=m[0xbf];[0x1a][0xcb][0xb6]b[0xb7][0xf5]9[0xba][0xef][0xdd][0xfb][0xee]~[0xef][0xbb][0xf3][0xfc][0xde][0xbf][0xde]|[0x7]@[0xb][0xfe][0xe8]E7[0xe][0xd6]B[0xc3]!/[0xc1][0x88][0x7][0x87][0xbd][0xa8][0xc1][0xa7][0x84]|[0x87][0x80][0x11]A[0xef][0xb4][0xcf]d[0xf7]i[0xa1][0xdd][0xe5][0xc1][0xdd][0xe][0x85]@[0x84][0xef][0x91][0xb3]{[0x5][0xdc][0xe7][0xc5]gp[0xff],|[0x16][0xf][0x8][0xfa]9[0xd9]=(|[0xf][0x9][0xf8][0xbc][0x7]_[0xf0]b[0x9][0xbe]([0xe0]a[0x15][0x8f][0xc8][0xfa][0xa8][0x7][0x8f]y[0xb1][0x1c][0x8f][0xb][0xc7][0x13][0x2][0x9e][0xac][0xa5][0x95][0xa7][0xbc][0xf8][0x12][0xbe],[0xe8][0xd3]*[0xbe]&quot;[0xc]G[0x4][0x1c]-+[0x1b]Q[0xf1]UY[0xbf][0xa6][0xe2][0xeb]b[0xeb][0x1b]*[0xbe][0xe9][0xb0][0xd5][0xe0][*[0xbe]]F[0x9e]Q[0xf1][0xac][0x8a][0xe7][0xca][0xf8][0xf3]*^p[0x10][0x1a]S1j#*^[0xb4]W[0x9][0xe8]%[0x15]/[0x8b]o[0xaf][0x8][0xc7]1[0x15][0xaf][0xaa]x[0xcd]a:.[0xeb][0x9][0x15]&apos;[0xcb][0xea]N[0x9][0xd3][0xeb][0xb2];[0xed][0xc1][0x19][0x5][0xee][0xed][0xe1]-[0x1d][0xe1]][\n]&quot;
2013-02-06 13:51:57,305 AAD-WS DEBUG wire:63 - &gt;&gt; &quot;|[0xdd][0x7][0xe2][0x7][0xe3]z:[0x9e][0xd9][0xaf][0xf7]Z[0xf9]Tf[0xff]F[0x5][0xb3]C[0xd9][0x8c]i[0xc5]3V_&lt;]0[0x14]x[0xc2][0xdd][0xe1]H8[0x1a][0xa3]\gOOL[0xe4]jR[0x96]1[0xac]`[0xa9]-&gt;[0xa2][0xf][0x19][0xe9][0x9c][0xde][0x19]?[0x98][0xcd][0x93]nv[0xf1][0x8c]j\Ic[0xa0][0xb0]_[0x81][0xb2][0xb7][0x9a][0x95][0x4][0xa5][0xdb]R[0x99][0x94][0xd5][0xae]`y[0xfd][0xcc]rk[0xfa][0xa8]=[0x94]M[0xd2][0xee][0xdc][0xee]T[0xc6][0x88][0x16][0x86][0x7][0x8c]|,&gt;[0x90]&amp;e[0xfe]~[0xc3][0xda][0x92]Ng[0xf][0x99][0xa1][0xa1]T:[0x99]72[\n]&quot;
2013-02-06 13:51:57,306 AAD-WS DEBUG wire:63 - &gt;&gt; &quot;[0xaa][0xeb][0xd7][0xec]%[0x8c]&apos;[0x93][\n]&quot;
2013-02-06 13:51:57,306 AAD-WS DEBUG wire:63 - &gt;&gt; &quot;[0x9a][0xc6][0x15][0x9b][0x87][0x18][0x8a]n[0xe5][\r]C[0xef]0[0x6][0xe3][0x85][0xb4][0x15])X[0xa2]#FR[0x94][0xda]m;[0xee][0xbc]1[0x9c]=H[0xbd]u[0xd4][0xdb][0x97]2Sd[0xb0][0x15][0x87][0xb2][0x85][0x8c]e[0xab][0xee]RP[0xcb][0xc3][0x9e][0xc1]A[0xd3] [0xa5][0xae]~[0xcd]t[0x19]s[0x1b]#[0xb9]l[0x9e][0xe7][0xfe][0x92][0x3]z*[0xab][0xf7][0x14][0xac]\[0xc1]&quot;[0x8b][0x11]/E[0xe5][\r][0x8f]$[0x8c][0x9c][0x95]br=([0x12]/[0x9]E[0xed]XWL/[0xb8]G[0x12][0x93][0xb7][0xc5][0xb5][0x12][0xfb]v#[0x9e]4[0xf2][\n]&quot;
2013-02-06 13:51:57,306 AAD-WS DEBUG wire:63 - &gt;&gt; &quot;n[0x98][0xc9][0xd2][0xd3]C-[0xc][0xe6][0x96]H[0xf7][0xb8][0x96][0xd9]%4[0x9c]6[0x86][\r][0x89]x[0x16][0xf1][0xe][0xc3][0xc8][0x85][0xb2][0xb9][0xc3][\n]&quot;
2013-02-06 13:51:57,307 AAD-WS DEBUG wire:63 - &gt;&gt; &quot;[0xae]r[0xa2][0xad],[0x94][0x9d]@&amp;&amp;e:Ic0f9[0x83][0xac]_[0xfd]^[0xf1]xa[0xfd][0x7]se&apos;[0xa2]7[[0xc8]&apos;[0x8c][0xce][0x94][0xf0][0xfa][0xa6]hm[0x11][0x1][\r]{0[0xa6]a[0x17]z5[0xbc][0x81][0xb3][\n]&quot;
2013-02-06 13:51:57,307 AAD-WS DEBUG wire:63 - &gt;&gt; &quot;[0x96][0xcc][0xd4]-[0x1a][0xde][0xc4][0xad][0x1a]n[0xc3]9[\r]o[0xe1]m[0xd9][0xdd][0xa2]a[0x1f][0xce][0xcd] #&amp;4[0xbc][0x83][0xef][0x8][0x13]9[0xcf][0xe3][0xbb][0x1e]|O[0xc3][0xf7][0xf1][0xae][0x7]?[0xd0]p[0x1]g5[0xe4]D[0xe5]E[0x1]o[0xe1][0x92][0x86][0x1]$[0x14],[0xaa][0xc]dkap[0xd0][0xc8][0x8b][0xa7][0x97]5[0xbc][0x87][0x1f]*[0xa8][\n]&quot;
2013-02-06 13:51:57,307 AAD-WS DEBUG wire:63 - &gt;&gt; &quot;[0x4]4[0xfc]H[0x98][0x97][0xce]\[0x1][0x11][0xa0][0x7][0x7][0xf0]I[\r]?[0xc6][0xbb][0x1a]~[0x82][0x9f]zpE[0xc3][0xcf][0xf0]s[\r]CH[0xb1]Bm[0xfa][0xe0][0xb8][0xbf][0xed][0x1a]~[0x1]S[0xc3]/q[0x99][0xf7][0xa8]M[0xc3][0xb0][0xe8][0xf7][0x4],c[0xc4][0xda][0x14][0xd4][0xf0]+A[0xab][0x82]4[0xfc][0xbe][0xec]T+[0x9e]g[0x1][0xe5][0xe4][0xd7][0x82][0xbb][\n]&quot;
2013-02-06 13:51:57,308 AAD-WS DEBUG wire:63 - &gt;&gt; &quot;[0xf9][0xf4][0xa6] %I[0xf8][0x8d][0x10][0xbc][0x81]![0xd3]JYiC[0xa8][0xd5]z[0xbb][0x97][0xd2][0xed]^q[0xe5][0xb7][0xac]}[0x96]M[0x9e][0x93][0xe0]Z[0x3][0x12][0xd3][0xef]4[0xc4]`[0x92][0xa3]M[0xa7]W[0xe3]&gt;[0x95].[0xbe]kw[0xac][0xb3]y[0x83]D[0xf3]{[0x5]m[0xdb]&lt;2[0x9c][0xe][0x1c]4[0xf2]&amp;[0x9b]{Sp][0xcb][0xda]`[0xc0][0xc8]$[0xb2]I[0xea][0xda][0x14][0xb4]Y[0x83][0x9b][0xdb][0xbd]m+;zB[0xb1][0xfe][0x9d][0xe1]@9@o`[0xe7][0xee][0xad][0xdd]][0xa1]@[0xb0]Y[0xd7]{[0xb][0x99]@$[0x95][0xc8]g[0xcd][0xc3]&amp;[0xad][0x98][0x81][0xae]L[0xa2]E[0xd7];b[0x1d][0x81][0x1d][0xcc][0xe8]v[0x96]2P.e[0xa0][0xaf]d.[0xb0][0xbe]e[0xad][0xae][0x87][0xa3]Ao[0xc0][0xf9][0xb][0xe]YV[0xae]U[0xd7][0xa5][\n]&quot;
2013-02-06 13:51:57,308 AAD-WS DEBUG wire:63 - &gt;&gt; &quot;-f![0xd3][0x92][0xc8][0xe][0xeb][0xb9]|6YHX[0xa6]M[0xb5][0x9b][0xa2][0xec][0xc3][0xbe][0xf5][0xfb][0xd6][0xb6]$[0xad]d[0xb0][0xdd][0xeb]m+S&apos;[0xc2][0xa1][0x81][0xa0]$[0xe9][0xf][0xd2][0x1c]{[0xa4]mn[0x7][0xaf][0xce]u[0xff][0xe7][0xa4]Q[0xb0]`[0xbc][0x1f][0xba]z[0xca]#[0xa0][0xe2]v[0xf4][0xc][0x1c]0[0x12][0x96]};[0xe4]J[0xee]6[0x8d]|[0x89]T9r[0x1c]F[0xd6]:evf[0xd3][0xf6]%^=[0xcd][0xd4][0x9b]n[0xdc][0xc9] [0xdb][0x19][0xcf][0xdb][0x17]}[0xa6][0xab][0xed][0xcc]nw[0xce][0xe1][0xb][0xfe]o[0xd5][0xa5][0xa9]11[0x90][0xcb][0xe][0x17][0xac]TZ[0xef][0xa3][0xbb]Y[0x99]&lt;[0xf3]*i[0x8c][0xc1]([0xcd][0x1d]S[0x6][0xe7]d[0xa1]p[0xa6]0l[0xe4][0xe3][0x92](J.[0x9c][0xf6][0x80]f3[0xbc][0x6][0xe5][0xd1]5w(nF[0xb2]y#\[0xd6][0xb9][0xbc][0x1c][0xe3]$[0xef]&apos;[0xb9][0xcd][0xf1].[0x1f][0x81]x.gd&amp;&gt;[0x1e]S[0xc7][0xd5][0x7]H[0xa5][0x8b]/[0x5][0xb0][0xb2]%[\n]&quot;
2013-02-06 13:51:57,308 AAD-WS DEBUG wire:63 - &gt;&gt; &quot;[0xb7][0x89]r[0xf0][0xf3][0xc3][0x91][0x9d][0xb1][0xfe]}[0xe1][0xe8][0xee]Hx[0xd7][0x96]XWOT[0xc1][0xe2][0x19]#[0x9b]WYX[0xf9][0x94][0xdc]^[0x88][0xa7][0xcd][0x19][0xfa][0x83]_:[0xd7]!)[0x14][0xd7]D:k[0xca][0xd7][0x99][0xc9][0x8f][0xc6][0x87][0x8d]R}c[0xf6][0x4][0xe0]M[0x97].[0xda][0xd5][0xdd][0x9b]3x[0xed][0xe7][0x12][0x91][0xdb][0xd3][0xcb]s[0xb9][0xfd][0xe5][0xef][0xfe][0xd4][\n]&quot;
2013-02-06 13:51:57,309 AAD-WS DEBUG wire:63 - &gt;&gt; &quot;5Mgq[0xe6][0x4]4[0xce][0xf0][0x5][0x9a]~[0xe8][0x8b][0xbb][0x19][0x3]+[0xf9][0x10][0xe9][0xe6]k[0xc0][0x5]?&quot;[0x88][0xf2]U[0xd0]C[0xac][\n]&quot;
2013-02-06 13:51:57,309 AAD-WS DEBUG wire:63 - &gt;&gt; &quot;[0xdb][0x88][0xef][0x9c][0x84][0x87][0x88][0xdf]&lt;[0x9][0xbf][0x86]?~[0x10][0xb8]_[0xca][0xa9][0xb4][0xbb]L[0xef][0xc3]\[0xee]y+[0x9][0xfb]Ii$[0xad][0x8a][0xeb][0xac][0x86][0xc6]1([\r][0x8d]gPu[0xd2]~|[0xec]%[0x9c][0x3]y[0x89][0x84]h[0xbc][0x3]^[0x84]I[0xfd][0x18]nu[0x4]WqUl[0xc1]&quot;[0xaa][0xcf][0xa3][0xa6][0x8][0xd7][0xb1][0xb2][0xa0][0xdb]&gt;[0xba][0x89][0xf0]6|[0xdc][0x11][0x88][0xd2][0x8e][0x8b]kP,[0xb9][0x1b][0x8b][0xf0]P*[0xd2]T[0x84][0x1a][0xa5][0x8a]Z&quot;[0xad]5[0xfe][0x1a][0xe2][0xde][0x9][0x7][0x96]R[0x13][0xe8][0xbf][0x8b][0x11][0xcc][0xa6][0xef]&gt;z[0xbe][0x8c][0xbe][0xaf][0xa4]F[0x85][0x9f][0xa4]q[0xdd]7Sw[\r][0xd7][0xd5][0xa2]{V[0xe3]yhE[0xcc][0x16][0xf5][0xd4]&lt;[0x87]k[0xb4][0xe1]4[0xe6]^[0x80][0xda]L[0xf5][0xf3]*[0xd5][0xc7][0xa9]~[0x0][0xf3][0x90][0xe0][0xeb]0[0x89][0x15]0[0x98][0xbc]Ar|[0x82]&apos;%[0xf5]9[0xae][0xa2]~Cu[0x1b][0x15]U][0x84][0xab][0xfa][0x98]l[0x8a][0x98]_[0x84]/2[0x8a][0xc5]Mg[0xb1]@[0x81]Xj.[0xa2][0xee][0x8][0xdc][0xf7]+[\n]&quot;
2013-02-06 13:51:57,309 AAD-WS DEBUG wire:77 - &gt;&gt; &quot;i[0xb][0x15][0x1c][0xfd][0xf7][0xdf][0x96]M$[0xe6]Z[0xd4][0x12][0xa6][0xe9][0xee]0w[0x19][0xcc][0xa2]n?[0xe7][0xe3]*[0xe4][0xd1][0x0][0x13][0xcd][0xc4]oD[0x81][0xdc][0xfc][0x8c]:[0xd6][\r]&apos;[0xb8]uJ[0xb7]&quot;[0x1]-bx[0xd1][0xe6][0xb]XAS[0x8b][0xbb][0xcf]aI[0xff][0x18][0xfc][0xcc][0xe7]R[0xdf]2[0x82]&quot;[0xae][0xa2]Cn[0xdf][0xb2]H[0xd3][0x89][0xb2][0xd9] T[0xc2];[0xa8][0xe8]N[0xaa][0xba][0x8b]=u7[0x3][0xbe][0x7][0xb]q/[0x9a][0xf8][0xbc][0xd7][0xf9][0xa6]W[0x18][0xbc][0x98][0x12][0x93][0xf][0xb0][0xf0]R[0xab][0xce]sX[0xde][0xcf][0x94]^[0x1d]i[0xa0][0x81][0x15]b&quot;
2013-02-06 13:51:57,310 AAD-WS DEBUG wire:63 - &gt;&gt; &quot;=[0x10]m&gt;[0x85][0x95]E[0x4][0x8f]&quot;0[0x8a][0xba]f&apos;p[0xcd])[0xde][0xaa]f&apos;[0xea][0xbf]7[0xf9][0xae])b5I[0xd7]N$[0xbc][0x85][0x1][0x3][0xf]3[0xf4]G[0xd8][0x87][0x8f][0xa1][0xe][0x8f][0xe3]j&lt;[0xc1]z&gt;I?[0x9e][0xc2]z[0xee]7[0xe2]il[0xc1][0x11][0xb6][0xdb]Q[0x96][0x1][0xf4]W[0xc1]~[0xfe][0xf8][0xb1]/y[0xa7][0x1c][0xa7]w^[0xae][0x1b][0xe9][0xce]u[0xe2]S[0xbd]$[0xbe][0xd1][0xc9][0x4][0xf1][0xc5][0x92][0x8c]5[0x4][0xdc]7[0xc8]^[0xb2][0xc3]l5[0xc9][0xbe][0xb9][0x94][0xa4]&quot;Z[0xb8][0xd3][0xc5][0xed][0xb][0x8][0x8c][0xb][0xfb][0xd6][0xf2][0xd4]_3[0x85]o[0x1d]w[0xeb][]~[0xd7]d[0xbe][0xeb][0x85][0xcf]%|7[0x8c][0xf3]}[0x88]|7[0xb6][0xba][0xfd][0xee][0xc9]|[0x1f][0x16]&gt;[0xf7][0x14][0xbe][\r]t[0xe9]#[0xad][0x1e][0xbf][0xa7][0x94][0xc7]#[0xd0][0x1a]}[0xad]El[0x1c]E[0xba][0xd1][0xd7]V[0xc4]&amp;[0xb6]V;[0xfb][0xaa]U[0x1d]E[0x93]_-&apos;[0xb8]v\[0xe7]f[0xd1]Y[[0xc4]G[0xa9][0xee][\r]l[0xf1][0xd7]2[0xbc]U[0xc2]h&apos;[0xfe]Je&quot;[0xb6][\n]&quot;
2013-02-06 13:51:57,310 AAD-WS DEBUG wire:63 - &gt;&gt; &quot;[0x8][0x9]h[0x1b]w[0xa1]c[0xa2]$[0x3][0xec]z[0xe0][0x19][0x96][0xfb]Y^[0xb1][0xe7][0xb0][0x19][0xcf]3[0xf5]/`[0x7]F[0x99][0xf6][0x17][0xd9][0xa7]/[0xb1]7_[0xc6][0xa3]x[0x85][0xff][0xbd][0x1d]cQ^[0xc5][0x18]^[0xc3][0xdb]8[0x8e]K8[0xc1][0x87][0xd8])&gt;[0x9e]^[0xc7][0x9f]q[0x1a][0xc1][0x19][0xfc][0x83]Ou7[0xc6][0x14][\r][0xa7][0x95]E|[0x8c][0xb6][0x92]sr[0x19][0xf9][0x94]s[0x9a][0xec]z[0xd2]d[0xbe],[0xb0][0x9b][0xcc][0x17][0x1e]Cg[0xa4][0xc9][0xb7][0xad][0x88][0xed][0x93]:[0xb7]4[0x82].[0xb2]o.a&gt;.OQ[0x95]._[0x91]e[0xce]0[0xaa][0xf6]m[0x9b][0x10]-[\r][0xa1]+[0x84][0xc3][0xd3]0[0x86]*[0x19][0xdf]&apos;[0xcc] [0xeb]06[0xd0][0xae]P}[0xe7][0xa0][0xf5][0x97][0xee]z[0x17][0xbb]l[0xc];*[0xe5][0xfe]D[0x98]+[0x8f][0xc5][0x80]c@-[0xc9][0xd4]U[0xce][0xc4][0x12][0xf2]9[0xe4]p[0xaf]v[0xa6]o[0xad]p[0xf3][0xf6][0xde]4Q[0x17][0xaf][0x1c]([0xd5]P[0x95][0x1a][0xee][0xf9][0xb0]tD[0xfc]6[0x7]&apos;[0xa7]jV[0xe6][0x10]Z[0xf6][0x8c]/[0xfc][0x7]PK[0x7][0x8][0xcb][0xe5][0xc4][0xf][0x85][0x8][0x0][0x0][\r][0x10][0x0][0x0]PK[0x3][0x4][0x14][0x0][0x8][0x0][0x8][0x0][0xd4]|D5[0x0][0x0][0x0][0x0][0x0][0x0][0x0][0x0][0x0][0x0][0x0][0x0][0x1e][0x0][0x0][0x0]javax/help/FavoritesItem.class[0xa5]V[0xdf]s[0x1b]W[0x15][0xfe][0xd6][0x96][0xb5][0xb2][0xbc][0xb1]R&apos;[0xe]q[0xe2][0x4][0xd7]qRYJ[0xac][0x12]hS[0x12]S0ID][0x14];[0x8d][0x1c][0x7][0xa5]-e#];[0x1b][0xd6]Zgw[0xe5]$[0xa5][0xfc]l[0xf9]U~[0x96]_[0xa5][0xa5]@[0xb][0xcc]t[0x86][0xe1][0xc1]$8[0xee][0xe0][0x81][0xbe][0xc0]0[0x3][0xf][0xc][0xf][0xbc][0xc1][0xf0][0xc6][0x1b][0xff][0x2][0xc3]wvW[0x92][0xbd]Q 3X[0xe3]sw[0xcf]~[0xf7][0x9c][0xef][0x9e][0xf3][0xdd][0xbb][0xfb][0xc7][0xff][0xfa][0xb7][0x0]&amp;[0xf0]F[0x1a]6[0x96]t[0xd4]u8ita9[0x8d]n\M#[0xf][0xb7][0x17]{[0xe1][0x89][0xf1]u4[0xd2][0xe8][\r]=+b[0xae][0x89][0xb9].[0xe6][0x86][0x98]g[0xc5]|&quot;M[0xf3][0x9c][0x98][0xab]r[0xfb]I[0x1d][0x9f]Jc&apos;[0xae][0xea][0xf8][0xb4]8?#[0xe6][0xb3][0x12][0xe6]sb[0x9e][0xd7][0xf1][0x82]x&gt;[0x1f]`[0xe5][0xea][0xb][0xad][0xdb]/[0xa6]q[0x10]_[0xd2][0xf1][0xe5]4F[0xf1][0xa2]x[0xbe][0xa2][0xe3][0xab]2~-[0x85][0xaf][0xb][0xec][0x1b])|S@/[0xe9][0xf8][0x96][0x8e]o[0xeb][0xf8][0x8e][0x86][0x94][0xe5][0x15][0x1d][0xbb][0xa6]\[\r][0xda]E[\r][0xdb][0x8b]S[0xf3][0xb3][0xe7][0xa6][0xe7]N[0x97][0x9f])[0x96][0xe4]R[0xc3]h[0xe9][0x8a][0xb9]b[0x16][0xcc]k~[0xa1]f[0xfa][0xa6][0xef][0x9a]uoA[0xb9][0x85]S[0xbc])[0xda][0xe6][0x8a][0xe3][0x9e][0xd0][0xa0]/[0x4]W[0x9e][0x86][0x3]O[0xde][0xb]&gt;[0xb9]l[0xba][0xaa][0xee]k[0xd8][0x13][0xa0][0xaf][0x17].+{[0xb9]P[0x94][0xa7][0x96][0xaf][0xbc]i_-[0x11][0x95][0xaa]^[0xb6][0xec][0x1a][0x81][0x1a][0x6][0xc2][0xa8][\r][0xdf][0xb2][0xb][0xf3][0xaa][0xea][0x7]Q[0xba][0x1b][0xae][0xdd]zd[0x9b][0xf5][0xc5]B[0xd9]w[0xad][0xfa][0xa2]$[0xf0]MwQ1A[0x8f]o[0xf9][0xb6][0xd2][0xd0][0xaf][0x96][0x96][0xfd][0x1b][0xd3]u[0xcb]/[0x93][0x14][0x1d][0xfa][0x8a][0xe5]Y[0x97][0xe4][0xd1][0xfe][0xaa]mz[0xde]X@dL[0x88][0x8c]m![0xa2][0xe1][0xbe]M[0x19]N[\n]&quot;
2013-02-06 13:51:57,311 AAD-WS DEBUG wire:63 - &gt;&gt; &quot;[0x96][0x9]z[0xcb]7[0xea][0xfe]e[0xe5][U&amp;[0x9b][0xb4][0x18][0xf7]Q[\r][0x83][0xd9];[0xb9][0x8c][0xcf]kH[0x9c]tjL[0x94])Yu5[0xd3]X[0xba][0xa4][0xdc]93H[0xdd][0x9d][0x95][0xc7]Ow[0x98][0xf6][0xff]x[0x82]*[0x95][0x9c][0xaa]i[0xab] }[0xda]S[0xfe]|s[0xb5][0x89][0xec]E[0xf1][0xf5]Z^[0xcb]E[0x16][0xec]}/[0xeb]5[0x17]Umgv[0xbc]SU[0xd3]|x[0xfe]\[0xa9][0xbc][0xac]d[0xd5][0xe1][\r]E[0xd3][0x4][0xd7][0x95]_[0xa0][0x87][0xc0][0xc][0x9f]=[0xc6]J[0x96][0x19]2[0xac][0x1f]9L[0xb5][0xb4][0xd6]o[0xda][0xb6]s[0xcd];[0xd9][0xea]o[0xd2][0xf2]J[0xca]\ [0x17][0xb3]V[0xd3][0xb0]/{w][0x8][0xfb][0xa4][0xab][0x96][0x9c][0x15][0x15][0x92]&gt;[0x1b]ii8[0xe2]q[0x17]5[0xf5]zmh[0x1f][0xa7][0xb5][0x93][0xb7]V[0xbb]U^=U[0xdb][0xa9][0xab]x1f/]!@[0xd4][0xe9];aa[0xc2][0xe5][0xce]EB[0x17][0x9d]kx8[0xfb][0xbf][0xb7]A[0xc7][0xa8][0xe9][0xd3][0xd7][0xab]j[0xd9][0xb7][0x9c][0xba][0xa7][0xe3][0xbb][0x1a]v[0xc5]B[0x17][0x9b][0x1b][0xed]`v[0xfc][0x9e][0xb6][0xda][0xa0][0xe5][0xb5][0xef][0xcb][0x8d][0xe5]e[0xc7][0xf5]UM[0xe6][0xdf][0x3]C[0xca]&quot;[0x19][0xee][0x8e][0xf6][0x84]-[0xe2][0xee][0xb0]3R[0x93]U;[0xda][0xf][0xe9][0xb2][0xd3]p[0xab][0xaa]h[0x89][0x2][0x6][0xb6]4dB&amp;[0xea][0xf8][0x9e][0x81][0x97]qY[0xc3]H,[0xce][0x8c][0xe3][0x17][0x9d]F[0xbd][0xd6][0xaa][0x6][0xb7]i[0x1b]2[0xe3][0x4][0xa0]Sj![0x4][0xb9][0xae][0xe3][0x1a][0xf8]&gt;J[0x6][0xa6][0xf0]A1[0xa7][\r][0x1e][0xd3][0x5][0x3][0xef][0xc1]C[0x14]h[0xbc][0xb9][0x6][0x1e][0xc6]1[0x3][0x8f][0xe0][0xbd][0x6][0x8e][0x8b]9!fR&amp;[0xbc]O[0xcc]+[0x12][0xe4]U[0xfc]@[0x83][0xb1]Y[0xd8]M[0xe]r{[0xc6][0xb4][0x17][0x1c]wI[0xd5][0xe8]o[0x91][0x94][0xa4][0x8f][0x1b][0xa8][0xe0][0xbc][0x81]9[0xbc]f`[0x1e][0xaf]i[0xd8]}7Q[0x1a][0xf8]aH[0xb9]h[0xe0]A[0xbc][0xcb][0xc0][0x8f][0xc0][0x1d][0xf0]`[0xe7][0xb6][0x9c][0xaf]{[0xcd][0xe6][0x85][0xdd][0xd9][0x94]u[\n]&quot;
2013-02-06 13:51:57,311 AAD-WS DEBUG wire:63 - &gt;&gt; &quot;?6p[0x14][0xef]n[0xd6][0xf1][0xbf][0xf4][0xd4][0xc0][0xa3]x[0x93][0xd3][0x84]p[0x9a][0x88]qZ[0x94]~[0xf4][0xb7][0x9c]#[0xa1]w[\n]&quot;
2013-02-06 13:51:57,312 AAD-WS DEBUG wire:63 - &gt;&gt; &quot;[0xaf]k[0xd8][0xb1]i%s[0xae]R[0xe1][0xf1]8[0xda]9gS[0xb5][0xe1]I[0xb7]3[0x0]YN[0xa1][0xac]\[0xcb][0xb4][0xad]gC[0xf7][0x8e][0xa6]{zvS[0xab]315[0xc8][0xb][0xc6]qg[0xcc]%[0x15][0x9e]Ag[0x94][0xe7][0x99][0x8b]r[0x88]sO[0x87][0xee][0xa4][0x1d][0x9c]w[[0xdf][0x14][0xd1][0x19][0x18];[0x98][0xa3][0xbd]&amp;[0xe2][0xd6][0x17][[0xf3][0xd5][0xd5][0x86]i{[0xf7][0xb8]/x[0x4][0x1d][0xca][0xde][0xa1][0xfd]N[0x87]?[0xee][0xe7][0x9b]7[0xcf]o[0x84][0xc3]8[0x82]&gt;[0x8e][0x94]%[0xbf]![0x86][0xa4][0xe1][0x1c]S[0xd2]6[0x8e]][0xa2][0xd4]`[0xa4]2[0x83][0x91][0xe2][0xc][0xc6][0xe3][0xd1]x&quot;[0x1a]&apos;[0x83][0xf9]]&quot;[0xd4]`&gt;[0xdb][0x9][\r][0x1f][0x80][0xfc][0xed][0xe1][0x15]7[0x0][0xed]I[0xde]][0xe7]GI[0x17][0xc7]Gr[0xeb]H[0xe6][0xba][0xd7][0xa0][0xe7][0xb4]5[0xa4]r[0x1b][0xe8][0xad][0xac]#[0xbd][0x86]&gt;[0xb9]7[0xc4]l[0x13][0xd3][0x9f]K[0xac]!#f{.[0x1b][0xf7][0xfd][0x92]s5[0x9c][\n]&quot;
2013-02-06 13:51:57,312 AAD-WS DEBUG wire:63 - &gt;&gt; &quot;[0xbe]x[0xfa]h&apos;[0x91][0xc0][0x3][0xfc][\n]&quot;
2013-02-06 13:51:57,313 AAD-WS DEBUG wire:63 - &gt;&gt; &quot;[0x99]@?s[0xcb][\n]&quot;
2013-02-06 13:51:57,313 AAD-WS DEBUG wire:63 - &gt;&gt; &quot;[0xf6]s[\r][0x7][0xb8][0x82],[0xd9][0x1f]![0xff][0xa3]du[0x8c][0x8c][0x84][0xc5][0xe9][0x88][0xc5](9h[0x1c][0x93]9m[0x1d][0x3][0xed][0x98][0xe9][0x80][0xdb])[0xf4][0x4]H[0xee][0x81][0x8][0xff][0x18][0xfd]I[0x8e][0xc3][0xb9]&lt;[0xf1][0xb9][0xc3]B[0xee][0x88][0xd0][0x1c][0xea]Y[0xc3][0x8e][0xdc][0x10][0xe9][0xf5][0xb7][0xa3][0xec][0x9][0xb0]g[0x19][0xe5][0x9]F&lt;[0x87][0xc][0xca][0x18][0xe4][0xde][0xdb][0x8b][0xf3]D|[0x88][0xd1][0xda],[0xba][0x2][0x16]{[0xb9][0xbc]8[0x8b][0x8f]p~[0x85][0x9e]i&lt;[0x1e][0xe1][0xf7]q[0x14][0xd6]=[0xb9]_a[0xfb]/Z[0xf0]d[0xe0]|[0x8a][0xf6][0xc3](u[0x80]n[[0x8d]A[0xab][0xb4]g:B[0x8d]8[0xf4][\n]&quot;
2013-02-06 13:51:57,313 AAD-WS DEBUG wire:63 - &gt;&gt; &quot;[0xed][0xc]f#[0xe8][0xb1][0xa8]y[0x99][\r][0xec][0xac][0x8]|[0x1d][0x83][0xab]%m5[0x80][0x1a][0xfc][0xed][0x8a]&amp;[0xf7][0x13][0x8][0xb8][0xf4]x[0xd8][0x86][0x6][0xbd]g;[0xe6][0xeb][0x8f][0xe7]{[0x8e][0xf6][0x89][0xe]mb[0x81][0xf5]x[0x81][0x9e]g[0x81]^[0xa0][0xe7]\[0x87][0x2][0xdd][0xc6];[0xe2][0x5]z[0x91][0xb6][0xdc][0x82][0x1e][0x8c][0xa0][0xdb][0x4][0xfa]*[0xf4][0xc4][0x9b]Ht[0xc7][0xa7][0xbc]D;[0xd1][0xb1][0xfc]z[0x1c][0xfa]2[0xed]\[0xd0]_[0x81]NE[0x9d][0x1d][0xca]3[0xfc]n[0xe2][0xfb][0xa8][0xdd][0xa1][0xb][0xa2][0xf7]Ll-[0xbb][0xb8][\n]&quot;
2013-02-06 13:51:57,314 AAD-WS DEBUG wire:63 - &gt;&gt; &quot;[0xe0]u[0xda]7X[0xb6][0x9f]`[0x7]~[0x8a][0xdd][0xf8][0x19][0x9f]Nv[0xcc][0x9c][0x89]g[0xfe]9[0xed]|+s![0xca][0x9c][0xc9]k[0xed][0xcc]{.[0xb4][0xf3][0x85][0xad][0xb9][0xc5]|,?[0xd6][0xe8][0xbd]@[0xa9][0xdd][0x99]&apos;[0x15]o[0xcd][0x6]m[0xa5][0x95][0xa7][0xad][0xdd]&lt;[0xb7]o[0xbc]5[0xbf]c[0xf8][0xdf][0xd3]s[0x11]Ov[0x8][0xdd][0x17][0xf][0xfd]&apos;[0xda][0xa7][0xf0]t[0x4]=[0xe]=[0x8][0xb2][0x3]{+[0xac][0xdf][0xb0]hX[0xd4]&amp;[0x82][0xe1][0xff][0xbe]u[0xec]/[0xe5]Wc)[0xff][0x8c]a[0xfc][0x85][0x9e][0x8f]v[0x10][0xda]m[0xbc]3[0x9e][0xf2][0xaf][0xb4][0xcf][0xe0]c[0x9c]*[0xd0][0x87]&quot;a[0xf][0xe6]ob[0xe4]6[0xee][0x85][0x93]V70Z[0xe1]v?[0xf0]v[0xac]vc[0xc6][0xbf]S[0xda][0xff][0x80][0x19][0x84][0xeb]b1.[0x11]QE-[0xca]&lt;[0x1c]eN[0xdc][0xc4]X&lt;[0xf1]?i[0x15][0x16]&quot;[0xe4]HT[0xc6]T[0x94]8[0xde][0xdc][0xf1]0[0xe5][0xbb]/[0xa2]y4[0xa2]9[0x90]{[0xb][0xda]ji[0x3][0xdd][0x15]v7[0xb1][0x8e][0x9e][0xb7][0xc3][0x95][0xf2][0xd7][0xb5]e~.:[0x84]S[0xb0]Z[0xbb]j[0x96]G[0xa6][0xfc][0x15]6p[0xb0]r[0x13][0x87][0xfe][0x80][0xcc][0xc0][0x3]o![[0xb9][0x85]Co&quot;I[0xcf][0xc0][0xf8]:r[0xb7]0[0x92][0xf8][\r][0x11][0xdd]dV[0xbe][0x85][0xb1][0xb8][0x84][0xc6][0xf9][0x16]9[0xcc][0xed]1N[0xef][0x15][0xc8][0xe9][0xff][0xf1][0xff][0x0]PK[0x7][0x8][0x96][0x81][0xd5][0x4][0x9b][0x6][0x0][0x0][0x8c][0xe][0x0][0x0]PK[0x3][0x4][0x14][0x0][0x8][0x0][0x8][0x0][0xd4]|D5[0x0][0x0][0x0][0x0][0x0][0x0][0x0][0x0][0x0][0x0][0x0][0x0] [0x0][0x0][0x0]javax/help/TreeItemFactory.class[0x8d][0x91][0xcb]N[0xc2]@[0x18][0x85][0xcf] r[0x13][0x10][0x14]1[0xfa][0x4][0xb0]a[0xd6][0xa6]K[0x81]@[0x2]B,[0x9a][0xe8]nh[0xa1][0xa4][0xb4]d:[0xf5][0xf2]j.|[0x0][0x1f][0xca]8-%[0xb8][0x80][0xc8],[0xe6]$3&apos;[0xdf][0xce][0xcc][0xf7][0xcf][0xe7][0x17][0x80][0x16][0xea]Y[0xd4][0xb2][0xb8]`([0xaf][0x84][0xc][0x1c]of*![0x15][0xd9][0xc][0xd5][0xc6]`!^[0x5][0xf7]H[0xf1][0x87][0xfb][0x81][0xd1]|[0x8c]L[0xd2][0xb7]([0x8][0xda][0xa3][0xdb][0xc9][0xd3][0xb8][0xc3]p[0x93][0x98]\[0xe1][0xcd][0xb8][0xa9][0xa4][0x6][0x18][0x87][0x9c]D[0xb0]|[0x2][0x1b][0xf7][0x19][0x8c]5[0xe7][0x9d][0xcf][0xc9]][0xf1][0x9e][0xde]LR[0x7][0x93][\n]&quot;
2013-02-06 13:51:57,314 AAD-WS DEBUG wire:63 - &gt;&gt; &quot;[0x96]$[0xa1][0xa8][0xaf]h[0xc9]`[0xef][0x8d][0x14]*[0xc7][0xe5]=[0x11][0xcc][0x95][0x98][0xba]d[0xec][0x9f][0x18][0x1b][0x7][0xbe]%[0xb4][0xab][0xf9][0xd7]6[0x91][0x14]O1[0x18].[0x1b][0xfb]nJ[0x92]V[0xbe]TC]M[0xcc][0x88][0xa1][0xbe]#[0xd0]s[0x14][0xbb][0xe8]:[0xc1][0xc6][0x16]0\%[0xc4][0xf5][0xf8][0x8e][0x17].I[\n]&quot;
2013-02-06 13:51:57,315 AAD-WS DEBUG wire:63 - &gt;&gt; &quot;[0xe5][0xf8][0x9e]f[0x16][0x93][0xdf][0xe9]xv[0xf4]7[0x93][0xcd]s[0x5]o[0xfa][0x90]+=[0x9c][0xb7][0xe9]E[0x84][0xae][0x1a][0x86]q[0xbb]([0xcf][0x9d]oo[0xf3][0xff][0xef][0xd4][0xef]h[0xfa][0xa1][0xb4][0xa8][0xeb][0xb8]:vmS[0xa9]+,[0xe5][0xcb][0x8f]V[0xc4]a[0xb8][0xde]Q:q0T[0xb6]EG[0xd3][0x5]Y*[0xc3][0xc0][0x90]B[0xb4]ri[0x86]#[0xa4][0x1][0xad][0xc7][0xc8][0xc4][0x9a]E.[0xd6]&lt;[\n]&quot;
2013-02-06 13:51:57,315 AAD-WS DEBUG wire:63 - &gt;&gt; &quot;[0x89][0x9e][0xc4]ZD)[0xd6]2Nc[0xad][0xa0][0xaa][0x9][0xc]gzO[0xe1][0xfc][0x17]PK[0x7][0x8][0xde]z[0x8e][0xf0]R[0x1][0x0][0x0][0xbe][0x2][0x0][0x0]PK[0x3][0x4][0x14][0x0][0x8][0x0][0x8][0x0][0xd4]|D5[0x0][0x0][0x0][0x0][0x0][0x0][0x0][0x0][0x0][0x0][0x0][0x0][0x1b][0x0][0x0][0x0]javax/help/HomeAction.classuU]s[0xd3]F[0x14]=[0x1b][0x9c]HQ[0x4][0x4][0x85][0xd0][0xb8]P([0x14][0x88][0xe3][0xc4]VJh[0x1a][0x1c][0x8][0x18][0xc7]4[0x6][[0x9][0xe4][0x83]~[0xb7][0xb2][0xb2]q[0xc4]([0x92]GZ[0x87][0xf4][0x97]t[0xfa][0xb]x[0xee][0x8b][0xb]}[0xe8][0xb4][0xaf][0xfd]Q[0x9d][0xde][0x95]Ll[0x8f][0xcd]xtwu[0xf7][0xde]s[0xcf][0xde]=Z[0xff][0xfb][0xdf][0x9f][0x1][0xc8][0xc3]U1[0xa7][0xe1][\n]&quot;
2013-02-06 13:51:57,316 AAD-WS DEBUG wire:63 - &gt;&gt; &quot;[0xb2]*[0xe6]U,h[0xc8]![0xaf][0xe1]2L[0x5][0x8b][0x1a][0x14]|&gt;[0x81];X[0xd2]p[0x17]_(X[0xd6][0xf0]%VT[0xdc]SQ[0xd0][0xb0][0x8a][0xfb]q[0xa4][0x8a][0x7]*[0xd6][0xe2][0xa9]4[0xf]O3[0x1e][0xa9](J[0x8c][0xc7][0xd2][0x94][0x14][0xac]+(+x[0xa2][0xe0]+[0x86][0x94]U[0xac][0x95][0x19][0x8c][0xea]+[0xfb][0xd8]6=[0xdb]o[0x98][0xdb]&quot;t[0xfd][0xc6]*[0xc3][0xd9]R[0xe0]G[0xc2][0xf6][0xc5][0x9e][0xed][0xb5]8[0xc3][0xd8]}[0xd7]w[0xc5][0x1a][0xc3]t[0xa6]&apos;|[0xb3][0xfe][0x8a];bun[0x8f][0xc0]J[0xc1]&gt;[0xc5][0x9d][0xaf][0xba]&gt;[0xb7]ZGu[0x1e][0xee][0xd8]uOzlG[0xb8][0x81][0xbf][0xc5][0xc3][0x83] &lt;[0xe2][0xfb][0xc][0xd7]:[0x10][0xf6]ka[0xf2]c[0xee][0xb][0xb3][0x18][0x87][0x94][0xe5]&lt;[0x6][0xd3][0xb6][0x83]V[0xe8][0xf0]&apos;n[0xc][0xb0][0x11][0x1c][0xf1]$&quot;/[0xf3]h[0xb9][0xeb][0xd1]q[0x1d][0x1b]T[0xdd]u[0x2][0xbf]?Tz[0x14]Tt&lt;[0xc5]3[0x1d]U[0xd4][0x18]&amp;e[0xfa][0x89]y[0xc8][0xbd][0xa6][0xf9]t[0x83][0xac][0xe][0xb][0x9b][\n]&quot;
2013-02-06 13:51:57,316 AAD-WS DEBUG wire:63 - &gt;&gt; &quot;[0xb6]t&lt;[0xc7][0xb][0x5][0xdb]:v[0xb0][0xcb]p[0xb5][0xbb]C[0xab][0xe5]y[[0x81][0xeb][0xb][0x1e][0x96]O[0x1c][0xde][0x94][0xd0][\n]&quot;
2013-02-06 13:51:57,316 AAD-WS DEBUG wire:63 - &gt;&gt; &quot;[0xf6]t[0xbc][0x94][0x81][0x8a][0x8][0x2]O[0xb8]Mjbg[0x96][0xef]2P[0xf0][0xb5][0x8e]o[0xf0]-5[0xcf]v[0x1c][0x1e]E[0xc][0x17][0x92]I[0xbe][0x97][0xff]w[0xf8]^[0xc7][0xf][0xa0]mM[0x1e][0xba][0x91][0x8][0xc2]_[0xf2][0x87][0xb4][0xbc]e7[0xb8][0x8e]:[0x1c][0x1d][0xfb][0xa0].Lu9[0x9d][0x12][0xa1][0xd3][0xe8][0xd9]Q[0x17][0x94][0xe1][0x93][0x1e][0xb1][0x1e][0x89][0x90][0xe]An[0xb8]o}[0xe0][0x0][0xaa]T[0x9f][0xfb]&lt;d[0x98][0x1d]r[0xca][0x83]2[0x91]G[0xd5]a[0x10][0xbd]&amp;[0x87][0xb9][[0xa9][0xd9]&gt;[0x11]&apos;[0x4][0xa5][0xc1]E%&gt;[0x94][0xdb][0xc3][0x14]S[0xed]M[0x93]q[0xa4]9[0xb5][0xd9]z/[0xb7][0xbe][0xfa][0x9d]j[0xc3]u[0xa7]R[0x9d][0x1a]I[0xcf]c[0xb8][0x92]y[0xf][0x1b][0xef]{[0x87][0x9f][0xc4]{[0x8e]W[0x9]~[0xe6]Ck$([0x2][0x91][0xaf][0xdb]\0\[0xea][0x87][0xe9][0xf8][0x9][0xc0][0x18][0xf4]2[0x8c]Sj5pl[0xa9][0xd4][0x8b][0x9d]L[0xb3]%\[0xcf]L[0xbc][0xab][0x1d][0xd9][0xf5][0xfa][0x92][0x82][0xeb][0xfc][0xc0]ny[0xa2][0x9f][0x98][0xc4][0xdd][0xa5]HW[0xb8]&lt;J[0xd0][0x93][0xed]3[0xac]d[0x6][0xc1][0x87][0x9c][0xc9][0xb0][0xaf]Y[0x96][0xa3][0xf]Z[0x84][0x81][0xd7][0xc3][0xb2][0xb7][0x95]I))[0xa1][\n]&quot;
2013-02-06 13:51:57,318 AAD-WS DEBUG wire:63 - &gt;&gt; &quot;][0x11]Tm[0xa4][0xb2][0xce][0xa0]W|[0x92]C[0xc9][0xb3][0xa3]H[0xb2][0x99][0xee][0xef]L[0xcd]n[0xde][0xac][0xac]S[0xea][0x94][0x84]o[0x85]!)[0xc9][0xb2][0x8f][0xdd][0x86]M*&amp;[0x8d][0xf5]G[0xc7][0x1f][0xdc][0xe9]2e[0xe9][0xd1]i[0x96][0xac]U[0xca][0xc][0xc1][0xfe][0x80][\n]&quot;
2013-02-06 13:51:57,318 AAD-WS DEBUG wire:63 - &gt;&gt; &quot;[0x86]C[0xce][0xed])8[0xa4][0x8f]l[0x0][0x86][0xe1]\[0xbf][0x8f].[0x8d][0xcb]t[0xe1][0x12]Gz&gt;[0xc6]U\[0xa3][0xf1]S[0xba][0x8c]Gh[0x94][0xcf]u[0xdc] [0xfb][0x19]y~E[\n]&quot;
2013-02-06 13:51:57,319 AAD-WS DEBUG wire:63 - &gt;&gt; &quot;[0xa3]4nf[0xe7][\r][0xf6][0x7]F[0xb2][0xc6][0x19]#[0xf5][0x16][0xa3]m[0x8c][0xcd][0xff][0x3][0xe5]7[0xac][0xcc][0xff][\r][0xa5][0xc6][0xac][0x85]6[0xd4]w[0x18]ghC[0xb3][0xde]`[0xbc]@Q[0xba][0x95]5[0xce][0xe6][0x8c]soq[0xbe][0x8d][0xc9][0xac]q!g[0x18][0xf1]|[0xea][0xf7][0xb8]`[0xe][0x8b][0x98][0xa0][0xd9][0xcd][0xf8]`[0x82]l[0x96][0xae][0xe9][0x5][0x18][0xf4][0x96][0x86]I[0xc4][0x16])[0xea][0xe][0xc5]-[0xd1][0xec].[0x96][0xe9][0xf7][0x98][0xee][0xb][0xf7]([0xeb][0x16]nwH[\n]&quot;
2013-02-06 13:51:57,319 AAD-WS DEBUG wire:63 - &gt;&gt; &quot;&quot;[0xa9][0xd0][0xb8][0x92]m[0xe3][0xa2][0xa4][0x93][0x90][0x99]f[0xb0]rm\*[0xa4][0xc8]j[0x85][0xd1][0xf4][0xa8][0xf1][0x11][0x95]/[0x8c]-[0xa4]S[0xe9]1[0x8a][0x99]i#[0xfd][0x6][0xa9][0x9a]d[0x3][0xaa][0xb1]L[0xcd]H[0xd8][0xdc][0x80]J[0xf6][0x1][0xd9]5b[0xf3][0x10]3xDl[0x8a][0x98][0xa5][0xfa]K([0x11][0x87]25j6nY[0x6]?[0xd3][0xa8]Q[0xe6][0x8f]8[0xc0]OH[0xff][0xf]PK[0x7][0x8][0xea][0x11]&lt;[0xc8][0x9e][0x3][0x0][0x0][0xda][0x6][0x0][0x0]PK[0x3][0x4][0x14][0x0][0x8][0x0][0x8][0x0][0xd4]|D5[0x0][0x0][0x0][0x0][0x0][0x0][0x0][0x0][0x0][0x0][0x0][0x0][0x1d][0x0][0x0][0x0]javax/help/ReloadAction.classuT]S[0xd3]@[0x14]=[0xb][0xd5][0x84][0x10]D[0xc2][0xa7][\n]&quot;
2013-02-06 13:51:57,319 AAD-WS DEBUG wire:63 - &gt;&gt; &quot;&quot;~QZJ[0x10][0x15]+[0x5][0xb4] *[0xda][0x16][0xa4]P?_BY0LL[0x98]t+[0xfc][0x13][0xc7]_[0xe0]3/[0x15]}p[0xf4][0xd5][0x1f][0xe5]x7[0x8d]cj[0xeb]t[0xb2]{{[0xf7][0xec][0xb9][0xf7][0xee][0x9e][0xbd]?}[0xfd][0x6]`[\n]&quot;
2013-02-06 13:51:57,320 AAD-WS DEBUG wire:63 - &gt;&gt; &quot;oT\[0xd3]0[0x84][0xeb]*[0xc6]U[0xc4]5L [0xa1]a[0x10]I[0x5][0x93][0x1a][0x14][0xa4]:[0x9]dj[0x98][0xc6][\r][0x5]3[0x1a]n[0xe2][0x96][0x8a][0xdb]*f5[0xdc]A:@[0xaa][0xb8][0xab]b.0[0xe5][0x90][0x91][0xdb][0xe6]5,`Q[0xc1]=[0x5][0xf7][0x15]d[0x19]b[0x85]l~[0x85][0xc1][0xc8][0xed][[0xef]-[0xd3][0xb1][0xdc]=[0xb3](|[0xdb][0xdd][0xcb]0t-{nEX[0xae](YN[0x95]3[0x9c][0x9e][0xb7]][,2[0xf4][0xc7]#[0xf0][0xb5][0xed]}^[0x16][0x99][0x89][0x12][0x91]-{;[0x84][0xeb][0xce][0xd9]./T[0xdf]ms[0xd3][0xda]v[0xa4][0xc7]*[0xb][0xdb]s[0xd7][0xb9][0xbf][0xeb][0xf9][0xef][0xf8][0xe][0xc3]hHa[0x1d][\n]&quot;
2013-02-06 13:51:57,320 AAD-WS DEBUG wire:63 - &gt;&gt; &quot;[0x93][0xbf][0xe7][0xae]0[0xb3][0x1]dE[0xda][0x1][0x99]V[0xf4][0xaa]~[0x99]?[0xb4]%A[0xcf][0x6]w&lt;k[0xa7][0x8e][0x99][0x92];[0x19][0xf4][0xa8]O[0xc7][0x8][0x96]([0x3][0xbb][0xec][0xb9][0xff][0xc2][0xa5]O[0xc1][0xb2][0x8e][0x7]X[0xd1][0xf1][0x10][0x8f][0x18][0xce]J[0x8a]#[0xf3]-w[0xe][0xcc]&apos;[0x8f]i[0xd4][0xf1][0x18][0xab][\n]&quot;
2013-02-06 13:51:57,320 AAD-WS DEBUG wire:77 - &gt;&gt; &quot;[0x9e][0xe8]x[0x8a][0x9c][0x82][0xbc][0x8e][0x2][0xd6][0x18].[0xfe][0xad][0xb3]Pu[0x9c]u[0xcf]v[0x5][0xf7]W[0x8e][0xca][0xfc]@R+X[0xd7][0xf1]L[0x2][0x15][0xe1]y[0x8e][0xb0][0xf][0x18][0xfa]Bk*[0x9a][0x83][0x82][\r][0x1d]El[0xd2]!Z[0xe5]2[0xaf]T&quot;
2013-02-06 13:51:57,321 AAD-WS DEBUG wire:63 - &gt;&gt; &quot;[0x18]z[0xeb][0xc6]Tc[0x15][([0xe9]x[0x8e][0x17][\n]&quot;
2013-02-06 13:51:57,321 AAD-WS DEBUG wire:63 - &gt;&gt; &quot;^[0xea]x[0x85][0xd7][0xc][0x83][0x91]T[0xa3]X[0x86][0x91][0xc8]Jv[0xbb]&quot;|:eYK[0xc3]z[0xd3][0x9][0xe7][0xec][0x8a][0xe0].[0xf7][0x19][0xc6][\c[0xb3][0xe][0xe4]][0xf4][0xd7]#U[0xe][0xc9]an[0xad][0xe6]-[0xd7][0xda][0x93][0xc][0xca][0x1e][0x17][0xab][0xc1][0x89]_o%[0x89]\t[0x9b][0xc4][0x91][0xa8][0xd4][0x83][0xea][0x1f]=5[0xc4][0xf][0xa3][0xb5][0x16][0x96]Jq[0xf2][0xa4]-[0x87]a8[0xfe][0x87]6[0xa8]{[0x93][0x1f][0x5]5[0x7][0xab]D?[0xf4][0xbf]5[0x12][0x14][0x91][0xc8][0xbf]E.[0x18][0x6][0x1a]iB?[0x11][0x18][0xcd]^[0x86][0xe][0xda][0x9a][0xf3][0xca][0x96][0x94]b_[0xb8][0xd3][0xac][\n]&quot;
2013-02-06 13:51:57,321 AAD-WS DEBUG wire:63 - &gt;&gt; &quot;[0xdb]1[0xeb][0xde]L[0xa8][0xa8][0xa8][0xaf][0x1e][0xf0][0x1][0xdf][0xb5][0xaa][0x8e]hLL[0xf2]n[0x11][0xd2][0x16]6[0xaf][0xd4][0xd9][0xeb][0xe5]3[0xa4][0xe3][0xcd][0xe4]-[0xee][0xa4][0xd5]s[0x95][0xe1][0xe8][0xc5][\n]&quot;
2013-02-06 13:51:57,322 AAD-WS DEBUG wire:63 - &gt;&gt; &quot;[0xdf]s&quot;YF[0x8f][0x92][0xb2][0xc]1$[0x87][0x92][0xcd][0xf][0xe5][0x1d][0x8e]5[0x9e]D[0xf0][0x1a][0x1a] [0x99]F[0xa5]5[0x3]H[0xd4]~ L[0x86][0xf6][0xf8]D[0x9]c[0xd4]m[0x86][0xc0]p[0x8e][0xbe][0xf3][0xf4][0xbb]@[0xf3]0u[0xb5]6[0x9a][0xe5]7[0x82][0x8b]4[0x8e][0x92][0xe7][0x3]b8E[0xf3]Z&quot;i[0xb0][0xcf]hK[0x18][0xed]F[0xec][0x4][0xa7]j8[0x9d][0xfc][0x1][0xe5]#[0xd2][0xc9][0xef]P[0xf2][0xac]0Y[0x83][0xfa][0x5][0x1d][0xc]5h[0x85]O[0xe8][0x98]#[0x94]^H[0x18]])[0xe3][0xcc][0x9][0xba]k8[0x9b]0zR[0x86][0x11][0xd8][0xbd][0xc7]D[0x9])j[0x8e][0x9d][0x81]%[0x1b]j&apos;[0x8d][0x9][0xea][0x80][0x93]0[0xe8][0xdf]9[0x98][0x94][0xc4]4[0xad][0xcd][0x10][0xee]&amp;Y[0xb7]0K[0x9d]s[0x9]iz[0xf8]s[0xb4]k[0xc][0x97][0xc3]$gi[0x8e][0xd1]l$j[0xe8][0x93][0xe9]P2[0xfd][0x85]T[\r][0x3][0xc7][0xe4][0xad][0xf3][0x1b][0x1]b[0x1]*[0x16][0xd1][0x85]{[0xe8][0xc1]}Z[0xb9][0x12][0x14]}[0xf5]7PK[0x7][0x8]QZ[0xaa][0x9][0x16][0x3][0x0][0x0][0xd5][0x5][0x0][0x0]PK[0x3][0x4][0x14][0x0][0x8][0x0][0x8][0x0][0xd4]|D5[0x0][0x0][0x0][0x0][0x0][0x0][0x0][0x0][0x0][0x0][0x0][0x0][0x1c][0x0][0x0][0x0]javax/help/AppendMerge.class[0x8d][0x94]]sSE[0x18][0xc7][0xff][0xdb][0xbc][0x9c]$=[0x85]6P[0xb4][0x98]b[0x0]k[0xd3]$M[0x14][0xd0][0xd2]W))[0xa5][0xc5]&amp;T[[0x82][0x14][0x14]O[0x9b]mz[0x98][0xbc][0xcd][0xc9]I[0x81]{/[0xfc][\n]&quot;
2013-02-06 13:51:57,323 AAD-WS DEBUG wire:63 - &gt;&gt; &quot;:[0xe3][0x85]W[0xdc][0x2]:[0xa1][0xa3]3[0x8e][0xd7]~[0xc]/[0xfc][0x18][0xe2][0xcf]Ih[0xa6][\r][0x19][0xe7][0xcc]&lt;[0xbb][0xfb][0xec][0xf3][0xf2][0xdb]g[0x9f][0xb3][0xfd][0xfb][0xdb][0x1f][0x0]R[0xd8][0xe][0xe1],[0x92][0x1]L[0x86]0[0x82]T[0x90]&quot;[0xad]f[0x1f]i[0xf8]X[0xc3][0xa5][0x10]4\[0xe][0xe0][0x8a][0x1a]?[0x9][0xe1]SL[0x5]pU-[0xa6]C[0xf0]cF[0x89][0xd9][0x0][0xe6][0xd4][0xce][0xbc]Z,([0xf1][0x99][0x12][0xd7]T[0xa8][0xc5] [0xae]#[0x13][0xc0]R[0x8]7[0xb0][0xac][0xe1][0xa6][0x86][0x15][0x1]_An7[0x8a][0x2]bK[0xc0]?gVL{A`*[0xb6][0xf6][0xc8][0xd8]7[0x9e][0xa4][0xf7]d[0xa9][0x96][0xce][0x19][0xfb]f[0xd1][0xb0][0xab]V[0xde][0x94][0x8f]g[0xdf][0xbe]3[0x91][0x17][0xf0]f[0xaa][0x5])pr[0xcd][0xac][0xc8]\[0xa3][0xbc]-[0xad]Mc[0xbb]D[0x8d]^[0xb3][0xaa];[0xb2]^[0xcf]J[0xab][0xc8][0xe5][0xd5]v[0x86][0xfa]c[0xb3]RL[0xdb][0x96][0x94][0xe9]M[0x8a][0x1c][0xdd]g&apos;z[0xec][0x9][0x84][0xca]*[0x84]Z[0xd4][0x5][0xa6]{[0xc5][0xe9][0x95][0x82][0xac]Co[0x2]e[0xf6][0xcc]R[0xc1][0x92][0x15][0x81]s=[0xb9][0xe8]4[0xec][0x1a][0xa4]K[0x6][0xb7]7l[0x8b]V[0x8e]&gt;0[0xb7]SjU[0xcf][0x13]S[0x8a][0xd0]F[0xb5]a[0xed][0xc8]eS[0x9d]~p[0xb1]V[0x93][0x95][0x82]s[0xf8][0x94][0xf2][0xd7]1[0x8a]s[0x2][0xfd]u[0xdb][0xb0][0xec][0xa8][0x3][0xa2][0xe3]=[0x8c][0xeb]X[0xc5]-[0x1d][0x17][0xf1][0x81][0xc0][0xf8]1[0x92]%[0xb9]k4Jv[0xb6]a[0xab][0xa2][0xb6][0xb9][0x4][0xce][0x1c]E[0xba][0xde][0xd8][0xdd][0x95][0x96]J2![0x10]&gt;,X[0xb4]l[0xd4]mi[0xcd][0xeb][0xf8][0x1c]k[0x1a][0xb2]:r[0xb8]-[0xa0]E[0xeb]%c_R[0xbd][0x8e]/t|[0x89][\r][0x1d][0x9b][0xb8][0xd3][\n]&quot;
2013-02-06 13:51:57,323 AAD-WS DEBUG wire:63 - &gt;&gt; &quot;[0xfc]$[0xa5].;[0xd5]q[0x4][0x1d]c[0xc8][0xeb][0xb8][0x8b][0xaf]t[0xdc][0xc3][0x96][0x8e][0xfb]x[0xa0][0xf0]#[0x1a][0xbe][0xd6][0xf1][\r][0x1e][\n]&quot;
2013-02-06 13:51:57,323 AAD-WS DEBUG wire:63 - &gt;&gt; &quot;[0xc]t[0x98]Gg4|[0xab][0xc3][0xc0]x;[0xa2][0xdb]&gt;[0x1d]&amp;,Q[0xc7]FK[0xa5];T[0x9b][0xd5][0x9a]{[0xca].m[0xd1][0xbd] l[0x12][0xbf][0xe1][0xc4][0x16]Hv[0xbb][0xaf]c*[0xb7]^[0xf4][0x1b]=J[0xb1][0xc2][0xd9][0x1d][0xdb],[0x99][0xb6][0xa9][0xfa][0xad][0xbf](m[0x95]&quot;g[0x94]I4[0xdf][0xa5][[0xde][0x82]t&lt;&apos;[0xb3][0x5][0xec][0xaa];[0x17]8[0x1d][0xeb]j1[0xc0]|[0xcb][0xa6]U[0xb7][0x9d][0x16]%_[0xac][0xf7][0xcf][0xe1]1[\n]&quot;
2013-02-06 13:51:57,324 AAD-WS DEBUG wire:63 - &gt;&gt; &quot;[0xb4][0x1a][0xeb][0xc2]u[0xc][0x88]=[0xba][0xd0][0xa5]8[0xff][0xff]Dy[0x17][0xcf]![0xcb]T[0x1b][0x15][0xdb]i[0xfd]U[0xb6]~[[0xbb]h[0xab]?j[0xb5]7[0xb2][0xdf][0xac][0xaf]Ic[0xd7]q[0xde]j[0xf5]A[0x8b][0xe8])[0x9b][0xb5][0xcc][0x8d]j[0x83][0x81][0x86]]V[0xb3][0x9a]^&apos;[0xa8]M\i[0x94][0xe9][0xaa][0x8b][0x9a]-]S[0xab]R[0x5][0xe7][0xf9][0xf4][0x9d][0xe5][0xeb]J,[0xd5][0xa1][0x9c][0xf9]9[0xe7][0xdf]G[0xf9]&gt;W[0x17][0xe1][0xe1][0x7]h[0xf1]D[0xf2][0x15][0xc4][0xb][0xc7]4J[0x19]B[0x1f][0xe5][0x4][0xcd][0x13][0xd4][0x9c][0xc7][0x85][0x96]C[0x9a]z[0xb5]s2[0xdc]w[0x0]O&quot;[0xfe]+[0xbc][0x7][0xf0]%[0x9e][0xbf]q&lt;[0xe1][0xc4][0xbb][0x2][0x1f][0x1f][0xe2][0x1]L![0xa8]~[0xe7][0x96][0xf3][0xf7]t[0xf5]q\[0x8f][0xff][0x9]6A[0x91][0xfb][0x1d][0xda][0xbd]W[0x8][0x84][0x83]M[0x84][0x92][0x7][0xe8][0xe7][0x10][0xd6])&amp;[0xdd]y[0x13][0x3]L[0xf3][0xc]#[0x93]M[0x9c][0xa0][0xfd][0x8c]79[0xe2]m2[0xfb][0xe0][0x8][0xf3][0xe]Q[0x1b][0xfe][0xe9][0xf5]?[0x87][0xd8][0x1f]2[0x1f][0xf8][0xd2][0xfb][0x90][0xe1][0x11][0x96][0x88][0xbb][0x8c]K[0xb8][0x89]Y[0xbe],[0x8b][0xb8][0x85][0x15][0xae]o#K[0xab]1[0xda][0xba]TOI[0xe5][0xe5]xCQ[0xad]u[0x2]%:!&lt;[0xf3][0xcf][0x10]ID[0x9a]8[0xa5][0xb8][0x99][0xf9][0xf4][0x8f][0x8][0x86][0x7][0x9]:[0xf4]][0x9f][0x88]$[0x88][0xf2][0xf3][0xeb][0xbf][0xf]Q. @[0x99]&apos;[0xca]][0x96][0xfb]&gt;[0xcb][0xf0][0x0]I&gt;[0xf][0x97][0xf1][0x10][0xd3]\/a[0xc7][0xb9][0x94][0xf1][0x16][0xc6]5[0x16]Np[0x8c][0xbe][0xc4][0xf0][0xf][0x88][0xbc][0xc4][0x99]6[0xca];d[0x88][0xbb][0x1c]M[0xbc][0xfb][0xe2]H[0xa9][0x8b][0xbc][0xa3]=Fx[0xc4]|1[0xde][0x98][0x1b]m[0xd4][0x89][0x5][0xf8]&lt;[0xbf]`[0xf8][0xd0][0xc5][0xef][0xa8]%e[0x9c]c[0x1f][0x12][0xff][0x1]PK[0x7][0x8]D[0xd5]?[0xd3][0xc0][0x3][0x0][0x0]~[0x7][0x0][0x0]PK[0x3][0x4][0x14][0x0][0x8][0x0][0x8][0x0][0xd4]|D5[0x0][0x0][0x0][0x0][0x0][0x0][0x0][0x0][0x0][0x0][0x0][0x0]*[0x0][0x0][0x0]javax/help/Merge$DefaultMergeFactory.class[0x9d]U[0xdd]o[0xdb]T[0x14][0xff][0xdd]~[0xc4][0x89][0xeb][0xae][[0xd6][0x96]z[0xb4]%[0x83]nM[0xd3][0x8f]0[0x6][0xc][0x9c]2[0xd8][0xba][0x95][0x16][0xda]l4[0xa5]%[0x8c][0xaf][[0xe7]6x[0xb8]v[0xe4]8][0xb][0xf][0x8][0x1]B0x@ ^[0x91]x[0xa9]x[0xe3]CJ&amp;*[0x18][0xf]h[0x95]x@[0xfc]E[0x88]s[0xed][0x8c]&amp;m[0x6][0x12]~8[0xf7][0xde][0xdf]9[0xbf][0xf3][0xe5][0xe3][0xeb][0xdf][0xff][0xfa][0xe9][0x17][0x0]S[0x10]*[0xba]1[0xaa] [0x19][0xc5][0x98][0x8a]6[0xa4]T[0x8c]cB[0x8a]I[0x95][0xd4]i)[0x1e]Vp&amp;[0x86]8[0x1e][0x89][0xe2][0xac]J[0xeb][0xa3][\n]&quot;
2013-02-06 13:51:57,324 AAD-WS DEBUG wire:63 - &gt;&gt; &quot;[0x1e]S[0x11][0xc3][0xe3]*[0xce][0xe1][0x9][0xb9]{R[0x85][0x81][0x8c][0x82]i[0x5]O[0xa9]8[0x8e][0xf3][\n]&quot;
2013-02-06 13:51:57,325 AAD-WS DEBUG wire:63 - &gt;&gt; &quot;[0x9e]V[0xf0][0x8c][0x8a]~[0x8c]FqA[0xae][0x17][0xa5][0x98]Q[0xd1][0x87][0x94][0x82]K*[0x6]qY[0xc1],Cd[0xda]r,[0xff]&lt;C{rl[0x85][0xa1]c[0xc6]-[0x8][0x86][0x9e][0x5][0xcb][0x11][0xd9][0xca][0xc6][0x9a][0xf0][0x96][0xf9][0x9a]MH[0xb4]([0xfc]E[0xe1][0x15]i;[0x97]\[0xb8][0xce]7[0xf9]V[0xfa]Ma[0x97][0xd2]Y[0xbe]i[0x15][0xb9][0xef]z+[0x96][0xb8][0x91][0xb9][0xb7]f[0xac]Q[0x15]x[0xca]0[0xa8]9[0xb7][0xe2][0x99]b[0xd6][0x92]![0xd4][0x0][0x9d][0x92]f[0x1a][0x1e]@[0x82]aX[0xee][0xd3]6w[0x8a][0xe9]l[0xc5][0xb6][0xaf][0xba][0x96][0xe3][0xb][0xef][0xf2][0x96])J[0xbe][0xe5]:[0xc]#[0x1b][0xbc]L[0x88][0xc][0x90][0xe0]N![0xed]z[0x89][0xb2][0xcd]7E[0x8]x&quot;[0xe1][0x10]M:[0x9b]W[0xf0][0x9c][0x86][0xe7][0xb1][0xa0]a[0x11]Y[0x5]W4\[0xc5][0xb][0x1a][0x96][0x90][0xa3]j[0xf7][0xc3][0xcc][0xd8][0xbc]\[0xd6][0xb0][0x8c][0x17][0x19][0x6][0x82][0x84][0xa7]d[0xc2]SM[0xb5]hX[0xc1]*[0xc3][0xd1]}[0xda][0x95][0xb5][0xeb][0xc2][0xf4]5[0xbc][0x84]U[0x5]y[\r]/cU[0xc3]5[0xbc][0xa2][0xe0]U[\r][0xaf][0xe1][0xf5][0xba]qc[0xf5][0xc][0xc7][0xf7][0xf9][0xff][0x94][0xa4][0xe1][\r]Y[0xf8][0x89]}[0xd5]R[0xc5][0xf1][0xad][\r][0xd1]Pt[0xff][0xbe]2[0xe7]{[0x96]S[0xbc]XY_[0x17][0x1e][0xc3][0xe0][0x8c][[0xb1][0xb][0x9][0xc7][0xf5][0x13][0xa6]&apos;[0xb8]/[0x12]A[0xa4][0x84][0xbf]][0x12][0x9][\r][0x1c]k[0x1a]L,[0xd4]=[0xd4][0x93][0xb9]P*[0x9][0xa7][0x10][0x18][0xca]F[0x15][0xa8][0xa9][0x7]S[0x1d][0xb9]$[0xd6]y[0xc5][0xe][0xdf][0xff],7[0xa9][\r][0xdb][0x94]~KT[0x9b]w[0x1c][0xe1][0x5]m[0x14]e[0x86][0xbe]pV[0x1a][0xb3][0xcd][0xc8]9[0x1b][0xb8][0xd7][0x9c][0x90][0x87][0xbb][0x93][0xb6]Li3[0xf4]&amp;[0xc7][0xe][0xbb][0xa0]a![0xab]9b[0xe7][0x84]O[0xf5]$[0x9b][0xa6][0xab][0x8e][0x93]U[0xfc]0[0xca][0x10]#[0xea][0x82]kr[0xbb][0xd1]{[0xc5][0xb7][0xec]t[0x88]f[0xee][0x9a][0xf0][0x82][0xec][0xaa][0xde][0x94]@PY[0xa8]&quot;[0xbb]aS[0x1e][0xc3][0x86][0x8d][0xc8](#[0x7][0x8a]9v[0x90]J[0xa4]HHb8[0xd5][0xaa]9-[0x8][0xca][0xba][0xeb]e[0xf9][0x6][0xa5][0xdb][0xd7]2[0x11][0xca][0xd7][0xa6]M[0x80]0[0x1c][0xa1][0xdc]g\[0xa7][0xec]{[0x15][0xf9]N[0x18][0xce]&amp;[0xaf][0x1d]r[0xda][0x18][0xc6][0x13][0xeb]6Mo[0xba][0x81]DA[0x87][0xfe][0xd5][0x80][0xa1][0xcb][0x11]7[0xe6][0xe9][0xcc][0x1d][0x93][0x12][0x1b]m[0x8a][0x11]~[0xe]MA[0xea][0x10]}l%[0xaa][0xd3][0xcf][0xf9][0xdc]|k[0xd9][0xe3][0x92][0x1b][0xe1][0xc1][0x8]2L[0xfc]G?[0x1a][0xa7][0x9d]&lt;E}7D[0x18][0xce][0xfd][0xbf]+i[0x5]&apos;1L[0x17][0xb0]|[0xda][0xc0][0xe4][0xa5]C[0xf2]$[0x9d][0x86]he[0xb4]v[0xa6]j`[0xdf][0xd3][0x86][0xe1]A[0x92][0x91][0x0],[0xd2][0x95][0xfb][0x10]FBS6[0x8d]Nt[0x11][0xfa]&apos;[L[0xdd][0x81]2[0xbe][0x87][0xee]][0xb4][0xe5][0xe3][0xed]5t[0xdc]NU[0xd1][0x99]%[0x11]1:[0xf4][0x8e]*[0x14][0xa3]S.Q#2y[0x7]_u[0xfe][0x8c]X[0xbe][0xfd][0x7][0xa8]{[0xe8][0x89]w[0xdd][0x82][0x96][0xff][0x11][0xea][0xe]&quot;[0x84][0xe4][0xf2][0x1d][0xad]q#F[0xac][0xee]|{[0x8a],[0xc6]s[0x86][0xaa]G[0xf6][0xa0]M[0xde][0xc2][0x11]C[0xd9]A[0x97][0x1e][0x99][0xac][0xa2][0xc7]PtE[0x8f]Uq[0xd4][0x88][0xea]Q][0xad][0xe2][0xd8][0xaf][0x88]/[0xee] m[0xc4]$[0xdc][0xbb][0x8b][0xbe][0xfc].[0xfa][0xf3]5[0xdc][0x17][0x1f][0xa8]B&apos;[0x8e]^[0xc5][0x89][0x1a][0xee][0xbf][0xbd][0x8b][0xc1]|j[0xbc][0x86][0xa1][0xc5][0x89][0xef][0xa8][0xbe]3[0xf8][0x1a][0xdf][0xd0][0xf]%[0xac]~[0x9][0xbd]$=j[0x95][0xf][0x15][0x15]:mA[0xc7]6[0xb5][0xed]m[0x9c][0xc6];[0x98][0xc4][0xbb][0xc4]x[0x8f][0xfa][0xf3]&gt;i? [0xf4]C[0xda]}[0x84][0x9b][0xf8][0x18]_[0xe2][0x13][0xf2]u[0x93][0xbc]}[0x8a]o[0xf1][0x19]~[0xc3][0xe7][0xf8][0x3]_[0x90][0xaf]SA[0xf3]Oc[0x8e]V[0x95]&quot;[\r][0xd3]/[0xee]Y[0xc4][0xfe][0x6]PK[0x7][0x8][0xcf]Zz:[0xe8][0x3][0x0][0x0]#[0x7][0x0][0x0]PK[0x3][0x4][0x14][0x0][0x8][0x0][0x8][0x0][0xd4]|D5[0x0][0x0][0x0][0x0][0x0][0x0][0x0][0x0][0x0][0x0][0x0][0x0][0x16][0x0][0x0][0x0]javax/help/Merge.class[0x95]Ums[0x13]U[0x14]~n[0x9b]v[0x9b][0xcb][0x96][0xb6]i[0xa9][0x80][0x8a]V[0x3]&amp;i[0x9b](/}![0xb5][0x88]i+[0x95][0xb0]E[0x13][0xb][0x94][0x17][0xb9][0xd9]^[0xda]e6[0xbb][0x99][0xdd]Mi?[0xfa]3[0xfc][0x5]~[0xf0][0x8b]8[0x12][0x18][0x99]A[0xbf]9[0xe3][0x8f]r&lt;w7[0x84]$[0xa4][0x9d]![0x99][0xdc][0xcd]=[0xe7]9o[0xcf]9[0xf7][0xee][0xbf][0xff][0xfd][0xf9][\n]&quot;
2013-02-06 13:51:57,325 AAD-WS DEBUG wire:63 - &gt;&gt; &quot;@[0x16]&amp;G[0xe][0x9f]k[0xf8]B[0xc3]y[0x8e]&gt;\[0xe0][0xe8][0xc7]E[0x8e]I\[0x1a][0xc2][0x9c]R[0xce]kX[0xe0][0x88]c1[0x8e][0x13][0xb8]&lt;[0x84][0xbc][0x86]%[0x8e]a[0xb5][0xff][0x12][0xcb][0x1c]W[0xf0][0x15][0xc7]U|[0xcd]Q[0xc0][0x8a][0xc2][0xac]r[0xac][0xe1][0x1b][\r][0xd7]4[0xac]k[0xf8][0x96]a|E&gt;[0x12]u;[0xb8]![0xbd][0x1d][0xb9]&amp;[0xcc][0xc0][0xf5][0xe][0x18][0xf4]u[0xc7][0x91]^[0xc1][0x16][0xbe]/}[0xda][0xfa][0xb6][0xd8][0x93]e[0xb7]f[0xb8][0xdb][0x92]!]|,[0xf6][0xc4]~[0xce]b9;[0xb9][0xc0][0x93]2[0xf7][0xda]K=[0x10][0x15][[0x96]I[0xa4][0xa0]y[0x86]A[0xdb]5[0x85]MF[0x89][0xd0](W[0xf],;W[0xc]e[0xa4]=c[0xaa][0x10][0xc9][0xd0]]rW[0xda][0xb5][0xa4]![0xf6][0xac][0x1d]AYlZ[0xf2][0x9][0xc3]Xde[0xb][\n]&quot;
2013-02-06 13:51:57,326 AAD-WS DEBUG wire:63 - &gt;&gt; &quot;[0x14][0xa6]CF[0xf1][0xd2][0x81][0x13][0xec][0xca][0xc0]2[0xc9][0xfd][0x92][0xe5]X[0xc1]2[0xc3]|[0xaa][0x99][0x94][0xf2][0x92][0xeb][0xf0][0x92]?\[0x93][0xde]d[0x88][0x15][0xc2][0xa2]F[0x8a][0x96]#[0x8d]z[0xb5]&quot;[0xbd][0xb2][0xaa][0x81][0xaa][0xae]y[0xae])}?[0xa4][0x86]a![0xf5]v[0xd9][0xad]B{P[0xd2]F[0x2][0xaf]*[0x17]jCd.[0x1e][0xe5][0xe7][0xa8][0x10][0x94][0xeb]X[0xcb]Qa[0xd7][0xb2][0xb7]=[0xe9][0x10][0x87]G[0xe6]EF[0x83][0x11][0xc9][0xc]gSml[0x96][0x2][0x8f][0xe0][0xcd][0xc4];[0x9][0xe6]%[0xb7][0xee][0x99]r[0xcd]R,[0xf0][0xb0][0xfc][0xac]Bi[0xb8][0xae][0xa3][0x88][0x19][0x86][0x8f][0xbb][0x8c][0xc]7Xs[0xeb][0xce][0xf6][0xea][0xbe])k[0x81][0xe5][0xaa][0xb4][0xde]@[0xc]7[0x4][0xd1][0x8c]D [0xcf]s=[0x1d]7`[0xe8][0x98][0xc2][0x86]Zn[0xd2]|[0x84]EdU[0x93][0xb2][0xe5][0x8d][0x82]j[0x8f][0x8e][0xef][0xf0][0xfd]kM[0xd4][0xbe][0x96][0xa6][0x84][0xb2][0x8e][0xd3]x[0x9f]a[0xa2][0xcd]p[0xdd][0xd9][0x96][0xfb][0xd1][0xe4]L[0xb4]Y[0xb5][0xc4][0x1a]~[0xd0][0xb1][0x89][[0x1a]n[0xeb][0xb8][0x83]-[\r]wu[0xdc][0xc3]}[\r][0xf]t[0xfc][0x88][0x87]:&gt;[0xc0][0x87][0x1a][0x84][0x8e][\n]&quot;
2013-02-06 13:51:57,326 AAD-WS DEBUG wire:63 - &gt;&gt; &quot;[0x1e]2[0x8c][0xb6][0xf9]hN[0xc1][0xe8][0x9b][0xb2]6*[0x8f][0xa5][0x19]0$[0xbb]Q[0xc9][0x9e]gj[0xa4][0x8b]3[0x6][0xed][0x91][0xeb][0x19][0xa2][0xaa]H[0xde][0x91][0x84][0xf6]}[0xa1]BL[0xa4][0xd2]o[0xf7][0x89][0xe1]D[0xaf][0xee]Q{[0xfb]Sj[0xe5][0x96][0xbf][0xee][0xf8][0x81]pL[0xd9][0x5][0x8d][0xd2][0xcc][0xa7][0xb7][0x18][0x86])[0xcc][0x8a][0x8][0xc4]U_[\r][0x8][0xc3]t[0xea]][0x8e]r[[0xe9][0xa5][0x3]?[0x90]U[0x8a]-=[0x8f][0xc2]E[0xd1],7w[0x93][0xb2][\n]&quot;
2013-02-06 13:51:57,326 AAD-WS DEBUG wire:63 - &gt;&gt; &quot;(7)[0xaa]d0[0xde]CLU[0xd7][0xd4][0xce]v[0xe]I[0x93]j9y[0xd8]y[0x8d][0x88][0xba]F[0xf2][0x92]$[0xe2]&apos;[[0xe9][0x87][0xd0][0xa6]&lt;[0xdf]91-t[0x9c]L[0x8b][0xcd][0xcb][0xa8]Eq[0xe7]u4[0xda]-[0x8b][0x2]6[0x19][0x89]M[0xd1][0x5]:I7s?bj[0xf4][0xe8]_L[0xcd][0xb]=[0x87]p[0x6][0x1f][0x81][0xce][0x5][0xd4]g[0x80][0xe4]S[0xf8][0x84][0xf6][0x9f][0xd2][0xee]W[0xba][0xb9]c[0xf4][0xbc][0x9b]y[0x8e][0xc1][0x84][0xf6][0x2][0xcc][0x98][0x9d]i`[0xe8]g[0x1c][0xcf][0xcc][0xfc][0x8d]x[0x3][0xfc][0x19][0x8e]%[0xf4]n[0xc5]p[0x3][0xc7]I[0xf1][0xb][0x8e][0x19][0xbf]cd[0xb6][0x81][0xd1][0xcc]t[0x3]c[\r]$[0x9e]a&lt;[0xf3][0x7][0xc6][0xff][0x1][0xcf][0xbc][0xc0][0x4][0xed][0x9e]R[0xa8][0x18][0xe6][0xb0]H[0xa1]h[0x1e])[0xd8][0x1c][0xbd][0x4][0x80][0xb][0xa1][0x94]c[0x1e][0x9],P[0xa2][0x97])[0xa1]&lt;[0xa6][0xb1]D[0xd2]eB_Q[0xef][0x6]:[0xd1][0x5]:N+[0xd8][0xc2]j[0x8c].[0x9][0x9c]#[0xcb]8&gt;C[0xaa]Y[0xc0])[0xfa][0xf5][0xd1][0x8f]=UK[0xe8]~[0x90][0x9e][0xc0]m[0x82][0xa5][0x91]i[0x83][0xb1]^[0xb0][\n]&quot;
2013-02-06 13:51:57,327 AAD-WS DEBUG wire:63 - &gt;&gt; &quot;[0xd1]3[0x8d][0x19][0xf2][0xa1]`[0xe7][0x89]&gt;[0xe5]-A[0xb9][0xb3][0xdf][0x8a]/[0xd1][0x87][0xca][0x8a]=[0xc7][0xc0]_!z[0x80][0xbe]}[0x1d][0xf6]?5i[0xed][0xc3]l[0xb8]f[0xc3]P[0x9c]t[0xef]QCN&quot;[0xfe]?PK[0x7][0x8]C[0x87]Z[0x98][0xa6][0x3][0x0][0x0]1[0x7][0x0][0x0]PK[0x3][0x4][0x14][0x0][0x8][0x0][0x8][0x0][0xd4]|D5[0x0][0x0][0x0][0x0][0x0][0x0][0x0][0x0][0x0][0x0][0x0][0x0]*[0x0][0x0][0x0]javax/help/TOCView$DefaultTOCFactory.class[0x9d]V[t[0x1b]W[0x15][0xdd][0xc7][0x96]4[0xa3][0xf1][0xd8]N[0xe5]8[0xee][0x84][0xa4](ip[0xfc][0x90][0xad]4)[0x10][0xe4]4[0xa4][0xb1][0x1d][0xa2][0xe2][0x87][0xa8]eS[0xbb][0x8f]t,[0x8d]e[0xb9][0xf2][0x8c]2[0x1a]%v[0xa1][0xcf][0xb4][0xa1]-m[0xda]P[0xa0]8[0x85][0xb4][0xbc]j[0xde][0xa4][0xf][0xcb]I[0x9c]E[0xe0]&apos;[0xb0]`[0xf1][0xcd]/[0xac][0xc5][0x17]?[0xfc][0xb1][0x80]sg[0x14][0xc7][0x96]e[0x9a][0xc5][0xc7][0x9c]{[0xef][0xb9][0xe7][0xee]{[0xde]s[0xff][0xf8][0xef][0xab][0xbf][0x1][0xd0][0x8d]k[\n]&quot;
2013-02-06 13:51:57,327 AAD-WS DEBUG wire:63 - &gt;&gt; &quot;[0xe]bT[0xc2][0x98][0x82][0x1a][0x8c][0x6][0xf1]Y|Y[0x90][0x87]$[0x8c][0xcb]8[0xa4] [0x80][0x9][0xb1]~X[0xc6]#[\n]&quot;
2013-02-06 13:51:57,327 AAD-WS DEBUG wire:77 - &gt;&gt; &quot;Z[0xf0][0xa8][0x8c][0xc7]d[0x9c]P[0xf0]8t[0x85][0xf9][0x93]2R[0x82][0x9f][0x96]`[0xc8][0x98]R[0x10][0xc2][0x84][0x8c][0x8c][0x82]id%[0xcc][0xc8]xBFN[0xc6][0xac][0xc]S[0x86]%#[0xaf][0xe0]$l[0x9][0x5][0x9][0x8e][0x82]0[0x8a][0x82][0x9c][0x12][0xe4][0xb4][0x8c]91[0xce][0xcb]x[0xd2][0x1d][0x5][0xf9][0x8a] _[0x15]dT[0xe8][0xf7][0x94] O[0x7][0xf1][0xc][0x9e][0x95][0xf0][0x9c][0xc2][0xea][0x8f][0xca]x^[0x8c]g[0x4]yA[0x90][0x17][0x15][0x9c][0xc5][0xd7][0xea][0xf0][0x12]^[0x16][0xe4][0x15][0x9][0xaf]Jx][0xc2][0x1b][0x4]y[0xd6]([0x14][0xf4][0x8c]Q [0x84][0x6]f[0xf4]Sz[0xb4][0xe8]ds[0xd1]1#[0xe5]Xv[0xf]!P[0xb0][0x8a]v[0xca] 4x[0xbb][0xa6][0xe1]DG[0x1f][0x1c][0xe0][0x1d][0xe5][0x94][0x9e][0xcb][0xa6][0x13][0xba]][0xe0]][0x9a]`[0xd1]CY3[0xeb][0x1c]&amp;[0xd4][0xb6][0xb5][0x8f][0x11]|[0xbd]V[0x9a]w[0x1a][0x7][0xb2][0xa6]1T[0x9c][0x9d]4[0xec][0xa4]&gt;[0x99][0x13]Hy&gt;[0x93]53#[0x8e]n;F[0x9a]pG[0xdb]zlq[0xba]!o[)V[0xad]o[0xb8]79[0x9e][0xe8]&apos;|[0xae],[0x94][0xd3][0xcd]Lt[0xc4][0xb1][0x19][0xa0][0xe7]v8[0x2],X[0x6]K[0xc4][0x9]=[0x1e][0xce]\t[0xda][0xc8][0xe5][0xa3][0xc7][0x99][0x8c][0x18][0xce]m#))[0xdb][0xd0][0x1d]#[0xee][0x18][0xb3][0x84][0xf4][0xa6]*[0xb9]&gt;&lt;[0xae][0x17][0xa6][0x1d]ar[0xcf][0xe6]7[0xba][0x82][0x3]VJg[0xa9][0xf6][0xb5]bI[0xdb]poaG[0xb7][0xb4]&quot;
2013-02-06 13:51:57,328 AAD-WS DEBUG wire:63 - &gt;&gt; &quot;m[0xb6]So[0x1b]y[0xcb]v[0x6][0xbd][0x10][0x12][0xb6]UQhB[0xa8][0xad][0xe6][0xb2][0x85][0x9b]b[0x1c]i[0xad][0x8c][0xe8]][0xdf]o[0x16]g[\r][w[0xb2][0x96][0xc9][0x98]j9:[0xfd]fZ[0xc4]&amp;y[0xd3]][0x85][0xd3][0xcc][0x8c]:|y[0xb4][0xcf][0x98][0xd2][0x8b]9g[0xb0][0xe8]Z&apos;[0xf4][0x19][0xe2]P[0xaf][0xea][0xff][0xf1][0x92][0xec][0xc7][0x11]7[0xad][0x8e]eEB[0xa8][0xc9][0xe1][0xde][0xb1][0xac]q[0xba][[0x9c]Wq[0x4][0xf7][0x13][0xb6]T[0xe6][0xa2][0x8a][0x18]zT[0x1c][0xc6][0xe7][0x9]w[0xdd][0xb2]r[0xa8][0x98][0xcb]%[0xac][0xac][0xe9][0x18]v[0xff]\[0xca][0xc8][0xb]+[0x4][0xc4]y[0x15][0x87]p[0x1f]![0xd6][0x15][0x8d][0x8e][0x14][0xcd][0xf0]`6e[[0x85][0xf9][0x2];[0xae][0x10][0x8e][0x9b][0xa9][0xee]h[0xb4]/[0xd9][0x17]~[0x80][0x81]DD[0xc2][0xac]Bx[0xcc]`[0xcb]-3|O[0xf7][0xbe]h[0xb4]H[0xc5]7[0xf0][0xe6][0xff][0x87][0xb0][0xdf]C[0xe0][0xd4]v[0xac]T[0xf7]i[0xdb]23[0x89][0xe2]d.[0x9b][0x8a][0xf7]I[0xf8][0xa6][0x8a]o[0xe1][0xdb]*[0x6][0xc1][0x2][0x12][0xb]d[0x19]R[0xc5][[0xf8][0xe]a[0xf7]-[0xcb][0xe2][0xb9][0x9c][0x91][0xd1]s[0xf7][0xdb][0x19][0xe][0x8f][0xe9][0xac]Z&apos;[0xce][0xe8][0x99]!}[0x96]=[0x17][0xe0][0x12][0xca][0x18][0x8e][0x84][0x5][0x15][0x17][0xf0][0xf6]M[0xb7][0xad][0x89]?[0xc1][0x9f][0x9d]u[0x93][0xc3][0xe7][0x18]s[0xe][0xd7][0x2][0xc7][0x9a][0x8f][0xcc][0xe7][0xc5]qc.[0xaf][0x9b][0x1c][0xe5]-y[0xdb]([0xf0]%n[0x12]x{[0xeb]X&amp;[0xdf]&amp;[0xe1]{*[0xde][0xc1][0xbb][0x9c]&gt;k[0xb2][0xf1][0xa8][0x9e][0x8e][0xf7][0xad][0xd1]-[0xb4]6S[0x87]{[0xe3][0xae]iG[0xf0]}[0x15]?[0x10]1[0xf9]![0xce][0xb]M[0xec][0xa2][0xa1][0xe2]G[0xf8]1k7[0xa5][0xe7][\n]&quot;
2013-02-06 13:51:57,328 AAD-WS DEBUG wire:63 - &gt;&gt; &quot;[0xbc]xO[0xec].[\n]&quot;
2013-02-06 13:51:57,329 AAD-WS DEBUG wire:63 - &gt;&gt; &quot;[0xf2][0x13][0xfc]T[0xc5][0xcf][0x90][0x90][0xf0]s[0x15][0xbf][0xc0]/9[0xad]+[0x8d]:Z[0x9c][0x9a]2lBS[0xc2][0xcb][0xd5][0xf0][0x94][0xce][0x89][0x94][0xe]OYvX[0xc5][0xaf][0xf0]kA.[0xa9]x[0x1f][0x1f]H[0xf8]P[0xc5]G8/aIE[0x9][0xcb]*.[0xe3][0x8a][0x84][0xab][0x84]=[0xeb]5[0x15][0x9][0xb8][0xa7][0x9c][0xaf][0xbc]&lt;[0xa6][0x8b][0xa4][0x9b][0xe7][0x8]V[0xe1][0xa9]q[0xd3]4[0xec][0xde][0x9c]^([0x88]rZ[0xe3][0xf4][0xe1][0xc9][0x19][0xce]V[0xc2][0xf6]*[0x5][0xbb]z[0xbc][0xb9]J[0x99][0xba]m*e[0xcd]r[0xf5][0x19]Ik[0x13][0x19]n_wV[0xb4][0x92]Q[0xae][0x90][0xac][0x93][0x15]jH[0x1c][0xd6][0xa4][0x1b][0xe3][0x83][0xb7][0xd5]+[0xdb]7[0xb2]DJ[0x9c],rD*[0x14][0xf0][0xcc][0xea]i[0xe7].[0xdf]T[0xa5][0xc1]q[0xcb][0xe7][0xbb][0x9][0xad][0xd5][0xce]ldIXa[0xbf][0xae]1dP[0xcf][0xef][0x89][0xf7][0x11]j[0x4][0x9]x-v[0xb5]So[0xb4][0xa2][0xa2][0x93][0xae][0xeb][0x8e][0x1e][0x14][0x1b]2[0xdc]V[0x85][0xfd]1[0xac][0xff][0xd1][0x9b]9&lt;R[0xc1]p[0xbc][0xb2]Sy6([0xca]([0xe9][0x95][\n]&quot;
2013-02-06 13:51:57,329 AAD-WS DEBUG wire:63 - &gt;&gt; &quot;/[0xfb]E%[0x89][0xda][0xf7]X[0xbe][0xb6][0xb8]8[0xd2][0xc8];[0x89]5u[0xc4][0xee][0xab][0xe0]x[0x80][0x8a][0x9e]N[0xf7][0xe7][0xc]Q[0xe7][0x9b]x[0x9e][0xc1]d[0xc3][0x93]X[0x9f]q#nG[0xe2][0x8][0x18]6WD[0xb3]w4kE[0x13][0xec]/[0x87][0xbd]f[0xe8][0xe2]O[0x11][0xd0][0xf3]yCTz[0xa4]Z^m`y[0x5][0xd6]S!^%[0xa2][0x15][0xe2][0xb2]c[0xdd]l;[[0xdb][0xaa][0xe6]WS[0x15][0xfd][0xd8][0xb5]y[0xb1][0xca][0xb1][0x9a][0xab][0xfe][0x97][0x8]u&amp;g[0xf6][0xaa][0x8b][0xd6][0x83][0x97][0xf5]bwO[0xeb][0x85]A[0xcb]6[0xfa]W[0x1d][0xc5]O[0x91][0x89][\r]MI[0x94]:[0xbf]0[0xd6][0xe7][0x2]v[0xf1][0xd3][0xed] [0xf8][0xa1][0x81]Z~Q[0xf1][0xcf][0x86][0xdf][0x82]5[0xe2]&apos;[0xe2][0x8e][0xfc][0xdf][0xe1]1[0xc8][0xfb][0xfc]{bz[0x94]WB[0x92]xl[0xee]X[0x6]u[0xac][0xa0]f|[0x19][0xb5]K[0xf0]u[0xf8][0x96][0xe0][0x9f]7[0x8][0xbd]LC[0xf0][0xf1][0xb4][0x15]&gt;[0xda][0x8b]Fj[0xc7]V[0x9e][0x13][0xfa][0xd0]_[0x86]9[0xe8]^[0x8]l[0xed][0xfc]=[0xea]W[0x10][0x18][0xf]I[0xcb][0x90][0xaf]wt.!X[0x89][0x12]e[0x94]}h[0xa0][0xfd]h[0xa2][0x3][0xbc]s[0xc]_([0xa3][0x1c]e[0x14][0x96][0xc0][0xee][0xc8][\r]4GBJ[0x9]u[0xb]h[0x89][0x84]Tw[0xd2][0xd0][0x11][0xaa][0x8f]\FCm[0x9][0x8d][0xb7]0[0x1b][0xf8][0xc][0xa8][0x7][0xdb][0xe8]0v[0xd1][0x11][0xe6][0x1e]G[0xbc][0x8c][0xa7][0xf1]&apos;[0xf0][0xe8][0x96]x@XK[0xc7][0x98]&gt;[0x80]/zb[0xf4]&apos;[0xe6]n[0xe1][0xb1][0xae][0xf3][0x6][0xd4][0xce][0xd0][0x96][0x12][0xee][0xb8] [0xac][0x8][0x8d][0x87][0x9a][0x96][0xb1][0xf5]:[0xc5][0xfc][0x14][0xb]PL[0xa2][0x98]L[0xb1] [0xc5][0x14][0x8a][0xd5]QLe-[0x13][0x91]Ps[0x9][0xdb]~[0x8b][0x96]X [0x12][0xba][0xb3]&lt;[0x95]&quot;![0xad]&lt;[0x95]#[0xa1][0xed][0xe5]i0[0x12][0xfa]Dy[0xaa]DB;[0xca][0xd3][0xba]Hhgy[0xaa]R[0xac][0x9e]b[\r]Z[0xa0][0xeb]2[0xee][0x8a][0xd5]/[0xc2][0x1f]k[0xd4]$w[0xd1][0xe0].V[0x10][0x1e][0xd7][0xea][0xb5][0x86].[0xcd][0xb7][0x8c]]1[0xbf]&amp;[0xdf][0x80][0xa2][0xf1]P[0xc2]n-[0xe8][0xcd][0x83]%[0xdc][0xad])7[0xd0][0xaa])[0xa1]=l[0xc9][0x2]T[0xcd][0xef]+[0xe1]S[0x8b]hbV[0xab][0xcb][\n]&quot;
2013-02-06 13:51:57,330 AAD-WS DEBUG wire:63 - &gt;&gt; &quot;j~[0xf6][0xe2]^[0xad][0xce];SWB[0x9b][0xa6]zs[0xf6]u[0xbb][0xe6][0xbf][0xc4][0xd1]&lt;[0x8b]s8[0x8f]O[0xe2]M[0xbc][0x8d][0x8b]&lt;z[0xe][0xbc][0x88][0xbd][0xec][0xaa][0x87]PO[0xe3]h[0xa1][0x87][0xb1][0x9d][0x1e][0xc1]Nz[0x14]az[0xc]w[0xd3][0x9][0xb4][0xd2][0xe3]h&apos;[0x1d][0x11][0x9a]D[0x94][0xd2]8@[0x6][0xe][0xd3][0x14][0xe2][0x94]A[0x92][0xa6]q[0x82][0xb2][0x98][0xa1][0x19][0x14][0xe9][0x9]&lt;K&amp;[0xce][0x90][0x85][0xb3]t[0x12][0xe7][0xc8][0xe6][0x97]J[0x91][0x1f][0x0][0xa7][0xf8][0xff]&lt;[0x87]K4[0x8f]%z[0x12][0xd7][0xe8])[0xfc][0x8e][0x9e][0xc6][0x1f][0xe8]9[0xfc][0x99][0x9e][0xc7]_[0xe8][0xc][0xfe]J/[0xe0][0xef][0xf4]&quot;[0xfe]A/[0xe3][0x9f][0xf4][\n]&quot;
2013-02-06 13:51:57,330 AAD-WS DEBUG wire:63 - &gt;&gt; &quot;[0xfe]E[0xaf][0x11][0xd1]9[0x92][0xe9][\r]7[0xb0][0x3][0xe5][0xf8][0x87][0xd9][\n]&quot;
2013-02-06 13:51:57,330 AAD-WS DEBUG wire:63 - &gt;&gt; &quot;[0x91][0xdc][0xb2]p[0xdc]2:.U[0xa4][0xc1][L[0xf9][0x5]S[0x96][0xbe][0x8f][0xa5]9[0x97][0xb0][0xb3][0xe3]#[0xf8]:K[0xe8][0xec][0xe0][0x89][0x1]u;[0x16] [0xf9][0x16][0xe1][0xab]]W[0x12]^[0xe2]][0x84]L[0xef]`[0x7][0xbd][0xcb][0xdc]a$V/&amp;[0xef]b[0x1]UB[0xa4][0xf2][0xe2][0xf7][0x98]~[0x9][0xf][0x96][0xa5]_b$?[0x8f][0x89][0xce]Aq[0xe3][0x5][0x1c][0xa7][0xc1][0xf][0xd0][0xb5][0x82]nV:[0x1a][0xda]W[0xc2]=[0xcc][0xe7][0xc0][0xee]/[0xe1]@[0x9][0xf7][0x96]A[0x87][0x16][0xb1][0xad][0xeb][\n]&quot;
2013-02-06 13:51:57,331 AAD-WS DEBUG wire:63 - &gt;&gt; &quot;&gt;M[0x10][0xc9][0xe3][0xe3][0x13][0x1a][0xb3][0xef]e[0xd6]g[0x8][0x17][0xfe][0xf3][0xb7]5[0xb7][0xb6]r[0xd5][0x83]&gt;D[\r]1[0xe]q5[0xd1]2[0xf6][0xd2]e[0xec][0xa7][0xab][0xfc][0xc0][0xbc][0x86]~[0xba][0xc2][0xf][0xb9][0xeb][0xec][0x80][0x11][0xb7]S$9[0xf4][0xa2]\k[0xb8][0x9f]|[0x1d][0xaf][0xf1][0xe9][0x93][0xf8].[0x87]^[0xfb]/PK[0x7][0x8]v[0x8c][0xd2][0x88][0x8e][0x7][0x0][0x0]`[0xe][0x0][0x0]PK[0x3][0x4][0x14][0x0][0x8][0x0][0x8][0x0][0xd4]|D5[0x0][0x0][0x0][0x0][0x0][0x0][0x0][0x0][0x0][0x0][0x0][0x0]&quot;[0x0][0x0][0x0]javax/help/TOCView$TOCParser.class[0x95]W[0x9]|[0x14][0xe5][0x15][0xff]_vw&amp;[0x93]![0x84][0x84][0x0][0xb]([0xe1][0xe][0x9b]c9&lt;p[0xf1][0xe][0x89]D[0x93][0x80][0x10]@[0xf0][0x1c]6[0x93][0xb0][0xb0][0x17][0xb3][0x13][0x8][0x1e][0xa8]xT[0xaa][0xb5][0x1e][0xb5]5[0xd4][0xdb]*[0xf6]T[0x90],A&lt;[0xe8]!X[0xb5]Z[[{y[0xb5][0xb6][0xd6]V[0xac][0xd6]zV[0xb1][0xef][0xcd][0xec]nn[0xb0][0xbf][0xfc][0xf2][0xbd][0xef]{[0xef]}[0xef]~o[0xbe]}[0xfa][0xe0]#[0x8f][0x3][0xa8][0x16][0xd5][0x1a][0xce][0xc1][0xe6]|[0x9c][0x8d]+x[0xb9]R[0xc1]U[0x1a]&lt;.[0xe6]j^[0xbe][0xc2][0xcb]5[0x1a][0xb6][0xe0][0xab][0xbc][0xbb][0x96][0x97][0xeb][0x14]|M[0x83][0x8e][0xcd][0xcc]z=c[0xbe][0xae][0xe0][0x6][\r]E[0xb8][0x91][0x97][0x9b]x[0xb9]Y[0xc3]7p[0x8b][0x82]oj([0xc5]f[0x15][0xdf]bxk&gt;:[0xb1][0x95]w[0xdf][0xd6]p[0x1b]n[0xe7][0xe3][0x1d]*[0xee][0xd4]p[0x17][0xee][0xd6]p[0xf][0xee]U[0xf1][0x1d][\r][0xf7][0xe1]~[0x16][0xba]M[0xc5][0x3][0x8c][0xfc]n[0x1][0xbe][0x87][0xef]3[0xef][0xf]x[0xf9]!k[0xfd][0x91]F[0xc][0xf][0xf2][0xbd][0x87][0x98][0xba]][0xc1][0xe][0x5][0xf][0xb3][0xd0][0x9d]*[0xba]T[0xa4][0xf3][0xb1][0xb][0xdd]*vkx[0x4]{T&lt;[0xaa][0xe2]1[0xd6][0xfb]8s?[0xc1][0x12][0xf6][0xf2][0xf2]c[\r][0x95][0xf8]I[0xdf][0xe5][0xa7][0xec][0xda][0xcf]xy[0x92][0x95][0xec]S[0xb1]_[0xc5]S*~[0xae][0xe2]i[0xb6][0xed][0x19][0x15][0xcf][0xaa][0xf8][0x5][[0xf6][0x9c][0x8a][0xe7]Y[0xe7]/U[0xbc][0xc0][0xf0]W*~[0xcd][0xf0]E[0x15][0xbf]a[0xff][0xcb][0xfc]/)[0xf8][0x9d][0x86][0xc5][0xb8][0x85][0x85][0xff][0x9e][0x97]?0[0xfa][0x8f][0x99][0xdd]b[0xfc][0x89][0xa3]{?[0xef]^V[0xf0][0x8a][0x82][0xd7][0x15][0xfc]Y[0xa0]0[0xdc]nYf[0xdc]^dX)s[0xc1][0x12][0x81][0x91][\r]k[0x8c][0xf5]FGp[0xb5][0x19]M[0x6][0x17][0xd0][0xb2][0xc4][0xb4][0xe7][0x9][0xe4][0xc7][0x13]-[0xe6][0x12][0xdb][0x8][0xaf][0x15][0x18][0xe1][0xb0][0x4][0xdb][0xed]H4[0xe8][0xa0][0x98][0x1e][0xb1][0xcd]X[0x86][0xae][0xa5]l[0xc3][0xb2][0xcd][0x16];[0x11][0x16][0x10]+[0x5]T[0xdb]h[0xcb][0xd0][0x86][0xb5][0x98][0xad]F{[0xd4]nH[0x84][0x8d][0xa8])P[0xdc]K[0x96][0x8b]#aZ[0xd4]H[0xe5]8[0x94]V#l&apos;[0xac][0x8d][0x2][0xe3]{[0x9b][0xd6]l[0x99]f=[0xe9][0xac]s[0xa9]tK!}[0xcb]&quot;[0xe6][0x86]~&gt;4/[0xac]a,1[0xf8][0x8e][0x8f][0xc4]#[0xf6][0x89][0x2]s[0xca][0xf]%i[0xb0][0xcb]3[0x96][0x9]xj([0x4][0x2][0xc3][0x1b]&quot;q[0xb3][0xa9]=[0xb6][0xca][0xb4][0x9a][0x8d]Ul[0xa1]7[0xc9][0xc1][0x13]0\[0xb1][0xc1]H&quot;[0xb8][0xd8]4ZLk[0xde]`[0xb1][0x1c][0xe8][0xf0][0x8c][0xc][jC$[0xde][0x16][0xb4][0xc9][0x9c][0xe0]|7J[0x8d][0xed]6[0xab]`[0xb][0x9b]H9[0x87][0xa6][0xb6]#l&amp;[0xed]H&quot;[0x9e]R[0xf0][0x17]7[0xb4]u[0x89][0xf6]x[0x8b][0xc0][0xf4][0xf2][0x86]p&quot;[0x16]L[0xb5][0xc7][0x83][0x8e][\n]&quot;
2013-02-06 13:51:57,331 AAD-WS DEBUG wire:63 - &gt;&gt; &quot;Gk$[0x96][0x8c][0x6][0x9d][0xe4]Z[0xb5][0xeb])[0xcf][0x8e]&apos;J2[0x92][0xb9][0xa3][0xb7]$[0xc2][0xf6][0xc6][0xa4][0x99]9[0xe6][0xdb]f[0x87][0x9d]%[0x91][0xb0][0x18][0xdd][0xc8][0x1c]5[0xd3][0xb2][0x12]V[0xe6][0xe0]3ZZ[0x9a][0x8d]6[0x81]YC[0xea]$[0xf2]`[0xae][0x92][0xf6]|[0xcb][0x8c]%[0xd6][0x9b][0xce][0xfd][0x9][0x87][0xbc][0xcf][0xdc][0xda][0x92]D[0xbb][0x15]6[0xeb]&quot;[0x1c]i=[0x93][0x8f]jf[0xd6][0x11][0xc3][0x1b]:&quot;X[0xa3]c-[0xa2][0x94][0x99]~e[0xa9][0xe3][0x2][0x10][0x97][0xc9][0xcb]*[0x18][\n]&quot;
2013-02-06 13:51:57,332 AAD-WS DEBUG wire:63 - &gt;&gt; &quot;[0xfe][0xaa][0xe3]oxSG+[0xda]t[0xac][0x6][0xe9][0x9f][0xfe]%#[0xaf][0xe3][0xef]xK[0xc7]y8_[0xe0][0x88]CF[0x99][0xad][0xfa][0x87][0x8e][0xe2]m[0x1d][0xeb][0xf0][0x86][0x82][0x3]:[0xde][0xc1][0xbf][0x4]F9[0xec]Q[0x83][0x14]-[0xb1]-[0xd2]wj{k[0xab]i[0x91][0x87][0xcd][0x99][0x14][0x86][0xca]t[0xbc][0x8b][0xf7][0x14][0xfc][[0xc7][0xfb][0xf8][0x8f][0x8e][0xf][0xf0][0xa1][0x82][0x8f]t|[0x8c]Ot|[0x8a][0xff]R[0xba];b[0xd1][0x10][0xcb]P[0xf0][0x99][0x8e][0xcf]qP[0xc1][0x17]:5[0x99]p[0xcb][0x9f][0x9b]P[0x11]R[0x17]y[0xc2][0xa3]#[0xc]J[0xd5]HBWG[0xe2][0xeb][0x8d]h[0xa4][0x85][0xa2]W[0x97][0xb0]b[0x86][0xad][0xb]/][0x15]&gt;](B[0xd5]E&gt;Zt[0xa1][0xf1]R t[0x1d][0x9b]p[0xa9].[0x86][0x89]B][0xc][0x17]E[0xd4][0xa2]}[0xfb][0x81][E[0xa0][0xa4][0xc7][0x9b]\E[0xea]b[0x84]([0xa6][0xe2][0xa0][0xee]o3m[0xea][0x8b]H[0xcc]h3[0x15]Q[0xa2][0x8b][0x91][0xa2][0x94][0x92]]gD[0xa2][0xed][0x96]Y[0x16][0x89][0x97][0xd5][0xc7][[0xcc][0xe][0x16]UVc[0x99][0x6][0xdf][0x9e]W[0xa6][0x88]Q[0xba][0x18][0x8d]OHDYY[0x84][0xc2][0xe1]lV[0xa7][0x9c][0xb8][0x88]1l[0x8e]_[0x17]cE[0xb1].[0xc6][0x91][0x9d]b[0xbc]8B[0x17]G[0x8a][0x9][0x14]rQ[0xa6][0x8b][0x89]b[0x92][0x8e][0x8b]q[0x89]@[0x9e]3y|[0x86]m[,DYoZ)[0xd2]@[0x84]Y[0xd5]3u1YL[0xa1][0xed][0xec][0xea][0x99][0xe4][0x1b]G[0xa7]=[0xbe]6[0x9e][0xd8][0x10]_[0xe6]rQl[0xc4]T[0x1a]ra[0xc3]6[0xdb]h[0x1e]$[0x92]f[0xdc]qD[0x17][0xd3][0xd8][0xb6][0x92],![0x1c]M[0xa4][0xcc][0x96][0xc]i:[0x93]4;[0x91][0x8c][0x84]3[0x98]r[0xc6][0x14]4g[0x1b][0x8a][0x9c][0xa0][0xa0][0xa8][0x8b][0x19][0xf8]P`[0xd2][0x10]5[0xd4]@[0x1][0xad][0x8d][0x9a][0xdc]w[0xba][0x8]0{[0x5][0xe5]^T[0xe2] [0xd7][0xd5]%[0xba][0xa8][0xc2][0x9b]4[0x8][0x7]N[0xa8])[0x4][0xdd][0x2][0xa4][0x6][0xeb][0xb5][0xd7][0xeb][0xe3]q[0xd3][0xaa][0xa1][0x81][0x9a]2S[0x2]E=i[[0xb8]j[0x8d][0x19][0xa6],M=d97DR[0xb6][0x19]gI%[0xd9][0xd9]V[0xbf]0[0x97]q[\n]&quot;
2013-02-06 13:51:57,333 AAD-WS DEBUG wire:63 - &gt;&gt; &quot;c97iQ[0xff]F[0xa7]XP[0x9]dz[0x89][0x8a][0xb0]|[0xc6]`s[0xde][0x93]lO[0xad][0x16][0x98][0x96][0x99][0x9b][0xbd][0xcc][0xca][0xcc][0xc4]&gt;(2a[0xc0][0x80]e[0xe5]#h[0x18][0xf5]76p[0x98]Y[0x98][0xe5]t[0x4][0xc][0x95][0x8c]^c[0x93][0xaa][0x89][0xfc]qF[0xd6][0x91][0xe4][0xcb]!f[0x16][0xd7]][0x92]J[0x86]Z[0xaf][0xb2][0xb7]_n[0xcf][0xf7][0xf1][0xab][0xf7][0x18][0xa0]{c[0x87][0x96]J[0xa1][0x8a][0x1b][0xb1][0x9e][0xcf]eo[0x89][0xfc][\r]H[0xb8][0xfb]^[0x81][0xee][0xcb]Q&lt;[0xb0]`(CF8l[0xa6]RSf[0xce][0xa4]F([0x1d][0xcc]V[0xfe][0xe8]Q[0x13]Q[0xdd]L;[0x84][0xcb][0x8b],j[0x11][0xcb][0x8e][0x98])[0xd2]4[0xe5][0xcb][0xf0]Q_P43[0xe7][0x8d][0xfd][\n]&quot;
2013-02-06 13:51:57,333 AAD-WS DEBUG wire:63 - &gt;&gt; &quot;`[0xc8]@[0x91][0xf4]1[0xfd][0xbe][0xa7]K[0xa9][0x9c]&quot;[0xae][0xc4][0xc2][0xa8]SUuV&quot;[0xc6]MtH[0xa1]}[0xab][0xb0][0xa8]?[0x1b][0xa5][0xd0]\[0xd7]nDS[0xfd][0xc2][0x92]-Mz[0xd1](\[\r][0xd4][0xda][0x94][0xb5][0xa1]_[0x12][0xf4][0xda][0xb1][0xcc]d[0xc2][0xb2][0x1b])[0xcc]4[0x13][0xe8][0x1b]0[0x88]M+9[0xcc][0xde]H[0xaa][0x96]KF![0x18]KrL[0xf2][0x92][0x89]d[0xff]|[0xe6][0x1a]A&apos;[0xf5][0xb][0x8c][0xd4]j[0xdb]}[0x80][0x8c][0xee][0xd3]^9[0x2]?[0x17][0xc2]&lt;]Mwf[0xb7][0xc][0xa2]}[0xd0]{[0xff][0xdf][0xb3][0xa5][0x8f][0xeb][0xf3]z[0xea]j[0x16][0xd7][0x15][0xcd][0x87][0x95]}C[0xbc]1[0xe5][0x18][0x93]G[0xef][0x9][0x8a]o[0xae][0xa1][0x17][0x91]96[0x19]e[0x1a],[0xa3]d[0x10]4[0xbf][[0xf8][0x14][0x8d][0xf7]k[0xad]AFF[0xbf][0xd6][0xca][0x6]h[0xa0][0xb1]^[0xd3][\r][0xb7]&apos;i[0x9a][0xf4]&lt;-[0xa2][0xc0][0xd6]v$[0x8d]8[0x9][0x9a][0xe9]a[0xe4]xPO[0x84][0xd4][0x0][0x82][0xa7][0xbc][0x9e]S7h[0x89][0x10]&gt;[0x8f][0xc6][0x12]M[0xd7][0xf2][0x81][0x8f][0xbb][0xfe][0xaf]:[0xe7]QD}C[0xcf]H[0xb3]91D/[0x92][\r]s[0x87][0xcc][0xdf]a[0x1b]g[0x14][0x99]_[0x93][0xf9]n-[0xa4][0xe9]T[0xcf][0xdf][0xa8][0xfa][0xf9][0xd4]Q[0xbd][0x8]5[0xce][0x7]-G[0x1a]N[0xa4]f[0xfe][0xa0][0xe5]0[0x1e][0x12][0x17]s[0x8b][0xbf][0xc9][0x19]GJ*[0xbb][0xf3][0x85][0x13]q[0xfa]0[0x92]#Dt[0xb][0x4]e[0xf4][0xbb][0xe6][0x1c][0x8][0x9c][0x8b]|H~;[0xd1]oA[0xc9]o2[0x7][0xae][0xca]@z[0xa5]8[0xd0][0xcc][0x9c][0xe9]q[0xe6][0xc0][0xd5][0x19]H[0xef];[0x7][0xd2][0x13][0x8f][0xa0]F[0xff]1[0xc4]Ij[0x82]vs[0x8][0x9f]Gpx`[0x17]D[0xa0][0xa2][0xb]2P[0xd9][0x85][0xbc][0xed][0x84][0x12]H[0xd2]ZL[0xbf][0xbe] ^[0x81]G[0xbc][0x8a]|[0xf1][0x1a][\n]&quot;
2013-02-06 13:51:57,333 AAD-WS DEBUG wire:63 - &gt;&gt; &quot;[0xc5][0xeb]d[0xd6]:Xt[0x91][0x5]t[0xd3]u[0x1f][0xc1]h`[0xf]&lt;+v[0xc1][0xdb][0x5]_[0xcf]V[0xe9][0xd9][0xaa]U[0xfb]1,[0xd0][0x8d][0xfc].h[0xdb][0xa0][0x6][0xaa][0x8][0x6][0x2];[0xa1]u[0xa1]`[0xf]tb[0x1a][0x16][0xf2][0xd0][0xd9][0xe7][0xf7][0xa4]Q[0xb8][0x9c][0xcd][0x18][0xbe][0x7]E+*vaD[0xc8][0xeb][0xf7][0x6][0xd2]([0xf6]{[0xd3]([0xf1]{[0x1e][0xca]Y[0x17]B!m[0xdf]F[0x81]8[0x80]Q[0xe2][0x1d]L[0x14][0xef]b[0xaa]x[0xf]A[0xf1]&gt;[0x8e][0x12][0x1f][0xe0]x[0xf1][0x11]j[0xc5][0xc7]X(&gt;E[0xb3][0xf8][0xc][0xe7][0x89][0xcf][0xe9]Iw[0x10][0x11][0xf1][0x5]Rt[0xdf]Crl[0xfa]o[0xc7]z7 y[0x9b][0xe0][0xa5]`C[0xb6][0x8a][0xc6][0x8a]4F6[0xed]A)[0x99]6[0xaa]xt[0x1a]c[0xaa]v[0xc2]O [0x8d][0xb1][0xdd][0x18]G[0x87][0xf1]![0x8f][0xdf][0xb3][0x8f][0xcc][0xf2][0x14][0x1f][0x91][0xc6][0x91]le7&amp;4V[0xee]&apos;[0xf7]v[0xa2][0xa0][0x91][0xf9][0x8b][0xcb][0xd2][0x98][0xd8])[0x16][0x11]b[0xd2]V[0x14][0x13][0x90][0xc5][0x93][0xbb]1%o7[0xa6][0xe6][0x81]8[0xa6]u[0xa2][0x8c][0xc0][0xf4][0xad][0xf0][0xb3][0xf7]i[0x94]/&apos;[0xa8]:[0xb0]*[0x8d][0x19][0xdb]E[0xc8][0xc7]Z4[0x8e]K [0xe4]s$[0x94][0xf9][0x19][0xe][0xaf][0xdc][0x8d][\n]&quot;
2013-02-06 13:51:57,334 AAD-WS DEBUG wire:63 - &gt;&gt; &quot;/[0xf6][0xa2]2[0xe4][0xdd][0x6];[0xe4][0xeb]Fu&apos;[0xf9][0x18]RDH[0xe5];[0xa5]dY[0x90]-Sh3[0x93]7[0xea][0xe][0xcc]*[0x9e][0x9d][0xc6][0x1c][0x82]Y[0xd7][0x8e]&quot;[0x9f][0xfc][0x8a][0xeb]X_[0xca][0xd1][0x84]d=i[0x1c][0xe3][0xd2]X[0xf9]n[0x1c]+\[0x9d][0xae][0x9d]s[0xb7]b[0xa6][0xbb];[0x8e][0xb1]&gt;NRH[0xde][0x85]q~[0xdf]&gt;[0x8c][0xf2][0x93]G[0xf3][0xe4][0x9d][0x18][0xe6][0xf7][0xf2][0xf6][0xf8]4N[0xe0]l[0xfb][0xbd][0xbb]p[0xa2][0xe3][0x8c][0xcf][0xb9][0xa7][0x93][0x89][\n]&quot;
2013-02-06 13:51:57,334 AAD-WS DEBUG wire:63 - &gt;&gt; &quot;3[0x9c][0xe4][0xc6][0xe2]-[0x96][0xc8][0x92][\n]&quot;
2013-02-06 13:51:57,335 AAD-WS DEBUG wire:63 - &gt;&gt; &quot;[0x97];5[0xe1]svU[0x95]i[0x9c][0xbc][\r][0xcf]:[0x81]=[0x85][0x3][0x8b][0xbd]Y[Oe/&lt;[0xae][0xa5]nz[0xa6]m[0xc5][\r][0x1c][0x85]6r[0xbe]&amp;[0x93][0x9f]}([0xf7]{[0x8b][0xe7][0xa7]Q[0xdb][0x89]#iW[0xe7][0xec]F:A=[0x8d][0xd3][0xb7][0xc0]M[0xc]![0xf2][0xf6][0xa1][0x8a][0x1][0xdd][0xae][0xa7][0xdb]i[0x9c][0x9e]9[0x9d][0xe1][0x9c][0x1a]2[0xa7]F[0xe7][0xd4][0xc4][0xf9][0xed][0x1c][0x90][0xdf][0x80][0xa7][0xb][0x93][0xb2]f[0x8f]ty[0xd4]@[0x9e][0x83][0xe4][0xdc]n[0xa7][0xaa][0xdb][0x82][0x7][0xb1][0x3]U[0x99][0x8a]&gt;[0x88][0x93][0xa8][0xfa]|[0x90]R[0x81]&quot;U[0x94][0xc9]|L[0x93][0x5][0xa8][0x90]:[0x8e][0x92][0xc3]([0xb2][0xc3]q[0xa2],B[0x8d],[0xc1]B9[0x12][0xcb]d)L9[0x1a])9[0x6][0x17]I?[0xae][0x90]cq[0x8d][0x1c][0x87]-r&quot;[0xae][0x93][0x93]p[0xa3][0x9c][0x8c][[0xe5]T&lt;(g`[0x87][0xc][0xe0][0x11]Y[0x81][0xc7]d%[0xf6][0xca]*&lt;)[0xab][0xf1][0x9c][0xc][0xe2]%9[0xb][0xaf][0xca][0xd9][0xf8]D[0xce][0x11][0xa5][0xf2]h1Y[0xce][0x15]U[0xf2]8q[0x9c][0xc][0x89]E[0xf2][0x4][0xb1]R[0x9e],Ly[0x8a]X&apos;kD[0x87][0x9c]/.[0x95][0xb5]b[0x8b][0xac][0x13]7[0xcb][0xd3][0xc4]m[0xb2]^&lt; O[0x17]O[0xc8]3[0xc4]&gt;[0xd9] [0x9e][0x91][0x8d][0xe2]E[0xd9]$[0xe][0xc8]3[0xc5]A[0xb9]Dze[0xb3],[0x91]K[0xe5]D[0xb9]L[0x6][0xe5][\n]&quot;
2013-02-06 13:51:57,335 AAD-WS DEBUG wire:77 - &gt;&gt; &quot;y[0x8c]\)k[0xe5]9[0xf2]ty.Q[0xcf][0xa7][0xd3][0x5][0xb4][0xae][0x92]-[0xf4]g[0xca]V[0x8a][0xc2][0x86]l/[0xc2][0xef][0x8c]-j[0xf0][0x9e]q[0xe4]#[0x8][0x19][0xa3][0xb5][0xe3][0xf0]l[0xdc][0xd9][0x1b]sl{3[0x93][0xea][0xe2]l[0xc5],[0xa4]&quot;
2013-02-06 13:51:57,335 AAD-WS DEBUG wire:63 - &gt;&gt; &quot;[0x8a][0xa1][0x1e]_[0x94][0xc6][0x99][0xb9][0xae][0xa6][0x14]Q&apos;[0xcc][0xed][0x84]g[0xbb][0xbb][0xa5][0xda]\[0xdc]H[0xf9][[0xd2][0xd4][0xd3][0xcd][0x98][0xd7][0xab][0xde]=\t[0xcd]\[[0xfb]y[0x12][0xe4][0x4].[0xa5][0x84][0xfb]=~[0xaf][0x8b]X[0xe6][0xe0][0x96][0xf7]X8[0x1b]:Yx![0xc6][0xcb]K([0xbf][0x9b]0]^[0x86][0xd9][0xf2]r[0x1c]+7Sn[0xaf][0xa0][0xdc]^I[0xb9][0xbd][\n]&quot;
2013-02-06 13:51:57,336 AAD-WS DEBUG wire:63 - &gt;&gt; &quot;g[0xcb][0xab][0xb1]F^C[0xb9][0xbd][0x96]n^xx[0xa7][0xaf][0xa7][0xf5][0xa2][0x1c][[0x5]9-[0x9d][0xf9]N[0x85][0xc9][0xa6][0xb8]u[0xd9]sIc[0xb2][0xbc][0x11][0x85][0xf2]&amp;[0x9a][0x86][0xf4][0xe3]/s[0xf1]&quot;:[0xd1][0xe4][0xc7][0xbc]=X[0xbc][0xa2][0xa2]r[0x17][0xce][0xe2][0x12]W[0xaa]2[0x1d]Y[0xb0][0x1f][0xf9]&lt;[0xa2][0xb][0xb6]W[0xe6]v[0x8c][0xa6]H[0xad][0xd8]J%[0xee] rJ[0xaa]Q@Jn[0x85]&amp;;Q&quot;o[0xc7]Xy[0x7]&amp;[0xd0]P([0x93]wc[0x8a][0xbc][0x7]3[0xe4][0xbd][0x8][0xc8][0xfb]p[0xb4][0xbc][0x9f][\n]&quot;
2013-02-06 13:51:57,336 AAD-WS DEBUG wire:63 - &gt;&gt; &quot;[0xfc][0x1]RL[0xbf][0xa0]3[0x86][0x1c] [0x3][0xbd][0x4][0xaf][0xaa][0xa0][0xf8]7[0x89][0x90]g[0x1b][0xf2]rY[0xf2]mC[0x8d]{([0xcf][0xe6][0x89][0xb8][0xaa]8I_[0xbc][0x9c][0xe3][0xd2][0xf9]3[0xc3][0x17]G[0xf7][0xcd][0xe9][0xca][0xac]0[0xf2]F[0xb][0xf8]=l[0xb3][0xdf][0xd3][0xb3]g[\n]&quot;
2013-02-06 13:51:57,336 AAD-WS DEBUG wire:63 - &gt;&gt; &quot;g[0x97]&lt;[0xca][0xcf][0xa0]r.-C)[0xb9][0xf4][0x10][0xbc]r;T[0xf9]0[\n]&quot;
2013-02-06 13:51:57,337 AAD-WS DEBUG wire:63 - &gt;&gt; &quot;[0xe4]N[0x94][0xca].[0x8c][0x91]iL[0x96][0xbb]0Kv[0xd3][0xdc][0xdb][0x8d][0xf9]r[0xf][0xe5][0xf2]Q,[0x95][0x8f][0xe3],[0xb9][0xf][0xe7][0xcb][0xfd][0xd4][0xaf]O[0xa1]U&gt;[0x8d][0xb5][0xf2][0x19][0xac][0x93][0xcf][0xc2][0x92][0xcf]a[0x93]|[0x1e]W[0xca][0x17][0xc8][0xd9][0xcb][0x9c][0xcc]^[0x8e][0xd7][0x9c][0xec][0x8]z[0x2][0xdc][0x86]W[0xa1][0xfd][0xf]PK[0x7][0x8][0xfe][0x1a][0x7][0xfa]q[0xb][0x0][0x0][0xb][0x16][0x0][0x0]PK[0x3][0x4][0x14][0x0][0x8][0x0][0x8][0x0][0xd4]|D5[0x0][0x0][0x0][0x0][0x0][0x0][0x0][0x0][0x0][0x0][0x0][0x0][0x18][0x0][0x0][0x0]javax/help/TOCView.class[0xad]Wip[0x1b]g[0x19]~[0xd6][0x96][0xb4][0xf2]fc[0xc7]N[0xe2]DN[0xd2][0xc8][0x8d]Il9[0xf6]:[0x7][0x97][0x15][0xda]&amp;R[0xdc]8[0xf5][0x91][0xc6][0xae][0x89][0x3][0xa5]][0xcb]kY[0xa9][0xbc][0xab]jWqL9Z[0xe8][0x1][0xf4][0xe6][0xa6][0xdc]g[\n]&quot;
2013-02-06 13:51:57,337 AAD-WS DEBUG wire:63 - &gt;&gt; &quot;[0x14][0xea][0xf4][0x90][0x9d][0x1a][0xda]B)[0x81][0xc2][0xc]a[0x86][0xe][0xbf][0x99]a[0xf8][0xb]30[0x1d][0x9e]o[0xb5][0x92]u[0xd8][0x9d][0x84][0xa9]f[0xf4][0xed][0xee][0xf7]^[0xcf]{~[0xbb]o[0xbc][0xf5][0xd2][0xcb][0x0]z[0xf1]z[0x3][0xe]#[0xa9]p[0x99]U[0x90][0xc2]9qw[0x97][0x82]w[0xe3].AH[0x8b]eN,[0xa6][0xc]KA[0x3]2[0x82]vw[0x10]Y[0xc1]h[0x8b][0xc5][0x9]&quot;[0xa7][0xe0]&lt;[0xe6]e\P[0xd0][0x8c][0x5][0x19][0x1f][0x15][0xaa][0xee][0x11][0x9b][0x1f][0x93][0xf1]q[0x5][0x9b][0xf1][0x9][0x19][0x9f][0x94]q[0xaf][0x8c][0xfb][0x14][0xb4]a![0x88]O[0x89][0xeb][0xa7][0xc5]r[0xbf]X[0x1e]P[0x10][0xc2][0x83]2[0x1e]R[0xd0][0x8e][0x5][0xa1][0xf6]3B[0xec][0xb3][\n]&quot;
2013-02-06 13:51:57,337 AAD-WS DEBUG wire:63 - &gt;&gt; &quot;&gt;[0x87][0x87]7[0xe0][0x11]&lt;*[0xe3]1[0x5][0xfb][0xf0][0xb8]X[0x9e]P[0xf0]$&gt;[0x1f][0xc4][0x17][0x14]l[0xc7][0x3][0x82][0xfc]E[0xb1]|[0xc9][0xc3]t[0x13][0xbe],[0xe3]+%[0x80][0xb6][0x8c][0xaf][0xca][0xf8][0x9a][0x84][0x86][0xf1][0xd1][0xd8])=k[0x1b]Y[0x9][0xea][0xa0]i[0x1a][0xd9]XZ[0xb7]m[0xc3][0x96][0xd0][0x1c]7f[0xf4]\[0xda]![0xc7][0x80][0x9e]p[0xac][0xec][0x82][0x84][0xc6]Ln*[0x9d]J[0xc][0xc6][0xc7][0x9c]l[0xca]LJh[0x19]:[0xa7][0x9f][0xd7][0xb5][0xb4]n&amp;[0xb5][0xc2]^T[0xc2][0xc6][0x98]e[0xda][0x8e]n:[0x13]z:g[0x4][0xf1][0x14][0x95]U[\n]&quot;
2013-02-06 13:51:57,338 AAD-WS DEBUG wire:63 - &gt;&gt; &quot;[0xde]1q0[0x88][0xaf]K[0xd8][0x9c][0xd0][0x1d]#I[0xd5][0xa3][0x19][0xc3][0x1c][0x9c][0xd3][0x93][0xc6]`\[0xc6]7%[0xd4][\r][0xc6]Iu[0x95]_[0xd0]f[0x8d]tF[0x1b][0xd6]3[0x1d][0x83]qj[0xdf]Z[0x94][0x89][0xa5]-[0xdb][0x98][0xf6][0xa4][0x8][0xdf][0xb1]2[0xb4]P|l[0x9e][0xd7][0xb3]&amp;M[0x8d][0xce][0xc][0xe8][0xa9]t.+\[0x92][0xce]J[0xf0]O[0x1b]S[0xb9]d=3[\r][0x9][0x81]#)3[0xe5][0xdc] [0xe1]Tg[0xb9][0xad][0x13]\[0xc6][0xc]&apos;Z[0xeb][0xdc]z;9&apos;[0x95][0xd6]N[0xe8][0xf6][0xac][0xa3]O[0xa5][0x8d]h[0xd7][0x84][0x4]_[0xcc][0x9a]6$4[\r][0xa5]Lc$77ed[0xc7][0x5]M[0xc2][0xd4];ak[0xc8]J[0xe8]4[0xb4][0xae][0xf5][0xa6]D[0xd6]`[0x9c]F[0xf4][0xf3][0xa9][0xa4][0xce][0xe4]I[0xd8]_cv[0x98][0x0][0xd3][0xd1][0xae][0x82][0xe]}[0xde][0xd1]b[0xd6]\[0xc6]2[\r][0xd3]a[0x98][0xd5][0xa4][0xe1][0xc][0x1b][0xd9][0xa4]1[0xbe][0x90]![0xe8]-[0x9d]]k[0xa6][0x9a]\q[0xdd][0xd1][0x8f][0xda][0xe3]Y[0x83]l[0xdd][0x1e][0xdb][0x5][0xcd][0x9e]&apos;[0x87][0xe6]pW[0xf3][\n]&quot;
2013-02-06 13:51:57,338 AAD-WS DEBUG wire:63 - &gt;&gt; &quot;i8[0xe7][0xc2][0x13][0x8c]#[0xb4]LiF[0x94][0x9e][0x84]{[\n]&quot;
2013-02-06 13:51:57,340 AAD-WS DEBUG wire:63 - &gt;&gt; &quot;[0xd0]4[0xd3]p[0xb4][0xdb]N[0xf]E[0xd7][0x8f]O[0x8d][0xef][0x1e][0x97]P:[0xe8][0x18]s^[0xa5]F[0xaf][0x5][0xc5][0xe3][0xef][0xb8][0xf5][\n]&quot;
2013-02-06 13:51:57,340 AAD-WS DEBUG wire:63 - &gt;&gt; &quot;[0xda]hl&quot;e[0xcc]_[0x13][0xa2]V[0xdb]pb[0xb5][0x9d][0xc1][0xda][0xef][0xac]M[0x82][0xc8]vkr][0x81][0xae]5[0x9b]h{[0x99][0x85][0xaa]&gt;[0xda][0x9e]\[0x97][0xd4]D[0xa9][0xf1][0x8a].kJV[0xef](z&quot;a[0xd8]vG__[0x1f][0xc7][0xcb][0xd8][0x82][0xe9][0xcc][0x1a]N*[0xb1]J8 [0x8][0xf5][0x9d]][0xec][0xc5][0xe0][0x91]D[0xda]k@n[0xd0][0xf]e[0xcc][0xca]e[0x13][0xc6]@J[0xf4][0x89][0xea][0x85][0xae]W8[0xa0][0xe2]8[0x6]T[0xdc][0x8c]32[0xbe][0xa5][0xe2][0xdb][0xf8][0x8e][0x8a]A[0xc][0xab][0xb8][0x11][0xc7]T[0xc4][0xc4][0x12][0xc7]1[0x9];[0xcb][0xbc]=)[0xb2]G%[0xa5]&amp;[0x10]&quot;[0xdf]Uq[\n]&quot;
2013-02-06 13:51:57,341 AAD-WS DEBUG wire:63 - &gt;&gt; &quot;[0xb7]2d.c[0xaf]`[0xec]=[0x9a]a[0xcc][0xa6][0xdd]jW[0xf1]=|_[0xc5][0xf][0xf0]Cv[0xf0]4+[[0xc6][0x8f]T\[0xc4][0xd3][0x12][0xf6]]e[0x2][0x85][0x95]i[0xc2]//*[0x15]?[0xc6]OT[0xfc][0x14][0xcf]H[0xd8]T[0x9d]B![0xf0]3[0x8e][0xbb][0xd5][0xfd][0xe3][0x17][0x12]F[0xc6]IY&amp;#\[0xb6][0x9b][0xcd][0x8a]Fn[0xad][0x96]?[0x96][0x9b][0x99][0x11][0x3][0xbc]}&lt;kq[0xcc][0x1a]a&amp;[0xc5][0xe1]~[0x98][0x86][0xc3][0x8e][0x15]f[0x8][0xc2][0xc2][0x95]hX[0xc5][0xcf][0xf1][0xac]X[0x16]U\[0xc2][0xad][0xc2][0xf0][0x19][0x9][0x1d][0xb5][0xe5][0xda]Q3[0xfc]U[0x8c]cB[0xc5]sx^[0xc6][0xb]*^D^[0xc6][0x92][0x8a]e\[0xae][0xc]zQA[0xe9]`[0x11]F^[0x12][0xd2]+2~[0xa1][0xe2][0x97]&quot;6[0xbb]K[0xe][0x86][0x13]z.9[0xeb][0x84][0xe7]g[0x99][0xf3][0xb0][0x98][0x7][0x2][0xb8][0x8a][0x97][0xf1][0x8a][0x8a]W[0xf1]+[0x15][0xbf][0xc6]k[0x12]Be[0x16][0x8e][0xe9][0xd3][0x83][0xf1][0xb2][0x8][0xb5][0xd4]Zg[0x15][0x97]m[0x96][0xf2]_ [0xf5][0xf7]h[0xda]X[0xce][0xc][0xf][0xa7][0x12]Y[0xcb]^[0xb0][0xd9][0xb8]vx[0xd0]L[0xf4]jZ|&lt;[0x1e]&gt;IAQ8n[0xd8]&amp;[0xc][0x2]&quot;[0xca][0x3][0xbd]}[0x9a]v|[0xe4][0xff][0x13]&gt;X[0x10][0x96][0xf1][0x1b][0x1e]K5[0xdd]X[0xe9][0x80]7p[0xd8]:Lba[0xd4][0x94][\r][0xdf][0xf2][0x1]$[0xe1]P[0xc5]D[0xaf][0xf0][0xb2]f[0x88]y[0xb3]^[0xf4][0x18][0x15][0x97][0xac][0xb4]V[0xce][0x87][0xe2][0xb8]+[0xc]v[0xe6]O[0x9f]3[0x1c]z!a[[0x5][0x84][0xd5][0xb3][0xa6]X[0xb6][0x95][0xdb][0x12]6$,[0xd3][0xd1]S[0xa6]}[0x8b][0xb1]P5[0xb7]F[0xa7][0xce][0x19][0x9]&apos;*[0x6][0xc0][0xc6]U,[0xac]U[0xb6]F[0xd1]Jq[0x16]s0$[0x5][0xce][0xbd]k)[0xa8][0xdd][0x92][0xb0]g[0xad]a^3/[0x3][0xba][0xdb][0xf1][0xa5]C[0xb1][0x92][0xa1]f[0xab][0xd0]`[0xd1]*[0xf6]5`T[0xb1][0x7][0x1d][0xab][0xf8][0xa2][0xd4]h[0xd1] [0xdf][0x8b]L[0x8a][0xb8]U[0xdb]V[0xe5][0xea]*[0x8d][0x82][0xe1][0x84]5[0xa7][0xd9]9Ss9[0xdc][0xd4][0xa4][0xe6]2i[0xed][0xcc]\[0xfa][0xb4][0xa1]O[0xbb]ok[0x85][0x3][0xbe][0xf8][0x18][0xe9]\O[0x9b]g&amp;ei[0x5]^[0xaa]o[[0xff][0xec][0x12][0xef]x[0x85]&amp;[0x1c]s[0xf4][0xac]c0F[0xcd]U![0x15][0x1][0xac],[0xbd][0xab]:[0xff]([0xa5]wVc[0xb9][0xba][0xb3][0xf6]Z[0xce][0xce][0xc6]J[0xb]|[0xc9]H[0x88]C[0x8c][0xb5][0x96]52V[0x96][0xef]4[0xb6][0xcd][0xa3]J[0x94]~m[0xea][0xcf][\n]&quot;
2013-02-06 13:51:57,341 AAD-WS DEBUG wire:63 - &gt;&gt; &quot;[0x94][0xaa][0x17][0x80][0xe3][0xe6][0xb4]p[0xbc][0xf3][0xaa][0xad]_[0xb][0xce]@![0x12][0xa2]k[0xe0]X+,k[0x1f][0xe4][0x8d][0x95][0x9b][0xfc]T8[0xcc][0xaf][0x11]@[0xe6][0xc7][0xc3][0xfb][0xd1][0xcf]w[0xdc]([0x9f][0xea]p[0x84][0xcf][0x1f]({[0xbe][0x81][0x1e][0x9d][0xee]}[0xcc][0xbb][0xc6][0xdd][0xab]&quot;NZ^[0xdb]x[0xd8][0xe][0x94][0xf8]O[0xf0]3F[0xe2]$?[0xc9][0xf5][0x16][0xee]D[0x10][0x80][0x9f][0xd7][0xc6]H[0xf7][0xfe][0x9e][0xee]&lt;[0xea]C[0xbe]%[0xf8].[0xb9]o[0xd5]C[0xae][0x96]:[0xae]#[0xd8][0x88]QWn[0xd8][0x93][0x8b]Q.[0xc0][0xeb][0xe]![0x17][0xf2][0x85][0xfc]K[0xf0]G[0xa4][0x17][0x11][0x10][0x8b],[0x96][0xe0][0xaa][0x92]V[0xd7][0xc4][0x1d][0xd8]@[0xe8][0x9b][0x8]y+![0xb7][0xe1]NRG\[0xb5]B[0xe1][0xf5][0xf0][0xb9][0xa6][0x94][0x15]4LF[0xba][0x97][0xa0],[0x96][0xe4][0x3][0xbc][0x2]3\y[0xe4]{[0xfc][0x7]y[0xad]s[0x81]/a[0xc3]P[0xf7][0x15][0x4]Z[0xd4][0xc5][0xee]U[0x99][0x16][0xea][0x3][0xe6]h[0xd9][0xe4][0xb7][0x9d][0x5][0x15]w[0x93]r[0x1a]c[0x9e][0xfc][0xb3][0xa4][0x8]TV$[0x8f][0x8d]C\[0x1a][0x87][0xf7][0xff][0x16][0x9b][0xf8][0xdf][0xbe][0xbf][0xa5])[0x8f]MO[0xa1]i[0x5][0xcd][0x93]Kh[0xe9][0xf7][0x85]|[0x8b]+[0xd8]&lt;[0xc9][0xf8]lq[0x89][_E[0xeb][0x12][0xb6][0x8d]\D{[0xbf]o[0x5][0xa1][0xc9][0x15][0xb4][0x91]sG[0xcb][0xce]&lt;v[0x85]|y\[0x97][0xc7][0xee]%[0x84]_[0xe9][0xe9][0x16]1]A;[0xa9][0xd7]G[0x96][0xb1]g[0x91][0xe6][0xf7]1[0x8b]7[0xf2][0xf3][0xae][0x0]t/[0xe1][0x1][0xf7][0x12][0xcc]}[0x8c][0xf6][0xfd][0xd8][0x81][0x7][0xd1][0x81][0x87][0xc8][0xf5]0[0xf9][0x1e]![0xe7][0xa3][0xb8][0x1d]O[0x90]k[0x1c][0xb7]y[0xe0][0xdb][0xc9]-[0xdc]k[0x10][0xd1][0x97]\[0xb5][0x95][0xb1]z[0xda]e[0x9f][0xf0][0xd8]/[0x92]Y[0x18]IH[0xfd][0x1]z[0xda][0xd1]/[0x87][0xe4]e[0xbc][0xab][0xdf][0xdf][0x13][0xb9][0x8c][0xbd]uX[0xc1][0xbe][0xc9][0x1e][0x91][0xf8][0xce][0xfe]`([0x18][0xf2]w[0xef][0xcf][0xa3][0xab]?[0x10][0xf2][0xe7][0x11][0xb9][0x88]}[0xfd]rO[0xd1]?z[0xb3][0x8b][0x1a][0xae][0xb][0xc9]y[0x90]i[0x17][0xdd][0xac][0xbf][0x8c][0x9e]z[0xf4][0x84][0x2][0x97][0xd1][[0x7][0xe1]_=[0xe][0xe1]=%[0xff]&quot;[0xf4][\n]&quot;
2013-02-06 13:51:57,342 AAD-WS DEBUG wire:63 - &gt;&gt; &quot;x[0x8d][0xbb][0xaf][0x13][0x4]C[0x8c]+[0xd8][0x86][0xdf]a[0xf]~[0xcf][0x8f][0xf4]7[0xc8][0xfb][0x7]r[0xff][0x11]g[0xf1]&apos;J|[0x10]g&lt;[0xd0][0x3][0x94][0x10][0x9f]w[0xad][0xcc][0xad][0xef]R[0xa4][0x9b]f[0xb5]e[0xf4][0xb1][0xc4][0xe8][0xce][0xf0]%r[0xf9]Y[0xcb][p[0xa0][0xa2][0xc8][0xfe]LW[0xff][0xc2][0xbb][0xbf][0x92][0xf6]&amp;[0xb][0xed]o[0xa4]NRwA[0xa7][0xe0][0x15][0xe1]i[0x8e][0xbc][0x80][0xc0][0x15][0x4]y[0x91][0x17][0xc5][0xfd]j[0xfc][0x1a]][0xa3]g[0xe3][0xfd][0x83]5[0xf3]O[0xee]~[0xe8][0xed] [0x1d]t![0xc9]o[0x7][0xe9]_[0x84][0xf4]o[0xde][0xfd][0x87][0xb4][0xff][0x12][0xd2][[0xa4]~[0xb8][0x4]i[0x97][0x7][0xc9][0xef]b[0xa9]L[0xa3]$[0xd6][0xdb]K[0xe6]G=[0xf3];h[0xbe][0xa1][0xd0]b.[0x86]C.[0x86]`[0x11][0x83]B[0xbb][0xa1][0x12][0x86]6[0xd1][0xa6]R[0x13]|[0xd2]&amp;4H[0xcd]P[0xa4]-h[0x95][0xb6][0xa2]M[0xda]F[0x8e][0x8f][0xac][0x89]#X[0x8d]c7[0x95][0xde]\[0xc2][0x11]r[0xa9][0xfc]_[0xaa]d[0xab]{[0x13]Av[0xf9][0x19][0xf6]e[0xa5][0xc6]e[0xd4]U[0xb1]2[0xf3]w[0x8a]Ow[\n]&quot;
2013-02-06 13:51:57,342 AAD-WS DEBUG wire:63 - &gt;&gt; &quot;[0xe8][0x98][0xf2][0x4]v[0xba][0x14][0xc0][0xf7][0x1c][0xa4]g[0xd6][0xe5]O`[0xba][0xc][0xb2][0xf8][0xf9][0xeb][0x9f][0xaf][0xc1][0x82][0x1c][0x95][0x1a][0xee][0xc8][0x9b][0xc1]{[0xdd]8[0xd4][0xb3][0xa5][0xe][0xb3][0xd4][0x14]w[0xb8][0xbe][0x8f][0xc5]x[0x13][0xbe][0x81][0xa3][0x8][0xfd][0xf]PK[0x7][0x8][0xdf][0x85]6[\n]&quot;
2013-02-06 13:51:57,343 AAD-WS DEBUG wire:63 - &gt;&gt; &quot;1[0x8][0x0][0x0]2[0x12][0x0][0x0]PK[0x3][0x4][0x14][0x0][0x8][0x0][0x8][0x0][0xd4]|D5[0x0][0x0][0x0][0x0][0x0][0x0][0x0][0x0][0x0][0x0][0x0][0x0].[0x0][0x0][0x0]javax/help/IndexView$DefaultIndexFactory.class[0x9d]V[p[0x1b]W[0x19][0xfe][0x8e]-iW[0xab][0x8d][0x9d][0xac][0xed]$[0x1b][0x92][0xa0][0xa4][0xc1][0xf5]E[0xb6][0x92][0x14]([0x91][0x13][0xa0][0x89][0x95]Z[0xa9][0xe5][0x88]Z18[0x94][0xcb]F:v6[0xc8][0xbb][0xea][0xee]*q[0xb8][0x15][0xe8]%[0xe5]R[0x2][0x5][0xda]:[0xb4][0xe5][0x8e][0xa1]\[0x9a][0x96]FN[0x9b][0xa1][0xed][0xf0][0xe0][0xe][0x1d][0x9e]:[0xc3][0xf4][0x9]^x`[0x86][0x19][0x6][0x86][0xfb]pi[0xf9][0xcf][0xee][0xc6][0x17]E[0x1e]2&lt;[0xe8]?G[0xff][0xf9][0xcf][0xf7][0xdf][0xff][0xb3]/[0xbf][0xf6][0xdc][0xf3][0x0][0x6][0xf1][0x9c][0x82][0x9b]Q[0x94]pLA[0xb][0x8a]q[0xbc][0x15][0x13][0x82][0xbc][[0xc2]{d[0xc])[0x88]aR[0xfc]?.[0xe3][0xbd][\n]&quot;
2013-02-06 13:51:57,343 AAD-WS DEBUG wire:63 - &gt;&gt; &quot;6[0xe1][0xe][0x19][0xef][0x93][0xf1]~[0x5][0x1f][0xc0][0x7][0x15][0xe2][0x1b]2N[0x8]~IBY[0x6]W[0xa0]aR[0xc6][0x94][0x82]i[0x9c][0x94]`[0xca]8%[0xe3]C2*2fdX[0x12]l[0x5]U[0xdc][0xa9]`[0x1b][0x1c][0x9][0xae]X[0x8b][0x82]x[0x82][0xd4]d[0x9c][0x16][0xeb][0x19][0x19][0xb3][0xfe]*[0xc8]YA&gt;,[0x8c][0xfb][0x88] [0x1f][0x8d][0xe3]c[0xf8][0xb8][0x84][0xbb][0x14][0xc][0xa0]([0xe3][0x13]b[0xfd][0xa4] [0x9f][0x12][0xe4]n[0x5][0xf7][0xe0][0xde][0x4][0xee][0xc3]9A[0xee][0x97][0xf0][0x19][0x9][0xf]H[0xf8]&lt;[0x83]&lt;[0xc3]][0xd7][0x98][0xe6].[0x83]6z[0xca]8m[0xa4]k[0x9e]YIO[0xf0][0x92]g;C[0xc]1[0xd7][0xae]9%[0xce][0xd0][0x16][0x9c]Z[0xdc]K[0x1f][0xbb]}[0x94]N[0x94][0xd3]F[0xc5],[0x17][0xc][0xc7][0xa5]Sv[0x9c]D[0xf7][0x9b][0x96][0xe9][0xbd][0x9d][0xa1][0xb5][0xa7]w[0x82]!r[0xc8].[0xd3]I[0xfb][0xa8]i[0xf1][0xb1][0xda][0xcc][0x9][0xee][0x14][0x8d][0x13][0x15][0x81]T[0xa5];[0xa6]5=[0xee][0x19][0x8e][0xc7][0xcb][0xc][0x1b]zVc[0x8b][0xdb]mU[0xc7].[0x91]i[0xc3]G[0xf][0x15]&apos;[0xb]Y[0x86]}[0xa1]P[0xc5][0xb0][0xa6][0xd3][0xe3][0x9e]C[0x0]C[0xd7][0xc3][0x11]`[0xf1][0x10][0xac][0x90]c[0x18][\n]&quot;
2013-02-06 13:51:57,343 AAD-WS DEBUG wire:63 - &gt;&gt; &quot;pf[0xd3]&apos;y[0xa5][0x9a][0x1e]!2[0xce][0xbd][0xeb]FRJ[0xe]7&lt;[0x9e][0xf3][0xf8][0xc]CyM[0x93][0xfc][0x18][0x8e][0x18][0xee]IO[0xb8]&lt;[0xb4][0xb6]F_p[0xd4].[0x19]$[0xd5][0xbb]R[0xac][0xe8]p_[0xb][0x5]zS[0xcf]Z&apos;[0xeb][0x1c]^[0xb5][0x1d]/[0x1f][0xa4][0x90]ac[0x13][0x83][0x8e][0xb][0xb3][0xd5][0x8a][0xe9]^[0x15][0xa3]L[0xeb]!b[0xa0]&gt;k[0xd5]f[0xb8]cx[0xa6]m[0x11][0xa6][0x1a]f&apos;k[0x95]En[0x8a]W[0xc3][0xe5][0x9e]!f[0xda]#[0xe5][0xe9]a&gt;e[0xd4]*^[0xbe][0xe6]{&apos;[0xec][0x19][0xa3]T/[0xd9][0xff][0xbf]%)[0x8e][0xe3]~Y[0x1d]6[0xfd][0x82][0xc8][0x91][0xae][0xd9][0x9][0x93][0x9f][0x19][0x14][0x8]*[0xde][0x81]w2[0xac]o[0xac]F[0x15][0xfb][0x90]Qq[0x0]Tb[0xdb][0x97][0xfd][0x1c][0xab]U*[0x5][0xdb][0xb4]&lt;[0xee]dgK[0xbc]*[0xfc][0x10][0x10][0xe7]U[0xc]a?[0xc3][0xfe][0x81]tz[0xbc]f%[0xf3]f[0xc9][0xb1][0xdd][0xb3].[0x85][0xce]M[0xe6][0xac][0xd2]`:=\[0x1c]N[0x1e]! [0x91][0x93][0xa4]oDr[0x82][0x93][0xf7][0xb6][0x95][0xdc]3[0xb8];[0x9d][0xce][0x8e][0xa9][0xf8][0x2][0xbe][0xf8][0xff]b[0xec][\r]0[0x18]6[0x9b][0x82]?hZ~[0xcb][0xf8]B[0x87]mg[0xc6][0xf0]$&lt;[0xa8][0xe2]K[0xf8][0xb2][0x8a]Q[0xe4][0xa9]N}9[0x93][0xd0]U|[0x5][0xf]1[0xec]\v3W[0xa9][0xf0]i[0xa3]r[0x8b]3M[0xd9][0xb2][0xbc]%W[0x19]$[0xcf][0x98][0x1e]3f([0x90]1[0xea][0xa8]iN[0xa8][0xf][0xab]x[0x4]sWc[0xb8][0xa2][0x1c][0xa8]-=&gt;[0xeb][0x91]*J9[0x89][0x9e][0xad][0x8a]k|[0xb6]jX[0x94][0xec][0xf5]U[0x87][0xbb][0x4][0xee][0xd7]Bp[0xb6][0x8a]e[0xf9]Z:W[0x14][0xa3][0xef][0x8b][0xa8]F[0x9]_U[0xf1][0x18][0x1e][0x17][0x91][0xff][0x1a]U[0xd8][\n]&quot;
2013-02-06 13:51:57,344 AAD-WS DEBUG wire:63 - &gt;&gt; &quot;[0x99][0x83]F97[0xbc]&quot;5_[0x17][0xa9][0xf9][0x6][0xce][0xb][[0x9c][0x1a]W[0xf1]M|[0x8b]!:eT\[0xfa][0xf3]mq[0xfa][0x1d]A[0xbe][0x8b]y[0x15][0xdf][0xc3]Q[0x9][0xdf]W[0xf1][0x4]~@[0xf5][0xdd][0xe8][0xce][0xc1][0xda][0xd4][0x14]w[0x18]:[\n]&quot;
2013-02-06 13:51:57,344 AAD-WS DEBUG wire:63 - &gt;&gt; &quot;A[0xd1]&amp;[0xa7][0xc][0xaa][0xa8]rr[0xca]v[0x92]*~[0x88][0x1f][0x9][0xf2]c[0x15]O[0xe2][0xa2][0x84][0xa7]T&lt;[0x8d][0xf3][0x12]~[0xa2][0xe2][0x19]\RQ[0xc7][0x82][0x84][0xcb][0xc]=[0x8d][0xfe][0x88]J[0xdc][0x15][0x96]n[0x90],C[0xd4][0xdf]Y[0xd2][0xd3][0x94][0xab][0xe6],[0x8b];[0x87]*[0x86][0xeb][0x8a][0xee]Z[0x11][0xf4][0xa3]&apos;NQ[0xe9]2li[0xd2][0xbf]K[0xd7][0xbb][0x9a]t[0xad]?[0xb5]J[0xf6][0xc]5#/[0xda]k[0xc8][0xd0]4[0xdb][0xdc]0Y[0x8e]Q[0xbb][0x98][0x9e])[0xcc][0x90]([0xbd]E?[0xd7]o[0xbb][0xae][0xd1][0xd9]{-K[0x94][0xc6][0x9d]5[0xca]K[0x83][0x1][0x81][C[0xbd]4[0xf4];[0x9a][0xcc];z[0x1]H7Cw[0xb3];[0xd7][0xb2]$&lt;Ko[0xc0][\n]&quot;
2013-02-06 13:51:57,345 AAD-WS DEBUG wire:63 - &gt;&gt; &quot;G[0xf2]FuWn[0x98][0xa1]E[0x90]X0q[0x97][0x6][0xf7][0xb5]^4[0xc][0xd6]U[0xc3]2[0x80]&quot;G[0xf6][0xf7]4a_[0xe7]\[0xa6]\H.[0xf7][0x82][0x1e]Si[0x97][0x17][0xbd]S[0xc][0xfa][0x83][0xfe]fE[0xfb][0x88][0x8e][0xf]X[0x91][0x9e][0x9c][0xb8][0xd2]N&apos;[0x85][0x15][0xcd]C[0xb1]j[0xe0][0x4][0x80][0x8a]Q.g+\4[0xf5][0x1a]a&amp;0[0x99][0x7][0x12][0xab][0xcb]k[0xdc][0x9f]D[0x14]n[0xee]P[0x13]t[0x5]WM;][0xa0][0xe0]x[0x14]&quot;n[0x88]W&quot;fT[0xab]\[0xb4]w[0xaa]Y[0x11]][0xc3][\n]&quot;
2013-02-06 13:51:57,345 AAD-WS DEBUG wire:77 - &gt;&gt; &quot;zj[0xa8]A[0xbc]I[0xfa][0x1a][0xc4]e[0xcf][0xbe]:c:{[0x9a][0x16]SG[0x13][0xfb]([0xb4]U[0xf1][0xaf]B[0xf1][0xe9]j[0xfa]&amp;1$,*[0xe3][0xa5][0x10][0xad][0x6][0xf][0xed][0xa2]p[0x9f]4[0xdc][0xbc][0xed][0xf0][0xec]R[0xa0][0xe8]3[0xe4]x[0x93]i%[0xba][0x9b][0xde][0x9c][0xd5][0xd5][0x80][0x1d][0xf4][0xd5]v3[0xa8]W[0xd0]J[0xdf]S[0xf4][0xd0][0xd0]g`[0x8b]x@[0xfc][0x95][0xde][0x1c]Z[0xe3]tNO[0x13][0xd1][[0xe8][0xdf]&gt;[0x92]d[0xb4]v[0xf5]-[0x80][0xf5]]A[0xcb][0xe4][0x2]Z/![0xd2][0x17][0xb9][0x84][0xe8]St[0xc0]p[0x90][0xa8][0x86][0x8][0xd1][0x9f][0x12]}[0x1e][0xed]x[0x11][0x9d][0xb4]g8[0x84][0xe1][0x10]&amp;P[0x8]t[0xf6][0xbf][0x84]uW[0x10][0x9b][0xd4][0xa4][0x5][0xc8]/[0xf4][0xf5]_B[0xbc][0x11]e[0x91][0xe8]Kh[0xc3][0xcf][0xd1][0x81][0x97][0xe9]$[0x8b][0xc3]![0xca]AB[0x11][0x12];S[0x8b][0xe8]JiJ[0x1d][0x89]9lJi[0xaa][0xbf]i[0xeb][0xd3][0xd6][0xa5].[0xa3][0xad][0xb5][0x8e][0xf6]e[0xcc]6[0xba][0x3][0xbc][0x82][0x8d][0xf8]%[0xb9][0xff]*qo[0xc5]H[0x88][0xa7][0xd3]O[0xe0][0xb1]e[0xf1][0x98][0xef][0xed][0xaf][0x88][0xe6]p$[0x10]c[0xf] [0x8a]u[0xc4][0xfd]}[0xff]&quot;[0xd4]~m}[0x1d][0x1b].[0x8]/[0xb4]I[0xad]c[0x1][0x9d]/[0xb0]L[0x94]eb,#[0xb1][0x8c][0xcc]2q[0x96]QX&amp;A&amp;fSZW[0x1d][0x1b]_[0xc4][0xa6]L,&quot;
2013-02-06 13:51:57,345 AAD-WS DEBUG wire:63 - &gt;&gt; &quot;[0xa5]m[0xe][0xb7]RJ[0xd3][0xc3][0xad][0x9c][0xd2][0xb6][0x84][0xdb]xJ{C[0xb8]UR[0xda][0xd6]p[0x9b][0xb8][0x82]m[0x93]zl[0xe0]2[0xb6][0xf][0xe8][0x91][0x5][0xbc]1[0x13][0x9d]G[F[0x15][0xec][0x5][0xec][0xc8]Dui[0x11][0x8a]NK[0x1d];u9[0xd8][0xcb]u[0xdc][0xa0][0xc7][0x17][0xd1][0xad][0xc7][0xb5]]d[0xeb][0x1c]T=[0x1a][0xa9][0xe3]M[0xf3][0xe8] V[0xb7][0xcf][0x8a][0xeb]Q[0x8a][0xd3][0x8d][0xba][0x12][0xdc][0xa1]P[0xf6][0xe8][0x89]`[0x9f][0xa8][0xa3]W[0x8f]^$[0xe7][0x1d][0xfa][0xa0]&gt;[0x87]d[0x18][0x9a][0xfb](~[0xc0][0x1f]([0x14][0xa4][0x8f][0xfe]?a[0xb][0xfe]L[0x9f][0xe7][0xa1][0xf3][0xbf][0xe2][0x6][0xfc][\r][0xdd][0xf8];z[0xf1][0xf][0xa4][0xf0]O[0xec][0xc6][0xbf][0xa8][0xac][0xfe]M[0x99][0xfb][0xf][0xde][0x85][0xd7]p[0x7]^[0x7][0xb5][0xc][0x1c][0x16][0xc1]=L[0xc2]9&amp;[0xe3]A[0x96][0xc0][0xc3]L[0xc5][0xe3][0xac][0x8d][0x9e][0xc6]v&lt;[0xc1]6[0xe0]I[0xa6][0xd1][0x9c][0xec][0xc0][0xcf]X&apos;~[0xc1][0xba][0xf0][\n]&quot;
2013-02-06 13:51:57,346 AAD-WS DEBUG wire:63 - &gt;&gt; &quot;[0xd3][0xf1]*[0xdb][0x82]_[0xb3]m[0xf8][\r][0xdb][0x8e][0xdf][0xb1][0x1d]~jn[0xb]3[0x98][0xa4][0xaa][0x12][0x9][0x93][0xc3][0x88]\\[0x9d]H[0xd6]C[0x94]&gt;:B[0xe9][0x3]$-[0xaa]a[[0xdf]3[0x88][0xf4][0xd7][0xd1][0xd7]G[0x9b][0xe8][0x1c][0x12][[0xe7] E[0xe6][0x11]i]U[0xd4]~[0xe9][0xb0]4d[0xb6][0x1b][[0xd9][0x1e][0xe2][0x8e][0xe1][0xe8][0x92]b[0x16]([0x16]Pu[0xf4]7*[0x16]]V [0xd7][0x3][0xe9][0xfb][0x9])Jk[0xa1]?/4^[0xc0][0x8][0xcb]?[0x8d][0xd4][0x15][0xc][0x90][0xd1][0x83]Z[0xba][0x8e][0xdd][0xc4][0x8f][0xd7][0xb1][0xa7][0x8e][0xbd]u[0xdc][0x14][0x82][0x8e][0xcd]c[0xe3][0xc0][0xb3]x3[0x83]([0x86][0x8][0xdd][0xd0][0x89]}[0x13][0xb1][0xde][0xc2]p[0xe1][0xf5][0xdf][0xa6][0x96][0xb5]vS[0xdf][0x82][\r][0xa3][0x85]e[0x11]g[0xb7]&quot;[0xc1]Fp#[0xcb]a/[0xbb][\r][0x7]X[0x1e]Yv[0x4]c[0xac]@[0x1][0xb8][0xdd][0xef][0xf5]q|[0xce]o[0xb8][0x16][0x9a][0x8][0x9f][0xc6]g[0xe9]v[0x15][0x17][0xf0]([0xf4][0xff][0x2]PK[0x7][0x8][0x8b]*[0x13][0xfe]\[0x7][0x0][0x0][0x1d][0xe][0x0][0x0]PK[0x3][0x4][\n]&quot;
2013-02-06 13:51:57,346 AAD-WS DEBUG wire:63 - &gt;&gt; &quot;[0x0][0x0][0x0][0x0][0x0][0xd4]|D5[0x0][0x0][0x0][0x0][0x0][0x0][0x0][0x0][0x0][0x0][0x0][0x0][0x12][0x0][0x0][0x0]javax/help/search/PK[0x3][0x4][0x14][0x0][0x8][0x0][0x8][0x0][0xd4]|D5[0x0][0x0][0x0][0x0][0x0][0x0][0x0][0x0][0x0][0x0][0x0][0x0]&gt;[0x0][0x0][0x0]javax/help/search/MergingSearchEngine$MergingSearchQuery.class[0x8d]V[0xeb]STe[0x18][0xff][0xbd][0xec].g=[0x1c]AVEVK[0x10]$`w[0x11][0xa4][0x9b]!Y[0x8a][0x8b][0xa2][0x80])[0x4]iV[0x1e][0x96]W8[0xba][0xec][0xd2][0xd9][0x3][0xda][0xd5][0xee][0xf7][0xdb]W[0xfc][0x3][0xe2][0x8b][0xcd][0xe4][0x8c][0xa2]eS6[0xd3]hS35[0xd3][0xed]C[0x96][0xd3]4[0xcd]T3}[0xa9]&gt;[0xd4]t[0xb3][0xdf]{[0xf6][0xb0] ![0xb1][0x1f][0xce]{[0xce][0xf3]&gt;[0xcf][0xf3][0xfe]~[0xcf][0xed][0xdd][0xf][0xfe]y[0xf3]m[0x0]k[0xf0][0x92][0x8e][0x12][0xc4][0x17][0xa0][0x1a][0xad][0x1a][0xb6][0xa8]uk[0x10]m:|[0xd8][0xa6][0xf3]c[0xbb][0x86]v[0x1d]At(I[0xa7][0xd2][0xdd][0xa1][0xe1]6[0x1d][0x6]:[0x94][0xee]N%[0xde]U[0x80].tk[0xb8]]G1z[0xd4]^[0xaf][0x92][0xdc][0xa1][0xde]vk[0xd8][0xa3][0xac][0xee]T[0x8f][0xed]A[0xec][\r] [0xfb][0xfb]C[0xc7]][0xb8][[0xc3]=:[0xae][0xc6]&gt;[0x1d]&amp;[0xfa][0x94][0xaf][0x84]:[0xb4][0xdf][0xfb],[0x81]T&gt;[0xf6][0xab][0xc7][0x80][0xda][0x18][0xd4]`iH[\n]&quot;
2013-02-06 13:51:57,347 AAD-WS DEBUG wire:63 - &gt;&gt; &quot;[0xf8][0x86][0x6]3[0x2][0xd5][0xed][0x7][0xcc]Q[0xf3]p[0xfd][0xa0]L[0xe][0xd7]g[0xa4]i&apos;[0x6][0xeb];[0xa4]=`[0xa5][0x6][0xba][0xdc][0xaf]x[0x8a][0xef]r[0xbd][0x80]v[0xef][0x88][0xb4]-I[0x9b][0x90]kS?[0xe2]X[0xc9][0xfa][0x1e][0x99]p[0xd2]6[0xb7][0x8d][0xac][0xf1][0xb0]i[0x9b]CS:I35P[0xdf][0xe5][0xd8]tG[0x9d]|g[0xd0][0xca][0xac]n[0x10]X[0xd0]u_[0xca][0x19][0x94][0x8e][0x95][0xa0][0xb0][0xd9]JY[0xce][0x6][0x81]m5[0xf3][0xc4]2[0x8b][0xda]e[0xfb][0xb5]=[0x2][0xfe][0x96]t[0xbf][0x14](j[0xa7][0xa0]sd[0xa8]O[0xda][0xdd]f_[0x92][0x92]@[0xc6]1m[0x87][0xc4]k[0xfe][0x8b]p[0x1a][0xaf][0xf6]t[0xc2]Lf][0xe9][0xf1][0xc3][0x9]9[0xec]X[0xe9]TF[0xc3][0x10]]g[0x9c][0xf4]0[0xe3]W[0xa3]6[0x83]Vfc[0xc2][0xb1]F[0xa5]+[0xd8][0xc3][0x13][0x7][0xa4]3[0x1d][0x8d]@EM[0xed][0xff]![0xe6]![0x96]#[0x87]2[0xad][0xe9][0x91]T[0xbf][0xb2][0xb8][0xb2][0xc1][0xa8]L9.[0xac][0x85]Yy[0x97][0xa2]#iT[0x98][0xfd]ne43[0x83]J[0xa0]w[0xa5]G[0xec][0x84]l[0xb5][0x14][0xed][0xd2]Y[0x2][0xb9]F[0x1d]b`-R[0x6][0xea][0x11][0x11][0xa8][0x9a]W[0xfc][\r][0xd4]*[0xe5][0x85]n [0xb3][0x1b]5[0xb5][0x6][0xd2][0x18]6[0xb0][0x1e][0xcd][0x2]eS[0x81]mK&amp;[0xe5][0x80][0x99]$HG[0xe6][0xc2][0xa8][0x8e]l2p/l[0x3][0xd7][0xe3][0x6][0x81]E3[0xeb][0xc9]@[0x14]1[0x3][0x19]8[0x1a]F[0xc][0x8c][0xe2][0x90][0xc0][0xca][0xb9]ch[0xe0]0[0xee]3p?[0x1e]0[0xf0] [0x9a][\r]&lt;[0x4]f[0xf9][0xea]+[0x19][0xed]d1S[0xfd]a[0x1c]a[0xb8][0xbd][0xca].7mYn[0xba][0xd9],?dZ[0xe]y[0x97];[0xe9]r[0x95]n[\r][0x8f][0x18]x[0x14][0x8f]y0&lt;r)G[0xda][0xf6][0xc8]0[0xc3]?[0x8d][0xdb][0xe3]h[0xd2][0xf0][0x84][0x81]&apos;q[0xc8][0xc0]Sx[0xda][0xc0]3[0xb8][0xd5][0xc0][0xb3]8b[0xe0]9&lt;o[0xe0][0x5][0x85][0xee]E4[0x9][0xac][0x9b]W[0xbc]W_&amp;s[0x81][0xb3][0xbf]f[0x13][0x1a]m[0xa9][0x94][0xb4][[0x92]f&amp;[0xa3][0xfa][0xb4][0xfc]J[0xe4][0xdb][0xad][0x8c]#[0xa9]I[0xea][0xff]I[0xd5]F{`d[0x88]5[0x96]c$P9G9Nu[0x9c]n&amp;[0x12]2[0xc3][0xf6]n`[0x83]/[0x9d][0xa5][0xbb][0xa6]+[0xad]mh[0x14][0x88][0xce][0xb7][0xe1][0xf7][0xa8][0xc6][0xd2][0xd9]X[0xd9]oR[0xb]{=[0x95]-[0x9a]x[0x8a][0x90]mS[0xa1]e+-[0x9d]uC[0xa0] %[0xf];[0xf1][0xa4]T[0xec][0x4][0x96]Lzp![0xee][0xe8];[0xc0][0xc2][0xa3]qA[0xc2][0x96][0xac]U/[0xa0][0xab][0xe6]h]WEu[0xae][0xd9][0xdf][0x9f][0xf3]z[0x19]o[0xcf][0xa9][0xe2]]4hf:[0xd2][0xb6][0xf4][0x14][0xc9] (s[0xaf][0xc5][0xf4]031UW[0x8e][0xf9][0xa4][0x92][0xeb]x[0xd1][0xcc][0xe3]8[0x9f]T[0xed]r[0xa9][0xd9][0xe6][0x9e]&lt;[0xcc][0xe0];l[0xc0][0xc4][0xc1]n[0xdb]L[0xc8]9z[0xc2][0x9d]-[0x1c][0xce]j[0x82][0xb9][0xa3]cz[0xbe][0x98][0xd4][0xc8]|[0xf3][0xa5][0xd2]U[0xb8][0xdf][0xb2]e[0xdb][0xb4][0xa1][0xb6][0xc4][0x96]C[0xe9]Q9[0x93][0xe8][0xc2][0xac]x[0xee][0x8][0xd2][0x9f]fe[0xe2]C[0xc3][0x8e]*}[0xe5][0xb9][0xeb][0xb2]a[0x87]r[0xde]l%[0x10][0xa8][0x81][0x1f]yj&gt;[0xf1]z[0xcc]SC[0xc4]][0xeb]xI[0x3]!5[0xe4][0xa8][0xd3][0xe0]^[0x9e]A[0xbe][0xad]E#[0x9f][0xd7][0xf2]k[0x13][0xb5]|\[0x97]Gb[0xa7] &quot;[0xd1][0x93][0xc8][0x8b][0xbd][0xb][0xdf][0x18][\n]&quot;
2013-02-06 13:51:57,347 AAD-WS DEBUG wire:63 - &gt;&gt; &quot;&quot;[0xb1][0xb3][0xf0][0x9d][0x84][0xff]8w[0x5][0xae][0xe3][0xb3][0x4][0xea][0x2]~[0x93][0xcf]7[0xa0][0xe3][0xc]/[0xec][0xb7][0x10][0xc6][0xdb]X[0xa5][0x86][0x19][0xfd](?[0xd0][&gt;[0xd7]W&quot;[0xbd][0xa1][0xc0]i[0xe4]G&amp;[0xa0][0xd1][0xd9][0x19][0x4]w[0x9f][0xc2][0x82]w&quot;&apos;[0x90][0xe7];[\r][0xbd]7[0x12][0xe5]y[0x5][0x91]30(_x[0x12][0x85][0xdc][0xf1]O[0xa0][0xa8]s[0x1c]euo`[0x91][0xc0]Y[0x14]7[0xf9][0xc3][0xfe]s([0xe2]Va[0x98][0x9b][0xa1][0x9],[0xe6][0xde][0x12][0x81][0xa3][0x97].*[0xe1][0x4][0x96]6[0xf9][0xc7]qU[0xd8][0xef]Y[0x94]4[0x5][0xc2][0x1][0x1e][0xb9],[0x1c][0x88][0xc6]&amp;P[0xa0]6\[0xf5]o[0xa6]X[0xb4][0x12]7[0xf0][0x1e]4[0x9c]G![0xde]&apos;[0xab][0xf]Q[0x86][0x8f]P[0x85][0x8f][0x19][0xa1]O8[0xc9]?[0xa3][0xce][0xe7][0xd8][0x8e]/[0xd0][0x8b]O[0xb1][0xf][0x17][0x90][0xc4]W[0x9c][0xb2]_sj^[0xe4]x[0xbb][0x80][0x97][0xf1][\r]n[0xa4][0x97]|[0xb2]^[0xc7][0x88][0xae][0xc2]Mh[0xf2]&quot;p[0x81][0x11][0xf0]s=[0xa8][0x10][0x9e]g[0xfc][0x14]g[0xbf][0xe2][0xec]o[0x1e]G[0xa7][0xaf]9+[0xcf][0x1f][0xc7]&amp;[0x8f]C[0xc7]8V[0xc4]&amp;[0x19]t[0xd6]M[0xa0]t[0xc]z([0xcc][0xe8][0xf9][0x9b]c[0x1e][0x81]oW[0x8c]![0x14]Y[0x82][0xe5][0x13][0xb8]j[0x1c]A[0xa5][0xb5]r[0xc5][0xd1]K&apos;&quot;[0x82][0xb1];Nj[0xbb][0xb0][0x1b]{[0xf9]w(K[0xb2][0x7]K[0xdd]dh[0xf8][0x91][0xf0]~&quot;[0xe5][0x9f][0xb1][0x18][0xbf][0x90][0xec][0xaf]([0xc5]o$[0xfc];*[0xf0][0x7][0xb][0xe4]/[0x12][0xf9][0x1b][0x1b][0xf0][0xf]Zp[0x9]q[0xfc][0x89]N[0x91][0x87]][0xc2][0x8f][0xdd]&quot;[0x80][0xbd]&quot;[0x9f][0xa7]~[0x81][0x14][0x5]8 [0xc][0x97][0xb4][0x9f]g[0xa8]&quot;[0xe2][0x95][0xe7][0x15][0xd1]~[0xae][0xaa][0x88][0x1a][0xb3][0xd4][0x2][0xbe]c[0x1e][0xb3][0xf6]q[0x94]D&apos;[0x99]u[0xc4]\f[0x1][0xff][0xb1][0xa8]G[0xea]{[0xdf][0xb1]\Z*[0xe8][0x13][0xa2][0x18][0x9a][0x8]a[0x81]([0xa1]B)V[0x8a]0[0xaa][0xc4]rT[0x8b]eh[0x10]e[0xd4][0xbc][0x99]H[0xb3]g*[0xa6][0x82]k@[0x15][0xce][0xeb]97[0xf9]J(*[0x99][0x91][p[0xab][0xa7][0xfa]$3[0xa3]*7[0x1e][0x9d]@[0x99][0x2][0xa2]2r[0x1a][0xe5]c[0xd9][0xe4][0x14][0x9e]C[0x9d][0x87][0x97][0xd5][0x17][0xae][0xcb][0xd5][0x12][0xab]/[0xf6]*[0x82][0x11][0x9a][0xad][0x9a][0xac][0xbb][0xef][0xa6][\n]&quot;
2013-02-06 13:51:57,348 AAD-WS DEBUG wire:63 - &gt;&gt; &quot;i[\r][\n]&quot;
2013-02-06 13:51:57,348 AAD-WS DEBUG wire:63 - &gt;&gt; &quot;[0xf8]Z[0x8d][0xa0][0xa8]EHD[0xb0]X[0xac][0xc1]rQ[0x8f][\n]&quot;
2013-02-06 13:51:57,349 AAD-WS DEBUG wire:63 - &gt;&gt; &quot;[0xd1]@[0xd4]k[0x89][0xb8][0x91]w[0xfc]uX[0xcf][0xef][0xcd]b[0x1d][0xad]6[0xe6] [0x85][0xdd][0xf6][0xa4][0xf9][0xf1][0x19][0xc8]7[0x10][0xf9][0xa6][0x9c][0xda]k[0x1e]r[0x93][0x10]*&lt;[0xe4][0x84][0xdb]=[0x5][0xb7]r&amp;[0xdc]P[0x8c][0xf5]_9[0xd9]2[0xab]{&apos;[0x81][0x99][0xb5][0xa9][0x1a]C[0x89][3^[0xc][0x8e]B[0xa3][0xfe]5S0[0x9a][0xd8][0x14][0x10][0x1b][0xc9]j3[0x8a]D[0x1c][0xcb]D+Ym![0xa3][0xad][0x88][0x8a]6[0xb2][0xda][0xc6][0x1b][0xbc][0x15]-[0xa2][0x13][0x1d]b[0x7]+[0xe5]6V[0xc9]N[0xec][0x13]=[0x4][0xdb][0xe2][0xf2][0xda][0x8c][0x83]\uz[0xac]f][0x1c]@[0xde][0xbf]PK[0x7][0x8]-[0x9e][0x1a][0x9f][[0x6][0x0][0x0]2[0xc][0x0][0x0]PK[0x3][0x4][0x14][0x0][0x8][0x0][0x8][0x0][0xd4]|D5[0x0][0x0][0x0][0x0][0x0][0x0][0x0][0x0][0x0][0x0][0x0][0x0]+[0x0][0x0][0x0]javax/help/search/MergingSearchEngine.class[0x8d]W[0x8b][0x14][0xd5][0x15][0xfe]n^3[0x99][0xc][0x4][0x2][0x81][0xac][0x8],1@^$[0x1][0x4]q[0x3][0x8][0x86] h[0x8]h ib[[0x9d][0xec][0xde]$[0xb][0x9b][0xd9]tv6@k[0xd5]Z[0x1f]U[[h[0xd1][0x16]k[0xb5][0xad]JE[0xb4][0x1]aCM[0x15]j[imk[0xdf][0xf][0xfb]n[0xff][0x90][0xda][0xef][0xce][0xec]&amp;[0x9b][0xcd][0x6][0xf9][0xe5][0x97][0x99][0xb9][0xe7][0x9e]s[0xbe][0xf3][0xbe]w[0xdf][0xfb][0xdf][0x9b]o[0x3]h[0xc2]Kq[0x1b]l[0x83][0x8f][0xb8][0x81]Z[0x8c]h[0xf8][0x94][0x6][0xc7]@[0x11][0x12][0x6][0x8a][0xe1][0x1a]X[0x82][0xa4][0x86]Q[0x3][0xa5]H*[0xde][0xc3][0x1a][0x8e][0xe8]8j[0xc0][0x84][0xab][0xe1][0xd3][0x6][0xca]}[0xfa]g[0x94][0x8e][0xfb][0xd4][0xf2][0xb3]:[0xee][0xd7][0xf0][0x80][0x81]J&lt;[0xa8][0xe3]sJ[0xf2]![0x1d][0x9f]W[0xef][0x87]5&lt;[0xa2]X[0x1e]U[0x8b][0xc7][0xd4][0xd7][0x17][0xc]&lt;[0x8e]&apos;t&lt;[0xa9](_[0xd4][0xf1]%[\r]O)[0xd2][0x97][\r]|[0x5][0xc7][0xd4][0xe3][0xb8][0x81][0xaf][0xe2]k[0x1a]N([0x94][0xa7]u&lt;[0xa3][0x80][0xbe][0xae][0x16][0xdf][0xd0]qR[0xc3][0xb3]:[0xfa]5|[0xd3]@[0xb][0x92]:[0x9e]S[0xef]o[0xa9][0xc7][0xf3][0xea][0xf1][0x82][0x8e]o[0x1b][0xf8][0xe][0xbe][0xab][0xe1]E[\r]/[0xe9]xY[0xc7])[0x3]7+[0xc7]j[0xf1]=[0x1d][0xaf][0xe8]8m[0xe0]U[0x9c][0xd1][0xf0]Z)^[0xc7][0xf7]u[0x8c][0x19]8[0x8b]s[0x6][0xb6][0xe3][\r][0x1d][0xe7]5\[0x10][0xa8][0xd8]#[0x9d][0xc1][0xa8]=[0xd8]%-&apos;&lt;tgR:G[0x5][0xcc][0xdd][0xb6]-[0x9d][0xb6][0x98][0x95]H[0xc8][0x84][0x80]&amp;m[0xb2][0xa8][0xaf][0x8a][0x8e][0x83][0xd6][0xa8][0xd5][0x9c]t[0xa3][0xb1][0xe6]n[0x19]v[0xe3]N[0xab][0xc0][0x1c]{[0x9f]t[0xba][0xa3][0xf2][0xb0]@e[0x16][0xd3].+1[0xe4]Z[0xfd]1I[0xbe][0xd2][0x84][0x1b][0x1f]I#[0x88]&gt;[0x81][0xe2][0x88][0xec]O[0xe]R[0xbe]-n&apos;\[0xcb]v[0xbb][0xad]XR[0x16]2y RX[0xa1][0xd7](M5[0xb6]tk[0xe][0xdc][0xd5]!0[0xdf][0xd7][0x1c][0xb3][0xec][0xc1]f[0xcf]:[0xa5][0xb5][0xeb][0xa8][0xed][0xe]I7[0x1a][0x16][0x8]d[0x9])[0xf8][0x9a]Ix[0x81][0x92][0xcd]Q;[0xea]n[0x15]XZ[0xeb]i9[0xd2]&lt;$c#[0xcd][0x9d][0xd6]ht[0xd0][0xa2]#[0xca][0xf6][0xd6][0xba]n[0x81][0xa2][0xb6]x[0x84][0xfc][0xe5][0x1d][0xf4][0xa9]39[0xdc]/[0x9d][0xfd][0xbe][0x86][0x1b][0xa6][0x9]&amp;[0xbc][0x80]5[0xfb]qk[0xf7]&quot;[0xe0][0x89][0x97][0x85][0x1d]i[0xb9]2[0xed][0xe7][0x8a][0xda][0xba]Y[0x85]&lt;[0x16]zP&lt;[0xcc][0x14]([0xb][0x1d]9[0x1c][0x1f][0xe5][0x87]1([0xdd][0xf6]L[0xc8][0x3]i[\r]~&lt;[0xdb][0xed]$[0xb9]-7[0x1a][0xb7])i[0xc][[0x87][0xa4][0xcf])[0xb0][0xf9]j~}[0x94][0xe5][0xcc]ZmVp[0xbb]\[0x87]5[0xe1][0xf9]S[0xe2][0xc7]T`e&gt;[0x86]&lt;[0x9]1[0xac]pXR[0xa2][0xa5][0xa5]ej[0xb1][0xb6]e[0x9d]@C[0xbe][0x0]N[0xab][0xbf][0xb4]5}u}[0xd9][0xa2][0xd4]S[0xad][0xa2][0x9e]dW&lt;[0xe9][0x84][0xe5][0xce][0xa8][0xca]ZU[0x1e][0xae]&amp;[0xa5][0xcb]D&apos;[0xf6][0x9a][0xd8][0x87][0x88][0x89][0x14][0x6][0x4][0x82]9[0xbe]t[0xc6][0xdd][0x9d][0xf1][0xa4][0x1d]i?[0x12][0x96]#*[0xe2][0x2][0xcb][0xa6]X:[0xe3][0x1e][0xd3][0xe]9[0xe0]39N[0xdc]11[0x8e][0x8b]&amp;z[0x94][0xca][0x1e][0xfc]@`A[0x9e]N0[0xd1][0x81]=[0x2][0xd5]S[0xaa]v[0xc7]br[0xd0][0x8a]mw[0x6][0x99]\[0xdb][0xcd][0xc2][0xab][0x1c]e[0xf6][0x82][0xc3][0xc9][0x84][0x1b][0xb4][0xe3]n[0xb0]_[0x6][0xed]d,&amp;0/[0xb7][\r]M[0xdc][0x8e];L[0xf4]#l[0xe2]ML[0x8],[0xf6][0x9b]2[0x8f][0xec][0xa6]k[\n]&quot;
2013-02-06 13:51:57,349 AAD-WS DEBUG wire:63 - &gt;&gt; &quot;d[0xcd][0xcc][0xb9][0xa0]|[0xfa]![0x1b][0xc3][0xb3])[0x9a][0x8]F[0xed]Q+[0x16][0xa5][0xab]o[0xe1]m[0x86]&amp;C[0x96]Q[0xb6][0xa3][0xe3][0x81][0x5][0xe3][0xce][0x14][0xd7]%\N[0x7]p[0xf6]:4[0xf1]#[0xbc]c[0xe2][0x1e]\6[0xf1]cX[0x1a]~b[0xe2][0xa7]x[0x97]M[0x19][0xb1]\f[0xec][\n]&quot;
2013-02-06 13:51:57,350 AAD-WS DEBUG wire:63 - &gt;&gt; &quot;[0xde]aE[0xca]t[0xc5][0xcf][0xcb][0xad]G[0x13]?[0xc3][0xcf]5[0xbc]g[0xe2][0x17][0xf8][0xa5][0x89]_[0xe1]}[\r][0xbf]6[0xf1][0x1b]\[0xa4][0xd9]9[0xd9]5[0xd1][0x85][0xfd][0x1c]u[0x8a][0xdc][0xc4][0x9][0xd3][0xc4][0x9]cBb[0xc0]D[0xb7][0xda][0xf0]R[0xd7][0xa4]B[0xdc][0x94]5E[0xb2] [0xf7][0xf6][0x1f]d[0xe8][0x5][0x16][0xe5]Zqkr`@:[0x2]z0[0xd8]o%d(h[0xe2][0xb7][0xf8][0x9d]z[0xfc][0xde][0xc4][0x1f][0x94]-F08b9[0xd6]p&quot;[0x14][0xd4][0xf0]G[0x13]R[0xe5][0xb7]`J[0xcf][0xfe]!&apos;~[0xd8][0x7][0xcc]2[0xdb]+1[0x81][0xeb][0xdb][0xe2][0xc9]X[0xc4][0xcb]i,nE[0x82][0xe9]D[0xdb][0xd6][0xb0][0x8c][0x4]9[0x82][0x3][0x8c][0xba]J[0x86][0x2][0xfe]3[0xfe]&quot;[0xb0]|Jb jG[0x82]a5o[0x9d][0xa4][0xaa][0x1b][0x8f][0x99]Qh[\n]&quot;
2013-02-06 13:51:57,350 AAD-WS DEBUG wire:63 - &gt;&gt; &quot;[0xee][0x9c][0x94][0xd2][0xf0][0x81][0x89][0xbf][0xe2]ol[0xd8])pG[0xe][0xc4][0xe8]n[0xf3]n{4[0x1e][0xf6][0xe6][0xcf]~[0xcb]Qs*S[0xac][0x1a][0xfe]n[0xe2][0x1f][0xf8][0xa7][0xc0][0xaa]IZ[0xf0][0xf0][0x10]{0[0xe8]MD[0x6]f[0xba][0xa9][0x1a][0xfe]e[0xe2][0xdf][0xaa]U[0xfe][0xa3]Ze[0xd9][0x94][0x91][0xfe][0x4][0xcd]ul[0xe5]5[0xd5]-O+[0xba][0xd4]I[0x19][0x8e][0xee][0xe1][0x8][0xb1][0xd4]t]X[7s~[0x9][0x14][0xd6][0xaa]!gX[0x91]H{L[0xaa][0xee][0xcb][0x99][0x84]~[0x96][0xbd]Ix[0xfb][0xb5][0xce][0xa0]k9&amp;[\n]&quot;
2013-02-06 13:51:57,350 AAD-WS DEBUG wire:63 - &gt;&gt; &quot;G[0x92][0x84][0xda][0x94][0x7]*[0xf][0xf8]L[0x12][0x15][0xd0]9[0xc6]:[0x9f][0xad][0xf9][0xd8][0xe7][0xf8][0x87][0xcb][0xd5][0x9d][0xe4][0xec][0xd4][0xa5][0xcf][0xc1][0x93][0xa7]j[0xb6][0xe3][0x84][0xda][0x8][0xbe]OU[0xb0]t[0xa5]C[0xd6][0xc5][0xd3][0xe][0xa9][0xec]C[0xbf][0x8c][0xc5][0xe6]ZQ;q[0x87]&lt;[0xea]gd[0x17][0xf5]u)[0xdb][0x17]M?[0x1b][0xd3]t[0xca]T[0xcc][0xa4][0xfa][0x90][0xe9][0x85]w[0x17][0x98][0x97][0x81]d[0xef]6[0x93][0xa2][0xae][0x2]d[0xe9]`K[0xa8][0xe6][0xb][0xd4][0xce]8[0x9b][0xfc][0xad][0xd6][0xe9][0x8e])[0x95][0x7]ht[0xd4][0x8d][0xaa][0xd3][0xb6][0x92]*8[0xd2][0xad]d[0xcc][0xf5]f^[0xa6][0xa8]J[0xac][0x91][0x11]iG[0x4][0x1a]?[0xe2][0x14][0xcc][0x1e][0x1][0xad]9[0xec]y[0xf2][0x93][0xc3][0xae][0xbb]q[0x9f]BK[0xf2]ZO&apos;U[0xd3]{[0x14][0x81][0xb9][0xb4][0xb6]m[0xaa][0x99][0x5][0xd6][0xd7][0xde]=[0xe3]D[0xce][0x86][0xcb]tq[0x96][0x10]Q[0x97]^[0x95][0x81]9[0xb4][0xe5][0xe1][0xdd][0xde][0x15]-[0xcc]P[0xac][0x9e][0x86]q[0xb5][0x9a][0xcb][0x9e][0xcf]G[0x13][0xae][0x1c]f[0xd5]J[0xc7][0x99][0xbc]!F[0xe3][0xcd][0xfb][0xe8][0xac]K[0x97][0xa5]5[0xdc][0x9a][0x19][0x81][0xd3][0xc9]l[0xe8][0x11][0xb5][0x8a][0xf1]8,[0x1f][0xf1][0xe9]V[0xf8][0xd0]~[0xc7][\n]&quot;
2013-02-06 13:51:57,351 AAD-WS DEBUG wire:63 - &gt;&gt; &quot;K[0xac][0xe0]]y[0x9][0xef][0x8b]%(P[0x7] [0xbf][\n]&quot;
2013-02-06 13:51:57,351 AAD-WS DEBUG wire:77 - &gt;&gt; &quot;[0xd4][0xe9][0xea][0xbd]y[0xba][0xf3]}[0x1d][0xf][0xf8][0xbd][0xbc]O[0xde][0xe9][0xd1][0xee][0x82][0xae][0xc6]&gt;[0xd7][0x7][0xd4]5[0x93][0xab][0xee][0xac][0x95][0xc9][0xaf][0x1e]|[0x8c][0xcf]^[0xae]\[0x14]B]F7[0xd7][0x8f]C[0xaf][0x9f]@i[0xef]8[0x8c][0xb]([0xab]/[0xbc][0x0][0xd1]p[0x5]s&amp;`[0xf6]V[0xcc][0x19][0xc7][0xdc]K[0xdc]-[0xe7][0xee][0xbc][0xb][0x98]_[0xdf]0[0xce];u[0xfd]y[0xcc]oLa[0xc1]Y[0xef].[0xdb][0xc7][0xe7]*[0xfe][0x8][0x0]o[0xe7]E[0xd8][0xc8][0xdf][0x6]7a!B[0xa8]B+[0xaa][0xb1][0x5]kp[0xb][0xd6]c[0x1b]W[0xdb]=[0xb][0xee]N[p[0x90][0xf8][0x5]|o[0xbc][0xaa][0x5][0xb]s- v[0xc3]4[0xec]j[0xfa][0x9][0xb4]ea[0xef] v;[0xe9][0xb7][0x11]{[0x17]6`79?[0x8e]O[0xa4]q[0xab][0xc9])[0xf8]6&amp;P[0xd9][O[0xf0]Ec[0x93][0xba]J[0xbc][0x1d][0x15][0xd1]ONF*[0x9a][0x8e][0xd4][0x86][0x9c][0xa8]x[0xa1]h[0xcc][0xd0][0x16]{[0xb4]t`[0xf8].k[0xe0]GUO[0xae][0x99][0xbd][0x4][0xef][0xc3]\[0x9a][0xb3][0x90][0x6]U[0x11][0xa6][0x1a][0xf7][0xa2][0x1e][0x16]n[0xe4][0xf5]F[0xf0]n[0x90][0x81]u[0xd2][0xb0][&apos;a[0x3]i[0x88]2[0xfa][0xdd]e,[0xd9][0xd3][0xf8].[0xaa][0xd2][0x90][0xd7][0xf7][0xa8][\r]~,[0xed]9[0x95][0xcd][0x9e][0x8b][0x90][0xf8][0x87][0x88]?[0xcc][0xd2][0xb1][0xb1][0xc]q[0xac][0xc6][0x8][0xd3][0xe3]0QIr[0xde]KK|[0xfc] [0xdf]*[0x18][0xba]BHaYn[0x90][0x8e]0y[0xbc][0x90][0xf9][0xdc][0x5][0xed][0xfc][0xcd]9[0x97][0xc]&apos;h[0xdb]re[0xd8]&lt;[0xfe][0xcf]m[0xac][0x8][0xa6][0xb0][0xe2]$[0x8a][0xc5]XcE[0xb5]g[0xf5]&quot;
2013-02-06 13:51:57,352 AAD-WS DEBUG wire:63 - &gt;&gt; &quot;[\r][0x9d][0xe4][0xa8][0x9][0x15][0x5][0x8a]RX[0x19]*V[0xaf]U[0xa1][0x92]5WP~[0x11][0xab];[0xc9][0xb5]F[0x85]M[0x84][0xb4][0xe2][0xb7]P[0xdb][x[0xe]u[0xdc][0xaa][0xa8][0xbf][0x88][0x86][0xde]7Pw[\n]&quot;
2013-02-06 13:51:57,352 AAD-WS DEBUG wire:63 - &gt;&gt; &quot;%[0xa4]t[0xf5][0x16][0x9d]C[0xa3][0xa2][0xaf][0xf1][0xe9][0x8d][0x1e][0xbd][0xb1]+TJ[0xa9][0xa6][0xde][0xc2]@1Y[0xb8]4*[0x9a]/[0xa2]`[0x2]-,[0x9e][0xb5][0x15][0xeb]RX[0x1f](N[0xe1][0xc6][0x14]6d[0x91]7[0x92][0xdc]8I[\r][0x94]\[0x81]I[0xb5][0x85][0xa1][0xb2]S([0xb][0x94][0xd0][0x9c][0x9b][0xd4]g][0xc8][0x9c][0xc0][0xcd][0xbd][0x19][0xa1][0x10][0x85][0xb8][0xb5][0xbe][0xa2][0x95][0x8f][0x6]_z[0x1c][0x9b]/[0x5][0xca][0x2][0xa5])l[0x9][0xe9]3$[0xb6]f$n[0xc9][0x91][0xd0][0x3]F[\n]&quot;
2013-02-06 13:51:57,353 AAD-WS DEBUG wire:63 - &gt;&gt; &quot;[0xdb][0x98][0xcf][0x90]v[\n]&quot;
2013-02-06 13:51:57,353 AAD-WS DEBUG wire:63 - &gt;&gt; &quot;[0x7]B[0xe6]9[0xdc][0x9a][0x91]i[0xcb][0x83][0x92][0xc2][0x8e][0x80][0x99]B[0xbb][0x2][0x98][0x93][\r][0xb0]s6[0x93][0xb4]1&amp;[0xfd]2[0xaf]a[0x1f]`[0x13]&gt;[0x14][0xba]([0xc3]&amp;[0xb1]Vl[0x11][0xdb][0xb0][0xdd]{[0xc7]H[0xf7]S{?[0x96][0xf3]y[0x1f][0x93][0xf9] [0x16][0xe1]![0x16][0xe8][0xc3],[0x9c]G[0xf8][0x93][0xfb]Q4[0xe3]1v[0xd8][0xe3][0xec][0xec]&apos;[0xb0][0x15]Ob&apos;[0x9e]bg[0x1d][0xc3][0x3]8[0xce][0xaf][0x13][0xfc][0xb1][0xff]4N[0xe3][0x19]&quot;[0x9d][0xe4][0xad][0xf6]Y[0xbc][0x8f][0xe7][0x88][0xf9]&lt;Q_[0xc0][0x87]xQ[0xe8]x[0x89][0xc8]/[0x8b][0xb5]xEl[0xc1]i[0xa2][0xbf]*&quot;8#[0xa2]x[0x8d][0x16][0xbc].[0x8e]c[0xc][0x86][0xfa][0xc1][0x92].[0xc0][0x80]Wp[0xfc]?;[0xbd][0xf2][0xc4]=[0xac]d[0xde]dY[0x8a]m]z[0x8c][0xa8][0x1a])[0x1c][0xeb][0x98]@q/[0x9d]/[0x19][0x87]v[0xc9][0x13]/[0xe6]_[0xd1][0xb4][0xca]=69[0x1e][0x7][0x9][0xe6]kY[0x9a][0xae][0xf6]bj)[0xc8][0x1]d{d[0x4][0x86]8[\r]|[0x81][0xe5]iX[0xad]~I[0x1f][0xe7][0xd5][0x99]YE[0xe][0xb2][0xdf]r1[0xce][0xcf].P[0x80][0x98][0xf7][0x1c]fl9[0xa3][0xb8]W[0xc9]9[0xb6][0xb][0x5][0xff][0x7]PK[0x7][0x8][0xa4]f[0xe7]K[0xb8][0x8][0x0][0x0][0xfa][0x11][0x0][0x0]PK[0x3][0x4][0x14][0x0][0x8][0x0][0x8][0x0][0xd4]|D5[0x0][0x0][0x0][0x0][0x0][0x0][0x0][0x0][0x0][0x0][0x0][0x0]$[0x0][0x0][0x0]javax/help/search/SearchEngine.classuQMO[0x13]Q[0x14]=[0x8f]N;0[0x14][\n]&quot;
2013-02-06 13:51:57,354 AAD-WS DEBUG wire:63 - &gt;&gt; &quot;[0x8a][0x1f][0xa0][0x82]e[0x81][0xa5][0x18]f[0xe1][0x12][0xe3][0x86]`$[0xa9][0xa0][0x16]X[0xb8]{3[0xbd][0x99][0xe][0x19][0xa6][0xcd][0xcc][0x1b][0x2]?[0xcb][0x5]1q[0xe1][0xf][0xf0]G[0x19][0xcf]{E[0xaa][0x89]n[0xee]}[0xb9][0xef][0x9e][0x8f]{[0xef][0x8f][0x9f][0xdf][0xbe][0x3][0xd8][0xc5]f[0x80]:[0x9e][0xcc][0xc1][0xc3]S[0x1b][0x9e][0xf9]X[0xf7][0xb1][0xa1][0xe0]E[0xba][0x14][0x85][0xc5][0xde][0xb9][0xbe][0xd4]a.&amp;&lt;[0xfd][0xd4][0xdb]Sh[0x8c]u[0xa1]/J[0x85][0x7][0x93][0x9f][0xca][0xa4]Y[0xf8]N[0x97]C[0xa3][0xa3]L[0xd8]P[0x1f]HT%[\n]&quot;
2013-02-06 13:51:57,354 AAD-WS DEBUG wire:63 - &gt;&gt; &quot;[0xea][0xb3][0xc2][0xc2][0xfe](/[0x8d][0xce][0xcd][0x99][0xce]*[0xa9]Q[0x10]dx[0x9d][0xe6][0xa9]y[0xa3][0xb0][0xd5][0xf9][0x9b][0xfc][0x9f][0x84][0xdb]g[0xf4][0xb2]?[0x1a][0xd0]K[0xab][0x97][0xe6]rT]DR[0x9c][0xd8]?[0x85][0xe0][0xe0]*[0x96][0xb1]I[0xa9][0xe2][0xe3][0xb9]B[0xad]c[0xdb][0xe7][0xe3]B[0xb4][0x91][0x8f][0x95][0x14][0xd7][\n]&quot;
2013-02-06 13:51:57,354 AAD-WS DEBUG wire:63 - &gt;&gt; &quot;[0xed][0xce][0xb6]#[0xbe][\n]&quot;
2013-02-06 13:51:57,355 AAD-WS DEBUG wire:63 - &gt;&gt; &quot;[0x87][0x92][0x8d][0xc3]Rt[0x11][0xf][0xc3][0xbe]K[0xae]e[0xcf]G[0x9b][0xe3][0xdc][0x9a][0xc9]t[0x9e][0x84]}S[0xa4]y[0xe2][0xb4][0x83][0xfe][0xa8]*by[0x9b]Z[0xbd][0xe5][0x9][0xec] O[0xe8]d[0xd7][0xf6]7[0xb1][0x88][0x95]&amp;[0x1a][0xf0][0x9b][0x98][0xc5][0x9c][0xc2][0xfa][0xff][0xb4]&amp; [0x85][0xa5][0xa9][0xcc]qt.[0xb1]Qx[0xe1]J[0xa5][0xc4]U[0x91][0x9a][0xeb][0xf0]0[0xbf][0xd4]Y:[0xf8]`[0x17]-F[0x8a][0xbb]![0x15]6[0xa6][0xe0][0xc3],[0x93]Dg}[0xc3]Q[0xef]:[0xbc]6oX[0xe7][0x9a]k[0xcc]4[0xc5][0x97]g}1[0xaf]![0xc0]&lt;[0xd7][0xdf][0xe4]{[0x6][0xb][0xac][0xf3][0xba]h[0xf1][0xbd][0xc4][0xca]+f{[0x9f]V[0xf7]+Tw[0xe7][0x6]3[0xdd][0x97]7[0xa8]}q[0x17][f[0xbc]G[0x0][0xd0]c|O[0xba]#B[0x8f]Y[0x83][0xa3][0xb9][0xef][0xa8]V[0x18]-U[0x9b]Y1[0xd7]-[0xd5][0x94] [0xa0][0x2]pB[0xc0][0xa9][0xc7]u[0xe3]![0xeb][0xbf][0x9][0x1e][0xf1]7[0xc0][0xe3][[0x82]U[0x87][0xc1][0x9f][0xe0][0x86]+h[0xc6]Ug[0xed][0x17]PK[0x7][0x8][0xbe][0xe4]u[0xfe][0xba][0x1][0x0][0x0][0xc0][0x2][0x0][0x0]PK[0x3][0x4][0x14][0x0][0x8][0x0][0x8][0x0][0xd4]|D5[0x0][0x0][0x0][0x0][0x0][0x0][0x0][0x0][0x0][0x0][0x0][0x0]#[0x0][0x0][0x0]javax/help/search/SearchQuery.class[0xa5]Wkp[0x1b]W[0x15][0xfe][0xd6][0x96][0xb4][0xf2]z[0x13][0xc7]J[0xd4][0xe2][0xba]N[0x95][0xd8]idY[0xb6][0xa9][[0x2]u[0xdb]@j;% [0xbb]u[0xdd][0xba][0xb1][0x1d]B[0xd7][0xf2]ZV[0x90][0xb5][0xea]je[0x9c]B[0x9f][0x84][0xf7][0xa3][0xbc][0x1a][0xa0][0x4]J_qx7[0xd0]8i[0xc]ia[0x6]2[0xd3]?[0xcc][0x0]S`[0x98][0xe1]&apos;0-[0xc][0xc][0xff][0xf8][0x93][0xf0][0x9d]]Y[0x96][0xe4]G`[0x18][0x8f][0xee][0xd9]=[0xf7]&lt;[0xbe][0xf3][0xb8][0xe7][0xae]_[0xbb]t[0xfe][0x2][0x80].[0xfc]P[0x83][0x81]I[0x15]I[0x15]S[0x1a]j`j[0xa8][0xc5][0xb4][0x86][0x9b][0x90]R1[0xa3]AE[0xaa][0xe]7&quot;-[0xcb][0x11]Y&gt;[0x10]DF#[0x9d][0x95][0xbd][0xac],[0x96][0xb0]s[0xb2]&lt; [0x1b][0xb6],yY[0x9c] [0xe][\n]&quot;
2013-02-06 13:51:57,355 AAD-WS DEBUG wire:63 - &gt;&gt; &quot;-[0xa8][0x98][0xd3]p5RA|P[0xe8][0xbc],G[0x83]xP[0xe8][0x87][0x82][0xf8][0xb0][0xd0][0x87][0xc4][0xd4][0xc3]*[0x1e][0xd1][0xb0][0x3][0x8f][0xaa]x[0xac][0x1e][0xad]x\[0xc5]G4[0xec]BJ[0x98][0xc7][0xea][0xf1]Q|L[0xc5][0xc7][0x85][0xf3][0x9]y[0xf9][0xa4][0xb0]?%[0xcb][0xa7][0x83][0x18][0x17][0xfa][0x19][0xd1][0xfa]l[0x10][0x13]B?[0xa7][0xe2][0x9][0x15][0x9f]W[0xa0]g[0xd2]y[0xc7][0xcc][0x9a]v[0x82]TA[[0xe2][0x88]1g[0xcc]w[0xcf][0x98][0x99]\[0xb7]9gf[0x9d][0xee][0x1]Y[0x13]eR[0xb7]([0xa8][0x99][0xc9]+[0x88][0x94][0xcb][0xe6]M[0xc3]N[0xce]t[0x8f][0xb8]d [0x9b]JgM[0xca][0xe9][0x1e];g[0xd8][0xc6],5B[0xae]Fw[0xc6][0xc8][0xa6][0xba]G[0x1c];[0x9d]MQF[0xc9][0x94]6[\n]&quot;
2013-02-06 13:51:57,356 AAD-WS DEBUG wire:63 - &gt;&gt; &quot;N:[0xd3][0x9d][0xb0][0x92]FF[0x94][0xfd]S[0xe6]d!E[0x81]q[0x5][0x9b][0xfa][0xac]l[0xde]1[0xb2][0xce][0xa8][0x91])[0x98][0xb5][0xac][0xf][0x14]\[0x9f][0xcc][0x18][0xf9]|[0x9b][0x8b][0xa2]MP[0xb4]y[0xee][0xda]&lt;[0x14][0xcb][0x98][0x15]4[0x96][0xf9][0xed][0x13][0x1d]Z[0xaf][0x1b]9[0x9a]ufL&apos;[0x9d]T[0x10][0xb8]5[0x9d]M;{[0x15][0xb4]F[0xaf][0x14]S[0xfb][0xa8][0x2]_[0x9f]5e*hH[0x90]1T[0x98][0x9d]4[0xed]{[0x8c][0xc9][0xc]9[0x8d][0xc6][0xd4]T[0xb5][0xef]][0xeb][0x9b]\[0x16]r[0x8d]n[0xb3][0xcd]Yk[0xce][0xac]V[0xf7]3j[0x9b][0x85][0xd9][0x1d]][0x9d][0xbb][0xd5]I[0x13]C[0xda][0xc0]|[0xd2][0xcc]9i&amp;L[0xc5][0x17]T|[0x91][0x80][0xf3][0x8e][0x95]SP[0x1b][0x95][0xfd][0x86][0x94][0xe9][0x94][0x87][0xa4]`g[0xb4][0xfd][0xca][0xa5][0xc][0xa6][0xf3][0xfb][0x92]Nz[0xce]t[0xed][0xb0]$Z[0xda]1g[0xf3][0xfb][0xad]BvJ[0xc1]U[0xd1][0xf1]24[0xa3]f[0xd2][0xb1][0xbc][0xb0]6O[0xa7]m[0xf3]@[0x99][0xe4][0xce][\r]R,[0x9d][0xe6]j5[0x8a][0x96][0xc7][0x1c][0x91][0xf8]M*[0x86]Vx[0xfb]Y[0xae][0xfc][0x8c]0[0xc3]k[0xa4]E[0xc][0x4][0xbc][0xd6]([0xa5][0xbf]R`[0x8d]v[0xd0]F[0xac][0x82][0x9d]4[0xf7][0xa7][0xa5][0x8e][&lt;7[0xc3][0x5][0xd3]&gt;[0xda]%[0xb2]*[0xbe][0xa4][0xe3][0xcb]8[0xcc][0xa6][0xaf]R[0x1d][0xb2][0x1c]7[0xb0]R[0xd2][0x15]l_[0x11][0x19][0xb2]\[0xa1]~s[0xda][0x13][0xb2]m[0xcb][0xd6][0xf1]$[0x8e][0xeb][0xe8][0xc7]!Y[0x86][0x99][0x91]+[0x1f]9[0x1d]o[0xc3][0x1e][0x1d]o[0xc7];t[0xec][0xc3][0xed]E[0x18][0xf3]][0xa2][0xd3][0xe5][0xe5][0xb0][0xab][0xb2]st[0xbc][0xf][0x87]u|[0x5]_[0xd5][0xf1]5YnF[0xaf][0x8e][p[0xab][0x8e]q[0xc][0xeb][0x98][0x90][0xe5] [0xee][0xd3]q[0x1b][0xe][0xb1]~[0xd5]I[0xba][0xbd]0=-[0xfd][0xa7]E&quot;[0xde][0xe9][0xed][0x8d][0xe8]x[\n]&quot;
2013-02-06 13:51:57,356 AAD-WS DEBUG wire:63 - &gt;&gt; &quot;_[0xd7]q[0x2][0xc7]y[0xb0]#[0x91]t[0xd6]s[0xec]m|[0x83][0x1d][0x12][0x89]LY[0xc9][0xa2][0xe0]7u&lt;[0x8d]o)h[0xd9][0xb0][0xd8][0x92][0x81]g[0x96][0xa3][0xd9][0xe0][0x84][0xe8][0x18][0xc5][0x18][0xeb]R[0xdd]b:[0x9e][0xc5]s*[0x9e][0xd7][0xf1][0x2]N*[0xb8]v=;[0xd2][0x80]:[0x16]pJ[0xc7][0xb7]q[0xaf][0x8e][0xef]H[0x5][0xbe]+O[0xfd][0xf8][0x9e][0x8e][0xef]cL[0xc7][0xf][0xc4][0xc3][0xba]p[0xdd]^XF[0xe0][0xe6][0xe9][0xce][0xc9]#[0xc4]P,[0x9f][0xc7]:[0x90][0xc9][0x98])#[0xb3][0xcf]N[0x15]f[0x19]]YO\[0xb7]J[0x88]}[0xed][0x98]e[0x12][\r]U[0x8d][0xa5]@[0x9d][0xb6][0xec]!c[0x96][0xfd][0xa8][0xf1][0xc8][0xe][0x9a][0xf9][0xbc][0x91][0xe2][0xcb][0xb6]h[0xfb]Zc[0xb4][0x96][0xb3]GAgtUo[0x97][0x9d][0xcb][0x8a][0xbe][0xf2][0xce][0x89]7u[0xf8]`[0xe4]r[0xa6][0x9c][0xcf][0xf8][0x15][0xe]Ly{[0xc8]Xp,[0x8f][0xa3][0xa0]9:[0xbe][0x81]`[0x85]]/w[0x1b][0xd9][0x95])[0x95][0xa8][0xb8][0x9a][0xc2][0xd1][0xf6][0x89][0xd5]&amp;[0x14][0xf4][0xae]axu[0x8][0xeb][0x8d][0xa7][0xd2]0tg[0x94][0x82][0xa6][0xe5][0xec]z[0x9][0xcb][0xb2][0x90][0xb6]![0x15][0xa2][0xa7][0xf0][0x9a][0x1b][\n]&quot;
2013-02-06 13:51:57,356 AAD-WS DEBUG wire:63 - &gt;&gt; &quot;[0xea][0xb3][0xe6][0xbc]3[0x90]1[0xa5][0xe6][0xd5][0xf5])[0xc1][0xd4]X[0x9f][0x92]Lx[0xad]d[0xc8]l[0x9e]1[0xf2][0x83][0x96]m[0x16][0x5][0x89][0xa7][0x8e][0x0][0xef]*^[0x9f][0x8d][0xe9][0xbc][0x87][0xb5][0xcf][0x9a][0xcd]eLw*F[0xff][0xbb][0xe8][0xc5][0xf8][0xa6]|[0xe5]@[0xdd][0x9c][0xaf][0x18][0xa6][0xbe][0x1d][0xfc][0x1e][0xb9][0x89][0x17]k[0x0]&gt;[0x19]7|[0xf2][0xc9][0xc4]q)[0xa7][0x87]K9@H[0xaf][0xe1][0xd0][0xd8][0xcb][0xb][0xf8][0x9d]|[0xae][0xc1][0xbb][0x10][0x94][0xa1][0xc4][0xf7]&gt;[0xb9][0x97][0xb1][0x99]O[0xfd][0x18][0xe0][0xba][0x9f]o7[0xf3][0xa3][0xa9][0x86]4[0x1c];[0x8b]@l[0x9][0xea][0xd8]Y[0x4][0xcf][0xa0].[0xd6]q[0x6][0xda]i[0xf7][0x1e][0xbf][0x83]k[0x88][0xc6]A%[0x1f]M7Pq[0x1b][0xb9][\n]&quot;
2013-02-06 13:51:57,357 AAD-WS DEBUG wire:63 - &gt;&gt; &quot;[0xde][0x8d][0x3]E3[0xbd]E3[0xdb]c/[0xa1][0xee]G[0xa8][0xbf][0x88][0x86][0x90]~[0xe][0x9b][0xc6]~[0x8c][0xfa][0x5][0x4][0xc8][0xe9]X[0xc4][0xe6][0x15]{[0x9a]+=[0x8c][0x16][0xdc]M[0xce]{[0xfe]7;[\r][0xd5]v&amp;h[0xe7][0x10]9[0xef]E[0x82][0xef]b[0xe7]FR[0xf9][0xc]i[0x90]8[0xb6][0xc4][0xe2]g[0xd0][0x18][D[0xa8]: [0xb]~[0xe4]h[0xe4][0x1]f[0xc5][0xc6][0xa0][0x9b][0xdd][0x1a][0xc][0xe1]NJ[0xdd]Ex[0x9e][0xb1][0x1d]|SH[0xfd]4[0xb1][0xb5][0xda][0xf7]C4[0xf4][0xb0][0xab][0xea]#_[0x14][0xef][0xc6]H1[0x9a][0x96][0x92][0xe2]K[0xd0]^,)[0x6]\[0xe6]1[0x9f][0x82]{p[0xaf][0xcb][0x1d][0xc5]}E[0x95]V[0xc2][0x16][0xe0]j[0xac]9[0xbe][0x88]m[0xd5][0xde][0x9e][0xa4][0xf2]qz:XR[0xf8]&apos;9[0x1][0xd2]S[0xa1][0xf0]9\[0xb5][0x84][0xab]Y[0xc0][0xb7][0x84][0x9a][0x16]q[\r][0x9d]n!YDs[0xd9][0xc6][0xb5][0xe4]4/[0xa2][0xa5][0x92][0xbb][0x9d]\[0xba][0xbb][0xce][0xe3]J[0xee][0x17][0x11][0x19]Rz}[0x9d][0x17][0xfc]S{[0xfc][0xb][0xb8][0xa3]3[0xec][0xef]Y[0xb3][0x1e]&apos;[0x11]m[0xf2]][0xc4][0xd6]%[0xec][0x18][0x8b][0x89][0xcb][0xe6][0xf8]Y[0xec][0xa4]f[0xd8][0xef][0xbb][0xbf][0xe7]U[0xb4]6[0xf9]^F[[\r][0x8e][0xf9]/[0x85][0xfd]&apos;.[0x9f]_[0x89]h[0xf]6q}[0x86]%x[0x16][0xdb][0xf1][0x1c][0x9b][0xfb]yv[0xc2][0xb][0xcc][0xdf]I[0xa6][0xe5][0x14][0xe][0xf3]2x[0x90]w[0xc1]#[0xbc][\n]&quot;
2013-02-06 13:51:57,357 AAD-WS DEBUG wire:63 - &gt;&gt; &quot;[0x9e][0xe0][0xfc][0x9a][0xbc][0x5][0x9c]v[0xa3][0x1f]+F[0xff]s[0xc6][0xae][0x92]&gt;^[0xc4]&lt;[0xb8][0x84]][0x8c][0xe8][0xfa]![0xb6][0xc9][0xee]^[0xdf][0x2][0x1a];[0xc5]T[0xc1][0xab]h_DL^:[0x14]&lt;u[0xf9]M[0x17]/[0xa5][0xe2][0xfc]uv[\n]&quot;
2013-02-06 13:51:57,357 AAD-WS DEBUG wire:63 - &gt;&gt; &quot;d\[0x82][\r],[0xa0]&apos;[0x1e][0xe][0xac][0x17][0xec]V[0xee][0x15][0xe3][0xf2]{q[0x5].[0x85][0x3]&apos;.[0xff]j%[0xae].[0xd4]s=[0xcf]c[0xf7][0x13]l[0xc1]O[0xd1][0x84]W[0xb0][0x1b][0x17]p[0x3][0xd1][0xf6][0xe3][0x17][0xec][0x95]_&quot;[0x8d][0x8b]8[0xca][0xe7][0xc7][0xf0][0x1a][0xe3][0xe1][0x95]_[0x8c][0xe7]8[0xb3]![0x8d]9[0x1e][0xea]Z)DB[0x19][0xec] [0xb4][0xbd][0xb][0xd8][0xd7][0xd1][0xb2][0x1e][0xb0][0xd6][0xf8]E4[0x96][0x8a][0xe0];[0x8b][0xee][0xc1][0x8e][0x16][0xf]i[0xfc]e[0xbc][0x95]@k/[0xb5][0x9c][0xb8][0xfc][0xb3][0x15][0x9c]1[0xf6][0x14][0xf0]kz[0xfc][\r]+[0xf1][[0x9e][0xeb][0xd7][0xf9][0xdf][0xcc][0xef][0xd0][0x83][0xdf][0xb3]6 [0xd6]?[0xb2][0x16][0xaf]3[0xd7]&quot;[0xa6][0x89]50[0xde][0xf0]a[0xac][0xad][0xc2][0xd8][0xb3].[0xc6]?[0xd3][0xe3]_[0x88][0xf1][0xaf][0xc4][0xf8][0x6]1[0xbe]I[0x8c]#[0xc6][0xbf][0x13][0xe3]?[0x88][0xf1][\r]b[0xfc][0x17]%os[0xa7][0x80]`lr-[0xf0]w[0xba][0xea][0xd4][0xfd][0x9b]e[0xe1][0xa7]W[0xf1]d[0xf7][0x14][0xc7]M(v[0xe][0xca][0x8b][0x89]%[0xd4][0x8e][0xb1][0x1d][0x98]&lt;[0xff]+[0xde][0xc1][0xe5]_M[0x85][0xfe]pq[0x8a]*x[0xbf];][0xef][0xff][0xf]PK[0x7][0x8]&quot;[0x81][0xc8][0xa0][0xfd][0x6][0x0][0x0][0x90][0xe][0x0][0x0]PK[0x3][0x4][0x14][0x0][0x8][0x0][0x8][0x0][0xd4]|D5[0x0][0x0][0x0][0x0][0x0][0x0][0x0][0x0][0x0][0x0][0x0][0x0]&amp;[0x0][0x0][0x0]javax/help/search/SearchListener.classuO[0xbb][0xe][0x82]@[0x10][0x9c][0x5][0x5][0xc5]GL,l[0x8d][0x95]6[0xde][0x7]XKebAb[0xe2]F[0xce][0xe0]i[0xe0]0~[0x9b][0x85][0x1f][0xe0]G[0x19][0xef]@K[0x8b][0xdd][0xc9][0xce][0xce][0xec][0xe3][0xf5]~&lt;[0x1],1[0x8][0x11][0x85][0xe8][0x85][0xe8][0x13]&quot;e[0xf8]\[0xc6][0x97]J[0x1f][0x8][0xb3][0xf9][0xe6]$o[0xf2].2[0xce][0xaf][0xa2]dY[0xa4][0x99]HjX[0xdf]X[0x9b][0xd5]bG[0x18]4|bda[0xd8][0x9a][0x86]M[0x1d]+[0xad][0xca][0xcc][0x11]Qr[0xa9][0x8a][0x94]c[0x95]3a[0xdc][0xd8]7[0xaa]4[0xac][0xb9]X[0xba][0xf9][0x84][0xe9][0xbf]5?[0x1d]a[0xe4]$&quot;[0x97][0xfa]([0xb6][0xfb][0x13][0xa7][0x86]0[0xa9][0xa9][0xca][0xa8]\[0xd4][0xe7][0xfc][0xc4][0x1][0x81][0xe0][0xd9][0xf0][0xed]{~[0x8b][0xd0]B[0x1b][0xb0][0x18]|1th[0xfb][0x1d][0x9b]=t?PK[0x7][0x8][0xdc][0x1d])S[0xb8][0x0][0x0][0x0][0x9][0x1][0x0][0x0]PK[0x3][0x4][0x14][0x0][0x8][0x0][0x8][0x0][0xd4]|D5[0x0][0x0][0x0][0x0][0x0][0x0][0x0][0x0][0x0][0x0][0x0][0x0]#[0x0][0x0][0x0]javax/help/search/SearchEvent.class[0x8d]R]o[0x12]A[0x14]=[0x3][0xec].[0xd0]-[0x5][0xac][0x1f]h[0xa9]-[0xd5][\n]&quot;
2013-02-06 13:51:57,358 AAD-WS DEBUG wire:63 - &gt;&gt; &quot;[0x14][0xbb]Q[0xdf][0xac][0xd6]T[0x82]IM[0xa3]&amp;[0xd4][0xd6][0x12]}X`B[0xb7][0x1d][0x16][0xb2][0x1f]M[0x94][0xf]5[0x11][0x9b]h[0xa2][0x8f]M[0xfc]Q[0xc6];[0xbb]T[0xb0]4[0xc6][0x97]{g[0xee][0x9c]9[0xe7][0x9e];[0xf3][0xf3][0xd7][0xd7][0xef][0x0]Va$1[0x85][0xdb][0x1a][0x16][0xe2]XL&quot;[0x82]B[0x2]I,[0xc9]p&apos;[0x8e][0xbb]2/&apos;q[0xf]E[\r]%[\r]e[0x6][0xb5]o:f[0xd7]e[0xc8]n[0x1d][0x98]G[0xa6]!L[0xbb]c[0xd4]=[0xc7][0xb2];k[0xc][0x9][0x97][0x9b]Nk[0x9f]6[0xc][0xac][0xc1][0xa0]X[0x1e][0x1f][0x3][0xfb][0x9e]%[0x8c][0x1d][0xde][0xf2]z[0xe][0x81][0xd5]&apos;[0x96]my[0xeb][0xc][0xc5][0xe2][0x18][0xd7][0xeb][0xe6][0x1][0x1][0xd6]&amp;[0xd9][0x1b][0xa5][0x1d][0x86]X[0xb5][0xd7][0xe6][0xc]3[[0x96][0xcd]_[0xf9][0xdd]&amp;w[0xb6][0xcd][0xa6][0xa0][0xca][0xe3][0xff][0xe3][0x98][0xec]C[0xb2]&amp;:[0xdc]{3[0xf4]5[,][0xe6],c[0xb9][0xf5][0xc0][[0xb5][0xd7][0xed][0xb][0xee][0xf1]6C[0xb4]X&quot;[0x8f])[0xba][0x1c][0x1e]m[0x86]fs[0xe7][0xc][0x81]L[0xcd][0xf6][0xbb][0xdc]1=[0xab]g[0x13]M[0xb2][0xde][0xf3][0x9d][0x16]a[0xc9][0x9e][0xd3][0xe1][0xb5][0xda][0x11][0xb7][0xbd]UyCG[0x16]+[0xc][0x85][0x91][0xfe][0xa6][0x10][0xbc]c[0x8a][\r][0xa7]C,[0xb6]W;n[0xf1][0xbe][0xa4]b[0x98][0xb2]}![0x16][0xc2][0xd7][0x90][0xf7]*:tL[0xeb]Ha[0x86]d[0x82][0xc3]`[0xf8]:[0xd2][0xc8]h[0xb8][0xaf][0xd3]c[0xcf]1[0xe4]%[0xf7][0xb1][0xb1][0xcf]E[0xdf][0x8][0x1f][0xcb][0x18][0xeb][0x82][0xe1][0xea]X[0xe7][0xb2][0x12][0x8e][0x92][0xea][0x97][0xcc]W[0x8e][0xee][0xaf][0xfa]pZ[0xb2][0x9e][0xbe]8h[0x86]8[0x17]\[0x9a]p[0xb1][0x8][0xf9][0xeb][0x80](}8j[0x9a]V[0x11][0xd9]w[0x90][0xa9][[0xca][\n]&quot;
2013-02-06 13:51:57,358 AAD-WS DEBUG wire:63 - &gt;&gt; &quot;[0xe8][0xd3][0xe0][\n]&quot;
2013-02-06 13:51:57,359 AAD-WS DEBUG wire:63 - &gt;&gt; &quot;[0xc5]Y[0xda][0xbd]$d[0x8c][0xf2]|y[0xe5][0x14][0xac]r[0x86][0xe9]o[0x88][0xec]e[0xa3][0xa7][0x88][0xfd](W[0x6]P[0xca][0xf9][0x1][0xd4]O[0x84][0xa0][0x86]([0xde][0x84]J[0xf1])[0xb1][0xac]#[0x81]g[0xc4][0xb3][0x81][0x1b]x[0x8e]&lt;[0xaa][0x1][0xef][0xb5]![0xef]![0xf1]*[0x94][0x1f][0xfd][0x93]7[0x17];?[0xd0][0x82][0x83]\l[0x80][0xf8]Hl[0x99]$[0x80]:[0x11]m[0xd3][0xea]-[0x89][0xed][0x92][0xd8];[0x12][0xdb]C[0x1][\r]T[0xf0][0x1e][0xf][0xf1][0x81][0xd0][0xd7][0xa9][0x1e][\n]&quot;
2013-02-06 13:51:57,359 AAD-WS DEBUG wire:63 - &gt;&gt; &quot;[0xe7])3i[0xb3][0xfc][0x19][0xca][0xc9][0x1f]*5([0xb6])[0xe6][0xc8][0xc3]$T[0xfd]x[0x1]zH[0xf1][0x16][0xe6][0x86][0xd0][0x7]Ch[0x86][0xa0][0xf1]3([0xec]D.[0xbe] 1RH[0x91]c[0xc0][0x81][0x6][0x97][0x9a][0xf5][0xa9][0x9a][0xf][0xa6]&gt;[0xff][0x1b]PK[0x7][0x8][0xb9][0xa5][0x14][0xfe]&lt;[0x2][0x0][0x0][0x11][0x4][0x0][0x0]PK[0x3][0x4][0x14][0x0][0x8][0x0][0x8][0x0][0xd4]|D5[0x0][0x0][0x0][0x0][0x0][0x0][0x0][0x0][0x0][0x0][0x0][0x0]&quot;[0x0][0x0][0x0]javax/help/search/SearchItem.class[0x8d]T[s[0x13]e[0x18]~[0xb6]M[0x9a]m[0xba][0xa1]%R[0xa0][0x16]0X[0xe]i[0x92]6[0x1e][0x11][0x1]Q[0xda][0x4][0xc][0xa4][0x7][0xe9][0x1]zR6[0xe9][0xd7]vK[0xb2][0x89][0xc9][0xc6][0xe9][0xc][0xc3][0x95]^:[0xde]x[0xe1][0xe8]x[0xe1][0x8c][0x17]:[0x8e]3[0xa0][0x92]T[0xe8][0xc]x[0x87][0xe3]O[0xf0]W[0xf8][0xb][0xd4][0xe7][0xdb][0xdd][0x6][0xba][0xcd]0\[0xe4]y[0xdf][0xef][0xfd][0x9e][0xef]=g[0xff][0xfa][0xf7][0xc1]C[0x0][0xc3][0xa8][0x6]1[0x80]t[0x0][0x17]U[0x1c][0xb][0xa2][\r][0x97]:[0xf1]2[0xde]WqB[0xca][0x8c][0x84][0xcb]*[0xae]H[0x99][0x95]0&amp;a\[0xc2][0x84][0x8a][0xa4][0x94][0x93]A|[0x80][0xab][0x1]L[0x5][0xb1][0x17]i[0x9][0xd3]*f[0xa4][0x9c]UqM[0xca][0xeb]*[0xe6][0xa4][0x9c]W[0xb1][0xa0]bQ[0xaa]K[0x12].[0xa9][0xf8][0xb0][0xb][0x1f][0xe1]F[0x0][0xba][0x94][0xb9][0x0][0xf2][0x1],+[0xf0][0xe5][0xf4][0xaa]P[0xb0]&apos;[0xbb][0xae][0xa2]&apos;Ma%g[0xae]f[0xcf]*[0xf0][[0x86]U[0xe0]E[0xd8][0xb9]([0xe8][0xe6]jr[0xca][0xaa][0x18][0xe6]*/}[0xf2][0xa8]@]1[\n]&quot;
2013-02-06 13:51:57,359 AAD-WS DEBUG wire:63 - &gt;&gt; &quot;[0xc2][0xd4][0x8b][0xa4][0x5][0xf3]%s[0xc5]X[0x16]f[0x9e][0x7]%[0xc5][0xf7]9[0xb1]j[0x98][0xd4]3[\n]&quot;
2013-02-06 13:51:57,361 AAD-WS DEBUG wire:77 - &gt;&gt; &quot;[0xda][0x85][0xc9]H*&quot;
2013-02-06 13:51:57,362 AAD-WS DEBUG wire:63 - &gt;&gt; &quot;)yQ[0xb6][0xaa]M[0xa7]5[0xcb]($gE[0xde]*U[0xe8][0xb4][0xe3][0x9c]a[0x1a][0xd6]y[0x5][0x8b][0xd1][0x9d][0xc9][0xec][0xce][0xe0]y,[0xa9]Lfw[0x94][0xc1]Y&amp;?ZZf[0x92][0xdd]Y[0xc3][0x14][0xe3][0xb5]bNT[0xa6][0xf5][0x9c],5[0xb0]*[0xac][0x11][0xbb][0x1b]=[0xd1]Ao?T^N;-[0xd9][0xb7]}[0xbb][0xb3])[0xf2]y[0xd6][0xee]K[0x17][0xb5][0x8b][0xcd][0xd6][0x84]x[0x1a]}[0xaa];[0xed][0xd1][0xc1][0x94][0xe3]o[0xc4]i[0x11][\r]lR[0x7][\r]i[0xd9][0xa7].[0x87][0xef][0xb6][0xaa]o;[0x98]]F[0xda][0xac][0x15]EE[0xb7][0x8c][0x92])s[0xb2]JNt[0xf6][0xaa]T[0xab][0xe4][0x85][0x8c][0xca][0xd2][0xa6][0x84]^[0xc9][0xaf]e,Q[0x1c][0x96]o5[0xbc][\n]&quot;
2013-02-06 13:51:57,363 AAD-WS DEBUG wire:63 - &gt;&gt; &quot;[0x9a][0x8f]&lt;Iz[0xbc]V(L[0x96][0xc][0xd3][0x12][0x95][0xf4][0x86][0x8c]D[0x87][0x92][0xb5][0xa2][0xe1][0x18][0x8e]k8[0x81][0x93][0x1a][0xa2]8[0xe9][0xce]x[0x9c][0x85]h[0x18][0x94][0xc6][0x18][0xe2][0x1a][0x12][0x18][0xd2][0xb8][0xcf][0x84]$^[0x9]`U[0xc3][0x1a].([0xd8][0xef][0xed][0xca]HmeET4[0x18]X[0xe7]&amp;D[0xa4]r[0x93][0xca][0x19][0xa9][0x14][0x14][0xb4]E[0x16][0xa4]V[0xa4])[0xc1][0xb9],%&quot;[0xb7]4[0x8c][0xe0]4[0xcf][0xb7][0x3]`B%[0x94]9[0xc][0xaf]W[\r][0x1f][0xa3][0xa2][0xe0][0x90][0xb4]o$[0xd7]D[0xa1][0x9c][0xac][0xda][0x5]&apos;[0x9f][0xd4][0xbd][0xe3][0xd9]Dn[0x9d][0xe3][0xb7][0x1b][0xcd][0xf9][0xf7]FwOO[0xda]{[0xbc][0xdb][0xc2][0xe2]EA[0x14][0x85])[0xe7][0xd0][0xa1][0x97][0xcb][0xf6][0x1a][0xf7]GS[0xbb][0xc7][0xef][0x14][0xca][0x91]$Z9N[0xba][0x93][0xe6][0xb3][0xe8][0xfd][0xd1][0xcc]3n{[[0xee][0x9][0x17][0xca][0x14][0x1b]V[0xda][0xa9][0xc4][0xbb][0xbd]nL[0xee][0xcc][0x9a]^[0x1d]+UD[0xba]Y1[0xbb]5[0x8f][0xa3][0xfc][0xea][0xc][0xf0][0xe3][0xa5][0xf2]s[0xc5][0xcd][0xa0][0xd6]&amp;[0x97][0xc3][0x96]QW[0xe][0xba][0x92][0xab]aKn[0x87]-[0x87]][0xc9][0x1d][0xa1][0xc]B[0xe1][0x82][0xbd]F|[0x9d][0xa7]?[0xd1]N[0xb]P[0x88]mB[0x89]?Fh[0xb]ms[0xe1][0xf6]M[0xf8][0x1e][0xc5][0xe2]u[0xf8][0x13][0xdb][0xa6][0xe][0xdb][0x94][0xa8]#[0x10][0x1b][0xaa]C[0xed][0xf3]m_t[0xda][0x17]}[0xbe]:[0x82][0xb1][0x83][0xfe]:[0xba]b[0xbd][0x81]:[0xb4]X[0xaf]ZG[0xa8][0xaf]s[0x9b][0xb6][0xc7][0xa1]u[0xd6][0xd1][0xfd][0xb][0xe3])x[0x83]x[0x19]a[0xe2][0x15][0xf8][0x90]eec&lt;M[0xe0][0x0]&amp;[0xd1][0xcf][0xcf][0xeb]qL[0xb1][0x92]if=C[0xee],[0xce][0xe3]:R[0x98][0xe3][0x9b]y2[0x16]hY$.A[0xf0]+z[0x13]7[0xe8][0xf1]M[0x9c]r[0xab]:L[0xa9]P[0xfa]c[0xf7][0xe0][0xbf][0xdb][0xc][0xd7]a[0x1b][\r][0xe2][8[0xdd][0x82][0x1a][0xf0]R+[0xc4][0xb7][RU/[0xf5][0x16][0xf1]LKj[0xd0]K[0xfd][0x8c]x[0x16][0xe7][0x9a][0xd4][0xb6]&amp;[0xb5][0xeb][0x8e][0x87][0xfa][0x5][0xf1][0x1d][0x96][0xbe][0xdb][0xab][0xf6][0xb3][0x87][0xfa][0x15][0xf1][0xdd][0x96][0xd4][0x90][0x97][0xfa][0x1d][0xf1]=\p[0xa9][0x11][0x97][0xaa][0x92][0xda][0xdd]@[0x8f]7[0xdd][0x9f][0x88]#[0xcd][0xca][0xfe][0x81][0x9f][0xe3][0x2]~[0xdc][0xc2][0xde]9[0xf9][0xdb]DXf[0xde][0xc0][0xb][0xe1]}[\r][0xf4][0xca]6R[0x84][0xf7];[0xba][0xbf][0x81][0x3][0xb2][0x7][0xd2]t[0xd0]1i[\r][0xf4][0x85]_t[0xf4][0x90][0xd4][0xfb][0xa9]7ph[0x13][0x87][0xb3]2[0x85][0xc7][0xe8][0x8e][0x87][0x8f][0xd0]v-N[0xeb]]7[0xab][0xb1][0x1f]0[0x90][0xb8][0x8f][0x97][0x14][0xfc][0x81][0xc8]x|H[0xde][0xf3]|T[0xc1][0xd7][0x8][0xc6]m[0xee][0xf9][0x9b][0xff][0xfe]~[0xfa]}[0xb3][0x9a]S[0x8][0x11][0xef]p[0x9d]~[0xe5][0xea][0xfc][0x86]&lt;[0xee][0xf1]s[0xd9]@[0x19][0x9b][0xa8][0xe2]w[0xdc][0xc6]}|[0x8a][0x7][0xf8][0x1c][[0xf8][0x92][0xb6]o[0xf1][0x10][0xdf][0xe3][0x11]_[0x8f][0xda][0x9f][0xd4][0xff]PK[0x7][0x8][0x2][0xa0][0xe1]&apos;&apos;[0x4][0x0][0x0]@[0x8][0x0][0x0]PK[0x3][0x4][0x14][0x0][0x8][0x0][0x8][0x0][0xd4]|D5[0x0][0x0][0x0][0x0][0x0][0x0][0x0][0x0][0x0][0x0][0x0][0x0]&quot;[0x0][0x0][0x0]javax/help/search/ConfigFile.class[0x8d][0x97][0x9]xT[0xd5][0x15][0xc7][0xff][0xf7][0xbd][0x99][0xcc][0xcd][0xe4][0x91][0x84][0x1b][0x12][0x18] 0 KH[0x2][0xa3]([0x8b]a[0x11][0x13][0x2][0x4][0x12][0x96][0xc][0x10][0x83]V[0x9d]d^2[0x3]3[0xf3][0xe2][0xcc][0x1b][0x86]Xm[0xd5]j[0xd5]Z[0xbb]Xk[0xb][0xad][0x8a][0xa5]u[0xb4][0xad][0xad][0xa1]2Q[0xa3]t[0xb1][0x95]V[0xed][0xde][0xda]}[0xb5][0xad]mm[0xab][0xdd][0xab][0xb6][0xe0]9[0xef]%![0x81][0xf8]}[0xfd][0xf2][0xcd][0xef][0xdc][0xe5][0xdc]s[0xcf]=[0xf7][0xde]s_[0x9e]9[0xf9][0xf8]q[0x0]KD[0x87][0x1f][0xb7][0xe2][0x88][0xf][0x1f][0x97][0xf8][0x84][0xc4][0xfd][0x12]y[0x89][0x7]$[0x1e][0x94][0xf8][0xa4][0xc4][0xa7]$&gt;-[0xf1][0x90][0xc4]g$&gt;+[0xf1][0xb0][0xc4][0x80][0xc4]Q[0x89][0xcf]I&lt;&quot;qL[0xa2] 1([0xf1][0xa8][0xc4]c[0x12][0x8f]K[0xc]I&lt;![0xf1][0xa4][0xc4]q[0x89][0xcf]K|A[0xe2][0x8b][0x12]_[0x92]xJ[0xe2][0xcb][0x12]_[0x91]xZ[0xe2][0x84][0xc4]W%[0xbe]&amp;[0xf1][0x8c][0xc4][0xb3][0x12][0xcf]I|][0xe2][0x1b][0x12][0xdf][0x94][0xf8][0x96][0xc4][0xb7]%[0xbe]#[0xf1]][0x89][0xef]I|_[0xe2]y[0x89][0x1f]H[0xfc]P[0xe2]G[0x12]?[0x96][0xf8][0x89][0xc4]O%~&amp;[0xf1]s[0x89]_H[0xfc]R[0xe2]W[0x12][0xbf][0x96]xA[0xe2]7[0x12][0xbf][0x95][0xf8][0x9d][0xc4][0x8b][0x12][0xbf][0x97][0xf8][0x83][0xc4][0x1f]%^[0x92][0xf8][0x93][0xc4][0x9f]%[0xfe]&quot;[0xf1][0xb2][0xc4]+[0x12][0x95][0xf8][0x9b][0xc4][0xdf]%[0xfe]![0xf1]O[0x89]I[0xfc][0xbb][0x18][0xb7][0xe0]?[0x8c]W%^[0xf3]C[0xc3][0xeb][0x12][0xff][0x95][0xf8][0x9f][0xc4]I[0x89]S&gt;[0x1]?.[0xc7][0x11]R[0x10][0xc2]O[0xd0]|B[0xf7][0x9][0x8f]Ox[0xfd][0x88][0xe2]u?[0xba]E[0x91][0x1f]][0xc]M[0xf8][0x18][0x92]Q[0xcc][0x3][0xfc][0x8c][0x12][0xbf]0[0xc4]$[0x1e]Z[0xea][0x17]e[0xa2][0x9c]1[0x99][0xa1][0x18][0x15][0xac]&lt;[0x85]Q)E[0x15][0xcb][0xa9]RL[0xa3])E[0xa0]XL[0x17]3|b[0xa6][0x1f]W[0xe3][0x88][0x14][0xd5]$[0xc5],[0x9e]j6[0x97][0x82][0x8c]9~1W[0x9c][0xc3]m[0xf3]x[0xc8]|[0x9f]XP,[0x16][0x8a][0x1a][0xb6][0xb3][0x88][j}[0xa2][0xce]&apos;[0xea][0x5][0x8a][0xd2]f[0xd2][0xda]o[\n]&quot;
2013-02-06 13:51:57,364 AAD-WS DEBUG wire:63 - &gt;&gt; &quot;[0xa8][0xd6][0xbd][0x91][0xfd][0x91]P&quot;[0x92][0xea][\r][0x85][0xed]t&lt;[0xd5][0xbb]J[0xc0][0xd7][0x97]6[0xfb][0xcc]TT[0xa0]8c[}[0x1d]V:[0x9a][0x11][0xa8]tU[0xb3]v&lt;[0x11][0xda][0x14][0xc9][0xc4][0xec]HW[0xc2]$m#j[0xf6][0x84]O[0xab]U\:[0x91]IoO&lt;afF[0xe7]s[0x8c][0xec]6[0xbb]m+M[0x9d]E[0xab][0xe3][0xa9][0xb8][0xbd]V[0xa0][0xa6][0xe6][0xec][0xb1]g[0xf][0xd8][0xb3]h[0xb7][0x80][0xa7][0xc9][0x8a][0x92][0xff]e[0xad][0xf1][0x94][0xb9]5[0x9b][0xec]2[0xd3];[0xd9][0x1f]r[0xa7][0xd7][0xb4]w[0xb5][0xb7][0xba][0xa3][0x5][0x16]L`r[0xd1]D[0x1e][0xf2][0xb8]1[0xcb][0x8][0xd4],[0x1a]3ss*[0x9b]4[0xd3][0x11];n[0xa5]HU[0x92][0xea][0x6]w=S[0xc6][0xa9][0x8d][0xae][0xa8]&quot;[0x9b]1[0xd7][0x9b]=[0x91]lb[0xac]M[0xbd][0x86]=/[0x8f]D[0xa3][0xa3][0x8d]l[0x86]B;[0x91][0x93][0xa4][0xea][0xf][[0xd9]t[0xb7][0xe9]*[0x95]5Y[0xa9][0x9e]x/W[0x96][0xb0][0xb6][0x81][0xf][0xe0][0x1e]2w[0xe6]H[0x1][0x11][0xa1][0xb9]&quot;[0x89][0x84][0x80][0x16]I2R\[0xe7][0xfd]$[0xf6]3[0xd3]&amp;7g[0x18]6[0xa1][0x8b][0xaa]zW[0xd6])r7[0x8f][0xf0]v[[0xd9][0x4][0x8f][0x89][0xc6][0x89]Z[0xd4][0xa2][0xa0]G-^[0xb4]n[0xda][0xdd][0xc4][0x1e]+MM=i[0x8b][0xe6][0xf0][0xf4][0xba]=[0xbd][0x16][0x19][0xd1]c[0x91][0xa8]Cj[0xf1][0xc4]&quot;|[0xce][0xb4][0x18]O[0x11]3[0xd3][0xcc]x[0xd2]![0xeb][0xc7][0xac][0x1c]u[0xc6]{[0x18])[0x6][0xfb][0x14]g[0x1b][0x9][0x93][0xdd]I[0xd2]0O[0xd2]J;&quot;[0xdb][0x1d]sD[0xc6][0xe9]aGS[0xec][0x2][0xd1]v[0xc8][0xa6],2[0xa5][=l[0xd0]b[0x83][0x8e][0x2]E[0x91][0x99][0xe3]8dL[0xd3]![\r][0xf1]fbN[0x94][0xf4][0xc]{W[0x94][0x89][0xb9][0xb][0xd6]2[0xbc][0xd4][0x8c][0xe5][0xcc]m[0xc7]8[0x16],x[0xe];[0xe6][0xb6][0x99]IWp[0x98]H[0xb0]{,3n//[0x82][0xaa][0x16]W[0x8b]Hf{[0xc9]o[0xcd][0xb6][0xd8][0x80]E[0xd4][0xb2][0xbc][0xf4]\[0xc4]%[0xad]C[0xcb][0xf1][0xc0][0x9c]3[0x7][0x9][0xc7]ln[0xd8]l.[0x16][0xe7]e[0xeb][0xb9][0x98][0xe5][0xb0][0x9f]U[0xe2][0xec][0xb6]77[0xbc]A[0xfd]N[0xe8][0xfb]yIz[0xbf][0x95]5[0xf0]^[0xbc][0xcf][0xc0][0xfb]q[0x7][0x9d][0xea][0x96]T[0xd4]&lt;[0xd0][0xee][0xdc][0xf6] [0x9f][0x98][0xc3][0x2][0x93][0x9c][0xb6][0xed][0xee][0x1d][0xf][0x92][0x1d]&gt;RA&gt;m#[0xa7][0x92]*[0xa5][0xe3][0x8e](5TLp[0xfb][\r][0xdc][0x8e][0xf7][0x18][0xb8][0x9b][0xcf][0xe1]4[0xa7]?n[0x85]N[0xdf][0xc8]v3[0x12][0xe5][0x1d][0xaf][0x1a][0xe9]j[0xcc][0xf6][0xf4][0xd0][0xaa][0xa2]#[0x1d]j[0xa4][0x83][0xe7]p[0x1b][0xc9]G[0xb1][0xd8][0x10]KD[0xc8][0x10][0xe7][0x8a][0xf3][0xc][0xb1]T[0x9c]o[0xe0]][0xb8][0xcd][0xc0][0xbb]q[0x9b]O\`[0x88]eb[0xb9][0x81]{q[0xd8]&apos;V[0x18]b[0xa5][0xb8][0xd0][0x10][\r]8l[0x88]U[0xac][0xbd][0x9a][0xb1]F[0xac]5[0xc4]E[0x82][0x12][0x8a][0xa8]7[0xc4]:q[0xb1][0x0][0xc][0xd1]([0x9a]|b[0xbd]![0x9a][0xc5][0x86][0x11][0x97][0xc6][0xdc][0x1a][0xd7]5[0x81][0xd9][0xbb]R[0xfb][0xe8]$[0xa5][0x82][0xee]m[0xb]n1[0xfb]s[0x14][0x85]`[0xc4][0xe]&amp;haACl[0x14][0x9b][0xc][0xd1][0xc2][0xf3]l[0x14][0x9b][\r][0xb1]E[0xac][0xf5][0x89]VC[0xb4][0xb1][0xf][y[0xe6]mb[0xfb]H[0xb8]hi-[0xdb][0x9a][0xf]t[0x9b]}[0x9c]:|b[0x87]![0xda]E[0xd8][0x10];[0xc5].C[0xec][0xc6]![0x81][0x99][0xac]w [0x14]3[0x13]}[0xa1][0x8c][0x19]Iw[0xc7]B[0xa7][0xef][0xf9][0xb8][0xdb][0xbd][0xad]k/[0xa5][0x17][0xb2]&lt;[0x9c],[0xc8][0xb6][0x1b]27Ud[0xec]H[0xda][0xce]t[0xc4][0xed][0xd8][0x9b][0xe4][0x93]=t[0x18][0x13]f[0xaa][0x97][0x15]([0x13][0xb5]pv[0xcf]ve[0x86]sFUMK[0xcb][0x84]y[0xb1][0xfc][0xcc][0xf4]FsQ[0x6]kN[0x98]I3e[0x9f]1[0x97][0xeb][0xa3][0xe3][0xd0]T[0xa7][0xd5]6[0xf][0xd8][0xa1][0xc6][0xb4][0x19][0xd9][0xd7]bs[0x2][0xe5][0xe1]e[0x94]&gt;[0xf9]d[0xb5][0xa4][0xc8][0xe7]T7[0xad]r[0xc6]H[0x16]=[[0x9d][0x9f]#[0xba][0xac];[0xa9][0xc3]yE[0xd2]|[0xf9]=)[0xa7][0xea]![0x1f][0x93]cr[0xf0]x[0xc7]Kl[0xab][0xd5][0xca][0x99][0xe9][0xa6][0x88]s[0xf][0xcd][0xab][0xb2][0x91]D[0xe6]M[0xfc][0xa5][0xd8][0xe8]}[0x9c][0xff]VN[0xd0];[0x81][0xfe][0xd9]M[0xe3][0x13]q[0xc6][0xe6][0x14]A[0x89][0xc7][0x1e]}8i[0xbf][0xb6][0x93]k[0xf4] [0xd0][0xfa][0x92][0xfc][0xec]E[0xfa][0xdc]W[0xb6][0xfe][0xff]z[0xa3][0xdc][0x13]J[0xe3]&amp;Q[0xfc]N_2[0x8e][0xde][0x4];7[0xaa]-mk[0xe4]][0xa8][0x98][0xc0][0xf][0xe7][0xb5][0xa7]Z[0x82]r[0x8e][0xa4][0x86]([[0xa6][0xc6]x[0xa6]9[0xd9]g[0xf7];G[0x85][0xa2]c[0x8c][0xbd][0xa9][0xe4]B[0xc6][0xec][0x8b]8[0xfb][0xd3][0x14][0x8b][0x90][0xb][0xa2][0x89][0x86]PBIDx;[0xab]j[0x9a][0x9a]&amp;[0xdc][0x12]i[0xba][0xa7]&amp;[0x83]9[0xf4][0x85]u+}rz[0xe9][0xb][0x8b].7[0x95]4[0xbe][0xdf][0x8e][0xa4][0x9c][0xe2]H[0xca]b[0x8e][0xa4]DF[0xb2][0x8][0x82][0xd2][0xd7][0x9d][0xc4][0xf][0x2][0x9e][0x9b][0xe1][0xc3]d@[0x1f][0xac][0x1d][0x84][0xa8]-[0xf]?[0x9][0xad]SWz[0xb8][0xd3][0xa3]&lt;[0xe1]N[0xaf][0xf2][0x86];[0x8b]TQ[0xb8][0xd3][0xa7]|[0xe1]N[0xa9]d[0xb8][0xb3][0xbc]H[0x15][0x13]}[0xca]O[0x94][0xaa][0x84]X[0xac][0xc][0xa2]_M&quot;[0x96][0xa8]R[0xa2][0xa1][0xca][0x88][0x93]T9[0xb1]TM&amp;[0x96])E,W[0x15][0xc4][0xc9]j[\n]&quot;
2013-02-06 13:51:57,365 AAD-WS DEBUG wire:63 - &gt;&gt; &quot;Q[0xa9]Jb[0x85][0xaa]&quot;NQS[0x89][0x95]j[0x1a][0xb1]J[0x5][0x88]S[0xd5]t[0xe2]45[0x83][0x18]P3[0x89][0xd3]U5q[0x86][0x9a]E[0x9c][0xa9]f[0x13][0xab]U[0x90]8K[0xcd]![0xce]Vs[0x89]Au[0xe]q[0x8e][0x9a]G[0x9c][0xab][0xe6][0x13][0xcf]Q[0xb][0x88][0xf3][0xd4]B[0xe2]|UC\[0xa0][0x16][0x11][0x17][0xaa]Zb[0x8d][0xaa]#.R[0xf5][0xc4]Z[0xb5][0x98]X[0xa7][0x96][0x10][0xeb]U[0x88][0xb8]X[0x9d]K\[0xa2][0xce]#[0x86][0xd4]R[0xe2][0xb9][0xea]|[0xe2]y[0xea][0x2][0xe2]R[0xb5][0x8c]x[0xbe]ZN[0xbc]@[0xad] .S+[0x89][0xcb][0xd5][0x85][0xc4][0x15][0xaa][0x81][0xb8]R[0xad]&quot;^[0xa8]V[0x13][0x1b][0xd4][0x1a][0xe2]*[0xb5][0x96][0xb8]Z]D\[0xa3][0xd6][0x11][0xd7][0xaa][0x8b][0x89][0x17][0xa9]F[0xe2]:[0xd5]D[0xbc]X[0xad]&apos;6[0xaa]fb[0x93][0xda]@\[0xaf]6[0x12][0x9b][0xd5]&amp;[0xe2][0x6][0xd5]B[0xdc][0xa8]6[0x13]7[0xa9]-[0xc4][0x16][0xd5]J[0xdc][0xac][0xda][0x88][[0xd4]Vb[0xab][0xda]FlS[0xdb][0x89][[0xd5][0xe][0xe2]6[0xd5]N[0xdc][0xae][0xc2][0xc4][0x1d]j&apos;[0xb1]][0xed][\n]&quot;
2013-02-06 13:51:57,365 AAD-WS DEBUG wire:63 - &gt;&gt; &quot;[0x1f][0xc3][0xee][0xda][0xfa]c[0xe8][0x18][0xa2]mW[0x97][0xc][0xa2][0xb3][0xa1][0xc8])[0xee][0xe1][0xa2][0xcf])^[0xca]E[0xe9][0x14]/[0xe3]b[0xb1]S|[0xb][0x17][0xfd][0xb5]C[0xb8][0xbc]s[0x10]W[0x1c][0xc3][0x95]u&apos;`T[0x1f][0x82][0x8f][0xce]Qd`[0x8]][0x9d]C[0xe8][0xa6]_[0xb4][0xb3]n[0x10][0xe6] z[0x6][0xd1][0xdb][0xe0][0xc9][0x8b]P[0xc0][0x1b](* v[0x10][0x81]Z[0xb7][0x18][0xf]x[0x9][0x5][0xec]=[0x86]}yQF[0x8d][0xbe][0xd3][0xfd][0xbe]q[0xfd][0x89]&lt;^[0xa6]F[0xe9][0xf4]W[0xbb][0xa5][0xd1][0xee][0x86][0xd2][0xfa]@i[0x1][0xc9]&lt;[0x9e][0xa5][0x1e][0xff][0xa8][0x8e][0x9c]Nm[0xa0]t[0x10][0xa9]&lt;[0xf2][0xd4]S[0xec][0xe8]\W}[0x10]Ey[0xdc][0xe5]6[0x8c]Q}[0x14]VCI[0xa0][0x84][0x8d][0xf6][0x5]J[\n]&quot;
2013-02-06 13:51:57,365 AAD-WS DEBUG wire:63 - &gt;&gt; &quot;[0xb8]j[0xb9][0xc1]&quot;[0xbd][0xbc],[0x8f][0xc6]@i[0xa5]QYFz[0x5]d[\n]&quot;
2013-02-06 13:51:57,366 AAD-WS DEBUG wire:63 - &gt;&gt; &quot;[0xb0][0x1b][0xca][0x3][0xe5]*[[0xc0][0xfe]C[0x98]I[0xa5][0x1c][0x95][0x1c][0xab]e[0xb5][0x8f][0xe0][0xca][0x0]u[0x16]p[0xa0][0xa3][0xb2]l[0xd4]Be[0x99]v[0xf8][0xd4][0xf1]&lt;[0x82]G[0xd1]?[0x84][0xab])[0x86]oU[0xd7][0x14]pm[0xc0]S[0xc0][0xdb][\n]&quot;
2013-02-06 13:51:57,366 AAD-WS DEBUG wire:63 - &gt;&gt; &quot;x{[0x1][0xd7][0x15]p=[0xd7]n[0xe8]l[0xf0][0x9e]8[0xf9][0x1c][0xdb])[0xe0][0x1d][0x7]Q2[0x12][0xe4]&lt;[0xbc][\r][0xa5][0x3][0x10]Z[0x9b]&gt;[0xa0]?[0x82][0x1b][0xe9]B[0xdf]E[0xd7][0xbb][0x80][0xc5][0xc4]Fx[0xe8][0xbf][0xd0]W[0xd1]$Nb[0x83]V[0x8c][0x8d][0xda][0x14]l[0xd2]f[0xa3]E[0xab][0xc5]fm[0x19][0xb6]i[0xeb][0xb0]C[[0x8f]vm[0x13][0xc2]Z+vim[0xb8]D3[0xb1]G[0x8b][0xe1]R-[0x8d][0xcb][0xb4][p[0xb9]v[0x7][0xae][0xd0][0x1e]@D;[0x8a].[0xed])D[0xb5][0xe7]`j[0xcf][0xa3]G{[0x11]1[0xed][0x15][0xc4][0xb5][0xd7][0xb0]W;[0x89]}[0xba]@RW[0xb0][0xf4][0xa9][0xe8][0xd3]g[0xe1]*}&gt;[0xd2]z[0x8]Y}[0x1d][0xf6][0xeb];[0x91][0xd3];[0xd0][0xaf]w[0xc3][0xd6]S[0xc8][0xe8]9\[0xa3][0xdf][0x89]=[0xfa][0xbd][0xb8]^[0x8]7[0xe8][0x3][0xb8]Q/[0xe0]&amp;[0xf2][0xfe]C[0xf8][0xb0][0x9b][0x94]([0x81][0xe9][0xf4][0x7]\B[0xab][0xde][0xf7]4[0xe6][0xd4][0xb1]t6[0xab]j[0xb8][0x18][0xaf]sw[0xa9][0x8d][0xa2]P[0xd7]Fm[0x89][0xa7][0x11][0x18][0xe]$[0xd7]([0x94][0xf5][0xf4][0xa3]0[0xb6][0x1d][0xc5]M[0xe5][0xa1]{1[0xa9][0xde])[0x14][0xf0][0xce][0xb6][0xfa][0x87][0xc9][0xb6][0x1b][0xad][0xb9][0x90][0xc4][0xdb][0xa1](U[0xce][0xa7]4[0xb9][0x90]R[0xe4][0x12]J[0x8f][0xeb][0xc9][0x8f]V[0xd2][0xd8][0xed][0xf8]t[0x10][0x87][0x86]=[0xb][0x92][0xa4][0x8f] Hw?n&gt;m[0xa9][0xc8]i[0xbf][0x87][0xf8][0x11]|tX[0xbb]zX[0xdb]K[0xda][0x1d]g[0xaa][0x1e][0xa1][0x8c]|[0xb7]3[0x80]U7[0xd3][0x86]i$[0x17][0xe8][0xab][0xf3][0x98][0xce][0xd6][0xe9][0xb7]{[0xc6]R[0x97]|zn[0x14]b[0x6][0xd7][0x8e][0xdf]w[0xea][0x85][0x81]Q[[0x8a][0xc6][0x1][0xf7]S[0xfe][0xcf]#@r&gt;[0x1e]$;[0xf4]Q7l[0xf7]Z[0xca][0xef]^[0x92]k[0xe8]~z[0xde][0xe4]^n[0xcd]CQ[0xb4]2[0x1c][0xc7]+[0xeb][0xeb]y[0xb2][0xc5]|[0xf0][0xda]N[0x9c]z[0x89]O[0x99][0x87]N[0x19][0x19]Y[0x81][0x86][0xd1]S[0xb6][0x0][0xc5][0xc4][0x1][0x9a][0xfc]([0xf5][0x1c][0xc3]L[0xc]b6[0x1e][0xc5]&lt;&lt;F[0xf1][0x1b]$[0xdd]![0xac][0xc6][0x13][0xa4]}[0x9f][0xf3][0xf4]|[0xec][\r]PK[0x7][0x8]R9[0x8a][0xe7][0x15][\n]&quot;
2013-02-06 13:51:57,366 AAD-WS DEBUG wire:63 - &gt;&gt; &quot;[0x0][0x0][0x1a][0x11][0x0][0x0]PK[0x3][0x4][0x14][0x0][0x8][0x0][0x8][0x0][0xd4]|D5[0x0][0x0][0x0][0x0][0x0][0x0][0x0][0x0][0x0][0x0][0x0][0x0]$[0x0][0x0][0x0]javax/help/search/IndexBuilder.classuS[S[0xd3]@[0x14][0xfe][0xb6]-[0xa4][0x8d][0xe1]~[0x91][0x9b]X[0x14][0xa5][0x94][0xb6][0x11][0x10]Q.*WE[0xcb][0xc5][0x81][0x81][0x1][0x9f]B[0xb2]-[0xc1]6[0xe9]$[0xa9][0x3]?E_|[0xf4][0x19]G[0xe8][0x8c][0xcc][0xf8][0x3][0xfc]Q[0x8e]g[0x3]-[0x85][0xe2]C[0xb2]{[0xce]~[0xdf][0xb9]|g[0xf7][0xcf][0xdf]_[0xbf][0x1][0xa4][0xb0]![0xa3][0x3][0xc9][0x8][0xda][0x91][0x92][0xa0][0xca][0x8]&quot;[0x19][0xc6][0x13][0xb1][0x8e][0x8a][0xdf][0x98]L&apos;[0xe3][0xe2][0xf8][0xa9][0x84][0x9][0x19]2[0x9e][0x89][0xdf]d[0x18][0xcf][0xc3]x![0xb6]S[0x12][0xa6]#[0x98][0xc1]l[0x18]/e[0xbc][0xc2]k[0x9]s[0x12][0xe6][0x19][0xc2][0xa6]e[0xf0][0xa3]E[0xd3]ahM[0x1f]j[0x9f]55[0xa7]YYu[0xd3]sL+;[0xcd]Pg[0xf0][0xfd]b[0x96][0x81][0xed]1[0xd4][0xcf][0x98][0x96][0xe9][0xbd]d[0xe8][0x88][0xd5]B[0x87][0xb7][0x19]B[0xb][0xb6][0xc1][0x19][0x9a][0xd2][0xa6][0xc5][0xd7][0x8a][0xf9]}[0xee]li[0xfb]9[0xf2][0xc8]KG:/x[0xa6]m[0xb9][0x12][0x16]([0xaa][0x9e][0xb3]][0xf2][0x7]c[0x82][0xd6][0xe8]z[0xb6][0xc3]7=[0xbb][0xb0]c;[0x86][0xcb][0xd0]s[0x19][0xbf][0xe8][0x99]9u[0xc9]*[0xe6][0xb9][0xa3][0x9][0xb2][0x9f]D[0xc9]r[0xaf][\n]&quot;
2013-02-06 13:51:57,367 AAD-WS DEBUG wire:77 - &gt;&gt; &quot;[0xdb][0x1d][0x1b][0xfe][0xf][0x98][0xa0]v[0x81][[0x8b][0xb6]N&gt;[0xcb]ch[0xf0][0xb3]V[0xd9]~[0xde][0xb4][0xad][0xfb]x[0x86][0xce][[0xda]Z[0x11])e[0x1f][0xb8]ez~/[0x9b]v[0xd1][0xd1][0xf9][0xb2])[0x8c][0x96][0x15]![0xdf]|[0xd1][0xcc][0x19][0xdc]I[0x9][0xb6][0x82][0x1e][0xc]([0xe8]B7[0x5][0xbc][0x19]n[0xbe][0x98][0xc9]p[0x92]:RV}V[0xc1]&quot;[0x96][0x14],[0xe3][0x8d][0xe0][0xf4]*[0xe8][0xc4]]*[0xdc]&apos;[0x9a][0xb6]*[0xb2][0x88][0x88]t[0xf0][0x16]+$\[0x86][0x1c]Q[0x86][0xae][0xa8]a[0x1a][0xd6][0x90][0x17][0xe5]G[0xa6][0xeb]E[0x93]Q[0xdd][0xe1][0xd4][0x85][0x95]U[0xf0]N[0xe0]z[0xab]2s[0xbd][0xe8][0x98][0xde]qe[0x4][0x12][0xde]+Hc[0x95][0x84][0xaf][0xae]~**aM[0xc1]:z[0x19][0xfa][0x5][0xfd]H=[0xe0][0xb9][0x82][0xea]r[0xcd][0xd1][0xf][0xd4]j(C[0xf3]U[0xfc][0xf5][0xfd]C[0xae][0x93][0x9a]mW[0xae]J*[0xba]3Z[0x81]f`0$n[0xbb]35[0xae][0xb][0x81]hta[0xcf][0xbe][0xf0]0[0xb4][0xc7]jq[0x84][0xa8][0xf7][w[0xfd]K$.g[0xfe][0x93]a:[0xee][0xb5][0xd2]6[0x8f]][0x8f][0xe7][0x9][0xc1][0x1d][0xaa][0xb9]#]Vu[0x83]B[0xd0][0x1d]&quot;[0xc9][0xf2][0xd3][0xe5][0xc2][0xaf][0xbb][0x19][0xa4][0x82][0xb0]rVh[0x80][0x9e]U[0x7][0xbd][0xc2][0x0]Bb8[0xfe][0x8e][0xa6]Kk[0x4]L[0x8c][0x86][0xec]&gt;[0xb2][0xbe]&quot;
2013-02-06 13:51:57,367 AAD-WS DEBUG wire:63 - &gt;&gt; &quot;[0xd1]C[0xc][0xd1][0xfa]1^[0x2][0x8b][0x7]O[0x11][0x88][0x9f]#[0xb8][B[0xa8][0xb5][0xee][0xc][0xf5]#[0xf4][0x9d]A*![0x1c][0x1f]9E[0xe4][0x1c][0xf2][0xee]H[0x9]wV[0x13]gP[0xbe]b[0xb0][0x82]m[0xb8][0xc4][0xb6]6V[0x8][0x4]i[0xda][0xf9][0x8e][0xd0][0xda][0x9]%La[0x1b][0xbb]h[0xa6][0xdd]=J[0x16][0xa7][0xb7][\r]$([0xb1]F[0xe5]$[0x11][0xa5][0xf3]GP[0xe9]?[0x8a][0x9][0x8c][0xe1][0x3][0xc6][0x9]?[0x81]=L[0xa2][0x9f][0x90]![0xe2][0xdd][0xf]1[0xc2][\r][0xd0][0xae][0xda][0xf3][0x0][0xf][0xc9]`[0x18]$[0xbe]X[0x1f]Sc[0xd7][0x11]C5[0x9c][0x18][0x86]ox[0xe2][0xd7]Y[0xbe]T[0xc2]#[0x4][0x9a]#[0x81][0x2][0xb4][0xe][0xc4]&quot;[0xf0][0x5]}?[0xd0]Rn[0xba][0xf5]J[0xa0]3[0xb4][0x9d][0x10][0xe8][0xa2][0xbd]F[0xa2][0x0]:$[0x18]Tr[0x86][0xbc]#[0xbe][0xfe][0x89]PK[0x7][0x8][0xc8]Cc[\r][0xe4][0x2][0x0][0x0][0x1a][0x5][0x0][0x0]PK[0x3][0x4][0x14][0x0][0x8][0x0][0x8][0x0][0xd4]|D5[0x0][0x0][0x0][0x0][0x0][0x0][0x0][0x0][0x0][0x0][0x0][0x0]&quot;[0x0][0x0][0x0]javax/help/search/IndexerKit.class[0x8d]U]S[0x1b]U[0x18]~[0x96]l[0xb2]I[0xdc][0x2][0x86]&amp;J[0xa5][0x15][0xaa][0x95][0x90][0xd0][0xc6]jE[0x9b]V[0xb4]|i[0xe4][0xb3][0x85][0xd2]B[0xb5][0xb0]IN[0xc2][0xd6][0xb0][0x9b][0xd9]l[0x94][0xde]{[0xa5][0xbf][0xc0];/[0x1c];[0xde]Y[0xc7][0x86][0x19];[0xe3]x[0xe7][0x8c][0xc5][0xff][0xe0][0xf8][0x9c][0x13][0x8][0x9][0x4][0xf5]&quot;[0xe7][0xdd][0xf3][0x9c][0xe7][0xfd]8[0xef][0xc7][0xc9][0x9f][0xff][0xfa][0x1b][0x80]+[0xb0][0xa3]H`2[0x82]8&gt;[0x90][0xcb][0x87][0x6]nE)[0xa7][0xc2][0x98][0x8e]b[0x6][0xb3]a[0xcc]E[0xa1][0xe3]#[0xb9][0xf9]X.9[0xb9]|&quot;[0xb1][0xf9][0x8][0x16][0xb0]h`)[0x8a]&gt;L[0x86][0xb1],[0xe5][0x8a]\nGq[0x7][0xab][0x6][0xd6][0xc][0xdc]5[0xb0][0xae][0xc1][0xc8][0xd7][0xed]JQx[0x1a][0x86][0x17][0x1e]Y_X{[0x99][0x1d]Q[0xa9]fj[0xc2][0xf2][\n]&quot;
2013-02-06 13:51:57,368 AAD-WS DEBUG wire:63 - &gt;&gt; &quot;;[0x99][0x9c]S[0x14]{SM[0xc6][\r][\r][0xa1][0x82][0xeb][0x94][0xec][0xb2][0x86][0xb]][0xb8][0xd3][0xea]l[0xce][0xae][0x8]2[0xf5][0x12][0xa5][0x86][0x98][0xe2]e*[0x96]S[0xce][0xac][0xfa][0x9e][0xed][0x94][0xa5][0x95][0x8a][[0xb0][0xda]N[0xeb][0xbe]][0xc9],([0x8c][0xa7][0x91][0xa2][0xc8][0xd7][0xcb]s[0x15][0x8b]n[0xb4]M[0xb2]o[0xda][0x8e][0xed]Oj[0x8]$[0xc7][0x18][0xaf]&gt;[0xed][0x16][0xa9][0xda][0xb7]`;b[0xa9][0xbe][0x9b][0x17][0xde][0x9a][0x95][0x97][0xc6][0x82][0x85][0x8a][0xeb]P[0x9e]M[0x8e][0xb5]9][0xce]?[0x12][0x5][0x9f]f{[0xcb][0xc2]g[0x84][0xbe]p[0xfc][0xb5][0xc7][0xd5][0x13][0xbc]Vp[0x91][0x9a][0xf0][0x17][0xe][0xe2][0x8b]&apos;O[0x6](c8[0xc4][0xdb]5%[0x1e])[0x1f][0xe9][0xb6][0xcc]w[0xde].X[0xb5][0xbc][0x1a][0x8f][0x8b][0x7]&amp;l7sGX2[0xbb]&apos;Mn[0xfe]WA[0xfe][0xbd][0x8]2[0xa2][0xe8][0xec]^AT}[0xdb]uj[0x6][0xee]1m[0xca]}[0xce][0xf1][0xdd]5[0xf7]s[0xe1][0xd4]4$[0xba][0xdc]%7[0x96]cqj[0xbe][0xe5][0xf9][0xab][0xbe][0xeb][0x89][0x19][0xb7]P[0xdf]e[0xe2][0xc][0xdc][0xd7][0xd0]/[0x9c]b[0x7]J/5[0xb9]W[0x16]O3[0xb8][0xde]b[0xd9][0xbe][0xaa][0x96][0xaa]2[0xc1]U[0xb7][0xee][0x15][0xc4][0x9c][0xea][0x96]&gt;u;[0xe1][0xcd][0xdb][0xfe][0x15]i[0xc3][0xc4]E[0xbc]fb[0x18]#&amp;.[0xe0]U[0xfa]&gt;[0x9e]Q[0x13])[0xa4][0xd9]&apos;[[0x6]6Ll[0xe2][0x81][0x6]H[0xad]OM|[0x86][0x87][0x12][0xb9]&amp;[0xbf][0xb6]$[0xb6]m[0x80][0x16][0xf3](0[0xc6][0xe3][0x11]N[0xd5]K%9[0x3][0xe6]Q[0x4][0xd9]a[0x13]E[0xd0]C[0x9]c[0x6][0xca]&amp;v0[0xae]a[0xe8][0x94][0x92]([0x95][0xc3][0x0][0xdb]:O[0xc3][0xc0][0x11]4-;[0xb4][0xd9][0xad][0x3][0x87][0xd5][0xcf]-[0xb7]J[0xd4][0xc1]mC[0xfb][0x8f]G[0xcb][0xa9][0xb5][0xa5][0xd3][0xe5][0xd2])[0xbd][0xc8][0xf2][0x8d]v[0xc1]O[0xe9][0xda]Z=_;[0xb0][0x9b]H[0xe6]r][0xc7]&quot;[0x9e][0xec][0x8e]_[0xff]_n[0xba];n[0xbf][0xd7][0xe3][0x9a]/v9[0xe3][0xc2]c[0x15][0xe2][0xad][0xd9]X![0x99]=[0xe8][0x9]kW&gt;[0x1c]V[0xb5][0xca][0xee][0xd3]0[0xde][0xed][0xd2]&apos;[0xa0]fQ[0xa9][0x17][0xf6][0xdd][0xc3][0xc4][\r]t[0xb1][0xcc]tV[0xe5][0xae][0xe2][0xe8]#|`[0x13][0xd0][0xf0][0x12][0x82]|F_[0xc6] _b[0x1d][0xe7][0xf0][0x8a][0x92]C8[0xaf]${[0x91][0xb2]G6&amp;[0xe5][0x19][0xf2][0xd9][0xa7]\_[0xe7].E[0x9c]M[0x88]hj[0x1f]Z*[0xf0][0xc]=O[0xb9][0xd3]p[0x89]k/[0x2]\Gi[0xe1]{D0[0xaa]kx[0x83];P&amp;1[0xa6]X[0xec][0xe6][0x3];[0x17]i[0xa7][0x87]2[0x94]J?C[0xe0][0xc8]FT[0xa1]3[0x8c]oV[0xf1][0xc7][0xf][0xf8][0x11][0x9]S~[0x93][0xfe][0x3]fJ[0xfb][0x1d]z[0x3][0xc1][0xa7]ZVO[0xc7]B[\r][0x18][0x13][0xa1]x[0xa8][0xe7];$[0xd2][0x8b][0xb1][0xf0][0xd2]s[0xe8][0x1b][0xe3][0x97][0xf7][0x11][0xc9][0x6][0x9f]`=[0x1d][0x88][0x93][0x11]]$1[0x1e][0xd2][0xb7][0x1b]xa[0xc2][0x88][0x1b]$[0x9f]K7[0xf7]f[0xa7][0xc2]%[0x5][0xc7][\r][0xea],[0xa5][0xe3][0x86]bd[0xf5]&amp;eP[0xdf][0xc7][0x99]l05[0x18][0x94][0xde][A/a[0x80][0xeb]2/[0xbe][0xc2][0xf1][0xbc][0xcd][0x94][0xdd]E?[0xee]1[0xc1][0xf7][0x99][0xcc][\r]&amp;r[0x93][0x9]|[0x80][0xab][0x9c][0xd5][0xeb]x[0xc8][0xab]ma[0x1e][0xdb]X[0x83]%[0x7][0x16][0xbb][0x9c][0xc4]/![0xf0][0x15][0x87][0xf0]k[0xd8][0xb4]z[0x99][0x90][0xcd][0x8b][0x9f][0xa7][0x94][0x9][0xf][0xa6]~A[0xe0][0xa7][0x96][0xcb][0x90][0x2]][0xe6]6[0x83]7[0xf9]}UUN[0xc3][D[0xde][0xc6]5nt[0xbc][0xa3][0xb2]wx2A[0xe4]]U[0xc7]v[0xe4]=[0x6][0xd4][0x89]d;[0xb5]X[0x8f][0x1b][0xad]*[0xdc]b[0x85]e}F[0x18]L[0xcf][0xb7][0x18][0xfa][0x19][0xbd][0xcf][0xd1][0xb7][0xb1][0x8f][0xfe][0xd8][0x8b][\r][0xc4][0xd2][0xfc]50[0xd0][0xc0][0xd9][0xe3]M[0xf1][0x3][0xc]&lt;a[0x1e]~$zS5[0xd7][0xfb][0xff][0x0]PK[0x7][0x8][0xde][0x10][0xc5]+[0x0][0x4][0x0][0x0][0x9][0x8][0x0][0x0]PK[0x3][0x4][0x14][0x0][0x8][0x0][0x8][0x0][0xd4]|D5[0x0][0x0][0x0][0x0][0x0][0x0][0x0][0x0][0x0][0x0][0x0][0x0]&amp;[0x0][0x0][0x0]javax/help/IndexView$IndexParser.class[0x95]Wy`[0x14][0xe5][0x15][0xff][0xbd][0xc9][0xee][0xce]f2[0x9][0x10] [0xb0] [0x10][0x15]!l[0x2][0x1][0x14][0x8a][0x1b][0xf0][0x82][0xa4]I[0xcd][0x81][0x10]A[0xb0][0x1e][0xc3][0xee][0x10][0x16]6[0xbb][0xeb][0xec],[0x84][0xe2]U[0x8b]Z[0xcf][0x9e]`[0x13][0xeb][0x81]Z[0xa3][0xb6][0x1e]Q[0xd8][0x4][0xa8]W[0xab]P[0xad][0xd6][0xfb][0xac]V[0xab]V[0xab][0xd6]j-[0xda]C[[0xfb][0xde][0xcc]fCB8[0xfa][0xc7]|[0xc7][0xfb][0xde][0xf7][0x8e][0xdf]{[0xdf][0xfb][0xbe]y[0xfc][0xbf];[0x1e][0x0]0[0x8d]&amp;hhF[&gt;[0x16]c[0xbd][0x8a]oi[0xc8]s&apos;[0x1b][0xa4]9W[0x9a][0xf3]4[0x9c][0x8f][0xb]dt[0xa1]4[0xdf]Vq[0x91][0x86][0x2][0xb4][0x9][0xeb]w[0x84][0xb2]Q[0xc5][0xc5][0x1a][0x86][0xe0][0x12]i.[0x95][0xe6][0xbb][0x1a].[0xc3][0xe5][0xf9][0xb8][0x2]W[0xfa]q[0x95][0x86][0xab][0xf1]=[\r][0xdf][0xc7][0xf][0x84][0xf2]C?~[0xa4][0xe1][0xc7][0xd8]$[7[0xfb]q[0x8d][0xac][0xfc][0xa4][0x0][0xed][0xe8][0x90][0xe5]k[0xa5][0xf9][0xa9][0xc8][0xbe]Nc[0x86][0xeb]e[0xf3][\r][0xb2]z[0xa3][0x8a]-[0x1a]n[0xc2][0xcd]~[0xdc][0x92][0x8f][0x9f][0xe1]V?:5[0xdc][0x86][0xdb]U[0xdc][0xa1][0xa1][0x1c]m~[0xfc]\[0xfa]_Hs[0xa7][0x1f]wI[0xb7][0xec][0xbc]G[0xa4]uIs[0xaf][0x8a][0xfb]4l[0xc5]6[\r][0xb3]r[0xcd]Vd[0xc4][0x9f]nizD[0xe7]v?v[0xf8][0xb1][0xd3][0x8f]_[0x8a][0x9d][0xf7][0xfb][0xf1][0x80][0x1f][0xf][0x8a][0x95][0xf][0x89][[0xf]K[0xf3]+i~-[0xc2][0x1f]Q[0xf1][0xa8][0x86]Z\.[0xd2]v[0x9]y[0xb7][0xec][0xfa][0x8d]L[0x1f][0x93][0xd1][0xe3][0xd9]Q-~+@n[0x92][0xd1][0x13]*[0x9e]T[0xf1][0xb4][0x8a]g[0x8]E[0xe1][0xb4]e[0x99]q{[0xa1]a[0xa5][0xcc][0xda][0xc5][0x84][0x11][0xf5][0xab][0x8d][0xb5]F[[0xe5]*3[0x96][0xac][0xac][0xe5]f[0xb1]iW[0x11][0xf2][0xe3][0x89][0x88][0xb9][0xd8]6[0xc2]k[0x8][0xc3][0x1c][0x96][0xca][0xb4][0x1d][0x8d]U:$Y[0x8f][0xda]fkv[0xdd]o[0x1b]-[0xd9]aa[0xc4]\i[0xa4]cv}&quot;l[0xc4]LB[0xf1]^[][0x1a][0xef][0xd5]bF*[0xc7][0xa1][0xa7]l[0xc3][0xb2][0xcd]H4[0x1e]1[0xdb][0x8][0xb4][0x9c][0xa0][0xae]4[0xc2]v[0xc2]ZO8lo[0xe3][0x9a]-[0xd3][0xac]c[0xad]5[0xee]*[0xb][0xf2][0xcd][0x8d][0xc6][0xa3][0xf6]q[0x84][0x9]e[0x7]b[0x9c][0xb2][0x84][0xe0][0x99][0xcf][0xfe][0x10][0x86][0xd4]G[0xe3]fc[0xba]u[0x85]i5[0x1b]+D[0xbf]7)H[0x10][0xc]WDe4Q[0xb9][0xc8]4&quot;[0xa6]U5[0x18]0[0xfb][0xba]3%[0xcb][0x96]Z[0x17][0x8d][0xb7]T[0xda][0xac][0xba]r[0x81][0x8b]AC[0xda][0x16][0x15]bM#+[0x17][0xc7][0xab][0xdb][0xc2]f[0xd2][0x8e]&amp;[0xe2])[0x15][0xcf][0xba][0xc0][0xd5]$[0xd2][0xf1][0x8]arY}8[0xd1]Z[0x99]J[0xc7]+[0x1d][0x15][0x8e][0xd6]hk2V[0xe9]D[0xca][0xaa]^[0xcb]As&lt;Q[0x93][0xd1][0xec][0x1e]=[0x92][0x8][0xdb][0xeb][0x93]fv[0x9a]o[0x9b]mv[0xef][0x12][0xb]k[0xe5][0x1d][0xd9][0xa9]fZV[0xc2][0xca]N|F$[0xd2]l[0xb4][0x10]f[0xec]W&apos;/[0xf][0xe6]*k[0xcf][0xb7][0xcc][0xd6][0xc4]Z[0xd3][0xd9]?[0xe1][0x80][0xfb][0x85][[[0x9c]H[a[0xb3]&amp;*H[0x17][0xd5]I[0x88][0x97]D[0xcd]u[0xd3][0x84]]G[0x18][0xcf][0xe9]0[0xb0][0x82][0xc3]2 [0xc1]t[0x9c][0x86]e:[0x96]Ks:[0x96][0xa9]x^[0xc7][0xb]xQ[0xc7]7q[0x86][0x8e]3q[0x6][0x3]v[0x88][0xb0][0xeb]x[0x9]/[0xeb]X[0x82][0xa5][0x84]q[0x7][0x84]X[0xc]zE[0xc7][0xab][0xf8][0xbd][0x8e][0x16]&lt;[0xa7][0xe2]5[0x1d][0xaf][0xe3][0xf]*[0xde][0xd0][0xf1]&amp;[0xfe][0xc8][0xe1]jk[0x8d][0x85]bF[0xbc]E[0xc5][:[0xde][0xc6];*[0xfe][0xa4][0xe3]][0xbc][0xa7][0xe3][0xcf]x_[0xce][0x84]8([0x7]C[0xc5][0x7]:&gt;[0xc4]_t[0x9c][0x85][0xb3][0x9][0xa3][0x9d][0x85]i[0xd1][0xf8]Z#[0x16][0x8d]80[0xd4]$[0xac]V[0xc3][0xd6][0xf1][0x91]H[0xf9][0xab][0x8e][0x8f][0xf1][0x89][0x8e][0xbf][0xe1]l[0x1d][0x9f]J[0xf3]w[0xec][0xd1]a#[0xad][0xe3]3|[0xae][0xe3][0x1f][0xf8]&apos;a[0xb8]c[0xb5][0xe8][0xaf][0xcc][0xe5][0x91][0x8a][0xe9][0xf8]7[0xbe][0xe0][0xa8][0xf2]1j1m[0x15]_[0xea][0xf8][0xf][0xfe][0xcb][0xd1][0xa9]1[0xa2][0xb1][0xb4]e[0x96]F[0xe3][0xa5][0x8e]J9[0x12][0xa5][0xf3]-[0xd3][0x90][0x8d]U[0xa5]*[0xbe][0xd2][0xf9][0xbc][0x11][0xa1][0xa4]O[0xf0]b[0xdb]b&lt;OJ[0xaf]\iZ,[0xb3][0xb4]4[0x1a][0x9][0x95][0xea][0xa4]P[0x9e]N[0x1e][0xf2]:[0xa4]U)[0x97][0xe4]c[0xbb]H[0xd5][0xc9][0x8f]/t[0xca][0xc7][0x1e][0xae]%{[0x9d][0x98][0x9c]J[0x95]4[0x9d][\n]&quot;
2013-02-06 13:51:57,369 AAD-WS DEBUG wire:63 - &gt;&gt; &quot;H[0xd7][0xa9][0x90][0x8a][0x18]c[0x1a][0xa2][0xd3]P[0x1a][0xa6][0xc3]B[0x8a][0x8f]_[0xf6][0xdc][0xab]kM+[0xc5]v[0x11][0xf2]fL[0x9b][0xae]S1[\r][0xe7][0xe1][0xcc]i[0xd3]Y[0xaa][0x8b]^:[0xbe]&amp;[0x9e]X[0x17]_[0xe2][0xf2]1r4B[0xa7][0x91][0xe4][0xd5][0xa9]D[0x9a]Q[0xd2][0x8c][0xa6][0x0][0xe1][0x88][0xfd]D[0xb9][0x9e][0x1d][0xac][0x8e][0x99]r,t[0x1a][0xc3][0xec],[0x82][0xf7][0x8c][0x95][0xe6]0&quot;[0x9d][0xc6][0xe1][0x1d][0xc9][0x81][0x94]N[0xe3][0xf1]&quot;[0xa1]t[0xa0]7[0x92][0xba][0x13][0x9d][0x91][0x9b]0[0x84][0x82]~3[0xbd].[0x1e]7[0xad][0xf9]\[0xdd]R&amp;[0xbb]6[0xb4][0xf][0xd6][0xa6][0x15][0xab][0xcd][0xb0]M8[0xea][0x80][0x9]X[0x1f]M[0xd9]f\$[\r][0xef]-EuM[0xb9]P3[0x1c]er[0xa6][0x86][0xe]&lt;[0x97]|[0xcc]8[0xf0][0xd9][0xec]g[0xb8][0xca][0xa6][0xc]Vt=[0xc9]tj[0x15]aR[0xb6][0xcc][0xed]eV[0xb6][0x84][0xf5]#[0xb1][0x9][0xfb][0xd4]CQ&gt;[0x8c]k[0xc7]@c[0x83][0x7])][0xbd][0x9c][0x8e][0x80][0xfd][0x5]g[0xaf]*[0xc7]I[0xc6][0xfe]8[0x15]f&lt;[0xfb]r[0x80][0x12]C[0x18][0xb3][0xff]Uv[0xd9][0xb0]m[0x8e][0xc3][0xa4][0x3][0x88]Xh%[0x92][0xa6]eG[0xcd][0x14][0xb][0x9b]x(|[0x1c]t[0xb6].;_?[0x0]P[0xf7][0xf8][0xf4][0x3]4K[0xe2]&quot;0[0xe0]:9[0x95][0xc3][0x13]u%[0x16][0xc5][0x9c]([0xd5]X[0x89]VI[0xd2][0x3][\n]&quot;
2013-02-06 13:51:57,369 AAD-WS DEBUG wire:63 - &gt;&gt; &quot;[0x1d][0x10][0xd5][0xb8][0xd1][0xda]w[0xcd][0xf6]W8t [0x8d][0x81]5[0xcf]I[0x1b]1[0xd6]8r[0xb0]4[0x90][0xab]W[0x90][0xe7]k[0x84][0x91][0xdd][0xff][0x85][0xca][0xd7][0xbc]e&amp;[0x13][0x96][0xdd]`[0xa6]RF[0xb][0xeb]/[0x19][0xc4][0xde][0xe5][0x12]no4U-w[0x8e][0xca]}kR[0xf0][0xca]K&amp;[0x92]{%i[0xff][0xa4][0xd3]Y}[0xad][0x91]Ze[0xbb]w[0xf3][0xa8]~[0xa9][0x9c][[0x90][0x9b]4,u[0xcc]1[0x8a][0x10][0x19]D[0xfb][0xa0][0xfb][0xfe][0xbf][0x1b][0xbd][0x9f][0xeb]U[0x83]T7[0xa9][0x7]l[0x8a][0x11][0xe]3[0xe][0x13][0xa7]O[0x9f][0xee][0x1c][0xd1][0xe5][0xfd][0x91]_[0x9f]rl[0xcc][0xe3][0x1b][0x98]a[0xcf][0x9d][0xa9][0x85]l[0xa5][0xcd][0xb6][0x9a][0x86][0x88][0x1e]&gt;[0x8]Ynz[0x99][0xc5][0xe2][0x3][0xc2][0xd5][0x9b][0xf]K[0xe4]*O&amp;M[0xc1][0xb7][0xe2][0x90][0xb2][0xd0][0xad][0xeb]U[0xf2][0xf0]H[0xf4][0xa6]D[0xff]H[0xe4][0x92][0xa7][0xe2] ub[0x80][0xc0][0xde]H[0xed][0x8b][0x9a][0xd7]t[0xe3][0xee]I[0x9a][0xe6][0x9a][0xac][0xa7][0x3][0xb8][0x18]0[0x8e]{u[[0xd2][0x88]Kio[0xe6]&apos;[0x8d][0x83]d[0x1d]/[0xa4][0xf6]Y[0xf0][0x94][0xd5][0x89][0xeb][0x83]f0[0xd3][0xf3][0xb8]Bq[0xa1]-[0xdb][0xf7]Y6[0xf0]=[0xe6]&lt;g[0xf8][0xc8][0xf3][0x3][0xd0]lN[0xec][0x7]d[0xb6]a[0xce]~[0xd3][0xeb][0xa0]g^[0x8e][0xd3][0xa2]D[0xc2][0xce][0x16][0x8d][0xf4][0x8a]X4\[0x17]qgnf[0xc8][0xac](i%$[0x85][0x16]4[0xcd]o^[0xb6][0xb0][0x9a]p[0xec]!i[0x1c]&lt;%De[0xa3]S[0x14]&lt;L[0x94],J[0xf5][0x12]|[0xe1]D&lt;l[0xb0]1[0xf9][0xcc][0xe3]&amp;;J[0xf9][0xf][0xa4][0x19][0x84]S[0xe1][0x87]&quot;[0xaf]$[0xfe]KS[0xe4][0xf5][0xe5][0xf4][0xcb][0xb3][0xfd][0xe9][0xd9][0x9e][0x9f]_Nf[0xb6][0xe7][0xd7][0x8d][0xd3][0xf3]#[0x8e]{[0x8d][0xbf]0&quot;,[0xcd][0xe4]Q[0x90][0xe9][0x8a]P[0x83][0xdd][0xa0]`[0xf9]6(]&lt;#[0xac][0xe4][0xb6][0x88][0xff][0x8e]@qx([0x81]|J[0xb2][0x15]-X[0xc5][0xdc][0xb2][0xaf][0x87][0xd7]|[0xdc][0xc7][0x82];[0x91][0xb7][0xac][0x1b][0x9e]m[0xf0][0xf6][\r]}}Cu[0xea]n[0x14][0x6]{[0xe0][0xdf][0x86][0xfc]N[0xf8][0x83]S[0xb9][0xf][0x6][0xb7]&quot;[0x1b][0xb4][0x9d](`&amp;=[0xe4][0xe1][0xb9]7[0xe0][0xc9][0xa0]pi[0xb0]b[0x1b][0x8a]vb[0xc8][0xb2][0xf2]n[0xc][\r]y[0x3][0xde]`[0x6][0xc3][0x2][0xde][0xc][0x8a][0x3][0x9e]{r[0x96][0x85][0xd8]6[0xd0][0x6][0x14][0xd0][0xb9]([0xa1][0xf3]p8][0x80][0xa3][0xe8]BT[0xd2]E8[0x86]6b.][0x82]j[0xba][0x14]Mt[0x19][0x9a][0xe9][\n]&quot;
2013-02-06 13:51:57,370 AAD-WS DEBUG wire:63 - &gt;&gt; &quot;[0x9c]IW&quot;BW!JW#[0xca][0xfb]=,g5k[0x10]sqP&gt;[0x85][0x97][0xb1][0x5]}N[\r][0xe5][0x19][0xc]o[0x9c][0xba][0x15]#B[0x9e][0x80]g[0x97](.[0x1e][0x99]A[0x89][0x18][0xd3][0x83]Q[\r][0x15][0xbb][0xd9][0x8b][0xad][0xd0][0x1a][0x98]etq [0x83]1[0xed]t&quot;[0x13][0xc6]v[0xa0][0x98];[0xa5][0xf8][0xb0][0x1e][0x8c][0xcb][0xdb][0x8e][0xf1]y`[0x8e][0x9][0xed]([0xe5][0xae][0xb4][0x3][0x1]q2[0x83][0xc3][0x97]r[0xef]s[0xfa][0xa9][0x19][0x1c][0xd1]E!/[0x85]|[0xa2]H[0x13][0x4][0x8e][0xc][0xf9][0x1c]![0x81][0x80][0xf4]E[0x15][0xdb]1[0xd1][0x8b][0x90][0xb7][0x13]f[0xc8][0xd7][0x83]I[0xed]XD!U[0xb8]u6k[0xb2][0x98][0xa5][0xde][0x8b][0xb2][0xe2])[0x19][0x4][0xb9][0xdf][0x89]r[0x6][0xb4][0xa2][0x98]%O[0xb][0xa8][0xdc]dP[0xd9]e:[0x13]Ep[0x6]3[0xdc]5[0xd1][0xb6][0x1d]3[0x89][0x95][0xb8][0x86][0x1d][0xdd][0x81][0xe9][0xee][0xe8][0x98][0x87]0[0x8b]Mc[0xa3]g+7bl[0xc0][0xb7][0xb]%[0x1][0xa6]M[0xb9][0x1][0x85][0x1][0xaf][0xc][0xe7]dp[0xac]D1[0xe0][0xed]F[0xc8]1[0xdd][0xeb][0xec]+`#Ua[0xa8]r[0x9d][0xdf]&quot;[0x12]ER[0xe1]R&apos;[0xd6]&gt;g4[0xb5]&quot;[0x83][0xb9][0x9d][0xd8][0xe8] 9O[0x90]D[0x9b]`[0xd6][0x81][0xb3][0xc4][0xc5][0xd9][0xec][0xe2]qY[0xe4]w[0xa1],[0xe0]-&gt;&gt;[0x83][0x13][0xda]1[0x9e]G&apos;:[0xa3][0x11][0xe]V&apos;I`[0xe6][0xbb][0x90]K [0xda][0xf7][0x9]D[0x90][0x13]ql[0xaf][0xba][0x11].[0x8f]?[0x98][0xe7][0x10]%[0x8]][0x9c][0x5])l[0xe6]_[0xf7][0xa3][0xb2][0x19][0xf6][0x16][0xe6]p6l[0x82]B[0x9b][0xa1][0xd2]5($[0x96]J[0x1d][0x18]K[0xd7]r[0xb6]][0xc7][0xd9]v=[0x82][0xb4][0x5][0xb3][0xe9]&amp;[0xcc][0xa3][0x9b]QO[0xb7]b9u[0xf2]o[0xd2]mXM[0xb7]#Aw Iw[0xf2][0xe3][0xf9]n[0xac][0xa5]{[0xb0][0x81][0xba]p[0x11][0xdd][0x87][0xcd][0xd4][0x8d]v[0xea][0xc1][0x16][0xda][0x8e][h[0x7]n[0xa7][0x9d][0xb8][0x97][0xee][0xc7][0xe]z[0x0][0xcf][0xd3][0x83][0xf8][0x84][0x1e][0xe6][0xff][0x84]G[0xf8][0x11][0xff]([\r][0xa3]]TF[0x8f][0xd1]Lz[0x82][0xe6][0xd1][0x93]TGO[0xd1]Bz[0x9a][0x96][0xd2]3d[0xd0][0xb3][0xb4][0x86][0x9e]#[0x9b]^[0xa0][0xb][0xe9]E[0xba][0x94]^[0xa2]+[0xe9]e[0xda]D[0xaf][0xd0]][0xf4][0x1a]=Ho[0xf0][0xee]7y[0xf5]mz[0x95][0xde][0xe1][0xf6]][0xfa][0x80][0xde][0xa3][0x8f][0xe9]}[0xda]C[0x1f][0xd2]g[0xf4][0x11]{[0xda][0xda][0x9b][0xff][0x8]8[0x15][0x82]][0xee];[0xfe]&gt;[0xee]A{[0xb8][0x8d][0xe7][0xd8]f[0xf2][0xd1][0x11][0xb6][0x12][0x1][0x98][0xf][0xca][0x2][0xfe][0xaa][0xf9][0xab][0xd9][0x8e][0xaf]{[0xd0][0xb7]W[0x13].[0xfa][0x2]#[0xe9]K[0xa6]$r[0xfb]o[0xcc][0x96][0x8d][0xb3]y?[0xe7][0xe7][0xd1][0xed][0xf0]t[0xb9]CN[0x9a][0xda][0x6][0xe]P]c[0xdf][0xb9]B[0xd5]^[0x89][0xe8][0x91][0xe3][0xf1][\r][0xc9][0x85][0xdd]r&amp;Y[0xe9][0xc9][0x19][0xd4]g[0xd0][0xc0][0x11][\r]x[0x2]^[0x97][0xd0][0xe8][0xd0][0x9a][0xfa],[0x99][0x86][0x2][0xf6]L[0x81][0xa6][0xe4][0xa1]@[0xf1][0xa2]D[0xf1]a[0xac][0xa2]b[0xb2][0xe2][0xc7][0xd1]J&gt;B[0x8a][0x86][0xe3][0x95][0x2]4*[0x85]8K[0x19][0xca][0xbb][0x92][0x7][0x5]E[0x19][0xce][0xed]99[0xb6]rvJ[0xd8][0x86]dA9[0xd9]M[0xba][0x1]h(%(RF1~[0xfc]G[0x95][0xdd][0xb8][0x81]g[0x1e][0xee][0xab]v[0xa2]vYyE7[0x16]6[\n]&quot;
2013-02-06 13:51:57,370 AAD-WS DEBUG wire:63 - &gt;&gt; &quot;[0x18]S[0xb3][0xc7]D[0xdb][0xcd][0xa5][0x92][0xeb][0xa1][0xd6]U[0x91][0x1b][0x9][0x99]Q:[0xa5][0x83][0xf3][0xd7]![0xc]pt[0x1c];:[0x1e][0xc3][0x95]#0F9[0x12][0x13][0x94][0x89](U&amp;a[0xa2]2[0x19]S[0x94]2[0x4][0x95] f)[0xe5][0xec][0xf4]TV[0xcc][0xae]YC&gt;b[0x3][0xbd][0xdc]_\[0xce][0xd8]7R[0xc8][0xd3][0x89][0xbc]\[0x84]|[0x9d][0x98][0xef]N[0xe][0xef][0x8d][0x11]s[0xb1][0x91]c:[0xbe]z=[0xc7][0xa5]KM[0x97][0x8d][0xa3][0xfa][0xc7]sQ[0xaf]0[0xf6]F[0xb][0x6]&lt;bs[0xc0][0xd3]7[0x96][0x15][0x89],{[0x94][0x9f]%[0xe5]\Z[0x82][0x91][0xec][0xd2],x[0x95][0xd9][0xf0]+s8~[0xc7]b[0xa4][0x12][0xc2]h[0xa5][\n]&quot;
2013-02-06 13:51:57,371 AAD-WS DEBUG wire:77 - &gt;&gt; &quot;G*s1C[0x99][0x87]*[0xe5]8,PN@[0x93]r&quot;NU[0xe6][0xe3]4&quot;
2013-02-06 13:51:57,371 AAD-WS DEBUG wire:63 - &gt;&gt; &quot;[0xe5]d[0x8e]c=L[0xa5][0x1]+[0x95]&amp;[0xac]Q[0x16][0xe2][0x1c][0xe5][0x14]X[0xca]b[0x9c][0xaf]4c[0xa3][0xb2][0x84][0x9d]][0xeb]Dv[0x1d][0x9e]r[0xa2]C|[0xbd][0xde][0x84][0xdf]A[0xfb][0x1f]PK[0x7][0x8][0x1c][0xd3][0xf1][0xd5][0xd1][\n]&quot;
2013-02-06 13:51:57,372 AAD-WS DEBUG wire:63 - &gt;&gt; &quot;[0x0][0x0][0x1][0x15][0x0][0x0]PK[0x3][0x4][0x14][0x0][0x8][0x0][0x8][0x0][0xd4]|D5[0x0][0x0][0x0][0x0][0x0][0x0][0x0][0x0][0x0][0x0][0x0][0x0][0x1a][0x0][0x0][0x0]javax/help/IndexView.class[0xad]Wiw[0x13]U[0x18]~[0xa6]M2[0xe9]0[0xb4]P[0x10][0x8]&quot;[0xc][0x8b][0x90]6M[0xa6][0x80]kRQhA[\n]&quot;
2013-02-06 13:51:57,372 AAD-WS DEBUG wire:63 - &gt;&gt; &quot;mYZ[0xab]EE&apos;[0xd3][0xdb]t0[0x9d][0x9]3[0x13][0xda][0xe2][0x8e][0xb][0x82];[0xee][0xb][0xe2][0x8e][0xbb]E[0xcf]I[0xc1][0x9e][0xa3]~[0xd2]s[0xfc]E~[0xf2][0xf8][0xde][0xc9]$$M[0xab][0xe0][0xf1]C[0xee][0xcc][0xbc][0xf7]y[0xf7][0xe5][0xde][0xfc][0xf1][0xd7]O?[0x3]H[0xe0][0xeb][0x6][0xb4]c@[0xc2]][0x18][0x94][0xb0][0x19]w[0x8b][0xb8]GB[0x0]C[0xfc][0xe3]P[0x18][0xf7]J[0xb4]}[0x9f][0x88][0xfb]%4[0xe0]p[0x18][0xf][0xf0][0xe7][0x83]|[0xd1]8O[0x9a][0xbf][0xa5]9F[0xe7][0xcb]p[0x18]L[0xc2][0x8]2&quot;F%,[0xc5]a[0x11][0x6][0x87][0x1d][0xe1][0xc4][0x87]Dd%,[0xc3][0x98][0x8]S[0x84][0x15]FN[0xc2]*[0x1c][\r][0xc3][0xe6][0xd4]t[0x18][0x8e][0x8]W[0xc2]:[0x1c][0xe6][0xa2][0xf2][0x9c]xL[0xc2]8&amp;[0x16]`[0x12][0xc7]E&lt;,![0x8a]G[0xf8][0xf2][0xa8][0x84][0xc7][0xf0]x[0x18]OH[0xb8][0x16]i[0xbe][0xfd]$_N[0x88]xJ[0xc4][0xd3][0x2][0x16]t[0x9b][0xc3]lb[0xbf]f;[0xcc][0x16] w[0x9b]&amp;[0xb3];[0xb3][0x9a][0xe3]0G[0xc0][0x92].6[0xa2][0xe5][0xb3][0xae][0x87][0xd9][0xa5][0xe9][0xae]eO[\n]&quot;
2013-02-06 13:51:57,373 AAD-WS DEBUG wire:63 - &gt;&gt; &quot;h[0xcc][0xe5][0xd3]YC[0xef][0xee][0xea]wm[0xc3][0xcc][0x8]h[0xee]9[0xa2][0x1d][0xd3][0xd4][0xac]ff[0xd4]&quot;-%`a[0xa7]e:[0xae]f[0xba][0x83]Z6[0xcf][0xc2]xF[0xc0][0xe2]j[0xc6][0x7][0x6][0xb7][0x84][0xf1],[0x91][0xc7]5[0xdb][0xa4][0xef]}#[0xbb]4#[0x9b][0xb7][0xb9]f[0xe1][0x90][0x80][0xe0]0K[0xe7]3[0xf5][0x14]z[0x8][0x8]u[0x18][0xa6][0xe1]n[0x13][0xb0]?[0xea]i[0x9b]PGY6[0xa7][0xee][0xa6][0xa5][0x9f][0xb9][0xa9]Z[0xb][0xe6][0xa3][0xe4]]#[0xab][0xee][0xd6][0x9c]QWKgY[0xaa]eP@[0xa0][0xd3][0x1a]f[0x2][0x9a]z[0xc][0x93][0xf5][0xe5][0xc7][0xd2][0xcc][0x1e][0xe0]{[0x2][0xd2][0xff][0x87][0xae][0x1e]K[0xd7]H[0xd1][0xbc][0xda][0x9b]t[0x9b]i.[0xeb][0xd3][0x8e][0x19][0x19][0x8d]&quot;,[0xa0][0xad]Fm/[0x19][0x98]M[0xb5][0x14]eh[0xe3][0xae][0xda]i[0x8d][0xe5],[0x93][0x99].EZ[0xce]0[0xb7][0x97][0xd9][0x19]60[0x99]#[0xa3][0x97]F[[0xe6][0xcc][0x7][0xa1][0xba]4W[0xdb][0xee][0xc][0xd8][0x8c]`1[0x1f]6[0xa1]:[0xe3][0x84]P][0xa2][0xaa]~[0xbe]{[0xf3][0x9e]y[0x1c][0xd8]G[0x9a][0x89];[0x98][0xe3][0x15]&quot;[0xe0][0xe1][0xa2]i[0xaa][0xc9]\[0xf5][0xae][0x83]=[0xa9][0xf9][0xe3]S[0xe3][0xbb][0x8f][0xe2]B[0xbb]]6[0xe6][0x97]S[0xea]j[0xac][0xb8]&amp;Z[0xeb][0x19][0xf][0xa1][0xa4][0xe9]:s[0x9c][\r][0xed][0xed][0xed][0x2][0xea][0xa3]-T&lt;[\r][0xfd][0x93][0xa6];[0xca]\C[0x17][0x10][0xee][0xd0][0xb3]~[0xf5][0xd0]&amp;[0xc7][0xf7][y[g[0xbb][0xc][0x9e][0xe4]F[0xaf][0xba][0x7][\r]6[0x9e][0xe0][0xc2]e[0xa4][0xd0]![0xe2][0xa4][0x8c][0xe7]pJ[0xc6][0xed][0xe8][0x14][0xb0][0xba][0xc2][0xfe]=[0xdc]M[0x8f][0xa5][0x9c]1[0x8e]:-c[0x17][0xee][0x14][0xb0][0xcc][0x83]&amp;84[0xb1]=[0x97]c[0xe6][0xb0][0x97][0x1a][0x19][0xcf][0xe3][0x5][0xb7][0xd2][0xfc][0x1d][0xf9][0x91][0x11][0xe6][0x9]8@[0xbd]8Z[0x8c][0xa0]b[0x98][0x8a][0x8c][0x17][0xf1][0x12]_^[0x96][0xf1][\n]&quot;
2013-02-06 13:51:57,373 AAD-WS DEBUG wire:63 - &gt;&gt; &quot;[0xee][0x94]q[0x1b]zd[0xbc][0x8a]3T[0xae][0xc3][0x94]F[0x11][0xaf][0xc9]x[0x1d]o[0x8][0xd8]t[0x85][0xf1][0xa3]B[0xa9]L[0x9d][0x8c]7[0xf1][0x96][0x8c][0xb7][0xf1][0x8e][0x80]E[0xb3][0xcd][0xe2][0x6][0xbd]K[0xfd][0x99][0xbe]sBg9[0xd7][0xb0]L*[0xd8][\n]&quot;
2013-02-06 13:51:57,374 AAD-WS DEBUG wire:63 - &gt;&gt; &quot;[0xaa]m[0xf3][0x82]]?`[[0xd4][0xda]L[0xa1][0x1a]s[0x89]]![0xf9][0x8a]k)^[0x98][0x14]nnJ[0xe1]&quot;{([0x17]y;[0xdb]6[0xea]$[0x15][0xea]q[0xca]h[0xb4]&quot;[0xb2][0xe5]&lt;l[0x98]c[0xec][0xc8][0xd8][0x83][0xbd]2[0xde][0xc3][0xfb]&quot;[0xce][0xca][0xf8][0x0][0xe7]D|([0xe3]#|,@[0x99]SH[0xc5]`[0xe3][0xba]?[0xe1][0x12]&gt;[0x15][0xf1][0x99][0x8c][0xcf]y[0xb0][0xd7][0x94]=Rt-[0x9f][0x19]u[0x95][0xf1]Q[0xaa][0x7][0x85][0x17]:wA[0xc6]y|![0xe3]K|E-5[0x97][0x2][0x1]+*[0xc8][0xe5]b(nu[0xc4]U[0xb5]?o*[0xbd][0x86]n[[0xce][0xa4]C[0x5][0xef]P8[0xf4][0x84][0xaa]v[\r]t){[0x88][0x91][0xd7][0x91][0x1f][0xa1]AF:[0xc9][0x90][0xcd][0x89]vU[0xdd][0xd9][0xf7]_[0xd9][0xb7][0x94][0xd8][0x9b]k[0xbb][0x92]:[0x82][0x92]S[0xec][0xc7][0x8a][0x19]Q[0xd9][0xa5][0x2][0xb6]V[\r][0x9e]*[0x97]j:[0xdd][0x1f]I[0xbc][0x9b]HpY[0xcb][0xb2][0xf2]X[0xa9][0x9a][0x9]4[0xc0]5[0xaf][0x1b][0xca][0xd3][0xad][0xba][0x89]kH[0xc5][0xc6]H[0xcd][0x82][0xef]K[0x1f]a[0xba][0xfb]O[0xf0][0xb0]k[0x95][0x8e]%&gt;[0xf1]([0xff][0xda][0x18]s)@[0x2][0x96]W9}y[0x8][0x97][0xea][0xbc][0x9a]L[0xed][0xa8][[0xa6][0xab][0x19][0xa6][0xb3][0x97]M[0xce][0x9a]=%;[0xe][0x15][0xb5][0xf8]^R[0xd5]S/[0x95][0xb4][0x94]F$[\r][0x9d][0xc][0x8f][0xcc][0xc6]q[0xc4]&apos;Q7[0xcd]5ckf^[0xa3]E[0xe1][0xa4]3[0xd6]$&amp;[0xaf]-W[0xce]R|y[0x8f]d*[0xba]5[0xa6]:yS[0xf5][0x10]^j[0x8c][0xb1]\V[0xbd]g,{[0x90]i[0xc3][0xde][0xd9]_&lt;[0x87]J[0x9f][0xad][0xd1][0xf9][0xa4][0xf9]j[0xc]K-bI[0xfc][0xca][0xf9][0x7]&lt;[0xbf]/[0x14][[0xaa][0xdf][0xd5]l[0x97]Q[0x5],[0x9e][0xe5] wgM[0xf4][0x1f][0xf][0x9]Bh[0xd1][0xd9]z[0xaf][0xec][0xf0][0xb9][0x9a][0x3][0xa6][0xb1]Z[0x3][0x9d]{z[0xd6][0xe2][0xe7][0xde]B[0x9b][0xe5],[0x9b][0x8e]Y[0xc7][0xd1]2[0x8c][0x97]ymV[0xe]q+e[0xdf][0xd9][0x9d][0xd4][0x99][0xe4][0xea]@[0xf4][0x8a][0xb5]_[0xb9][0x9d]XK[0x97][0xbe][0xcd]t-[\n]&quot;
2013-02-06 13:51:57,374 AAD-WS DEBUG wire:63 - &gt;&gt; &quot; [0x82][0x1b]q[0x13]][0x8f]n[0xa6][0xaf]:[0xdc]B[0xdf][0xb7]V|&apos;![0xf1][0xd3][0x8c][0xde]W[0xd2][0xf9][0xd1]Q[0xa6]o[0xa3][0x9b][0xa8]@3[0xf1][0xe]Z[0xb7][0x13][0xa5][0x15]![0x4][0xe9][0xd9][0xd8][0x1a]k[0x8b][0xc7][\n]&quot;
2013-02-06 13:51:57,375 AAD-WS DEBUG wire:63 - &gt;&gt; &quot;[0xa8][0x8b][0x4][0xa6]Q[0xc1][0xbb]x[0xed][0xa0]U&quot;[0x1e][0xd0][0xf8]\[0x88][0xbd][0x1e]_[0xa7][0xcf][0x17]%[0xbe][0x10]=e[0xce][0x17][0x9]D[0x82]sp[0xdd][0x8f][0x5]8L[0x94].[0xec][0xf4][0xb9][0xd6][0x91][0xdd]|G[0x9a]A`[0xa8]56[0x8d][0xe0]T[0x99]&apos;DO C+[0x9d][0xa6]&gt;~[0xb]=[0xeb]&lt;[0xeb][0xa6][0x11][0xea][0x89][0xfd][0x8e]P[0xb3]8[0x15][0xbb][0xcc][0xd3]L[0xf2][0x0][0x8b]&lt;[0xc8][0x91]_G![0xc3][0xa1][0x9d][0xdd][0xe8][0xf6][0xf9][0xff][0xa4][0x1d][0xee][0xdd]Tk[0x1][0xe1][0x9e][0x19]4[0xc]MCj^P [0xb3][0xb]XH[0xee]6[0xd2]k[0x1]M[0x17][0xb1][0x88][0x8][0x8b]{[0xdb]~[0xc3]&quot;[0xfa][0xad]hkn.`[0xc9][0xbb]h[0x9a][0xc1]Rb[0xb9]&amp;[0x19][0x88][0x4][0xa6]f[0xb0]l[0x88]X[0x96]{[0x9b]+~Ed[0x1a]+[0xfb][0xce]cm20[0x83]UC%[0xe1][0xd7][0x91][0xc4]H[0x80][0xa4][0x93][0xd8]i[0xac][0xfe][0xa5]D_C[0xf4]x[0x1][\n]&quot;
2013-02-06 13:51:57,375 AAD-WS DEBUG wire:63 - &gt;&gt; &quot;=[0x9a][0xd7][0xd2]R[0xa5]&lt;[0x1e][0xe3][0xa1][0x9f][0xc1]:[0x82][0xae][0xbf][0x88][\r]S^[0xd4][0x86]p[0x1f][0xdd][0xdc][0x8b][0x9e]&amp;([0x96][0xc0][0x9][0xf2][0xe6])[0x8a][0xe2][0xd3][0xd8][0x84][0x93][0x94][0xf3]S[0xe4][0xe5]iB[0xbe]D[0xd8][0x97][0x9][0xfd][\n]&quot;
2013-02-06 13:51:57,375 AAD-WS DEBUG wire:63 - &gt;&gt; &quot;[0x8e][0xe3][0xc][0xce][0xe1]5[0x8a][0xc6][0x1e]/c&lt;[\n]&quot;
2013-02-06 13:51:57,375 AAD-WS DEBUG wire:63 - &gt;&gt; &quot;g)J&quot;[0xcf][0x87][0x90][0xc][0x92][0x9b][0xd7]&apos;C[0x91][0xd0]ElL[0x6][0xe2][0xad][0x97][0xb0][0xa9][0xe]3[0x88][0xe][0xc5][0xa7][0xd1][0x12][0x9][0xc4][0xda][\n]&quot;
2013-02-06 13:51:57,376 AAD-WS DEBUG wire:63 - &gt;&gt; &quot;hM[0x6][0xb9][0xfd][0xb1][0xf3][0xd8][0x94][0xc][0xc5]K[0xe6][0xb7][0xf9]1[0x8b][0x84][\n]&quot;
2013-02-06 13:51:57,376 AAD-WS DEBUG wire:63 - &gt;&gt; &quot;[0x88][0x17][0xed][0xae][0xbf][0x84]D=[0xe2][0x91][0xe0]%[0xa8]u[0xe0]&amp;[0xd3][0x17][0x95]g[0xc9][0xe4][0x8d]d[0x4][0xf0][0x15]Q[0xbf][0xa1][0xb7]o[0xb1][0x8][0xdf]a9[0xbe][0xa7][0xd2][0x99]&quot;[0xdc][0x5]B[0xfe][0x80][0x1][0x14][0xa8]X[0xe8][0x82][0xe3][0x9b][0x1a][0xf1]RK[0xbf][0xb][0xd5]uQ[0x97]F[0x18][0xbd][0xe8][0xa3]j[0xe0][0xb0]U[0x1e][0x88][0xba][0xe0][0x7][0x8][0xdf][0xcc][0xaa][0xa0][0x4][0xf6]y{a[0xec][0xc7][0x1]_[0xec]u&gt;&gt;X[0xff]c[0x8d]h[0xfa][0xef]T[0x87][0x83]^s[0xf4]c[0xab]WTudc;[0x15][0x1f][0xff][0x9b][0xd5][0x8e][0x1b][0xd0][0xf0]7PK[0x7][0x8][0xb4]p[0xf7]_[0xb6][0x6][0x0][0x0][0x8][0xe][0x0][0x0]PK[0x3][0x4][0x14][0x0][0x8][0x0][0x8][0x0][0xd4]|D5[0x0][0x0][0x0][0x0][0x0][0x0][0x0][0x0][0x0][0x0][0x0][0x0]#[0x0][0x0][0x0]javax/help/MergeHelpUtilities.class[0xb5]WktTW[0x15][0xfe][0xe][0xf3][0xb8]3[0x97][0x9b][0x10][0x6][0x2][0x1d](0`h[0xf3][0x9a]L[\n]&quot;
2013-02-06 13:51:57,376 AAD-WS DEBUG wire:63 - &gt;&gt; &quot;}1[0x1][0xa4]M@b3[0xd3]J[0x2]1 mo&amp;7[0xc9][0xc0]&lt;[0xc2][0xcc][0x1d][0x9a]X[0xed][0xbb]&gt;[0xab][0xb6][0xf6][0x81]T[0xad]VmS)*[0x1][0xc][0xb1][0x94][0x87][0xd5][0x82][0xa2][0xf5][0xf5]C[0x97][0xba][0xba][0x96][0xfe][0xd2]e][0xae][0xa5]?[0xfc][0xa9]~[0xe7][0xde];[0xc9][0xcc]$[0xd5][0xa8][0xab]aq[0xce][0xbd][0xfb][0xec][0xb3][0xf7][0xfe][0xbe][0xbd][0xf7]9w[0xae][0xfc][0xe3][0x95][0xf3][0x0]Z[0xf0]3[0x15]~[0xec]Wp[0xa7][0x82][0xbb]T,[0xc0][0xdd]*\[0xd0]UT[0xa1]_[0xc5]:$Tl[0xc6][0x80][0x2][0xc3][0xcf]y[0xd0][0x87]![0xf9]&gt;[0xac] [0xe9][0xc3][0xe][0xb9][0xf3][0x80][0x8a][0x83]H)H[0xab]X[0x8c][0x8c][0x82][0xac][0x82][0x11][0x15]K[0xd1][0xef][0xc3]!9[0xe7][0xe4][0x90]W[0xb1][0x4][0xba][0xf];-%[0x1f]Li[0xb9][0xa0][0xe0][0xb0][0x8a][0xd5][0xb8]G[0xe][0xa3]R2[0xa6][0xe0][0x83][0xd2][0xfc][0xbd]*&gt;[0x84][0xf]K[0xc9]}r[0xed]~[0x15][0xf][0xe0]A[0x1f][0x1e][0x92][0xa6][0x1e][0x96][\n]&quot;
2013-02-06 13:51:57,377 AAD-WS DEBUG wire:63 - &gt;&gt; &quot;[0x8f][0xf8][0xf0][0xa8][0xf][0x1f][0x91][0x8f][0x1f]U[0xf1]1|\[0xe][0x9f][0x90][0xba][0x9f][0xf4][0xe3]1|[0xca][0x87]O[0xcb][0x97][0xcf][0xf8][0xf0][0xb8][0x8a]&apos;[0xf0]Y[0x1f][0x9e][0x94][0xef]OI[0xc]O[0xfb][0xf1][0xc][0x8e][0xf8][0xf0]9[0x15]G[0xf1][0xac][0x82][0xcf][0xb]x[0x6][0x8c][0xfe][0xc2][0x90][0x80][0xd8]+[0xb0]&amp;[0x91][0xd2][0xf3][0xf9][0xba][0x3][0xfa]a}[0xb4].O23Tg[0xe6][0xc][0xa3][0xae][0x87]C&lt;;`[0x8],[0xee][0x92][0x8b][0x91][0x94][0x9e][0x19][0x8a][0xb4]K[0xe5]6[0x1][0xf7]X[0xc6][0x1c]6[0xcc]dB[0xc0][0xbb]9[0x99]I[0x9a][[0x5]\[0xf5][\r]{[0x4][0xdc][0xed][0xd6][0xae]E][0xc9][0x8c][0x11]/[0xa4][0xfb][0x8d]\[0x8f][0xde][0x9f][0xa2]DM[0x1b][0xb9]![0xcb]f^`[0xa8][0xbe][0xc4]j[0xb7][0x99][0xa3][0xdf]6K2[0x1a][0xb1][0x82][0x88][0xc8] &quot;[0x1d][0xc6][0xa0]^H[0x99][0xb1][0x82])M[0x14]C[0x9a][0xbf][0xa2][0x8c]g[0xf1][0xb4][0xdb][0xf6][0xe1]dj gd[0x4][0xb6][0xfe]?[0xde][0xa5]Qm[0xc8]0c[0xd2]n[0xcf][0xd8][0x8][0xa1]m[0xa9][0x9f][0xff][0xee][0xd9][0x9e][0x5][0x16][0xd2][0x9c]\[0x8d][0xeb]iZ[0xab][0xe1][0x9b][0x15]ko[0xd2][0x1c][0xb6]E[0x83][0xf3]w0[0xdb]~[0xc3][0xbc][0xf7]2[0xb1][0xf4][0xdd][0x95]M[0xe8][0xa9][0xff][0x9]U[0xc1]L[0xa6]&quot;[0xf6]v[0xda][0xd2][0x12][0xd9][0xf4][0x88][0x9e][0xb3]P1[0xe5][0xbb][0xff]K[0xc][0xf3][0xf2][0xdb]I[0xf2][0x86][0xf5][0xc3][0xc6][0xf6]C[0x5]=[0xd5][0xd9][0xf1][0xe]ya[0x9f][0xf8][0xd3]z[0xee][0xa0]S[0xbc][0xef][0x88][0xf]VU[0xed][0x1c]e)[0xe5]^[0xbb]G[0x5][0xd6][0xcf][0xa5]0G{[0xfa]6&apos;RNS[0xaa][0xdd][0xd9]B.a[0xec]H[0xca][0x8c].[0xb7]jv[0xa7][0x91][0x1a][0xd9][0xcd]L%[0xcd][0xa4][0x91]o[0x91][0xbb]5|[0x1]}[0x2][0xa1][\n]&quot;
2013-02-06 13:51:57,377 AAD-WS DEBUG wire:63 - &gt;&gt; &quot;K[0xf1][0xac][0xb9]#[[0xc8][0xc]l[0x1f]M[0x18]#f2[0xcb][0xce]Y=[0xa3][0x12][0xcf]ZJ[0xc4]c+[0xe5]r[0xd9][0x9c][0x86]/[0xe2]9[\r][0xb7][0xa2]W[0xe][0xed][0x1a][0xbe][0x84]/kx/n[0xe3][0x81]Pa\[0xc3][0xbb][0xb1]M h[0x11][0xd4]b[0x11][0xd4]&quot;[0x9]j)R[0xa2][0xe1][0xfd]2[0xa8][0x9a][0x99]}[0xb7][0xf7][0x1f]0[0x12][0xa6][0x86][0xe7][0xf1][0x15][0x5]_[0xd5][0xf0]5[0xbc] [0xb0]df}:N[\r]/[0xa2]]`[0xc5][0xcc][0xd2][0xae]B[0xc6]L[0xa6][0x8d][0x12]$[0xcb]*[0x99][0xbc][0xb5]08h[0xe4][0x4][0x1a][0xda][0xb3][0x85][0xd4]@([0x93]5C[0x83][0xc9][0xcc]@([0x9b][0xb][0x19][0xa3]F[0xa2]`[0x1a][0xa1][0x99][0x13],4H[0xb1][0x86]q[0xbc][0xa4][0xe1][0xeb]xN[0xa0]u[0x1e][0xbb][0x8a][0x7][0x90][0xb3][0xf9][0x18]^v[0xc2][0x1f][0x8d][0xc]3&apos;[0x11][0x89][0xbc][0xd3]4[0xd2][0x92]1[0xb2]x\[0xe][0xdf][0xc0]7[0x5][0xae][0x9d]g[0x15]i[0xe8][0xc2]m[\n]&quot;
2013-02-06 13:51:57,378 AAD-WS DEBUG wire:63 - &gt;&gt; &quot;[0xbe][0xa5][0xe1][0x4]&amp;4[0x9c][0xc4])[\r][0xb7][0xe3][0xb4][0x82]ok[0x98][0xc4]i[0x16][0xc0]t[0xaf][0xc8][0xa6][0xc][0x85]Ci=o[0x1a][0xb9][0xa8]DrF[0xc3][0x16][0xf4][0x92][0x98]J[0x9d]|[0x8a][0x82]([0xaf][0x8b][0x90][0xb4]v[0x87][0x82])[\r][0xdf][0xc1]+[0x1a][0xce][0xe2]U[\r][0xe7]pQ[0xc1]k[0x1a][0xbe][0x87][0xef][0xb3]Kb[0xc5].[0xd1][0xf0]:.qO[0xbd][0x82][0xcb][0x1a]~ )[0x12][\r][0x1a]~(+c[0xb][0xb6]*[0xb8][0xa2][0xe1]G[0xf8][0xb1][0xc0][0xd2][0xd9]5[0x19][0x8a]*xC[0xc3]Od4[0xab]J[0xf8][0x99][0xad])[0xa0][0x90]K[0xfb][0x8c]T[0xad]39[0x9f][0xd7][0x87][0xf8][0xb2][0xb4]~[0xce][0x83][0xd6][0x9b][0xcc]w[0x19][0xfa][0xa0]uW[0xb1][0xa9][0x17]sK[0x87][0xc1][0xee][0xca][0x19][0x3]1[0xc3][0x1c][0xce][0xe][0x8]l[0x9b][0xa3][0xc7][0xf6][0xcd][0xea][0xb1]R[0xeb]9c0[0xc5][0xba][0x8c][0xd8][0x16][0xe8][0xe5][0xaa][0xb7][[0x93][0x1]d[0xe]g[0xf]2[0xc0]M[0xa5]n[0xec][0xc2].s[0xe3][0x88][0x1a]f[0x8b][0xd8]J#[0x8c][0xca][0xec]6[0xf5][0xc4][0xc1][0x9e][0x9c][0x9e][0xa0]5[0xaf]&gt;2bdh[0xbf][0xf9]?[0x9c][0x10][0xa5][0xa5].[0xf][\n]&quot;
2013-02-06 13:51:57,378 AAD-WS DEBUG wire:63 - &gt;&gt; &quot;3kK[0x4][0xaa][0xc8][0xc5][0xee][0xbc][0x91][0xb3][0xbd]T28[0xed][[0x91]W[0xd5]4[0xdf]VE[0xdf]B[0xed][0xd5][0xf5][0x9d]s\3%[0x17]KMe[0xc][0xc][0xda][0x90]E[0x96][0xaf]8[0xf7][0x8a][0xc0][0xf7][0xda]!Y[0x1e][0xd8][[0x19][0xd3]JZgI`[0xe5][0xb7]MM[0xa5][0xcc][0x8e][0xd0]i[0x94][\n]&quot;
2013-02-06 13:51:57,378 AAD-WS DEBUG wire:63 - &gt;&gt; &quot;f[0xe6]`[0xb7][0x82][0x99][0x80][0xb5]b[0x1a][0xa3]f[0xa4]=[0x9b]J[0xe9]f6g[0xdf][0xd3][0x9d][0x99][0xbc][0xa9]g$[0xe9][0xf5][0xf5][0xb3][0xe3]p,[0x96][0xed][0x93][0xac]9W![[0xf9][0xed]&gt;=[0xca]SF[0x9c][0x1e][0xe9][0x8c]7[0xda][0x2]9h[0x9d][0x99][0x8c][0x91][0xb3]j[0xcf][0xb0][0x18]+[0xb2]m7[0x86]&gt;R[0xd7][0xd9][0xd1][0xa6][0xe0][0xa7][0xac][0xe9]Yr[0x9a]H[0xb2]4[0x2]s5[0x84][0xa4]HvT[0xb7]A[0x8a][0x96][0x95][u[0xe4]E2[0xca][0xa5][0xac][0x1d]n[0xed]I[0x9a][0x92]h%_,[0x8a][0xd2]4[0x8f][0xf1]hI3k[0xd9][0x2][0xb5]km[0xef][0xc9]l[0xe4][0xe][0xbb]xs[0x86][0x9e]n+[0x1e][0xdf][0xe5]b[0x1a][0xb4]*&lt;[0xc5]c[0xba][0xba][0x1c][0xe][0xd6][0xf2][0x93][0xb6][0x8a][0x1f][0xf2][0xb][0xa0][0xca]s[0x84]O&gt;y[0x91]@[0xe0][0x16][0xc8][0xbf]*&gt;[0xf1][0xe6][0xe1][0xd8][0xc1][0xb7]U[0x9c][0x5]gO[0xe3][0x19]x&apos;[0xf8] [0xb0][0x9d][0xa3][0xd7][0x12][0xae][0xe3][0xe7][0xfc][0xe][0xbc][0xc7]Q}[0xb][0x1e][0xbe][0x3]G[0x9a]&apos;[0xa1][0x1c][0x85]{[0xa2]i[\n]&quot;
2013-02-06 13:51:57,379 AAD-WS DEBUG wire:63 - &gt;&gt; &quot;[0xbe]x[0xf8]2[0xf7][0xc6]=[0xe7][0xe0][0xef]s[0x9d][0x84]z[0x19][0x8b][0x2][0xb][0xa7][0xa0][0xf5][0x9d][0x82]:[0xe]/%[0xdd]}[0xee][0xb9][0xe5]Q[0xf]wU[0xf5][0xb9][0x9a][0xa8][0xd1][0xdc][0x1d]U[0xc2]S[0x10]Qw[0xd0][0x1d][0xa8][0xe]z&amp;[0xb1]([0xea][\r]zEP[0x99]DM[0xef]8[0xd6]G}A[0xdf]$[0x2]g[0xb1][0xa4][0xef],[0x96][0xf6][0x9d]Am`[0xd9]$[0x96][0x87][0xf9][0x12]W[0x9d]A[0xf0][0xc2][0x4][0xc3][0xec][0xc5]![0x98][0xfc]Ea[0x83][0x88][0xa2][0x9a]c+[0x14]\G[0xe]6[0x12][0xf9][0xf5]\[0xbb][0x81][0xbf]&lt;6[0xa1][0x93],[0xf5][0x92][0x9d][0xfd][0xe4]f[0x98][0xec][0x1c]&quot;;&amp;y[0xb9][0x97][0xcc]&lt;C[0xc8]~[0xec][0xa4][0x8e][\r][0xfc][\r][0x2][0xf7]q[0x1e]k*[0x1][0x1e]k[0x96][0xc0]c[0xee][0x3]&lt;[0xea]v;[0x0][0xa3][0xde]f[0x82][0x8b][0x87][0x3]+[0x82]n[0x9][0xcd][0x13][0xf4][0x88][0xa0][0xb7][0x8]M[0x91](W[0x96]B[0xbb][0x9a][0xb0][0x9a][0xcb][0xa1][0xb5][0xa1][0x1b]{*[0xa0][0xbd][0x8f][0xd0]v1[0xb4][0x1e]B[0xdb][0xcd][0xb5]=[0x84][0xd6]G[0xb0][0xfb][0xa8][0xbd][0x9f][0xa0][0xee][0xe4]5y[0x17][0xf7][0xdd][0xcd][0x15][0x9d][0x92]~[0x8c]b[0x90]e[0xc1][0xcf][\r][0x7][0xda]M[0x9c][0x17]p^[0xd2]8[0x89]U[0x17][0xb1][0xba][0xab][0x89][0xa8][0xc4][0x9][0x2]]sb[0xba][0x18][0x2]ps[0xcc][0xd2][0xd1][0x8]42U[0x8d]&lt;[0xf9][0xe9][0x9a]6[0xb2][0xdd]1[0x12]l[0xb4]6[0xcf]2[0x15][0x9a]1[0xb5][0x82][0x95][0x5][0xdc]G[0x83][0xf7][0xf3][0xe9]A[0x9a]z[0x88][0xe6][0x1f][0xe6][0xcf][0xb8]Gi2[0x86][0xb8]c[0xf2][0x0][\r]z8o[0x10]1[0x11]w[0xdd][0xe8][0x1e]G[0xa8][0xb1][0x96][0xd4][0xad][0xbd][0x88]u1r[0xf9].[0x9a][0xad];[\n]&quot;
2013-02-06 13:51:57,379 AAD-WS DEBUG wire:63 - &gt;&gt; &quot;_s|[0x1c][0x8b][0x1e]q[0x8b]Z7[0xbd][0xae][0xfe][0x9f]o[0x86]g|]cU[0xeb][0xe3][0xb4][0xf4][0x4][0xfd]=I[0xdc]O[0xd1][0xcf][0xd3]X[0xc3][0x4][0xaf][0xc5][0x11][0xd4]Q[0xd6][0x8a]g[0xa9][0xc5];[0xdb][0xf1][0x1b][0xe3][0xec][0x92]m![0xba][0x1c][0x18][0xb1][0xe6]Kt3[0x89]k$[0x1e]e[\n]&quot;
2013-02-06 13:51:57,379 AAD-WS DEBUG wire:77 - &gt;&gt; &quot;[0xd7]v5[0xcd][0xb8]X[0xcd][0x4][0x0]/[0xd0][0xc5][0x8b]4?N8/1[0x5][0xc7][0xb0][0x1c]/c%[0xbf]L[0xfc]L[0xd1].[0xc7][0xf4][0x4][\r]K[0xed]t[0xd1]p1[0xd9][0xf5]v[0xb2][0x1b][0x98][0xec])46[0xd9][0xab][0xf1][0xe2]j[0x93]][0xe5][0xce]*[0xf5]B[0xb2]G[0x18]J[0xa0]9[0xea][0xe][0xcb]W[0x16][0x93][0xfd][0xea]i[0x9c][0x2][0x9b][0xa8]EvN[0xd0]-[0x9b](r|:[0xd4][\r]L[0x1d][0xf8]A[0xe2][0xc3][0xab][0xc][0xfb][0x1c][0xd9]9[0xcf][0x16][0xb8][0xc8][0x92][0xff].[0xcb][0xfd]5&amp;[0xf3]u[0x6]{[0x89][0x95]r[0x19]{q[0x5][0x9]~|[0xf8]Y;=N[0xf8]g[0x9]R[0xe6].Q[0xc][0xbf][0x18](Cj[0xbd][0x8c][0xea][0xb0]5y[0xdc][0xc7]][0xc7][0x9d]G[0xd7]q[0xb9]d[0x5][0xd9][0xca] [0xdd][0xa7]q[0x1d][0x9b]$[0xe8][0xb1]fK[0xb1][0xf8][0xcc]&apos;[0xb9]j[0xbd]2[0xaf]3A[0xef]`Q[0x3][0xbf]d[0xd0][0xbf]B[\r]~M^[0xc3][0xe0][0x8b][0x10][0xde][0xe4][0xe1][0xf4];4[0xe0][0xf7]h[0xc2][0x1f]X[0xf2]d)[0xff][0x89][0xbd][0xfc][0x16][0xc1][0xfc][0x99][0x9d][0xfb][0x17][0x2][0xfa]+[0xc3][0xff][0x1b][0x1b][0xe3][0xef][0x4][0xb2][0x9b][0xc0], b[0x19][0xf3] [0x81][0xfc]&quot;[0xb0][0x81][0x84][0xce][0x81]f[0xa3][0x15][0xf2][0xc6][0xa8]G[0x92]}[0x9][0xe1]f&apos;[0x15][0xf2][0x95][0xc9][0x8]\[0xcf]A[0xb6][0xf1][\r][0xf2][0xe5]F[0xbb]K&apos;q[0xd3]8[0xb3]3?[0xcd][0xb0]m7[0xec]h[0x87]K[0xb5]=s[0xd9][0x9d][0xa7][0xe6]Dy[0xb2][0x5][H[0xb8]P%[0xdc][0xa8][0x15][0x1e][0xac][0x14]^[0xac][0x15]&gt;[0xd4][0xb]?v[0x89][0x85][0x18][0x13]Ux@T[0xe3][0x98][0xa8][0xc1][0xcf]E[0xc0][0xba]-z[0x9d]do#G[0xf2][0x2][0x8][0x9d][0xc4][0xcd]Gq[0xf5]Il*[0x96]c[0x94][0xde][0x1a][0x8b][0x1e][0xdb]&quot;
2013-02-06 13:51:57,380 AAD-WS DEBUG wire:63 - &gt;&gt; &quot;f&lt;V[0xcb][0xb6]![0xb7]^[0xb1][0x1c]kD[0x90][0x19][0xe3]o[0x13][0x96]L[0x87][0x15][0x8d][0xcb]:[0x1f][0x2][0xac]Oq[0xa2][0xeb],\}[0xa4][0xdb]}[0x6][0x9e][0xb][0xf6][0xdd][0xc3][0xb][0xca].[0x9e]M[0xce]][0xe5]c)[0x96][0xde]T[0xf2][0xcf][0xe3]:[0x85][0x9b]+n*[0xb1][0x94][0x6][0xf6]Y[0x97][0xde][0x7]p[0x81][0xb3]J[0xe9]c[0xac][0xec][0xf3][0x8][0xfe][0xb]PK[0x7][0x8][0xb5][0xcb][0x96][0xec][0xd9][0x8][0x0][0x0][0xd8][0x12][0x0][0x0]PK[0x3][0x4][0x14][0x0][0x8][0x0][0x8][0x0][0xd4]|D5[0x0][0x0][0x0][0x0][0x0][0x0][0x0][0x0][0x0][0x0][0x0][0x0]&quot;[0x0][0x0][0x0]javax/help/JHelpTOCNavigator.class[0xa5]TMs[0x1b]E[0x10]}c}[0xec]zY;F[0xb1][0x8d][0x9d][0xc4]q@[0xd8][0xc8][0x92][0xe3]u[0x8]_[0x89][0x9d][0x4][0xa2]$X[0x89]-[0x9b][0xd8][0x12]8|[0x8e][0xa4][0x91][0xbc][0xa9][0xd5]J[0xac]v[0x15]s[0x87]#\!7~@[0xe]p[0x91]S[0xa4][0x8a]*[0xae][0xfc]([0x8a][0x9e][0x95][0xbc]QV29pP[0xf7]LO[0xbf]7[0xdd]oz[0xf5][0xf7]?[0xfc][0x9]`[0x5]5[\r]sxW[0xc1]{[0xd2][0xbf][0xaf]a[0x4][0x1f][0xc8][0xd5][0x15][0x15]W5[0x9c][0xc3][0x9a][0x86]u\[0xd3]p[0x1d]7T|(#[0x1f][0xa9][0xb8][0xa9] [0xab]a[0xc][0xb7]T[0xdc][0x96][0xfe][0x8e]4[0x1f]K[0xb3]!3r[0x1a][0xee][0xe2]^[0xb0][0xda]T[0xb1][0xa5]&quot;/[0xf7][0xdb]*v|[0xaf][0xe0][0x13][0x5][0xf7][0x19]b[0x15]Q[0xf2]j[0xc][0xec][0x1][0xc3]X[0xb6]a[0xb7]\n[0xbb]Eny&quot;B[0xd5][0x81]![0xbe]n[0xda][0xa6]{[0x9d]a.[0xb5][0xf9][0x90][0xb7][0xf9][0xa1]q [0xac][0xa6][0x91][0xe7]m[0xb3][0xc6][0xdd][0x86]S4[0xc5][0xa3][0xb5][0xa5]&quot;C4[0xdb][0xa8][0x8][0x86]S[0x9b][0xa6]-[0xf2]^[0xbd]$[0x9c]=^[0xb2](r[0xf9]?[0x80][0xfd]&apos;[0x1b]d[0xb6][0x88][0xc3][0xf2][0xe9]r[0xa9][0xf0][0xd9][0xae]p[0xbb][0xf9][0x86][0xc5][0xed][0x9a][0xb1][0xeb]:[0xa6]];1b[0xb][0xd7]([0xdc][0xdf][0xf4][0xb9][0xb4][0xdb][0x87]e[0xd1]tMjO[0xc1].[0x83]^[0x13]n![0x97][0xb5]x[0xab][0x95][0xbb][0xc5]0[0x99]Z[0x1a]daP[0xcb][0xdc][0xde][0x12]NM[0xbc][0xa4]wR.V[0xef][0xe6][0xc5][0x1d]Qo[0xb4]i[0xa1][0x8a][0xc3]&amp;[0xb7]+[0x92]}*5H[0xee][0x17]UnX[0x16]o[0xb6][0x84]L[0xd2]v[0x1b][0x9e]S[0x16]wL)[0xd8][0xf4]][0xd9][0xee][0xde]v6[0xb8]hE2[0xe8]x[0x3][0x8b][0xc][0x89][0xbe]J(G[0xd6][0xa0]c[0xf][0x5]y\[0x94]&amp;I9a[0x82]BN[0xc7][0xa7][0xc8]([0xf8]L[0xc7][0xbe][0xf4][0xf]t|[0x8e]/[0x18][0xc6][0x8f][0x9b][0xbc]z[0xc1]u&lt;[0xa1][0xe3]&lt;.[0xd1]#&gt;[0x8f]V[0xb9][0xd5][0x92]5[0x85]{[0xb8][0xe9]U[0xab][0xc2][0x91][0xf7]}[0xc9][0xa0][0xd4][0xbb][0xc9]:[0xbe][0xc2][0xd7][0xd2]|[0xa3][0x83]#[0xa3][0xa3][0x84][0xb2][0x82][0x8a]Nc[0x9e][0xd4]a[0xc8][0xd2][0xe2]]eh[0xe2]([[0xa0]*u[0xee][0x9][0xc1]p[0xae][0xaf][0xb7][0x1][0x11][0x18]f[0xc3][0xc7]}g[0xa9][0xbe][0xb3][0x9c][0xdd][0xe6][0x96]Yy[0xe1][0x9d][0x82][0x11][0xa0][0xe7]/;[0x82][0xbb]b[0x87];[0xbc][0xde]bXH[0x85]&amp;[0xa6][0xbb][0xf5]\[0xd3]26x[0xeb][0xc0][0x95]cL[0xf3][0xb0][0xf3]?&apos;2D(g`[0x82][0x6]1[0xa8]2[0xcf][0xeb]$[0xc1][0xcc]I[0x83]F*[0xfb][0xd9]2i&quot;|[0x85][0xd4][0xf5][[0x8f][0x9e]*4o[0xdb][0xa5][0x87][0xa2][0xec][0xfa]3[0x1a]I[0xc9][0x1b][0xe3][0xbc][0xd9][0x14]R[0xfe][0xe5]ac9[0x10][0xea][0xbe][0xf2]Z([0xfd][0x98][0xf5][0xe4]t[0xd5]m[0x1c][0x17][0x16][0xf3]?6[0x86]d[0xef]+[0xeb][0xf5][0xd6][0xb4]x[0xd5]x[0xe1][\r][0xb]9[0x2][0xce][0xbf]$[0x85]f[0xbb]j:b[0xc7]i4[0x85][0xe3]~[0x97]=[0xa0][0xcb]I[0x90]+C[0xba][0x19],xH[0xb]E[0xbc]N[0x87]s[0xfe]_[0xdd][0x19][0x1a][0xfe]y[0xf2][0x17]h7Bq[0x8d][0xd6][0xf4]9[0x91]}[0x93]&quot;ID([\n]&quot;
2013-02-06 13:51:57,382 AAD-WS DEBUG wire:63 - &gt;&gt; &quot;([0xe9][0xc];[0x2][0xfb][0xdd][0x87],[0x90][0xd5][0xfc][0xb0][0x81]8V}[0xc0]b[0x1f] [0xd2][0x5],[0xf][0x1][0xac][0x13][0xe0][0x9a][0xf]x[0x8b][0xf6][0x12][0xb0][\n]&quot;
2013-02-06 13:51:57,383 AAD-WS DEBUG wire:63 - &gt;&gt; &quot;[0x5]1[0xf2][0x93][0xe9]g[0x18][0xd9][0xcf],_[0x9c][0x8d]&gt;E[0xe4][0x8][0xd1]#[0xc4][0xc2][0xe8]&lt;Nc[0x1b])ZE)[0xbe]D[0xbf]42[0xbd][0x8b][0xcf][0x92]g[0xe4]#[0x89][0xf8]o[0x1],[0xee][0x87][0x8a]d[0x97]q[0xb1][0x97]x[0x8f][0xa8]$Y2[0xf3][0x17]F[0x1e]c&amp;[0xdd][0x81][0x92][0xe9]@[0xed]`[0xf4]1[0xb4][0x84][0xf6][0x14][0xaf]D[0x9f]$tr[0x91]&apos;[0x1][0xd1][0xb4]_c[0x9]S[0xa8][0x90]b[0x82][0xd4][0xab][0x91]V[0x7]t[0xba][0x12]hu[0xa3]G&lt;[0xff][0xc]c[0xfb]G[0x18]O[0x9c][0xea]`[0x82][0x98]_[0xed] Alt[0xcf]i[0xda]M&gt;oj[0xdc]W[0xca]#[0xf2]6=[0xc2]#[0x8a][0x1a][0x1][0xd9]B[0x8f]l[0x94]`S[0x4][0x9b][0xe]k[0xf1]=T[0xfc]@[0x91]U\[0xea]A[0x16]I[0x15]y[0xa2][0xa5][0x13][0xaf]%f[0x8]3[0x1b][0xc6][0xfc][0x88]Q[0xfc]D[0x91][0xb7][0x87]a[0xce][0xf8][0x98][0xb3]a[0xcc][0xcf][0x84][0xf9][0x85][0xd6][0xe7][0x3][0xcc][0xac][0x9f][0x81][0xfe][0xc7][0xed][0xea][0xfc]+[0xd9][0xcb][0xfe][0x18][0xbd][0xf3]/PK[0x7][0x8]c[0x91][0xd3][0xf][0xbe][0x3][0x0][0x0][0xe9][0x7][0x0][0x0]PK[0x3][0x4][0x14][0x0][0x8][0x0][0x8][0x0][0xd4]|D5[0x0][0x0][0x0][0x0][0x0][0x0][0x0][0x0][0x0][0x0][0x0][0x0][0x18][0x0][0x0][0x0]javax/help/TOCItem.class[0x95]R[0xcb]N[0xdb]P[0x10]=[0xe3]811N @[\n]&quot;
2013-02-06 13:51:57,383 AAD-WS DEBUG wire:63 - &gt;&gt; &quot;[0xe1]My[0x19][0xa7]`[0xd6]$[0x85]J[0x89][0x0]K[0x81],[0x82][0xba]7[0xe1][\n]&quot;
2013-02-06 13:51:57,384 AAD-WS DEBUG wire:63 - &gt;&gt; &quot;[0x8c][0x9c][0x4]%[0xe][0xea]g[0xb5][0x12]-R[0x17],Y[0xf0]QU[0xe7][0x1a][0xb]Qb[0x8a][0xd8][0xcc][0xcc]=[0x9e]s[0xe6][0xe1]y[0xf8][0xf3][0xfb][0xe][0xc0][0x16][0xd6]uh[0x98]L#[0x85])[0x19][0x15][0xd2]HcZ[0xe7][0xe7][0x8c][0x86]Y[\r]s[0x4][0xcd]k[0xb9][0xe7][0xc2][0xa9]jX (N[0x95]`8[0xed][0xb6][0xe8]V|[0xb7][0xd7][0x13]=[0xc2]x[0xed][0xd2][0xbd]v[0xbf][0xd9][0x17][0xc2][0xbf][0xb2][0x8f][0xdc][0xab][0x15][0xa7]Z&quot;[0xa4][0xca]^[0xdb][0xb]v[0x9]u3[0xe6][0xfb][0x1b][0xd0]![0x9b][0x86][0x8][0x1e]1[0xbb][0x1f]x[0xbe]][0xeb]4]_[0x94]6[0xbe][0x12][0xd4]J[0xe7]L[0x10]Fj^[[0x1c][0xf7][[0xa7][0xa2]{[0xe2][0x9e][0xfa][0x8c][0x94][0xde]Sj@6aJ[0xab][0x9f][0x8b][0xc0]y[0x9c][0x98][0x90]77b[0x87][0xd3][0x1b][0x9d]~[0xb7])[0xf6]=Y[0xd5]8[0xa9]W[0x9c]@[0xb4][0xb6]d[0xa6][0x81][0xc][0x16][\r][0xc][0xc1][0x90][0xd1][0x92][0x81][0x8f]X6[0xb0][0x82]U[0xc2][0xd8]3[0xa5][0x88][0xc2][0xcb]{[0xe]v[0x85][0x90][0xa8][0x86]5Bn[0xa0].[0xa1][0xfc][0xd6]|[0xff][0xdf][0x9b][0xf9]*} U[0xb9][0xe0][0x1f];[0x11]&apos;[0xcd][0xc3][0xf7]D[0x10][0xbd][0x8][0x93]f\[0x92][0x94][0xc8][0xfe][[0xb]K|T[0x1a][0xdf][0x1c][0x8b][0xcb][0xf5]p[0xa4]r[0x9c]A[0x96][0xed]Hx[0x8b]*[0x92][0xec][0xb3]Vq[0xb3][0xa0][0xde][0x82][0xac]O?[0xa1][0xfc][0x8][0x19][0xa3][0x12]G&quot;[0xcc][0x1a][0x82][0xcd][0xac][0xed][0x90][0x9b][0x8b][0xb8][0x7][0xfc]Mrg[0x98]{[0x8b][0x4][0xed][0xa8][0xc5]{[0xc][[0xc5][0x1b][0xa8][0xbf][0x90]|!4[0xcd][0x8d][0x0];lK|[0xec]e[0x96][0xf9][0x8c]&lt;[0xf6][0x18][0xff][0x12][0x8a][0x8e]E[0xa2][0x9b]a[0x83]@[0xc6]&quot;&quot;[0xd9][0xf][0xc5][0xf4]s[0xc0]3[0x1d][0xf2]4[0xe][0xa3][0xe3][0x98][0x88][0xa8]s[0xec]%5i[0xdd]@[0xf9][0xfe]DI[0x85]`[0x9d][0x17][0x90]g[0xaf][0xe0][0x3][0x86][0xd9][0xeb][0x8c][0xa6]1[0xcf][0xbe][0xf0][0x17]PK[0x7][0x8][0x9b][0x8a]&lt;:[0xbc][0x1][0x0][0x0][0x97][0x3][0x0][0x0]PK[0x3][0x4][0x14][0x0][0x8][0x0][0x8][0x0][0xd4]|D5[0x0][0x0][0x0][0x0][0x0][0x0][0x0][0x0][0x0][0x0][0x0][0x0]$[0x0][0x0][0x0]javax/help/JHelpIndexNavigator.class[0xa5]T[w[0x13]U[0x14][0xfe]Ns[0x99][0xe9]8@M/[0x10][\n]&quot;
2013-02-06 13:51:57,384 AAD-WS DEBUG wire:63 - &gt;&gt; &quot;[0xb4][0xb5][0x14]si;([0x82][0x96]&quot;([0x1]lj[&quot;%[0xd1][0xa2][0x88]&apos;[0xc9]I:[0xac][0xc9][0xcc]0[0x99][0xd4][0xfa][0xa2][0x8f][0xfa][0xa8]o[0xf0][0x1f]x[0x90][0x97][0x94]%k[0xb9][0x96][0xaf][0xfe]([0x97][0xfb]LBV:I[0xe5][0xc1][0x87][0xd9][0xfb][0x9c]}[0xf6][0xf7][0x9d]};[0xf3][0xf7]?[0xfc][0x9]`[0x19][0x15][\r][0xd3][0xb8][0xa4][0xe0][0x3][0xa9]/k[0x18][0xc1][0x15][0xb9][0xfa]P[0xc5]G[0x1a]NcE[0xc3]U[0xac]j[0xb8][0x86][0x8f][0x15]\[0xd7][0xa0][0xe1][0x86][0x8a]O[0xa4][0xfe]T[0x8a][0x9b]R[0xe4][0xa4][0xe3]-)nk[0xb8][0x83][0xcf]z[0xab]5[0x15]y[0x15][0xeb]r[0xff][0xb9][0x8a][0x8d]@+[0xd8]T[0xb0][0xc5][0x10][0xab][0x8a]r[0xab][0xce][0xc0][0x1e]0[0x1c][0xcb]9v[0xd3][0xe7][0xb6]_[0xe2]VKD(.0[0xc4][0xaf][0x99][0xb6][0xe9]_g8[0x9b][0xda]x[0xcc][0xf7][0xf8][0xbe][0xb1]+,[0xd7][0xd8][0xe2]{f[0x9d][0xfb][0x8e]W2[0xc5][0xf7][0xab][0xe9][0x12]C4[0xe7]T[0x5][0xc3][0x89][\r][0xd3][0x16][[0xad]FYx[0xf7]y[0xd9]&quot;[0xcb][0xa5][0xff][0x0][0xf6][0x9f][0xac][0x91][0xd8]$[0xe]+[0xa0][0xcb][0xa7][0xc2]g[0xdb][0xc2][0xef][0xf8][0x1b][0x16][0xb7][0xeb][0xc6][0xb6][0xef][0x99]v[0xfd]H[0x8b]-|[0xa3]xo#[0xe0][0xd2]n[0xef]W[0x84][0xeb][0x9b][0x94][0x9e][0x82][0xbb][0xc]z][0xf8][0xc5]|[0xce][0xe2][0xcd]f[0xfe][0x16][0xc3]D*=[0xc8][0xc2][0xa0]V[0xb8][0xbd])[0xbc][0xba]xC[0xee]T[0xb9]X[0xa3][0xe3][0x17][0xf7]D[0xc3][0xd9][0xa3][0x85]*[0xf6]]nW%[0xfb]dj[0x90]&lt;[0x8][0xaa][0xe2]X[0x16]w[0x9b]B:i[0xdb]N[0xcb][0xab][0x88];[0xa6],[0xd8][0xa9]u[0x99]n[0xde][0xae][0x8a][0xfd][0xde]U[0xcb][0x92]C[0xc7],[0xce]S[0xbc]}[0xb1][0x4]^2[0xe][0x1d][0x5]|![0x1d][0xee]I1G^[0x83]$[0xc5][0xbc][0x8e]m[0xa4][0x15][0xdc][0xd7]Q[0x94][0xba][0xa4][0xe3]K|[0xc5]0[0x15][0x8e][0xf0]f[0xab]V[0x13][0x9e]d[0xda][0xa1][0xe0][0x82][0xec]f[0x9d][0xda][0xd5]Y[0x1d][0xf][0xf0][0xb5][0x14][0xdf][0xe8]x[0x88][0xb4][0x8e]30t|[0x8b]G[\n]&quot;
2013-02-06 13:51:57,384 AAD-WS DEBUG wire:63 - &gt;&gt; &quot;[0xbe][0xd3][0xb1][0x88]9[0x1d]K[0xf2][0xf2]x&apos;[0x9a]+[0x82]p[0x94]e5[0xbb][0xe9]2[0x9c][0xeb][0x8b]H[0xaa][0xc][0xc9][0xb0]C[0xdf]Y[0xea]P[0xf2]{[0xdc]2[0xab][0x87][0xfa][0xd1]k5[0xb5][0xb9][0xe2][0x9][0xee][0x8b][0x2][0xf7]x[0xa3][0xc9][0xb0][0x90][\n]&quot;
2013-02-06 13:51:57,385 AAD-WS DEBUG wire:63 - &gt;&gt; &quot;MFg[0xdb][0xf2]M[0xcb]X[0xe3][0xcd]]_[0x8e]+[0xf5][0xbd][0xf0]?&apos;/D({=F[0x3][0xd7][0x8b]r[0x8b]7d[0x93][0x8f][0x1a]([0x6]%[0xf0][0x96]Nc[0xe1]+de[0x9f][0xb4][0xb8][0xd5][0xc][0xcd][0xd5][0xdd][0xf2]cQ[0xf1][0x83]Y[0x8c][0xa4][0xe4][0x8d]q[0xee][0xba]B6`q[0xd8][0xf8][\r][0x98]:[0xfd]^[\r][0xb9][0xbf]f=[0xda]][0xf5][0x9d][0xd7][0x81][0xc5][0x82]G[0xc5]0[0xdf]}M[0xdd][0xdc]\[0x8b][0xd7][0x8c]C=,[0xe6][0x9]8[0xf3][0x6][0x17][0x86]D[0xcd][0xf4]D[0xc1]s\[0xe1][0xf9]?[0xe4]v[0xe9]r*[0xc8][0xca][0x90]l[0x6][0x3][0x1e][0x92]B[0x9]s[0xf4][0xdb][0x9b][0xe]~i[0xa7]ij[0xcf][0x92]&gt;G[0xbb][0x11][0xcc][0xd0][0xaf][0x93][0xc9]&apos;C[0xf2][0x1d][0xb2][0xcc]#BV@[0xc9]d[0xd9][0x1][0xd8][0x8b][0x0]2OR[0xb][0xcc]Y[0xc4]i[0xce]%[0xe0]|[0x1f] [0xd2][0x1],[0xe][0x1]\&amp;[0xc0][0x95][0x0][0xb0]@{[0x9][0xb8][0x8][0x5]1[0xd2][0x13][0x99]W[0x18][0xd9][0xc9]..%[0xa3]/[0x11]9@[0xf4][0x0][0xb1]0:[0x8f]q[0xac][0xe3][0x2][0xad][0xa2]d[0x97][0xbe][0x14][0xd2][0xdd][0x8b][0xa7]I3[0xd2][0x91]D[0xfc][0xf7][0x1e],[0x1e][0x98][\n]&quot;
2013-02-06 13:51:57,385 AAD-WS DEBUG wire:63 - &gt;&gt; &quot;$3[0x14]k[0xc7]q[0x85][0xa8]$Y2[0xfb][0x17]F[0x9e]a&lt;[0xd3][0x86][0x92]mCmc[0xf4][0x19]b[0xd1][0xe7][0x91][0xe7]=[0xf8][0xf1] [0x95][0x87][0x98][0xc4]#[0x9c][0xa4][0x97][0xcb][0xe4][0xa3][0xee][0xd2][0xdc][0xe8][0xd2][0xcc][0xbc][0x82][0xb6]s[0x80][0xb7][0x12]z[0x1b][0xc7][0x88][0xe7]x[0x1b]&apos;^b[0x8c]X[0xdf][0xa6]][0xe2]E[0x88][0xcc][0xc1][0x14]\*[0xf6][0x13][0xb2].[0xf5][0xc8][0x16][0xba]d[0xa3][0x4][0x1b]&apos;[0xd8]D8[0xf3][0x1f][0xa1][0xe2]&apos;[0xb2],[0xc3][0xe8]B.P[\r][0xe4][0x89][0x96]IL&amp;[0xa6][0x8]s2[0x8c][0xf9][0x19][0xa3][0xf8][0x85],[0x17][0x87]aN[0x5][0x98]d[0x18][0xf3]+a~[0xa3][0xf5][0x99][0x1e]&amp;[0x19]x[0xa0][0xbf][0x95][0x9d][0xaa]&gt;%[0xf9]^04[0xef][0xff][0xb]PK[0x7][0x8][0xa1][0x4](H[0xa1][0x3][0x0][0x0][0xb9][0x7][0x0][0x0]PK[0x3][0x4][0x14][0x0][0x8][0x0][0x8][0x0][0xd4]|D5[0x0][0x0][0x0][0x0][0x0][0x0][0x0][0x0][0x0][0x0][0x0][0x0][0x1a][0x0][0x0][0x0]javax/help/IndexItem.classuQKK[0x2]a[0x14]=W[0xcd][0xf1]1i[0xe6]+{[0x12][0xb8]0[0xa7]t[0xd3][0x3][0xd2][0xa2]P[0xa2][0x1]s[0xa3][0xb4][0x1f][0xf5][0x3]&apos;[0xc6]Q[0x9c]1[0xfc][A$[0xb4]h[0xd9][0xa2][0x1f][0x15][0xdd][0xcf][0xa4][0xc]m&gt;8[0xdc][0xef][0xcc]=[0xe7][0xdc][0xb9][0xf3][0xf1][0xf9][0xfa][0x6][0xa0][0x80][0xbd][0x10][0xfc]X[0x97][0x10][0xf]&quot;[0x80]D[0x8]+H*H)H[0x13][0xfc]e[0xd3]6[0xdd]K[0x5][0x19][0x82]G[0xaf][0x12]T[0xdd][0xb6][0xc5][0xb0]b[0x19][0x8e]#[0x1c]B9W{0[0x1e][0x8d]q[0xb1]+[0xac]A[0xf1][0xce][0x18]d[0xf5]ji[0x9e][0xba]eh[0x8][0xf7][0x9b]+[0x8e]\[0xd3]*[0xd6][0xfa]m[0xc3][0x12][0xa5][0x83]{[0x82][0xaf][0xd2][0xef][0x8]B[0xb4]f[0xda][0xa2]&gt;[0xea][0xb5][0xc4][0xb0]i[0xb4],fr[0xff][0xfa].xxs[0x12]C[0x8d][0xfe]h[0xd8][0x16]7[0xa6]TGt[0xbb]#[0xc6][0xba]+z[0x5])Q[0xa1] ,![0xa2]b[0x13][*[0xb6][0xb1]CH[0xcc][0x5][0xfc][0xf4][0x13][0xe2]sts([0x84]d[0x15][0xec][0x12]b[0xb][0x3][0xf1]J[0xba][0xbc][0x83][0xc4][0xb2][0xef][0xe5][0x89][0x1c][0xe1][0xce]n[0x84]tnY[0x93][0x1c]&lt;[0xf2][0xd7][0x16][0xfb][0xbc]~?[0xe4][0xe3][0x5][0xc9][0xc1][0x19]U[0xbe]e[0xe1][0xe3][0x3][0x4][0xf2][0xda][0xe1][0xd1][0x4][0xf4][0xc4]5a[0x95]1[0x4][0xf]c[0x9e]{[0xb5][0xa9]&quot;2S\[0xb0][0x83]T$Y1[0x81][0x87][0xea][0xda];[0xc2]y[0xed][0x19][0xde][0x17][0xf8]~[0xe5])[0xe][0x4][0x8e]9[0xf4][0x84][0xff])K[0xcf][0x90][0xc0][0xf9][0xd4]*:[0x17]N[0xd3]p&quot;Z[0x12]~[0xc5][0xbd][0xd7]\[0xad]q[0xed]A[0x8c]Y[0xf9][0x86][0xd8]o[0x3]Ad[0xbe][0x0]PK[0x7][0x8][0x1b][0x92][0x85][0xc3]c[0x1][0x0][0x0]l[0x2][0x0][0x0]PK[0x3][0x4][0x14][0x0][0x8][0x0][0x8][0x0][0xd4]|D5[0x0][0x0][0x0][0x0][0x0][0x0][0x0][0x0][0x0][0x0][0x0][0x0][0x16][0x0][0x0][0x0]javax/help/CSH$1.classm[0x90][0xdd]K[0xc2]`[0x14][0xc6][0x9f]wN7[0xe7][0xfc][0xc8][0xb4][0xf],[0xeb]&quot;[0xc4]/[0x1c][0xdd][0x9]E7B[0x18]hAF[0xd1][0xe5][0xb4]W[0x9d][0xad])sF[0x96][0xdd]4([0x88][0xae][0xba][0xe8][0x8f][0x8a][0xce];[0x4]![0x1d][0xec][0x9c][0x9d][0xf3][0x9e][0xdf][0xf3]&gt;;?[0xbf][0xef][0x9f][0x0]j8[0xd0][0xa0]bSAF[0x83][0x84][0xac]([0xb6]D[0xd8][0x16][0xe5][0x8e][0x82]][0x5]{[0xc][0x91]S[0xcb][0xb1][0xbc]3[0x6][0xb9]xQ[0xba][0xa5][0xd4][0x18]?p[0x86]d[0xcb]r[0xf8][0xe5][0xec][0xa9][0xcb][0xdd][0x1b][0xb3]kS&apos;4[0x99]y[0xc][0xf5]bkd&gt;[0x9b][0x86]m:[0x3][0xe3][0xaa];[0xe2]=[0xef]d[0xb5]SZm[0x91][0xc0][0x80][0x93]@a[0x8d][0xc0][0xda]q[0xad]3[0x9e][0xb9]=~n[0x89][0xcb][0xd5]F[0xa7]Y[0x13]C:[0xa2][0xd0][0x18]rK[0xc0][0xe5]}[0xe3][0x8e][0x9b][0x8f][0xd7][0xbc][0xcf]][0xee][0xf4][0xb8][0x18][0xd9][0xd7][0x11]GBG[0x12])[0x11][0xf2][0xc])A[0xbc][0x18]CnO[0xc][0x12];:f[0x0][0x83]~[0xe1]8[0xdc]m[0xd8][0xe6]t[0xca][0xa7][0xc][0xd9]@v[0xe6]Yv [0xd9]4[0xa7][0xc3][0xb6]9[0xa1][0xfe]:[0xd3][0xb4][0xac]Lq[0x8d]u[0x1c]B[0xa1]5[0x8b]&apos;D/[0xf9][0xa5][0x8b]b[0xf4][0x95][0xa7][0xbd]K[0x94]#[0xe5][0x9c][0xf][0xf6][0x8a][0xc0][0x80][0xa8])C[0x8e]R$[0xcf][0x8b][0xd9][0x2][0xc2][0x1][0x9d](W&gt; [0xdd]W}[0x84]|[0xc8][0xf3][0x8c]B[0x91]~q[0xc1][0xd4]I]0[0x99]r[0xc5]G[0xf8][0xb]R[0xbb][0xfa][\r][0xb5][0xfa][0x86][0xc8][0x9c]-[0xc9]4d&quot;5D[0xe5][0x18][0xe2][0xb2][0x8e][0xb4][0x9c] n[0x83]N$:[0xcb]Q[0x16]~[0x95][0xc0][0xbf][0xfa][0x7]PK[0x7][0x8][0xb3][0x19][0xab][0xca]h[0x1][0x0][0x0]L[0x2][0x0][0x0]PK[0x3][0x4][0x14][0x0][0x8][0x0][0x8][0x0][0xd4]|D5[0x0][0x0][0x0][0x0][0x0][0x0][0x0][0x0][0x0][0x0][0x0][0x0])[0x0][0x0][0x0]javax/help/CSH$DisplayHelpFromFocus.class[0x9d]UmS[0x1b]U[0x14]~6[0xb9][0xcb]&amp;[0xcb][0x16]h([0xa5] P[\n]&quot;
2013-02-06 13:51:57,386 AAD-WS DEBUG wire:63 - &gt;&gt; &quot;[0x94][0x86][0xbc]4P_Z[0x3][0xa2][0xbc][\n]&quot;
2013-02-06 13:51:57,386 AAD-WS DEBUG wire:63 - &gt;&gt; &quot;J[0x3][\n]&quot;
2013-02-06 13:51:57,387 AAD-WS DEBUG wire:63 - &gt;&gt; &quot;m[0xc5][0xfa][0xb6][0x9]7a[0xe9]f7n6[0xb4][0xfe][0x4]?[0xf8][0x3][0xfc][0x5]~[0xee][0x8c][0x2]#3[0xb6][0xce][0xd8]2[0xd6][0xd1][0xf][0xfe][0x4][0xf5][0x9b]:[0x8e][0xce][0xf8][0xf2][0xc5][0x97]s[0x13][0x2]![0x9][0xd3][0x19]?[0xec][0xb9]{[0xcf]=[0xe7]9[0xcf]=[0xe7][0xdc]{[0x1f][0xfd][0xf3][0xe9]g[0x0].[0xc2]Rq[0x16]#~[0xf4][0xe0][0x92][0x10]O[\n]&quot;
2013-02-06 13:51:57,387 AAD-WS DEBUG wire:63 - &gt;&gt; &quot;[0xf1][0x94][0x10]O+x[0xc6][0x87]s*[0x1a]p[0xd9][0x87]~[0x15]W[0xf0][0xac][0x8a]8FU[0x8c][0xe1]9[0x5][0xe3][\n]&quot;
2013-02-06 13:51:57,387 AAD-WS DEBUG wire:63 - &gt;&gt; &quot;[0x9e]W[0xf0][0x82][0x8a]f[0x8c][0x8]1[0xe1][0xc3][0xa4][0x18][0xa7]T4[0xe1][0xb2][0x8a]i[0xcc]([0x98]U[0xf0][0xa2][0x8a]v[0xcc][0xa9][0x98][0xc7]K&gt;[0xbc],,[0x16][0xc4][0xe4][0xaa][0x10][0x9][0x5][0x8b][\n]&quot;
2013-02-06 13:51:57,388 AAD-WS DEBUG wire:63 - &gt;&gt; &quot;^U[0xb0],[0xc1][0xb3][0x9e][0x94][0xd0][0xbe][0xb0][0xa1]o[0xea]wb[0xeb][0xdc][0xcc][0xc5][0xe6]HL:[0xf6]-[0xee][0x8c][0x8a][0xe5][0xbc][0x84]S[0xd5][0xcb][0xcb][0xdc][0xa5]5-[0xe7][0xf0]&lt;[0xb7]\[0xdd]5lKB[0xa0]h[0x15]3u+[0x13][v[0x1d][0xc3][0xca][0x90]MK[0xa5]MB[0xcf]r[0x9][\r]c[0x86]e[0xb8][0xe3][0x12]:[0x83][0xc7][0x84][0x1d][0xba].[0x81]M[0xd9]kd[0xdc][0xbc]`X&lt;Q[0xc8]&amp;[0xb9][0xb3][0xa2]&apos;M[0xd2][0x8c][0xd6]x[0x9]6[0xb5][0xb1]k5[0x2][0xb6]YO[0x9]&amp;K[0xdc]I[0xdb]N[0x96][0xaf]I8[[0xc2][0x8b][0xe9][0xb7][0xdd][0x18][0xdf]$[0xaa][0xb1][0x89][0xa2][0xc9][0x8c][0xf8]/[0xfa][0xa8][0xcb]v[0xc1]I[0xf1]YC[0x84][0xf7]M-[0xcf]][0x14][0xe][0x1a][0x82]X[0xd1]p[0xe]}[0x1a][0xfa]1[0xa0][0xe1]&lt;[0x6]5\[0xc0][0xa0][0x84][0x9e][0xc3][0xd0][0x89][0x82]i.[0xd9][0x86][0xe5]rg[0xe6]N[0x8a][0xe7][0x4][0xb2][0xf0][0xbc][0xa6][0xe0][0xba][0x86][0x1b]xM[0xc1][0xaa][0x86][0xd7]qS[0xc1][0x1b][0x1a][0xde][0xc4]M[0x9][0xad][0x87][0xde][0x7].[0x12][0xfa][0xe][0xb5][0xf3][0xa6][0xc9]3[0xba]9[0xe1]d[\n]&quot;
2013-02-06 13:51:57,388 AAD-WS DEBUG wire:77 - &gt;&gt; &quot;Y[0xe2]Xat[0xba]z[0xcf][0x93][0x85]t[0x9a];[0x1a][0xde][0xc2][0xdb][0x12][0xda]*k[0xd1][0xdb]kX[0x9b][0xba]i[0xac]ix[0x7][0xba][0x82][0xa4][0x86][0x14]([0x1d][0x81][0x83]dL[0xd9][0xd9][0x9c]m[0x91][0xbd][0x84][0xae][0x8a][0x8c]O[0xf3][0xb4]^0[0xdd][0xc3]ri[0xe0]H+[0xc8]hX[0x87]![0xa1]1m[0xa7]&quot;
2013-02-06 13:51:57,388 AAD-WS DEBUG wire:63 - &gt;&gt; &quot;[\n]&quot;
2013-02-06 13:51:57,389 AAD-WS DEBUG wire:63 - &gt;&gt; &quot;[0xf9][0xc5][0xdb][0x16]w[0xe2]&quot;[0xf0][0x86][0x86][Hk0[0x91][0x95][0xd0]_[0x1]D[0x89][0x1c][0x98]6[0xf2]9SO[0x80][0xcd]:vvV[0xb8]R[0xbf][0xd5]Wk[0xf3][0x16][0x81]N[0x99]z&gt;[0xcf]i[0xda]r[0xb8][0xd9][0xc5][0xe4][0x6]O[0x11][0xcf][0xee][0xba][0x95]\0[0xf2].&apos;O[0x9][0xde][0xa0][0xa8]g[[0xb0]~o[0x4]j[0xfb]J[0x82]?[0xc3][0xdd][0x5][_[0x13][0xee][0x1d][0xc1][0xa1][\n]&quot;
2013-02-06 13:51:57,389 AAD-WS DEBUG wire:63 - &gt;&gt; &quot;[0xcf]&quot;[0x91][0xd2][0x12]5zs[0xd5][0x82][0x4][0x85]:[0xac][0xd4][0xf1][0xe7][0xeb][0x5][0xac]F&quot;[0x8c][0xb6][0xba][0xe0][0xc4][0xc1][0xa4][0x9f]}[0xd4][0x6]=[0x97][0xe3][0x16][0x15]*[0xf2][0x18][0xd0][0xca][0x6] l[0x9f]k[0x97]4[0x94][0xde]`[0xad][0x1d]Yt[0x1e][0xc]Ji([0x1d][0x83]j[0xff]R[0xee][0xc9][0xbf]5[0xcf]][0xe1][0xb3]Y[0xec][0xaf]rI[0x8e]${[0xdf]V$[0xbb][0xe9]h&apos;[0xd0])[0xd3]S)[0x9e][0xcf][0xf][0xc][0xf][0xf]K[0x8]U[0x1c][0xca][0x83]&gt;,o[0xef][0xa8][0xb2]*[0x13][0xe5][0x10][0xc7]g[0xa2][0x1c]hD[0x4]*O.[0x89][0xc9][0xfb][0xc7]]H[0xff][0xf7][0xc6][0xa9][0xe5]u[0x9c]F[0xec]i[0xe2][0xc6]J[0xf9][0xd2][0xa1]k[0xa5][0x87][0x1e][0x8][0x9][0xbd]`[0xf0][0x88]K[0x86]^[\r][0x8f][0xb8]g[0x8a]#]5[0xc5][0xf1]Bq[0xf4][0x92]][0x10]C$C4[[0xa3][0xb9][0x87][0xc6]Hh[0x1b]RH[0xfa][0x4][0x1e]![0xbc]B0![0xe4][0xf0][0x1e]N[0xec][0xa2]a5[0xa0]l[0xc3]w/[0x14]&amp;[0x8b][0xbb]d/!Lr[0x10]~[0x80]}[0x9][0xc6][0xbe][0x80][0x9f]=@[0x13]{[0x88]V[0xb6][0x87]3[0xec][0x11][0xba][0xd8]W[0x18]d_#[0xcc][0xbe])F[0x8c][0xec]G[0xfc][0x96]8*4:[0x8f][0x8d][0xe8][0x17][0x11][0xc3][P[0xe3][0xac][0x83]@[0xb5][0xc8][0xe][0x1a][0xe3][0xf2]Gh[0xec]`[0x91]-h[0xe2][0xb7]7[0xde][0xb0][0x8b][0xa6][0xd5]]4[0xaf]n[0xa3][0x85][0xb4]&apos;[0x3][0x1][0x12][h[0xdd][0xc6][0xa9]{[0xa1][0x88][0xc0][0x8c][0x12][0xa6][0xe0][0xed][0xbd]K[0xc][0x6]1[0x89][0x19][0x9c][0xd8][0xe7]?[0x8b][0x93][0xc4][0xff][0xbb]:[0xfc][0xbf]&apos;[0xfe]?[0x10][0xff][0x1f][0x11]a?a[0x84][0xfd][0x8c]8[0xfb][0x5][0x93][0xec]W[0xcc][0xb0][0xdf][0x90]d[0xbf]#[0xc3][0xfe][0x80][0xc9][0xfe][0xc4][0xbb][0xec]/B[0x8b][0xd2]+][0xda][0xdf][0x7][0xb4];F[0xe3]5b[0xde]v[0x1f][0xa7][0xaf][0x86]&gt;[0x86][0xe7]s[0xb4][0x88]&amp;[0xf1]w[0x1f][0xed]D[0xf3][0xc][0xed][0xa5]#[0xb1]O;[0xd0]I[0x94][0xa3][x[0x82]h[0xef][0xa0]+[0xba][0x7]9[0x92][0x10][0xb6][0xf4]y[0xe9]c[0xf4][0xc9][0xd1]hx[0x7][0xdd][0xd5][0xa9][0xff][0x1b]&gt;[0xf6]/[0x2]2[0xd0]-{[0xd1]&apos;[0xcb][0xb8]&quot;+[0x18][0x93]}[0x18][0x97][0x1b][0xb1]&quot;kT[0xdc]X[0xb1][0xf8][0xc3]x[0x85]F[0x95][0xbc]{[0xe8]M_[0x82][0xff]?PK[0x7][0x8]&amp;h[0xd2]ZB[0x4][0x0][0x0]][0x8][0x0][0x0]PK[0x3][0x4][0x14][0x0][0x8][0x0][0x8][0x0][0xd4]|D5[0x0][0x0][0x0][0x0][0x0][0x0][0x0][0x0][0x0][0x0][0x0][0x0]-[0x0][0x0][0x0]javax/help/CSH$DisplayHelpAfterTracking.class[0x9d]WyxT[0xd5][0x15][0xff]=2[0xf7][0xbd][0xc9][0xe3][0x91][\r][0x2][0xc][0xb2][0x84]-[0xc]3[0x13][0x6]&quot;&quot;L [0x1a]B[0x80]@2P[0x12][0x88]h[0xad]&lt;[0x92]G[0x18][0x98][0xcc][0x8c][0xb3][0x0][0xda]Z[0xbb]P[0x91][0xd6][0xb6]H[0xad][0x16]\[0xaa][0xad]4[0xd8]V[0x5][0x85]I[0x0][0xcb]R5([0xd2]b[0xed][0xbe]h[0x17]W[0x10]\j[0xbf][0xf6][0xfb][0xfa][0x87][0xf4][0x9c][0xf7]f2[0x93]dR[0xfb][0xf5][0x9f]{[0xdf][0xbd][0xf7][0x9c]s[0xe7][0x9c][0xdf]=[0xf7][0xbe]3[0x1f][0x1f]=[0xe]`[0x6]&gt;P[0xb1][0x4][0xad][0xf9]X[0x8c]6n[0xc]n6p[0xd3][0xae]`[0xa3][0x1d][0xf5]*d[0x4][0xec]X[0xae]b[0x13]6[0xab][0x8][0xa2]CE[0x8]a[0x5][0x11][0x5]7+[0x88][0xaa](D+71;[0xe2][0xdc]&apos;T[0x14] [0xa0]b[0xb][0xb6][0xda][0xb1]M[0xc5]-[0xb8]U[0xc1]g[0xd9][0xe2][0xe7][0x14][0xdc][0xa6]b[0xc][0x8b][0x1e][0xb7][0xab]4[0xf3][0x5][0x15]^|q([0xbe][0x84]/+[0xd8][0xce]3_[0xe1][0xc1][0x1d]*v[0xe0]N;v[0xb2][0xbd][0xaf][0xf2][0xe0]k*[0xee]b[0x95][0xbb][0xf0]un[0xbe][0xc1]s[0xdf][0xb4]cW[0xca][0xd2][0xe][0xdc][0xcd][0xca][0xbb][0x15]|[0x8b]-[0xb6][0xf2][0xe0][0x1e][0x5][0xdf]VQ[0x89]{[0x87][0xe2]&gt;|[0x87][0xa7][0xf7][0xa8][0xd8][0x8b][0xfb][0xb9]y[0x80][0x87][0xf]*xH[0xc5]&lt;|W[0xc1][0xc3][\n]&quot;
2013-02-06 13:51:57,390 AAD-WS DEBUG wire:63 - &gt;&gt; &quot;[0x1e]QQ[0x85][0xef]q[0xf3]}[0xc6][0xf8][0xa8][0x1d][0xfb]x[0xf0][0x3][0x15]e[0xe8][0xe4][0x99][[0xed][0xd8]o[0xc7]c[\n]&quot;
2013-02-06 13:51:57,390 AAD-WS DEBUG wire:63 - &gt;&gt; &quot;~[0xa8][0xe0]q[0x5]OH[0x18][0xb2]q[0xbd][0x84]Q[\r][0x9b][0xf4]-[0xfa]6[0xef]F#[0x18][0xf1].[0xa5]fa4[0xbc][0xd9][0x88]V[0xf1]rL[0xc2][0x88][0xfe][0xcb]MF[0x9c][0xd6][0xb4]H[0xd4][0x88][0x19][0xa1][0xb8][0x1e][0xf][0x84]C[0x12]JL)oP[0xf][0xb5]{[0x9b][0xe2][0xd1]@[0xa8][0x9d]d[0x8a][0xb2]e[0xfc]z[0x87]!AiMDc[0xe1]([0xd9]-[0xb5]4[0x12][0xf1]@[0xd0][0xbb]T[0x8f]m[0x8c][0xeb][0xeb][0x83][0x6])[0xc9][0xf3][0x3][0xa1]@[0xbc]Z[0xc2][0x18][0xe7] [0xc0][0xa6][0xaf][0x91]`[0xab][\r][0xb7][0x91][0xb9][0xc2][0x86]@[0xc8][0xf0]&apos;:[0xd6][0x1b][0xd1]f[0xd6][0x97]P5@[0x8b][0xf1][0xe]D7p[0x86][0xcd][0x16][0xea][0xad][0x8c]u[0xa5][0x11][0xdd][0x10][0x8e]v[0x18]m[0x12]&amp;X[0xf6][0xbc][0xfa][0xd6][0xb8][0xd7][0xd8]B[0xce]xkL[0x91]:[0xfe]6u[0x8a][0xda][0x8d]xs8R[0x1b]&amp;G[0x9][\r][0xfb]V[0xee][0xcc]2[0xbf]b[0xfd]&amp;[0xa3][0x95]D[0xb3][0xfc]]C[0x13]a[0x8e][0xb0]B[0xba][0xab][0xc2][0xe1][0xb8][0x4][0xe7][0xe0]*[0xbc]um[0xb8]#[0x12][0xe][0xf1][0x96][0x14][0xeb][0x98][0x11][0xaf][0x9][0xb5]5[0x91][0x9][0xa3]6[0x1d]N[0xa7]3[0x97]p[0xd6][0x9c])h[0x2][0x1e][0xc9]Ya[0xb][0xab][0x8c]X[0x1f][0x1b][0xa3]r[0xda]`[0x15][0xb5])[0x9c][0x88][0xb6][0x1a][0x8b][0x3][0x1c]b{m[0xd3][0xd2][0x19],[0xa8]a[0x15][0x9e][0xd4]P[0x8f]e[0x1a][0x96][0xa3]AC#[0xfc][0x1a]V[0xc0]/a|[0xc6][0x19]&quot;[0x18]\[0x19][0xe][0x84][0xe2]F[0xb4]n[[0xab][0x11][0xe1][0xe8][0xb1][0xe6][0x1][0x5][0x7]5&lt;[0x85][0xa7][0x15][0x1c][0xd2]p[0x18]I[0x5]][0x1a][0xba][0x91][0x94]0&lt;[0xa3][0xdd][0xab]&quot;aRf[0xb6]&gt;[0x18]4[0xda][0xf5]`M[0xb4]=[0xd1]A[0x18][0xb3][0x84]F[0xf6][0xcf][0xeb][0xc2][0xc4][0x86][\r]FT[0xc3][0x11][0x1c]%[0xd2]e3[0xb2][0xac],[0x10][0xda][0xa2][0x7][0x3]m[0x1a][0x8e][0xe1][0x19][0x5]?[0xd1]p[0x1c]ORB[0x99]5+B[0xf5]q[0xa3][0xc3][\n]&quot;
2013-02-06 13:51:57,390 AAD-WS DEBUG wire:63 - &gt;&gt; &quot;[0x8d][0x82][0x13][0x1a]N[0xe2][0x14][0xf1][0xa3]_&lt;5[0xac][0xc4][0xa7][0xd2]x[0xfb]RY[0xc1]O5&lt;[0x8b][0xe7]4[0xac][0xc5][0xf5][0x1a][0x9e]G[0x8f][0x82][0xd3][0x1a]^[0xc0]s[0x94][0xc1][0xac]0[0xa7]X[0xa3][0xe1]F|F[0xc3][0x8b]8[0xa3][0xe0]%[\r]g[0xf1]3[0x9][0xa3]9[0xd0][0xc4][0x90][0xc6]p&quot;f[0x98][0x84]sN/[0xab][0xae][0xae].co~[0xae][0xe1][0x1c]^V[0xf0][0xb][\r][0xaf][0xe0][0x97][0x1a]~[0xc5][0xcd][0xaf][0xf1][0x1b][0x9][0xe3]Rj[0x8b][0xc]#B[0x19][0xb6][0xc8]T[0x93][0xd1][0xfd]-~[0xa7][0xe1]&amp;[0xac]#O[0xfb]SR[0xc3][\r][0xf8]t/[0xbe]H$h[0x10][0xdf][0xcd]N[0xc3][0xef][0xf1][0x7][0x5][0xd4][0xf0]&apos;[0xf4]hx[0x15][0xaf])[0xf8][0xb3][0x86][0xbf][0xe0][0xaf][0x1a][0xfe][0x86][0xd7]5[0xbc][0x81][0xd7][0xd2][0xd1]g[0xc7][0x1a][0x8d]P[0xa2][0x97]C[0x1a][0xde][0xc4][}[0xdd]N[0xad]d[0x87][0xb4]%[0x10]j[0xb]oe[0xd9][0xb7]5[0xbc][0x83][0xf3][0x1a].[0xe0]][0x9][0x5]D[0xd6]2[0xab]l[0x94]Q[0xd2]4\[0xc4]%[\r][0xef][0xe1]}[0xc2][0x1f][0xb5][0x18][0xdc][0x96]^[0xa7][0xc2][0xc0]2[0x12][0xa6]e[0x15][0x1][\n]&quot;
2013-02-06 13:51:57,391 AAD-WS DEBUG wire:63 - &gt;&gt; &quot;[0xc7][0x94]E[0x81]X$[0xa8][0xdf][0xc2][0x99][0xad][0xd9]@Ll[0x8e][0xea][0xad][0x9b][0x89][0x1d][0x14][0xe4][0xc1][0x97][0xb4][0xfa][0x10]e[0xa6]6[0xa8][0xc7]bF,[0x1d][0xad][0xac][0x3]J[0xa1][0xce]Y[0x1b][0x1a][0x2][0xb1][0xb8]A[0x9a][0x12][0xf2][0x9c]|zJ[0x9d][0xb9][0xab]M[0xc9][0xc0]J%![0x9f]2[0xd7][0x10][0xd6][0xdb]X[0xdd][0xe1][0x9c][0x9e][0xa5]i[0x2][0xb1][0x96][0xaa][0xd2]q[0xcb],P1[0xa1][0x9a]eU[0xd9][0xa9][0xb9]6[0xec]o[0x89]l[0x94][0xe6]4N[0x18][0x82][0xf4][0x91][0xb2]*[0x13][\r][0x8c][0x10]UB[0xcf]&apos;[0x18][0xcd]&gt;nd[0xdb][0x1e][0xf][3t[0x85]8[0x7][0xca]U[0xa5][0x82][0x97]r[0xbf]i+[0xcd]q[0xc]V[0x13][0x19][0x3][0xf1][0x0][0xc7][0xbb]8[0x10][0x8a][0xc5][0xf5]`pu[0xfd]&quot;c[0x83][0x9e][0x8][0xc6]c)[0xc4][0xdb][0xbc]1[0x16][0xf7][0xae][0xae]o[0xd4]Cz[0xbb][0x19][0xe8]v[0x8e][0xdd][0xa9][0xbb][0xd9]St[0xb7][0xc]^[0xd3][0xad][0xc]X[0xf5][0xae]?[0xf4]^}[0xbb][0x11]4[0xb8][0xf0][0xc4][0xb2]rd[0x1e][0xa3][0xba][0x10][0x15][0xa4][0xa8]Y^z[0xe3][0xdb]A[0xc2][0xd0][0x90][0xb1]-^g[0x99][0xa0]Ln[0xd4]c[0x8d][0xc4][0xe2][0xba]^[0x9b]D[0x9b][0xeb][0x89][0xf8]}9LUXom5b[0xb1])W[0xce][0x9c]I[0xd1]sN[0xef]3e[0xea]DU[0xbf]t[0xe5][0x88]E[0xbf]t[0xa5]m[0xcf]b[0xdb][0xa5][0xb9]t[0x89][0xb0][0x8e]A7[0xa4][0x83]GQ[0xbb][0xce][0x84]^o[\r][0xd6]f[0x8c][0xce]f[0xa3][0xb9]n[0xb8][0xfa][0xfa][0x9c][0xe1]M[0xeb]U[0xb2][0xde][0xce][0xc1][0xde][0x1][0xff][0xef]E?p[0xc7][0xc1]f[0xd8][0xd3][0x9a][0x96][0xe6][0xbe]w[0xbd]U[0xf][0xb9]pS[0x12][0xb3][0xf3][0x90]].S[0xcb]U[0xbd]1[0xcb][0xb1]H~[0xf6][0x9a][0xe3][0xa4][0xeb]mm[0x83][0x84]&gt;M[0x6][0x13][0xd0][0xe2][0xa8]y[0xc6][0x99][0xa5][0xe6]&apos;[0xa9][0xe]wN[0xbf][0xa1][0xa1][0xaf][0x0]W[0x8][0x92]X[0xb1]5d[0xb4]Y[0x85]5f[0xb2]9K[0xce][0x9a]f6[0xb7]Z[0xb7]P[0xcc][0xb2][0xba]R[0x8f][0x9a][0x19][0x1d][0x93][0xcd]0[0xab][0x9e][0xa7].+[0xd2][0x19][0xe9][0xec][0xf3]:[0xc9],[0xb0][0x5][0xeb]r4q[\r]x[0x81][0x90][0xa3][0x91][0x4]Y[0x9f][0x9b][0xc3][0xd1][0xff][0xf1][0xf4][0xe6][0xc7]2[[0x8c]p[0xe][0xd8][0x81][0x13]5[0x8c]Q[0xa4]/[0x19][0xf3]i[0x93][0xed]y[0xe6]q[0x83][0x89][0xf4][0xd0]^[0x2][0x9]K!0[0x84][0x9f]2[0xf4]O1[0x84]_3fO[0xf][0x1a][0xb3]_[0x91][0xea][0xe9][0xb6][0xa7]^![0xf9]Uh[0xa2][0xb6][0x99]Fm[0xc8][0xa3][0x15][0xc0][0xe3][0xea][0x82][0xe4][0x92][0xe]c[0x8]7y[0xdc][0xd8][0xb8][0x11][0xee][0xd3][0x18]v[0xc][0xf2][0xda][0x12][0xa5][0xb][0xf6][0x13].7I[0x1c]$y[0x9][0xab][0xa9]-G&gt; B[0xb0][0x89][0x0][0xf2][0xc5]&amp;[0x14][0x88][0xcd][0x18].[0x82][0x18]-[0xc2][0x18]+&quot;([0x17]Q[0xb8]E[0xcc][0xdc]qMj[0xc7]W`#[0xc]@[0xf4][0x13]w[0xcc][0xe7][0x1d][0xdd]I[0xa8]&gt;[0x9b][0xc3]v[0x1a][0x9a][0xa7][0x1b]C}[0xa2][0x13]C[0x1d]6O[0x12][0x1a][0x96][0xf9][0xe4]c(X{[0xc][0x85]k[0xbb]PD[0xb3][0xc5]%%[0xd4]$1[0xbc][0xb]#N[0xb8]&lt;l[0xb3][0x82]l2[0xee][0xbc][0x83][0x84][0xa0][0x1c][0xb]Q[0x87]a)[0xfc][0x8b]QL[0xf8]w[0xe4][0xc0]&apos;[0xe1][0xdf]I[0xf8]w[0xc1]#[0xee][0xc6],[0xb1][0x1b]&gt;q[0xf][0x16][0x8a]{Q&apos;[0xee][0xc3]z[0xb1][0x17][0xed][0xe2]~[0x4][0xc5][0x3][0xb8]Y&lt;H[0xd6]Zp[0x9d][0xe5][0x9f][0xd4]A[0xde][0xb1][0x97][0xba]QZ2[0xb2][0x1b][0xa3]Nbt[0xa3][0xe7]4l[0x7]%[0x9f][0xe9][0xa0][0xc3][0xd3][0x3][0x9f][0xeb][0x18][0xc6][0x10][0xe4]+hH[0x1e][0x8e][0xed][0xc6]8v2[0x89][0xf1][0xec]U[0x89][0xcb]![0x8e]`[0x82]D[0xcf][0xb6]2O[0x17]&amp;[0xf2]h[0x92][0x84][0xbd][0x97]/tc[0xb2]O[0xa4][0xbc]-[0x99]B[0x9e]:D[0x12]S[0xc9][0xdd]n[0x94];D[0xf][0xfc]&lt;[0x9e][0xc6][0x8d][0x93][0x9b][0xe9][0xdd]pq[0x84],y7[0xcb][0xcb][0x19]y[0xb9][0x7][0xe3]][0x87]([0xfe][0x87]([0xfc][0x87](R[0x87] [0x1c]2Iy[0x1c][0xa2][0x1b][0x15][0xe][[0xf][0xa6]Z[0x98][0xe4]N[0x14][0xbb][0x1c]r[0x1a]S[0x17]f[0xf0][0xc0][0x84][0xf4][0xae][0xe9]R[0x86][0x12]!\A!}[0x14]y[0xe4][0x87]&amp;[0xf6][0xa3]H&lt;[0x86]b[0xf1]8F[0x88]&apos;[0xe0][0x10][0x7]0N[0x1c][0x84]S&lt;E!}[0x1a]s[0xc5]!T[0x89][0xc3]XF}3[0xf9][0xb8]V[0x1c]ED&lt;[0x83][0x84]8[0x8e][0x9d][0xe2][0x4][0x1e][0x16][0xa7][0xb0]O&lt;[0x8b][0x93][0xe2]E&lt;/[0xce][0xe0][0xac]x[0x9][0xe7][0xc4]Y[0xbc]J[0xfd][0xdb][0xe2][0x1c].[0x8a][0x97][0xa1][0xf2][0xb]5E[0xad][0x8f][0x89][0xcc][0x1c][0xfa][0xdd][0xc7][0xe0]%[0x8f]g6H[0x8d][0xae]n[0xcc]j[0xf4][0x9c]B[0xe5][0x1e][0xcc][0xf2][0x9c]De[0x12]W[0x1e][0xc1]l[0x9][0xfe]N[0x14][0xb8]+L[0x87][0x92][0xb8][0xaa][0xa5]&quot;[0xe5][0xcd][0xfb][0x9d]P[0xfd]n[0xf]Ouc[0x8e]?o[0x8e][0xad][0x13][0xd5][0x15][0xa5]6[0xd2][0xbb][0xda]&apos;[0xf2][0xe6]P [0x8a][0xdc][0xe]Q*W[0xb2][0xc8]vY*[0x95][0x1d][0xe2][0xf8]#[0x97][0xdf]s[Bs[0xf7]BK}[0xd2][0xb2]M*[0xb5]U[0xd0][0xea])[0xf7][0x1]B8[0x12]&gt;,[0xa0][0xdf]y+N[0xab]0[0x82][0xe2][0xf4]:[0xec][0xe2][\r][0xa8][0xe2]M[0x14][0x8a][0xb7]0R[0xbc][0x83][0xc9][0xe2]&lt;[0xd1][0xee][0x2][0xc5][0xe7]&lt;Q[0xee]&quot;[0x16][0x88]KX$&gt;[0xc0]R[0xf1]![0xfc][0xe2][0xef]h[0x11][0x1f][0xe1]F[0xf1][0xf][0xa2][0xdf]G[0x88][0x8a][0xe2]6[0xf1]/[0xdc]Ak[0xbb][0xc4][0xbf])[0x16][0xf4][0x0]N[0xc5][0xe2]![0xea][0xf9]`[0xfb]][\r][0x9d][0xf0][0xb9][0x97][0xbb]Na[0xde][0x1e][0x14][0xb8]Nb^[0x12]&gt;[0x9a]+[0xa7][0x99][0xaa]=[0x98]L[0xdd][0xfc]= [0xc7][0x1c].3L[0xf4]UHRUI,hp[0x9f][0xbe][0xfc][0x82]%f[0xe7][0xa9][0x3][0xd2][0x81][0xde]&lt;W[0xa3][0x90][0xf0]_[0xc6][0x10][0x99]:[0x99][0xde]o[0xf2][0x10][0x14][0xc8]yp[0xc8]6[0x94][0xc9][0x2][0xd3]d[0x19].[0xd9][0x8e]Yr&gt;f[0xcb]C1[0x9f][0xe4][0xae][0x95][0x8b][0xb0]D.F[0x83]&lt;[0x9c][0xb0][0xd1]/C[\n]&quot;
2013-02-06 13:51:57,392 AAD-WS DEBUG wire:63 - &gt;&gt; &quot;[0xeb]~[0xca][0x1b]-c[0x9d][0x9b][0x8f][0x9][0x11][0xb0][0xda]_[0xe1][0xd9][0x7]&apos;[0x11][0xd2][0xe1][0xae]H[0xe2][0x9a][0x96]4[0x85][0xaf]%[\n]&quot;
2013-02-06 13:51:57,392 AAD-WS DEBUG wire:63 - &gt;&gt; &quot;[0xbb]{[0x19][0xcc][0x89][0xaa]q[0x9f]B[0xd9][0x1e]Ls[0x13]/[0x93]X[0xe8][0xb3][0xe5][0xcd]![0xe6][0x15][0xb9][0x1c][0xb6]RQ[0xc9][0x87]g[0xbb][0x90]J[0x85][0xc3][0xc6]I[0xca][0xb0]t[0xe][0x95][0x0][0xc8]ca[0x93][0xc7][0x11][0xfa][0x9]P[0xe5]2[0x14][0xca][0x13][0x9][0xfd]$x[0xe5][0xc9][0x84]x*[0xaa][0xe4]r,[0x92][0xa7]a[0x99][0xec]D3[0xf5]7[0xc9]nBM[0xbf][0x1e])[0xd4][0xfb][0x8][0xb5][0xa0]^7Q[0x9b]X[0x93][0xa8]5O{[0xf][0xa6][0xa5][0x11]/&quot;[0xc4][0x4]sjI[0xdd]`[0xd0]&apos;[0xa7][0xa0][l+p1}[0xe8][0x84][0xf5][0xb2][0xe7][0xc3][0xc][0xec]Jh[0x4]{[0x16][0xc1][0xae]$[0xd8][0xb3]Q,_[0x85]Ry[0xe][0xc1][0xbd][0x1a][0xf3][0xe4]y[0x14]`[0x1f][0x96][0xca]U[0xf0][0xcb][0xf3][0xb1][0x86][0xfa]u[0xf2]5[0x4]Y7[0xab][0xff]z[0xfc][0x98]z[0x95],-[0xc6][0xe][0xfc][0x8][0xf9][0xff][0x1]PK[0x7][0x8]&amp;[0x7]=[0x8e][0xb8][0x9][0x0][0x0][0x84][0x12][0x0][0x0]PK[0x3][0x4][0x14][0x0][0x8][0x0][0x8][0x0][0xd4]|D5[0x0][0x0][0x0][0x0][0x0][0x0][0x0][0x0][0x0][0x0][0x0][0x0]*[0x0][0x0][0x0]javax/help/CSH$DisplayHelpFromSource.class[0x9d]U[S[0xdb]V[0x10][0xfe][0x8e]m[0x8e]lE[0xb1][0xa9][0x9]q!$[0x18]J[0x82][0xb1][0x1d]D[0xd3][0xa6][0x17].)[0x97]@[0xa1]5[0xe][0x89]IR[0xda][0xe9][0x83]l[0xe][0x8e][0x88],y$[0x99][0x92][0x99]^[0x1e][0xda][0x99]NI[0x9f]3[0x93]@[0xa6][0xcc]4[0x8f][0x99][0xf6]Gu[0xba]G&amp;[0xb5]c[0xe3]v[0xa6][0xf][0xda][0x95][0xf6][0xec]~[0xfb][0x9d][0xbd][0xd8][0xfe][0xf5][0xdb][0xef][0x0][0xa6][0xf1][0xa5][0x8a][0xb7][0x91][0x8d]![0x85][0x9c][0x14]y)[0xae]+[0x98][0x8e]bXE[0x1f]t[0xf9]=[0x13][0xc5][0x88][0x8a]wqC[0xc5]{x_[0xc5]M|[0xa0][0xe0]C[0x5][0x1f])[0xf8]XE[0x2]Y)f[0xa3][0x98][0x93]z^E[0x1c][0xba][0x8a][0x5][0xdc]R[0xf1][0x9][0x16][0x15],)[0xb8][0xad]`[0x95]![0xf4][0xa8][0xcc][0x90]*[0xec][0x1b][0x7][0xc6][0xa1][0xfe]HXu}[0x9d][0xc4][0xb2][0xeb]&lt;[0x16][0xee][0x9c]&lt;[0xf6][0x18].t[0x1e][0x97][0x84]OgZ[0xdd][0x15][0x9e][0xb0]}[0xc3]7[0x1d][0x9b]![0x19]x[0xe9][0x96]aW[0xf5][0x92][0xef][0x9a]v[0x95]|[0xfa][0xdb]}[0x8a]FM0[0xf0]y[0xd3]6[0xfd][[0xc][0xc3][0x99][0x1e]i[0xa7][0x1e]0DV[0x9c]]rN[0x14]L[[0x14][0x1b][0xb5][0xb2]p[0xb7][0x8d][0xb2]E[0x96][0xb9][0xae]([0xc9][0xa6];w[0xb7]E[0xc2]&amp;[0x8c][0x8a]d[0xb2]%[0xdc]=[0xc7][0xad][0x89]][0x86][0xd1]&amp;[0x9e]n|[0xe3][0xeb][0xe2][0x80][0xa8][0xea]K[0x81][0xcb][0xaa]|[0xf]b[0xd4][0x92][0xd3]p+b[0xcd][0x94][0xe9][0xa3]+[0xa5][0xf5]i[0x19][0xa0]a[0xc]k[0x1a]FpY[0xc3][0x15][0x8c]jHc[0x94][0xe1]J+k[0xb1]aY[[0x8e]i[0xfb][0xc2]]=[0xac][0x88][0xba][0x4][0x95]A[0x9f]j[0x18][0xc6]%[0x5][0xeb][0x1a]6[0xf0][0x99][0x82][0xcf]5[0x14][0xb0][0xa9][0xa0][0xa8][0xe1][0xe]6[0x19][0x6]Z[0x10][0xff][0xc4]1[0x8c][0xb7][0xac][0x1b][0x96]%[0xaa][0x86][0xb5][0xe4]V[0x1b]5[0xe2][0xd8][0xe6]t[0xb1][0xf3][0xce][0xcb][0x8d][0xbd]=[0xe1]j[0xd8][0xc2]][0x86][0xc1][0xf6]^[0xa4][0xd3][0xa6]}`X[0xe6][0xae][0x86]{()[0xd8][0xd6]p[0x1f][0xf][0x14]&lt;[0xd4][0xf0][0x5]v[0x18]&amp;[0xda][0x8a]LW[0x9e][0xb8]mzu[0xcb]x&quot;[0xeb][0xbd][0xe6]:[0xb5]fI[0x8][0xb3][0x87]][0xdb][0xb0]m[0xe1][0xae]X[0x86][0xe7][0x9][0x9a][0xa0][0xfe][0x16][0xb1];[0xe5]}Q[0xf1][0x19].[0x9f]Y[0xf5][0x82][0xe9][0xf9][0x82]&quot;[0x19][0xc2][0x19]Y[0xfb][0xc1][0xcc][0xd9]}Lv[0xcf][0x0]C[0xac]*[0xfc][0x82]c[0xec][0xca][0xf0][0xa1][0xcc]T[d@[0xa4]yDC[0x99][0xe8]8`Ph[0x1a][0x9a][0xd3]y[0xf5][0xac][0x84][0x9d]H[0x84]1x&amp;8q[0xb0][0xe8][0xe5][0x14][0x95][0x1b][0xf5][0xba][0xb0]i[0xc6][0xf2][0xff][0x1][0xda][0xde],[0xc2][0x8e][0xfa]N[0xd3]B[0xab][0x97][0xe9][0xf6]#[0x8f][0xe1][0xde]#[0xdb],[0xc3][0xeb]&gt;[0xbc][0x19][0xdf][0xac]=[0xc5][0xc7][0xdf][0xec].[0xcd][0xb8]Q[0xa9][0x8][0xcf][0x9b][0xb8]13[0xc3][0xf0]K[0xaf][0xc5][0xfc][0xbf][0x9b][0xd7]M[0xa1][0x97]E^i[0xe9][0xe1][0xf6][0xeb][0xe5][0xa3]uI[0xd1]o![0xb5][0x13][0x11][0x84][0xe4][0xde][0xd0][0xf]dH.][0xa0]i[0xef][0x2][0x9d][0xe]t[0x98][0xfc][0xc6]0N[0xf2][0x1d][0xfa][0xfa][0x8a][0xbe]C[0xa4]&apos;[0xb3][0xc7]`Y[0xf6][0x1c]!)[0xc2]RDr[0xaf]p[0xfe][0x4]};I~[0xc][0xe5]e6[0xf7][0x1c][0xd1][0xa7][0xe4]JSOr[0x1c]Q[0x80]o![0xc2][0xb][0x88][0xf1]M[0xc4]y[0x11][0x3][0xfc].R[0xfc][0x1e][0xc6][0xf8]6[0xae][0xf1][0xfb]A[0xa2][0xab][0xa7][0x89][0xfe] j[\n]&quot;
2013-02-06 13:51:57,393 AAD-WS DEBUG wire:77 - &gt;&gt; &quot;[0xe9][0xda][0xbf]%[0x8a][0xc9]D[0xb9]#[0xa8][0xb3][0x91][0xa1][0xc8]+h[0xf9][0x17]87[0xdb][0xf7]+[0xce][\r]E[0xf2]G[0xd0][0xe4]kz[0x96][0x9f] [0xbe]s[0x82][0xc4][0xce]1[0xfa][0xc9][0xfa]V2I[0xe2][0x8][0x3][0xc7][0xb8][0xf0]2[0x9b][0x97][0x98][0xd7][0x9]S[0xd2][\r]=[\r](,`[0x11][0xe7]Oi/[0xa3][0x9f]h[0x9b][0x1d][0xb4][0xf7][0x89][0xf6]c[0xa2][0xed]b[0x92]{[0xc8]s[0x1f]7[0xf9][0x1][0x16][0xf8]![0x16][0xf9][0x13]|[0xcd][0xbf]E[0x99][0x87]*[0xff][0x1e][0x16][0xff][0x81][0x90]&quot;
2013-02-06 13:51:57,394 AAD-WS DEBUG wire:63 - &gt;&gt; &quot;[0xae]a[0xf2][0xf4]Z[0xf3]t[0xa9]0[0xe9][0x11]b=[0xb8][0x99]}[0x86](=!z[0xc2][0xf4]D[0xf2][0xf9][0xdc][0xb]\l[0x15]-.}[0xf9][0x8f][0xe8][0xe3]?[0xe1][0x12][0xff][0x99]*[0x9f][0x9]:3[0x85][0x15][0xd2]*y[0xa5][0xe8][0x8f]g[0x19][0xb1][0xbf][0x1]PK[0x7][0x8]=[0xbd]~ [0x89][0x3][0x0][0x0][0xe5][0x6][0x0][0x0]PK[0x3][0x4][0x14][0x0][0x8][0x0][0x8][0x0][0xd4]|D5[0x0][0x0][0x0][0x0][0x0][0x0][0x0][0x0][0x0][0x0][0x0][0x0][0x1c][0x0][0x0][0x0]javax/help/CSH$Manager.class[0x95]N1N[0xc3]@[0x10][0x9c]M[0x8c][0xcf]9[0x92][0x98][0x8a][0x17]P$[0x8d][0xaf]F[0xae][0x90]I[0x94]H [\n]&quot;
2013-02-06 13:51:57,394 AAD-WS DEBUG wire:63 - &gt;&gt; &quot;#Q_[0xa2][0x95][0xb1]e[0x1d][0xe8]|[0x4][0xde]F[0xc1][0x3]x[0x14][0xca][0xd9][0x8e]PB[0xc7][0x16];[0xab][0xd9][0x99][0xd9][0xfd][0xfe][0xf9][0xfc][0x2][0x90] [0x16][0x90][0x2][0x13][0x82],[0xd8][0xad][0xb8]~[0xcd][0xd9][0x11][0xd2][0xd9]][0xa5]wZ[0xd5][0xda][0x14][0xea]aS[0xf1][0xd6][0xa5]=[0xa3][0xdf][0x9d][0xba]yz\[0xec][0xd8][0xb8]t[0xde]q[0x1f][0xea][0xd9][0xfb][0xd4][0xc1][0x9c][0x12][0xe2]C[0xd4][0xfa]6w[0xb6]4[0x5][0xe1][0xfa]?y[0xbd][0xaa][0xb7][0xfa]4[0x99][0xbf][0xbc][0xd9]-/[0xcb][0x9a][0x9]Q[0x96][0xaf][0x92]V$0%\[0x1e][0x9d][0xf7][0x8b][0xab]{mt[0xc1][0x96] ~[0xa7][0xf1][0xda][0x18][0xb6]Y[0xad][0x9b][0x86][0x1b][0xc2][0xc5][0xdf]7[0x8][0xd3][0xd3][0x90][0x90]@[0x18][0xa0][0xad]A@[0x18]&quot;[0x0]&lt;[0x9e]!l[0x19][0x88][0xae]G[0x18]{[0x94]h[0xb5]#[0x9c][0x87][0xa3]=PK[0x7][0x8][0xf2][0x86][0xc0][0x90][0xd0][0x0][0x0][0x0]P[0x1][0x0][0x0]PK[0x3][0x4][0x14][0x0][0x8][0x0][0x8][0x0][0xd4]|D5[0x0][0x0][0x0][0x0][0x0][0x0][0x0][0x0][0x0][0x0][0x0][0x0][0x14][0x0][0x0][0x0]javax/help/CSH.class[0xa5]:[0x9]x[0x14]U[0xd2]U[0xaf]{[0xd2][0x93]N&apos;$[0x81]!L[0xe][0x8]w2[0xb9][0x8]`[0x80][0x4][0x90][0x10]@[0x2]I@[0x82]`8[0xd4]![0x19][0x92][0x81]d&amp;;3[0xe1][0xd0]u][0x5][0xcf]u[0xd7][0xf5]Z7[0xe0][0x1]xd[0xdd][0xf5][0x8][0xc8][0xe]DP@[0x14][0xd4][0xf5]Xo\o[0xd1]U[0xd7]suu][0xf7][0xe0][0xaf][0xea][0xee][0x99]L&amp;3[0x80][0xdf]O[0xbe][0xa9][0xd7][0xfd]^U[0xbd][0xaa]zU[0xf5][0xea][0xbd][0xe6][0xe9][0xff]=[0xfc]([0x0][0x14][0x8b][0xf7]U[0xf8][0xc][0xeb][0x19],fp[0xe][0x83]%[0xc][0x96][0xaa]0[0x7][0xcf]U[0xb0]A[0xc1]e*([0xb8]\[0x5]+[0xae]P[0xa1][0x6]W&amp;[0xd2][0xf0]y*[0xfc][\r][0xcf]gp[0x1][0x3]&apos;[0x83]U[0xc][0x1a][0x19]4)[0xe8][0xe2]v[0xb5][0x82][0xcd][0xdc][0xb6]([0xe8][0xb6][0xe2][0x1a][0x15]2p[0xad][0x82][0xad][\n]&quot;
2013-02-06 13:51:57,394 AAD-WS DEBUG wire:63 - &gt;&gt; &quot;[0xb6]1[0xf][0x8f][0x82]^[0x15]r[0xb0]=[0x9][0x82]&gt;[0x5][0xfd]*[0xe4]b[0x80]A[0x7][0x83]u[0xdc][0xad]?[0xe9][0x8][0x1][0x5][0xd7][q[0x83][\n]&quot;
2013-02-06 13:51:57,395 AAD-WS DEBUG wire:63 - &gt;&gt; &quot;cY[0x8c][0xc][0xdc][0xa8][0xe0][0x85]&lt;[0xe8]ci/J[0x82][0x81][0xf8]S[0x5]/V[0xa1][0x4][0xa6][0xe0]%*[0x94][0xe2][0xcf]U[0xc8][0xc4]Ky[0xa6][0xcb][0x18]g[0x13][0x83][0xcd][0xc].gp[0x5][0x83][0x9f]Z[0xf1]J[0x5][0xaf]b[0xea][0xab][0xf9][0xfd][0x1a][0x6][0xbf]`p-[0x3][0xea][0xf3][0xe0]/[0x19][0xfc][0x8a][0xc1]u[\n]&quot;
2013-02-06 13:51:57,395 AAD-WS DEBUG wire:63 - &gt;&gt; &quot;[0xfe]Z[0x85]Yx[0xbd][0x82]70[0xdb][0x1b][0xad]x[0x13][0xa3][0xdd][0xcc]/[0xbf][0xb1][0xe2]-[\n]&quot;
2013-02-06 13:51:57,395 AAD-WS DEBUG wire:63 - &gt;&gt; &quot;[0xfe]V[0x85][\n]&quot;
2013-02-06 13:51:57,396 AAD-WS DEBUG wire:63 - &gt;&gt; &quot;[0xec]Tq[0xb]n[0xb5][0xe2][0xad]l[0xc3][0xdb]T[0xbc][0x1d][0xef]Pp[0x9b][0x82][0xdb][0x15][0xdc]a[0xc5];UX[0x8c]+[0x14][0xbc]K[0x85][0xa5][0xcc][0xea]n[0x15][0x1a][0xf0][0x9e]$[0xec][0xc2][0xdf][0xa9]x/[0xfe][0x9e]9[0xfc][0x81]_[0xef]cp[0xbf][\n]&quot;
2013-02-06 13:51:57,396 AAD-WS DEBUG wire:63 - &gt;&gt; &quot;[0x8b][0xf0]&gt;[0x6][0xf4]T[0x8f][0xf][0xa8][0xf8] v[0xab][0xb8][0x13]w1x[0x88]_w[0xab][0xf8]G[0xfc][0xa5][0x82][0xc1]$h[0xc1]=[\n]&quot;
2013-02-06 13:51:57,396 AAD-WS DEBUG wire:63 - &gt;&gt; &quot;[0xee]Ua[\r][0xf6]0xX[0x7][\n]&quot;
2013-02-06 13:51:57,397 AAD-WS DEBUG wire:63 - &gt;&gt; &quot;[0xee]c[0xe9][0xf7][0xab][0xf8][0x8]&gt;[0xca][0xf2][0x1e][0xe0][0xd7][0x87]u[0xa0][0xe0]A[0x15][0x2][0xf8]p&quot;[0x1e][0xc2][0xc7][0x14]&lt;[0xac][0xc2]z\i[0xc5][0xc7][0xb9]}[0x82][0xc1][0x11][0x6]GU|[0x12][0x9f]R[0xf0]i+[0xfe]I[0x9f][0x8c]-{[0x80]m}@[0xc1]gT[0xd8][0x84][0xcf]2x[0x8e][0x99]?[0xaf][0xe0][0x9f]U[0xb8][0x12]_P[0xf1]E|)[0x11]_[0xc6]W[0x18][0xbc][0xca][0x8][0xaf]18[0xc6][0xe0]u[0x6]a[0xf0][0x86][0x82]o2[0xdd][[0xc][0xde]f[0xc6][0xef]0[0xfe][0xbb][0xc][0xde][0xe3][0xd7][0x97][0x18][0xbc][0xcf][0xe0][0x18][0x3][0xa2][0xbc][0x1e]/U[0xf0]8[0xe3][0xa0][0xe0][0x87][0xdc][0xfe]U[0xc1][0x8f][0xb8][0xfd]X[0xc1]O[0xb8][0xfd][0x9b][0x8e][0xc4]O[0x9f]2[0xf8][0x8c][0xc1][0xe7][0xc][0xbe]P[0xf0]K[0x15][0xee][0xc5]v[0x5][0xff][0xae][0xc2][0x1f][0xf0]k[0x15]n[0xc7]o[0x18][0xfc][0x83][0xc1][0xb7][0xc][0x8e]1x[0x9d][0xc1]wI[0xf8]O[0xfc][0x9e][0xc1][0xbf]T[0xfc][0x1][0xff][0xcd]}[0xff]a[0xf0]_~[0xfd]_[0x12][0x9e][0x10][0xa0][0xc2][0xad][0x2][0x9]0[0x97][[0x85][0xe0][0xa7]o[0x19][0x1c]c[0xf0]:[0xf7]I[0xc]d[0x6][0x16][0x6][0x9][0xc][0x14][0x15][0xb6][0x9]+[0x83]D[0x6][0x12][0x3][0x95]A[0x92]*4[0x91][0xcc]O)[0xc][0x6]0HM[0x12]i&quot;[0x9d][0x9f][0x6]2[0x18][0xc4][0xc0][0x96]$[0x6][0x8b][0xc][0x15]v[0x88]![0xc][0xec][0xc]2[0x93]D[0x96][0xc8][0xe6][0xa7][0x1c][0x6][0x3][0x19][0xc]e0,I[0xe4][0x8a][0xe1][0x8a][0x18][0xc1]a[0xf1][0x1a][0x83]c[0xc][0xde]  F[0x92]Q[0x19][0xf5]M1J[0x11][0xa3]U8.[0xc6][0xf0][0xcb]X[0xb2][0x96][0xc8]c[0x83][0xbf][0xc6]O[0xf9][0xb4]Tb[0xa4]&quot;[0x1c][0x1c][0xce]+[0x15]Q[0x80][0xa0][0xd4]:=[0xce]f[0x97][0xf]A[0xab][0xf6]x\[0xbe][0xaa]V[0xa7][0xdf][0xef][0xf2]+[0xa2][0x10][0xc1]6[0xcb][0xed]ooun[0x9c][0xeb]jm[0x9f][0xe3][0xf3][0xb6][0xd5]{;|[0x8d].E[0x14]![0xc][0x89][0x18][0xaa]\[0x1d]p[0xf9][0x16][0xfb][0x9c][0x8d]k[0xdd][0x9e]fE[0x14]#[0xc][0x8a]&quot;[0x9c][0xe3]m[0xec][0xf0]#X[0x1a][0xbd]m[0xed][0xd4][0xe][0xa8]Y[0xe3]\[0xe7],[0xe9][0x8][0xb8][Kj[0x9d][0xed][0x15]$E[0xbb][0xd3][0xe7][0xf2][0x4]h[0xcc][0xda]f[0xc8]C[0x8f][0xe9][0x11]hK\[0x8d][0x1][0xaf][0x8f]0-M[0xae]U[0x1d][0xcd][0x8][0xb8][0xc]![0xb9][0xca][0xeb][0xf1][0x7][0x9c][0x9e][0xc0][0x12]gk[0x87]K[0xa2]T[0x8]$Y#k0[0x8a]I7[0x8c]j![0x1]F[0xb1][0x14][0xf5][0xae][0x0]B[0x9a][0xc1][0xb0][0xd5][0xe9]i.[0xd1][0xf5]$~[0x89][0xf5][0x1b]=[0x81][0x16]W[0xc0][0xdd][0x88]0[0xb8][0x97]t[0x14]#[0x8d][0xaa][0xf][0xf8]H%[0x84][0x84][0xa9]n[0x8f];0[0x1d]A[0xca][0xcb]_[0x82] Wy[0x9b]\[0xac][0x86][0xdb][0xe3][0xaa][0xeb]h[E[0xda];W[0xb5]R[0x8f][0xea]lj[\n]&quot;
2013-02-06 13:51:57,397 AAD-WS DEBUG wire:63 - &gt;&gt; &quot;[0xdb]3+O[0x9f]nC[0x9][0xb]QRU?w[0x94]9T[0xc1]&lt;[0xb2][0xf3][0xaa]O6[0x9c][0xec]s[0xb5]y[0xd7][0xb9]N[0x87][0x19][0x19]B[0xce][0xab]f[0xa2]4[0x83][0xa8][0xb2][0xb5][0xb5]6lD[0xb5][0xd9][0x15][0x88][0xe0]R[0x9d][0x1f][0x8f][0xf]BR/[0xaa][0x9f]q[0xf3][0x97][0xc7][0xc7][0x1d][0xd0][0x8b][[0xe5][0xed][0xf0][0x4]t[0xd3]T#[0xa4][0x9e][0xef]w[0x5][0xd8][0xe0][0xd5][0xb3]B[0xc6][0x1b][0x9b][0x17]a[0xf6][0x5][0xab][0xd6][0xd0]JVD[0xf4][0x18]h[0xba][0xd2][0xa9][0xe7]7G[0x13][0x8f][0x89]A[0x9c][0xdf][0x9f][0x1a]aJ[0xdc]Y[0x9c][0xeb][0x3]%[0x95]K[0x17][0xcf]^G[0xe][0x16][0x9b]6[0x91][0xa6]][0xa8];[0xe0][0xa9]&apos;4[0xbb][0xc8][0x2][0xfd][0x14][0xcd][0xcf][0xeb][0x9d][0xb0][0x8a]&lt;[0xdd][0xeb][0xe1][0x19]c[0xab][0x9a][0x17][0x81][[0xeb][0xf2]tT[0x7]\mqP[0x7][0xf4]3J^[0xcc][0x89]b[0xaa]66[0xd6]&lt;11[0x93]B+[0xa7][0x87]J~&lt;s[0x9a][0xde]`&quot;[0xea][0x2]&amp;[0x85][0x96]M[0xa7][0xcc][0x8b]k[0xc0](R[0x84][0x8a][0x1f][0xb3]f[0xfd][0xa8][0xd5]Hy[0xb][0xe2][0xdb]&gt;[0x86][0xc4][0x8e][0xb8][0xd6][0x8f][0x81][0xac]Fj[0xe7]8[0x89][0xe9][0xfb]I[0x98][0x1f][0xdf][0xf8][0xfd]p[0x93][0x3][0x9c]@[0xab][0xea]u[0x95])[0xfc][0x6][0xe5][0xc5][0xf4][0xba][0xa4][0xa6][0xde][0xcc][0x8a]pu^4[0xb3][0x99]&gt;[0xef]Z[\n]&quot;
2013-02-06 13:51:57,398 AAD-WS DEBUG wire:63 - &gt;&gt; &quot;[0xd0]Xs[0xf4]_[0xf4][0x93][0xf6][0xf4][0x8f][0xd4][0x93][0xac][0x10]g,[0xce][0x8][0xde][0xe][0xbf]K[0xef]B[0xc8][0x9])[0xc0][0x98].[0xee]+[0xe9][0x1d]f[0x85]Y[0x13]g[0xa0][0xb1][0xc5][0xc4][0x1f][0x9c][0x17][0x87]q:1[0x9e][0xe5]r[0xb5][0xbb][0xfc][0x1]C[0x82][0xca]8^V][0x1d];PW[0xbb]=M[0xe1][0xb5]b[0xe2][0xe2]&gt;[0x8b][0xe8][0x9]8)[0x8f][0xfb][0x88]&lt;[0xcc][0xa0][0xef][0xea]&quot;[0xa4][0x90][0x8][0x8b][0x88][0x1b][0xf1]mu1[0x87][0xb2][0x90][0xe1][0xfd][0xeb][0xdd][0xbc][0x99][0xb8]Z[[0x17][0xb9]&lt;M.[0x9f][0xcb][0xb7][0xd0][0xe9]qU[0xf4][0xe1][0x14][0xa6]49[0xf5][0x91][0xe5]Gq[0x8a][0x94]ir_[0xc2][0x0][0xef]@%[0xf3][0xf4][0x8d]h[0xae][0xcb][0xd9][0xa4]+[0x14]G[0x88][0x1f]I[0x1a]9ka_R[0x83]([0xfe]L[0xa7][0x81][0x1e][0xc9][0xbd] [0x1a][0xdd][0xe7]:[0x9][0xf3]Sc[0x9f][0x8c]w[0x8d][0xdb][0x1f]8}[0xde][0xfd][0xb1]#y[0xa7][0xb2]x[0xbd][0x81][0x85][0xde][0xf6][0x8e]v[0x8e]t[0x84][0xf1]Q[0xc][0xc2]C[0xe1][0x4][0xd0]o[0x80][0xbc][0x83]]U/[0x96][0x16][0xac][0xf7][0xf0][0x86]]|[\n]&quot;
2013-02-06 13:51:57,398 AAD-WS DEBUG wire:63 - &gt;&gt; &quot;.[0xfd]$9Y~[0xea][0x87]l[0x8b][0x95][0xaa])[0xe2][0x12][0x8c]:[0x8]at$BhK[0x8a]QD[0xa9][0xce][0xc6]F[0x17]Q[0x8c][0x1b]7[0xae][0xf7][0xa5]4[0xf2]e|[0xe4][0xcb][0x84][0xc8][0x97][0x89][0xfc]b[0x9d][0xda][0xd8]j[0x96]X[0xaa]Qe[0xce]qsAe[0xa5][0xaa][0xa3][0x98][0xe7][0xd3]p[0x2]N[0xd4][0xb0][0x4][0xc7]iX[0x84][0xc5][0x1a][0xfc][0x80]s5[0x9c][0x8d]gi[0xa2][0x4][0xe7]![0xe4]F[0x9]U[0xe7][\r][0xcc][0xa1][0xba][0xa4]i[0xf6][0x86]FW{[0xc0][0xed][0xf5] [0xc][0xed]E[0xa9][0xf3][0xea]H[0xb3]\[0xab][\r]$[0x9f][0xcf][0xeb][0xd3][0xc4]8Q[0xaa][0xa1][0x10][0xe3][0x9][0xa0][0xa4][0xc1][0xf7][0xf0]/ML[0x10][0x13][0x19][0x9c][0xa1][0x89]2~*[0x13][0x93]41[0x99]F[0xc5][0x14]1[0x89]rV[0xec][0xfa]H[0x13][0xe5][0x82][0xac]b[0x8f][?ib*[0xa6][0x87][0xc9][0xcd][0xb5][\r][0xaf][0xc]-[0x80][0xb1][0xdf]kb[0x9a] [0x8b][0xa4][0xf7]_&lt;[0xaa][0xf5][0xfa][0xed],[0x1a]|[0xb][0xdf][0xd1][0xa2][0xf6][0x16][0xcd]K][0xce][0xb5]s[0x9d][0xfe][0x16][0xaa][0xb1]Y[0xa7]$E[0x9c]I[0x82][0xa3][0x1d]a`/[0x12]#[0xe8][0x19]@[0x13]3D%[0xa9][0x88]vM[0xcc][0x14]U[0x8]#z[\r]V[0xdd][0xda][0xea]jv[0xb6]V[0xfa][0x9a];[0xda]h[0xfa][0x8][0xab][0xa6]U{[0xd6]9[[0xdd]M[0xb9]a[0xd9]41[0x8b][0xa7]H[0x8d][0xf6][0x1c][\r][0x7]`[0xaa][0x86]9[0x98]aj[0x1e][0x96][0xbe][0x97][0x14][0x87][0x88][0xd9][0xd1]v[0x9][0xfb][0xbc]&amp;[0xe6][0x88][0xb3][0x18]e[0xae][0x6][0xff][0x84][0xef]4[0x1c][0x88][0x83]4[0xb4]a[0x6][0x83][0xc1]4[0xc0][0xd3]*[0xe1][0xad]:[0xbd][0xff][0x1e][0xa8]a[0x1e][0x8e][0xd2]0[0x17][0x87]k8[0x82][0x9f]F[0xe0]HMTc[0xa1]&amp;[0xe6]a[0xba]&amp;[0xe6][0xf3][0xaa]dG[0xd0][0x91][0x87]8;Z[0x3][0xbd];[0xab]&amp;jp.[0xed])Q[0xee][0xa6][0xc1][0xff][0xe0]Dh[0xca]b&amp;-[0xe]OY[0x8d][0xf3]4D[0x1e][0xd6]MR[0xcc]T[0xc5][0xa1]R.5:[0x0]5Q+[0xea][0x14][0xb1]@[0x13][0xb][0xd9][0xaf][0xb9][0xf8][[0xe8]s[0xf9][0xc9]8N6[0xb8]&amp;[0xce][0x16][0x8b][0x14]Q[0xaf][0x89][0xc5][0xe2][0x1c][0x84][0x8c][0x8]Y#[0xd1]B+[0xac]3[0x8e]X[0xad][0xcc][0xde][0xde]ET[0xb5][0xbb][0xdb]\[0x11][0x83]Y.[0x8e][0x83]\[0xb7]g[0x9d][0x97]Or[0xb9][0xed]}[0x18][0xe6]DL[0xb5][0x94][0xd2][0x94]w}[0xdf][0x9]S#E[0xe1]%[0xd3][0xc4][0x12][0xb1]T[0x11][0xe7][0x92][0xd1]E[0x83]&quot;[0x96]kb[0xa5]8O[0x13][0xe7][0x8b][0xb]4[0xe1][0x14][0xab]4[0xd1]([0x9a]4[0xe1]BI[0x11][0xab]5[0xd1],[0xaa][0x14][0xd1][0xa2][0x9][0xb7]X[0xa3][0x89][0xb5][0xa2]U[0x13]m[0xc2][0xa3][0x8]/UB[0xbd]eAc[0xc0][0xbd][0xce]( 4[0xd1][0x8e][0x92][0xa9]D[0x85]1[0xdf][0xb5][0xd1][0x1c][0xfe][0x9][0xaf][0xa7][0x8f]q[0xec]q[0xab][0x10]M[0xf8]1][0x11][0xd4]v[0x88]u[0x1a][0x96][0xe2][0xf8][0xfe][0xd8][0xd5][0x9e][0xf6][0x8e][0x80][0x8e][0xad][0x88][0xf5][0x9a][0xd8] 6[0x86][0xbc]7[0xc2][0xb5]gv[0xac]^[0xcd][0xe9]:[0xb3][0xc3][0xc3][0x91][0x94][0x1b][0xf0][0xe6][0x86][0xaa][0x9b]\[0x9d]My[0xae]&amp;.[0x14][0x17]1[0xf8][0xa9]&amp;.[0x16][0xa5][0x8a][0xf8][0x99]&amp;.[0x11][0xe3][0xfb][0xa4][0xa5]j[0xf][0x1d][0xa4]}[0x1d][0xed][0x1]Wd[0xde]J[0x9b][0xe3]lm[0xcd]][0xdc][0xe2][0xf3]v4[0xb7][0xe4]6[0xea]G[0xcf][0xc8][0x94]`[0xd6]/[0x9a][0xf8]9[0xab]|)[0x1]&lt;[0x3][0xcb][0xcc]D[0x10][0x8e]&quot;}{[0xa2][0x82]B[0x13][0x97][0x89]M[0x8a][0xd8][0xac][0x89][0xcb][0xc5][0x15][0x8a][0xb8]R[0x13]W[0x89][0xab]5q[\r][0x83]_p \+[0xaa]4[0xf1]K[0x6][0xbf][0x12][0xd7]i[0xe2][0xd7][0x11]![0x11][0xbb]D[0xd1]p[\n]&quot;
2013-02-06 13:51:57,399 AAD-WS DEBUG wire:63 - &gt;&gt; &quot;[0x96]k8[0x9]&apos;k[0xe2]z[0xa6][0xbb][0x81]y[0xdd]H[0x0][0xa7][0x88][0x9b][0xc2]q[0x18]Y[0x1]0[0xf6]4S[0xf5][0xf8]U[0x8]cU[0x98][0x99][0xae][0xcf]&amp;[0xcf][0x3]gF[0xf][0xf0][0xe][0xcd][0x3][0x95],[0xcf]t[0x6]S[0x19][0xcc]`0[0xb3][0xaf]{r*.E[0xbe],H[0x9][0xdb]q[0xa1][0xd7][0xcd][0xf9]G[0x88][0x9b]5[0xf1][0x1b]q[0x8b]&amp;~+:5[0xb1]El[0xd5][0xc4][0xad][0xe2]6E[0xdc][0xae][0x89];[0xc4]6Ml[0x17];[0x14]q[0xa7]&amp;[0xee][0x12]wk[0xe2][0x1e][0x6]][0xe2]w[0x9a][0xb8][0x17][0xb][0x15][0xf1]{M[0xfc]A[0xdc][0xa7][0x89][0xfb][0x99][0xfe][0x1][0xf1][0xa0]&amp;[0xba][0xd9][0x1e];y]v1xH[0xec][0xd6][0xc4][0x1f]EP[0x13]{[0xc4]^M[0xf4][0x88][0x87]5[0xb1]O[0xec][0xd7][0xc4]#[0xe2]QE[0x1c][0xd0][0xc4]A^[0x81]C[0xe2]1M[0x1c][0x16][0x8f]k[0xe2][0x9]qD[0x11]G5[0xf1]$[0xef]=O1[0xaf][0xa7][\r]6R[0xc4]3[0x9a]xV&lt;[0xa7][0x89][0xe7]y[0xb2]?[0x8b][0x17][0x18][0xfb]EE[0xbc][0xa4][0x89][0x97]y[0x93]z[0x85][0x99][0xbc]j`[0xbf][0xa6][0x88]c[0x9a]x][0xfc]%[0xda]fFV}C[0xbc][0xa9][0x89][0xb7]8[0xe3][0xdb][0xfa][0x8d][0xea][0x1b][0x8b]x[0x9b][0xa7]~G[0xbc][0xcb];[0xee][0x1c][\r][0xab]pV(sE\[0xce][0x98][0xd6][0xec][0xb5]1[0xc2][0xa8]([0xa3][0xc7][0xbc]O[0xa2]Cj|[0xb4]&gt;wK[0x8]#O[0xce][0xd0][0xbc]gRV{}u[0xce]6[0x97]y[0xfb]AU[0x6][0xed][0xba][0xd1]G[0xaa][0xf0][0xc1][0xd7][0x16][0xab][0xc8][0xa1]*Hr65[0xc5][0xa9][0x91][0x96][0xf1]q[0xa5]:N[0xf1]d\[0xc2]0e[0xec][0xf3][0x88][0xa5][0xb1][0xd5][0xe5]$kI[0xcd][0xbc]K)[0x1]o[0xa5][0xcf][0xe7][0xdc][0xc8]G[0x9a][0xe5]18[0xc6][0xe8]C[0x90][0xfd][0xee][0xb]i[0x86]4JMU[0xad]n[0xca]/[0xb]}[0xde]v[0x97]/[0xb0][0xf1][0x94][0xb7]-[0x11][0x82]&amp;[0xf7]. [0x15][0x8]$[0xf]q[0xb][0x9f][\r]NE[0x1f]K*[0xc5][0xed][0x9f][0xdd][0xd6][0xce]BHyl[0xa2]4&gt;[0xeb]D[0x89][0x97][0x19]y*4[0xf6][0xfe][0xd0][0xf9][0xcb]X[0xad]j[0xde]}8[0x97][0xe][0xce][0x8b]S[0xb5]F[\r][0xf4][0x92][0xf3]5N[0xc8][0xa5]dz&gt;[0xd7]h[0x1a]h3[0xf4][0xbb][0x2][0xfa][0xe6][0xa1][0xef]U[0x86][0xc0][0x6]~[0x8d][0x97]3[\r][0xa5][0xfd][0xbc]~u[0xad]1T[0x11][0xaa][0xa8][0xa2][0x7][0x88][0xbe][0x95][0x1e][0xf4][0x1e][0x83]W[0xad]+[0xd0][0xe2]%[0x97][0x99][0x11][0xc3][0xa1][0x96][0xf7][0xab][0x9a]#[0xe7][0xf3][0xb9]V[0xb7][0x92]H%[0x6][0x7][0x9a]rH[0xbc]1[0xf2]/}v[0xc5][0xbe][0xf1][0x8a][0xe5]A[0xb1][0x96][0x8a][0xef]N[0xc2][0x96][0xce][0x88]}fX[0x12][0xce][0x7]Q[0xb7][0xb][0xbd]K[0x10]u[0xc3][0xa0][0x88][0xf7][0xc2][0x19]F[0x1f] [0xbf][0x1a]UM[0xb9]B0Hh[0xf4][0xb9][0x9c][0x1]W[0xd4][0xb5]O[0xe4][0xc5]C[0xf4][0xe5]KM?V[0xe6]*[0xcf][0xf5][0xb6][0xb9][0x98][0xa5]-/6[0x8e]F[0xea]Uu[0xf8][0xf8]F[0x8f][0xd1][0x6][0xe7][0xc5][0xc0]b[0xfd][0x18][0xcf]L![0xae]&amp;[0xbe]F][0xa6]_[0xb8][0xb5][0x93]H[0x81][0xfa][0x0]%[0x1d][0xce]&lt;[0xae]P1[0xc5][0xf6][0xd1]+[0x81][0xb3];\[0x1d][0xd4][0x9b][0xea][0xf6][0xcf]2wy[0xda][0x9d]i[0xcb][\n]&quot;
2013-02-06 13:51:57,399 AAD-WS DEBUG wire:63 - &gt;&gt; &quot;%EF\[0xec][0xf5][0xb6][0xae]u[0x7][0x8c](0[0xcb][0xc8]p[0xdf][0xa0]H[0x17]6{I[0xec][0x81][0xec][0xc0][0x1b][0xfd][0x94]r#[0xa7][0xc9][0x88]D[0xee][0x1d]`5[0x9][0xbf][0xce][0xb5]!`[0xde][0xa0][0xd8]&quot;[0x11][0xc3]W([0x91]G[0x85]P&apos;[0x1d][0xac]B[0xf5][0x89][0x11]uT7[0x19]w[0xda]J[0xa3][0xd7][0xe3][0xef][0xe0][0xd4]i[0xe1]`[0x9c]e[0x96][0x8c][0xa1]=[0xa1][0x9e][0xe1]9[0x94]2[0xdc][0x1][0xb7][0x8b][0xdc]&gt;[0xcd][0xed][0xaf]q[0xad]6[0xee]}fv[0x4][0x2][0xfa]9+[0xc2][0x9d][0xfa][0xdd][0xfb]p^[0x88]&lt;[0x19][0xe8][0xda]R[0xc2][0xa0][0xba][0x87][0x14]0[0x8][0xdd]^[0xaa]e[0xf5][0x15] [0xa3][0xb6][0x91][0x2][0x9][0xce][0xf6]v*8[0xc2][0xd7][0x9]q[0xcf][0xa3][0x91][0xd5]XE[0x14]z[0xdc][0xcb][0xe3]0[0xba]5[0xe0][\r][0x95][0xe5][0x3]c[0x8][0xc2]_)[0xf8][0xad][0x95]t[0xb4][0x92]q[0x96][0xba][0x9b][0x2]-[0xa6]?[0xba][0xdc][0xcd]-[0x1][0xe3]v[0xa7][0x86]|[0xc9][0xe7]j[0xe2][0xca][0x88]o[0xf9][0xa3]N[0xfb][0x11][0xa3][0xa1]0[0x8f]5f[0xb0][0x9d][0xc9][0x87]ST[0xc6][0x8b][0xbc][0xa5]H[0xef][0xdf][0x8b][0x80][0x1b][0xe8]WM[0xbf][0x8d][0xc6][0x95]&gt;WL5[0xde][0xc6][0xb5][0xc4][0xd3][0xed]_[0xe2][0xf6][0xbb][0xf5]O[0x15][0xf4]&lt;[/V[0x9b][0x8c][0xab][0xbb]p[0xe0][0xfb]u[0x8f][[0x1e];[0xf7][0xa6]Eb[0x9a][0x17][0xff][0xc9][0xe4][0x3][0xac][0xfe]z[0xd3][0x8][0x96][0xf5][0x86]a[0x12]Z[0xcc][0x8e]!yq/N,&lt;[0xc4]{Q[0xa3][0xb7][0xb5][0xa3][0xcd]S[0x19][0xd0][0xcb]0[0xb2][0x84][0xf][0xe9]][0x15][0xfc]q!Y75&apos;[0xdf]Ez[0x2][0xcf][0xc8][0x8b]w}cm4[0xf6][0x5][0xbf]9[0xc5][0xb2][0xd0][0xcd][0x1b][0xcf]RK[0x9e][0xde][0xca]7[0xfd]}[0xd7][0xc6](@[0xf5][0xfa]3[0x2][0xaf][0xc2]&lt;[0x7][0x9f][0x1c]+d[0x19][0xee][0xa8][0xa6][0xd2]xC[0xa5][0xbe][0xfb][0x90]|[0xd5][0xc6]R[0x1a]C[0xc4][0xab][0xf7][0xb]L[0x1c]~[0x15][0xe1][0xa3]V[0x1c][0x4]c[0xae][0x90][0x1d][0x8c]:[0x9c][0xf7][0xfd][0xf8]|#[\n]&quot;
2013-02-06 13:51:57,399 AAD-WS DEBUG wire:63 - &gt;&gt; &quot;[0xf6][0x8a][0xd0]}[0xaa][0x9e][0x90]z[0xc9][0xd9][0xa1][0xcd][0x8f]X[0x83][0xa3]}[0xd6][0xb8][0xb4]3,hL[0xab]o[0xb]Wc&apos;[0x9d][0x90][0xb4][0x9][0xb1][0x8e][0xec][0x8e][0xb8][0xc9][0x98][0x11][0xf3][0x8e][0xb0][0xe4].[[0x16][0xd7][0x8d]T[0x9f]w}[0xd8]w[0xd8][0xe7][0x8d][0xa9][0xd8]G[0xec][0xb4][0xfc][0xcb][0xe2]x[0x9][0xc7]@[0x13]e2[0x8e]x[0xf6]-[0xf3]e[0x91]w[0xbd]q[0xa5]g[0xbe][0x87][0xcc]&gt; [0xcc]8[0xa4]Z~[0xd8][0xb3]Omv[0xda]U\[0xfc][0x95][0xb3][0x97]zZ[0xac]k[0xd8][0xfe][0xa4]q[0xb5]N[0xd7]?[[0x5]Z[0xe6]x}[0x14][0xdf][0xe6]1|X[0x91]([0xfe]K8[0x9]0n[0x85][0xa1])?[0x86][0xb2]Ki[0xde]I[0xd0][0xe3]X[0x8e][0xad]S[0xef][0xe2][0xba][0x84]&amp;e[0xc4][0xde][0xfb][0xfe][0x93]MK[0x96]%a[\r][0xfc][0xa1]&apos;[0x9d][0xb6][0xda]&lt;[0x89][0xc7][0x1c][0xa6][\r]TO[0xb4]~][0x8f][0x8]W[0xa2]TDS[0x18][0x82][0x19][0x1b][0xba][0x1e][0xfa]*[0xad][0xf3][0x86]v&apos;[0xd9][0xb3][0xe9]T[0xf3].3B[0xc1][0xc][0xea][0xa1][0xf1]t[\n]&quot;
2013-02-06 13:51:57,400 AAD-WS DEBUG wire:77 - &gt;&gt; &quot;[0xa5][0x86][0xcc][0xf8][0xa3]\[0xa9][0xd1][0xe6][0xe8]\M[0x1c][[0x9c]&quot;
2013-02-06 13:51:57,401 AAD-WS DEBUG wire:63 - &gt;&gt; &quot;~[0xf3]h[0xc2][&lt;u6[0x85][0x8d][0xa7];[0xdb][0xe8]x[0xf3]D[0xf9][0xd0][0xf0]S&quot;[0xd1][0x96]c[0xa6][0xfc][0xd3][0x8d]6[0xbe]4[0x8f][0x15]l[0xcb][0xfa][0x84]M[0xa4][0xdf][\r]h5[0xbd]m[0xb1]W[0xcf]u[0xe6][0x6]B[0xf3][0x85]\**[0xe3]Gz[0x8e]=JU&gt;[0xb6][0x87][0xac]i[0x8b]9`[0xd4]9[0xb3][]m[0xe6]&apos;[0x93][0x1]nh[0x89][0xcd][0xf9]m[0xd1]V5[0xfb]scL[0x16]e[0xd2][0xec][0x93][0x8d][0x1b][0xd6][0x8c][0xee][0x8d][0xb0][0xe6][0xf4]X[0x9f][0x9]b|[0x99]Z[0x16][0xcf][0x96]Z[0xe4][0x86][0x1a][0xbd][0xa3][0xf5][0x9]v[0xb7]?|[0x11][0x1a][0xde][0xc4][0xe9][0xc4]U[0xe9]kc[0xaf]f&gt;[0x11]_[0x1f]2[0xa3]sx[0x9f][0xaf][0xc]}[0x8b]a[0x18][0xe][0x9f]A[\r][0x0]$[0x80][0xca]W[0xc8][0xf4][0xa4][0xf2][0xfd][0xaa][0xde]~[0xf][0xff][0xa2]6[0x13]~[0x80][0x3][0xc2][0xe8]Y[0xc0][0xc1][0xca][0xd7][0x9d][0x80][0x8][0xfa]?+[0xdf]n[0x86][0xdf][0xce][0xa0]&apos;[0x81][0x12]A[0x99][0xde]r[0x88][0x8a][0x7],[0x8e]=[0x90][0xb4][0x93][0xff][0x83][0x6]Z[0xf4][0xa9][0xb8]s!$b[0x2]*&amp;[0xea]hb[0xcd][0xbd][0x89][0xbb]@s[0x4]!yi/[0xba]JC[0x0]+h[0xde][0x95]:[0x89]5L&quot;[0xe9]#L[0x92]Y[0x10][0x84][0x94]h[0x12]7[0x91][0xac]![0x92]DTM[0x92]\s[0x16][0xab]1[0xcb][0x80][0xfb][0xa2]d[0xf2][0xeb][0xd8]I1d[0xca][0xc]Bj?[0x99]~F[0x13]\B$ZX[0xe3][0x91]`[0x18]B![0x92] [0xa4]E[0x13]\A[0xf3]\I[0x4][0xc9][0x98][0x12]&amp;0[0xe6]H2[0xe6]H?[0x8][0x3][0xbb][0xa3][0x84][0xba][0x9e][0x8][0x6]`[0xaa]I0Fg[0x4][0x90]B[0x4][0xd2]#00[0x8][0x83][0xe][0x82]-[0x9a][0xe6]6[0xa2]I[0xc3]t[0x93]fX[0x1f][0xa9][0x6]Gk[0xdd][0x5]*[0xdf][0xa6][0x9b][0xc8][0xdf][0x93]Y[0xf9][0xd3][0xdc][0xea]8[0x4][0x19][0x9d][0x90][0xea]8[0x8][0x19][0xe9]C[0xc8][0xbe][0xf6].[0xb8][0x86][0xfa]2[0xb7][0x80]JMV&apos;[0xf8]vA[0xf6]QH[0xd9][0x7]9[\r][0xd6]=0[0xf4]![0xc8][0xa6][0xe]G[0xf][0xc][0x13]p[0x10]rk[0xb][0x8f]@Q[0xc1][0x11]H)[0xd4][0xa9][0x87]/[0xed][0x82][0xf9][0xf4][0x18][0x84][0x11]K[0xb][0x83]0[0xb2][0x13][0xa6][0x19][0xd8][0xa3][0x4][0xd0][0xd0]8[0xc2],[0xdc][0x7][0xb9][\r][0x96]=0[0xba]6D[0xc2][0x18][0x85]=0Fb[0x94][0xe4]}0[0xb6]!=o[0xf][0xe4][0x1f][0xe8][0xb5][0xeb]&lt;H&apos;[0xb8][0x13][0x14][0xd8][\r][0x83][0x80][0x98][0xc3]&gt;[0xc8][0x83][0xfd]0[0x1][0xe][0xc3][0xc]x[0x1c]f[0xc1][0x13]0[0x17][0x8e]@=&lt;[0x9][0xcb][0xe0])p[0xc2][0xd3][0xe0][0x81][0xe7][0xc1][0x7][0x86][0x8b][0xe0][0x5][0xd8][0x4]/[0x92][0x81]_[0x83][0xad][0xf0]:Y[0xc1][0x86][0x83]M+l5[0xad][0xb0][0x1c]k[0x1c]G`[0x89]a[0x8b][0x81][0x86]-[0x82]@mAM[0x17][0x9c][0xd9][0xc7][0x1c]cI[0xda]#P[0x10]m[0x83]L][0xe9]B[0x83]&quot;B[0x87][0x82][0xde]5+[0x86]$[0x82][0xef][0xd1][0xca][0xbe]OKr[0x1c][0x92][0xe1][0x3][0x8a][0x9d][0xf][0xa1][0x0][0xfe][\n]&quot;
2013-02-06 13:51:57,403 AAD-WS DEBUG wire:63 - &gt;&gt; &quot;[0xa5][0xf0][0x11]L[0x87][0x8f]a&amp;|[0x2][0xb][0xe0]sh[0x80][0xaf]tA3LAW[0x93][0x98]:[0xf][0xac]%A[0xf3][0xf7]BQ[0x9d]T&amp;w[0xc1][0x90]&quot;[0x9b]&lt;[0xde]Q[0xd0][0x3][0xc5][0x12][0xb0][0x18][0x96][0xc2][0xee][0xcd]2[0xda][0xe4][0xa2]G[0xb7][0x9f][0xf8][0x8]{[0xe7][0x1e][0x3][0x89][0x4][0xa0][0xb9][0xff]Ms[0xff][0x87][0x1c][0xf5][0xbf][0x90]J[0x11][0x9e]MQ[0x9d]K[0xde]1[0x82][0xde][0xb]i&amp;[0x95][0xbf][0xb0][0x98]s[0xde]cF[0xde]y[0x8e][0xa3]`[0xc1]n2[0xd1]!([0xe9][0x84][0x14]2KI[0x10][0xc6][0x91][0x9e][0xa5][0xd4]Sj[0xf4][0x94][0x6]a&lt;[0xf5][0xc]c[[0x19]=[0xe4][0xe7][0x13][0xa2]lq[0x14][0x6][0xee][0x82][0x89]G [0x99][0xa0]a[0xbd][0x9a][0x8][0xfb][0x94][0x91]E[0x80]BF[0xc6][0x1][0x90]@^m[0xc5][0x81]0[0x80][0x1c]6[0x13]m0[0x9c][0x96][0xac][0x90][0xac]1[0x1][0x87][0xc0]t[0xcc][0x84][0xb9][0x98][0x3][0x8b]p([0xac][0xc0][0xe1][0x14][0x3][0x99][0x98]e[0xca]&lt;[0x82]$f[0x99][0x13][0x1c][0x5]{[0xe1][0x8c][0xa8][0xc0][0xc4][0x2][0xd2][0xa3]P[0xc7][0xcf]&gt;-[0xfc][0x89][0x84][0x6][0xe1][0xe7][0x84][0xd7][0xe1]\[0xea]g[0x87][0x19]e[0xd8][0x84][0xa9][0xca]j[0xb][0x8f][0x82][0xd5][0xb1][0x17]&amp;[0xf1][0x83]F[0xf][0x93][0xa9]wJma[0xaf]f#([0x83][0x0][0xce]$[0xcd][0xaa]H[0xb3]9[0xa0][0xe1]\H[0xc5]j[0xb0]a[\r][0xd8][0xb1][0x16]F[0xe0]B}[0x96][0xa1][0xe6],C[0xcd]t[0x91][0xe0]@[0xe2][0x14][0x15][0xf5][0xb8]R[0xc7][0x1d]vZ[0xb8]W[0xd3][0x8a][0xe6][0x92][0x8d]N[0x12][0xf4][0xe5][0xff][0xaf][0xa0]/[0xef][\r][0xfa][0xf2][0xd3][0xc][0xfa][0xf2][0x1f][0x13][0xf4]x[0x17]([0xd8][0x5][0x83][0xf0]^[0xb2][0xd2][0x83][0x90]G&gt;=[0x1][0xf7][0xc0][0xc]Rv[0x16][0xf6][0x90][0x1f]&lt;[0xc][0xf5][0xb8][0x1f][0x96][0xe1]#[0xe0][0xc4]G[0xc1][0x83][0x87][0xc1][0x87][0x8f][0xc3]E[0xf8][0x4]l[0xc2]#p=&gt;[\r][[0xf1][0x19][0xb2][0xc2][0x8][0x1c]y[0xea][0xa0]/[0xd7][0x83][0xbe][0xe2]G[0x4]}[0xb9][0x1e][0xf4][0x15]&apos;[0xf]z|[0x19][0x4][0xbe]BK[0xff]*$[0xe3]k[0x90][0x83][0xc7][0xa0][0x0]_[0x87]R[0xfc][0xb]9[0xf3][0x1b]0[0x13][0xdf][0x84][0x5][0xf8].4[0xe0]q][0xd0]Q[0xa7][0x1b][0xf4]Sc[0x4]}aT[0xd0][0xe3]g4[0xf7][0xe7]4[0xf7][0x17][0xc4][0xfb]Kr[0xbb][0xaf] [0x1b][0xff]NA[0xff]5[0x19][0xf4]K[\n]&quot;
2013-02-06 13:51:57,403 AAD-WS DEBUG wire:63 - &gt;&gt; &quot;[0xaa][0xef][0xc8][0x9d]F[0xe3][0x98]X[0x1]1-: N[0x80][0x85][0x1a][0xc6][0x1f]{:[0xf8][0xc2]J[0xf8][0x89][0x84][0x9f][0x17][0xd6][0xc9]O[0xfd][0xdc]N[0x88][0x1d]@G`[0x10]wM[0xaf]+2[0xba][0xce][0xac]+[0xea]6#jF[0x94]QE[0x16][0xc8]&quot;[0x1b][0x12][0xc4]0[0xd0]D.[0xa4][0x8a][0xe1]`[0x13][0xa3][0xc0].F[0xd3][\n]&quot;
2013-02-06 13:51:57,404 AAD-WS DEBUG wire:63 - &gt;&gt; &quot;[0x8d][0x81][0x91]b,[0xe4][0x89]|p[0x88]B][0x80][0xfc]X[0xf1]2#*^[0xc4][0x99]:[0xae][0xe3][0xb4]p}[0x84][@[0xf9][0xc4][0xc0][0x9d]N[0x8b][0xc5][0xb8][0x99]{A[0xcc][0xa7][0xe5][0x1a]H[0x95]G%[0xfd]f[0xd2][0xaf]j/P[0xfe][0xec][0xa5]Og[0x13][0x88][0x9b]I[0xfe][0xdf][0x80]U[0xdc][0x2]CD&apos;-N[0x11][0x16][0x1b][0xbc][0xd8]lz.[0x9c][0x8b][0xe5][\n]&quot;
2013-02-06 13:51:57,404 AAD-WS DEBUG wire:63 - &gt;&gt; &quot;[0xb1][0x1a]LN8[0xab][0x13][0xfe]D[0xae]9[0xcb]n[0x9][0xc2][0xec].8`y[0x4][0xe6]4H[0xbb][0xe0][0xac][0xa3]0 }[0xee]^[0xa8]nx[0x8][0xce][0xea][0x82][0x4][0xea][0xa9]o[0x90]w[0xc1]&lt;[0xee][0x9f]o[0xf4][0xcf][0xd3][0xfb][0xe7][0xd5][0x97][0xab]DU[0xd3] [0x15][0x10]FQ}y[0x12][0xc5]am[0xb9][0xd5]n[0xa5][0xac]U[0xb8][0x17][0x12][0xca][0x13][0xbb] [0xc9]n[0xa5][0x8][0xae]+O[0xb4]&apos;[0xa6]/[0xb0][0xab]AXX[0xae][0xd9]5[0xb4]&apos;[0x5][0xe1][0xec][0x83][0xb0][0xa8]\[0xe9][0x82][0x1][0xe5][0xda]&gt;X[0xdc][0x90]~[0xce][0x1e]Xr[0xc0][0xae][0x1c][0x5]y[0xa7]]9[0x4]K;![0xd9][0xae][0x1c][0x84][0xa5],[0xe1][0xb9][0xdc][0xd3][0xd0][0x9]C[0xec][0xb2][0xbe][0x1f][0xa4][0xf2]H[0x83]][0xd6]w[0x85]eXnE[0x9a]A[0xb6]&apos;P[0xc6]&quot;[0x1][0xf4][0x87][0x19]&lt;[0xe7]Q[0xb0][0x91][0xbe])[0x14]d[0xcb][0x11]X[0x9e][0x84][0x2][0xea][0xb6][0xda][0x13][0xf7][0xc2][0x8a]r[0xd5][0xae][0x1e][0x5][0xd5][0x9e][0x18][0x84][0x95][0xe5]*[0xa1][0xd9][0x1c]v[0xb5][0x7][0xce][0x13][0xe0][0x90]{[0xe0]|A[0x5][0xe]M[0xc3]2_`W[0xe4] 8[0xa9][0xe0]a[0x9a] [0xac][0xda]I[0xeb]x[0x1e][0xdc][0x0]7S[0xae][0xb0][0xe0]4[0x9c]A[0x85][0x82][0xb1][0x12][0xb7][0xc3]X[0xb2]w7Hb[0x17](b7[0xa4][0x88]?B[0xa6][0xd8][0xf][0xb][0xc5][0xa3][0xc4][0xf9][0x10]4[0x89][0xc7][0xc0]-([0xa7][0x88]&apos;[0xe0]Bq[0x14].[0x17]O[0xc2][\r][0xe2])[0xb8]Y&lt;[\r][0xdb][0xc5][0xb3]p[0x8f]x[0xe][0xba][0xc4][0xb][0xf0][0xa0]x[0x11]z[0xc4][0xcb][0xf0][0x94]x[0x5]^[0x15]o[0xc0][0xeb][0xe2]MxS[0xbc][0x5][0x1f][0x8a][0xb7][0xe1][0xb][0xf1][0xe]|#[0xde][0x85][0x8a][0xf7]P[0x88][0xe3]h[0x11][0x1f]a[0x8a][0xf8][0x18][0x7][0x8a]O0S|[0x8a]C[0xc5]g8F|[0x8e][0xe3][0xc4][0x97]8I|[0x85][0xd3][0xc4][0xd7]8C|[0x83]g[0x89]o[0xc9]+Jp[0x9c][0xe1][0x15][0xf8][0x9]yX[0x2][0xb5][0xf6][0xbd][0xd0][0xd8][0x89][\n]&quot;
2013-02-06 13:51:57,404 AAD-WS DEBUG wire:63 - &gt;&gt; &quot;[0xd2][0xea]6[0x5][0xc1]5[0xbf][0xb][0xac]5[0x14][0x1f][0xb2][0x11]Qbj[0x17]H[0x9b][0x11][0xc9][0xed]V[0xd7][0xd2]Z6[0xd7][0x15][0x1e][0x82][0x96]N[0x18]@i[0xaa][0xa5][0x7][0xdc][0x8]]&apos;[0x8e][0x17][0xe9][0xab][0xf2]k[0x1a]Y[0xd3][0x9][0x5]4[0xb2][0xa6]\[0xb6][0x93][0xcd][0xd6]&amp;[0xdc]A[0xab][0xc8][0xf][0xa9]Y[0xdb][0xc8][0xd6][0xf4][0xd4][0x8a][0xdd][0xdc][0xb4]u[0x9d][0xb8][0x9f][0xd0]=[0x9d]PO[0xe8][0x1e][0x3][0xdd][f[0xb1]Y[0xd2][0xf0][0x1f]w[0xc0]@n[0xbf][0xbd][0x3][0x92][0xb8][0xfd]n[0x1b][0x8c][0xb1][0xcb]{[0xa1][0xbd][0x13][0x86][0xea][0xe3][0xdb] %[0x8b]r)9[0xd9]O[0xba]N[0xac]fJ[0x9f]][0xd6][0xd9][0xfa][0xbb]N,1[0xba][0x17][0x14][0xe9][0xd5][0xc5] [0x9a]$[0xd0]y[0xa2][0x92]&amp;[0x9][0x4][0xa1][0xa3][0xeb][0xc4][0xa4]][0xb0]n[0x1f][0xac]o[0xd8][0x3][0x1b][0xd2]7[0x6][0xe1]BR[0xe9][0xa2] [0xfc]4[0x8][0x17]w[0x9d][0xc8]&quot;[0xd5][0xe7]Sz[0x90][0xd3]/!@[0x1]&amp;h[0xa3][0x1d]@[0xe1]UOfR1[0x99]Jwc[0x99][0x1f][0xa0]&quot;[0xb][0xa4]4H[0x90][0xa8][0xac][0x90][0x86][0xc0][0x0][0xc9][0xe][0xe9]R&amp;dHC!K[0x1a][0x6]9[0xd2][0x8][0x18]&amp;[0x8d][0x81][0x11][0x92][0x3]FK[0x5][0xe0][0x90][\n]&quot;
2013-02-06 13:51:57,405 AAD-WS DEBUG wire:63 - &gt;&gt; &quot;[0xa1]D*[0x83]2i[0x12][0x9c])M[0x86][0x99]R[0x5]TK[0xd3]`[0xa1]4[0x1d][0x96]H[0x95][0xe0][0x96][0xaa][0xc0]#[0xcd][0x82]vi[0xe]l[0x90][0xaa][0xe1][0x12]i[0x1e]\.[0xcd][0x87]k[0xa5][0x1a][0xb8]OZ[0x8][0xbb][0xa5][0xb3]a[0xaf][0xb4][0x8][0xf6]K[0xf5]p@Z[0x2][0x8f]KK[0xe1][0xa8][0xd4][0x0][0xcf]K+[0xe0]U[0xe9]&lt;xK:[0x1f]&gt;[0x90].[0x80]/[0xa4]FT[0xa4]1[0xa8]J[0xcd][0x98],[0xb5]`[0xba][0xb4][0x6]3[0xa4][0xb5][0xb4][0xec][0xa5]8[0xde]L,[0xbf]2[0xcb][0xb0]%[0xb4][0xa2]?[0xe7][0x1a][0x8c][0x17][0xd3][0x11]^L[0x98]Q`[0x94]\[0x5][0x14]\[0x84]ri[0x17][0x14][0x17][0x18][0x85][0x1a][0xf5][0x94]P[0xcf]e][0xbc]{[0xf7]1[0xa2]#l[0xc4][0x9d]}w[0xb][0xc9][0xb][0x16][0xa9][0x9d][0xce][0x1c]&gt;[0x18]&quot;[0xf9][0xc9]&amp;[0x1][0xb2]E[0x7][0x94]J[0xeb]h[0xb3][0xd9][0x0][0xe7]H[0x17][0x92]l[0x13][0xa8]02d[0xdb]A[0x89]J[0xa1]v[0x15][0x89][0xb5][0xa9][0x13]V[0x90]X[0x9b][0xea][0x8a][0x8a][0x82][0xb0][0x99]~[0x97]ge[0xef][0x85]+[0xd8]S[0x8e][0xc0]L[0xbb]\t7L[0xe5]tpe&apos;[0x14]r&amp;[0xb8]2[0x8]W[0x95][8[\][0x9e]`[0xb7]d[0xd9][0x13]v[0xc3]5M[0xd9][0xdc][0xfc][0xa2][0x89][0x12]&amp;[0xa9]c[0xd0]&amp;[0x90][0xaf]8[0xa2][0x92][0xbf]t)([0xd2]e$[0xe7]f[0xc8][0x96].[0x87][0xb1][0xd2][0x15][0xb4]^W[0xc2][0x14][0xe9]*[0x98]!][\r][0xe7]J[0xbf][0x80][0x95][0xd2][0xb5]p[0x81]t#[0xc9]{[0x6][0x96][0x99][0x89][0xf5]%[\n]&quot;
2013-02-06 13:51:57,405 AAD-WS DEBUG wire:63 - &gt;&gt; &quot;[0xa0][0x14]b[0xf4][\r][0x19][0xe0]Z[0x9e][0xfc][0xb1][0x9c][0xad]0&lt;&apos;k[0x7]d[0xdb][0xe4][0xad][0x90]a[0x93][0xb3]w@[0x1a][\r][0xfe][0x92][0x12]25[0xbf][0xda]B[0xb5][0x1a]Kw[0xd8][0x9e][0xd0]M[0xef][0xd7][0x95]&apos;[0x10][0xfc]u[0x99]&quot;[0x95]Y[0xbb][0xe0][0xa8]=[0xc1]f[0x1d]_[0x9e][0x88][0x94]f[0x12][0xf][0xc1][0xf5][0x9d][0xe4][0xf6][0x89][0x7][0xe1][0xfa][0x1c][0x1b]9[0xff][\r][0xe5]I[0xf6]$[0xda][0xce]z{n$[0xb4]$[0xce]rG[0xe0][0x1a][0xce]b7m[0x81][0xcb][0xec]*[0xed][0x14]vu7[0xdc][0xdc]I[0xb9][0x97][0xda][0xdf]l1R[0xdc]-[0x6]O2j&gt;s[0xd8][0xa4][0xe3][0xe8][0x8]9[0xc][0xaf]i[0xb2][0xc9][0xdc][0xb2][0xa5][0xae][0xe0]Di[0xb7]&apos;F[\r][0x4][0xe1][0xb7][0xc6]d9[0xcc][0xaf][0xb3][0x13]l[0xdc]n[0xe1]4[0x9d]H[0xb2][0x91]JI[0xdd][0x9b][0xad]h[0xb3][0xda][0x94][0xed]&apos;&amp;Ke[0x89][0x86]B[0x89][0xe3][0xcb]U[0xa4]q[0xd5]TH[0xed]U[0x88]v[0x2]VH[0xed]U([0xc9][0xae]q[0x8a]e[0x85]([0xcf][0xde][0xd4]I[\n]&quot;
2013-02-06 13:51:57,405 AAD-WS DEBUG wire:63 - &gt;&gt; &quot;%[0xb1]BI[0xa6]BI[0xa6]B*+[0xa4][0xf3][0xd4][0x15]RY![0xc6][0xd1][0x11]r[0x18][0xea]r&apos;[0x85][0x14]RY!5j[0x80][0x15][0xd2]&apos;[0xcb]a~[0xba]B[0xaa][0xa9][0x90]J[0xb2][0x91]BZ[0xf7][0xe6]D[0xb4]%[0xea][\n]&quot;
2013-02-06 13:51:57,406 AAD-WS DEBUG wire:63 - &gt;&gt; &quot;9[0x8][0x97][0xba][0xd4][0xee][0xf2]dn[0x93][0xf][0x90][0xab]&amp;R[0xc9][0xf5])[0xb9][0xd0]D[0x94][0xb9][0xa5][0x1c][0xfa][0x8a][0xde][0x1e][0xc3][0x8f][0xf5][0xf6]S[0xfc]J[0x1f]7[0x1c][0xed][0x1e][0xc8]&apos;G[0xbb][0x5][0x12]%[0xca][0x91][0xd2][0x16][0x98]([0xdd][0x6][0xe5][0xd2][0xed][0xe4]`[0xdb]a[0x8e][0xb4][0x3]j[0xa5];)![0xdc]M[0xce]v[0xf][0xb8][0xa4].X#[0xfd][0xe][0xd6]K[0xf7][0xc2]E[0xd2][0xfd]p[0x95][0xf4][0x0][0xdc]&amp;=[0x8]wI;)![0xec][0x82][0x17][0xa5][0xdd][0xf0][0xb1][0x14][0x84][0xff]J{([0xe0][0xb7]c[0x9a][0xb4][0x9f][0x2][0xfd][0x11][0x1c]*=[0x8a][0xc3][0xa5][0x83][0x98]/[0x1d][0xc2]2[0xe9]1[0xac][0x90][0xe][0xe3]\[0xe9]q[0xac][0x91][0x9e][0xc4][0x6][0xe9])[0xf4]HOc[0x87][0xf4][0xc]^,=[0x8b]wJ[0xcf]c[0x8f][0xf4][0x2]&gt;&apos;[0xbd][0x88][0xc7][0x88][0xfe]}[0xe9]U[0xfc]Tz[0x8d][0x1c]|[0x12]N6[0x3][0xf2][0xe][0xb3]d&lt;[0x1f][0xeb][0xc8]Q[0xb7]r[0x0][0x1d][0x82][;![0x8d]#[0xee]V[0xe][0xc8][0xdb][0xea][0xba]8[0x1a][0xf][0xc1][0xed]f[0xef][0xed][0xdc]{[0x7][0xf5][0x16]r[0xef]6[0xb3]w[0x1b][0xf7]n[0xa7][0xde][0xc1][0xdc][0xbb][0x83][0xb2][0x9][0xf7][0xee][0xe0][0xde];[0xa9]&amp;[0x8b][0x8a][0xc6]w@H[0xef]Rf}[0x1f]R[0xa5][0xe3]0T[0xfa][0x80][0xea][0xfa][0xf][0xc9]`[0xa5][0xac][0xf1][0x11][0xcc][0x93]&gt;[0x86]E[0xd2]&apos;[0x14][0x91][0x9f][0x92][0xb0]S[0xb0][0xdc][0x14][0xf6]yS[0xd8]Kta[0xef][0x8a]![0xec][0xdd]1[0x85][0xbd]&apos;[0xa6][0xb0]]1[0x85][0xfd]]][0xd1][0x11][0x18]F[0xe7]M[0xfd]4so[0x83][0xb2][0x7]~[0xff][0x10]L[0xa4][0x8e]&quot;[0x87]q[0xfa][0x88]Pf:m[0x1e] }M[0xca]|C[0xca]|K[0xca]|G[0xca][0xfc][0x93][0xd0][0xbe]&apos;e[0xfe]E[0xca][0xfc]@[0xca][0xfc][0x9b][0x94][0xf9][0xf][0xac][0x94][0x5]8e[0x9][0x9a]e[0xb][0xf8][0xe4][0x81]p[0xb1]l[0xd3]W[0xa2][0xc2]Tn[0x1][0xa9][0xc6]&lt;[0x87][0x91]r[0xfb][0xe0][0xf][\r]Y[0xd9]{[0xe0][0xbe] [0xdc]_&amp;;l[0xb4][0xf1]=@[0xd2]Z[0xca]e[0x9a][0x1c])[0xbb][0xf][0x81][0xac]pI2[0x98][0xc9]d;[0x8]9[0xb][0xd2][0xe4]l[0x18]&quot;[0xe7]@[0x8e]&lt;L[0xb7][0xdc]T[0x93]9[0x1d][0x8a][0xf4][0xbc][0xbb][0xc2][0x91][0x95][0x1d][0x84][0x7];[0xf5][0x9c][0xd5]m[0xe4][0xac][0x9d][[0xf4][0xc2]:[0x8][0xbb][0xea][0x8a][0xb2]z[0xe0]![0x1]e2[0x1d][0x18]z`[0xb7][0x0]#[0xdf][0xfe][0x91]2Z[0xc2]QH$[0x9c] ?R[0xbb][0x87][0xfb][0xf7]J[0x92]`[0xc4][0x1e][0x5][0xba][0xeb][0xb0][/g[0x1b][0xe8][0xaf]&gt;r[0xad][0xe5][0xd1][0x90]![0x8f][0x1][0xbb][0x9c][0xf]Ce[0x7][0x8c][0x95][0xb][0xa0]T.[0x82][0xc9]r1L[0x93]K[0xa0]J[0x1e][0xf][\r][0xf2][0x19][0xb0]L[0x9e][0xa2][0x9b]cZ[0xf8],#[0xeb][0x12][0x17]c][0xd8][0x1a][0xe5][0xb2][0x83]k[0x80][0x87][0xcb],z[0xbb][0xaf],[0xc1]a[0xb3][0xd8][0x12][0xe8]q[0x1f][0xeb][0x8c][0x5]GX[0x86][0xa1][0xcc]E[0x9e]F[0xd6]9[0x13][0x92][0xe5][0x19]`[0x93]+[0xc9]:3I[0x8e]*([0x94]g[0xeb]V[0x9a]n[0xce]y[0x9f]9g[0x93]n[0xa5]G[0xc]+=jX[0xe9][0x80]n[0xa5][0xb0](u[0x8e]&quot;[0x16]D[0xe6]f[0x1f][0xc9][0x13][0x84][0x83][0x9d][0x90]A[0xcd]![0x9b]L[0xd5][0xb]=&lt;f[0xb3]l[0xd3][\r]k[0x93]md[0xab][0xc3][0xb4][0x13]P[0xb6][0xd4][0x9f][0x1f][0xf][[0xcb]I}[0xad]5[0x9f][0xac]E[0x87]|y[0x1][0x8c][0x94][0x17]R[0xa5]z6Y[0xab][0x1e][0xe6][0xc9][0xe7]B[0x8d][0xbc][0x1c][0x96][0xc8]+[0xc8][0x89][0xce][0x83]U[0xf2][0x5][0xba][0xb5][0xce]4%[0x9f]kF[0xc6][0x10]r[0x1e][0x96][0xfd][0x9][0xd3]TG[0xfa][0xd8]%[\r][0x6]EyM[0x13][0xd9]e5[0xa8]r3yN[0xb][0xc][0x96][0xd7][0xe8][0xf6][0x98]ar}[0x98][0xaa]#[0x95]Z[0x9f][0xc1][0x93][0x83][0xee](eOj[0x9e],[0xba]G[0xd7][0x8d][0xb4][0x8a][0xbc]%[0x8]O[0x97][t7[0xfd][0x13][0xad][0x9][0xbd]&gt;S[0xa6][0x10][0xd6][0xb3]vK[0xf]&lt;G[0xfe]d[0xa5][0x97][0xe7][0xf9][0xfe] [0x8]f[0xfb](t([0x95]i[0x7][0xa1][0xf7][0x17][0x1c]vZB[0x9b]B[0xdb][0x8a]lK[0xec][0x81][0x17][0xad][0xbd][0xbe][0xe4][0xa5][0xbf][0xbe][0xd6]i&apos;R[0x1f][0xc9][0xe9]&apos;/_[0x7][0xc3][0xe4][0xf5]0Z[0xde][0x0]E[0xf2]F[0x98](_[0x8][0x95][0xf2]Ep[0xae]|1x[0xe5]Ku[0xeb]T[0x9a]z[0x9c]m[0x86][0xd6][0xf0][0xbe][0xa1][0xf5][0x92][0x1e]Z,[0xf5][0xcb]}[0xcc][0x94][0x9]9Qf[0xba][0x82][0xcc]t[0x15][0x99][0xe8]j[0xc8][0x94][0xaf][0xa1]i[0xaf][0xd5][0xcd]4[0xd3]d[0xff]s*[0x12][0xd8]mj[0xfa]0[0x9f]N[0xca][0xbd][0x92][0xd3]C[0xd5]=[0xd0]b[0xe4][0x4][0xe1]5[0xdd]M[0x8e]q1[0x16][0x84][0xd7]s[0xc2]V[0xe0]p[0xfa][0xb][0xad]V[0xe][0xfb]r[0xf][0xbc][0x91][0xd0]k[0x80]j[0xfa][0xb]I[0x92][0xc9][0xb5][0xbc]|[0x3][0xa4][0xc8]7[0x92][0x14]7[0xc1]p[0xf9]f[0x98]$[0xdf][0x2][0xd5]2m[0x98][0xfc][0xdf][0xef][0xc2]y[0xc4][0xb8]]/[0xe8][0xd2][0xdd]p|[0x10]&amp;[0x1c][0x84]R&gt;ar[0xb5]7[0xfe][0x10][0xbc]i,[0x4][0xf][0x1c][0x82][0xd2]-&apos;[0xde]rD[0x1d]4-[0x19] Y[0xb2] [0xc5]2[0x4][0xf2]-9[0xc4]|6[0xce]1[0x8f][0x14][0xf9]d[0x1e]V[0xf5]6[0xf3]4[0x1e][0x84][0xb7]j[\n]&quot;
2013-02-06 13:51:57,407 AAD-WS DEBUG wire:77 - &gt;&gt; &quot;[0x1e][0xa3][0xe6][0xed]-t[0xb8][0xad]-8\[0xd8][0x8d][0xb5][0x12][0xab][0xfe][0xe]_&lt;[0x9c][0xc5]z[0xbf]k$[0x91][0xf7]:![0xd1]n[0xa9][0xed][0x82][0xc9]v[0x8b].D[0x9a][0xdd]r[0x10][0xde][0xc][0xc2][0xfb][0x9d]T[0xb1]Yj[0xb9][0xf7][0xb8][0xd9]{&lt;[0x8][0x1f][0x18][0xbd][0x9b]%[0xa4][0xd2]a[0xfb][0x89][0x9e]B[0x9d]&amp;[0xa5]P&apos;[0xf9]p/[0xfc][0x95][0xcf][0xfe]I[0x85][0xe5][0x96][0x82][0xc3]vKw[0xc1]a&gt;[0xbc]%[0xd0]s[0xc2][0x1]RG[0xa6][0xd3][0xf0][0x10][0xb8]I[0xb7][0xda][0xb5]z{[0x1d]\[0xaf][0xb7]7[0xc1]o[0xf5][0xd6]Pw[0x19][0xad]/XF[0x83]l[0x19][0x3][0x9][0x96]&lt;H[0xb6][0xe4][0xc3] [0x8b][0x3]2-[0x85][0x90]m)[0x82][0xb1][0x96]b([0xb6][0x94]@[0x99]e[0x1c]L[0xb1][0x94][0xc2]T[0xcb][0x4]X`[0x99][0x8][0x8b],e[0xe0][0xb2]L[0x82][0x16][0xc2][0xf9][0x89][0xa5][0x1c]6X*`[0x93]e[0x1a]\i[0x99][0xe][0xd7]Yf[0xc0]VK[0xa5]n[0xb6][0xb3][0xcc]5y[0xdb]4[0x9b][0x87][0xc][0xf3][0x11][0x1b]L[0xbf][0x6]M[0xe7]k[0xd0][0xbd][0xf0]1+[0xc3][0x96]s[0x18]Fr[0x18]/z[0xe9]3A[0x9a][0xc6]%2[0x95][0x90][0xd3][0xbb]`8?R ~[0xb2][0x97][0x9d][0x95]+][0xcd].[0x9b][0x6][0xd8],0;g[0xfb][0x89]w[0x8d]50-[0xa1][0x17][0xdb]Y[0xd0][0xc][0xfc][0xcd]%Oo[0x1d][0xb0]Do[0x1b][0xc0][0xa5][0xb7][0xcd][0xb0]Vo#nT-[0xd5][0xa0]X[0xe6][0xd3][0xf2][0xd7]@[0x8e]e[0x1][0x8c][0xb2]P[0x1a][0xb2][0xd4]C[0xa9]e1L[0xb7][0x9c][0x3][0xf3]-K`[0xa1]e)4[0xd0][0xbb][0xd3][0xb2][0x1c][0x9a]-+(I[0xfc][0x80]sM][0xed][0xcc][0x8d]Q_v[0x12][0xf6][0x80][0x95][0xff][0xdf];[0x8][0x1d]m[0xbc]yJI[0xa7][0xe3]XBw[0xcd]&gt;[0xb0]6[0x14][0x4]!q[0xf][0xa8][0x7][0x8c][0x8f]C[0xba][0xf0]&quot;
2013-02-06 13:51:57,407 AAD-WS DEBUG wire:63 - &gt;&gt; &quot;[0x91][0xd7]&apos;[0xfb][0xc3][0x9f][0x96][0xe6][0x93]aE[0xd4][0xa7]$[0xb2]I[0xf4][0xd7][0x8e][0x85]a[0x82][0x1a][0x92][0xae]?[0x81][0xdc][0xef][0xdb]S[0x98][0xa0][0x16][0x8b]M[0x82]1[0xe6][0xce][0x99][0xe2]((,[0xb2][0xcb]v[0xb][0xdf]=H[0xf1])[0xeb][0xe8][0xf8]mPf[0x9b][0x9f]W[0xa8][0xf0][0x15][0xf1]E[@g#a~[0x8e]1[0xae][0x19][0x15][0x7][0xd7]![0x18][0x9f]da[0xc4]w%[0xe3][0xab]O[0xd2]&gt;[0xf8][0x1b][0x9d][0xd5]&gt;}[0x8][0xb4]h[0xc9][0x16][0x13][0xf7][0xb3][0xa9][0x15][0xb8][0x8][0xbe][0xd0][0xed][0x9e][0x0][0x3][0xe1]3[0xf8]&lt;![0x11][0xbe][0xa4][0xf6]+*r[0xff]N[0xed][0xd7][0xd4]~C[0xed]?[0xa8][0xbd][0xd7][0x9c][0xe8]^[0xb1]L[0xac][0x0][0xfb][0xff][0x1]PK[0x7][0x8][0x9a],P&amp;[0xff][0x1e][0x0][0x0]SB[0x0][0x0]PK[0x3][0x4][0x14][0x0][0x8][0x0][0x8][0x0][0xd4]|D5[0x0][0x0][0x0][0x0][0x0][0x0][0x0][0x0][0x0][0x0][0x0][0x0][0x1d][0x0][0x0][0x0]javax/help/Presentation.class[0x85]WIt[0x14]U[0x14][0xbd][0xbf][0xe9]P[0x95]Ne*3[0x90]0[0x5]A[0xe8][0xa4][0x91][0xc6][0x11][0x19][0x1c] [0xcd][0xd0][0x92][0x0][0x12][0x4][0xc1][0x89]J[0xba]H[0x1a];[0xdd][0xb1][0xab][0xc2]$[0xa8][0xa8]8[0x83]# [0xae]EVz[0xe0][0x1c]!([0xea]q[0x5][0xe7][0xb8][0xd2][0xad][0xba]U[0x8f]+w[0xea]J[0xbd][0xaf][0xaa][0x92][0xae][0xee][0xb4][0xc7]E[0xff][0xdf]y[0xff][0xbd]{[0xef][0xff][0xfe][0xdf]&apos;[0xdf][0xfe][0xfd][0xc5][0xd7][0x0][0x96][0xe1][0xc3][0x18][0x96]&quot;_[0x8b][0x4][\n]&quot;
2013-02-06 13:51:57,408 AAD-WS DEBUG wire:63 - &gt;&gt; &quot;2[0x8c][0xc9][0xf0][0xb4][0xc]E[0x19][0x1c][0x19]\[0x1d][0xeb]b[0x9c][0xc7]c[0xe8][0xc5][0x1][0xf9]vP[0xc7][0xc6]:[0x1c][0xc2]a[0x1d]Gb[0xd8][0x84]g$xT[0xc3]1[\r][0xcf][0xea]x.[0x6][0x13][0xcf][0xeb]8.[0xd1][0x17]$[0xef][0xa8][0x8e]m2[0xbf][0xa8]c[0xbb][0xcc]/[0xe9][0xd8][0xa1]c[0xa7][0x86][0x13]1[0xcc][0xc3][0xcb]:[0x1e][0xd3][0xf1][0x84][0x8e][0xbd]1[0xbc][0x82]Wu[0xc][0xea][0xc8]hx-[0x86][0xc5]x][0xc7][0xbe]Z[0xce][0x8e][0xc][0xae][0x86]74[0xbc][0xa9][0xa0][0x8d][0xd8][0xb9]1[0xc7]v[0x15]Z[0xfa][0xf6][[0x7][0xac]CI[0x9]$7q[0x18][0xb0][0xdd][0xd5][\n]&quot;
2013-02-06 13:51:57,408 AAD-WS DEBUG wire:63 - &gt;&gt; &quot;5[0xa3][0x85][0x8c][0x9d]S[0xe8][0xc]/[0xef][0xb0][0xf][0xb9][0x92][0xd2]/kL[0x9a][0x99]+[0xc]Y9[[0xc1][0xf4][0xb2][0x92][0xe3]n6[0x97][0xec][0xf3]b\[0x8d][0xee]+[0xe4]I[0xd0][0xe8][0xaf]Y[0x7][0xdd][0xe4][0x6][0x6][0x4][0xfb]`6[0xe3][0x8e]([0xa8]4!F[0xec][0xec][0xf0][0x8][0xd3]j2[0xf6][0xe0][0xf8]0[0x83]{[0x14][0xea]{[0xb]y[0xc7][0xb5][0xf2][0xee]N+7n[0xcf]`[0x9b][0xc1][0xcc]5[0xd9]|[0xd6][0xbd]OaF[0xbc]{&apos;[0xd1]{)B[0xd0][0xb3]y{[0xcb][0xf8][0xe8][0xa0]][0xdc]a[\r][0x8a][0x96][0xc6]a[0xdb][0xdd]V[0xb4][0x1d];[0xef]Zn[0xb6][0x90]WX[0x1b][0xaf][0xb6]G_V[0xce][0xca][0xf]&apos;[0x7][0xdc]b6?[0xbc][0xba];[0x9c][0x16][0x86][0xa0][0xe6]66+[0xa8][0xc][0xaf]h8[0xa5]`[0x94][0xd3][0x19][0xe9]|[0xde].[0xf6][0xe6],[0xc7][0xb1][0x1d][0x85]E[0xd5][0xd8][0x17][0x95][0xc1][0xcb]~[0xc][0xca][0xee][0x1d]/[0x16][0x19]L[0xa7]4[0xbc][0xad][0x10]I[0xa7][0x14]Z[0xe3]e[0xaa][0xfa][0xad][0xb1]E[0xe9][0x14][0xf5][0x18]N(][0xd2][0xaa]l[0x87][0xa8][0xb1][0xf5][0x87][0x86][0xec]1!q4[0xbc][0xc3]m[0xc4][0xab][0xa0]Ib}[0x89][0xfe][0xe1][0xed]}[\n]&quot;
2013-02-06 13:51:57,408 AAD-WS DEBUG wire:63 - &gt;&gt; &quot;M[0x1]o2o[0xbb]IFHY[0xef][0x94][0xa7]4[0xc7][0xcb]3&lt;[0xbe][0xe1][0xa9]6[0x9]Ywus[0xc5][0x9c]PV{[0xd5][0xd3][0xf1]Z[0xc2][0xb4]T[0xd6][0x19][0xcb]Y[0x87][0xed][0xc]O&lt;[0xbe]G[0xa2]uY&apos;[0x14][0xa4][0x19]h[0x18][0x8d][0xb4][0x1b]&lt;[0xb7]5O[0xea][0xe][0xf9]Ms&amp;W[0xcd]x[0xc5][0xa2][0x0][0xd6][0xb2][0xb8]/0r[0xcb]dy[0xb9][0x95]k[0x9d]R[0xca]d[0xab][0xc3][0x19][0x2]#[0x1a][0x6][0xb2]G[0xec][0xd2][0xbe]=[0x9a]Tv[0xd4][0xce];[0xbe][0x89]D[0x88][0x9f][0xd2][0x1e][0xaf][0x96]!0[0x8d]CE[0xdb]r[0xed][0xa9]k[0xe6];#[0xf4][0xe7][0x9c][0xf2][0xae]V[0xde][0xc9]2&apos;l[0x1d][0xdc]o[0xf][0xf9][0xbb][0x8c][\r][0x14][0xc6][0x8b]C[0xf6][0x86][0xac][0xec][0xa1]9l[0xbf]e[0x92]o`[\r][0xee]5p+[0x96][0x19]Hb[0xb9][0x81][0xdb]p[0xbb][0x81];p[0xa7][0x81][0xbb]p[0xb7][0x81][0x15]2[0xdc][0x83][0xa7][0xc]d`[0x1b][0xd8][0x87]a[\r][0xef][0x1a][0xd8][0x88][0x7]I[0x19][0xf6]b[0xd7][0xad]][0xbe][0xff][0xc][0xbc][0x87][0xf7][\r]l[0xc6]V[0x85][0xee][0x90][0xe0]t[0xfe][0x80][0x95][0xcb]f[0x82][0x83][0xe6]Mw[0xb9][0x83])[0x9b][0xb2][0x1]%[0xf9][0xeb][0x8b][0xc5]B[0x91][0x91],s[0x8a]y+[0xd7]eK[0xe0]~[0xd1]*[0xfe][0xab][0xa0]M[0xa7][0xc][0x8c][0xc8]&amp;[0xb6][0xe1]![0x3][0xdb]1[0xa0]0;[0xc4][0x9b][0xb2][0xf7]Y[0xe3][0xb9]R[0xaf][0x4]e[0x97][0x86][0xd3][0x6][0xce][0xc0][0xa2]5[0xa6][0x9f][0x87]d[0x9c][0xe5]Y[0xfd][0xc7][0xab][0xc0]KR[0xd9]i[\r][0x1f]([0xcc][0xff][0x9f][0xeb][0xae][0xe1][0x1c][0xc5]O[0xbb][0x86][\n]&quot;
2013-02-06 13:51:57,409 AAD-WS DEBUG wire:63 - &gt;&gt; &quot;[0x1d][0xa1][0xd8]:+[0x93]N[0x85][0xba]2[0xeb][0xbf][0x8e][0x9c][0xf][0xa3][0xef][0x18][0x85][0xd5]U[0x1e][0x81][0xaa]w[0xab][0xea][0x8b][0xd2]T[0xe9]j[0xff]6[0x7]m[0xe3][0x3][0x1d]O[0xa7][0xc5]H[0xe6]tD[0x85][0x86]r[0xc4][0xe8][0x2][0xfe]p-[0xe5][0xb3][0xad]!&quot;[0x9e][0xe2][0xb7][0x88][0xd8][0xca][0x9b][0xe9],o[0xa6][0xb9][0xbc][0x99][0xfe][0xf2][0xe6][0x15][0xde][0xdc]I[0x97][0xad][0xe4]s[0xbf][0xca][0x8b][0xad]F+[0xbf][0xd3][0x9a][0x1c][0xef]c[0xe4]Q[0xc6][0x14][0xe7]%=[0x13]P=[0xea]2&quot;2[0xcc][0x90]!*CMOs[0xe4][0xc4]e[0xcc][0xec]iV[0xbf]_[0x86]v[0xc9][0xfb][0xe5][0xb8][0x9f][0xe3][0xcd][0xd0]9.G[0x94][0xe4][0xb5][0xa4]n [0xf9]M[0xa4][0x9e]E[0xd2][0xf9][0xa4]^[0xcc][0xb5]Z&lt;[0x80][0xb5][0x1]Q&apos;[0xe7][0x88]HP[0x17][0xa7]0fz[0xd4][0x9b]9[0xae][0xc3][0x86] /[0xcd],[0xf9][0x81][0xea]0[0xf5][0xab][0xa8]M[0xdc]@[0xf4]R[0xe2][\n]&quot;
2013-02-06 13:51:57,409 AAD-WS DEBUG wire:63 - &gt;&gt; &quot;b[0xfd]K[0xaf]C[0xef]Yz[0x5]u%[0x9][0xf3][0xd8][\r]`7j[0xb0][0x87]T[0x8f]&quot;[0x86]&apos;[0xd1][0x88][0xbd][0x94]aQF[0x86]Y[0xbc]M[0x1][0xec][0x1a][0xce]B6[0xcb]4[0x8][0xdb][0xf3][0x19]f\G[0xbd]L[0x9f][0xa3]^[0xe1]bH[0x94][0xc9]-[0x1]O[0x11]5[0x7][0x3][0xa3]hC[0x81]+[0x9b][0xd1]Ga[0x82][0xb4][0x8d][0xf2]D`[0x97][0xd9] H[0x9][0x82]D[0xae][0xa2][0xf1][\n]&quot;
2013-02-06 13:51:57,410 AAD-WS DEBUG wire:63 - &gt;&gt; &quot;[0x9a].[0xa0][0xa1][0xff][0x1a][0xcc][0xdd][0xe6]M[0x13]h[0xd9]u[0x89]U5hF[0xb]?&gt;r[0x1b][0xff][0x6][0x8e]p&lt;[0xca][0xd8]1[0xae]&lt;[0xc7]V[0x1d]G?[0xa3]Q[0xe6]l[0xf1]x[0xb6][0x6]&lt;[0xf7]p[0x96][0x86][0xb5][0x98][0xad][0xc2]3[0x81]6[0x91][0x9b][0xf8][0x1c][0xed][0x11]\[0xaa]P[0xfb][0x6]1O[0xb2][0x7][0xa7][0xb8][0xf7][0xb7][0xa6][0xf0][0x84][0x97]WwZ[0x7]fUv[0xa0][0xa3]Z[0x7]N[0x13][0xf3][0xc];p[0x96][0xba][0xcf]q[0x85][0xf7]?@*)[0xeb],W6{[0xba][0xb2][0x8f][0x88]r[0x9e][0xca]&gt;[0xa6][0xb2][0xb]\[0xd9][0x81][0x87][0x3][0x94][0xc5][0x81][0x9e][0x98]9[0xc7][0xd7][0x13]))[0x88]y[0xf8][0x9f][0xb0][0xf6]SFvbWP[0xb3][0x99][0x98][0xb2][0xb2][0xd0][0x9c]+[0xe6][0xb8][0x8e]9R[0x97]8[0x8f][0x96][0x9e]k[0x98][0xb7];1[0x81][0xf9]b[0xde][0x4]m\[0x12][0xe2][0xb7]}[0x82][0xe3]5[0xb6][0xe4]K[0xcc][0xc5]Wt[0xef]7Q[0x85]Gh[0x1e]p[0xde]C[0xf3]H[0xf6]cx|[0x9a][0xb8]._\M[0xa5][0xb8][0xef][0x88][0xf7]=#O[0xd0]t~M&quot;hK[0x9d][0xb9][0xc0]3[0x6]/OID[0x83][0xe7][0x99][0x1f]X[0xf4]#[0x1]~bt/][0xea][0x17][0xae][0xc][0xc8]Z[0xcd][0x9b]}[0xb2][0xe8][\r]hW[0xb1][0xf0][0xa2]|[0xad]&lt;[0x96][0x9f][0x9][0xf1][0xb][0x8f][0xe5]W4[0xe1]7[0xae][0xc]bh[0x1a][0xff][0xa2][0x80]?Z[0xc9][0xff][0x7][0x8b][0xff]$[0xff]_[0x8c][0xf2]g&apos;([0xbc][0xcd]s[0x8b][0xf0][0xdf][0xc2][0xc2]kX[0xbc][0x9b][0xc4]3[0xf9][0xd1]&amp;[0xb0][0xa4]r[0xdf][0xff][0xa0]FI[0x84]?XA[0xf9][0xaa][0x80][0xb7][0xcd][0x8c]{[0xbc][0x9f][0xa1][[0x1e][0xc][0xce]=e/[0x86][0xa7]_[0xd5][0xb1][0xde][0xe0][0x9d][0xab]G[0xab]j`[0xdd][0xc8][0xd4]S[0xb4]&quot;[0x90][0xd1].n[0xba][0x1][0xd3];R9_[0xff]T+[0xf6][0xa2]Z[0xa0][0xa9]V[0xb4][0xa9]v[0x96]e[0xb1]?[0x0]Y[0x1e][0xf4][0xb2][0xc9][0x7][0xd1]&amp;[0xdd]y[0xb1][0xa2][0xba][0x93][0xd5][0xb3]Q[0xa7][0xe6]r[[0xfc][0x15][0xe][0xaa];[0xbc],~Jd[0xde][0x1b][0xa5][0xba][0xa9]4[0xe7]=[0xa0][0xa3]X[0xef][0xed]%[0xc2][0xff]&lt;N&quot;Eko[0xe2][0x95]K[0xa3][0xe3]_PK[0x7][0x8][0x81][0xed][0xf9])4[0x6][0x0][0x0][0xc0][0xc][0x0][0x0]PK[0x3][0x4][0x14][0x0][0x8][0x0][0x8][0x0][0xd4]|D5[0x0][0x0][0x0][0x0][0x0][0x0][0x0][0x0][0x0][0x0][0x0][0x0]&quot;[0x0][0x0][0x0]javax/help/DefaultHelpBroker.class[0xad]X[0xb]|\e[0x95][0xff][0x9f][0x9b][0xc7][0x9d][0xdc][0xdc][0xa6][0xe9][0xb4]I;[0xe9]+m[0xd3][0x92][0xe6]Y[0xb][0xf4][0x91][0xbe]H[0x93]&gt;[0xa6]M[0xd3][0xda][0xb4][0xc5][0xb4][0x8]N[0x92][0x9b]t[0x9a][0xc9][0xcc]8[0x8f]&gt;(  [0xb2][0xf2]X[0x14][0x1][0xd7]&quot;[0x8]&quot;K[0xe4][0xe1]n[0x8b]4I[0x89][0xd0][0x96][0xb2][0xad][0xa2]([0xae][0xbb][0xa2][0xf2]p[0xd7]uQV[0xc1][0xdd][0x5]]uw[0xd5]s[0xee][0xbd]3s[0xe7]f[0xd2][0xd6][0xdf]n~[0xbf][0x9c]{[0xef][0xf9][0xce][0xeb];[0xe7]|[0xe7][0x9c]o^[0xfa][0xc3][0xb3][0xcf][0x3]h[0xa0]Oh[0xa8][0xc3]OT[0xfc][0x8b][0x8a][0x9f]jP[0xf0][0xaf][0x1a][0xf2][0xf0][0x96][0x86][0xc5][0xf8]Y[0x11][0x92][0xf8][0xb9][0x80][0xb7][0x5][0xfc][0x9b][0x80]_h[0xd0][0xf1]K[0x15][0xef][0xc8][0xf3]][0xf][0xee][0xd1][0x18][0xf9]+[0xf9][0xf8]w[0xf][0xee][0x95][0xe7][0x8][0xf8]O[0x1][0xef][0x9]x_[0xc0][0xaf][0x5][0xfc]F[0xc0][0x9][0xf8][0xad][0x7][0x8f][0xc9][0xf3]w[0x2]~/[0xe0][0xbf][0x5][0xfc][0x8f][0x80][0xff][0x15][0xf0][0x7][0x1]d@[0x10]@[0x2][0x14][0xf][0xe5][0xb1]2[0xca][0xd7][0xb0][0x8c][\n]&quot;
2013-02-06 13:51:57,410 AAD-WS DEBUG wire:63 - &gt;&gt; &quot;[0x18][0xe0]w[0x1e]*[0x94][0xf][0xd5][0xb4]E%[0xf][0x1b]HE[0x1e][0xd2][0x84][0xac]X&gt;t[0xf]MP[0xa9]D[0xa3][0x89]T[0xaa][0xd1]$[0xf2]zp[0x9a][0xb7]K[0x93]5[0x9a]Be*[0x95][0xab]4U[0xa5]i[0x1a][0x9a][0xf0]3[0x6][0xe4][0xf3]P[0x85]&lt;[0xa7]kX[0x8e][0xb7]T[0x9a][0xa1][0xd2]L[0xf][0xcd][0xd2][0xd0],_[0xb3]=T)[0x96][0x14]xh[0x8e]&lt;E/[0xcd][0xf5][0xe0][0x9c]&lt;[0xe7][0x9][0xa8][0x12][0xcd][0xf3]UZ[0xe0][0xa1]K4[0xb4][0xe3]-[0xf]Uk[0xb4][0x90]j[0x4][0xd4][0xaa]T&apos;[0xeb][0xf5]*5h[0xd8]E[0x8b]4[0xfa][0x0]-[0xd6][0xb0][0x83].[0xd5][0xd0]O[0x97]it9-Qi[0xa9]&lt;[0x97]i[0xb8][0x8a][0x96][0x17]S[0x13][0xad][0x10][0xd6][0x95][0x2]V[0xa9][0xb4]Z[0xa5]5[0x1e][0xba]B[0xa4]4k[0xe8][0xa2][0xb5][0x1a][0xba][0x5][0x4]i[0xad]J-[0x1e]jUi[0x9d]J[0xeb]5[0x84]h[0x91][0xec][0xa3][0xe8][0xf1][0xcb][0xdb]&amp;[0xc1][0xf9][0xc5][0xc6][0xcd][0x2][0xda]4[0xda]B[0xed]*mUi[0x9b]J[0x1f]$([0x3][0x7][0x8]S[0xdb][0xf6][0x5][0xf6][0x7][0xe]6[0xee]5B[0xd1][0xc6]-[0x81]`[0xf8][0xca]`[0xb8]&apos;r`[0x5][0xa1]HP[0x9b][0x8d]C[0x1b];[0x8]S[0x9c]T[0x1b][0x19]t[0x18][0x9]&amp;[0x99]l[0x93]l[0x8b][0x19]q#[0x9c][0x8]$[0x82][0x91]0[0xc1]k[0x12]7[0x86][0x2][0xe1][0xbe][0xc6][0x8e]D,[0x18][0xee]c[0xd2][0xa9]9H[0xdb][0x3][0x3][0x6][0xcb][0xee][0x9][0xc6][0xa3][0xa1][0xc0]![0x11][0xbb]&gt;[0x16][0x19]X[0x1f][0xe9]N[0xc6][0x9][0xb3]-)[0x81][0x3][0x89]Fc?s46w[0xb]O[0[0x9e]0[0xc2]F[0x8c]E[0x96][0xb9][0x18];&quot;[0xc9]X7[0xb],[0xe8]1[0xba][0x92]}[0x4][0xda]M[0x98][0xd0][0x12][0x9][0xc7][0x13][0x81]pbW [0x94]4[0xf2]8[0xfb]A[0x98][0xd6][0x1d][\n]&quot;
2013-02-06 13:51:57,410 AAD-WS DEBUG wire:63 - &gt;&gt; &quot;[0xc4][0xe3]U[0xe6][0x96][0xaa][0xc4][0xae]*{K[0x84]I[0xe][0xdb][[0x84]J[0x1c][0xd1]q([0x9c][0xd8]k$[0x82][0xdd][0x84][0xf2][0xc]k[0x95][0x10]UY[0x1b]$[0x14][0xae][0xc][0x86][0x83][0x89][0xd5][0xbc][0xd1][0xea]\[0xbe]Z[0xb8][0x8b][0x90][0xdf][0x12][0xe9]a[0xf3]&amp;[0xb6][0x5][0xc3]F{r[0xa0][0xcb][0x88][0xed][0x8]t[0x85][0x18][0x93]W-[0xcb]e}F[0xc2]r~[0xb6];[0xe7]T/tJ[0x1c]K[0xc2]&amp;j[0xcc][0x9b][0xde]Cy6C&amp;\Z[0xdc]I[0x95][0xf9]p[\n]&quot;
2013-02-06 13:51:57,411 AAD-WS DEBUG wire:63 - &gt;&gt; &quot;Si;A[0xcf][0xb6]@[0xf7][0x87][0xd9][0xe3][0xa6];[0xc][0x8e]LU[0xae][0x1d]VeY$[0xfb])b[0x9b][0xda]&quot;[0xdd][0x1][0xd9][0xe1][0x14][0xdb][0xa4][0xc6]d&quot;[0x18]j[0xb4][0xb0][0xe2][0xd9]x[0x86][0xa4][0xac]z,[0x85][0x88]QY[0xcc][0xfa]HXb[0x93][0x12]&quot;9!([0x96][0xa0][0xc6]S[0xab][0xde]j[0xd7][0xa2]0[0x97][0xf0]rK2[0x16]c[0xc3]v[0x5][0x8d][0x3][0x19]-[0xce][0xe4]4[0x9][0xfb]\[0x84]i[0x8b][0xb3][0xd3][0xb8]T[0xa2][0xec][0xf2][0xe][0xeb]h[0xb5]2[0xd1][0xe8][0xe1](W[0xef][0x16][0x81][0xc5][0xc1][0xb8][0x3][0xc9][0x11][0xe6]d,[0xb6][0xb7]k[0xf1]Mv[0x18][0xbc]-[0x12][0xb4]-.[0xee]s[0xd2]x[0x9d][[0xb6][0x88][0xac]=w[0x4][0xaf]5[0xd2][0xb9]f[0xae][0xb6][0x6][0x7][0x8c]p&lt;[0xe5]|[0xf1][0x9a]ES[0xee][0x14][0x91]![0xe2]lXw[0xb0][0xdb][0x88][0x8a][0x9e][0xb8]J[0x1d]V0:[0xba]c[0x86][0x11][0x96]M[0xf8]S!L[0xa1]x[0xb]~[0xde]?[0x13][0x89][0x83][0x1c]{[0x9b][0x18][0x8c][0xbb]0[0x85][0xf1][0xbd][0x91][0x3][0xfe]V[0xc2][0xf2][0x1c][0xde][0xbe][0x18][0xcc][0xc2]]*[0xed]P[0x89]-PDLSuv[0x91][0x8a]V[0xf9][/Z[0xce][0x95]la[0x9f][0xe1][0x8a][0xd9][0x9a][0x8b]2,[0xeb][0x18][0xb9]N[0x9c][0x9e][0xc9],1[0xb1]&lt;[0x97][0x89][0xe2]B[0xbd]/[0x8b][0xae],[0xfb]l[0xda][0x84]\[0xa7]2[0xe2]vno[0x93]\[0xb7][0xcc][0x9][0x1b][0x89]FF[0x98][0xa2]&amp;[0xf4]e[0xd3][0x94][0xa6]&quot;[0x9b]&quot;b[0x12]#,%e[0xa3]Uk[0x9][0xab][0x1c][0x9][0xd2][0x12][0x19][0x88]F[0xc2][0xcc]&lt;[0x9e][0xeb]r[0x94][0xac][0xc0][0xff][0x81][0xff][0xe2][0x2]D[0xf0][0xf4][0x1b][0x87]v[0x1c][0x8a]J[0xe2][0xcc]p[0xa8][0xb3][0x8a]&gt;[0xef]b[0x9d][0xbc][0x98][0x94]Z[0xbf][0xd5]?[0xe2]B[[0xcc][0x1f][0xdb][0x8d][0x90][0x11]0[0xbf][0xb4][0xcc][0xc6][0x9]+[0x1d]b[0xb6][0x18][0xe1][0xa4]?a[0xc][0xfc][0x19][0x9b][0xf6]fdm[\r][0xaf]M&amp;[0x12][0x92]1[0xd7]83fk[0xd7]&gt;[0xa3][0xfb][0xff][0xdb][0xf]S[0xfb][0xd2]u[0xc4][0xd5][\n]&quot;
2013-02-06 13:51:57,411 AAD-WS DEBUG wire:63 - &gt;&gt; &quot;[0xe7]8[0x8f][0xf0]8[0xcd]p[0xda]X[0xee]T?[0x9c][0xcc][0xb9]%[0xf4][0xfb][0xcd][0xdc][0xb5]lwUB{CbF6[0xb5][0xd5]m[0xa4][0x1c]f,[0xb0]&apos;[0x4]!.[0xb4][0xda]!a~[0xae][0xba][0x9a][0xa3][0x97]zVv[0x87][0xec]F[0xa9]Y[0xf6][0xad][0xf]J[0xf5]/o5z[0x3][0xc9][0x90][0xd9][0x91][0xd6][0xc6]&quot;[0xfd]F[0xac]A[0x98]u[0xfa][0x10][0xde]$T[0xba][0x4][0xb5]G[0xb8][0xe8]&apos;[0xc3]=[0xe9][\n]&quot;
2013-02-06 13:51:57,412 AAD-WS DEBUG wire:63 - &gt;&gt; &quot;F[0x98][0x95]!i[0x8f][0x98]D,[0xd1]&quot;[0x8a][0xc5]&quot;1[0x9d]:[0xf1][0xa8][0x8e][0xdb][0xf1][0x88][0x80][0xbb]t[0x1c][0xc4]![0x1d][0xd7][0xe2][0xb0][0x8e][0xeb]p[0xbd][0x8e][0x1b][0x4][0x9c][0x96][0x89][0xa1],[0xe7]&lt;[0xa4][0xe3]n|F[0xc7][0xcd][0xf8][0x91][0x8e]{p[0x87][0x8e]{[0xf1]9[0x1d]Gp[0xbf][0x8e][0xcf][0xe3][0x1][0x1d][0xf][0xe2][0xb]:[0x1e][0xc2][0xc3]:[0xbe](*[0xbe][0xc4][0xca]h[0x8f][0xe8]y[0xc][0x83]:[0xbe][0x8c][0xc7]u&lt;[0x81]&apos;u&lt;[0x85][0xaf][0xe8][0xf8][0x1b][0xfc][0xad][0x8e][0xa3]8[0xa6][0xe3][0x19][0x1c][0xd7]1[0x84]a[0x1d]#Bw[0x2][0x8f]s[0xb5][0xb2][0xaa]ge}e[0xdc][0xf4]#[0xdb][0x85][0x17]t[0x9c][0xc1]#[0xd2]ARk[0xfe]VA[0xbd][0xc8][0xe4].[0xdf][0xe8][0xb8][0x15][0xc1]Iln[0xa3]A[0xb6][0xd1]`g[0xa2][0x8e]7[0xf0][0xa6][0x8e][0xdb]d[0xb9]T[0x96][0x1b][0x84][0xab]!5[0xc1][0x94][0xba][0xd3]A[0xa5][0xab]t[0xfa]0][0xad][0xd2]5:}[0x84]Y)@]*u[0xeb][0xd4]C[0xd2]|[0xc6])[0x8e][0x84][0xb9][0x19]I[0xfe]P[0xc8][0xe8][0xb][0x84][0x9a]c}I[0xee]&lt;[0x9]G[0xc0][0xca][0xdd][0xf9][0xb2]6[0xd9][0xdb]kp[0xa0]z[0x89][0x8d])[0x8b]:$VV[0x6][0xc3][0xfb][0x3][0xa1]`[0x8f]N{[0xf1]([0xa7]h[0x86][0xd5]![0xb0]&quot;[0x83][0xdd][0x9e][0xc]&apos;[0xb8][0xd3]9[0x16][0xa7][0x1b][0x92][0x5]&quot;&apos;[0xd2][0xcf][0xba]*[0xa3]Y[0x6][0x97]:[0xb7][0x12][0x89]&amp;[0xb9][0x86][0x94]9[0xeb]{:[0x16]\[0x98]]x[0x89][0xc3][0xdf][0xe1][0xac][0x8e]s[0xf8][0xba][0x8e]o[0xe0]%[0x1d][0xdf][0xc4][0xcb][0xd9][0xf9][0x98][0xc][0x85][0xcc][0xde]m[0xc4][0x1c][0x16])A.[[0xca]^[0xee][0xbd]A[0x9d][0xf6]Q?[0xe7][0x15][0x85]l[0xb7][0x1c]l[0x8c][0x1f]`m[0x8d][0x9b][0xd2]5W[0xc7][0xf7][0xf1]*a[0x9e][0xc3][0xd0][0x96][0x8e][0x8d]U[0xb9][0xeb][0xc5][0x94]\h[0xce]{[0x1a]P)[0xac]S[0x84][0xa2]:}[0x94][0xd8][0xd5]q[0xe2] &apos;u[0xda][0x8f][0xe1][0x94][0xff][0xdc]%[0xc6][0xac][0xbe]:[0x1d][0xa0][0x83]&quot;[0xe0][0x90]J[0xd7][0xea]t[0x98][0xae][0x13][0x93][0xaf][0x17][0x93]o[0xb0][0x19]S&amp;7w[0xb1][0xa7][0x2][0xdd][0x89]T[0xdd][0x9c][0x98][0x96][0x9a][0xc2]L[0xf2][[0xc1][0xac]tl[0xee][0x7]xU[0xa7][0x8f][0xd1][0x8d][0xbc]:[0xa6]r[0xf3]p[0x96][0xe2]H[0xd5].[0xef][0xd8][0xa6][0xc4]c[0xe9][0xf9]}[0x93][0xaa][0x86]e9[0xf1]:&gt;[0x86][0x1b]e[0x87]7[0xe9][0xb8]I[0xde]~(&apos;[0xfd]5[0xbc][0xae][0xd2][0xcd]:}[0x1c]wqsr[0xc8][0x1f]S[0xad][0xb2][0xeb][0x86][0x13][0xef]v+w[0xb4]T[0xd9][0xe6]K[0xce][0x5][0x6]iB[0xb5][0x83]bg8[0x9e][0x8c]F#[0xb1][0x84][0xd1][0xb3]5j[0xc4]L[\n]&quot;
2013-02-06 13:51:57,412 AAD-WS DEBUG wire:77 - &gt;&gt; &quot;GF[0xf9][0x1c][0xa4]k[0x3]=[0xfe][0xd6][0xf4][0x9a]J[0xb7][0xd8][0x9e][0xcd][0x9a];[0x8][0xb][0x1d]8[0xdb][0xc9][0xb6][0x19]|oJ[0x18][0x7][0x9d][0x7]V[0xed][0x8d][0xc4][0xac][0x1b][0x9b][0xdc]6[0xb6]p[0x1b][0xe][0xf4][0xf1]Gs[0xce][0xfb][0xce][0x9f]7L[0x95][0xf2][0x8c][0x19]H[0x98][0x1d]7[0xd5]p[0xbc]c[0x85][0xa6][0xae][0x14][0x81][0x1e]q[0x9d][0xaf]zL[0xb1][0x96]V[0xd8][0xb1][0x18][0xb3][0xc0][0xfc]!~11[0x96][0xac]-Fbo[0x84][0x8f][0xe1][0x15]9[0xba][0xd7][0x9e]1[0xdd][0xcb][0xa9]/f[0xf4][0x86]8[0x15][0x1b]-[0x9][0xd2][0xc7][[0xe3]&amp;iV[0x1d][0xc3]5[0xe][0xdb]-wO[0x8e].&lt;[0x16][0xc5]B[0x2][0xd1][0xa8][0x11]fiu[0x17][0xe8][0xb4][0xce]b*[\r]7[0x11]I[0x15][0xf8][0x92][0xec][0x3]&quot;[0x9d][0xc6][0xba][0x2][0xfa][S$[0xb]/r[0xde][0x93][0xde]_;&gt;m[0x8e][0xa1]j[0xc5]E[0xa6]In]e[0xce][0x12][0xc3]&apos;[0x88][0x97]L[0x8f][0xca]t[0xed][0xf8][0x9c]^[0xed][0xf7][0xa7][0xf2][0xcc]E[0xcb][0xae]([0x8f][0x19]}r[0xf2]b[0x8c][0xec][0x8a][0x4]b=V[0x85]K[0xdf]/[0xc6][0x1f][0xaf][0xc6][0x11]i[0xde][0x91]J[0x2]==[0xd9]g:[0xd7][0x10][0x9b][0x16]eNz[0xe3][0xc][0xb9][0xd6][0xc9][0xe2]/[0xeb][0x87][0x2][0xf3][0xea][0x90][0xa9]oY[0x17][0xb9][0x8c][0xc3][0xb9]D[0xe4]H+n?[0xce]&lt;[0xef]&gt;9#[0x2]&amp;b[0x9b][0x11][0xe3][0xc3]&gt; [0x83][0xf5][0xd8][0xdd]8[0xfa][0x82])[0xb3][0xfa][0xe2][0xa6]m![0xad][0x19][0x97]4G[0xc6]Lb[0xc7][0xba][0xed][0x9b]{[0xa1]H[0x9]c[0xc5][0x98]T[0xb3]jq[0xc6][0x3][0xf6]R[0x87][0xc4]S[0xd6]w&amp;[0x82][0xa1]`&quot;(?nT[0x4][0xe5][0xf7][0xa2]P[0xa8]-[0x12][0xe9]o[0xe][0xf7][0xac]7[0x8c][0x90]][0xec][0xe3][0xd9]&apos;[0x88]K(&quot;
2013-02-06 13:51:57,413 AAD-WS DEBUG wire:63 - &gt;&gt; &quot;[0xe6] [0x89][0xc5]P[0xb0][0x1f][0x7]P[0xc4]O[0x1e]*[0x1]~[0xf2]\i&gt;y[0xb4]4[0x9f]7[0x98][0xcf]|[0xe9]1[0xe6][0xf3]&amp;[0xf3]Y[0xc1][0xe3][0xe4][0xc7]A[0xb8][0xc5][0xa4][0xf9][0x4]&lt;2[0xb9][0xf1][0xf7]&apos;[0xe5]W*[0xfe][0xba][0xcd][0xf1][0xb5][0x88][0xdf]n[0xc7][0x1d][0xc][0xef][0xe4][0xaf][0x9d][0xc8]c[0xe]`~[0xcd]0[\n]&quot;
2013-02-06 13:51:57,414 AAD-WS DEBUG wire:63 - &gt;&gt; &quot;k[0xe8]8T[0x1][0x1e][0x1]E[0x2][0xb4][0x9a]Z[0x1a]A[0xf1])[0xe8][0xbc]t[0xcc][0xfc][0xcd][0xeb]/[0x19][0xce][0x82][0xca]p[0x9][0x1b]P[0xcf][0xe6]6[0xa0][0x4][0x8d][0x98][0xcc][0xa2][0xa7]a)[0xaa][0xb0][0xcc]Tq[0x97]C[0x5][0x9d]W[0x5][0x8d][0xaf]bM[0xe][0x15]W[0xb0][0x8a]f[0xa6][0xfa][0x14]&gt;m[0xab][0x98][0xc9]OQQP[0xf3][0xc][0xd4][0xa3]i[0x11][0x85]&amp;[0xd2][0xcf][0x90]Gn[0x9b][0xb4][0xd2]&amp;[0xf5][0x8][0xe9][0x10]&amp;[0xb8][0xa9][0xb7]1[0xbc]&apos;[0xed][0x9e][0x6]v[0x8e][0xb8][0xa7][0xc4][2[0x82][0x89][0xc2]R;[0x84][0xd2][0x8c][0x91]%[0x90][0x1f][0x2];Q[0x80][0xdd][0x98][0x80]=[0x8c][0xe5]i~[0xc][0xef][0xa4][0xc][0xaf][0xd7][0xcd]k0o/[0xf3][0xf6]1[0x96]/[0x1][0xb9][0xad][0x9c][0xec][0xb6]2[0xca][0x90]o[0xb]6[0xf5]|[S[0x91][0xad]dJF[0x89]f.[0x1c][0xe6][0x1c][0xb8][0x8e]1|[0xb7][0xc8][0xad][0xa0][0xcc][0xad][0xe0]f[0x86]|[0x9][0x19]GA[0xb9][[0xc1][0xed][0xac]@|[0xc6]W[0x96]qX[0xa6][0xba]Y&gt;[0xc7],G[0x18][0xc3][0x17][0x9c][0xdc]6Ms[0xdb][0xf4][0x10][0xc3][0xbf]N[0xa7]UU6[0xb5][0xcf]-[0xff][0x9][0xce][0x9f]&apos;[0x19][0xc3][0xd7][0xa6]1[0x1][0xa9][0xb0][0x3]2}[0x8][0xd3][0xdd][0x1]9[0xc6][0x1]y[0x9a][0x3][0xf2]U[0xc6][0xf2]m+[0xb7]m3[0x9e]r[0xd9]v[0x82][0xe1][0x13][0xa6][0xbe]\[0x9b][0x9f][0xe9]6[0xee][0x14]o[0xfe]4c[0xf8][0x12][0x97][[0xc1],[0xf7][0xe6][0xbf][0xce][0x90]o{[0xe3]([0x98][0xed]V[0xf0][0x1d]V[0xf0][\n]&quot;
2013-02-06 13:51:57,414 AAD-WS DEBUG wire:63 - &gt;&gt; &quot;c[0xf8]n[0xc8][0xdf]9[0x14]T[0xba][0x15][0xbc][0xca][0xbb][0x96][0x8a]B[0xe6][0xce][0xf9]:[0x99]K[0x15];l[0x8e][[0xd5][0x9b][0xac][0xea][0xc7][0x8c][0xe1][0xcb]gnUs[0xdd][0xce]z+K[0xd5]H:@nU[0xf3][0xdc][0xaa][0xde]aU[0xef]2[0xe6][0xc4]xq[0xa9]r[0xab]z[0x9f][0xe1][0xb3][0x18][0xb5][\r][0xdb][0xcc][0x11].[0xe0][0xe7]l[0xef]|[0xc9][0x80][0xba][0xfa]a,h[0xca][0xf7][0xe5][0x9f][0xc5]D_&gt;[0xbb][0xf1][0x12]_~[0xfe][0x10][0xaa]3j+X[0xc][0xa8][0x0][0x5]T[0x88][0x9][0xa4][0xc2]K[0x1e]L[0xa3]&quot;[0xcc][0xa2][0xe2][0xf4][0x1e][0xbe]f[0xaa]89F[0xc5][0xc2][0x9c]*jr[0xab][0x98][0xce]*f[0xb0][0x8a][0x99][0xac]b[0x16][0xab][0x98][0xcd]*[0xe6][0xa4]U[0x9c]b[0xe1]|u[0xb7][0xf6]LKXA1[0xaf][0x9c][0xb5][0xf6]\+[0xe2][0xcf]1[0xff][0xd1][0x82][0xe7]P[0xd7][0x99][0xf7]4[0xea][0xcf]a[0xa2][0xb7]a[0x4][0x8d][0x9d]_E[0xfd] [\n]&quot;
2013-02-06 13:51:57,415 AAD-WS DEBUG wire:63 - &gt;&gt; &quot;[0x19][0xd3][0xd1][0x99][0xff]4[0x16][0x9][0xfe][0x3][0x16]~[0x91][0x89]_[0xd4][0xd1][0xa4]2[0xd7][0xe2][0xce]&lt;_&gt;[0x93][0xd4]u4y|l[0xde][0xa5]M[0x5][0xbe][0x82]s[0xd0]kG@M[0x85][0x83]([0xf6][0x15][0xb0][0xe9][0x97]5[0x15][0xfa][\n]&quot;
2013-02-06 13:51:57,415 AAD-WS DEBUG wire:63 - &gt;&gt; &quot;[0xbd][0x97][0xfb]X[0xe7][0x92][0xa6]&quot;_[0x11][0xf9]&lt;CXz[\n]&quot;
2013-02-06 13:51:57,415 AAD-WS DEBUG wire:63 - &gt;&gt; &quot;[0xcb][0xda][0x7]Q[0xd7]T4[0x8a][0xe5][0x9d][0xa3]h[0xea][0x1c][0xc6][\n]&quot;
2013-02-06 13:51:57,416 AAD-WS DEBUG wire:63 - &gt;&gt; &quot;&amp;^[0xe9]][0xc5]`[0x8][0xab][0x87][0xb1][0xe6]d[0x93]6[0x8a][0xe6]N[0xef][0xda]a[0xb4][0x9c][0xac]7M[0xad]?[0x8d][0xd6]#[0xe6][0xcb]Q[0xde][0xdb]N[0xee]Pw[0xda][0xcf][0xc7][0xb9][0xbe][[0x9e]i[0xe7]z[0xf][0xba][0x4]E[0xb4][0x10]%T[0x83]Rj[0xc0]zZ[0x84][0x9d]t)[0xae][0xa2][0xcb][0x10][0xa0][0xcb][0xb1][0x8f][0x96]&quot;F[0xcb]q=5[0xe1]6Z[0x81];i%[0x1e][0xa7][0xd5]8N[0xcd]8Ak1J[0xeb][0xf1][0x2]m[0xc0][0x8b][0xb4][0x89][0xa5][0x9e][0xe1][0xf2][0xa4][0xb8]j[0xc1][0xba]Lq^[0xef][0xaa][0x5][0xb4][0x93]-[0xdc][0xc5]Q[0xb9]2+[0xd8]g[0xf0][0xe2][0x18])[0x1b]2R6[0xba][0xa5][0x4]XJ[0x17]K[0xe9]v[0xc4][0x93][0xe4][0xaa][0x9f];[0x87][0xfd][0xae][0x93]IA[0x86][0xe7][0xcc][0x2][0x90][0xad]sSF[0xe7]f[0xb7][0xce]8[0xeb]L[0xb0][0xce]$c[0xbf][0x81][0x97]rkjsk:[0xcc][0xf0][0x9b][0xf8][0x96]M[0xbd][0x80][0xb1][0xf9]r[0xf6]jj[0xeb][0xea][0x89][0x86][0xb0][0xc5]u[0x1e][0xe9]^[0x8e][0xcd]}&amp;[0xcf][0xcb]6[0xcf]o87=[0xfc][0xfc]L[0xdd]9L[0x18]E{[0xa7]w[0xeb]0[0xb6][0x9d][0x94][0xfc][0x9f]To[0xa2][0x96]wz?(9Q[7[0x82][0xed][0xf5]g[0xe1][0xa9][0xad][0x1f]AG[0xed]i[0xec]8[0x82][0x8d][0xb5][0xa7][0xb0][0xa3][0xa9][0x90][0x9a]T[0xc9]h[0xbd]f[0x8];[0x9b][0xd4]AL[0x1a][0xc5][0xae][0xce]z_[0xbe][0xaf]`[0x18]W[0xf2]Z[0xa1]O[0x9d][0x84][0x7][0xf2]F[0xf0]![0xce][0xd5]N[0xf9],[0x8d][0xa6][0xbe][0x6][0xe1][0xab][0xa9][0x97][0xf1][0xc2][0x97]/[0xf3][0x85][0xaf][0x80][0x7][0x8c]Z[0x16][0xb4];c[0xfb]vL[0xe1][0xd7]g[0x90][0xcf][0xc3]G[0x9][\r]c*[0x8f][0x1f]s[0xe8]Y,[0xa0]Q[0xd4][0xd0][0xd7][0xd0]H[0xcf]c[0x9][0x9d][0xc4]J:[0x85]5[0xc4][0x89]J/`[0xb][0xbd][0x88]=t[0x8e][0xf3][0xed]%[0x1c][0xa6]o[0xe3]F[0xfa][0xe]n[0xa5]W8[0xdf][0xbe][0x8b][0xbb][0xe9]{,[0xf9][0xdb]\s-[0x1f][0xf8][0x0]3Bt[0xcc][0xe5][0xde][0xd7][0x18][0xbe]ra[0xb2][0x9f]0[0xfc]n[0x9a][0xec]&amp;;[\n]&quot;
2013-02-06 13:51:57,416 AAD-WS DEBUG wire:63 - &gt;&gt; &quot;[8[0xcc]{V[0xcd]([0x8d]&gt;[0x4]m[0x6]o[0xff]a[0xac][0xa2]v[0x8e][0xa3][0xe7],*[0xc4]?[0xf2][0xca][0xff]R;5v[0x13][0x9f]I[0x8f][0xf8][0xaf][0xbd]~[0x14]Wu2[0xef][0x87]&apos;[0xe5][0xbd][0xcd][0x9b][0xbd][0xfa][0x4][0xae]Q[0x90]Q9W[0xc2]E[0xbf][0xe0]t[0xf9]%[0x97][0x9e]w0[0x85][0xde][0xc5]t[0xfa][0x15][0x16][0xd3]{XJ[0xbf]F[0x1b][0xfd][0x9e])[0xff]&gt;[0x9d][0x14]~N/1gfv[0x80][0xb3][0xa3][0xe9][0xaa]nJ[0x11][0xf2][0x15][\r]%[0x8a][0x8e][0xc9][0xca][0x4]LUJ0C)5[0xc5]~[0xef][0xc2]b?[0x92][0x12][0x1b]p[0x8b][0x9d][0xcd]b+Y[0xec]\[0x16];[0x8f][0xc5]V[0xb1][0xd8][0x5]L[0xf1][0xf]ik[0x8f][0xda][0xd5][0xb8][0x87][0xf3][0xab][0xeb]~L[0xe1]G[0xf7][0xfd]v[0x16][0xf6]H[0x16][0x9e]o[0x17][0xc2]s[0x4]e[0x9c][0x93]]Rb[0xd9][0x9b][0xc6][0x10]z9[0xc1]D[0xca][0x11]xy[0xa1];[0xb3][0xd0][0x97][0xb1][0xae][0x89][0xf]![0x94]Ul[0xd9]jLS[0xae]`[0xab][0x9a][0xb1]@iA[0xad][0xd2][0x8a]Fe[0x1d].S6`[0x85][0xb2][0x11][0xcd][0x8a][0x1f][[0x94]M[0xd8][0xa1]l[0xc6]n[0xa5][\r][0xdd]J[0xbb]i}[0xca])[0xfd][0xb6]S.[0xad]=w~[0x9b]3.[0xaa][0xb5][0x8c][0xd9][0x9b]1f[0x1]O[0xcf]P[0xba][0xd8]U[0xdd]l[0x90][0x1][0xaf][0xd2][0xcb][0x6][0xed][0xc5][0x1c]%[0x88][0xf9][0xca]&gt;[0xd4](!,V[0x6]L[0xc5][0xff]hw[0x18][0xee][\r]2}[0xd3]T[0xcb]m[0xd3]-[0xb7][0x89][0xf7][0x82])[0xef][0xed][0xcb]a[0x89]I[0xac]Y[0xde][0xa9]`[0xef][0xf4][0xdb][0xee][0x9c]+[0xef][0xe2][0xd1]AL[0xe5][0xd7][0xa0]mq[0xb1][0xbc][0x8b][0xd1]r[0xd8][0xdb][0x9d][0xde][0xe6]&gt;[0x93][0xf6][0xf6]}[0x96][0xbc]2[0xd3][0xdb][0xe9][0x85][0xbe]A\&apos;[0xe6][0x1c]AR[0xa4]d[0x16][0xf6][0xe][0xa2][0xdb][0x12]53%j[0x14][0xa1]T[0xf5][0x18]0E[0xae][0xb5]D[0xce]L[0x89][0xcc]&amp;`[0xd1]s,[0xd1][0x15])[0xd1][0xd9][0x4][0xe][0xe7][0xde][0x80][0xd9][0xec][0xdc][Q[0xa6]|[0x12][0xb3][0x95][0xdb]1O[0xb9][0x3][0xf5][0xca]][0x1c][0xdd]O[0xa1]E[0xf9]46(wc[0xbb]r/G[0xf7]&gt;\[0xad]|[0x16][0xbd][0xca][0xfd][0xe8]W&gt;[0x8f][0x98][0xf2][0x0][0xe]*[0xf][0xe2][0x16][0xe5][0xb][0xb8]Cy[0x8]w+[0xf][0xe3]A[0xe5][0x8b]xTy[0x4]O(_[0xc2][0x90][0xf2][0x18][0x9e]S[0x6]qF[0xf9]2^U[0x9e][0xc4][0x9b][0xca]S[0xf8][0xa9][0xf2][0x15][0xfc]V9[0x8a]?*[0xc7][0xa8]@y[0x9a][0xca][0x95][0x11][0xce][0x8e][0xef][0xf3][0xe0]fe[0xcb]2[0xb3][0xb5][0x0][0xd3][0xb8][0x2][0x84][0xb9][0xd3][0xd7][0x98]Ua[0x18][0x91][0xe3][0x8][0xb]*S[0xec][0xcd][0x16][0xa1][0x9c][0x82][0xaa][0x9c][0xe6][0x93]s[0x86][0xf9]~[0x90]SJ[0xd4][0x92][0x12][0x12])[0x1f]=[0x8e][0xa8][0xa0][0xdc]R[0xbe][0xc5]R^f)R[0xae]~[0x88][0x1f][0x8d]3[0x9f][0xc6]\[0x9d]Cy[0x1d][0x1e][0xe5][\r][0xc6][0xbc][0x86][0xd7][0xc7]a[0x89][0xbb]Y~[0xce],o[0xf3][0xfb][0xcd]i-&gt;[0x93]bl[0x5][0xcd][0x93];[0xef][0x1b]&lt;[0x98]Z]z[0xb1]}[0xc7][0xf5][0xd6][0xf0]8s[0xb4]m[0x14]yR[0xf][0xf3][0x87]Qp[0xd2]d[0xe7][0xf1][0x8e][0xd7][0x9d][0x15][0xb8]!}s[0xfe]q[0xfa][0xbe]Q[0x9][0xeb]/[0x4][0x9][0xb7]i[0xef]#Oy[0x8f][0xdf][0xfe][0xc9],[0xe9][0xff][0x8c][0xbf]2[0xb]k&gt;[0xee][0xa3][0x89][0xf8],[0x9f][0xbf][0xe7]x[0x92]x[0x9e][0xcd][0xdd]E[0xb][0xa9][0x91][0xbf]C[0xfc][0xdc][0x80][0xa2]?[0x1]PK[0x7][0x8]E[0xc][0xf][0xe2][0xd6][0xf][0x0][0x0]F%[0x0][0x0]PK[0x3][0x4][0x14][0x0][0x8][0x0][0x8][0x0][0xd4]|D5[0x0][0x0][0x0][0x0][0x0][0x0][0x0][0x0][0x0][0x0][0x0][0x0][0x1b][0x0][0x0][0x0]javax/help/MainWindow.class[0x8d]S[0xcb]N[0xdb]@[0x14]=[0xe3]&lt;[0x9c][0xb8][0xe6][0xdd]@[0x3][\r][0x14][0x8]4q[0x80][0xac][0xba]h[0x83]@([0x8][0x15][0x15][0x2]R*[0x10][0xec]&amp;dH[0x8d][0xdc]1[0xb2][0xc7][0xb4][0x9f][0xd5]n[0x82][0xd4]J][0x82][0xc4]GU[0xbd]6[0x11]8[0x80]D7[0xf7]j[0xce][0x9c]s[0xee][0xc3][0xe3][0x9b][0xbf][0xbf][0xfe][0x0]X[0xc1][0xa2][0x1][0x1d]9[0x1d][0xe3][0x6]4[0xe4][0xc]L[0xe0]U[0x18][0xf2][0xe1]qR[0xc7][0x14]C[0xaa]-ZA[0x87][0x81][0x1d]3[0xc][0xd4]][0xe9]+.[0xd5][0x1]w[0x2][0x91] [0x7]0[0xa4]Wmi[0xab]5[0x86][0x89][0xd2][0xce][0x19][0xbf][0xe0][0xdf][0xab]_[0x84]s^[0xfd]H[0xa1])T[0xad]|[0xc0][0x90][0xac][0xbb]m[0xc1]0[0xb4]cK[0xd1][0x8][0xbe][0xb6][0x84][0xf7][0x99][0xb7][0x9c][0x10][0xe9][0x8][0xb5][0xef][0x9]_H[0xc5][0x95][0xed]J[0x86][0x8d]&apos;M&quot;[0xac][0xea]p[0xd9][0xa9]6[0x95]g[0xcb]N[0xad][0x1c][0xa7][0xc5]-j[0xc][0xb9]R[0x8c][0xbf][0xd7]:[0x13]&apos;[0xb7]m[0x18]M7[0xf0]N[0xc4][0x96][0x1d][0x95][0xde][0xe5][0xb6]&lt;[0xb4]e[0xdb][0xfd][0xb6][0x12][0xb2]M[0x98][0x18] m[0xcc][0xf6][0x9e][0xa1][0xe3][0xb5][0x89]a[0xbc]11[0x8b]9[0x13][0xf3](2[0x14]b[0xcc][V[0xff]$[0xa3][0x8f][0xe7][0xd0][0xb1][0xc0]`[0xf6][0xd3][0xcc]m)[0x85]Ww[0xb8][0xef][0xb][0x9f][0xe1]][0xe9][0x99]Y{V[0xc5][0x7]3[0x8f][0xd3]&amp;7[0xc5])[0xf][0x9c][0x7][0xb][0x9d]/[0xfd][0x97][0xdc][0x17][0xaa]w[0xd5]//&gt;[0xf5]=[0xfa][0xd5][0xe1]jg[0x9e]![0xd1][0xde]4zi[0xe1]{[0x99]D[0x6]Y[0xca][0x6][0x9d]4[0xbc]@[0x82]&quot;[0xad][0x9e][0x90]AB[0xe6][0xe8][0xa4]QN[[0x95]K[0xb0][0x9f][0x91]b[0x88][0xa2][0x11][0xa1][0x16]R[0xa8][0x90]z[0x18]#=&gt;&apos;}[0x92]r[0xf9]7[0xb4]#[0xeb][0x12][0x89]][0xeb][\n]&quot;
2013-02-06 13:51:57,417 AAD-WS DEBUG wire:63 - &gt;&gt; &quot;[0x5][0xd6][0xa8]\!kU[0xba]H6[0x96][0xaf][0x91][0xb1][0xba]H5[0x96][0x96][0xbb]H/[0xfd][0xb8][0xb3]\$#[0xe0]=[0xc5][0xf]T[0xbe]F[0xd8][0x1a][0xc6][0xb0][0x8e]&lt;[0xea](`[0x93]Z[0xd9][0xc6][|[0xa2][0xd2][0x19][0x8c][0xf6][0xca][0xe5]#5[0xe2][0x9d][0xa5]#[0xe0][0x90][0xfa][0x1b][0x8b]&amp;z[0x89][0x99][0xa8]_z![0xf4]&apos;M#[0xfb][0xf]PK[0x7][0x8][0xbe]#[0xd3][\r][0xd0][0x1][0x0][0x0]m[0x3][0x0][0x0]PK[0x3][0x4][0x14][0x0][0x8][0x0][0x8][0x0][0xd4]|D5[0x0][0x0][0x0][0x0][0x0][0x0][0x0][0x0][0x0][0x0][0x0][0x0][0x16][0x0][0x0][0x0]javax/help/Popup.class[0x8d]Y[0x9]|[0x14][0xe5][0x15][0xff][0xbf][0xd9]lfw2[0x81][0xb0][0x9c][0xcb][0x19]NCN@E[0xb9][0xac][0x10]@#I8[0x82]`@[0xd1]Mv[0x8][0xb][0x9b][0xdd][0xb8][0xbb][0xe1][0xd0][0xd6][0x13]o[0xab][0xc5][0xb3][0xc1][0xbb]*i[0xd1]j@[0xd9]`[0xe3][0x1][0xda][0x6][0xcf][0xda]V[m[0xeb][0xd1]j[0xab]U{X[0xaf]Z/[0xfa][0xde][0xcc][0xec][0x99][0x8d][0x85][0xfc][0xf6]}3[0xef]{[0xef]}[0xef]{[0xd7][0xf7][0xbe][0xe1][0xd9]o~[0xf6]8[0x80]Je[0xa4][0x1b][0x1e]*[0xd0][0x18][0xe8][0x1a]N[0xa0]B[0x95][0x6][0xa8]4PC[0x1e][0x15]ip[0xd2] [\r]][0xe4][0x11][0x9a][0xc1][0x2][0x86][0x8][0x18]*`[0x98][0x80][0xe1][0x2]F[0x8][0xf0][\n]&quot;
2013-02-06 13:51:57,417 AAD-WS DEBUG wire:63 - &gt;&gt; &quot;[0x18])bF[0xa9]4Z[0xc6]1[0x1a][0x8d][0xa5]q[0x2][0x8a][0xe5]u[0xbc]J[0x13]4[0xfc][0x88]&amp;[0xaa]4I[0x83][0x97]&amp;[0xab]4E[0xa5][0xa3]\xT[0xc3]hY[0xc6]C%*MU[0xa9]TC1[0x95][0xa9]T.[0xa8][\n]&quot;
2013-02-06 13:51:57,417 AAD-WS DEBUG wire:63 - &gt;&gt; &quot;[\r][0x13][0xa9]RdW[0x9]z[0x9a][0x9b][0xa6][0xd3][0xc][0x8d][0x8e][0xa6]c4:[0x96]f[\n]&quot;
2013-02-06 13:51:57,418 AAD-WS DEBUG wire:63 - &gt;&gt; &quot;[0xee]8[0x17][0x1d][0xaf][0xe1]*[0x9a][0xa5][0xd2]l[\r][0x95][0xe4]Qi[0x8e][0x86]i4W[0xa5]y[0x1a]f[0xc8]x[0x82][0x86]cd[0xfc][0x8e][0x86][0x99]4W[0xa4][0x9d][0xa8][0xd2]|[\r][0xb3]h[0xae]p,[0x90][0x95][0xaa]E[0xd6]B[0x95][0x16][0xb9]h[0xb1]J&apos;i8[0x91]NvQ[0x8d][0xd8][0xe4][0x14][0x8d][0x96]P[0xad]JuB7[0xcd]E[0xf5][0x1a]-[0xa5]e[0xa2][0xc0]rYx[0x85][0xfd][0xe4][0xa1][0x6][0x8d]V[0xd2][0xa9]&quot;[0x95][0x80][0xd5].:M[0xd0][0x8d][0x1a][0xad][0xa1][0xb5][0xf2]t[0xba][0x80][0xc9][0x2][0xce][0x10][0xb0]N[0xc0][0x99]*[0x9d][0xe5]F+[0xf9][0x4]4i8[0x8d][0x9a]e[0xd3]~y5[0x4][0xac][0x17][0xcd]Z[0x4]l[0x10][0x10][0x10][0xa6][0x8d][0x2]6[0xa9][0x14][0xd4][0xe0][0xa7]i[0xa2]@[0xab][0x80][0x90][0x1b][0xe7][\n]&quot;
2013-02-06 13:51:57,418 AAD-WS DEBUG wire:63 - &gt;&gt; &quot;[0xd3][0xb9][0xc2]t[0x3][0x85]4[\n]&quot;
2013-02-06 13:51:57,418 AAD-WS DEBUG wire:63 - &gt;&gt; &quot;S[0x9b][0x80][0xb3]U[0x8a][0xb8]Y[0xb4]O[0x0]/[0xd2]JQqFH[0xa5][0x98][0x86][0x8]y\[0xd4].[0xe3]f[0x1][\[0xb4][0xd5]E[0xdb][0xe4][0xf1][0x1c]Y[0xe6]\[0x95][0xbe][0xab][0xb1][0xc8]f[0xd9][0xc6][0xf7]\t[0x9e][0x8c][0xe7][0x8b][0x8c][0xb][0x4]\[0xe8][0xa2][0x8b]\t[0xb1][0x8b][0xb6][0xbb][0xe8][0x12][0x17]][0xea][0xa2][0xcb]\t[0xb9][0x8b][0xae][0x10][0xb2]+U[0xba]J[0xa5][0xab][0xc5]L[0xec][0xf8][0xef]k[0xb8][0x86][0xb5][0xb5]^[0xae][0xd1][0xb0]#[0xf9]r[0xad][0x86][0xf1][0xb4]P[0xc0][0xf][0xc4]#;[0x4]}[0x9d][0x80][0xeb][0x5][0xdc] [0xba][0xde]([0xe0]&amp;[0x1]7[0xbb][0xe8][0x87].[0xea][0x10][0xc2][0x9d][0x2]nQ[0xe9]Va[0xbd]M[0xc0][0xed]Bq[0x87][0x80];]t[0x97][0xe8][0xff]#[0xb1][0xcc][0xdd]&quot;[0xe7][0x1e][0xb1][0xdf]m.[0xba][0xd7][0xc6][0x14][0xd3].[0x17]u[0xaa][0xf4]c[0x95]~[0xa2][0xd2]n[0x2][0x8]zM(dD[0xaa][0x83][0xbe]h[0xd4][0x88][0x12][0x6].[0xb][0xb7][0xb5][0xb7]-1[0xb6][0xcd][0xf7][0xfb][0xda]bF[0x84]0[0xd4][0xc4]T[0x87][[0xdb][0xc2]!#[0x14]K[0xe2][0x87][0x9b][0xf8][0xba]p{[0xd4]X[0xbd][0xc1]0[0x82][0xb5][0x81]h[0xcc][0x8][0xc9][0xcc][0xa0][0xd4]L[0x92][0xda]c[0xe2]V[0x7]B[0xfe][0xf0][0x96]$[0xd2][0xb5]q[0x83][0xe1][0xf][0xc4][0xc2][0xfc]8[0xae]v[0xa3]o[0xb3]ok[0xd5][0x6]#[0xd8]Vu[0xca][0xc9][0xc][0xab][0xc3]![0x96][0x17][[0x15]0[0xb6][0x18][0x91]9[0x4]5[0x10][0xda][0x1c][0xde]$lCL[0xda]*[0xdf][0x96]XUR-&amp;[0xc8][0xdf]bJg[0x8d]mYQF[0xb4]T[0x9d]b-*[0x12]Z&quot;[0xbe][0xa6]&amp;[0xc3][0xcf][0xda]X[0x12][0xda]c[0x81]`[0xd5]*[0xa3][0x99]5[0xe0]iG[[0xb3][0x8f]P[0x92][0xae][0x88][0xa9][0xf4][0xa4][0x9c][0x6]0[0x19]61[0xc3][0x84]~[0x18]R64I[[0x99]tR?[0xa4][0xe9][0xa6]b[0xe2][0xbc][0xb6][0xd6]-AB[0xe9][0xb7]Qg[0x98][0xdc]\`[0xb]/0[0xb9][0x1f][0x96][0xc][0xbb]3[0xf5][0x80][0x0][0xdb]6[0x12][0xf2][0x5][0x17][0x84][0xdb]C[0xfe]h[0x86]IW[0xb0]=|[0xa1][0x96][0xa0]![0x9a]4[0x9c][0xbc]tu[0xd2]\AFW5[0xc4]&quot;lU[0x9e]+d[0x7]E[0x99]2[0xb6][0xca][0x17]l7\t[0x1f]{[0xa0]z~}[0xf5][0xa2]Z[0xb6]t84[0xdd][0x1f][0x8e][0x1d]C[0xe0][0x9c][0x80][0xde][0xdc][0x1e][0x89][0xb0][0xe5]LU[0x12][0xd2][0xd2][0x95]diN[0xbf][0xd1][0xd4][0xde][0xe2][0xe0][0x12][0xcd]1[0xe9]m[0x96]p[0x9c]d[0x92]M2[0xbd]8[0xc9][0xf6]&quot;[0x7]W[0x9a].f[0xd4]2[0xb3][0xbb]a[([0xb6][0xc1][0x88][0x5][0x9a]Y[0x87][0xb9][0x81]P v[0x2][0xc7]g[0x86]&apos;%[0xa2][0x1a][0x8c][0xd8][0x9c][0xa9][0xab]xW[0xd5]a[0xbf][0xc1][0xa1]^[0x1b][0x8][0x19][0xf5][0xed][0xad]MFd[0xa5][0xaf])([0x98][0x16]#[0xb6],bDYW_,[0x10][0xe][0x11][0xe6][0xe7][0x14][0xd2][0xd7][0x1c]S3[0xf6][0x94]&amp;[0x82][0xb5][0xd3]XjM&quot;v[0x87][0x95]L[0xcd][0x1d][0xbd]Z4[0x8d][0xca][0xd6]=[0x8b]Ht[0x1f][0x91][0x12]V[0x93][0xe5][0xc3][0xc][0xd1][0xe9]^[0x1c][0x11][0xed][0x97]&apos;}[0xa1][0x14][0x8b],[0xe4][0xe6][0x85][0x12]6[0x1f]^2[0xb5][0x9f][0x94][0xd2]Y[0xf4][0xc2]@[0xb4]-[0xe8][0xdb]&amp;y[0x95]W[0xb2]Fx[0xb][0x2][0xd1]4[0xa4][0xa3]d*[0x7][0xc1]@_[0xb3][0xd8]c[0x99][0x11]Y[0x1f][0x8e][0xb4][\n]&quot;
2013-02-06 13:51:57,419 AAD-WS DEBUG wire:63 - &gt;&gt; &quot;~\[0xda][0xda][0xc6]f[0xde]`[0xd5]|[0x93]d[0xd1][0xe6][0xc4]f[0xdd][0xd1][\r][0xe1]-v[0xd4][0xb0][0x14][0xc6]x[0x9a][0xd9][0x1a][0xed]1[0xc3]D&amp;6Q[0x9a]&amp;ha[0xa0][0xd5][0x8]E[0xc5][0xf0][0xfd][0x18]c0[0xef]ke[0x98][0x93]([0x1a][0x93][\n]&quot;
2013-02-06 13:51:57,419 AAD-WS DEBUG wire:63 - &gt;&gt; &quot;[0xe3][0xb][0x84]r[0xb8][0xc5][0xc6]3y[0x1][0x93][0xaf][0x8][0x87]c[0xcb]|![0xe][0x10]o[0xb6]![0x12]Ss,[0x83]-[0xc][0xf8][0x82][0xe1][0x16]^$][0x9c][0x85][0x94][0x8c][0x9][0x84][0xea][0xc2]~_0AU([0xf5](M[0x89]L[0xaf]&apos;t[0x90]m[0x17][0xb5][0x87]2hy[0xd3][0x5][0xcd][0xbe]P[0xb3][0x11][0xb4][0xad]3[0xb4]$-&amp;[0x97]6m[0xe4][\r][0x9b][0x8c][0xf9]V&amp;qe([0xe9]/h3SI[0xf3]57[0x1b][0xcc]q[0xec][0xb4]iI[0xa9][0x19][0xa9]*R[0x13]D3[0x85]hj.[0xa2]~[0xc2][0xc5]5[0xb7]9h[0xa7][0xa7][0xd6][0x10]n[0x8f]4[0x1b][0x8b][0x3][0x92]x[0x9a][0xc9]V)L:[0x1e][0xc7][0x13]:[0x1f]M[0x1f][0xeb]t?9[0x8][0xc5]YJ[0xd6][0x87]c[0x8b][0xc5][0xf1][0x8b][0xb6]6[0x1b]mV[0x96][0x8e]M[0x91][0xd4][0x87]M[0xa2][0x85][0xc6]z[0x8b]([0x12][0x9]Gt[0xfa])=[0xa0][0xe3]5z[0x90][0x1][0xcb][0xc5][0xa3]xL[0xc7][0x1][0x1c][0xd4][0xf1]$[0x9e][0xd2][0xf1]s[0xfc]BG/[0xe][0xe9]x[0x1a][0xcf][0xe8]x[0x16][0xcf][0xe9]x[0x1e]/[0xe8][0xd4][0x85][0xd7][0xd9][0xf6][0xd9][0xbb][0x13]![0xaf][0xab][0xb4]G[0xc7][0x9f][0xe8]a[0x9d][0xf6]Q\[0xa7]n[0xda][0xcf][0xe6][0xca][0xd8]t[0x9d][0x11]j[0xaf][0x89][0x19][0xad]:=[0x82][0xff]p[0x84]eLZ[0x85][0x9c])t[0xbc][0x85][0xb7][0xb9][0xaa][0xf5]a[0xe5][0x83]%[0xb5][0xab][0x9a]`[0xd0]h[0xf1][0x5][0xe7]GZ[0xda]9[0xbc]c[0xc9][0xad][0xeb][0xf8]Ld[0xf][0xce]am[0xce][0xb8]d0Y[0x18][0xb1][0xc0][0xcf][0x8]c[0xbe][0xf5][0xa0][0xd5][0xa9][0x87][0x1e][0x15]J[0xb6][0xd0][0xcf][0xd0][0xa3][0xe3]s[0xfc]W[0xa5][0xc7]uz[0x82][0xe][0xa8]tP[0xa7]&apos;[0xe9])[0x95]~[0xae][0xd3]/[0xa8]W[0xa7]C[0xb2]z~[0xb5]!UE[0xa7][0xa7][0xe9][0x19][0xdb]\[0xe9]&apos;+a[0xca][0x91][0x9d][0xa8][0xb2][0xea][0xb3][0xf6][0xb6][0xbf][0xfd][0x8c]$L&lt;[0x82]s[0xce][0xe][0x9d]o;[0x99]u[0xbc][0x84][0x97][0xf9][0xcc]?[0xd2][0x83]V[0xa7][0xe7]$~[0xbe][0xc6]7:=O/$l[0x9c][\n]&quot;
2013-02-06 13:51:57,420 AAD-WS DEBUG wire:77 - &gt;&gt; &quot;N[[0xfd]J[0xb6]z[0xa5]Y[0xd3]*-[0x95][0x16][0x87][0x9b][0xdb][0xa3][0xa9][0xe][0xa9](;Yu[0xfa]%[0xbd][0xc8]A[0xe2][0xf3]&quot;
2013-02-06 13:51:57,420 AAD-WS DEBUG wire:63 - &gt;&gt; &quot;[0xfb]s0[0xe8][0xf4]+[0xfa][0xb5]J[0xbf][0xd1][0xe9]%z[0xd9]v[0xb7][0xc5][0x9d][0x96][0x4][0xf9]VAP[0xe9][0xb7]:[0xfd][0x8e]^[0xd1][0xe9]U[0xfa][0xbd]N[0xa0]?[0xea][0xf8][0x8][0x1f][0xab][0xf4][0x9a]N[0xaf]K[0x1a][0xfc][0x16][0xbf][0xd3][0xf1]{[0xfc]![0x11]6[0x95]f[0xd8]T[0xda]a[0xa3][0x93]B[0xe][0x95][0xde][0xd0][0xe9]M[0xfa][0x93][0x8e][0xf7][0xf1][0x81][0x8e][0xbf][0xe0][0xaf]:[0xfd][0x99][0xde][0xd2][0xf1][0x9]&gt;[0xe5][0x1a][0xdc][0xb7][0xd8][0xea][0xf4]6[0xfd]E[0xa7][0xbf]2`&apos;[0xbe][0xa3][0xd3][0xbb][0xf4]7[0x9d][0xde][0x13][0xdc][0xfb][0x2]&gt;[0xa0][0xbf][0xeb][0xf4][0xf]I[0xe9][0xfb][0xc4]~_[0xe1]_:[0xbe][0xc0][0x97][0xd9][0x91]k[0x15]F[0x9d][0xfe]I[0xff][0xd2][0xe9]C[0xbc][0xab][0xd2][0xbf]u[0xfa][0x88][0x98][0xed][0x13]z+}[0xe1]dA[0x97][0xe5][0xfe]n&apos;Wzm[[0xd0][0xbe]~[0xbd][0x18][0xba]@[0xf3]5E[0xad]sb[0x9e]N[0x9f][0xd2]g[0x2]8f[0x8b][0xb4][0xcc][0xe]h[0x1e]w*[0x9a]N[0x9f][0x8b][0x81]^![0xe2][0xe])[0xb9][0xd6][0xb2]0[0x93][0xea][0xf4]_[0xfa][0x82][0x8f][0xbb]&amp;#[0x18][0xde]R[0x15][0x9][0xb4]l[0x88][0x15][0xeb][0xf4]%}%[0xc5][0xe0]=[0x9d][0xbe][0xa6]wx3[0xe9][0xb3]&gt;[0xff][0xc6][0xf6]h[0xac][0x98]y|M[0xe1][0xcd][0x86][0x8d]e[0xa2][0xf4][0xd7][0x14][0x91][0xf9]^e[\n]&quot;
2013-02-06 13:51:57,421 AAD-WS DEBUG wire:63 - &gt;&gt; &quot;[0x10][0xa2][0xf4][0xd7]$QA[0xd0]X[0x9f][0xa2][0xf1][0xa4][0xbd]%I[0x86][0xb7][0xb7][0xb5][0x19][0x91]b[0x99]*[0xde][0xe0][0xb][0xf9][0x8b][0x9b][0xc3][0x11][0xe] [0xd6][0xf5][0x1b]:[0x9c]n[0xc1][0xb4]c[0xc7]F[0xb6][0xb5][0x5][\r]&gt;[0x82][0xcd]![0xbb]\%S[0xd5][0xa6]NN,[0x8e][0xf8]Z[0x8d][0xf4]Rc[0xbb]P[0x81]B[0xba][0xa2][0x10][0x3][0x87][0x92][0xa7]+N%_WT[0xc5][0xa5]+n[0xf6][0xbd][0xa2])[0x5][0xba][0xa2]+[0x85][0x84][0xf1]Y[0xe9][0x92][0xeb]&gt;1[0x94][0xb3]&quot;G.*[0x3]D[0xe8]@[0xa5](s_[0xb6][0xa6][0xba]2[0x88]^[0xd0][0x15][0x8f][0xe8]1X[0x96][0x1b]&quot;[0xcb][0x8d][0x88][0x18][0xad]l[0xfe][0x1c][0xd2]p[0x98]#S[0x19][0xaa][0xc][0xd3][0x95][0xe1][0xf4]G&gt;[0xea]-[0xca]\[0xd9][0xa8][0x8c][0xc0][0xc7][0xf6][0xa1][0x93]Ss[0xb3][0x81]a_[0xf4][0xd3][0x12][0xda]%[0xb8]O[0xdf][0x93][0xda][0xb0][0xa7]O=[0x9a][0xce][0xbd][0x95]4C[0xdc]Zs[0xfb]To[0x1a]][0xfa][0xca]:&gt;[0x86]}-[0xfc]2[0xa4]dj[0xae]&amp;}h[0xae]c[0x95][0xd5]m[0xda][0xdd]l[0xe6]r6RU[0xbc][0x1c][0x94][0x99]Z[0x1f][0xdb]o[0xb][0x91][0xc9];)[0xab][0xff][0x1d]&amp;[0x8d][0x91][0xb1][0xde][0xd7][0x1e][0xcc]j[0xae]&apos;[0x96][0x1c][0x11]{J[0xd5]L[0xf6]I[0xb9]z[0xf3]L[0xee]D#[0xbb][0xcc][0x17]1]2$[0xad][0xc3][0xb2][0x9b][0x12]![0xd1][[0xac]%[0xb8];3[0xf8][0xe2]5:S[0xaf][0x95][0xc6][0xd6][0xd4],+4[0xa6][0xa4][0xff]Y[0x91]6 -[0x18][0x83]r[0xfe]9[0x9b][0x82][0xbe][0xe6]M\tj3gX[0x96]7=[0x9b][0x16][0x84]#~#[0xb2][0xd8]&apos;[0xa7][0xe6]6&amp;o[0x8e][0x18][0xbe][0x98]![0xb7][0x14]k[0x86]PY[0x92]-[0xa2]&amp;[0xb3][0xd5]j2[0x9]mIs[0xb2][[0x92]T#[0xeb]f[0xa3]&amp;[0x84][0x8e]-[0xf9][0x16][0x11][0xe6][0x86][0xd8]&lt;v[0x93]`q;8![0x93][0x8d]_[0xd6]%%w[0x1f][0x9a][0xab]I[0xec]{W[0x9d]n[0xd2]:[0x9b][0x83][0x86]O&gt;#$[0xf][0xc3]TfL[0xe8]sg[0xc8][0xa4]0[0x5][0xb8]D_[0xeb]4[0x1e]\[0x92][0xab][0xc9]u[0x9b][0x99][0x13][0xdb][0x10][0xe6]][0x9c][0x98]#[0xaa][0xd7][0xf6][0xe1]I[0x97][0x12]1[0xd6][0x7]y_U[0x96][0x4][0xb9]_[0xf5]7[0xc7][0x87][0xb2][0xf5][0xd1][0x82]0+G[0x83][0xbe]6[0x87][0xad][0xfa][0xa2][0xb2][0x9c][0xc8][0xcd][0xb]ki[0xca][0x94][0xb0]M{[0x1d]UR[0x93][0x15][\r][0xc9]II[0xa3][0x88][0xd1]&quot;F[0x8a]0[0xb2])[0xec][0x8b][0xf8][0xad][0xa2]C[0xa8][0xed][0xe7][0x1a][0x96]4i_[0xfb][0xf4][0xb3]H[0x8d][0x19],[0xec]5F[0xa5]\[0xd6][0xf7][0x9a][0x97]6m[0xfa]kd[0xff][0xd7]@[0xce][0x2][0xde][0xa4][0x85][0xe0][0x18]k[0xe5]#[0xcd][0xa6]O,[0xdf] [0xf0]Tn7[0x3][0xb1][0x80]|[0xc0][0xf2][0x8]=7BQN[0xa2][0xa5][0xeb][0xed]0[0x98]S[0xd2][0xc7][0xa3]9/[0xd8][0xb9][0xef][0x80]*[0x8b]l[0x8][0x9c]cd][0x13]SWM[0x8e][0xd9]-[0x1]l[0x3]7[0x11]5[0xec][0xf3][\r][0x86][0x9c][0xde][0x8c][0x14][0x87][0xc8][0xed]-j[0x96].nH&quot;[0x86][0xdf][0x12]4&lt;[0xf7][0x95][0x95][0x89]i+[0xff][0xb6]%2[0xd4][0xba][0xe0][0xaa],[0xc8][0x12][0x95][0xd7]fV[0x12][0xb9][0xc4][0xd6][0x86][0x9b][0xcd]&quot;[0xb7]4[0xd4][0xc0][0x85][0xc2]`Oz[0xd2][0xb5]3[0xdb][0x16];[0xd6][0x13]r[0x8a][0x92][0xb3]+[0xc3][0xe1][0xe0][0xa6][0x0][0xeb]8(U[0x9c][0x93][0xb8]![0xe9]rl[0xac]\_[0xc5][0xc][0xe6]R[0xd6][0x1e][0xf2][0xb9]e0[0xc4][0x1f][0xe5][0xff][0xe7]n[0x99][0xde][0x92][0xcd][0xc9]&quot;[0xcf][0x11][0xf7]Y[0xe4][0xae]X[0xd8][0xc2][0xb0]b[0xcd][0xe1][0xd0]f#[0x12]3[0xf7][0xb6]2[0x9c][0xd8][0xf7]Q%[0xd9][0xdb][0xee][0xef][0xeb][0xc9][0xd8]@4[0xd9]:[0xda][0x1e]f[0xc1]I[0x14][0xa1],[0xe7][0xf7][0x90][0x9c][0xdf]H[0xd6]pC[0x16]M[0xb9][0x81][0x9d]b[0x9b]0[0xbf][0xb1]D[\r];[0xbd]*M[0xdf][0xe5][0x94][0x90][0xfb][0x3][0xc5][0x10]N[0xa0][0xa4][0xd6][0xa9]4[0x9a][0xdc]&apos;[0x8d][0xfa][0x10][0xd9]ws[0xbf]Q[0xd0]h5[0x93]G[0xbe]^[0xac]d#[0xb1][0x92][0x9b][0xb2]{[0x84]dy[0x19]d[0x96]w[V5[0x87]J[0xcc][0xfc][0xda]Rcy&lt;9c~-[0x9a][0xba]6[0xf7][0xd7]+w [0xba]*[0x10][\r][0x98]_[0xd1][0x8a][0x12][0xed]ZJ[0xf9][0xf1]}[0x94][0xcf] 0[0x15][0x1f][0x96]`[0xab][0xb]gvCG[0xe5]f[0xce]$[0xb3]&gt;[0xec]E[0xcd][0xc0]t[0x1b][0xd6][0xfe][0xe7][0xc7][0xa4][0x1][0xaa][0xc9][0xb9][0xe9]![0xe9][0xed]]j[0xad][0xe1][0x16]:[0x87][0xfd][0x7][0xa7]u[0x8e])[0xac]7[\r][0x9b][0xad][0xf7][0x88][0xf6]P5wdI?%Tv1[0xc8][0x92][0x99]QDU [0xda][0x16][0x8e][0xf2][0xe6][0xc6][0xfd][0x9f][0x9e][0x7][0xe3][0xe1]A[0x17][0x8]{P[0x4]E[0xee][0xf0][0x0][0x8f][0x8f][0xe2]1s|[0x1c]O[0x98][0xe3][0x1][0x1c]4[0xc7]&apos;[0xf1][0x94]9[0xfe][0x1c][0xbf]0[0xc7]^[0x1c]2[0xc7][0xa7][0xf1][0x8c]9&gt;[0x8b][0xe7][0xcc][0xf1]y[0xbc][0xc0][0xe3]H[0xfc][0x12]/[0xb2][0xec]_[0x99][0xb8]_[0xf3][0xfb]o[0xd2][0xde]O[0x82]&amp;[0xf7]i~v[0xc9]-[0xd3][0xa4][0x85][0xdf][0x13][0xf3][0xaf]2[0x9e]/[0x9e][0xfc][0xfe]G[0xf9][0xce][0x8b][0x11][0x8c]{[\r][0xaf][0xf3][0xfb][0x1b][0xfc]v.[0xbf])&lt;[0x1e]W[0xda][\r]W)[0xed][0x83][[0x0][0x9][0xd0][0x4][0x14][0x8][0xd0][0x5][0x14][\n]&quot;
2013-02-06 13:51:57,423 AAD-WS DEBUG wire:63 - &gt;&gt; &quot;[0x18] `[0xa0][0x80][0xa2][0xd2][0xb2]8[0x6][0xed]1[0xbf][0x1c][0xbf][0xc9]p[0x6]t[0x86]a[0xe4][0xa1][0x16]n[0xd4]a[0x0][0xea]1[0x18]Ky[0xb9]e[0x18][0x83][0xe5][0x98][0x80][0x15]8[\n]&quot;
2013-02-06 13:51:57,424 AAD-WS DEBUG wire:63 - &gt;&gt; &quot;[\r]([0xc7]JLG[0x1b]f[0xe2]l[0xa6][0xfb][0x13][0xfe]l+[0xe2][0x83][0x83]y[0x81][0xa9]=[0xf0]4[0xb2]2[0x83][0xeb]J{1[0x86][0xea][0xcb]zY%^jH}[0xc5]![0xd6]0[0x8e][0xa1][0xf5][0xe5][0x15]q[0xc]+[0xef]J.=[0x85][0x5][0x1][0xe7]1[0xbc][0x0][0x85][0xb8][0x10][0x3][0xb1][0x9d][0x97][0xbe][0x4]^\[0xc1]K_[0xc9]K_[0xcb]K[0xef]`[0xea][0xb7][0xf0][0xb6][0xbd][0xdc][0x18][0x1e][0x89]Gg[0xe9][0xc3]p[0xa7]D[0xe5][0x9b][0xc8][0x9d][0xc][0xf9][0xfa]m[0x93]^[0xc9][0x9a][0x89][0x89][0xea]K[0xcb][0xd8]&lt;e[0x7]1[0xbc][0x3]GwbJ[0xa9][0xb0][0xc6]1Bl[0xc6]O[0x7][0xe1][0xed][0xc0] [0x13]y[0x0][0xde]8F&amp;[0xf1][0xa3]:[0xe][0xff]N[0x9e][0xe][0xa1][0xb0][0x7][0xa3][0x1b]=c[0xba]1[0xf6][0x89][0x94][0xe5]J[0xd9][0x81]@&apos;[0x9c][0xf8][0x9][0xdb]p7[0xab][0x1f][0xbb][0xf0]~L[0xc2]O[0xd9][0xaa][0xbb]1[0x97][0x83][0xaa][0x1a]{[0xd9][0xa6][0xf]3[0xc7];x7[0xc7][0x16][0x8a][0xb2][0xb7][0xd0][0xc3][0xf0]ox[0xcf]&amp;[0x9d]`{9_[0xb6]P[0x94]ZZ3[0xb1][0xbd][0xbc][0xf4]!~z[0x1f][0x1f][0xe4][0x10]M[0xd9][0xa2]_`[0xf8]w[0xfc][0xc3]&quot;[0xa5]o[0x98]9[0x9f][0xc7]U[0xec][0xb3]quB[0xcf]n[0x1a][0xb5][0x13]y{[0xac][0xe7]E[0xa5]=([0x16][0x87][0x8e];[0x80][0xf1][0xdd][0x98] [0xc1][0xd5][0x83][0x89][0x8d][0xec][0xc9]I[0xdd][0x98][0xbc][0x8f][0xed][0xc8]tq[0x1c][0xb5][0x17]%[0xce][0xfd][0x98][0x1a]G[0xa9][0x85]([0xe3]a[0x8a][0xa7]&lt;[0x8e][\n]&quot;
2013-02-06 13:51:57,424 AAD-WS DEBUG wire:63 - &gt;&gt; &quot;~[0xd0][0xe][0xe1]4f[0xab]l[0xec]F[0x95]Df[0xf][0xa6]5[0x96]R7[0xa6]K[0x84][0xf6]`[0x86][0xf9]r[0xb4][0x4]i[0xf][0x8e]1_[0x8e][0x95]8[0xed][0xc1]L[0xf3][0xe5]8[0x8e][0xe1][0xbd]8[0xbe][0x3]#[0x19]5[0xcb]D[0xcd][0xe6]`[0xee]dI,;[0x8e]9[0xa5][0xe5][0xdd][0x98]+[0xeb][0xf2]o`[0x1c][0xf3]L[0xe2][0xb9]y[0x8f][0xe1][0x84]F[0x87][0xe7];[0xfb][0xe1]h[0xa8][0xe7][0x97][0x13][0x1b][0x1d]2[0xdf]0;[0xcf]Rq[0xbe]g[0x1][0x87]b[0xf5]l[0xa7][0xd7]4[0x94]7/[0x8e][0x85][0xab];[0x91]W[0xcf][0xdb]]\_[0xd1][0x8b]![0x15][0xa5][0x9e][0x93][0x8a]F9[0xf6][0xe3]d[0x9e][0xab][0xe9][0xc4][0xc0][0xf2]^[0x14][0x94]3[0xb1][0x1e][0xc7])[0xf6][0xc6][0xd3]I[0x96][0x8c][0xea]`[0x9d][0xba]Q[0xdb][0x9][0x95][0x7]e[0xf][[0xf9]%rQ[0x1][0x16][0xd9]&gt;[0xb8][0x6][0x13][0x19][0xbe][0xcc]V[0x85]K[0xcd][0xab][0x18][0xc4][0xc9]&lt;[0x82][0xd3][0xb9][0x94][0xbd]1[0x8b])N[0xe1][0x8c]Z[0xc3]a[0xee][0xe3][0x8][0xe]r[0xc]o[0xe3][0x88][0xb9][0x94]c[0xe6]z[0xe][0x87];9 v[0xb1][0x9b][0xe3][0xec][0xbd][0xc7][0xf0]/.C[0x1f][0xb2]7[0xff][0xcd][0xe5][0xe3]c[0xce][0xc4]O[0x18][0xfb])[0xbe][0xc2]g[0xe4][0xc2][0xe7][0xa4][0xe3]k[0x1a][0x84]oh([0xe][0xd3][0x14]R[0xb8]&quot;8h[0x6]9i1[0xb9][0xe9][0x14][0xd2]h9[0xe9]t*[\r]`[0xad][0xfe][0xc9][0x92][0xac][0xb0])[0xb3][0xc3][0xa6]@v[0xc6]Q[0x95]w[0xbf][0xe3][0xfe]d[0xf0][0xc][0xe0]4[0x2][0x8b]T[0xc9][0x3]7[\r]a[0xec][0x87][0xbc][0xb4][0xc5]x[0xc]G[0x9f][0xfc]/T[0x11]&apos;z]][0xb9][0xe7][0xa4]][0x89][0xed]&apos;[0xb8]=R[0x1c]h[0x4][0x9c][0xe4]E[0x1][0x8d][0xc4]@[0x1a][0xcd]&lt;[0x1f][0xb1][0xe2][0x96][0x84]8[0x1b]Db[0xf9][0xbc][0xbd][0xa8][0xef][0xc5][0x8c][0xbd]Xz[0x8][0x3]=[0xcb][0xf6]cy[0xe3]CX[0xda][0x89]|[0xc6]H[0xe][0xee][0xc7][\n]&quot;
2013-02-06 13:51:57,424 AAD-WS DEBUG wire:63 - &gt;&gt; &quot;[0xa6][0xe8]F[0xc3].[0x8e][0x15]~[0x8a]ce[0x1c][0xa7][0x96]r4[0xae][0xea][0xc6][0xea]Z[0x89][0xb9][0x1e][0x9c][0xd6]X[0xf6]0[0xe4][0xb7][0xa6][0x1b]k[0xe3]8][0xb6][0xc3]og[0xf0]o]b&amp;[0x8e]3-[0xff][0x9d]e[\r][0xbe][0xd2][0x87]P[0x9f][0xd2][0xd7][0xac]I4[0x1]e4[0x19][0xc7]R[0x9]N[0xa0]R[0xac][0xa4]rl[0xa2]JD[0xa8][\n]&quot;
2013-02-06 13:51:57,425 AAD-WS DEBUG wire:63 - &gt;&gt; &quot;[0xdb]h[0x1a][0xbe]G[0xd3]Y[0xe7]O[0xd8][0xe8][0xe6][0x1e][0xf2][0xba]8[0x91][0x6][0x0][0x8e][0x1f][0xf3][0xd6][0x9b]f[0xe6][\r][0xcd][0xeb]@5?6K|[0x1d][0x84][0xbf][0x3][0xe5]^[0xe7][0x1][0xf8][0xe3]0f[0xe7]{[0xf3][0xe3]X_/[0xb0][0xa5][0xae][0xbc][0xe2]al[0xd8][0x87]3d[0xc][0xec][0xc3][0xba]N[0x94]x[0x9d]ql[0xac][0xeb][0xc4][0xb8][0xfd][0xd8][0x14]Gp[0xb6][0xb3][0x7][0xad][0x8d][0xe][0x87][0xd7][0xf9]0B[0x2][0xc2][0xdd]h[0x93]d-:[0xc4]%[0xdd][0xaa]cgse[0xe8]A[0x84]3,[0xea][0x89][0xc5][0xd1][0xce][0x99][0xb7][0xd9][0xb3][0x85][0x1f][0x84]L[0x9e][0xb7][0xf2]s[0x1c][0xdb][0xf6][0xe3][0x9c][0x1e][0x9c][0xdb](X6[0x89]5[0xac][0xb3][0x86]5gu[0xe3][0xbb][0xf5][0x15][0x96][0x9d][0xbf]&apos;K[0x8a]f[0xa2][0x15][,Tf-+[0xba]X[0xab][0x9c][0xc7][0x2]E[0xd1]t[0xd1][0xbc][0xc5][0xfd]8[0xbf][0x3][0xf9]^g[0x97][0x8][0xf0]:[0xbb]q[0x81]lW[0xb4][0xb6]Wk&lt;K^[0x1a][0xfd][0x2][0xd7][0xc5]qaB[0xde]E&quot;/?[^[0xbe]-/[0xdf][0x96][0xc7]bLF[0x1]k[0x12]z[0x9b][0xb2][0xcc][0xc9]5[0xa2][0xa2][0x9a][0x10]y[0xb1][0x88]T[0xb3]E[0xaa][0xb6]H[0xd5][0x12][0xa9][0x8a][0x8a].[0xaf][0xcb][0xab][0xa6][0xab][0xa8][0x9a]*[0xba]2U[0xdc].[0xf2]\[0xd9][0xf2]\[0xb6]&lt;WW[0x1f][0xcb]6[0x9e]e[[0xf8]H,[0xeb]N,s[0x89],[0xe3][0xce]^[0xc6]m/[0xe3][0xb6][0xd4]v[0x8b][0xda][0x9a][0x97][0xff][0xc4]$[0xee]4/[0xca][0xcb][0x1a][0x9a][0xda][0x97][0x8a]&lt;-[[0x9e]f[0xcb][0xd3]ly[0xb6][0x98][0xc6][0x84][0xe6]~S[0xa8][0x89]2%[0x8a][0x8a][0x5][0x9][0x91][0x97][0x89][0xc8][0x82]l[0x91][0x5][0xb6][0xc8][0x2]Kd[0x81][0xa8][0xa8]{[0xf9]Od[0x17][0xa4][0xab]X[0x90][0xa5][0xe2][0xe5]&quot;O[0xcf][0x96][0xa7][0xdb][0xf2][0xf4].+[0x1][0xd2][0xad]U[0x98]`[0xbd]BX[0xb][0xb3]Y[0xb]m[0xd6][0xc2][0xae]r^[0x9c][0xeb][0xf8][0xd7][0xc8][0xbf]52u[0xe5]j[0x9e]Hf[0xfb]g[0x98][0xc7][0x8f][0xf3][0x90]O&apos;ru[0x9a][0x8f]A[0xb4][0x0]^[0xaa][0xc6]DZ[0x88][0xa9][0xb4][0x8]U[0xb4][0x18][0xc7][0xd1]IX@5XB[0xb5]h[0xa0]:[0xb4][0xd0]2[0x84]h9W[0x82][0x6][0xdc]I[0xab][0xf0]8[0x9d][0x86]^j[0xc4][0x9b][0xb4][0x16]_[0xd2][0xe9][0x94]G[0xeb]H[0xa5]&amp;[0xf2]P3U[0x91]AKh=[0xad][0xa4][0x0][0xad][0xa6]V[0xba][0x88][0xda][0xe8]v:[0x9b]:)J[0xbb]i[0xb][0xed][0xe3][0xfb][0xeb]o[0xe8][0x1c][0xfa]&apos;[0x9d]K[0xff][0xa1][0xf3][0xe8][0xb][0xba]H[0x19]A[0xdb][0x95]b[0xba]D[0x99]E[0x97])[0xa7][0xd2][0xe5][0xca]:[0xba]R[0xf1][0xd1]5J[0x90][0xae]U[0xae][0xa0][0x1d][0xca][0xbd]t[0x9d][0xf2][0x0][0xdd][0xa8][0xec][0xa1][0xe][0xe5]5[0xba]U[0xf9][0x9c]ns[0x10][0xdd][0xe1][0xc8][0xa3][0xbb][0x1d][0x3][0xe9][0x1e]G9[0xed]r[0x9c]L[0x9d][0x8e][0xe5][0xb4][0xdb][0xb1][0x92][0x1e]t[0xb4][0xd0]^[0xc7][0xc5][0xf4][0x90][0xe3]j[0xda][0xe7][0xb8][0x96][0x1e]q[0xdc]K[0x8f]s[0xf5][0xfa][0xc][0xff][0xb1]+[0xf0][0xed]&lt;J[\r]_g[0xb5]:N[0xea][0xb2][0xba][0x9f][0xab]:[0xb8][0xd2][0x9a]M[0xd1]U[0xd6]y+=[0x13][0x9f]oG[0x97][0x99][0x1d][0xd3][0xf0]2[0xab][[0xaa]+7I][0xe5]LW[0xcb]S[0xe3]wB[0xe3][0xe1][0xea][0xe]8[0xcb][0xba][0xf8]X[0xf8]~m[0xd9][0xa1][0xc3]/[0xa6]5#[0x95]([0xe0][0xc7]&apos;[0xf9]&lt;y[0x8a][0xcf][0x93]^[0x94][0xd0]3l[0xe7]g[0xd9][0xce][0xcf]q[0xb5]}[0x1e][0xd5][0xf4]&quot;[0x96][0xd3][0xaf][0xd8][0xd6]O[0xe3]tz[0x89]u[0xfd][0x1c][0xff][0xb5][0x9b][0x16][0xe9]o[0xa4][0xd9][0xdc]G[0xb5]$e[0xd0][0xdd]k[0xe9]x[0x10][0xd7][0xec]Lh~[0x0][0xd7][0xc4]qm[0x1d][0x1f][0xd8][0xce][0xf2][0xff][0xb3][0x95][0x89][0x99][[0xa9][0xaf][0xb0][0xb6]Ran%[0x8e][0x1f][0xd4]r[0x13];[0x82]i[0xfc];1[0x88][0x87]bkk;:[0xe]?k[0xe][0x18][0xc0][0x8c];[0xe2][0xb8][0x8e][0xb][0xf6]$[0x99][0xb7]0[0xc5][0xdc][0x1b]0[0xc6]Sf[0xd6][0xfe][0x82]2[0xab][0xf4][0xd7][0xa5]5[0xbe][0xab]0[0x94][0x1f]_[0x81]B[0xaf]&quot;[0x8f]~[0x8f][0xa1][0xf4][0x7][0xc][0xa7][0xd7]1[0x81][0xde][0xc0][0x14]z[0x93]M[0xf2]6N[0xa2][0xbf][0xa1][0x9e][0xde][0xc3]*z[0x1f]g[0xd0][0x7]h[0xa2]w9[0xf4][0xde][0xc1][0x5][0xf4]!.[0xa3][0xe3]:[0xfa][0x8][0x1d][0xf4]1[0xee][0xa1]Op[0x1f]}[0x8a][0x87][0xe8]s6[0xd5][0x17][0xf8][0xd2]v[0xeb]9&lt;[0xca][0xc1][0xba][0xf8][0x8][0xdd][0xea][0xe2][\r]_/[0x1b][0x96]-[0xde][0xd0]q[0xf8]cs`[0xf4][0x1][0xdc][0xd0][0x95][0xe6][0xbe][0x9]|-a[0xc5][0xa1]*[\n]&quot;
2013-02-06 13:51:57,425 AAD-WS DEBUG wire:63 - &gt;&gt; &quot;[0xdc]J&gt;J[0x14]7*[0x14][0x17][0x8e]Wt|G)[0xc4]Be [0xaf][0xfb]U[0xb2][0xb7][0x98]l[0xf7][0x16][0x85]r&quot;[0xf6]B[0xcd][0xe3]&gt;+[0xad][0xbb]0[Se0[0xb3]|[0x8d]ol/[0x7][0xd8][0xc7][0x1c]#[0xf8][0xad][0x84]S[0x7][0xc6][0xb3][\n]&quot;
2013-02-06 13:51:57,426 AAD-WS DEBUG wire:63 - &gt;&gt; &quot;[0xe3][0xad][0xfe][0xee]F[0xfb][0x91][0xeb][0xcf]M[0xd2][0x1][0xb2][0xce]7[0xf3][0xef][0x87]u[0xe5]O[0xf2][0xd0]q[0x2][0x83][0x9d][0xb3][0xf3][0x1c]3[0x9d][0x9d][0xb8][0xdc][0x9b]7[0xd4]9[0xc3]:po[0xd9][0x89][0xfc]ND[0xbd][0xf9][0xcc][0xc3][0xf5][0xe2][0xd6][0xc4][0xc3]mf[0xbb]8[0xcf]n[0x17]o[0x97]vq[0xb6][0x9a][0xec][0x17][0x7]4[0xcc]v%[0xfa][0xc5];[0xe4]0[0xa9][0x9e][0xed][0xf6][0xba][0xf9]DsY[0xed][0xa2]s[0xb6]*:[0xc8][0x2]7{[0xf3]M[0xcb][0x16]y[0xf3][0xd9][0xae][0x8c][0x97][0xb3]e[0xee]v&apos;[\r]u[0x8e][0xb9][0xeb][0xf0][0xd6][0xf2][0xa7][0xd8][0xd4][0xb3][0xb5][0xf2][0xa7][0xbc][0x1a][0xdf][0x1f][0x1c]h[0xc1][0xad][0xb8][0x83];[0xc3]r[0xbe]0[0xbe]`v[0xe6][0xbf]6G[0xcb]$[0x1b][0xf9][0x16][0x1][0xa5][0x91]-[0xbc][0x6][0x1e]e-[0xc6]([0xa7]c[0xb2][0xb2][0xe][0xe5][0xca][0x99][0x98][0xae][0x9c][0x85][0xe3][0x14][0x1f][0xe6])Ml[0xe9]f[0xd4]*~,U[0xc][0x9c][0xa6][0xac][0x87]OiA[0x8b][0x12]@[0xbb][0xb2][0x11][0x17])[0x9b]p[0x9d][0x12][0xc4][0xad]J[0x8]w)[0x11][0xec]V[0xa2][0xd8][0xab][0xc4][0xf0][0x88][0xd2][0x8e]&apos;[0x98][0xff]ie+^V[0xb6][0xf1]j[0x87][0x93][0xad][0xd8]Glv[0x95][0xc7][0x9b][0x1c]s[0xad][0xee][0xfa][0xce]y[0x9d][0xb8]P[0x1e]G[0xc5]q[0xd7][0x1][0xfc]H[0xf2][0x83][0xfd]1[0xba]&quot;[0xe9][0x8f][0xbb]+[0x92][0xfe][0xb8][0xa7][0x13]+*,[0xb3][0xde]k[0x8f][0xbb]2[0xba]q[0xcb][0xbc]y[0xe9][0xe6]u&amp;[0xcc][0xdb])-x[0xb5]8[0xab]B[0x1a][0xb][0xcb][0xba]y[0xdb][0x89]F[0x8d][0xbe][0xeb][0xf0][0x5][0xe6][0xa5]V:[0xea][0xa5][0xb8][0x98]{[0xe2]DG[0xbd][0x80][0xfb]h([0xe7][0xa1]P9[0x1f]^[0xe5][0x2][0x14]+[0x17][0xa2]L[0xb9][0x8][0xb3][0x94][0xed][0x98][0xaf]\[0x82][0x1a][0xe5]R[0xb6][0xcd][0xe5]8C[0xb9][0x2][0x1b][0x95]+q[0x8e]r[0x15].V[0xbe][0x8f][0xcb][0x99][0xe7][0x7][0xca][0xf5][0xb8]Q[0xb9]A[0x2]9[0xb1]Ry[0xff]|#[0xc2]-r[0xe9][0xa9][0xe5][0xce]R[0xfa][0xb9][0xc5]RH[0x8a][0xca][0xad]F?[0x8e][0x9f][0xf0]U[0x80]s[0xa4][0xa0][0xcc][0xba][\n]&quot;
2013-02-06 13:51:57,426 AAD-WS DEBUG wire:63 - &gt;&gt; &quot;[0xec]N]=[0xee];[0xd2][0xab][0xc7][0xfd][0xfd]\=[0xac]KEb[0xa1][0x9f]Z[0xef][0xf]$o[0xf5]S[0xc8][0xec]S[0x89][0xaf][0x95]g#[0x96]4[0xc2][\n]&quot;
2013-02-06 13:51:57,427 AAD-WS DEBUG wire:77 - &gt;&gt; &quot;[0xc]a#[0xdc][0xc][0xa7][0xf2]CNG.@[0xca]N[0xe][0x9a][0N[0xb9][\r][0x13][0x95][0xdb][0xd9] wb[0xa6]r[0x17][0xe6]*w[0xb3]A[0xee][0xc1]*[0xe5]^[0x18][0xca].[0x9c][0xad][0xfc][0x98][0x3][0xe5]~\[0xa2]&lt;[0x80][0xab][0x95][0x7][0xb1]C[0xe9][0xc2]M[0xdc][0xb7][0xef]T[0xf6][0xf2][0xed][0xf2][0x15]&quot;;([0xbc]fX[0xf2]oOV[0xca]&gt;[0x6][0x97][0xfc][0xe7]7&apos;[0xee][0x1b][0xe6]W[0x4][0xeb][0xae][0xed])[0xe5][0x8d]w[0xd5][0xf6][0xc0][0xd9][0xc8][0xb9][0x98][0xdf][\r][0xf5][0x9][0xeb]B[0xca]y[0xe9][0xfc]4[0xd1][0xfe][0xac][0xe1][0xe2][0x3][0xd3]iKI]_3[0xee][0x10][0xd6][0xf5][0xb5]&amp;[0xc9][0x90][0xcf][0xae][0xca]f[0xc8]q[0xdf]M1[0xb8][0x92]1[0xbe][0xd6]f[0x98][0xe8]x[0x8][0xc7]{[0x1e]de[0x97][0x94][0x1e][0xb2][0x8b][0x12]c[0xb8][0xc].[0x91]1a[0xeb]&lt;[0xc]c[0xb]$[0x14][0x1f]k[0xa6][0xc7]j~?[0x9d]mt[0x6][0xcf][0xad][0xe3][0xd9]3[0x19][0xbf][0x91][0xcb][0xe2]j[0xe]&amp;[0xf9][0x9e][0xa1][0x90][0xc6][0x17]~`6S[0xef][0xe5][0xfb][0x8f][0xfc][0x9b][0xc9][0xe3]&gt;[0xd6]y[0x1a][0x8f]q[0x1e]g[0xf1][0xc8][d[0xb3]y[0xb0][0x9f][0xc7]cx|[0x84]9[0xf7][0xd2]X^[0xda][0xfd]?PK[0x7][0x8][0x8e][0xc5][0xf6][0x96][0x3][0x16][0x0][0x0]-[0x0][0x0]PK[0x3][0x4][0x14][0x0][0x8][0x0][0x8][0x0][0xd4]|D5[0x0][0x0][0x0][0x0][0x0][0x0][0x0][0x0][0x0][0x0][0x0][0x0]%[0x0][0x0][0x0]javax/help/WindowPresentation$1.class[0x8d]T]S[0xd3]@[0x14]=[0xdb][0x14]BK[0xb0][0x8][0xe5]C&quot;
2013-02-06 13:51:57,427 AAD-WS DEBUG wire:63 - &gt;&gt; &quot;[0x5]A[0xac][\n]&quot;
2013-02-06 13:51:57,428 AAD-WS DEBUG wire:63 - &gt;&gt; &quot;E[0xdb]R[0x10]QP[0xc1][0x2][\n]&quot;
2013-02-06 13:51:57,428 AAD-WS DEBUG wire:63 - &gt;&gt; &quot;[0xc3][0xa8]#[0x8e][0xcc][0xe0]Shv[0xda]0!a[0x92][0xd0][0xca]Oa|[0xf7]cFGQ(Ug|[0xf4][0xc1][0x1f][0xe5]x7)T[0xe5][0xa3][0xa6][0x93][0xbb]ww[0xef][0xb9][0xe7][0xee][0xd9][0x9b][0xfe][0xfc][0xf5][0xf5];[0x80][0x4][0xe6][0xc3]hFw[0x8][0x11][0x9c]o@O[0x18][0xbd][0xb8] L[0x9f]0[0x17][0x85][0x89][0x85]q[0x9][0x97][0x85][0xb9]&quot;[0xa6][0xfd]!2[0x3]a[0xc4]1([0xa6]W[0xc5][0xf4][0x9a][0x8c][0x84][0x8c]![0x86]z7[0xaf];[0xb1][0x14]C[0xcf][0xc2][0xaa]ZP_$[0xf3][0xdc]XO.[0xe9][0xa6]f[0x15][0x1f][0xdb][0xdc][0xe1][0xa6][0xab][0xba][0xba]e[0x8e]3[0x84][0x16]7M7[0xcf]]=K[0xb0][0x9][0xdd][0xd4][0xdd];[0xc]}[0xfd]5p[0x3][0xcf][0x18][0x82][0x19]K[0xe3][0xc][0x91][0x5][0xdd][0xe4][0xf]7[0xd6]V[0xb8][0xfd]T]1h[0xa5][0xa9][0xe8][0x1]2[0x86][0xe5][0xe8]f[0x8e][0x8a][0xf0][0xb3]%[0xd5][0xa2][0x9b][0xe4][0x5][0xca]Q[0xc9]8#|/[0x95]REp[0x8d]![0xbc]hm[0xd8]Y&gt;[0xab][0x8b]l[0x1d][0x87][0xe9][0x13]&quot;[0x9d][0x82]([0xd2][\n]&quot;
2013-02-06 13:51:57,428 AAD-WS DEBUG wire:63 - &gt;&gt; &quot;N[0xa3][0x85]![0xba]fi[0xaa][0xd1][0xeb]g[0xe9][0xcd][0xfa][0xc4]2[0x86][0x15][0x8c][0xe0][0xba][0x82]Q[0xdc]P0&amp;[0xa2]o[0xe2][0x96][0x8c]q[0x5][0x13][0xb8][0xad][0xe0][0x8e]X[0xb9][0x8b]I[0x5]S[0xb8]&apos;#[0xa3]`[0x1a]3[\n]&quot;
2013-02-06 13:51:57,429 AAD-WS DEBUG wire:63 - &gt;&gt; &quot;fq_[0xc1][0x3][0xcc]Q[0xe1]&apos;[0x8a][0x10]#[0xa1]A[0xb5][0xcf][0x99]&amp;[0xb7]3[0x86][0xea]8[0xdc]a[0xe8]:[0xf2][0xa8]S[0x9a][0xba][0xee]r[0x9b]A[0xea][0x17][0xe7][0xed]&gt;11[0x9][0xa0]f[0xb3][0xdc]qbC)[0xba][0xc3][0xb6][0x8a]|[0x86]j[0xe6][0x92][0x8f]VVy[0xd6][0x17]m?(-[0x82]j[0xdf][0xd8]2[0x83][0xac]q[0xc7][0xb5][0xad][0xcd]*vX`Gkb+[0xfb][0xe][0x9][0x9c]K[0xce]O[0xeb][0xaa]a[0xe5][0xa8]wZ[0x8f]X[0xa6][0x8e][0xd2][0x9d][0xc5][0xbc]U[0xf4][0xae][0x9e][0x8e]K[0xbc][0xc1][0xbc].:e[0x9f]tD[0x90][0xa6][0xff][0x8f][0xd4]S[0xd2][0xdf]%[0xc2][0x80]f[0xec][0xf7][0xf4]![0x89][0x17]t[0xc7][0xe5]t[0x13][0x14][0x16][0xf9][0x7]I[\r]b[0xf3]5[0xab][0xc0][0xff][0x8e]&lt;P[0xed][0xf8]\[0xea]&lt;[0x92]J3dj[0x95]}[0xa8][0xea][0xa3][0xce][0xd1][0xec][0xf5][0xeb]4W[0xb3][0xae]^P][0xd1][0xf3]l[0x99]&gt;[0xe0][0x8][0xfd][0x7][0x88][0x9e]j[0x11]mMc+[0xc4]#[0xd1][0x1b]E[0x1b][0xcd][0xdb][0xc9][0xeb]C[0x80]~@8[0xbe][0x7][0x16][0x1f][0xdc]E`[0xdb][0xc3]t[0x90][0xad][0xa7][0x11][0xd2].[0xd9]N[0x9c][0xa9][0xc4][0xbf][0xac][0xc4]?o[0x91][0xca][0x8][0xc6]w[0x10]([0xa3]n[0xb][0x8d][0xc2]+[0xa1]~[0xdb]_[0x91]Kh[0xd8]B[0xd3][0xc1]$[0xe4]{[0xe1][0x1f][0x88]V&lt;1[0xec][0xa0][0xb1][0x4]Ex[0xac][0x8c][0xa6]%[0xe1][0x4]wq[0xaa]Z@[0x2][0x8d]T[0xc0]+[0xd4]I[0xaf][0x11][0x91][0xde][0xa0]]z[0x8b][0xe][0xe9][0x1d]b[0xd2]{$[0xa4][0xf][0x18][0x93]&gt;bN[0xda][0xc6][0x13][0xe9][0x13][0x96][0xa5][0xcf][0x84]:{P[0xe8]$[0x8d][0xa2][0xd0][0xce]c[\n]&quot;
2013-02-06 13:51:57,429 AAD-WS DEBUG wire:63 - &gt;&gt; &quot;[0xad][0xb2][0xb4][0xa3][0x8e]XJ[0xc4][0xb2]G,eb[0xf9]B,[0xdf][0x8]}[0x8e]v[0x3][0xe8]BJ[0x8]D[0xd1][0x11]O@[0xfc][0x6]PK[0x7][0x8][0xb6][0xcc][0x8f]\[0xb8][0x2][0x0][0x0]f[0x5][0x0][0x0]PK[0x3][0x4][0x14][0x0][0x8][0x0][0x8][0x0][0xd4]|D5[0x0][0x0][0x0][0x0][0x0][0x0][0x0][0x0][0x0][0x0][0x0][0x0]%[0x0][0x0][0x0]javax/help/WindowPresentation$2.class[0x8d][0x92][0xdd]j[0x13]A[0x14][0xc7][0xff][0x93]I[0xb3][0xcd]fcm[0xb4][0xad][0x1f]I[0xd5]4j[0x92][0x96]n([0xf4]J[0x11]$[0x18]P[0x8a][0x8][0x95][0x8][0xbd][0x9b]f[0x87]fJ[0xba][v[0xa6][0x8d]}[0x94]&gt;FA[0xab]x[0xe1][0x3][0xf8]&quot;*~[0xb5]x/[0x9e][0xd9][0x4][0x2]F[w[0xd9][0xb3][0xb3][0xe7][0x9c][0xff][0xef][0xcc]9[0xb3][0x1f]~[0xbd]{[0xf]`[0x19]K.[0xb2][0x98][0xcd]b[0x12]s.[0xae][0xe0][0xaa]5[0xd7][0xac][0xb9][0xee][0xa2][0x88]Rb[0x1c][0xcc];[0xb8][0xc5][0x90]1][0xa5]+[\r][0x86][0x1b]k[0xdb]b_[0xbc][0xf4][0xbb][0xb2][0xb7][0xeb][0xbf]Pa[0x10][0xf5][0x9f][0xc5]R[0xcb][0xd0][0x8][0xa3][0xa2][0xf0][0x1e]Cv[0xfd] 4]iT[0x87]d[0xf7]U[0xa8][0xcc][0x3][0x86]r[0xf5][0x1c]][0xad][0xcd][0x90]nF[0x81]d[0x98]ZS[0xa1]|[0xba][0xb7][0xb3])[0xe3][0xe7]b[0xb3]G[0x9e]|?[0x11]4{[0x91]V[0xe1][0x16]mb@[0xf3]E[0xdf][0xf8]r[0x9f][0x18]C[0xe2]#[0xbb]NP[0xde]H![0x3][0x6]w=[0xda][0x8b];[0xb2][0xa5],mn[0xbc][0xfc][0xb2][0xc5]y[0xc8][0xa3][0xec][0xc1]E[0xce][0xc1][0x82][0x87][\n]&quot;
2013-02-06 13:51:57,430 AAD-WS DEBUG wire:63 - &gt;&gt; &quot;n{[0xb8]c=wQuP[0xf3]P[0xc7]&quot;[0xd5]&gt;[0xb3][0x8f][0xca][\n]&quot;
2013-02-06 13:51:57,430 AAD-WS DEBUG wire:63 - &gt;&gt; &quot;[0x3][0xa8][0xfc][0xe3]0[0x94]q[0xb3]&apos;[0xb4][0x96][0x9a][0xa1][0xf8][0xd7][0xdd]&gt;[0xc][0xc4][0xae][0x91]1[0x3][0xaf][0xda]-[0x97][0xce][0x4]S[0xf][0xa2][0xd3][0x91]ZWV[0x1a][0x8d][0xff][0x99][0xe7][0x6][0x83][0x13]Hm[0xe2][0xe8]`[0xa4]][0xb5][0xda][0xd5]s[0xb5][0xc3][0xb8][0xa6]!n[0xf9]OZ[0xb1][0xd8][0x91]t[0xb0][0x85]q/[0x91][0xb5]4m[0xa5]UrN[0xe9][0xea]F[0xad][0x8d][0x9b][0xf4]Gea[0xc7]P[0xb0][0xc3][0xb4][0xe3][0x80][0xbd]8=y\[0xa0][0xef])Z[0x95][0x91][0xa2][0x1b]p[0xeb]o[0xc0][0xea][0x8b][0xaf][0x91]:J4[0x17][0xc9]f[0xe8][\r][0xfe][0x8d][0xec]41[0x6][0xf9][0xad]a[0xfe]|[0xfd][0x15]Ro[0xc1][0xf][0x91][0xb3][0xab]c[0xa4][0x8f][0x6][0x9e][0x9]~[0x8c][0xcc][0x88]1[0x8b][0x9]b|[0x84][0xcb]?a[0x9a]F[0x81]A[0x89][0xa5][0xe8][0xa5]1-[0xc1][0x19][0xc7][0xff][0xc9][0xfc][0x8e][0x1c][0xff][0x81][0x19]~[0x82]&quot;?%[0xe6]Ob\[0xa6]h[\n]&quot;
2013-02-06 13:51:57,430 AAD-WS DEBUG wire:63 - &gt;&gt; &quot;3[0xd4];uD[0xd9][0x93]I[0xc7][0xf8][\r]PK[0x7][0x8][0xd3][0x8e][0xc0]q[0xdd][0x1][0x0][0x0]l[0x3][0x0][0x0]PK[0x3][0x4][0x14][0x0][0x8][0x0][0x8][0x0][0xd4]|D5[0x0][0x0][0x0][0x0][0x0][0x0][0x0][0x0][0x0][0x0][0x0][0x0]@[0x0][0x0][0x0]javax/help/WindowPresentation$WindowPropertyChangeListener.class[0x95]TmS[0x12]Q[0x14]~.[0xac][0xac]n+*[0xbe][0xd5][0xa4][0xa8]H[0xc5][0x8b][0xb2][0xf8][0x86][0x1]f[0x16]JSC[0xe6][0xc]N[0xcd][0xf8]m[0xc1];[0xb0][0xe].[0xb4][0xbb]h[0xfe][0x14]A[0x9f][0x9b])l[0xfa][0xd0][0xf][0xe8]G5[0x9d][0xb][0x18][0x19][0x5][0xb5]3{[0xce]=[0xef][0xcf]9[0xf7][0xec]~[0xfb][0xfe][0xe5]+[0x80][0x18][0x9e])[0x18][0xc6][0x9c][0x2]/[0xe6][0x87][0xe8][0xb4][0xa0] [0x80][0xc5]A[0x4][0x15][0xdc][0xc3]}[0x5][0xf][0x10][0x12]$,HDA[0x14]K[0xe2][0xb4][0xac]P[0xe4][0x92][0xc]M[0xc6][0x8a][0x8c]U[0x6][0x8f]S6[0xec]`[0x9c]a.w[0xa2][0x9f][0xe9][0xef][0xb4]2[0xaf][0xd4][0xb4]7[0x86]y\=?[0xb0][0xb8][0xcd]MGw[0x8c][0xaa][0x99]f[0x18][0xca]_[0x98]N[0x99];F[0x91][0xc2][0xb6][0xc][0xd3]p[0xb6][0x19][0x2][0xa1]&gt;q[0xe1][0xd7][0xc]R[0xa6]z[0xcc][0x19]Fr[0x86][0xc9][0xf7][0xeb][0xa7][0x5]n[0x1d][0xea][0x85][\n]&quot;
2013-02-06 13:51:57,431 AAD-WS DEBUG wire:63 - &gt;&gt; &quot;i[0xbc]5[0xab]Z[0xe3][0x96]s[0x91])[0xeb]f[0x89][0x14][0x8b][0xad]tZ[0x81][0xeb][0xa6][0xad][0x1d][0xdc][0xb0][0xee][0x9d]QR[0xca]&apos;c[0x8d][0x1][0xc][0xea]s[0xd3][0xe4]V[0xa6][0xa2][0xdb]6[0xb7][0x19]2[0xfd][0x90][0xf4]6[0x7]W[0x9a]P[0x95]|[0xb5]n[0x15]y[0xd6][0x10][0xf0][0xa6][0xbb][0xdd]b&quot;[0x89][0x8a]qL[0x8][0xb2][0xae]b[0x14]c26T$[0xb0]I[0x8d][0xd6][0xf4][0x12][0x97][0xf1]PE[0x12])[0x19]i[0x15][[0xd8]T[0xf1][0x8][0xdb]*[0x1e]cG[0xc6][0x13][0x15]O[0x91]Q[0xb1][0x8b]=[0x19]Y[0x86]ToL[0xd7][0xaa]_[0xc7][0x90]3l[0x87]S[0xe3][0xc]3[0xbd][0xcd][0xa3][0xcd]IVH[0xa9][0xbd]*[0x9c][0xf0][0xa2][0xc3][0xb0][0xf0][0xd7][0xe1]v[0xc2][0xe6][0xfa][0x8c][0x89][0xc1][0x1d][0x12][0x93][0xf2][0xf7][0xbe]([0xba][0xee][0x12]w[0xae][\r][0xfb][0xfa])[0xcd]s&quot;[0x14][0xce]u@[0xe5][0x1d][0xcb]0K[0xe9][0x1b]@[:[0xda]/[0xfe][0xb6][0xae]W[0xe8]V&apos;C[0xb9][0xdf][0xdb]H[0x87][0x8f][0x18]f{[0xa2]d[0x18][0xa4][0xe2][0x87][0x86]#nQ[0xd1][0x8b]En[0xdb][0xc1]D&lt;[0xfe]/[0xfb]z[0xd4][0x89]X[0x13][0x11][0x89][0xbe][0x11]m[0xbb]}N[0xd0][0xb5][0x17][0xbb][0x86]^[0xa9][0x8a][0xb6][0xc6][0xff][0xa0]&amp;`[0xf6]O`7zkO[0xa3][0xb9][0x83][0xed][0xf2][0x1b][0xa2][0xfc][0xc6][0x96][0xcf]Z4j[0xaa][0xee][0xeb][0xd6]b[0x9e][0xfe][0x13]^[0xfa]rF[0xe8][0xf5][0x89][0xcd]mr[0xf1][0xb8][0xe1][0x12];M[0xf2]$I[0x1][0x92]\[0xc4][0x95][0xc8][0x15]\[0x91][0xe8]&apos;[0xb8]?@|qSD=[0xc4]![0xc5][0x88]N[0xe3]v[0xdb][0xff][0x84][0xbc]%[0xe2][0xa9]h[0x3][0xd2][0xcb]%[0xdf]@[0x3][0x9e]K[0xc4]&quot;[0x1f][0xe1]n@[0xde][0x17][0xfc]3[0x6]/1[0xd6]:[\r]-7[0xa0][0xbc][0x87][0xb7]%[0xdd]&quot;I[0xed][0xe4][0xf7]C[0xa6][0xfc]q[0xc]H+[0xf0]J[0xab][0x98][0x92][0xd6]0/[0xad]#&amp;%[0x90][0x94][0x92][0xe4]1[0x8e][0x19][0xaa]7[0xd9][0xf4]u[0x11]r[0xc2][0x14][0x89]^[0x81]ucl[0xf5][0xe6][0xc2]l[0x93][0xfa]q[0x97][0xb8][0x8f]Nw[0xd0]z[0x86][0xe9][0x8f][0x18][0x87][0xeb][0x7]PK[0x7][0x8][0x97][0xd4][0x9e][0xc3][0x83][0x2][0x0][0x0]S[0x5][0x0][0x0]PK[0x3][0x4][0x14][0x0][0x8][0x0][0x8][0x0][0xd4]|D5[0x0][0x0][0x0][0x0][0x0][0x0][0x0][0x0][0x0][0x0][0x0][0x0]#[0x0][0x0][0x0]javax/help/WindowPresentation.class[0x9d]Z[0x9]|[0xd4][0xc5][0xf5]o~[0x1b]v[0xb3][0xf9][0x91][0x84]M[0x8][0x84]p[0x9f]![0x7][0xe1]V[0x12][0x90]+[0x1][0x2]I@[0x3]B[0x0][0x8f]%Y[0xc2]j[0xb2][0xb][0xbb][0x9b]p[0xa8][0xa8][0x88][0xf7]}[0xd4][0x1a]Z[0xeb]m[0xd4][0xda][\n]&quot;
2013-02-06 13:51:57,431 AAD-WS DEBUG wire:63 - &gt;&gt; &quot;*[0x8b]JU[0xbc][0xb0][0xf5]*[0xda]z[0xd4]z[0xb4][0xda][0xd3]j[0xad][0xb6]Z[0xb5]V[0xff][0xdf][0xf7][0x9b][0xdf]^a[0x3][0xf6][0xf][0x9f][0xcc][0xfc]f[0xe6][0xcd][0x9b][0xf7][0xde][0xbc]s[0x92][0xe7][0xbe]y[0xe4]1&quot;[0x9a][0xa0]N[0xcf][0xa4][0xf]y[0x9d]4[0xcd][0xd2][0xb4]H[0xe3][0x93]f[0xbd][0x1b]M[0xab][0x9b][0x96][0xf3][0x6]&apos;[0xfb][0x9d]|[0x9a][0x9b]\|[0xba][0x9b]2[0xb9][0xcd]M[0x1f]q[0xbb][0xc0][0x4][0xa4][0x9]J[0xb3]Q[0x9a]M[0xd2][0x84][0xa4][0x9]K[0x13][0x91][0xa6]C[0x9a]Ni6K[0xb3]E[0x9a][0xad][0x82]z[0x9b][0x8b][0xcf][0x10]Dg[0xba][0xe9][0x13]&gt;Kf[0xb6][0xcb][0xd7][0xd9][0xf2]u[0x8e]|[0x9d]+_;[0xdc]|[0x1e][0xef][0xcc][0xe2][0xf3][0xf9][0x2]&apos;_[0xe8][0xa6][0xd1]|[0x91]4[0x17];[0xf9][0x12][0x81][0xb9]T`.[0x93][0xaf][0xcb][0xe5][0xeb][\n]&quot;
2013-02-06 13:51:57,432 AAD-WS DEBUG wire:63 - &gt;&gt; &quot;[0x17][0xf]s[0xf1][0x8]&apos;_[0xe9][0xa6][0x9]|[0x95][0x8b]G9[0xf9]j7M[0xe2]k[0x9c]|[0xad][0x93][0xaf]s[0xf2][0xf7][0xdc]|=_`op[0xf1][0x18]7[0xed][0xe7].7[0xd5][0xf0].[0x17][0x8f][0x93][0xc9][0x1f]8[0xf9][0x87].[0xbe][0xd1]M[0xb3][0x84][0xcb][0xfd][0xfc][0xa3]8[\r]7[0xc9][0xf0][0xe6],[0xbe][0x85]ou[0xf2]mn[0xbe][0x9d][0xef][0x90][0xc1][0x9d].[0xee]v[0xf1]].[0x9e]$[0xbc][0xec][0x90]f[0x9b]4w[0xb][0xf8]=.[0x9e],[0x8]~[0xec][0xa6][0x17][0xf9]^i~[0xe2][0xa6][0xb7][0xf9][0xa7]N[0xbe]/[0x93][0xd6][0xf2]n[0x91][0xc5][0x1e][0x17][0xdf]/0[0xf][0xb8][0xf8]A[0x11][0xf6]^&apos;G[0x9d][0xbc][0xcf][0x8d][0xf5][0x87][0xdc][0xfc]0?[0xe2][0xe4][0xfd]N[0xfe][0x99][0x93][0x1f]u[0xf2]c.[0x9e]&quot;X[0x1e][0x17],[0x8f][0xbb][0xf8][0x80]@=[0xe1][0xe2][0xa9]r[0xe2][0x93]r[0xe2][0x93].[0x9e].[0x83][0xa7]d[0xf0][0x94][0x8b][0x8f][0x95][0xc1][0xd3]2x[0xda][0xcd][0xcf][0xf0]Ai[0x9e]u[0xf3][0xcf][0xf9][0x17]n~[0x8e][0x9f][0xcf][0xe4][0x17][0xf8]Ei^rq[0x95]`[0xb6][0xee][0xe1][0x97][0xf2]u[0xc8][0xc9]/g[0xd2][0x19]XF[0xf3][0x92][0x1b][0xcd]+r[0xea]Y[0xd2][0x1c]r[0xf1],[0xb]F[0x9a][0xed][0xd6][0x8c]4[0xdb]]&lt;[0xdb][0x9e][0x96][0x19][0x1c][0xf0]+[0x17][0xcf]u[0xf1][0xaf]][0xfc][0xaa][0xe0]=[0xcb][0x6][0xb7][0xc5]`m[0xfc][0xa9][0x8b][0xe7][0xcb][0xcc]k2xM[0xa8]}[0xcd][0xc5]5[0xd2][0xbf].[0xd3]V[0xf3][0x86][0xac][0xbd].[0xcd][0x1b].^([0xcc][0xfc][0xc6][0xcd]o[0xf2]o[0xe3]ws[0xb6][0x8b][0x17][0x9][0xe0]9q[0xe8]sl[0xe8]Z[0x17]/v[0xf2][n[0xba][0x8b][0xdf]v[0xf1];[0xb2][0xed]]i~[0xe7][0xe2]%[0x82][0xe8][0xf7].[0xae][0x93][0xfe]=[0x17][0xd7]K[0xff][0xbe][0x93][0xff][0xe0][0xa6][0x7][0xb8][0xdd][0xc5][0x94][0xfe]O[0xd2][0xfc]Y[0x9a][0xbf][0xc8][0xf2]e.^[0xea][0xe4][0xbf][0xca][0xc1]wK[0xf3][0x81]L[0xfe][0xcd][0x12][0xbc][0xc]?[0xb4][0x5][0x8d]C\[0xbc]Lf^[0x93][0xe6]#[0xb9][0xe7][0xbf][0xbb][0xf8]c[0x17][0xff]#.[0xc3][0xd7]lq[0x83]u&apos;&quot;`g[0xcb][0xe0]S&apos;[0xff][0xd3]M[0x87][0xf8]3[0xd9][0xf3][0xb9][0x8b][0xff][0xed][0xa6][0xa9][0xfc]E\[0x14][0xaf][0xc7]E[0xb8]=[0xce][0xf0][0x97]n[0xfe][0x8a][0xff]c[0x89][0xd5][0xc9]_[0xb][0xee][0xff]:[0xf9][0x1b]7[0xbd][0xcb][0x9f][0xc9][0xe0][0xb]i[0xbe]M[0x9c][0x16][0x97][0xff][0xeb][0xf1]f{[0xbc][0xf9][0xd2][0x12][0x9e]S[0x91]S1[0xd3][0xe0][0x95][0xfe]@Kp[0xf3][0xb2]Pp[0xa3]/[0x14][0xd9]:[0x83]7[0xd0][0xea][0xab][0xf3][0x87]#[0xbe][0x80]/[0xc4]d[0xd6][0x6][0xd0][0xcf]o[0xf3][0x86][0xc3][0xbe]0S[0x9f][\r][0xe1]e!_[0xd8][0xa9][0x14][0x96][0xe4][0xcb][0x17][0x88]x#[0xfe]`[0x80]iD[0xdd]i[0xde]N[0xef][0x96][0x8a][\r][0xbe][0xb6][0x8d][0x15][0x8b][0xd0]4[0xfa]&quot;[0xa3][0x93]A[0xaa][0x98]2[0xd6][0x87][0xbc][0xed]&gt;[0xa6]|[0x1b]6[0xbc][0xd9][0x1f]h[0xad]X[0xbc]@fe[0xf9]4[0xd9][0xcc][0xe4]IF[0xb5]Xpa[0xb1]O[0x8b][0xdf][0xdb][0x16]le[0xea][0x9f][0xba][0xb9][0xda][0x9a][0x6]@Vp3H[0xd5][0xec]0[0xf5][0xb3][0xa0]*[0xbc][0x9b]#[0x15]z[\n]&quot;
2013-02-06 13:51:57,433 AAD-WS DEBUG wire:63 - &gt;&gt; &quot;[0x10][0xb9][0xed][0xc1][0x16]o[[0xdb][0xd6][0xb9][0xcd][0x11][0xa7]7[0xe2]ka[0xe2][0xd5]L[0xae][0xb6]`[0xb3][0xcd]Dnb[0xd7][0xb2][0xa0]?[0x10][0x11][0xa2]&quot;[0xfe]H[0x9b]/FTE[0x1b][0xe4]S[0xd1][0x18][0x9][0xe1]lY[0xf4][0xb7]{[})[0xfb]jeF[0xc8]i[0xee][0x8][0x85][0xc0][0xfb][0x89]~[0x1f][0xc8][0xe9][0xdb][0x89][0xae][0xda][0x1f][0xde][0xd8][0xe6][0xdd]*[0xe7][0xe6]F[0x82][0xc1][0xb6]u[0xde]P[0xd2]T[0xdf][0x16]_8[0x12][\n]&quot;
2013-02-06 13:51:57,433 AAD-WS DEBUG wire:63 - &gt;&gt; &quot;n][0x1a][0xa8][0xd9][0xe2][0x8f][0x80][0x3][0xeb][0xe0][0x5][0xa1]`{u[0xb0][0xb9][0xa3][0x1d][0xa8][0x98][\n]&quot;
2013-02-06 13:51:57,434 AAD-WS DEBUG wire:63 - &gt;&gt; &quot;6[0xf6]rO3[0x93]E[0x16][0xbb][0xd2][0x84][0xec]G[0x1f][0xe9][0x96]E[0xb8][0xe1][0xe6][0x90][0xcf][0x7][0x1]p-[0x93]jic[0x1a][0x96][0xe0][0xc8][0xd7][0x9]46[0xd2][0xa4]=Z[0x9a][0xd5]&gt;oB[0x9a][0x19]-[0xbe]u[0x1d][0xb8][0xa2][0xbe][0xf3][0x83][0x81]p[0xc4][0xb][0xe6][0xbd]m[0x1d]&gt;[0x3]A[0x88]p[0xe9][0xcd][0xa2]E[0xa3][0x5][0xed]h[0xa0][0x1d][0xbd]@[0xeb]B[0xbf]$[0xb9]Zz[0x6][0xd4][0x99][0x8d][[0x3][0x91][\r][0xbe][0x88][0xbf][0x19][0xd7][0xdd]c[[0xec][0x82][0xfb][0xcc][0xf4][0x7][0xfc][0x91][0xe3][0x98][0x6][0x14][0xa7][0xd1][0xbc][0xaa][0xf1]&apos;29[0xe6][0x7][pBN[0x9d]?[0xe0]k[0xe8]h_[0xe7][0xb]-[0xf7][0xae][0x93][0xbb],[0x8][0xfb]&quot;6`[0xaa][0x12][0x8f]N[0x87]+U[0x8b][0x5]qAk/[0xfb]G[0x15][0x8f][0xff][0xe]f[0x90][0x87][0xed][0xb6][0xe]b&quot;[0xc6]P[0x9e][0xbd]7Ug[0xf3][0xc2][0xe9]`[0xf3][0x8b][0xf][0x3][0x15][0xba]R[0x81][0x97][0xae];[0xcd][0xd7][0xc][0xa5][0xe9]_[0x9c]$b=iAg[0x83][0x8c][0xf9][0xc9]J[0x9a][0x1f][0xa3] U[0xc9][0xb3][0xc3]=[0xe0]R[0x10][0xda]`[0x82][0xd0][0x3][0x84][\r][0xde]N[0xab]7[0x12][0xc][0xcd][0xdb][0xda]`[0xdd]oE:[0xe0][0xc3][0xc]&lt;[0xbe][\r][0xe7][0xf5][0xf3][0x87][0xab][0xb5])[0xf8]Zb[0xc6]`[0x14][0x8f][0x87][0xa5][0xe6][0x82][0x92][0xea]T+q[0x14][0xaf][0x96][0xa3][0x9d][0xb6][0xf1]X[0x90][0x18][0xbb][0x13]7[0xc]O%[0xdb][0x12][0x86][0x96][0x5][0xfc][0x89][0x91][0x13][0x8b][0xb][0x82]b\[0x9e]$[0xa1][0xca][0x8c][0xc5][0x93][0xb3]5[0xb6][0xdc]/[0xf9]~[0xac]u(*6[0xd7][0xc1]{[0x88]R[0xc5][0xa4][0xd2][0x11][0xf1][0xb7]U[0xe8]I[0xb][0x83][0xdb][0x1f]^[0x5][0x5][0x84][0xb6]{qv[0xab][0xde][0xa0][0xd5][0xc5][0x93][0x8c]2[0xe6]p[0xb2][0xc2][0xc9] y[0xc5]=![0x4]g&amp;[0xd0]4[0xda]&amp;[0xb][0x86]k5%[0xb1][0x19]Gqm[0x8c][0xf4]F[0xff]6[0xd1][0xf7][0xe4]s[0xaa][0xfd][0xf0]%a[0xad][0x89][0xc2][0xbc][0x6][0x19]P[0x9c][0xe]B[0xd0][0xb8][0x80]f[0xb9][0xf6][0x81][0xae]p[0xfc][0xb3][0xc0][0x1f][0xb6][0xbe] [0xe0]T[0x17][0x95][0x1f][0x83]I[0x9d][0xce][0xf1][0x87]O[0xec][0xe1][0x2][0x1][0xd8]c[0xca][0x3][0xa4][0x87][0xf9]EQ[0xea][0xc3]g[0xb3][0xc0]+[0x9c][0x8e][0xa5]&lt;[0xc0][0xa5]G2[0x88][0x99]H_[0xdb]F[0xe3][0xfe]B[0xfb][0x11][0xa6]1[0xbd]*d[0xaa][0x13]r{[0x9b][0x9b]}[0xd8]1i[0xe2][0xc4][0xc4]`[0xb2][0xc]F[0x16][0x1f][0xd9][0xdb]V[0x89][0xae][0xc6]vL[0x91][0x1d][0xd3][0x8f][0xba][0xa3][0x97][0xa0][0x16][0xc3]2U[0xb0]L[0xfe]nXR[0x1d]H[0x2][0xc3]d[0xa6][0xf9]G[0xc3]p[0xb8][9[0x2][0xca]iB[0xd4][0xb4][0xff][0x91][0xb5]X[0xb0][0x8f]![0x99]n[0x89][0xb7]1[0xd8][0x11]j[0xf6]-[0xf0][0x8b]j[\r]8[0x1c][0xc9][0x4]Aa[0xd2][0xd7][0xf4]_[0x93][0xfe]E[0x9f][0x99][0xf4][0x15][0xfd][0xc7][0xa4]/[0xe8]K[0x93][0x9d][0x98][0xe3]\[0x1e]m*[0x83][0x1b][0x99][0x86][0xf7][0xb8][0xc8][0x86] [0xcc][0xb7]#[0xd0]R[0xb3][0xa5][0xd9][0xb7]Q[0x9b][0xd4][0xd0][0x4]HC[0xd0][0x2][0xaa][0xf6][0xad][0xd7]@[0xa1]P0d*[0x7][0x8f]5y[0x0][0x17]K3[0xd1][0xa4][0xd0]?M[0xfa][0x9c][0xfe]m[0xd2]7[0xf4][0xad][0x89][0x18][0xc9]&amp;+6Lv[0xc8]W[0x86][0x9c][0xdf]G[0x1a][0x97]4[0x99][0xec]69[0x8b]M[0x93]sd8[0x89][0x7][0xc2]3$[0x87][0x9b]8O&amp;[0x17][0xf1]`[0x93][0xab]x[0xa6][0xc9][0xb3][0xf8]8[0x93][0x17][0xca][0xb1][0x8b]p[0xac][0xca]P.Se*[0xb7]Se[0x99][0xca]T}[0x9d]*[0xdb]T9*[0x17][0xa8][0x92]ei[0xa5][0x1a][0xb5][0xcd][0x82]j[0x80][0xea]g*[0x8f][0xca][0x83][0xb9]$[0xb8][0x8b][0xf3]l[0xaa]|.3[0xb9][0x81]&apos;[0x98][0xbc]D[0xbe][0xea]x[0x2]L2[0xc9][0xe0]E[0xdd]L[0xd5][0x9f][0xcb]`[0xd9][0xf1][0xe9]z_[0xa0]c~[0xb0]}c0[0x0][0x9a]MU[0xa0][0x6] [0x18]$\[0xa0][0x8e][0xdf]9=[0xf4][0x3]V[0x1c][0x9f][0x89]ov[0xaa][0x81][0xa6]*T[0x83]L[0x1e][0xc1]#MU[0xa4][0x6][0x9b]j[0x88][0xb0];[0x9e]K`O[0x9][0x92]k[0xdb][0xda]|[0xad][0xde][0xb6][0xb9][0xa1]V[0xcb]o$[0xdd]Z[0xbf][0xda]@[0xa7][0xb7][0xcd][0xdf]2\2[0xa9][0xe1][0x1][0x9c]m[0xaa][0xa1]j[0x98][0xa9][0x86][0xab][0x11][0xa6][0x1a][0xa9]F9[0x15]t`[0x8c][0x1a][0xcb]T[0xd8]ktq[0xaa]q[0xa6]*V[0xe3]MU&quot;[0xac][0xda][0x91]&amp;[0x18]J[0x8a]4[0xb1][0x18][0x83]I=e[0xaa]RUf[0xaa]r[0x5][0xe1]-[0x83]&gt;[0xa8][\n]&quot;
2013-02-06 13:51:57,434 AAD-WS DEBUG wire:77 - &gt;&gt; &quot;i&amp;J3)![0xc6][0x84][0xc6][0x99]j2[0xe7][0x9b][0x9c][0xc7][0xf9][0xb6][0xb4]&amp;@[0x14][0x13],i[0x99]|[0x82][0xe8][0xa8][0xb8][0xd1]F([0x1]8[0x98][0xa2][0xa6][0xe2][0xc8][0x9e][0xe1][0x19][0x94]%[0x89]$[0x10][0xf1][0xb5][0xfa]B[0xa2][0x8c][0xf3][0x9c]j[0x9a][0xa9][0xa6][0xab]c[0x98][0x8a]&quot;
2013-02-06 13:51:57,434 AAD-WS DEBUG wire:63 - &gt;&gt; &quot;[0x92][0x95][0xb8][0xb1][0xa3]yC[0xbd]/[0xb2]![0xa8]5[0x18][0xd9][/[0xab][0x9]q[0x96]&amp; B[0xbe][0xf5]m8[0x14][0x7]u[0xda]ag[0xb9]7[0x4][0xef][0x99][0x4]=[0xfc][0xf0][0x1b][0xb2][0xac]7I[0xc3][0x8e][0x15][0x81]J[0xac][0xb0]9[0x9b][0xc1]sL[0x9e][0xca][0xd3]L[0x9e][0xce][0xc7][0x98]|,[0xcf]p[0xaa]JSU[0xa9][0x99][0xa6][0x9a][0xa5][0x8e]s[0xaa][0xd9][0xa6][0x9a][0xa3][0xe6]:[0xd5]&lt;S[0xcd]W[0xd5]NUc[0xaa][0x5][0xb0][0x1b][0xb5]P[0x8c][0xa7][0x12]Z[0xaa][0x16][0xa9][0xb9][0xc9][\n]&quot;
2013-02-06 13:51:57,435 AAD-WS DEBUG wire:63 - &gt;&gt; &quot;g[0x85]?Q[0xf5]ZS-VK[0xb0][0x14]S[0x89]X[0xf6][0x1a][0x9f][0xd0][0x91][0xd0][0xe4][0xf9]\mr[\r]/0U[0x9d][0xdc]W[0xbd]jp[0xaa][0xa5][0xa6]Z[0xc6][0xd0][0x92][0xca][0xff][0xc6],D[0x1c][0x8f]8[0xbb][0x11][0xf6]g[0xaa][0x13]T[0xa3][0xa9][0x96]K[0xb3]B[0xa8]&gt;Q[0xac][0xac]&gt;aIIqf^[0xc7][0xfa][0xf5][0x92][0xad][0xe7][0xa7][0x9]i[0xb3]L[0xb5]R[0xad][0x92][0xa6][0xc9]T[0xab][0x85][0xc0][0xdc][0x9e]jl[0xf2][0x10][0x1e]*g[0xaf]1[0xd5]Zu[0x92][0xc9]K[0xc1][0x14][0x17][0x88][0xa2][0xe5][0xc4][0x15]-f[0x85]r[0x15]K7[[0xc5]A^[0x9a][0xd8]&quot;hN[0xb6][0x15][0xa5]w!Lb&quot;[0x81]&lt;[0xc5][0xe4][0xbe][0x9c][\r][0xf7][0xe3]mi[0x1][0x92][0xe1][0x9b]-[0xd0][0xb6][0x98]8[0xd4][0xa9][0xca]k[0xaa]u[0xaa][0xd9][0xa9]ZL[0xe5]S[0xeb]m&apos;[0x90][0xea][0xf4][0x5]Q[0xeb]Q[0x8f][0x9c]l[0xaa][\r][0xca][0xcf]4[0xe4][0x88]`[0x88][0x12]I[0xeb][0xa9]+[0xc9][0x7][0xa4][0xcb][0xc0][0x91][0xf6][0xac][0xf][0x86]tv[0xea][0x86][0x94][0xea][0xa1][0xc8]V[0x15]&apos;[0x3][0xed]S[0xa1][0x8e][0xa7][0xa1][0x10][0xaa][0xad][0x96][0xb4].%[[0xad][0xf7]n[0x1c]][][0xa5][0x81][0xe3][0x19]fA[0xda][0xbc][0xbf]*.[0x86][0xe4]Y;[0xf1][0xe][0xb6][0xaf]CV[0xd8][0x2]|[0x89]&lt;0qF[0x95][0xad][0xf8][0x89][0x19][0xa4][0xb1][0xd8][0xb6][0xe2][0x84]:[0xc9][0xab][0x84][0xb0]Q[0xc5]i[0xe8][0xb2][0xc3]u[0xc0][0x17][0xa9][0x0][0xa8]$[0xd3][0xc5][0xa9]3[0xb1][0x8c][0xae]V[0x17][0xae])[0x19]h[0xac]t[0xcd][0x8c][0xa7]a[0x10][0x95]?\/u[0x9e][0xce]9[0x97]yCV67(y[0x9b][0xe][0x13][0x10][0xae]_[0x17][0x86][0x83][0x92][0xaf][0xbe]Q[0xda][0x15]H[0x89][0xfd][0x11][0xbf][0xbc] x[0xb4][0xea],[0x8][0x86][0xe2][0xc1][0x81]i\R[0xf2][0x19][0x9f]N[0x9b]z[0xe4]%j[0x96][0xb8]S[0x87][0xae][0x14][0x1f][0xb9][0xa2][0xc8]M.L[0xf4][0xc5][0xe7][0x85][0xd3]![0x1a]Z|[0x4]&lt;&quot;[0xba][0x14]L[0xba][0x1a][0x9a]p[0xb4][0x2]&apos;[0x5]^[0xae][0xc4][0xd6][0x9c][0xf8]&lt;[0xc4]R[0x18][0x13][0xa8]U=[0xd4][0x4][0x10][0xfd]B[0xb1]r[0xb1][0xda][0x5][0xa4][0xc0][0x1][0xdf][0x96]HM[0x9b][0xcf][0xce][0xbb]S[0x8a]7[0xbb][0xcc]K[0x89]-[0x9a]6d[0xc2][0xbe]M[0x1d][0xde][0xb6]p/[0x85]!R[0xd7][0x9c][\r]^\z[0xc8]g[0xe3][0xe]k[0xd5][0x13][0x92][0xa1][\n]&quot;
2013-02-06 13:51:57,435 AAD-WS DEBUG wire:63 - &gt;&gt; &quot;&gt;[0xa8][0xc2][0xe0]Ty/[0x7][0x1d][0xf1][0xd5]*[0x1d][0xdf]l[0xc8]![0xc5][0xbd][0x3]Z%zx[0x83]8+[0xc7][0x6][0xbf]T[0xea]n[0xab]$[0x8][0xfb][0xad]&quot;[0xdd][0xb1][0xbc]iY[0x8d]V;[0x1d][0xbd][0x98][0xe6][0xa4][0x11][0xf5][0x9a][0xc3]R[0xf7]d9[0xc4]b[0x9b][0xc6][0x0][0xda][0x6][0xf6][0xb6][0x6][0xb9][0xf8][0x11][0x0]O[0xc7][0xc9]3[0xd2][0xc8]eM[0x1a]Q[0xa5][0x93]7l[0xa7][0x11],Y[0x82]v[0xf9][0xed][0x17][0x10]H,[0xae][0xca][0xb]C[0xde][0x8d][0x1b][0xfc][0xcd][0xe1][0x9a]@[0xa7]?[0x14][0xc][0xe8][0xcb]+[0xb2][0xcb][0xc2][0xb6][0xb4][0xab][0xc3][0x93][0xad]-[\r][0x84][0xad][0xe1]:[0xe8]U[0xfb]:[0xfd][0xcd]bi[0xb8][0xa4]5[0x87]o[0xd3][0xcb]U[0xb6][0xff]L[0xb3][0x84][0x95]V[0xc9][0x80][0xd6]{;[0xda][0xe0][0xa5][0x2][0xeb][0xfd][0xad][0x1d]1[0x8d][0x1b][0x99][0x8e][0x90][0x14][0x98][0xaa]Xz[0xdd]+[0x84][0xbe][0xd1]y[0x92]n[0x87]{T[0xa6]&apos;@[0x84][0x10]f[0x9b][0xaf]*9[0x89][0x8c][0xcf]&quot;[0xf3][0xde][0x82][0x1f][0xd4][0xf8][0x3][0x81][0xa1][0x17][0xe4][0x19][0xc5][0xb5][0xb5][0xb1][\n]&quot;
2013-02-06 13:51:57,435 AAD-WS DEBUG wire:63 - &gt;&gt; &quot;9[0xc6]PQ:[0xb2][0xe3][0x82]pY)[0x3]r[0x16]-E[0xf1]d[0xf6]K[0x87][0xc4][0xce][0x11]i\K[\n]&quot;
2013-02-06 13:51:57,435 AAD-WS DEBUG wire:63 - &gt;&gt; &quot;HUj[0xa8]:[0x1c]@[0xa3][0x8d]U[0xc2]v[0xf9][0xfc][0xdd][\n]&quot;
2013-02-06 13:51:57,436 AAD-WS DEBUG wire:63 - &gt;&gt; &quot;[0xb1]#[0x4]f[0xcb]z[\n]&quot;
2013-02-06 13:51:57,436 AAD-WS DEBUG wire:63 - &gt;&gt; &quot;[0x11][0x8e]{{[0xb9]=6[0x8d][0xad][0xe8][0x99]u&gt;o \[0xd1][0xcb][[0xa0][0xa0][0x1d][0x1c][0xf2][0xb5][0x7];}[0xbd]a[0xce][0xf7][0x87][0xe3][0xae]+[0xa9]&quot;[0x97]*&apos;[0xdd]|[0x1f][0xef][0xc6][0x8d][0xbe][0x0]&gt;[0xca][0x8e]Rx&apos;[0xe7]HUrk[0xab][0x8f][0xb0][0xea][0x8a][0x4]c[0xfe]l[0xcd][0x11]|L[0xcf][0xa8][0xbc][0xc8]oe[0xf6][0xe9][0x17][0xd3][0xbe][0xf5]e[0xb6]&amp;[0x9e]x[0xf2]S[0xbc][0xb4][0xfd][0xc6][0xc3][0xb4]0[0xe5][0xed][0xc4][0xaa][0xdc][0xf][0xe7]t[0xf5][0xd1],G[0xe];[0xfa][0xcb][0x2][0x80][0xfa][0xe1][0xd6]S_c[0xe3][0x1b]{[0xaf][0x8d]?[0xf8]i[0xd5]\[0xe6][\r][0xf4]|[0x17]J[0xe][0xe1][0x9e][0xc3]g[0x99][0xc][0x9c][0xcb]Tr[0xb4]X[0x9d][0x98][0x8c]?[0xe][0xa4]Q[0xc2]#[0xcb]A^[0xec][0xa4][0xb0][0xb5][0xb3][0x94][0xe4]G0[0x9d][0xa4]Xr8,[0xfd]q[0x8c][0xa0][0xf][0xe9]#&quot;[0xea]OJ[0xca]v|)y/[0xb0]zT[0xf0]V[0xff][0x5]}i[0xf5]_[0xd1][0xac][0xfe]k[0xfa][0xaf][0xd5][0xa3][0xb8][0x97]^[0xea]{[0xab]G[0x89]o[0xf5][0xe]{[0x9c][0xa1][0xe1][0xa4][0xd6][0xb7]z[0xa7][0xdd][0xbb][0xec][0x1e][0x95][0xbf][0xd5][0xa3][0xf8][0xb7][0x1e][0xbc][0x91]0[}[0x8e][0xb5]&gt;[0x88]s[0xd1]3[0xf7][0xb3]`&lt;[0xe4][0x92][0x2][0x11][0xe3][0xfe][0x2][0x83]QA[0xd2][0xa8][0x1c]_[0x3]x [0xda]B[0x8c][0x9e][0x2]m[\n]&quot;
2013-02-06 13:51:57,436 AAD-WS DEBUG wire:63 - &gt;&gt; &quot;[0xfd])%[0xfb][0xc8],[0xe1][0xbd][0xd4]W[0x1a]%M[0xb6]4[0xe]i[0x8c][0x12]c/[0xb1]|[0xe5]H[0x93]+M?i&lt;%[0x8e][0xbd][0x94]&apos;M[0xbe][0x80]dH[0xd3]_[0x16][\n]&quot;
2013-02-06 13:51:57,436 AAD-WS DEBUG wire:63 - &gt;&gt; &quot;[0xe4]k[0x80],[0xc],)[0x8d]R[0xe1][0x1e][0xa1][0x95][0x7][0xa1]=[0x81][0xf2][0xd1][0xae]$[0x7]-[0xa0]LZH[0xd9][0xb4][0x88][0xf2][0xa8][0x96][0x6][0xd2]b[0x1a]BKh$[0xd5][0xd1]8[0xaa][0xa7]2j[0xa0]I[0xb4][0x94][0xa6][0xd3]2[0xaa][0xa2][0xe3]i[0xe]v[0xd6]P#[0xa0][0x96]cv[0x5]-7Z[0xa8][0x89]V[0xd1][0xc9]hY[0x1e];4C[0x90][0xa6]A.[0x9c][0xb0][0xd3]3[0xe8]![0xea]S[0xfa],9[0xf6][0x94][0x94][0xee][0xa3]&quot;P1[0xb8][0xbe][0xec] [0xb9]J[0xca][0xa2]4[0x4][0xa3][0xa1][\r][0xe5]2*[0x8f][0xd2]0[0x8c][0x86]W:[\n]&quot;
2013-02-06 13:51:57,437 AAD-WS DEBUG wire:63 - &gt;&gt; &quot;[0x1d][0x7]i[\n]&quot;
2013-02-06 13:51:57,437 AAD-WS DEBUG wire:63 - &gt;&gt; &quot;Wf[0x94]DiD[0x94]FV[0xf6])[0xec]S[0xe8]x[0x98]F)[0xaa]t[0xee][0xa7][0xd1]M[0x85][0xce]}4[0x6][0xcb][0x85][0x19]Q[0x1a][0xb][0x1]tSFe[0x1f]l-[0xee][0x2][0x1a]G[0x94][0xc6][0xe3][0xbb][0xc4][0xfe].-)[0x85]([0xf7][0x80][0x9c][0x19][0xe4][0xa5][0x16]p[0xa4][0xb9]_[0x7]&gt;[0x89]|[0x94]A[0xeb][0xc1]}+[0xb9][0xe9]t[0xca][0xa1][0x0]d[0x12][0xc4][0xca]FH [0x2][0x9]t[0xd0]X[0xea][0xa4]R[0xda][0x6][0x9][0x9c][0x1][0x9][0x9c][0x9],[0xdb]i[0x1e][0x9d][\r][0xb9][0x9c][0x3][0x9e][0xcf][0x5][0xce][0x1d][0xc0]p[0x1][0xb5][0xd3][0x85][0x14][0xa2]Kh+][\n]&quot;
2013-02-06 13:51:57,437 AAD-WS DEBUG wire:63 - &gt;&gt; &quot;[0x88]+[0xe8]&lt;[0xba][0x12]&apos;[0xa1][0x90][0xb3][0xaf]w[0x8]([0x10][0x5][0xcb](y[0x90][0xfa][0xee][0x8e]_B[0x1f]k[0xb2][0xb][0xa3]a&lt;[0xdc][0x6][0x1d]k[0x83][0xba]=e[0x10][0x1c][0xe0][0x8d][0x4][0xbc][0xdb][0xd2][0x91][0xdb]@[0xf6][0xed][0x98][0x19][0xc1]#[0xed]=[0xe7]b^[0xf4]x[0xae][0xa7]\[0x84]}[0x90]&amp;[0x96]&gt;A[0x13][0xba] [0x8a][0x3]4[0xa1][0x1e][0x82][0xae][0xe8][0x82][0xb6][0x94][0x8a][0x6]A[0x15][0xb8][0x9b][0x6]%[0xd4][0xa9][[0xab][0x9a][0x1e]$[0xf4]c[0x2]e[0xa1][0xbd][0xf]G[0xed][0xa6]\[0xda][0x3]c[0xbb][0x9f][0x6][0xd3][0x3]4[0x82][0x1e][0xa4][0xf1][0x14][0xc5][0xfa]&gt;H[0xe4][0x11][0xe8][0xc4]~[0xe8][0xc4][0xa3][0xd8]5[0x8a]G[0xdb][0xe4][0x9c]e[0x93]3[0xcb]3[0x11][0xe4]tS[0x16][0xc8][0x98][0x14][0xa5][0xc9]u[0xa0]j[0xd2][0xae]o[0xff][0xc5][0xf5][0xf8][0x98][0xd2]e[0xcd]O[0xad][0xef]&amp;[0xf][0x86][0xd3][0xf4]p[0xda]C4[0xbd]^T[0xe3][0x98][0x9e][0xa4][0xfc][0x2][0xa4]&lt;[0x7][0x95]z[0x1e][0xe4]&lt;G[0x3][0xe8]%*[0xa4]_[0xd2]p:D[0xc5][0xf4]2U[0xd0]+t[0xc][0xbd]J3[0xe9]5[0xec][0x1a][0xc3]cmR[0xe6][0x83][0x14][0x91][0xe6]0[0xcf][0xb1]Z[0x9a][0xd9][0x7]a2[0xd2]GiF[0x94]*[0xc5]v[0x1e]$OB[0xc4][0x1e]X[0x4][0xd1][8[0xec][0x1d]2[0xe9]][0x1a]D[0xbf][0xc7][0xca]8.[0xb6][0x11]^[0x1][0xce][0x4]b[0xb1][0xa7]*[0x8e]p[0xa4]h[0xf6][0xcc][0xfa][0xb2]g[0xa9][0xef]~[0x9a][0xd5][0xe4]9n[0x1f][0xcd]~\[0x96][0xc0][0xc7][0x9c]n[0x1a][0xc]M[0x9e][_[0x6][0xb5][0x9c][0xd7]P[0x9e][\n]&quot;
2013-02-06 13:51:57,437 AAD-WS DEBUG wire:63 - &gt;&gt; &quot;[0x83]+[0xf1]$[0x18][0x9d]L[0xe2]T[0xfe][0x81][0xb3]?%y[0x2][0xf5][0xc0][0x9d][0x15][0xc0][0xa1][\r][0x87]3+[0x85][0xb][0x9b][0x8][0xe7]2[0x1d].[0xac][0x12]N[0xac][0x9a][0x15][0xd5][0xc2]y)y][0xb3]i[0xdb][0x4]f[0x85][0xb6][0x19]\[0xaf][0x9][0x9b][0xa4][0x19][0x9d][0xdf][0xd0]MC[0xca][0x1f][0xc6][0x1e]:@5[0xa2][0xf][0x95] fA[0x97][0xdc]M6[0xd7]ce![0xd3][0xae]oW[0x96][0x10][0xc3]X[0x98][0x5]q&amp;[0xd0][0xcb][0x1f][0x8a]dQ&gt;[0xf7][0xa5][0xa1][0xf0]u[0xe3][0xe1][0xe9][0xca][0xe0][0xdf]&amp;[0xc0][0xff][0x1d]cy[0xb3]R.;Ls[0x17]i[0xd1]d[0xdc][0x9b][0xaa][0xb9]p[0xe][0x19][0xc]S[0xe0]r[0x9e]`[0xef])[0xb5][0xfd]^[0x96][0xa7]V[0xf6][0x14][0xc1]y%[0xe4][0x91]-Z[0x4][0xad][0xca][0xe0]1[0xe4][0xb6][0xae][0xb4][0x82]&apos;[0xda][0x1b]O[0xb3]/vBZ?[0x99][0xe2]&quot;=[0x9]O[0x98][0xc0]][0x2][0x92][0x8]ddp[0x5]pO[0xa4][0x1c][0x9e][0x4]&amp;&apos;S!O[0x1][0xa3]Si[0x14]O[0xa3]b[0x9e]N[0xe5]|[0xc]vL[0x8a];[0xea]5[0xb6]n[0x97]z[0x16][0xb][0xc1][0xfb]hI=[0xec]mXY[0xe9][0x1d]0*[0xa8]A[0x9d][0x96]|[0xb6]tX[0xad][0x8f]RC[0xe2][0xd0][0xa1][0xe4][0xc4][0xe7]l[0x1c]:[0x17][0x87][0xd6]P[0x1e]/[0xa0][0x81][0xbc][0x90][0x86][0xf1]&quot;*[0xe1]%[0x80][0x9a][0x1c][0x93][0xc][0x17][0xc0];[0xf4][0xc1][0x9e][0xeb]=KmE{[0x96]\E[0xbb][0xc4][0x8f]Fi[0x19][0xc6][0xdc]EEE][0xb0][0xde][0x7][0x9][0x9e][0xee][0xf8]n[\n]&quot;
2013-02-06 13:51:57,438 AAD-WS DEBUG wire:63 - &gt;&gt; &quot;[0xe8][0xaf][0x13][0xba][0xa9][0x5]_[0xaa](J[0x8d][0x8e]Giy[0x93]q?[0xad]h[0xac][0xbf][0x9f]N|[0x96]r&lt;+[0x1f][0xa2]UM[0xf][0xd0][0x89][0xdd][0xd4][0x7]3[0x9e]&amp;([0xc3]j[0xf1][0xc0][0xc3][0x0][0xba][0xa6][0xc9][0xd8]Ok[0x9b][0x8c]}tRc[0xa5][0xa3]\[0x90][0x14][0x2][0xe1][0xc9]+a[0xa2]0[0xd3]l[0xa8][0x91][0xbb][0xd2]![0xfe][0x16][0x97][0xe4][0x80][0xad][0x9d][0x7][0xd7]w[0x8a][0xd5]_B[0xa7]Z[0xfd][0x15]p[0x89][0xd2]_[0xb][0x17][0xab]yn@X!&gt;[0x1e]&lt;7R./[0xa7]~[0xbc][0x9a][0xfa][0xf3][0x1a][0x1a][0xcc]ki8[0x9f][0x4][0xbe]O[0xa1][0xa9][0xbc][0x8e]fr;[0xd4]0@[0xcd][0xbc][0x91]Zy[0x13]m[0xe1][0x10][0x9d][0xc7][0x11][0xba][0x90];[0xe9]R[0xde]BW[0xf1]6[0xfa][0x1e]o[0x7][0xd6])1[0x8d]C[0x84]5`,D[0x17]x[0x9a][0xe3]2[0xca]0[0xee][0xd5][0xc2][0xc9][0x17]q[0x1c][0xa4],-[0x95][0x96]{[0xad]yu[0x90]VK[0x17]%[0xdf].[0x1]M/[0x95][0xf5][0xc][0xa9][0xd4][0xe1]^[0x8b]J[0x5][0x18][0xa3][0x93][0xf][0xd0][0xda]([0xb5][0xce][0x1a][0x8c]][0xe][0xa0][0xea][0xa6]~u[0xf0][0x9c][0x90]Jf[0x83][0x8][0xc4]![0x93][0x90][0xc9][0xc][0x18]a[0x4]2[0x91]~[0xb]d&quot;[0xfd][0x99][0x90][0x89][0xf4][0xe7][0xc4]e[0xb2][0x1a]fM[0xbc][0x13]29[0x9f]L[0xbe][0x0]Fx[0x11]dr1dr[0x9][0x8d][0xe6][0xcb]h,_[0x9][0xc5][0xbb][\n]&quot;
2013-02-06 13:51:57,438 AAD-WS DEBUG wire:63 - &gt;&gt; &quot;[0x16]v5[0x8c][0xf9]FZ[0xc1]7Q[0x13][0xdf]L~[0xbe][0x85][0xda][0xf9]V[\n]&quot;
2013-02-06 13:51:57,438 AAD-WS DEBUG wire:63 - &gt;&gt; &quot;[0xf2][0xed][0xb4][0x9][0x9e][0xbb][0x83][0xef][0xa6][0xad][0xfc]c:[0x8b]B;[0xf8]~[0xda][0x9]Egy[0x8f][0xb5][0x95]u[0x81]m]C=[0x1b]D&gt;PO[0xbf]V[0xcf][0x9c]R-[0x98]l[0xf8][0x81][0xd3][0x12][0xfa]Y [0xd2][0xe4][0xc7]A[0xd7][0x1][0xe8][0xe7][0x13][0xa0][0xe9]I[0x1a][0xc2]Ocu[0xba]e[0x6][0x82][0xb3][0x11]f&apos;8GyN[0xd7][0x6][0xd0]V[0x87][0xe8]^[0xa0][0x85][0xef][0xb4]u[0x13]N[0xa7]}w[0xe9][0xee][0x1e][0x8a][0xff][0x1c][0x10]?[0xf][0xc4]/[0x80][0xe1][0x17][0x81][0x1c].[0x9c][0xf][0xd1][0x8]~[0x5]P[0xc7][0xf2][0xc][0xfb][0x80]y6[0xd1][0x83]&lt;[0x1][0x9b][0xe8][0xa0]&amp;:F[0xf0][0xc6][0x9e][0x4][0xbf][\r][0xbc][0xef][0x0][0xef][0xbb]P[0xae][0xdf][0x1][0xe7]{[0xb8][0xb2][0xca][0xb8][[0xda][0x1]lbH[0xf3][0x1e][0xa2]Mu[0xd8][0x1e][0xaa]/{[0xcc]q[0xb3]\[0xbe]q\7[0x8d]+[0x1b]29JaI;[0xa2][0x14][0xa9][0xcc]([0xcc]x[0x90]:vQ[0x96][0xf4][0x9d]]r[0xd9];[\r][0x1e]R[0xf6][0xd8]-[0xdf][0xfe][0xc6]H[0xb8]3+$[0xf1]_[0xc9][0xc1][0x83]{[0xfc][0x10][0xde][0xe3]#[0x9c][0xfd]1[0x15][0xf0]?[0xe0]=&gt;[0xa5]1[0xfc]O[0x9a][0xc6][0xff][0xc2][0x5]~Ls[0xf8][0xb][0xec][0xaa][0xe2][0x99]6=[0x9f][0x83]f[0xf1][0xd2][0xbb]&lt;[0x9b][0xb5][0xd2][0xe6][0xe0]&gt;l[0xfb][0x96][0xd1][0xee]TQB[0x93][0xab][0xb4][\n]&quot;
2013-02-06 13:51:57,438 AAD-WS DEBUG wire:63 - &gt;&gt; &quot;o[0xa9][0x83][0xb4][0xb7]vQ[0x89][0x1e]n[0x13]G[0x1e]i[0xd8]Og4[0x95]&gt;Hg[0x96][0x83][0xee][0x16]|[0x9c][0x85][0x8f][0xce][0x96]}[0xb4][0x1d][0xf2][0xd7][0x9a]~v[0xd2]&gt;[0xc][0xcf]9[0xfa][0xbe]8[0x9f][0x8b][0x11][0x83]$[[0xce]P[0x8a][0xf2][0x94]A[0x3]U[0x6][\r]S}[0x90][0x8c][0xb9][0xa8]De[0xd2]d[0xe5][0xa6][0x19]*[0x8b][0xe6]*[0x93][0x16][0xa8][0xbe]t[0xaa][0xca][0xa5]u[0xca]C[0xa7][0xa9]&lt;[0xda][0xa4][0xf2]i[0xab][0xea]O[0xdb]U[0x1][0xdd][0xa0][\n]&quot;
2013-02-06 13:51:57,439 AAD-WS DEBUG wire:63 - &gt;&gt; &quot;[0x81]q[0x16][0x1f]g[0xcb]@[0xe2][0xab][0x18][0xee]e[0x9e]s[0xad];[0xde][0xab]%p[0x90][0xce][0xd2][0x1c][0x1f][0xa7]m7[0xa8]9[0xdd][0x91][0xa0]X[0xa8][0x15][0xaa]O[0x15]j[0x85][0xea]SAq[0xa5]C[0xe0][0xe4][0x2][0xcf][0xeb][0xb6][0x84][0x5]+[0x9f][0xaa][0x99][0xdd][0xf9]][0xb6]Z^[0xee][0xfc][0x84]V[0x1d][0x87]\[0x90][0xd4][0x8]p=[0x92][0xdc]j[0xc][0xf5]Sc[0xc1][0xf9]8p^L[0xe3]T[0x9][0x95][0xa9]RZ[0xa8][0xca][0xa9]QM[0xa4][0xd5]j[0x12]8[0x9e]B[0xad]j*[0xed]P[0xd3][0xe9]RU[0x9],[0xb3]y[0x8e][0xcd][0xe9][0x1b][0xb6][0xf6]m[0xf1]\[0x90]p[0xe3][0xe8][0x6][0xdc][0xcb]u[0x9a][0xd7][0xfe][0x9a][0xd7]![0x9a][0xd7][0xb][0xe1]V&lt;[0x9a][0x85],[0xcd][0xc2]E[0xe2][0x88][0x8e][0x81][0xe2]^\[0xf][\r]n@[0xa2][0x1c][0xaa]t[0x18][0xd3]3[0x90][0xc5][0x15]:[0xfa]gL.[0xbb][0x13][0x91][0xa6][0x86][0xe4][0xf9][0x82]vg[0x6][0xf7][0xcf](t@a[0xff]`[0x8d][0xe3]\Y[0x8e]X[0xcd][0x5]W[0xd5]d[0xaa][0x1a]pU[0x8b];]L[0x83][0xd4][0x12][0x1a][0xa1][0xea][0xc0][0xd5]R[0x9a][0xa2][0x90][0xe5][0xab]F[0x9a][0xad][0x96]S[0xb5]ZA[0x8b][0xd4]JjP[0xab]h[0xb9]j[0xa2][0x93][0xd4][0x1a]jVki[0x3][0xc6]au*[0xb0][0xce][0xe5]y[0xb6]#[0xde][0x8d][0xdb][0x94]x[0x9a][0xeb][0xb9][0x4]\[0x16][0xc9][0xc1]7#R[0x15][0xfd][0xd0][0xce]v.[0x95]l[0x7][0xd4][0xcb]m[0x84][0x1a][0xca][0x1f]+[0xba][0xcd]^[0xb8][0xcc]J[0x83][0x8a]4[0xf1][0xb8][0xff][0x97]EU[0xa7];[0xca][0x8b]&amp;[0x8b])[0x8a]a&quot;[0xfd][0x17][0xc3]tja[0xad][0xd1][0xc2][0xba][0xa7][0xbf][0xa3][0xb]W[0x1c][0xa5][0xcb]+]r[0xb7][0x85]N\n[0xa1]KnW&gt;;[0xe5]S[0xdf]o[0xa6][0xa5][0x1a][0x99]Q[0xba][0xa2][0x9b]&quot;%[0xb2]C[0xeb][0x1a]D}[0xa5]N[0x18]`f[0xdd][0xd4][0xa4]E~[0xc2][0xff][0x84]W[0x9][0xde][0xab]$[0xc1]K[0xe0]UF[0x94][0xae][0xd6]9[0x9][0x10]&apos;t[0xea][\n]&quot;
2013-02-06 13:51:57,439 AAD-WS DEBUG wire:63 - &gt;&gt; &quot;[0x1a][0x5][0xe9][0xfb]![0xfd][0xd3][0xa9][0xaf][\n]&quot;
2013-02-06 13:51:57,439 AAD-WS DEBUG wire:63 - &gt;&gt; &quot;P[0xb6][0xda]D[0x1e][0x15][0xa2][0xc1][0xaa][0x83][0x86][0xab][0xcd]4Fm[0xa3]Ru[0x6]MS[0xdb][0xa9]R[0x9d][0x3][0x8b][0xda][0x1][0x1d][0xdb]Iu[0xea]|[0xe8][0xd9][0x5][0xd0][0xb3][0xb][0xc9][0xab].[0x82][0xf4]/[0xa6]vu[0x9]n[0xe0]R[0xba]F]N?RW[0xd2][0x9d][0xea]*[0xfa][0x89][0xba][0x9a][0xee]W[0xd7][0xd0][0xc3][0xea]z:[0xa0][0xbe]O[0xcf][0xa8][0x1b][0xe8]y[0xd5]E[0x1f][0xa8][0x1f][0xd0][0xe7][0xea]F[0xfa]F[0xfd][0x88][0xfb][0xa8][0x9b]8K[0xdd][0xcc]9[0xea][0xe]P5[0x9f][0xab][0xe3][0xb9][0x94]N[0xdc][0xa6]{[0xae][0x89][0xe7][0xb4][0xc5]Z[0xde][0x1e]-[0xef]AZb[0xd7][0xee]N[0xd1][0xcc][0xeb]v[0xe3][0xb6][0xbe][0x97][0xf0][0x16]#[0xa5][0xe2]S[0xf7][0x82][0xc7][0x9f]B[0xc3][0xee][0x83]v[0xed][0x86]v[0xed][0xa1][0x91][\n]&quot;
2013-02-06 13:51:57,439 AAD-WS DEBUG wire:63 - &gt;&gt; &quot;5[0x83][0xda]K[0x93][0xd4][0xc3][0x80][0xac]A[0xd2][0xa3][0xcf][\r][0xd9][0x9e][0xbe][0xd2]s[0xbd][0xed][0xe9][0xbf][0xaf][0xf]/M[0xb2][0xc]([0xfe][\r][0xfa][0xf4].[0xdb]20[0xb3]K[0x13][0xf0][0x83][0x84]|[0xad][0x84]U=[0x89][0xb3][0x9f][0x82][0xcd]&gt;[\r][0xed]~[0x6]6{[0x10][0xb2]}[0x16][0x9e][0xea][0x17][0xf0]T[0xcf][0xc1]S[0xbd][0x8][0xe8][0x85][0xf1][0xe2][0xe0][0x2][0xfb][0xfc][0x5][0x9e][0x1f]j[0xbe][0xfb]#[0xa5][0xd2][0x14][0xe4][0xeb] vc[0x94]~$[0xe6][0x97]a[0xf9][0xd2][0xdc][0x83][0x96][0xe9][0xe6][0xee][0xc6][0xd5][0xde]Tg[0x85]P[0xd0]r[0xb3][0xa4][0x99]2[0x9b][0x1a][0x1d][0xd4]![0xd0][0xf2]k[0xc8][0xe0]U[0x1a][0xaa]^[0x83][0xc]^[0xa7][0xd1][0xea]-[0xdc][0xf1][0xdb]4Q[0xfd][0x1e][0xf7][0xfc][0x1e][0xe8]y[0x1f][0xf7][0xfc]&apos;[0xec]Z[0x14][0xaf]/[0x12]2[0xb9][0xc5][0xf6][0x8c][0xb9]ier[0xab][0x96][0xc9]m[0x9][0x99][0xdc][0xae]erGO[0x99]|[0x0]:[0xfe][0x6][0x99]|[0x8][0x99]|[0x4][0x99][0xfc][0x1d]2[0xf9][0x18]2[0xf9][0x4]2[0xf9][0x14]4|[0xe][0xe8][0xda]4I[0xfc][0x9d][0xb6]Lz$[0xf1][0xea][0x1b][0xe0][0xfb][0x16]3[0x8b][0xe3]I[0xfc]u[0xb0]~[0xa1]y[0x95][0xa7][0xdb][0xde]St[0x13][0xd5][0x8b]U[0xf7][0xd7]B-)[0xd9]Ow5[0x95][0xf0]&gt;[0xba]{[0xaf]N[0x15][0xe]R[0xb9]-a[0xcf]=[0xf8]([0x88][0xd2][0x8f][0xbb]--[0xc3]J^[0x8f][0x95]{{d[0xed][0x86][0xb][0xc1];[0x93][0xfa][0x1a]n[0xf2][0x18]YTh[0x98]4[0xd6][0xe8]K[0xe5]F6[0xcd]1[0xf2]h[0xa1][0x91]O+[0x8d]A[0xd8][0xb1]$[0xce][0xd5],[0x9b][0xab]B[0xcf]O[0xe2][0x1a][0x9e][0xa5][0x8f][0xf9][0xa9][0xa4][0x85]y[0x9]&amp;[0xad][0x2][0xd0][0x18][0x8e]#F[0x90]i[0x8c][0xa4]|C[0xca][0xda][0xba]8[0xb3][0x89][0xf4][0xe4][0xbe]TT[0xc8][0xb7]w[0xb][0xcf]y=[0xd2][0x13][0xa3][0x14][0xb8][0xca][0x80][0xab][0x1c][0xb8]*@[0xae][0x94]0[0xf5]iH[0xdb][0xd3][0x93][0xb4][0xfb][0x85][0xb4][0xfc][0x9e][0xa4]M[0x7][0xba]c[0x80][0xee]X[0xa0][0x93]X[0xd3][0x10]&apos;[0xad][0xd1]&amp;[0xad]t?=[0xd0][0xb4][0x8f][0x1e][0xf4][0xec][0x8d]R[0x14]d[0xed][0x8b][0xd2]C[0x87][0xd1][0xfa][0xb0][0xd0][0x9a][0xdf][0x93][0xd6][0xb9]T`[0xcc][0xa3]![0xc6]|[0x1a]c[0xd4]P[0x89][0xb1][0x80]F[0xca]/[0xa0][0xed][0x3][0xfe][0x82]P[0xe6][0xb0][0xc2][0xf6]#[0xf1]`[0xb6][0x3]w[0xbb][0xbf][0x9][0x16][0xf1]3F[0xf3][0xe8]&gt;zl[0xaf]U[0xf9][0xb4][0xd5]%[0xe5][0x98][0x8f]c[0xe9][0x80]&lt;[0xfb]d[0xd9]e[0xf1][0x13]V}[0x4][0xee][0x84][0x10][0xfd][0x99]&apos;[0xf2]C-~[0x90][0x6]J[0xa6][0xe2]AI-[0x85][0x89][0xb5][0x3]Ao[0x8e]V[0xa5][0x9e][0xca][0xf1]d[0x82][0x3]+Y1j![0x9e][0xc5][0x10][0xcf][0x12][0x1a]n[0xd4][0x81][0x8b]z[0x1a]o4[0xd0]$c[0x19]M7[0x8e][0xa7]J[0xe3][0x4][0x9a]g,[0xa7]zc[0x5][0xad]2N[0xa4]S[0x8c][0x95][0xb4][0xc1]XEmF[0x13]E[0x8c][0xb5]t[0x86]q[0x12]]jx[0x91][0x94].[0x8b]qm|[0x89][0xe4]5[0x1b][0x8a][0xdf][0xe5]y[\n]&quot;
2013-02-06 13:51:57,440 AAD-WS DEBUG wire:77 - &gt;&gt; &quot;\#lG[0xe9][0xe9]zn[0x0][0x8f][0xcf] [0xa4][0xe9]&quot;
2013-02-06 13:51:57,441 AAD-WS DEBUG wire:63 - &gt;&gt; &quot;[0xcc]1$[0xe1]J[0xc2][0xde]d[0x1d][0xb0][0xc2][0x95][0xce]B[0xa7][0xc4]-[0x97]e[0xb6][0xbc][0x89]+3[0xef][0xa7][0x83]Rk&lt;[0xab]k[0x8d][0x83]V[0xad]q[0xd0][0xf3]s[0xa9]5*[0xdd][0x85][0xee][0x83]T[0xa8][0x9d][0xad][0xa7][0xd0]-[0x1f][0xba][0xea][0x98]Z[0x99][0xd9]M[0xf9][0x95][0xee]n[0xca][0xa9][0xcc][0x92][0xfa][0xcb][0x94]r[0xa3][0xaf][0x86][0xcc]+[0x94]0d[0xdc]I[0xb2]a`[0x17][0xa9][0xdd][0xf3]@[0xed][0x9]~Q[0xa7][0xfb][0xe7][0xea]u&lt;[0xb2][0xb6][0xc][0xd4]~[0xe3][0xf9]:[0xdd][0xbf] /[0x5][0x8e][0x6][0xdc][0xe1][0x8b][0x12][0x2][0x8d][0x3]([0xa8][0xa3][0xf4][0x92]![0x8f]l[0xbf][0x94][0xe8][0xb8][0x9f][0xe]5[0x81][0xd3][0x97][0xf7][0xd2]+[0x9e]_[0xd9][0xf]R[0xf8]y%J[0xbf][0x96][0x8a]z`[0x99][0xae]u[0x1d][0xb8][0xd3]W[0xbb][0xf5][0xa7][0xc8]&apos;J[0xaf][0x95][0xda]+[0xb8][0xfe][0xd7][0xbb][0xa9][0x96]+[0xdd]:[0xd7][0x9d][0xad][0xb3][0xd1][0xf1]V|E&lt;[0xed][0x90]i+[0xc2]b[0xd0][0xa9][0x7]:[0xc6][0x82]i[0xe1]/[0xc7][0xda][0xe9](tG[0xe9][\r][0x1b][0xff]KQ[0xfa][0x8d]f[0xe0]M[0xad][0xf][0xbf]][0x9]U[0xf9][\n]&quot;
2013-02-06 13:51:57,442 AAD-WS DEBUG wire:63 - &gt;&gt; &quot;j[0xf2][0x16][0xa3][0x1e][0xfb]D[0x18][0x96]f[0x80][0xfa][0xb7]E5_[0x12]v[0xde][0x81][0xc][0xf6][0xd3][0xbb][0xc2][0xcd][0xef][0x12][0xe1][0xfb][0xf7][0xf8][0xe8][0xa7])[0x15][0x9][0xf5][0x8b][0xd2]{ZP[0xa3]5[0xfe][0xf7]mA[0xfd][0xa1]^[0xf7]L[0xbc]2[0xd8][0xac]+[0xb0][0xfe][0xa7]n[0x1b][0x83][0xc5][0xfa][0x9f]m[0xd6][0xc5]+[0xff][0xc5]b=[0xf3]e=3[0xc6]z[0x9c][0xd0][0xbf][0xea][0xcb][0xfc] [0xc6][0xaf]}[0x1c]$[0xf1]7)[0xc6]g[0xd3]f[0xda][0x86][0xc2]S[0xfa][0xb3]QxJ[0xbf][0x13][0x85][0xa7][0xf4][0x17][0xc7][\n]&quot;
2013-02-06 13:51:57,443 AAD-WS DEBUG wire:63 - &gt;&gt; &quot;Ox[0x8a]%P[0xe8]V[0x98][0xc8][0xe9][0xe4]4[0xda]`&amp;[0xed][0x94]m[0x4][0xe1]G;h[0x80][0xb1][0x99][0x86][0x1a][h[0x9c][0xb1][0x95]&amp;[0x18][0xdb]h[0x9a]q&amp;[0xcd]4[0xb6][0xd3]l[0xe3][0x1c]Zk[0xec][0x80][0x99][0x9c]G[0x9b][0x8d][0xf3][0xe9]L[0xe3]B:[0xd7][0xb8][0x98].0.[0x85][0xa9]\I[0xb7][0x1a]W[0xd1][0xdd][0xc6]5[0xb4][0xc7][0xb8][0x96][0x1e]6[0xae][0xa3][0xc7][0x8c][0xeb][0xe9][0x19][0xe3][0x6]z[0xd1][0xe8][0xa2]W[0x8d]][0xf4][0xa6][0xf1]C[0xfa][0xa7]q;}k&lt;[0xca][0xe][0xe3]q[0xce]1[0xe]p[0xbe][0xf1][0x4][0xf]4[0x9e][0xe4]Q[0xc6][0xd3]&lt;[0xc1]x[0x9e]&apos;[0x1b]/[0xf0],[0xe3][0x97]&lt;[0xc7]8[0xc4][0xb][0x8d][0x97][0xb9][0xc1]x[0x85]#[0xc6][0xab][0xbc][0xcd]x[0x9d][0xcf]3[0xde][0xe4]+[0x8c][0xdf][0xf2][0x8d][0xc6][|[0x8b][0xf1]6[0xdf]a[0xbc][0xc3][0xf7][0x18][0xef][0xf1][0x1e][0xe3]}~[0xd2][0xf8]#[0xbf]`|[0xc6][0xaf][0x1a][0x9f][0xf3][[0xc6][0xbf][0xf9][0xcf][0xc6]W[0xfc]w[0xe3]k[0xfe][0xdc][0xf8]/c|[0xa3]2[0x8c]o[0x95][0xdb]A*[0xc7][0xa1]T[0x9e][0xc3]PC[0x1d][0x19]j[0xbc][0xa3][0xaf]*wd[0xab]c[0x1d][0xfd]T[0x95][0xc3][0xa3][0xe6]9[0xf2]T[0xad]#_[0x5][0x1d][0x3]T[0x87][0xa3]Pmw[0xc]V[0x97];[0x86][0xa8][0x1b][0x1c][0xf2]${|[0xfc]av[0x92][0xed][0xa8][0xfb][0xe9]@,[0x86][0xed][0xb0][0xf2][0xa1]D[0xe0][0xb7][0x1e][0xac][0x1c][0xc5][0xe4]t[0x8c]&apos;[0xd3]Q[0x8a][0x92]47[0xfe](*?[0xb2]=[0xe9][0x8d][0xd5]z[0xfe]u[0xd4][0x90]K[0xfe]b[0xc]eV[0xa1][0xf5][0x6]hX&gt;[0xdc]S[0xf2][0x10]9w[0xd7][0xed][0xa7][0xcc]&amp;h[0x91]{[0x1f]e=[0xae]_[0x90][0xf1][0xdf][0x95][0xbc][0x9f][0x3][0xf1]_/,[0xc7]a[0xaa][0xc7]{3L[0xb6][0xc7][0x81]T[0x1d][0xdf][0xb0][0x82]O&lt;lC[0xca][0xb3]][0xcf][\r]+yU[0x9a][\r][0x8e][0x9e]/[0xda][0x89][\r]M[0xbc]:[0xcd][0x6][0xa3][0xf7][\r]kx[0xad][0xbd]a[0x98]-[0x9]gI[0xe9][0xea][0xbd]G[0xda]r[0x12][0x9f][0x9c][0xe6][0xc][0xd5][0xfb][0x86]S[0xd2][0xb2][0xcd][0xbd][0xb1][0xad][0xf8]T[0xab][0xf5][0xd2][0xc7]V[\n]&quot;
2013-02-06 13:51:57,443 AAD-WS DEBUG wire:63 - &gt;&gt; &quot;[0x92]Aw[0xd1][0x87][0xf4]w[0x10][0xf7][0x9][0x9f]G[0x9f]&quot;[0xc9]:D[0xfa][0xdf][0xbb][0xba]S}[0xf8]|[0xe5][0xa4][0xc2][0xff][0x3]PK[0x7][0x8][0xa6][0x85]&amp;3&amp;[0x1b][0x0][0x0][0x9c]7[0x0][0x0]PK[0x3][0x4][0x14][0x0][0x8][0x0][0x8][0x0][0xd4]|D5[0x0][0x0][0x0][0x0][0x0][0x0][0x0][0x0][0x0][0x0][0x0][0x0])[0x0][0x0][0x0]javax/help/Popup$PopupWindowAdapter.class[0x8d]R[0xc1]n[0xd3]@[0x10]}[0xeb][0x94]8[0xd9][0xba][0xb4]M)[0xd0][0xd2][0xa6]m[0xea]6[0x89][0x3]q8[0xc0][0x5][0x84][0x84]&quot;[0x82][0x8a]*[0x84]T[0x4]g[0xd7]^[0x9a][0xad][0xd2]ud;[\r]|[0x16][0x12]P[0xc4][0x81][0xf][0xe0][0xa3][0x10][0xb3]vD[0xa4][0xda][0x87][0xee]af[0xdf][0xf3]{[0xb3][0xb3][0xb3][0xfe][0xf3][0xf7][0xd7]o[0x0]]t9L&lt;[0xe0][0xa8]`[0xab]J[0xbb]m[0x8e]:vt[0xd8][0xe5][0xd8]C[0xc3][0xc4][0xbe][0x89][0x3][0x86]r2[0x94][0xb1][0xdd]c[0xa8][0x1d][0x9f]{[0x97][0xde]gw(Fc[0xf7]]8[0x9e][0x8c][0x9f]1TO[0xbe][0xa8]d([0x12][0xe9][0x93][0xf2][0xb9]T2y[0xc1][0xb0][0xde][0xca]K[0xdb][0x1f][0x18][0x16][0xfa]a [0x18][0x96][0x8f][0xa5][0x12]o&apos;[0x17][0xa7]&quot;z[0xef][0x9d][0x8e][0x88]Y[0x9a]J[0x15][0x84][0xd3][0xfe]([0x8c][0xa5]:c[0xd8][0xc9][\n]&quot;
2013-02-06 13:51:57,444 AAD-WS DEBUG wire:63 - &gt;&gt; &quot;[0xb8][0xde]4q[0xc5][0xa5]P[0x89][0xfb]1[0x15][0xbc][0xd2][0xfb][0xb4][0x94]5w[0x88][0x80]Jf[0xf0][0xc8][0xf][0x95][0xfc]$5[0xb3][0x9a]1[0xaf]=:+[0x18][0x84][0xfe]$6q[0xc8][0x0][0xb2][0x1e])%[0xa2][0xfe][0xc8][0x8b]c[0x11]3[0xb4][0xb][0x9a][0xcd]1[0xf6][0xe3][0xf4]T~[0x12]N&quot;_[0xc][0xa4]n[0x9a][0xa7]_[0xba]Zj[0xc1][0xc2][0x92][0xe]M[0xb]Up[0x13]-[0xb]m[0xcd]8[0xe8][0x98]xh[0xe1][0x11][0x9a][0xc][0xfb][0xb9][0xaa]i[0xcc][0xae][0xf6]2[0xf0][0xc6][0x89][0x88]h[0xcc]E[0xe4]V[0xe1]8[0xe6][0x9e]|[0xbf][0xc][0xa5][0x96]ny[0xe5][0xfa]&apos;j[0xdc][0xf3]}[0x11][0xc7][0xf6][0x93]^o[0xe][0x9e]jP4[0x8b][0xf6][0x8c][0x8a]i[0xa0]g[0xee][0x9b][0xec]dz[0xf9][0xb5][0x2][0x9a][0xc1]L[0xc2]A[0x14][0xaa][0x4][0xbb][0xf4]KU[0xa0][0xe7]][0xd3]#[0xa1][0xbc][0x8][0xbd][0xca]0[0xf4][0xb0][0x8][0xdf]&amp;[0xd4] dP[0xe6][0xce][0x15][0xc][0xa7][0xf3][0x1d][0xa5][0xaf][0xa9]g9U[0xd2]s[0x19]w)[0xae]`u[0xa6][0xb7])k}[0xc5][0xf9][0x86][0xd2]O,[0xcc][0xd5]\[0xf3][0xc6][0x6]Lc3=[0xf3][0xa6][0x8e]mr[0xd4][0x89]Y[0xbb][0xb1]c[0x8f][0x1c][\r]b[0xee][0xfc]w4g[0x8e][0xc5][0xcc]q[0xeb][0x7][0xca][0xd7]M[0x7][0xe0][0xc6]!![0xb][0xf7][0x9]kS[0x9d]rI_[0xd3][0xe9]\[0x81][0xe5][0xaf][0x9d][0x8d][0xcb][0xc0]F[0x1a]7q[0x8f]r[0x8d]v[0xeb][0xe4][0xd4][0xcb][0xa4]l[0xc3][0xf8][0x7]PK[0x7][0x8][0xb6][0xc7][0xac][0xe7][0xe9][0x1][0x0][0x0][0xcf][0x3][0x0][0x0]PK[0x3][0x4][0x14][0x0][0x8][0x0][0x8][0x0][0xd4]|D5[0x0][0x0][0x0][0x0][0x0][0x0][0x0][0x0][0x0][0x0][0x0][0x0]([0x0][0x0][0x0]javax/help/Popup$PopupMouseAdapter.classmR[0xdb]N[0xc2]@[0x10]=[0xdb][0x2][0x85][0x82][0x82]([0xde]ED[0x1e][0xb8]D[0x8a][0xf]&gt;iL[0xc][0xd1][0x84][0x4][\r][0x9][0xc6][0xf7]R6R[0x3][0xa5][0xe9][0x5][0xf4][0xb3]L4[0x18][0x1f][0xfc][0x0]?[0xca]8[[0x8c][0x1a][0xeb]&amp;[0x9d][0xd9][0x99]9g[0xf6][0xec]l[0xdf]?^[0xdf][0x0][0xd4]QT[0x11][0xc5][0xaa][0x8a][0x18][0xd6][0x12][0xb4][W[0xb1][0x81]M[0x5][[\n]&quot;
2013-02-06 13:51:57,444 AAD-WS DEBUG wire:63 - &gt;&gt; &quot;v[0x18]b[0xde][0xc0]tK[\r][0x86]l[0xfb]N[0x9f][0xe8][0xf7][0xda][0x80][0xf]m[0xad]3[0xb6]}[0xfb][0x98]![0xd1]}[0xb0][0xbc][0x1][0xf7]L[0x83][0x90]&apos;[0xa6]ez[0xa7][0xc][0xb9]r[0x18]Z[0xb9]a[0x88]4[0xc7]}[0xce][0x90]n[0x9b][0x16][0xbf][0xf2]G=[0xee]\[0xeb][0xbd]!eR[0xa3][0xb1][0xef][0xf2][0x8e][0xc3]][0x97][0xf7][0x19][0xf2]s[0xbe][0xa6]O=[0x8d]O[0xb8][0xe5]i[0x97][0xa2]~.[0xb6][0xd4]HA[0x9e][0x1][0xc4]jY[0x16]w[0x9a]C[0x9d]X.C[0xe5][0x9f]SC[0x99][0xd2]a[0xa0]D[0xed][0x8e]}[0xc7][0xe0][0x17][0xa6]8][\r]*u[0x1]MAER[0x98][0xdd][0x14][0x14][0xc4][0x15][0x14]R[0xd8]C[0x92][0xa1][0x18]j[0x14][0xd8]@[0xd7]Y_[0xb7]=[0xee]0,[0xfd][0x93][0xdb][0x9f][0x13][0xdd][0xa9]i[0xdd][0xfe][0xbe]L[0xcb][0xb2]}[0xef][0x1b][0x95][\r][0xeb]d[0x90][0xcb]Bj[0xe6]o[0x89][0x4][0xeb][0x86]A[0xa3]*[0x1d]5[0x1a]([0xd0][0x83][0xc5] [0xc6][0x91][0x15][0x8a][0xc9]&apos; [0x96][0xc]I[0xdc]E[0x8c][0x89][0xa2]&quot;E[0x12]y[0xb5]:[0x83]T[0xad]=C~[0xc]8[0xb]dc[0xe4])Iv[0x11][0xe9]/|[0x89][0xbc][0xc0][0xc7][0xab]O[0x90]_[0x10][0xf9]A[0xab]&quot;/[0x1d]@[0x91][0xea]A[0xb4]L[0xb1]`[0xe4][0xc9][0xcb][0xa2][[0xb5]6[0x3][0xb]w[0x9f][0xab][0x92][0xb0][0x12][0xd8][0x1c][0xa9][0x5]}[0x12]2[0xf4][0xaf][0x89][0x15]%[0xbf][\r][0xe9][0x13]PK[0x7][0x8][0x93][0xc9]0[0x93][0x80][0x1][0x0][0x0][0x94][0x2][0x0][0x0]PK[0x3][0x4][0x14][0x0][0x8][0x0][0x8][0x0][0xd4]|D5[0x0][0x0][0x0][0x0][0x0][0x0][0x0][0x0][0x0][0x0][0x0][0x0].[0x0][0x0][0x0]javax/help/Popup$PopupMouseWheelListener.classuR[0xdb]J[0xc3]@[0x10]=[0x9b]hc[0xd3]hk[0xbd][0xd4][0xbb]U[0xf3]P+[0x98][0x16][0xf5]I[0xf1]E[0x14][0x84]z[0x81][0x8a]&gt;[0xa7]q[0xb0][0x91][0x98][0x94]&amp;[0xad][0xfa]Y[0x82]R[0xf1][0xc1][0xf][0xf0][0xa3][0xc4][0xd9]([0x16][0x8c]][0xc8][0x9c]=;g&amp;s6[0xf9][0xf8]|{[0x7][0xb0][0x9]S[0xc7]0[\n]&quot;
2013-02-06 13:51:57,445 AAD-WS DEBUG wire:63 - &gt;&gt; &quot;:R[0x98]I[0xf3]nV[0xc7][0x1c][0xe6]5,hX[0xd2][0xb0],[0x90][0x8a][0x9a]nhV[0x4][0xf2][0xb5][[0xbb]k?XM[0xf2]Z[0xd6]y[0xd0][0xea][0xb4]v[0x5][0xd2][0xf5]G?jR[0xe4]:[0xac][0xdc]s}7[0xda][0x17][0x98]*%[0xa5][0xeb][0x97][0x2]C[0x7][0xc1]5[0x9]dk[0xae]O[0xa7][0x9d][0xbb][0x6][0xb5]/[0xec][0x86]&apos;O[0xee][0x82]NHWM&quot;[0xef]$[0xe8][0xd2][0xb5][0xc0][0xda]w[0xb][0xcb][0xbe][0x8f],[0xea][0x92][0x1f]Y&apos;[0xbf][0x92]C[0xc9][0xb9][0xa1][0x86][0xa2][0x0][0x4][0x8c]c[0xdf][0xa7][0xf6][0x81]g[0x87]![0x85][0x2][0xeb][0xff][0xbc]=qbV[0xe3][0x89][0xf4]z[0xd0]i;t[0xe4][0xca])[0xf4]8[0xb3])[0xa5][0x6]20dX10[0x82][0xb4][0x86]U[0x3]k0[0x4]J[0x89]Fq[0xec][0xf]Ws[0xc3][0x88]x[0x1c][0x81][0xc2][0xc0]L.[0xb6][0xe6][0xd9][0xfe][0x8d]u[0xd6][0xb8]%&apos;[0x12]X[0x19][0xe8][0xb6]_[0x96]O[0x9a][0x10]PK[0xd2]G[0xee]o[0x8a][0xdd][0xd8][0x8e]Cah[0xee]T*([0xf2][0x87]M[0xf1]Mi[0xfc][0xe4][0xa5]!F[0x1d]r[0xa9]P[0xa4]U[0xe6][0xa3][0xcc]V[0x99])[0x8c]z[0xb9][0x7][0xa5][0xbc][0xf1][0x2][0xf5][0x9][0xf2][0x86][0xc7]8[0xca]z(U[0x8e]Y[0xe4]~[0xf4]&amp;[0xa3][0xd4][0x8f][0x94][0x9f][0xa1][0xbe]b[0xa8][0xaf][0xd6][0xe5][0xb9][0xb2][0x5]M[0xd9]f[0x96][0xc1]$sY[0xb1][0xc4][0xa8][0xca]n[0xe5][0x8d][0x1e]D[0xb2][0xfb][0xf7]T[\n]&quot;
2013-02-06 13:51:57,445 AAD-WS DEBUG wire:63 - &gt;&gt; &quot;[0xa6][0xe2]8[0x8d][0x9][0xc6]&lt;[0xef][0xc6][0xf9][0xaf][0x94]k[0x98]q[0x11][0xca][0x17]PK[0x7][0x8][0xb6][0xb8]\[0x9d][0x8d][0x1][0x0][0x0][0xbe][0x2][0x0][0x0]PK[0x3][0x4][0x14][0x0][0x8][0x0][0x8][0x0][0xd4]|D5[0x0][0x0][0x0][0x0][0x0][0x0][0x0][0x0][0x0][0x0][0x0][0x0],[0x0][0x0][0x0]javax/help/Popup$PopupComponentAdapter.class[0x8d]S[0xdb]J[0xc3]@[0x10]=[0x9b]jcc[0xd5]Z[0xf1]~[0xab]5[0x8a]V0[0xf5]A[0x4][0x15]E[0x8b]7P[0x11]+[0xbe][0xc7]d[0xa1][0x91][0xba][0x9]MZ/%([0x8a][0xf]~[0x80][0x1f]%[0xce][0xae]Z[0xc1](t[0x1f]fv[0xce][0x9c]3;3!o[0xef]/[0xaf][0x0][0x16]1c[0xa0][0x1d][0xc3][0x6][0x92][0x18]I[0xd1]m[0xd4][0xc0][0x18][0xc6]uL[0xe8][0xc8]1$[0xa3][0x8a][0x17][0x9a]E[0x86][0xec][0xe1][0xa5][0xdd][0xb0]o[0xac][\n]&quot;
2013-02-06 13:51:57,445 AAD-WS DEBUG wire:63 - &gt;&gt; &quot;[0xaf][0x6][0xd6][0x89][0x1f][0xd4][0x83]5[0x86]T[0xf9]VD[0x15][0x1e]y[0xe]1[0xd7]=[0xe1]E[0x1b][0xc][0xfd]sq[0xea][0xfc]9C[[0xc9]w9C[0xcf][0xa1]&apos;[0xf8]q[0xfd][0xea][0x82][0xd7][0xce][0xec][0x8b]*![0x19][0xc7][0xbf][\n]&quot;
2013-02-06 13:51:57,446 AAD-WS DEBUG wire:63 - &gt;&gt; &quot;|[0xc1]Et[0xca]C[0xef][0x8e][0xbb][0xc][0xf9][0xcf][0x1a][0x96]}[0x1d]Y[0xbc]A[0x19][0xab][0xf4][0xcd][0xd9][0x91][0xa1]*[0xd8][0xdd][0xd4][0x1d][0xf9][\r][0xa9][0xfa][0x1][0xca][0x15][0xff]Z[0xd0][M`[0xdf]s].tL1[0x80]!} [0x4][0xaf][0x95][0xaa]v[0x18][0xf2][0x90]a[0xfe][0x8f][0x8e]c[0x88][0xb9][0xa4][0x1e]5[0xca]~[0xbd][0xe6][0xf0]]Ovn[0xa8][0xcc][0xa2][0xa4][0xa6]a[0xa0]S[0x9a]|[0x1a]::tL[0xa7]a[0xa2][0x93]a6VH[0xd9][0xe6]&lt;[[0xae][0x1d]D[0xbc]F{[0xfb][0x7][0x9f][0xfc]o[0x13]MF6[0xde]+CbN[0xb6][0x9b][0xf9][0x9d][0xa2][0xa6]m[0xc7][0xe1]ah.[0x17][0x8b][0xc8][0xd1][0x7]OB[0xae]$+[0xbb]&amp;[0x9f][0x82]&lt;Ihr[0x1e][0xb9]*[0x8a][0xf2][0x14]i[0xe4][0x8d][0xc2][0x13][0xb4][0xc2][0xc2]#[0x12][0xf7]J[0xd3][0xa5][0x98][0xb4]Qm[0x85]l7z[0xbe][0xf8]&amp;y[0xc9][0xef](&lt; [0xf1][0x8c][0xb6][0x1f][0xb6]!qm[0x15][0xba][0xb6]FH[0xa6]e[0xc5][0x6])6[0x9][0xe9]mY[0xb1]M[0x8a][0x92][0x9a][0xab]U[0xc5].)[0xf6]T4@[0xb1]TL[0x90]O[0xc8][0x19][0xb][0xb]O`[0xf1][0x99]?w[0xa5]aP[0xd9]![0xf4][0x93][0xcf][0xd2][0xad][0x8f][0xfe] y[0xda][0xc9]OB[0xfb][0x0]PK[0x7][0x8][0x9][0x19]H[0x1][0xac][0x1][0x0][0x0]j[0x3][0x0][0x0]PK[0x3][0x4][0x14][0x0][0x8][0x0][0x8][0x0][0xd4]|D5[0x0][0x0][0x0][0x0][0x0][0x0][0x0][0x0][0x0][0x0][0x0][0x0]&amp;[0x0][0x0][0x0]javax/help/Popup$PopupKeyAdapter.classuR[0xdb]N[0x1a]Q[0x14]][0xe7][0xc]02L+[0x1d][0xaf](ETT[0x84][0xc4][0xa1][0xf][0xc6][0x7][0xdb]&amp;[0x86][0xb4][0x9])!Ul[0xdf]G[0xd8])[0xa3]8[0x10]fP[0xf9][0x1b][0xc1][0xc4]K[0xe3][0x83][0x1f][0xe0]G[0x99][0xee]3[0x90]6[0xe9][0xb4][0xf3][0xb0][0xf7][0xd9][0xfb][0xac][0xb5][0xf6]e[0xce][0xf3][0xcb][0xe3][0x13][0x80][0x1d][0x14][\r]$[0xb0]`@[0xc7]b[0x92]O[0x19][0x3]KX6[0x90][0xc5][[0x1d]9[0x1d]y[0x81]D[0xd0]q[0xfd]BE[0xc0][0xaa][0x9f]:[0x17][0xce][0x95][0xdd][0xa1]n[0xdf][0xfe][0xda][0xeb][0xf][0xfb][0xfb][0x2][0xc9][0xe6][0xc8][0xb]:[0x14][0xb8]-F[0xbe]w=7[0xf8](0W[0x8c]B[0xb7][0xbf][0xb][0xc4][0xaa][0xbd]6[0x9]L[0xd7]][0x8f][0x1a][0xc3][0xf3][0x13][0x1a][0x1c];&apos;][0xce][0xa4][0xce]htD]r|j[0xb]d[0xc7]t[0xdb][0xb9][0xc]l[0xba] /[0xb0][0xbf][0xd0][0xe8][0x93]:[0xb0][0x8a][0x8e]U[0x1][0x8][0x98]5[0xcf][0xa3]A[0xb5][0xeb][0xf8]&gt;[0xf9][0x2][0xdb][0xff]([0x19][0xc9][0x14][0xde][0x85]m[0x18][0xcd][0xde]p[0xd0][0xa2][0xcf][0xae]*m[0x84]7;[\n]&quot;
2013-02-06 13:51:57,447 AAD-WS DEBUG wire:63 - &gt;&gt; &quot;j&quot;[0x5]S[0x99]5[0x13]SH[0xea]X7Q[0xc0][0x86][0x8e]M[0x13][0[0x5][0xf2][0x11][0xc1][0xd0]rw[0x7]m[0xa7][0x1f][0xd0][0x80]g[0x8b]d2[0xd1]Y~[0xdf]Y[0xd1][0xe][0x5][0xb4][0xa2]jr[0xe1]?+[0xe0][0x8e]P[0xc0][0xd1]x[0x97][0xc][0xae][0x9][0xa4][0xff][0xd6]a[0x94][0xd3]j[0x91][0xef][0x17]v+[0x15][0xe4][0xf9][0xcf][0xea]P[[0xb3][0xd4]`[0xec][\r][0xa8]O[0x83]T#s[0xfc][0x8a][0xa3]5[0x8e]${[0xa3][0xf4][0x0]Y*[0xdf]A[0xbb][0x9]9[0xaf][0xd9]&amp;[0xd8]C6[0xd8]N#=[0xc1][0xef]1Zc?S[0xbe]G[0xec]C6[0xbd]|[0xcd][0xd4][h?[0x11][0xff]C[0xb4][0x10]c[0xe2]![0xe2][0xf2][0x8])[0xd9][0x84]%[0xbf]q6[0x85]Y&amp;+[0x91][0xdc]D$Q*?@D[0xb][0x8e][0x1b][0x95][0x98][0xb][0xed]&lt;fBM[0x89]7[0xfc]D[0x11][0xe2][0xb2]X[0x81][0xfc][0x5]PK[0x7][0x8]Xo[0xa6][0xdb][0xa8][0x1][0x0][0x0][0xd0][0x2][0x0][0x0]PK[0x3][0x4][0x14][0x0][0x8][0x0][0x8][0x0][0xd4]|D5[0x0][0x0][0x0][0x0][0x0][0x0][0x0][0x0][0x0][0x0][0x0][0x0][0x18][0x0][0x0][0x0]javax/help/Popup$1.class;[0xf5]o[0xd7]&gt;[0x6][0x6][0x6]=[0x6]nv[0x6]6v[0x6]NF[0x6][0xae][0xe0][0xfc][0xd2][0xa2][0xe4]T[0xb7][0xcc][0x9c]T &apos; [0xbf][0xa0][0xb4]@/+[0xb1],[0x91][0x9d][0x81][0x8b][0x91]A[0x8][0xc4][0xaa][0xd0][0xcf]H[0xcd])[0xd0][0x7]K[0xa9][0x18]22002[0xf0]x[0xe6][0xe5][0xa5][0x16]9[0xe7]$[0x16][0x17][0xa7][0x16]32[0x8][0x80][0x94][0xe9][0xe7]$[0xe6][0xa5][0xeb][0xfb]&apos;e[0xa5]&amp;[0x97]@[0x85][0x90]u2([0x0][0xf5]11@[0x0][0x13][0x3]3[0x98]da[0xe0][0x0][0xd2]\@[0x19]F[0x6]V[0x90][0x4][0x0]PK[0x7][0x8][0xa8]+WI}[0x0][0x0][0x0][0xa0][0x0][0x0][0x0]PK[0x3][0x4][0x14][0x0][0x8][0x0][0x8][0x0][0xd4]|D5[0x0][0x0][0x0][0x0][0x0][0x0][0x0][0x0][0x0][0x0][0x0][0x0][0x1b][0x0][0x0][0x0]javax/help/SearchView.class[0xad]R]K[0x2]Q[0x10]=WW7W[0xcb]2-[0xad][0x87][0xa8]&apos;[0xbf]r[0x8b][0x1e]7[0x82][0x12]B[0xc2]$0[0x84][0x1e][0xaf]vY7[0xd6]][0xd9][0xae][0xda][0xcf][0xaa][0x97][0x84][0x82]~@?*[0x9a]u[0xc3][0x14][0xf3][0xad]}8[0xc3]=3g[0xce][0xcc][0xb0][0x9f]_o[0x1f][0x0]*[0xd8][0xd5][0xb0][0x8e][\r][\r]Q[0xa4]Tlj[0x8]#[0xad]&quot;[0xa3]b[0x8b]!zj9[0x96]&lt;c[0xb8][0xc9][0xd7][0x1f][0xf8][0x90]?[0xe9]]a[0xf7][0xf5][0x1a]ASHc[0xc2][0xe9]6wL[0xbd])=[0xcb]1[0x97]2[0x3]i[0xd9]z[0x8d]?v%o[0xdb][0xc2]([0xb4][0x18][0x94][0xaa]{/[0x18][0x92]u[0xcb][0x11][0x8d]A[0xaf]-[0xbc][?[0xc7][0xd0][0xfe][0xf][0xaf][0xba][0xdb][0xe1]d[0xb4][0xd4]=[0xd9][0xf1][0x4][0x97][0xa2][0xc1][0x87][0x96][0xc9][0xa5][0xeb]1[0x94][0x17]l[0xaf]i@[0xdb]([0x4]=[0xf8]H[0xea]U[0xb7][0xd7]w[0x1d][0xe1]H[0x83]Ak[0xba][0x3][0xaf]#.-[0xe4]dSp[0xaf][0xd3]mYbT[0xf1][0xab]Ul&apos;[0x90]E.[0x1][0x15]q[0x86][0xbd][0x99][0xc6]W[0xc1]B~[0xf9][0xd4][0xdc]/[0xdb]a[0xc8][0xcc][0x94][0xfd]6d[0xc8][0xce][0xf0]SM[0x90]J-^[0x8a]!f[\n]&quot;
2013-02-06 13:51:57,447 AAD-WS DEBUG wire:77 - &gt;&gt; &quot;[0x19][0xec][0xcf][0x90][0xce][0x17][0x16][0xaf][0xc2]p2[0xb7][0xec]\Sc[0xc9][0x19]Z[0xd8]G[0x84]~[0x12][0xff][0xb][0x83][0xd1][0xc8]+[0x84]1z[0x15][0x89][0x8d]P\+[0x96][0xca][0x87][0xa5]W[0xb0][0x9c]2F[0xe8][0x85][0x18]:[0x13][0xa1][0x86][0x10][0xe1][0x11]Vq&lt;[0xd1][0xc5]ty[0xd2][0xf9][0xfd][0x12][0xbe].[0xa7][0xe4]&quot;[0xa8][0xce][0xa9][0xfa][0x82][0x98][0x4][0xa9][0x3][0xd5][0x1][0x94]IF{G[0xf8][0xae]X[0x1a]Cy[0x9e]j[0xa2][0x14][0x81][0x1a][0xe1][0x1a][0xc5][0x10][0x92][0xdf]PK[0x7][0x8][0xf6][0xb2]1[0x8f]u[0x1][0x0][0x0][0xe5][0x2][0x0][0x0]PK[0x3][0x4][0x14][0x0][0x8][0x0][0x8][0x0][0xd4]|D5[0x0][0x0][0x0][0x0][0x0][0x0][0x0][0x0][0x0][0x0][0x0][0x0]%[0x0][0x0][0x0]javax/help/JHelp&quot;
2013-02-06 13:51:57,447 AAD-WS DEBUG wire:63 - &gt;&gt; &quot;SearchNavigator.class[0xa5]VkS[0x13]g[0x14]~[0x96][0x0][0xbb][0xae][0xcb][0xa5][0x11][0x10][0x14]5B[0xd5]p[0x91]hmi[0xb]V[[0x1]%[\n]&quot;
2013-02-06 13:51:57,448 AAD-WS DEBUG wire:63 - &gt;&gt; &quot;[0x88]b[0xb0][0xd8][0xeb][0x12][0xde][0x84][0xd5][0xdc][0xd8]lP{[0xb3][0x9f]:[0xed][0xd8]?[0xe0][0xf4]2[0xbd]|[0xf5]Cmmb[0xeb]L[0xc7]~[0xea]LT[0xa7][0xcf][0xbb][0x9b]@[0xb2][0x84][0xda]i[0x87][0xe1][0xbd][0x9c]=[0xcf]9[0xcf][0xb9][0xed][0xe6][0xcf][0xbf]~[0xfd][\r][0xc0][0x8]&gt;[0xd6]q[0x18][0x13]*&amp;[0xe5]&gt;[0xa5][0xa3][0x1]g[0xe5][0xe9][0x9c][0x86][0xe9][0x1d]8[0x84][0xa8][0x8a][0xf3]:[0xf7][0xb]:4[0x9c][0x93][0xcb][0x8c][0x8e]Y[0xcc]I[0xd9]E[0x1d][0xf3][0xb8][0xa4][0xe3]2[0x16]4\[0x91][0x92][0x98][0x86]E[\r]WU[0xbc][0xae][0xa3][0x3]K[0x1a][0xae][0xc9][0xfd][\r][0xa9][0xf7][0xa6]&lt;[0xbd]%[0x97][0xb7][0xa5][0xe6];[0xd2][0xd4][0xbb][0x1a]LyY[0xd6][0x11][0x97][0x97][0x15])[0x14][0x1a][0x12][0x1b]B[0xa1]&quot;[0xa9]bUAs^[0x98]v[0x9c][0x87]#3[0xd7][0xcd]u[0xf3]VdU[0xa4]r[0x11]O[0x18][0x99][0x15]v[0xd2][0xca]$[0x17][0xdc][0xdb]T[0x86]g1[0xae][0xa0]iE,[0x17][0x92][\n]&quot;
2013-02-06 13:51:57,448 AAD-WS DEBUG wire:63 - &gt;&gt; &quot;[0x94]k[\n]&quot;
2013-02-06 13:51:57,448 AAD-WS DEBUG wire:63 - &gt;&gt; &quot;Z&amp;[0xb2][0x99][0xbc]cf[0x9c]E3U[0x10][0x1]F[0xe][0xda]&lt;ie,[0xe7][0x94][0x82]}[0xe1]j[0xa3]s[0xe6][0xba][0x95]4[0x9d][0xac][0xbd]h[0x89][0x9b][0xe3][0x3][0x8b][\n]&quot;
2013-02-06 13:51:57,448 AAD-WS DEBUG wire:63 - &gt;&gt; &quot;[0x1a]&apos;[0xb2]+BA[0xdb][0xc][\r][0xcf][0x15][0xd2][0xcb][0xc2][0xbe]b.[0xa7](9[0xf1][0xf][0xc0][0xea]&apos;[0xd3]\fi#[0xe5][0x9a][0x8b][0x86][0xfd][0xcf][0x16][0x84][0xe3][0xe9]GRf&amp;[0x19]Ypl[0x86][0xb3][0xad]$#[0x9c]H[0xec][0xf2][0x8c]kK[0x9f][0xba][0x15][0x17]9[0xc7]bx*,[0x5]FR8[0xb1][0xe8]D[0xca][0xcc][0xe7][0xa3][0x93][\n]&quot;
2013-02-06 13:51:57,449 AAD-WS DEBUG wire:63 - &gt;&gt; &quot;:[0xc2][0x3][[0xad]0[0x12]jUgKA_Y[0xb1]6[0xb1][0xbe][0x8c][0xb6][0xe5][0xfd][0xb0][0xfe][0xf0][0xd3]P[0x92]d&apos;[0xdd]M[0x8a][0x84]YH9[0x97][\n]&quot;
2013-02-06 13:51:57,449 AAD-WS DEBUG wire:63 - &gt;&gt; &quot;[0xc2][0xbe]]Akq3#k&apos;[0x9e]R[0x2][0x16][0xb0])[0xed][0xe9]5[0xdb]&quot;[0x9d]][0xe7][0xa1]3[0xbc]507![0xb][0xd9][0x82][0x1d][0x17]g-Y[0x9f][0x9e][0xf3]^v%[0x9f][\r][0x9b]#[0x12]g[0xe0]([0x8e][0xd3]J[0x95]SOMz4p[0x1d]7[0xa4]FJ.#T[0xab]c&amp;[0x16]5p[0x4]a[0x5][0x87][0xfe]UC[0x1a]H##[0xcd][0x8d][0xa9][0xc8][0x1a][0x18][0xc7][0xa8][0x81][0x1c]FU[0xac][0x19][0xb0][0xe5][0x9e]7[0xe0][0xa0][0xa0][0xa0][0xb5][0x92][0x94][0xb1][0x90]c[0x17][0x88][0x1b][0xc0][0xab]L[0xfd][0xa6]4a[0xa6][0xf2][0xb2]bucs[0xd3][0x14][0xb2]2[0xeb][0xd9][0x1b]bEA[0x97]?Gg[\n]&quot;
2013-02-06 13:51:57,449 AAD-WS DEBUG wire:63 - &gt;&gt; &quot;[0x89][0x84][0xb0]%[0x8f]u[0xe6]*[0x14][0xca][0x99][0xb6][0x99][0xce][0x8f][0x85][0xc][0xdc][0xc4]-[0x3][0xb7][0xf1][0x9e]&lt;[0xbd]o[0xe0][0x3]I[0xf0]E[0xbc]d[0xe0][0x94][0xcc][0x80][0x9a][0xf6][0x9c][0x1b][0xf8][0x10][0x1f][0xa9][0xb8][0xc3][0xd2][0xd7][0xf5][0xef][0x95][0xa7]B[0xc0][0xc0]i[0x9][0xd6]&lt;[0xe9]XH[0xc1][0x81][0xaa]d[0xd5]3[0xc0][0x9a][0xf9]5[0xaa][0x9e][0x85][0xab][0x9e]E3[0xeb]f[0xca]Z[0xa9]i[0x95][0x8d]a[0xe0] [0xc4]ma:b[0xde][0x8d][0x8f]E[\n]&quot;
2013-02-06 13:51:57,450 AAD-WS DEBUG wire:63 - &gt;&gt; &quot;[0xfb]f[0xc7][0xbb][0x16][0x1c]+[0x15][0x99]6[0xf3][0xab][0x8e][0x1c]h[0xb6][0xf8][0xfc][0xff][0x9c]M[0x9f]A[0xd9][0x91][0xed][0xec][0xfe][0x1a][0x96][\n]&quot;
2013-02-06 13:51:57,450 AAD-WS DEBUG wire:63 - &gt;&gt; &quot;zk[0xa7][0xad][0xb6][0xdd][0x15]t[0xfb]([0xc4]h[0xd4]r,[0x91][0xf7][0x19][0x9b]3[0xd3][0xa2]V[0xdb][0xe7]Gu[0xb5][0xa5]R[0xbb][0x9f]/GI[0xac][0x15][0xd8]J[0xbe]Q[0xba][0xb8]|][0xc4][0x1d]w[0xe6][0x2]aI[0xbf][0xd9][0xcc][0xe5]D[0x86][0xbd]4\o[0xe2][0xb6][0x88][0xbc][0x6]c[0x10]-[0xf4][0xed]f_8[0xc2][0xa6][0x97][0xdd][0xe1][0xed]r&gt;\[0xcf][0xff][0xf6][0x86]5&apos;[[0x9][0xa1][0xc9]}[0xdb][0xc9][0xd7]PM&gt;s)3[0x11][0xa9]i[0x9d]Xt[0xbc][0xb6][0xf7][0xea][0xa9][0xe0] ?;[0x87][0xf9]ih[0xe0][0x1f]G[0x9b][0xa7]=[0x9c][0xbe]A~*[0x86]\[0xe9]0v[0xf2][0xcc]7[0x2][0xd7][0x8]%[0xfd][0x8]P[\n]&quot;
2013-02-06 13:51:57,450 AAD-WS DEBUG wire:63 - &gt;&gt; &quot;[0xa8][0x83]CJ[0x9][0xca][0x3][0xf7][0xab]r[0x8c][0xab][0xee][0x8a]G[0xd0]L5[0x9]8^[0x5][0x8]x[0x80][0xe1]:[0x80]1[0x2][0xc6]][0xc0]s[0xbc]K[0xc0]1[0xa8]h[0xe2][0xde]1[0xf8][0x18][\r]KC[0xc3]G{[0x1a][0x1f]!PBc[0x9]M~[0xf4],va[0xe]&apos;xj[0xa4][0xfc]y[0xfe][0xbf][0x80][0xd1][0xb2][0xe3][0xbd][0xdc][0x15][0xee][0x81]`[0xf3][0xf][0x1b][0xb0]fW[0x14][0xe3][0xca]9/+[0x8e][0xbb]`[0x2][0x6][0x1f]B[0xfd][0x3]A[0xfa][0xd5][0x96][0x6][0x8b][0xd8]Q[0x82][0xfe]3yS[0xba]i[0xa0][0xd5][\r]F[0x90]c[0x2]]X[0xa5][0xf4]e[0xc6][0xe0][0x19][0x1a][0xa0]![0xc9][0xaa][0xc5][0xb5]0T[0xc2]N[0xc2][0xfd][0x94][0xd7] _~[0x8d][0xf2]mX[0x86][0xf5][0x96][0x89]2L[0xc3][0xcf][0xf4]6[0xd7][0x93]x[0xa5][0xac]y[0xc1]-[0x13]s:[0xf4];[0x1a][0xee][0xa1][0x9b]$[[0x86][0x8a]h-[0xa2][0xed][0x1e][0xf4]`[0xfb]#&lt;[0xd3]x?[0x18][0xe4][0x16][0xb8][0xbf]a[0xa8][0xcb][0xcd][0xe6]&apos;[0xe8][0xc4][0xa7][0xac][0xed]gtw[0x97]U[0xff][0x9c]OOmT[0xf5]n[0xd9][0xf0][0xd5][0xe0].[0x82][0x1f][0xa3]c[0xa9][0x84][0xce]`W[0x11][0xbb]i[0xbe][0xbb][0x88][0x9e]&quot;[0xf6][0xf0][0x81][0x97][0xa0][0xd6]A[0xfa][0xdd][0xfb][0x4]Z99T[0xe9][0xad]@[0xf6]y[0x90][0x8a]~[0x11][0xfb]y;[0xb0][0x99][0x83]&gt;[0xfe][0xda][0x1][0xbe] [0xa5]/[0xb1][0x1f]_[0xb1][0xf9][0xbe][0xa6][0xfc][0x1b][0xd6][0xe2][[0x16][0xf2];,[0xe2]{j[0x9e][0xae]C,[0xf4][0x9f][0x88][0x1d][0xac]@[0xfa][0xfc][0xc4][0xfa]y{[0xd6]O[0xec][0x1][0x89][0xfd]Hb?[0x91][0xd8]C[0xca][0x8b]$V&quot;[0xb1]G$[0xf6][0xb][0xb][0xc8][0xef]R[0x99]X[0x8f][0x8b]DuC{[0x15]{[0xc2][0xf5]5wt[0xce][0xfc][\r]PK[0x7][0x8]6p[0x98][0xdb][0xb4][0x4][0x0][0x0]q[\n]&quot;
2013-02-06 13:51:57,451 AAD-WS DEBUG wire:63 - &gt;&gt; &quot;[0x0][0x0]PK[0x3][0x4][0x14][0x0][0x8][0x0][0x8][0x0][0xd4]|D5[0x0][0x0][0x0][0x0][0x0][0x0][0x0][0x0][0x0][0x0][0x0][0x0][0x1d][0x0][0x0][0x0]javax/help/GlossaryView.class[0xad]R[0xcb]N[0xc2]P[0x14][0x9c][0xb][0x85]j[0xa9][0xe0][[0xab]+][0xf1]P[0x9b][0xe8][0xb2][0xc6][\r][0xc6]W[0x90][0x98]`H\^[0xe0][0xa6][0xd4][0x94][0xd6][0x94][0x8b][0x8f][0xbf][0xd2][0x8d]&amp;[0x9a][0xf8][0x1]~[0x94][0xf1]\[0xaa][0xa4][0x6][0xd9][0xd9][0xc5][0x9c]t[0xce][0x99]9[0xa7][0x93]~|[0xbe][0xbe][0x3][0xd8][0xc1][0xba][0x81]Y[0xcc][0x19][0xc8]b^[0xc7][0x82][0x81]4[0x16]u,[0xe9]Xf[0xc8][0xee]{[0x81]&apos;[0xf][0x18].[0x8a][0xb5]k~[0xcb][0xef][0xed][0xae][0xf0]o[0xec][0x13][0x82][0x86][0x90][0xce][0x90][0xb3]}[0x1e][0xb8]vCF^[0xe0]Nd[0x6][0xd2][0xf3][0xed][0x13][0xde][0xef]J[0xde][0xf2][0x85]Sj2h[0xd5][0xb0]#[0x18][\n]&quot;
2013-02-06 13:51:57,451 AAD-WS DEBUG wire:63 - &gt;&gt; &quot;5/[0x10][0xf5]A[0xaf]%[0xa2]K[0xd5]ch[0xfd][0xc7][0xae]Z[0xd8][0xe6][0xb4]h[0xe2][0xf6]B;[0x12]\[0x8a]:[0xbf][0xf5]\.[0xc3][0x88]akl[0xed]9[0x1d][0xe8];[0xa5][0xd8][0x83][0xdf]I[0xbb][0x1a][0xf6]n[0xc2]@[0x4][0xd2]a0[0x1a][0xe1] j[0x8b]#O[0x9d]&lt;w[0xec][0x87][0xfd]&gt;[0x8f][0x1e][0x9a][0x9e][0xb8][0xdb]Q[0xf3]:VL[0xac][0xc2]2[0xa1]#[0xc7][0xb0][0x91][0xb0]&gt;S[0xde]?[0x82][0xd1][0x1]jp[0x8d]a%1[0x98]4eXLtN[0x83][0x8e][0xb8][0x8f][0xe9][0xf9][0xf1][0xac][0x18][0xa6]]![0xe3][0x4]HW,[0x8d][0xe7][0xc2][0xb0][0xf7][0xeb]sGg(SgB[0x10]Ml C[0xbf][0x89]z[0xd2]`t[0xf0][0x14][0xe1]4[0xbd][0x95][0x89][0xcd]P[0xcd][0x97]+[[0xdb][0x95]g0K{A[0xea][0x89][0x18][\n]&quot;
2013-02-06 13:51:57,451 AAD-WS DEBUG wire:63 - &gt;&gt; &quot;[0x8a][0xd0]@[0x8a]p[0x17]3[0xd8][0x1b][0xea]r[0xdf][0xba]&quot;[0xe9][0x94][0x9f][0xa9]t[0x96]fe[0xfe]PUi[0xfa][0x90][0x18][0x93][0xd4][0xb1]j[0x13][0xda][0xb0]c[0xbc]!}U[0xae][0xbc]@{[0x1c]i[0xb2]T[0x81]3[0xc2]&lt;[0xd5][0x14][\n]&quot;
2013-02-06 13:51:57,452 AAD-WS DEBUG wire:63 - &gt;&gt; &quot;_PK[0x7][0x8][0xb]N[0x81][0x97]z[0x1][0x0][0x0][0xe7][0x2][0x0][0x0]PK[0x3][0x4][\n]&quot;
2013-02-06 13:51:57,452 AAD-WS DEBUG wire:63 - &gt;&gt; &quot;[0x0][0x0][0x0][0x0][0x0][0xd4]|D5[0x0][0x0][0x0][0x0][0x0][0x0][0x0][0x0][0x0][0x0][0x0][0x0][0x15][0x0][0x0][0x0]javax/help/resources/PK[0x3][0x4][0x14][0x0][0x8][0x0][0x8][0x0][0xd4]|D5[0x0][0x0][0x0][0x0][0x0][0x0][0x0][0x0][0x0][0x0][0x0][0x0]$[0x0][0x0][0x0]javax/help/resources/Constants.class[0x8d][0xd6][0xf7][0x1c]G[0x15][0x0][0xf0][0xb7]Q{[0x96],[0xe9]t[0x92]%;.[0x19]%qb;[0x89]d;]1[0x6][F[0x91][0xe0],+[0x92][0xec]`L[0x9b][0xdb][0x1b][0xe9][0xd6][0xde][0xdb][0xbd][0xec][0xce][0xea]$[0x8c][0x9][0xbd][0xf7][0xe][0xa9][0x94][0xd0]KB[0xb][0x4][0x1c]z[0xb][0xbd][0xf7][0xe][0xbf][0xf3][0x17][0xf0]a[0xde][0xee][0xdb][0xbd][0x6][0x9f][0xf][0xf7][0xc3][0xee][0xcd]w[0xde][0xb4][0xb7]ss[0xfb][0xc4][0xbf][0x1f]{[0x1c][0x0]&amp;[0xe0][0x9f][0xbd][0xe0]A[0xad][0x7][0xd6]{`[0x3][0xe1][0xf9][0x8][0xe7][0x11]^[0x80]p[0x1][0xe1][0x85][0x8]w#[0xbc][0x8][0xe1][0xc5][0x8]/Ax)[0xc2][0xcb][0x10]^[0x8e][0xf0][\n]&quot;
2013-02-06 13:51:57,453 AAD-WS DEBUG wire:63 - &gt;&gt; &quot;[0x84]W&quot;[0xbc][\n]&quot;
2013-02-06 13:51:57,453 AAD-WS DEBUG wire:63 - &gt;&gt; &quot;[0xe1][0xd5][0x8][0xaf]Ax-[0xc2][0xeb][0x10]^[0x8f][0xf0][0x6][0x84]7&quot;[0xbc][0x9][0xe1][0xcd][0x8]oAx+[0xc2][0xdb][0x10][0xde][0x8e][0xf0][0xe][0x84]w&quot;[0xbc][0xb][0xe1][0xdd][0x8][0xef]A[0xb8][0x7][0xe1]^[0x84][0xfb][0x10][0xee]Gx[0x0][0xe1]A[0x84][0xf7]&quot;[0xbc][0xf][0xe1][0xfd][0x8][0x1f]@x[0x8][0xe1][0x83][0x8][0x1f]B[0xf8]0[0xc2]G[0x10]&gt;[0x8a][0xf0]1[0x84][0x8f]#|[0x2][0xe1][0x93][0x8][0x9f]Bx[0x18][0xe1][0x11][0x84]O#|[0x6][0xe1][0xb3][0x8][0x9f]C[0xf8]&lt;[0xc2][0xa3][0x8]_@[0xf8]&quot;[0xc2]c[0x8]_B[0xf8]2[0xc2]E[0x84][0xc7][0x11][0xbe][0x82][0xf0]U[0x84][0xaf]!|[0x1d][0xe1][0x1b][0x8][0xdf]D[0xf8][0x16][0xc2][0xb7][0x11][0xbe][0x83][0xf0]][0x84][0xef]!&lt;[0x81][0xf0]}[0x84][0x1f] [0xfc][0x10][0xe1]G[0x8]?F[0xf8][0x9][0xc2]O[0x11]~[0x86][0xf0]s[0x84]_ [0xfc][0x12][0xe1]W[0x8][0xbf]F[0xf8][\r][0xc2]o[0x11]~[0x87][0xf0]{[0x84]? [0xfc][0x11][0xe1]O[0x8]F[0xf8][0xb][0xc2]_[0x11][0xfe][0xd6][0x3][0xef][0x81]X[0xd0]}[0xc8][0xf1][0x1c]}[0xd8][0x82][0x8e]={OY[0xd0]9[0xed][0x97][0x94][0x5][0x83][0x5][0xc7]S[0xf3]Q[0xa5][0xa8][0x82]eYt[0x8d][0xf4][0xad]*=[0xed]{Zy:[0xb4]`t[0xcf][0xde]3g[\n]&quot;
2013-02-06 13:51:57,453 AAD-WS DEBUG wire:63 - &gt;&gt; &quot;g[0xe5][0x9a][0x9c]t[0xa5][0xb7]:y[0xa2]xV[0xd9][0xfa]6[0xb]z[0x97][0xfc]([0xb0][0xd5][0x8c]Cm[0x6]L[0x83]PK[0xd3]b[0x82]B7[0x83][0xf]U[0xb][0x86][0xff]k[0xc3]\[0xab]Y[0xb0][0xa5][0xac][0xdc]j[0xa8][0xf4]D-[0xf0][0xbd][0xd5][0x85][0xa8][0xe8]:[0xf6][0xdc]1[0xb]FNz[0xe7]&lt;[0xbf][0xe6][0x89][0x94][0xc4][0xf9][0xfd][0x17],[0xc8]7[0x85]/;[0x9a][0xa6]p[0xeb][0x11][0xad]U[0xa5][0xaa][0x1d]oUh_[0x98]j[0xa1][0xa9][0x86][\n]&quot;
2013-02-06 13:51:57,454 AAD-WS DEBUG wire:63 - &gt;&gt; &quot;[0xa6][0x95](FZH7P[0xb2][0xb4]![0xca]2[0x14]k[0xd2][0x8d][0x94]8[0xe0][0xc2][0x84][0x99]hS[0x87][0xb3]~E[0xd1][0xe8]S[0xed]=[0x96][0xe3][0xaa][0xff][0xa7][0xcb]mi[0x97]aT[0x9c]5_[0x97][0x94]^[0xe][0xfc]([0xce][0xf0]8[0x13][0xb6]i[0x1b]wo[0x82]8~[0x8a]z6[0xed]G[0xd2][0xf6][0x15][0xe9][0xae][0xf8]AE[0x95]N.[0x16][0xcc]L[0x8f][0xa7]Ea[0xca]m[0xc1][0x8e]g[0xfb]A`r[0x9a][0x4][0xcf][0xa5][0xc5][0xc6][0xe0][0xa1][0xe6][0xec][0xa9]u[0xf3][0x0]v[0xd0]rl[0xe9]y[0xbe][0x16][0xb6]y[0xf6][0xd2][0xf1][0x84]65[0xbc][0x98][0xe6][0xe7][0xb3][0xec]W[0xb]jM[0xb9][0x16][0xec]jhVTB[0x9a][0xc4]T[0x85]KuB[0xcb][0xd5][0xb6][0xc4].[0xc8][0xc0]l*[0xb]v/[0x97][0x95][0xa8][0xc6][0x5][0x8a][0x13]fA[0xa2][0xb9][0xa7]d[0xd8][0xec]9G^Q[0x9a][\r]c[0xab][0x92][0xe9][0xf2]dV[0x88][0x1b]&apos;[0x8b]j[0x1e][0xa8][0xe0][0xdb][0x92][0x12]}[0xe2]N[0x19]x&amp;[0xbf]Sb[0xbd][0xe2]N[0xd1][0x96][0x13]R[0xeb][0xc0]1[0xf]N%#[0xfa][0xde][0x8a][0xd9]X:[0x14]5G[0x97]EI[0xad][0xc8][0xc8][0x8d]W-[0xa4]Wj[0xc1][0x83]f[0xeb][0x8d][0xd6][0xa7][0x14][0xef][0xcc]S*[0x8][0x1d][0xdf]k[0xd8][0xaa],&lt;[0xaf][0xad][0x8e]WR[0xeb][0xe6][0xb9][0x98][0xbd][0xe1][0x94][0xe6][0xa8]0c[0x1e][0x9f]4Y[0xd8][0x99]Mn.[0xa9][0x15]q5e#[0xae][0x1f]I[0x9a][0xb6][0xe]4[0xa4]}[0xbb][0xed]wB[0xc6]c,[0x9f][0x98]NG[0xd8][0xde]6[0x82][0xa9][0xcc][0xfa][0xcf]S[0xa3][0xd6][0xde][0xc5][0x8a]\[0xf3][0x3]G[0xab]0[0xed]o&amp;[0x85][0xb4][0xd7][0xf1][0xb6]^[0xb3][0x90][0xac][0xef][0xad][0xf5]n[0xda][0xe6]_[0x91][0xd5][0xb6][0xf9][0x93][0xf1]x[0xc7]e[0xf5][0xcf][0xdf]T[0xd6][0xe7]O[0x8d]Z{[0x1f]L[0x92][0xb6]bn[0x5]Y[0xa4]=[0xda]=c[0xbe]O[0x9]s[0xee][0x84]J[0x6]v[0xb9][0xb1]n[0x80][0xa9][0xec][0xe8]c*[0xb4][0xcd][0xf2][0x93][0x93]P[0xf8]+[0xc2][0xb7][0xed]([0xa0]m[0x16][\n]&quot;
2013-02-06 13:51:57,454 AAD-WS DEBUG wire:63 - &gt;&gt; &quot;[0xf3]c([0xf9]vT[0x89]7o[0x9e][0xdb][0xdc][0x15][0x99][0x19][0xe9][0x8d][0xa4][0xdd]x[0xc1][0xaf][0xa9]P[0x8b][0xaa][0xf2]b[0xe5][0xa3][0xa0][0xa9]a_6[0xd8]j[0xd9][0x1c][0xbf][0xb3][0xf1]-[0x9d]A[0xc5])%[0xde]w\[0x95][0x9c][0xa8]&quot;[0x92]Ro[0xbd][0xda][0xac]$[0xa9][0xb2][0xa0][0xbf][0xae][0xae]_3Q[0xdc]&amp;)pe\[0xe8]([0xd0][0xb5][0xbf][0xfe]4d[0xc9]t[0xd4]q[0x84][0xae][0xb9][0xba][0x6][0xaa][0xe2][0xaf][0x99][0xdf]K[0xf7]&quot;i[0xa8][[0xf1][0xdd][0x92][\n]&quot;
2013-02-06 13:51:57,455 AAD-WS DEBUG wire:63 - &gt;&gt; &quot;L[0xbf][0xf3][0xaa]&amp;f[0xb8]0P[0xaf][0xf7]d[0xc5]4[0xe8][0x9c][0x8f]o[\r]#[0xd9][0x91]Ys[0xc7]4][0x7][0xeb]Z[0x95][0xa1]6q][0xb][0xc9][0xbd][0xa1][0x1f][0xdb][0xaf]n[0xc4][0xff]Jt[0xcb][0x95][0x9d]P[0xfb][0xc1][0xc6][0x4][0x1d][0xb8][0xb]r[0xd5][0x84]n[0xa2]c[0xd9][0x9c][0x1a][0xf4]}$[0xad][0xe6][0xc7][0xcf][0x1]#[0x87][0xb8][0x1c][0x87]%[0xc7][0xff][0xe1]x[0xa3][0xfb][0xae]v[0xaa][0x13]G[0xa5]}[0xee][0x88][0xad][0xe3][0x8d][0xd2][0xbf][0x10][0xa8]5[0xc7][0x8f]B[0x91]t[0xbf]%[\r]2[0x9b][0xaf]&amp;[0x83]R[0x1a][0xb7]i[0x9e][0x8e][0xc1]$f8[0x8d]Y[0x8][0x1c]O[0xa7][0x11]]q[0xc9][0xec][0xf9][0xa6]Zs[0xde]G[0xd5]4[0xa4][0x97][0xda][0x8b][0x98][0xe2][0x1f]k[0x12][0xb7][0xa8]\_f[0x3]u&apos;E[0xb][0xc6][0xb2][0x99][0xa4][0xb9]ICr[0xe6][0xb9][0xd1]OV[0xd1][0xb0]6[0xca]N[0x1a]7x[0xbb]Oa[0xe5]z[0xc2][0x86][0xa4]m6r[0xd8][0x94][0x81][0xc1],[0x3]G#[0xad][0xe3]3[0x8c][0xa3]ZR[0xd0][0x17][0xa7][0xa0]5h6y[0x4]i[0xd0][0x0][0x97][0xb3][0xb8]&lt;[0xc7]5[0xe5]js\[0xca]b[0xc6][0x1a]c[0x9a]26T[0xcf]X[0x16]=[0xcc][0xd1][0xcd]y[0xeb]O[0x8a]YT[0xba][0xd4][0xc6][0x84][0xf4][0xc5]{&apos;[0x8d][0x18]M[0x97][0xd9][0x9a][0xdf][0xb1][0xd6][0xfc][0xb6]-[0xda]N[0xde][0x8b]N9[0xaa][0x16][0xff][0xc][0xf8]=I[0xa4][0xb0][0x8b][0xde]m[0xd6]&apos;[0xe9]Ob2Pa[0xfc][0x86][0x14]Nf/G[0xe6][0x8f]6~[0xf9][0x89][0xb4][0xe3]N[0x16]L[0xc2][0x16]9[0xe6]h[0xe4][0x95]\[0x5][0xe3]P1[0xaf][0xbc][0xf4][0xb9][0x4],z[0x87]2[0xd7][0xbb]Li[0xa7][0xb9][[0xe6][0xde][0xb5][0xef]Q[0xb0][0x1e]1_,[0x8][0xcc][0xb5];Fa[0xae]![0xe8]$[0xb4][0x13][0xa1][0x87][0xb4][0xe3]_[0xb9][.[0xc2]%[0xa7];[0xba].B[0xc7][0xe9][0x8e]|[0xe7][0xd2][0xe9][0xce]|[0xd7][0x92][0xb9]2t[0x13][0xf4][0x18][0xe8]b@[0x82]M[0x6][0xba][0x19]z[0x9][0xfa][0xc][0xf4]0l&amp;[0xe8]7[0x80][0xc][0x3][0x4][0x83][0x6]ri[0x9b][0x1c][0xc9][0x10]I[0xda](O2L[0x92][0xb6][0x1a]![0xd9]B[0xb2][0x89]e[0x94]d[0x8c][0xa4][0x97]e+[0xc9]6[0x92]&gt;[0x96]KI[0xb6][0x93]lf[0xd9]A[0xb2][0x93][0xa4][0x9f]eW[0x16]3[0xc0]rY[0xba][0xec][0xdc] [0x8b] [0x19]&apos;[0xc9][0xb1]\[0x9e][0xb5][0x1a]b[0xb9][0x82][0xe4]J[0x92]&lt;[0xcb][0xee],f[0x98][0xe5][0xaa][0xac][0xe7][0x11][0x96][0xab]I[0xf6][0x90]la[0xd9][0x9b][0xb5][0x1a]e[0xd9]Gr[\r][0xc9][0x18][0xcb][0xb5][0x99]le[0xb9][0x8e]d[0x82]d[0x1b][0xcb]$[0xc9]~[0x92]KY[0xe][0x90][0x1c]$[0xd9][0xce]r=[0xc9][\r]$;Xn$[0xb9][0x89]d&apos;[0xcb][0xcd]$[0xb7][0x90][0xec]b[0xb9][0x95]d[0x8a][0xe4]2[0x96][0xdb]H[0xe][0x91][0x8][0x96]&apos;[0x91][0x1c]&amp;[0x19]gy2[0xc9]SH.g9Br[0x94][0xe4][\n]&quot;
2013-02-06 13:51:57,455 AAD-WS DEBUG wire:63 - &gt;&gt; &quot;[0x96]i[0x92]c$W[0xb2]&lt;[0x95]d[0x86]d7[0xcb][0xed]$[0xb3]$W[0xb1][0xcc][0x91]&lt;[0x8d][0xe4]j[0x96][0xa7][0x93][0x14]H[0xf6][0xb0][0x1c]&apos;[0x99]&apos;[0xd9][0xcb]r[0x82]d[0x81]d[0x1f][0xcb][0x1d]$[0x8b]$[0xd7][0xb0][0xd0][0xd6][0xcf]/[0x93]\[0xcb]r[0x92][0xe4][0x14][0xc9]u,w[0x92]&lt;[0x83]d[0x82][0xe5]4[0xc9]3I&amp;Y[0xce][0x90]&lt;[0x8b]d?[0xcb][0xb3]I[0x9e]Cr[0x80][0xe5][0xb9]$[0xcf]#9[0xc8]&quot;I[0x8a]$[0xd7][0xb3][0xd8]$%[0x92][0x1b]X[0x14][0xc9][\n]&quot;
2013-02-06 13:51:57,456 AAD-WS DEBUG wire:63 - &gt;&gt; &quot;[0xc9][0x8d],[0xab]$e[0x92][0x9b]X[0x1c][0x92][0xb3]$7[0xb3][0x9c]#q[0x97][0x96][0x1e]n9[0x15]v[0x9b]k[0x14][0x1f]$k[0xff][0x1]PK[0x7][0x8]\[0x15][0x15][0xc][0x10][0x7][0x0][0x0]Q[0xf][0x0][0x0]PK[0x3][0x4][0x14][0x0][0x8][0x0][0x8][0x0][0xd4]|D5[0x0][0x0][0x0][0x0][0x0][0x0][0x0][0x0][0x0][0x0][0x0][0x0]&apos;[0x0][0x0][0x0]javax/help/resources/Constants_ar.class[0x8d][0x97][0xf9]_[0x14][0xf7][0x19][0xc7][0x9f][\r](O[0xf0][0xe2][0x6][0xe3][0x91]1[0x89][0x7]&amp;Y&lt;b[0xe][0xb4][0xb6][0x1e]%[0xda][0x92]H[0x85][0xd8]Z[0xdb][0xa6][0xc3][0xee][0x0][0xab][0xbb];dw[0x16][0xb0][0xd6][0xb6] W[0xe8]}[0xdf]mR[0xdb]pDDDTlM[0xef]+[0xbd][0xef][0x99][0xde][0xe7][0xef][0xfd][0xb][0xfa][0xea][0xf3][0x99][0xf9][0xce][0xee][0xec]bl[0xf9]av[0xe6]=[0xcf][0xfd]&lt;[0xdf][0xef]wx[0xf9]?7^&quot;[0xa2]0[0xfd][0xab][0x94][0x92][0xd4][B}%t[0x9a][0xe9][0x1d]Lg[0x98][0xde][0xc9]t[0x96][0xe9]]L[0xef]fz[0xf]S?[0xd3][0x0][0xd3]9[0xa6]A[0xa6]![0xa6]a[0xa6][0x11][0xa6]Q[0xa6]g[0x99][0xc6][0x98][0xde][0xcb][0xf4]&gt;[0xa6][0xf7]3}[0x80][0xe9][0x83]L[0x1f]b[0xfa]0[0xd3]G[0x98]&gt;[0xca][0xf4]1[0xa6][0x8f]3}[0x82][0xe9][0x93]L[0x9f]b[0xfa]4[0xd3]g[0x98]&gt;[0xcb][0xf4]9[0xa6][0xcf]3}[0x81][0xe9][0x8b]L[0xcf]1=[0xcf][0xf4]%[0xa6][0xf3]L_f[0xfa][\n]&quot;
2013-02-06 13:51:57,456 AAD-WS DEBUG wire:77 - &gt;&gt; &quot;[0xd3][0xb]L[0xe3]L[0x13]L[0x93]LSL/2]`[0x9a]f[0xba][0xc8]4[0xc3]t[0x89]i[0x96][0xe9]2[0xd3][0x1c][0xd3][0x15][0xa6]y[0xa6][0xab]L[0xd7][0x98][0xae]3-0[0xdd]`[0xfa]*[0xd3][0xd7][0x98]n2[0xbd][0xc4][0xf4]u[0xa6]o0}[0x93][0xe9][L[0xdf]f[0xfa][0xe][0xd3]w[0x99][0xbe][0xc7][0xf4]}[0xa6][0x1f]0[0xfd][0x90][0xe9]e[0xa6][0x1f]1[0xfd][0x98][0xe9]&apos;L?e[0xfa][0x19][0xd3][0xcf][0x99]~[0xc1][0xf4]K[0xa6]_1[0xfd][0x9a][0xe9]7L[0xbf]e[0xfa][0x1d][0x93][0xcd][0xe4]0[0xfd][0x9e][0xe9][0xf]Ld[0xfa][0x13][0xd3][0x9f][0x99][0xfe][0xc2][0xf4]W[0xa6][0xbf]1[0xfd][0xbd][0x84][0xfe]QB[0xff][0xc][0xd1][0xd2]=[0xb1]d[0xcc][0xda][0x1b][0xa2][0xa2]-[0xf5][0xc7]BT|[0xc0][0x8c][0x1a]!Z[0xd5][0x1c]K[0x1a]Of[0x12][0xed]F[0xaa]Mo[0x8f][0xb]&quot;
2013-02-06 13:51:57,457 AAD-WS DEBUG wire:63 - &gt;&gt; &quot;Y[0xd6]iX[0x7][0xcc][0xa4]e$[0xad]t[0x88]j[0xb6][0xd4][0x9f]8[0xd1]|R[0xef][0xd1][0x1b][0xe2]z[0xb2][0xb3][0xe1]H[0xfb]I#b[0xed][0xe]Qi[0xab][0x99]IE[0x8c][0xa6][0x18]t[0xca]E!m[0xe9][0xa2][0xf1][0xb4][0x9e][\n]&quot;
2013-02-06 13:51:57,457 AAD-WS DEBUG wire:63 - &gt;&gt; &quot;Cz9[0x99][0xd4][0x1d][0xa2][0xca][[0xea][0x96][0x15][0xb2][0x10]Uw[0x19][0xf1][0xee][0xb4]a[0x85]{Sf[0xb2][0xb3]%[0xd3][0x1e][0x8f]E[0xe][0x1f][0xc]Q[0x9d][0xab][0x9d][0xd9]vV[0xd3][0x9c]![0xfb][0x82]3[0xe2][0x8c]:[0x83]![0xaa][0xc8]Si[0x8b]Y[0x88][0xe4][0xb0]HL[0xdb][0xe3][0x90][0xb0]&apos;5{[0xdc]^[0xb0][0xaf][0xc9][0xf5]y[0xcd]^p[0x86][0x9d]Qy3[0xac]9[0x83][0xae]1g[0xd0]9[0x87][0xa7][0x11]gX[0xf0][0xb9][0xa0][0xc4][0x99][0xed]g[0xc3][0x12]|[0x9e][0x83]Cf[0xc2]@DM[0xe1].[0xf7]Ns[0x6][0x9c]1[0xf1]6y[0xc6]y[0xe][0x91][0x89]Q[0xef][0xe6][0x15][0x2](p[0x17][0xa2][0xd5][0xbe][0xf9]t[0xa6][0xfd][0x90][0xdc][0xb6][0x1a]V[[0xca][0xcc][0xb8]M[0x8]g[0xa3][0x12]sWD[0xd1]3&amp;[0xec][0x8a]kLT[0x94]v[0xa3][0xa4]&quot;[0xb1]V[0xf9][0xc6][0x12]z[0xbc][0xc3]L%[0x8c][0xe8]SG[0x9b]C[0xb4][0xc1][0x19][0x92]H[0x6][0xec][0x5]M[0x1e]%[0xeb][0xfa][0xb0]f[0xdf]p[0xc6][0xec]Y[0xcd][0x9e][0x17]s[0x83][0xf6]t@5[0x96][0x8c][0x98][0xa9][0x94][0xb4][0xe3][0xab]N[0xcb][0x8d][0xa8][0x96][0xe7][0xb7][0xc0][0xe8][0x93]Nnvk;fOI[0xe6][0x97] =n[0xcf][0xd8][0x17][0xe1]L[0x93][0xf0][0xe7][0xa5][0xc2][0xf3][0xaa][0xbe][0xf9]=o3[0xbb][0x9b][0x8d][0x1e]#[0x1e][0xa2][0xc7]`[0xa1]m[0xdf][0xe3][0x92][0xbb][0x14][0xc][0x9a]R[0x84]9{J[0xc2]y[0xd6]}[0xb4][0xcf]K[0xaf][0x6][0xf1][0xe0][0x5]$rC([0xee][0xa2][0x9e][0xb5][0xe8])[0x19][0xe3][0x10]5[0xc2][0x9a]=k[0xbf] [0xe2]s[0xce][0x98]g[0xd8][0x9b][0x1]{\C[0x1b][0xdd][0xde][0xd8][0xe7][0xd1][0xa0]1[0xb9][0x1f][0x95][0x9b][0xb0][\n]&quot;
2013-02-06 13:51:57,458 AAD-WS DEBUG wire:63 - &gt;&gt; &quot;3;g[0x99]d[0xbb].C[0x1b]1[0xa2][0xd2]&lt;K[0xef]t-[0xe4]B[0x18][0xb5]/C[0xaf]0[0x86]f3[0xa2][0xa3][0xa5]C[0x92][0xc0][0xb0]=![0xe6]G[0x1a]5[0x89]B&amp;G[0xeb]K[0xc4][0x1b][0xb1][0xc]&lt;KSn[0xcd][0xc6]%[0xce][0xab]h[0xfb][0x82][0x97][0xba][0x9a]2/[0xf1]q[0xa7]_[0x84]fE[0xe8][0xaa][0xb8][0x9d]D[0x84][0x9a]8[0xfd]?[0x85]w [0x9d][0x9a]\:[0xa7][0x92]fo[0xf2][0x98][0x91]J[0xc7][0xcc][0xa4][0xa4]$[0x82][0xf3][0xd2][0xab]q7[0x1d][0x9d]y[0xe3]U[0x17]KF[0x8d]&gt;[0x99][0x90][0x1e]=[0x1e][0x8b][0x1e][0xc6]C[0x93]L[0x99].[0xb5][0xdd][0x99][0x97][0x17][0xee][0xa5][0xc2][0xce][0x80][0x17]O[0xbf]3&quot;[0x1][0xcc][0xdd]b[0xe8]&lt;[0x83][0x85]1[0x94][f[0xa4]p[0xb][0xa8][0x2]S[0x9e][0xdb][0x8e][0x1c][0xf0][0xfd][0xee][0xe][0xfa][0x95]9[0x1d][0x97][0xee][0xfa][0xa9][0xbb]k[0x10][0xf3]2&amp;x[0xaa][0xd0][0xbb]=)M[0x85][0xd1]B[0xef]Z[0x87][0xde]c[0xa6]b[0x96][0x91][0xf6][0xfd]5[0xf9][0xc0][0xf7][0xba][0xeb]v[0xd9][0xe]I[0xc1][0xaf]zK[0xb5]0[0xdf][0xba][0x9c][0xe9]E9&apos;[0xf4][0xee]E9[0x83][0xa9][0x18][0x9e][0xd0][0xbb]}[0xef][\r][0xb7][0xf1][0xae][0x89][0xdc]b[0xbf][0x15]0T[0xe8]q[0x95]W[0xfc][0xe][0xf9]i[0xd6][0xdb][0xb1][0xe4][0xd8][0x9e][0x90][0xba][0xbc][0xd8][0xa8][0xc9][0xe6][0x9c]6[0xf4]T[0xa4]+[0xf8]v[0xa5]B]1[0xeb][0xa0][0x91][0x8e][0x84]h[0x9b][0xcc][0xe9][0x8c]=[0x83]1[0x99][0xf5]*[0xc]w[0xd7]11[0x18][0x9e]~Yb[0x81]e;l[0xcf]H [0xca][0xc6]3[0x19][0xc9][0xc9]:[0xed][0xd9]!9n[0xb2][0xb6];[0xbb][0x10][0xc7][0x82][0xab]8[0x96]s[0x9a][0x88]E[0xbd]w[0x95]b|[0xce][0xbe][0xe6][0xf9][0xca][0x8a][0x95][0xe6][0xc4][0xe4][0x8c][0xf3]DB[0xb4]&quot;G[0xe3]f[0xaf]l5[0x1]],~[0xfb]&quot;Z[0x95][0xd3]v[0x85]J[0x83]oV[0xe4][0x1a][0xa6]G[0xc5]t)[0x96][0x91][0xbb][0xa4]dz[0xca]r/SF[0xc2][0xec]1[0xbc][0xf7][0x97][0xdd][0xd0][0xf2][0xdf]w[0x98][0xf1][0xa8][0x91][0x92].[0xbb]KjP[0x8a]f_[0xb0]g[0xa4]KR[0x93][0x95]9[0xb1][0xa4][0x9e][0x10]#K[0xc5][0x88][0xec][0xc]y[0xde]#[0x19]i|[0xb1][0xc][0xf8][0xbc]4.[0x87][0xbb][0xf5][0xb4][0x5][\r]19[0xef][0xc][0xe4][0xd9][0x8a][0x98][0xdd][0xa7][0xf1]F[0xa6][0xc3][0xbe]([0xc1]t[0xc5][0xd2][0x96][0x99]:[0xed][0x9e][-z[0xa7]h[0xad]s[0x3][0x9d][0x97]d[0xa6][0xfd][0xcd]&quot;[0xbb]9&quot;[0xfe]*_EM[0x8e]:\[0xb5]=[0x81]32[0xab][0x9e][0xdb]+[0xf6][0xba][0xeb][0xca][0x8c][[0xb1][0xee][0xf0]~=rj_[0xc4]r[0xe7]m[0xcd]bws[0x92][0xe9][0x84]$%[0xce][0xaa]}[0x15][0x99][0xf2]^=[0x15][0xbd][0x8d][0xd6][0x94][0xd7]uhU[0xfa]Z-[0xa9]X[0xd2][0xf2]uJ[0xe5][0xb0][0x9d]p[0xf]][0x11][0xa9][0xcb][0x13][0x91][0xe3]5[0xd3][0xed][0xcb][0xd5][0xba]2[0xd8][0xeb]f[0xb4][0xa0][0x1b]w[0xb7][0xf1][0x94][0x8e][0x1a]qS[0xcf][0x6]S[0xed]*[0xe0]([0x9b][0xc4]F=-[0xa3]2[0x86][0x8f][0x90][0xda]l[0xf0]~[0xf9]s[0x1a][0xe7]e3[0xe8][0xc7][0xb9][0x1f][0xd8][0x19][0x2][0x15][0xc2][0x7][0x85]/[0xbc]I[0xea]A[\n]&quot;
2013-02-06 13:51:57,458 AAD-WS DEBUG wire:63 - &gt;&gt; &quot;[0xbb][0xe0][0x8a][0xdf][0xa6]3[0xe5]z$b[0xa4][0xd3]y[0xe5]-w[0xc5].c[0xdd][0xab][0xb2]J[0x1a]J[0xae][0xa0][0xa6][0x95]9Q[0xf7][0x84][0x90][0xd5]9[0x96][0x13]&gt;[0xe4]u=P$%[0x8c][0xfd]TV[0xf5][0xa8]}[0x1d]*[0x92][0x83]R[0xc8][0xab]}[0xc0]v[0xa0][0x9][0xb5]A[0xd1][0xbc][0x1e]h[0x81]X^[0xa1][0x19][0x95]J9[0xbf][0x17][0xeb][0xf3][0x15][0x17]7[0xc5]/R[0xb0][0xc2][0x81][0xe8]&amp;[0xe0][0xcb]+g[0x8d]_[0xa6][0xc2][0xee][0x5]|[0xdc][0xba][0x8d]~[0xcd]&quot;[0xde][0xa7][0xf2][0xb1][0x98][0xd1][0x8b]e[0xbe]&amp;{[0x82]/&gt;[0x87][0xe4][0x9b][\n]&quot;
2013-02-06 13:51:57,458 AAD-WS DEBUG wire:63 - &gt;&gt; &quot;[0x1f][0xbe]}[\r]8[0x81][0x1b]RF[0xda][0xfd][0x82]N7[0x4]?[0x9e]C[0xb4][0xd6][0xfd]8[0xce]X[0xb1]xC[0xb3][0xf4][0xe3][0xa8][0x12][0xdb][0x9f]IF[0xe3][0x6]m[0xa0][0x84][0xfc]W[0x84][0xbf];d[0xf3][0x94]ol[0xb9]&gt;#O[0xeb][0xe4]W[0xf6]SZ[0xb2][0xf5][0x1a][0x85]f[0x9];kJ[0xae]K][0xa8][0xc9]5M[0x96]&apos;Z[0xcc]T[0x2]Z[0xf4][0xef][0xb2]Go[0xd2][0x1d][0xc7][0x8b][0x96][0xdc][0xa4][0xa2][0xe3]E[0x15][0xc5][0xad][0xc7][0x8b]+[0x96][0xb4][0xca]U[0x81][0xa5][0x0]%[0x2][0x96]([0xc0][0x0]w[\n]&quot;
2013-02-06 13:51:57,459 AAD-WS DEBUG wire:63 - &gt;&gt; &quot;X[0xaa]@)[0xc0]2[0x1]%[\n]&quot;
2013-02-06 13:51:57,459 AAD-WS DEBUG wire:63 - &gt;&gt; &quot;,[0x7]X![0x80][0x15]X[0x9][0xb0]J@[0x99][0xaf]S[0x6]R[0xe][0xe2]+U[0x80]T[0x82][0xf8]ZU [0xd5] w*R[0x3]R[0xb]R[0xaa]H[0x1d][0xc8]j[0x90]e[0x8a][0xdc][0x5][0xb2][0x6]d[0xb9]&quot;kA[0xd6][0x81][0xac]Pd}Vf[0xa5]&quot;w[0xfb]i[0x97][0xad]RD[0x3][0xd9][0x0]R[0xa6][0xc8]=Y[0xad]rE[0xee][0x5][0xb9][0xf][0xa4]B[0x91][0x8d]Y[0x99]JE6e-W)[0xb2][0x19]d[0xb]H[0xb5]&quot;[0xf5]Y[0xad][0x1a]E[0xb6][0x82][0xdc][0xf]R[0xab][0xc8][0x3]YR[0xa7][0xc8][0x83] a[0x90][0xd5][0x8a]4[0x80]l[0x3][0xb9]K[0x91][0xed] ;@[0xd6]([0xb2][0x13][0xe4]![0x90][0xb5][0x8a][0xec][0x2]y[0x18]d[0x9d]&quot;[0x8f][0x80]&lt;[\n]&quot;
2013-02-06 13:51:57,459 AAD-WS DEBUG wire:63 - &gt;&gt; &quot;[0xb2]^[0x91][0xc7]@[0x1a]A[0xee]Vd7[0xc8][0x1e][0x10]M[0x91]W[0x81][0xec][0x5][0xd9][0xa0][0xc8][0xab]A^[0x3]r[0x8f]&quot;[0xfb]@[0xf6][0x83][0xdc][0xab][0xc8][0x1][0x90][0x83] [0xf7])[0xf2]Z[0x90]&amp;[0x90][0x8d][0x8a]&lt;[0xe]r[0x8]d[0x93]&quot;[0x87]A^[0x7][0xb2]Y[0x91][0xd7][0x83]4[0x83]lQ[0xe4][0x9][0x90]&apos;A[0xea][0x15]9[0x2][0xd2][0x2][0xb2]U[0x91]7[0x80][0x1c][0x5][0xb9]_[0x11][0x8c]~E[0x1b][0xc8][0x3][0x8a]&lt;[0x5]r[0xc][0xe4]AE[0xde][0x8][0xf2]&amp;[0x90][0xb0]&quot;[0xc7]A[0xde][0xc][0xd2][0xa0][0xc8][0x9][0x90][0xb7][0x80]lS[0xe4][0xad] o[0x3][0xd9][0xae][0xc8][0xd3] o[0x7][0xd9][0xa1][0x88][0xe][0xd2][0xe][0xb2]S[0x91][0x8]H[0x14][0xe4]!E[0xc][0x90][0xe][0x90]][0x8a]t[0x82]t[0x81]&lt;[0xac]H[0xc][0xe4]$[0xc8]#[0x8a][0x9c][0x2][0x89][0xb7][0xb6]^*[0xd8][0x15]6[0xca]5[0xe3]n$=[0xff][0x5]PK[0x7][0x8]/j[0x90][0xe5][0x11][0x8][0x0][0x0]t[0x11][0x0][0x0]PK[0x3][0x4][0x14][0x0][0x8][0x0][0x8][0x0][0xd4]|D5[0x0][0x0][0x0][0x0][0x0][0x0][0x0][0x0][0x0][0x0][0x0][0x0]&apos;[0x0][0x0][0x0]javax/help/resources/Constants_cs.classm[0x96][0xf9][0x13][0xd7][0x11][0xc0]g[0xe3]C[0x83][\r][0xf8]6[0x90]@X[0x87][0x10]lBl [0x7])[0xa1][0xb4]`J[0xa0]q[0x8c][0x8b][0x8c][B[0xdb]t[0xb5]z[0xb6][0xd6][0xda][0xdd][0xa7][0xec]![[0xa6][0xf4][0xbe][[0x9a][0xa3]&apos;[0xa5][0x97]{[0xd3][0xd6]%[0xe9][0x95]6[0xad][0xdd]CV[0x8f][0xf4][0xbe][0xef][0xfb][0x1f][0xe8]_[0xd0]OgVo%[0xaf]b[0xfd][0xb0][0x92][0xbe]s[0xbe][0x99]y[0xef][0xed][0xb3][0xff]{f[0x5][0x0][0x86][0xe1]?m[0xe0]@1[0x5]s)[0x98]G(!, \Dx5[0xc2]%[0x84][0xd7] [0xbc][0x16][0xe1]u[0x8][0xaf]Gx[0x3][0xc2][0x1b][0x11][0xde][0x84][0xf0]f[0x84][0xb7] [0xbc][0x15][0xe1]m[0x8]oGx[0x7][0xc2];[0x11][0xde][0x85]p[0x19][0xe1][0xdd][0x8][0x8f]&quot;&lt;[0x86][0xf0]8[0xc2][0x13][0x8][0xef]Ax/[0xc2][0xfb][0x10][0xde][0x8f][0xf0][0x1][0x84][0xf]&quot;\A[0xf8][0x10][0xc2]U[0x84][0xf]#|[0x4][0xe1][0xa3][0x8][0x1f]C[0xf8]8[0xc2]&quot;[0xc2]&apos;[0x10]&gt;[0x89][0xf0])[0x84]O#|[0x6][0xe1][0xb3][0x8][0x9f]C[0xb8][0x86][0xf0]y[0x84]/ |[0x11]a[0x9][0xe1]K[0x8][0xd7][0x11][0x9e]Dx[\n]&quot;
2013-02-06 13:51:57,460 AAD-WS DEBUG wire:63 - &gt;&gt; &quot;[0xe1][0xcb][0x8]_A[0xf8]*[0xc2][0xd7][0x10][0xbe][0x8e][0xf0]4[0xc2]7[0x10][0xbe][0x89][0xf0][0xc][0xc2][0xb7][0x10][0xbe][0x8d][0xb0][0x8c][0xb0][0x82][0xf0][0x1d][0x84][0xef]&quot;|[0xf][0xe1][0xfb][0x8]e[0x84]U[0x84][\n]&quot;
2013-02-06 13:51:57,460 AAD-WS DEBUG wire:63 - &gt;&gt; &quot;[0xc2][0xf][0x10]~[0x88][0xf0]#[0x84][0x1f]#&lt;[0x8b][0xf0][0x13][0x84][0x9f]&quot;[0xfc][0xc][0xe1][0xe7][0x8][0xbf]@[0xf8]%[0xc2][0xaf][0x10]~[0x8d][0xf0][0x1b][0x84][0xdf]&quot;[0xfc][0xe][0xe1][0xf7][0x8]@[0xf8]#[0xc2][0x9f][0x10][0xfe][0x8c][0xf0][0x17][0x84][0xbf]&quot;[0xfc][\r][0xe1][0xef][0x8][0xff]@[0xf8]g[\n]&quot;
2013-02-06 13:51:57,460 AAD-WS DEBUG wire:63 - &gt;&gt; &quot;[0xfe][0x95][0x82]k[0xd0]z[0xc4]r[0xad][0xe0][0xa8][0x6]M[0x83]CS[0x1a]4[0x8f][0xca][0xac][0xd0][0xa0]c[0xcc]r[0xc5]x[0xe8]d[0x84]7idl&quot;[0xed]3&quot;[0x18][0x95]n [0xdc][0xc0][0xd7][0xa0]p[0xe8][0xc2][0x85][0xb1]Y[0xa3]h[0x8c][0xd8][0x86];3r&amp;3+[0xcc][0xe0]&gt;[\r][0xda][0xd2]2[0xf4]Lq[0xd2]b[0x9b].2[0xf0][0x3][0x83],[0x1e]6[0xfd]a[0xd6][0xde][0x8].H[\r]z[0xd6][0xb5][0xed]ld[0x1a][0xf4][0xe5][0x84]][0xf0]E0&lt;[0xe7]Iwf&quot;[0xcc][0xd8][0x96]y[0xfa][0x4][0xc5][0x1f][0x17][0xb]ny[0xd1])_[0xd3]c[0xa8]_[0xdc]I[0x83][0xee][0x84][0xc1][0xa4][0x15]p[0x1e][0xc7][0x1f][0xca][0xcb][0xb0][0xb2]X^rt[0xd7][0xa0][0x84][0x8a]V@?[0xb2][0x5][0xcb][0xa7]/[0xb6][0xdb][0xa7][0x1b][0xb6][0x88][0x91]S^[0xd4]g[0xad][0xca][0x8a][0x9e][0x93]YW[0x6][0xa1]~[0xf1][0xc0][0xa5]a[0xca]9[0xe1][0xf9][0x94]t[0x4]&apos;rl[0x1d][0xd7][0xb9]H[0x96]p[0xad][0x90]c[0xac][0xe7]y[[0xec][0xd9][0xf]3[0xa7][0xe8]gZ[0x4][0x93][0x9e][0xc][0xa3][0xb2][0xef][0x1c][0x17][0xf6][0x82][0xd0][0x8b][0xa5][0xa0](+W[0xc8]9[0xe9]([0xf5][0xc3][0xd5][0x15][0xf7][0xc6][0xd6][0x8e]aOK[0xcf][0x11][0xd9]sg[0xc7]4[0xd8]:[0x9a]+e[0xdc][0xf2][0xb2][0xce][0xac][0xbc][0x18][0xe8]D[0x1b]-,[0xd7][0x94][0x9e]G[0x85][0x8e],:[0xab][0x16][0xd7][0xd6]hv%[0xab])[0xe6][0xa9]%,[0xd1]][0xe1]T[0xae]WV[0x84].3[0xbe][0x91][0x93]E#[0xd0][0x3][0x92][0xaa][0x5]%[0xbb]6)[0xb]c[0xa2]([0xec]F[0xd3]Ly[0x99][0xac]dA[0xb7]Y[0xaa][0x7][0xc6][0xcc]s[0xaa]&lt;ax4o[0x1a][0xc]NT[0xae][0x88][0xac][0x99][0xab]\[0xcf][0x9a][0x82]5[0xc3]u\Uc[0xd7][0x6] t3[0x6][0xcd][0x92])[0xb2][0xb4][0xe2]q[0xe1][0xcb][0xd0]Y[0xbd][0xea]qE[0xc8][0xbe][0xba][0xbc]d[0xb0]1i[0x1a]\[0xf2]s[0xe7][\n]&quot;
2013-02-06 13:51:57,461 AAD-WS DEBUG wire:63 - &gt;&gt; &quot;rAz[0xee][0xea]U[0xb7][0xbc]tX[0x9f]w[0xec][0xc3]&lt;[0x93][0xba][0x11]xV&amp;[0xc][0xa2][0xc8][0xb3][0xd4][0x12]=/[0xdd]i[0xdb][0xca]S[0x1f]}[0xdd]r[\n]&quot;
2013-02-06 13:51:57,463 AAD-WS DEBUG wire:63 - &gt;&gt; &quot;4[0x85]V@&amp;[0x8e][0xa5][0xfa]k[0xd0]/JJ[0xa7]98H[0xd1][0xfa][0xeb][0x99][0xe5]]9[0xe7]N[0x9][0xcf][0xb7][0xa4]Ki[0xc4][0xc3][0xbc][0xa8][0x17][0x85]G[0xdd][0x8e][0x92][0xdb]j[0xb9]Y1O=*[0x1a][0xb6][0x95]=[0xcd]NR+[\r]*[0xc7][0x9e]d[0x86][0x91],[0x1a][3[0xd9]sZx[0xd5]Ic[0xc4][0xae]@[0x9a][0x8d][[0xaa][0x97][0x99][0x8a]6yf4[0x8e]5[0x94][0x8c]E[0x92][0xf5]&quot;1[0xa7][0xda][0xb3][0x8b][0xc6]X[0xfa][0xb4]Q[0x94][0x9e][0x15][0x8]?[0xf6]~2[0x6]q[0x8c]C[0xc9][0x18][0xd4][0xac][0x82]W^,[0xae][0xf5]O[0xed][0xcb]H/[0xd4]k[0xb6][0xc3][0xd4][0x17]*R[0xdd]yc[0xdc][0xfe][0xba][0x9b]5u[0xa5][0x9][0xe9]r[0x8c][0xc2]s[0x16][0xcf]L[0xa5][0xf7][0xa0]Q[0x88][0x13][0xdb][0x9d]L[0x8c]$[0xeb][0x97][0xb9][0x9b][0xcd][0x1b][0x13][0xe8][0xa8][0xd6]~[0x9a][0xbe][0xc6][0x8c][0xc][0xcf][0xdb]T)g[0x8b][0xac]A[[0x97][0xb6][0x9b]/[0xc][0xcf][0xcc][0xad][0x95]oV(g[0x5]&apos;[0x84]oj[0xb0]}B[0xae]^[0x16][0x81]^,/[0xfb][0xf9]RP[0xb9]NS[0x97][0x95][0xf9][0xd0][0xa1]][0x11]RX[0xa5][0xff]HHy[0x7][0xa5][0xaa][0xcd][0xc0][0xb8][0x98]u[0xe9][0x90][0xe1]C)[0xca]T[0x16][0xa5][0x1f]$[\r][0xdb]k[0x81]fr[0x1a]l[0x9a][0x12]6[0x8d]j[0xb1][0xe4][0xcb]|y[0xb1][0x9e][0x86]ce[0xab][\n]&quot;
2013-02-06 13:51:57,463 AAD-WS DEBUG wire:63 - &gt;&gt; &quot;[0xa9][0xa9]X[0xd4]V[0x17]i[0xb0]![0x1d][0xf0][0xb6][0xa4][0xd2][0x90][0x8f][0xba][0xc0][0x96]sd2^^ZH[0x98]DX[0x85]rc[0xe1][0xa6]z[0xff][0x8c],[0xb9]L[0xd1]F[0xb7][0xb2]b[0x96][0xca]S[0x97]x[0xc2][0x91]E[0xda][0x98]-i[0xc7][0xa8][0xac]$D[0xd3][0xd2][0xce][\n]&quot;
2013-02-06 13:51:57,464 AAD-WS DEBUG wire:63 - &gt;&gt; &quot;[0x8f][0xec][0xd2][0xb6][0xac][0xac][0xe4][\r]J[0xbe].t[\r][0x87][0xac]Z[0xc7][0xcb][0x8b][0xb][0xa2][0x98][0x88]e[0x86]A[0xd4][\r][0x9f][0x16]`[0xe5]\[0x8b][0x9a]U[0x17][0x16][0xe8][0x1c][0xe7]hS[0xec]2[0xe1][0xd0][0x94][0x85][0x92][0x6][0xf8][0x80],[0x94][0x97][0xbc][0x90][0x93][0xcc]Y~ [0xbd][0xd2]0[0x9f][0xef][0x13][0xc6][0xc][0x99]u[0x9f][0x90][0x94][0xad]O[0xab][0xd3][0xd3][0x1][0x8d][0x9f][0xcb]I[0xf5][0xc6]zjF[0xd4][0xbd][0xd4]s[0xc4]U;[0x9f][0xe]%+[0x8]m[0x91]?[0x1a][0xed]&quot;i[0x7]Va[0xf8][0xb8]a[0xe6][0x8f][0x99]A4L[0xed][0xea][0x4][0x94][0xb]\[0xed][0xbe]X[0x85][0x6]u[0xce][0xf0][0xb2][0xb1][0xd6]fZ[0xab]O[0x13][0x16][0xce][0x96][0x97]LV[0xec][0x89][0x15]&apos;&lt;[0xcb][\r]b[0xb5][0xe6]I[0xcb][0xcf][0xd3][0xe6]I[0x8][0xe9][0xd6][0x9][0xb][0xb1]F[0xcf]xt[0x99][0x9]j[0x94][0xee]W[0x97]Q[0x8a][0x8e][0x88][0xaa][0xc1]YaK[0xa3][0x16]5u&amp;[0xe3]J[0xba][0xf8]4[0xd8]R[0xcb]+[0xae]Y[0xac][0xa3][0xab][0xc6][0xea]y[0xba]2[0xec][0xf2]R[0x86]\/;zAF}[0xa3][0x12][0xac]Y7[0xdf][0xad][0xb1]][0xc7][0xfd][0x92][0xee][0x88][0xe8][0xfe][0xd4][0xb]Q[0x81][0xbb][0xc][0xd3][0x14][0xbe][0x9f][0xa8]N*][0xa0]}[0x18][0xa5][0xa8][0xa4][\r][0x85]i[0x9d]*p[0xfd][0xea][0xf2]S[0xd5][0x86][0xc4]r[0xac][0xfe][0xb7][0xb8][0x81]J#Q[0xb1]-ka[0xa2]R[0x9d]k*[0xc5]e[0xa5][0xdd][0xd5][0xa3][0x94][0x93]U[0xda][0x10]UID[0xbb]%^[0xc3][0xda][0x95][0xf6][0xc7][0x99]7[0x96][0xae]o[0xdd][0xd2][0xd5][0x97]bV[0xdf][0xca][0xa6],1[0xc7][[0xa1]g[0xc2][0x93]9R[0xa3]{q[0xf5]r[0xf5]~[0xa6][0x9c][0x6][0xf8][0xdd]j~[0x84][0xaf][0xa0][0x11][0x8f]/CzI[0xf3]G[0xd6][0xbe][0x9f][0xd1]i[0x13][0xbd][0x85][0x81]e[0x8f][0x8c]Q9[0xce]*[0xb5][0xe3][0xa1][0x9b][0xb5][0x5][0xc][0x80]Mo[0xdd][0xfc][0xb9][0x1]4~[0x8d][0xa3]g[0x81][0xfe][0xed][0xa0]o[0x8d][0xbe][[0xf6]&gt;[\r][0xda]S[0xf4]C[0x83]G[0xe8][0xd9][0x1a][0xc1]][0xf4][0xf4][0xc0][0xaf][0xaa]6#[0xa4][0x98]6[0xfd][0xb7][0xf3][0xde]e[0xb8][0xe1]|S[0xcb]24[0x9d]o[0xea]nN[0x9f]o[0xee]nI[0xd3]S[0x81]V[0x6])[0x2]-[\n]&quot;
2013-02-06 13:51:57,464 AAD-WS DEBUG wire:77 - &gt;&gt; &quot; [0x83][\r][0x4]Z[0x15]hc[0xd0]N [0xa5][0xc0]F[0x6][0x9b][0x8][0xa0][0x2][0x9b][0x19]t[0x10][0xe8][0x8c]m:[0x99]t1[0x89][0x8d][0xba][0x99][0xf4]0[0x89][0xad]z[0x99][0xf4]1[0xd9][0xa0]H?[0x93]-L[0xda][0x14][0xd9][0xca]d[0x1b][0x93]vEndr[0x13][0x93][0x8d][0x8a]lg[0xb2][0x83][0xc9]&amp;En[0xae][0xe9]lVdg[0xbc][0xec][0xce][0xe]Et&amp;[0x3]L:[0x15][0xb9][0xa5]f[0xd5][0xa5][0xc8].&amp;[0xb7]2[0xe9]Vd7[0x93][0xdb][0x98][0xf4]([0xb2][0xa7][0xe6][0xb9]W[0x91]A&amp;CL[0xfa][0x14][0xd9][[0xf3][0xdc][0xaf][0xc8][0xed]L[0xf6]1[0xd9][0xa2][0xc8][0x1d]5[0xb2]U[0x91]a&amp;#L[0xb6])[0xb2][0x9f][0xc9][0x1]&amp;7*r[0x90][0xc9][0x9d]LnR[0xe4].&amp;w3[0xd9][0xae][0xc8]=L[0xe]1[0xd9][0xa1][0xc8][0xbd]L[0x9e][0xc7][0xe4]fE[0xe]3[0xb9][0x8f][0xc9]NE[0x8e]0y&gt;[0x13]][0x91][0xa3]L^[0xc0]d@[0x91][0x17]29[0xc6][0xe4][0x16]E[0x8e]3[0x19]e[0xb2]K[0x91][0x13]L^[0xc4][0xe4]VEN2[0xb9][0x9f][0xc9]nEN19[0xcd][0xe4]6E^[0xcc][0xe4][0x1]&amp;{[0x14][0x19]c[0xf2] [0x93]AE[0xc6][0x99][0x9c]a2[0xa4][0xc8][0x4][0x93][0x97]0[0xd9][0xab][0xc8]Y&amp;i&amp;[0xb7]+2[0xc9][0xe4][0x1c][0x93]}[0x8a]L1y)[0x93];[0x14]y[0x19][0x93][0xf3]L[0x86][0x15]y[0x88][0xc9][0x5]&amp;#[0x8a][0xbc][0x9c][0xc9]+[0x98][0xec]W[0xe4][0x95]L[0x1e]fr@[0x91]W11[0x98][0x1c]T$S[0xcb][0xe7]NEL&amp;Y&amp;w)&quot;[0x98]L3[0xb9][[0x91][0x99]Z5[0xee]Q$[0xc7][0xc4]brH[0x91]Y&amp;[0xf9]t[0xfa][0xc9][0x86]Sa[0x90][0x9e]At[0x90][0x84][0xff][0x7]PK[0x7][0x8]&apos;Jb[0xbd][0xc5][0x7][0x0][0x0][0xd4][0xf][0x0][0x0]PK[0x3][0x4][0x14][0x0][0x8][0x0][0x8][0x0][0xd4]|D5[0x0][0x0][0x0][0x0][0x0][0x0][0x0][0x0][0x0][0x0][0x0][0x0]&apos;[0x0][0x0][0x0]javax/help/resources/Constants_es.class[0x8d][0x96][0xe7][0x1e]G[0x11][0xc7][0xe7][0x89][0xda]D[0xb6],[0xe9][0x91]l[0xcb][0x8e][0x9d][0x9c]kl&apos;[0x91]\[0xd2][0x90][0x8d][0x83]$[0xdb][0xb1]@[0x96][0x15]I[0x11][0x18][0x3]a[0x9f][0xbb][0x95][0xb4][0xf6]=[0xb7][0x8f][0xaf][0xa8][0xc4][0x98][0xd0];$[0xa1]w0[0xbd][0x19][0x12][0x2][0x4][0xc][0xe]E[0xd4][0xd0]{[0xef][0xf0][0x9e][0xbf][0x80][0xf]3[0xf7][0xcc]=E2|[0xd0][0x8b][0xd3]=[0xdf][0x9d][0x99][0x9d][0xfd][0xcd][0xec][0xee]=[0xf9][0xef][0xcb]O[0x0]@/[0xfc][0xb3][0x15][0x2][0x98]o[0x81][0x85][0x16]XD[0xb8][0x1f][0xe1]&lt;[0xc2][0xb][0x10]. [0xbc][0x10][0xe1][0x1][0x84][0x17]![0xbc][0x18][0xe1]%[0x8]/Ex[0x19][0xc2][0xcb][0x11]^[0x81][0xf0]J[0x84]W![0xbc][0x1a][0xe1]5[0x8][0xaf]Ex[0x1d][0xc2][0xeb][0x11][0xde][0x80][0xf0] [0xc2]C[0x8][0xf]#[0xbc][0x11][0xe1]M[0x8]oFx[0xb][0xc2][[0x11][0xde][0x86][0xf0]v[0x84]w [0xbc][0x13][0xe1]][0x8][0xef]Fx[0xf][0xc2]{[0x11][0xde][0x87][0xf0]~[0x84][0x8b][0x8][0x1f]@[0xf8] [0xc2][0x87][0x10]&gt;[0x8c][0xf0][0x11][0x84][0x8f]&quot;|[0xc][0xe1][0xe3][0x8][0x9f]@[0xf8]$[0xc2][0xa7][0x10].!|[0x1a][0xe1]3[0x8][0x8f] &lt;[0x8a][0xf0]Y[0x84][0xc7][0x10]&gt;[0x87][0xf0]y[0x84]/ &lt;[0x8e][0xf0]E[0x84]/!&quot;
2013-02-06 13:51:57,465 AAD-WS DEBUG wire:63 - &gt;&gt; &quot;\F[0xf8]2[0xc2]W[0x10][0xae] &lt;[0x81][0xf0]U[0x84][0xaf]!|[0x1d][0xe1][0x1b][0x8]K[0x8][0xdf]D[0xf8][0x16][0xc2][0xb7][0x11][0xbe][0x83][0xf0]][0x84][0xef]!&lt;[0x89][0xf0]}[0x84][0x1f] [0xfc][0x10][0xe1]G[0x8]?F[0xf8][0x9][0xc2]O[0x11]~[0x86][0xf0]s[0x84]_ [0xfc][0x12][0xe1]W[0x8][0xbf]F[0xf8][\r][0xc2]o[0x11]~[0x87][0xf0]{[0x84]? [0xfc][0x11][0xe1]O[0x8]F[0xf8][0xb][0xc2]_[0x11][0xfe][0xd6][0x2]o[0x81][0xe4][0xa0][0xf9][0x90][0x9]L|8[0x7][\r][0xbb]vO[0xe5][0xa0]q[0xc8]z:[0x7][0xed]#&amp;[0xd0][0xa3]I[0xb1][0xa0][0xc3]IU[0xf0][0x89][0xac][0x9a][0xd1][0xf1][0x90][\r]b[0x1d][0xc4]Q[0xe][0xd6][0xed][0xda]}[0xfa][0xf4][0xc8][0x19]5[0xa7][0xfa]|[0x15][0xcc][0xf4][0x9d],[0x9c][0xd1]n|0[0x7][0xad][0x13]6[0x9]]}[0xcc][0xb0]O&apos;9D[0xb1]&quot;[0x8f][0xfb]t[0xd4][0xcb][0xd6][0xab][0xc1]B)[0x7]]W[0xf5][0xed]X[0xce]r[0xb0]vV[0xfb][0xa5]H[0xc7][0xbd][0xf3][0xa1][\r]f[0xc6][0x92][0x82]o[0xdc][0xe1]#9[0xe8][0xc9]^[0x9d][0xf3]{/8[0x9e][0x8e]\[0x1b]X[0xd7]x6[0x7][0xf9]:[0x97]I[0x13]s&amp;w[\r][0xa7][0x99][0xab][0xc0][0xb3][0x8e][0x8a][0xcc]L[0xa0]BG[0xfb]N[0xbc]t)N|Bi[0x98][0x92][0xe][0xad][0xb3][0xa8][0x9c][0xd8][0xe8]@[0xf3][0xf0][0x9c][0xf2]m[0xe8][0x9c][0xdf]w[0xa1][0x97]R[0xae][0xb]{[0xdc][0x16]5[0xe7]q[0xf0]*qg[0xd3][0xb1][0xff]&apos;[0xe6][0x86],f[0x94][0x14][0x8e][0xd3][0xeb][0x84][0x8e]&apos;C[0x9b][0xa4]zo[0x1d][0xb]-[0xbd][0x14]U[0xe4][0xb8][0xa1]N&apos; +q[0xe8][0xe7][0xd8][0x14][0xa0];[0xb]PT[0xfe][0xb4][\r][0x8b][0xda][0xbb]w|[0x84]T[0xa3][0xa7]C[0xc8]a[0xa6]&lt;[0xb5][0xc2][0xdc][0x4][0xae][\r]CR85[0xef]f[0xf3][\n]&quot;
2013-02-06 13:51:57,465 AAD-WS DEBUG wire:63 - &gt;&gt; &quot;[0xaa]Xw[0xd6][0xb][0xa9][0x17][0xa8][0x1e][0xdb]xM[0x81]uJ[0x89][0xf6][0xb4][0xe3][0xa6][0xfd][0xa0][0xcb]R[0xd2][0xb8][0x95]u[0xd5]Wm[0xd2][0x96]F[0xf4][0x9c][0xf6]s[0xb0][0xaf][0xce];&quot;[0xc7]$P[0x8e][0x8e][0xcd][0xb9]D[0xc7][0x8a][0xca][0xe8];[0x81]!KZ)[0xe9]fl[0xb8]B[0xf7]1[0x15][0x92][0xdc]9[0xd8]3R[0xe3]WR^[0xa8][0xc9][0xdb]Y[0x11][0xbe][0x9c]N[0xa5]#[0x92][0xa0][0xa0][0xa8][0xbd]\[0xed]Q[0x7][0x1d][0xcd][0xdc]#[0x13]8[0xae][0xe]C*]y[0xe1][0xf5]S[0x8e]XWqAN[0xe][0xcc][0x99][0xc8][0xf6];*[0xe]M![0xa1][0xb5].[0x14][0xfd]~n[0xd6]tZ[0x1d][0xc5]K[0x17][0x1d][0x1d][0xb0]&amp;[0xd3][0xd4][0x99]4No,L[0x89][0xca][0xed][0xe9]iR[0xd6]R:[0xce]b[0xca][0xcf][0xef][0xbf]@[0x9b][0xa8][0x9a][0xd7][0xd9][0xc0][0xce][0x7]S:[0x8c][0x8c][\r][0xa8]/[0xd2][0xb7][0xa5][0xc7][0x82][0x9a][0xce]V[0x92]\[0x8f][0x9]&lt;[0xbd]@[0x15][0xa4]F2[0xde]0[0xff]8[0xc6]U&amp;Q[0xb6]K[0x86][0xe5][0xdf][0x96][0x15]Y[0xba][0x14]x[0xc6][0xd5][0xd5][0xea][0xd2][0x6][0xe9].GX&gt;igl[0xdd][0xe5][0xdb][0xac][0x9b][0x99]L5yr([0x9b][0xc8]Y9[0x11][0x8d][0xd6]M[0x92]g[0xcf][0xe5]S8[0xd3]j[0xce][0x86]&amp;[0xa6][0xc3]@[0x82][0x1e][0xcb]@[0x16]z[0xe7][0xca][0xd0]bc[0xa3][0xba][0x9]z[0xaa][0xb1]V[0xac][0xa4][0xa8]J+V[0xc2]L&amp;=[0xa1]J[0xff]c%4Z[0xbf][0x12][0xf6]\&gt;E{Y[0xc3]i[0xfa]7[0xa2][\n]&quot;
2013-02-06 13:51:57,466 AAD-WS DEBUG wire:63 - &gt;&gt; &quot;[0xdc][0xdb]8[0x98]D[0xae][\n]&quot;
2013-02-06 13:51:57,466 AAD-WS DEBUG wire:63 - &gt;&gt; &quot;[0xfb][0x1d]:[0xc7]&quot;[0xad]Bw[0xb6]vt[0x8d][0xa0]Y[0x13][0x1f][0xa1][0x92][0xd2]:G[0x97].[0x17][0xf9]l[0xa0][0x19]UI[0x85][0xc6][0xa5][0xb8]:[0xe2][0xe][0xa2][0x9e][0xf1][0xac][0x9b][0x14][0xa9][0xd1]yz[0xf1]&lt;[0x97]P[0xea][0xf1]b[0xd9][0xfb][0xc0]Q[0xdf]).][0x8c][0x9c][0x82]:c[0xe5]H[0xa1]@%[0x1d][0x90][0xd1][0xfd][0xca]M{gE[0xa8]U[0x95]$ff[0xe9][0xa4][0x1f][0xf0][0x19]f[0x99][0x15][0x8d]W[0xe6][0xad]&apos;[0xb4]g[0xe8]4KG[[0xab][0xa3]9hJGr[0xd0]V[0x85][0xbe][0x9d][0xaf]xp.U[0x8f]t[0xa4]q0em[0xd5]Z)[0x8f][0x2]5[0xf][0x4][0xca]3!)U[0x1d][0x8]u[0xd1][0xce][0xd1]6k[0xbe]&apos;1[0xb1][0xaa][0x1f][0x9b][0xb6][0xbe][0xa7][0x9][0xb5][0x8d]&amp;zN9$s[0x89]6.[0xe5]^5[0x9]T[0x91][0x9d]Gm[0xb1][0x10][0xea][0xba][0x19][0xdd][0x84][0xea][0xdc]&lt;d[0xc3]4j{u[0xa0][0xa4][0xa2][0x98]L[0x9b][0xc6][0xf4][0xc][0x8f][0xd4][0x4]smi1[0xf5])[0x99]4[0x93]Y[0x13][0xc5]6\[0xec][0xe5][0x93]}L[0xcd][0xf0][0xcd]6[0xb6]tq[0xc6][0x4]|fQ[0xb3]p[0xf1][0xf8]t[0x15]3i[0x16][0xb9]z[0x9c]C[0x93]r[0xcb]p[0x85]*n[0x95][0x1b][0xeb]p[0xba]Y[0xac][0x1f][0x9b]R[0xef][0xa0]r[0xcf][0xe][0xb8]q[0xda]b[0x1d][0xd9][0x14]t[0xa6][0x87]![0x9d][0xab][0x99][0x1d][0xb5][0xeb][0xbc][\n]&quot;
2013-02-06 13:51:57,466 AAD-WS DEBUG wire:63 - &gt;&gt; &quot;[0xbd][0xcc][0xb4][0x92][\r][0xdd]@[0x9]]4[0xbc][0xac][0xae][0xcc]v,4A[0x9c]Y[0xe2]p[0xb1][0x14][0x9a]&quot;k[0xdf]Sg@WOR[0xca][0xac]6[0xd0][0xbd]=M[0xa1]B[0xe9][0xa4]j[0xe2][0xe9][0x91]Pv[0x1b][0xd7][0xbe]U[0x95][0x14]p\SYR![0xd7]W[0xb2][0xcc][0x4][0xcd][0x8c][0xf2][0xe5][0xba][0xd3][0xd5]8[0x9d][0xed][0xe9][0x9a][0xc5][0xf3][0x9d]Z[0xc9]`[0x98][0xad]|U#XE[0xe7]N[0xe5][0xba]:[0x8a][0xea][0xc4][0xca][0xf][0xda]X2[0xad][0xca][0xd5]-[0x86][0xcb][0xd4][0xea][0xaa][0xda][0xd6][0xe8][0x95][0x19][0x1f]/[0x17][0xf1]*[0x81][0xcb][0xe5]5[0xa4]A^l[0xeb][0xa4][0xad][0xb1]4[0x15][0x91][0xd7][0xd7]Z[0xd6]i[0xbc][0xad]j[0xee][0xfe]w[0xb5][0xbb][0xc4][0xbf]^[0xec][0xce][0xaa]oX[0x96][0xbd][0xaa]J[0xad][0x8a][0x1d]5)[0x89]x[0xeb]2M[0x96][0xd7]fS[0xad][0x82]+[0xab][0x94][0xc9]S[0xbe][0xf2][0xe3])[0xa3][0xe7]yGn[0x9c]2Q[0x92][0x9e]9^z[0x4][0xf9][0xf2]M[0x90]~[0x89]m[0xe1][0xef][0xb9][0x85]&gt;[0xbe][0xe5][0xfa]B[0x1d][0xa5][0x1f][0x86]Q_[0xed]7!M[0x9b]~[0xf3]%[0xb1][0xf1][0xfb]FH[0xdf]q1[0x1b]L[0x2][0xcf][0xd7][0xb0][0x5][0x8a][0xf4][0xb1][0xcf][0xd7]@[0x8e]?[0x1d][0xe9]y[0x8e]~m[0xa6][0xff]9[0xfa][0xdf][0xb4][0xe7]q[0xc8]=J/9[0x8][0xe9][0xd9][0x9c]B[0x87][0x9e][0x11][0xc4]e[0xd3]F[0x84][0x16][0xa6][\r][0xff][0xea][0xb8][0xf3][\n]&quot;
2013-02-06 13:51:57,467 AAD-WS DEBUG wire:63 - &gt;&gt; &quot;\s[0xaa][0xa1][0xe9][\n]&quot;
2013-02-06 13:51:57,467 AAD-WS DEBUG wire:63 - &gt;&gt; &quot;4[0x9c]j[0xc8]7N[0x9c]j[0xcc]7M[0xd0]S@3[0x83][0x16][0x2]M[0x2][0x90][0xc1][0xb5][0x4][0x9a][0x5][0xb4]2XE[0xa0]E[0xc0]j[0x6]m[0x4]P[0xc0][0x1a][0x6][0xed][0x4]:2[0x9f][0xe]&amp;[0x9d]L2[0xa7]&lt;[0x93].&amp;[0x99]W7[0x93][0xb5]L[0xae][0x15][0xb2][0x8e][0xc9]z&amp;[0xad]Bz[0x98]l`[0xb2]J[0xc8]F&amp;[0xd7]1Y-d[0x13][0x93][0xcd]L[0xda][0x84]\_[0xb1]Y#[0xe4][0x86]l[0xd9][0x1d][0xed]B[0x1c]&amp;[[0x98]t[0x8][0xd9]Z[0xf1][0xea][0x14][0xb2][0x8d][0xc9]v&amp;y!;*6]BvV&quot;w[0xb][0xb9][0x91][0xc9].&amp;k[0x85][0xec][0xae]x[0xad][0x13][0xb2][0x87][0xc9]ML[0xd6][0xb][0xb9][0xb9]Bz[0x84][0xdc][0xc2][0xa4][0x97][0xc9][0x6]!}L[0xf6]2[0xd9](d[0x1f][0x93][0xfd]L[0xae][0x13]r[0x80][0xc9][0xad]L6[0x9][0xb9][0x8d][0xc9][0xed]L6[0xb][0xb9][0x83][0xc9][0x9d]L[0xae][0x17][0xf2][0x14]&amp;[0xfd]Ln[0x10]r[0x90][0xc9]!&amp;[0x8e][0x90][0xa7]29[0xcc]d[0x8b][0x90][0xbb][0x98]&lt;[0x8d][0xc9]V![0x3]L[0x6][0x99]l[0x13]2[0xc4][0xe4][0x8][0x93][0xed]B[0x8e]29[0xc6]d[0x87][0x90][0xbb][0x99][0x1c]g[0xb2]S[0xc8]0[0x93][0xa7]3[0xb9]Q[0xc8]3[0x98][0x8c]0[0xd9]%[0xe4][0x4][0x93]Q&amp;[0xbb][0x85][0x9c]d2[0xc6]d[0x8f][0x90]{[0x98][0x8c]3[0xb9]I[0x8][0xb7]~~[0x92][0xc9][0xcd]B[0xee]e2[0xc5][0xe4][0x16]![0xcf]d[0xf2],&amp;[0xbd]BN1y6[0x93]&gt;![0xa7][0x99]&lt;[0x87][0xc9]^![0xcf]e[0xf2]&lt;&amp;[0xfb][0x84][0xdc][0xc7][0xe4][0xf9]L[0xf6][0xb]QL[\n]&quot;
2013-02-06 13:51:57,467 AAD-WS DEBUG wire:63 - &gt;&gt; &quot;L[0xe][0x8]q[0x99]xLn[0x15][0xa2][0x99]L3[0xb9]M[0xc8][0xc][0x93]Y&amp;[0xb7][0xb]1L[0xce]0[0xb9]C[0xc8]Y&amp;[0xfe][0xc4][0xc4]#[0xcb]N[0x85][0x1d][0xf4]L[0xd2][0x83]d[0xee]?PK[0x7][0x8]n[0xf5]`[\r][0x9f][0x7][0x0][0x0]K[0x10][0x0][0x0]PK[0x3][0x4][0x14][0x0][0x8][0x0][0x8][0x0][0xd4]|D5[0x0][0x0][0x0][0x0][0x0][0x0][0x0][0x0][0x0][0x0][0x0][0x0]&apos;[0x0][0x0][0x0]javax/help/resources/Constants_de.class[0x9d][0xd6][0xf7][0xdb][0xc6][0x15][0x0][0xf0][0x87][0xc8]6[0x9f][0xb5]E[0xc9][0x92][0x9c][0xd8][0xf1])[0x8e][0x1d]yQ[0x1e][0x19][0xad][0xe2][0xba][0x95]e+rC[0xcb][0xaa])[0xc9]u[0xdd]6[0x5][0x81]#[0x9][0xb]&lt;0[0x18][0x92],[0xd7]M[0xf7][0xde]{[0xcf]t[0xaf][0xa4]+mj[0xa7][0xc3][0x9d][0xe9][0xde];m[0xff][0x89][0xfe][0xd8]O[0xdf][0x3][0xf][0xa0]H[0xf9][0xa7][0xf2][0x7][0x10][0xf8][0xde][0xbb][0xf5]p8[0xe0][0xc9][0xff]&gt;[0xfe][0x4][0x0][0xe4][0xe0][0xdf][0xed][0xe0]B[0x94][0x81][0xa5][0xc],#[0xac] \BXE[0xb8][0x8c][0xf0]b[0x84]+[0x8]/Ax[0x8][0xe1][0xa5][0x8]/Cx9[0xc2]+[0x10]^[0x89][0xf0]*[0x84]W#[0xbc][0x6][0xe1][0xb5][0x8][0xaf]Cx=[0xc2][0x1b][0x10][0xde][0x88][0xf0]&amp;[0x84]7#[0xbc][0x5][0xe1][0xad][0x8]oCx;[0xc2];[0x10][0xde][0x89][0xf0].[0x84]w#[0xbc][0x7][0xe1][0xbd][0x8][0xef]Cx?[0xc2][0x7][0x10]&gt;[0x88][0xf0]![0x84][0xf]#|[0x4][0xe1][0xa3][0x8][0x1f]C[0xf8]8[0xc2]&apos;[0x10][0x1e]F[0xf8]$[0xc2][0xa7][0x10]&gt;[0x8d][0xf0][0x19][0x84][0xcf]&quot;|[0xe][0xe1][0xf3][0x8]_@[0xf8]&quot;[0xc2][0x97][0x10][0xbe][0x8c][0xf0][0x8][0xc2][0xa3][0x8]_A[0xf8]*[0xc2][0xd7][0x10][0xbe][0x8e][0xf0][\r][0x84][0xc7][0x10][0xbe][0x89][0xf0]-[0x84][0xc7][0x11][0xbe][0x8d]p[0x15][0xe1][0x1a][0xc2][0x13][0x8][0xdf]A[0xf8].[0xc2][0xf7][0x10][0xbe][0x8f]p[0x1d][0xe1][0x7][0x8]?D[0xf8][0x11][0xc2][0x8f][0x11]~[0x82][0xf0]S[0x84]&apos;[0x11]~[0x86][0xf0]s[0x84]_ [0xfc][0x12][0xe1]W[0x8][0xbf]F[0xf8][\r][0xc2]o[0x11]~[0x87][0xf0]{[0x84]? [0xfc][0x11][0xe1]O[0x8]F[0xf8][0xb][0xc2]_[0x11][0xfe][0x86][0xf0]w[0x84] &lt;[0x95][0x81]f[0xe0]_[0x6]l:[0xea](&apos;&lt;f@[0xdb][0xe8][0x9e][0x5][0x3]6Lz[0xb6]4[0xa0]&apos;[0xef](9[0x13]U[0x8b][0xd2][0x9f]3[0x8b].IGY[0x86][0x93][0x9e][\n]&quot;
2013-02-06 13:51:57,468 AAD-WS DEBUG wire:63 - &gt;&gt; &quot;[0xa5][\n]&quot;
2013-02-06 13:51:57,468 AAD-WS DEBUG wire:63 - &gt;&gt; &quot;[0x3][0x3][0x6]G[0xf7]\[0xb8][0x90][0xbf]h.[0x99]c[0xae][0xa9][0xca]cg[0x8a][0x17][0xa5][0x15][0xde]k@{[0xc1][0x8b]|KN9\[0xa7][0x8f]*[0x4][0xa1]I5[0x1e][0xb0]e[0x8e][0xa3];[0xa1][\n]&quot;
2013-02-06 13:51:57,469 AAD-WS DEBUG wire:63 - &gt;&gt; &quot;[0xca][0x80][0xfe][0x1b][0xd6][0xed]m5[0x3][0xb6]T[0xa4][[0xb]d[0x98][[0xf6]=U[0x9e][0x8d][0x8a][0xae]c[0x9d]:a[0xc0][0xd0][0xbc]*[0xca]ES[0xd1]xD[0xa2][0xe2][0xf2][0xc1]+[0x6]d[0x9b]j[0xcc]9![0xf]drA[0xfa]AdU[0xe4]~A&quot;]aF%[0xe][0x17][0xab][0x91][0xa0][0xd8]U[0xa9][0xf6][0xb][0x93][0xe6]*[0xce]I?[0x14][0x97][0xf]][0x11]N[0x10][0x8a][0xc0][0xaa]xJ[0x94]%G[0x84]9[0x1a]uS[0xd3][0xd3]^U[0xf2]P[0xd2][0xb6]E][0xfe][0xbf][0xb6][0xb7]&amp;m[0x7]Qq[0x9a]N[0xb]2[0x9c][0xf3][0xbd](N[0xfd][0xbe]Y[0xdf][0xa3][0x93][0xaa][0x14]E[0xe9]T[0xc5]IUFe[0xa9][0x84]-[0x3]Q[0x88][0x8a][0xba][0xe6]8wJ-[\r]$-UM[0xb7][0xe4][0xf9]Ui[0xcf][0x9f][0xcd]S[0xc6][0xa6][0xe8][0xbc]$+.[0x8d][0xc4]Q[0x82]l][0x5]GY[0x9e][0xef]S[0xde][0xe3][\n]&quot;
2013-02-06 13:51:57,469 AAD-WS DEBUG wire:63 - &gt;&gt; &quot;[[0xa6][0xe2][0xe0][0x8a]Y[0xa2][0x1c][0xaf][0x9][0xef]kN[0xb0]\[0xa1][0xdb][0xb4][0x9b][0xe7]k[0x9b]~I([0xc7][0xaa][0x84]42%[0xb8]$[0x9e].[0xad][0x98][0x8a][0xe9][0xd2][0xc2][0xc9][0xb5][0xde][0xcf]9[0xaf][0x96][0x97]K[0xd2]5`$m`Q[0xd2][0xe8][0xa8]@[0xc4]%b[0xce],S[0x16][0x1d][0xb5].[0xfd][0xb3][0xa6]O[\r][0x1b]0Z?[0x89][0x3]K[0xd7][0xaf][0xfa][0xa2]e(&lt;[0x2][0xdd]@[0xba]4&quot;U4i[0x99]Y[0xd2][0xa6][0xd9][0x9f]t[0x14][0x95][0x87]N[0x99][0x12][0xc3][0x8d][0xd4]g[0xd9][0xdc]Y[0xde][0xb3]L[0xbe][0x13][0xf3][0xe7]L_9[0xaa]&lt;.V[0xaa][0xee]8[0xaf][0xd4][0x3][0x13]a[0xe8];[0xc5]([0x8c][0xfb]]vlZ[0xc]5?[0xee]y[0xc1][0xf3][0xa9][0xdf][0x80][0x96][0x9b][0x1b][0xa9]r&lt;[0x90]H[0xd9][0xeb][0xf8]0-[0xda][0xc1][0xc6][0xc8][0x16][0x95][0xb7][0xac]xI9[0x9e]j^[0xe7][0x1a][0xf5][0x0][0x87][0x1d]e[0xcb][0x15][0xba]gK[0xa6][0xeb][0xd8][0xa7][0xf8][0x82][0xef][0xb0]I)[0x19][0xe1]QF&lt;[0xca]yU[0xbe]~[0xd5][0xe5][0xb9][0x5]&quot;[0xe]9[0x90][0xc4][0xc][0xd4][0xab][0xb7][0xf6][0xd7][0x17]zV[0xeb][0xb3]6[0xc0][0xa6][0xfb][0x99];3[0x99][0xb4]p[0xe4][0x86][0xbd][0xd4]K[0xeb]w[0xe2][0x94][0xe2][0xfb][0x1e],IZ[0xb0][0x94][0x11][0xe5][0xd0][0xc6][0x91][0xe5][0xc6]Z{[0x15]%s[0xc9][0xf3][0xe9][0xc1][0xc][0x92]~[0xa6][0x12]Hz[0xdb]u[0xe3][0xde][0x92][0xb0]t^[0xc3][0x8d][0xa6][0xd6][0xcd][0xad]j[0xd6][0xd6][0xcd][0x8d]M[0xf7]y[0xda][0xac]%[0xad][0xec][0xb8]ao[0x14][0x90][0xf6][0x93][0xe5][0x8a][0xad]=[0xf4][0xd4][0x93]Z[0xa2][0xbf]&lt;=[0xf2][0xb4][0xae]3[0x5][0xde][0x19][0xc6][0x5]mn[0x81]4}[0xab][0xb2][0xb6][0xb0][S[0xc5][0x9]O[0xc8][0xc0][0xa2]&lt;[0xd4]w\[0xe1][0x95][0x84]gY[0x91][0xcf]K4[0xe0][0xa7][0xd5][0xf6][0xac][0xa8][0x1a]/[0xf7][0xac][0xae][0xf3]`DC[0xe]/[0xd5][0xeb][0x8d][0xe4][0xbd]eI[0x9b]JM[0xaa]X[0x5][0xcd]&apos;[0x92][0xcd][0x15];[0xd2][0xce][0xca][0x15][0xda][0xe6][0xa7][0xe3][0xbf]d[0x4]U[0xc7][0xae]{[0xc7]ii;QU[0xd4][0xaf][0xda][0x1b][0xc5][0xf4][0xa2][0xa8][0x17][0x19][0xd0][0xd5]P[0xd7][[0xa6](][0xa7]~[0xa1][0xb][0xe3][0x8b][0xb6]&lt;[0x1f][0xbb][0x1a][0xb7][0xc4][0xb4][0xa9][0xa1][0x8e]iG[0xad]F[0xb4]Bh[0xf][0xa3][0xbc]4J}Y[0xf5][0x96][0xe8])[0xdb]|R[0x85]%[0xe9]+Ym*.y.=][0x6]t[0xce][0xc8][0x88][0x92]t[0xc6][0xb7][0x15]_v7&quot;[0x94]Y[0xa5][0xea][0x1b]f[0xe2][0xbf]5[0xdd]Z[0x11]%[0xa0]s&quot;[\n]&quot;
2013-02-06 13:51:57,469 AAD-WS DEBUG wire:63 - &gt;&gt; &quot;h[0xd7]U[0x92][0x9e]Q[0xbe]W[0x8d][0xe2][0x9a]IO#w[0xeb][0xa8]dTk[0x1a][0xb5][0xbc][0xda]%[0x3][0xf0]~[0xaf][0xe6]H?[0x1e]q[0x85]6p[0xcf][0xbf][0x94][0xab][0xd0]~?k[0x96]%[0xbf][0xf5]B[0xd3][0xf]y[0x1b][0x91][0xbc][0x9f][0xea]r[0xbd]&lt;[0xf4];[0xa8][0xff]h[0xe3]Y[0xf6][0xeb][0xaf][0xa1]c[0xf1][0xf3][0xe0][0xd1][0xf2][0xaa][0xe5][0x8e][0x9b][0xd6][0xe2][0x84][0x15][0xc6][0xeb](C{[0x4][0xef]G[0xb4]_&amp;[0xc5][0xb4][0xee][0x96]M[0xdf]N&quot;6[0xcf]\[0xd8][0xaa][0xd0][0xb0])[0xa6]?[0x89][0x99][0xf5][0x1d][0x15][0xa6]m[0x9c][0xf0]#k[0x91][0xc7];[0xdc]TN/[0x96][0xa8][0x96][0x4][0xf5][0x16]x[0xc8][0x82][0xf6][0xa3]x[0xcb][0xe2][0xe8][0x81]$[0xfa][0xac]t=sM[0x87]2[0x12][0xae][0x19][0xa7].[0x1d]3[0xbf][0xf0][0x92][0x80][0x9e][0xfb]&lt;[0x11]z[0x82]s&quot;jqR[0xfa]L[0x8b][0x96]o[0xd0]4[0xb3][0x9e]Y_.9^[0x14][0x88][0xe3]Q[0x18][0xb2][0xc][0xe8][0xa8][0x96][0x9]v[0xcc][0xf0][0xeb][0xa3]5h[0xba][0x9e][0xd9]$[0xa8][_[0xa7]qY[0x1d][0xd7][0x94][0x89][0xce][0xf8]*[0x8d][0x19]Z[0x1b][0xd3][0x94][0x8d]&gt;[0xbe][0x99]&quot;[0xa6]4[0xba]_G7g[0xa3][0xab]~[0x99]F%S][0x9b][0x90][0xe][0xbe]H#[0x6][0x93]i&amp;[0xeb]*[0x9][0x1b][0x9a][0xb0]mN\Z[0xb0]n[0xd2]V[0xfd][0xab]k[0xc1][0x91][0xcb][0xf1]z[0xd7]_a&quot;[0x81][0x11][0xfe]lZ[0x19][0xe3]W[0xc8][0x98]/[0x83][0xf8][0xfb]+[0x18][[0xfb][0xe9]e[0xc0][0xb6][0xf8][0xd3]*[\n]&quot;
2013-02-06 13:51:57,470 AAD-WS DEBUG wire:63 - &gt;&gt; &quot;[0x1d]w,O9;[0xab][0xc3][0x8e][0xd3][0xb][0xc9][0x95]0[0x2][0x8b][0xf4]5[0xcd][0xbf][0x9b][0xc0][0xe0]/4:zt[0xb5][0x9d][0xfe][\r][0xfa][0xdf][0xb8][0xf7]10[0x1e][0xa5][0x13][0x3]jt[0xdc][0x14][0xe3]N:&gt;[0x8]~=[0xb4][0xed]?[0x90]am{[0xaa][0xf7][0x9e]kp[0xd3][0xf9][0xb6][0x8d][0xd7][0xa0][0xed]|[vC[0xe1][0xfc][0x86][0xec][0xc6][0x2][0x1d]5lb[0xc8][0x10]l[0xd4][0x80][0xc][0x9b][0x9]6ihg[0xe8] [0xc8]h[0xe8]d[0xe8]&quot;@[\r][0xdd][0xc]=[0x4][0xbd]I[0x9d]^[0x96]&gt;[0x96][0xa4]R[0x96][0xa5][0x9f]%[0xa9]5[0xc0][0xb2][0x85]e[0xb3][0x96]A[0x96]![0x96]v-[0xc3],[Y:[0xb4][0xdc][0xcc]r[0xb]K[0xa7][0x96]m,[0xdb]Y[0xba][0xb4][0xdc][0x9a][0xc6]tk[0xd9][0x91]L[0xbb][0xb7]G[0x8b]`[0x19]a[0xe9][0xd5]r[Z[0xab]O[0xcb]N[0x96][0xdb]Y[0xb2]Zv[0xa5]1[0xfd]Zv[0xa7]-[0xf]h[0xb9][0x83]e[0x94]e[0x8b][0x96]=i[0xad]A-{Y[0xf6][0xb1][0xc]i[0xd9][0x9f][0xca][0xb0][0x96][0x3],9[0x96][0xad]Z[0xc6]X[0xe][0xb2][0xdc][0xac][0xe5][0x10][0xcb]a[0x96][[0xb4][0x1c]a[0xb9][0x93]e[0x9b][0x96][0xbb]X[0xee]f[0xd9][0xae][0xe5][0x1e][0x96][0xa7][0xb1][0xdc][0xaa][0xe5][0xe9],[0xe3],;[0xb4][0xdc][0xcb]r[0x94]Ehy[0x6][0xcb]1[0x96][0x11]-[0xcf]dy[0x16][0xcb]mZ&amp;X[0x8e][0xb3][0xec][0xd4]2[0xc9]r[0x82][0xe5]v-&apos;Y[0xa6]Xvi[0xb9][0x8f]e[0x9a]e[0xb7][0x96]S,[0xcf]f[0xb9]C[0xcb][0xfd],y[0x96]Q-[0xa7]YfX[0xf6]h9[0xc3]2[0xcb][0xb2]W[0xcb]sX[0xce][0xb2][0xec][0xd3][0xc2]K?;[0xc7][0xb2]_[0xcb]&lt;[0xcb][0x2][0xcb][0x1]-[0xe7]X[0x9e][0xcb][0x92][0xd3]r[0x9e][0xe5]y,cZ.[0xb0]&lt;[0x9f][0xe5][0xa0][0x96][0x17][0xb0][0xbc][0x90][0xe5][0x90][0x96][0x7]X^[0xc4]rX[0x8b][0xc9]Rd9[0xa2][0xc5]b[0xb1]Y[0xee][0xd4]&quot;YJ,wi)[0xb3]TX[0xee][0xd6][0xe2][0xb0]\,[0x14][0x1e]i[0xd9][0x3]F[0xe9][0x18][0xc4][0xdb]F[0xf8]?PK[0x7][0x8][0x8b][0x19]/[0xc1][0x83][0x7][0x0][0x0][0x9a][0xf][0x0][0x0]PK[0x3][0x4][0x14][0x0][0x8][0x0][0x8][0x0][0xd4]|D5[0x0][0x0][0x0][0x0][0x0][0x0][0x0][0x0][0x0][0x0][0x0][0x0]&apos;[0x0][0x0][0x0]javax/help/resources/Constants_fr.class[0x8d][0xd6][0xf9][0x1c]e[0x19][0x0][0xf0]gH[0x93]&lt;I[0xda][0xdc]I[0xd3][0xd2]c[0xda]R[0xd2][0x16][0xba]iK[0x1])XMRj[0xa2][0xdb]6&amp;!Z[0xab][0xe2][0xbb][0xb3]o[0x92]Igg[0xa6]sl[0x12][0xb1][0x82][0x7]([\n]&quot;
2013-02-06 13:51:57,470 AAD-WS DEBUG wire:63 - &gt;&gt; &quot;[0xde][0xe0][0xad]x[0x13][0xbc][0xc0][0xb]E[0x8b][0xe8]z[0xe2]}[0xdf][0xa8][0xff][0x84]?[0xfa][0xf1]yf[0x9f][0xd9]+[0xf9][0xc1][0xfc]0[0xd9][0xfd][0xbe][0xcf]{=[0xef]1[0xfb][0xec][0x9f]z[0x1a][0x0]2[0xf0][0xef]vp n[0x85]b+,#[0xac] [0xac]&quot;[0xbc][0x16][0xe1].[0x84][0xd7]!\Fx=[0xc2][0xdd][0x8][0xf7] [0xbc][0x1][0xe1][0x8d][0x8]oBx3[0xc2][0xbd][0x8][0xf7]![0xbc][0x5][0xe1][0xad][0x8][0xf7]#[0xbc][\r][0xe1][0xed][0x8][0xf] &lt;[0x88][0xf0][0xe][0x84]w&quot;[0xbc][0xb][0xe1][0xdd][0x8][0xef]Ax/[0xc2][0xfb][0x10][0x1e]Bx[0x18][0xe1][0xfd][0x8][0x1f]@[0xf8] [0xc2][0x87][0x10]&gt;[0x8c][0xf0][0x11][0x84][0x8f]&quot;|[0xc][0xe1][0xe3][0x8][0x8f] |[0x2][0xe1][0x93][0x8][0x9f]B[0xf8]4[0xc2]g[0x10]&gt;[0x8b][0xf0]9[0x84]G[0x11][0xd6][0x10][0x1e]C[0xf8]&lt;[0xc2][0x17][0x10][0xbe][0x88][0xf0]%[0x84]/#&lt;[0x8e][0xf0][0x4][0xc2]W[0x10][0xbe][0x8a][0xf0]5[0x84][0xaf]#|[0x3][0xe1]I[0x84]o&quot;|[0xb][0xe1])[0x84]o#|[0x7][0xe1][\n]&quot;
2013-02-06 13:51:57,471 AAD-WS DEBUG wire:77 - &gt;&gt; &quot;[0xc2][0xd3][0x8][0xdf]Ex[0x6][0xe1]{[0x8][0xdf]G(![0xfc][0x0][0xe1][0x87][0x8]?B[0xf8]1[0xc2]O[0x10]~[0x8a][0xf0],[0xc2][0xcf][0x10]~[0x8e][0xf0][0xb][0x84]_&quot;&quot;
2013-02-06 13:51:57,471 AAD-WS DEBUG wire:63 - &gt;&gt; &quot;[0xfc][\n]&quot;
2013-02-06 13:51:57,472 AAD-WS DEBUG wire:63 - &gt;&gt; &quot;[0xe1][0xd7][0x8][0xbf]A[0xf8]-[0xc2][0xef][0x10]~[0x8f][0xf0][0x7][0x84]?&quot;[0xfc][0x9][0xe1][0xcf][0x8]A[0xf8]+[0xc2][0xdf][0x10][0xfe][0x8e][0xf0][0xf][0x84][0xe7]Z[0xe1][0x9f][0xad][0xf0]/[0x3]Zn[0xb3]];:i@[0xd3][0x81][0x83]s[0x6]l[0x1a][0xf7][0xf2][0xda][0x80][0xae][0xac][0xed][0xea][0xb3]q![0xa7][0x83]Y[0x95]sH:[0x16]t4[0xee][0xb9][0x91]v[0xa3][0xd0][0x80][0xc1][0x3][0x7]/\[0xc8].[0xa9][0xa2][0x1a]q[0x94][0xbb]0r.[0xb7][0xa4][0xad][0xe8]V[0x3][0xda]g[0xbc]8[0xb0][0xf4]i[0x9b][0xeb][0xf4]P[0x85]0RT[0xe3][0xce][0xf9] [0xc3][0xd1][0x9b][0xa1][0x0][0xae][0x1]}[0x1b][0xd6][0xed]n4[0x3][0x6][0x16][0xb5][0xe3][0x87]:[0xca],[0x7][0x9e][0xbb]0[0x15][0xe7][0x1c][0xdb][0x9a]&lt;e[0xc0][0xd0][0xe4])3[0xf9]v)[0xd6][0xa6][0xed]Z[0x9e][0xeb][0xd2][0x87][0xbb][0x8e]\6[0xa0][0xb7][0xae][0xca][0xac][0x1d][0xf1]HFo[0xf]Ce[0x9b]ym[0x6][0xa5][0xb5][0x5]G-h3[0x1f][0x9b][0x91][0x1d][0x5][0xda][0xc][0xe3][0x80]k[0x9a][0x5]e[0x87]fQ9[0x9a][0xbf][0x1f][0xbd]l[0xea][0x15];[0x8c]([0xae][0xb4][0xb6]Tz$C[0x83][0xae]kx[0xc2]+h[0x1e]Iv[0x83][0x96][0xb5][0xe9][0xc][0xf][0xd3][0x8][0xf3][0x14][0x13]F[0xc9][0x18][0xff][0xdf]N[0xb6][0xa5][0x9d][0x84]qn[0x82]&gt;[0xce][0xe8]h6[0xf0][0xe2]d[0x9]F[0xa7][0x2]/[0xe7][0x94][0x1e]-P[0xfb]^[0x10]&amp;[0xfd]([0xd3][0xa2]~Ud{[0xae][0xf4][0xab][0xdd]P[0x17]([0x9e][0xbf][0x86]^[0x1c][0x1e]V6}:[0xc1][0xbd]S[0xfb][0xfd]i[0xfb][0x5][0xe5][0xcc]{AA[0xe7][0xef][0x98][0xce]R[0x9e][0xe9]IcsL[0xb6][0xd2][0xda][0xfa]p[0xce]q[0x10][0xd0][0x9a]$[0xe1][0xfd][0x1c]^[0xa1]JtO}[0xea][0xf5][\n]&quot;
2013-02-06 13:51:57,472 AAD-WS DEBUG wire:63 - &gt;&gt; &quot;[0xad][0xe0]^[0x9e][0xb5][0xab]M_[0xc7][0x91]i%[0x1b][0xc8][0xe]xl[0x11][0x15]k[0xce]A[0xa6]q[0x99]g=?[0xab][0x8b][0xda]1[0xe0]xme_[0x85]f[0xe9]1^[0xb1][0x98][0xa8][0xb4][0x96]$6[0x8a][0x92][0x89].*[\n]&quot;
2013-02-06 13:51:57,473 AAD-WS DEBUG wire:63 - &gt;&gt; &quot;p[0xed][0xa2]V[0xf1][0xba][0x95][0x9a]R[0x1]mZj,;&lt;\S[0xcb]O[0xd8][0xf4]=Y[0x99][0xf5][0xdd][0x94][0xc7]V[0xd9]O[0xb1][0x9b]S[0xb4]9-[0x9d]7[0xc0],[0xdd]_i[0xc8][0xa5][0xd4][0x97][0xd6].[0xc5][0xb6]c[0xe7]h-[0xb4]$[0xa3]~[0x10]Y[0xcf]R[0xbc][0x86]3[0xa3][0x11][0x1f]!^[0xae][0x13][0xe6]J[0xc1]9[0xc1][0xdb][0xdd]TQ[0x14][0xd8][0xb9][0xf2][0xe][0xa6][0xe9][0x84][0x9c][0xa8]y[0xc7][0x8e]BS[0x15][0xb5][0xc5][0xbb]c[0x9e]&apos;[0x98]l[0x98][0xa8][0xc1][0x8e][0xd1][0x9e][0x1f][0xac][0x8e][0xf1][0xa2][0xeb]-[0xbb]s:[0x8][0xa9][0xb]J[0xac]|[0xaa];#4[0xb8]![0xdb][0xcd][0xeb][0x15]ZU[0xda][0x8a]v~[0x92][0xbf][0x9c][0xa6][0x95]W[0x94][0xa6]}[0xb5]#[0x9c]O[0xd0][0xcc][0xf]&apos;![0xa6][0xc4][0xd3]&lt;[0xfa][0xcb][\r]4[0xf6][0xd7][0x13]yV[0xe3]Y[0xed]g[0x93][0x9a][0xb3][0xe7][0xc6][0xd3]~v[0xd7][0xf6]SF[0x93][0x8a]k[0xfa][0xe8][0xe5][0x8a][0x8d]=[0x98][0xf3][0xaa][0xe8][0x5]v[0xa4][0xc3][0xb4][0xcd][0xd3])[0xa4]-[0xef][0xdf][0xa0][0xe5]JPM[0xfb]C[0xd5][0xa6][0xd6][0xcd][0xa3][0xa0][0xfc]u[0xf3]`[0x93][0xda]g[0x94][0x9f][0xf6][0xb6]k[0x83][0xde][0xa8]8[0xcd]8M[0x83][0xeb]5v[0xd0]U[0xce][0xdf]&lt;[0xfd][0xcb][0xaa][0x1c][0xef][0xf5]v&gt;[0xe7]E[0x1d]P+t[0x15][0x86]Z[0x5][0xd6]bmy[0xa7][0xd0][0xa2][0x1d][0x9d][0xd2][0xa1]E[0xd3]&lt;[0xeb][0x15]r[0xb4]M[0xf3][0xc3][0xca][0xa7][0xcd]l[0xf3][0x10][0xe8]RP[0xf4][0xe0][0xd3][0xef]Yq![0xd9][0xf7][0xbd]R[0xf1]RL#[0x8f]V[0xcb][0x95]3s[0xe5];[0x88][0xce][0x8e]_Zs[0xb9][0x84][0x8e]=]&apos;[0xbe][0x13][0x87]fN[0x85]arCV[[0xe9][0xa8]t[0xbf][0xb0]H[0xaf][0x89][0x9][0xda]{[0xd5]1[0x15][0xec]|[0xd9][0xdb][0xcf]x[0xab][0xda]M[0x8e]#}[0xa9][0x96][0x1a][0xd0][0x9c][0x94][0x18][0xb0][0xa5][0x8a][0x8e][0xb7]l@[[0xb9][0x6][0xf5]X[0xad][0x90][0x14]4[0x8d]1m[0xa9][0xae][0x91][0xca]S3[0xad][0xa3]K^[0x1c][0xe9][0x80]RT-[0x9]t[0xc1]+[0xd2][0x82][0xb6][0xcd][0xc4][0xbe][0x1f][0xd8][0x85][0x86][0xe2]y[0xcf][0xc9]3u[0x9d][0xe5][0x4]+[0x9e]U[0x18][0xda],[0x9d][0xd5] W[0x15][0xa8][0x85]&amp;[0xca]i][0xa7][0x16]O[0xa4]e[0xdc][0x8b][0xfd][0xa4][0x85]j[0x1]][0x13][0x91]N[0x8a][0x1c][0xa7][0xa1])[0xcb][0xf3]W[0x93][0x12]?[0xe9][0xa4]{[0x91][0xae]x/X[0xcd],[0xd2][0xeb]`[0x8a]^[0x10][0xb4]$S[0xf2][0x9e][0xa0]S\PA[0x90]`[0x1a]&apos;{E^][0x9d]Ilz~O&amp;[0xc7][0xc2]s&quot;[0xdb][0xcf][0x8c])[0xeb][0xe2][0xa8][0x15]%[0xfb][0xa9]c[0x8a][0xae][0x1e][0xab][0xb4][0x96]O[0x16]k [\r][0xa1][0xfd][0xb8][0xac][0x82]|[0x1a][0xd5]:[0x13][0xdb]E[0xc5][0x11]}i[0xc4]T`[0xbb]QZ[0x8e][0x93][0x85]4Cu[0x1][0xf4][0x1a][0x8a][0xfd]4j[0xf3][0x19][0x9b]v[0x7]-[0x9a]_[0x1e]w[0x1a]9[0xad][0x1d]OU[0xfa]j[0x9b][0xd6][0xd6][0xa2][\n]&quot;
2013-02-06 13:51:57,473 AAD-WS DEBUG wire:63 - &gt;&gt; &quot;[0x16][0xb8][0xb1][0xca][0x90][0xf9][0xad][0x99][0x6][0xc][0xf2]aH[0xda][0xa0]L[0xd4]&amp;[0xa2]GY[0x96][0xe][0xc3][0xba][0xf9][\r][0x8e][0xd1][0xb2][0xd3][0x11][0x9b][\n]&quot;
2013-02-06 13:51:57,474 AAD-WS DEBUG wire:63 - &gt;&gt; &quot;[0x9e][0xb9]G[0xdf]b[0xf1][0xa3]&lt;[0xd5]~[0x9]n[0x98]i[0xa7][0xc4]W&amp;[0x9c][0xc6]M[0x94][0x93][0x9c][0xc6][0xf5]H\[0x99][0xf9]J[0xa7][0xd1]Jh]j[0xd2]@[0xce][0x10][0x15]&amp;[0xb6][0xb5]6[0xb0].E}[0x12]][0x9f][0xa9]&gt;[0x89][0xaf]OT[0xaf])[0xc1][0x4]|DC[0xce]X[0x9a][0x83][0xda][0x84]mKs[0xb0][0xc1][0xe6][0x19]L[0xd3][0x90][0xee][0xc2][0xb4][0xd2][0xf6][0xb4][0xf1][0xf2][0xb9]1U[0xbc]&quot;WhXMJ[0xf9][0xbd][0x1c][0xcd][0xd9]z[0x99];[0x1f][0x98][0xb3]C[0x19][0x9]_%[0xe5]R[0xba][0xc9][0xf6][0xf0][0xf][0xb4][0x95][0x11]~[0xd9][0x8c]P[0x12][0x92]_z[0xe1]H[0xed][0x8f]&lt;[0x3]v$?[0xe2][0xe2][0xc8]vF[0xb2][0x94][0xd3]i[0x9][0x1b][0x8b][0xdd][0xbc][0xa3]a[0xf]\[0xa4][0xdf][0xed][0xfc]w[0x15][0x18][0xfc][[0x90][0x9e][0x1e]}[0xdb]I[0xff][\r][0xfa][0xdf]|[0xe8]I0[0x9e][0xa0][0xf][0x6][0xf8][0xf4]lI[0xd0][0xa4][0xe7]%[0x8][0xca][0xa1]M[0xff][0x81]V[0xd6][0xa6][0xe7][0xba]o[0xbe][0x2]W[0x9d]oj[0xbe][0x2]M[0xe7][0x9b]z7[0xcd][0x9c][0xdf][0xd4][0xdb]&lt;CO[0x81][0x16][0x86]V[0x82]f[0x1]dh#h[0x11]hg[0xe8] h[0x15][0xd8][0xcc][0xb0][0x85][0x0][0x5]:[0x19][0xba][0x8][0xba][0xd3]:[0xdd],=,i[0xa5]^[0x96]&gt;[0x96][0xb4]V?[0xcb][0x0]K[0x9b][0xc8] [0xcb]V[0x96]v[0x91]![0x96]m,[0x1d]&quot;[0xdb]Y[0xae]f[0xd9],[0xb2][0x83]e&apos;[0xcb][0x16][0x91]][0x95][0x98]N[0x91][0xdd][0xe9][0xb4][0xbb][0xbb]DL[0x96]=,[0xdd]&quot;{+[0xb5]zD[0xf6][0xb1]\[0xc3][0xd2]+[0xb2][0xbf][0x12][0xd3]&apos;rm[0xa5][0xe5]~[0x91]a[0x96][0x3],[0x3]&quot;[0x7]+[0xb5][0x6]E[0xe][0xb1]\[0xc7][0xb2]U[0xe4][0xfa][0x8a][0xc][0x89][0x1c]f[0xc9][0xb0]l[0x13][0x19]a9[0xc2][0xb2]][0xe4]([0xcb]1[0x96][0xab]En`9[0xce][0xb2]C[0xe4]F[0x96][0x9b]Xv[0x8a][0xdc][0xcc][0xf2]&lt;[0x96]]&quot;[0xb7][0xb0][0x9c]`[0xd9]-r+[0xcb]m,[0xa6][0xc8][0xf3]YN[0xb2][0xec][0x11]y[0x1][0xcb][0xb]Y[0xf6][0x8a][0x8c][0xb2][0x8c][0xb1][0xec][0x13][0x19]g9[0xc5]r[0x8d][0xc8][0xed],[0xa7]Y[0xf6][0x8b][0xbc][0x88]e[0x82][0xe5]Z[0x91]I[0x96][0x17][0xb3][0xc][0x8b][0xbc][0x84]%[0xcb]r@[0xe4][0xc][0xcb]Y[0x96][0x83]&quot;[0xe7]X[0xa6]X[0xe][0x89][0xbc][0x94]e[0x9a][0xe5]:[0x11][0xde][0xfa][0xbd][0xb3],[0xd7][0x8b][0xdc][0xc1]2[0xc7]rX[0xe4]e,/g[0xc9][0x88][0x9c]gy[0x5][0xcb][0x88][0xc8][0x5][0x96]W[0xb2][0x1c][0x11]y[0x15][0xcb][0xab]Y[0x8e][0x8a][0xdc][0xc9][0xf2][0x1a][0x96]c&quot;[0x8a]%[0xc7]r[0x83][0x88][0xc5][0x92]g9.[0xa2]Y[0xe6]Yn[0x14]Y`Yd[0xb9]I[0xc4]fY[0x9a][0x99]y[0xbc][0xe1][0xe][0xd8]O[0xcf]0[0xb9]6[0xa2][0xff][0x1]PK[0x7][0x8][0xb7][0xfc][0x1c][0xc8][0xab][0x7][0x0][0x0][0x4][0x10][0x0][0x0]PK[0x3][0x4][0x14][0x0][0x8][0x0][0x8][0x0][0xd4]|D5[0x0][0x0][0x0][0x0][0x0][0x0][0x0][0x0][0x0][0x0][0x0][0x0]&apos;[0x0][0x0][0x0]javax/help/resources/Constants_he.class[0x8d][0x97][0xf9]_[0x14][0xf7][0x19][0xc7][0x9f][0x9]*OP[0xe4][0xbe][0xbc][0xb2][0xc6]#[0x1e][0x1][0xbc][0x92]Xbm[0xa3][0xd6]jK&quot;[0x15]bkm[0x9b][0xe][0xbb][0x3][0xac][0xee][0xee][0x90][0xdd]Y[0xc0][0xa6][0xf6]Nz[0xb7] [0xa0]Y.[0x1][0xa9],[0xf4]Jz[0xa5]Mkz_[0xe9]}N[0xef][0xfb][0xfc][0xad]A_}&gt;[0xdf][0xf9][0xe][0xcb],[0x98]W[0xf9]av[0xe6][0xfd]}[0xee][0xe7]{[0xf1][0xfc][0x9f]}[0x8e][0x88][0x1a][0xe8][0xdf]E[0xd4]M[0x17][0xb][0xe9]M[0x85][0xf4][0x18][0xd3][0x9b][0x99].1[0xbd][0x85][0xe9][0xad]Locz;[0xd3];[0x98][0xde][0xc9][0xf4].[0xa6][0xc7][0x99][0x9e]`z7[0xd3]{[0x98][0xde][0xcb][0xf4]&gt;[0xa6][0xf7]3}[0x80][0xe9][0x83]L[0x1f]b[0xfa]0S?[0xd3][0x0][0xd3]e[0xa6]A[0xa6]![0xa6]a[0xa6]+LW[0x99][0x9e]d[0xca]0[0x8d]0[0x8d]2[0x8d]1[0x8d]3M0]c[0x9a]d[0x9a]b[0x9a]f[0xba][0xce]4[0xc3][0xf4][0x11][0xa6][0x1b]L[0xb3]LY[0xa6]9[0xa6]y[0xa6][0x8f]2}[0x8c][0xe9][0xe3]L[0x9f]`[0xfa]$[0xd3]SLO3}[0x8a][0xe9][0xd3]L[0x9f]a[0xfa],[0xd3][0xe7][0x98][0x9e]a[0xfa]&lt;[0xd3][0x17][0x98][0x9e]e[0xfa]&quot;[0xd3][0x97][0x98]n2=[0xc7][0xf4]e[0xa6][0xaf]0}[0x95][0xe9]kL_g[0xfa][0x6][0xd3]7[0x99][0xbe][0xc5][0xf4]m[0xa6][0xef]0}[0x97][0xe9]y[0xa6][0xef]1}[0x9f][0xe9][0x7]L?d[0xfa][0x11][0xd3][0x8f][0x99]~[0xc2][0xf4]S[0xa6][0x9f]1[0xfd][0x9c][0xe9][0x17]L[0xbf]dr[0x99]~[0xc5][0xf4]k[0xa6][0xdf]0[0xfd][0x96][0xe9]wL[0xbf]g[0xfa][0x3][0xd3][0x1f][0x99][0xfe][0xc4][0xf4]g[0xa6][0xbf]0[0xfd][0x95][0xe9]oLg[0xfa]G![0xfd][0xb3][0x90][0xfe]e[0xd0][0xaa]C[0xd1]D[0xd4]9lP[0xc1][0x8e][0x9d]g[0xc]Zq[0xd4][0x8e]X[0x6][0x95]4G[0x13][0xd6]C[0xe9]x[0xbb][0x95]l3[0xdb]cBVwZ[0xce]Q;[0xe1]X[0x9]&apos;eP[0xf5][0x8e][0x9d][0xe7][0xce]5[0x9f]7{[0xcc][0xc6][0x98][0x99][0xe8]l&lt;[0xd5]~[0xde][\n]&quot;
2013-02-06 13:51:57,474 AAD-WS DEBUG wire:63 - &gt;&gt; &quot;;[0xf7][0x1b]T[0xd4]j[0xa7][0x93]a[0xeb]x[0x14]:e[0xa2][0x90]rL[0xd1]x[0xa4][0xcb]j[0x80][0xf4][0x1a]z[0x94][0x92][0x6]U,[0xab][[0x9a][0xcf][0xc][0xaa][0xea][0xb2]b[0xdd])[0xcb]i[0xe8]M[0xda][0x89][0xce][0x96]t{,[0x1a]&gt;y[0xcc][0xa0]u[0xfe]k[0xe8][0xb1]=[0x97]B[0xee][0x98][0xdb][0x1f]r3[0xee][0xa0];[0xec]N[0x1b]T[0x1e]Pj[0x8b]:[0x88][0xe5][0x94];[0xe1]N[0xba]S[0xee][0x10][0xa4][0x87][0xdc][0xcb]&quot;[0x9c]q[0xb3]![0xb7][0xdf][0x9d][0xf][0xc9][0xf7][0xa8][0xa8][0xce][0xbb]Y|[0x8c]z6[0xfb][0xdd][0x11]yw[0x7] 4$[0xa3][0xd0][0xc8]B][0xc6][0xf7]^j[0x90]$[0x2]nN[0xd8]q[0xb][0x91][0xd5][0x87][0xba][0xd4][0xdb][0xb][0xdb][0xc9]Y[0xa9][0xf3][0xad][0xa4][0xd2][0xed]&apos;[0xe4][0xb5][0xd5]r[0xda][0x92]vZ[0xd5][0xfc][0x80]hMK[0x98][0xc3][0x8]k@^n f|[0xcc][0xbb][0xf3][0xf5]2[0x94][0x15][0xc3][0xf2]5[0xed]^AhM[0xe2][0xaf][0xa1][0xde][0xa0]J[0xdf]d[0xdc][0x8c]u[0xd8][0xc9][0xb8][0x15]y[0xf8]t3[0xac][0x89][0xb0][0xd8][0x1a][0x10][0x15][0x1][0x88],#%[0x91][0x8c]&amp;[0xc4][0xc2][0xb0][0x18][0x1f]P[0xe9][0x8b][0xa9]~[0xf9][0xcc](s[0x8b][0xac]E[0x13]a;[0x99][0x94][0xb6](ku[0xf9][0xd6][0xe6]$3[0xd1]r[0x87][0xa4][0xef][0xc1][0x6]X}[0xd2][0xc9]}[0xba][0x18][0xda]eFU|[0xcc]o[0xc7][0xa8][0x80][0xb1][0x90][0xfa]QFuq[0x82][0xed]o[0xb3][0xbb][0x9b][0xad][0x1e]+f[0xd0][0x91][0x17]4[0xa6][0xb]6/[0x1]e[0xbc][0xca]e%[0xc5]![0xd4]iL[\r][0x8a][0xd2][0x92][0xfe][0xb5][0x98]I[0x99][0xda][0x6][0x1d][0xcc][0xe9][\r][0x89][0x87]q$6[0x16][0x98]e[0xcb][0xf8][0xf2][0xa2]][0x98]w[0xe9]D[0xbb])[0xd3]8lE[0xc][0xda][0xb2]8[0x8e]1[0xf9][0xc8][0xa0][0xde]([0xf0][0x15][0x89]c&gt;[0xe4][0x15]9[0x18]K[0xb3][0x1d]6[0xd1][0xff][0xb8][0xc8]][0x11]&apos;[0xe8][0xad][0xa7]5#[0x96]2[0xee][0xb5]P_&lt;[0xd6][0x84][0x85][0xe2][0x5]6!f&apos;[0xc5][0xcb][0x1c]R[0x1c][0xf7][0x12][0xd6][0x13]e[0xc2][0xbd]*[0xf3]m[0xc][0x11][0x86][0xb0]:n5[0xbc][0xf]QT[0xe7][0x12][0xb8][0x90][0xb0]{[0x13]g[0xac]d*j&apos;[0xc][0xda][0x1a]R9d[0xbd][0xf5][0xb3][0x90][0x87]^q[0xc2][0xbc],j[0xa3][0x89][0x88][0xd5]&apos;[0x13][0xa5][0xc7][0x8c]E#&apos;[0xf1]q\[0xe6][0x9f])e[0xdd][0x1b]H[0xe5][0x86][0xa8])[0xff]^[0xb][0x7][0xdd]YwJ[0xd7][0xf7][0xaa][0xc][0xcd][0xa2]^2[0xf3]&lt;s[0xf9][0xc1]l[0xf9][0xbf]b)s[0xec]p[0xfe][0xae][0x11][\n]&quot;
2013-02-06 13:51:57,475 AAD-WS DEBUG wire:63 - &gt;&gt; &quot;[0xee][0x1a]Ku[0xc5]&apos;[0xd4]t[0x2]m[0xa7][0x8e][0xfa][0xe1]7-[0x1f]&gt;[0xe6][0xea][0xa8][0xb4]Ct&apos;U&amp;[0x19][0xd4]7?[0x8f]r[0xd8][0xcc][0xcf]&quot;[0xd4]a[0xf6][0xd8][0xc9][0xa8]c[0xa5]|w[0xc7]}[0xe0];[0xdd][0xbf][0xbc][0xd3][0x9][0x15][0xeb][0xa0][0x9a][0xb][0xcb]x[0xab][0xcd][0x19][0xce][0xf7]Y[0x16]7[0xbb][0xf3]kR[0x9][0xa6]#x[0xd0][0xec][0xf6]}[0xef][0xbe][0x95][0xef][0x19][0xfc],[0xc9][0x10]F[0xf2][0xbd][0x95]x[0xed][0xeb][0x90][0x9f]f[0xb3][0x1d][0xcb][0x96]Eg[0xc6][0x9d]k[\n]&quot;
2013-02-06 13:51:57,475 AAD-WS DEBUG wire:63 - &gt;&gt; &quot;[0xc9]^[0x9f][0xb2][0xcc]d[0xb8]k[0xf1][0xe8]Z[0x8d][0xba][0xa2][0xce]1+[0x15][0x96][0x12][0x89][0xbb])Q[0xc8]z9[0xcf][0xa8][0xbd]P[0xcd]_[0xf0][0x9]wD[0x1c]k[0x9d]G[0xd3][0x12][0xbf]s[0xd1][0xd3][0xdb][0xa3]v[0xc6][0x11],[0xe0]Y[0xec][0xf9]x[0x99]T&amp;F[0xbc]mTm[0xf5][0x1];[0xab][0x17]|wv![0xce][0xcb]28[0x8c][0xf9][0xe0][0x7][0x15][0x8f]F[0xbc][0xb1]*eaR[0xed]&quot;[0x99]PN[0xb0](&apos;h[0xd0][0x9a][0xc5]B[0x6][0x15][0xe7][0xc6]bv[0xef][0x12][0x1b]:[0xb6][0x9c][\r]%[0xc4]9^[0x9c]k[0xa9][0x19][0x11][0xf3]E[0xea] Ai[0xc4]qin0i[0xc5][0xed][0x1e][0xb][0xaa]C2[0x9a][0xcd][0x1b][0xed][0xb0]c[0x11][0xb][0x87]/&amp;[0xbd][0xea][0xdc]PH-[0xff]9[0x95]hN0a[0xc6][0xc5]H[0xa9][0xf0][0xf1]F[0xb5][0xb7]\[0xc3]&amp;8[0x1e][0x88]#[0x9c]v[0x10][0xc7]e[0x99]$[0x19][0xcf]SIn[0xb0][0xdb]L9[0x96][0x17][0xe6][0xa0][0xa4]:[0x9b]g?lw_[0xf4]F[0xa7][0xc5][0xb8][0x1a]-[0xed][0x8a][0xa6][0x1c];y[0xb1][0x1][0x87]g[0x8b][0xd9])[0xda][0xc5][0xa2]{[0x1d][0xad][0x1b][0xd0][0xbb][0x81]/[0xa2][0xe7][0x99]&gt;[0xd7][0xb7][0x1d]Z|v+[0x95]E[0xe7][0x82]^[0xd7][0x87][0xd5]&quot;[0xb4]cN[0xb4][0xbb][0xe1][0x88][0x19][0xbe][0xf0]@[0xd8][0xf1][0x16][0x84][0x8a][0xf0][0xba]7S[0x86][0xe5]U[0x92][0xac][0xf2][0x5]e)[0xf4][0x9a][0xc9][0x88]/[[0x9c][0x93][0x1d]p[0xfb][0xa5][0x8c][0xbe]\K2[0x9a]p|)/[0xe7][0x19]lN[0xb2][0x14][0x3]&quot;r[0xb2][0xa7][0xbb]}[0xb9][\n]&quot;
2013-02-06 13:51:57,476 AAD-WS DEBUG wire:63 - &gt;&gt; &quot;}[0x7][0xc9]z[0xe7]7[0x1a]=[0xa8]v[0x1f]O[0xe1][0xb4][0x15][0xb3][0xcd]HN[0xf8]I5[0xf7][0xf5]a[0xad]zfP[0xcd]B[0xa0]~e}[0xf9][0xf5][0xb9][0xf9][0x81][0xb5][0x1a][0xd8]0[0x16]U[0x2]W[0x16]_[0xa5]V$0[0x93][0xb3]P[0x8][0x16][0xbe][0xcc][0xc][0x87][0xad]T*P[0xb8][0x1a]uf[0xcf][0xa8][\r]0[0x1b](_[0xa5][0x96][0xce][0xab]^E[0xbe][0x82][0xaa][0xa1]/|[0xc2]k[0xad]/\[0x17][0x14][0x9d][0x92][0xf4][0x87][0xd5][0x99]%5-[0xd7]*[0x81][0xaa]W[0x5][0x15][0x16][0x1a]P[0xb3]X8P[0xff]MA[0x8d][0xa5][0xad][0xa8][0xd0][0xaa][0xc1]N[0x4][0xd4][0x96]k[0x8a]_[0xac][0xc5][0xb5][0xad][0xc8][0xcf]\[0x95][0xb5][0xda]/T~[0xf7][0xb6][0x7][0xc5]o[0xdd]H[0xbf]za[0xef]Z~&amp;j[0xf5]b}[0xfb][0xc7][0x12]n[0x17][0xb2]s{W[0x6]uT[0xea][0xe3][0xca][0xa0][0xcd][0xb8]i[0xf7]5[0xe2][0xb8]oLZ)ueO5.[0xbe][0xad][0x1b][0xb4]A[0xdd][0xc6][0xd3]N4[0xd6][0xd8],[0xed]9[0xad][0xc5][0x8e][0xa4][0x13][0x91][0x98]E[0x9b][0xc9][0x96][0xc6][0xf0]w[0x1b][0x19][0xb8][0xd4][0xcb]3%_[0x1b][0xe5][0xd7][0x90][0xdf][0x95][0xbb][0x9e]![0xe3]iy1[0xc8][0x91][0xe7]*[0x5]C[0xf2]LS[0x8f]&apos;[0xba][0x82][0xa9][0x10][0xb4][0xe0]?[0xa5][0x7]o[0xd2]mg[0xb]V[0xde][0xa4][0x82][0xb3][0x5][0xe5]+Z[0xcf][0xae](_[0xd9]*O[\r]V[0x1][0x14][\n]&quot;
2013-02-06 13:51:57,476 AAD-WS DEBUG wire:63 - &gt;&gt; &quot;X[0xa9][0x1][0x3][0xdc].`[0x95][0x6]E[0x0][0xab][0x5][0x14]j[0xb0][0x6][0xa0]X[0x0]k[0xb0][0x16][0xa0]D@[0xa9][0xaf]S[\n]&quot;
2013-02-06 13:51:57,476 AAD-WS DEBUG wire:63 - &gt;&gt; &quot;R[0x6][0xe2]+[0x95][0x83]T[0x80][0xf8]Z[0x95] U [0xb7]kR[\r]R[0x3]R[0xa4]I-H[0x1d][0xc8]jM[0xd6][0x81][0xac][0x7]Y[0xa3][0xc9][0x6][0x90][0x8d] [0xc5][0x9a]l[0x2][0xb9][0x3]d[0xad]&amp;![0x90][0xcd] %[0x9a][0xdc][0x9][0xb2][0x5][0xa4]T[0x93][0xad][0xb]Ze[0x9a]l[0x3][0xd9][0xe]R[0xae][0xc9]][0xb]2[0x15][0x9a][0xec]X[0xb0]\[0xa9][0xc9]N[0x90]] U[0x9a][0xec]^[0xd0][0xaa][0xd6][0xe4]n[0x90]z[0x90][0x1a]M[0x1a][0x16]H[0xad]&amp;[0x8d] {@[0xea]4[0xd9][0xb][0xb2][0xf]d[0x9d]&amp;[0xfb]A[0xe][0x80][0xac][0xd7][0xe4][0x1e][0x90]{A6hr[0x1f][0xc8]A[0x90][0x8d][0x9a][0xbc][0x8][0xa4][0x9]d[0x93]&amp;[0xf7][0x83][0x1c][0x2][0xb9]C[0x93][0x17][0x83][0x1c][0x6][0x9]i[0xf2][0x12][0x90][0x97][0x82]l[0xd6][0xe4][0x1][0x90]# wjr[0x14][0xe4][0x18][0xc8][0x16]M^[0x6]r[0x1c]d[0xab]&amp;/[0x7]9[0x1][0xb2]M[0x93][0x93] [0xaf][0x0][0xd9][0xae][0xc9]+A[0x9a]A[0xee][0xd2][0xe4]A[0x90][0x87]@vhr[\n]&quot;
2013-02-06 13:51:57,477 AAD-WS DEBUG wire:63 - &gt;&gt; &quot;[0xa4][0x5]d[0xa7]&amp;[0xaf][0x2]9[\r][0xb2]K[0x13]L[0xf4][0xf2]6[0x90][0xdd][0x9a]&lt;[0xc]r[0x6][0xe4]nM^[\r][0xf2][0x1a][0x90]zM[0xce][0x82][0xbc][0x16][0xa4]A[0x93]s [0xaf][0x3]i[0xd4][0xe4][0xf5] o[0x0][0xd9][0xa3][0xc9]# o[0x4][0xd9][0xab][0x89][0x9][0xd2][0xe][0xb2]O[0x93]0H[0x4]d[0xbf]&amp;[0x16]H[0x7][0xc8][0x1]M:A[0xba]@[0xee][0xd1]$[\n]&quot;
2013-02-06 13:51:57,477 AAD-WS DEBUG wire:77 - &gt;&gt; &quot;r[0x1e][0xe4]^M.[0x80][0xc4]@[0xee][0xd3]$[0xe][0x92]hm}*oW[0xd8]&amp;[0xcf]^[0xb5][0x91][0xf4][0xfd][0xf]PK[0x7][0x8]+[0x84][0x8a][0xbf][0x11][0x8][0x0][0x0][0xeb][0x11][0x0][0x0]PK[0x3][0x4][0x14][0x0][0x8][0x0][0x8][0x0][0xd4]|D5[0x0][0x0][0x0][0x0][0x0][0x0][0x0][0x0][0x0][0x0][0x0][0x0]&apos;[0x0][0x0][0x0]javax/help/resources/Constants_ja.class[0xb5][0x96][0xed]_[0x14][0xd7][0x15][0xc7][0xcf][0x4][0x85]#O[0xf2][0xa0][0x82]Q[0x93]!Q[0xa3]&amp;[0x5][0xa2]I[0xd3][0x90][0xa7][0x8a][0xd6]b[0xbb]Q+[0xc4][0xd6][0xda]$[0x1d]v[0x7][0x18][0xb3][0xbb]Cfg[0x0]k[0xd3]2[0xbb][0x89]&quot;[0x81][0xe2]C@Q[0xea]C$HP[0x10][0xf3]PM[0x14]i[0xdf][0xf6][0xdf][0xb8].Y[0xfe][0x89]~z[0xce][0xec][0x9d][0x85][0xd5][0xfa][0xc9][0xab][0xf2][0xe2][0xee][0xdc][0xef][0xfd][0x9d]s[0xcf]=[0xf7][0xdc][0xcb][0xfd][0xf7][0xbe][0xbf][0xf][0x0][0xd5][0xf0][0xaf]|[0xf8][0x3][0xe8]y[0xd0][0x92][0x7][0xad][0x8]m[0x8][0x6][0xc2]a[0x84][0xf][0x10][0xc2][0x8][0x11][0x84]([0x82][0x89][0xd0][0x8e][0xf0]![0x82][0x85][0x10]C[0xb0][0x11][0x1c][0x84][0xe][0x84]N[0x84].[0x84]#[0x8]B8[0x8a][0xf0]g[0x84][0x8f][0x10][0xfe][0x82][0xf0]W[0x84]n[0x4][0x17]![0x8e][0x90]@[0xf8][0x18][0xe1][0x13][0x84]c[0x8][0xc7][0x11]z[0x10]N [0xf4]&quot;|[0x8a][0xd0][0x87][0xd0][0x8f][0xf0]7[0x84][0x1][0x84][0x93][0x8][0xa7][0x10]N#[0x9c]A[0xf8][0xc]a&quot;
2013-02-06 13:51:57,478 AAD-WS DEBUG wire:63 - &gt;&gt; &quot;[0x10]a[0x8][0xe1],[0xc2]9[0x84]a[0x84][0xf3][0x8][0x17][0x10]F[0x10][0xfe][0x8e]p[0x11][0xe1][0x12][0xc2]e[0x84]+[0x8][0x9f]#\E[0x18]E[0xf8][0x2]a[0xc][0xe1][0x1a][0xc2]8[0xc2][0x97][0x8][0x13][0x8][0xd7][0x11]n L&quot;L![0xdc]D[0x98]F[0xb8][0x85][0xf0][0x15][0xc2][0xd7][0x8][0xdf] |[0x8b][0xf0][0xf][0x84][0xdb][0x8]w[0x10][0xbe]C[0xf8][0x1e][0xe1].[0xc2]=[0x84][0x19][0x84][0xfb]y0[0x9b][0x7][0xff]T [0xf7]u#j[0xd8]o*[0x90][0xb3]i[0xf3][0x1][0x5][0x96][0xec]0C[0xba][0x2][0xcb][0x3]FT[0xdf][0xe3]D[0x9a]u[0xab]Ik[0xe][0x13])h[0xd5][0xed][0x1d]f[0xd4][0xd6][0xa3]vL[0x81]U[0x9b]6[0x1f]:[0x14]8[0xac]uh5a-[0xda]Z[0xb3][0xb7][0xf9][0xb0][0x1e][0xb4]_S [0xbf][0xd1]t[0xac][0xa0][0xbe][0xcb]`[0x9b]R2[0x88][0xd9][0x1a]Y[0xbc]X[0xab]fu![0xbc][0xb][0xef])P[0xfe]?mK[0x1e]f[\n]&quot;
2013-02-06 13:51:57,478 AAD-WS DEBUG wire:63 - &gt;&gt; &quot;[0x94][0xb5][0xe9][0xe1][0xf6][0x98]nWwZf[0xb4][0xb5][0xc9][0xb0][0xd9]m[0xab][0x88][0xcf][0x8a][0xf8][0xa8]H[0xf4][0x88][0xc4]u[0x11]?[0xad][0x1e][0xad][0xfd]H[0x15][0xee][0xf5][0xd4][0xf8]dr[0xea][0xbc]p[0xcf][0x8a]x[0x8f]p[0x8f][0x9]w[0x9c][0xbf][0xdd][0xfb]^{I[0xb8]}[0xa2][0xdb][0x15][0xee][0xb0]p[0xaf][0x91]8[0xd9]=[0xaa][0x1e]}[0x91][0xed][0xfa][0x92][0x93][0xe7][0x92]#i[0xed][0x98]p?[0xf6],[0x86]Ew[0x9c][0xe2][0xcc][0x9a][0xbe][0xc1][0x8c][0xe8][0xbb]w*[0xd0][0xdc][0xe6]}[0xa8][0xff][0xd7][0xa9]W[0xfb]S[0xc7][0x9c][0xe6][0x6][0xfa]l[0xd4][0xed]&amp;[0xcb]t[0xbc][0xbd][0xa8][0x17][0xf1]oEbH$[0xce]q[0x2][0x12]4[0xe9]][0x91]HP&gt;[0xea]d&lt;S[0xf]fF[0xe6]zN[0xf2]\[0x83][0x3][0xf3]W[0xfa]8[0x0]7.[0xe2][0xbd][0x8b]&amp;X[0xe1]O[0x10][0xd1][0xc2]-[0xa6][0x15][0xd1]C[0xef][0xec][0xf](PKm[0xc6]Mr[0xe6][0xf3][0xe4][0xbd][0x1][0xb2][0x9e][0x9b][0xbc][0xea][0x5]9[0xb0][0xc8][0xcd][0x5][0x11]?[0x93][0xed][0xc9][0x88][0x6]M[0xcb][0xa2][0x8d][0xf3]&lt;[0xad]_[0xe4][0xe9][0xe6][0xfc][0xd0][0x99]ywP[0xb8]W[0x1f]Yhi[0xf6][0x16][0xeb]][0xb4][0xed]o[0xc9][0xb4][0x92][0xa1]H[0x1c][0x13][0xf1]I[0x11][0xff][0x8e][0x96][0x97][0xce]Z[0xfc]t[0xf2]$m{[0xb7]p[0xcf]xy[0xbe][0xe9]e[0xb5]?;[0xa6][0x95][0xd9]^[0xcd][0xf6][0x80][0xde][0xa1][0x87][0x15][0xa8][0x93][0xf1][0xcc][0x8d]t?[0xb8][0xd3][0xfb]`[0xa6]_$n[0x88][0xc4]0[0xe7][0xd1][0x9d][0xf2][0xea]jZ[0xce][0xeb]N[0x88]x_[0xb6][0xd3][0xec]r[0xd8][0xa7]Yt[0x18](c2Y[0xa9][0xb1][0x9][0xdf][0xc1]M[0xb9][0xbf][0x8f]s[0x94])k&apos;[0xda][0xac]Q[0xc1][0x7][0xf5][0x90][0x2][0x1b][0xd3][0xd6][0xb][0x19];![0xdc]s[0x8b][0xd2][0xf5][0x98]0[0x2]fP[0xe3][0xa2]x/59[0x96]&lt;[0xd5][[0xa7]vE[0xc2]ujj[0xbc];5q1y[0xeb][0xe2]\[0xf7]5[0xdf]#[0xd7]`[0xe2][0xb8]H[0xc][0x8a][0xf8][0x97]^[0xe1]P[0xa9]N[0xc9]H{[0xbd][0xc2][0xfd]Z=[0xba][0x95]{[0xe3][0xf3][0xc7][0xfb]S[0xa3][0xc7][0xfd][0x1a]NoT[0xa5][0x11][\r][0xe9]][0xb4][0xc9][0x1d]Z[0xd8][0x8][0xed][0xe6][0xce].[0xaa][0x1b][0x8d]R[0xb0][0xdd][0x9f][0xfb][0x87]o[0xa8]`[0x6]9[0x95]r[0x96]{&quot;q1][0x9b]?ZE[0xb6][0x19][0xf4][0x9d]7[0xed][0xdd][0xe1][0xbb][0xde][0x99]q}aj[0xee][0xc6][0x95][0xc7][0xb9][0xfe]1[0xef][0xcb][0xd3][0xc1][0xb7][0xd0]O@k[0xe6]JX67:B[0xe1][0xaa]u*[0xdd]&lt;1][0xb3][0x82]m[0x8b][0x87][0x8b]%j3[0xec][0x9d]z,[0xa8][0x80][0x9a][0xbe][0xe]U[0xb3]E5[0x83]A[0xc7][0xe2]][0x8b][0xa9]FT[\r][0x99]A&apos;[0xe2]UB[0x99][0xb4][0xf9][0xd0][0xa1]E[0xd8]G[0xd2]vU[0x1][0xb3]S[0x8f][0xd9]j[0xbb][0x1e][0xf5][0xa8]J+t[0xf4]l[0xc3][0x82][0xcc]d[0xad]mt[0x7]7x?~[0x4][0x11]#[0x94][0xe6][0x5]o[0xeb]![0xc3][0x89][0xa8][0xe9]^[0xfe][0xc2]0[0xdd][0xe2][0xe9]![0x5][0x8a][0x16]h[0xd8][0xec]$[0x95][0xb4]Iw[0xe4][0xa0][0xd7][0xc9][0x9]p[[0xd4][0xa2]u[0x98][0x96]a[0xeb][0xb1]j-[0xc4][0x8e]R[0xb3]3[0xc9][0xde][0xcb][0x94][0x92][0x85][0x1]K[0x8f][0x98][0x1d]Ta[0xb9][0xc9][0x13][0xbd][0xf3][0xc3][0xa3]Yc-f8[0xa4][[0xb4][0xca][0xb9][0xa1][0xe9][0xd4][0xd8][0x80]H\z[0xc3][0xd9]V[0xab][0xbd][0xea][0xd5]W7o[0x92][0x19][0xd1][0x82][0x16][0xcc][0xa2]Z[0x84][0x1c].K[0x9e][0xec][0xd7]yy[0xeb]K[0xa1][0xac]@[0x82][0xe][0xa5][0xa4][0x98]x[0xed]+[0xb4][0x8f][0xc9][0x81]!ji[0x7][0x17][0x4][0xed]Z[0xcc]&amp;[0xf3][0xc2][0xd4]W[0xf7]h[0xe8][0xc1]]:%[0xa7][0xb2][0xdc][0x7][0xcd][0xf6]#[0x94]/[0x8a][0xa4]y[0x9b]H|Fa[0xd0][0x8d]`[0x9b]f[0xd8]6[0xda][0xab][0xeb][0xb5][0xa0]m[0x98][0xd1][0xed]^K~[0x93]&apos;[0xfa][0xbd][0xaa]:[0xcf][0xd1][0xc6][0xef],RR[\r]vjV([0xa3][0xf4][0xeb]/[0xa3],[0xf7][0x95][0xfb],#j[0xfb][0xba][0xdc]d[0xff]t[0xb2][0xe7]6[0x9d][0x98][0xac]a[0xba][0xc1][0x9d][0xf6][0x8c][0xaf][0x8c][0x97][0xf4][0xbf][0xe][0xaf][0xfe][0xd3][0xe2][0xfd]z[0xd8][0xd4][0x16]&amp;M[0x1e][0xeb]OML[\n]&quot;
2013-02-06 13:51:57,479 AAD-WS DEBUG wire:63 - &gt;&gt; &quot;w6u[0x9f][0x92]9[0xab]@E&amp;&lt;[0xbd][0xbe][0xb6][0x92][0xce][0xf1][0xdc][0xf4]Y[0xbe][0xf6]?[0xf9][0xc2];[0x2][0xd7][0xfd][0xed],[0xf3][0x8d][0xf8][0x9f][0x98][0xaf]_#[0x12][0x17][0xbc]st9[0x13][0x8d]p[0xef][0xfc]p[0xed]n[0xf2][0xd3]A[0xba][0x98][0xb5] Ux[0x8c][0xf3][0xf5]A&amp;[0x9a]}[0x96][0xde]a[0x98]NL[0xad]wl[0x9b][0xc9][\n]&quot;
2013-02-06 13:51:57,479 AAD-WS DEBUG wire:63 - &gt;&gt; &quot;[0xa9]z(W[0x5]{[0xe8]&quot;D[0xd4]`[0xc4]l[0xd3]:[0xe2][0x8b][0x8a]e?[0xa3]+[0x93][0xba][0xac]t[0x16]z[0xbd][0x8c][0xa6]b[0xb1]&amp;+[0xa7][0xa5][0xfb][0xb4]V][0xf5]PF].[0xd5][0xd9]I-Jw3*[0xa9][0x8b][0x93]S[0xc0][0x9d][0x8c]b[0x95][0xbf][0xcc][0x87]s^[0xb1]=[0x14]RmS[0xcd][0xc]&lt;[0xb2][0xe8]`[0xfa][0xd5]t[0xc0][0xd0];[0xf9][0xa4][0x14][0xcb]W[0x94][0xea][0x83]*~[0xf6]t[0xd5][0xf0][0xa5]^c[0xe9]1[0xef][0xfd][0x14][0xab]Y[0xfc]tR`[0xad][0xf7]4rl#\[0x13][0xa0][0x9c][0xed][0x97][0xb2]z&apos;[0x1a][\n]&quot;
2013-02-06 13:51:57,479 AAD-WS DEBUG wire:63 - &gt;&gt; &quot;[0xeb]P[0x5][0x87][0xe8]u[0xcb]O[0x80][0xc2]/,j[0xdf][0xa7][0xde]:[0xfa]U[0xe8]w[0xe9][0x96][0xdb][0xa0][0xdc][0xa2][0xf][0x5][0xfe]Hm[0xae][0x7]Uj5hNKsj![0x8f]iNe[0xc9][0xb]3[0xf0][0xc4][0xc1][0x9c][0xa5]3[0x90]s0[0xa7]lI[0xe3][0xc1]%eK[0x1b][0xa9][0x95] [0x97]A[0x1e][0x81][0xa5][0x12] [0x83]e[0x4]r%[0xc8]gP@ O[0x82]B[0x6]E[0x4]P[0x82]b[0x6][0xcb][0x9][0x94][0xf8]6%LJ[0x99][0xf8]FeL[0xca][0x99][0xf8]V+[0x98][0xac]d[0xb2]L[0x92]UL*[0x98][0xe4]KR[0xc9]d5[0x93][0x2]I[0x9e]d[0xb2][0x86]I[0xa1]$k[0x99][0xac]cR$[0xc9]S[0x19]R,[0xc9][0xd3]LT&amp;[0xcb]%[0xa9]b[0xf2][0xc][0x93][0x12]I[0x9e]e[0xb2][0x9e]I[0xa9]$[0x1b][0x98]ldR&amp;[0xc9]sL61)[0x97]d3[0x93]-LVH[0xf2]&lt;[0x93][0x17][0x98][0xac][0x94][0xe4]&apos;L[0xaa][0x99][0xac][0x92][0xa4][0x86]I-[0x93][\n]&quot;
2013-02-06 13:51:57,480 AAD-WS DEBUG wire:63 - &gt;&gt; &quot;I^d[0xb2][0x95]I[0xa5]$[0xdb][0x98][0xbc][0xc4]d[0xb5]$/3[0xf9])[0x93]&apos;%y[0x85][0xc9][0xcf][0x98][0xac][0x91][0xe4]U&amp;uL[0xd6]J[0xf2][0x1a][0x93][0xd7][0x99][0xac][0x93][0xe4][\r]&amp;o2yJ[0x92][0xb7][0x98][0xfc][0x9c][0xc9][0xd3][0x92]lgR[0xcf]D[0x95]d[0x7][0x93][0x9d]L[0xaa]$[0xf9][0x5][0x93]]L[0x9e][0x91][0xe4][0x97]L[0x1a][0x98]&lt;+[0xc9]n&amp;[0xbf]b[0xb2]^[0x92]_3[0x9]0[0xd9] [0xc9][0xdb]L[0xf6]0[0xd9]([0xc9]^&amp;[0xfb][0x98]&lt;&apos;[0xc9]o[0x98][0xec]g[0xb2]I[0x12].[0xe2][0xb2]&amp;&amp;[0x9b]%y[0x87][0xc9][0x1]&amp;[$[0xf9]-[0x93][0xdf]1y^[0x92][0x83]L~[0xdf][0xd8]8[0xfd][0xd0][0xe9][0xd9]@m[0xd0];p[0xa1][0xff][0x2]PK[0x7][0x8][0xaf]\[0x9f]iQ[0x7][0x0][0x0]d[0xe][0x0][0x0]PK[0x3][0x4][0x14][0x0][0x8][0x0][0x8][0x0][0xd4]|D5[0x0][0x0][0x0][0x0][0x0][0x0][0x0][0x0][0x0][0x0][0x0][0x0]&apos;[0x0][0x0][0x0]javax/help/resources/Constants_ru.class[0xa5][0x97][0xf9]_T[0xd7][0x15][0xc0][0xcf][0xb][0x2]G[0xd6]a[0x11][0x97]hr[0x89][0xc6][0xa0]I@MbZbm[0x15]K0[0x1d][0x91][0x2][0x9a]Z[0xdb][0xa6][0x8f]7[0xf]x:[0xf3][0xde][0xe4][0xcd][0x1b][0xc0][0x1a][[0xc4]$[0xa6][0xd5][0x86][0xee][[0x9a][0xa5][0xfb][0xde][0x82]2[0x82][0x8][0xd8]}I[0xb7]7[0xdd][0xd7]t[0xff][0x17][0xfa]c?=[0xe7][0xbe][0xfb]f[0x98]![0xcd][0xf][0x95][0x1f][0xee][0x9d][0xfb]}[0xe7][0x9c]{[0xce][0xb9][0xe7].[0xbc][0xf8][0x9f][0xf9]%[0x0]h[0x85]U[0x80][\r][0xa3][0xe5]0V[0xe][0xa7][0x10][0xde][0x81]p[0x1a][0xe1]1[0x84]3[0x8][0xef]Dx[0x17][0xc2]8[0xc2]Y[0x84][0x9][0x84]s[0x8][0x8f]#&lt;[0x81][0xf0]$[0xc2]y[0x84][0xa7][0x10][0xde][0x8d][0xf0][0x1e][0x84][0xb][0x8][0x17][0x11][0xde][0x8b][0xf0]4[0xc2]$[0xc2][0xfb][0x10][0xde][0x8f][0xf0][0x1][0x84][0xf]&quot;|[0x8][0xe1][0xc3][0x8][0x1f]A[0xf8]([0xc2][0xc7][0x10]&gt;[0x8e][0xf0][0x9][0x84]g[0x10]&gt;[0x89][0xf0],[0xc2]s[0x8][0xcf]#[0xbc][0x80][0xf0])[0x84]O#|[0x6][0xe1][0xb3][0x8][0x9f]C[0xf8]&lt;[0xc2][0x17][0x10][0xbe][0x88][0xf0]%[0x84]/#|[0x5][0xe1][0xab][0x8]_C[0xf8]:[0xc2]7[0x10][0xa6][0x10][0xa6][0x11].!\F[0x98]A[0xc8] \A[0x98]E[0x98]C[0xb8][0x8a]0[0x8f]p[\r]a[0x1]a[0x11]a[0x9][0xe1]:[0xc2]7[0x11][0xbe][0x85][0xf0]m[0x84][0xef] |[0x17][0xe1]{[0x8][0xdf]G[0xf8][0x1][0xc2][0xf][0x11]~[0x84][0xf0]&quot;[0xc2][0x8f][0x11]~[0x82][0xf0]S[0x84][0x9f]![0xfc][0x1c][0xc1]G[0xc8]&quot;[0xfc][0x2][0xe1][0x97][0x8][0xbf]B[0xf8]5[0xc2]o[0x10]~[0x8b][0xf0];[0x84][0xdf]#[0xfc][0x1][0xe1][0x8f][0x8]B[0xf8]3[0xc2]K[0x8]A[0xf8]+[0xc2][0xdf][0x10][0xfe]^[0xe][0xff]([0x87]jP[0xb6][0xc7][0xb2]-o[0xaf][0x6]%-[0xdb][0x8e]j[0xb0][0xaa][0xc3][0x89][0x99][0x1a][0xd4]F-[0xdb][0xec]N&apos;[0x6]L[0xb7]_[0x1f][0x88][0x13][0xa9][0x1c]2[0xbd][0xe][0xc7][0xf6]L[0xdb]Ki[0xd0][0xd4][0xb2][0xed][0xf8][0xf1][0xe8][0x9]}Do[0x8b][0xeb][0xf6]P[0xdb][0xe1][0x81][0x13][0xa6][0xe1]=[0xa0]AE[0x9f][0x93]v[\r][0xb3][0xd3]b[0x9d]:RHy:i&lt;[0xe2][0xa6][Y[0xba][\n]&quot;
2013-02-06 13:51:57,480 AAD-WS DEBUG wire:63 - &gt;&gt; &quot;[0x1c]Hj[0xd0][0xf0][0xb2][0xba][0x91]b[0xa6][0xc1][0x9a]a3[0x9e]L[0x99]^[0xeb][0xa8][0xeb][0xd8]C=[0xe9][0x81][0xb8]e[0x1c]&lt;[0xa0][0xc1]f[0xff]Y?[0xe3][0xcf][0xf9][0xb3][0xfe]%?[0x93]=[0x9b][0x9d][0xf0][0x17][0xb3][0x17][0xfc][0xab]&quot;[0x94][0x10][0xa7]w[0x9c][0xd1][0xa0][0xbe]@[0xbb][0xdf][0xf2][0xd8][0xa9][0xc7][0xa4][0xea]%[0x89][0x94][0x17][0xa8][0xbd][0xe2]/[0xfa]KB[0xda]Z[0xa0][0xf][0x8b][0xfe]\v&quot;{Q[0xd0]p[0xd1][0x9f][0xca][0x9e][0xf][0x90][0x9f][0x11][0x1e][0xab][0xb][0x86]l\[0xd0][0x94]S[0xfe][0xbc][0xf0][0xe7][0x83]n[0xc9]_[0x14][0xd9]sd,C[0x9d]th[0x8a][0xed][0xd2]&lt;[0xd7][0xd8][0x82][0xf0]/[0x89][0xd3];[0xcf][0xb4]R[0xe8][0x5]&gt;u9[0x9][0x93][0xe3]9[0xf3]:5,[0xf5]o[0xdc][0xab][0xf5][0xa1]W[0xa9][0xf4]@[0x17][0xfd][0xec]3[0xbd]~[0xd7]I[0xcb][0x95]o[0xf5][0x9f][0xcb]&gt;E[0xb3]M[0xb3]U[0x91]=+[0x9d][0x9c][0x91][0x96][0xe6][0xb2][0x93][0x82]4[0x94]r;[0xbb]@[0xc6][0x1a]Cc[0x9]=&gt;[0xe8][0xb8][0x9]3v[0xa4]7[0xaa][0xc1][0xc6][0x9c][0x9d]%[0x8a] X/[0xfa][0xb0]B[0xcb][0xb2][\r][0xc7]ui[0xf9][0xa5][0xd6][0x6][0x95][0x99]Lv|[0xa5]N][0xe1][0x2][0x9b]cT2[0xbb]9[0xf][0xe4][F[0xa8]Lf[0xb2][0x13][0x81][0xd7]3[0xd2][0xc8][0x15]J [0xe7][0x92][0x92][0x91][0xf1][0xe7]9)*[0x7][0x85][0xb5][0xd6][0xef]$[0xa3][0xe6][0x88][0x19][0xd7][0xa0][0xf3][0xe5][0xc][0xfa][0xd3][0xd9][0xb]y3[0x97][0x89]/[0x88][0xc0][0xcb][0xec][0x13],[0xcb][0x88]s&gt;.[0xb3][0xbd][0x98][0x9d]\[0xb1][0xf4]=[0xba]K{I[0x83]}[0xfe][0xb][0xd2][0xb7]9i[0xe9]Z[0xf6]&quot;[0xf9]:Oi[0xba][0xaa]L[0x8b]W[0x9c]&gt;p=W[0xe8]i{@[0xa7][\r]d[0x98]1[\r][0x84][0xcc][0xdc],W[0x2]y[0xc5][0xe2][0x17][\n]&quot;
2013-02-06 13:51:57,481 AAD-WS DEBUG wire:63 - &gt;&gt; &quot;[0x8c][0xae][0xf0]([0xea][0x18]:/[0xf8]3[0xfe][0xf3][0xe4]w[0xc6][0x9f][0xa1][0xd2][0xb9].][0xe1][0xdc][0x5]%[0xd7].[0xc6][0x12][0xf1]v[0x91][0x9d][0xf4]g[0xc9][0xde][0xbc][0xc]o[0x89][0xec][0xca][0xac][0x8e][0xf3][0xf2]R[0xd4][0x13]y[0xa7]e[0xe6]/S[0xbd]MQ[0xaa][0xcf][0xb1][0xf3][0xd4]O[0x12].[0xd2][0x8]2x]fM[0x6]z[0x8d][0x8a]$[0xa8][0xb1][0xa7]9J[0xda][0xc][0xe2][0xf4].[0xda][0xd4]M[0xf9]XO[0xda][0xce][0xa8]}[0xd4]tS[0x96]ck[0xd0][0xb2][0xf2]L[0xa0])&amp;[0xc3]e9+[0xab]5[0x88]{[0x9d]e[0xc7][0xcc]1[0xaa][0xb4][0x11]=n[0xc5][0xe][0xf2][0xa0][0x93][\n]&quot;
2013-02-06 13:51:57,481 AAD-WS DEBUG wire:63 - &gt;&gt; &quot;U[0xa7][0xe5]x[0xe8][0x95][0x83]_Q[0x8d][0xd9][0xc7][0xa9][0x9c][0xc7][0xc9][0xe3])^[0x96]9[0x92][0x9b][0x9][0xea][0xca][0x9f][0xa2][0x9a][0xe][0xe6])[0xf6][0xb4][0xce]s[0x8c][0xe2][0x13][0xad][0x91][0x99]r[0xa8][0xff]pG[0xe8]N[0xcf][0x8d][0xb8]SX[0xf5][0xc1]~[0xa5]b[0xe1][0x99][0x8a]][0x12][0x83][0xfa][0x88][0xe3]Z[0x9e][0x99][\n]&quot;
2013-02-06 13:51:57,483 AAD-WS DEBUG wire:63 - &gt;&gt; &quot;[0x9d][0xe8][0xc]A[0xe8]J[0xf3][0xc3][0xba]k[[0xf6]P[0xbb]8[0x18]H[0x88][0x9c][0x88][0x18]T2[0xeb][0xf2]f[0x8a]gh&lt;[0x12][0x0][0xa1]H[0xb8][0x85][0x13]z[0xb2]8[0x17][[0xfe][0xc7][0xe9]^t[0xbc]7[0xb2][0xaa][0xf2][0xf6][0x90][0x9e][0xc][0xfd][0xec][0xbc][0xa1][0x15][0xa4]3[0x8e][0x8a][0x85][0xf6][\n]&quot;
2013-02-06 13:51:57,484 AAD-WS DEBUG wire:63 - &gt;&gt; &quot;%[0x8a][0xed][0x17][0x87]Q[0x1b],[0xe9] uQ}[0x80][0xcf][0x87]*[0xb2]8[0xe5]_%/[0xe7][0xda][0x5][0xdd]b)Sw[0x8d][0xe1][0xe5][0x12]5[\n]&quot;
2013-02-06 13:51:57,484 AAD-WS DEBUG wire:63 - &gt;&gt; &quot;[\r][[0xde][0x1]3eP[0xb6][0x83][0xab]U8[0x83][0xc2]1[0x8c][0xb4][0xcb];6%,[[0xc4][0x1c]#[0x9d][0x90][0xc7]B[0xbd][0xd2]y4M[0xe1]y[0xa7][0x2][0xbd][0xe6][0xa8]3j[0xa6]&lt;[0x91]4mI[0x5][0xc5][0x9e]6[0xb][0x15]+s[0x93][\r][\r][0xd3]}[0xde]%[0xbb][0xd0][0x83][0x84][0x15][0xb]x[0xe5]!3f[0xa5][0x13]&quot;[0x18]U[0xe4]?[0xd3][0x8b] [0xf8][0xa4]Au[0x9e][0xc6][0x9d]Q[0x92]R:[0xc1]@}[0x94][0x83][0x92]([0xb7][0xd5][0xf9][0xc5][0xd7]cd[0xa8]d[0x1f][0xb7][0x91]&lt;u[0xcd][0x84]3B[0x7]LY[0xaf][0xfa][0xb1][0xec][0xdb][0xa0][0x13][0x8f][0x99].[0xd9][0xed]6GE[0xa7][0x1a][0xd4][0xe4][0xbf][0xdb]z[0x82][0x14]Vu[0xcb]n[0xd9]LF[0x9a]b.[0xe9][0xe0][0xb6]6O[0x93]z[0xca]#[0xb9][0xd2][0x9e][0xa0]_f[0xc7]p[0x92][0xa7][0xe4]3[0x87][0xbb][0xc8][0xb0][0x95][0xf2][0x1c][0xf7]T+[0xdf][0xa3]=[0xfa][0x10][0x89][0xae][0xe6]+Y$[0xe5][0xef][0xc6][0xf0][0xb3]*[0x2][0xf5][0x82]h[0xdc][0xa3][0xc6]R,x[0x18][0xec][0x95][0xfb][0xca][0x89]{V[0xb2]u[0xbf]n[0x9c][0xdc]gx[0xb2]\*[0xf8][0x10][0x92][0x87][0xf0][0xc][0xdd]0[0xa1][0x4][0x95][0xea][0xa8][0xee][0xc6]B[0xa1]*[0xaa][0xc7][0xeb][0xb2]&quot;3,[0xd6][0x10][0x8a][0xf5][0xb8][0x96][0xed][0xe5][0x85]X[0xe4]|p{[0xd1]N+[0x10][0xa2][0xfb]:[0x9d][0xc]%7[0x93]$[0x15]1[0xcd][0xb9] [0xcf][:[0xfc][0x5][0xef]&quot;[0x89][0xf8][0x10]x[0x92][0xab][0xbb]14[0xd0]k[0xc6][0x1d]=[0xe7]K[0x84][0x8e][0x8c]i[0xf5]H[0x98][0xb][0xa6][0xca][0x5][0xc6][0xa9][0x9][0xe5]j[0x1f]t[0x84][0xe7][0xc8][0x7][0x88][0xca]V[0x9d]nP[0x15][0xa7][\n]&quot;
2013-02-06 13:51:57,485 AAD-WS DEBUG wire:63 - &gt;&gt; &quot;[0xc2][0xaf][0xed]q[0xcd][0x11][0xcb]I[0xa7][0xc4][0xfe][0xb4][0xe7][0xc9]c@I[0x15][0xa5][0xa0][0xb2][0x9b].[0xef][0x15]B]A[0xfe]C[0xa1][0x1a]5[0xce][0xc9][0xd5]+[0xb9][0xc2]D[0xc9]QNf[0xed]r[0x99][0x82]&lt;[0xd5][0xf1][0x8a][0xb][0x89]r[0xd2][\r]J[0xba]0)[0xd5][0xc1]0&apos;[0x15][0x86][0xba]&lt;![0x95][0xb2]pB[0x89][0xa6]0[0xcc][0xb0][0xf0]B[0xb1][0xb5][0xb4])8q[0xf9][0xb3][0xb3]8h#xe[0x1f][0xb5][0xcc]Q[0xb9][0x7][0xd4][0xab][[0x84][0xa0][0x99][0x9f][0xc9]cm|[\r][0xb6][0xb9]fJ[0xbe][0xb7]Sm[0xcb][0x9f][0xda][0xf4][0xd6][0x92]O[0xe9][0xb4]g[0xc5][0xdb][0xa2][0x94][0xb3]^%[0xb6]?m[0xc7][0xe2]&amp;4C[0x82][0xfe][0x87][0xe2][0xbf][0x9b]@[0xe3][0x17]9[0xb5][0x8f][0xd2]h[0x13][0xf5][0x1a][0xf5][0xa5][0xdb]gA[0x9b][0xa6][0x1f][0x1a][0xb8][0xd4][0x96]I[0xd8]Lm[\n]&quot;
2013-02-06 13:51:57,485 AAD-WS DEBUG wire:63 - &gt;&gt; &quot;[0xbc]@[0xb4][0xe4][0xdf]P[0xce][0xb4][0xe4][0xa5][0xc8][0xfd][0x8b]p[0xd3][0xb1][0x92][0xd2]E(9VR[0xbf][0xaa][0xef][0xd8][0xaa][0xfa][0xd2]&gt;j[0x15](cPN[0xa0]T[0x1]d[0xb0][0x9a]@[0x99][0x2][0x15][0xc]*[0x9][0x94]+P[0xc5][0xa0][0x9a][0x0]*P[0xc3][0xa0][0x96]@$[0xd4][0x89]0[0xa9]c[0x12]*[0xd5]3i`[0x12]j52Y[0xc3]d[0xb5]&quot;ML[0xd6]2[0xa9]Pd[0x1d][0x93][0xf5]L*[0x15][0xd9][0xc0][0xe4]f&amp;U[0x8a]ld[0xb2][0x89]I[0xb5]&quot;[0xb7][0xe4]dj[0x14][0xb9]5[0xc];R[0xab][0x88]`[0xd2][0xcc]$[0xa2][0xc8]m9[0xad]:E63[0xd9][0xc2][0xa4]^[0x91][0xdb][0x99]le[0xd2][0xa0][0xc8][0x1d]LZ[0x98]4*[0xb2][0x8d][0xc9]v&amp;k[0x14][0xb9]3g[0xb9]I[0x91][0xbb][0x98][0xdc][0xcd]d[0xad]&quot;[0xad]9[0xb2]N[0x91]6&amp;;[0x98][0xac]Wd&apos;[0x93]]L6(r[0xf][0x93]{[0x99][0xdc][0xac][0xc8]}Lv3[0xd9][0xa8][0xc8][0xfd]L^[0xc5]d[0x93]&quot;[0xaf]f[0xd2][0xce][0xe4][0x16]E[0x1e]`[0xb2][0x87][0xc9][0xad][0x8a][0xbc][0x86][0xc9]^&amp;B[0x91][0xd7]2y[0x1d][0x93]fE[0xf6]1[0xd9][0xcf][0xe4]6E:[0x98][0x1c]`[0xb2]Y[0x91][0xd7]3[0xe9]d[0xb2]E[0x91][0x7][0x99]t1[0xb9]][0x91][0x83]L[0x1e]b[0xb2]U[0x91]70[0x89]2[0xb9]C[0x91]CL[0xba][0x99][0xb4](r[0x98]I[0xf][0x93]m[0x8a][0xbc][0x91]I/[0x93][0xed][0x8a]p[0xa1][0xd7][0xf7]3[0xb9]S[0x91]#L[0x8e]2[0xb9]K[0x91][0x87][0x99][0xbc][0x89][0xc9][0xdd][0x8a][0x1c]c[0xf2]f&amp;[0xad][0x8a][0x1c]g[0xf2][0x16]&amp;m[0x8a][0xbc][0x95][0xc9][0xdb][0x98][0xec]P[0xe4][0x11]&amp;og[0xb2]S[0x11][0x9d][0xc9][0x0][0x93]][0x8a][0x18]LbL[0xee]Q[0xc4]d2[0xc8][0xe4]^E[0x86][0x98][0xc]3[0xb9]O[0x11][0x8b][0xc9][0x9]&amp;[0xbb][0x15]9[0xc9]$[0xde][0xd7]7Ut[0x6]l[0xa5]6-[0x8f][0x8d][0x91][0xff][0x2]PK[0x7][0x8][0xb1]6[0xdb]Y[0x1f][0x8][0x0][0x0][0x90][0x11][0x0][0x0]PK[0x3][0x4][0x14][0x0][0x8][0x0][0x8][0x0][0xd4]|D5[0x0][0x0][0x0][0x0][0x0][0x0][0x0][0x0][0x0][0x0][0x0][0x0]&apos;[0x0][0x0][0x0]javax/help/resources/Constants_zh.class}[0xd6]i\[0x14][0xe7][0x19][0x0][0xf0]g[0xb3][0x2][0xf][0xf7])b[0xa2]fH4Q[0x93][0x80][0x9a][0xab]Uc[0xab]X[0x82][0x9]A[\n]&quot;
2013-02-06 13:51:57,486 AAD-WS DEBUG wire:77 - &gt;&gt; &quot;hjm[0x9b][0xe][0xbb][0x3][0x8c][0xee][0xee]lfg[0x1][0x93][0xda]`&lt;[0x0][0xcf][0xa4][0x9]j[0x94]T[0xd0][0x1a][[0xf]$6*!,[0xe9]}[0xa4][0xf7]}[0xa7]G[0x98][0xdd][0xe5]S[0xbe][0xf5]c}[0x9f][0xd9]gf[0x8f][0xda][0xec][0x87][0x99][0x9d][0xff][0xfb][0xbc][0xcf]{[0xce][0xf1][0xde]&amp;[0xa7][0x1][0xa0][0x6][0xcc]&lt;[0x8]@O[0xe][0xf4][0xe6][0xc0].[0x84][0xe7][0x10][0x9e]G[0xf8][0x12][0xc2]n[0x84]/#[0xbc][0x80][0xd0][0x87][0xb0][0x7][0xe1]E[0x84][0xbd][0x8][0xfb][0x10][0xf6]#[0x1c]@[0xe8]G[0x18]@[0x18]D8[0x88]p[0x8][0xe1]0[0xc2][0x11][0x84][0xa3][0x8][0xc7][0x10]^Bx[0x19][0xe1]+[0x8][0xaf] [0xbc][0x8a]0[0x84]p[0x1c][0xe1][0x4][0xc2]I[0x84][0xd7][0x10]N&quot;
2013-02-06 13:51:57,486 AAD-WS DEBUG wire:63 - &gt;&gt; &quot;![0x9c]F[0x18]Fx[0x1d][0xe1][0xab][0x8]g[0x10]F[0x10]F[0x11][0xce]&quot;[0x9c]C[0xf8][0x1a][0xc2]y[0x84]7[0x10]. |[0x1d][0xe1][0x1b][0x8][0x17][0x11].!\F[0xb8][0x82]0[0x86]p[0x15]a[0x1c][0xe1]M[0x84]k[0x8][0xdf]Dx[0xb][0xe1]:[0xc2][\r][0x84][0x9b][0x8][0x13][0x8]o#L&quot;[0xbc][0x83]0[0x85][0x10]A[0x98]Fx[0x17][0xe1][[0x8][0xdf]F[0xf8][0xe][0xc2]w[0x11][0xbe][0x87][0xf0]}[0x84][0x1f] [0xfc][0x10][0xe1]G[0x8]?Fx[0xf][0xe1]&apos;[0x8]?E[0xf8][0x19][0xc2][0xcf][0x11]~[0x81][0xf0]K[0x84]_![0xfc][0x1a][0xe1]7[0x8][0xbf]E[0xf8][0x1d][0xc2][0xef][0x11][0xfe][0x80][0xf0]G[0x84]?![0xfc][0x19][0xe1]/[0x8]E[0xf8][0x1b][0xc2][0xfb][0x8]G[0xf8][0x7][0xc2]?[0x11][0xfe][0x95][0x3][0x1f][0xe4][0xc0][0x8c][0xb][0xb2][0xd7][0xaa][0x1][0xd5]X[0xe7][0x2][0xf7][0xd2]e[]0[0xa7]N[0xf3]*.(nT[0x3]JS[0xd8][0xdf][0xae][0xe8]mr[0xbb]OH~[0xa7]b[0xd4]i[0x1]C[0x9][0x18]![0x17]T.][0xb6]}{[0xe3][0xe][0xb9][[0xae][0xf5][0xc9][0x81][0xce][0xda][0xcd][0xed];[0x14][0x8f][0xb1][0xc6][0x5]y[0xad]ZX[0xf7]([0xf5]*[0xd5])[0x15][0x15]B[0x86],j&lt;[0xf3]\W[\r]E[0x17][0x80][0x6]A[0x17][0x94][0xdf][0xb2]nI[0xa6][0xb9]`n[0x97][0xe2][0xb][0x86][0x14][0xa3][0xa6]G[0xd7][0x2][0x9d][0xcd][0xe1]v[0x9f][0xea][0xd9][0xb4]Q[0xb4][0x1f][0x1d][0xbe][0x18];s&gt;vj[0x9f]d[0xa3][0xf4][0xfc][0x8a][0xdd].(K[0xab][0xd0][0xa6][0x1a][0xd4][0x8f]5[0xf1][0xab]C[0xe6][0xe9]is[0xfc]@t[0xa4][0xf6][0xec][0xc9][0xf8][0xd8]t,2631Iu&gt;[0x9c]:&lt;[0x13][0xe1][0x2][0xf3][0xe6][0xb5][0xf8][0xf5]Cf[0xdf][0x94]U[0xb6]r[0xf7][0x7]}/[0x8a][0xce][0xa6][0xa5]l[0xd0][0xfc][\n]&quot;
2013-02-06 13:51:57,487 AAD-WS DEBUG wire:63 - &gt;&gt; &quot;[0xf5][0xe0]1&apos;[0xa7][0xd4]e[0x91][0x94][0x96]U[0x12]9[0xed][0x82][f[0x9d]og[\r][0x85][0xdb][0x1b][0xc4][0xdf]V[0xc5]h[0xd3][0xb5][0xb0]5[0xd7][0x8b][0xcd][0x81][0xd3][0xe6];[0x93][0x92]([0xe2]()z[0xe2][0x86][0xd9]?9[0xfb][0xea]k[0x1f]N[0x9d][0x12][0xe9][0xad][0x14][0x15]v[\n]&quot;
2013-02-06 13:51:57,487 AAD-WS DEBUG wire:63 - &gt;&gt; &quot;[0xbf][0xec][0xeb][0xd0]t[0xbf][0xe2][0xdd][0xd2][0xd2][0xe8][0x82][0x5][0xd1][0x91])s[0xea][0x98][0x88][0x8d]_[0xbd]J3$[0xf4]V[0xb5][0xd4][0x80]G[0xd3]u1[0xcd]V[0xad][0xca][0xff][0x17]_[0x9a]&gt;[0xa3]J[0xaf]X[0x96][0x85][0xd6][0x8]&apos;[0x8e][0xc4][0xf7]F[0xcc][0xc3][0xfb][0xcd][0x97].E[0x8f][0xf7]G[0x87]/;[0x83]K_[0xb6]6-[0xd8][0xa8]t+&gt;[0xd1][0xb5]d=1[0x17][0xb3][0xa3]7b[0x93][0x17][0xc4][0xcc][0xc7][0xc7][0xc6]o1[0xd3][0xcd][0xb2].6[0x9b][0xb][0xac][0xe9][0x14][0xfd][0x8a][\r][0xdc]H[0xc4]:[0x9][0x9c][0xf6][0x9c]U[0xf][0x7][0xda]e[0xb1][0x81]&lt;[0x8a]W[0xcc][0xb0][0x88]3_[0xef][0x8f][0x8f][0x8e][0x8a][0xca][0x89][0x9a][0x92]=[0xa8][0xf4][0x96][0x1a]5[0x8f]L[0xf3][0xde][0x10][0xbf][0xf2][0x86][0xf9][0xf2]A1[0xf8]^[0xbf]o5mD)6[0xf8]v[0xb4][0xef]BbE&apos;[0x8e][0xc6][0xa6]&amp;c[0xc3]{[0xc4]JR[0xcb][0x92]y[0xec]`[\n]&quot;
2013-02-06 13:51:57,487 AAD-WS DEBUG wire:63 - &gt;&gt; &quot;[0xac][0x12]p[0xe0]Z[0xec][0xe2][0x1e][0xab][0x81][0xca]d[0x8f]v[0x6][0xb4][0x9e][0xc0]VE[0xf][0xa9]Z@[0xb4][0xcc];wp[0xc0][0x9a]0[0xee]O[0x95][0x1a][0xf0]*[0xbd]bI[0xba]e[0x9f][0xea][0xdd]D[0x17][0xf5]bEe1[0xfc]EN[0xa7][0xa2]&apos;F[0xa2]C[0x3]4[0x13]o[0x9d]5[0xa7][0x86][0x12][0xcb],[0x16]4Q7[0xb3][0xa1]RC[0xf3]d[0xde]6[0xdc]x[0xc6]=SA[0x91][0xdc]t[0xdb][0xe6][0xba][0x8f]j[0xf8][0xf4][0x98][0x19]q[0x1a].[0xa3]z[0x99][0xcd]J[0x1d]r[0xb7][0xa6][0xab][0x86][0x12][0xb2]S[0xd6][0xdb]`&apos;[0xae]~Z[0xd6][0x3]j[0xa0]s[0xb5][0xb4])[0x11]!9!R[0x7][0xc7]T%[0xd3]d[0xb6]P[0xb1]%[0x1][0x12][0xb][\r][0xa2]F[0x8c][0xd7]/[0x7]3[0xc7][A[0xc6][0xdd]xJ[0xe]~[0xc4][0xc8][0xa2]&apos;G[0xcc][0xf1]}[0xce][0xc8][0xa8]^f[0xbb][0xc5][0x89]y[0xee][0x10][0xa7]F[0xb9][0x9d][0xb6]sn[0xf4][0xcc][0xf9][0xe8][0xe0][0xb4][0xc8]#[0x1e]^!E[0xd6]=][0xa9][0xc5]EL][0xaa][0xb1]Q[0x9]y[0xc4][0xa0][0xe8]6[0x19]=73qE[0xdc][0xcb][0xb1][0xa3][0xe3][0xd4][0xee][0xe5][0xd1][0xe8][0xd0][0xb8]h[0x91]c[0x9f][\r][0x8b][0xbe][0x1a][0xbb][0xd2][0xe2])l[0xb8]o&amp;r4&gt;z[0xde][0xdc][0xf3][0xae][0xd8]m[0xe2]q[0xec][0xe4][0xee][0xec][0x12][0xcf][0xee][0xd9]K&apos;[0x93][0xed][0xf9]Uo[0x82][0xb3][0xe3][0xd3]{[0xad][0x92][0xbc]d[0x89]P[0xd1]~[0xec][0xca][0xa0][0xb][\n]&quot;
2013-02-06 13:51:57,488 AAD-WS DEBUG wire:63 - &gt;&gt; &quot;[0x93][0xea][0xd3]z[0x12][0xe1][0xa2][0x95]d[0xb8][0xa5]n[0x8b][\n]&quot;
2013-02-06 13:51:57,488 AAD-WS DEBUG wire:63 - &gt;&gt; &quot;[0x93][0xeb]!{E[0x12][0xf7]z:[0x96]$UW[0xfc]Z[0xb7][0xb8][0x87][0xb2][[0xf8]OJY[0x87][0xe6][0xf3]*[0xba][0xc8][0xdb][0xa4][0xf4]H[0xf5]|Q[0x94],[0xf][0xc8]~QaN[0x93]uJi[0xc9][0x13][0x16][0x8b][0xe5][0xae][0xa3]cqR[0x83]r[0xc8][0x10]qY[0xcd][0x89]sJ[0x1e][0x8f][0x16][0xdc]e[0xbd][0xc2][0xe8]T[0xd2][0xa5][0x86][0xc]M[0xdf]UCO[0xe1]f[0xb9]S[0x84][0xe6][0xd2][0xc3][[\n]&quot;
2013-02-06 13:51:57,488 AAD-WS DEBUG wire:63 - &gt;&gt; &quot;Z[0xff]+[0xec]b^f~UT[0xac][0xe5]k+L2H[0xd7]Y[][0xf3][0x19]j[0xb0]f[0x83][0xec][0xd9][0xb9][0xde]cX[0x1b]&quot;wf[0xe2][0xe0][0xcc]D[0xdf][0xec][0xe8][0xf5][0x94][0x80]&amp;[0xf1][0x80]L[0x9]8d[0x7][0x94][0xdb][0x1][0xcd][0xba][0x1a]p&quot;[0xb2][0xa3][0x83][0xaf][0x98]G[0xc4][0xfa]W[0xa5][0x15][0x8b][0x97]A8[0xe8]d[0x11][0xf5][0x13][0xef][0x16][0xeb]VM[0x84][0xb5](&gt;M[0xf6][0xda]![0x5][0xb3][0xfd]G[0xa2][0xc7][0xc7][0xe3][0xe7][0xf6][0xc7]#[0x91][0x94][0xce][0xd0]x[0xed][0x98][0xe2][0xc7]5[0xc9][0xd0][0xac]w[0x12]OA[0xa9][0xec][0xf1]([0xa1]P[0xda][0x98][0x8a][0x9b]u[0xa5][[0xd5][0xc2]!iC[0xd8]0[0xac][0xdb][0x8d][0xa3][0xc4][0xcd][0xd3]#[0xeb]N[0x93][0xf9]4[0xd0][0xff][0x9]jHL[0xaa][0x1d]T[0xc4][0xd7]N\[0x19][0xc7][0xa5]MB[0x81]u[0xe5][0xc4][0xcc]K[0x8d]I[0x9b][0x89]RZF[0xc9]&quot;&apos;[0xba][0x9c][0xa3][0xd3]&apos;[0xa4]0q[0xe9]D[0xd9]CM[0x9d][0x90]|k7[0xd8][0x11][0x95][0xf6]0[0xed][0xdd]d[0x87][0xcd][0x13];[0x9d]&amp;.[0xf9][0x8c][0xca][0x1c][0xb4]&apos;[0xf1]Y[0xb4]UUz[0xac][0x8d][0xcd][0x9f]I[0x92][\r][0xd5][0xf4]][0xd3][Ko[0x84]Z][0x9]Y[0x1f]H[0xa1][0xda][0xd4]o#[0xf1]f[0xb4][0xbe]}[0xc2][0x86][0xea][0xab]m[0x14]s[0xd6][0xc2]a[0x1b][0xc2][0x1][0xaf]O[0x81]j[0xf0][0x8b][0x8f]^[0xfa][0xdd][0x6].[0xfa][0x84][0x12][0xc7]g[0xc5][0xd5]Bqv[0x89]s[0xd6][0xf2][0x9b][0xe0]zS[0xfc]q[0x81].[0x8e][0xd9][0x16]J[0xe2][0x18][0x2]#[0x11][0xea][0xfe]7[0xe4][0x90][0xba][0xdf]/y4[0x2][0xb7]msgE[0xc0][0xbd][0xcd]]6[0xa7]u[0xdb][0x9c][0xb2][0xac]Vqd[0xc8]&amp;[0xc8][0x11][0x90][0xc5][0x80][0x4][0xb9][0x2][0xb2][0x19][0xf2][0x8][0xf2][0x5][0xe4]0[0x14][0x10][0x14][\n]&quot;
2013-02-06 13:51:57,489 AAD-WS DEBUG wire:63 - &gt;&gt; &quot;@[0x86]&quot;[0x82]b[0x1]%v[0x9d][0x12][0x92]R[0x12][0xbb]R[0x19]I9[0x89]][0xab][0x82]d.I.K%[0xc9]&lt;[0x92]&lt;[0x96]*[0x92][0xf9]$[0xf9],[0xb7][0x93][0xdc]AR[0xc0][0xb2][0x80]d!I![0xcb]&quot;&apos;[0xa6][0x88][0xe5]N[0x12][0x89][0xa4][0x98][0xa5][0x9a][0xe4].[0x92][0x12][0x96][0xbb][0x9d]Z[0xa5],[0x8b]I[0x96][0x90][0x94][0xb1][0xdc]Cr/I9[0xcb]R&apos;s[0x5][0xcb]2[0x92][0xe5]$sY[0xee]s2W[0xb2][0xdc]O[0xf2][0x0][0xc9]&lt;[0x96][0x1a]G[0xaa]XjIV[0x90][0xcc]gYI[0xb2][0x8a][0xe4]v[0x96][0x7]I[0x1e]&quot;[0xb9][0x83][0xe5]a[0x92]GH[0x16][0xb0]&lt;J[0xf2]1[0x92][0x85],[0x1f]&apos;YM[0xb2][0x88]e[\r][0xc9]Z[0x92];Y[0x1e]#YG&quot;[0xb1]|[0x82][0xe4][0x93]$[0xd5],[0xeb]I6[0x90][0xdc][0xc5]RG[0xb2][0x91][0xe4]n[0x96]O[0x91][0xd4][0x93],fy[0x9c][0xa4][0x81]d[0x9][0xcb]&amp;[0x92]&apos;H[0xee]ay[0x92][0xa4][0x91][0xe4]^[0x96][0xa7]H[0x9a]H[0x96][0xb2]l&amp;i&amp;Y[0xc6][0xf2]i[0x92][0x16][0x92][0xe5],[0xb4][0xd1][0xcb][0xda]H[0xee]c[0xd9]B[0xb2][0x95][0xe4]~[0x96][0xa7]I&gt;C[0xf2][0x0][0xcb]6[0x92][0xcf][0x92][0xd4][0xb0]l&apos;[0xf9][0x1c]I-[0xcb][0xe7]I[0xbe]@[0xb2][0x82][0xe5][0x19][0x92]/[0x92][0xac]d[0x91]I[0xda]IV[0xb1]xH[0xbc]$[0xf][0xb2]($[0x1d]$[0xf][0xb1]t[0x92]t[0x91]&lt;[0xcc][0xa2][0x92][0xec] y[0x84]e&apos;[0x89][0xaf][0xb5]u&lt;[0xe3][0x19][0xb0]D[0x1c][0xc3][0xd6]c[0xa3][0xfb][0xbf]PK[0x7][0x8][0xdf][0x8a][0xee][0xe2][0x96][0x7][0x0][0x0]A[0xf][0x0][0x0]PK[0x3][0x4][0x14][0x0][0x8][0x0][0x8][0x0][0xd4]|D5[0x0][0x0][0x0][0x0][0x0][0x0][0x0][0x0][0x0][0x0][0x0][0x0]&apos;[0x0][0x0][0x0]javax/help/resources/Constants_sk.classm[0xd6][0xf9][0x1b]G[0x15][0x0][0xf0][0xa7]:[0x8e][0x9f][0x93]8&gt;[0xe3][0xc4]m[0xd2][0xac][0x93][0xb6]q[0xd2][0xd6]N[0xd2][0x13]7[0x4][0x1a][0x87][0x90]P[0xc7]1[0x96]kH[0x2][0x94][0xd1][0xee][0xd8]Zk[0xb5][0xa3][0xee]![[0xe][0xe1]n9][0xee][0xfb][0x14][0x10][0xa0]@[0xa0][0xa5][0x85][0x82][0xc1][0xe6]X[0x9b][0xa3][0xdc][0xf7]}[0xff][0x3][0xfc][0x5]|xo5+Yr[0xfc][0x83]d}[0xe7]x3o[0xdf][0xce][0xee][0xb3][0xff][Z[0x1][0x80]A[0xf8][0xcf][0x16][0xc8]C[0xb1][0x5][0xe6]Z`[0x1e][0xa1][0x84][0xb0][0x80]p[0x9][0xe1]U[0x8][0x97][0x11]^[0x8d][0xf0][0x1a][0x84][0xd7]&quot;[0xbc][0xe][0xe1][0xf5][0x8]o@x#[0xc2]#[0x8][0x8f]&quot;[0xbc][0x9][0xe1][0xcd][0x8]oAx+[0xc2][0xdb][0x10][0xde][0x8e][0xb0][0x88][0xf0][0x18][0xc2];[0x10][0xde][0x89][0xf0].[0x84]w#[0xbc][0x7][0xe1][0xbd][0x8][0xef]Cx?[0xc2][0x7][0x10]&gt;[0x88][0xf0]![0x84][0xf]#|[0x4][0xe1][0xa3][0x8][0x1f]C[0xf8]8[0xc2]&apos;[0x10]&gt;[0x89]PF[0xf8][0x14][0xc2][0xa7][0x11]&gt;[0x83]p[0x5][0xe1][0xb3][0x8][0x9f]C[0xf8]&lt;[0xc2][0xe3][0x8]_@[0xf8]&quot;[0xc2][0x97][0x10][0xae]&quot;|[0x19][0xe1]+[0x8]O &lt;[0x89][0xf0]U[0x84][0xa7][0x10][0x9e]F[0xf8][0x1a][0xc2][0xd7][0x11][0x9e]A[0xf8][0x6][0xc2]7[0x11][0x96][0x10][0xbe][0x85][0xf0]m[0x84]e[0x84][0x15][0x84][0xef] |[0x17][0xe1]{[0x8][0xdf]G[0x88][0x10]V[0x11][0xd6][0x10]~[0x80][0xf0]C[0x84][0x1f]![0xfc][0x18][0xe1]Y[0x84][0x9f] [0xfc][0x14][0xe1]g[0x8]?G[0xf8][0x5][0xc2]/[0x11]~[0x85][0xf0]k[0x84][0xdf] [0xfc][0x16][0xe1]w[0x8][0xbf]G[0xf8][0x3][0xc2][0x1f][0x11][0xfe][0x84][0xf0]g[0x84][0xbf] [0xfc][0x15][0xe1]o[0x8]G[0xf8][0x7][0xc2]?[[0xe0]_-[0xf0][0xef][0x14]l&gt;f[0xbb]vp&lt;[0x5]M[0x3][0x7][0xa7]R[0xb0]iDY2[0x5][0xed][0xa3][0xb6]+[0xc7][0xc2]|Fz[0x93]&quot;[0xe3][0x90]l[0x9d][0x91][0xc1][0x88]r[0x3][0xe9][0x6]~[\n]&quot;
2013-02-06 13:51:57,490 AAD-WS DEBUG wire:63 - &gt;&gt; &quot;z[0x7][0xe]^[0xbc]8:+[0x8a]b[0xc8][0x11][0xee][0xcc][0xd0][0xb9][0xcc][0xac]4[0x83][0xfb]R[0xb0]%[0xad]B[0xcf][0x94][0xa7]l[0x1e][0xd3]I[0x3][0xfc]@[0xd0][0x88][0x87][0xfc][0xdc] [0xf7][0xde][0x6].[0xa8][0x14]t_slG[0xa3][0xa5]`GV:[0x5]_[0x6][0x83]s[0x9e]rg[0xc6][0xc3][0x8c]c[0x9b]gN[0x92][0x8f][0xc9][0x5]7*[0xe7][0xa5][0x91][0x98]q[0xe9][0xf0][0xe5][0x14]t[0xd5][0xf5][0x9f][0xb4][0x3]^[0xc6][0xf0][0xb8][0xca][0x85][0xbe][0xa1][0xc]W[0xd0]j[0x8a][0xd2][0xb5][0xa5][0x11]7[0x11][0xf0]0[0xfd]#\[1[0xf2]Q[0xd9][0xc8]*[0xcb]UAh\:ry[0x90][0x96]Z7[0xe3]i[0x95][0x97][0x1c][0xff][0xd8]5[0xa6][0xcc][0xc6]m[0xc9][0x9c][0xfa][0xd7][0xb5]&apos;[0xed]K&amp;[0xf5][0xc3][0xcc]i[0xfa]7-[0x83]IO[0x85]q[0xa2][0xf][0x8d]{*[0xe3]D[0x8f][0xe7][0x8d][0x82]g[0x1b][0xc5]RP[0x8c][0xca][0x9e]p[0xa3][0xab][0x6]u[0xd6][0xe3][0xc2]a[0x8e]A[0x13][0xf5]$[0x13][0xe5][0x85]3[0xad][0xbc][0xbc][0xb4][0x1e][0x9c][0x18][0xa5][0xf9]G[0xb2][0xa5][0x8c][0x1b]-[0x1b]lQ90H7[0xc][0xb1]]Sy[0x1e][0xa5]9[0x1e][0xd2]3&amp;[0xfd][0x82][0x17][0x95][0x8b][0xae]\[0xdf][0xbb][0xb3]&gt;[0xa1]r[0x9e].J?[0xef][0xcf][0x95][0xf9][0xe8][0xe9][0xb5][0x15]i[0xa8][0x8c]/[0xb2][0xaa]([0xd6][0xae][0x18][0x1]5[0xeb][0x1d][0xd6]_[0xb8]IU[0x18][0x95]E[0xe9][0xa4]`[0xf][0x8f][0xad][0x86]*[0x19][0x81]*[0x18][0xe]7[0x19][0x81][0x98][0xd9][0x90][0xee]q[0xe1]Q[0xbd][0xa5][0xe0][0xc0][0x84][0xb2][0xec][0xd5]EU[0xf4]s[0xb4])[0xea]i[0xd4]-!S[0xa2][0xe0][0x95][0xb8][0xd5][0x2][0x8][0xdd][0x8c][0xa0]R2[0xa5][0x15]WK[0x98]S[0xee][0xea][0xa2]tk[0xc3]7[0x4][0x1b]U[0xa6][0xd0][0xe5][0xb2][0xa0][0xbc][0xfe]ac&gt;[0xef][0xc]s5[0x1a]&quot;[0xf0][0xec]L[0xb4][0x14][0xc4]Qg[0xa5]Q4h[0xb6]i[0xc7][0xce][0x5][0xd2][0xf0]9[0xb0]![0xf8][0xfb]([0x15]`o-~[0xce]Us[0xee][0x94][0xf4]|[[0xb9]q~[0xe3][0x8a][0x15]FQz[0xb][0xb6][0xd0]K[0xd8]e[0xbb][0x96][0x9c][0xa7]kQ[0x14][0x8e]m[0x9d][0xe1][0x1f][0xa7][0xe8][0x9a][0x9]Ns[0xb2][0x8e]X[0xe3]*2[0xeb]/+[0xcd]Z[0x19][0xde][0x18][0xac]3Pf[0xe3]-[0xd3][0xc3][0xa6][0xe3]L[0x9e][0x1b]I[0xa2][0xec]M[0xa2][0x90]];F[0x17][0xf]l[0x8c]`L[0x8b][0xa2][0xf2][0xec]@[0xfa][0xc9][0x9c][0xa7][0x12]Hf&gt;[0x9c][0xcc][0xbc][0xee]r&apos;[0xf5][0xe8]GK[0x19][0xe5][0x85]Fu[0xd0] %[0x9b][0xb2]Q[0x9b][0xb5]1`ou[0x96][0x86][0xc]v[0xe6]Ea[0xc3]^[0xd9][0xf4][0xba][0xce][0x8a]B[0xb2][0xa2]}[0xc9][0x8a][0xc8][0xe2][0xbd][0xba][0x1b]VF[0xdb][0xe5][0xb1][0x8d][0xd1][0xdb]+y[0x9e][0xa6][0xaf]Q[0x91][0xe1]Bn[0x9b]*eWW[0x84][0xc5]u?l[0xd0][0xe1][0xe5]K[0xe1][0x99][0xd9][0xf5]][0xb6]k[0xca][0xda][0xc1]I[0xe9][0x9b])[0xd8]=[0xae][0xa8][0x6][0x3][0xa3][0x18]-[0xfb][0xb9]R[0xa0][0x8a]TI[0x16][0x1d]$y*r*[0xbc].[0xdd][0xff][0xe1][0x90][0xd6][0x1d][0x94]*c:[0xcf][0xda][0xd2][0x13][0xb4][0xd2][0x82]&apos;}W[0xf9][0x81]Mgqu[0xe2][0x99],[0xfd][0x1a][0x13][0xb3][0xc5][0xd2]Zy[0xad]l[0x8b]Z[0xd0][0xbc]mU[0x9a][[0xa6]J[0xbe][0xca]Ee:[0x9b]kM)[0xc0]t[0xe0]I[0xcb]eo[0xab][0xb9][0xa3][0xe6][0xe8][0x91]0[0x16]]][0xc8][0x89][0xda][0x80]X9[0x8c]k&apos;a[0xda]jWJX4[0xdd][0xe6]q[0xcf][0xb6][0xc4],[0xe5][0xa1][0xd6][0xe0][0xc9][0xbc]*[0xd2][0xbe][0x9a]/[0xe4][0xc5][0xda]J][0xd3][0xb4]r,[0xe9][0xd1][0xe2].8jm[0x85]cm[0xaf]5[0xba]&quot;/[0xe3]U[0x94][0x17]T[0xb1].[0x94][0x19][0xd2][0x5]j[0xa5][\r][0xd1][\r][0x99]u)[0x13][0xed][0xb5][0xb6][0x2][0x9d][0xc4][0x1c]l[0x8a]g[0xac][0x9b][0xcf]T[0x85][0x12]m[0xf8][0x1]U[0x88][0xae]z![0xaf]1k[0xfb][0x81][0xf2]J[0x83]|H[0x8f][0x8b][0x19][0xce][0xfd]I[0x95][0x8f][0x8f][0x97][0xb2]A[0x93]Ge[0x97][0xd7][0xd4][0x93][0xf4][0xd3][0xe5][0xa0][0x9f]&apos;}[0xc7][0xdc][0xca][0xbd]L[0xc7][0x97][0x1d][0x84]N2[0xa2]t&lt;[0xbe]Y[0x94][0x13][0xd8][0x85][0xc1][0x13][0xc2][0xcc][0xdd]o[0x6]q[0xf5]t[0x8c]S[0xaa][0xcd]lT[0xb6][0x16][0xc4]l[0xb4]d[0xd2][0x1c];[0x92]~T[0x9b]s[0xc2][0xb3][0x92][0xae][0xb8][0xfa][0x98]p([0xc5][0xd4][0xa5];[0xe9]B[0xa9]u[0x83][0xa4]C[0xf3][0xa4]#V[0x17][0xe9]V[0xa9]k[0xa5][0x7]HXH[0xba]t[0x8f][0xd5][0x1e]J[0xc9][0xd2][0xe2][0xfb][0xbf]2`B:J[0xd4][0x2][0x9e][0xcb][0xb8][0xaa]h[0xaf]]I[0xc1][0xce][0xea][0x9a][0x92][0xd4]%[0x9d][0x8c][0xca][0xd5]5rt[0xda][0xaf][0xae][0xd0][0xbd][0xcb][0x7])=[0xa0]T|[0xf5]([0x13][0xeb]6[0xce][0x8f][0xc8]d\[0xdf][0x5][0x95][0xf1][0xc4][0x2][0x15]y%[0xb9]K[0xc9]zB*la[0x9a][0xd2][0xf7][0xeb][0x12][0xd5][0x92].[0xd8]&quot;[0x88]W[0xab][[0x1b][0xd2][0xd3]&lt;E[0xb7][0x81]Uk&gt;][0xb9]@Is+[0xff][0x8e][0x9e][0xf2][0xb8]B[0xbb]t[0x97][0xba][0xec][0xed]\[0x8f]uI[0xeb]\[0x97][0xb4]8[0xc5]|[0x5]t[0xef][0xfa][0x8c][0xb5][0xc6][0x19][0xe3][0x8e][0xb5]M[0xac][0xdf][0xf4][0xba]RJWK[0xa9]7[0xd9]Ocj[0x93][0x9d][0x98][0x95]w[0xab])[[0xce][0xf1][0x8d][0xd1]E%[0x93]ul:_V[0x17]+[0x8f]XJY?[0xbf] [0xcd][0xf][0xf1]#f[0x88]N[0x83][0xf8]M[0xcb][0x1f]Z[0xff][0x92]EgL[0xfc][0x12][0x15][0x6][0xb6]34J[0xc9][0x98][0xd0][0xdd]N[0x84][0xae][0xe5]H[0xe8][0x7][0x87]^[0x9d][0xf9][0xef]:H[0xf1][0xbb][0x18]}[0x16][0xe8][0xd7][0x1e][0xfa]N[0xd1]w[0xf3][0xa1]g [0xf5]$[0xfd][0x93][0x82][0x87][0xe9]ss[0x8c][0xfb][0xe9][0xd3][0x3][0xbf][0xd2]u[0x13]B[0xb]k[0xd3];[0xee]][0x86][0xeb][0xce]75/C[0xd3][0xf9][0xa6][0xae]M[0xe9][0xf3][0x9b][0xba][0x9a][0xd3][0xf4][0xa9]a3C[0xb]A[0xb3][0x6]dh%[0xd8][0xac]a[0xb][0xc3]V[0x82][0x16][\r][0xdb][0x18][0xda][0x8]P[0xc3]v[0x86]v[0x82][0x8e]dL[0x7]K&apos;K2[0xa8][0x8b][0xa5][0x9b]%[0x19][0xd5][0xc3][0xb2][0x83][0xa5]UK/[0xcb]N[0x96]-Zv[0xb1][0xf4][0xb1]l[0xd5]r=[0xcb][\r],[0xdb][0xb4][0xec]f[0xd9][0xc3][0xd2][0xa6][0xe5][0xc6]j[0x9f][0xed]Z[0xf6]&amp;[0xdb][0xee]h[0xd7]b[0xb0][0xf4][0xb3]th[0xd9]W[0x1d][0xd5][0xa9]e?[0xcb]M,]Znf[0xb9][0x85][0xa5][[0xcb][0x81][0xea][0xcc]=Z[0x6]X[0xe][0xb2][0xec][0xd0]r[0xa8]:s[0xaf][0x96][Ync[0xd9][0xa9][0xe5][0xf6][0xaa][0xec][0xd2]2[0xc8]2[0xc4][0xd2][0xa7][0xe5]0[0xcb][0x11][0x96][0xeb][0xb5][0x1c]e[0xb9][0x83][0xe5][0x6]-w[0xb2][0xdc][0xc5][0xb2][[0xcb][0xdd],[0xf7][0xb0][0xec][0xd1]r/[0xcb]sXn[0xd4]2[0xcc]r[0x1f][0xcb]^-[0xc7]X[0x9e][0xcb]bh9[0xce][0xf2]&lt;[0x96]~-[0xcf]g[0xb9][0x9f]e[0x9f][0x96][0x13],#,[0xfb][0xb5][0x9c]dy[0x1][0xcb]MZN[0xb1][0xbc][0x90][0xe5]f-[0xa7]Y[0xce][0xb0][0xdc][0xa2][0xe5]E,[0xf][0xb0][0x1c][0xd0]2[0xca]r[0x96]e@[0xcb][0x18][0xcb]9[0x96][0x83]Z[0xc6]Y^[0xcc]rH[0xcb][0x4]K[0x9a][0xe5]V-[0x93],[0xf][0xb2][0xdc][0xa6]e[0x8a][0xe5]%,[0xb7]ky)[0xcb]y[0x96]A-[0x17]X.[0xb2][0xc]iy[0x19][0xcb][0xcb]Y[0xe]ky[0x5][0xcb]C,G[0xb4][0xbc][0x92]E[0xb0][0x1c][0xd5][0x92][0xa9][0xae][0xe7][0xe]-&amp;[0x8b][0xc5]r[0xa7][0x16][0xc9]2[0xcd]r[0x97][0x96][0x19][0x96],[0xcb][0xdd]Z[0xec][0xea][\n]&quot;
2013-02-06 13:51:57,490 AAD-WS DEBUG wire:77 - &gt;&gt; &quot;[0xef][0xd1]2[0xcb][0x92]K[0xa7][0x9f]h8[0x15][0x6][0xe8]3[0x88][0xf][0x92][0xf0][0xff]PK[0x7][0x8][0x11][0xc3]u[0x8d][0xba][0x7][0x0][0x0][0x99][0xf][0x0][0x0]PK[0x3][0x4][0x14][0x0][0x8][0x0][0x8][0x0][0xd4]|D5[0x0][0x0][0x0][0x0][0x0][0x0][0x0][0x0][0x0][0x0][0x0][0x0]&apos;[0x0][0x0][0x0]javax/help/resources/Constants_pl.class[0x95][0xd6][0xf9]TW[0x15][0x0][0xf0][0xf3][0x1a][0x92][0x1c][0x2]!+![0xb4]P[0x1e][0xa5][0xb4]@i[0x2][0x94][0xd2][0x9a]&quot;J[0x88][0x8]6[0x84][0x91]$ E[0xad]w[0xde][0xbb]I^[0xe6][0xbd]w[0xa7]o[0xc9][0xe4][\r][0xe2][0x82]`m[0xdd]w[[0xdc][0xf7][0xdd][0xd6][0xaa][0xb5][0x8]ui[0xc6][0xa5][0xee][0xfb][0xae][0xff][0x82][0x81][0x1f][0xcf][0x99]w[0xdf]LfP&gt;[0x1f][0xf3][0xc3]d[0xe6]{[0xcf][0xb9][0xcb][0xb9][0xf7]-[0xcf][0xff][0xfb][0xf2][0xb3][0x0]0[0x4][0xff][0xec][0x80][0x2]D[0xed][0x10][0xb7][0xc3][0x2]B[0x9]a[0x11]!A(#[0x9c]Ex-[0xc2]9[0x84][0xd7]![0xbc][0x1e][0xe1][\r][0x8]oD8[0x8f][0xf0]&amp;[0x84][0xb][0x8][0x17][0x11][0xde][0x8c][0xf0]0[0xc2][[0x10][0x1e]Ax[0x14][0xe1][0xad][0x8]oCx;[0xc2];[0x10][0xde][0x89][0xf0].[0x84]w#[0xbc][0x7][0xe1][0xbd][0x8][0xef]Cx?[0xc2][0x7][0x10]&gt;[0x88][0xf0]![0x84]&quot;
2013-02-06 13:51:57,491 AAD-WS DEBUG wire:63 - &gt;&gt; &quot;[0xc7][0x10][0x1e]G[0xb8][0x84][0xf0]a[0x84][0x8f] |[0x14][0xe1]c[0x8][0x1f]G[0xf8][0x4][0xc2]&apos;[0x11]&gt;[0x85][0xf0]i[0x84][0xcf] |[0x16][0xe1]s[0x8][0x9f]G[0xf8][0x2][0xc2][0x17][0x11][0xbe][0x84][0xf0]e[0x84][0xaf] |[0x15][0xe1]k[0x8]O &lt;[0x89][0xf0]u[0x84][0xa7][0x10][0xbe][0x81][0xf0]M[0x84]o!&lt;[0x8d][0xf0]m[0x84]g[0x10].#|[0x7][0xe1][\n]&quot;
2013-02-06 13:51:57,491 AAD-WS DEBUG wire:63 - &gt;&gt; &quot;[0xc2]U[0x84]g[0x11][0xbe][0x8b][0xf0]=[0x84][0xef]#[0xfc][0x0][0xe1]9[0x84]%[0x84][\n]&quot;
2013-02-06 13:51:57,492 AAD-WS DEBUG wire:63 - &gt;&gt; &quot;[0xc2][0xf][0x11]~[0x84][0xf0]c[0x84][0x9f] &lt;[0x8f][0xf0]S[0x84][0x9f]![0xfc][0x1c][0xe1][0x17][0x8][0xbf]D[0xf8][0x15][0xc2][0xaf][0x11]~[0x83][0xf0][[0x84][0xdf]![0xfc][0x1e][0xe1][0xf][0x8]D[0xf8][0x13][0xc2][0x9f][0x11][0xfe][0x82][0xf0]W[0x84][0xbf][0xb5][0xc3][0xdf][0xdb][0xe1][0x1f][0x6][0xb4][0xed]w|&apos;:`@[0xcb][0xb6][0xed]&apos;[\r]XqH[0xd9][0xd2][0x80][0xae]q[0xc7][0x97][0x13][0xb1][0x97][0x97][0xc1][0x94][0xc8][0xbb]$[0xab]fetH[0xf9][0x91][0xf4][0xa3][0xd0][0x80][0x81]m[0xdb][0xcf][0x9c][0x19][0x9f][0x17][0xb]b[0xd8][0x15][0xfe][0xec][0xf0][0xf1][0xfc][0xbc][0xb4][0xa2][0xfb][0xc][0xe8][0x98]Tq`[0xc9][0xc3][0xe][0xe7][0xf4]PB[0x18][0x9][0xca]x[0xb0][0xe8][0xe]q[0xf4]jp[0xc1]3[0xa0][0xef][0xbf][0xe6]v7[0x9b][0x1]k[0xe7][0xa4][[0xc]e4T[\n]&quot;
2013-02-06 13:51:57,492 AAD-WS DEBUG wire:63 - &gt;&gt; &quot;[0x94]?[0x9b][0x8b][0xf3][0xae]c[0x1d][0x1d]#[0x9f]pd[0xd9][0x17][0xbe]433[0xcf][0xee]:g@oC[0xfc][0x94][0x13][0xf1]4Fs[0xc1]sO[0xe5][0x85][0x19][0xd3]\J[0x8e][0xf4][0x1d]aFI[0x14]W[0xce][0xc7][0xa6]/8[0xcf][0xf4][0x1c]O[0xed]4+W[0xa4][0xe9][0x9]s&gt;[0xa6]ofI[0x4][0x91][0xaa]\Zz[0xd8]&lt;[0xbb][0xfb][0xdc][0x10]M[0xb9][0xa1][0xe7]#[0xca][0x93]&lt;[0x8f][0x83][0xd7]v=Wm[0xfa]?z^[0x9f][0xf5][0x1c][0xc6][0xf9]#[0xf4]uRFS[0x81][0x8a][0xab]U[0xdf]1Z9[0xbf]t[0xd1]6Kf[0x14][0x88][0x82][0xe5]H3*[0xa9][0xa0]\[0x1d][0xa8][0xa8][0xec][0xa2][0xf2][0x94][0x95][0x8c][0xf0]H[0xd4]Q[0xd6][0x91]&apos;[0xdc][0x19][0x15]x[0xd2][0x9e]&gt;1n[0xc0][0x86][0xca]3[0xae]4C[0x16]Z[0xb3]*[0x9]?1[0xa9][0xe1][0x9a],[0xc7][0xb7]T[0x10]P[0xd9][0xab]Y\[0xe1][0xa2]*[0x6][0xa2][0xd4][0x18][0xde][0xd3]Xa[0xb9]H[0xbb][0xb4][0x85]W[0xea][0xd3][0xe4]&lt;[0xc5]+-s)[0x2]A[0xb][0x8c]d![0x8c]b[0xbd][0xce][0xc6][0xbd][0x9c]R[0xc5]q[0xb9] ][0x3][0xf6]6f[0xe7][0x13]J[0xa4][0xbd][0xb5][0xca][0xbe]Sp[0xa4]G[0x95][0x9c]/%[0x95]+aY[0xce]*Zt[0xd9]Q^|[0xcd][0x86][0xe4]D@&apos;[0x93][\n]&quot;
2013-02-06 13:51:57,493 AAD-WS DEBUG wire:63 - &gt;&gt; &quot;Fc5w[0xe6][0xb]{y[0xb6]+[0xf4]Zj[0xa7]%[0xf6][0xf3][0x82][0xce][0x9d]%m[0x3]6[0xf2][0xd1][0xaa][0xfe][0xc][0xd3]Ze[0xb9]:[0xa9]q[0xdc]qe[0x9][0xde][0xa8][0xe3][0xd3]%1+FL[0x11][0x5]I&gt;[0x8e][0xcc]E[0xcf][0x1d][0xe1][0x93]\=[0x4][0xf3]2[0x8c]h[0xb][0xb][0xca][0x9f]q[0x9d][0xea].[0x96]M[yI[0xe5][0x92][0xeb]&apos;[0x1e][0x97][0xc7]t[0x1a]`[0xf][0x1d][0xe5][0x81][0xfa][0xe4][\n]&quot;
2013-02-06 13:51:57,493 AAD-WS DEBUG wire:63 - &gt;&gt; &quot;[0xbe]*[0xf9]&apos;e[0x10]:[0xca][0xa7][\r][0xd3]g_[0x98]%[0xa2][0xf9]l1[0x83][0x8e]o[0xcb]E[0xda][0xc5][0x5][0xe1]:[0xf6]Q[0xfe]q[0x98][0xb6]\PQ[0xb6][0xea][0xc9]U[0x91][0xf]&quot;[0x15][0x88]w[0xd6][0xb1][0xf9]&lt;$[0xe6][0x8c][0x8e][0xeb]O[0xbb]h[0x1e][0xb0]&apos;R[0xd6][0xff][0xba][0x0][0x93][0xa6][0xb][0xb0][0x9f]c[0xf5][0x1c][0xa6][0x8e][0x1f][0xca]f[0xb0]E[0xcf][0x80][0xe8]:[0xe3][0xf7]rr[0xf3][0xe8][0xe6][0x8c]XP[0x81][0x13][0xc9]0[0xeb][0xf7]p[0x6]Y[0xef]{t[0xef]9[0xaa][0xae]Yk[0x1d][0xa2]=[0xb8][0xce]`[0x83][0xf5]~[0xaf]Y[0xb0]&apos;[0x8a][0xcd][0xb][0xee]g[0xd3][0x13]8&amp;[0x8a][0xcd][0xb]#[0xba][0xde][0xc2]8[0xb9]y[0x94][0xae][0xb4][0xda]3[0xf4]o\[0xe4][0xf9]JX[0xf9][0x0][0x9d]u[0xbb]ry[0xc4][0xa4][0x9b]a(E`[0xcd]-o^[0xa3]i[0xce][0x89][0xc6]dh[0x19][0xb0]i[0xdc][0xb1][0xe8][0xa8][0x9a][0xa5]$[0x8c][0x96].[0x16][0x1d]Y[0xb9]@[0xc7][0xcc]V[0x85][0xd8][0x93]&gt;[0x1d]3[0x1a]X[0xa7]&lt;[0x14][0xd3][0xbc][0xa3]$M[0x1b]8[0xe6][0x88][0xa0]:W[\n]&quot;
2013-02-06 13:51:57,493 AAD-WS DEBUG wire:63 - &gt;&gt; &quot;[0xad][0x9c][0x17][0xb6]O[0xb7]#[0xcb][0xa1]{|m[0x80][0xd9]9[0xba][0x95]Od[0x17][0x9e][0xa8][0x8f][0xed]9v[0xda][0xda]v*[0x9]U[0x81]Z:[0xea]-[0x6]`[0xe5][0xf1]@[0xda]tw2[0xa0][0xb3][0xee][0xae]*[0x19][0xd0]:[0xe1][0x84][0xcb][0xe3][0xab][0xc8]c[0xf8][0x8e][0x1e][0xa3][0xb3][0xbe]#[0xc2][0xa6][0xce]Z[0xc7][0x94]-[0xe6][0xa9][0x14]u[0xf][0xa4][0xa7][0x16]h][0xad][0xd3]a\[0xb9][0xd0][0xd0]4[0xa3]\[[0x6][0xb4][0x88][0x89][0xb4][0xf2][0xe9][0xaf]5[0xf5][0x0]_x[0x9c]9![0xca][0xa5][0xc6][0xc1][0xac]8[0xaa][0xae]&apos;[0xf2][0x1d][0x1a][0xad][0xab][0xde]P[0x14]a[0xc4])[0xa7][\n]&quot;
2013-02-06 13:51:57,494 AAD-WS DEBUG wire:63 - &gt;&gt; &quot;[0xae][0x9c]o[0xe8][0xcb]R[0xc5][0x84]r[0xee]WE&apos;[0xe6][0x19][0xce]9a[0xa4][0x82]d[0x88]o[0xfe]91KI[0x9d][0x93][0x11][0x1d] [0xc1][0x97][0xb5][0xe2][0xf1][0xfa][0xb3][0x10]}[0xc][0xf4][0xb3]ip[0xbf][0x9f]]H[0xe9]3[0xc9][0xc]9/9P[0xbd][0x1a][0x94][0x1b]9[0xc5][0xa1]Qa[0x15][0xe]ZQz4stO.WK[0x9c]FR[0xd7]k[0xb3]@:[0x94][0xf4]p[0xb1][0xb3][0xd8][0xee][0x9][0x9a][0xff][0xd2]cE[0xbf][0x1e][0xda][0x97][0x85][0xe6][0x2][0xc7][0x8f][0xb2][0xc0][0xb6][0xb1] .[0xf0]:[0x6][0x1b][0x9a][0xe9]A[0x14][0x17]k[0x3]O[0xd7][0x1f]q[0xe9][0x14][0xab][0x17]{[0x1a]~B[0xba]J[0xd4][0xc6][0xed][0xc8][0xd1][0xc][0xf9]\q[0x97][0xeb]j[0x93][0xcb][0x8a][0x97][0x85][0xf5]U[0xb7][0x97][\n]&quot;
2013-02-06 13:51:57,494 AAD-WS DEBUG wire:63 - &gt;&gt; &quot;d[0xc6]n[0x9c]&apos;J[0xac][0xb9]e[0xab][0xe6]Gl[0x16]:p[0x94][0xae][\n]&quot;
2013-02-06 13:51:57,494 AAD-WS DEBUG wire:63 - &gt;&gt; &quot;[0x8e]LGN[0x8b][0xca][[0xd2]#,K[0x86]aC[0x89]pLQ-[0xe9][0xe9]N[0x13][0xd4][0xcd]M[0x85]Y[0x99][0x15]&amp;[0xa9][0x87][0x1c]I[0xb7][0xa7][0xd6]I[0xfa][0x9b][0xf]r[0xaf][0x8e]h([0xd9][0xba][0xe5][0xd8]P[0xa8][0xee][0xe6]B[0xd1]Jupc[0x99][0xb2][0xb9]7,4[0x9b]ps[0xb1][0xb2]iZ[0xe9]+[0xd8]IG[0x96][0xf8]x[0xaf][0xe7]R[0xcf][0xba][0xf4][0x8a] [0x82][0x82][0xe0]&apos;o[0xfa]r[0xc1]W[0xf3]f~[0x9d]Z[0x1c][0xe6][0xc7][0xc8]p [0xc3][0xea]{Y8[0xbc][0xfc][0x95][0x8c][0xde][\r][0xaa][0xaf]\q[0xe4][0xb8][0xc3][0xe3][0xb4][0xe0][0x13]:l4[0xf6]mW[0xc2]f[0x98][0xa7]Wl[0xfe][0xbb][0x1][0xc]~s[0xa3]O[0x9f]~m[0xa4][0xff][0x6][0xfd]o[0xdd][0xf1]4[0x18]O[0xd2][0x17][0x3][0x14]}[0xb6]Uq7}[0x16][0xe1][0xa1]4t[0x5]B;k[0xcb][0xbf][0xba][0xef][0xbd][\n]&quot;
2013-02-06 13:51:57,495 AAD-WS DEBUG wire:63 - &gt;&gt; &quot;7[0x9c]ni[0xbd][\n]&quot;
2013-02-06 13:51:57,495 AAD-WS DEBUG wire:63 - &gt;&gt; &quot;-[0xa7][zWL[0x9e]^[0xd1][0xdb]:I[0x9f][0x1a][0xda][0x18][0xda][0x9]Z5 [0xc3]J[0x82]6[\r][0x1d][0xc][0xab][0x8][0xda]5[0xac]f[0xe8]$@[\r]k[0x18][0xba][0x8][0xba][0xb3][0x9c]n[0x96][0x1e][0x96],[0xa9][0x97][0xa5][0x8f]%[0xcb][0xea]gY[0xcb][0xb2]R[0xcb][0x0][0xcb]:[0x96][0xe]-[0x83],[0xeb]YVi[0xb9][0x91][0xe5]&amp;[0x96][0xd5]Z6[0xb0]ld[0xe9][0xd4]rs-f[0x8d][0x96]M,&amp;K[0x97][0x96][0xcd],[0xb7][0xb0]tk[0xd9]R[0xcb][0xea][0xd1]r+[0xcb]V[0x96]^-[0xb7][0xd5]b[0xfa][0xb4][0xdc][0x9e][0x15][0xb4][0xbb]_[0xcb]6[0x96][0xed],k[0xb5][0xec][0xa8]e[\r]h[0xb9][0x83]e&apos;[0xcb]:-w[0xd6]dP[0xcb][0x10][0xcb]0[0xcb]z-[0xbb]Xv[0xb3][0xdc][0xa8]e[0xf][0xcb]],7i[0xd9][0xcb]r7[0xcb][0x6]-[0xfb]X[0xee]a[0xd9][0xa8][0xe5]^[0x96][0x17][0xb0][0xdc][0xac]e[0x84][0xe5]&gt;[0x96]MZ[0xf6][0xb3][0xbc][0x90][0xc5][0xd4]r[0x80][0xe5]E,[0x9b][0xb5][0xbc][0x98][0xe5] [0xcb]-ZFY[0xe][0xb1]l[0xd1]2[0xc6][0xf2][0x12][0x96][[0xb5][0x1c]fy)[0xcb]V-GX[0x8e][0xb2][0xdc][0xa6][0xe5]e,[0xf7][0xb3][0xdc][0xae]e[0x9c][0xe5][0x18][0xcb]6-[0x13],[0xc7]Y[0xb6]k[0xc9][0xb1][0xbc][0x9c]e[0x87][0x96][0x13],[0x93],wh[0x99]b[0x99]f[0xd9][0xa9][0xe5]$[0xcb])[0x96];[0xb5][0xbc][0x82][0xe5]4[0xcb][0x90][0x96][0x7]X[0xce][0xb0][0xc]ky%[0xcb][0xab]Xviy5[0xcb][0x83],[0xbb][0xb5][0xbc][0x86]E[0xb0][0xec][0xd1][0x92][0xaf][0xcd][0xe7].-[0x16][0x8b][0xcd][0xb2]W[0x8b][0xac][0xcd][0xe7]n-3[0xb5]j[0xec][0xd3]2[[0x9b][0xe1]=Z[0xe6]X[0x9c][0xc9][0xc9]&apos;[0x9a][0xee][\n]&quot;
2013-02-06 13:51:57,496 AAD-WS DEBUG wire:63 - &gt;&gt; &quot;[0xfb][0xe8]3[0xa8][0xde]H[0xc2][0xff][0x0]PK[0x7][0x8][0xf5]Z[0xb9][0xf9][0x9e][0x7][0x0][0x0][0xc1][0xf][0x0][0x0]PK[0x3][0x4][0x14][0x0][0x8][0x0][0x8][0x0][0xd4]|D5[0x0][0x0][0x0][0x0][0x0][0x0][0x0][0x0][0x0][0x0][0x0][0x0]&apos;[0x0][0x0][0x0]javax/help/JHelpGlossaryNavigator.class[0x9d]S[0xdb]n[0xd3]@[0x10]=[0x93][0x9b][0x83]I[0xe9][0x85][0x96][0x12]B)i[0xb9][0xa4]I[0x88][0x1f]x[0x0]T[0xc4]KhiP/H[0xa1][0x91]Z[0x9e]6[0xc9]*ue[0x9c][0xca][0x97]P[0xfe][0x8a]&gt;[0x5][0x81][0xc4][0x7][0xf0]Q[0x88][0xd9]M[0x88][0xdc]`[0x10][0xe2][0xc1]3[0xde]3[0xe7][0xcc]xf[0xc7][0xdf]|[0xf9][0x6][0xa0][0x86][0x7]&amp;[0xb2][0xb8][0xad][0xcc][0x8a][0x81];&amp;[0x92]X[0xcd][0xe2][0xae][0x9][0x3]E[0x3]k[0x6][0xd6][0x9][0xe9][0xae]l[0x87]=[0x2][0x1d][0x13]f[0xea]}[0xd7][0xf][0x84][0x1b][0xb4][0x84][0x13][0xca]$[0xa7][0x0]![0xf3][0xdc]v[0xed][0xe0][0x5]a[0xa5][0xb4]{*[0x6][0xe2][0xdc]:[0x91][0xce][0x99][0xb5]/[0x6]vO[0x4]}[0xaf]e[0xcb][0xf][0x9b][0x1b]-B[0xaa][0xde][0xef]J[0xc2][0xec][0xae][0xed][0xca][0xfd][0xf0]}[zoE[0xdb]a[0xe4][0xf1]_[0x84][0xd1][0xc8][0xe][0x9b]=[0xce][0xe1][0xe8]t[0x9b][0xa5][0xe9]XS[0x6]#[0xbe][0xe5][0x8][0xb7]g5[0x3][0xcf]v{1[0x88]R[0x9b][[0xe7][0x1d]y[0x16][0xd8][0xdc][0x90][0x81]{[0x84]\O[0x6][0x87][0x8d][0xba]#|[0xbf][0xf1][0x92][0xb0]X[0xda][0xf8]]GxV[0x8a][0xa0][0x7][0xed]S[0xd9][0xb9]T[0xf1][0x8f][0x88][0xaa][0xb8][0x14][0xa3]U[0xf8][0xc3][0xca][0xa9][0xbf][0xb9][0xd9][0xf][0xbd][0x8e][0xdc][0xb6][0xd5][0xd0][\n]&quot;
2013-02-06 13:51:57,496 AAD-WS DEBUG wire:63 - &gt;&gt; &quot;[0xaf]U[0xcb][0xaf][0x9c][0xbe][0xef][0xb][0xef][0xe3]dh5[0xa5][0xcc]a[0x6][0xd7][0x94][0x99]&apos;,G[0x86][0xf4][0x8b][0xad]&amp;[0xab][0xc2][0xf7]9[0x1c][0x9b][0xe5][0xb0][0x91][0xc3][0x15],[0x13][0x8a][0x11]u|AB~[0x9a][0x13][0x89][0x95]&quot;[0xb1][0x86];[0x10][0x8e][0xdd][0xbd]t[0xbf][0x93][ [0xbc][0xf9][0xef][0xfb][0x1c]!a`;[0xd6][0x8e][0xf0]O[0x2][0xb5]U&lt;0[0x14]y[0x8f][0xb3]zGoq7&amp;[0xfb][0xab]|J [0xc7]8[0xa9][0x11][0xb1][0x9d]ed[0x8d][0xb1][0x4][0xfb]L[0xb9]2[0x4]]h[0xc5][0x1c][S[0xa3]5[0xa4]ai[0xfe][0xfc][0x98][0xbf][0xce][0xff][0x89]Z~[0xa3]\[0xa9][0xe][0x91][0x98][0x16]&lt;A[0x6]O[0xb5]`[0x81][0xcf]JP[0xe5][0x82])[0xf6]s[0xe5][0xaf]H[0x1e]U[0xaa][0x8f]h[0x88]TL[0xa9]-fo[0xe3]:[0xbf][0xa5][0x18]_[0xe4]g[0x9]7[0xc6]E[0xb][0xec][0x89]}r![0xfd]i&quot;[0xcb]h[0xe8][0x80][0xe5]|[cb^[0x91][0x14][0xe3]b[0x8a]v[0xa4]i7[0xc7][0xb4]U&amp;[0x91]n[0x82][0xe8]32[0xd3][0xe4]cM[0xce]G[0xc8][0x89]Q[0xc7]q[0xe4]wz[0xc4]j[0xb4][0x85][0x9f]PK[0x7][0x8][0xd2][0xc2][0x4][0x80][0x1][0x2][0x0][0x0][[0x4][0x0][0x0]PK[0x3][0x4][0x14][0x0][0x8][0x0][0x8][0x0][0xd4]|D5[0x0][0x0][0x0][0x0][0x0][0x0][0x0][0x0][0x0][0x0][0x0][0x0][0x1a][0x0][0x0][0x0]javax/help/SortMerge.class[0xb5]W}[0x90][0x13]g[0x19][0xff]-[0xf9][0xd8]Mn[0xb9][0x83]@[0x8a][0x91];[0x9a][0x13][r[0xb9][0xdc]Ei9J[0x80][0xb3][0xf4][0xe0][0xe4]J[0xee][0x8a]=[0xa0]--[0xe0]^[0xb2]w[0x17]H[0xb2][0xc7]fsp[0x15][0xb0][0xda]k[0xb5][0xf5][0xbb][0xd5][0x16][0xb0]`[0xa9][0xd6][0xb4]V[[\n]&quot;
2013-02-06 13:51:57,497 AAD-WS DEBUG wire:63 - &gt;&gt; &quot;[0x18]2`[0xf1][0xe3][0xf];[0xd3]Q[0xc7][0x19][0x1d];UG-:ZG[0x1d][0x1d][0x1d][0xff][0xf5][0xfc][0xbd][0xd9][0xe4]&gt;[0xb8][0xf4][0x6]t:[0x99]y[0xf7]}[0x9f]}[0xbe][0xde][0xdf][0xf3][0xb1]O^[0xfb][0xcf][0x85]K[0x0][0xda]q[0xde][0x8b][0xd5][0xd8][0xa2] [0xee]E[0x7]ze[0xf4]y[0xf8][0xbc][0xc3][0x8b][0xad][0xf8]Pe[0xe7][0xc4][0x9d][\n]&quot;
2013-02-06 13:51:57,497 AAD-WS DEBUG wire:63 - &gt;&gt; &quot;[0xfa]+[0x87]m[0xd8]&gt;I[0xde]![0x96][0xbb][0xca][0xc7][\n]&quot;
2013-02-06 13:51:57,497 AAD-WS DEBUG wire:63 - &gt;&gt; &quot;[0xad][0x3]w+[0xb8]G[0xc1]N[0xc1]x[0xaf]8[0xdf]&apos;xv[0x89][0xe3]n[0xb1][0xec][0x11][0xcb][0x87][0x5]M[0x13][0xbb][0x1][0xc1][0x92]P[0x90][0x94][0xa1]{[0xb1][0xc][0x83][\n]&quot;
2013-02-06 13:51:57,498 AAD-WS DEBUG wire:63 - &gt;&gt; &quot;[0x86][0xc4]sX[0xbc]L[0x89][0xdd]^[0xc1][0xbb]O[0xc1]F/[0xd2][0xc8][0x88][0xc3][0xa0][0x17]Y[0x18]2F[0x14][0xec]W`[\n]&quot;
2013-02-06 13:51:57,498 AAD-WS DEBUG wire:63 - &gt;&gt; &quot;[0xa6][0x9c] Y^[0xe4]1[0xea]E[0xb][0xe][0x8][0xe9][0x83][\n]&quot;
2013-02-06 13:51:57,498 AAD-WS DEBUG wire:63 - &gt;&gt; &quot;[0xc6][0x84]W[0xf7]{[0xf0][0x11][0x1c]Rp[0xd8][0x8b]#[0xf8][0xa8][0x8c][0x7]d|L[0x82]+[0xa9][0xf][0xe4][0x87]$H;%[0xb8][0xd7][0xa5][0xb2])[0xab]S[0xc2][0xea]P|[0xaf]6[0xaa][0x1d][0x8c][0xe][0xeb][0xe9][0x91]h[0x9f]6[0x9a][0x1a][0xd2],[0xc3][0xdc][0x91][0xd2][0xf][0xac]}[0xfb]7-;$8[0xbb][0x8c][0xa4].[0xa1]![0x9e][0xca][0xea]}[0xf9][0xcc][0x80]nn[0xd3][0x6][0xd2][0xa4][0xa8]#[0xa6][0x91][0xd0]s[0xb9]^[0xdd][0x1c][0xe2][0xf1][0x96][0xaa][0x85][0xdc][0x81]Tv(j[0x99][0xba][0x1e][0xdd][0xc6][0xa5][0x8f][0xe2]k[[0xe6]x&apos;[0xc1][0x9b][0x11]*[0xc4]!&apos;a[0xcd]\z[0xe6]2A_[0x17]N*[0xea][0x1a]N[0xa5][0x93][0xa6][0x9e][0x95][0xb0]lN[0xbf]([0xa4][0xe4][0xc][0xd3][0xea]+_[0xb2][0xb3][0x6][0xef]F}P[0xcb][0xa7][0xad][0xde][0xbc]%[0xae]=[0xd3][0x93]h[0xde]J[0xa5][0xa3]q#[0xa1][0xa5]m]~[A4[0xad]Q[0xbc][0xdf]2[0xa9][0xc5][0xb6][0xb1].[0x91][0xae]D[0xc2][0x11][0x12][0x4]o[0xbf][0x91]7[0x13]zwJ Y[0xdf]O[0xf][0xca]0[0xb6][0xb]i[0x15]1[0x10][0x95][0xc5][0xd3][0xf1][\r][0xe6],[0xcd][0xb4][0xf4][0xa4][0x8a][[0xd0]-a[0xc5]U[0xba][0xa9][0xe2][0xe3]xP[0xc6][0xb8][0x8a][0x87][0xf0][0xb0][0x8a]O[0xe0][0x93][0xd4][[0x96]m[0x17][0xe1]n[0x9f]4,[0xe3][0x11][0x15][0xb7][0xe1]Q[0x15][0x9f][0xc2][0xa7]U|[0x6][0x9f]Uq+6HXT[0xf1]&quot;X[0x86]6[0xa8]g[0x93]zR[0x82]o*bS[0x9e]}[0xe][0x9f]W[0xb1][0x11][0x9b]T|[0x1][0x8f][0xa9]x[0x1c]_T[0xf1]%&lt;![0x14]=[0xa9][0xe2](6[0xab]8[0x86][0xe3][0xc2]L[0x17][0xf3]iRCU[0xe7]uW&quot;w[~pP7[0x5][0x1a][0x9b]%[0x4]f[0x85]6[0x98][0xd1]r[0x96]n[0xae]W[0xf1]e&lt;[0xa5][0xe2][0x4]N[0xaa][0xf8][\n]&quot;
2013-02-06 13:51:57,499 AAD-WS DEBUG wire:63 - &gt;&gt; &quot;[0x9e]Vq[\n]&quot;
2013-02-06 13:51:57,499 AAD-WS DEBUG wire:63 - &gt;&gt; &quot;[0xcf][0xc8][0xf8][0xaa][0x8a][0xaf][0xe1]Y[0x19]_WQ[0xc0]sU[0xed][0x96]~[0xd0][0x8a]v[0x19][0xe9][0xb4]f[0xa5][0x8c][0xec][0x16]}LB[0x9d]m,[0x18][0x9][0xa6]b[0x8c][0xe][0x9f]B[0xe1][0xf3]*[0xbe][0x81][0x17]d|S[0xc5][0xb7][0xf0][0xa2][0x8a][0x97][0x84][0xe2][0xd3]x[0x99]iOw[0x83][0xd5][0x94][0x11][0xe1]X#[0xe3][0x8c][0x8a][0xb3]8&apos;tU[0xf1][0xc][0xc6]d|[EQ[0x4]k[0xf1][0xb4][0xfa][0x9a]d[0x90][0xb0]`[0x1a][0xb9]BRsimT[0xdf]f[0x8c][0xd8][0xe9]X[0xa3]j[0xde]&amp;[0x1b]+[0xda]l[0xf4][0xee][0x18][0xd8][0xab]&apos;,[0x16][0xbf][0xbe]?[0xaf][0xa5]sWd[0xa5][0xfd]vm[0xb][0xbb][0xc3][0xfc]![0xdd]*[0xa3][0xd9]e[0xe4][0xb3]V95{$4][0xe9][0xd7]f[0xee][0xb6]3[0xd1]SVJ[0x14]hg[0x8d][0x1c][0xbf]jGE[0xee][0xb][0xb3][0xdd])3g[0xdb][0xa6][0xc1][0xd0][0xdc][0xed][0xc1][0xa1]%[0xc9]uC[0x8d][0xda][0xac][0xa5][0xdd]C[0xed]vEJX[0xf5][0xf5][0xdc]2[0xbb][0xa0]Y[0xa5]U[0x80]6X[0xa2][0x91][0xf4][0xcc][0xed][0xa7][0x9a]02#[0x9a][0xa9][0xf7]i[0x19][0x81][0xd3][0xf6]kl&amp;W[0xe5]%[0xe3]S7[0xcc][0x1c][0xd9]$B[0xdb][0xb3][0xf1][0x1d][0xb2][0xc2][0xdc][0x18][0xfa][0xa2]|M[0xe9][0xb0][0xc0][0xd4]3[0xc6][0xa8][0xde]m[0x1a][0x99][0xad]DO$[0xa2]&apos;[0xa3][0x99][0xfb]*[0xdf][0x83]w[0xe4][0x82]4[0xeb][0xd6]FFX[0xca][0x12]&quot;[0xb5]z[0xf6],[0x92][0xdd][0x8c][0x18][0xe5]:[0xe6][0x84]P&quot;[0xa2][0xfc][0xbf]d[0xd8]t3[0xfc]0X[0x86][0xbd]g[0x9b][0x8][0xd5][0xe4]p[0xa7]rq][0x1b],W[0xe7][0xce]j[0x9d]OKS;K+6[0xa7]i[0x99][0x99][0xc9][0xbe]+[0xdb][0x9f]a[0xda]W[0xe9][0xc9][0xb2]g[0x13]T[0x13][\n]&quot;
2013-02-06 13:51:57,500 AAD-WS DEBUG wire:77 - &gt;&gt; &quot;[0xd5][0xf8][0xa6][0xc5]g[0xcb]Q[0xdb][0xd2]j)[0xd4]D[0xa8]AT[0xcd][0x8c][0x1e];[0x7][0xc4][0xb3]:[0xf2][0xda][0x19]w[0xdc]`[0x9a][0xda][0x18][0xb3][0xc0]):.[0xbb]x[0xe8][0xde][0x1a][0xad]l[0x87]m[0xd3][0xfe][0xa4]V[0xe1]\P[0xad][0xdd][0xbb]R[0xd6][0xb0][0x1d][0xac][0xc1]k[0xfd][0xbc][0xcf][0xf6][0xf7][0x9a][0x9b]q[0xff][0x18]?R[0x19]F[0xcf][0xc8][0xd3][0xbf][0xad]7eD[0xb7]R[0xa9]E[0xd5][0xba][0x96][0xa1][0xc0][0xa2][0x1a]d[0x9][0xf2][0x88]8[0xa5][0xb3]h[0xe6][0xb0][0xb7][0x9a]#-c-&gt;8[0xdc][0xc9][0xdc]sJ[0xe0][0xba][0x8e][0xa7][0xe5]p[0xf0]Gj[0xb8]5r[0x1e][0xd2][0xcb]e[0xd6][0xf5]\[0xbd][0x98][0xc7]5[0xc]7ZI[0xe9][0xc4][0x7]*[0x2]/[0x91].[0x4][0xf6][0xf8][0xe6][0x95][0xe0]h[0xfd][0x1e][0x9c][0xbd][0x91][0xf0]9[0xb8][0x8a]p[0x1f][0x83]+r[0x9a]{[0xb9][0x8][0xe5][0xb8][0xd8]G[0xca][0x9b][0x16][0x9f][0x87]Do[0x9]u[0x5],[0x14][0xbc]j[0x11][0xf3])WD=[0xf][\r][0xe4]91[0xf1][0x17]2[0xf3][0xb0][0xa0][0x84][0x85]&gt;[0x1f][0xf5]FNO:[0xd2][0x89][0x6][0xae]7[0xc3][0x85]Utj[\r][0xfc][0xf4]~[0x9][0xdd]i[0xe6]p[0xb0][0x1c][0x9b][0xe8]b7n[0xc2][0x16][0xde]3[0xce][0x11]b[0xb][0xfa][0xf8][0xe3][0x98][0x8e][0xbb]q&apos;v[0xa1][0x1f][0x1e]1[0x8d][0xd8][0xce]KG[0xe9][0xba][0x87][0xda][0xde][0xf2]-[0xa2][0x91][0xb0]p^[0xdc][0xa0][0xaf][0xad][0xad][0x84][0xc5]%[0xf8][0x85][0xc3][0x1d]NG[0x87]K[0x8a][0xb9][0xfd][0xce][0x93][0xa8][0x8f][0xf8]y[0xb1][0xeb][0xc8][0x12]sK1[0xb9][0x80]Cm[0xb6][0xef]19[0xe0][0xe][0xc8]%,[0xe9]P[0xfc][0xca]SX6[0xee][0x92][0xfc].[0xbf][0xf3][0x14][0xdc][0x5][0x1c][0x9e]&amp;T[0xc0][0xed]~[0xe5]$[0x16]E[0x2][0x4][0xa5][0xde][0xe7][0x11]2[0x84]a[0x95]-[0xfd][0xae]cXBZy[0x1f][0x10][0x1c][0xef].[0x1b]YbS[0x96][0xce][0x10][0xa2]a*j[0xe][0xb8]_[0x9d]8R@`[0xd2][0x8f]YL&apos;&amp;[0xfe][0x18])[0xa1][0xd1][0xd7][0xc4][0x1b]N[0x85][0xf3]$Vp[0xdd]E[0x14]w[0x13][0xc5]=[0xc4]t[0x80](&amp;[0xd0][0x84]$[0x82][0xd0][0x89][0xe4][0x10]B[0x18]&amp;[0x92][0xfb][0x88]d[0x96]8[0x1b][0x9c][0xb6]L[0xe2]9J4[0xf][0x10][0xc7]1[0xec][0xc4][0xfd][0xd4]p[0x88]\[0x87][0xc9]u[0x4]#x[0x90]o[0xc7]yz[0x18][0xf][0xe0][0x11]&lt;[0xca][0xe1][0xef]qNpG[0xf1][0x18][0xed]=[0x81]g[0xf1]$^[0xe0][0xe9][0xc][0xf5]][0xe2][0x80][0xf5]}&lt;[0x8d][0xd7]8c[0xfd][0x14][0xcf][0xe0]u[0x9e][0xc3][0xf9][0xea]2[0x9e][0xc3][0x9f][0xf0]&lt;[0xa3][0xc2][0xd9][0xae][0x92]b[0xf]1[0xc5][0x9c]|[0xf6][0x8a][0x0][0xc5]/b[0xd9]=[0xe7]q[0xbd]/XDsk[0x9][0xef][0xe1][0xa3][0x88][0xe5]&quot;[0xf7]Z[0xed][0xa0]9[0xd6][0x17][0xd0][0xd8][0xda]hC[0xde]G[0x8][0xde]{[0x1c][0x1e][0x9f][0x87]![0xad][0x1b][0x9f]&apos;5[0xb6][0x12][0x93]S[0x13][0x97][0xa7][0xa0][0xb8][0xb1][0x9c][0x2]g[0x9][0xc5]9[0xfe]K:[0xcf][0xf3][0x5][0xe6][0xf8]E[0xa6][0xd8]+,[0x8b]KL[0x96][0xb]L[0xa5][0x1f][0x90][0x8b][0x13]i%q&quot;t[0xc8]K[0xa9][0xef][0xf8]n[0x10][0x96]_[0x5][0xd1][0xbe]1[0x1e][0xa6][0xea][0xce][0x8b]p[0xd2][0xbf][0x15]&quot;
2013-02-06 13:51:57,500 AAD-WS DEBUG wire:63 - &gt;&gt; &quot;1&apos;[0xdd][0x9][0xc5]\M[0xaf][0xa0]%[0xe6]vt0[0x8e][0x1b][0xc2]~[0xd9][0xf6][0x8a]n[0xc7][0x94][0xea]E([0xd5][0x1c]P[0xb8][0xf8][0xe8]Z[0xb3]`[0x89][0xd8][0x17][\n]&quot;
2013-02-06 13:51:57,501 AAD-WS DEBUG wire:63 - &gt;&gt; &quot;[0xb8][0xfd]r[0xc0]%^[0xb5][0xf5][0x8f][0xcb][0x92]_n:5[0xf1][0xdd][0x80][0xbb][0x84]vG[0x87]R@0L[0x6]ee[0x11][0xd1][0x12][0xde][0x17][0xf3][0x4]&lt;?[0x84]7[0xe0][0xc]x[0x18][0xfe]qE[0xf2]+[0xe4][0xfe]][0x1][\r][0xe1][0x80]s[0xb2][0xbe][0xc4][0x96][0x9][0xf1]w[0xdf][0xfb]g$[0xc3]n[0x86][0x1e][0xf8][0x11][0x11][0xf8]1o[0xf9][0x13][0xcc][0xc7][0xcf][0xe0][0xc3][0xcf][0xb1][0x14][0xbf]`Y[0xbd][0xce]Ty[0x3]m[0xf8]%[0xd1][0xf8][0x15][0xee][0xc3][0xaf][0x19][0xf0]7[0xb0][0x1f][0xbf]e[0xb0][0xdf]d[0xf8]/3[0xd0][0xbf][0xe7][0xc8][0xfe][0x7][0x86][0xf8]M[0x86][0xf1]-[0x86][0xf3][0xcf]x[0x91][0xcf]&quot;[0xfe]J[0x1c][0xff]Vn5[0xdd][0x95]`[0xde][0xca][0x92][0x93][0xf8][0xc][0x9e][0xc1][0xca]ch&lt;[0x83][0x9b][0xaa]8[0xdc][0xcc][0xdb][0x87][0xed]h[0x16][0xb1]j[0xca][0xbb][0xfa]r[0xf9]&apos;;[0xcf][0xbf]p=[0xfe][\r][0x5][0x1f][0xc4][0xe6][0x8a][0xb6][0xa6][0xb2].[0xc0][0xe5]8[0x8b][0x95]S&quot;[0xee]2[0xf9][0x1f]\{[0xf8][0x9c][0x87][0xdb][0xff][0xb]PK[0x7][0x8]&apos;K[0xf5][0xdc][0x85][0x7][0x0][0x0][0xc9][0xf][0x0][0x0]PK[0x3][0x4][0x14][0x0][0x8][0x0][0x8][0x0][0xd4]|D5[0x0][0x0][0x0][0x0][0x0][0x0][0x0][0x0][0x0][0x0][0x0][0x0]![0x0][0x0][0x0]javax/help/UniteAppendMerge.class[0xb5]V[0xed]OSW[0x1c]~.[0xa5][0xbd][0xa5]^[0x14][0xab][0xd5]!U;[0x9d][0x13]hi[0xdd][0x9c][0xc8][0x8b] [0x8][0xa2]lPq[0x80]S[0xe7][0xdc].p(W[0xdb][0xde]z{[0xb][0xe8]^[0x92]%l[0xfb][0xb6][0x97]d.[0xc3]lfd[0x1f][0xc8][0x92]}`n[0xa9]dff[0x9f][0xf6]a[0xc6][0xfe][0x90][0xb9][0xe7][0xdc][[0x84]Ae&amp;[0x8b]![0x9c][0xfb];[0xbf][0xb7][0xe7][0xf7]v[0xce][0xe9][0x9f][0xff][0xfa][0x10]@[0x1c][0xb7][0x2]x[0x1e]GU[0xbc]R[0x85][0x8][0x8e][0x5][0xd0][0x8c][0xe3]%[0xaa][0x2]-%*[0x82]V[0x15]m[0x1]T[0xa1][0xdd][0x8f][0x13][0xf2][0xdb][0x11]@&apos;N[0xfa][0xd1]%7[0xdd]R[0xe3][0x94]4[0xe8][0x91]K[0xaf][0x94][0x9d][0x96]K[0x9f][0x1f]g[0xe4][0xf7][0xac]d[0xf7]K[0xea]UI[0xbd]&amp;[0xa9][0x1]I[\r]J[0x80]d[0x15][0xce]a[0xc8][0x8f][0xf3][0x1][0xbc][0x8e]a[0x15]#*F[0x15]x&apos;[0xc4]X![0xa5]@[0xb9][0xac][0xc0]w[0xc2][0xc8][0x1a]v[0xa7][0x82][0xe3][0xf5][0x3][0xd7][0xf4]i}61%[0xd2][0xb9]DR[0x9f]6R[0xba]mZ[0x17][0xc]1[0xd3][0xfe]dI[0xc3][0x5][0x5][0x95]=[0xe6][0x84]P[0xb0]m[0xc0][0xc8][0x8a]d!3&amp;[0xac][0x11]},M[0x8e][0x96][0xb3][0xcc]q[0x91][0xcf][0xf][\n]&quot;
2013-02-06 13:51:57,501 AAD-WS DEBUG wire:63 - &gt;&gt; &quot;+[0xc5]m[0xcb][\n]&quot;
2013-02-06 13:51:57,502 AAD-WS DEBUG wire:63 - &gt;&gt; &quot;B~[0xc6][0xc8][0xa6][0x12][0xb6]%Db[0x84]K[0x92][0xe6][0xed][\r][0x9b][0xc8][0x14][0x4]2[0xd2][0x85][0xdc][0xe4][0x15][0xb4]n[0xe6]g3[0x8][0xc6][0xba][0xfd][0xb1][0xa3][0x9e])#=a[0x89][0xac][0x82]}[0x9b][0xc6]E[0xa3][0x90][0xab][0x90]H[0xeb][0x14][0xf][0xdb][0x16][0xb5][0x1c][0xbe][0xff][0xc4]x[0xba]T=O[0xbd]d[0x4][0x86][0xcd][0x82]5.[0xfa][0xc][0x99]}h[0x94]&quot;[0xd1][0x9d][0xcb][0x89][0xec][0x84]S[0x81][0xb8]t[0xa2][0xe1][0x5][0x1c]Rpx[0x3]b[0xaf][0x98][0xd4][0xb]i{[0xb0]`[0xcb][0xe2][0xad][0xe0]k[0xb8][0x80]7T\[0xd4]p[0x9][0x97]5[0xbc][0x89]+[0x1a][0x1a][0x11]U[0xb0]k}D[0xa7][\n]&quot;
2013-02-06 13:51:57,502 AAD-WS DEBUG wire:63 - &gt;&gt; &quot;[0x93][0x93][0xc2][0x92][0xee][0x8f]([0x8][0xae][0xd6]+[0x92][0xd1][0xf3][0xb6][0xb0]:4[0xbc][0x85][0xab]*[0xde][0xd6][0xf0][0xe]t[0x5]j$[0x9f][0xd6][0xa7][0x5][0xd9]c[0x18][0xd7]p[0x0]q[\r][0x13] [0xde]$R[0x1a][0xa6]`h[0xb8][0x86][0xeb][\n]&quot;
2013-02-06 13:51:57,503 AAD-WS DEBUG wire:63 - &gt;&gt; &quot;[0xea][0x9c]@[0xe3][0xb2][0xf5][0xf1][0xf5][0x9][0xc9]P[0xd2][0x1a]28[0xa2]![0xb]SC[0xe]74[0xc4][0xc0]([0xf2][0xb0][0xa5][0xd3][0x83]*[\n]&quot;
2013-02-06 13:51:57,503 AAD-WS DEBUG wire:63 - &gt;&gt; &quot;[0x1a][0xa6]1[0xc3][0x90][0xd6][G[0xda]T[0xcc]j[0xb8][0x89][0xf8][\n]&quot;
2013-02-06 13:51:57,503 AAD-WS DEBUG wire:63 - &gt;&gt; &quot;[0x8a];`[0xeb][0xf5][0x14][0xd4][0xac][0x91][0x96]X[0x9a][0x13][0xfd][0x88][0x99]K:[0xb3]Wfz[0xca][0xd7][0xb3][0xbd][0xe4][0xcd][0xad][0xdc][0xb9][0xb1]kb[0xdc][0xe6]![0x10]7[\n]&quot;
2013-02-06 13:51:57,504 AAD-WS DEBUG wire:63 - &gt;&gt; &quot;z:[0xbf][0xae][0xd3][0xae][0xb4][0xbd][0x81][0xa7][0xa4]:%lg`z[0xcc]B[0xd6]v[0xda][0xdd]O3[0xdd][0x89]RA[0xac][0xdc][0x80]l`[0xb9][0x1d]b[0x4]{[0xd7][0xe7]s[0x96][0xd4][0xa8]m[0xa4][\r][0xdb][0x90][0x3][0xbe][0x85]h2[0xd8][0xa4][0x9e]an[0x1d]e[0xc6][0xf3][0x9][0xc9]m[0xc4]$[0x9a][0xdf]6]Z[0xc1][0xce][0xfa][0xb2][0x1a]2[0xbb]&gt;[0xc3][0xca][0xbb])2[0xbe][0xfa][0xff]8[0x8d]+[0xd5][0xe8][0xb6][0xe5][0xe9][0xe9][0xdf]\[[0x1b]739[0xdd]r[0xb2]ar[0xa3]O[0x9f][0xce][0xd3][0xe7][0xcd]fl[0x99][0xe2]@[0x9c][0x96]}[0xec][0xef]}F([0x1c][0x84]T[0x99]N?[0x3]$[0xde]%5[0x96][0xc8][0x98][0xd3][0xa2][0xcf]23C[0xac][0x9e][0x9c][0xba][0xaa][0x8c]n]/][0x82][0xcf]$A[0xc2]z[0xf4][0x9]N[0xc0][0xa1]2[0xde][0xcb]iw[0xfe][0x9f]rH[0x7]&gt;#? [0xf4]I[0xe7]D][0xfe][0xd7][0xd9][0x1c][0xbe][0xc9]k+C[0x81]Y`[0xea]![0x17][0xc7]0[0x13]C[0x4][0xb1][0x9]%[0xf4][0xc][0x87]kG[0x19]6/[0xb7][0x9c][0xdc][0xa5][0xb3]|~#[0xfc][0x7]8[0xb3][0xf2]6&quot;[0xe5]#[0xcd][0x1b][0x98][0xeb][0x8b][0xdc][0x1d][0x84][0x87][0x80][0xda][0x18][0x8d][0xdd][0x87][0xf2][0x93][0xa3]z[0x98][0xab]|A[0xc1][0xeb][0xcd][0x87](9[0xf5]h([0x19]\$_[0x1a][0xd4]GG[0xc5]`[0xac][0xf1][0x17]x[0x8a][0xa8][0x9c][0x87]7[0xb6]D[0xda][[0x84][0xef][0x8e][0xa4][0xa5]@][0x86]?[0xb6][0xf4][0xd8][0xe3]&gt;[0xa8]\[0x8f][0xc1][0x8b]V[0xd4][0xa0][\r]A[0x9c]D[0x18]][0xe4][0xf7][0xd0]s/[0xdf][0xfa]F[0x7][0x8b](J&apos;1[0xfc][0xd4]~[0xd8](Q$T[0xf2][0x1][0xaa].[0xdd]G [0xb8][0xa5][0x8]-[0xb6][0x8c]j~[0x82][[0xb9]4[0xb9]t[0x11][0xdb][0x96]Q[0x13]#~s[0xe5]&quot;[0xde]m*b;[0xad][0xda][0xbc][0x9e]f[0xdf]&quot;[0x86]c!_[0x11]A[0xc9]Pk[0xd5]Z[0xef]2v[0xdc]A[0xbb]K[0xed][0x9c][0xc7][0xee]`[0xc8][0xa5]w[0xd5]2[0x81][0xdd]J[0x9b]w[0x11][0x87]][0xce]s1[0xc9][0xaa][0xa5][0x2]7{[0x1c]I[0xf5][0x9c]O[0x9][0xf9]B[0x95][0xb][0x8f]~[0xac][0xf5][0xfe]A[0xcc][0xb5][0x1a][0xc4][0xf5]}[0xfb]h[0xae]I[0xba]I[0xae]V3[0x8b]:[0xae][0xe7][0x98][0xfb][0x10]+{[0x1e][0x9][0x8c][0xb2][0x12][0x17][0xd1][0xc2]W[0xad][0x9b][0xef][0xd2][0x19]\[0xe5][0xef][0x93]1\[0x81][0xe0][0xfb]3[0x5][0x13]i[0xd8]|Wfhy[0xb][0x16]&gt;[0xe4][0xee][0x13][0x14][0xf0])9_`[0x16]_[0xd2][0xe6].[0xde][0xc3][0xf7]x[0x1f]?[0xe0][0x3],[0xd1][0xd7]}[0xcc][0xe1][0x1]&gt;[0xc2]o[0xf8][0x98][0xb5][0x8c][0xa1][0xa9][0xd4][0xb1][0x9b][0xec]X%[0xbf][0xa7]e-[0x7][0xd6][0x96]1[0xba][0xb6]t[0x9e][0x8e]E[0x84][0xa3]a[0xb7]LI&amp;Pw[0x7]U[0xc1][0x10][0xcb][0xbb]g[0xae]B[0x9]G[0x99][0xd8][0xc2][0xa3][0xbf]VS:[0xe0]4[0xe8]3[0xa6][0xf4]9[x[0x9b][0x93][0xf4][0x15]A[0xbf][0xc6]Q[0xcc][0xb3][0xc1][0xb7][0xd9][0xd0]o[0x9c][0x99][0x8b][0x97][0xc2][0xe8]bK[0x15]~#[0xf7][0x10][0x9e]G[0xf8][0x1e][0xf6][0xae][0x84][0xb2][0x8f]14[0xba]q[0x14][0xb1][0x15]a[0xab]3h[0xdf]q[0x4][0x17][0xb0][0x9f][0xa9][0xfa]Y[0xb6]#%o{[0x1d]_[0x80][0xd7][0xf3]3[0xc2][0xab]&amp;&gt;[0x87]}[0x97][0xeb]K[0xfc]V[0xe0][0xe5][0x0]PK[0x7][0x8][0x9f]?[0xf4][0xbf][0xde][0x4][0x0][0x0][0x8b][\n]&quot;
2013-02-06 13:51:57,506 AAD-WS DEBUG wire:63 - &gt;&gt; &quot;[0x0][0x0]PK[0x3][0x4][0x14][0x0][0x8][0x0][0x8][0x0][0xd4]|D5[0x0][0x0][0x0][0x0][0x0][0x0][0x0][0x0][0x0][0x0][0x0][0x0][0x18][0x0][0x0][0x0]javax/help/NoMerge.class}SmO[0xd3]P[0x14]~.ckW*[0x8c][0xf2][0xa2][0x8][0x83]!*[0x1b][0x9b][0xab]/[0xbc][0xf][0x91][0x88]Q?[0xc0][0xa2][0xe1]%[0xea][0xb7][0xc2].[0xa3][0xa6][[0x97][0xee][0x16][0xf4][0xa7][0xf8]/[0x14][0x13] [0x9a][0x18]?[0xfb][0xa3][0x8c][0xe7]v[0x5][0x16]6[0x97][0xa6][0xa7][0xf7]&lt;[0xf7]9[0xcf]9[0xf7][0x9c][0xde]?[0xfc][0x2][0x90][0xc7][0x9a][0x86][0x4][0xee][0xa8][0x98][0xd2][0xd0][0x87][0xbb][\n]&quot;
2013-02-06 13:51:57,506 AAD-WS DEBUG wire:63 - &gt;&gt; &quot;[0xee][0xa9][0xb8][0xaf]a[0x1a][0xe9]8[0xf9][0x99]8f[0x90]U[0x90][0xd3][0x10][0xc7][0x3][0x15]y[0xf9]5[0xa5]y[0xa8][0xe1][0x11][0x1e]+x[0xa2]`[0x96]!Z[0xe2]{~[0x99][0x81]}`[0x88][0xad][0xd8]U[[0xac]2,[0xa4]7&gt;ZG[0xd6]&apos;[0xf3][0x90];5[0xb3]h[0x1d][0xd9]eK[0xb8][0xde][0xae][0xcd][0x8f][0xb][0xff][0xdf][0xc9][0xec]2t[0xaf][0xbb]%[0xce][0xd0][0xb7]aWy[0xd1][0xaf][0xec]qo[0xdb][0xda]s[0x8][0xd1]k[0x9e][0xbb][0xcf][0xeb][0xf5]M[0xee][0x95][0xc9]][0xbc][0xc8]P?[0xb6][0xab]eSx[0x9c][0x9b][0xdb]d[0x8a][0x14]^[0xc8]t[0xd8]c[0xd0]*RB:u[0x86][0xa5]N:[0x9d]RP[0xad][0xfd][0x97]B[0xeb][0x87][0xb6]S[0xf2]x[0x95]a[0xbc]c][0x14]4[0xd4] [0x98][0x8e]E[0xdb][[0xc2]#V[0x80][0xab]+[0xfb]N[0xd8][0xbd]HZ[0x2][0xda][0x96][0xeb]{[0xfb][0xfc][0xa5][0x1d][0x9c][0xbe][0xe8][0x6][0x7][0xcf][0xcb]X[0x1d][0x3][0x18]d[0xe8][0xa9][0xb][0xcb][0x13][0xa9][0xa0][0x8][0x1d][0xfd]H2L[0xb7][0xe4]~[0xc1][0xf],[0xdf][0x11][0x9b][0xbe][0x90]m[0xbc][0xa8][0x84][0xc1][0x8][0x98]y9[0x85]|[0xa8][0xad]`N[0xc7]([0xe6][0xa5][0x96][0xa1]`A[0xc7]&quot;[0x96][0x18][0x86][0xaf][0x97][0xfb][0xdc]?8[0xe0][0x9e],b[0x82]![0x1e][0x6][0xa7][0x96]u,[0xa3][0xa0]c[0x5]O[0x15][0xac][0xea]x&amp;[0xeb]1[0x9a]g[0xed][0x86][0xa3]K4[0x81]![0x94][0xbc][0xe][0xbd][0xa6][0xd5][0x8e][0xb0][0x1d][[0xd8]rJ[0xab]m[0x9a][0xd6][0xda][0xe7][0xf6]g[\r][0xba][0x9b]h[\n]&quot;
2013-02-06 13:51:57,506 AAD-WS DEBUG wire:63 - &gt;&gt; &quot;[0xff]\[0x17][0xbc]B]v}A[0xe3]h[0x8][0xdb][0xae][0xf9][0x86]T[0x5]is[0xab]B?I[0xcc][0xaa][0xd5]x[0xb5][0xc4][0x90]k7[0xaf][0x16][0xa8][0xd1][0x13][0x8a]S[0x85][0xdb]@[0x18][0x6][0xd3][0xad]&lt;b[0xc][0xb4]I[0xc8][0xa0][0xd4][0xa4][0xe7]T1Iw/A[0xd7][0x93]~[0x0]9[0x7]Z[0xc5]hM[0x3]&apos;;D[0xde][0x14]&quot;[0xf4][0x0][0xca]L6w[0x6][0xf6]-[0xa0][0xe][0x93][0xd5][0xd0]E6C[0xf4],!7q+[0xc][0x98]&apos;\[0x6][0x18]F[0xd7]9&quot;[0xd9][0xdf][0xe8][0xde]4[0xa2][0xb9]s[0xc4]r_/c[\r]t[0x93][0x9d]E[0x14]s[0xa4][0xb3]D[0x5][0x14][0xe8][0xa2][0x8f][0xe0]v[0xa8]1B[0xaf]ToJ&apos;[0xab][0x2]^[0x11]m[0x14]cM4[0xd6][0x8e][0xf6]68L2[0xa4][0xad]Q=[0x12]M[0x9d]@[0xf9][0x82][0xb1][0x13][0xa8]?[0x11][0x6][0xcd][0xe8]9[0x85]&gt;C[0xef])n[0x9c][0xa2][0xf7]J[0xa5]78[0xc1][0xe][0xa9][0xed]b[0x2][0xef][0xa0]b[0x9c][0xbe][\r][0xb5]d[0xa0][0x5]D#[0xdf][0xa1]\O[0xbc]E6[0x15][0x14]?[0xf9][0xf]PK[0x7][0x8][0x90][0xbc][0xdf][0xa6][0x80][0x2][0x0][0x0][0xf7][0x4][0x0][0x0]PK[0x3][0x4][0x14][0x0][0x8][0x0][0x8][0x0][0xd4]|D5[0x0][0x0][0x0][0x0][0x0][0x0][0x0][0x0][0x0][0x0][0x0][0x0] [0x0][0x0][0x0]javax/help/SecondaryWindow.class[0x8d]TmS[0x1b]U[0x14]~[0x96][0x84]$[0x84]m[0xc1][0xf0][0xd2][0x6][0xad]M[0x5][0xdb]d[0xb3][0x10][0xaa]V+`_L@[0xa0][0xbc][0x14]CA[0xa8][0xb6]n[0x92][0xdb]t[0xeb]f[0x97][0xd9]l[\n]&quot;
2013-02-06 13:51:57,507 AAD-WS DEBUG wire:63 - &gt;&gt; &quot;[0x8c][0xe3][0x7][0xf5][0xbb][0xff][0xa2][0xdf][0xeb][p[0xec][0x8c][0xe3]&apos;:[0xe3][0xbf][0xf1][0xf]8&gt;w[0x89][0x10]B[0x1c][0xfa]!gs[0xcf]}[0xce]9[0xcf]9[0xe7][0x9e][0xf3][0xd7]?[0xbf][0xff][0x1]`[0xc][0x85]([0x86]0[0xde][0x85][0x8][0xae]Fp%[0xca][0xef];[0x11][0xbc]+[0xcf][0xef]Eq[0x1e][0xd7][0xc2]x_*?[0x90][0xe2]z[0x4][0x1f][0xca][0xef][0x84][0x14][0x93]RLI[0xf1][0x91][0x14]7[0xa2][0xb8][0x89][R[0xdc][0x96][0xc7][0x8f][0xa5]q6[0x82][0x9c]t?-[0xf]3a|&quot;[0xbf][0xb3]a[0xcc])[0x8]o[0x9b]v[0xc9][0xd9][0xae]*[0x18]Xxb&lt;525[0xcf][0xb4]2[0xb3]F[0xf5][0xb1]g[0x14],1[0xa9] h[0x1b][0x15][0xa1] vpm[0x19]v9[0x93][0xf7]\[0xd3].[0xf3][0xae][0xb3]$[\n]&quot;
2013-02-06 13:51:57,507 AAD-WS DEBUG wire:63 - &gt;&gt; &quot;[0xb5][0xb2][0x2]eS[0xc1][0x99][0xac]cW=[0xc3][0xf6][0xd6][0xc][0xab]&amp;[0x2]L[\n]&quot;
2013-02-06 13:51:57,507 AAD-WS DEBUG wire:63 - &gt;&gt; &quot;[\n]&quot;
2013-02-06 13:51:57,508 AAD-WS DEBUG wire:63 - &gt;&gt; &quot;BS[0xa6]mz7[0x14][0xa4][0x92][0xbe][0xfd]N[0xe6][0xb1][0xb0][0xb6]2[0xb3][0x14]y[0xe1]M[0x9e][0xf4][0x99]Zc[0xc4][0xac]Sb[0xc4][0x9e][0x5][0xd3][0x16]K[0xb5]JA[0xb8][0xab][0x92][0xb]5e[0xe1][0xdd]uEU[0xd8][0x9e][0xe1][0x99][0x8e][0xad][0xe0][0xf6][0xab][0xba]m[0x86]5[0xbb]`[0x12][0xe3][0xc9]S[0xf0]yQt[0xec][0x92][0xe1][0xee][0xae][0xfb][0xb5][0xa2]I[0xb8]$[0xaa][0x9e][0xeb][0xec]*[0x8]$%[0xe3][0x81]f[0x17][0xcb][0x85]&apos;[0xa2][0xe8][0xf9][0x99]D[0xa6][0x8a]V[0xa3][0x0][0xd1][0xbc]Ss[0x8b]b[0xc6][0x94][0x89][0xf4][0xb7][0xb8][0x1c][0x93][0xd6]*[0x86]1[0xaf][0xe2][0x2][0xde]Tq[0x11][0xba][0x2][0xa8]x[0x1d]o[0xa8][0xb8][0x83][0x5][0x5]C[0xff]OH[0xc5]&quot;[0x96]T,c^[0xc1][0x5][0xdb]I4[0xe7][0x97][0x18]M[0xb0])[0xae][0x97]0[0xca][0x86]i[0xcb][0x10]#*[0xee]bE[0xc5][0xa7]R[0xe4][0xa5]X[0xc5]J[0x18][0xf7]T\[0xc1][0x86][0x8a]M[0xdc]W[0xf1]9[0xbe]P[0xf1][0x0][0xf][0xc9][0xf4][0xb0][0xe4][0xbe][0xbb][0xa4]|[0xc])[0x15][0x1a][0xd2]*[0xbe][0x94][0xbc][0xfa][0xda][0xbc][0x1a][0x19]&amp;M.M[0x94][0xf][0x98][0x1e]o[0xde][0xb9][0xb6][0xcd][0x93]u[0xb]0[0xaa][0x82][0xcb][0xed][0xaa]zR[0xc5][0xda][0x12][0xde]0W0[0x98]L[0xb5]sKT[0xb5][0x9][0xd5][0xcb][0xc3][0x9a])[0xb6]sfu[0xcb]2vE[0x89][0xcf].[0xb9])c[0xf7][0xf1]f[0xd5]q[0xac][0x82][0xe1]6]J|[0xee][0xa0][0xe9][0xcb][0xf6][0xf4][0x8e]I[0x17][0xfd][0x12]hz[0x96][0x98]q[0x9d]J[0xce])[0xd6]*L[0x8d][0x83]r2x[0x18][0x86][0x2][0xf5]x[0xf2][0xea][0x9c]m[0xb]7k[0x19][0xd5][0xaa][0xe0][0xf4]];[0xed][0x11]6\[0x8d][0xb4]&lt;[0xde][0xc1][0xb2][0xe4][0xf5][0xc8][0xa8]Y-[0x93]1[0xdc][0xb6][0xc]&apos;[0xcc][0x8f]jr[0xdc]|[0xa4]]o[0x8e][[0xfb][0x8d][0xda][0xaa]1[0xe5][0xeb]m[0x1a][0xf5][0x8a][0xad][0xb][0xb9][0xa2][0xe2]&lt;[0xe5]H\&lt;%[0x1c].q[0x9b][\r]q[0xa9][0x4][0x10][0x95]c[0xc1][0x1d]rV[0xf8][0x1d][0xe2][0xb8]$[0xb8]l.[0xf9][0xba][0xb7][0x10][0xa2][0xe4];[0xa7][0xe6]mj[0xd2]&lt;[0xc9]m[0xd4][0xad][0xa5][0xf7][0xa0]h[0xfa][0xaf][0xe8][0xf8][0xd1][0xdf]M[0x97])[0xcf][0xfa]Wc[0xe8]D[0x86]n[0xc7][0xd1][0xc5]!H6[0xc][0xff]F[0x90]z[0xe0][0x9b]X[0xe0]7[0x4][0xd3]K[0xe9][0x97][0x8][0xc5]:[0x97]~Bh[0xb4][0x8e][0xf0][0x9f][0x88],[0xea][0xfb][0x88][0xe9]uti[0xcf][0x10][0xd1][0xb5]:[0xa2][0xfa][0xf3]X7[0xb1]/[0x10][0xd9][0xd0]F[0xf7][0xa0].[0xea][0x81]:[0xce]HqV[0xf][0xd6][0xd1]#E[0xaf][0xb6][0xcf][0xe1][0x98][0x8][0xa6][0xf7][0x11][0xd5][0xd2]u[0xbc]6[0x11][0x8c][0x7]_[0xd2]I[0x1d][0xb1][0x89][0xa0][0x1e]&apos;[0xa4]O[0xc6][0xa0][0xe3][0xfe]u[0xfd][0xf9]![0xd5][0x2]w6p[0x8b][0x94][0xb2][0x8]#[0x87]nL[0x93][0xfe][0x1c][0xe2][0x98]g[0x1d][0xee][0x90][0xf2][0x2][0xc7]r[0x9]:Vp[0x95][0xd3]=[0x89]{D[0xaf][0x11][0xb5]N[0xc4]g\[0xf][0x9b][0x1c][0xf7][0xfb][0xd4]&lt;[0xe0][0xbf][0x87]0P[0xc4]#[0x94]`[0xc1][0x84][0x8b][0xaf][0xf0]5*~[0xfa][0xa9]F[0xfa]:[0xeb][0xc6][0x1d][0x84][0xde][0xd8][0x0]S&quot;#[0xed] [0xeb]#FQ&quot;[0x80][0x1d]2[0xda][0xa5][0x86]+[0xa1]a9[0xfe][0x9f][0xa5][0xb6][0x87]Ai[0xf8][0xb]:[0xea]8[0xb7][0xde]Z[0xf6]oY[0xe0][0xef][0xd0][0x83][0xef][0xe9][0x89][0xb][0xaf]a[0x1d][0xf7]Q[0xfc][0x1d][0xc1]C[0xbe][0xe2][0x7]&gt;[0x80][0xd1][0xc3] [0xc3]~p[0xb6][0xf5][0x5][0xce]o[0xec]![0xfe]3B[0xad][0x6][0x1a]!c[0xfe][0x9b][0xc8]0[0xc9]Wa[0xf6]7Y[0x8f][0xae][0x1]PK[0x7][0x8]U[0x9d][0xb7][0x90][0xd7][0x3][0x0][0x0]w[0x7][0x0][0x0]PK[0x3][0x4][0x14][0x0][0x8][0x0][0x8][0x0][0xd4]|D5[0x0][0x0][0x0][0x0][0x0][0x0][0x0][0x0][0x0][0x0][0x0][0x0] [0x0][0x0][0x0]javax/help/SearchTOCItem$1.class}R]S[0xd3]P[0x10]=[0xb7]-M[0x1b][0x2][0xc5][0xca][0x97](Z[0x15]5m[0xa1][0x5][0xbf][0x15]D[0xb0]E[0xac]S[0xe0][0xa1][0xc]3[0xf0]d[0x8]W[0x1a][0xa6]M0[0xb9][0x91][0xc2][0xe8][0xdf][0xf0][0x7][0xf8][0xc2][0x8b][0xf]:#[0xe0][0xc8][0x8c]8[0xf2][0xe6][0x8f]r[0xdc][0xa4]U[0x8a][0x8a][0x99][0xb9][0xbb][0xc9]f[0xcf][0xd9][0xb3][0xbb][0xf7][0xfb][0x8f][0xcf]_[0x0]d0)#[0x86]D[0x14][0xed][0xb8][0xe8][0x99]K2.c@[0xc6][0x15]\[0x95]p[0xcd][0xf3][0xaa][0x84][0xa4][0x8c][0x8]R2[0xc2]HK[0x18][0x8c]`HF+2[0x12][0xb2][0x12][0xae]K[0xb8][0xc1][0xd0][0xa2][[0xae])[0x18]X[0x81]!,[0xca][0x86]30[0xcc][0xd0]W\[0xd3]^j[0xb5]l[0x99]W[0xd6][0xb3]%[0xae][0xd9]zy~.W[0x10][0xbc]:[0xca][0x10]-m[0x9a][0xa2][0xcc][0x85][0xa1][0x13]b[0xcc]0[\r]1[0xce][0xd0][0xaf][0x9e][0xc]I.0[0x84]r[0xd6][\n]&quot;
2013-02-06 13:51:57,508 AAD-WS DEBUG wire:63 - &gt;&gt; &quot;g[0x88][0x15][\r][0x93][0xcf][0xba][0xd5]en[0xcf]k[0xcb][0x15]/R[0xd6][0x9c][0x19][0xcb][0xe6]S[0x15]^[0xe5][0xa6]p[0x18][0x82]jr[0x89][0xa1][0xd5][0xe4]5[0xd1][0x8]2t[0xaa]I[0x9f]?[[0xd1][0xcc][0xd5][0xec][0xdc][0xf2][0x1a][0xd7][0x5]I[0x91]K[0x96]k[0xeb][0xfc][0xb1][0xe1]1[0xc5][0x8f]U[0xcd]x[0xe9][\n]&quot;
2013-02-06 13:51:57,509 AAD-WS DEBUG wire:63 - &gt;&gt; &quot;[0xba]qS[0xc1]it*8[0x85][0xb8][0x84][[\n]&quot;
2013-02-06 13:51:57,509 AAD-WS DEBUG wire:63 - &gt;&gt; &quot;n[0xe3][0x8e][0x84][0xbb][\n]&quot;
2013-02-06 13:51:57,509 AAD-WS DEBUG wire:63 - &gt;&gt; &quot;[0xee][0xe1]&gt;C[0xc7][0x11]i[0xde]rI[0x90][0x82]Q[0x8c]Q[0xbd][0xbf][0x9a]yb[0x8][0x5][0xf]0[0xee]Q&gt;dH[0xf8]@W[0x18][0x95][0xec][0xac]Ur[0xf5]rC[0xea]TM[0xe7][0xeb][0xc2][0xb0]L[0xd2][0xb3]@&quot;-;1e[0xba]Unk^[0xd0][0x3]O[0xd0]xO[0x1a][0xd5][0xc0][0x8][0x3][0x18][0x94][0x82]ir;W[0xd1][0x1c][0x87];[0xc7]D[0xd6];g[0xe8]:*[0xdf]D[0xef][0xcf][0x8e][0x86][0xdd]{[0x12]?ML[0xd3]u[0xee][0xd0][0x92][0x87]i[0xcd][0x99][0xff]-[0xad]xT[0xa2][0xde][0xc8][0xe8]/%M1Z[0xac]clq[0xbf]0][0xa0]([0xaf]Oa[0xd2][0x93][0xa8][0x16][0xfe][0xb9][0xb3][0xb6]U.r[0x96][0xf9][0xdc]X[0xe1][0xa6]^G[0xe6][0x89]F[0xcd]{[0xca][0xbb][0xd4]&amp;HI[0xd8][0x86][0xb9]J[0xd7][0x7][0x9][0xba][0xde]1[0x1a]L[0x7][0x2]t[0xf3]i[0x93]d[0xe3][0xde]Z)[0xd6][0x5][0xef][0x9][0xd2][0xe9]F[0xf]}[0xf7][0xd2][[0x96][0xf2][0xbc][0xcc]Xj[0xf],[0x95][0xde]A [0x15][0xdc]A[0xf0][0x3][0xbc][0xe9][0x9e]![0xdb][0xee][0x3]6[0x10][0xc5][0xb]z[0xdf][0xa0]h[0x1f][0xce]6[0x81]i[\r][0xe8]I}D[0x90]N[0xe0][0x13]B[0xbb]hy[0xb])[0xb4][0x8d]P[0xf0][0xdd]o[0x92][0xb0][0x9f]&amp;[0xc8][0x9e]C[0x3][0xfc][0x6][0x12]B[0xe4][0x17][0x1a][0xc0]b[0xfa][0xdb][0x9f]4[0xa9]}[0x84][0x17][0x1b][0x81][0xd4]&quot;[0xfd]\[\n]&quot;
2013-02-06 13:51:57,510 AAD-WS DEBUG wire:63 - &gt;&gt; &quot;=#q[0xbb][0x90][0xbe]&quot;[0xb2][0x8b][0xe8][0x1e][0xe4][0x99][0xf4][0xe1][0xe0][0xfb][0xf4][0xe1]6&quot;[0xb3][0xe9][0xc3][0xa1][0x83]}[0xb4].[0xc6][0x95]=[0xb4][0x1d][0x90]l[0x19][0x13][0x98][0xa6][\n]&quot;
2013-02-06 13:51:57,510 AAD-WS DEBUG wire:77 - &gt;&gt; &quot;[0x8f][0x90][0xf7][0xfd]4[0x9e][0xfa][0xbe][0xae][0xa9][0x1b]-dk[0x94][0xb5]I[\r]mQ[0xd6]+[0x14][0xf1][0x9a]Z:O[0xf1][0x0].`[0x84][0xbc]L[0xd9][0xed][0xfe][0xdc][0xf0][0x13]PK[0x7][0x8]&apos;&quot;
2013-02-06 13:51:57,511 AAD-WS DEBUG wire:63 - &gt;&gt; &quot;N[0x95][0xc5][0x96][0x2][0x0][0x0]N[0x4][0x0][0x0]PK[0x3][0x4][0x14][0x0][0x8][0x0][0x8][0x0][0xd4]|D5[0x0][0x0][0x0][0x0][0x0][0x0][0x0][0x0][0x0][0x0][0x0][0x0][0x1e][0x0][0x0][0x0]javax/help/SearchTOCItem.class[0x85]VmS[0x13]W[0x14]~n[0x12]X[0xb2][0xac]([0xa8]T4[0x88]T[0xb4]IT[0x2][0xf5][0xdd][0xa8]U HZ^,[0x1][0x14][0xaa][0x8e]Kr[0x81][0xa5][0x9b][\r][0xcd]n[0xac][0xda][0xf7]ig[0xfa][0xa1][0xa0][0xed][0xb4][0x9f][0xf9][0xd2][0x19][0xeb]L[0x81]N[0x9d][0xe9][0xb4]_[0xfb][0xa3]j[0x9f][0xbb][0x8b]HB[0xb4][0xd9][0xd9]s[0xef]9[0xe7]9/[0xf7][0x9c]{v[0xf2][0xcf][0xbf][0xfc][0x9][0xa0][0x17]_E[0xd1][0x85][0x1][0x1d]G0[0xa8]vC[0x8a]d4[0xc][0xeb]h[0xc0][\r][0xc5][0x8c][0xe8][0xc8][0xe2]][0x1d][0xef]aT[0xed][0xc6]t[0xca][0xc6]5L([0xe6][0xa6]&quot;[0xef][0xeb]00[0xa9]![0xa7]aJ[0xf1][0xd3][0x8a][0xcc](rKG+n+O[0xb3][0x8a][0xcc])vZ[0xed]&gt;P[0xe4][0x8e]&quot;w5[0xdc][0xd3][0x11][0xc3]}[0xc5][0x98][0x1a][0xe6]5[0xe4][0x5][0xc2][0x95][0xb2]-[0xd0]2[0xba]l&gt;0S[0x8e][0xf4]R[0xd3][0x93][0xa3]i[0x81][0x6][0xd7]z [0xa9]n[0xb][0x14][0x15][0xcf][0xb2]S32[0xef][0x95][0xca]Ji9S[0x13][0x83][0x2]bN@[0xcf][0x97][0x9c][0x5][0xab] [0x9d][0xbc][0xa4]`H[0xa0][0xf1][0xb2][0xe5]X[0xde]U[\r][0xe4]CY[\n]&quot;
2013-02-06 13:51:57,511 AAD-WS DEBUG wire:63 - &gt;&gt; &quot;[0x8c][0xac][0xe3][0xc8][0xf2][0xa0]m[0xba][0xae]t[0x5]&amp;[0xe2][0xbe][0xcb][0x87][0xa9]%i[0xaf][0xa4][0xc6][0xcc][0x95][0x9e][0xec]P[0xfa]D#$9[0xe9][0xa5][0xb7]%3Z[0xca][0x9b][0xb6]L&apos;f[0x4]&quot;[0x83][0xa5][0x2][0x83][0xed][0x1e][0xb5][0x1c]9^)[0xce][0xcb][0xf2][0x94]9oS[0xd2]][0x15][0xca][0x95]f9[0xbf][0x94][0xca][0xf9]K[0xd6][0x93]E[0xdf][0xd8]0[0xb][0x85]@4by[0x2][0x1d]U&amp;[[\n]&quot;
2013-02-06 13:51:57,511 AAD-WS DEBUG wire:63 - &gt;&gt; &quot;[0x1f][0xda][0xb8](=VG`O&lt;Q[[0xaf]][0xd4][\r]n[0xab]D8[0x9e][0xe0][0xd1][[0xaa][0xa4][0xae]r[0x9f][0xd8]v[0x86][0x8c]S)[0xca][0xb2][0xe9]Y%&apos;[0xed][0x9b][0xcc][0x5][0x8e][0xb6][0xc2][0xd2][0xa2]i[0xc9][0xa2][0x8b][0x8a][0xe3][0xf9][0x80],[0xb]n[0xe6][0xe9][0xca][0xed][0xe9][0xeb][0xeb][0x13][0xe8][0xad][0x93].[[0x13][0x9c][0xae]^[0xeb][0xa2][0xb9]G[0x8e][0xb7]$=[0x8b][0xbd][0xd5]s[0xa5]J9/[0x87]-U[0xab][0xb6]*[0xe3]^ej[0xe0](z[0xc]$p[0xca][0xc0]1[0x1c]7[0xd0][0x8d]7y[0xf8]Z[0xaf][\n]&quot;
2013-02-06 13:51:57,512 AAD-WS DEBUG wire:63 - &gt;&gt; &quot;[0xb1]`[0xe0]-[0xc4]5,[0x1a]X[0x82][0xa5]a[0xd9][0xc0][0x87][0xb0][\r][0x14]a[0x19]pPb[0x9d][0xb7][0x17][0xcc][0xc0][\n]&quot;
2013-02-06 13:51:57,512 AAD-WS DEBUG wire:63 - &gt;&gt; &quot;[0xce][0x18][0xf8]Hi[0x13]([0xb][0x1c][0xde][0xd2][0x8e][0x99][0xf6]B[0xa9]\[0x94][0x5][0xc2]2[0xf][0xf3]rEUG`_[0xbd][0xae][0x18]8[0x8b]s[0x6]\\6[0xe0])[0x92]@[0xc5][0xc0][0x3]|l[0xe0]!.[0x1a]x[0xa4]d[0x8f][0xf1][0x89][0x81]O[0xf1][0x99][0xc0][0xc1]W[0x95][0xaa][0xa7]_[0x0][0xca][0xfa]s[0x3]_[0xe0][0x82][0xc0][0x81]W!Y[0xa7]m[0xaa]M[0xa1][0x86]/[0x5]Zw[0xdc]`[0xbf]a[0xbc]6[0xb1][0xd7][0xdd]A[0x1][0x8d][\r][0x1f]5[0x9d]E[0x9e][0xf1][0xc5][0xe5][0xb0][0xc9][0xa6]r^[0xd9]r[0x16][0xd3][0xd5][0xc9][0xa8]A[0x98]f[0xe9]-[0xcf]R[0xd7][0xa9][0xc5][0xf6][0xa7]`[0xb8]\*[0x6].[0x8e][0xc7]wzH[0xec][0x9c][0x1a]^+F[0x9d][0xb2]&lt;[0xd5]y[0xcd][0x95][0xde][0xb8]Y[0xe4]n=[0xeb][0x99] [0xc5][0x1][0xd3]%[0xa2][0x99];u_[0x1c][0x1f]4^=[0x6][0xf5][0xad]U[0xa8][0x1][0xb9]h9[0xc1][0x4]e[0x9c][0x2]7[0xf1][0xa1]lV)u[0x8e]_[0xc6][0x96]E[0xa9].xU[0xfc][0x89][0xf9]e^[0xaf] [0xbe][0xe5]f[0x8a]+[0xde]#[0x8e][0xba]k=f[0xe0][0xa8][0xc]L[0xae][0xfb]F[0xd9][0xc4]N3~[0xe],[0xc7][0x95]e/[0xf3][0x12][0xd9]^[0xc7][0xbd][0x9f]D[0xe7][0xeb][0xa6]H[0x9d]`3[0x9c][0xaa]xu[0x9b]9[0x12]][0xfc][0x9e][0x3][0x11][0x84][0xd4]xp[0x17]RS[0xe3][0xaf][0x9c][0x19][0xe5]dp[0xd5]![0xd4]([0x91][0xf6][0x92][0xbb][0xc9]op[0x3][0xd7][0x9e][0xe4][0x89][0x93][0xa7]:&quot;[0x1b][0x8]%#k[0x8]&apos;[0xc5][0x1a]&quot;[0xc9]gh[0x98][0xdd]@[0xe3][0x1a]D[0xb2]e[\r][0xda]S[0xe2][0x4]R[0xa4][0x7][0xd1]H[0xda][0x8f]([0xde]F[0xb]Nc/[0xce][0xe0]0[0x87][0xe0]([0xce][0xf9][0xde][0xfb]6[0xbd]?!.[0xcc]u1)[0x84]8[0xb1][0x8e][0xa6][0xdf][0x11]U![0xc2]*[0x4]y}[0x1d][0xcd][0x8c]b[0xcc]r[0xbf][0x8b]o[0xcb][0x6]v3[0xf0]*[0xa2]c[0xb5][0x19]&lt;C[0xab]B[0xb5][0xf1][0xdd][0xcb]w[0xdf][0x6][0xf6][0x8f])[0x17]mL,[0xf9][0x1b][0xc4][0xc9]u[0xb4]?e[0xd8]C[0xc][0xdc][0x8f]=[0x9b][0x89][0xf6][0xa2][0x99][0xf4][0x12][0x93]L3[0xc9][0xcb][0xd4]^[0xa5][0xec][0x1d]&quot;[0xae][0xe1]&lt;[0x6][0xf8][0xc]b[0x6][0xc3][0xb8][0x87][0x1b]X[0xc0][0x8][0xad][0xfa]y[0xa4] y[0xc6][0xe7][0x3][0x14][0x95][0xfb]u[0xbc][0xf1][0x3][0xda][0xd5][0x8e]1[0xdb]U[0xe0][0x3][0xc][0xbc][0x8a][0xc9]@[0xd9][0x11])\Y[0xc5]u[0xc5][0xc4][0xd6]q[0xf0]/[0xb4][0x8e][0x9f]&quot;D[0xc1][0xbe][0xff][0x19][0xad][0xbe]],r[0x1d][0x87]V[0xd1][0x15][0xfb][0x11][0xfb]|I[0x98][0xfc][0xb]W[0xdf][0x84][0x9e][0xc7]~z[0xfe][0xf7][0xcb][0x1a][0x9f][0xc3].[0xd2]I[0xf6]+[0x87]6L[0xa1][0x93][0x89]&amp;q[0x8b][0xf2][0xdb]L{[0x16]c[0x98]c[0xf7][0xee]Ps[0x97][0xcf]=H[0xea]m[0xcc][0xd3][0xfa]4[0xbb][0x11][0x1c][0xa1][0x93]+?)h`[0xb8][0xc8][0xaf][[0xae][0x1b]}[0xa1]$=[0xeb]7,[0x80][0x86][0xb6][0xa0][0xda][0x93][0x1a][0xa8]Mz[0x1e][0x17]6[0xa1][0xdd][0xec][0xa9][0x92]F[0x9f]!6[0x9b][0xdc]@g[0xad][0xe7][0x15][0xd2]c[0xb8]X&apos;[0x89][0xf0]/5[0xd0][0xaf]I/my&gt;[0xb2][0x9]m[\n]&quot;
2013-02-06 13:51:57,513 AAD-WS DEBUG wire:63 - &gt;&gt; &quot;[0xaa]z[0xb8][0xd6][0xf1][0xb7][0xa4]i[0xb6][0xb1].[0xba][0xa3][0xd6][0xf7]wh[0xc2][0x15]6&lt;[0xb4]#[\r]Q[0xeb]8[0xc1];[0x1]H[0xae][0xf9][0xf4]:Nrm[0xe3].[0x89][0x2]N[0xa0][0x83][0xff]W[0xfc][0xdf]PK[0x7][0x8]v[0x97]0L[0xbd][0x4][0x0][0x0]E[0x9][0x0][0x0]PK[0x3][0x4][0x14][0x0][0x8][0x0][0x8][0x0][0xd4]|D5[0x0][0x0][0x0][0x0][0x0][0x0][0x0][0x0][0x0][0x0][0x0][0x0][0x1a][0x0][0x0][0x0]javax/help/SearchHit.classmP]K[0x2]A[0x14]=[0xb3]_[0xea][0xba][0x9a][0x95][0xda][0xa7]AP[0xa9][0x1b][0xb8][0xf][0xbd]V[0xf]i[0x91][0x10][0xf5]`[0xf8][0xbe][0xbb][0x8e]:bc[0xc8][0x1a][0xfd][0xa8] [0x82]$[0xe8][0xa1][0x1f][0xd0][0x8f][0x8a][0xee]l[0xb1][0x84][0xf4]r[0xee][0x9d]s[0xcf]9[0x97];[0x9f]_[0xef][0x1f][0x0][0x1a][0xd8][0xb1]aa-[0x3][0x13][0xeb][\n]&quot;
2013-02-06 13:51:57,514 AAD-WS DEBUG wire:63 - &gt;&gt; &quot;6[0x14]l[0xa6][0xb0][0x95][0xc2]6[0x83][0x1d]Nd_[0xf4][0xb8][0xc]9[0x3]k1[0x98][0x1][0x1f][0x8]I}[0x9b]A[0xe7][0xb2][0xc7]`[0x1d][0xb])[0xa2]Sjj[0xad]v[0xbb][0xde]e0[0x9a][0x93][0x1e][0xc9][0x97][0xae][0x84][0xe4][0xd7][0xb3][0xbb][0x80]Oo[0xfd]`LLn[0xc0][0xa3][0xe6][0x9f]@[0xbd]V[0xa7][0xc8]4[0xb1]g?[0xa9]DP[0xae]E[0xc4][0xb9][0x8a][0xb6];[0x93][0xd9]4[0xe4][0x17]B[0x99][0xf3][0x1d][0xee]O[0xc3][0xe1][0xa5][0x88][0x1a]#[0xff][0xc1]w[0xe0][0xa0][0xe2] [0x85][0xb4][0x83][0xc]l[0x7]Y[0xd8][0xc]E5z[0xf4][0x86]||[0xef]%z[0x86][0x82][0xa2][0xbd][0xb1]/[0x7][0xde]M0[0xe2]a[0x14][0xaf][0xea]b[0x97]n[0xb5][0xe8][0x17]th*[0x89]:M[0x85][0xc5]5[0x1b]W[0x3][0x8c][0x16][0xe5][0x8][0xf3][0xf4]:![0xa5]I[0xb5][0xe4][0xbe][0x81][0xb9][0xd5]94[0xb7]2[0x87][0xee][0x96][0x8c]9[0x8c][0x17][0x1a][0xd0][0xd5][0x84][0xe5]X[0xb4]G[0xe6]}[0x8a]; k[0x15]E[0xd4]hZ[0xc0][0xf2]oT[0x85]V0[0xaa][0xa6][0xfb][\n]&quot;
2013-02-06 13:51:57,514 AAD-WS DEBUG wire:63 - &gt;&gt; &quot;[0xed]9[0xb1]Z1yH[0xb8][0x82][0xd5]D[0xca][0x12][0xa9][0xfe][0xb4] [0xf5][0x8][0x8b][0xff]J[0x8d]E[0xe9][0x11]a)[0xbe][0xad][0xfc][\r]PK[0x7][0x8][0xc9][0xad]&gt;[0xf]J[0x1][0x0][0x0][0xfe][0x1][0x0][0x0]PK[0x3][0x4][0x14][0x0][0x8][0x0][0x8][0x0][0xd4]|D5[0x0][0x0][0x0][0x0][0x0][0x0][0x0][0x0][0x0][0x0][0x0][0x0]&quot;[0x0][0x0][0x0]javax/help/ServletHelpBroker.class[0xad]W]t[0x1c]e[0x19]~[0xbe]d[0x93]I&amp;[0x93][0xa4][0xdd][0xb6]i[0x9b]4[0x10]1[0xb5][0x9b]MM[0x10]EiS[\n]&quot;
2013-02-06 13:51:57,514 AAD-WS DEBUG wire:63 - &gt;&gt; &quot;$iam[0x92][0x16]B[0x3])[0x15][0x9c]$_[0xb7]Sfg[0xb7]3[0xb3]i[0xb][0xfe][0xd3][0x82]JUT[0x4][0x11][0xe5]G[0xc5][0xf2]w[0xe][0x94][0x3]I[0x8f]9[0x7][0xce][0xf1][0x2]&lt;[0xde]y[0xeb][0xad][0xc7]+o[0xbd][0xf4][0xa8][0xcf]7;[0xd9][0x9d][0x9d]l[0xba][0xf1][0xe8]E[0xde]I[0xbe]y[0xde][0xe7][0xfd][0xbf][0xc9][0x9f][0xfe][0xf5][0xfb][0xf][0x1][0xc][0xe1]m[0x1d][0x9f][0xc2][0x85]V[0xf4][0xe1]1%[0x1e]W[0xe2]kJ|][0x89]oh[0xf8][0xa6][0xe][\r][0xdf][0xd2][0xf1]m|G[0x9d]&lt;[0xa1][0xe3]&quot;.[0xe9]x[0x12]O[0xe9][0xf8].[0xbe][0xa7][0xe1][0xfb]-xZG[0x7].k[0xf8]A[0xb]~[0xa8]c3.[0xeb]x[0x18]?[0xd2][0x9]F[0xc3][0x8f]5[0xfc][0xa4][0x5]?[0xd5][0xb1][0x1d][0x97][pR[0x9d]&gt;[0xab]8[0x9f]Q[0xe2]gJ&lt;[0xa7][0xc4][0xf3][0x1a]~[0xae][0xe1][0x5][\r][0xbf][0x10][0xd0]NK[0xbb][0xe0]I_`[0xeb][0xc4][0x19]s[0xd1]&lt;?[0xac][0xe][0x86][0xef][0xa1][0x98][0x96][0xfe][0x88]@S.[0xbf] m[0x81][0xde][0xe8][0xeb]qy[0xca],[0xda][0xbe]BM[0xaa][0xd7][0xc4]5[0xcf][0x17][0xdd])sQ[0xa0];[\n]&quot;
2013-02-06 13:51:57,515 AAD-WS DEBUG wire:63 - &gt;&gt; &quot;[0xe4][0x89][0x95]5[0xfd][0xbc];c[0xc9]sD[0xb5]/[0xf2]9ny[0x5][0xdb][0xbc] [0x17][0x4][0xc4][0x9]j[0xda][0xf9]y[0xd3][0x96][0x2][0xc9]@s[0xb8][0xe8][[0xf6][0xf0]DpF[0x8d][0xc4][0xa9][0xbc]C[0xef]:K[0xef][0xcc]s[0xfe][0xf0]a[0x1e]([0xc7][0x16][0xe4]\1K[0xca][0xb1][0xbc][0xe3][0xf9][0xa6][0xe3][0xcf][0x98]vQ62[0xd5] [0xe7][0x1][0xcb][0xb1][0xfc][0x83][0x2][0x8d][0xa9][0x81][0x19][0x92][0x8c][0xd1]KEb9r[0xaa][0x98][0x9b][0x93][0xee][0xfd][0xe6][0x9c]2[0xa9]g[0xa5][0x1f][0xc6]*[0xd0][0x95][0x1a][0xa8][0x9d][0x3][0xdd][0x8b][0xa0][0xb6][0xa7]j[0x81][0x94][0x95]V[0x92]M[0x84][0xb1]l[\r][0xb9]b[0xd1][0xb4]z[0x15][0xc8][0xb6][0xd4]Z[0x84][0xa2][0xd1]Hs8[0x8]z[0xf3]*I$l[0xcd][}[0x9b]L[0xc5]^*[0xe5][0xe][0xbe][0x1e]+[0xba][0xae]d&gt;[0x98][0xea][0x8a][0x15][0xdb]t[0xb2][0xc3][0xd3][0xbe]k9[0xd9][0x12]0[0x1b][0x3][0x96]=[0x8e]&quot;[0x19]n[0x5]WUL[0x81]][0xd5][0xe9][0x8a][0x97]z[0x93][0xaa][0xc0]1Wz[0xd4]4}+[0xef][0x8][0x18]t.R[0xfc]D[0xea][0x84][0xf2][0xa4][0xcd][0xf2]&quot;[0x87],[0x18]{[0xa2]-[0xcc]SIoK$[0xd2]cy+[0xc]U?t~^[0x16][0x14][0xc2][0xa3]B6[0xaa][0x90][0x8c]&amp;[0xae][0xa4]Q[0xca][0xdc][0xb4][0xf5][0x98],[0x97]0x;n[0xe5][0xa4][0xe3]Q[0xab][0x9c][0xfb][0x12][0xa6]+JQ[0x1][0x95]J8=[0xef]J[0xe9][0xa8][0x8]2[0xab][0x85]_=[0xa2][0xff][0x19][0x6]O[0xd0]Lu[0xab]wZ^[0xec][0xc4][0xa8][0xd4]*3[0xae][0xe1]E[\r][0xbf][0x12]h[0xc8][0x8c][0xf3]M[0xc6]q[0xa4];f[0x9b][0x9e]&apos;=[0xe5]K4[0xd1][0x93]f[0xa1]?3[0x1e][0xb8]kd#[0xc][0xaa][0xd6][0x3]5[0x80][0x1c][0x91][0x8a][0xa1][0xe3][0xf7]M[0xa8][0xbe]*[0x85][0xe6]H[0x98][0x7][0x1]U{[0xb6][0x1a][0xb3]i5[0xfe]U[0x10]![0xd2]QS[0xa3]Z[0xfe][0x88][0xbc] p{$[0x8d]c[0xf9]\![0xef]Pydm[0x13][0xad]7/z[0x85]O[0xe0]@[0x84]lR:[0xc5][0x8c]/s[0xff][0x5]W[0xb2][0xc2]u[0xd4][0x19]-[0xfa][0xbe]j[0x83][0xae][0xca][0xdc]F[0x1b]Q[0xc3]KL]uk[0xf6][0xd7][0x9a][0xea][0xfe](&amp;0[0xd3][0xec][0x9d][0xce][0x9f]S[0xa9][0xde]Wc[0xac]6r[0xa2]H[0xf6][0xd7]*[0xe7]F[0x95][0xcd][0xff]![0xe9][0x1b][0xb5][0xf1]H4[0xb8][0xa3]sg[0xe4][0xfc][0xff][0xdb][0xc2][0xb6][0x1a][0x16][0x82][0x96][0x98][0xce][0x17][0xdd]yy[0xd8]R[0xb][0xb2]kZ[0xba][0x8b]v[0xa9][0x84][0xa3]n[0xfe]Q[0xe9][0xe])%[0x3][0xb7][0xe0][0xf3][0x6]&gt;[0x8d]~[0x3][0xbb][0xf1][0x19][0x3]{[0x90]20[0x80][0xb4][0x81]A[0xec][0x15][0xe8][0xb9][0xce]E[0xa5]t[0xf7]ix[0xd9][0xc0]+[0x18]1[0xf0]Y[0xc]ix[0xd5][0xc0][0xaf][0xf1][0x1b][\r][0xbf]5[0xf0][0x1a][0xe]i[0xf8][0x9d][0x81]+x][0xe0][0xa6][0x8a][0x87][0x19][0xdb][0x96]Y[0xd3][0xbe][0xcb][0xcd][0x16][0xb9][0x8][0xfc][0xf2][0xe2][0xe1](e[0x9c]E[0xd3][0xb6][0x16][0xfa][0xd4][0xc5][0xd6][0xe7][0x98]9[0xa9]L[0x8c][0x9][0xa4]&quot;^[0x1c]w[0xbc]b[0xa1][0x90]w}[0xb9]p[0xb4] [0xdd][0xa0][0x9d]&quot;[0x1c][0xfd]Sy[0xbf][0xcf][0xca][0x15]l[0xa9][0xc8][0xe5]B[0x9f][0xe5][0xf4][0xa9][0xd0][0xa5][0x1d][0x9][0xdd][0xc0][0x1b]x[0xd3][0xc0]I[0x98][0x2][0x3][0x11][0xee][0xd0]~X[0x0][0xde][0x85][0xbe]&lt;[0x1f]u[0xb0][0xb3][0x12][0xc5]![0xd7][0xcd][0xbb]j[0x11][0x11][0xe3]:[0xa6][0xdd]&apos;[0xd5][0xc1][0x1d][0x6][0x86][0xb1]h`[0xe][0xf3][0x6][0x16]@[0xff]O[0x81][0xd7][0xea][0xae][0x88][0x8d]5u[0xe0]z[0x88][0x97][0x8f]5[0x8d][0xf5][0xc3]*tg[0xe4]|[0xd4]\[0xc8][0x8c][0x97][0xbd][0xd3][0xf0][0x16]3[0xb8]f[0x16][0x4]n[0xac]3[0x8b][0xab][0xf6]#Wg[0xe9].[0xf][0xeb][0xcd]}[0xb0][0x96][0x81][0xa6][0x88][0xa8][0xba][0xa6][0xb8][{S[0x3][0xf]][0xef][0x1a][0xdb][0xb1][0xde][0xbb][0xd2]e1[0xc5][0x8a]We[0xa3][0xd4][0xe4][0xdc][0x14][0xf2]l[0xd1][0xb4][0xbd]uZ]}[0xf6][0xf0][0xc2]0}*[0x8f][0xac][0xb7]J[0xe2]k[0xae][0xe6]n[0xef][0xa8]&gt;[0xe4]&apos;f[0x1f][0xd8][0xbd][0xfc][0xd0]K[0xa8]![0xe1][0xf7]PB[0xcd]I[0xf0][0xe4][0xa8][0x4]ONK[0xf0][0xe4][0xc0][0x4]O[0xe][0x2][0x9f][0xdd][0xec][0x84]4uo[0xe6][0xef][\r][0xf8][0x1c][0xb5][0x84][0x9a]5[0xca]/[0xf0]d[0x8a]g[0x82][0xcf][0x1b][0xd2][0xcb][0x10]i[0xf1][0x1][0x1a][0x94]hT&quot;[0x91]N|[0x80]&amp;[0xf5][[0xf3][0xd5][0xe0][0xfb][0xeb]V[0x85][0xa3][0x7][0xc0][0xbe][0x80][0xbd][0x95][0xfc][0x1d]d[0xdf]B[0xee][0x1d]d[0xee][0xc5]~[0xa2][0xbe][0x88]/[0x85][0xdc][0xbd]|*[0xee][0xa6][0xf4][0xfb]hx[0xb7]L[0xd1][0x1c][0x1c][0xde]Iy[0x1b][0x89]J[0xd0]Q[0x12]6([0xfa][0xc1][0x8f][0xb1]K[0xc1][0x7]_[0xc3][0xd6][0xf4][\n]&quot;
2013-02-06 13:51:57,515 AAD-WS DEBUG wire:63 - &gt;&gt; &quot;[0xb4][0xd9][0xc1]e[0xb4]([0x87][0x6][0xe9]Z[0xc5][0x8d]$[0xf1]@[0x6][0x6][0xbe]L[0xd3]Ghj[0x92]o[0xf6]c$[0xe4][0xbb]94[0xbd][0x89]\[0xcd][0x9f]@[0xbb][0x86][0xd6]w[0xd5][0xaf][0x15]/:[0xa0][0xbe]*[0x1f]`8[0xf][0xa2][\r]&apos;xz[0x0][0xb7][0x87][0xda]7[0xd1][0x17][0xe5]M[0xb3][0xb2][0x1a][0x9]^[0xf]N%[0x9a]8M[0x2][0x7]qG[0x8d]@[0xf5]x[0xa0]6[0xe5][0x9d][0xb8][0xab][0x16][0xb5][0x1e][0xa7][0xf6]I][0xe4][0xc9]([0xc6]B[0xbc][0xa4][0x9b]*[0xd4][UR[0x96][0xd0]6[0xd9]x[0xf0][\n]&quot;
2013-02-06 13:51:57,516 AAD-WS DEBUG wire:63 - &gt;&gt; &quot;z[0xf6][0xf6][0xde][0xb2][0x4]cp[0x9][0xed]/[0xa0]-[0xcd][0xbf]X[0xad][0xab][0x17][0x1b]E[0xef][0xde][0xf]_[0xfd][0xf7][0xdf]V[0xd0]1[0x9b][0xec]\[0xc6][0xa6][0x8f]be{[0x2]-[0xfc][0xef][0xa3][0x1d][0x97][0xd8][0x14]O[0xb2][0xa1][0x9e][0xa2];[0x17][0xd9].O[0x13]5[0x8e]C[0xa1][0xc9][0x19][0x9a]T[0xce][0xa4]i2[0xf1][0x9];[0x83][0x96]?[0xc6][0xb6][0xd0][0x81][0x89][0xf4]`[0xa3]2w[0x5]MB[0xa5]4AG*!w3h[0xe0]Y[0xf5][0x9f][0x9]3[0xfc][0x1c][0xba][0xf0]&lt;[[0xf7]E[0xda]y[0x89][0x88][0xc3][0xb8];[0xb4]1[0x1d][0xda][0xd8][0xb3]1[0x1b]q[0x3][0xaf][0xd3][0xc0][0x1b]4[0xf0]&amp;[\r][0xbc]E[0x3][0xef][0xd0][0xc0]{D[0xdc]S[0xee][0xeb][0x9d][0x81][0x6][0xae][0xc6][0xca][0xb1]B[0x99]a[0xd7]T`[\r][0xb5]`[0xa0]&lt;[0x82][0x89][0x10][0xd6][0x1d][0x16][0xb8]![0xf1]v[0xc][0xf7]G[0xca][0xc9]`[0x8a]J[0xd5]-[0x85][0xa5][0xaf]`[0xf3]l2[0xb9][0x8c]-[0x1f][0xc5][0xf0][0xc6][0xd1]`6[0xb9][0xb7][0xf8]s[0xc][0xf7]F4[0xc5]u5[0xff]R[0xa5]y[0x1f]S[0xb8]Q[0x9b][0xad][0xd2][0xbc][0x1f][0xc7]7l[0xf3][0xef]U[0x9a]3[0x1c][0x97][0x8d][0xda][0xfc]G[0x95][0xe6][0x83][0x98][0xdd][0xb0][0xcd]Vi[0x9e]([0x97][0xaa]29=\K[0xb1][0xc9][0x11][0x8d]l[0x15][0xa5][0xf3]P[0xb9]f[0xd1][0xa1]l[0x8a][0x95]M[0xe8][0x94]&apos;9d%[0xa7][0xee][0xa6]Sj[0x1b][0xf4][0xa4][0x7]U[0x7]^[0xc3][0xd6]%l[0xbb][0x82][0x8e][0xc9][0x15]l[0x9f]M[0xee]X[0xc6][0xce][0x7][0xae][0x6]\[0x6]:[0xd9]q[0x91][0x15]$[0xba]`[0x88][0xed][0xe8][0x14];[0xd1]-z[0xca][0x9e]%[0xa0]7C[0xfa][0xa1][0xd0][0xf3][0x8e]d[0xf7]5[0xda]x[0x1f][0x8d][0x9c][0xdc]][0x95][0x8][0x82]U$v3[0x82]=h[0x17][0xa9]2[0x8b][0xb2][0xc4][0xb]&lt;[0x8c][0xa7]/[0x8c][0xa7]E[0x11],[0xa1]7[0xb6]g[0xc4][0x10]%o[0xfa][0x10][0xbd];[0xb4][0xd9][0x1a][0x9a][0xbb]![0x9e][0xb0][0xdb][0xd0]&quot;[0xd4][0xf6][0xe5]wAm[0x3]7[0xc6][\r][0xa8]mw[0x1a]Vdr[0x12]5&amp;Gd([0xcf][0xd4][0x87][0xdd][0x1b][0xc0][0x1e][0xad][0x7][0x9b][0xa5][0xb4][0xeb][0xb3][0x99][0x1][0xac].[0x9b][0xe2][0xc9][0xa1]Pg[0xf8]E[0x8e][0xf2],[0xdc][0xb0]|[0xeb][0xb2][0x15][0xaa][0xea]}[0x16]^=[0x5][0xaf][0xaa][0xb4][0xa7][0xb9][0xee]+[0x8e]4[0xd7]RX[0xc][0xc2]*[0xd6][0x83]=[0xce][0x9a][0xf2]s[0xaf][0xce][0xea][0x13][0x97][0xe8][0xdf][0xb9] [0xe6][0xf3][0xf8]j[0xd0][0xc1][\r]x[0x18][0xbf][0xc4]#Tqx[0x11][0xe4][0xd1][0xfa][0x1f]PK[0x7][0x8]T[0xe3]4[0xcd]m[0x7][0x0][0x0][0xd8][0x12][0x0][0x0]PK[0x3][0x4][\n]&quot;
2013-02-06 13:51:57,516 AAD-WS DEBUG wire:63 - &gt;&gt; &quot;[0x0][0x0][0x0][0x0][0x0][0xd4]|D5[0x0][0x0][0x0][0x0][0x0][0x0][0x0][0x0][0x0][0x0][0x0][0x0][0x12][0x0][0x0][0x0]javax/help/tagext/PK[0x3][0x4][0x14][0x0][0x8][0x0][0x8][0x0][0xd4]|D5[0x0][0x0][0x0][0x0][0x0][0x0][0x0][0x0][0x0][0x0][0x0][0x0]$[0x0][0x0][0x0]javax/help/tagext/IndexItemTEI.class[0x8d][0x92][0xcd]N[0xdb]@[0x10][0xc7][0xff][0x9b]8[0xf6][0xe2][0xf2][0x11]RZJ[0xcb]W[\n]&quot;
2013-02-06 13:51:57,517 AAD-WS DEBUG wire:63 - &gt;&gt; &quot;[0xb4][0x84]C[0xfc][0x0][0xa9][0xb8][0x0][0x95],E=4i$[0xe0][0xb4][0xc0][0xd6]5J[0xd6][0x96][0xb3] [0xf7][\r][0xfa][0x18]&lt;[0x2]=![0xb5][0x82][0x7][0xe8]CU[0xcc][0xae][0x8b][0x8b][0x84][0xa8][0xea][0xc3][0xcc][0xfc]fg[0xc7][0xff][0x19][0xfb][0xd7][0xef][0x1f]7[0x0][0xda]x[0xe3]c[0x1a][0xf3][0x1e]^p,p[0xbc][0xf4]Q[0xc1]+[0x8e]E[0x8e]%[0x8e]e[0x8e][0x15][0x8e]U[0x8e]&amp;[0xc7]k[0xf]k[0x1e][0xd6][0x19][0xdc]w[0xb1][0x8a][0xf5]6Cu[0xb3]5`pv[0x92][0x13][0xc9]0[0xd3][0x8d][0x95][0xfc]p6:[0x92]Y_[0x1c][\r]M&amp;[0x92]z [0xb2][0xd8]P[0xa8]&gt;&apos;[0xc][0xdd][0xcd][0xee][0xa9]8[0x17]y0[0x96][0xd9][0xf9]P[0xea][0xe0]t[0x9c][0x6]ZD2[0xd7]A_D[0xbb]B[0x8b]N[0xeb][0xf0][0xf1][0x9a][0xfb][0xdd]:[0xc]~/9[0xcb][0x8e][0xe5][0xfb][0xd8][0xbc]m6T&apos;2[0xf][0xb5][0x1c][0xf5][0xf7][0xc2][0xb6]i1[0x89][0x19][0xd4][0x19]6[0xfe][0xab][0x1d][0xcd][0xa1][0xc4][0x88][0xfa][0xd4]My{(T[0xd4][0xee][0xe9],V[0x91]i[0xb3]AS[0x91][0xc3]4[0xdc][0xa5] [0x15][0x99]T[0x9a][0x81][0x17][0x81][0xc9]9[0xca][0xee][0xc0]5[0xce][0xb0][0x9c](Mg[0x9f]&gt;v[0x19][0xa6]d[0x9e][\n]&quot;
2013-02-06 13:51:57,517 AAD-WS DEBUG wire:77 - &gt;&gt; &quot;5[0x8e][0x13][0xd5][0xff][0x9a]R[0xd5]r![0xc8][0xf4][0xbb]Sr_[0xfb][0xbf][0x14]&quot;
2013-02-06 13:51:57,518 AAD-WS DEBUG wire:63 - &gt;&gt; &quot;[0xd3][0x92][0xf6]r[0x9d][0x89]Bq[0xab]Xg`[0xc4][0x6][0x85][0xd8][0xce][0xc3][0xcc]A[0xd8][0x1a][0xa0][0x89])[0xfa][0xca][0xe6][0xa9][0x80][0x99][0xbd][0x90][0x9d]%j[0x92]g[0xe4]k[W`[0xdf])`h[0x90]5?[0x1][0xb0][0x6][0x7][0xeb][0x94]y[0x8a][0xb9]?[0xe5][0x17][0x98][0xb0]&apos;[0xdf][0xea][0xfc][0x1a][0x95][0xfd][0xea]O2[0x8d]j[0xc3]q[0xaa]W[0xa8][0xf5][0xf6][0x1d][0xcb]n[0xc9]5[0xcb]^[0xc9][0xae]e^[0xb2]gy[0xa2]dn[0xd9]/[0xb9]^\x[0xf2]7Q[0xdc][0x98][0xbc]K\[0x96][0x8a]];[0xc6][[0xb2][0xcf][0xec][0x90][0xcf]o[0x1]PK[0x7][0x8][0xc9][0x95][0xfa]3[0xaa][0x1][0x0][0x0][0xe0][0x2][0x0][0x0]PK[0x3][0x4][0x14][0x0][0x8][0x0][0x8][0x0][0xd4]|D5[0x0][0x0][0x0][0x0][0x0][0x0][0x0][0x0][0x0][0x0][0x0][0x0]$[0x0][0x0][0x0]javax/help/tagext/IndexItemTag.class[0x95]X[0x9]x[0x1b][0xc5][0x19]}cKZE[0xde]$[0xb6][0x1c]&apos;14[0x7]![0x1]E[0x8e]-[0x8]G[0xc1][0x81]@[0x12][0xdb]D`))N [0x9c][0xed][0xda][0xda][0xd8]Jd[0xad][0x90]V[0x8e][0x3][0x85][0x16][\n]&quot;
2013-02-06 13:51:57,518 AAD-WS DEBUG wire:63 - &gt;&gt; &quot;[0x14](G[0xa1][0x94]6[0x1c][0x5][0x2][0xc1]@[0x3][0x4]H[0xe4][0x4]Z[0xae]Bh[0xa1][0x14][0xe8]}[0xdf][0xf7]}[0x1f][0xb4][0x85][0xbe][0xb5][0x96]e[[0xa6][0xe1][0xfb][0xfc][0xcd][0xec][0xfc][0xf3][0xfe][0x99]7[0xff]5#[0xbf][0xf4][0xe6][0x13]O[0x1]hQ[0xb3][0x2]8[0x1d][[0xfc][0x18][0x9c][0x82][0xf7]`[0xab]4[0x17]JsQ[0x0][0xf5]x[0xbf]|][0x1c][0xc0]l\&quot;_[0x1f][0x10][0xd9][0x7][0xa5][0xb9]4[0x80]:\[0x16][0xc0][0x87]py[0x80][0x13]W[0xc8][0xf0][0xca][0x1a]|[0x18]Wi[0xb8]Z[0x6][0xd7]h[0xf8]H[0x0][0xd7][0xe2][0xba][0x0][0xae][0xc7][\r]2[0xf3]Q[0x1][0xde][0xa8][0xe1]&amp;[\r][0x1f][0x93][0xcf][0x9b][0xa5][0xf9][0xb8]4[0xb7][0x4][0xf0][0x9]|R[0xc3]6[\r][0xb7]j[0xb8]-[0x80][0xf9][0xc2][0xe7]v[0xe9][0xef][0x8]`.&gt;%_w[0x6]0[0xf]w[0x9][0xf2]n[0xe1][0xb3]][0xc3]=B[0xe9]^?v[0x4][0xb0][0x18][0xf7][0x5]0[0x84][0xfb][0xfd]x@[0x6][0xf]:[0xcd][0x14]|[0x1a];][0xcc]Cn[0xff][0xb0][0xe8]&gt;[0x12][0xc0].&lt;[0x1a][0xc0]cx\[0xb6][0xdf][0xed][0xce][0xed]q[0xfb][0x82][0xdb][0xf][0xcb][0xe4]^w[0xb0]O[0x96]|Bt[0x9e]t%[0x9f][0xa9][0xc1]g[0xf1][0x88][0x1f]OI[0xff]t[0x0][0xcf][0xe0][0xd9][0xd2][0xb6][0xcf][0x89][0x9]&gt;W[0x83][0xe7][0xf1][0x82][0x86][0xfd][0x1][0xbc][0x88][0xcf]k[0xf8][0x82][0x86][0x97][0x14][0xfc]v[0xd6]4[0xdb][0xd3][0xf9]~[0x85]Y[0x9d][0x9b][0x8c][0x1]#[0x92][0xb7][0x93][0xa9][0x88]H[0xcc][0xac]a&apos;[0xad][0xf4]2[0x5][0xcd][0xb6]2q+a*,v0[0x83][0x91][0xdc][0x96]d[0xba]7&quot;[0xba][0x91]6s[0xa3][0x91]O[0xd9][0xb1][0xbc]mt[0xa7][0xcc]u[0x14][0x9][0x94]Z[0xbe]n#gF[0xdb][0x14][0x82][0xc5][0x85]S[0x6]U[0xba][0xec],59[[0xd5][0xd7]=[0xb2][0xe5]`[0xa4][0xcf]Le&quot;[0xab][0xd9][0xac][0xcc]Z[0x9b][0xcd],[0xa7]=[0x3]Is[0x8b][0xc2][0xcc]r@4[0x9d]0[0x7][0xcf][0xa0]\[0x16]?![0x99]N[0xda][0xcb][0x15][0xaa]C[0x8b][0xcf] |[0x95]Cozg2m[0xc6][0xf3][0xfd][0xdd]fv[0x9d][0xb0]Q[0xd0]s[0xa6]][0xd2]Sh[0xc]U^P[0xd6][0x98]B[0xe8]J[0x97]rCh&quot;g[0xc1]L%f[0x94][0xa7][0xc2]A[0xa1]IN [0xe0][0x80]PL[0x1a][0xa9][0xe4][0x85]$2[0xcd]H$[0xba][0xf2][0xdd][0x2][0xe9]2[0xed][0x1c][0xcf]&gt;A[0x95][0xf2][0xa2]^[0xc2][0xea][0xb2][0x8d][0xac][0xbd][0xce][0xe8]u[0xce][0x17]U[0xa8]IX+6[0xda]fv[0xa5][0x95][0xd8]J@[0xfb]`[0x8f][0x99][0x11][0xe7][0xe4]4[0xbc][0xac]PGVb[0xf4][0x15]6[0x99]v[0xe7]m[0x93][0xcb]/[0x9][0x1d][0xb0][0xab]dOo/[0xed][0xc4][0x83]G*[0xa8][0x8d][0x2]+9r*5WYi[0xdb]L[0xdb][0xeb]O[0xef]T[0x8]O4q[0xd4]6[0xfb]++[0x7][0xba][0xac]|[0xb6][0xc7][0xec]H[0x8a][0xaf][0xea]J`[0x9e][0xbc]E[0xd0]:[0xce][0xc3][0xf9][0xf4]n[0xd6][0xb2]l[0x1d]gb[0x83][0x8e]sp[0xae][0x8e][0xb3]p[0xb6][0x8e]/[0xe2][0x15][0x1d][0xeb]q[0x86][0x8e]/[0xe1]U[0x1d]]X[0xa7][0xe3]5[0xbc][0xae][0xe3][0xcb][0xf8][0x8a][0x8e][0xaf][0xe2]k[0x1a][0xbe][0xae][0xe3][0x1b][0xf8][0xa6][0x8e]&gt;$u|[0xb][0xaf]j[0xf8][0xb6][0x8e][0xef][0xe0][0xbb][0x8c][0xc9][0x89][0xb6][0xd7][0xf1]=|_aF[0xa5][0x0][0xd1][0xf0][0x3][0x1d]?[0xc6]O4[0xfc]T[0xc7][0xcf][0xf0]s[0x1d][0xbf][0xc0]/u[0xf4][\n]&quot;
2013-02-06 13:51:57,519 AAD-WS DEBUG wire:63 - &gt;&gt; &quot;[0xbb][0xc3][0xf][0xd0][0xce][\n]&quot;
2013-02-06 13:51:57,519 AAD-WS DEBUG wire:63 - &gt;&gt; &quot;[0xf3]G[0x13],nu[0xe5]{[0xfa][0xda]Sf?[0xed]Vr[0xa7][0xe][0xb][0x19][0x1d][0xbf][0xc2][0xaf]u[0xfc][0x6][0xbf][0xd5][0xf0];[0x1d][0xbf][0xc7][0x1f][0x14][0xea][0x1d][0xcd][0xa4][0x15][0x89][0xae])[0x81][0x15][0xe]qw6[0xb3][0x3])[0xd3][0x8e]l[0xca]e&quot;[0xa7][0xe6]24^[0x19]f[0xe6]x[0xab][0xaf][0xcc]o[0xdc]([0xa1];[0xad][0xdc][0xda][0xad][0xf3]u[0xfc][0x11][0xd2][0xf1]g1[0xe0]_[0xa4]9[0xf][0x9][0x1d][0xc5][0xf9]:[0xfe]&amp;[0x6][0x9b]`[0x16][0xd1][0xd4][0xf1]w[0xfc][0x83][0xfe]I[0x1b][0xfd][0xa6][0x8e][0xe2]u[\r][0xff][0xd2][0xf1][0x6][0xfe][0xad][0x0][0x1d][0x17][0xe0][0xbf][0x1a][0xde][0xd4][0xf1][0x16]60aES&quot;[0xcc][0x97]1[0xb2]&lt;[0xb3][0xae][0xa0][0x94][0xa6][0xaa]tU[0x8d][0xcd][0x9a][0xf2][0xe8][0xca][0xab]|[0xa2]Cj[0xfe]&quot;D[0xd0][0x9e][0xb4]c9[0x9f]t[0xd1]6[0x1d]9[0xd8][0x8c][0x9a][0x9e]R[0xbc][0xe9]J[0xc3]f2V&gt;F[0xa2]9[0x98]1[0xd2]9[0x1e]{[0xdd][0xd6][0x8c][0xa9])?[0xb7]h[0xd1][0xd5][0x14][0x15][0xd0]T[0x8d][0xae]t5UW[0xd3][0xd4]t][0xd5][0xaa]:M[0x5]uU[0xaf]f([0xcc]u[0xc][0x94][0xa6][0xfd]bFj[0xa3][0x95][0xed]7[0x13]\[0xb7]dAM5[0xe8]j&amp;^w[0x81][0xae][0x5]l[0xa3][0xd7][0x1c][0xb4]#[0xe5]&amp;[0x1c][\r][0x84]2w[0xb8]8I[B[0xba][0xf2][0x99][0x8c][0x95][0xb5]KK[0x8d]s\[0x99][0xd7]$[0xa9][0xda][0xc][0xdb]X[0x91][0x93][0xe8]Qh[\n]&quot;
2013-02-06 13:51:57,519 AAD-WS DEBUG wire:63 - &gt;&gt; &quot;[0xbd][0x93][0xca][[0x9f][0xc9][0x9a]V6af[0xcb][0xca][0xb8][0xd4][0xbe][0xc5][0x93]Vx[0x9d][0xfb][0xc5][0xcc]l[0xaf])[0x96][0xa3][0xb3]C[0x95][0xb3][0xb5][0xb7]X[0xfd][0x98],[0xc][0xac][0x12][0xa5]1[0x5][0x8c]u[0x94][0xa8]N[0xab][0xc7]H[0x95]/[0xe4][0xec]Y[0x94][0x12]2[0xa7]L[0xd1][0xd9]V[0xb4][0xd7][0x13][0xc2]z)[0xc5][0xab][0xae]_[0x84]r[0x9a]U}[0xc9]T[0x82][0xc1][0xa0][0xb0][0xbc]BI~G%[0xae]f[0x94]=[0xb7]h[0xa8]h[\n]&quot;
2013-02-06 13:51:57,520 AAD-WS DEBUG wire:63 - &gt;&gt; &quot;[0xa2][0xd2]t[0x98][0x9b][0x97][0xe3][\r][0xb1][0xa6]{[0x93][0xd9]#G[0xac][0xe3]Rqc [0xd9]k[0xd8]VV[0xea][0x3][0x17][0x9c][0x13]Z|N[0xb9]A[0xc6][0xcc]Sg[0xe1][0xf8]3/[0x1c][0xe1]*[0x83][0xe][0xa3][0x87]P[0xd6][0xf6][0xfa][0x8a]R=[0x9a]N[0x9b][0xd9]U)#[0x97][0x13][0xfb][0xf8]G[0xdc][0xa5][0xb0]:4[0xf9][0xa6][0x93][0xcf][0x8c]q[0x9d][0xb3][0x12][0x19][0xd6][0x8e][0x97]q[0xdf]L[0xd6][0xea]1s9wx[0xdc][0xff][0xbf][0x1d]*[0xcf][0xf1]j[0xee]3r1+k[0xba][0xa6][0xcd]97[0xdb][0xd9],C&lt;[0x8a][0xa4][0x87]{[0x85]([0x84]FC[0xbd]r&quot;[0xb9][0xc8]eE[0xdd][0xb5]Ys i[0xe5]sk[0xf2][0xd4][0x9d]WQ[0x97][0xa9]uf6i;[0xef][0x8a][0x85][0x7][0xb2]4[\r][0xbc]E[0x14][0x9c]5[0xeb][0xdd][0xb8]c[0xf1]uW[0x91]`[0xf2][0x19][0x99][0x8c][0x99]N[0x94][0xee][0xd9][0xb1]/[0x85][0x9][0xa2]b[0xd1]uS(F[0x83][0x1a]bN[0xbf]m[0x15][0xa7][0x99]4=)[0xd3]p[0xaf]wI[0xfe][0xf5]dX[0xc]7[0x86]d[0x86]h[0x87][0xda][0xa0][0x9c][0xb1][0xc2][0x9][0xd7][0x8e][0x2][0xe4][0xb9][0xe6]Dg[0xbf]Y[0xca][0xb3]I[0xa0][0xc5][0xd7]Q[0xe9][0xd1][0xc0][0x2]6Y[0x8a][0x8d][0x9]9~U[0xf1][0x91]46[0x8c][0x8c][0xcc][0xc2]h[0x9b]d[0xc7][0x4]![0x15][0x92][0x89]beX[0xeb][0x94]v&apos;][0xde]6^j[0xc7][0xef]Ks1[0x84][0xfa][0x8a][0xf][0xbd][0xba][0xd1][0xd9]([0xcf][0xd2]+[0x17]Z[0x8d]m[0xad]6[0x7]G[0xc][0xda][0x10][0x8a]V[0xac]a[0xb5][0xe4][0xd0]^~O[0xb0]0N[0xca][0xa3][0x98]iN[0x95]g[0xd1]~[0xdb][0xe0][0x8f][0x8e][0xa1]&lt;[0xc2][0xc2][0xc7][0x9b][0xaa][0xc7] [0xf7][0xc3][0xe](L[0x9c]w1ScF[0xe5][0xca]Z3RYiU&gt;a&amp;[0x98]_Rb[0xac][0xa4]X[0xd9]y[0x9f]ud[0xad]~[0xf1][0xc3][0xa1][0xa1][\n]&quot;
2013-02-06 13:51:57,520 AAD-WS DEBUG wire:63 - &gt;&gt; &quot;.s[0x89][0xc8][0x1d]H[0xa8]\[0x7][0xe5]c.j[[0xed][0x83][0x8c][0xfc][0xb4][0x91][0xea][0xe0][0x5][0x89]C[0xf8][0x93][0xe3]t[0xfe]Z[0xf3][0xa2]J[0x9e]][0xfc][0xaa][0x92][0x87][0x98][0xd3][0xf3][0x91][0xe6][0xf4]|[0xa2]9=[0xdf]k[0xec]k[0xa0][0xe4])[0xc7][0xf6][0xbd][0x1c][0x1d]M9_[0x8][0xa8][\r][0xf]C[0x85][0x83]U{P[0x1d]V{[0xe0]y[0x94]2[0x85][0xf7][0xb1][\r][0xc2][0xc3][0xf6]H[0xb6]G#[0x80]c1[0x9d][0xdf][\n]&quot;
2013-02-06 13:51:57,520 AAD-WS DEBUG wire:63 - &gt;&gt; &quot;[0x6][0xba][0xdd][0x15][0x16]p[0x85]*[0xf6][0xbe]p[0xd3][0x18][0xbd][0x80]#=[0x9e][0xcc]Z)[0xe9]A[0xa2][0x12][0xbe]z&lt;[0xfe]D[0xe2][0x97]Sbbc%[0xbc]w&lt;~[0x5][0xf1]+[0xf9][0xd5][:[0xd1][0xc5][0x1c][0x9][0xe3][0x15][0xe1][0xdd][0xf0][0xbc]HFa[0xf9]([0xc0][0xb7][0x7][0x9a]|j[0x5][0xf8][0xf7]`JQ[0x18][0xe8],[0xf6]5[0xb1]%[0x5][0xe8][0xf1]&amp;[0x99][0xdf][0x8b][0xa9][0xe1]%[0xc3][0x98]6[0xba]U[0x98][0x9b][0x1][0xed][0xd0][0xd0][0x1]?V[0xf3]Wn[0x94]?&gt;O[0xc3]a[0xe8]D[0xb]b8[0x8a]NXF[0xe3][0x9f]L[0xd3]W[0xc9][0xb][0xd7][0xa5][0xf2]8[0xaa][0xa9][0x3][0xf4]6[0x15]0=6[0x84][\r]K[0xf6][0xa1]V[0xf1][0xf7]`][0xbc][0xf9]E[0xf8][0x86]pJs[0x1][0xc1]VO[0xf5][0xb1][0xde]![0xb4]4z[0x1a][0xbc]K[0x9f]E[0xfd]6[0xcc][0x17]R[0xce]p/f[0xb4][0xfa][0x1a]}[0xfb]1[0xb5][0xd1]W[0xe4][0xde]p[0xe6][0xe5]^[0xd5][0xe0]m[0xf4]&lt;u[0xf7][[0xaf][0x85][0x9b][0xc9][0x93][0x8b][0xce]T[0xb8][0xf5][0xad][0x1d][0xa3][0x84][1[0x8d][0xed][0xb9]${[0x1e][0xfd]w&gt;f[0x92]N#=6[0x8f]~XDO[0x1c]A[0xfb].[0xa7][0xcd]V[0x91]l[0x8c][0xb2][\r]H[0x11]y.m[0x9e][0xe6][\n]&quot;
2013-02-06 13:51:57,521 AAD-WS DEBUG wire:63 - &gt;&gt; &quot;[0x9b][0xb0][0xd9]=[0xc0][0x15]&lt;N[0xb5]c[0xcb]a[0xcc][0xe2][0xfe]S[0x9c][0xad][0xb6]ai[0xf1][0xdb]9[0xcb][0xec]N[0xc7]j[0xf7]a[0xe6][0x18][0xe1][0x10]|[0xb1][0xea][0x9d][0xe1][0xa6]a[0x1c][0xe4][0xdd]Y[0xbd][0x93][0xb].[0xc2]R[0x1c]C[0x1a][0xe5]6[0xbd][0x80][0xae][0xca][0xa2][0x96]o[0xc9]9[0x18] b[0x90][0x98][0xad]D][0x88][0xe3][0xe8][0xc8][0x13]q[0x9]N[0xc2][0xa5][0xd4]H[0x91]R[0x95]Ci[0x1b]5[0x84][0xd2][0xfa]p[0x1][0x7]s[0xeb][0x2][0xde]U[0xc0][0x9c]!,[0x88]=[0x89]yg=[0x89][0xf9]g[\r][0xe3][0x90][0xe0][0x82][0x2][0xe][0xa5]G[0x17][0xb2]+`[0xd1]0[0xe]{[0x9a].8[0xbc][0xec][0x4][0xb3][0xca][0xc9][0xc6][0xc4][0xdf]#4[0xbd][0x98]JBs[0xc7][0xd0][0xbc][0x92][0xd2][0xab]([0xbf][0x9a]3[0xd7] [0x82][0xeb][0xe8][0xf2][0xeb]I[0xed][0x6][0x6][0xc0][0x8d]t[0xfe]M[0xcc][0xbd][0x9b][0xd1]O[0xa4][0x87]ziR[0xe5][0x8f][0x7][0xd7][0x86]o[0xb8]A[0xb0][0x9d][0xc]B[0xcf]`q[0x8c];[0x87][0x83]Md[0xc7][0xbf][0xe6]`K[0x9c]]d?j[0xd8][0x1d][0xb1][0x1b]G[0xc6]9[0xbd]4x[0x14][0x3][0xa3][0x99]_G[0x7][0x8f][0xa1][0xda][0xb1][0x5][0xbc]{/[0x8e][0x13][0x91][0x8c][0x86]q|[0xab][0x87][0x93][0xad][0xc1]e[0x8d][0x9e]&quot;[0xee][0x84][0xe0][0x89]Me[0xa0][0x11][0xc4][0xf2][0xe0]IE[0x4][0xcf]wr[0xab][0x97][0x92][0x15][0xc1][0x95][0x8d]^J[0xb8][0xdb][0xaa][0xbd]hk[0x95][0xa8]j[0xf]v4[0xfa]([0x1b][0x8d][0x9f][0xe][0xd4]9[0xa6][0xf6][0xe3]V4[0xe0]6[0xcc][0xc6][0xed][0x8c][0x9d];p8[0xee]d[0xf6][0xdf][0x85]6[0xdc][0x8d]8[0xb6][0xb3][0xb2][0xdc][0xc3]`[0xbf][0x97]g[0xdd][0x81][0x8b]p[0x1f].[0xc3][0x10]ms?n[0xc1][0x3]D&lt;H;[0xf0]G[0x84]k[0x87]A[0xda]F[0xf2][0xb2][0xcd][\r][0x17]?[0xbb][0xea]]M[0xfb]p[0x8a]Bl[0x9][0xd3]![0xd8][0xb2]Kx[0x1e][0x1f]o[0x1e][0xf1][0xe2]j[0xf1]&quot;[0x11][0xd1]*[0x90]k[0xd1][0x97][0x5][0x9c][0x1a]o[0xde]Ub[0xba][0x80][0x1c][0x81][0x87][0xd8]&gt;L[0xff][0xec][0xc2][0xc]&lt;J[0xb6][0x8f][0xe1]`[0xec]fm[0xdc][0xc3][0xda]P [0xb][0xfe]TqY[0xc]p$[0xde]X[0xaa]b4[0xd8]i[0xf1][0xe6][0xfd][0x98][0xdb][0xbc][0x1b][0x9d][0xad][0x1e]1T[0xac][0xd5][0xdb][0xe8]m[0xde][0x87]x[0x15][0x98][0xae][0xde]V[0x9f][0xcb][0x8b][0xd6]Z[0xbb][0x8b]+[0xcc][0xe6][0x9a][0xb][0xb1]fLl&lt;[0xcd][0x15][0x9f][0xe1][0x9a][0xcf][0xb2][0xb2]&gt;&apos;[0xff][0xdc]![0xea][0x5][0xe2][0xf6][0xb3]&lt;[0xbc]D[0xcc][0xcb]h[0xc6]+[0xc4][0xe4][0x9d][0x1a]&lt;[0x80][0x1f]95[0xb5][\n]&quot;
2013-02-06 13:51:57,521 AAD-WS DEBUG wire:63 - &gt;&gt; &quot;[0xd7]2[0x82]~[0x8][0xf9][0x9f][0xd0][0xf3][0xf8][0xf][0x1a][0xff][0x7]PK[0x7][0x8][0x95]5[0x83][0xcc][0xb6][0x9][0x0][0x0]v[0x13][0x0][0x0]PK[0x3][0x4][0x14][0x0][0x8][0x0][0x8][0x0][0xd4]|D5[0x0][0x0][0x0][0x0][0x0][0x0][0x0][0x0][0x0][0x0][0x0][0x0]%[0x0][0x0][0x0]javax/help/tagext/NavigatorsTEI.class[0x8d][0x91][0xdf]n[0xd3]0[0x14][0xc6]?7i[0xe3][0x86][0xee]O[0xb3][0x8d][0xff]l[0xeb][0xb4]I[0xed].[0x9a][0x7]([0xe2][0x82]2[0xa4]JQ/hWip[0xe5][0x15][0x93][0xb9]J[0x9d][0xc9]q[0xab]&gt;[0xd6][0xb8][0xaa][0xc4][0x4][0xf][0xc0]C[0xa1][0xd9][0x9][\n]&quot;
2013-02-06 13:51:57,522 AAD-WS DEBUG wire:63 - &gt;&gt; &quot;[0xa0][0x9][0x84]/[0x8e][0xfd];[0xb6][0xbf][0xf3][0xf9][0xf8][0xfb][0x8f]/[0xdf][0x0]tq[0xe4][0xa3][0x81]=[0xf][0xf])[0x1e]Q&lt;[0xf6]Q[0xc1][0x13][0x8a][0xa7][0x14][0xcf]([0x9e]S[0xbc][0xa0][0xd8][0xf7]p[0xe0][0xe1][0x90][0xa0][0xf6]RH[0xa1]_[0x11]8[0xed][0xce][0x84][0xc0][0xed][0xa7][0x1f]9[0xc1]V$$[0x1f].[0xe6][0x97]\[0x8d][0xd9]eb31[0xd7][0x13][0xa6][0x84][0xa5][0x81][0xfc][0x94][0x12]D[0xed]h[0xc6][0x96]l[0x15]f\-[0x13][0xae][0xc3]Yv[0x1d]j[0x16][0xf3][0x95][0xe][0xc7],~[0xc3]4[0xeb]u&gt;[0xfc][0xfd][0xcc][0xef]j=[0x2][0x94].[0xd4][0x94][0xbf][0x15][0xb6]Z0dK[0x11]3[0x9d][0xaa]l|6[0xe8]Z[0x8d][0x6]6[0xb0]Ip[0xf2]_z[0x4][0xf5]i[0xc2][0xb2]l[0xc8][0xe6]Fm[0xdb][0xde][0xe9]&amp;L[0xc6][0xdd][0x91]VB[0xc6]V[0xab]e[0x1e]+[0xf3]mG[0x8b]k[0x2]OLSy[0xfe].&quot;h[0x88][0xac][0xbf]P[0x8a]Km\[0x10]4[0xdd]~[0x9d][0xa6][0x9]g[0x92][0xe0][0xa0]pq[0xc5][0x93][0xb2][0xfc][0x1f][0x8e][0xff][0xe5][0xd3][0xf4][0xe6]l[0xa5][0x15]+|v[0x8a].[0x86]V?,[0xdc][0xf5][0xee]g[0xde][0xf]:[0x13][0xb4][0xf0][0xc0]|[0xab][0x1d][0x15][0x10][0xdb][\r][0x13][0xb7][0xc][0xb5][0xcc]L[0xcc]\=][0x83]|6[0xb][0xf3]b[0x13][0xed][0xaf][0x3][0xc7]pqb2M[0x4]?[0x8f][0xcf]Q[0xcf]w[0xce][0xe9]WT.[0x9c][[0x13][0x2]&apos;p]g[0x8d][0xea][0xe8][0xc2][0xcd][0xb9]Vr5g[0xaf][0xe4]Z[0xce][0xb4]d/[0xe7]z[0xe0][0x17]|S[0x96][0xaf][0xe5][0x9e][0xda]&amp;[0xee][0xe4][0x8e]w[0xef][0x0]PK[0x7][0x8]rn[0xa3][0xda][0x8e][0x1][0x0][0x0][0x9e][0x2][0x0][0x0]PK[0x3][0x4][0x14][0x0][0x8][0x0][0x8][0x0][0xd4]|D5[0x0][0x0][0x0][0x0][0x0][0x0][0x0][0x0][0x0][0x0][0x0][0x0]%[0x0][0x0][0x0]javax/help/tagext/NavigatorsTag.class[0x8d]W[0xfb][0x14][0xd5][0x15][0xff][0xce]f[0x93][0xd9][0xcc][0xe][0x84],[0x9][0x10]0[0x11][0x10]a[0xb3]IX[0xc5]Gk[0xa0][0xb6]$[0x80][0xc4]n[0x12]J[0x10][0xc][0x16]u[0xb2][0x99]l[0x6]vg[0xd6][0xd9][0xd9][0x10]P[0xfb]Fk[0xb5]Vk[[[0xdb][0xda][0xd6]&gt;[0xd2][0x7][0xb5][0xd8]&amp;[0x9b]FZ[0xec][0x13][[0xfb]~[0xfc]=[0xfd][0xf4]{f[0xc7][0xdd]M[0xb2][0xe1][0xe3][0xf]{[0xef][0xdc]s[0xcf][0xe3]{[0xbe][0xf7][0x9e]{[0xef][0xbe][0xf3][0xbf]7[0xaf][0x1][0xd8][0x8b][0xff]j8[0x80]3[0xcd][0xd8][0x8f][0x87][0xa5]y$[0x8a]Ga[0xc8][0xd7][0x84][0xc6]&amp;-[0xcd][0xa4][0x6][0x13]S&quot;[0xcb][0xc8]pZ[0xbe],[0xf9]:+_[0xe7]4d[0x91][0x8b][0xc0][0x8e][0xc2]A^[0xcc][0x1f]S[0xe1]J_[0x10][0x1d]O[0x9a][0xa2][0x86][0x19][0x9c]W1[0xab][0xe2][0x82][0x8a][0x8b][0x1a]:p&amp;[0x82][0xc7][0xa5]B[0xc3]f&lt;)_[0x1f][0xd3][0xb0][0x5][0x1f][0x17][0xcd]O[0xf8]~#[0xf8][0xa4][0x86]O[0xe1][0xd3][0x1a]&gt;[0x83]K[0x12][0xe4][0xa9]@[0xfc][0xb4][0x86][0xcf][0xe2]R0xF[0x6][0x9f][0x93] [0xcf][0x6][0x92][0xe7][0x82][0xfe][0xf3]*[0x9e][0xd7][0xf0][0x5][0xbc][0xa0][0xe1]v[0xbc](j_l[0xc6]K[0x92][0x97][0x89]/E[0xf1]e|E[0xc5][0xcb][0x11]|U[0xc3][0xd7][0xf0][0x8a][0x8a][0xaf][0xab][0xf8][0x86][0x82][0xd0][0xf4][0x84][0x82][0xcd][0xa9][0xb3][0xc6][0x8c]1[0x9b][0x9c]6[0xb3][0xf9][0xe4]Q6[0x3][0xae]s[0xce]t[0xf7][0xcb]tAA[0xdb][0xca][0xe9]1[0xd3][0xe3]\S[0xba][0xe8][0x8e][0x18]3[\n]&quot;
2013-02-06 13:51:57,523 AAD-WS DEBUG wire:63 - &gt;&gt; &quot;b[0xfe]|2k[0xd8][0x99][0xe4][0x98][0xe7]Zv[0x86][0xb3][0x8d]3[0x96]y[0x9e][0xc6][0xdb][0x1e][0xaa][0xb5][0xa6][0xbe][0x95]1&lt;[0xc7]=[0xc9]Yj)[0x16]C[0xf4]u[0xc0][0xb2]-[0xef]^[0x5][\r][0xf1][0xee][0x93][\n]&quot;
2013-02-06 13:51:57,523 AAD-WS DEBUG wire:63 - &gt;&gt; &quot;[0xc2][0x83][0xce][0xa4][0xa9][0xa0]%e[0xd9][0xe6]H17a[0xba]&apos;[0x8c][0x89],%[0xeb][\n]&quot;
2013-02-06 13:51:57,523 AAD-WS DEBUG wire:63 - &gt;&gt; &quot;[0xa6]W[0x5][0xa8]`k|[\r][0xe8][0xe2]E[0x94][0x7][0x8b][0xae]k[0xda][0x9e][0x8f][0xb3]=[0xbe][0x1a][0xa8][0xe8]i[0x12][0xdb]2[0xb2][0xd6]EF[0xd0]&amp;[0x9d]1[0xcf]p[0xbd][0x13]F[0xc6]GCp[0xb1][0xf4][0xb4][0x99]&gt;w[0xdc]|[0xac]h[0x16][0xbc]c[0x86]k[0xe4][\n]&quot;
2013-02-06 13:51:57,524 AAD-WS DEBUG wire:63 - &gt;&gt; &quot;[0x81][0xd1]`[0xc0]@t[0xd2]98[0xe5][0x99][0xee][0x80]3y[0x81]S[0x87]g[0xd3]f[0xde][0xb3][0x1c][0xbb][0xa0][0xe2][0x9b][\n]&quot;
2013-02-06 13:51:57,524 AAD-WS DEBUG wire:63 - &gt;&gt; &quot;6[0x11]G%[0xf1][0x83][0x1e][0x3]O[0x14]=[0x93]&gt;:[0xe3]ks[0xe3][0x3][0xcb][0x98][0xde]P[0xda][0xb1][0x1f]8[0x9e]R[0xb0][0xf7]F[0xca][0xf5]V@[0x1b]s[0x8a]n[0xda]&lt;b[0x9]q[0xb1][0x8a]A[0x81][0x99][0xed][0x15]u[0x1d][0xf7][0xe1][0xa8][0x8e][0x83][0x18][0xd0][0xf1][0x1][0xdc][0xab][0xe2]U[0x1d][0xdf][0xc2][0xb7]u|[0x10][0x1f][0xd2]q\[0xe6][0xc6]pT[0xc5]wt[0xbc][0x86][0xef][0xea][0x18][0xc4]![0x1d][0xa3]&quot;&gt;[0x8c]#:N[0xe1]A[0x1d][0xdf][0xc3][0xf7]U[0xfc]@[0xc7][0x1c]~H[0xb6]lcF[0xc5][0x8f]t[0xfc][0x18]?[0xd1]q[0x19]#[\n]&quot;
2013-02-06 13:51:57,524 AAD-WS DEBUG wire:63 - &gt;&gt; &quot;vVq[\r]e[0xb3]f[0xc6][0xc8][0x1e]t3[0xc5][0x1c]W[0xa4][0xc2][0x91][0x8e][0x9f][0xe2]u[0x1d]?[0xc3][0x15][0x1d]o[0xe0][0xe7]*~[0xa1]c[0x1e][0xb][\n]&quot;
2013-02-06 13:51:57,525 AAD-WS DEBUG wire:77 - &gt;&gt; &quot;6[0xfa][0xb6][0x96][0x93][0x1c][0x1a][0xad](+[0xd8]Q&amp;[0xa1]`[0xba]3Y[0xd3]K[0x9e]-[0xe4][0x93][0xf7][0x17][0xf2][0xcc][0xa9]Fg[0xd3]J6[0x6][0x8a]SS[0xb2]]Z[0x96][0xb1][0xd0][0xbf]]G[0x9][0x8b]:~)[0x0][0x96][0xa4][0xb9][0xf]#:[0xde][0xc4]Q[0x5][0xcd][0xe9][0xac]Q([0x8c][0x18]9S[0xc5]U[0x1d][0xbf][0xc2][0xaf]U\[0xd3][0xf1][0x96]h[0xfd][0x6][0xbf][0xe5][0x1e][0xb5][0xfd][0xb9][0xdf]1o[0xcf][0xca][0xeb][0xf8][0xbd][0xcc][0x8c][0xe3][0xb4][0x2][0xd5]zw[0xcd]t[0xab]P[0xbb][0x1][[0xab][0xb8][0x6][0x1c]&apos;k[0x1a][0xb6][0x8a]?[0xe8][0xf8]#[0xae]K[0xe4][0xb7]u[0xfc][0x9]Q[0xf1]W[0x1d][0xc3][0xdf]U[0xfc]C[0xc7]?[0xf1]/[0x5]][0xbe][0x95][0xcd]d[0x87][0x8d][0xec][0x94][0xe3][0xe6][0xcc]I:[0xaf]I[0x17]*[0xfe][0xad][0xe3]?x][0xc1][0xcd]5[[0xc4]32[0xe6][0xac][0x97]\[0x96][0xb2][0x82]&quot;
2013-02-06 13:51:57,525 AAD-WS DEBUG wire:63 - &gt;&gt; &quot;=[0xab][0xf9][0xb][0x14]e[0xf3]Re[0xac][0x98][0xcf];[0xae][0x17][0xc4]][0xc5]tM[0xdc][0xf6][0xba][0xa5]W[0xde][0xb6][0xc1]1[0xc1][0xb5][0x88]w[0xd7]?&gt;b[0xab][0xa5]d(SS*&apos;[0xcb]&apos;Hg[0xbc][0xfb][0x86]gH4O[0xfc][0x83][0x8e][0xed]1[0x9]2[0x90]Z[\r][0xfb]XU[0x81][0xfa][0x9d]7T([0xc3][0xf][0x8a]][0xc1][0xf6][\n]&quot;
2013-02-06 13:51:57,526 AAD-WS DEBUG wire:63 - &gt;&gt; &quot;[0xfc]w[0xf5][0xc7][0xca]}[0xa0]A7[0xdd]h[0x9e]{[0x80][0xee][0xfc]C[0xc3][0xf4][0x84][0x9c][0xdd][0xf5][0xe][0xa1]z[0xe5][0xbb][0xbe]zzI[0xa2][0x14]dV[0x8][0xda][0xe2][0xf5][\r][0xa9]&apos;k[0xe9]&apos;d[0x13]A|U[0xe]+V=[0xd0][0xc]l[0x8f][0xb9][0xe6][0x8c][0xe5][0x14][0xb][0xa3]E[0xa1][0xb3][0xae]-[0xf7][0xc1])[0xd7][0xf2][0xfc]+b[0xd7]{q[0xad] r^[0xc]|[0x9f][0x1b][0x3][\n]&quot;
2013-02-06 13:51:57,527 AAD-WS DEBUG wire:63 - &gt;&gt; &quot;X[0xda][0x81][0x17]9[0xec][0x9a][0x8c]|[0xde][0xb4]&apos;[0x15][0xf4][0xbe]&apos;[0x86][0xca]%[0xbd][0xbf][0xbc]\[0xc3]f[0xa1][0xc0][0x98][0x8c][0xe2]9[0xe5]i[0xbf][0x80]M#8[0x91]7T[0xad]G&apos;[0xce][0x9a]i[0xc1]#lJ[0x89][0xb][0x9e]Z[0xf7][0xbe][0x90]~[V[0x88]X[0xd7][0xfe][0xe6][0xcc]1[0x8c][0xce][0xb5][0xa9][0x1c][0xe4][0xac][0xa9]:[0x88]S+C[0xfa]InYk[0x1f][0x97][0x1][0xa5][0x8c][0x9]3[0xbb][0xc]n5[0x1b]&apos;[0x97]7\[0xf3][0x84][0xb3][0xc6]=[0xc6]{*[0x1c]?][0xb9]5r[0xa4]c[0xe8][0x10]/pi[0xf4]![0xdb]6]?[0xb][0xb9]v[0xda][0x97][0x97][0xe4][0xb0][0x91][0xdf]5thp&lt;-[0x13][0xb2][0xb8][0x4][0x95][0x93]6[0xb2][0x14][0xb0]fWY[0xca][0x9e]Y.)[0xef]x[0x9e]PG\&apos;&apos;.n[0x89][0xd7][0x89][0x16]0.[0xa7][0x1a]U[0xe9]E[0xaf][0x1d][0xd3][0xa9][0xe7][0x1c][0x9e][0xe5][0xd6][0xb0][0x8d][0xec][0x11][0x1e]y[0xd8][0xc1]7[0xce][0x1]&gt;[0xe0][0x1a][0x11][0x92][0xcb][0x8a]_![0xb9][0xa7][0xfc][0x9e]7[0x98][0xdf][0xf3][0x82][0xf2]{^O[0xec]5(r[0xc1][0xb1][0x1d][0xe2](A[0xb9]&quot;[0xd2][0xc4]&quot;[0x94][0x84][0xb2][0x80][0xd0][0x1b][0x1c])[0xb8][0x9f][0xed]z4[0xb0][0xed]E[0x18]I4[0xb3]W[0xf0]a[0xa4][0x2][0xbb][0xdb]h[0x17]b[0xbf]![0xd1][0xb3][0x80][0x86]D[0xcf][0x12][0xc2][\n]&quot;
2013-02-06 13:51:57,528 AAD-WS DEBUG wire:63 - &gt;&gt; &quot;[0x16][0xd0][0xb8][0xd2][0xfa]N&quot;[0xbb][0xb]-[0xb8][0x9b][0xd2]a[0x8c][0x4][0xd6];[0x3][0xeb]&amp;[0xb1][0xae][0x89][0xa8][0xf9][0xd2]{h[0xd3]O[0xc9]h[0x5][0xe5][0xfb][0x3][0x94]mD[0xd9][0xc4][0x9f][0x9a]H[0xcc][0xa3][0xb1][0x84][0xc8][0x2][0x9a][0xab][0xd6]1&quot;[0x5]Y[0x8][0x93][0x87][0x8]Y[0xd8]H[0x1e][0x14][0x1c][0xc3]G[0x2]/[0xf][0xa0][0xc9][0xf7][0xd2][0x9d](1[0xdf]y4_{[0x15]][0x89][0x86][0x5]D[0xc5]]sb|[0x1e][0xd1][0xd3][0xe1]G9[0xde][0xb7][0x8][0xbd][0xf1]r[0xc3][0xe5][0x8a][0xeb][0xad]4[0x5][0x89][0xc][0x93]J[0xb9][0xe7][I[0xe5][0xad][0xa4]q[0xf][0x1d][0x87][0xe4]M[0x10][0x84][0x18][0xe4]H[0xd2][0xde]F[0x87][0xeb]JX[0x9f][0xea][0x89][0xb5],aC[0x8][0xc3][0xbd][0xd7][0x11]I[0xf4].[0xcb]v[0x13][0xf3][0x4]9[0x89][0x10]c+Q[0xb6][0xd3][0xd1]V[0xa2][0xc][0xc9][0xfb]&quot;px&amp;`[0xaa][0x9b][0xe]C[0xd7][0xb1][0x99]][0x83]|.[0xa1]5[0xc4][0xd7]E[j[0x8e]K [0xc2]%l[0x94][0x5][0xa0]{[0x16]$[0xda][0xf8][0x98][0x8e]-[0xc3][0xfe] [0xa5][0xa7])[0x88][0x8f][0xeb]3[0xd8][0x86]G[0x10][0x87]A[0x8d][0x13][0xc][0x1c][0xf2]C[0xbd]L=[0xc1]~[0x8a][0xf4][0xb4][0xa5]z[0xd8][0xb6][0x97][0xb0]i[0xe];[0x87][0xaf]b[0xcb][0xf8]Ut[0x8c]/bkl[[0x9]7[0xf5][0x96][0xd0][0xc9][0xae][0x84][0xae]E[0xdc][0xfc]VO[0x9][0xdb][0x89] [0xea]3[0xfa][0x1a]:[0xd6]$[0x93][0x8f]_[0xac][0xc3][0x6]B+[0x3][0xdb][0xcd]][0x5]&gt;[0xc2][0x1b][0x91][0xa1]|[0x9a]3[0x16]wZ[0xe]w[0xc0][0xe6][0xea]9d!O6\[0xfe]@[0xe2][0x15][0x9c]$P[0xbe][0xae][0x2]f[0x9e][0xf][0xe0]&gt;[0xcc]p;b;[0x89][0xe2][0x96][0x12]v[0x95]p+[0xc7][0xbb]c{8[0x8e][0x97][0x7][0xdd][0xb1][0x4][0x7]=2[0xe8]YD[0xef]0E}[0xb1][0xbd][0xbd][0xe5][0xc9]d[0xec][0xb6][0xab][0xb8]}\(-[[0xec]{[0x5]jx[0xe][0xe1][0x86]E[0xdc]A[0x95][0xea]ju[0x91]@[0xe0]&lt;Q[0xce][0xa2][0x13][0x17]X9[0x17]Y[0x5][0x8f]s[0xa7]&gt;AB[0x9f]$6&gt;r[0x2]l3[0x1c][0x89][0xf6]&gt;e[0x98]^[0xef][0x1c][0xe9][0xbb][0x8e][0xae][0xbe]y[0xdc][0xd5][0x1f][0xee][0x8][0x97]pwcGc[0xdf][0x12][0xde][0xc7]m1[0x87][0xc6][0xfe][0xa6][0xde][0xb7][0xd1][0x14][0xbb][0xe7][\n]&quot;
2013-02-06 13:51:57,528 AAD-WS DEBUG wire:63 - &gt;&gt; &quot;![0xf5]_[0xa1][0x87]-[0xac][0xea]][0xdc][0xf3][0xe5][0xb8][0x9]V[0x5]p[0x89][0x1e][0x9f][0xa2][0xcf][0xa7][0x11][0xe5][0x1f][0x98]V&lt;C[0xad]g[0xa9][0xf7][0x1c]Y|[0x81]:/[0xa2][0x8f][0xff]iB\^[0xa9][0xf4][0x8f][0xe2][0x9d][0xa0][0xd2]_[0xe2][0xff][0x9b]?[0xa3][0xe3][0xff]PK[0x7][0x8]`[0x1][0x8b]f/[0x7][0x0][0x0][0xe7][\r][0x0][0x0]PK[0x3][0x4][0x14][0x0][0x8][0x0][0x8][0x0][0xd4]|D5[0x0][0x0][0x0][0x0][0x0][0x0][0x0][0x0][0x0][0x0][0x0][0x0]([0x0][0x0][0x0]javax/help/tagext/SearchTOCItemTEI.class[0x8d][0x91][0xdb]N[0x1b]1[0x10][0x86]&apos;[0x9b]][0x13][0xc2])--[0x94]chQI/[0xb2][0xf][0x10][0xd4][0x8b]r[0x90]V[0x8a]Z[0xa9][0x9][0x91][0x80]+&apos;q6F[0x89][0x17]m[0x1c][0x94][0xab]&gt;S{[0x85][0xd4][0xaa]&lt;[0x0][0xf][0x85]:[0xde]-[0xab][\n]&quot;
2013-02-06 13:51:57,529 AAD-WS DEBUG wire:63 - &gt;&gt; &quot;[0x4][0xaa]/[0xc6][0xfe][0xc6][0xe3][0x99][0xc6][0xb7]w?o[0x0][0xd4][0xb0]SD[0x9][0xcb][0x1e]^q[0xbc][0xe6]X)&quot;[0x87]U[0x8e]7[0x1c]k[0x1c][0xeb][0x1c][0x1b][0x1c][0x9b][0x1e][0xb6]&lt;l3[0xb8][0xfb]J+[0xf3][0x91]![0xbf]Wm38[0x7]QO2,4[0x94][0x96][0x9f]&apos;[0xa3][0x8e][0x8c][[0xa2]3[0xb4][0x9e]P[0x9a][0xb6][0x88][0x95][0xa5]@[0xf7]#[0x86][0xc6]^[0xe3]B\[0x89][0xa9]?[0x96][0xf1][0xd5]P[0x1a][0xff]b|[0xe9][0x1b][0x11][0xca][0xa9][0xf1][&quot;&lt;[0x14]F[0xd4][0xab][0xe7]O[0xc7][0xfc][0x9b][0xad][0xce]PlF[0x93][0xb8]+[0x8f][0x95][0xad][0xb6][0xdc][0x94]&quot;[0xee][0xe]Z_[0xe][0x2]#G[0xad][0xa3][0xa0]f[0xd3][0x94]0[0x87]y[0x86][0xdd][0xff]JI[0xbd]h1[0xa2]\[0x8b]6[0xbc]6[0x14]:[0xac]5M[0xac]th[0xd3]T[0xa8][0xf3][0x81][0x1c]^[0x6][0x87]T[0xb9][0x1b][0xe9][0xbe][0xea]I[0xdd][0xa5]hg[0xa0][0xcc]8[0xf5][0x19][0xa9][0xcd][0xc9][0xd7][0x6]C[0x89]|[0x9f][0xa2][0x89][0xee][0xc5]J[0xd2][0xdd]NZ[0xdf]&gt;[0xbf]/[0xfc]P[0xee]s&quot;i6GS[0x13][0x8b]Td5[0x9d][0xa2]o[0xf5][0xf9][0xa9][0xbe][0xfa]c[0xcf]YPm[0xa3][0x82]Y[0xfa]V[0xbb]r`v[0x14]d[0x17][0x88]*[0xb4]3[0xda][0xb][0x1f][0xae][0xc1]~[0xd0][0x81]z&amp;k[0x1d]x[0xb][0x7][0xef][0xc8][0xb3][0x84][0xf2][0xdf][0xf0]o[0x98]In[0xfa][0x8b][0xee]o[0xe4]N[0xf3][0xbf][0xc8][0x94][0xf3]e[0xc7][0xc9]_[0xa3][0xd0]&lt;u[0x12]v3.$[0xec]e[0xec]&amp;[0xcc]3[0xf6][0x12][0x9e][0xc9][0x98]&apos;\[0xbc][0xe7][0xef][0x99][0x1e]7[0x11][0xf9][0x9e][0xec][0x8b][0xa4][0x85][0x97][0x0]PK[0x7][0x8][0xa3]&amp;[0xd5][0xb0][0x97][0x1][0x0][0x0][0xaf][0x2][0x0][0x0]PK[0x3][0x4][0x14][0x0][0x8][0x0][0x8][0x0][0xd4]|D5[0x0][0x0][0x0][0x0][0x0][0x0][0x0][0x0][0x0][0x0][0x0][0x0]([0x0][0x0][0x0]javax/help/tagext/SearchTOCItemTag.class[0x8d]Xi`\U[0x15][0xfe]n2[0x93]7yyi[0x9b]i[0xd3]2][0xd3]=M[0x93][0xa6][0x94]R --[0xcd][0xd6][0x4][0x92]tI[0x1b]H[[0xd0]I[0xf2][0x92]N[0x99][0xcc][0x84][0x99]7[0xa1]P[0xd0][0xaa][0xa8]XW[0x4][0x85][0x6]\[0x90]% [0xa8] [0xed][0xa4][0xa5][0xc8][0xa6][0x94]E@[0x4]dU[0x16][0x15]P[0x14]P[0x16]W[0xa4]|[0xe7][0xcd][0xcb],[0xc9][0x4][0xf9]s[0xe7][0xde]s[0xcf]9[0xf7][0x9c][0xef][0x9c]{[0xee]y[0xf3][0xd0][0x7][0xb7][0xdf][0x9]`[0x89][0xda][0xae]c&apos;[0x6][0xf2][0x11][0xc0][0x95]2\%[0xc3]wd[0xf8][0xae][0x86][0xef][0xe9][0xc8][0xc3][0xf7]e[0xb8]Z(?[0xd0]q[\r][0xae][0xd5]1[0x1d][0xd7][0xe9]\^/[0xcb]A[0x19]n[0xd0]q#~([0xb3][0x9b][0x84][0xef]f[0x1d]?[0xc2][0x8f]5[0xfc]D[0x16][0xb7][0x14][0xe0]V[0xfc]T[0x86][0xdb]4[0xec][0x17][0xb9][0x3]:[0xa6]&quot;[0xae]aH~[0xf]j8$[0x7][0xdc].;[0x87]e[0xb8]C[0xc7][0xcf]p[0xa7][0x86][0xbb]4[0xdc][0xad][0xe1][0x1e][0x1d]s1[0xe0][0xc1][0xbd][0xf2][0xfb]s[0x1d][0xb3][0xf1][0xb][0x99][0xdd][0xa7]c[0xe][0x8e][0x8][0xe7][0xfd]r[0xc8][0x3][0x1e]&lt;[0xa8]c[\n]&quot;
2013-02-06 13:51:57,529 AAD-WS DEBUG wire:63 - &gt;&gt; &quot;[0x1e][0xd2][0xf1]K&lt;[0xec]P[0x1e][0x11]m[0x8f]:[0x8b]_[0xc9][0xf6]c:~[0x8d][0xc7][0x1d][0xca][0x13]ByR[0xc7]o[0xf0][0x94]CyZ([0xcf][0xe8]h[0xc5][0xb3][0xe][0xe5]9Q[0xf1]|[0x1]~+[0x1e]O[0xc5][0xef][\n]&quot;
2013-02-06 13:51:57,529 AAD-WS DEBUG wire:63 - &gt;&gt; &quot;[0xf0][0x2]^[0xf4][0xe0][0xa5]|[0xbc][0x8c][0xdf]{[0xf0][0x7][0x11][0xf8][0xa3][0x86]W&lt;xUG[0x3]^[0x13][0xd3][0xfe][0xe4][0xc1][0x9f]e[0xf1][0xba][0x7][0xf1][0xe0][0xaf][0x1e][0xbc][0xa1][0xe3]M[0xbc][0xa5][0xe1]o[0x1a][0xfe][0xae]c[0x13][0xde][0x96][0xe1][0x1d]9[0xe6]][\r][0xef]y[0xf0][0xf][0x91][0xfa][0xa7][0x7][0xff][0x92][0xc3][0xfe]-&apos;[0xff]GG7[0xfe]+[0x1c][0xef][0xb][0xef]c2[0xbc]&amp;[0xc3][0xeb][0xa2][0xf8]r[0xea][0x7]2[0x1c]%[0x9f][0x82][0xa6][0x94][0xf0][0xf][0x10]u[0x95][0xa3][0xa9]\M[0xb9]4[0xe5]V[0xf0]X[0x11][0xd3][0xac][0xb][0xc5]z[0x15][0xa6]4[0xed][0xf4][0xf7][0xfb]+cV X)[0x14]3[0xe2][0xb7][0x2][0xe1][0xd0]J[0x5]w([0xdc]eF[0x15][0xbc]i[0x1c]mf[0xa7][0x15][0x8e]p[0xd3][0xd5][0x1f]0[0xcf][0x1d][0x96][0xde]U[0xb9][0xc3][0xc][0xf6]U[0xb6][0x9a][0xfe]H[0xe7][0x8e]6n[0x90]!gG[0xc7][0x88][0xed][0x6][0xe][0xd5][0x91][0xf0][0xd9][0xa6][0xc8][0xbb][0xcf][0x89][0x99][0x91][0xf3][0x92][0xca][0x83][0xfe]POe[0xab][0x15][0x9][0x84]z[0xb8][0xa9][0xb][0xd4][0xd6][0xa6][0xb0]0]G[0x82]X[0xd9]lFz[0xc8][0x9a]8[0xb0].[0xc4][0xb9]I[0xb1][0x82][0xc4][0xae][0xa3]yV[0x16][0xb9][0x84][0xc0]Fa [0xff][0xb8][0x4][0xb5]&gt;[0x10][\n]&quot;
2013-02-06 13:51:57,530 AAD-WS DEBUG wire:63 - &gt;&gt; &quot;Dw[0x98]][\n]&quot;
2013-02-06 13:51:57,530 AAD-WS DEBUG wire:63 - &gt;&gt; &quot;j+[\r][0xeb]2;b=[\n]&quot;
2013-02-06 13:51:57,530 AAD-WS DEBUG wire:63 - &gt;&gt; &quot;[0x85]5[0xe1]P[0xd4][0xf2][0x87][0xac]60f[0xe6][0xf2]B@!o[0x15]y[0xad][0xd5][\n]&quot;
2013-02-06 13:51:57,531 AAD-WS DEBUG wire:63 - &gt;&gt; &quot;[0xb9][0xa5][0x8b][0xda][0x8]B[\r][0x11]R[0x18][0xdf][0xc4][0xf3][b[0xbd][0x1d]fd[0xb3][0xbf]#HJa[0xd4][0xb4]Rh(L-[0x1d][0x3]&apos;[0xd1]&quot;[0xcc])lF2[0xa7][0xa1]&amp;[0xcc][0x1e]2oL8X\:[0x1a];a[0xd1][0xbb][0xc2][0xad][0x96]?bm[0xf6][0xf7][0xd8][0x86]6[0xd2]SWWk[0xac]Ct[0xb5][0x9a][0x16]c:e[0xd4][0x19][0xa4][0xdb][0xd2][0x5]][0xe1][0xb5][0xdd][0x96][0x19][0xa9][0xe]w[0xf1][0xc][0xbd]nW[0xa7][0xd9]&apos;[0x9][0x11][0xd5]T[0x9e]B[0x11][0x8f]o[0xa1][0xd3]k-[0x9e][0xd7][0x11][0xb3]$?fdqn[0xf3][0xfa][0x9a]F[0xcb][0xec]M[0x98][0xdc]cZ[0xcd][0xfe][0xbe][0xc6]Z[0x85]%[0x1f][0xc5][0x9a]-[0x13][\n]&quot;
2013-02-06 13:51:57,531 AAD-WS DEBUG wire:63 - &gt;&gt; &quot;{[0x86][0x81]l[0x8][0x88][0xdd]z[0x80][0xac][0xd1][0xfa]p,[0xc4]p[0xcd])[0x1d]3[0xc4]u[0xfd]f[0xc8][0x1a]FW[0x8]6&quot;[0x12]c[0xbd]5[0x1c][0x8b]t[0x9a][0xf5][0x1][0x89]Sq[0x86][0x9][0x4]l[0x89](4[0xf0]i[0xec]1[0xd0][0x87]s[0xc]D[0x10]5`!f[0xa0][0x1f][0xc][0xe4][0xfc][0x8f][0x95][0x8b]T[0xa0]4CyT[0xbe][0x81]]8OS[0xba][0xa1][\n]&quot;
2013-02-06 13:51:57,531 AAD-WS DEBUG wire:63 - &gt;&gt; &quot;[0x94]a[0xa8]B5[0xce][0xc0][0x97][0xf1][0x15]C[0x8d]W[0x13][0xc]U[0x84]=[0x9a][0xf2][0x1a]j[0xa2][0x9a]d[0xa8]b5[0xd9][0xc0][0xf9][0xd8][0xad][0xa9])[0x86]:[0x6]{[0x14]f[0xa6][0x0]i[0xc]1$[0x91]X[0x1f]]HF[0xc4]@[0x10][0xbd][0x9a][0xf2][0x19]j[0xaa]([0x9b][0xa6][0xa6]+[0x1c]3[0x16][0xbc][0x6][0xbe][0x81]K[0xc]5C[0xcd][0xe4][0x9d][0x1b][0x1d]zC[0xcd]R%[0xc4]#k[0x96][0x1a]j[0xb6][0xb8]3G[0xcd]5[0xd4]&lt;5_S[0xb][0xc][0xb5]P[0x95]*L[0xb4][\r][0xc][0x84]+[0x1b][0xd7]&apos;[0xad]R[0x98][0x9d]P[0x12]5#[0xfd]A[0xd3][0xaa][0xdc][0x19][0xed][0xab]&lt;5[0xda]Gp[0xd3]x&amp;[0x8f][0x8c]uu[0xac][0xbb][[0x92][0xdf];2&quot;U%[0x86]Z[0xa4][0xca][0xc][0xb5]X[0x95][0x1b][0xaa][0x82][0x3][0xa3]s[0xb1][0xa1][0x96]0D[0xaa]R-[0xe5]-[0xc][0xf9]{MC[0x1d][0xab][0xca]5[0xb5][0xcc]P[0xc7][0xa9][0xe5][0xbc][0xa8][0xe2]Bc[0xad][0x81]o[0xe2]R[0xc6][0xbc]3[0x1c][0xea][0xe]t[0x99][0xa1]N[0xf2][0x1d][0xaf]Vh[0xea][0x4]Qu&quot;ew0[0xad][0xc]u[0x12][0xf6]j[0xaa]Jh+[0x13][0xdc][0x16][0xd3]g[0xcb][0xa6]&amp;C[0xad]R&apos;[0x1b]j[0xb5]*W0[0xc8]Z-[0x89][0x17][0x9][0x98][0xcc][0x89][0xcb]p[0xa9][0xa6][0xd6][0x18][0xea][0x14][0xb5]VS[0xd5][0x86][0xaa]Q[0xf5][\n]&quot;
2013-02-06 13:51:57,532 AAD-WS DEBUG wire:63 - &gt;&gt; &quot;,[0xb8][0xeb][0xc][0xd5][0x80][0x18][0xeb][0xdf][0xee][0x12]2[0x9][0xdc][0x93]F[0x81][0xca]\f[0xb1][0xd9]m[0xa8]F[0xec][0x15][0xef]N[0xe5][0x8a][0xce][0x9d][0x86][0xbd][0x9c]\H[0xd9]r[0xc6]&quot;[0xa7][0xe4]BM[0xd1][0x82]f[0xd1]1}[0xac]D[0x17][0x94]h[0x9b][\r]g[0x88]h[0xdb]F[0xb7][0x88][0xd1][0xeb]m[0xa8][0xd4][0x86][0xe1]&lt;[0x92][0xdd]f[0xb0];[0x1c][0xe9]5[0xbb][0xc8][0x96][0x16][0x8d][0xa9][0xf5]~^[0x87][0xae][0x12]+\[0xd2][0x19]1[0xfd][0x96]Y[0xc2][0xfd][0x92][0xee]H[0xb8][0xd7][0x6]#[0xad][0xba][0xc0][0xc0][0x5][0x84][0x1d]![0x84][\r][0xb5]I[0xcd]4T[0xab][0xda],[0xfa][0xb7][0x18][0xaa]M[0x9d].[0xb3]3[0xc][0xd5].[0x15]t[0xc2][0xc8][0xe7][0xc2]P[0xdb]$[0x9d][0xe7][0xa4][0xf9]`[0xf9]{[0xcc]]V[0xe5][0xc8]`[0xb3][0xda][0x8f]N[0x1e][0x87]W[\n]&quot;
2013-02-06 13:51:57,533 AAD-WS DEBUG wire:63 - &gt;&gt; &quot;[0x12]YZc}}[0xe1][0x8][0xf1]+[0x19][0xb][0x92][0xa6]@[0x94][0xe1][0x93]d[0x9a][0x99]5[0x13][0xd3][0x1c][0xcf],]-[0xfe][0xfe]@[0x8f][0x9f][0x6]&apos;KsA[0x2][0xe][0xa7][0xe0][0xce].][0xf4][0xdf][0x94][0x19][0x1f][0xc9][0xc0][0x2]*[0x95]x[0x84][0x99][0xf3][0xc7][0xae]c[0xc3]L[0x89][0xc2][0xde][0x93]x(x_y[0x83]2[0x8d][0x19].[0xe1],[0xb7][0x81][0xe8][0xda]N+[0xd0]o[0xda][0xc5][0x9f][0xf1]pE[0xad]p_FX[0x9a][0xc2][0x9d]~)[0xa2][0xb0][0xd6][0xec][0xf6][0xc7][0x82]T8[0xc9]Q[0x98][0xce]&quot;[0xf]uT*&apos;[0x3][0x93][0xe5][0xb5][0x19][0xcd]/fNH[0xf1][0xad][0xef][0xd8][0xc9][0xc][0xa0][0x9][0xe7][0xfa]%[0xe5][0x8b][0xb3][0xb6][0x1a]|@w[0xf8][0xa3][0xcd][0xe1][0x88]Y[0x17]4{y[0xf1]X[0xe7][0xb]B[0xc][0xb9][0xb3]L3-M[0xa9][0xbc][0xf7])&lt;([0xe2][0xcb][0xb0]?[0xb3][0x95])&quot;gFt[0xed]gk[0xd1][0xb6][0xb1][0xa3]O[0xc7])[0xdf]C[0x90][0xc6]QVr[0xaf]&amp;Q[0x15][0x14]J[0x93][0xc8][0x8f][0x91][0xa5][0xe][0xe7][0xca][0x84][0xec][0x86][0x88][0xd9][0x1f][0x8][0xc7][0xa2][0xeb]c[0x94][0x9d][0x95]U[0x96]Iyz[0x84]/[0x9b]4F[0xf3]&gt;[0x8e]jF[0xf9]\[0x11][0xb0]uNt&quot;[0xc3]:[0xec]h[0x91]([0xe4][0xf9][0xfb][0xfa]Ly%[0xcb][0xb3][0xb5][0x9][0xa3]H[0x89][0xfa][0xbb]2[0x91][0x13][0xcd]f4[0xea][0x17][0xdf]3[0x81]O[0xbe][0xca][0x1e]+[0x9c][0x98]+[0xe4]w[0x6][0x99][0xa8][0x89]f[0xa1][0xa0][0x8f]B[0xb6][0x85][0xbb][0xac]T[0xff][0x95][0xee][0xc9][0x86][0x14][0x3][0xd5]hvTz[0xcd][0xe4][0xad][0x19][0x83][0x95][0xf5][0x8d]mG[0xb2][0xe5][0xf8][0xa8]\LO[0x10][0xfb][0xf5][0xe7][0x11]5[0xc9][0xe2]o[0xdf][0x88][0xda][0x8c][0xc][0xad][\r][0xc7][0xec][0x8e][0xad][0xb8][0xb4]6[0xbb][0xab][0xac][0xfa]5[0xac][0xfa]4[0xa2]([0xf3]9[0xee][0x91][0xab][\[0xda][0x98]U,[0x8f][0xe7][0xb2][0x86][0xf2][0xa8]a[0x4][0x9d][0xe2],Ia[0x85][0xeb]v1L![0xb0][0x9e][0xc5]8[0xf3][0xd5]Mo[0x4][0xc7][0xd9][0xc6][0xf7]v[0xb0][0xa3][0xe8]b[0x3][0xc5][0xc7]1[0xf3][0xce][0x93]&amp;[0xea]2)[0x4][0x8b]b[0x8d][0xb5][0xf5][0xac][0xde][0xb6][0x5]9[0xd2]x[0x19][0x8d]!V[0x91][0x9a][0xa0]?[0x1a][0x95][0x96]mni[0xa6]Q#[0xd5][0xce]k[0xac]][0xe9]8[0x9c]A[0xa4][0xb6]@W[0xa2][0xa3][0xab]6[0xd9][0xe9](L[0xcb][0x6]@2[0x99][0x4][0x86]:I[0xc2]1[0xcb][0xa2][0xdd][0xa8]%\M=h[0xd1]DnT[0xfb][0xa3]f[0xe2][0x96]K[0xb7][0x16][0xb2]3e[0xa4][0xe5][0xd9][[0xe0][0x8c][0x9c][0x1f]N[0x87][0xb1][0xcd][0xf4][0x98][0xc9][0xc2][0xe3][0x89][0xf2][0x98]DsX4[0x12]$[0xd6][0xd2][0xbc][0xd2][0xda][0xc6]F9[0xc1]H[0xd6]q[0xfb]1[0xf7]eil[0xb9]a[0x1b]3{[0xec][0xf2][0x9e][0xec][0x91]u[0xaa]K[0x96][0xbb][0xe2]l[0xd6][0x93])?[0x14][0xb6][0x2][0xdd][0xe7][0xad][\r][0x6][0xf9][0xad][0x1b][0xe0][0xb7][0xb9][0xc2][0xd9][0xc8]G[0x8e][0xf4][0x81][0xfc]&lt;[0xc9][0x91][0xc7][0xd9][0xfe]e[0xe7]j[0xff][0xb2]y[0xb5][0xd9][0xbf][0xda][0xbf]la[0xed]_[0xf6][0xa4][0xf6]/[0xbb]M[0xfe]N[0xe5][0xcb][0xbe][0x9b][0xba].[0xb4]i[0x9f][0xc2]8[0xce][0xd9][0x0]s[0xfc][0xc])3[0xf8][0xcb][0xc6][0x6][0xee][0xb2]![0xa8][[0xed][0xaf][0xa0][0xcf]r[0xcc][0xb3][0x89][0xcb]9~[0xe][0x17]9[0xac]s([0x9e]#{e[0x8b][0xf] &apos;[0xc5][0xab][0xdb][0xd4]5p[0xe3][0x14]R&gt;[0x8f]/d[0xe3][0xcf][0x1d][0xc9]_C[0xfe]ZR[0xbe][0x88][0x8b][0xb3][0xf1][0xbb]F[0xf2][0xaf]#[0x3][0x81][0xf9][0x12][0xf6]:[0xfc]/[0xc1]e[0xef]\T[0xb6][0x1f][0xee][0xfb][0xb1][0xb4][0xec]0[0xf2][0xda]9[0xcf][0x19][0x82]v[0x80][0xe][0x9]9[0xe][0xcf][0x1][0xe4]s[0x96]_[0x16][0x87].[0xa4][0x9c]8[\n]&quot;
2013-02-06 13:51:57,533 AAD-WS DEBUG wire:77 - &gt;&gt; &quot;[0x86]`[0x8])[0x8e][0xc2]}$[0xda][0xb3]q6[0xcf]~[0xb8][0xe]b|[0x1c][0x13]8+[0x1a]@[0x1][0x85][0xbc][0x83]p5q9[0xe9][0x10][0x8a][0x15][0xf6]aJb&gt;Y[0xe1]n~[0xff][0x96]-[0x1e][0xc2]1[0xee][0x9b]so[0xa6]M[q[0x16][0xfc][0x98][0xe8]X][0x8d][0x9][0x1c][0x9b][0xa0][0xa1][0x19][0x93][0xd1]B[0xcb][0xd7]c[0x11]?[0xe4][0x97]c[0xb]V[0xa3][\r]uh[0xe7]W[0xfe]6J[0x9d]I[0xb9][0xb3][0xd0][0x81].[0x6][0xd8]d[0xa8][0xba][0x19][0x9c][0x1e][0xea][0x8][0xd0];~L8[0xde][0xe] [0x97]Q[0x1][0xda][0x16][0xc7][0xe1]k[0x1e][0xc4][0xba]r[0xc7][0x88][0xa9]-[0x15][0xf7]#o[0x10]+*[0xe2][0x98]V[0xe5][0xca]][0xe1][0x1e][0xc4][0xc][0x9f][0xab][0xd8][0xbd][0xec][0x1e]L[0xdf][0x87][0xf1][0x2][0x83][0xbd][0x8c]c[0xc6]EnU[0xcc][0xc5][0x9d]W[0x1f]}[0xb9][0xac][0x82]([0x94][0xdb]N[\r][0x1c][0x8d][0xa7][0xd0]^[0x6][0x83]c[0x4][0x1e]&amp;[0x97][0x97][0xa9]5[0x99][0xc9][0xe5]cJ[0xcd]bR[0xcd]gJ-[0xa5][0x85][0xab]8_[0xc7]Tj&quot;[0xdf][0x16];[0x95][0xbe][0xca][0xa8][0xe4][0xd8]v[0xee]cT[0xe4]sz[0xb][0xb1][0x9b][0xd9][0xb4][0x98][0xe3][0xac]8J[0x6]1[0xa7][0xf9]0[0xe6][0xb4][0x1f][0xc6][0xdc][0xf6]![0xcc][0xf3][0xce][0x8f]cAy[0x1c][0xb][0xf9][0x13]G[0xe9][0x10][0x16][0xdd]E[0xb7][0xca][0xc6][0x82][0xb9][0xb9][0xac]&lt;[0x5][0xb3][0x1b][0x85][0x84]v[0xb6]cn[0x19][0xd3][0x3]LR7[0x13][0xaf][0x90][0xa9]7[0x81][0x9]UI[0xd8][0x8e]#pkhV[0x13][0xbe][0x86][0x8d][0xf8]:[0xa1][0xbe][0x84]3[0xd0]8[0xc5]U[0x8e]|.9[0xc0][0xee]u[0xd2]h+O\[0xec]-[0xa7][0x1d][0x4]r[0x9][0x17][0x95][0xde][0xa5][0x12][0xde]c[0x13][0xab]e[0xde][0xe3][0xb8][0xb5][0xfc] [0x8e]O[0xac]WxO[0xe0][0xfa][0xc4][0x83]8)[0xb1][0xae][0xf2][0xae][0xe4]zU[0x1c]&apos;&apos;[0xd6][0xab][0xbd]kD[0xfa][0x14][0xae]R[0xe0][0xce]d:[0x0][0xdf][0xa6][0xa5][0x97]c[0x1a][0xae][0xc0]bz[0xba][0x92][0xa1]=[\r]W2[0x1d][0xae][0xa2][0x1d][0xfc][0xa0]q[0xec]:[0x93]+[0x9]x[0x85][0xa8]m[0xa6][0xc6][0xdc]CX&quot;
2013-02-06 13:51:57,534 AAD-WS DEBUG wire:63 - &gt;&gt; &quot;[0xab][0xd0]B[0xeb][0xaa][0xab]\&gt;[0x17]cW[0x93][0x83]*[0xb7][0x8f][0xb9][0x9f][0xe7][0xad][0xbd][0xc5][0xe7][0xde][0x8f][0xba][F[0x1c]u-[0x81][0xb9][0xe][0xe3]q=[0x8a]1[0xc8][0x18][0xde][0x80]y[0xb8][0x11][0xb]q[0x13][0x95]_[0x96]&lt;[0xea] Wn[0xfe][0xee][0xf1][0xd6]7[0xf3][0xb4]u-[0x83]h[0xaf]p[0xc0]o[0xa8]r9Ac[0xbc][0x16]x[0x1b]9[0xf8]\q[0x9c][0x1a][0xc7]i[0xde]&amp;g[0xd1],[0x8b][0x96]D,[0x9b]+[0x86]#[0x98].[0xb6]&gt;cs[0xe0][0xe8][0xb5][0xe9][0x9b][0x1b][0x9c][0xcd][0xf2][0x94][0xf5][0xb]X[0xf8][0x0][0x96][\r][0xf0][0xba][0xd2][0xbe][0xc9]8[0xc4]jq[0x98]w[0xe9][0xe][0xde][0xb1]![0x16][0xc7][0xbb][0x98]w3[\r][0xbe]E8m/[0xf8]][0xa6][0xd9]RO[0xd2][0x85][0x8d]t[0xe1][0xbe]a[0x17]6[0x89][0xb][0xad][0xed]b[0xe9]f[0x19][0xb6][0xc][0xa1][0xad][0x8a][0xb7][0xa4][0xb2]*o8[0x1f][0xcf]p&lt;[0xd9][0x1c]G[0xbb]w[0xab][0xb3][0xd8][0x92][0xb0][0xeb] [0xb6][\r]bW[0xee][0x8a]&lt;[0xc6]`{[0x1c]gVi[0x83]h[0xf0]i[0xc9][0xe4][0xa4][0xf][0xab][0xaa]&lt;&gt;[0xcf][0x11],[0xf3][0xb9][0x8f][0xa0][0xc2][0xe7][0xf6]y[0xe2]8k[0x1f][0xe6][0x96][0x1f]F[0x83]}[0xec]&apos;d[0xf8][0xa4][0xc][0xfe]!t[0xc4][0xd1][0xe9]Z[0xc1][0x1b][(Jl8[0xf6][0x17][0xe7][\r][0xa0][0xf8]0[0xa6][0x90]{[0x8]][0x12][0xed][0xed]Tk[0xe][0xc3]u[0xe2][0xad][0xf4]q&quot;QY[0x84][0xd3][0x1d][0x84][0xb6][0x12][0x13][0xe0][0x8][0xe3][0xf6][0x0][0xef][0xea][0x83][0xdc]}[0x98][0xfb][0x8f][0x90][0xe3]Q[0xf9][0xe3][0x90][0xf7][0xf2]q[0x9c][0x81][0xa7][0x88][0xd6][0xd3][0xac],[0xcf][0xf0][0xe9]x[0x96]7[0xf9]9[0xd6][0xcf][0xe7]q[\r]^`F[0xbc][0xc8]Lx[0x1a][0xb7][0xe1][0x15][0xe2][0xfb]*[0xee][0xc5]kx[0x88][0xba][0x9e][0xc0][0xeb]D[0xf5][0xf2]aTq,c [0xd7][0xa3][0x88][0xe5][0xb5][0x9b]X[0xf5][0x1c][0xc0][0xf6][0xb2][0xdc][0x3](Je[0xf5]8[0xfb][0xc2][0xbf][0xc1]@[0xbd][0xc9][0xfb][0xf7][0x16][0xc5][0xcf]O[0x8a][0x9f][0xe4][0x14][0xf5][0xe2]2[0x17]e[0xca][0x1c][0x8][0xf]`[0x12][0xb][0xc3][0x8e][0x94][\n]&quot;
2013-02-06 13:51:57,534 AAD-WS DEBUG wire:63 - &gt;&gt; &quot;//![0xf0]6[0xbd]y[0x87]*[0xde][0xc5]$[0xbc][0xc7][0x8b]}A[0xf2]m[0xf0][0xd9][0x9c][0x18][0xfd]D[0xbd]O[0xed]W[0xd8]/[0xdb]&gt;Ug?[0x16][\n]&quot;
2013-02-06 13:51:57,535 AAD-WS DEBUG wire:63 - &gt;&gt; &quot;/[0xe3][0x5]U[0xb][0xdf][0x87]PK[0x7][0x8][0x6][0x88]e[0xb0][0xb][0x0][0x0][0xe9][0x16][0x0][0x0]PK[0x3][0x4][0x14][0x0][0x8][0x0][0x8][0x0][0xd4]|D5[0x0][0x0][0x0][0x0][0x0][0x0][0x0][0x0][0x0][0x0][0x0][0x0]&quot;[0x0][0x0][0x0]javax/help/tagext/TOCItemTEI.class[0x8d][0x92][0xcd]n[0xd3]@[0x14][0x85][0xcf]$[0x8e]=q[[0x1a][0x2][0xe5][0xb7][0xd0][0xa6]?4[0xee]&quot;~[0x80] 6m[0x91],ET&quot;&amp;R[0xe9]jZ[0x6][0xd7]U2[0xb6][0x9c]i[0x15]^[0x89][0x15][0xac]*[0x15][0xc1][0x82]%[0xf][0x85][0xb8]3[0x6][0x7][0x9][0x81][0xf0][0xe2][0xce][0xfd][0x8e][0xe7][0xde][0xf1][0xb9][0x9e]o[0xdf][0xaf][0xbf][0x0][0xe8]a[0xd7]G[0xb][0xf7]=&lt;[0xe0]x[0xc8][0xb1][0xea][0xa3][0x86]G[0x1c][0x8f]9[0xd6]8[0xd6]9:[0x1c][0x1b][0x1c][0x9b][0x1c][[0x1c][0xdb][0x1c]O&lt;[0xec]x[0xe8]2[0xb8]OS[0x95][0xea]g[0xc][0xf5]n0bp[0xf6][0xb2]7[0x92]ay[0x90]*[0xf9][0xe2]br&quot;[0x8b]X[0x9c][0x8c][0x8d][0x92]H=[0x12]Ej(Ro3[0x86]Awp..[0xc5],[0x9c][0xca][0xe2]r,ux&gt;[0xcd]C-[0x12]9[0xd3]a,[0x92]}[0xa1]E?8[0xfe][0xfb][0x9e][0xdf][0xbb][0xf5][0x19][0xfc]avQ[0x9c][0xca][0xe7][0xa9]=-&gt;[0xdc][0x8b][0xb4][0x9c][0xc4][0x7]Q[0xcf]4X[0xc4]M[0xb4][0x19][0xb6][0xff][0xab][0x19][0xb9]PbB]Zf{o,T[0xd2][0x1b][0xea]&quot;U[0x89]i[0x13][0x90][0xe7]39[0xce][0xa3]}JrQH[0xa5][0x19]x[0x99][0x18][0xcd]Qv[0x2][0xae]Y[0xc]{[0xe9]i[0xa6]^[0xbd][0x1c]0,[0x98][0xec]0[0x97]%[0xf9][0x4][0x9a]j,,[0xc9]Y.[0xd4]4[0xcd]T[0xfc].[0xa7][0xea][0xd5][0xf2]C[0xcd]9[0xd5]H*G[0xff][0xf2]A[0x83];[0x98][0xe9]B[0x94]&gt;[0x82]r[0xc4][0xa1][0xb1][0x10][0x96][0x16][0xfa]*[0xaf][0xa3]`[0x84][0xe][0x96][0xe9][0xff][0x9b][0xa7][0x6]f[0xa6]E[0xf1][0x16]Q[0x87]VFkc[0xf7][\n]&quot;
2013-02-06 13:51:57,535 AAD-WS DEBUG wire:63 - &gt;&gt; &quot;[0xec]#%[0xc][0xb7])[0x9a][0xeb][0x1]l[0xc2][0xc1][0x16])+[0xb8][0xf3]s[0xfb]W4[0xed][0x9b][0xf7]-[0xff]3jG[0xf5]O[0x14][0xda][0xf5][0xb6][0xe3][0xd4][0xaf][0xd0][0x18][0x1e]9[0x96][0xdd][0x8a][0x1b][0x96][0xbd][0x8a]][0xcb][0xbc]b[0xcf]r[0xb3]bn[0xd9][0xaf][0xb8]U[0x16],[0xcc][0x85][0xb2]bq.[0x94]%Ks[0xa1]i[0x85][0x1b][0xbf][0x84][0xf][0x95]&apos;[0xd7][0x1a][0xdd][0xa1]x[0xd7][0x8e][0xe1][0xde][0xf]PK[0x7][0x8]&gt;*1X[0xbc][0x1][0x0][0x0][0x1c][0x3][0x0][0x0]PK[0x3][0x4][0x14][0x0][0x8][0x0][0x8][0x0][0xd4]|D5[0x0][0x0][0x0][0x0][0x0][0x0][0x0][0x0][0x0][0x0][0x0][0x0]&quot;[0x0][0x0][0x0]javax/help/tagext/TOCItemTag.class[0x95]X[0x9]xT[0xd5][0x19]=7[0x99][0x99][0x17]&amp;[0x8f]%[0x3][0x1][0x6][0xd9][0xd7]!![0xc][0xe2]R[0x1d][0x15]%[0x9]H4[0x13][0x90][0x0][0x8a]k_[0x92][0x97]dp2o[0x9c]y[0x13][0x82]Vm[0xad][0xd6][0xaa][0xb5]j[0xb5]V\[0xeb][0x8a][0xb]*V[0x98][0x80]X[0xd4][0xb6][0x82][[[0xad][0xdd][0x17]wk[[0xb5][0xda][0xd5][0xae][0xd2][0xf3][0xbf]y[0x99][0xcc][0x84][0xc1][0xe2][0x7][0xdf]}[0xf7][0xfe][0xf7][0xfc][0xf7][0x9e][0xfb]o[0xf7]N[0x9e][0xfb][0xf8][0xb1]][0x0][0xe6][0xab][0x5]~[0x9c][0x8e]/V[0xe0][0xe2]a8[\r][0x97]H[0xf3]%i.[0xf5]c4[0xbe],[0xbd][0xcb][0xa4]w[0xb9]4W[0xf8]Q[0x85][0xaf][0xf8]q%[0xbe][0xea][0xe7][0xc4]U~[0x8c][0xc7][0xd5][0x2][0xb9]F&amp;[0xbe]V[0x89]kq[0x9d][0x86][0xaf][0xcb][0xe0]z[\r][0xdf][0xf0][0xe3][0x6]l[0xf4][0xe3]F[0xdc]$37[0x8b][0xca]-[0x1a]n[0xd5]p[0x9b]t[0xbf])[0xcd][0xed][0xd2][0xdc][0xe1][0xc7][0x9d][0xb8]K[0xc3][0xdd][0x1a][0xee][0xd1][0xb0][0xc9][0x8f][0xa9][0xc2][0xe7]^[0xf9][0xde][0xe7][0xc7]d[0xdc]/[0xbd][0x7][0xfc][0x98][0x82][0xcd][0x82]|P[0xb6]}H[0xc3][0xc3][0xb2][0xf3][0x96][\n]&quot;
2013-02-06 13:51:57,535 AAD-WS DEBUG wire:63 - &gt;&gt; &quot;&lt;[0xe2][0xc7]\|[0xcb][0x8f]G[0xb1][0xb5][0x2][0xdb]d[0x90]u[0x9a]a[0xe8][0xc7]v[0x17][0xb3][0xc3][0xfd]&gt;&amp;[0xba];[0xfd]x[0x1c][0xdf][0xf6]c[0x17][0x9e][0x90][0xed][0x9f]t[0xe7][0x9e]r[0xbf][0xdf]q[0xbf][0xdf][0x95][0xc9][0xef][0xb9][0x83][0xa7]e[0xb0][0xdb][0x1d][0xec]q[0xbf][0xcf][0xc8]&gt;[0xcf][0xca]B[0xcf][0xb9][0x92][0xe7]+[0xf1][0x2]vV[0xe0][0xfb][0xf2][0xfd][0x81][0x1f]?[0xc4][0x8b]y./[0x89]]~T[0x89][0x97][0xf1]c[\r]?[0xf1][0xe3][0xa7][0xf8][0x99][0xcc][0xfd]\([0xfd]B[0xcc][0xfb]Ki~%[0xcd][0xaf]5[0xfc]F[0xc3]+[\n]&quot;
2013-02-06 13:51:57,536 AAD-WS DEBUG wire:63 - &gt;&gt; &quot;[0x15]v[0xca]4[0x97]$2=[\n]&quot;
2013-02-06 13:51:57,536 AAD-WS DEBUG wire:63 - &gt;&gt; &quot;[0xe3][0x9a][0xd7][0x19][0xbd]F8c[0xc7][0xe2]a[0x91][0x98])[0xc3][0x8e]Y[0x89][0xa3][0x14]4[0xdb]J[0xb6]X[0x1d][0xa6][0xc2]\[0x7][0xd3][0x17]N[0xaf][0x8f]%[0xba][0xc2][0xa2][0x1b]n4;[0x8d]L[0xdc][0x8e]fl[0xa3]-n[0xae][0xa2]H[0xa0][0xd4][0xf2][0xb5][0x19]i[0xb3][0xa9]Q![0x90][8nP[0xa5][0xd5]NQ[0x93][0xb3]e[0xdd]m[0x3][[0xf6][0x85][0xbb][0xcd]x2[0xbc][0x8c]M}[0xca]:[0xdb]Lq[0xda][0xd3][0x1b]3[0xd7]+[0x8c])[0x4][0xac]Z[0xde][0xb0][0x86]RY[0xfa][0xe8]X&quot;f/R([0xf][0xcd]]Cp[0x83]Cnds,a[0xb6]dz[0xda][0xcc][0xd4]*[0xe1][0xa2][0xe0]O[0x9b][0xf6]*[0xab]}[0x8d][0xb3][0xd6][0xb8]P[0xa9][0xc5]D[0x18]a[0xf5].[0xd9][0xea][0xd0][0xbe]l[0x5]3[0x9c][0x98]A[0x86][\n]&quot;
2013-02-06 13:51:57,537 AAD-WS DEBUG wire:63 - &gt;&gt; &quot;[0x13]B[0xfb][0xe1].`[0xbf][0xd0][0x8b][0x19][0xf1][0xd8][0xb9]$1[0xc2][0xe8][0xe8]h[0xcd][0xb4][0x9][0xa4][0xd5][0xb4][0xd3]C[0x89][0xb8][0xf2][0x9c]^[0x87][0xd5]j[0x1b]){[0x95][0xd1][0xe5][0x9c][0xad]I[0xa1][0xb2][0xc3]Z[0xdc]i[0x9b][0xa9]z[0xab]c[0x3][0x1]K[0xfa][0xda][0xcd][0xa4][0xb8]%[0xad][0xe1]U[0x85]*[0xb2][0x12]s/[0xb6][0xc9][0xb4]-c[0x9b]\~^[0xe8][0x80][0x9d]${z[0xbb]L[[0xe][0x1e].[0xa1]6[0x8],[0xe5][0xc2][0xe1][0xd4]l[0xb0][0x12][0xb6][0x99][0xb0]W[0xaf]lV[0x8][\r]5p[0x93]m[0xf6][0x94]V[0xf5][0xcb][0xa6][0xed]V[0xc2][0xd1][y[0xe0][0x84]Kmpj[0xe9][0x1d]Z[0xad]L[0xaa][0xdd]\[0x1a][0x93]8[0x18][0xe9]bi[0xd7][0xf9][0x82][0xd5][0xd1][0x85]n[0xc6]M[0xca][0xb2]l[0x1d][0x6][0xda]t[0x98][0xe8][0xd4][0xd1][0x8e][0xe][0x1d][0xaf][0xe1]u[0x1d]g[0xe1][0xb3]:[0xde][0xc0][0x9b]:[0xde][0xc2][0xdb]:~[0x8b]w4[0xfc]N[0xc7][0xef][0xf1][0x7][0x1d])[0xa4]u[0xbc][0x8b][0xf7]t[0x9c][0x81]3u[0xbc][0x8f][0xf7]4[0xfc]Q[0xc7][0x7][0xf8][0x90][0xb1][0xbe][0xaf]gu[0xfc][0x9].[0x9e]q[0x83]O[0xc3]_t[0xfc][0x1d][0x1f]i[0xf8][0x87][0x8e][0xe2]_:[0xfe][0x8d][0xff][0xe8]8G[0xb8][0xcd]9@[0x93](L[0x1d]L[0xdb][0x16][0xab]5[0xd3][0xde][0xbd]$n[0xf6][0xd0]&apos;[0xf9]P[0xd1][0xb1][0x1][0xe7][0xea][0xf8]/&gt;[0xd6][0xb1][0x97][0xd9][0xac][0x94][0xae][0xca]T[0xb9][0xc2]hG3f[0x85][0x9b][0x96][0xe7][0xc1][\n]&quot;
2013-02-06 13:51:57,537 AAD-WS DEBUG wire:63 - &gt;&gt; &quot;[0xd3][0xdc][0x9d][0xcd]To[0xdc][0xb4][0xc3][0xeb][0xd2][0xc9][0xf0][0x9][0xe9]$MW[0x80][0x19];[0xd4][0xe2][0xf5][0x99][0xce]NI[0xb]}[0xd0][0xd2][0x91][0xa9][0xba][0xf2]([0xaf][0xae]|4[0xa3][0xd2][0xc4][0x96]]H[0xe8][0xaa][0x2][0xdd][0xba][0x1a]6[0xd4]X[0xae][0x9e][0xae][0xfc][0xaa][0x92][0x9e]I[0x18]=[0xa6][0xae]t[0xbc][0xa9][0xa9][0xe1][0xba][0x1a][0xa1]F*@[0xc7]y[0xaa]JS[0x1]][0x8d][0x6][0x8b][0x87]O[0xf4]$r}I#[0xc5][0xf3][0xea]j[0x8c][0xaa][0xd6][0xd4]X][0x8d]CFS[0xe3]u[0x15]T[0x13][0xa8][0x83][0xcf][0xb1][0xcc][0xe5] [0x82][0xf6]$[0x1c][0xab][0xf9][0xe4][0xd3][0xd4][0xa8][0xe3]|\[0xc0]hi[0xcf][0xc7][0xb1][0x8e][0xb][0xf1]yZ)6[0x10][0x9e][0x95][0xd2][[0x9e]4e[0xa4][0xab][0x83][0x90][0xe1]a[0xd4][0x4][0x86][0xbf][0xd9][0x97]4[0x12]i[0xda]c[0xd5][0x86][0xa4][0xa9][0xa9][0x89][\n]&quot;
2013-02-06 13:51:57,538 AAD-WS DEBUG wire:63 - &gt;&gt; &quot;[0xea],]MR[0x93]55EWS[0xd5]4]MW3t5S[0xcd][0xd2][0xd4]l][0xcd]Q![0x85][0xc9][0x8e][0xe5][0x12]4l[0xd4][0x88]wZ[0xa9][0x1e][0xb3][0x83][0xeb][0xe6]M[0xab][0xa9][0xb9][0xba][0xaa][0x11][0x83][0xd5][0xaa]*][0xcd]c&lt;[0xa8]:[0xe9][0xcd][0x97]&amp;[0xac][0xaa][0x14]&amp;[0x16]X[0xcd]6[0xba][0xcc]&gt;;&lt;h[0xf4][0xc1][0xc0])p[0x9f][0x8b][0x92][0x12]BHk&amp;[0x99][0xb4]R[0xb6]Ke[0x1f]G[0x17]xY[0x12][0xbc][0xd1][0xb0][0x8d][0xc5]i[0x89]6[0x85][0xda][0xd0][0xa7][0xa9][0xff]:[0xb5][0xa3]f[0xaa][0xcb][0x14][0xf3][0xb0][0x94][0x87][0xf6][[0x9][0xdc]DaX[0xe5]7(*[0x8d][0xac][0xd0]D5[[0xed]F[0xbc]p!&apos;[0xe4]sRB&amp;[0x15](:[0xdb][0x8a][0xf6]jBX[0x89][0xa5],V[0xf5][0x88]P[0xb8]5t[0xc7][0xe2][0x1d][0xc][0x7][0x85]E%[0x8a][0xfd][0xa7]*[0x9e][0xa3][0x93])[0xd3]Ju[0x98][0xa9][0x82][0xb]S!X[0xc4][0xb0][0xf8].[0xad][0x1c]&lt;/IU[0x97][0x84][0x11][0x95][0xa0][0xc3][0xdc]&lt;[0x1e]j[0xba][0xe5]m[0xeb][0xcc]v1J[0x15][0x97]j1zc][0x86]m[0xa5][0xa4][0x9e]p[0xc1]I[0xa1][0xb9][0xa7][0x15][0x9a][0xb0]h[0x9e]:3[0x87]Zi[0xe6][0xc0][0xe9]d[0xb0][0xd4]h&apos;[0x94][0xf7][0xcc][0xe8][0x92]R[0xbd])[0x91]0S[\r]q#[0x9d][0x16][0x8b]V[0xc]8XaYh[0xff][0x9b][0xee][0xa6][0xc8][0xd9][0xce]Jd8j[0xa8][0x8c][0xfb]&amp;SV[0xbb][0x99]N[0xbb][0xc3]#[0xfe][0xff]MUz[0x8e][0x17]A[0xb7][0x91][0x8e]Z)[0xd3]5m[0xda][0xb9]eO[0xe5][0x1d][0xcd][0xa3]Hz[0xb8][0xd7][0x99][0xdc]e[0xf9][0x85]J&apos;[0x92][0x8b]&lt;*[0xa7][0xbb]&quot;e[0xf6][0xc6][0xac]Lzy[0x86][0xba]SJ[0xea]2[0xb5]NN[0xc5]l[0xe7]u3[0xf3]@[0x96][0xa6][0x81][0xd7][0x8b][0x82][0xb3][0xe6]h7RY[0xac][0xdd]U$[0xfc]|F[0x92]u[0xa9]#[0xe7][0x17][0xbf]Z[0xf6][0x11][0xe5][0x8a][0xb4][0x9b]tQ[0x1a][0xd4][0x10]sV[0xd8]Vn[0x9a]i[0xd6][0x1e]7[\r][0xf7][0xa9]![0xc9][0xbf][0x9a][0xc]s[0xe1][0xc6][0x90]L[0x12][0xed]P[0xeb][0x93]3[0x96]8[0xe1][0x8a]A[0x80]&lt;[0x1a][0x9d][0xe8][0xec]1[0xf3][0x99][0xb9][0x1f]([0xdd][0xcb]GL[0xfe][0x1][0xc3][0x2][0xb6][0xbf][0xa4],[\n]&quot;
2013-02-06 13:51:57,538 AAD-WS DEBUG wire:63 - &gt;&gt; &quot;9~Y[0xee][0xc1]V[0x1c]FFrfS[0xa3]d[0xc7]&gt;B*[0xc4]:r[0xb5]d[0x85]s[0x1d]8[0xe9][0xf2][0x89][0xf1]2j[0xe8][0xbe]4[0x17]C[0xa8];[0xf7][0xe0][0xac][0x1a][0x9c]m[0xe2]Y[0xba][0xe4][0x2][0xac][0xb4][0xad]ef[0xdf][0x80]A[0xab]CM%[0xab][0xde](rXRx}[0xb0]h[0xec][0x97]G.[0xd3][0x9a][0x12][0x1d]f[0x1f][0x8b][0xf6]&apos;[0x6]S[0x11][0xe5][0x1][0x16]&gt;^`[0xed][0x6][0xb9][0xcf]&gt;[0xa0]0q^[0xe7][0xe9]![0x8f][0xef][0xc1]Z\9P[0x8b]iU[0xde][0xe1][0xfb][0x98]_R[0xa2]X[0x92][0xbb][0xb]x[0xcd]-MY=[0xe2][0x87][0x19][0xa1][0x12].s[0x89][0xc8][0xd5]H[0xa8]\ [0x85]c.j[K[0xfa][0x18][0xf9][0x9]#[0xbe][0x94][0xf7][0xa6][0xfb][0x88][0xec]a$9[0x8f][0x80]X[0xba][0xd9]4:[0x99][0xe2]][0xf2][0xe6]O[0xc6][0xda][0xf3]S[0xe3][0xe5][0x9d]j[0xd0]?,b[\r]q+mv[0xe4][0xa7][0xc6][0x16]L[0xc9][0x15][0xef]N`[0x1a]m[0x9d][0xce]_[0xaf]^[0x94][0xc9]#[0x8f][0xbd]2y[0x12]:_&gt;[0x17][0x9d]/[0x1f][0x8b][0xce][0x97]/G[0xc8][0xe3]D[0xc9][0xa3][0x92]m[0x8c][0xa3]C)[0xe7][0x8b][0x5][0xa3]j[0xfa][0xa1]j[0x2]e[0xdb]P^[0xa3][0xb6][0xc1][0xf3][0x8]e[\n]&quot;
2013-02-06 13:51:57,538 AAD-WS DEBUG wire:63 - &gt;&gt; &quot;[0xeb][0xd8][0x6][0xe0]a{0[0xdb]C[0xe1][0xc7][0xe1][0x18][0xc9][0xbe][0xc2][0xd9][0x88][0xbb]+L[0xe7][\n]&quot;
2013-02-06 13:51:57,539 AAD-WS DEBUG wire:63 - &gt;&gt; &quot;e[0xfc][0xfa]jj[0x8b][0xf4][0xfc][0x8e][0xf4]H2[0x8b]P[0xd2][0x83]D)|[0xf9]P[0xfc]1[0xc4]/[0xa2][0xc4]B[0xb2][0x14][0xde];[0x14][0xbf][0x98][0xf8]z[0xf6][0xce][0xc9][0x9f][0xe8]|[0x8e][0x84][0xf1][0xe2][0x9a][0xad][0xf0][0xec]![0xa3][0x1a][0xe9]d[0xe1][0xdb][0x6]-[0xd7][0xab]h[0xce]}[0x87]E[0xe7]e[0xe1]o[0xa9][0xe5]H[0xdb][0x8e][0xca][0x9a]y[0xfd][0xd0][0x5][0xac]e1|[0x1b]F[0xc]nU[0xc3][0xcd][0x80]%[0xd0][0xb0][0x14][0x15]X[0xc6][0x9f][0xa5]&apos;[0xe0] [0x9c][0x88][0x19]hF[0x8]+[0xb0][0x0][0xad]8[0xc][0xab]q[0x1c][0xd6]ps[0xbe][0xba]]*[0x8f][0xa2][0x9c]:@Wm[0x16]#[0xa3][0x9b]p[0xca][0xbc][0x1d][0x18][0xa5][0xf0]$[0xaa]Z[0xea][0xf6][0xc0][0xb7][0x9][0xc7][0xd7]e[0x11][0x88]x[0xca][0xf][0xf7]n[0xc2][0xfc][0xa0][0xa7][0xda][0xbb][0xf0])[0x8c][0xde][0x88][0xa9][0xc2][0xcf][0x19]n[0xc7][0x98][0x88]/[0xe8][0xdb][0x8d][0xe1]A_[0x8e]Y[0xf5][0xc9][0x17]{U[0xb5]7[0xe8][0xd9]u[0xfb][0xde][0x17]k[0xea]H[0x99][0x8b][0x8e]U[0xb8]q[0xef][0xdd][0x83][0x84]#[0x18][0xc1][0xf6][0xc][0x92]=[0x93][0xfe];[0xb]c[0x19][0x11]A[0xc6][0xc1][0x14]F[0xc2],[0xc6][0xc1][0x2]F[0xc2]&quot;Z[0xac][0x81]4[0xa3][0x94][0x9d]B[0xff][0x9c][0xc1][0x9d][0xb4][0xbb][0x82][0x8d][0x8c]{[0x80]Kx[0x9c]r[0xc7][0x96][0xfd][0x18][0xc7][0xfd]G8[m[0xc4][0xc2]\[0xdf]9[0xcb][0xf8]f[0xc7][0x80][0xf7]`l[0x91]p[0x13]|[0xd1][0xf2][0xcd]5[0xb5][0xfd][0x98][0xe0][0xdd]\[0xbe][0x99][0xb][0xce][0xc2]BZ)Xd[0xd3][0x14]][0x95][0xc6](n9[0x9][0xeb][0x89][0xd8]@[0xcc][0xb9]D[0x9d][0x87]#p[0x1][0x83][0xe1]B[0x1c][0x8b][0x8b][0xa8][0xd1]KJe[0xe][0xa5][0x8d][0xd4][0x10]J[0xab]k[0xb2]8[0x88][g11[0x8b]I[0x9b]0=[0xba][0x13]S[0xd6][0xee][0xc4][0xd4][0xb5][0xfd][0x98][0x16][0x98][0x9e][0xc5][0xc]:w&amp;?Y[0xcc][0xea][0xc7][0xec]&apos;[0xe8][0x82]9[0x5]&apos;[0x18]WH6*[0xae][0x1f][0xa0][0xe9][0xc5]p[0x12][0x9a]\D[0xf3]RJ/[0xa3][0xfc]r[0xce]\[0x81]0[0xae][0xc2]![0xb8][0x9a][0xd4][0xae]a[0x0]\[0x8b][0x93]p[0x1d][0x3][0xe0]z[0x1e][0x0]$[0xa7][0xd0]G[0xaa][0xfc]![0x93][0xb3][0xa1]ZH[0xd9]0[0xce]&lt;G[0x6][0xa1]&apos;17[0xca][0x9d]k[0x2][0xb5]d[0xc7][0xff]u[0x81][0xf9]-[0xfc][0x84]w[0xa3][0x92][0x9f][0x5][qp[0xb][0xa7][0x17][0x6][0xe]a`[0xd4][0xb1]wh[0xe0]0[0xaa][0x1d][0x9e][0xc5]g[0xb6][0xe3][0x8][0x11][0xc9][0xa8][0x1f]GF&lt;[0x9c][0x8c][0x4][0x8e][\n]&quot;
2013-02-06 13:51:57,539 AAD-WS DEBUG wire:63 - &gt;&gt; &quot;zr[0xb8][0xa3][0x3][0xc7][0xd4][0x16][0x80][0x6][0x10][0x8b][0x2][0xc7][0xe6][0x10]&lt;[0xdf]q[0x11]/%[0x8b][0x3][0xf5]A[0xaf][0x83][0x99][0xe7][0xe9]GCD[0xa2][0xaa]1[0xb0]$[0xe8][0xcb][0xc9][0xca]E&amp;i[0xb2]4p|[0x90][0xd1]VGV[0xcb][0xb6][0xa3])RA[0xd9][0x9][0x81][0x13][0x83][0x15][0x94][\r][0xc6][0xd9][0x1a]T[0xb3][0xbd][0x89]qv3{[0xb7]`&lt;ne[0x8c][0xdd][0x86]9[0xb8][0x9d]U[0xe2][0xe]4[0xe2]N[0xb4][0xe0].[0xac][0xc5][0xdd][0xb4][0xc5]=[0xcc][0xe9]Mt[0xed][0xbd]t[0xe9]}[0xb8][0x12][0xf7][0xd3]f[0xf][0x10][0xb9][0x99][0xbd][0x7][0xb1][\r][0xf]a[0x17][0x1e][0xc6][0xb3][0xd8]B[0xfb][0xf1][0xc7][0x90][0x1b][0x83]}[0xb4][0x9f][0xe4]s[0xa3][0x1b]f[0xc2][0xa4]|K[0xed][0xe][0xb0][0xd2]F[0xe7]1[0x8d][0x2][0xf3][0xb7][0xc8][0xf9][0x8e]l[0xa9][0x1b][0xf0]~T[0xbc]ODK[0x19][0xc8]=[0x17][0x3]Y,o[0xa9][0xdb][0x92]g&gt;[0x9d][0x9c]%A+[0xb0][0x95]~[0xcd]b[0xc][0xfa][0xc9]~;[0xd3][0xfa]1[0xd6][0xd4][0x9d][0xac])[0x8f][0x93][0x5]r[0xb9],z9[0x92]T^[0xa8][0xa2]4[0xf4][0x8a][0x96][0xba][0xdd][0x98]\[0xb7][0x15]&apos;E&lt;b[0xe0][0x95][0x11]o[0xd0][[0xb7][0x3][0xad]e`[0x9a]{#&gt;[0x97][0x17][0xad][0xb7]z[0xb]W[0x18][0xcf]5gbUQL=[0xcd][0x15]ws[0xcd]=[0xa8][0xc4]3[0xa8][0xe2][0xb9][0xc7][0xe3]y[0xe2]^[0xc0]l[0xbc]H[0xcc]K[0xa8][0xc3][0xcb][0xc4][0xf0]G[0x9e][0xcb]a[0xf]G[0x12]Ig[0xab][0x88][0x87]+[0xaf][0x91]M[0xf7] L&gt;&apos;o[0xc4][0xc8]\M;%[0xc2]R2qR~[0xbc]V[0xc6]z[0xae][0xaa]([0xec][0xc6][0xb4][0xa0]W[0x88][0xfb][0xc4][0xe7]+#ZP[0xb]z[0x1d][0xe6][0x11][0x8f]P[0xaf][0x8]zr[0xdc][0xe5]\[0xe][0xf9]([0xcb][0xc3]iy[0xf2][0xf5]L[0x1][0xe0][0x15][0xe6][0xe0][0xab]$[0xf3][0x1a][0xb][0xcd][0xeb]t[0xfd][0x1b]$[0xfe][0x16][0xf3][0xf7]m[0xba][0xfd][0x1d][0x96][0x9f]w[0x99][0x1c][0xef][0xb1]Z[0xbe]O[0xed][0xf][0xa8][0xff]![0x8b][0xcb]_y[0x1d][0xfd][0x8d][0xc5][0xe7]#[0x1e][0xe3][0xb][0xce][0x85]t[0x11][0xc7]r[0xc1][0x94][0xe1][0x6][0xdc][0xc8]y[0xf9][0xdb][0xe0][0xcb]j[0x14][0x82][0xff][0x3]PK[0x7][0x8][0xc2]-[0xd2][0xe8][0xda][\n]&quot;
2013-02-06 13:51:57,540 AAD-WS DEBUG wire:77 - &gt;&gt; &quot;[0x0][0x0][0x93][0x15][0x0][0x0]PK[0x3][0x4][0x14][0x0][0x8][0x0][0x8][0x0][0xd4]|D5[0x0][0x0][0x0][0x0][0x0][0x0][0x0][0x0][0x0][0x0][0x0][0x0]#[0x0][0x0][0x0]javax/help/tagext/ValidateTag.class[0x8d]VYs[0x14]U[0x14][0xfe][0xee],[0xe9][0xa1][0xd3]l[0xc3][0x12][0x13]@@[0x16]&apos;[0x9]0[0x8a][0x8a][0x10][0x16][0x85][0x10]dd[0x12]C[0x6][0x82][0x1]T[0x9a][0xa4][0x93][0xc][0xcc]FO[0xf]F[0x14][0x15]D[0xdc]ADD@qA[0x8d]Z&gt;H[0x15][0x9][0x15][0xa9][0xd2]7[0xa8][0xf2][0x87][0xf8]3,[0xbf][0xd3][0xdd][0x99][0xc][0xc9]h[0xf9][0xd0][0xe7][0xde]{[0xce]w[0xcf]=[0xdb]=[0xb7][0xff][0xfc][0xfb][0xb7][0xdf][0x1][0xac][0xc1][0xcf]:[0x1e][0xc3][0xee][0x8][0xba][0xa6]a-RB[0xf6][0x8][0xd9]+[0xa4][[0xc8]&gt;[0x9d][0xe4]y!=B[0xf6][0xb][0xef][0x80][0x8e][0x83]x![0x82][0x17]k[0xf1][0x12][0xe]E[0xb0][0xa1][0x16]&amp;[0xe][0x97]%[0xbd][0x1a][0xfa][0x4]k[0x9][0xbb]_[0xc7]&quot;
2013-02-06 13:51:57,540 AAD-WS DEBUG wire:63 - &gt;&gt; &quot;[\n]&quot;
2013-02-06 13:51:57,541 AAD-WS DEBUG wire:63 - &gt;&gt; &quot;[0xc][0xb8][0xb2][0x8][0x6]u[0xa4]qD[0xc3]Q[0x1d][\r][0xd8]-$#$[0x1b]ANC^[0xc7]b[0x14]D[0xe5]1![0xb6][0x90][0xa2][0xf0][0x1c][\r]%[0xd1]r\[0xc3][0xcb][0x1a][0x86]4[0xbc][0xa2]#[0x86][0x13]:[0x1a][0x5]n[0xe2]U![0xaf][0x9]9)[0xb0][0xd7]e[0xf6][0x86][0x86]75[0x9c][0xd2]pZA[0x1f][0xb4]2[0x85]mv[0xfe][0xa8]e+[0xd4]%[0x8f][0x98][0xc7][0xcd][0xa1][0xb8][0xf0][0xe2];[0xcb][0x82][0x8d][\n]&quot;
2013-02-06 13:51:57,541 AAD-WS DEBUG wire:63 - &gt;&gt; &quot;3[0xd2][0xb9][0xe3]f&amp;[0xdd][0xb7][0xb7]+[0xd9]i:[0x83][\n]&quot;
2013-02-06 13:51:57,541 AAD-WS DEBUG wire:63 - &gt;&gt; &quot;Q[0x17][0x1a][0xcf][0x98][0xb9][0x81]x[0xca][0xb1][0xd3][0xb9][0x1][0xa2]j[0x6][0x8b][0x1d]f[0xd6]R[0x8][0xa4][0xfb][0x14][0xc2]Y[0xcb][0x1e][0xe0]B[0xed][0xa7]dS:[0x97]v[0xb6]([0x4]c[0x8d][0xdd][\n]&quot;
2013-02-06 13:51:57,542 AAD-WS DEBUG wire:63 - &gt;&gt; &quot;[0xa1][0xd6]|[0x1f]%3[0x93][0xe9][0x9c][0xd5]Q[0xca][0x1e][0xb6][0xec]=[0xe6][0xe1][0xc]9[0xd3][0x8b][0x96][0xb3][0xb3][0xc2][0xa2][0x86][0xd8][0xbf][0x98]$Z[0x4][0x9c]([0xdb][0xa5]0/6[0xd5]([0xc1][0xcd][0xf0][0x95][0xa6],[0xc7]3[0xcf] [0xa3][0xb5]d[0xdb]V[0xce]IlW[0x88]p[0xd9][0xee][0xd9][0x1a][0x8a][0xed][0x97][0x1d]z_&gt;[0xe5][0x98][0xb6][0xb3][0xc7][0x1c]pMN[0xd0][0xe1][0xde]A[0xab][0xf7]h[0x97]u[0xac]d[0x15][0x9d]N[0xd3]6[0xb3]E:[0xe0][0x1e]n:[0x96][0xaf][0x9e]6[0xf5][0xda]V[0xe5]z~[0xac]q[0xb2][0x7][0xe4]3V[0xfa][0xf8]V[0xb1]@O[0xe5]Kv[0xaf][0xb5]#-1[0x98][0xd5][0xed]Kx[0xfa][0x1a][0xd9]k`[0x13]6[0x93][0xef][0xe7]@[0x14][0xad][0x19]t[0xb2][0x19][0x3][0xeb][0xf0][0xa4][0x81][0xf5]B6[0x8]i[0xc1]F[0x3][0x8f][0xe3][0x9][0x3][0xcf]b[0xb3][0x81]]B:[0x84][0xbc][0x85]3[0x1a][0xde]6p[0x16][0xef](h[0xa2][0x80].kx[0xd7][0xc0]{x_[0xc3][0x7][0x6]&gt;D[0xbb][0x81][0x8f][0xd0][0xaa]0g&quot;[0x86]mC[0xbd]V[0xc1]I[0xe7]s[0x6][0x92]&quot;?[0x87][0xf3][0x6]&gt;[0xc6]y[0xe6]4[0xae][0xe1][0x82][0x81]Op[0x91].N[0xe][0xfa][0xb6]R[0xbf]e[0x1b][0xf8][0x14][0x97][0xc]|[0x86][0xcb][0xc][0xeb][0xa0][0xe3][0x14][0x18]w[0x17][0x99][0xb3][0x9c]8[0xf3]%^[0xb5][0x1a][0xf8][0x1c][0x97][\r]\[0x11]r[0x15][0x9][0xe1]]c[0xac][0xa7]FL$_(&lt;X[0xd6][0xd0]nf[0xfa][0xf3]v[0xd6][0x92][0xd4][0x97][0xed]TX0uk[0x85][0xb4]a[0xc2][0xd4][0xae]R[0xce]Ig[0xad][\n]&quot;
2013-02-06 13:51:57,542 AAD-WS DEBUG wire:63 - &gt;&gt; &quot;[0x17][0xbf][0x14]#[0xda][0xc4][0xa6][0xeb][0xf8][0xd6][0xc0][\r]|g[0xe0]{[0x99][0xb5][0xe1][0x7][0x85][0xc6][\n]&quot;
2013-02-06 13:51:57,543 AAD-WS DEBUG wire:63 - &gt;&gt; &quot;[0xc5]~[0xd1][0xf9][0xfa][[0xf3]9[0xc7][0x1a][0xaa]&lt;fQ[0x5][0xd6]1[0x7]([0x8c]W[0xe4]Ta[0x99]&apos;/Z[0xf6][0xf1][0xc]]9R,[0xc3](N[0x95][\n]&quot;
2013-02-06 13:51:57,543 AAD-WS DEBUG wire:63 - &gt;&gt; &quot;[0x85][0xbc][0xcd][0xd2][0xa9]-[0x90][0xe7]+WX[0x9c][0x9c][0xba][0xa9]s[0x2][0xb0][0xb1]|[0xea][0xbf][0x0]Xd[0x3][0x96][0xe3][0xd7][0xaf][0xc2][0x92]r][0x8e][0xe3]S[0xde][0xe8]#[0xa8]o[0xe1][0xc9][0x99]L[0xaa]s[0xef][0x81][0xe5][0xc8]M]Y[0xed][0xf2]Uk[0x12][0xf3][0xaa]^h[0xcf][0xbc][0xf2][0xb5][0xd1][0x98][0xdb][0x97]M[0x9b]]D/V[0xb0][0xeb][0xa6][0xb4][0x3][0xb9]Lrc[0x83]f[0x1f][0xc1][0xb3]&amp;[0x9f]&apos;[0xfb][0xe5]&quot;[0x17][0xf7][0xa5][0xa5]kU[0xed][0x10][0xd2][0x9e][0xcc]B[0xc1][0xca]Q[0xc1][0xaa][0xff][0xe5][0x85]W[0xe0][0xf4]%[0xe2][0xe4][0xc7][0xcf][0x99][0x1b][0xab][0xea][0xed]4z[0x95]b[0xeb][0x90][0xb6]3][0xe6][0x8c][0xa2]e{mhb[0xdd][0xe9]&amp;[0xbc][0xa5][0xca][0xe1]S9[0x89][0xea]M.V[0xb9][0xb9]5c[0x16][0x8b][0xc9][0xbc][0xd9]G+[0x93][0x95][0x97][0xce][0x85]J[0xa4][0xdb][0xad]b[0xd1][0x94][0x8e]&apos;i,[0xf7]B[\r]?[0xb2]yKG2[0x12][0xb9][0x9c]e[0xbb]z[0xac][0xa2][0x4][0xee][0xbe]6[0xd6]n[0x16][0x96]&apos;[0xb6]o[0xf4]\[0xf0]w[0xbb]-x[0xd6]x[0x14][0xc6][0xcf][0xf3]&quot;[0xb0]3[0x9f]u[0xfb][0xdc][0xfc]X[0x15]-[0x8d][0xdd][0x1a]~R[0x98]=E[0xc2][0xce]}?[0xf]K[0xf9]T&gt;[0xc6][0xb7]9[0x8c][0x80][0xf4]9[0xce][0x2][0xd2][0x3][0xdd]q[0xbd]?n[0xf0]G6C[0x8e][0xb5]P[0xd2]=I[0xb7]p[0xb5][0x83]|[0xc5][0xb1][0xa1][0xe9]6TS40[0x82]`[0x93][0x1a]AHH[0xb8])8[0x82][0x9a][0x9b][0x94]*&lt;%[0x18][0xd4][0x90][0xae]F[0x8]q[0xe8]x[0x4]3[0xf1]([0xe6][0xf2][0xfc]z[0xf2][0x14][0x9e][0xc6]V_[0xe7]C[0xd4][0x19][0xe0]X[0xd3][0xd4]&lt;[0x2]mb[0xbf][0xee]r[0x9f][0xa0][0xad][0xeb][0xc8][0xd9][0x86][0xd6]j[0xf8][0xe0]d[0xfc][0x6][0xe2][[0xc8][0xd9]^[0x1d][0x1f][0x9a][0x8c][0xdf]L[0xfc][0x16]r[0xda][0xaa][0xe3][0xc3][0x93][0xf1][[0x89][0xdf]F[0xce][0xe]&lt;3[0x5][0xbf][0xe0]&gt;[0xff]=|[0x1b][0xf1];[0xc8][0xd9][0x89][0x84][0x8f]_[0xcb]Qb8[0x83]1[0x8c][0xf0][0x9b][0xc6]O[0xf][0xfe]R[0xde][0x17]e[0xc4]@t[0x88][0x8f]P[0x84]o[0x90][0xbc][0x1d][0x1]y[0x90][0xfc][0xfd][0x7][0x10]t5[0xc7][0x9b]n[0xa1]v[0x14]F[0x92]c[0xe8][0x1e]f65G[0xa7][0x8f]aF[0x0][0x92][0x8f][[0x8]{[0xac][0x99]&gt;+&lt;91[0x9d]T[0xde][0xc5][0xa4][0xa4][0xb0][0x0][0xdd]tb[0x1f][0xd8]z[0xa8]xW[0xf9][0xa0][0x11][0xae][0x82][0x1c]-j[0xd3][0xc6]0K![0xd9]|[0x17][0xb5][0xde]q[0xa1][0x9b][0xcd][0xf7]X[0x6][0xee]|[0xe][0x87][0xd9][0xfc][0x82][0xa3][0x88][0xe]#[0xdc].[0xa2][0x7]Dt[0xd7]ektp[0xee][0x18][0xe6][0x5]p[0x93][0xfb][0xeb]=A[0x94]C[0xcd][0x15][0xd4]6[0x8b]p[0x14][0xf3]o[0xf2][0xd0][0xa5]X[0xc5]Z[0x99][0xe3][0x9b][0xb9][0xe][0xd3]I[0xf]2[0x8e][0x87]0[0x8f]][0xf3][0xd1]O[0xc4] 1i[0xa2][0x8e][0xb2][0x9a]lVf[0x91][0x91]r[0x18][0x9d]W[0x88]&lt;[0x81]&gt;[0xbc]F[0xa3][0xf9][0xd6][0xfa].[0xfc]EW[0xc5][0xd9]sJ[0xa2]T[0xc7]h[0xb5][0xcb][0xf1][0xd1][0x7]FQ[0x15][0x8b][0x9a][0xee][0xa0][0xa1][0xe7]6[0x16][0xc8]z[0xa1][0x8]8[0x8c]b[0x11][0x3][0xa8]:\[0xdc][0x83][0xc4]]A[0xf4][0xe][0x16][0xf7][0xc8][0xfa]6[0x96]t[0xc]c[0xa9],W[0x8d]a)[0xdb][0xdd][0x18][0x1e]r[0xe9]2[0x5][0xf][0xb0][0xbc][0xe3][0xe]V[0xf4][0xa8][0xd5][0xb7][0xb1]29[0x8c][0xba][0x96][0xd0]0[0xa2]-[0xe1];h[0xec][0xa9][0xf][0x8f][0x82][0xce]6[0xff][0xd1][0xfc]+m\[0x8b][0x12][0x86][0xf0][0xb0];[0x9e][0xe4][0x1f]g[0xa5][0xcf]oP[0xfe]&amp;[0xfd]&gt;E[0x9f]O[0xf3][0xe6][0x9c]![0xea],[0xfd]y[0x87]~[0xbd]G[0xcf][0xcf]q[0xcf]yz{[0x81];/[0xf2][0xcf][0xe3][0x12][0xf1][0x1d][0xe5][0xb4][0x9d][0xf4][0xeb]1!Ep[0xd7]M[0x8e]&amp;[0xd3]1[0xac][\n]&quot;
2013-02-06 13:51:57,544 AAD-WS DEBUG wire:63 - &gt;&gt; &quot;`[0x18][0x8f]{[0xd9]\[0xad]p[0xf]1o[0xbe]F[0xe6][0xb]}[0x9c][0x97][0xe9]Q[0xc4][0xc7][0xf0][0x88][0xe0]CIIM[0x9c][0x17][0xea][0x19][0x86][0xbc][0xb2][0x82][0xae]@[0xe3]?G[0x1d][0xae]Qz[0x9d][0xf2][0xaf]X[0xe4]7x[0xf4]sn[0xfb][0xe8][0xc4]7[0xee]%P[0xe4][0xf][0xe3]k[0xd4][0xff][0x3]PK[0x7][0x8][0xf9][0x95][0x1b]/#[0x6][0x0][0x0][0x17][0xc][0x0][0x0]PK[0x1][0x2][0x14][0x0][0x14][0x0][0x8][0x0][0x8][0x0]0}D5[0xad][L[0xfe][0x9a]-[0x0][0x0][0xd7][0x8f][0x0][0x0][0x14][0x0][0x0][0x0][0x0][0x0][0x0][0x0][0x0][0x0][0x0][0x0][0x0][0x0][0x0][0x0][0x0][0x0]META-INF/MANIFEST.MFPK[0x1][0x2][0x14][0x0][0x14][0x0][0x8][0x0][0x8][0x0]1}D5![0x18]![0x84][0x6].[0x0][0x0][0xc7][0x8e][0x0][0x0][0x14][0x0][0x0][0x0][0x0][0x0][0x0][0x0][0x0][0x0][0x0][0x0][0x0][0x0][0xdc]-[0x0][0x0]META-INF/SUN_MICR.SFPK[0x1][0x2][0x14][0x0][0x14][0x0][0x8][0x0][0x8][0x0]1}D5[0x9b][0xf0]eX[0xa3][0x9][0x0][0x0][0xbb][0xe][0x0][0x0][0x15][0x0][0x0][0x0][0x0][0x0][0x0][0x0][0x0][0x0][0x0][0x0][0x0][0x0]$\[0x0][0x0]META-INF/SUN_MICR.RSAPK[0x1][0x2][0x14][0x0][0x14][0x0][0x8][0x0][0x8][0x0][0xd5]|D5[0x0][0x0][0x0][0x0][0x2][0x0][0x0][0x0][0x0][0x0][0x0][0x0][0x9][0x0][0x4][0x0][0x0][0x0][0x0][0x0][0x0][0x0][0x0][0x0][0x0][0x0][\n]&quot;
2013-02-06 13:51:57,544 AAD-WS DEBUG wire:63 - &gt;&gt; &quot;f[0x0][0x0]META-INF/[0xfe][0xca][0x0][0x0]PK[0x1][0x2][\n]&quot;
2013-02-06 13:51:57,544 AAD-WS DEBUG wire:63 - &gt;&gt; &quot;[0x0][\n]&quot;
2013-02-06 13:51:57,545 AAD-WS DEBUG wire:63 - &gt;&gt; &quot;[0x0][0x0][0x0][0x0][0x0][0xd4]|D5[0x0][0x0][0x0][0x0][0x0][0x0][0x0][0x0][0x0][0x0][0x0][0x0][0x4][0x0][0x0][0x0][0x0][0x0][0x0][0x0][0x0][0x0][0x0][0x0][0x0][0x0]Gf[0x0][0x0]com/PK[0x1][0x2][\n]&quot;
2013-02-06 13:51:57,545 AAD-WS DEBUG wire:63 - &gt;&gt; &quot;[0x0][\n]&quot;
2013-02-06 13:51:57,545 AAD-WS DEBUG wire:63 - &gt;&gt; &quot;[0x0][0x0][0x0][0x0][0x0][0xd4]|D5[0x0][0x0][0x0][0x0][0x0][0x0][0x0][0x0][0x0][0x0][0x0][0x0][0x8][0x0][0x0][0x0][0x0][0x0][0x0][0x0][0x0][0x0][0x0][0x0][0x0][0x0]if[0x0][0x0]com/sun/PK[0x1][0x2][\n]&quot;
2013-02-06 13:51:57,546 AAD-WS DEBUG wire:63 - &gt;&gt; &quot;[0x0][\n]&quot;
2013-02-06 13:51:57,546 AAD-WS DEBUG wire:63 - &gt;&gt; &quot;[0x0][0x0][0x0][0x0][0x0][0xd4]|D5[0x0][0x0][0x0][0x0][0x0][0x0][0x0][0x0][0x0][0x0][0x0][0x0][\r][0x0][0x0][0x0][0x0][0x0][0x0][0x0][0x0][0x0][0x0][0x0][0x0][0x0][0x8f]f[0x0][0x0]com/sun/java/PK[0x1][0x2][\n]&quot;
2013-02-06 13:51:57,546 AAD-WS DEBUG wire:63 - &gt;&gt; &quot;[0x0][\n]&quot;
2013-02-06 13:51:57,547 AAD-WS DEBUG wire:63 - &gt;&gt; &quot;[0x0][0x0][0x0][0x0][0x0][0xd4]|D5[0x0][0x0][0x0][0x0][0x0][0x0][0x0][0x0][0x0][0x0][0x0][0x0][0x12][0x0][0x0][0x0][0x0][0x0][0x0][0x0][0x0][0x0][0x0][0x0][0x0][0x0][0xba]f[0x0][0x0]com/sun/java/help/PK[0x1][0x2][\n]&quot;
2013-02-06 13:51:57,547 AAD-WS DEBUG wire:63 - &gt;&gt; &quot;[0x0][\n]&quot;
2013-02-06 13:51:57,549 AAD-WS DEBUG wire:77 - &gt;&gt; &quot;[0x0][0x0][0x0][0x0][0x0][0xd4]|D5[0x0][0x0][0x0][0x0][0x0][0x0][0x0][0x0][0x0][0x0][0x0][0x0][0x17][0x0][0x0][0x0][0x0][0x0][0x0][0x0][0x0][0x0][0x0][0x0][0x0][0x0][0xea]f[0x0][0x0]com/sun/java/help/impl/PK[0x1][0x2][0x14][0x0][0x14][0x0][0x8][0x0][0x8][0x0][0xd4]|D5[0xa5][0x8e][0xf5][0xd8]6[0x12][0x0][0x0][0x85] [0x0][0x0]&amp;[0x0][0x0][0x0][0x0][0x0][0x0][0x0][0x0][0x0][0x0][0x0][0x0][0x0][0x1f]g[0x0][0x0]com/sun/java/help/impl/XmlReader.classPK[0x1][0x2][0x14][0x0][0x14][0x0][0x8][0x0][0x8][0x0][0xd4]|D5:ehhk[0x4][0x0][0x0][0xed][0x7][0x0][0x0])[0x0][0x0][0x0][0x0][0x0][0x0][0x0][0x0][0x0][0x0][0x0][0x0][0x0][0xa9]y[0x0][0x0]com/sun/java/help/impl/HeaderParser.classPK[0x1][0x2][0x14][0x0][0x14][0x0][0x8][0x0][0x8][0x0][0xd4]|D5?[0xe9][0xd2]t=[0x1][0x0][0x0]/[0x2][0x0][0x0]([0x0][0x0][0x0][0x0][0x0][0x0][0x0][0x0][0x0][0x0][0x0][0x0][0x0]k~[0x0][0x0]com/sun/java/help/impl/LangElement.classPK[0x1][0x2][0x14][0x0][0x14][0x0][0x8][0x0][0x8][0x0][0xd4]|D5u%?[0x1e]&lt;[0x1][0x0][0x0][0xde][0x1][0x0][0x0] [0x0][0x0][0x0][0x0][0x0][0x0][0x0][0x0][0x0][0x0][0x0][0x0][0x0][0xfe][0x0][0x0]com/sun/java/help/impl/Tag.classPK[0x1][0x2][0x14][0x0][0x14][0x0][0x8][0x0][0x8][0x0][0xd4]|D5_[0xc4]}[0x9c][0xa2][0x1][0x0][0x0][0xce][0x2][0x0][0x0]:[0x0][0x0][0x0][0x0][0x0][0x0][0x0][0x0][0x0][0x0][0x0][0x0][0x0][0x88][0x81][0x0][0x0]com/sun/java/help/impl/TagProperties$EmptyEnumerator.classPK[0x1][0x2][0x14][0x0][0x14][0x0][0x8][0x0][0x8][0x0][0xd4]|D5[0xdb]u[0xd4][0x12][0xab][0x6][0x0][0x0][0x2][0xe][0x0][0x0]*[0x0][0x0][0x0][0x0][0x0][0x0][0x0][0x0][0x0][0x0][0x0][0x0][0x0][0x92][0x83][0x0][0x0]com/sun/java/help/impl/TagProperties.classPK[0x1][0x2][0x14][0x0][0x14][0x0][0x8][0x0][0x8][0x0][0xd4]|D5[0xc5][0x7]z[0x87][0xfb][0x19][0x0][0x0][0xb7]3[0x0][0x0]+[0x0][0x0][0x0][0x0][0x0][0x0][0x0][0x0][0x0][0x0][0x0][0x0][0x0][0x95][0x8a][0x0][0x0]com/sun/java/help/impl/DocumentParser.classPK[0x1][0x2][0x14][0x0][0x14][0x0][0x8][0x0][0x8][0x0][0xd4]|D5[0x85][0xff][0xdf]%%[0x3][0x0][0x0][0xda][0x5][0x0][0x0]&apos;[0x0][0x0][0x0][0x0][0x0][0x0][0x0][0x0][0x0][0x0][0x0][0x0][0x0][0xe9][0xa4][0x0][0x0]com/sun/java/help/impl/ScanBuffer.classPK[0x1][0x2][0x14][0x0][0x14][0x0][0x8][0x0][0x8][0x0][0xd4]|D5&gt;?[0xc9][0x2]Y[0x1][0x0][0x0][0xf8][0x1][0x0][0x0]-[0x0][0x0][0x0][0x0][0x0][0x0][0x0][0x0][0x0][0x0][0x0][0x0][0x0]c[0xa8][0x0][0x0]com/sun/java/help/impl/MyBufferedReader.classPK[0x1][0x2][0x14][0x0][0x14][0x0][0x8][0x0][0x8][0x0][0xd4]|D5[0x91][0xc7]P[0xe7][0xd8][0x1][0x0][0x0]][0x3][0x0][0x0]&amp;[0x0][0x0][0x0][0x0][0x0][0x0][0x0][0x0][0x0][0x0][0x0][0x0][0x0][0x17][0xaa][0x0][0x0]com/sun/java/help/impl/DocPConst.classPK[0x1][0x2][0x14][0x0][0x14][0x0][0x8][0x0][0x8][0x0][0xd4]|D5[0xe7][0xeb][0x8a].[0x12][0x3][0x0][0x0].[0x7][0x0][0x0]5[0x0][0x0][0x0][0x0][0x0][0x0][0x0][0x0][0x0][0x0][0x0][0x0][0x0]C[0xac][0x0][0x0]com/sun/java/help/impl/Parser$ParserMulticaster.classPK[0x1][0x2][0x14][0x0][0x14][0x0][0x8][0x0][0x8][0x0][0xd4]|D5[0x17][0x9]Hg[0x8a][0x3][0x0][0x0][0xda][0x8][0x0][0x0]#[0x0][0x0][0x0][0x0][0x0][0x0][0x0][0x0][0x0][0x0][0x0][0x0][0x0][0xb8][0xaf][0x0][0x0]com/sun/java/help/impl/Parser.classPK[0x1][0x2][0x14][0x0][0x14][0x0][0x8][0x0][0x8][0x0][0xd4]|D5[0x12]seK[0xd3][0x0][0x0][0x0]I[0x1][0x0][0x0]+[0x0][0x0][0x0][0x0][0x0][0x0][0x0][0x0][0x0][0x0][0x0][0x0][0x0][0x93][0xb3][0x0][0x0]com/sun/java/help/impl/ParserListener.classPK[0x1][0x2][0x14][0x0][0x14][0x0][0x8][0x0][0x8][0x0][0xd4]|D5B[0xf1]9:[0x2][0x0][0x0]O[0x5][0x0][0x0]([0x0][0x0][0x0][0x0][0x0][0x0][0x0][0x0][0x0][0x0][0x0][0x0][0x0][0xbf][0xb4][0x0][0x0]com/sun/java/help/impl/ParserEvent.classPK[0x1][0x2][0x14][0x0][0x14][0x0][0x8][0x0][0x8][0x0][0xd4]|D5[0x19][0x81]s!G[0x2][0x0][0x0]C[0x4][0x0][0x0]&gt;[0x0][0x0][0x0][0x0][0x0][0x0][0x0][0x0][0x0][0x0][0x0][0x0][0x0]O[0xb7][0x0][0x0]com/sun/java/help/impl/JHelpPrintHandler$PageSetupThread.classPK[0x1][0x2][0x14][0x0][0x14][0x0][0x8][0x0][0x8][0x0][0xd4]|D5[0xca]m[0x9e]L&lt;[0x1][0x0][0x0][\r][0x2][0x0][0x0]*[0x0][0x0][0x0][0x0][0x0][0x0][0x0][0x0][0x0][0x0][0x0][0x0][0x0][0x2][0xba][0x0][0x0]com/sun/java/help/impl/SwingWorker$1.classPK[0x1][0x2][0x14][0x0][0x14][0x0][0x8][0x0][0x8][0x0][0xd4]|D5Zqk7[0xcb][0x3][0x0][0x0][0xa4][0x7][0x0][0x0]:[0x0][0x0][0x0][0x0][0x0][0x0][0x0][0x0][0x0][0x0][0x0][0x0][0x0][0x96][0xbb][0x0][0x0]com/sun/java/help/impl/JHelpPrintHandler$PrintThread.classPK[0x1][0x2][0x14][0x0][0x14][0x0][0x8][0x0][0x8][0x0][0xd4]|D5[0xa6][0xfb][0x9c][0xae]x[0x1][0x0][0x0][0x8d][0x2][0x0][0x0]&lt;[0x0][0x0][0x0][0x0][0x0][0x0][0x0][0x0][0x0][0x0][0x0][0x0][0x0][0xc9][0xbf][0x0][0x0]com/sun/java/help/impl/JHelpPrintHandler$PageTransform.classPK[0x1][0x2][0x14][0x0][0x14][0x0][0x8][0x0][0x8][0x0][0xd4]|D5G[0xdb][0xe2][0xd9][[0x10][0x0][0x0]g [0x0][0x0]:[0x0][0x0][0x0][0x0][0x0][0x0][0x0][0x0][0x0][0x0][0x0][0x0][0x0][0xab][0xc1][0x0][0x0]com/sun/java/help/impl/JHelpPrintHandler$JHPrintable.classPK[0x1][0x2][0x14][0x0][0x14][0x0][0x8][0x0][0x8][0x0][0xd4]|D5[0x15][0x9]N[0xce]u[0x1][0x0][0x0][0xa4][0x2][0x0][0x0]=[0x0][0x0][0x0][0x0][0x0][0x0][0x0][0x0][0x0][0x0][0x0][0x0][0x0]n[0xd2][0x0][0x0]com/sun/java/help/impl/JHelpPrintHandler$EmptyPrintable.classPK[0x1][0x2][0x14][0x0][0x14][0x0][0x8][0x0][0x8][0x0][0xd4]|D5a[0x1]|c[0x8c][0x4][0x0][0x0]6[0x9][0x0][0x0]9[0x0][0x0][0x0][0x0][0x0][0x0][0x0][0x0][0x0][0x0][0x0][0x0][0x0]N[0xd4][0x0][0x0]com/sun/java/help/impl/JHelpPrintHandler$JHPageable.classPK[0x1][0x2][0x14][0x0][0x14][0x0][0x8][0x0][0x8][0x0][0xd4]|D5[0x88]e[0xfc][0xe][0xe9][0x1][0x0][0x0][0x90][0x3][0x0][0x0]6[0x0][0x0][0x0][0x0][0x0][0x0][0x0][0x0][0x0][0x0][0x0][0x0][0x0]A[0xd9][0x0][0x0]com/sun/java/help/impl/JHelpPrintHandler$JHFrame.classPK[0x1][0x2][0x14][0x0][0x14][0x0][0x8][0x0][0x8][0x0][0xd4]|D5[0xb7][0xba]}[0xb3][0x95][0x2][0x0][0x0][0xbe][0x5][0x0][0x0];[0x0][0x0][0x0][0x0][0x0][0x0][0x0][0x0][0x0][0x0][0x0][0x0][0x0][0x8e][0xdb][0x0][0x0]com/sun/java/h&quot;
2013-02-06 13:51:57,550 AAD-WS DEBUG wire:63 - &gt;&gt; &quot;elp/impl/JHelpPrintHandler$JHEditorPane.classPK[0x1][0x2][0x14][0x0][0x14][0x0][0x8][0x0][0x8][0x0][0xd4]|D5[0xad]XTm[0xbe][0xf][0x0][0x0][0x15]![0x0][0x0].[0x0][0x0][0x0][0x0][0x0][0x0][0x0][0x0][0x0][0x0][0x0][0x0][0x0][0x8c][0xde][0x0][0x0]com/sun/java/help/impl/JHelpPrintHandler.classPK[0x1][0x2][0x14][0x0][0x14][0x0][0x8][0x0][0x8][0x0][0xd4]|D5[0xfa][0x3][0xf6][0x6]:[0x1][0x0][0x0][0x1][0x2][0x0][0x0]2[0x0][0x0][0x0][0x0][0x0][0x0][0x0][0x0][0x0][0x0][0x0][0x0][0x0][0xa6][0xee][0x0][0x0]com/sun/java/help/impl/SwingWorker$ThreadVar.classPK[0x1][0x2][0x14][0x0][0x14][0x0][0x8][0x0][0x8][0x0][0xd4]|D5[0xe1])[0xe9]7&apos;[0x2][0x0][0x0]0[0x4][0x0][0x0]*[0x0][0x0][0x0][0x0][0x0][0x0][0x0][0x0][0x0][0x0][0x0][0x0][0x0]@[0xf0][0x0][0x0]com/sun/java/help/impl/SwingWorker$2.classPK[0x1][0x2][0x14][0x0][0x14][0x0][0x8][0x0][0x8][0x0][0xd4]|D5[0x11]b[0xc7]w[0x9c][0x3][0x0][0x0]g[0x7][0x0][0x0]([0x0][0x0][0x0][0x0][0x0][0x0][0x0][0x0][0x0][0x0][0x0][0x0][0x0][0xbf][0xf2][0x0][0x0]com/sun/java/help/impl/SwingWorker.classPK[0x1][0x2][0x14][0x0][0x14][0x0][0x8][0x0][0x8][0x0][0xd4]|D5w[0xa8]~lC[0x4][0x0][0x0][0xd3][0x7][0x0][0x0]3[0x0][0x0][0x0][0x0][0x0][0x0][0x0][0x0][0x0][0x0][0x0][0x0][0x0][0xb1][0xf6][0x0][0x0]com/sun/java/help/impl/CustomKit$MouseHandler.classPK[0x1][0x2][0x14][0x0][0x14][0x0][0x8][0x0][0x8][0x0][0xd4]|D5D [0xe2][0x88][0xfe][0x3][0x0][0x0][\r][0x8][0x0][0x0]&amp;[0x0][0x0][0x0][0x0][0x0][0x0][0x0][0x0][0x0][0x0][0x0][0x0][0x0]U[0xfb][0x0][0x0]com/sun/java/help/impl/CustomKit.classPK[0x1][0x2][0x14][0x0][0x14][0x0][0x8][0x0][0x8][0x0][0xd4]|D5[0xaf][0xa3]][0x8a][0xc4][0x2][0x0][0x0][0x8c][0x5][0x0][0x0]4[0x0][0x0][0x0][0x0][0x0][0x0][0x0][0x0][0x0][0x0][0x0][0x0][0x0][0xa7][0xff][0x0][0x0]com/sun/java/help/impl/CustomKit$CustomFactory.classPK[0x1][0x2][0x14][0x0][0x14][0x0][0x8][0x0][0x8][0x0][0xd4]|D5x[0xc4]T[1[0x4][0x0][0x0][0xd3][0x9][0x0][0x0]P[0x0][0x0][0x0][0x0][0x0][0x0][0x0][0x0][0x0][0x0][0x0][0x0][0x0][0xcd][0x2][0x1][0x0]com/sun/java/help/impl/CustomKit$CustomDocument$CustomReader$ObjectAction1.classPK[0x1][0x2][0x14][0x0][0x14][0x0][0x8][0x0][0x8][0x0][0xd4]|D5U[0xab][0xfd][0x8f]G[0x2][0x0][0x0]T[0x5][0x0][0x0]B[0x0][0x0][0x0][0x0][0x0][0x0][0x0][0x0][0x0][0x0][0x0][0x0][0x0]|[0x7][0x1][0x0]com/sun/java/help/impl/CustomKit$CustomDocument$CustomReader.classPK[0x1][0x2][0x14][0x0][0x14][0x0][0x8][0x0][0x8][0x0][0xd4]|D5R[0xb0]&quot;q[0xf6][0x1][0x0][0x0][0xaf][0x3][0x0][0x0]5[0x0][0x0][0x0][0x0][0x0][0x0][0x0][0x0][0x0][0x0][0x0][0x0][0x0]3[\n]&quot;
2013-02-06 13:51:57,553 AAD-WS DEBUG wire:63 - &gt;&gt; &quot;[0x1][0x0]com/sun/java/help/impl/CustomKit$CustomDocument.classPK[0x1][0x2][0x14][0x0][0x14][0x0][0x8][0x0][0x8][0x0][0xd4]|D5z[0xec][0x1a][0xdf]Z[0x7][0x0][0x0][0xf6][\r][0x0][0x0]2[0x0][0x0][0x0][0x0][0x0][0x0][0x0][0x0][0x0][0x0][0x0][0x0][0x0][0x8c][0xc][0x1][0x0]com/sun/java/help/impl/CustomKit$ObjectView1.classPK[0x1][0x2][0x14][0x0][0x14][0x0][0x8][0x0][0x8][0x0][0xd4]|D5}[0xfa][0xbf]b[0x9a][0x0][0x0][0x0][0xbf][0x0][0x0][0x0]/[0x0][0x0][0x0][0x0][0x0][0x0][0x0][0x0][0x0][0x0][0x0][0x0][0x0]F[0x14][0x1][0x0]com/sun/java/help/impl/ViewAwareComponent.classPK[0x1][0x2][0x14][0x0][0x14][0x0][0x8][0x0][0x8][0x0][0xd4]|D5[0x86]_[0xb7][0xf3][0xf1][0x1][0x0][0x0][0xf1][0x3][0x0][0x0]0[0x0][0x0][0x0][0x0][0x0][0x0][0x0][0x0][0x0][0x0][0x0][0x0][0x0]=[0x15][0x1][0x0]com/sun/java/help/impl/JHSecondaryViewer$1.classPK[0x1][0x2][0x14][0x0][0x14][0x0][0x8][0x0][0x8][0x0][0xd4]|D5[0xfb][0x11][0x0][0xb0][0x9b][0x1b][0x0][0x0]_7[0x0][0x0].[0x0][0x0][0x0][0x0][0x0][0x0][0x0][0x0][0x0][0x0][0x0][0x0][0x0][0x8c][0x17][0x1][0x0]com/sun/java/help/impl/JHSecondaryViewer.classPK[0x1][0x2][0x14][0x0][0x14][0x0][0x8][0x0][0x8][0x0][0xd4]|D5[0x8b][0xde]2[0xea]V[0x3][0x0][0x0][0xf4][0x6][0x0][0x0]6[0x0][0x0][0x0][0x0][0x0][0x0][0x0][0x0][0x0][0x0][0x0][0x0][0x0][0x83]3[0x1][0x0]com/sun/java/help/impl/JHSecondaryViewerBeanInfo.classPK[0x1][0x2][0x14][0x0][0x14][0x0][0x8][0x0][0x8][0x0][0xd4]|D5[0x99][0xb0][0x96]|[0xc2][0x0][0x0][0x0][0x1c][0x1][0x0][0x0]1[0x0][0x0][0x0][0x0][0x0][0x0][0x0][0x0][0x0][0x0][0x0][0x0][0x0]=7[0x1][0x0]com/sun/java/help/impl/JHelpPrintHandler1_2.classPK[0x1][0x2][\n]&quot;
2013-02-06 13:51:57,553 AAD-WS DEBUG wire:63 - &gt;&gt; &quot;[0x0][\n]&quot;
2013-02-06 13:51:57,554 AAD-WS DEBUG wire:63 - &gt;&gt; &quot;[0x0][0x0][0x0][0x0][0x0][0xd4]|D5[0x0][0x0][0x0][0x0][0x0][0x0][0x0][0x0][0x0][0x0][0x0][0x0][0x19][0x0][0x0][0x0][0x0][0x0][0x0][0x0][0x0][0x0][0x0][0x0][0x0][0x0]^8[0x1][0x0]com/sun/java/help/search/PK[0x1][0x2][0x14][0x0][0x14][0x0][0x8][0x0][0x8][0x0][0xd4]|D5[0xa1]?l[0xb8][0xfd][0x3][0x0][0x0]&quot;[0x7][0x0][0x0]$[0x0][0x0][0x0][0x0][0x0][0x0][0x0][0x0][0x0][0x0][0x0][0x0][0x0][0x95]8[0x1][0x0]com/sun/java/help/search/Block.classPK[0x1][0x2][0x14][0x0][0x14][0x0][0x8][0x0][0x8][0x0][0xd4]|D5&apos;[0x8e][0x8f][0xad][0x1e][0x3][0x0][0x0]g[0x6][0x0][0x0]&amp;[0x0][0x0][0x0][0x0][0x0][0x0][0x0][0x0][0x0][0x0][0x0][0x0][0x0][0xe4]&lt;[0x1][0x0]com/sun/java/help/search/RAFFile.classPK[0x1][0x2][0x14][0x0][0x14][0x0][0x8][0x0][0x8][0x0][0xd4]|D5[0xa4]s^|[0x19][0x5][0x0][0x0][0xeb][0x8][0x0][0x0]([0x0][0x0][0x0][0x0][0x0][0x0][0x0][0x0][0x0][0x0][0x0][0x0][0x0]V@[0x1][0x0]com/sun/java/help/search/BitBuffer.classPK[0x1][0x2][0x14][0x0][0x14][0x0][0x8][0x0][0x8][0x0][0xd4]|D5[0xc8][0xbe][0x12][0xed][0x8a][0x0][0x0][0x0][0xbb][0x0][0x0][0x0]+[0x0][0x0][0x0][0x0][0x0][0x0][0x0][0x0][0x0][0x0][0x0][0x0][0x0][0xc5]E[0x1][0x0]com/sun/java/help/search/BlockFactory.classPK[0x1][0x2][0x14][0x0][0x14][0x0][0x8][0x0][0x8][0x0][0xd4]|D5[0xd8][0x1c][[0xa9][0xe4][0x1][0x0][0x0][0xbe][0x3][0x0][0x0];[0x0][0x0][0x0][0x0][0x0][0x0][0x0][0x0][0x0][0x0][0x0][0x0][0x0][0xa8]F[0x1][0x0]com/sun/java/help/search/BlockManager$BlockDescriptor.classPK[0x1][0x2][0x14][0x0][0x14][0x0][0x8][0x0][0x8][0x0][0xd4]|D5[0xf0]E[0x9c]W[0x95][0x0][0x0][0x0][0xd1][0x0][0x0][0x0]-[0x0][0x0][0x0][0x0][0x0][0x0][0x0][0x0][0x0][0x0][0x0][0x0][0x0][0xf5]H[0x1][0x0]com/sun/java/help/search/BlockManager$1.classPK[0x1][0x2][0x14][0x0][0x14][0x0][0x8][0x0][0x8][0x0][0xd4]|D5U$t[0xd8][0x8a][0x9][0x0][0x0][0x9b][0x14][0x0][0x0]+[0x0][0x0][0x0][0x0][0x0][0x0][0x0][0x0][0x0][0x0][0x0][0x0][0x0][0xe5]I[0x1][0x0]com/sun/java/help/search/BlockManager.classPK[0x1][0x2][0x14][0x0][0x14][0x0][0x8][0x0][0x8][0x0][0xd4]|D5[0xdd][0x6][0x89][0xaf][0x8d][0x5][0x0][0x0]9[0xb][0x0][0x0]-[0x0][0x0][0x0][0x0][0x0][0x0][0x0][0x0][0x0][0x0][0x0][0x0][0x0][0xc8]S[0x1][0x0]com/sun/java/help/search/RAFFileFactory.classPK[0x1][0x2][0x14][0x0][0x14][0x0][0x8][0x0][0x8][0x0][0xd4]|D5[0x8f]T[0x91][0xce][0xbb][0x3][0x0][0x0]R[0x7][0x0][0x0]5[0x0][0x0][0x0][0x0][0x0][0x0][0x0][0x0][0x0][0x0][0x0][0x0][0x0][0xb0]Y[0x1][0x0]com/sun/java/help/search/BlockManagerParameters.classPK[0x1][0x2][0x14][0x0][0x14][0x0][0x8][0x0][0x8][0x0][0xd4]|D5[0xae][0x1c]?[0xe1]u[0x2][0x0][0x0][0x8][0x5][0x0][0x0]/[0x0][0x0][0x0][0x0][0x0][0x0][0x0][0x0][0x0][0x0][0x0][0x0][0x0][0xce]][0x1][0x0]com/sun/java/help/search/DBPartParameters.classPK[0x1][0x2][0x14][0x0][0x14][0x0][0x8][0x0][0x8][0x0][0xd4]|D5[0xff][0x87]E1G[0x9][0x0][0x0]J[0x11][0x0][0x0]%[0x0][0x0][0x0][0x0][0x0][0x0][0x0][0x0][0x0][0x0][0x0][0x0][0x0][0xa0]`[0x1][0x0]com/sun/java/help/search/Schema.classPK[0x1][0x2][0x14][0x0][0x14][0x0][0x8][0x0][0x8][0x0][0xd4]|D5.a[0x1][0xfa][0x8b][0x0][0x0][0x0][0xbe][0x0][0x0][0x0]-[0x0][0x0][0x0][0x0][0x0][0x0][0x0][0x0][0x0][0x0][0x0][0x0][0x0]:j[0x1][0x0]com/sun/java/help/search/BlockProcessor.classPK[0x1][0x2][0x14][0x0][0x14][0x0][0x8][0x0][0x8][0x0][0xd4]|D5[0xae]-#c[0xa1][0x2][0x0][0x0][0x95][0x4][0x0][0x0]([0x0][0x0][0x0][0x0][0x0][0x0][0x0][0x0][0x0][0x0][0x0][0x0][0x0] k[0x1][0x0]com/sun/java/help/search/Utilities.classPK[0x1][0x2][0x14][0x0][0x14][0x0][0x8][0x0][0x8][0x0][0xd4]|D5[0xff]S[0xce]Y[0xa0][0x3][0x0][0x0]l[0x6][0x0][0x0]3[0x0][0x0][0x0][0x0][0x0][0x0][0x0][0x0][0x0][0x0][0x0][0x0][0x0][0x17]n[0x1][0x0]com/sun/java/help/search/RAFFileFactoryOn12$1.classPK[0x1][0x2][0x14][0x0][0x14][0x0][0x8][0x0][0x8][0x0][0xd4]|D5m[0x1c]&apos;n6[0x3][0x0][0x0]O[0x6][0x0][0x0]1[0x0][0x0][0x0][0x0][0x0][0x0][0x0][0x0][0x0][0x0][0x0][0x0][0x0][0x18]r[0x1][0x0]com/sun/java/help/search/RAFFileFactoryOn12.classPK[0x1][0x2][0x14][0x0][0x14][0x0][0x8][0x0][0x8][0x0][0xd4]|D52[0x89]l[0xd4][0xc5][0x5][0x0][0x0][0x97][\n]&quot;
2013-02-06 13:51:57,554 AAD-WS DEBUG wire:77 - &gt;&gt; &quot;[0x0][0x0],[0x0][0x0][0x0][0x0][0x0][0x0][0x0][0x0][0x0][0x0][0x0][0x0][0x0][0xad]u[0x1][0x0]com/sun/java/help/search/MemoryRAFFile.classPK[0x1][0x2][0x14][0x0][0x14][0x0][0x8][0x0][0x8][0x0][0xd4]|D5[0x84][0xde]1!8[0x3][0x0][0x0][0xe1][0x6][0x0][0x0]/[0x0][0x0][0x0][0x0][0x0][0x0][0x0][0x0][0x0][0x0][0x0][0x0][0x0][0xcc]{[0x1][0x0]com/sun/java/help/search/TemporaryRAFFile.classPK[0x1][0x2][0x14][0x0][0x14][0x0][0x8][0x0][0x8][0x0][0xd4]|D5rG[0x6]1[0x83][0x4][0x0][0x0]p[0x8][0x0][0x0]2[0x0][0x0][0x0][0x0][0x0][0x0][0x0][0x0][0x0][0x0][0x0][0x0][0x0]a[0x1][0x0]com/sun/java/help/search/BtreeDict$DictBlock.classPK[0x1][0x2][0x14][0x0][0x14][0x0][0x8][0x0][0x8][0x0][0xd4]|D5[0xc7][0xb2][0xac][0xfd]_[0x1][0x0][0x0][0x88][0x2][0x0][0x0]*[0x0][0x0][0x0][0x0][0x0][0x0][0x0][0x0][0x0][0x0][0x0][0x0][0x0]D[0x84][0x1][0x0]com/sun/java/help/search/BtreeDict$1.classPK[0x1][0x2][0x14][0x0][0x14][0x0][0x8][0x0][0x8][0x0][0xd4]|D5&lt;[0xbd][0xbc][0x1b][0x8f][0x1][0x0][0x0][0xd8][0x2][0x0][0x0]*[0x0][0x0][0x0][0x0][0x0][0x0][0x0][0x0][0x0][0x0][0x0][0x0][0x0][0xfb][0x85][0x1][0x0]com/sun/java/help/search/BtreeDict$2.classPK[0x1][0x2][0x14][0x0][0x14][0x0][0x8][0x0][0x8][0x0][0xd4]|D5E[0x8b][0xd7][0xe0][0xc8][0x8][0x0][0x0]V[0x12][0x0][0x0]([0x0][0x0][0x0][0x0][0x0][0x0][0x0][0x0][0x0][0x0][0x0][0x0][0x0][0xe2][0x87][0x1][0x0]com/sun/java/help/search/BtreeDict.classPK[0x1][0x2][0x14][0x0][0x14][0x0][0x8][0x0][0x8][0x0][0xd4]|D5[0x82][0xd4][0xe1]x[0xb1][0x8][0x0][0x0]}[0x10][0x0][0x0]2[0x0][0x0][0x0][0x0][0x0][0x0][0x0][0x0][0x0][0x0][0x0][0x0][0x0][0x0][0x91][0x1][0x0]com/sun/java/help/search/BtreeDictParameters.classPK[0x1][0x2][0x14][0x0][0x14][0x0][0x8][0x0][0x8][0x0][0xd4]|D5[0x18]u[0xc0]e[0xb1][0x1][0x0][0x0][0x9b][0x2][0x0][0x0]4[0x0][0x0][0x0][0x0][0x0][0x0][0x0][0x0][0x0][0x0][0x0][0x0][0x0][0x11][0x9a][0x1][0x0]com/sun/java/help/search/ByteArrayDecompressor.classPK[0x1][0x2][0x14][0x0][0x14][0x0][0x8][0x0][0x8][0x0][0xd4]|D5d$[0x1d]1[0xeb][0x4][0x0][0x0][0xd4][0x8][0x0][0x0]+[0x0][0x0][0x0][0x0][0x0][0x0][0x0][0x0][0x0][0x0][0x0][0x0][0x0]$[0x9c][0x1][0x0]com/sun/java/help/search/Decompressor.classPK[0x1][0x2][0x14][0x0][0x14][0x0][0x8][0x0][0x8][0x0][0xd4]|D5[0xe3][0x5][0x97][0xb4][0x89][0x0][0x0][0x0][0xa5][0x0][0x0][0x0]1[0x0][0x0][0x0][0x0][0x0][0x0][0x0][0x0][0x0][0x0][0x0][0x0][0x0]h[0xa1][0x1][0x0]com/sun/java/help/search/CompressorIterator.classPK[0x1][0x2][0x14][0x0][0x14][0x0][0x8][0x0][0x8][0x0][0xd4]|D5[0x80][0xde][0x97][0xc3][0x8b][0x3][0x0][0x0][0x1d][0x6][0x0][0x0]+[0x0][0x0][0x0][0x0][0x0][0x0][0x0][0x0][0x0][0x0][0x0][0x0][0x0]P[0xa2][0x1][0x0]com/sun/java/help/search/IntegerArray.classPK[0x1][0x2][0x14][0x0][0x14][0x0][0x8][0x0][0x8][0x0][0xd4]|D5[0x90]~9[0x8][0xf1][0x5][0x0][0x0][0xe][0xb][0x0][0x0])[0x0][0x0][0x0][0x0][0x0][0x0][0x0][0x0][0x0][0x0][0x0][0x0][0x0]4[0xa6][0x1][0x0]com/sun/java/help&quot;
2013-02-06 13:51:57,555 AAD-WS DEBUG wire:63 - &gt;&gt; &quot;/search/Compressor.classPK[0x1][0x2][0x14][0x0][0x14][0x0][0x8][0x0][0x8][0x0][0xd4]|D5P[0xbb][0xf5][0x91][0x89][0x4][0x0][0x0][0xc6][0x9][0x0][0x0]*[0x0][0x0][0x0][0x0][0x0][0x0][0x0][0x0][0x0][0x0][0x0][0x0][0x0]|[0xac][0x1][0x0]com/sun/java/help/search/ConceptData.classPK[0x1][0x2][0x14][0x0][0x14][0x0][0x8][0x0][0x8][0x0][0xd4]|D5DU[0xec][0xbc]][0x7][0x0][0x0][0xbc][\r][0x0][0x0]$[0x0][0x0][0x0][0x0][0x0][0x0][0x0][0x0][0x0][0x0][0x0][0x0][0x0]][0xb1][0x1][0x0]com/sun/java/help/search/Query.classPK[0x1][0x2][0x14][0x0][0x14][0x0][0x8][0x0][0x8][0x0][0xd4]|D5c[0xd0][0x92][0xe0][0x92][0xe][0x0][0x0]:[0x1d][0x0][0x0]0[0x0][0x0][0x0][0x0][0x0][0x0][0x0][0x0][0x0][0x0][0x0][0x0][0x0][0xc][0xb9][0x1][0x0]com/sun/java/help/search/SearchEnvironment.classPK[0x1][0x2][0x14][0x0][0x14][0x0][0x8][0x0][0x8][0x0][0xd4]|D5[0xaa]Ep1[0xce][0x2][0x0][0x0]`[0x5][0x0][0x0]&apos;[0x0][0x0][0x0][0x0][0x0][0x0][0x0][0x0][0x0][0x0][0x0][0x0][0x0][0xfc][0xc7][0x1][0x0]com/sun/java/help/search/QueryHit.classPK[0x1][0x2][0x14][0x0][0x14][0x0][0x8][0x0][0x8][0x0][0xd4]|D5Nl[0xbb]=G[0x1][0x0][0x0][0xfb][0x1][0x0][0x0]&apos;[0x0][0x0][0x0][0x0][0x0][0x0][0x0][0x0][0x0][0x0][0x0][0x0][0x0][0x1f][0xcb][0x1][0x0]com/sun/java/help/search/Location.classPK[0x1][0x2][0x14][0x0][0x14][0x0][0x8][0x0][0x8][0x0][0xd4]|D5$[0xd7][0xbd] [0xd7][0x0][0x0][0x0].[0x1][0x0][0x0]:[0x0][0x0][0x0][0x0][0x0][0x0][0x0][0x0][0x0][0x0][0x0][0x0][0x0][0xbb][0xcc][0x1][0x0]com/sun/java/help/search/NonnegativeIntegerGenerator.classPK[0x1][0x2][0x14][0x0][0x14][0x0][0x8][0x0][0x8][0x0][0xd4]|D5[0x19][0x82]*o[0xc7][0x5][0x0][0x0]:[0xb][0x0][0x0]+[0x0][0x0][0x0][0x0][0x0][0x0][0x0][0x0][0x0][0x0][0x0][0x0][0x0][0xfa][0xcd][0x1][0x0]com/sun/java/help/search/HitStoreNode.classPK[0x1][0x2][0x14][0x0][0x14][0x0][0x8][0x0][0x8][0x0][0xd4]|D5[0xb9]0/[0xc0][0x85][0x4][0x0][0x0][0xf][0x8][0x0][0x0]&apos;[0x0][0x0][0x0][0x0][0x0][0x0][0x0][0x0][0x0][0x0][0x0][0x0][0x0][0x1a][0xd4][0x1][0x0]com/sun/java/help/search/HitStore.classPK[0x1][0x2][0x14][0x0][0x14][0x0][0x8][0x0][0x8][0x0][0xd4]|D5Y[0xfe]3[0x96][0xb3][0x6][0x0][0x0][0x99][0xc][0x0][0x0])[0x0][0x0][0x0][0x0][0x0][0x0][0x0][0x0][0x0][0x0][0x0][0x0][0x0][0xf4][0xd8][0x1][0x0]com/sun/java/help/search/RoleFiller.classPK[0x1][0x2][0x14][0x0][0x14][0x0][0x8][0x0][0x8][0x0][0xd4]|D5n[0x9e][0xdd][0xb4][0x17][0x2][0x0][0x0][0xd1][0x3][0x0][0x0]*[0x0][0x0][0x0][0x0][0x0][0x0][0x0][0x0][0x0][0x0][0x0][0x0][0x0][0xfe][0xdf][0x1][0x0]com/sun/java/help/search/ConceptList.classPK[0x1][0x2][0x14][0x0][0x14][0x0][0x8][0x0][0x8][0x0][0xd4]|D5[0x9a][0xce][0x87]r[0xfa][0x3][0x0][0x0]W[0x7][0x0][0x0]1[0x0][0x0][0x0][0x0][0x0][0x0][0x0][0x0][0x0][0x0][0x0][0x0][0x0]m[0xe2][0x1][0x0]com/sun/java/help/search/StreamDecompressor.classPK[0x1][0x2][0x14][0x0][0x14][0x0][0x8][0x0][0x8][0x0][0xd4]|D5-(J[0xb]1[0x4][0x0][0x0]L[0x8][0x0][0x0]4[0x0][0x0][0x0][0x0][0x0][0x0][0x0][0x0][0x0][0x0][0x0][0x0][0x0][0xc6][0xe6][0x1][0x0]com/sun/java/help/search/ConceptGroupGenerator.classPK[0x1][0x2][0x14][0x0][0x14][0x0][0x8][0x0][0x8][0x0][0xd4]|D5[0x1b][0xbd][0xa9][0xa1]T[0xf][0x0][0x0][0x8][0x1e][0x0][0x0]1[0x0][0x0][0x0][0x0][0x0][0x0][0x0][0x0][0x0][0x0][0x0][0x0][0x0]Y[0xeb][0x1][0x0]com/sun/java/help/search/DocumentCompressor.classPK[0x1][0x2][0x14][0x0][0x14][0x0][0x8][0x0][0x8][0x0][0xd4]|D5[0xb2]q[0xeb][0x10]@[0x2][0x0][0x0][0xc8][0x4][0x0][0x0]D[0x0][0x0][0x0][0x0][0x0][0x0][0x0][0x0][0x0][0x0][0x0][0x0][0x0][0xc][0xfb][0x1][0x0]com/sun/java/help/search/ConceptLocation$ConceptLocationSorter.classPK[0x1][0x2][0x14][0x0][0x14][0x0][0x8][0x0][0x8][0x0][0xd4]|D5e[0x9d][0x9d][0xcf][0x8e][0x1][0x0][0x0][0xe2][0x3][0x0][0x0]&lt;[0x0][0x0][0x0][0x0][0x0][0x0][0x0][0x0][0x0][0x0][0x0][0x0][0x0][0xbe][0xfd][0x1][0x0]com/sun/java/help/search/ConceptLocation$ConceptSorter.classPK[0x1][0x2][0x14][0x0][0x14][0x0][0x8][0x0][0x8][0x0][0xd4]|D5[0xca][0xad]~\[0xb0][0x1][0x0][0x0][0x11][0x4][0x0][0x0]=[0x0][0x0][0x0][0x0][0x0][0x0][0x0][0x0][0x0][0x0][0x0][0x0][0x0][0xb6][0xff][0x1][0x0]com/sun/java/help/search/ConceptLocation$PositionSorter.classPK[0x1][0x2][0x14][0x0][0x14][0x0][0x8][0x0][0x8][0x0][0xd4]|D5[0xa4]$[0xf5]&gt;[0x98][0x0][0x0][0x0][0xda][0x0][0x0][0x0]0[0x0][0x0][0x0][0x0][0x0][0x0][0x0][0x0][0x0][0x0][0x0][0x0][0x0][0xd1][0x1][0x2][0x0]com/sun/java/help/search/ConceptLocation$1.classPK[0x1][0x2][0x14][0x0][0x14][0x0][0x8][0x0][0x8][0x0][0xd4]|D5[0x16].[0xa9]Q[0xf5][0x4][0x0][0x0][0xb][0xb][0x0][0x0].[0x0][0x0][0x0][0x0][0x0][0x0][0x0][0x0][0x0][0x0][0x0][0x0][0x0][0xc7][0x2][0x2][0x0]com/sun/java/help/search/ConceptLocation.classPK[0x1][0x2][0x14][0x0][0x14][0x0][0x8][0x0][0x8][0x0][0xd4]|D5[0xbb][0xf1][0xfa]{[0xe][0x3][0x0][0x0][0x2][0x6][0x0][0x0]2[0x0][0x0][0x0][0x0][0x0][0x0][0x0][0x0][0x0][0x0][0x0][0x0][0x0][0x18][0x8][0x2][0x0]com/sun/java/help/search/DefaultSearchEngine.classPK[0x1][0x2][0x14][0x0][0x14][0x0][0x8][0x0][0x8][0x0][0xd4]|D5[0x95]v[0xb]a[0x9][0x2][0x0][0x0][0x96][0x3][0x0][0x0]4[0x0][0x0][0x0][0x0][0x0][0x0][0x0][0x0][0x0][0x0][0x0][0x0][0x0][0x86][0xb][0x2][0x0]com/sun/java/help/search/QueryEngine$SearchIds.classPK[0x1][0x2][0x14][0x0][0x14][0x0][0x8][0x0][0x8][0x0][0xd4]|D5h:wS[0xd3][\n]&quot;
2013-02-06 13:51:57,557 AAD-WS DEBUG wire:63 - &gt;&gt; &quot;[0x0][0x0][0x19][0x14][0x0][0x0]*[0x0][0x0][0x0][0x0][0x0][0x0][0x0][0x0][0x0][0x0][0x0][0x0][0x0][0xf1][\r][0x2][0x0]com/sun/java/help/search/QueryEngine.classPK[0x1][0x2][0x14][0x0][0x14][0x0][0x8][0x0][0x8][0x0][0xd4]|D5[0xf2][0xfc][0x8a]T[0xfb][0x6][0x0][0x0]F[\r][0x0][0x0]([0x0][0x0][0x0][0x0][0x0][0x0][0x0][0x0][0x0][0x0][0x0][0x0][0x0][0x1c][0x19][0x2][0x0]com/sun/java/help/search/LiteMorph.classPK[0x1][0x2][0x14][0x0][0x14][0x0][0x8][0x0][0x8][0x0][0xd4]|D5[0xca][0x1f]u[0xc6]^[0x6][0x0][0x0]F[0xb][0x0][0x0]#[0x0][0x0][0x0][0x0][0x0][0x0][0x0][0x0][0x0][0x0][0x0][0x0][0x0]m [0x2][0x0]com/sun/java/help/search/Rule.classPK[0x1][0x2][0x14][0x0][0x14][0x0][0x8][0x0][0x8][0x0][0xd4]|D5A[*[0xd5][0xad][0x3][0x0][0x0][0x4][0x7][0x0][0x0]1[0x0][0x0][0x0][0x0][0x0][0x0][0x0][0x0][0x0][0x0][0x0][0x0][0x0][0x1c]&apos;[0x2][0x0]com/sun/java/help/search/DefaultSearchQuery.classPK[0x1][0x2][0x14][0x0][0x14][0x0][0x8][0x0][0x8][0x0][0xd4]|D5[0x8]3[0xc9][0x9b][0xd8][0xf][0x0][0x0][0xc5][0x1e][0x0][0x0]%[0x0][0x0][0x0][0x0][0x0][0x0][0x0][0x0][0x0][0x0][0x0][0x0][0x0](+[0x2][0x0]com/sun/java/help/search/Search.classPK[0x1][0x2][0x14][0x0][0x14][0x0][0x8][0x0][0x8][0x0][0xd4]|D5_[0x87]s[0x6][0xb4][0x3][0x0][0x0][0x9f][0x6][0x0][0x0],[0x0][0x0][0x0][0x0][0x0][0x0][0x0][0x0][0x0][0x0][0x0][0x0][0x0]S;[0x2][0x0]com/sun/java/help/search/GeneratorHeap.classPK[0x1][0x2][0x14][0x0][0x14][0x0][0x8][0x0][0x8][0x0][0xd4]|D5[0xe]J.[0xd8][0xe][0x4][0x0][0x0][0xd9][0x7][0x0][0x0]3[0x0][0x0][0x0][0x0][0x0][0x0][0x0][0x0][0x0][0x0][0x0][0x0][0x0]a?[0x2][0x0]com/sun/java/help/search/NextDocGeneratorHeap.classPK[0x1][0x2][0x14][0x0][0x14][0x0][0x8][0x0][0x8][0x0][0xd4]|D5Q[0xe2]&gt;[0xe0][0xc1][0x2][0x0][0x0]E[0x6][0x0][0x0]/[0x0][0x0][0x0][0x0][0x0][0x0][0x0][0x0][0x0][0x0][0x0][0x0][0x0][0xd0]C[0x2][0x0]com/sun/java/help/search/NextDocGenerator.classPK[0x1][0x2][0x14][0x0][0x14][0x0][0x8][0x0][0x8][0x0][0xd4]|D5[0xab]z/[0xc6][0xfd][0x1][0x0][0x0][0x15][0x3][0x0][0x0]$[0x0][0x0][0x0][0x0][0x0][0x0][0x0][0x0][0x0][0x0][0x0][0x0][0x0][0xee]F[0x2][0x0]com/sun/java/help/search/Entry.classPK[0x1][0x2][0x14][0x0][0x14][0x0][0x8][0x0][0x8][0x0][0xd4]|D5[0xf9]qP[0xda][0x92][0x0][0x0][0x0][0xb6][0x0][0x0][0x0]-[0x0][0x0][0x0][0x0][0x0][0x0][0x0][0x0][0x0][0x0][0x0][0x0][0x0]=I[0x2][0x0]com/sun/java/help/search/EntryProcessor.classPK[0x1][0x2][0x14][0x0][0x14][0x0][0x8][0x0][0x8][0x0][0xd4]|D5[0xed][0x19][0xe4][0xc3][0xee]A[0x0][0x0][0xd7][0xa3][0x0][0x0]+[0x0][0x0][0x0][0x0][0x0][0x0][0x0][0x0][0x0][0x0][0x0][0x0][0x0]*J[0x2][0x0]com/sun/java/help/search/LiteMorph_en.classPK[0x1][0x2][0x14][0x0][0x14][0x0][0x8][0x0][0x8][0x0][0xd4]|D5uI[0x96][0xa1][0xab][0x3][0x0][0x0][0xe3][0x7][0x0][0x0]D[0x0][0x0][0x0][0x0][0x0][0x0][0x0][0x0][0x0][0x0][0x0][0x0][0x0]q[0x8c][0x2][0x0]com/sun/java/help/search/BtreeDictCompactor$CompactorDictBlock.classPK[0x1][0x2][0x14][0x0][0x14][0x0][0x8][0x0][0x8][0x0][0xd4]|D5[0xa0][0xe5][0x82]p([0x6][0x0][0x0]P[\r][0x0][0x0]D[0x0][0x0][0x0][0x0][0x0][0x0][0x0][0x0][0x0][0x0][0x0][0x0][0x0][0x8e][0x90][0x2][0x0]com/sun/java/help/search/BtreeDictCompactor$InternalBlockState.classPK[0x1][0x2][0x14][0x0][0x14][0x0][0x8][0x0][0x8][0x0][0xd4]|D5[0xb4]Y[0x3][0xa1]v[0x1][0x0][0x0]3[0x3][0x0][0x0]3[0x0][0x0][0x0][0x0][0x0][0x0][0x0][0x0][0x0][0x0][0x0][0x0][0x0]([0x97][0x2][0x0]com/sun/java/help/search/BtreeDictCompactor$1.classPK[0x1][0x2][0x14][0x0][0x14][0x0][0x8][0x0][0x8][0x0][0xd4]|D5T([0x15]([0xa2][0x8][0x0][0x0][0xf8][0x13][0x0][0x0]1[0x0][0x0][0x0][0x0][0x0][0x0][0x0][0x0][0x0][0x0][0x0][0x0][0x0][0xff][0x98][0x2][0x0]com/sun/java/help/search/BtreeDictCompactor.classPK[0x1][0x2][0x14][0x0][0x14][0x0][0x8][0x0][0x8][0x0][0xd4]|D5[0x8e]&quot;[0xaf][0xa7]&amp;[0x2][0x0][0x0][0x9d][0x3][0x0][0x0]2[0x0][0x0][0x0][0x0][0x0][0x0][0x0][0x0][0x0][0x0][0x0][0x0][0x0][0x0][0xa2][0x2][0x0]com/sun/java/help/search/FullBtreeDict$Entry.classPK[0x1][0x2][0x14][0x0][0x14][0x0][0x8][0x0][0x8][0x0][0xd4]|D5e[0xfc][0x89][0x86]q[0x8][0x0][0x0][0xba][0x10][0x0][0x0]:[0x0][0x0][0x0][0x0][0x0][0x0][0x0][0x0][0x0][0x0][0x0][0x0][0x0][0x86][0xa4][0x2][0x0]com/sun/java/help/search/FullBtreeDict$FullDictBlock.classPK[0x1][0x2][0x14][0x0][0x14][0x0][0x8][0x0][0x8][0x0][0xd4]|D5&quot;][0xb4][0xfe]c[0x1][0x0][0x0][0xa8][0x2][0x0][0x0].[0x0][0x0][0x0][0x0][0x0][0x0][0x0][0x0][0x0][0x0][0x0][0x0][0x0]_[0xad][0x2][0x0]com/sun/java/help/search/FullBtreeDict$1.classPK[0x1][0x2][0x14][0x0][0x14][0x0][0x8][0x0][0x8][0x0][0xd4]|D5[0xf4]8[0xb1][0x9a]D[0x9][0x0][0x0][0x1][0x14][0x0][0x0],[0x0][0x0][0x0][0x0][0x0][0x0][0x0][0x0][0x0][0x0][0x0][0x0][0x0][0x1e][0xaf][0x2][0x0]com/sun/java/help/search/FullBtreeDict.classPK[0x1][0x2][0x14][0x0][0x14][0x0][0x8][0x0][0x8][0x0][0xd4]|D5[0x8]([0xa3]kQ[0x1][0x0][0x0][0x16][0x2][0x0][0x0]6[0x0][0x0][0x0][0x0][0x0][0x0][0x0][0x0][0x0][0x0][0x0][0x0][0x0][0xbc][0xb8][0x2][0x0]com/sun/java/help/search/ChangedCharSetException.classPK[0x1][0x2][0x14][0x0][0x14][0x0][0x8][0x0][0x8][0x0][0xd4]|D5~L[0x19]+2[0xb][0x0][0x0][0xa6][0x16][0x0][0x0]2[0x0][0x0][0x0][0x0][0x0][0x0][0x0][0x0][0x0][0x0][0x0][0x0][0x0]q[0xba][0x2][0x0]com/sun/java/help/search/DefaultIndexBuilder.classPK[0x1][0x2][0x14][0x0][0x14][0x0][0x8][0x0][0x8][0x0][0xd4]|D5{[0xd7]Z[0x1a][0xba][0x5][0x0][0x0][0xdf][\n]&quot;
2013-02-06 13:51:57,558 AAD-WS DEBUG wire:77 - &gt;&gt; &quot;[0x0][0x0]7[0x0][0x0][0x0][0x0][0x0][0x0][0x0][0x0][0x0][0x0][0x0][0x0][0x0][0x3][0xc6][0x2][0x0]com/sun/java/help/search/DocumentLists$MicroIndex.classPK[0x1][0x2][0x14][0x0][0x14][0x0][0x8][0x0][0x8][0x0][0xd4]|D5[0xca][0xa5][0xcd]I[0xe6][0x9][0x0][0x0][0x1][0x13][0x0][0x0],[0x0][0x0][0x0][0x0][0x0][0x0][0x0][0x0][0x0][0x0][0x0][0x0][0x0]&quot;[0xcc][0x2][0x0]com/sun/java/help/search/DocumentLists.classPK[0x1][0x2][0x14][0x0][0x14][0x0][0x8][0x0][0x8][0x0][0xd4]|D5w[0x83][0x84][0x19][0xec][0x13][0x0][0x0][0x85]&amp;&quot;
2013-02-06 13:51:57,559 AAD-WS DEBUG wire:63 - &gt;&gt; &quot;[0x0][0x0]&amp;[0x0][0x0][0x0][0x0][0x0][0x0][0x0][0x0][0x0][0x0][0x0][0x0][0x0]b[0xd6][0x2][0x0]com/sun/java/help/search/Indexer.classPK[0x1][0x2][0x14][0x0][0x14][0x0][0x8][0x0][0x8][0x0][0xd4]|D5[0xa6][0xe0]I[0xc6]e[0x6][0x0][0x0],[0xc][0x0][0x0]0[0x0][0x0][0x0][0x0][0x0][0x0][0x0][0x0][0x0][0x0][0x0][0x0][0x0][0xa2][0xea][0x2][0x0]com/sun/java/help/search/DefaultIndexerKit.classPK[0x1][0x2][0x14][0x0][0x14][0x0][0x8][0x0][0x8][0x0][0xd4]|D5[0x84][0xc0][0x3][0xdd][0xe6][0x1][0x0][0x0][0x14][0x4][0x0][0x0]L[0x0][0x0][0x0][0x0][0x0][0x0][0x0][0x0][0x0][0x0][0x0][0x0][0x0]e[0xf1][0x2][0x0]com/sun/java/help/search/HTMLIndexerKit$HTMLParserCallback$LangElement.classPK[0x1][0x2][0x14][0x0][0x14][0x0][0x8][0x0][0x8][0x0][0xd4]|D5(x[0xe2][0xe3]m[0x2][0x0][0x0]D[0x5][0x0][0x0]J[0x0][0x0][0x0][0x0][0x0][0x0][0x0][0x0][0x0][0x0][0x0][0x0][0x0][0xc5][0xf3][0x2][0x0]com/sun/java/help/search/HTMLIndexerKit$HTMLParserCallback$TagAction.classPK[0x1][0x2][0x14][0x0][0x14][0x0][0x8][0x0][0x8][0x0][0xd4]|D5/[0xe0]&apos;[0x83][0xa2][0x2][0x0][0x0][0xd1][0x5][0x0][0x0]L[0x0][0x0][0x0][0x0][0x0][0x0][0x0][0x0][0x0][0x0][0x0][0x0][0x0][0xaa][0xf6][0x2][0x0]com/sun/java/help/search/HTMLIndexerKit$HTMLParserCallback$BlockAction.classPK[0x1][0x2][0x14][0x0][0x14][0x0][0x8][0x0][0x8][0x0][0xd4]|D5[0xba][0xa7]BG[0xf6][0x1][0x0][0x0][0xdc][0x4][0x0][0x0]N[0x0][0x0][0x0][0x0][0x0][0x0][0x0][0x0][0x0][0x0][0x0][0x0][0x0][0xc6][0xf9][0x2][0x0]com/sun/java/help/search/HTMLIndexerKit$HTMLParserCallback$FormTagAction.classPK[0x1][0x2][0x14][0x0][0x14][0x0][0x8][0x0][0x8][0x0][0xd4]|D5[0x9a]ES[0x9b][0xa1][0x2][0x0][0x0][0x11][0x6][0x0][0x0]P[0x0][0x0][0x0][0x0][0x0][0x0][0x0][0x0][0x0][0x0][0x0][0x0][0x0]8[0xfc][0x2][0x0]com/sun/java/help/search/HTMLIndexerKit$HTMLParserCallback$ParagraphAction.classPK[0x1][0x2][0x14][0x0][0x14][0x0][0x8][0x0][0x8][0x0][0xd4]|D5[0x19]  td[0x2][0x0][0x0]E[0x5][0x0][0x0]N[0x0][0x0][0x0][0x0][0x0][0x0][0x0][0x0][0x0][0x0][0x0][0x0][0x0]W[0xff][0x2][0x0]com/sun/java/help/search/HTMLIndexerKit$HTMLParserCallback$SpecialAction.classPK[0x1][0x2][0x14][0x0][0x14][0x0][0x8][0x0][0x8][0x0][0xd4]|D5[0x93][0x83][0x2][0xe3]$[0x2][0x0][0x0][0x91][0x4][0x0][0x0]N[0x0][0x0][0x0][0x0][0x0][0x0][0x0][0x0][0x0][0x0][0x0][0x0][0x0]7[0x2][0x3][0x0]com/sun/java/help/search/HTMLIndexerKit$HTMLParserCallback$IsindexAction.classPK[0x1][0x2][0x14][0x0][0x14][0x0][0x8][0x0][0x8][0x0][0xd4]|D5wU[0xd8]&apos;[0x97][0x0][0x0][0x0][0xd7][0x0][0x0][0x0]/[0x0][0x0][0x0][0x0][0x0][0x0][0x0][0x0][0x0][0x0][0x0][0x0][0x0][0xd7][0x4][0x3][0x0]com/sun/java/help/search/HTMLIndexerKit$1.classPK[0x1][0x2][0x14][0x0][0x14][0x0][0x8][0x0][0x8][0x0][0xd4]|D5z[0xae][0x82][0xa3][0x88][0x3][0x0][0x0][0x8b][0x7][0x0][0x0]M[0x0][0x0][0x0][0x0][0x0][0x0][0x0][0x0][0x0][0x0][0x0][0x0][0x0][0xcb][0x5][0x3][0x0]com/sun/java/help/search/HTMLIndexerKit$HTMLParserCallback$HiddenAction.classPK[0x1][0x2][0x14][0x0][0x14][0x0][0x8][0x0][0x8][0x0][0xd4]|D5U[0xaa][0xed][0x1b][0xcd][0x1][0x0][0x0][0xec][0x3][0x0][0x0]K[0x0][0x0][0x0][0x0][0x0][0x0][0x0][0x0][0x0][0x0][0x0][0x0][0x0][0xce][0x9][0x3][0x0]com/sun/java/help/search/HTMLIndexerKit$HTMLParserCallback$MetaAction.classPK[0x1][0x2][0x14][0x0][0x14][0x0][0x8][0x0][0x8][0x0][0xd4]|D5[0x9b]l[0x8f][0xbc][0xc][0x2][0x0][0x0][0x8a][0x4][0x0][0x0]K[0x0][0x0][0x0][0x0][0x0][0x0][0x0][0x0][0x0][0x0][0x0][0x0][0x0][0x14][0xc][0x3][0x0]com/sun/java/help/search/HTMLIndexerKit$HTMLParserCallback$HeadAction.classPK[0x1][0x2][0x14][0x0][0x14][0x0][0x8][0x0][0x8][0x0][0xd4]|D5[0xaf][0xab][0xce][0x1a][0xab][0x1][0x0][0x0][0x94][0x3][0x0][0x0]K[0x0][0x0][0x0][0x0][0x0][0x0][0x0][0x0][0x0][0x0][0x0][0x0][0x0][0x99][0xe][0x3][0x0]com/sun/java/help/search/HTMLIndexerKit$HTMLParserCallback$LinkAction.classPK[0x1][0x2][0x14][0x0][0x14][0x0][0x8][0x0][0x8][0x0][0xd4]|D5[0xf9]U[0xd5][0xbc];[0x1][0x0][0x0][0xab][0x2][0x0][0x0]J[0x0][0x0][0x0][0x0][0x0][0x0][0x0][0x0][0x0][0x0][0x0][0x0][0x0][0xbd][0x10][0x3][0x0]com/sun/java/help/search/HTMLIndexerKit$HTMLParserCallback$MapAction.classPK[0x1][0x2][0x14][0x0][0x14][0x0][0x8][0x0][0x8][0x0][0xd4]|D5[0x80][0xc8])[0xab]&lt;[0x1][0x0][0x0][0xad][0x2][0x0][0x0]K[0x0][0x0][0x0][0x0][0x0][0x0][0x0][0x0][0x0][0x0][0x0][0x0][0x0]p[0x12][0x3][0x0]com/sun/java/help/search/HTMLIndexerKit$HTMLParserCallback$AreaAction.classPK[0x1][0x2][0x14][0x0][0x14][0x0][0x8][0x0][0x8][0x0][0xd4]|D5[0xd3]lx[0x84][0x1d][0x2][0x0][0x0][0xd1][0x4][0x0][0x0]L[0x0][0x0][0x0][0x0][0x0][0x0][0x0][0x0][0x0][0x0][0x0][0x0][0x0]%[0x14][0x3][0x0]com/sun/java/help/search/HTMLIndexerKit$HTMLParserCallback$StyleAction.classPK[0x1][0x2][0x14][0x0][0x14][0x0][0x8][0x0][0x8][0x0][0xd4]|D5[0x8c],[\[[0x3][0x0][0x0][0xae][0x7][0x0][0x0]J[0x0][0x0][0x0][0x0][0x0][0x0][0x0][0x0][0x0][0x0][0x0][0x0][0x0][0xbc][0x16][0x3][0x0]com/sun/java/help/search/HTMLIndexerKit$HTMLParserCallback$PreAction.classPK[0x1][0x2][0x14][0x0][0x14][0x0][0x8][0x0][0x8][0x0][0xd4]|D5[0x18]t[0xc8][0xef]z[0x2][0x0][0x0][0x93][0x5][0x0][0x0]P[0x0][0x0][0x0][0x0][0x0][0x0][0x0][0x0][0x0][0x0][0x0][0x0][0x0][0x8f][0x1a][0x3][0x0]com/sun/java/help/search/HTMLIndexerKit$HTMLParserCallback$CharacterAction.classPK[0x1][0x2][0x14][0x0][0x14][0x0][0x8][0x0][0x8][0x0][0xd4]|D5V./[0xa4]=[0x1][0x0][0x0][0xb3][0x2][0x0][0x0]N[0x0][0x0][0x0][0x0][0x0][0x0][0x0][0x0][0x0][0x0][0x0][0x0][0x0][0x87][0x1d][0x3][0x0]com/sun/java/help/search/HTMLIndexerKit$HTMLParserCallback$ConvertAction.classPK[0x1][0x2][0x14][0x0][0x14][0x0][0x8][0x0][0x8][0x0][0xd4]|D5[0xad]N9&gt;[0x1][0x3][0x0][0x0]K[0x7][0x0][0x0]M[0x0][0x0][0x0][0x0][0x0][0x0][0x0][0x0][0x0][0x0][0x0][0x0][0x0]@[0x1f][0x3][0x0]com/sun/java/help/search/HTMLIndexerKit$HTMLParserCallback$AnchorAction.classPK[0x1][0x2][0x14][0x0][0x14][0x0][0x8][0x0][0x8][0x0][0xd4]|D5~[0xe4][0x7]t[0xfc][0x1][0x0][0x0]q[0x4][0x0][0x0]L[0x0][0x0][0x0][0x0][0x0][0x0][0x0][0x0][0x0][0x0][0x0][0x0][0x0][0xbc]&quot;[0x3][0x0]com/sun/java/help/search/HTMLIndexerKit$HTMLParserCallback$TitleAction.classPK[0x1][0x2][0x14][0x0][0x14][0x0][0x8][0x0][0x8][0x0][0xd4]|D5UY[0x1a]2;[0x1][0x0][0x0][0xad][0x2][0x0][0x0]K[0x0][0x0][0x0][0x0][0x0][0x0][0x0][0x0][0x0][0x0][0x0][0x0][0x0]2%[0x3][0x0]com/sun/java/help/search/HTMLIndexerKit$HTMLParserCallback$BaseAction.classPK[0x1][0x2][0x14][0x0][0x14][0x0][0x8][0x0][0x8][0x0][0xd4]|D5[0x99]f[0xd5]e[0xb][0x2][0x0][0x0][0xac][0x4][0x0][0x0]M[0x0][0x0][0x0][0x0][0x0][0x0][0x0][0x0][0x0][0x0][0x0][0x0][0x0][0xe6]&amp;[0x3][0x0]com/sun/java/help/search/HTMLIndexerKit$HTMLParserCallback$ObjectAction.classPK[0x1][0x2][0x14][0x0][0x14][0x0][0x8][0x0][0x8][0x0][0xd4]|D5[0x1d]$0fX[0x2][0x0][0x0]L[0x5][0x0][0x0]K[0x0][0x0][0x0][0x0][0x0][0x0][0x0][0x0][0x0][0x0][0x0][0x0][0x0]l)[0x3][0x0]com/sun/java/help/search/HTMLIndexerKit$HTMLParserCallback$FormAction.classPK[0x1][0x2][0x14][0x0][0x14][0x0][0x8][0x0][0x8][0x0][0xd4]|D5[0x82][0xbc];i0[0x17][0x0][0x0][0xe1]7[0x0][0x0]@[0x0][0x0][0x0][0x0][0x0][0x0][0x0][0x0][0x0][0x0][0x0][0x0][0x0]=,[0x3][0x0]com/sun/java/help/search/HTMLIndexerKit$HTMLParserCallback.classPK[0x1][0x2][0x14][0x0][0x14][0x0][0x8][0x0][0x8][0x0][0xd4]|D5x&gt;[0xe9][0x8c][0x95][0x6][0x0][0x0][0xf6][\r][0x0][0x0]-[0x0][0x0][0x0][0x0][0x0][0x0][0x0][0x0][0x0][0x0][0x0][0x0][0x0][0xdb]C[0x3][0x0]com/sun/java/help/search/HTMLIndexerKit.classPK[0x1][0x2][0x14][0x0][0x14][0x0][0x8][0x0][0x8][0x0][0xd4]|D5[0x1b][0xba][0xf7]2[0x9][0x4][0x0][0x0]I[0x7][0x0][0x0]2[0x0][0x0][0x0][0x0][0x0][0x0][0x0][0x0][0x0][0x0][0x0][0x0][0x0][0xcb]J[0x3][0x0]com/sun/java/help/search/PlainTextIndexerKit.classPK[0x1][0x2][\n]&quot;
2013-02-06 13:51:57,559 AAD-WS DEBUG wire:63 - &gt;&gt; &quot;[0x0][\n]&quot;
2013-02-06 13:51:57,560 AAD-WS DEBUG wire:63 - &gt;&gt; &quot;[0x0][0x0][0x0][0x0][0x0][0xd4]|D5[0x0][0x0][0x0][0x0][0x0][0x0][0x0][0x0][0x0][0x0][0x0][0x0][0x6][0x0][0x0][0x0][0x0][0x0][0x0][0x0][0x0][0x0][0x0][0x0][0x0][0x0]4O[0x3][0x0]javax/PK[0x1][0x2][\n]&quot;
2013-02-06 13:51:57,560 AAD-WS DEBUG wire:63 - &gt;&gt; &quot;[0x0][\n]&quot;
2013-02-06 13:51:57,561 AAD-WS DEBUG wire:63 - &gt;&gt; &quot;[0x0][0x0][0x0][0x0][0x0][0xd4]|D5[0x0][0x0][0x0][0x0][0x0][0x0][0x0][0x0][0x0][0x0][0x0][0x0][0xb][0x0][0x0][0x0][0x0][0x0][0x0][0x0][0x0][0x0][0x0][0x0][0x0][0x0]XO[0x3][0x0]javax/help/PK[0x1][0x2][\n]&quot;
2013-02-06 13:51:57,561 AAD-WS DEBUG wire:63 - &gt;&gt; &quot;[0x0][\n]&quot;
2013-02-06 13:51:57,562 AAD-WS DEBUG wire:63 - &gt;&gt; &quot;[0x0][0x0][0x0][0x0][0x0][0xd4]|D5[0x0][0x0][0x0][0x0][0x0][0x0][0x0][0x0][0x0][0x0][0x0][0x0][0x10][0x0][0x0][0x0][0x0][0x0][0x0][0x0][0x0][0x0][0x0][0x0][0x0][0x0][0x81]O[0x3][0x0]javax/help/plaf/PK[0x1][0x2][\n]&quot;
2013-02-06 13:51:57,562 AAD-WS DEBUG wire:63 - &gt;&gt; &quot;[0x0][\n]&quot;
2013-02-06 13:51:57,563 AAD-WS DEBUG wire:63 - &gt;&gt; &quot;[0x0][0x0][0x0][0x0][0x0][0xd4]|D5[0x0][0x0][0x0][0x0][0x0][0x0][0x0][0x0][0x0][0x0][0x0][0x0][0x16][0x0][0x0][0x0][0x0][0x0][0x0][0x0][0x0][0x0][0x0][0x0][0x0][0x0][0xaf]O[0x3][0x0]javax/help/plaf/basic/PK[0x1][0x2][\n]&quot;
2013-02-06 13:51:57,563 AAD-WS DEBUG wire:63 - &gt;&gt; &quot;[0x0][\n]&quot;
2013-02-06 13:51:57,563 AAD-WS DEBUG wire:77 - &gt;&gt; &quot;[0x0][0x0][0x0][0x0][0x0][0xd4]|D5[0x0][0x0][0x0][0x0][0x0][0x0][0x0][0x0][0x0][0x0][0x0][0x0][0x1d][0x0][0x0][0x0][0x0][0x0][0x0][0x0][0x0][0x0][0x0][0x0][0x0][0x0][0xe3]O[0x3][0x0]javax/help/plaf/basic/images/PK[0x1][0x2][0x14][0x0][0x14][0x0][0x8][0x0][0x8][0x0][0xd4]|D5[0xea][0xd0][0x99][0xda][0x8e][0x1][0x0][0x0][0xa6][0x1][0x0][0x0]%[0x0][0x0][0x0][0x0][0x0][0x0][0x0][0x0][0x0][0x0][0x0][0x0][0x0][0x1e]P[0x3][0x0]javax/help/plaf/basic/images/Back.gifPK[0x1][0x2][0x14][0x0][0x14][0x0][0x8][0x0][0x8][0x0][0xd4]|D5[0x13][0x18]1[0xd9][0xb7][0x1][0x0][0x0][0xb2][0x1][0x0][0x0]([0x0][0x0][0x0][0x0][0x0][0x0][0x0][0x0][0x0][0x0][0x0][0x0][0x0][0xff]Q[0x3][0x0]javax/help/plaf/basic/images/Forward.gifPK[0x1][0x2][0x14][0x0][0x14][0x0][0x8][0x0][0x8][0x0][0xd4]|D5H@[0x1c]F[0xec][0x1][0x0][0x0][0xeb][0x1][0x0][0x0]&amp;[0x0][0x0][0x0][0x0][0x0][0x0][0x0][0x0][0x0][0x0][0x0][0x0][0x0][0xc]T[0x3][0x0]javax/help/plaf/basic/images/Print.gifPK[0x1][0x2][0x14][0x0][0x14][0x0][0x8][0x0][0x8][0x0][0xd4]|D5[0xc][0x9e][0x8b][0xab][0xf8][0x1][0x0][0x0][0xf3][0x1][0x0][0x0]+[0x0][0x0][0x0][0x0][0x0][0x0][0x0][0x0][0x0][0x0][0x0][0x0][0x0]LV[0x3][0x0]javax/help/plaf/basic/images/PrintSetup.gifPK[0x1][0x2][0x14][0x0][0x14][0x0][0x8][0x0][0x8][0x0][0xd4]|D5[0xae][0x1d][0xbd][0x6]3[0x1][0x0][0x0]&lt;[0x1][0x0][0x0]&apos;[0x0][0x0][0x0][0x0][0x0][0x0][0x0][0x0][0x0][0x0][0x0][0x0][0x0][0x9d]X[0x3][0x0]javax/help/plaf/basic/images/Reload.gifPK[0x1][0x2][0x14][0x0][0x14][0x0][0x8][0x0][0x8][0x0][0xd4]|D5I&lt;4[0xe2] [0x1][0x0][0x0][0x1b][0x1][0x0][0x0]*[0x0][0x0][0x0][0x0][0x0][0x0][0x0][0x0][0x0][0x0][0x0][0x0][0x0]%Z[0x3][0x0]javax/help/plaf/basic/images/Favorites.gifPK[0x1][0x2][0x14][0x0][0x14][0x0][0x8][0x0][0x8][0x0][0xd4]|D5pH[0xf8][0x94]e[0x3][0x0][0x0][0xa6][0x4][0x0][0x0]%[0x0][0x0][0x0][0x0][0x0]&quot;
2013-02-06 13:51:57,564 AAD-WS DEBUG wire:63 - &gt;&gt; &quot;[0x0][0x0][0x0][0x0][0x0][0x0][0x0][0x0][0x9d][[0x3][0x0]javax/help/plaf/basic/images/Home.gifPK[0x1][0x2][0x14][0x0][0x14][0x0][0x8][0x0][0x8][0x0][0xd4]|D5[0xf1][0xb4][0x4]c=[0x0][0x0][0x0]F[0x0][0x0][0x0]+[0x0][0x0][0x0][0x0][0x0][0x0][0x0][0x0][0x0][0x0][0x0][0x0][0x0]U_[0x3][0x0]javax/help/plaf/basic/images/SearchHigh.gifPK[0x1][0x2][0x14][0x0][0x14][0x0][0x8][0x0][0x8][0x0][0xd4]|D5M[0x15]4[0xae][0x9a][0x0][0x0][0x0][0x9d][0x0][0x0][0x0]+[0x0][0x0][0x0][0x0][0x0][0x0][0x0][0x0][0x0][0x0][0x0][0x0][0x0][0xeb]_[0x3][0x0]javax/help/plaf/basic/images/HistoryNav.gifPK[0x1][0x2][0x14][0x0][0x14][0x0][0x8][0x0][0x8][0x0][0xd4]|D5[0xc2]RLSx[0x0][0x0][0x0]x[0x0][0x0][0x0])[0x0][0x0][0x0][0x0][0x0][0x0][0x0][0x0][0x0][0x0][0x0][0x0][0x0][0xde]`[0x3][0x0]javax/help/plaf/basic/images/IndexNav.gifPK[0x1][0x2][0x14][0x0][0x14][0x0][0x8][0x0][0x8][0x0][0xd4]|D5Q[0xa9][0xc2]oJ[0x0][0x0][0x0]M[0x0][0x0][0x0]*[0x0][0x0][0x0][0x0][0x0][0x0][0x0][0x0][0x0][0x0][0x0][0x0][0x0][0xad]a[0x3][0x0]javax/help/plaf/basic/images/SearchLow.gifPK[0x1][0x2][0x14][0x0][0x14][0x0][0x8][0x0][0x8][0x0][0xd4]|D5[0xbf][0xdf][0x9c]nI[0x0][0x0][0x0]L[0x0][0x0][0x0]*[0x0][0x0][0x0][0x0][0x0][0x0][0x0][0x0][0x0][0x0][0x0][0x0][0x0]Ob[0x3][0x0]javax/help/plaf/basic/images/SearchMed.gifPK[0x1][0x2][0x14][0x0][0x14][0x0][0x8][0x0][0x8][0x0][0xd4]|D5[0x15][0xfc][0xc4][0x86]F[0x0][0x0][0x0]I[0x0][0x0][0x0].[0x0][0x0][0x0][0x0][0x0][0x0][0x0][0x0][0x0][0x0][0x0][0x0][0x0][0xf0]b[0x3][0x0]javax/help/plaf/basic/images/SearchMedHigh.gifPK[0x1][0x2][0x14][0x0][0x14][0x0][0x8][0x0][0x8][0x0][0xd4]|D5[0xcc][0xf0][0xbe];K[0x0][0x0][0x0]N[0x0][0x0][0x0]-[0x0][0x0][0x0][0x0][0x0][0x0][0x0][0x0][0x0][0x0][0x0][0x0][0x0][0x92]c[0x3][0x0]javax/help/plaf/basic/images/SearchMedLow.gifPK[0x1][0x2][0x14][0x0][0x14][0x0][0x8][0x0][0x8][0x0][0xd4]|D5j[0xff]_[0xc1]s[0x0][0x0][0x0]v[0x0][0x0][0x0]*[0x0][0x0][0x0][0x0][0x0][0x0][0x0][0x0][0x0][0x0][0x0][0x0][0x0]8d[0x3][0x0]javax/help/plaf/basic/images/SearchNav.gifPK[0x1][0x2][0x14][0x0][0x14][0x0][0x8][0x0][0x8][0x0][0xd4]|D5[0x16].[0xfa][0x89]x[0x0][0x0][0x0]x[0x0][0x0][0x0]&apos;[0x0][0x0][0x0][0x0][0x0][0x0][0x0][0x0][0x0][0x0][0x0][0x0][0x0][0x3]e[0x3][0x0]javax/help/plaf/basic/images/TOCNav.gifPK[0x1][0x2][0x14][0x0][0x14][0x0][0x8][0x0][0x8][0x0][0xd4]|D5[0xe8]G[0xfb]H&lt;[0x2][0x0][0x0][0xd6][0x3][0x0][0x0],[0x0][0x0][0x0][0x0][0x0][0x0][0x0][0x0][0x0][0x0][0x0][0x0][0x0][0xd0]e[0x3][0x0]javax/help/plaf/basic/images/GlossaryNav.gifPK[0x1][0x2][0x14][0x0][0x14][0x0][0x8][0x0][0x8][0x0][0xd4]|D5[0xdd][0xb1][0xa2][0xfb][0xee][0x0][0x0][0x0][0xee][0x0][0x0][0x0]-[0x0][0x0][0x0][0x0][0x0][0x0][0x0][0x0][0x0][0x0][0x0][0x0][0x0]fh[0x3][0x0]javax/help/plaf/basic/images/FavoritesNav.gifPK[0x1][0x2][0x14][0x0][0x14][0x0][0x8][0x0][0x8][0x0][0xd4]|D5[0x3]Y&quot;[0xfb][0xb1][0x0][0x0][0x0][0xb0][0x0][0x0][0x0]-[0x0][0x0][0x0][0x0][0x0][0x0][0x0][0x0][0x0][0x0][0x0][0x0][0x0][0xaf]i[0x3][0x0]javax/help/plaf/basic/images/OnItemCursor.gifPK[0x1][0x2][0x14][0x0][0x14][0x0][0x8][0x0][0x8][0x0][0xd4]|D51h[0xb2]R[0xc4][0x0][0x0][0x0]3[0x1][0x0][0x0]4[0x0][0x0][0x0][0x0][0x0][0x0][0x0][0x0][0x0][0x0][0x0][0x0][0x0][0xbb]j[0x3][0x0]javax/help/plaf/basic/images/OnItemCursor.propertiesPK[0x1][0x2][0x14][0x0][0x14][0x0][0x8][0x0][0x8][0x0][0xd4]|D5[0x12][0xd6][0x84]_[0xd8][0x0][0x0][0x0][0xd9][0x0][0x0][0x0]*[0x0][0x0][0x0][0x0][0x0][0x0][0x0][0x0][0x0][0x0][0x0][0x0][0x0][0xe1]k[0x3][0x0]javax/help/plaf/basic/images/DnDCursor.gifPK[0x1][0x2][0x14][0x0][0x14][0x0][0x8][0x0][0x8][0x0][0xd4]|D5[0x96][0xf6][0xed][0xf8][0xc1][0x0][0x0][0x0]0[0x1][0x0][0x0]1[0x0][0x0][0x0][0x0][0x0][0x0][0x0][0x0][0x0][0x0][0x0][0x0][0x0][0x11]m[0x3][0x0]javax/help/plaf/basic/images/DnDCursor.propertiesPK[0x1][0x2][0x14][0x0][0x14][0x0][0x8][0x0][0x8][0x0][0xd4]|D5[0xd3]|[0xa3][0xb0]][0x6][0x0][0x0][0xdd][0xc][0x0][0x0]2[0x0][0x0][0x0][0x0][0x0][0x0][0x0][0x0][0x0][0x0][0x0][0x0][0x0]1n[0x3][0x0]javax/help/plaf/basic/BasicHelpUI$HelpButton.classPK[0x1][0x2][0x14][0x0][0x14][0x0][0x8][0x0][0x8][0x0][0xd4]|D5nG[0x18]f5[0x2][0x0][0x0][0xe9][0x3][0x0][0x0])[0x0][0x0][0x0][0x0][0x0][0x0][0x0][0x0][0x0][0x0][0x0][0x0][0x0][0xee]t[0x3][0x0]javax/help/plaf/basic/BasicHelpUI$1.classPK[0x1][0x2][0x14][0x0][0x14][0x0][0x8][0x0][0x8][0x0][0xd4]|D5b|[0x8a]5[0x13][0x0][0x0][0xf6]&apos;[0x0][0x0]&apos;[0x0][0x0][0x0][0x0][0x0][0x0][0x0][0x0][0x0][0x0][0x0][0x0][0x0]zw[0x3][0x0]javax/help/plaf/basic/BasicHelpUI.classPK[0x1][0x2][0x14][0x0][0x14][0x0][0x8][0x0][0x8][0x0][0xd4]|D5[0xb6][0xee]c[0xc6][0xd3][0x7][0x0][0x0][0x8b][0xe][0x0][0x0].[0x0][0x0][0x0][0x0][0x0][0x0][0x0][0x0][0x0][0x0][0x0][0x0][0x0]N[0x8b][0x3][0x0]javax/help/plaf/basic/BasicCursorFactory.classPK[0x1][0x2][0x14][0x0][0x14][0x0][0x8][0x0][0x8][0x0][0xd4]|D5[0x2][0x83]&gt;bt[0x2][0x0][0x0][0xe5][0x4][0x0][0x0]=[0x0][0x0][0x0][0x0][0x0][0x0][0x0][0x0][0x0][0x0][0x0][0x0][0x0]}[0x93][0x3][0x0]javax/help/plaf/basic/BasicContentViewerUI$JHEditorPane.classPK[0x1][0x2][0x14][0x0][0x14][0x0][0x8][0x0][0x8][0x0][0xd4]|D5[0xd3])n[0x92][0x81][0x2][0x0][0x0][0xfc][0x4][0x0][0x0]D[0x0][0x0][0x0][0x0][0x0][0x0][0x0][0x0][0x0][0x0][0x0][0x0][0x0]\[0x96][0x3][0x0]javax/help/plaf/basic/BasicContentViewerUI$PageLoader$Callback.classPK[0x1][0x2][0x14][0x0][0x14][0x0][0x8][0x0][0x8][0x0][0xd4]|D5[\n]&quot;
2013-02-06 13:51:57,565 AAD-WS DEBUG wire:63 - &gt;&gt; &quot;[0x10][0x1d][0x8a][0x92][0x7][0x0][0x0][0xce][0xf][0x0][0x0];[0x0][0x0][0x0][0x0][0x0][0x0][0x0][0x0][0x0][0x0][0x0][0x0][0x0]O[0x99][0x3][0x0]javax/help/plaf/basic/BasicContentViewerUI$PageLoader.classPK[0x1][0x2][0x14][0x0][0x14][0x0][0x8][0x0][0x8][0x0][0xd4]|D5BN[0x17][0xbb][0x12][0x2][0x0][0x0][0xa2][0x3][0x0][0x0]A[0x0][0x0][0x0][0x0][0x0][0x0][0x0][0x0][0x0][0x0][0x0][0x0][0x0]J[0xa1][0x3][0x0]javax/help/plaf/basic/BasicContentViewerUI$ScrollToPosition.classPK[0x1][0x2][0x14][0x0][0x14][0x0][0x8][0x0][0x8][0x0][0xd4]|D5[0x95][0x84][0x95]&quot;[0xfa][0x15][0x0][0x0]u.[0x0][0x0]0[0x0][0x0][0x0][0x0][0x0][0x0][0x0][0x0][0x0][0x0][0x0][0x0][0x0][0xcb][0xa3][0x3][0x0]javax/help/plaf/basic/BasicContentViewerUI.classPK[0x1][0x2][0x14][0x0][0x14][0x0][0x8][0x0][0x8][0x0][0xd4]|D5[0xa9] [0xf1][0x99][0x10][0xb][0x0][0x0]J[0x16][0x0][0x0]6[0x0][0x0][0x0][0x0][0x0][0x0][0x0][0x0][0x0][0x0][0x0][0x0][0x0]#[0xba][0x3][0x0]javax/help/plaf/basic/BasicNativeContentViewerUI.classPK[0x1][0x2][0x14][0x0][0x14][0x0][0x8][0x0][0x8][0x0][0xd4]|D5[0x86][0xa2][0xfc][0x93][0xd0][0x2][0x0][0x0][0xf1][0x4][0x0][0x0]6[0x0][0x0][0x0][0x0][0x0][0x0][0x0][0x0][0x0][0x0][0x0][0x0][0x0][0x97][0xc5][0x3][0x0]javax/help/plaf/basic/BasicFavoritesCellRenderer.classPK[0x1][0x2][0x14][0x0][0x14][0x0][0x8][0x0][0x8][0x0][0xd4]|D5[0xf8][0xf6][0xb5]&lt;F[0x7][0x0][0x0]M[0xf][0x0][0x0]?[0x0][0x0][0x0][0x0][0x0][0x0][0x0][0x0][0x0][0x0][0x0][0x0][0x0][0xcb][0xc8][0x3][0x0]javax/help/plaf/basic/BasicFavoritesNavigatorUI$AddAction.classPK[0x1][0x2][0x14][0x0][0x14][0x0][0x8][0x0][0x8][0x0][0xd4]|D5[0xea][0xcd]8m[0xf][0x4][0x0][0x0]w[0x8][0x0][0x0]B[0x0][0x0][0x0][0x0][0x0][0x0][0x0][0x0][0x0][0x0][0x0][0x0][0x0]~[0xd0][0x3][0x0]javax/help/plaf/basic/BasicFavoritesNavigatorUI$RemoveAction.classPK[0x1][0x2][0x14][0x0][0x14][0x0][0x8][0x0][0x8][0x0][0xd4]|D5[0x8b][0x9a]D[0x8e][0x9d][0x4][0x0][0x0][0xd3][0x9][0x0][0x0]B[0x0][0x0][0x0][0x0][0x0][0x0][0x0][0x0][0x0][0x0][0x0][0x0][0x0][0xfd][0xd4][0x3][0x0]javax/help/plaf/basic/BasicFavoritesNavigatorUI$FolderAction.classPK[0x1][0x2][0x14][0x0][0x14][0x0][0x8][0x0][0x8][0x0][0xd4]|D5[0x9f]^[[0xee][0xc2][0x3][0x0][0x0][0x99][0x7][0x0][0x0]?[0x0][0x0][0x0][0x0][0x0][0x0][0x0][0x0][0x0][0x0][0x0][0x0][0x0][\n]&quot;
2013-02-06 13:51:57,565 AAD-WS DEBUG wire:63 - &gt;&gt; &quot;[0xda][0x3][0x0]javax/help/plaf/basic/BasicFavoritesNavigatorUI$CutAction.classPK[0x1][0x2][0x14][0x0][0x14][0x0][0x8][0x0][0x8][0x0][0xd4]|D51[0xd8][0x93][0x12][0x4][0x0][0x0]*[0x8][0x0][0x0]A[0x0][0x0][0x0][0x0][0x0][0x0][0x0][0x0][0x0][0x0][0x0][0x0][0x0]9[0xde][0x3][0x0]javax/help/plaf/basic/BasicFavoritesNavigatorUI$PasteAction.classPK[0x1][0x2][0x14][0x0][0x14][0x0][0x8][0x0][0x8][0x0][0xd4]|D5[0x14][0xd4]#[0x16][0xd9][0x3][0x0][0x0][0xaf][0x7][0x0][0x0]@[0x0][0x0][0x0][0x0][0x0][0x0][0x0][0x0][0x0][0x0][0x0][0x0][0x0][0xba][0xe2][0x3][0x0]javax/help/plaf/basic/BasicFavoritesNavigatorUI$CopyAction.classPK[0x1][0x2][0x14][0x0][0x14][0x0][0x8][0x0][0x8][0x0][0xd4]|D5r[0x15][0x8d][0xe8][0xac][0x3][0x0][0x0][0x8c][0x7][0x0][0x0]C[0x0][0x0][0x0][0x0][0x0][0x0][0x0][0x0][0x0][0x0][0x0][0x0][0x0][0x1][0xe7][0x3][0x0]javax/help/plaf/basic/BasicFavoritesNavigatorUI$PopupListener.classPK[0x1][0x2][0x14][0x0][0x14][0x0][0x8][0x0][0x8][0x0][0xd4]|D5`;[0xca][0xf6]E[0x14][0x0][0x0][0xbc]*[0x0][0x0]C[0x0][0x0][0x0][0x0][0x0][0x0][0x0][0x0][0x0][0x0][0x0][0x0][0x0][0x1e][0xeb][0x3][0x0]javax/help/plaf/basic/BasicFavoritesNavigatorUI$FavoritesTree.classPK[0x1][0x2][0x14][0x0][0x14][0x0][0x8][0x0][0x8][0x0][0xd4]|D5[0xfb]V[0xe1][0xb].&apos;[0x0][0x0][0x82]T[0x0][0x0]5[0x0][0x0][0x0][0x0][0x0][0x0][0x0][0x0][0x0][0x0][0x0][0x0][0x0][0xd4][0xff][0x3][0x0]javax/help/plaf/basic/BasicFavoritesNavigatorUI.classPK[0x1][0x2][0x14][0x0][0x14][0x0][0x8][0x0][0x8][0x0][0xd4]|D5[0xb4]P[0xa8][0xa1]i![0x0][0x0][0xcb]E[0x0][0x0]1[0x0][0x0][0x0][0x0][0x0][0x0][0x0][0x0][0x0][0x0][0x0][0x0][0x0]e&apos;[0x4][0x0]javax/help/plaf/basic/BasicIndexNavigatorUI.classPK[0x1][0x2][0x14][0x0][0x14][0x0][0x8][0x0][0x8][0x0][0xd4]|D5[0xf5]j[0xca][0xf8][0xe][0x2][0x0][0x0][\n]&quot;
2013-02-06 13:51:57,566 AAD-WS DEBUG wire:77 - &gt;&gt; &quot;[0x4][0x0][0x0]@[0x0][0x0][0x0][0x0][0x0][0x0][0x0][0x0][0x0][0x0][0x0][0x0][0x0]-I[0x4][0x0]javax/help/plaf/basic/BasicIndexNavigatorUI$NavSwingWorker.classPK[0x1][0x2][0x14][0x0][0x14][0x0][0x8][0x0][0x8][0x0][0xd4]|D5T|[0xa1][0xa6][0xac][0x2][0x0][0x0]|[0x4][0x0][0x0]2[0x0][0x0][0x0][0x0][0x0][0x0][0x0][0x0][0x0][0x0][0x0][0x0][0x0][0xa9]K[0x4][0x0]javax/help/plaf/basic/BasicIndexCellRenderer.classPK[0x1][0x2][0x14][0x0][0x14][0x0][0x8][0x0][0x8][0x0][0xd4]|D5[0x1a]E[0xf8][0x80][0xc][0x2][0x0][0x0][0xf6][0x3][0x0][0x0]&gt;[0x0][0x0][0x0][0x0][0x0][0x0][0x0][0x0][0x0][0x0][0x0][0x0][0x0][0xb5]N[0x4][0x0]javax/help/plaf/basic/BasicTOCNavigatorUI$NavSwingWorker.classPK[0x1][0x2][0x14][0x0][0x14][0x0][0x8][0x0][0x8][0x0][0xd4]|D5is[0xf4][0xac][0x0][0x1e][0x0][0x0][0xc5]&gt;[0x0][0x0]/[0x0][0x0][0x0][0x0][0x0][0x0][0x0][0x0][0x0][0x0][0x0][0x0][0x0]-Q[0x4][0x0]javax/help/plaf/basic/BasicTOCNavigatorUI.classPK[0x1][0x2][0x14][0x0][0x14][0x0][0x8][0x0][0x8][0x0][0xd4]|D5[0xb5][0x1b]g[0xad][0x1b][0x5][0x0][0x0][0x87][0x9][0x0][0x0]0[0x0][0x0][0x0][0x0][0x0][0x0][0x0][0x0][0x0][0x0][0x0][0x0][0x0][0x8a]o[0x4][0x0]javax/help/plaf/basic/BasicTOCCellRenderer.classPK[0x1][0x2][0x14][0x0][0x14][0x0][0x8][0x0][0x8][0x0][0xd4]|D5[0x2][0xb8][0x8b][0x9b]m[0x1c]&quot;
2013-02-06 13:51:57,566 AAD-WS DEBUG wire:63 - &gt;&gt; &quot;[0x0][0x0][0xc8]:[0x0][0x0]4[0x0][0x0][0x0][0x0][0x0][0x0][0x0][0x0][0x0][0x0][0x0][0x0][0x0][0x3]u[0x4][0x0]javax/help/plaf/basic/BasicGlossaryNavigatorUI.classPK[0x1][0x2][0x14][0x0][0x14][0x0][0x8][0x0][0x8][0x0][0xd4]|D5[0x8b]X2[0x81][0xb][0x5][0x0][0x0][0xe2][\n]&quot;
2013-02-06 13:51:57,567 AAD-WS DEBUG wire:63 - &gt;&gt; &quot;[0x0][0x0]G[0x0][0x0][0x0][0x0][0x0][0x0][0x0][0x0][0x0][0x0][0x0][0x0][0x0][0xd2][0x91][0x4][0x0]javax/help/plaf/basic/BasicSearchNavigatorUI$SearchActionListener.classPK[0x1][0x2][0x14][0x0][0x14][0x0][0x8][0x0][0x8][0x0][0xd4]|D5[0x16][0xa5][0xea][0x94][0xb0][0x6][0x0][0x0]}[0xc][0x0][0x0]C[0x0][0x0][0x0][0x0][0x0][0x0][0x0][0x0][0x0][0x0][0x0][0x0][0x0]R[0x97][0x4][0x0]javax/help/plaf/basic/BasicSearchNavigatorUI$SearchItemsFound.classPK[0x1][0x2][0x14][0x0][0x14][0x0][0x8][0x0][0x8][0x0][0xd4]|D5[0x9]uA[0x93]M[0x2][0x0][0x0]k[0x4][0x0][0x0]4[0x0][0x0][0x0][0x0][0x0][0x0][0x0][0x0][0x0][0x0][0x0][0x0][0x0]s[0x9e][0x4][0x0]javax/help/plaf/basic/BasicSearchNavigatorUI$1.classPK[0x1][0x2][0x14][0x0][0x14][0x0][0x8][0x0][0x8][0x0][0xd4]|D56[0xfe][0xae]Ug[0x3][0x0][0x0][0xcb][0x6][0x0][0x0]4[0x0][0x0][0x0][0x0][0x0][0x0][0x0][0x0][0x0][0x0][0x0][0x0][0x0]&quot;[0xa1][0x4][0x0]javax/help/plaf/basic/BasicSearchNavigatorUI$2.classPK[0x1][0x2][0x14][0x0][0x14][0x0][0x8][0x0][0x8][0x0][0xd4]|D5M[0x92][0x1a]H[0x13][0x1a][0x0][0x0][0x9f]8[0x0][0x0]2[0x0][0x0][0x0][0x0][0x0][0x0][0x0][0x0][0x0][0x0][0x0][0x0][0x0][0xeb][0xa4][0x4][0x0]javax/help/plaf/basic/BasicSearchNavigatorUI.classPK[0x1][0x2][0x14][0x0][0x14][0x0][0x8][0x0][0x8][0x0][0xd4]|D5=0~[0x83][0x13][0x2][0x0][0x0][0x19][0x5][0x0][0x0]U[0x0][0x0][0x0][0x0][0x0][0x0][0x0][0x0][0x0][0x0][0x0][0x0][0x0]^[0xbf][0x4][0x0]javax/help/plaf/basic/BasicSearchCellRenderer$ValueJLabel$AccessibleValueJLabel.classPK[0x1][0x2][0x14][0x0][0x14][0x0][0x8][0x0][0x8][0x0][0xd4]|D5f[0x98][0xdd][0xe1][0xc8][0x2][0x0][0x0][0xaf][0x6][0x0][0x0]?[0x0][0x0][0x0][0x0][0x0][0x0][0x0][0x0][0x0][0x0][0x0][0x0][0x0][0xf4][0xc1][0x4][0x0]javax/help/plaf/basic/BasicSearchCellRenderer$ValueJLabel.classPK[0x1][0x2][0x14][0x0][0x14][0x0][0x8][0x0][0x8][0x0][0xd4]|D5[0xa1][0xe1][0xc2][0xba][0x99][0x0][0x0][0x0][0xec][0x0][0x0][0x0]5[0x0][0x0][0x0][0x0][0x0][0x0][0x0][0x0][0x0][0x0][0x0][0x0][0x0])[0xc5][0x4][0x0]javax/help/plaf/basic/BasicSearchCellRenderer$1.classPK[0x1][0x2][0x14][0x0][0x14][0x0][0x8][0x0][0x8][0x0][0xd4]|D5[0xf9][0xed][0x10][0xbe][0xe6][\r][0x0][0x0][0x86][0x1c][0x0][0x0]3[0x0][0x0][0x0][0x0][0x0][0x0][0x0][0x0][0x0][0x0][0x0][0x0][0x0]%[0xc6][0x4][0x0]javax/help/plaf/basic/BasicSearchCellRenderer.classPK[0x1][0x2][\n]&quot;
2013-02-06 13:51:57,567 AAD-WS DEBUG wire:63 - &gt;&gt; &quot;[0x0][\n]&quot;
2013-02-06 13:51:57,568 AAD-WS DEBUG wire:63 - &gt;&gt; &quot;[0x0][0x0][0x0][0x0][0x0][0xd4]|D5[0x0][0x0][0x0][0x0][0x0][0x0][0x0][0x0][0x0][0x0][0x0][0x0][0x14][0x0][0x0][0x0][0x0][0x0][0x0][0x0][0x0][0x0][0x0][0x0][0x0][0x0]l[0xd4][0x4][0x0]javax/help/plaf/gtk/PK[0x1][0x2][\n]&quot;
2013-02-06 13:51:57,568 AAD-WS DEBUG wire:63 - &gt;&gt; &quot;[0x0][\n]&quot;
2013-02-06 13:51:57,568 AAD-WS DEBUG wire:63 - &gt;&gt; &quot;[0x0][0x0][0x0][0x0][0x0][0xd4]|D5[0x0][0x0][0x0][0x0][0x0][0x0][0x0][0x0][0x0][0x0][0x0][0x0][0x1b][0x0][0x0][0x0][0x0][0x0][0x0][0x0][0x0][0x0][0x0][0x0][0x0][0x0][0x9e][0xd4][0x4][0x0]javax/help/plaf/gtk/images/PK[0x1][0x2][0x14][0x0][0x14][0x0][0x8][0x0][0x8][0x0][0xd4]|D5[0xbe][0xfc][0x6]([0x5][0x0][0x0]#[0x5][0x0][0x0]#[0x0][0x0][0x0][0x0][0x0][0x0][0x0][0x0][0x0][0x0][0x0][0x0][0x0][0xd7][0xd4][0x4][0x0]javax/help/plaf/gtk/images/Back.pngPK[0x1][0x2][0x14][0x0][0x14][0x0][0x8][0x0][0x8][0x0][0xd4]|D5[0xea][0x88][0x1a][0x89][0x1c][0x5][0x0][0x0][0x17][0x5][0x0][0x0]&amp;[0x0][0x0][0x0][0x0][0x0][0x0][0x0][0x0][0x0][0x0][0x0][0x0][0x0]P[0xda][0x4][0x0]javax/help/plaf/gtk/images/Forward.pngPK[0x1][0x2][0x14][0x0][0x14][0x0][0x8][0x0][0x8][0x0][0xd4]|D5[0x93][0x90][0xd0][0x3][0x82][0x5][0x0][0x0]}[0x5][0x0][0x0]$[0x0][0x0][0x0][0x0][0x0][0x0][0x0][0x0][0x0][0x0][0x0][0x0][0x0][0xc0][0xdf][0x4][0x0]javax/help/plaf/gtk/images/Print.pngPK[0x1][0x2][0x14][0x0][0x14][0x0][0x8][0x0][0x8][0x0][0xd4]|D5[0xbf]T[0xd6][0xd5][0xef][0x5][0x0][0x0][0xea][0x5][0x0][0x0])[0x0][0x0][0x0][0x0][0x0][0x0][0x0][0x0][0x0][0x0][0x0][0x0][0x0][0x94][0xe5][0x4][0x0]javax/help/plaf/gtk/images/PrintSetup.pngPK[0x1][0x2][0x14][0x0][0x14][0x0][0x8][0x0][0x8][0x0][0xd4]|D5![0xbe][0xfc]D[0xe7][0x5][0x0][0x0][0xe2][0x5][0x0][0x0]%[0x0][0x0][0x0][0x0][0x0][0x0][0x0][0x0][0x0][0x0][0x0][0x0][0x0][0xda][0xeb][0x4][0x0]javax/help/plaf/gtk/images/Reload.pngPK[0x1][0x2][0x14][0x0][0x14][0x0][0x8][0x0][0x8][0x0][0xd4]|D5[0xea] M[0x10][0xbd][0x5][0x0][0x0][0xb8][0x5][0x0][0x0]([0x0][0x0][0x0][0x0][0x0][0x0][0x0][0x0][0x0][0x0][0x0][0x0][0x0][0x14][0xf2][0x4][0x0]javax/help/plaf/gtk/images/Favorites.pngPK[0x1][0x2][0x14][0x0][0x14][0x0][0x8][0x0][0x8][0x0][0xd4]|D5[0xfb][0x8b][0x80]tC[0x6][0x0][0x0]&gt;[0x6][0x0][0x0]#[0x0][0x0][0x0][0x0][0x0][0x0][0x0][0x0][0x0][0x0][0x0][0x0][0x0]&apos;[0xf8][0x4][0x0]javax/help/plaf/gtk/images/Home.pngPK[0x1][0x2][0x14][0x0][0x14][0x0][0x8][0x0][0x8][0x0][0xd4]|D5[0xf1][0xb4][0x4]c=[0x0][0x0][0x0]F[0x0][0x0][0x0])[0x0][0x0][0x0][0x0][0x0][0x0][0x0][0x0][0x0][0x0][0x0][0x0][0x0][0xbb][0xfe][0x4][0x0]javax/help/plaf/gtk/images/SearchHigh.gifPK[0x1][0x2][0x14][0x0][0x14][0x0][0x8][0x0][0x8][0x0][0xd4]|D5[0xe3][0x96][0x93][0x89]t[0x2][0x0][0x0][0xa5][0x2][0x0][0x0])[0x0][0x0][0x0][0x0][0x0][0x0][0x0][0x0][0x0][0x0][0x0][0x0][0x0]O[0xff][0x4][0x0]javax/help/plaf/gtk/images/HistoryNav.gifPK[0x1][0x2][0x14][0x0][0x14][0x0][0x8][0x0][0x8][0x0][0xd4]|D5[0xc2]RLSx[0x0][0x0][0x0]x[0x0][0x0][0x0]&apos;[0x0][0x0][0x0][0x0][0x0][0x0][0x0][0x0][0x0][0x0][0x0][0x0][0x0][0x1a][0x2][0x5][0x0]javax/help/plaf/gtk/images/IndexNav.gifPK[0x1][0x2][0x14][0x0][0x14][0x0][0x8][0x0][0x8][0x0][0xd4]|D5Q[0xa9][0xc2]oJ[0x0][0x0][0x0]M[0x0][0x0][0x0]([0x0][0x0][0x0][0x0][0x0][0x0][0x0][0x0][0x0][0x0][0x0][0x0][0x0][0xe7][0x2][0x5][0x0]javax/help/plaf/gtk/images/SearchLow.gifPK[0x1][0x2][0x14][0x0][0x14][0x0][0x8][0x0][0x8][0x0][0xd4]|D5[0xbf][0xdf][0x9c]nI[0x0][0x0][0x0]L[0x0][0x0][0x0]([0x0][0x0][0x0][0x0][0x0][0x0][0x0][0x0][0x0][0x0][0x0][0x0][0x0][0x87][0x3][0x5][0x0]javax/help/plaf/gtk/images/SearchMed.gifPK[0x1][0x2][0x14][0x0][0x14][0x0][0x8][0x0][0x8][0x0][0xd4]|D5[0x15][0xfc][0xc4][0x86]F[0x0][0x0][0x0]I[0x0][0x0][0x0],[0x0][0x0][0x0][0x0][0x0][0x0][0x0][0x0][0x0][0x0][0x0][0x0][0x0]&amp;[0x4][0x5][0x0]javax/help/plaf/gtk/images/SearchMedHigh.gifPK[0x1][0x2][0x14][0x0][0x14][0x0][0x8][0x0][0x8][0x0][0xd4]|D5[0xcc][0xf0][0xbe];K[0x0][0x0][0x0]N[0x0][0x0][0x0]+[0x0][0x0][0x0][0x0][0x0][0x0][0x0][0x0][0x0][0x0][0x0][0x0][0x0][0xc6][0x4][0x5][0x0]javax/help/plaf/gtk/images/SearchMedLow.gifPK[0x1][0x2][0x14][0x0][0x14][0x0][0x8][0x0][0x8][0x0][0xd4]|D5[0xb5][0x88]eW[0x94][0x1][0x0][0x0][0x8f][0x1][0x0][0x0]([0x0][0x0][0x0][0x0][0x0][0x0][0x0][0x0][0x0][0x0][0x0][0x0][0x0]j[0x5][0x5][0x0]javax/help/plaf/gtk/images/SearchNav.gifPK[0x1][0x2][0x14][0x0][0x14][0x0][0x8][0x0][0x8][0x0][0xd4]|D5[0x16].[0xfa][0x89]x[0x0][0x0][0x0]x[0x0][0x0][0x0]%[0x0][0x0][0x0][0x0][0x0][0x0][0x0][0x0][0x0][0x0][0x0][0x0][0x0]T[0x7][0x5][0x0]javax/help/plaf/gtk/images/TOCNav.gifPK[0x1][0x2][0x14][0x0][0x14][0x0][0x8][0x0][0x8][0x0][0xd4]|D5[0xe8]G[0xfb]H&lt;[0x2][0x0][0x0][0xd6][0x3][0x0][0x0]*[0x0][0x0][0x0][0x0][0x0][0x0][0x0][0x0][0x0][0x0][0x0][0x0][0x0][0x1f][0x8][0x5][0x0]javax/help/plaf/gtk/images/GlossaryNav.gifPK[0x1][0x2][0x14][0x0][0x14][0x0][0x8][0x0][0x8][0x0][0xd4]|D5[0x5]([\n]&quot;
2013-02-06 13:51:57,569 AAD-WS DEBUG wire:63 - &gt;&gt; &quot;og[0x3][0x0][0x0]b[0x3][0x0][0x0]+[0x0][0x0][0x0][0x0][0x0][0x0][0x0][0x0][0x0][0x0][0x0][0x0][0x0][0xb3][\n]&quot;
2013-02-06 13:51:57,569 AAD-WS DEBUG wire:63 - &gt;&gt; &quot;[0x5][0x0]javax/help/plaf/gtk/images/FavoritesNav.pngPK[0x1][0x2][0x14][0x0][0x14][0x0][0x8][0x0][0x8][0x0][0xd4]|D5[0x3][0xbc][0x1c][0xd5][0x3][0x3][0x0][0x0]&lt;[0x4][0x0][0x0]+[0x0][0x0][0x0][0x0][0x0][0x0][0x0][0x0][0x0][0x0][0x0][0x0][0x0]s[0xe][0x5][0x0]javax/help/plaf/gtk/images/OnItemCursor.gifPK[0x1][0x2][0x14][0x0][0x14][0x0][0x8][0x0][0x8][0x0][0xd4]|D5[0x8d][0xb2][0xcb][0xe3][0xc4][0x0][0x0][0x0]3[0x1][0x0][0x0]2[0x0][0x0][0x0][0x0][0x0][0x0][0x0][0x0][0x0][0x0][0x0][0x0][0x0][0xcf][0x11][0x5][0x0]javax/help/plaf/gtk/images/OnItemCursor.propertiesPK[0x1][0x2][0x14][0x0][0x14][0x0][0x8][0x0][0x8][0x0][0xd4]|D5[0xaf][0x94]&apos;[0xcd]^[0x2][0x0][0x0][0xe5][0x2][0x0][0x0]([0x0][0x0][0x0][0x0][0x0][0x0][0x0][0x0][0x0][0x0][0x0][0x0][0x0][0xf3][0x12][0x5][0x0]javax/help/plaf/gtk/images/DnDCursor.gifPK[0x1][0x2][0x14][0x0][0x14][0x0][0x8][0x0][0x8][0x0][0xd4]|D5[0x96][0xf6][0xed][0xf8][0xc1][0x0][0x0][0x0]0[0x1][0x0][0x0]/[0x0][0x0][0x0][0x0][0x0][0x0][0x0][0x0][0x0][0x0][0x0][0x0][0x0][0xa7][0x15][0x5][0x0]javax/help/plaf/gtk/images/DnDCursor.propertiesPK[0x1][0x2][0x14][0x0][0x14][0x0][0x8][0x0][0x8][0x0][0xd4]|D5|[0xe0][0x87][0xc0][0xd3][0x7][0x0][0x0][0x81][0xe][0x0][0x0]*[0x0][0x0][0x0][0x0][0x0][0x0][0x0][0x0][0x0][0x0][0x0][0x0][0x0][0xc5][0x16][0x5][0x0]javax/help/plaf/gtk/GTKCursorFactory.classPK[0x1][0x2][0x14][0x0][0x14][0x0][0x8][0x0][0x8][0x0][0xd4]|D5[0x8c]z$[0xae][0xd5][0x2][0x0][0x0][0xab][0x5][0x0][0x0]%[0x0][0x0][0x0][0x0][0x0][0x0][0x0][0x0][0x0][0x0][0x0][0x0][0x0][0xf0][0x1e][0x5][0x0]javax/help/plaf/HelpNavigatorUI.classPK[0x1][0x2][0x14][0x0][0x14][0x0][0x8][0x0][0x8][0x0][0xd4]|D5[0xf3][0xad][0x8f][0x8f][0xbc][0x0][0x0][0x0][0xf0][0x0][0x0][0x0])[0x0][0x0][0x0][0x0][0x0][0x0][0x0][0x0][0x0][0x0][0x0][0x0][0x0][0x18]&quot;[0x5][0x0]javax/help/plaf/HelpContentViewerUI.classPK[0x1][0x2][0x14][0x0][0x14][0x0][0x8][0x0][0x8][0x0][0xd4]|D5[0xe4] [0xe2]V[0xfb][0x0][0x0][0x0][0x84][0x1][0x0][0x0][0x1c][0x0][0x0][0x0][0x0][0x0][0x0][0x0][0x0][0x0][0x0][0x0][0x0][0x0]+#[0x5][0x0]javax/help/plaf/HelpUI.classPK[0x1][0x2][0x14][0x0][0x14][0x0][0x8][0x0][0x8][0x0][0xd4]|D5[0x88][0x96]\[0xbb]g[0x3][0x0][0x0][0x13][0x7][0x0][0x0]#[0x0][0x0][0x0][0x0][0x0][0x0][0x0][0x0][0x0][0x0][0x0][0x0][0x0]p$[0x5][0x0]javax/help/AbstractHelpAction.classPK[0x1][0x2][0x14][0x0][0x14][0x0][0x8][0x0][0x8][0x0][0xd4]|D53I[0xb8][0x9c][0xfe][0x0][0x0][0x0][0xbf][0x1][0x0][0x0][0x1b][0x0][0x0][0x0][0x0][0x0][0x0][0x0][0x0][0x0][0x0][0x0][0x0][0x0](([0x5][0x0]javax/help/HelpAction.classPK[0x1][0x2][0x14][0x0][0x14][0x0][0x8][0x0][0x8][0x0][0xd4]|D5Dt[0x87]}[0xdc][0x1][0x0][0x0]4[0x3][0x0][0x0]([0x0][0x0][0x0][0x0][0x0][0x0][0x0][0x0][0x0][0x0][0x0][0x0][0x0]o)[0x5][0x0]javax/help/BackAction$TimeListener.classPK[0x1][0x2][0x14][0x0][0x14][0x0][0x8][0x0][0x8][0x0][0xd4]|D5[0x86][0x7][0xcd][0xe5][0xc7][0x1][0x0][0x0][0x0][0x3][0x0][0x0]1[0x0][0x0][0x0][0x0][0x0][0x0][0x0][0x0][0x0][0x0][0x0][0x0][0x0][0xa1]+[0x5][0x0]javax/help/BackAction$HistoryActionListener.classPK[0x1][0x2][0x14][0x0][0x14][0x0][0x8][0x0][0x8][0x0][0xd4]|D5[0xc1][0xd3]C[0xc8][0x12][0x8][0x0][0x0][0x9d][0x10][0x0][0x0][0x1b][0x0][0x0][0x0][0x0][0x0][0x0][0x0][0x0][0x0][0x0][0x0][0x0][0x0][0xc7]-[0x5][0x0]javax/help/BackAction.classPK[0x1][0x2][\n]&quot;
2013-02-06 13:51:57,570 AAD-WS DEBUG wire:63 - &gt;&gt; &quot;[0x0][\n]&quot;
2013-02-06 13:51:57,570 AAD-WS DEBUG wire:77 - &gt;&gt; &quot;[0x0][0x0][0x0][0x0][0x0][0xd4]|D5[0x0][0x0][0x0][0x0][0x0][0x0][0x0][0x0][0x0][0x0][0x0][0x0][0x11][0x0][0x0][0x0][0x0][0x0][0x0][0x0][0x0][0x0][0x0][0x0][0x0][0x0]&quot;6[0x5][0x0]javax/help/event/PK[0x1][0x2][0x14][0x0][0x14][0x0][0x8][0x0][0x8][0x0][0xd4]|D5[0xab][0x18][0xa2]&gt;[0xa9][0x0][0x0][0x0][0xf8][0x0][0x0][0x0]/[0x0][0x0][0x0][0x0][0x0][0x0][0x0][0x0][0x0][0x0][0x0][0x0][0x0]Q6[0x5][0x0]javax/help/event/HelpHistoryModelListener.classPK[0x1][0x2][0x14][0x0][0x14][0x0][0x8][0x0][0x8][0x0][0xd4]|D59[0xf7]B@[0xa1][0x0][0x0][0x0][0xde][0x0][0x0][0x0]([0x0][0x0][0x0][0x0][0x0][0x0][0x0][0x0][0x0][0x0][0x0][0x0][0x0]W7[0x5][0x0]javax/help/event/HelpModelListener.classPK[0x1][0x2][0x14][0x0][0x14][0x0][0x8][0x0][0x8][0x0][0xd4]|D5[0x8d]3[0x98]%;[0x1][0x0][0x0][0xdd][0x1][0x0][0x0],[0x0][0x0][0x0][0x0][0x0][0x0][0x0][0x0]&quot;
2013-02-06 13:51:57,573 AAD-WS DEBUG wire:63 - &gt;&gt; &quot;[0x0][0x0][0x0][0x0][0x0]N8[0x5][0x0]javax/help/event/HelpHistoryModelEvent.classPK[0x1][0x2][0x14][0x0][0x14][0x0][0x8][0x0][0x8][0x0][0xd4]|D5[0x9c][0x90]%[0xff][0xed][0x2][0x0][0x0][0x10][0x6][0x0][0x0]%[0x0][0x0][0x0][0x0][0x0][0x0][0x0][0x0][0x0][0x0][0x0][0x0][0x0][0xe3]9[0x5][0x0]javax/help/event/HelpModelEvent.classPK[0x1][0x2][0x14][0x0][0x14][0x0][0x8][0x0][0x8][0x0][0xd4]|D5[0x97]d/[0xe0][0xf6][0x5][0x0][0x0]1[0xb][0x0][0x0]([0x0][0x0][0x0][0x0][0x0][0x0][0x0][0x0][0x0][0x0][0x0][0x0][0x0]#=[0x5][0x0]javax/help/event/EventListenerList.classPK[0x1][0x2][0x14][0x0][0x14][0x0][0x8][0x0][0x8][0x0][0xd4]|D5[0x97]P[0x9b]V[0xad][0x0][0x0][0x0][0xf4][0x0][0x0][0x0]&amp;[0x0][0x0][0x0][0x0][0x0][0x0][0x0][0x0][0x0][0x0][0x0][0x0][0x0]oC[0x5][0x0]javax/help/event/HelpSetListener.classPK[0x1][0x2][0x14][0x0][0x14][0x0][0x8][0x0][0x8][0x0][0xd4]|D5[0xa9][0xe4][0xca]C[0xb7][0x2][0x0][0x0][0xe5][0x4][0x0][0x0]#[0x0][0x0][0x0][0x0][0x0][0x0][0x0][0x0][0x0][0x0][0x0][0x0][0x0]pD[0x5][0x0]javax/help/event/HelpSetEvent.classPK[0x1][0x2][0x14][0x0][0x14][0x0][0x8][0x0][0x8][0x0][0xd4]|D5[0x9b]d[0xff]T[0xac][0x0][0x0][0x0][0xf2][0x0][0x0][0x0],[0x0][0x0][0x0][0x0][0x0][0x0][0x0][0x0][0x0][0x0][0x0][0x0][0x0]xG[0x5][0x0]javax/help/event/TextHelpModelListener.classPK[0x1][0x2][0x14][0x0][0x14][0x0][0x8][0x0][0x8][0x0][0xd4]|D5[0xf6][0xf6][0xfb][0x17][0xc2][0x0][0x0][0x0][0xff][0x0][0x0][0x0])[0x0][0x0][0x0][0x0][0x0][0x0][0x0][0x0][0x0][0x0][0x0][0x0][0x0]~H[0x5][0x0]javax/help/event/TextHelpModelEvent.classPK[0x1][0x2][0x14][0x0][0x14][0x0][0x8][0x0][0x8][0x0][0xd4]|D5sn[0xf3][0xb7]P[0x1][0x0][0x0][0x83][0x2][0x0][0x0]![0x0][0x0][0x0][0x0][0x0][0x0][0x0][0x0][0x0][0x0][0x0][0x0][0x0][0x97]I[0x5][0x0]javax/help/HelpHistoryModel.classPK[0x1][0x2][0x14][0x0][0x14][0x0][0x8][0x0][0x8][0x0][0xd4]|D5[0xc2][0xd5][0xe4]Nh[0xb][0x0][0x0]a[0x18][0x0][0x0].[0x0][0x0][0x0][0x0][0x0][0x0][0x0][0x0][0x0][0x0][0x0][0x0][0x0]6K[0x5][0x0]javax/help/HelpSet$DefaultHelpSetFactory.classPK[0x1][0x2][0x14][0x0][0x14][0x0][0x8][0x0][0x8][0x0][0xd4]|D5[0xba][0xfb]Z|[0xf3][0x6][0x0][0x0][0xf1][\r][0x0][0x0]%[0x0][0x0][0x0][0x0][0x0][0x0][0x0][0x0][0x0][0x0][0x0][0x0][0x0][0xfa]V[0x5][0x0]javax/help/HelpSet$Presentation.classPK[0x1][0x2][0x14][0x0][0x14][0x0][0x8][0x0][0x8][0x0][0xd4]|D5[0xf5][0xb4][0xfc][0x99]i[0x15][0x0][0x0]J+[0x0][0x0]&amp;[0x0][0x0][0x0][0x0][0x0][0x0][0x0][0x0][0x0][0x0][0x0][0x0][0x0]@^[0x5][0x0]javax/help/HelpSet$HelpSetParser.classPK[0x1][0x2][0x14][0x0][0x14][0x0][0x8][0x0][0x8][0x0][0xd4]|D5[0xa6][0xcc]0:#[0x14][0x0][0x0][0x1f].[0x0][0x0][0x18][0x0][0x0][0x0][0x0][0x0][0x0][0x0][0x0][0x0][0x0][0x0][0x0][0x0][0xfd]s[0x5][0x0]javax/help/HelpSet.classPK[0x1][0x2][0x14][0x0][0x14][0x0][0x8][0x0][0x8][0x0][0xd4]|D5[0xc0]RM[0xe6]:[0x1][0x0][0x0][0xe4][0x1][0x0][0x0]*[0x0][0x0][0x0][0x0][0x0][0x0][0x0][0x0][0x0][0x0][0x0][0x0][0x0]f[0x88][0x5][0x0]javax/help/HelpSetFactory$HelpAction.classPK[0x1][0x2][0x14][0x0][0x14][0x0][0x8][0x0][0x8][0x0][0xd4]|D5s&amp;[0xca][0xe][0xc9][0x1][0x0][0x0]d[0x4][0x0][0x0][0x1f][0x0][0x0][0x0][0x0][0x0][0x0][0x0][0x0][0x0][0x0][0x0][0x0][0x0][0xf8][0x89][0x5][0x0]javax/help/HelpSetFactory.classPK[0x1][0x2][0x14][0x0][0x14][0x0][0x8][0x0][0x8][0x0][0xd4]|D5[0xaf][0xe8][0xb7]9[0xa1][0x1][0x0][0x0][0x96][0x3][0x0][0x0][0x1a][0x0][0x0][0x0][0x0][0x0][0x0][0x0][0x0][0x0][0x0][0x0][0x0][0x0][0xe][0x8c][0x5][0x0]javax/help/HelpModel.classPK[0x1][0x2][0x14][0x0][0x14][0x0][0x8][0x0][0x8][0x0][0xd4]|D5[0x15]:[0x5][0xe1][0xba][0x0][0x0][0x0][0xf3][0x0][0x0][0x0]![0x0][0x0][0x0][0x0][0x0][0x0][0x0][0x0][0x0][0x0][0x0][0x0][0x0][0xf7][0x8d][0x5][0x0]javax/help/HelpSetException.classPK[0x1][0x2][0x14][0x0][0x14][0x0][0x8][0x0][0x8][0x0][0xd4]|D5[0xd6][0xe3][0x10][0xc6][0x15][0x3][0x0][0x0]b[0x8][0x0][0x0][0x1b][0x0][0x0][0x0][0x0][0x0][0x0][0x0][0x0][0x0][0x0][0x0][0x0][0x0][0x0][0x8f][0x5][0x0]javax/help/HelpBroker.classPK[0x1][0x2][0x14][0x0][0x14][0x0][0x8][0x0][0x8][0x0][0xd4]|D5[0x9c][0xaf][0xe2][0x2][0x86][0x3][0x0][0x0][0xee][0x6][0x0][0x0][0x17][0x0][0x0][0x0][0x0][0x0][0x0][0x0][0x0][0x0][0x0][0x0][0x0][0x0]^[0x92][0x5][0x0]javax/help/Map$ID.classPK[0x1][0x2][0x14][0x0][0x14][0x0][0x8][0x0][0x8][0x0][0xd4]|D5S[0xf]imG[0x1][0x0][0x0]7[0x2][0x0][0x0][0x14][0x0][0x0][0x0][0x0][0x0][0x0][0x0][0x0][0x0][0x0][0x0][0x0][0x0])[0x96][0x5][0x0]javax/help/Map.classPK[0x1][0x2][0x14][0x0][0x14][0x0][0x8][0x0][0x8][0x0][0xd4]|D5l[0xd4][0xaa]&gt;[0xe][0x6][0x0][0x0][0x8a][\r][0x0][0x0][0x1e][0x0][0x0][0x0][0x0][0x0][0x0][0x0][0x0][0x0][0x0][0x0][0x0][0x0][0xb2][0x97][0x5][0x0]javax/help/NavigatorView.classPK[0x1][0x2][0x14][0x0][0x14][0x0][0x8][0x0][0x8][0x0][0xd4]|D5[0xde]i[0xe2][0x12]+[0x2][0x0][0x0][0x98][0x3][0x0][0x0]&amp;[0x0][0x0][0x0][0x0][0x0][0x0][0x0][0x0][0x0][0x0][0x0][0x0][0x0][0xc][0x9e][0x5][0x0]javax/help/TryMap$TryEnumeration.classPK[0x1][0x2][0x14][0x0][0x14][0x0][0x8][0x0][0x8][0x0][0xd4]|D5[0xa0]-[0xc4]z[0x93][0x5][0x0][0x0][0xf2][\n]&quot;
2013-02-06 13:51:57,574 AAD-WS DEBUG wire:63 - &gt;&gt; &quot;[0x0][0x0][0x17][0x0][0x0][0x0][0x0][0x0][0x0][0x0][0x0][0x0][0x0][0x0][0x0][0x0][0x8b][0xa0][0x5][0x0]javax/help/TryMap.classPK[0x1][0x2][0x14][0x0][0x14][0x0][0x8][0x0][0x8][0x0][0xd4]|D5[0x8][0xcf]z[0xa0]8[0x1][0x0][0x0]4[0x2][0x0][0x0]/[0x0][0x0][0x0][0x0][0x0][0x0][0x0][0x0][0x0][0x0][0x0][0x0][0x0]c[0xa6][0x5][0x0]javax/help/InvalidHelpSetContextException.classPK[0x1][0x2][0x14][0x0][0x14][0x0][0x8][0x0][0x8][0x0][0xd4]|D5a[0xa6][0xc8][0x9e]s[0x1][0x0][0x0][0xef][0x2][0x0][0x0]8[0x0][0x0][0x0][0x0][0x0][0x0][0x0][0x0][0x0][0x0][0x0][0x0][0x0][0xf8][0xa7][0x5][0x0]javax/help/JHelpNavigator$AccessibleJHelpNavigator.classPK[0x1][0x2][0x14][0x0][0x14][0x0][0x8][0x0][0x8][0x0][0xd4]|D5[0xfe]}[0x8d][0xc][0x1d][0x7][0x0][0x0][0xe9][0xf][0x0][0x0][0x1f][0x0][0x0][0x0][0x0][0x0][0x0][0x0][0x0][0x0][0x0][0x0][0x0][0x0][0xd1][0xa9][0x5][0x0]javax/help/JHelpNavigator.classPK[0x1][0x2][0x14][0x0][0x14][0x0][0x8][0x0][0x8][0x0][0xd4]|D5[0xbb]a*&apos;[0xed][0x0][0x0][0x0]S[0x1][0x0][0x0].[0x0][0x0][0x0][0x0][0x0][0x0][0x0][0x0][0x0][0x0][0x0][0x0][0x0];[0xb1][0x5][0x0]javax/help/UnsupportedOperationException.classPK[0x1][0x2][0x14][0x0][0x14][0x0][0x8][0x0][0x8][0x0][0xd4]|D5![0xcc][0xb4][0xb8]v[0x1][0x0][0x0][0xd1][0x2][0x0][0x0][0x1f][0x0][0x0][0x0][0x0][0x0][0x0][0x0][0x0][0x0][0x0][0x0][0x0][0x0][0x84][0xb2][0x5][0x0]javax/help/BadIDException.classPK[0x1][0x2][0x14][0x0][0x14][0x0][0x8][0x0][0x8][0x0][0xd4]|D5[0x90]W[0x87][0xd0][0x8][0x2][0x0][0x0]s[0x4][0x0][0x0].[0x0][0x0][0x0][0x0][0x0][0x0][0x0][0x0][0x0][0x0][0x0][0x0][0x0]G[0xb4][0x5][0x0]javax/help/InvalidNavigatorViewException.classPK[0x1][0x2][0x14][0x0][0x14][0x0][0x8][0x0][0x8][0x0][0xd4]|D5[0x9b][0xec]?[0xce][0x1f][0x5][0x0][0x0]n[0xb][0x0][0x0][0x19][0x0][0x0][0x0][0x0][0x0][0x0][0x0][0x0][0x0][0x0][0x0][0x0][0x0][0xab][0xb6][0x5][0x0]javax/help/TreeItem.classPK[0x1][0x2][0x14][0x0][0x14][0x0][0x8][0x0][0x8][0x0][0xd4]|D5W)[0xbf][0xe4]n[0x1][0x0][0x0][0xb0][0x2][0x0][0x0]&amp;[0x0][0x0][0x0][0x0][0x0][0x0][0x0][0x0][0x0][0x0][0x0][0x0][0x0][0x11][0xbc][0x5][0x0]javax/help/JHelp$AccessibleJHelp.classPK[0x1][0x2][0x14][0x0][0x14][0x0][0x8][0x0][0x8][0x0][0xd4]|D5o[0xab][0xf1][0xf0][0x7][0x11][0x0][0x0]=%[0x0][0x0][0x16][0x0][0x0][0x0][0x0][0x0][0x0][0x0][0x0][0x0][0x0][0x0][0x0][0x0][0xd3][0xbd][0x5][0x0]javax/help/JHelp.classPK[0x1][0x2][0x14][0x0][0x14][0x0][0x8][0x0][0x8][0x0][0xd4]|D5[0xc8][0x8f][0x83][0xbe][0xb5][0x0][0x0][0x0][0xff][0x0][0x0][0x0]([0x0][0x0][0x0][0x0][0x0][0x0][0x0][0x0][0x0][0x0][0x0][0x0][0x0][0x1e][0xcf][0x5][0x0]javax/help/TextHelpModel$Highlight.classPK[0x1][0x2][0x14][0x0][0x14][0x0][0x8][0x0][0x8][0x0][0xd4]|D5[0xce]y[0xca][0x82]:[0x1][0x0][0x0][0x89][0x2][0x0][0x0][0x1e][0x0][0x0][0x0][0x0][0x0][0x0][0x0][0x0][0x0][0x0][0x0][0x0][0x0])[0xd0][0x5][0x0]javax/help/TextHelpModel.classPK[0x1][0x2][0x14][0x0][0x14][0x0][0x8][0x0][0x8][0x0][0xd4]|D5c[0xc2][0xb0][0xc6]w[0x1][0x0][0x0][0xb][0x3][0x0][0x0]@[0x0][0x0][0x0][0x0][0x0][0x0][0x0][0x0][0x0][0x0][0x0][0x0][0x0][0xaf][0xd1][0x5][0x0]javax/help/JHelpContentViewer$AccessibleJHelpContentViewer.classPK[0x1][0x2][0x14][0x0][0x14][0x0][0x8][0x0][0x8][0x0][0xd4]|D5[0xf7]b[0xcc][0xf6][0x3][\n]&quot;
2013-02-06 13:51:57,574 AAD-WS DEBUG wire:77 - &gt;&gt; &quot;[0x0][0x0][0xec][0x15][0x0][0x0]#[0x0][0x0][0x0][0x0][0x0][0x0][0x0][0x0][0x0][0x0][0x0][0x0][0x0][0x94][0xd3][0x5][0x0]javax/help/JHelpContentViewer.classPK[0x1][0x2][0x14][0x0][0x14][0x0][0x8][0x0][0x8][0x0][0xd4]|D5`[0xd5]sT[0xb3][0x1][0x0][0x0][0xad][0x2][0x0][0x0])[0x0][0x0][0x0][0x0][0x0][0x0][0x0][0x0][0x0][0x0][0x0][0x0][0x0][0xe8][0xdd][0x5][0x0]javax/help/HelpUtilities$LocalePair.classPK[0x1][0x2][0x14][0x0][0x14][0x0][0x8][0x0][0x8][0x0][0xd4]|D5r[0xe5]~[0xae][0x12][0x13][0x0][0x0][0xa3]&amp;[0x0][0x0][0x1e][0x0][0x0][0x0][0x0][0x0][0x0][0x0][0x0][0x0][0x0][0x0][0x0][0x0][0xf2][0xdf][0x5][0x0]javax/help/HelpUtilities.classPK[0x1][0x2][0x14][0x0][0x14][0x0][0x8][0x0][0x8][0x0][0xd4]|D5[0xff][0xd6]r/[0xfc][0x1][0x0][0x0]q[0x3][0x0][0x0]([0x0][0x0][0x0][0x0][0x0][0x0][0x0][0x0][0x0][0x0][0x0][0x0][0x0]P[0xf3][0x5][0x0]javax/help/FlatMap$FlatEnumeration.classPK[0x1][0x2][0x14][0x0][0x14][0x0][0x8][0x0][0x8][0x0][0xd4]|D5[0xb][0xb5][0xa7] [0x89][0x9][0x0][0x0]v[0x12][0x0][0x0].[0x0][0x0][0x0][0x0][0x0][0x0][0x0][0x0][0x0][0x0][0x0][0x0][0x0][0xa2][0xf5][0x5][0x0]javax/help/FlatMap$FlatMapResourceBundle.classPK[0x1][0x2][0x14][0x0][0x14][0x0][0x8][0x0][0x8][0x0][0xd4]|D5[0xbe]e[0x94][0xfe]j[0x7][0x0][0x0][0xde][0xe][0x0][0x0][0x18][0x0][0x0][0x0][0x0][0x0][0x0][0x0][0x0][0x0][0x0][0x0][0x0][0x0][0x87][0xff][0x5][0x0]javax/help/FlatMap.classPK[0x1][0x2][0x14][0x0][0x14][0x0][0x8][0x0][0x8][0x0][0xd4]|D5q[0xff][0x81][0x17][0xcc][0x1][0x0][0x0][0xe5][0x2][0x0][0x0]2[0x0][0x0][0x0][0x0][0x0][0x0][0x0][0x0][0x0][0x0][0x0][0x0][0x0]7[0x7][0x6][0x0]javax/help/DefaultHelpModel$DefaultHighlight.classPK[0x1][0x2][0x14][0x0][0x14][0x0][0x8][0x0][0x8][0x0][0xd4]|D5eo[0x89]&amp;[0xa1][\r][0x0][0x0][0xe4][0x1d][0x0][0x0]![0x0][0x0][0x0][0x0][0x0][0x0][0x0][0x0][0x0][0x0][0x0][0x0][0x0]c[0x9][0x6][0x0]javax/help/DefaultHelpModel.classPK[0x1][0x2][0x14][0x0][0x14][0x0][0x8][0x0][0x8][0x0][0xd4]|D5[0xa8][0xbe]5rz[0x1][0x0][0x0]|[0x2][0x0][0x0]%[0x0][0x0][0x0][0x0][0x0][0x0][0x0][0x0][0x0][0x0][0x0][0x0][0x0]S[0x17][0x6][0x0]javax/help/SwingHelpUtilities$1.classPK[0x1][0x2][0x14][0x0][0x14][0x0][0x8][0x0][0x8][0x0][0xd4]|D5[0xe0][0xb6][0xb4][[0xdd][0x0][0x0][0x0]&lt;[0x1][0x0][0x0] [0x0][0x0][0x0][0x0][0x0][0x0][0x0][0x0][0x0][0x0][0x0][0x0][0x0] [0x19][0x6][0x0]javax/help/SeparatorAction.classPK[0x1][0x2][0x14][0x0][0x14][0x0][0x8][0x0][0x8][0x0][0xd4]|D50[0x8d]I9y[0x1][0x0][0x0]y[0x2][0x0][0x0]%[0x0][0x0][0x0][0x0][0x0][0x0][0x0][0x0][0x0][0x0][0x0][0x0][0x0]K[0x1a][0x6][0x0]javax/help/SwingHelpUtilities$2.classPK[0x1][0x2][0x14][0x0][0x14][0x0][0x8][0x0][0x8][0x0][0xd4]|D5[0xa2][0x1f][0x5][0x1c]x[0x1][0x0][0x0]x[0x2][0x0][0x0]%[0x0][0x0][0x0][0x0][0x0][0x0][0x0][0x0][0x0][0x0][0x0][0x0][0x0][0x17][0x1c][0x6][0x0]javax/help/SwingHelpUtilities$3.classPK[0x1][0x2][0x14][0x0][0x14][0x0][0x8][0x0][0x8][0x0][0xd4]|D5[0xb7][0xcd][0xf3]w[0x1][0x0][0x0]u[0x2][0x0][0x0]%[0x0][0x0][0x0][0x0][0x0][0x0][0x0][0x0][0x0][0x0][0x0][0x0][0x0][0xe2][0x1d][0x6][0x0]javax/help/SwingHelpUtilities$4.classPK[0x1][0x2][0x14][0x0][0x14][0x0][0x8][0x0][0x8][0x0][0xd4]|D5[0xce][0xa9]H1[0xe2][0x1][0x0][0x0]`[0x3][0x0][0x0]%[0x0][0x0][0x0][0x0][0x0][0x0][0x0][0x0][0x0][0x0][0x0][0x0][0x0][0xac][0x1f][0x6][0x0]javax/help/SwingHelpUtilities$5.classPK[0x1][0x2][0x14][0x0][0x14][0x0][0x8][0x0][0x8][0x0][0xd4]|D5[G[0xb2][0xfb][0xe7][0x1][0x0][0x0]f[0x3][0x0][0x0]%[0x0][0x0][0x0][0x0][0x0][0x0][0x0][0x0][0x0][0x0][0x0][0x0][0x0][0xe1]![0x6][0x0]javax/help/SwingHelpUtilities$6.classPK[0x1][0x2][0x14][0x0][0x14][0x0][0x8][0x0][0x8][0x0][0xd4]|D5[0xb9]H180[0xf][0x0][0x0]Z![0x0][0x0]#[0x0][0x0][0x0][0x0][0x0][0x0][0x0][0x0][0x0][0x0][0x0][0x0][0x0][0x1b]$[0x6][0x0]javax/help/SwingHelpUtilities.classPK[0x1][0x2][0x14][0x0][0x14][0x0][0x8][0x0][0x8][0x0][0xd4]|D5Y[0xee]3&quot;
2013-02-06 13:51:57,575 AAD-WS DEBUG wire:63 - &gt;&gt; &quot;[\r][0x19][\r][0x0][0x0][0x84][0x1b][0x0][0x0]([0x0][0x0][0x0][0x0][0x0][0x0][0x0][0x0][0x0][0x0][0x0][0x0][0x0][0x9c]3[0x6][0x0]javax/help/DefaultHelpHistoryModel.classPK[0x1][0x2][0x14][0x0][0x14][0x0][0x8][0x0][0x8][0x0][0xd4]|D5[0xfc]T[0xd2][0xa0][0xc9][0x2][0x0][0x0][0xfa][0x5][0x0][0x0]([0x0][0x0][0x0][0x0][0x0][0x0][0x0][0x0][0x0][0x0][0x0][0x0][0x0][0xb]A[0x6][0x0]javax/help/JHelpFavoritesNavigator.classPK[0x1][0x2][0x14][0x0][0x14][0x0][0x8][0x0][0x8][0x0][0xd4]|D5;[0xff][0x15][0x1b][0xdf][0x1][0x0][0x0]F[0x3][0x0][0x0]+[0x0][0x0][0x0][0x0][0x0][0x0][0x0][0x0][0x0][0x0][0x0][0x0][0x0]*D[0x6][0x0]javax/help/ForwardAction$TimeListener.classPK[0x1][0x2][0x14][0x0][0x14][0x0][0x8][0x0][0x8][0x0][0xd4]|D5_[0x88][0xaf][0xfa][0xca][0x1][0x0][0x0][0x12][0x3][0x0][0x0]4[0x0][0x0][0x0][0x0][0x0][0x0][0x0][0x0][0x0][0x0][0x0][0x0][0x0]bF[0x6][0x0]javax/help/ForwardAction$HistoryActionListener.classPK[0x1][0x2][0x14][0x0][0x14][0x0][0x8][0x0][0x8][0x0][0xd4]|D5[0xf6][0x97]?[0x11][0xa6][0x7][0x0][0x0][0x17][0x10][0x0][0x0][0x1e][0x0][0x0][0x0][0x0][0x0][0x0][0x0][0x0][0x0][0x0][0x0][0x0][0x0][0x8e]H[0x6][0x0]javax/help/ForwardAction.classPK[0x1][0x2][0x14][0x0][0x14][0x0][0x8][0x0][0x8][0x0][0xd4]|D5[0x84][0x1f][0xfc]$[0xc][0x5][0x0][0x0][0xb4][0x9][0x0][0x0][0x1c][0x0][0x0][0x0][0x0][0x0][0x0][0x0][0x0][0x0][0x0][0x0][0x0][0x0][0x80]P[0x6][0x0]javax/help/PrintAction.classPK[0x1][0x2][0x14][0x0][0x14][0x0][0x8][0x0][0x8][0x0][0xd4]|D5m[0xf2][0xa5][0x0]8[0x4][0x0][0x0][0x8c][0x8][0x0][0x0]![0x0][0x0][0x0][0x0][0x0][0x0][0x0][0x0][0x0][0x0][0x0][0x0][0x0][0xd6]U[0x6][0x0]javax/help/PrintSetupAction.classPK[0x1][0x2][0x14][0x0][0x14][0x0][0x8][0x0][0x8][0x0][0xd4]|D5[0xb0][0xa3]eU[0x3][0x4][0x0][0x0][0x8d][0x7][0x0][0x0] [0x0][0x0][0x0][0x0][0x0][0x0][0x0][0x0][0x0][0x0][0x0][0x0][0x0]]Z[0x6][0x0]javax/help/FavoritesAction.classPK[0x1][0x2][0x14][0x0][0x14][0x0][0x8][0x0][0x8][0x0][0xd4]|D5[0x1][0x3][0x96][0xea]~[0x6][0x0][0x0]p[0xc][0x0][0x0]6[0x0][0x0][0x0][0x0][0x0][0x0][0x0][0x0][0x0][0x0][0x0][0x0][0x0][0xae]^[0x6][0x0]javax/help/FavoritesView$DefaultFavoritesFactory.classPK[0x1][0x2][0x14][0x0][0x14][0x0][0x8][0x0][0x8][0x0][0xd4]|D5[0x4]7[0xfd][0xa9][0xbb][\n]&quot;
2013-02-06 13:51:57,575 AAD-WS DEBUG wire:63 - &gt;&gt; &quot;[0x0][0x0][0xd8][0x14][0x0][0x0].[0x0][0x0][0x0][0x0][0x0][0x0][0x0][0x0][0x0][0x0][0x0][0x0][0x0][0x90]e[0x6][0x0]javax/help/FavoritesView$FavoritesParser.classPK[0x1][0x2][0x14][0x0][0x14][0x0][0x8][0x0][0x8][0x0][0xd4]|D5&gt;[0xb2]T[0xe5][0x1f][0x8][0x0][0x0]E[0x10][0x0][0x0][0x1e][0x0][0x0][0x0][0x0][0x0][0x0][0x0][0x0][0x0][0x0][0x0][0x0][0x0][0xa7]p[0x6][0x0]javax/help/FavoritesView.classPK[0x1][0x2][0x14][0x0][0x14][0x0][0x8][0x0][0x8][0x0][0xd4]|D5[0xcb][0xe5][0xc4][0xf][0x85][0x8][0x0][0x0][\r][0x10][0x0][0x0][0x1e][0x0][0x0][0x0][0x0][0x0][0x0][0x0][0x0][0x0][0x0][0x0][0x0][0x0][0x12]y[0x6][0x0]javax/help/FavoritesNode.classPK[0x1][0x2][0x14][0x0][0x14][0x0][0x8][0x0][0x8][0x0][0xd4]|D5[0x96][0x81][0xd5][0x4][0x9b][0x6][0x0][0x0][0x8c][0xe][0x0][0x0][0x1e][0x0][0x0][0x0][0x0][0x0][0x0][0x0][0x0][0x0][0x0][0x0][0x0][0x0][0xe3][0x81][0x6][0x0]javax/help/FavoritesItem.classPK[0x1][0x2][0x14][0x0][0x14][0x0][0x8][0x0][0x8][0x0][0xd4]|D5[0xde]z[0x8e][0xf0]R[0x1][0x0][0x0][0xbe][0x2][0x0][0x0] [0x0][0x0][0x0][0x0][0x0][0x0][0x0][0x0][0x0][0x0][0x0][0x0][0x0][0xca][0x88][0x6][0x0]javax/help/TreeItemFactory.classPK[0x1][0x2][0x14][0x0][0x14][0x0][0x8][0x0][0x8][0x0][0xd4]|D5[0xea][0x11]&lt;[0xc8][0x9e][0x3][0x0][0x0][0xda][0x6][0x0][0x0][0x1b][0x0][0x0][0x0][0x0][0x0][0x0][0x0][0x0][0x0][0x0][0x0][0x0][0x0]j[0x8a][0x6][0x0]javax/help/HomeAction.classPK[0x1][0x2][0x14][0x0][0x14][0x0][0x8][0x0][0x8][0x0][0xd4]|D5QZ[0xaa][0x9][0x16][0x3][0x0][0x0][0xd5][0x5][0x0][0x0][0x1d][0x0][0x0][0x0][0x0][0x0][0x0][0x0][0x0][0x0][0x0][0x0][0x0][0x0]Q[0x8e][0x6][0x0]javax/help/ReloadAction.classPK[0x1][0x2][0x14][0x0][0x14][0x0][0x8][0x0][0x8][0x0][0xd4]|D5D[0xd5]?[0xd3][0xc0][0x3][0x0][0x0]~[0x7][0x0][0x0][0x1c][0x0][0x0][0x0][0x0][0x0][0x0][0x0][0x0][0x0][0x0][0x0][0x0][0x0][0xb2][0x91][0x6][0x0]javax/help/AppendMerge.classPK[0x1][0x2][0x14][0x0][0x14][0x0][0x8][0x0][0x8][0x0][0xd4]|D5[0xcf]Zz:[0xe8][0x3][0x0][0x0]#[0x7][0x0][0x0]*[0x0][0x0][0x0][0x0][0x0][0x0][0x0][0x0][0x0][0x0][0x0][0x0][0x0][0xbc][0x95][0x6][0x0]javax/help/Merge$DefaultMergeFactory.classPK[0x1][0x2][0x14][0x0][0x14][0x0][0x8][0x0][0x8][0x0][0xd4]|D5C[0x87]Z[0x98][0xa6][0x3][0x0][0x0]1[0x7][0x0][0x0][0x16][0x0][0x0][0x0][0x0][0x0][0x0][0x0][0x0][0x0][0x0][0x0][0x0][0x0][0xfc][0x99][0x6][0x0]javax/help/Merge.classPK[0x1][0x2][0x14][0x0][0x14][0x0][0x8][0x0][0x8][0x0][0xd4]|D5v[0x8c][0xd2][0x88][0x8e][0x7][0x0][0x0]`[0xe][0x0][0x0]*[0x0][0x0][0x0][0x0][0x0][0x0][0x0][0x0][0x0][0x0][0x0][0x0][0x0][0xe6][0x9d][0x6][0x0]javax/help/TOCView$DefaultTOCFactory.classPK[0x1][0x2][0x14][0x0][0x14][0x0][0x8][0x0][0x8][0x0][0xd4]|D5[0xfe][0x1a][0x7][0xfa]q[0xb][0x0][0x0][0xb][0x16][0x0][0x0]&quot;[0x0][0x0][0x0][0x0][0x0][0x0][0x0][0x0][0x0][0x0][0x0][0x0][0x0][0xcc][0xa5][0x6][0x0]javax/help/TOCView$TOCParser.classPK[0x1][0x2][0x14][0x0][0x14][0x0][0x8][0x0][0x8][0x0][0xd4]|D5[0xdf][0x85]6[\n]&quot;
2013-02-06 13:51:57,576 AAD-WS DEBUG wire:63 - &gt;&gt; &quot;1[0x8][0x0][0x0]2[0x12][0x0][0x0][0x18][0x0][0x0][0x0][0x0][0x0][0x0][0x0][0x0][0x0][0x0][0x0][0x0][0x0][0x8d][0xb1][0x6][0x0]javax/help/TOCView.classPK[0x1][0x2][0x14][0x0][0x14][0x0][0x8][0x0][0x8][0x0][0xd4]|D5[0x8b]*[0x13][0xfe]\[0x7][0x0][0x0][0x1d][0xe][0x0][0x0].[0x0][0x0][0x0][0x0][0x0][0x0][0x0][0x0][0x0][0x0][0x0][0x0][0x0][0x4][0xba][0x6][0x0]javax/help/IndexView$DefaultIndexFactory.classPK[0x1][0x2][\n]&quot;
2013-02-06 13:51:57,576 AAD-WS DEBUG wire:63 - &gt;&gt; &quot;[0x0][\n]&quot;
2013-02-06 13:51:57,577 AAD-WS DEBUG wire:63 - &gt;&gt; &quot;[0x0][0x0][0x0][0x0][0x0][0xd4]|D5[0x0][0x0][0x0][0x0][0x0][0x0][0x0][0x0][0x0][0x0][0x0][0x0][0x12][0x0][0x0][0x0][0x0][0x0][0x0][0x0][0x0][0x0][0x0][0x0][0x0][0x0][0xbc][0xc1][0x6][0x0]javax/help/search/PK[0x1][0x2][0x14][0x0][0x14][0x0][0x8][0x0][0x8][0x0][0xd4]|D5-[0x9e][0x1a][0x9f][[0x6][0x0][0x0]2[0xc][0x0][0x0]&gt;[0x0][0x0][0x0][0x0][0x0][0x0][0x0][0x0][0x0][0x0][0x0][0x0][0x0][0xec][0xc1][0x6][0x0]javax/help/search/MergingSearchEngine$MergingSearchQuery.classPK[0x1][0x2][0x14][0x0][0x14][0x0][0x8][0x0][0x8][0x0][0xd4]|D5[0xa4]f[0xe7]K[0xb8][0x8][0x0][0x0][0xfa][0x11][0x0][0x0]+[0x0][0x0][0x0][0x0][0x0][0x0][0x0][0x0][0x0][0x0][0x0][0x0][0x0][0xb3][0xc8][0x6][0x0]javax/help/search/MergingSearchEngine.classPK[0x1][0x2][0x14][0x0][0x14][0x0][0x8][0x0][0x8][0x0][0xd4]|D5[0xbe][0xe4]u[0xfe][0xba][0x1][0x0][0x0][0xc0][0x2][0x0][0x0]$[0x0][0x0][0x0][0x0][0x0][0x0][0x0][0x0][0x0][0x0][0x0][0x0][0x0][0xc4][0xd1][0x6][0x0]javax/help/search/SearchEngine.classPK[0x1][0x2][0x14][0x0][0x14][0x0][0x8][0x0][0x8][0x0][0xd4]|D5&quot;[0x81][0xc8][0xa0][0xfd][0x6][0x0][0x0][0x90][0xe][0x0][0x0]#[0x0][0x0][0x0][0x0][0x0][0x0][0x0][0x0][0x0][0x0][0x0][0x0][0x0][0xd0][0xd3][0x6][0x0]javax/help/search/SearchQuery.classPK[0x1][0x2][0x14][0x0][0x14][0x0][0x8][0x0][0x8][0x0][0xd4]|D5[0xdc][0x1d])S[0xb8][0x0][0x0][0x0][0x9][0x1][0x0][0x0]&amp;[0x0][0x0][0x0][0x0][0x0][0x0][0x0][0x0][0x0][0x0][0x0][0x0][0x0][0x1e][0xdb][0x6][0x0]javax/help/search/SearchListener.classPK[0x1][0x2][0x14][0x0][0x14][0x0][0x8][0x0][0x8][0x0][0xd4]|D5[0xb9][0xa5][0x14][0xfe]&lt;[0x2][0x0][0x0][0x11][0x4][0x0][0x0]#[0x0][0x0][0x0][0x0][0x0][0x0][0x0][0x0][0x0][0x0][0x0][0x0][0x0]*[0xdc][0x6][0x0]javax/help/search/SearchEvent.classPK[0x1][0x2][0x14][0x0][0x14][0x0][0x8][0x0][0x8][0x0][0xd4]|D5[0x2][0xa0][0xe1]&apos;&apos;[0x4][0x0][0x0]@[0x8][0x0][0x0]&quot;[0x0][0x0][0x0][0x0][0x0][0x0][0x0][0x0][0x0][0x0][0x0][0x0][0x0][0xb7][0xde][0x6][0x0]javax/help/search/SearchItem.classPK[0x1][0x2][0x14][0x0][0x14][0x0][0x8][0x0][0x8][0x0][0xd4]|D5R9[0x8a][0xe7][0x15][\n]&quot;
2013-02-06 13:51:57,577 AAD-WS DEBUG wire:63 - &gt;&gt; &quot;[0x0][0x0][0x1a][0x11][0x0][0x0]&quot;[0x0][0x0][0x0][0x0][0x0][0x0][0x0][0x0][0x0][0x0][0x0][0x0][0x0].[0xe3][0x6][0x0]javax/help/search/ConfigFile.classPK[0x1][0x2][0x14][0x0][0x14][0x0][0x8][0x0][0x8][0x0][0xd4]|D5[0xc8]Cc[\r][0xe4][0x2][0x0][0x0][0x1a][0x5][0x0][0x0]$[0x0][0x0][0x0][0x0][0x0][0x0][0x0][0x0][0x0][0x0][0x0][0x0][0x0][0x93][0xed][0x6][0x0]javax/help/search/IndexBuilder.classPK[0x1][0x2][0x14][0x0][0x14][0x0][0x8][0x0][0x8][0x0][0xd4]|D5[0xde][0x10][0xc5]+[0x0][0x4][0x0][0x0][0x9][0x8][0x0][0x0]&quot;[0x0][0x0][0x0][0x0][0x0][0x0][0x0][0x0][0x0][0x0][0x0][0x0][0x0][0xc9][0xf0][0x6][0x0]javax/help/search/IndexerKit.classPK[0x1][0x2][0x14][0x0][0x14][0x0][0x8][0x0][0x8][0x0][0xd4]|D5[0x1c][0xd3][0xf1][0xd5][0xd1][\n]&quot;
2013-02-06 13:51:57,578 AAD-WS DEBUG wire:77 - &gt;&gt; &quot;[0x0][0x0][0x1][0x15][0x0][0x0]&amp;[0x0][0x0][0x0][0x0][0x0][0x0][0x0][0x0][0x0][0x0][0x0][0x0][0x0][0x19][0xf5][0x6][0x0]javax/help/IndexView$IndexParser.classPK[0x1][0x2][0x14][0x0][0x14][0x0][0x8][0x0][0x8][0x0][0xd4]|D5[0xb4]p[0xf7]_[0xb6][0x6][0x0][0x0][0x8][0xe][0x0][0x0][0x1a][0x0][0x0][0x0][0x0][0x0][0x0][0x0][0x0][0x0][0x0][0x0][0x0][0x0]&gt;[0x0][0x7][0x0]javax/help/IndexView.classPK[0x1][0x2][0x14][0x0][0x14][0x0][0x8][0x0][0x8][0x0][0xd4]|D5[0xb5][0xcb][0x96][0xec][0xd9][0x8][0x0][0x0][0xd8][0x12][0x0][0x0]#[0x0][0x0][0x0][0x0][0x0][0x0][0x0][0x0][0x0][0x0][0x0][0x0][0x0]&lt;[0x7][0x7][0x0]javax/help/MergeHelpUtilities.classPK[0x1][0x2][0x14][0x0][0x14][0x0][0x8][0x0][0x8][0x0][0xd4]|D5c[0x91][0xd3][0xf][0xbe][0x3][0x0][0x0][0xe9][0x7][0x0][0x0]&quot;[0x0][0x0][0x0][0x0][0x0][0x0][0x0][0x0][0x0][0x0][0x0][0x0][0x0]f[0x10][0x7][0x0]javax/help/JHelpTOCNavigator.classPK[0x1][0x2][0x14][0x0][0x14][0x0][0x8][0x0][0x8][0x0][0xd4]|D5[0x9b][0x8a]&lt;:[0xbc][0x1][0x0][0x0][0x97][0x3][0x0][0x0][0x18][0x0][0x0][0x0][0x0][0x0][0x0][0x0][0x0][0x0][0x0][0x0][0x0][0x0]t[0x14][0x7][0x0]javax/help/TOCItem.classPK[0x1][0x2][0x14][0x0][0x14][0x0][0x8][0x0][0x8][0x0][0xd4]|D5[0xa1][0x4](H[0xa1][0x3][0x0][0x0][0xb9][0x7][0x0][0x0]$[0x0][0x0][0x0][0x0][0x0][0x0][0x0][0x0][0x0][0x0][0x0][0x0][0x0]v[0x16][0x7][0x0]javax/help/JHelpIndexNavigator.classPK[0x1][0x2][0x14][0x0][0x14][0x0][0x8][0x0][0x8][0x0][0xd4]|D5[0x1b][0x92][0x85][0xc3]c[0x1][0x0][0x0]l[0x2][0x0][0x0][0x1a][0x0][0x0][0x0][0x0][0x0][0x0][0x0][0x0][0x0][0x0][0x0][0x0][0x0]i[0x1a][0x7][0x0]javax/help/IndexItem.classPK[0x1][0x2][0x14][0x0][0x14][0x0][0x8][0x0][0x8][0x0][0xd4]|D5[0xb3][0x19][0xab][0xca]h[0x1][0x0][0x0]L[0x2][0x0][0x0][0x16][0x0][0x0][0x0][0x0][0x0][0x0][0x0][0x0][0x0][0x0][0x0][0x0][0x0][0x14][0x1c][0x7][0x0]javax/help/CSH$1.classPK[0x1][0x2][0x14][0x0][0x14][0x0][0x8][0x0][0x8][0x0][0xd4]|D5&amp;h[0xd2]ZB[0x4][0x0][0x0]][0x8][0x0][0x0])[0x0][0x0][0x0][0x0][0x0][0x0][0x0][0x0][0x0][0x0][0x0][0x0][0x0][0xc0][0x1d][0x7][0x0]javax/help/CSH$DisplayHelpFromFocus.classPK[0x1][0x2][0x14][0x0][0x14][0x0][0x8][0x0][0x8][0x0][0xd4]|D5&amp;[0x7]=[0x8e][0xb8][0x9][0x0][0x0][0x84][0x12][0x0][0x0]-[0x0][0x0][0x0][0x0][0x0][0x0][0x0][0x0][0x0][0x0][0x0][0x0][0x0]Y&quot;[0x7][0x0]javax/help/CSH$DisplayHelpAfterTracking.classPK[0x1][0x2][0x14][0x0][0x14][0x0][0x8][0x0][0x8][0x0][0xd4]|D5=[0xbd]~ [0x89][0x3][0x0][0x0][0xe5][0x6][0x0][0x0]*[0x0][0x0][0x0][0x0][0x0][0x0][0x0][0x0][0x0][0x0][0x0][0x0][0x0]l,[0x7][0x0]javax/help/CSH$DisplayHelpFromSource.classPK[0x1][0x2][0x14][0x0][0x14][0x0][0x8][0x0][0x8][0x0][0xd4]|D5[0xf2][0x86][0xc0][0x90][0xd0][0x0][0x0][0x0]P[0x1][0x0][0x0][0x1c][0x0][0x0][0x0][0x0][0x0][0x0][0x0][0x0][0x0][0x0][0x0][0x0][0x0]M0[0x7][0x0]javax/help/CSH$Manager.classPK[0x1][0x2][0x14][0x0][0x14][0x0][0x8][0x0][0x8][0x0][0xd4]|D5[0x9a],P&amp;[0xff][0x1e][0x0][0x0]SB[0x0][0x0][0x14][0x0][0x0][0x0][0x0][0x0][0x0][0x0][0x0][0x0][0x0][0x0][0x0][0x0]g1[0x7][0x0]javax/help/CSH.classPK[0x1][0x2][0x14][0x0][0x14][0x0][0x8][0x0][0x8][0x0][0xd4]|D5[0x81][0xed][0xf9])4[0x6][0x0][0x0][0xc0][0xc][0x0][0x0][0x1d][0x0][0x0][0x0][0x0][0x0][0x0][0x0][0x0][0x0][0x0][0x0][0x0][0x0][0xa8]P[0x7][0x0]javax/help/Presentation.classPK[0x1][0x2][0x14][0x0][0x14][0x0][0x8][0x0][0x8][0x0][0xd4]|D5E[0xc][0xf][0xe2][0xd6][0xf][0x0][0x0]F%[0x0][0x0]&quot;[0x0][0x0][0x0][0x0][0x0][0x0][0x0][0x0][0x0][0x0][0x0][0x0][0x0]&apos;W[0x7][0x0]javax/help/DefaultHelpBroker.classPK[0x1][0x2][0x14][0x0][0x14][0x0][0x8][0x0][0x8][0x0][0xd4]|D5[0xbe]#[0xd3][\r][0xd0][0x1][0x0][0x0]m[0x3][0x0][0x0][0x1b][0x0][0x0][0x0][0x0][0x0][0x0][0x0][0x0][0x0][0x0][0x0][0x0][0x0]Mg[0x7][0x0]javax/help/MainWindow.classPK[0x1][0x2][0x14][0x0][0x14][0x0][0x8][0x0][0x8][0x0][0xd4]|D5[0x8e][0xc5][0xf6][0x96][0x3][0x16][0x0][0x0]-[0x0][0x0][0x16][0x0][0x0][0x0][0x0][0x0][0x0][0x0][0x0][0x0][0x0][0x0][0x0][0x0]fi[0x7][0x0]javax/help/Popup.classPK[0x1][0x2][0x14][0x0][0x14][0x0][0x8][0x0][0x8][0x0][0xd4]|D5[0xb6][0xcc][0x8f]\[0xb8]&quot;
2013-02-06 13:51:57,578 AAD-WS DEBUG wire:63 - &gt;&gt; &quot;[0x2][0x0][0x0]f[0x5][0x0][0x0]%[0x0][0x0][0x0][0x0][0x0][0x0][0x0][0x0][0x0][0x0][0x0][0x0][0x0][0xad][0x7][0x0]javax/help/WindowPresentation$1.classPK[0x1][0x2][0x14][0x0][0x14][0x0][0x8][0x0][0x8][0x0][0xd4]|D5[0xd3][0x8e][0xc0]q[0xdd][0x1][0x0][0x0]l[0x3][0x0][0x0]%[0x0][0x0][0x0][0x0][0x0][0x0][0x0][0x0][0x0][0x0][0x0][0x0][0x0][0xb8][0x82][0x7][0x0]javax/help/WindowPresentation$2.classPK[0x1][0x2][0x14][0x0][0x14][0x0][0x8][0x0][0x8][0x0][0xd4]|D5[0x97][0xd4][0x9e][0xc3][0x83][0x2][0x0][0x0]S[0x5][0x0][0x0]@[0x0][0x0][0x0][0x0][0x0][0x0][0x0][0x0][0x0][0x0][0x0][0x0][0x0][0xe8][0x84][0x7][0x0]javax/help/WindowPresentation$WindowPropertyChangeListener.classPK[0x1][0x2][0x14][0x0][0x14][0x0][0x8][0x0][0x8][0x0][0xd4]|D5[0xa6][0x85]&amp;3&amp;[0x1b][0x0][0x0][0x9c]7[0x0][0x0]#[0x0][0x0][0x0][0x0][0x0][0x0][0x0][0x0][0x0][0x0][0x0][0x0][0x0][0xd9][0x87][0x7][0x0]javax/help/WindowPresentation.classPK[0x1][0x2][0x14][0x0][0x14][0x0][0x8][0x0][0x8][0x0][0xd4]|D5[0xb6][0xc7][0xac][0xe7][0xe9][0x1][0x0][0x0][0xcf][0x3][0x0][0x0])[0x0][0x0][0x0][0x0][0x0][0x0][0x0][0x0][0x0][0x0][0x0][0x0][0x0]P[0xa3][0x7][0x0]javax/help/Popup$PopupWindowAdapter.classPK[0x1][0x2][0x14][0x0][0x14][0x0][0x8][0x0][0x8][0x0][0xd4]|D5[0x93][0xc9]0[0x93][0x80][0x1][0x0][0x0][0x94][0x2][0x0][0x0]([0x0][0x0][0x0][0x0][0x0][0x0][0x0][0x0][0x0][0x0][0x0][0x0][0x0][0x90][0xa5][0x7][0x0]javax/help/Popup$PopupMouseAdapter.classPK[0x1][0x2][0x14][0x0][0x14][0x0][0x8][0x0][0x8][0x0][0xd4]|D5[0xb6][0xb8]\[0x9d][0x8d][0x1][0x0][0x0][0xbe][0x2][0x0][0x0].[0x0][0x0][0x0][0x0][0x0][0x0][0x0][0x0][0x0][0x0][0x0][0x0][0x0]f[0xa7][0x7][0x0]javax/help/Popup$PopupMouseWheelListener.classPK[0x1][0x2][0x14][0x0][0x14][0x0][0x8][0x0][0x8][0x0][0xd4]|D5[0x9][0x19]H[0x1][0xac][0x1][0x0][0x0]j[0x3][0x0][0x0],[0x0][0x0][0x0][0x0][0x0][0x0][0x0][0x0][0x0][0x0][0x0][0x0][0x0]O[0xa9][0x7][0x0]javax/help/Popup$PopupComponentAdapter.classPK[0x1][0x2][0x14][0x0][0x14][0x0][0x8][0x0][0x8][0x0][0xd4]|D5Xo[0xa6][0xdb][0xa8][0x1][0x0][0x0][0xd0][0x2][0x0][0x0]&amp;[0x0][0x0][0x0][0x0][0x0][0x0][0x0][0x0][0x0][0x0][0x0][0x0][0x0]U[0xab][0x7][0x0]javax/help/Popup$PopupKeyAdapter.classPK[0x1][0x2][0x14][0x0][0x14][0x0][0x8][0x0][0x8][0x0][0xd4]|D5[0xa8]+WI}[0x0][0x0][0x0][0xa0][0x0][0x0][0x0][0x18][0x0][0x0][0x0][0x0][0x0][0x0][0x0][0x0][0x0][0x0][0x0][0x0][0x0]Q[0xad][0x7][0x0]javax/help/Popup$1.classPK[0x1][0x2][0x14][0x0][0x14][0x0][0x8][0x0][0x8][0x0][0xd4]|D5[0xf6][0xb2]1[0x8f]u[0x1][0x0][0x0][0xe5][0x2][0x0][0x0][0x1b][0x0][0x0][0x0][0x0][0x0][0x0][0x0][0x0][0x0][0x0][0x0][0x0][0x0][0x14][0xae][0x7][0x0]javax/help/SearchView.classPK[0x1][0x2][0x14][0x0][0x14][0x0][0x8][0x0][0x8][0x0][0xd4]|D56p[0x98][0xdb][0xb4][0x4][0x0][0x0]q[\n]&quot;
2013-02-06 13:51:57,579 AAD-WS DEBUG wire:63 - &gt;&gt; &quot;[0x0][0x0]%[0x0][0x0][0x0][0x0][0x0][0x0][0x0][0x0][0x0][0x0][0x0][0x0][0x0][0xd2][0xaf][0x7][0x0]javax/help/JHelpSearchNavigator.classPK[0x1][0x2][0x14][0x0][0x14][0x0][0x8][0x0][0x8][0x0][0xd4]|D5[0xb]N[0x81][0x97]z[0x1][0x0][0x0][0xe7][0x2][0x0][0x0][0x1d][0x0][0x0][0x0][0x0][0x0][0x0][0x0][0x0][0x0][0x0][0x0][0x0][0x0][0xd9][0xb4][0x7][0x0]javax/help/GlossaryView.classPK[0x1][0x2][\n]&quot;
2013-02-06 13:51:57,579 AAD-WS DEBUG wire:63 - &gt;&gt; &quot;[0x0][\n]&quot;
2013-02-06 13:51:57,579 AAD-WS DEBUG wire:63 - &gt;&gt; &quot;[0x0][0x0][0x0][0x0][0x0][0xd4]|D5[0x0][0x0][0x0][0x0][0x0][0x0][0x0][0x0][0x0][0x0][0x0][0x0][0x15][0x0][0x0][0x0][0x0][0x0][0x0][0x0][0x0][0x0][0x0][0x0][0x0][0x0][0x9e][0xb6][0x7][0x0]javax/help/resources/PK[0x1][0x2][0x14][0x0][0x14][0x0][0x8][0x0][0x8][0x0][0xd4]|D5\[0x15][0x15][0xc][0x10][0x7][0x0][0x0]Q[0xf][0x0][0x0]$[0x0][0x0][0x0][0x0][0x0][0x0][0x0][0x0][0x0][0x0][0x0][0x0][0x0][0xd1][0xb6][0x7][0x0]javax/help/resources/Constants.classPK[0x1][0x2][0x14][0x0][0x14][0x0][0x8][0x0][0x8][0x0][0xd4]|D5/j[0x90][0xe5][0x11][0x8][0x0][0x0]t[0x11][0x0][0x0]&apos;[0x0][0x0][0x0][0x0][0x0][0x0][0x0][0x0][0x0][0x0][0x0][0x0][0x0]3[0xbe][0x7][0x0]javax/help/resources/Constants_ar.classPK[0x1][0x2][0x14][0x0][0x14][0x0][0x8][0x0][0x8][0x0][0xd4]|D5&apos;Jb[0xbd][0xc5][0x7][0x0][0x0][0xd4][0xf][0x0][0x0]&apos;[0x0][0x0][0x0][0x0][0x0][0x0][0x0][0x0][0x0][0x0][0x0][0x0][0x0][0x99][0xc6][0x7][0x0]javax/help/resources/Constants_cs.classPK[0x1][0x2][0x14][0x0][0x14][0x0][0x8][0x0][0x8][0x0][0xd4]|D5n[0xf5]`[\r][0x9f][0x7][0x0][0x0]K[0x10][0x0][0x0]&apos;[0x0][0x0][0x0][0x0][0x0][0x0][0x0][0x0][0x0][0x0][0x0][0x0][0x0][0xb3][0xce][0x7][0x0]javax/help/resources/Constants_es.classPK[0x1][0x2][0x14][0x0][0x14][0x0][0x8][0x0][0x8][0x0][0xd4]|D5[0x8b][0x19]/[0xc1][0x83][0x7][0x0][0x0][0x9a][0xf][0x0][0x0]&apos;[0x0][0x0][0x0][0x0][0x0][0x0][0x0][0x0][0x0][0x0][0x0][0x0][0x0][0xa7][0xd6][0x7][0x0]javax/help/resources/Constants_de.classPK[0x1][0x2][0x14][0x0][0x14][0x0][0x8][0x0][0x8][0x0][0xd4]|D5[0xb7][0xfc][0x1c][0xc8][0xab][0x7][0x0][0x0][0x4][0x10][0x0][0x0]&apos;[0x0][0x0][0x0][0x0][0x0][0x0][0x0][0x0][0x0][0x0][0x0][0x0][0x0][0xde][0x7][0x0]javax/help/resources/Constants_fr.classPK[0x1][0x2][0x14][0x0][0x14][0x0][0x8][0x0][0x8][0x0][0xd4]|D5+[0x84][0x8a][0xbf][0x11][0x8][0x0][0x0][0xeb][0x11][0x0][0x0]&apos;[0x0][0x0][0x0][0x0][0x0][0x0][0x0][0x0][0x0][0x0][0x0][0x0][0x0][0xe6][0x7][0x0]javax/help/resources/Constants_he.classPK[0x1][0x2][0x14][0x0][0x14][0x0][0x8][0x0][0x8][0x0][0xd4]|D5[0xaf]\[0x9f]iQ[0x7][0x0][0x0]d[0xe][0x0][0x0]&apos;[0x0][0x0][0x0][0x0][0x0][0x0][0x0][0x0][0x0][0x0][0x0][0x0][0x0][0xe5][0xee][0x7][0x0]javax/help/resources/Constants_ja.classPK[0x1][0x2][0x14][0x0][0x14][0x0][0x8][0x0][0x8][0x0][0xd4]|D5[0xb1]6[0xdb]Y[0x1f][0x8][0x0][0x0][0x90][0x11][0x0][0x0]&apos;[0x0][0x0][0x0][0x0][0x0][0x0][0x0][0x0][0x0][0x0][0x0][0x0][0x0][0x8b][0xf6][0x7][0x0]javax/help/resources/Constants_ru.classPK[0x1][0x2][0x14][0x0][0x14][0x0][0x8][0x0][0x8][0x0][0xd4]|D5[0xdf][0x8a][0xee][0xe2][0x96][0x7][0x0][0x0]A[0xf][0x0][0x0]&apos;[0x0][0x0][0x0][0x0][0x0][0x0][0x0][0x0][0x0][0x0][0x0][0x0][0x0][0xff][0xfe][0x7][0x0]javax/help/resources/Constants_zh.classPK[0x1][0x2][0x14][0x0][0x14][0x0][0x8][0x0][0x8][0x0][0xd4]|D5[0x11][0xc3]u[0x8d][0xba][0x7][0x0][0x0][0x99][0xf][0x0][0x0]&apos;[0x0][0x0][0x0][0x0][0x0][0x0][0x0][0x0][0x0][0x0][0x0][0x0][0x0][0xea][0x6][0x8][0x0]javax/help/resources/Constants_sk.classPK[0x1][0x2][0x14][0x0][0x14][0x0][0x8][0x0][0x8][0x0][0xd4]|D5[0xf5]Z[0xb9][0xf9][0x9e][0x7][0x0][0x0][0xc1][0xf][0x0][0x0]&apos;[0x0][0x0][0x0][0x0][0x0][0x0][0x0][0x0][0x0][0x0][0x0][0x0][0x0][0xf9][0xe][0x8][0x0]javax/help/resources/Constants_pl.classPK[0x1][0x2][0x14][0x0][0x14][0x0][0x8][0x0][0x8][0x0][0xd4]|D5[0xd2][0xc2][0x4][0x80][0x1][0x2][0x0][0x0][[0x4][0x0][0x0]&apos;[0x0][0x0][0x0][0x0][0x0][0x0][0x0][0x0][0x0][0x0][0x0][0x0][0x0][0xec][0x16][0x8][0x0]javax/help/JHelpGlossaryNavigator.classPK[0x1][0x2][0x14][0x0][0x14][0x0][0x8][0x0][0x8][0x0][0xd4]|D5&apos;K[0xf5][0xdc][0x85][0x7][0x0][0x0][0xc9][0xf][0x0][0x0][0x1a][0x0][0x0][0x0][0x0][0x0][0x0][0x0][0x0][0x0][0x0][0x0][0x0][0x0]B[0x19][0x8][0x0]javax/help/SortMerge.classPK[0x1][0x2][0x14][0x0][0x14][0x0][0x8][0x0][0x8][0x0][0xd4]|D5[0x9f]?[0xf4][0xbf][0xde][0x4][0x0][0x0][0x8b][\n]&quot;
2013-02-06 13:51:57,580 AAD-WS DEBUG wire:63 - &gt;&gt; &quot;[0x0][0x0]![0x0][0x0][0x0][0x0][0x0][0x0][0x0][0x0][0x0][0x0][0x0][0x0][0x0][0xf]![0x8][0x0]javax/help/UniteAppendMerge.classPK[0x1][0x2][0x14][0x0][0x14][0x0][0x8][0x0][0x8][0x0][0xd4]|D5[0x90][0xbc][0xdf][0xa6][0x80][0x2][0x0][0x0][0xf7][0x4][0x0][0x0][0x18][0x0][0x0][0x0][0x0][0x0][0x0][0x0][0x0][0x0][0x0][0x0][0x0][0x0]&lt;&amp;[0x8][0x0]javax/help/NoMerge.classPK[0x1][0x2][0x14][0x0][0x14][0x0][0x8][0x0][0x8][0x0][0xd4]|D5U[0x9d][0xb7][0x90][0xd7][0x3][0x0][0x0]w[0x7][0x0][0x0] [0x0][0x0][0x0][0x0][0x0][0x0][0x0][0x0][0x0][0x0][0x0][0x0][0x0][0x2])[0x8][0x0]javax/help/SecondaryWindow.classPK[0x1][0x2][0x14][0x0][0x14][0x0][0x8][0x0][0x8][0x0][0xd4]|D5&apos;N[0x95][0xc5][0x96][0x2][0x0][0x0]N[0x4][0x0][0x0] [0x0][0x0][0x0][0x0][0x0][0x0][0x0][0x0][0x0][0x0][0x0][0x0][0x0]&apos;-[0x8][0x0]javax/help/SearchTOCItem$1.classPK[0x1][0x2][0x14][0x0][0x14][0x0][0x8][0x0][0x8][0x0][0xd4]|D5v[0x97]0L[0xbd][0x4][0x0][0x0]E[0x9][0x0][0x0][0x1e][0x0][0x0][0x0][0x0][0x0][0x0][0x0][0x0][0x0][0x0][0x0][0x0][0x0][0xb]0[0x8][0x0]javax/help/SearchTOCItem.classPK[0x1][0x2][0x14][0x0][0x14][0x0][0x8][0x0][0x8][0x0][0xd4]|D5[0xc9][0xad]&gt;[0xf]J[0x1][0x0][0x0][0xfe][0x1][0x0][0x0][0x1a][0x0][0x0][0x0][0x0][0x0][0x0][0x0][0x0][0x0][0x0][0x0][0x0][0x0][0x14]5[0x8][0x0]javax/help/SearchHit.classPK[0x1][0x2][0x14][0x0][0x14][0x0][0x8][0x0][0x8][0x0][0xd4]|D5T[0xe3]4[0xcd]m[0x7][0x0][0x0][0xd8][0x12][0x0][0x0]&quot;[0x0][0x0][0x0][0x0][0x0][0x0][0x0][0x0][0x0][0x0][0x0][0x0][0x0][0xa6]6[0x8][0x0]javax/help/ServletHelpBroker.classPK[0x1][0x2][\n]&quot;
2013-02-06 13:51:57,580 AAD-WS DEBUG wire:63 - &gt;&gt; &quot;[0x0][\n]&quot;
2013-02-06 13:51:57,581 AAD-WS DEBUG wire:63 - &gt;&gt; &quot;[0x0][0x0][0x0][0x0][0x0][0xd4]|D5[0x0][0x0][0x0][0x0][0x0][0x0][0x0][0x0][0x0][0x0][0x0][0x0][0x12][0x0][0x0][0x0][0x0][0x0][0x0][0x0][0x0][0x0][0x0][0x0][0x0][0x0]c&gt;[0x8][0x0]javax/help/tagext/PK[0x1][0x2][0x14][0x0][0x14][0x0][0x8][0x0][0x8][0x0][0xd4]|D5[0xc9][0x95][0xfa]3[0xaa][0x1][0x0][0x0][0xe0][0x2][0x0][0x0]$[0x0][0x0][0x0][0x0][0x0][0x0][0x0][0x0][0x0][0x0][0x0][0x0][0x0][0x93]&gt;[0x8][0x0]javax/help/tagext/IndexItemTEI.classPK[0x1][0x2][0x14][0x0][0x14][0x0][0x8][0x0][0x8][0x0][0xd4]|D5[0x95]5[0x83][0xcc][0xb6][0x9][0x0][0x0]v[0x13][0x0][0x0]$[0x0][0x0][0x0][0x0][0x0][0x0][0x0][0x0][0x0][0x0][0x0][0x0][0x0][0x8f]@[0x8][0x0]javax/help/tagext/IndexItemTag.classPK[0x1][0x2][0x14][0x0][0x14][0x0][0x8][0x0][0x8][0x0][0xd4]|D5rn[0xa3][0xda][0x8e][0x1][0x0][0x0][0x9e][0x2][0x0][0x0]%[0x0][0x0][0x0][0x0][0x0][0x0][0x0][0x0][0x0][0x0][0x0][0x0][0x0][0x97]J[0x8][0x0]javax/help/tagext/NavigatorsTEI.classPK[0x1][0x2][0x14][0x0][0x14][0x0][0x8][0x0][0x8][0x0][0xd4]|D5`[0x1][0x8b]f/[0x7][0x0][0x0][0xe7][\r][0x0][0x0]%[0x0][0x0][0x0][0x0][0x0][0x0][0x0][0x0][0x0][0x0][0x0][0x0][0x0]xL[0x8][0x0]javax/help/tagext/NavigatorsTag.classPK[0x1][0x2][0x14][0x0][0x14][0x0][0x8][0x0][0x8][0x0][0xd4]|D5[0xa3]&amp;[0xd5][0xb0][0x97][0x1][0x0][0x0][0xaf][0x2][0x0][0x0]([0x0][0x0][0x0][0x0][0x0][0x0][0x0][0x0][0x0][0x0][0x0][0x0][0x0][0xfa]S[0x8][0x0]javax/help/tagext/SearchTOCItemTEI.classPK[0x1][0x2][0x14][0x0][0x14][0x0][0x8][0x0][0x8][0x0][0xd4]|D5[0x6][0x88]e[0xb0][0xb][0x0][0x0][0xe9][0x16][0x0][0x0]([0x0][0x0][0x0][0x0][0x0][0x0][0x0][0x0][0x0][0x0][0x0][0x0][0x0][0xe7]U[0x8][0x0]javax/help/tagext/SearchTOCItemTag.classPK[0x1][0x2][0x14][0x0][0x14][0x0][0x8][0x0][0x8][0x0][0xd4]|D5&gt;*1X[0xbc][0x1][0x0][0x0][0x1c][0x3][0x0][0x0]&quot;[0x0][0x0][0x0][0x0][0x0][0x0][0x0][0x0][0x0][0x0][0x0][0x0][0x0][0xed]a[0x8][0x0]javax/help/tagext/TOCItemTEI.classPK[0x1][0x2][0x14][0x0][0x14][0x0][0x8][0x0][0x8][0x0][0xd4]|D5[0xc2]-[0xd2][0xe8][0xda][\n]&quot;
2013-02-06 13:51:57,581 AAD-WS DEBUG wire:77 - &gt;&gt; &quot;[0x0][0x0][0x93][0x15][0x0][0x0]&quot;[0x0][0x0][0x0][0x0][0x0][0x0][0x0][0x0][0x0][0x0][0x0][0x0][0x0][0xf9]c[0x8][0x0]javax/help/tagext/TOCItemTag.classPK[0x1][0x2][0x14][0x0][0x14][0x0][0x8][0x0][0x8][0x0][0xd4]|D5[0xf9][0x95][0x1b]/#[0x6][0x0][0x0][0x17][0xc][0x0][0x0]#[0x0][0x0][0x0][0x0][0x0][0x0][0x0][0x0][0x0][0x0][0x0][0x0][0x0]#o[0x8][0x0]javax/help/tagext/ValidateTag.classPK[0x5][0x6][0x0][0x0][0x0][0x0][0x88][0x1][0x88][0x1][0xb2][0x88][0x0][0x0][0x97]u[0x8][0x0][0x0][0x0]&quot;
2013-02-06 13:51:57,582 AAD-WS DEBUG wire:63 - &gt;&gt; &quot;[\r][\n]&quot;
2013-02-06 13:51:57,582 AAD-WS DEBUG wire:77 - &gt;&gt; &quot;--&quot;
2013-02-06 13:51:57,583 AAD-WS DEBUG wire:77 - &gt;&gt; &quot;5nCOd6JbypWHwDrDLJZTTdBHmeQGyktZtFakuz&quot;
2013-02-06 13:51:57,583 AAD-WS DEBUG wire:63 - &gt;&gt; &quot;[\r][\n]&quot;
2013-02-06 13:51:57,583 AAD-WS DEBUG wire:77 - &gt;&gt; &quot;Content-Disposition&quot;
2013-02-06 13:51:57,584 AAD-WS DEBUG wire:77 - &gt;&gt; &quot;: &quot;
2013-02-06 13:51:57,584 AAD-WS DEBUG wire:77 - &gt;&gt; &quot;form-data; name=&quot;name&quot;&quot;
2013-02-06 13:51:57,585 AAD-WS DEBUG wire:63 - &gt;&gt; &quot;[\r][\n]&quot;
2013-02-06 13:51:57,585 AAD-WS DEBUG wire:63 - &gt;&gt; &quot;[\r][\n]&quot;
2013-02-06 13:51:57,585 AAD-WS DEBUG wire:77 - &gt;&gt; &quot;mathsapp1&quot;
2013-02-06 13:51:57,586 AAD-WS DEBUG wire:63 - &gt;&gt; &quot;[\r][\n]&quot;
2013-02-06 13:51:57,586 AAD-WS DEBUG wire:77 - &gt;&gt; &quot;--&quot;
2013-02-06 13:51:57,586 AAD-WS DEBUG wire:77 - &gt;&gt; &quot;5nCOd6JbypWHwDrDLJZTTdBHmeQGyktZtFakuz&quot;
2013-02-06 13:51:57,587 AAD-WS DEBUG wire:63 - &gt;&gt; &quot;[\r][\n]&quot;
2013-02-06 13:51:57,587 AAD-WS DEBUG wire:77 - &gt;&gt; &quot;Content-Disposition&quot;
2013-02-06 13:51:57,587 AAD-WS DEBUG wire:77 - &gt;&gt; &quot;: &quot;
2013-02-06 13:51:57,588 AAD-WS DEBUG wire:77 - &gt;&gt; &quot;form-data; name=&quot;description&quot;&quot;
2013-02-06 13:51:57,588 AAD-WS DEBUG wire:63 - &gt;&gt; &quot;[\r][\n]&quot;
2013-02-06 13:51:57,588 AAD-WS DEBUG wire:63 - &gt;&gt; &quot;[\r][\n]&quot;
2013-02-06 13:51:57,589 AAD-WS DEBUG wire:77 - &gt;&gt; &quot;maths sample app&quot;
2013-02-06 13:51:57,589 AAD-WS DEBUG wire:63 - &gt;&gt; &quot;[\r][\n]&quot;
2013-02-06 13:51:57,589 AAD-WS DEBUG wire:77 - &gt;&gt; &quot;--&quot;
2013-02-06 13:51:57,590 AAD-WS DEBUG wire:77 - &gt;&gt; &quot;5nCOd6JbypWHwDrDLJZTTdBHmeQGyktZtFakuz&quot;
2013-02-06 13:51:57,590 AAD-WS DEBUG wire:63 - &gt;&gt; &quot;[\r][\n]&quot;
2013-02-06 13:51:57,590 AAD-WS DEBUG wire:77 - &gt;&gt; &quot;Content-Disposition&quot;
2013-02-06 13:51:57,591 AAD-WS DEBUG wire:77 - &gt;&gt; &quot;: &quot;
2013-02-06 13:51:57,591 AAD-WS DEBUG wire:77 - &gt;&gt; &quot;form-data; name=&quot;type&quot;&quot;
2013-02-06 13:51:57,592 AAD-WS DEBUG wire:63 - &gt;&gt; &quot;[\r][\n]&quot;
2013-02-06 13:51:57,592 AAD-WS DEBUG wire:63 - &gt;&gt; &quot;[\r][\n]&quot;
2013-02-06 13:51:57,592 AAD-WS DEBUG wire:77 - &gt;&gt; &quot;1&quot;
2013-02-06 13:51:57,593 AAD-WS DEBUG wire:63 - &gt;&gt; &quot;[\r][\n]&quot;
2013-02-06 13:51:57,593 AAD-WS DEBUG wire:77 - &gt;&gt; &quot;--&quot;
2013-02-06 13:51:57,593 AAD-WS DEBUG wire:77 - &gt;&gt; &quot;5nCOd6JbypWHwDrDLJZTTdBHmeQGyktZtFakuz&quot;
2013-02-06 13:51:57,594 AAD-WS DEBUG wire:63 - &gt;&gt; &quot;[\r][\n]&quot;
2013-02-06 13:51:57,594 AAD-WS DEBUG wire:77 - &gt;&gt; &quot;Content-Disposition&quot;
2013-02-06 13:51:57,594 AAD-WS DEBUG wire:77 - &gt;&gt; &quot;: &quot;
2013-02-06 13:51:57,595 AAD-WS DEBUG wire:77 - &gt;&gt; &quot;form-data; name=&quot;category&quot;&quot;
2013-02-06 13:51:57,595 AAD-WS DEBUG wire:63 - &gt;&gt; &quot;[\r][\n]&quot;
2013-02-06 13:51:57,597 AAD-WS DEBUG wire:63 - &gt;&gt; &quot;[\r][\n]&quot;
2013-02-06 13:51:57,597 AAD-WS DEBUG wire:77 - &gt;&gt; &quot;1&quot;
2013-02-06 13:51:57,598 AAD-WS DEBUG wire:63 - &gt;&gt; &quot;[\r][\n]&quot;
2013-02-06 13:51:57,598 AAD-WS DEBUG wire:77 - &gt;&gt; &quot;--&quot;
2013-02-06 13:51:57,598 AAD-WS DEBUG wire:77 - &gt;&gt; &quot;5nCOd6JbypWHwDrDLJZTTdBHmeQGyktZtFakuz&quot;
2013-02-06 13:51:57,599 AAD-WS DEBUG wire:63 - &gt;&gt; &quot;[\r][\n]&quot;
2013-02-06 13:51:57,599 AAD-WS DEBUG wire:77 - &gt;&gt; &quot;Content-Disposition&quot;
2013-02-06 13:51:57,599 AAD-WS DEBUG wire:77 - &gt;&gt; &quot;: &quot;
2013-02-06 13:51:57,600 AAD-WS DEBUG wire:77 - &gt;&gt; &quot;form-data; name=&quot;size&quot;&quot;
2013-02-06 13:51:57,600 AAD-WS DEBUG wire:63 - &gt;&gt; &quot;[\r][\n]&quot;
2013-02-06 13:51:57,600 AAD-WS DEBUG wire:63 - &gt;&gt; &quot;[\r][\n]&quot;
2013-02-06 13:51:57,601 AAD-WS DEBUG wire:77 - &gt;&gt; &quot;500 KB&quot;
2013-02-06 13:51:57,601 AAD-WS DEBUG wire:63 - &gt;&gt; &quot;[\r][\n]&quot;
2013-02-06 13:51:57,601 AAD-WS DEBUG wire:77 - &gt;&gt; &quot;--&quot;
2013-02-06 13:51:57,602 AAD-WS DEBUG wire:77 - &gt;&gt; &quot;5nCOd6JbypWHwDrDLJZTTdBHmeQGyktZtFakuz&quot;
2013-02-06 13:51:57,602 AAD-WS DEBUG wire:77 - &gt;&gt; &quot;--&quot;
2013-02-06 13:51:57,602 AAD-WS DEBUG wire:63 - &gt;&gt; &quot;[\r][\n]&quot;
2013-02-06 13:51:58,097 AAD-WS DEBUG wire:63 - &lt;&lt; &quot;HTTP/1.1 400 Bad Request[\r][\n]&quot;
2013-02-06 13:51:58,097 AAD-WS DEBUG wire:63 - &lt;&lt; &quot;Server: Apache-Coyote/1.1[\r][\n]&quot;
2013-02-06 13:51:58,098 AAD-WS DEBUG wire:63 - &lt;&lt; &quot;Content-Type: application/json[\r][\n]&quot;
2013-02-06 13:51:58,098 AAD-WS DEBUG wire:63 - &lt;&lt; &quot;Transfer-Encoding: chunked[\r][\n]&quot;
2013-02-06 13:51:58,098 AAD-WS DEBUG wire:63 - &lt;&lt; &quot;Date: Wed, 06 Feb 2013 13:51:58 GMT[\r][\n]&quot;
2013-02-06 13:51:58,099 AAD-WS DEBUG wire:63 - &lt;&lt; &quot;Connection: close[\r][\n]&quot;
2013-02-06 13:51:58,099 AAD-WS DEBUG wire:63 - &lt;&lt; &quot;[\r][\n]&quot;
2013-02-06 13:51:58,099 AAD-WS DEBUG DefaultClientConnection:249 - Receiving response: HTTP/1.1 400 Bad Request
2013-02-06 13:51:58,100 AAD-WS DEBUG headers:252 - &lt;&lt; HTTP/1.1 400 Bad Request
2013-02-06 13:51:58,100 AAD-WS DEBUG headers:255 - &lt;&lt; Server: Apache-Coyote/1.1
2013-02-06 13:51:58,100 AAD-WS DEBUG headers:255 - &lt;&lt; Content-Type: application/json
2013-02-06 13:51:58,100 AAD-WS DEBUG headers:255 - &lt;&lt; Transfer-Encoding: chunked
2013-02-06 13:51:58,101 AAD-WS DEBUG headers:255 - &lt;&lt; Date: Wed, 06 Feb 2013 13:51:58 GMT
2013-02-06 13:51:58,101 AAD-WS DEBUG headers:255 - &lt;&lt; Connection: close
2013-02-06 13:51:58,102 AAD-WS DEBUG RequestSpecificationImpl$RestAssuredHttpBuilder:472 - Parsing response as: application/json
2013-02-06 13:51:58,103 AAD-WS DEBUG RequestSpecificationImpl$RestAssuredHttpBuilder:475 - Parsed data to instance of: class org.apache.http.conn.EofSensorInputStream
</system-out>
  </testcase>
</testsuite>